#
# There is insufficient memory for the Java Runtime Environment to continue.
# Native memory allocation (mmap) failed to map 4421824512 bytes for committing reserved memory.
# Possible reasons:
#   The system is out of physical RAM or swap space
# Possible solutions:
#   Reduce memory load on the system
#   Increase physical memory or swap space
#   Check if swap backing store is full
#   Decrease Java heap size (-Xmx/-Xms)
#   Decrease number of Java threads
#   Decrease Java thread stack sizes (-Xss)
#   Set larger code cache with -XX:ReservedCodeCacheSize=
# This output file may be truncated or incomplete.
#
#  Out of Memory Error (os_linux.cpp:2899), pid=5560, tid=5562
#
# JRE version: OpenJDK Runtime Environment (13.0.7+5) (build 13.0.7+5-Ubuntu-0ubuntu120.04)
# Java VM: OpenJDK 64-Bit Server VM (13.0.7+5-Ubuntu-0ubuntu120.04, mixed mode, tiered, serial gc, linux-amd64)
# No core dump will be written. Core dumps have been disabled. To enable core dumping, try "ulimit -c unlimited" before starting Java again
#

---------------  S U M M A R Y ------------

Command Line: -Xmx64g --add-modules=ALL-DEFAULT jdk.compiler/com.sun.tools.javac.launcher.Main /mnt/beegfs/rcabanas/dev/credici/papers/journalEM/code/LearnAndCalculatePNS.java -w -x 200 -m 500 -sc LLratio -th 0.999 -a EMCC --seed 0 --output /mnt/beegfs/rcabanas/dev/credici/papers/journalEM/output/synthetic/s3 /mnt/beegfs/rcabanas/dev/credici/papers/journalEM/models/synthetic/s3/random_mc2_n13_mid3_d1000_05_mr098_r10_186.uai

Host: AMD EPYC 7542 32-Core Processor, 64 cores, 251G, Ubuntu 20.04.4 LTS
Time: Wed Dec 28 21:13:21 2022 CET elapsed time: 6186.760654 seconds (0d 1h 43m 6s)

---------------  T H R E A D  ---------------

Current thread (0x00007fad7c097800):  VMThread "VM Thread" [stack: 0x00007fad80c9b000,0x00007fad80d9b000] [id=5562]

Stack: [0x00007fad80c9b000,0x00007fad80d9b000],  sp=0x00007fad80d99160,  free space=1016k
Native frames: (J=compiled Java code, A=aot compiled Java code, j=interpreted, Vv=VM code, C=native code)
V  [libjvm.so+0xf8f092]
V  [libjvm.so+0xf8fc91]
V  [libjvm.so+0x66ee5a]
V  [libjvm.so+0xc44a41]
V  [libjvm.so+0xc3b263]
V  [libjvm.so+0xf87f4b]
V  [libjvm.so+0x557506]
V  [libjvm.so+0x557723]
V  [libjvm.so+0xf18b0c]
V  [libjvm.so+0x557e65]
V  [libjvm.so+0x7e2edb]
V  [libjvm.so+0x7e39bd]
V  [libjvm.so+0x7d8b48]
V  [libjvm.so+0xf90940]
V  [libjvm.so+0xf96657]
V  [libjvm.so+0xf96d2b]
V  [libjvm.so+0xf9706a]
V  [libjvm.so+0xf2208f]
V  [libjvm.so+0xc493ff]

VM_Operation (0x00007fad81a0b410): GenCollectForAllocation, mode: safepoint, requested by thread 0x00007fad7c018000


---------------  P R O C E S S  ---------------

Threads class SMR info:
_java_thread_list=0x00007fad7c1365e0, length=9, elements={
0x00007fad7c018000, 0x00007fad7c0a3800, 0x00007fad7c0a7000, 0x00007fad7c0cb800,
0x00007fad7c0cd000, 0x00007fad7c0cf000, 0x00007fad7c0d1000, 0x00007fad7c0d3000,
0x00007fad7c135000
}

Java Threads: ( => current thread )
  0x00007fad7c018000 JavaThread "main" [_thread_blocked, id=5561, stack(0x00007fad8190d000,0x00007fad81a0e000)]
  0x00007fad7c0a3800 JavaThread "Reference Handler" daemon [_thread_blocked, id=5563, stack(0x00007fad80b98000,0x00007fad80c99000)]
  0x00007fad7c0a7000 JavaThread "Finalizer" daemon [_thread_blocked, id=5564, stack(0x00007fad80a97000,0x00007fad80b98000)]
  0x00007fad7c0cb800 JavaThread "Signal Dispatcher" daemon [_thread_blocked, id=5565, stack(0x00007fad8095d000,0x00007fad80a5e000)]
  0x00007fad7c0cd000 JavaThread "Service Thread" daemon [_thread_blocked, id=5566, stack(0x00007fad8085c000,0x00007fad8095d000)]
  0x00007fad7c0cf000 JavaThread "C2 CompilerThread0" daemon [_thread_blocked, id=5567, stack(0x00007fad8075b000,0x00007fad8085c000)]
  0x00007fad7c0d1000 JavaThread "C1 CompilerThread0" daemon [_thread_blocked, id=5568, stack(0x00007fad8065a000,0x00007fad8075b000)]
  0x00007fad7c0d3000 JavaThread "Sweeper thread" daemon [_thread_blocked, id=5569, stack(0x00007fad80559000,0x00007fad8065a000)]
  0x00007fad7c135000 JavaThread "Common-Cleaner" daemon [_thread_blocked, id=5570, stack(0x00007fad80458000,0x00007fad80559000)]

Other Threads:
=>0x00007fad7c097800 VMThread "VM Thread" [stack: 0x00007fad80c9b000,0x00007fad80d9b000] [id=5562]
  0x00007fad7c182000 WatcherThread [stack: 0x00007fad80358000,0x00007fad80458000] [id=5571]

Threads with active compile tasks:

VM state:at safepoint (normal execution)

VM Mutex/Monitor currently owned by a thread:  ([mutex/lock_event])
[0x00007fad7c014210] Threads_lock - owner thread: 0x00007fad7c097800
[0x00007fad7c014e10] Heap_lock - owner thread: 0x00007fad7c018000

Heap:
 def new generation   total 2914432K, used 15550K [0x00007f9d64600000, 0x00007f9e2a050000, 0x00007fa2b9b50000)
  eden space 2590656K,   0% used [0x00007f9d64600000, 0x00007f9d6552f870, 0x00007f9e027f0000)
  from space 323776K,   0% used [0x00007f9e027f0000, 0x00007f9e027f0000, 0x00007f9e16420000)
  to   space 323776K,   0% used [0x00007f9e16420000, 0x00007f9e16420000, 0x00007f9e2a050000)
 tenured generation   total 6477280K, used 6477279K [0x00007fa2b9b50000, 0x00007fa4450c8000, 0x00007fad64600000)
   the space 6477280K,  99% used [0x00007fa2b9b50000, 0x00007fa4450c7ee0, 0x00007fa4450c8000, 0x00007fa4450c8000)
 Metaspace       used 24338K, capacity 24772K, committed 24832K, reserved 26624K

Card table byte_map: [0x00007f9d5c5ff000,0x00007f9d64600000] _byte_map_base: 0x00007f5d8dadc000

Polling page: 0x00007fad83399000

Metaspace:

Usage:
   24.19 MB capacity,    23.77 MB ( 98%) used,   339.00 KB (  1%) free+waste,    94.38 KB ( <1%) overhead. 

Virtual space:
     26.00 MB reserved,      24.25 MB ( 93%) committed 

Chunk freelists:
24.00 KB

MaxMetaspaceSize: unlimited


CodeHeap 'non-profiled nmethods': size=120036Kb used=2635Kb max_used=2635Kb free=117400Kb
 bounds [0x00007fad6c251000, 0x00007fad6c4f1000, 0x00007fad7378a000]
CodeHeap 'profiled nmethods': size=120032Kb used=4920Kb max_used=7235Kb free=115111Kb
 bounds [0x00007fad64d19000, 0x00007fad65439000, 0x00007fad6c251000]
CodeHeap 'non-nmethods': size=5692Kb used=1209Kb max_used=1259Kb free=4482Kb
 bounds [0x00007fad6478a000, 0x00007fad649fa000, 0x00007fad64d19000]
 total_blobs=3663 nmethods=3182 adapters=396
 compilation: enabled
              stopped_count=0, restarted_count=0
 full_count=0

Compilation events (20 events):
Event: 4390.391 Thread 0x00007fad7c0d1000 4292       3       ch.idsia.crema.inference.ve.order.MinFillOrdering::loadMoralized (193 bytes)
Event: 4390.394 Thread 0x00007fad7c0d1000 nmethod 4292 0x00007fad65336e10 code [0x00007fad65337200, 0x00007fad65339290]
Event: 4412.434 Thread 0x00007fad7c0d1000 4293       3       ch.idsia.credici.learning.FrequentistCausalEM::run (148 bytes)
Event: 4412.435 Thread 0x00007fad7c0d1000 nmethod 4293 0x00007fad64fedf90 code [0x00007fad64fee260, 0x00007fad64fef0d0]
Event: 4434.700 Thread 0x00007fad7c0cf000 4294 %     4       ch.idsia.credici.utility.DataUtil::unique @ 16 (73 bytes)
Event: 4434.735 Thread 0x00007fad7c0cf000 nmethod 4294% 0x00007fad6c4df510 code [0x00007fad6c4df760, 0x00007fad6c4e0a38]
Event: 4478.814 Thread 0x00007fad7c0d1000 4295       3       ch.idsia.crema.inference.ve.order.MinFillOrdering::triangulate (420 bytes)
Event: 4478.817 Thread 0x00007fad7c0d1000 nmethod 4295 0x00007fad65395290 code [0x00007fad65395820, 0x00007fad653996d0]
Event: 4523.414 Thread 0x00007fad7c0d1000 4296       3       ch.idsia.credici.utility.DataUtil::getCounts (88 bytes)
Event: 4523.416 Thread 0x00007fad7c0d1000 nmethod 4296 0x00007fad652d7890 code [0x00007fad652d7c60, 0x00007fad652d9ab0]
Event: 4611.983 Thread 0x00007fad7c0cf000 4297       4       java.util.Spliterators::spliterator (25 bytes)
Event: 4611.984 Thread 0x00007fad7c0cf000 nmethod 4297 0x00007fad6c409b90 code [0x00007fad6c409d00, 0x00007fad6c409e58]
Event: 4655.553 Thread 0x00007fad7c0cf000 4298       4       java.util.LinkedHashMap::transferLinks (58 bytes)
Event: 4655.554 Thread 0x00007fad7c0cf000 nmethod 4298 0x00007fad6c3e8490 code [0x00007fad6c3e8600, 0x00007fad6c3e86f8]
Event: 4789.359 Thread 0x00007fad7c0cf000 4299       4       ch.idsia.credici.utility.DataUtil::unique (73 bytes)
Event: 4789.392 Thread 0x00007fad7c0cf000 nmethod 4299 0x00007fad6c4e1690 code [0x00007fad6c4e18e0, 0x00007fad6c4e2b38]
Event: 5588.983 Thread 0x00007fad7c0d1000 4300       1       ch.idsia.credici.learning.FrequentistCausalEM::setData (6 bytes)
Event: 5588.983 Thread 0x00007fad7c0d1000 nmethod 4300 0x00007fad6c4e3790 code [0x00007fad6c4e3920, 0x00007fad6c4e39f0]
Event: 5633.747 Thread 0x00007fad7c0d1000 4301       1       ch.idsia.crema.learning.ExpectationMaximization::getIntermediateModels (5 bytes)
Event: 5633.748 Thread 0x00007fad7c0d1000 nmethod 4301 0x00007fad6c4e3a90 code [0x00007fad6c4e3c20, 0x00007fad6c4e3cd0]

GC Heap History (20 events):
Event: 6172.775 GC heap after
{Heap after GC invocations=10696 (full 4):
 def new generation   total 2914432K, used 22803K [0x00007f9d64600000, 0x00007f9e2a050000, 0x00007fa2b9b50000)
  eden space 2590656K,   0% used [0x00007f9d64600000, 0x00007f9d64600000, 0x00007f9e027f0000)
  from space 323776K,   7% used [0x00007f9e16420000, 0x00007f9e17a64fa8, 0x00007f9e2a050000)
  to   space 323776K,   0% used [0x00007f9e027f0000, 0x00007f9e027f0000, 0x00007f9e16420000)
 tenured generation   total 6476320K, used 6462370K [0x00007fa2b9b50000, 0x00007fa444fd8000, 0x00007fad64600000)
   the space 6476320K,  99% used [0x00007fa2b9b50000, 0x00007fa444238948, 0x00007fa444238a00, 0x00007fa444fd8000)
 Metaspace       used 24338K, capacity 24772K, committed 24832K, reserved 26624K
}
Event: 6174.041 GC heap before
{Heap before GC invocations=10696 (full 4):
 def new generation   total 2914432K, used 2613459K [0x00007f9d64600000, 0x00007f9e2a050000, 0x00007fa2b9b50000)
  eden space 2590656K, 100% used [0x00007f9d64600000, 0x00007f9e027f0000, 0x00007f9e027f0000)
  from space 323776K,   7% used [0x00007f9e16420000, 0x00007f9e17a64fa8, 0x00007f9e2a050000)
  to   space 323776K,   0% used [0x00007f9e027f0000, 0x00007f9e027f0000, 0x00007f9e16420000)
 tenured generation   total 6476320K, used 6462370K [0x00007fa2b9b50000, 0x00007fa444fd8000, 0x00007fad64600000)
   the space 6476320K,  99% used [0x00007fa2b9b50000, 0x00007fa444238948, 0x00007fa444238a00, 0x00007fa444fd8000)
 Metaspace       used 24338K, capacity 24772K, committed 24832K, reserved 26624K
}
Event: 6174.050 GC heap after
{Heap after GC invocations=10697 (full 4):
 def new generation   total 2914432K, used 21878K [0x00007f9d64600000, 0x00007f9e2a050000, 0x00007fa2b9b50000)
  eden space 2590656K,   0% used [0x00007f9d64600000, 0x00007f9d64600000, 0x00007f9e027f0000)
  from space 323776K,   6% used [0x00007f9e027f0000, 0x00007f9e03d4dad0, 0x00007f9e16420000)
  to   space 323776K,   0% used [0x00007f9e16420000, 0x00007f9e16420000, 0x00007f9e2a050000)
 tenured generation   total 6476320K, used 6464025K [0x00007fa2b9b50000, 0x00007fa444fd8000, 0x00007fad64600000)
   the space 6476320K,  99% used [0x00007fa2b9b50000, 0x00007fa4443d6558, 0x00007fa4443d6600, 0x00007fa444fd8000)
 Metaspace       used 24338K, capacity 24772K, committed 24832K, reserved 26624K
}
Event: 6175.324 GC heap before
{Heap before GC invocations=10697 (full 4):
 def new generation   total 2914432K, used 2612506K [0x00007f9d64600000, 0x00007f9e2a050000, 0x00007fa2b9b50000)
  eden space 2590656K,  99% used [0x00007f9d64600000, 0x00007f9e027e8f50, 0x00007f9e027f0000)
  from space 323776K,   6% used [0x00007f9e027f0000, 0x00007f9e03d4dad0, 0x00007f9e16420000)
  to   space 323776K,   0% used [0x00007f9e16420000, 0x00007f9e16420000, 0x00007f9e2a050000)
 tenured generation   total 6476320K, used 6464025K [0x00007fa2b9b50000, 0x00007fa444fd8000, 0x00007fad64600000)
   the space 6476320K,  99% used [0x00007fa2b9b50000, 0x00007fa4443d6558, 0x00007fa4443d6600, 0x00007fa444fd8000)
 Metaspace       used 24338K, capacity 24772K, committed 24832K, reserved 26624K
}
Event: 6175.333 GC heap after
{Heap after GC invocations=10698 (full 4):
 def new generation   total 2914432K, used 21052K [0x00007f9d64600000, 0x00007f9e2a050000, 0x00007fa2b9b50000)
  eden space 2590656K,   0% used [0x00007f9d64600000, 0x00007f9d64600000, 0x00007f9e027f0000)
  from space 323776K,   6% used [0x00007f9e16420000, 0x00007f9e178af070, 0x00007f9e2a050000)
  to   space 323776K,   0% used [0x00007f9e027f0000, 0x00007f9e027f0000, 0x00007f9e16420000)
 tenured generation   total 6476320K, used 6465680K [0x00007fa2b9b50000, 0x00007fa444fd8000, 0x00007fad64600000)
   the space 6476320K,  99% used [0x00007fa2b9b50000, 0x00007fa444574168, 0x00007fa444574200, 0x00007fa444fd8000)
 Metaspace       used 24338K, capacity 24772K, committed 24832K, reserved 26624K
}
Event: 6176.598 GC heap before
{Heap before GC invocations=10698 (full 4):
 def new generation   total 2914432K, used 2611708K [0x00007f9d64600000, 0x00007f9e2a050000, 0x00007fa2b9b50000)
  eden space 2590656K, 100% used [0x00007f9d64600000, 0x00007f9e027f0000, 0x00007f9e027f0000)
  from space 323776K,   6% used [0x00007f9e16420000, 0x00007f9e178af070, 0x00007f9e2a050000)
  to   space 323776K,   0% used [0x00007f9e027f0000, 0x00007f9e027f0000, 0x00007f9e16420000)
 tenured generation   total 6476320K, used 6465680K [0x00007fa2b9b50000, 0x00007fa444fd8000, 0x00007fad64600000)
   the space 6476320K,  99% used [0x00007fa2b9b50000, 0x00007fa444574168, 0x00007fa444574200, 0x00007fa444fd8000)
 Metaspace       used 24338K, capacity 24772K, committed 24832K, reserved 26624K
}
Event: 6176.608 GC heap after
{Heap after GC invocations=10699 (full 4):
 def new generation   total 2914432K, used 20183K [0x00007f9d64600000, 0x00007f9e2a050000, 0x00007fa2b9b50000)
  eden space 2590656K,   0% used [0x00007f9d64600000, 0x00007f9d64600000, 0x00007f9e027f0000)
  from space 323776K,   6% used [0x00007f9e027f0000, 0x00007f9e03ba5fe8, 0x00007f9e16420000)
  to   space 323776K,   0% used [0x00007f9e16420000, 0x00007f9e16420000, 0x00007f9e2a050000)
 tenured generation   total 6476320K, used 6467335K [0x00007fa2b9b50000, 0x00007fa444fd8000, 0x00007fad64600000)
   the space 6476320K,  99% used [0x00007fa2b9b50000, 0x00007fa444711d78, 0x00007fa444711e00, 0x00007fa444fd8000)
 Metaspace       used 24338K, capacity 24772K, committed 24832K, reserved 26624K
}
Event: 6177.878 GC heap before
{Heap before GC invocations=10699 (full 4):
 def new generation   total 2914432K, used 2610839K [0x00007f9d64600000, 0x00007f9e2a050000, 0x00007fa2b9b50000)
  eden space 2590656K, 100% used [0x00007f9d64600000, 0x00007f9e027f0000, 0x00007f9e027f0000)
  from space 323776K,   6% used [0x00007f9e027f0000, 0x00007f9e03ba5fe8, 0x00007f9e16420000)
  to   space 323776K,   0% used [0x00007f9e16420000, 0x00007f9e16420000, 0x00007f9e2a050000)
 tenured generation   total 6476320K, used 6467335K [0x00007fa2b9b50000, 0x00007fa444fd8000, 0x00007fad64600000)
   the space 6476320K,  99% used [0x00007fa2b9b50000, 0x00007fa444711d78, 0x00007fa444711e00, 0x00007fa444fd8000)
 Metaspace       used 24338K, capacity 24772K, committed 24832K, reserved 26624K
}
Event: 6177.888 GC heap after
{Heap after GC invocations=10700 (full 4):
 def new generation   total 2914432K, used 19335K [0x00007f9d64600000, 0x00007f9e2a050000, 0x00007fa2b9b50000)
  eden space 2590656K,   0% used [0x00007f9d64600000, 0x00007f9d64600000, 0x00007f9e027f0000)
  from space 323776K,   5% used [0x00007f9e16420000, 0x00007f9e17701e28, 0x00007f9e2a050000)
  to   space 323776K,   0% used [0x00007f9e027f0000, 0x00007f9e027f0000, 0x00007f9e16420000)
 tenured generation   total 6476320K, used 6468990K [0x00007fa2b9b50000, 0x00007fa444fd8000, 0x00007fad64600000)
   the space 6476320K,  99% used [0x00007fa2b9b50000, 0x00007fa4448af988, 0x00007fa4448afa00, 0x00007fa444fd8000)
 Metaspace       used 24338K, capacity 24772K, committed 24832K, reserved 26624K
}
Event: 6179.157 GC heap before
{Heap before GC invocations=10700 (full 4):
 def new generation   total 2914432K, used 2609991K [0x00007f9d64600000, 0x00007f9e2a050000, 0x00007fa2b9b50000)
  eden space 2590656K, 100% used [0x00007f9d64600000, 0x00007f9e027f0000, 0x00007f9e027f0000)
  from space 323776K,   5% used [0x00007f9e16420000, 0x00007f9e17701e28, 0x00007f9e2a050000)
  to   space 323776K,   0% used [0x00007f9e027f0000, 0x00007f9e027f0000, 0x00007f9e16420000)
 tenured generation   total 6476320K, used 6468990K [0x00007fa2b9b50000, 0x00007fa444fd8000, 0x00007fad64600000)
   the space 6476320K,  99% used [0x00007fa2b9b50000, 0x00007fa4448af988, 0x00007fa4448afa00, 0x00007fa444fd8000)
 Metaspace       used 24338K, capacity 24772K, committed 24832K, reserved 26624K
}
Event: 6179.167 GC heap after
{Heap after GC invocations=10701 (full 4):
 def new generation   total 2914432K, used 18508K [0x00007f9d64600000, 0x00007f9e2a050000, 0x00007fa2b9b50000)
  eden space 2590656K,   0% used [0x00007f9d64600000, 0x00007f9d64600000, 0x00007f9e027f0000)
  from space 323776K,   5% used [0x00007f9e027f0000, 0x00007f9e03a03000, 0x00007f9e16420000)
  to   space 323776K,   0% used [0x00007f9e16420000, 0x00007f9e16420000, 0x00007f9e2a050000)
 tenured generation   total 6476320K, used 6470645K [0x00007fa2b9b50000, 0x00007fa444fd8000, 0x00007fad64600000)
   the space 6476320K,  99% used [0x00007fa2b9b50000, 0x00007fa444a4d598, 0x00007fa444a4d600, 0x00007fa444fd8000)
 Metaspace       used 24338K, capacity 24772K, committed 24832K, reserved 26624K
}
Event: 6180.440 GC heap before
{Heap before GC invocations=10701 (full 4):
 def new generation   total 2914432K, used 2609164K [0x00007f9d64600000, 0x00007f9e2a050000, 0x00007fa2b9b50000)
  eden space 2590656K, 100% used [0x00007f9d64600000, 0x00007f9e027f0000, 0x00007f9e027f0000)
  from space 323776K,   5% used [0x00007f9e027f0000, 0x00007f9e03a03000, 0x00007f9e16420000)
  to   space 323776K,   0% used [0x00007f9e16420000, 0x00007f9e16420000, 0x00007f9e2a050000)
 tenured generation   total 6476320K, used 6470645K [0x00007fa2b9b50000, 0x00007fa444fd8000, 0x00007fad64600000)
   the space 6476320K,  99% used [0x00007fa2b9b50000, 0x00007fa444a4d598, 0x00007fa444a4d600, 0x00007fa444fd8000)
 Metaspace       used 24338K, capacity 24772K, committed 24832K, reserved 26624K
}
Event: 6180.449 GC heap after
{Heap after GC invocations=10702 (full 4):
 def new generation   total 2914432K, used 17679K [0x00007f9d64600000, 0x00007f9e2a050000, 0x00007fa2b9b50000)
  eden space 2590656K,   0% used [0x00007f9d64600000, 0x00007f9d64600000, 0x00007f9e027f0000)
  from space 323776K,   5% used [0x00007f9e16420000, 0x00007f9e17563dc8, 0x00007f9e2a050000)
  to   space 323776K,   0% used [0x00007f9e027f0000, 0x00007f9e027f0000, 0x00007f9e16420000)
 tenured generation   total 6476320K, used 6472304K [0x00007fa2b9b50000, 0x00007fa444fd8000, 0x00007fad64600000)
   the space 6476320K,  99% used [0x00007fa2b9b50000, 0x00007fa444bec2e8, 0x00007fa444bec400, 0x00007fa444fd8000)
 Metaspace       used 24338K, capacity 24772K, committed 24832K, reserved 26624K
}
Event: 6181.715 GC heap before
{Heap before GC invocations=10702 (full 4):
 def new generation   total 2914432K, used 2608335K [0x00007f9d64600000, 0x00007f9e2a050000, 0x00007fa2b9b50000)
  eden space 2590656K, 100% used [0x00007f9d64600000, 0x00007f9e027f0000, 0x00007f9e027f0000)
  from space 323776K,   5% used [0x00007f9e16420000, 0x00007f9e17563dc8, 0x00007f9e2a050000)
  to   space 323776K,   0% used [0x00007f9e027f0000, 0x00007f9e027f0000, 0x00007f9e16420000)
 tenured generation   total 6476320K, used 6472304K [0x00007fa2b9b50000, 0x00007fa444fd8000, 0x00007fad64600000)
   the space 6476320K,  99% used [0x00007fa2b9b50000, 0x00007fa444bec2e8, 0x00007fa444bec400, 0x00007fa444fd8000)
 Metaspace       used 24338K, capacity 24772K, committed 24832K, reserved 26624K
}
Event: 6181.723 GC heap after
{Heap after GC invocations=10703 (full 4):
 def new generation   total 2914432K, used 16936K [0x00007f9d64600000, 0x00007f9e2a050000, 0x00007fa2b9b50000)
  eden space 2590656K,   0% used [0x00007f9d64600000, 0x00007f9d64600000, 0x00007f9e027f0000)
  from space 323776K,   5% used [0x00007f9e027f0000, 0x00007f9e0387a368, 0x00007f9e16420000)
  to   space 323776K,   0% used [0x00007f9e16420000, 0x00007f9e16420000, 0x00007f9e2a050000)
 tenured generation   total 6476320K, used 6473867K [0x00007fa2b9b50000, 0x00007fa444fd8000, 0x00007fad64600000)
   the space 6476320K,  99% used [0x00007fa2b9b50000, 0x00007fa444d72fc0, 0x00007fa444d73000, 0x00007fa444fd8000)
 Metaspace       used 24338K, capacity 24772K, committed 24832K, reserved 26624K
}
Event: 6182.996 GC heap before
{Heap before GC invocations=10703 (full 4):
 def new generation   total 2914432K, used 2607592K [0x00007f9d64600000, 0x00007f9e2a050000, 0x00007fa2b9b50000)
  eden space 2590656K, 100% used [0x00007f9d64600000, 0x00007f9e027f0000, 0x00007f9e027f0000)
  from space 323776K,   5% used [0x00007f9e027f0000, 0x00007f9e0387a368, 0x00007f9e16420000)
  to   space 323776K,   0% used [0x00007f9e16420000, 0x00007f9e16420000, 0x00007f9e2a050000)
 tenured generation   total 6476320K, used 6473867K [0x00007fa2b9b50000, 0x00007fa444fd8000, 0x00007fad64600000)
   the space 6476320K,  99% used [0x00007fa2b9b50000, 0x00007fa444d72fc0, 0x00007fa444d73000, 0x00007fa444fd8000)
 Metaspace       used 24338K, capacity 24772K, committed 24832K, reserved 26624K
}
Event: 6183.005 GC heap after
{Heap after GC invocations=10704 (full 4):
 def new generation   total 2914432K, used 16260K [0x00007f9d64600000, 0x00007f9e2a050000, 0x00007fa2b9b50000)
  eden space 2590656K,   0% used [0x00007f9d64600000, 0x00007f9d64600000, 0x00007f9e027f0000)
  from space 323776K,   5% used [0x00007f9e16420000, 0x00007f9e17401058, 0x00007f9e2a050000)
  to   space 323776K,   0% used [0x00007f9e027f0000, 0x00007f9e027f0000, 0x00007f9e16420000)
 tenured generation   total 6476320K, used 6475522K [0x00007fa2b9b50000, 0x00007fa444fd8000, 0x00007fad64600000)
   the space 6476320K,  99% used [0x00007fa2b9b50000, 0x00007fa444f10b40, 0x00007fa444f10c00, 0x00007fa444fd8000)
 Metaspace       used 24338K, capacity 24772K, committed 24832K, reserved 26624K
}
Event: 6184.262 GC heap before
{Heap before GC invocations=10704 (full 4):
 def new generation   total 2914432K, used 2606916K [0x00007f9d64600000, 0x00007f9e2a050000, 0x00007fa2b9b50000)
  eden space 2590656K, 100% used [0x00007f9d64600000, 0x00007f9e027f0000, 0x00007f9e027f0000)
  from space 323776K,   5% used [0x00007f9e16420000, 0x00007f9e17401058, 0x00007f9e2a050000)
  to   space 323776K,   0% used [0x00007f9e027f0000, 0x00007f9e027f0000, 0x00007f9e16420000)
 tenured generation   total 6476320K, used 6475522K [0x00007fa2b9b50000, 0x00007fa444fd8000, 0x00007fad64600000)
   the space 6476320K,  99% used [0x00007fa2b9b50000, 0x00007fa444f10b40, 0x00007fa444f10c00, 0x00007fa444fd8000)
 Metaspace       used 24338K, capacity 24772K, committed 24832K, reserved 26624K
}
Event: 6184.270 GC heap after
{Heap after GC invocations=10705 (full 4):
 def new generation   total 2914432K, used 15655K [0x00007f9d64600000, 0x00007f9e2a050000, 0x00007fa2b9b50000)
  eden space 2590656K,   0% used [0x00007f9d64600000, 0x00007f9d64600000, 0x00007f9e027f0000)
  from space 323776K,   4% used [0x00007f9e027f0000, 0x00007f9e03739df0, 0x00007f9e16420000)
  to   space 323776K,   0% used [0x00007f9e16420000, 0x00007f9e16420000, 0x00007f9e2a050000)
 tenured generation   total 6477280K, used 6477177K [0x00007fa2b9b50000, 0x00007fa4450c8000, 0x00007fad64600000)
   the space 6477280K,  99% used [0x00007fa2b9b50000, 0x00007fa4450ae750, 0x00007fa4450ae800, 0x00007fa4450c8000)
 Metaspace       used 24338K, capacity 24772K, committed 24832K, reserved 26624K
}
Event: 6184.270 GC heap before
{Heap before GC invocations=10705 (full 4):
 def new generation   total 2914432K, used 15655K [0x00007f9d64600000, 0x00007f9e2a050000, 0x00007fa2b9b50000)
  eden space 2590656K,   0% used [0x00007f9d64600000, 0x00007f9d64600000, 0x00007f9e027f0000)
  from space 323776K,   4% used [0x00007f9e027f0000, 0x00007f9e03739df0, 0x00007f9e16420000)
  to   space 323776K,   0% used [0x00007f9e16420000, 0x00007f9e16420000, 0x00007f9e2a050000)
 tenured generation   total 6477280K, used 6477177K [0x00007fa2b9b50000, 0x00007fa4450c8000, 0x00007fad64600000)
   the space 6477280K,  99% used [0x00007fa2b9b50000, 0x00007fa4450ae750, 0x00007fa4450ae800, 0x00007fa4450c8000)
 Metaspace       used 24338K, capacity 24772K, committed 24832K, reserved 26624K
}

Deoptimization events (20 events):
Event: 794.893 Thread 0x00007fad7c018000 DEOPT PACKING pc=0x00007fad65428a43 sp=0x00007fad81a0b5a0
Event: 794.893 Thread 0x00007fad7c018000 DEOPT UNPACKING pc=0x00007fad647d333a sp=0x00007fad81a0abb0 mode 0
Event: 881.955 Thread 0x00007fad7c018000 DEOPT PACKING pc=0x00007fad65428a43 sp=0x00007fad81a0b5a0
Event: 881.955 Thread 0x00007fad7c018000 DEOPT UNPACKING pc=0x00007fad647d333a sp=0x00007fad81a0abb0 mode 0
Event: 969.306 Thread 0x00007fad7c018000 DEOPT PACKING pc=0x00007fad65428a43 sp=0x00007fad81a0b5a0
Event: 969.306 Thread 0x00007fad7c018000 DEOPT UNPACKING pc=0x00007fad647d333a sp=0x00007fad81a0abb0 mode 0
Event: 2364.947 Thread 0x00007fad7c018000 DEOPT PACKING pc=0x00007fad64d7fb35 sp=0x00007fad81a0b900
Event: 2364.947 Thread 0x00007fad7c018000 DEOPT UNPACKING pc=0x00007fad647d333a sp=0x00007fad81a0ae58 mode 0
Event: 2976.756 Thread 0x00007fad7c018000 DEOPT PACKING pc=0x00007fad652c6ebb sp=0x00007fad81a0b920
Event: 2976.756 Thread 0x00007fad7c018000 DEOPT UNPACKING pc=0x00007fad647d333a sp=0x00007fad81a0aed0 mode 0
Event: 3327.574 Thread 0x00007fad7c018000 DEOPT PACKING pc=0x00007fad652c6ebb sp=0x00007fad81a0b920
Event: 3327.574 Thread 0x00007fad7c018000 DEOPT UNPACKING pc=0x00007fad647d333a sp=0x00007fad81a0aed0 mode 0
Event: 3681.247 Thread 0x00007fad7c018000 DEOPT PACKING pc=0x00007fad652c6ebb sp=0x00007fad81a0b920
Event: 3681.247 Thread 0x00007fad7c018000 DEOPT UNPACKING pc=0x00007fad647d333a sp=0x00007fad81a0aed0 mode 0
Event: 4079.562 Thread 0x00007fad7c018000 DEOPT PACKING pc=0x00007fad652c6ebb sp=0x00007fad81a0b920
Event: 4079.562 Thread 0x00007fad7c018000 DEOPT UNPACKING pc=0x00007fad647d333a sp=0x00007fad81a0aed0 mode 0
Event: 4434.712 Thread 0x00007fad7c018000 DEOPT PACKING pc=0x00007fad652c6ebb sp=0x00007fad81a0b920
Event: 4434.712 Thread 0x00007fad7c018000 DEOPT UNPACKING pc=0x00007fad647d333a sp=0x00007fad81a0aed0 mode 0
Event: 4789.371 Thread 0x00007fad7c018000 DEOPT PACKING pc=0x00007fad652c6ebb sp=0x00007fad81a0b830
Event: 4789.371 Thread 0x00007fad7c018000 DEOPT UNPACKING pc=0x00007fad647d333a sp=0x00007fad81a0add8 mode 0

Classes unloaded (0 events):
No events

Classes redefined (0 events):
No events

Internal exceptions (20 events):
Event: 0.534 Thread 0x00007fad7c018000 Exception <a 'java/lang/NoSuchMethodError'{0x00007f9d65c42ea0}: 'int java.lang.invoke.DirectMethodHandle$Holder.invokeSpecial(java.lang.Object, java.lang.Object, java.lang.Object, java.lang.Object)'> (0x00007f9d65c42ea0) 
thrown [src/hotspot/share/interpreter/linkResolver.cpp, line 766]
Event: 0.537 Thread 0x00007fad7c018000 Exception <a 'java/lang/NoSuchMethodError'{0x00007f9d65c599c0}: 'java.lang.Object java.lang.invoke.DirectMethodHandle$Holder.invokeVirtual(java.lang.Object, java.lang.Object, java.lang.Object, int, int)'> (0x00007f9d65c599c0) 
thrown [src/hotspot/share/interpreter/linkResolver.cpp, line 766]
Event: 0.538 Thread 0x00007fad7c018000 Exception <a 'java/lang/NoSuchMethodError'{0x00007f9d65c61d70}: 'java.lang.Object java.lang.invoke.DirectMethodHandle$Holder.invokeVirtual(java.lang.Object, java.lang.Object, int)'> (0x00007f9d65c61d70) 
thrown [src/hotspot/share/interpreter/linkResolver.cpp, line 766]
Event: 0.550 Thread 0x00007fad7c018000 Exception <a 'java/lang/NoSuchMethodError'{0x00007f9d65c82b08}: 'java.lang.Object java.lang.invoke.DirectMethodHandle$Holder.invokeSpecial(java.lang.Object, java.lang.Object, java.lang.Object, int, int)'> (0x00007f9d65c82b08) 
thrown [src/hotspot/share/interpreter/linkResolver.cpp, line 766]
Event: 0.869 Thread 0x00007fad7c018000 Exception <a 'java/lang/NoSuchMethodError'{0x00007f9d67244428}: 'int java.lang.invoke.DirectMethodHandle$Holder.invokeSpecial(java.lang.Object, java.lang.Object, java.lang.Object, java.lang.Object, java.lang.Object)'> (0x00007f9d67244428) 
thrown [src/hotspot/share/interpreter/linkResolver.cpp, line 766]
Event: 0.945 Thread 0x00007fad7c018000 Exception <a 'java/lang/NoSuchMethodError'{0x00007f9d676620b0}: 'java.lang.Object java.lang.invoke.DirectMethodHandle$Holder.invokeStatic(java.lang.Object, java.lang.Object, int, int)'> (0x00007f9d676620b0) 
thrown [src/hotspot/share/interpreter/linkResolver.cpp, line 766]
Event: 1.265 Thread 0x00007fad7c018000 Exception <a 'java/lang/NoSuchMethodError'{0x00007f9d691c0cc0}: 'void java.lang.invoke.DirectMethodHandle$Holder.invokeVirtual(java.lang.Object, java.lang.Object)'> (0x00007f9d691c0cc0) 
thrown [src/hotspot/share/interpreter/linkResolver.cpp, line 766]
Event: 1.375 Thread 0x00007fad7c018000 Exception <a 'java/lang/NoSuchMethodError'{0x00007f9d69555c30}: 'int java.lang.invoke.DirectMethodHandle$Holder.invokeVirtual(java.lang.Object, java.lang.Object, java.lang.Object, java.lang.Object)'> (0x00007f9d69555c30) 
thrown [src/hotspot/share/interpreter/linkResolver.cpp, line 766]
Event: 1.376 Thread 0x00007fad7c018000 Exception <a 'java/lang/NoSuchMethodError'{0x00007f9d69563e98}: 'java.lang.Object java.lang.invoke.DirectMethodHandle$Holder.invokeStatic(java.lang.Object, java.lang.Object, int, java.lang.Object)'> (0x00007f9d69563e98) 
thrown [src/hotspot/share/interpreter/linkResolver.cpp, line 766]
Event: 1.377 Thread 0x00007fad7c018000 Exception <a 'java/lang/NoSuchMethodError'{0x00007f9d6956c7b0}: 'java.lang.Object java.lang.invoke.Invokers$Holder.linkToTargetMethod(java.lang.Object, int, java.lang.Object, java.lang.Object)'> (0x00007f9d6956c7b0) 
thrown [src/hotspot/share/interpreter/linkResolver.cpp, line 766]
Event: 1.576 Thread 0x00007fad7c018000 Implicit null exception at 0x00007fad6c2c5fc5 to 0x00007fad6c2c6198
Event: 1.576 Thread 0x00007fad7c018000 Implicit null exception at 0x00007fad6c28c28f to 0x00007fad6c28c2f9
Event: 1.944 Thread 0x00007fad7c018000 Exception <a 'java/lang/NoSuchMethodError'{0x00007f9d64627968}: 'java.lang.Object java.lang.invoke.Invokers$Holder.linkToTargetMethod(java.lang.Object, int, java.lang.Object)'> (0x00007f9d64627968) 
thrown [src/hotspot/share/interpreter/linkResolver.cpp, line 766]
Event: 1.946 Thread 0x00007fad7c018000 Exception <a 'java/lang/NoSuchMethodError'{0x00007f9d64661ba8}: 'java.lang.Object java.lang.invoke.Invokers$Holder.linkToTargetMethod(java.lang.Object, long, java.lang.Object)'> (0x00007f9d64661ba8) 
thrown [src/hotspot/share/interpreter/linkResolver.cpp, line 766]
Event: 1.958 Thread 0x00007fad7c0a7000 Implicit null exception at 0x00007fad6c2a64cc to 0x00007fad6c2a6580
Event: 2.005 Thread 0x00007fad7c018000 Exception <a 'java/lang/NoSuchMethodError'{0x00007f9d64850298}: 'java.lang.Object java.lang.invoke.Invokers$Holder.invokeExact_MT(java.lang.Object, java.lang.Object, java.lang.Object, java.lang.Object, java.lang.Object, java.lang.Object)'> (0x00007f9d64850298) 
thrown [src/hotspot/share/interpreter/linkResolver.cpp, line 766]
Event: 2.055 Thread 0x00007fad7c018000 Exception <a 'java/lang/NoSuchMethodError'{0x00007f9d649f1218}: 'int java.lang.invoke.DirectMethodHandle$Holder.invokeStatic(java.lang.Object, java.lang.Object, int)'> (0x00007f9d649f1218) 
thrown [src/hotspot/share/interpreter/linkResolver.cpp, line 766]
Event: 2.139 Thread 0x00007fad7c018000 Exception <a 'java/lang/NoSuchMethodError'{0x00007f9d64bda2a0}: 'double java.lang.invoke.DirectMethodHandle$Holder.invokeStatic(java.lang.Object, java.lang.Object)'> (0x00007f9d64bda2a0) 
thrown [src/hotspot/share/interpreter/linkResolver.cpp, line 766]
Event: 2.170 Thread 0x00007fad7c018000 Exception <a 'java/lang/NoSuchMethodError'{0x00007f9d64d11730}: 'int java.lang.invoke.DirectMethodHandle$Holder.invokeStatic(java.lang.Object, java.lang.Object, java.lang.Object, int)'> (0x00007f9d64d11730) 
thrown [src/hotspot/share/interpreter/linkResolver.cpp, line 766]
Event: 51.511 Thread 0x00007fad7c018000 Implicit null exception at 0x00007fad6c4c6426 to 0x00007fad6c4c6520

Events (20 events):
Event: 6171.483 Executing VM operation: GenCollectForAllocation done
Event: 6172.765 Executing VM operation: GenCollectForAllocation
Event: 6172.775 Executing VM operation: GenCollectForAllocation done
Event: 6174.041 Executing VM operation: GenCollectForAllocation
Event: 6174.050 Executing VM operation: GenCollectForAllocation done
Event: 6175.323 Executing VM operation: GenCollectForAllocation
Event: 6175.333 Executing VM operation: GenCollectForAllocation done
Event: 6176.598 Executing VM operation: GenCollectForAllocation
Event: 6176.608 Executing VM operation: GenCollectForAllocation done
Event: 6177.878 Executing VM operation: GenCollectForAllocation
Event: 6177.888 Executing VM operation: GenCollectForAllocation done
Event: 6179.157 Executing VM operation: GenCollectForAllocation
Event: 6179.167 Executing VM operation: GenCollectForAllocation done
Event: 6180.440 Executing VM operation: GenCollectForAllocation
Event: 6180.449 Executing VM operation: GenCollectForAllocation done
Event: 6181.715 Executing VM operation: GenCollectForAllocation
Event: 6181.723 Executing VM operation: GenCollectForAllocation done
Event: 6182.996 Executing VM operation: GenCollectForAllocation
Event: 6183.005 Executing VM operation: GenCollectForAllocation done
Event: 6184.262 Executing VM operation: GenCollectForAllocation


Dynamic libraries:
560197f1c000-560197f1d000 r--p 00000000 07:2b 4860                       /usr/lib/jvm/java-13-openjdk-amd64/bin/java
560197f1d000-560197f1e000 r-xp 00001000 07:2b 4860                       /usr/lib/jvm/java-13-openjdk-amd64/bin/java
560197f1e000-560197f1f000 r--p 00002000 07:2b 4860                       /usr/lib/jvm/java-13-openjdk-amd64/bin/java
560197f1f000-560197f20000 r--p 00002000 07:2b 4860                       /usr/lib/jvm/java-13-openjdk-amd64/bin/java
560197f20000-560197f21000 rw-p 00003000 07:2b 4860                       /usr/lib/jvm/java-13-openjdk-amd64/bin/java
56019887f000-5601988a0000 rw-p 00000000 00:00 0                          [heap]
7f9d28000000-7f9d28021000 rw-p 00000000 00:00 0 
7f9d28021000-7f9d2c000000 ---p 00000000 00:00 0 
7f9d30000000-7f9d30021000 rw-p 00000000 00:00 0 
7f9d30021000-7f9d34000000 ---p 00000000 00:00 0 
7f9d34000000-7f9d34021000 rw-p 00000000 00:00 0 
7f9d34021000-7f9d38000000 ---p 00000000 00:00 0 
7f9d38000000-7f9d39892000 rw-p 00000000 00:00 0 
7f9d39892000-7f9d3c000000 ---p 00000000 00:00 0 
7f9d3c000000-7f9d3d06e000 rw-p 00000000 00:00 0 
7f9d3d06e000-7f9d40000000 ---p 00000000 00:00 0 
7f9d40000000-7f9d40021000 rw-p 00000000 00:00 0 
7f9d40021000-7f9d44000000 ---p 00000000 00:00 0 
7f9d44000000-7f9d44021000 rw-p 00000000 00:00 0 
7f9d44021000-7f9d48000000 ---p 00000000 00:00 0 
7f9d48000000-7f9d48021000 rw-p 00000000 00:00 0 
7f9d48021000-7f9d4c000000 ---p 00000000 00:00 0 
7f9d4c000000-7f9d4c021000 rw-p 00000000 00:00 0 
7f9d4c021000-7f9d50000000 ---p 00000000 00:00 0 
7f9d50000000-7f9d5008f000 rw-p 00000000 00:00 0 
7f9d5008f000-7f9d54000000 ---p 00000000 00:00 0 
7f9d55f09000-7f9d55f49000 rw-p 00000000 00:00 0 
7f9d55f49000-7f9d56109000 ---p 00000000 00:00 0 
7f9d56109000-7f9d56309000 rw-p 00000000 00:00 0 
7f9d56309000-7f9d56509000 rw-p 00000000 00:00 0 
7f9d56509000-7f9d56709000 rw-p 00000000 00:00 0 
7f9d56709000-7f9d56909000 rw-p 00000000 00:00 0 
7f9d56909000-7f9d56ca9000 rw-p 00000000 00:00 0 
7f9d56ca9000-7f9d56ea9000 rw-p 00000000 00:00 0 
7f9d56ea9000-7f9d57d04000 rw-p 00000000 00:00 0 
7f9d57d04000-7f9d5c5ff000 ---p 00000000 00:00 0 
7f9d5c5ff000-7f9d5cc2d000 rw-p 00000000 00:00 0 
7f9d5cc2d000-7f9d5f0a9000 ---p 00000000 00:00 0 
7f9d5f0a9000-7f9d5fd05000 rw-p 00000000 00:00 0 
7f9d5fd05000-7f9d645ff000 ---p 00000000 00:00 0 
7f9d645ff000-7f9e2a050000 rw-p 00000000 00:00 0 
7f9e2a050000-7fa2b9b50000 ---p 00000000 00:00 0 
7fa2b9b50000-7fa4450c8000 rw-p 00000000 00:00 0 
7fa54c9c3000-7fad64600000 ---p 00000000 00:00 0 
7fad6478a000-7fad649fa000 rwxp 00000000 00:00 0 
7fad649fa000-7fad64d19000 ---p 00000000 00:00 0 
7fad64d19000-7fad65439000 rwxp 00000000 00:00 0 
7fad65439000-7fad6c251000 ---p 00000000 00:00 0 
7fad6c251000-7fad6c4f1000 rwxp 00000000 00:00 0 
7fad6c4f1000-7fad7378a000 ---p 00000000 00:00 0 
7fad7378a000-7fad7c000000 r--s 00000000 07:2b 5215                       /usr/lib/jvm/java-13-openjdk-amd64/lib/modules
7fad7c000000-7fad7c6ce000 rw-p 00000000 00:00 0 
7fad7c6ce000-7fad80000000 ---p 00000000 00:00 0 
7fad800f7000-7fad802f7000 rw-p 00000000 00:00 0 
7fad802f7000-7fad80328000 rw-p 00000000 00:00 0 
7fad80328000-7fad8032c000 r--p 00000000 07:2b 5204                       /usr/lib/jvm/java-13-openjdk-amd64/lib/libnet.so
7fad8032c000-7fad8033a000 r-xp 00004000 07:2b 5204                       /usr/lib/jvm/java-13-openjdk-amd64/lib/libnet.so
7fad8033a000-7fad8033e000 r--p 00012000 07:2b 5204                       /usr/lib/jvm/java-13-openjdk-amd64/lib/libnet.so
7fad8033e000-7fad8033f000 r--p 00015000 07:2b 5204                       /usr/lib/jvm/java-13-openjdk-amd64/lib/libnet.so
7fad8033f000-7fad80340000 rw-p 00016000 07:2b 5204                       /usr/lib/jvm/java-13-openjdk-amd64/lib/libnet.so
7fad80340000-7fad80347000 r--p 00000000 07:2b 5205                       /usr/lib/jvm/java-13-openjdk-amd64/lib/libnio.so
7fad80347000-7fad80350000 r-xp 00007000 07:2b 5205                       /usr/lib/jvm/java-13-openjdk-amd64/lib/libnio.so
7fad80350000-7fad80354000 r--p 00010000 07:2b 5205                       /usr/lib/jvm/java-13-openjdk-amd64/lib/libnio.so
7fad80354000-7fad80355000 r--p 00013000 07:2b 5205                       /usr/lib/jvm/java-13-openjdk-amd64/lib/libnio.so
7fad80355000-7fad80356000 rw-p 00014000 07:2b 5205                       /usr/lib/jvm/java-13-openjdk-amd64/lib/libnio.so
7fad80356000-7fad80357000 ---p 00000000 00:00 0 
7fad80357000-7fad80458000 rw-p 00000000 00:00 0 
7fad80458000-7fad8045c000 ---p 00000000 00:00 0 
7fad8045c000-7fad80559000 rw-p 00000000 00:00 0 
7fad80559000-7fad8055d000 ---p 00000000 00:00 0 
7fad8055d000-7fad8065a000 rw-p 00000000 00:00 0 
7fad8065a000-7fad8065e000 ---p 00000000 00:00 0 
7fad8065e000-7fad8075b000 rw-p 00000000 00:00 0 
7fad8075b000-7fad8075f000 ---p 00000000 00:00 0 
7fad8075f000-7fad8085c000 rw-p 00000000 00:00 0 
7fad8085c000-7fad80860000 ---p 00000000 00:00 0 
7fad80860000-7fad8095d000 rw-p 00000000 00:00 0 
7fad8095d000-7fad80961000 ---p 00000000 00:00 0 
7fad80961000-7fad80a5e000 rw-p 00000000 00:00 0 
7fad80a5e000-7fad80a65000 r--s 00000000 07:2b 8532                       /usr/lib/x86_64-linux-gnu/gconv/gconv-modules.cache
7fad80a65000-7fad80a97000 r--p 00000000 07:2b 5276                       /usr/lib/locale/C.UTF-8/LC_CTYPE
7fad80a97000-7fad80a9b000 ---p 00000000 00:00 0 
7fad80a9b000-7fad80b98000 rw-p 00000000 00:00 0 
7fad80b98000-7fad80b9c000 ---p 00000000 00:00 0 
7fad80b9c000-7fad80c99000 rw-p 00000000 00:00 0 
7fad80c99000-7fad80c9a000 ---p 00000000 00:00 0 
7fad80c9a000-7fad816b8000 rw-p 00000000 00:00 0 
7fad816b8000-7fad816be000 rw-p 00000000 00:00 0 
7fad816be000-7fad817a3000 ---p 00000000 00:00 0 
7fad817a3000-7fad817b2000 rw-p 00000000 00:00 0 
7fad817b2000-7fad8188e000 ---p 00000000 00:00 0 
7fad8188e000-7fad81893000 rw-p 00000000 00:00 0 
7fad81893000-7fad8189a000 ---p 00000000 00:00 0 
7fad8189a000-7fad8189c000 r--p 00000000 07:2b 5214                       /usr/lib/jvm/java-13-openjdk-amd64/lib/libzip.so
7fad8189c000-7fad818a0000 r-xp 00002000 07:2b 5214                       /usr/lib/jvm/java-13-openjdk-amd64/lib/libzip.so
7fad818a0000-7fad818a2000 r--p 00006000 07:2b 5214                       /usr/lib/jvm/java-13-openjdk-amd64/lib/libzip.so
7fad818a2000-7fad818a3000 r--p 00007000 07:2b 5214                       /usr/lib/jvm/java-13-openjdk-amd64/lib/libzip.so
7fad818a3000-7fad818a4000 rw-p 00008000 07:2b 5214                       /usr/lib/jvm/java-13-openjdk-amd64/lib/libzip.so
7fad818a4000-7fad818ac000 rw-s 00000000 08:03 34981413                   /tmp/hsperfdata_rcabanas/5560
7fad818ac000-7fad818af000 r--p 00000000 07:2b 9108                       /usr/lib/x86_64-linux-gnu/libnss_files-2.31.so
7fad818af000-7fad818b6000 r-xp 00003000 07:2b 9108                       /usr/lib/x86_64-linux-gnu/libnss_files-2.31.so
7fad818b6000-7fad818b8000 r--p 0000a000 07:2b 9108                       /usr/lib/x86_64-linux-gnu/libnss_files-2.31.so
7fad818b8000-7fad818b9000 r--p 0000b000 07:2b 9108                       /usr/lib/x86_64-linux-gnu/libnss_files-2.31.so
7fad818b9000-7fad818ba000 rw-p 0000c000 07:2b 9108                       /usr/lib/x86_64-linux-gnu/libnss_files-2.31.so
7fad818ba000-7fad818c0000 rw-p 00000000 00:00 0 
7fad818c6000-7fad818c8000 r--p 00000000 07:2b 5195                       /usr/lib/jvm/java-13-openjdk-amd64/lib/libjimage.so
7fad818c8000-7fad818cb000 r-xp 00002000 07:2b 5195                       /usr/lib/jvm/java-13-openjdk-amd64/lib/libjimage.so
7fad818cb000-7fad818cc000 r--p 00005000 07:2b 5195                       /usr/lib/jvm/java-13-openjdk-amd64/lib/libjimage.so
7fad818cc000-7fad818cd000 ---p 00006000 07:2b 5195                       /usr/lib/jvm/java-13-openjdk-amd64/lib/libjimage.so
7fad818cd000-7fad818ce000 r--p 00006000 07:2b 5195                       /usr/lib/jvm/java-13-openjdk-amd64/lib/libjimage.so
7fad818ce000-7fad818cf000 rw-p 00007000 07:2b 5195                       /usr/lib/jvm/java-13-openjdk-amd64/lib/libjimage.so
7fad818cf000-7fad818dc000 r--p 00000000 07:2b 5191                       /usr/lib/jvm/java-13-openjdk-amd64/lib/libjava.so
7fad818dc000-7fad818f1000 r-xp 0000d000 07:2b 5191                       /usr/lib/jvm/java-13-openjdk-amd64/lib/libjava.so
7fad818f1000-7fad818f7000 r--p 00022000 07:2b 5191                       /usr/lib/jvm/java-13-openjdk-amd64/lib/libjava.so
7fad818f7000-7fad818f8000 ---p 00028000 07:2b 5191                       /usr/lib/jvm/java-13-openjdk-amd64/lib/libjava.so
7fad818f8000-7fad818f9000 r--p 00028000 07:2b 5191                       /usr/lib/jvm/java-13-openjdk-amd64/lib/libjava.so
7fad818f9000-7fad818fb000 rw-p 00029000 07:2b 5191                       /usr/lib/jvm/java-13-openjdk-amd64/lib/libjava.so
7fad818fb000-7fad81900000 r--p 00000000 07:2b 5213                       /usr/lib/jvm/java-13-openjdk-amd64/lib/libverify.so
7fad81900000-7fad81907000 r-xp 00005000 07:2b 5213                       /usr/lib/jvm/java-13-openjdk-amd64/lib/libverify.so
7fad81907000-7fad81909000 r--p 0000c000 07:2b 5213                       /usr/lib/jvm/java-13-openjdk-amd64/lib/libverify.so
7fad81909000-7fad8190a000 ---p 0000e000 07:2b 5213                       /usr/lib/jvm/java-13-openjdk-amd64/lib/libverify.so
7fad8190a000-7fad8190c000 r--p 0000e000 07:2b 5213                       /usr/lib/jvm/java-13-openjdk-amd64/lib/libverify.so
7fad8190c000-7fad8190d000 rw-p 00010000 07:2b 5213                       /usr/lib/jvm/java-13-openjdk-amd64/lib/libverify.so
7fad8190d000-7fad81911000 ---p 00000000 00:00 0 
7fad81911000-7fad81a0e000 rw-p 00000000 00:00 0 
7fad81a0e000-7fad81a11000 r--p 00000000 07:2b 8948                       /usr/lib/x86_64-linux-gnu/libgcc_s.so.1
7fad81a11000-7fad81a23000 r-xp 00003000 07:2b 8948                       /usr/lib/x86_64-linux-gnu/libgcc_s.so.1
7fad81a23000-7fad81a27000 r--p 00015000 07:2b 8948                       /usr/lib/x86_64-linux-gnu/libgcc_s.so.1
7fad81a27000-7fad81a28000 r--p 00018000 07:2b 8948                       /usr/lib/x86_64-linux-gnu/libgcc_s.so.1
7fad81a28000-7fad81a29000 rw-p 00019000 07:2b 8948                       /usr/lib/x86_64-linux-gnu/libgcc_s.so.1
7fad81a29000-7fad81a36000 r--p 00000000 07:2b 9062                       /usr/lib/x86_64-linux-gnu/libm-2.31.so
7fad81a36000-7fad81add000 r-xp 0000d000 07:2b 9062                       /usr/lib/x86_64-linux-gnu/libm-2.31.so
7fad81add000-7fad81b76000 r--p 000b4000 07:2b 9062                       /usr/lib/x86_64-linux-gnu/libm-2.31.so
7fad81b76000-7fad81b77000 r--p 0014c000 07:2b 9062                       /usr/lib/x86_64-linux-gnu/libm-2.31.so
7fad81b77000-7fad81b78000 rw-p 0014d000 07:2b 9062                       /usr/lib/x86_64-linux-gnu/libm-2.31.so
7fad81b78000-7fad81c0e000 r--p 00000000 07:2b 9213                       /usr/lib/x86_64-linux-gnu/libstdc++.so.6.0.28
7fad81c0e000-7fad81cff000 r-xp 00096000 07:2b 9213                       /usr/lib/x86_64-linux-gnu/libstdc++.so.6.0.28
7fad81cff000-7fad81d48000 r--p 00187000 07:2b 9213                       /usr/lib/x86_64-linux-gnu/libstdc++.so.6.0.28
7fad81d48000-7fad81d49000 ---p 001d0000 07:2b 9213                       /usr/lib/x86_64-linux-gnu/libstdc++.so.6.0.28
7fad81d49000-7fad81d54000 r--p 001d0000 07:2b 9213                       /usr/lib/x86_64-linux-gnu/libstdc++.so.6.0.28
7fad81d54000-7fad81d57000 rw-p 001db000 07:2b 9213                       /usr/lib/x86_64-linux-gnu/libstdc++.so.6.0.28
7fad81d57000-7fad81d5a000 rw-p 00000000 00:00 0 
7fad81d5a000-7fad81fe0000 r--p 00000000 07:2b 5226                       /usr/lib/jvm/java-13-openjdk-amd64/lib/server/libjvm.so
7fad81fe0000-7fad82d5d000 r-xp 00286000 07:2b 5226                       /usr/lib/jvm/java-13-openjdk-amd64/lib/server/libjvm.so
7fad82d5d000-7fad82fd8000 r--p 01003000 07:2b 5226                       /usr/lib/jvm/java-13-openjdk-amd64/lib/server/libjvm.so
7fad82fd8000-7fad8309d000 r--p 0127d000 07:2b 5226                       /usr/lib/jvm/java-13-openjdk-amd64/lib/server/libjvm.so
7fad8309d000-7fad830d8000 rw-p 01342000 07:2b 5226                       /usr/lib/jvm/java-13-openjdk-amd64/lib/server/libjvm.so
7fad830d8000-7fad8315e000 rw-p 00000000 00:00 0 
7fad8315e000-7fad83164000 r--p 00000000 07:2b 9166                       /usr/lib/x86_64-linux-gnu/libpthread-2.31.so
7fad83164000-7fad83175000 r-xp 00006000 07:2b 9166                       /usr/lib/x86_64-linux-gnu/libpthread-2.31.so
7fad83175000-7fad8317b000 r--p 00017000 07:2b 9166                       /usr/lib/x86_64-linux-gnu/libpthread-2.31.so
7fad8317b000-7fad8317c000 r--p 0001c000 07:2b 9166                       /usr/lib/x86_64-linux-gnu/libpthread-2.31.so
7fad8317c000-7fad8317d000 rw-p 0001d000 07:2b 9166                       /usr/lib/x86_64-linux-gnu/libpthread-2.31.so
7fad8317d000-7fad83181000 rw-p 00000000 00:00 0 
7fad83181000-7fad83182000 r--p 00000000 07:2b 8893                       /usr/lib/x86_64-linux-gnu/libdl-2.31.so
7fad83182000-7fad83184000 r-xp 00001000 07:2b 8893                       /usr/lib/x86_64-linux-gnu/libdl-2.31.so
7fad83184000-7fad83185000 r--p 00003000 07:2b 8893                       /usr/lib/x86_64-linux-gnu/libdl-2.31.so
7fad83185000-7fad83186000 r--p 00003000 07:2b 8893                       /usr/lib/x86_64-linux-gnu/libdl-2.31.so
7fad83186000-7fad83187000 rw-p 00004000 07:2b 8893                       /usr/lib/x86_64-linux-gnu/libdl-2.31.so
7fad83187000-7fad83189000 r--p 00000000 07:2b 9290                       /usr/lib/x86_64-linux-gnu/libz.so.1.2.11
7fad83189000-7fad8319a000 r-xp 00002000 07:2b 9290                       /usr/lib/x86_64-linux-gnu/libz.so.1.2.11
7fad8319a000-7fad831a0000 r--p 00013000 07:2b 9290                       /usr/lib/x86_64-linux-gnu/libz.so.1.2.11
7fad831a0000-7fad831a1000 ---p 00019000 07:2b 9290                       /usr/lib/x86_64-linux-gnu/libz.so.1.2.11
7fad831a1000-7fad831a2000 r--p 00019000 07:2b 9290                       /usr/lib/x86_64-linux-gnu/libz.so.1.2.11
7fad831a2000-7fad831a3000 rw-p 0001a000 07:2b 9290                       /usr/lib/x86_64-linux-gnu/libz.so.1.2.11
7fad831a3000-7fad831c5000 r--p 00000000 07:2b 8851                       /usr/lib/x86_64-linux-gnu/libc-2.31.so
7fad831c5000-7fad8333d000 r-xp 00022000 07:2b 8851                       /usr/lib/x86_64-linux-gnu/libc-2.31.so
7fad8333d000-7fad8338b000 r--p 0019a000 07:2b 8851                       /usr/lib/x86_64-linux-gnu/libc-2.31.so
7fad8338b000-7fad8338f000 r--p 001e7000 07:2b 8851                       /usr/lib/x86_64-linux-gnu/libc-2.31.so
7fad8338f000-7fad83391000 rw-p 001eb000 07:2b 8851                       /usr/lib/x86_64-linux-gnu/libc-2.31.so
7fad83391000-7fad83395000 rw-p 00000000 00:00 0 
7fad83397000-7fad83399000 r--s 0000c000 07:2b 20930                      /usr/share/java/java-atk-wrapper.jar
7fad83399000-7fad8339a000 ---p 00000000 00:00 0 
7fad8339a000-7fad8339b000 r--p 00000000 00:00 0 
7fad8339b000-7fad8339e000 r--p 00000000 07:2b 5196                       /usr/lib/jvm/java-13-openjdk-amd64/lib/libjli.so
7fad8339e000-7fad833a8000 r-xp 00003000 07:2b 5196                       /usr/lib/jvm/java-13-openjdk-amd64/lib/libjli.so
7fad833a8000-7fad833ab000 r--p 0000d000 07:2b 5196                       /usr/lib/jvm/java-13-openjdk-amd64/lib/libjli.so
7fad833ab000-7fad833ac000 r--p 0000f000 07:2b 5196                       /usr/lib/jvm/java-13-openjdk-amd64/lib/libjli.so
7fad833ac000-7fad833ad000 rw-p 00010000 07:2b 5196                       /usr/lib/jvm/java-13-openjdk-amd64/lib/libjli.so
7fad833ad000-7fad833af000 rw-p 00000000 00:00 0 
7fad833af000-7fad833b0000 r--p 00000000 07:2b 8572                       /usr/lib/x86_64-linux-gnu/ld-2.31.so
7fad833b0000-7fad833d3000 r-xp 00001000 07:2b 8572                       /usr/lib/x86_64-linux-gnu/ld-2.31.so
7fad833d3000-7fad833db000 r--p 00024000 07:2b 8572                       /usr/lib/x86_64-linux-gnu/ld-2.31.so
7fad833db000-7fad833dc000 ---p 00000000 00:00 0 
7fad833dc000-7fad833dd000 r--p 0002c000 07:2b 8572                       /usr/lib/x86_64-linux-gnu/ld-2.31.so
7fad833dd000-7fad833de000 rw-p 0002d000 07:2b 8572                       /usr/lib/x86_64-linux-gnu/ld-2.31.so
7fad833de000-7fad833df000 rw-p 00000000 00:00 0 
7ffca4527000-7ffca4548000 rw-p 00000000 00:00 0                          [stack]
7ffca45ee000-7ffca45f0000 r-xp 00000000 00:00 0                          [vdso]
ffffffffff600000-ffffffffff601000 r-xp 00000000 00:00 0                  [vsyscall]


VM Arguments:
jvm_args: -Xmx64g --add-modules=ALL-DEFAULT 
java_command: jdk.compiler/com.sun.tools.javac.launcher.Main /mnt/beegfs/rcabanas/dev/credici/papers/journalEM/code/LearnAndCalculatePNS.java -w -x 200 -m 500 -sc LLratio -th 0.999 -a EMCC --seed 0 --output /mnt/beegfs/rcabanas/dev/credici/papers/journalEM/output/synthetic/s3 /mnt/beegfs/rcabanas/dev/credici/papers/journalEM/models/synthetic/s3/random_mc2_n13_mid3_d1000_05_mr098_r10_186.uai
java_class_path (initial): /mnt/beegfs/rcabanas/dev/credici/target/credici-0.1.5-dev-SNAPSHOT-jar-with-dependencies.jar
Launcher Type: SUN_STANDARD

[Global flags]
     intx CICompilerCount                          = 2                                         {product} {ergonomic}
   size_t InitialHeapSize                          = 2147483648                                {product} {ergonomic}
   size_t MaxHeapSize                              = 68719476736                               {product} {command line}
   size_t MaxNewSize                               = 22906470400                               {product} {ergonomic}
   size_t MinHeapDeltaBytes                        = 196608                                    {product} {ergonomic}
   size_t MinHeapSize                              = 8388608                                   {product} {ergonomic}
   size_t NewSize                                  = 715784192                                 {product} {ergonomic}
    uintx NonNMethodCodeHeapSize                   = 5826188                                {pd product} {ergonomic}
    uintx NonProfiledCodeHeapSize                  = 122916026                              {pd product} {ergonomic}
   size_t OldSize                                  = 1431699456                                {product} {ergonomic}
    uintx ProfiledCodeHeapSize                     = 122916026                              {pd product} {ergonomic}
    uintx ReservedCodeCacheSize                    = 251658240                              {pd product} {ergonomic}
     bool SegmentedCodeCache                       = true                                      {product} {ergonomic}
   size_t SoftMaxHeapSize                          = 68719476736                            {manageable} {ergonomic}
     bool UseSerialGC                              = true                                      {product} {ergonomic}

Logging:
Log output configuration:
 #0: stdout all=warning uptime,level,tags
 #1: stderr all=off uptime,level,tags

Environment Variables:
PATH=/usr/local/sbin:/usr/local/bin:/usr/sbin:/usr/bin:/sbin:/bin
LD_LIBRARY_PATH=/.singularity.d/libs

Signal Handlers:
SIGSEGV: [libjvm.so+0xf8fcf0], sa_mask[0]=11111111011111111101111111111110, sa_flags=SA_RESTART|SA_SIGINFO
SIGBUS: [libjvm.so+0xf8fcf0], sa_mask[0]=11111111011111111101111111111110, sa_flags=SA_RESTART|SA_SIGINFO
SIGFPE: [libjvm.so+0xf8fcf0], sa_mask[0]=11111111011111111101111111111110, sa_flags=SA_RESTART|SA_SIGINFO
SIGPIPE: [libjvm.so+0xc3ffa0], sa_mask[0]=11111111011111111101111111111110, sa_flags=SA_RESTART|SA_SIGINFO
SIGXFSZ: [libjvm.so+0xc3ffa0], sa_mask[0]=11111111011111111101111111111110, sa_flags=SA_RESTART|SA_SIGINFO
SIGILL: [libjvm.so+0xf8fcf0], sa_mask[0]=11111111011111111101111111111110, sa_flags=SA_RESTART|SA_SIGINFO
SIGUSR2: [libjvm.so+0xc3fe40], sa_mask[0]=00000000000000000000000000000000, sa_flags=SA_RESTART|SA_SIGINFO
SIGHUP: [libjvm.so+0xc40580], sa_mask[0]=11111111011111111101111111111110, sa_flags=SA_RESTART|SA_SIGINFO
SIGINT: [libjvm.so+0xc40580], sa_mask[0]=11111111011111111101111111111110, sa_flags=SA_RESTART|SA_SIGINFO
SIGTERM: [libjvm.so+0xc40580], sa_mask[0]=11111111011111111101111111111110, sa_flags=SA_RESTART|SA_SIGINFO
SIGQUIT: [libjvm.so+0xc40580], sa_mask[0]=11111111011111111101111111111110, sa_flags=SA_RESTART|SA_SIGINFO


---------------  S Y S T E M  ---------------

OS:DISTRIB_ID=Ubuntu
DISTRIB_RELEASE=20.04
DISTRIB_CODENAME=focal
DISTRIB_DESCRIPTION="Ubuntu 20.04.4 LTS"
uname:Linux 3.10.0-1160.15.2.el7.x86_64 #1 SMP Wed Feb 3 15:06:38 UTC 2021 x86_64
OS uptime: 551 days 3:52 hours
libc:glibc 2.31 NPTL 2.31 
rlimit (soft/hard): STACK 8192k/infinity , CORE 0k/infinity , NPROC 4096/1030217 , NOFILE 131072/131072 , AS infinity/infinity , CPU infinity/infinity , DATA infinity/infinity , FSIZE infinity/infinity , MEMLOCK infinity/infinity
load average:36.08 36.12 36.13

/proc/meminfo:
MemTotal:       263895364 kB
MemFree:         1109172 kB
MemAvailable:    2038412 kB
Buffers:          414840 kB
Cached:          1191608 kB
SwapCached:        72768 kB
Active:         246211968 kB
Inactive:        7203360 kB
Active(anon):   245607244 kB
Inactive(anon):  6218680 kB
Active(file):     604724 kB
Inactive(file):   984680 kB
Unevictable:       18224 kB
Mlocked:           18224 kB
SwapTotal:       4194300 kB
SwapFree:         526396 kB
Dirty:               620 kB
Writeback:             0 kB
AnonPages:      251755748 kB
Mapped:           491708 kB
Shmem:             13324 kB
Slab:             798240 kB
SReclaimable:     220628 kB
SUnreclaim:       577612 kB
KernelStack:       31280 kB
PageTables:       529892 kB
NFS_Unstable:          0 kB
Bounce:                0 kB
WritebackTmp:          0 kB
CommitLimit:    136141980 kB
Committed_AS:   341963724 kB
VmallocTotal:   34359738367 kB
VmallocUsed:      861840 kB
VmallocChunk:   34222342068 kB
Percpu:            22016 kB
HardwareCorrupted:     0 kB
AnonHugePages:  114061312 kB
CmaTotal:              0 kB
CmaFree:               0 kB
HugePages_Total:       0
HugePages_Free:        0
HugePages_Rsvd:        0
HugePages_Surp:        0
Hugepagesize:       2048 kB
DirectMap4k:      505448 kB
DirectMap2M:    20328448 kB
DirectMap1G:    247463936 kB

/sys/kernel/mm/transparent_hugepage/enabled:
[always] madvise never

/sys/kernel/mm/transparent_hugepage/defrag (defrag/compaction efforts parameter):
[always] madvise never


/proc/sys/kernel/threads-max (system-wide limit on the number of threads):
2060435


/proc/sys/vm/max_map_count (maximum number of memory map areas a process may have):
65530


/proc/sys/kernel/pid_max (system-wide limit on number of process identifiers):
65536



Steal ticks since vm start: 0
Steal ticks percentage since vm start:  0.000

CPU:total 64 (initial active 1) (32 cores per cpu, 1 threads per core) family 23 model 49 stepping 0, cmov, cx8, fxsr, mmx, sse, sse2, sse3, ssse3, sse4.1, sse4.2, popcnt, avx, avx2, aes, clmul, mmxext, 3dnowpref, lzcnt, sse4a, tsc, tscinvbit, tscinv, bmi1, bmi2, adx, sha, fma
CPU Model and flags from /proc/cpuinfo:
model name	: AMD EPYC 7542 32-Core Processor
flags		: fpu vme de pse tsc msr pae mce cx8 apic sep mtrr pge mca cmov pat pse36 clflush mmx fxsr sse sse2 ht syscall nx mmxext fxsr_opt pdpe1gb rdtscp lm constant_tsc art rep_good nopl nonstop_tsc extd_apicid aperfmperf eagerfpu pni pclmulqdq monitor ssse3 fma cx16 sse4_1 sse4_2 movbe popcnt aes xsave avx f16c rdrand lahf_lm cmp_legacy svm extapic cr8_legacy abm sse4a misalignsse 3dnowprefetch osvw ibs skinit wdt tce topoext perfctr_core perfctr_nb bpext perfctr_l2 cpb cat_l3 cdp_l3 hw_pstate sme retpoline_amd ssbd ibrs ibpb stibp vmmcall fsgsbase bmi1 avx2 smep bmi2 cqm rdt_a rdseed adx smap clflushopt clwb sha_ni xsaveopt xsavec xgetbv1 cqm_llc cqm_occup_llc cqm_mbm_total cqm_mbm_local clzero irperf xsaveerptr arat npt lbrv svm_lock nrip_save tsc_scale vmcb_clean flushbyasid decodeassists pausefilter pfthreshold avic v_vmsave_vmload vgif umip overflow_recov succor smca
Online cpus:0-63
Offline cpus:
BIOS frequency limitation:2900000
Frequency switch latency (ns):0
Available cpu frequencies:2900000 2400000 1500000 
Current governor:conservative
Core performance/turbo boost:1

Memory: 4k page, physical 263895364k(1109172k free), swap 4194300k(526396k free)

vm_info: OpenJDK 64-Bit Server VM (13.0.7+5-Ubuntu-0ubuntu120.04) for linux-amd64 JRE (13.0.7+5-Ubuntu-0ubuntu120.04), built on Apr 21 2021 05:36:19 by "unknown" with gcc 9.3.0

END.
