#
# There is insufficient memory for the Java Runtime Environment to continue.
# Native memory allocation (mmap) failed to map 4294971392 bytes for committing reserved memory.
# Possible reasons:
#   The system is out of physical RAM or swap space
# Possible solutions:
#   Reduce memory load on the system
#   Increase physical memory or swap space
#   Check if swap backing store is full
#   Decrease Java heap size (-Xmx/-Xms)
#   Decrease number of Java threads
#   Decrease Java thread stack sizes (-Xss)
#   Set larger code cache with -XX:ReservedCodeCacheSize=
# This output file may be truncated or incomplete.
#
#  Out of Memory Error (os_linux.cpp:2899), pid=8995, tid=9138
#
# JRE version: OpenJDK Runtime Environment (13.0.7+5) (build 13.0.7+5-Ubuntu-0ubuntu120.04)
# Java VM: OpenJDK 64-Bit Server VM (13.0.7+5-Ubuntu-0ubuntu120.04, mixed mode, tiered, serial gc, linux-amd64)
# No core dump will be written. Core dumps have been disabled. To enable core dumping, try "ulimit -c unlimited" before starting Java again
#

---------------  S U M M A R Y ------------

Command Line: -Xmx64g --add-modules=ALL-DEFAULT jdk.compiler/com.sun.tools.javac.launcher.Main /mnt/beegfs/rcabanas/dev/credici/papers/journalEM/code/GenerateModel.java -n 10 -d 1000 -di 0.5 -mr 0.98 -r 1.0 --seed 2 --output /mnt/beegfs/rcabanas/dev/credici/papers/journalEM/models/synthetic/s1/ --debug

Host: AMD EPYC 7542 32-Core Processor, 64 cores, 251G, Ubuntu 20.04.4 LTS
Time: Sun Oct  2 18:50:23 2022 CEST elapsed time: 43.606396 seconds (0d 0h 0m 43s)

---------------  T H R E A D  ---------------

Current thread (0x00007f9da4097800):  VMThread "VM Thread" [stack: 0x00007f9da9d51000,0x00007f9da9e51000] [id=9138]

Stack: [0x00007f9da9d51000,0x00007f9da9e51000],  sp=0x00007f9da9e4e920,  free space=1014k
Native frames: (J=compiled Java code, A=aot compiled Java code, j=interpreted, Vv=VM code, C=native code)
V  [libjvm.so+0xf8f092]
V  [libjvm.so+0xf8fc91]
V  [libjvm.so+0x66ee5a]
V  [libjvm.so+0xc44a41]
V  [libjvm.so+0xc3b263]
V  [libjvm.so+0xf87f4b]
V  [libjvm.so+0x557506]
V  [libjvm.so+0x557723]
V  [libjvm.so+0xf18c5e]
V  [libjvm.so+0x7e1807]
V  [libjvm.so+0x67586f]
V  [libjvm.so+0x677484]
V  [libjvm.so+0x678be7]
V  [libjvm.so+0x675f06]
V  [libjvm.so+0x676446]
V  [libjvm.so+0x7e2099]
V  [libjvm.so+0x7e2c91]
V  [libjvm.so+0x7e39bd]
V  [libjvm.so+0x7d8b48]
V  [libjvm.so+0xf90940]
V  [libjvm.so+0xf96657]
V  [libjvm.so+0xf96d2b]
V  [libjvm.so+0xf9706a]
V  [libjvm.so+0xf2208f]
V  [libjvm.so+0xc493ff]

VM_Operation (0x00007f9daaac14d0): GenCollectForAllocation, mode: safepoint, requested by thread 0x00007f9da4018000


---------------  P R O C E S S  ---------------

Threads class SMR info:
_java_thread_list=0x00007f9da4136380, length=9, elements={
0x00007f9da4018000, 0x00007f9da40a3800, 0x00007f9da40a7000, 0x00007f9da40cb800,
0x00007f9da40cd000, 0x00007f9da40cf000, 0x00007f9da40d1000, 0x00007f9da40d3000,
0x00007f9da4135000
}

Java Threads: ( => current thread )
  0x00007f9da4018000 JavaThread "main" [_thread_blocked, id=9093, stack(0x00007f9daa9c3000,0x00007f9daaac4000)]
  0x00007f9da40a3800 JavaThread "Reference Handler" daemon [_thread_blocked, id=9143, stack(0x00007f9da9c4e000,0x00007f9da9d4f000)]
  0x00007f9da40a7000 JavaThread "Finalizer" daemon [_thread_blocked, id=9144, stack(0x00007f9da9b4d000,0x00007f9da9c4e000)]
  0x00007f9da40cb800 JavaThread "Signal Dispatcher" daemon [_thread_blocked, id=9153, stack(0x00007f9da9a13000,0x00007f9da9b14000)]
  0x00007f9da40cd000 JavaThread "Service Thread" daemon [_thread_blocked, id=9154, stack(0x00007f9da9912000,0x00007f9da9a13000)]
  0x00007f9da40cf000 JavaThread "C2 CompilerThread0" daemon [_thread_blocked, id=9155, stack(0x00007f9da9811000,0x00007f9da9912000)]
  0x00007f9da40d1000 JavaThread "C1 CompilerThread0" daemon [_thread_blocked, id=9156, stack(0x00007f9da9710000,0x00007f9da9811000)]
  0x00007f9da40d3000 JavaThread "Sweeper thread" daemon [_thread_blocked, id=9168, stack(0x00007f9da960f000,0x00007f9da9710000)]
  0x00007f9da4135000 JavaThread "Common-Cleaner" daemon [_thread_blocked, id=9197, stack(0x00007f9da950e000,0x00007f9da960f000)]

Other Threads:
=>0x00007f9da4097800 VMThread "VM Thread" [stack: 0x00007f9da9d51000,0x00007f9da9e51000] [id=9138]
  0x00007f9da4181800 WatcherThread [stack: 0x00007f9da940e000,0x00007f9da950e000] [id=9228]

Threads with active compile tasks:

VM state:at safepoint (normal execution)

VM Mutex/Monitor currently owned by a thread:  ([mutex/lock_event])
[0x00007f9da4014100] Threads_lock - owner thread: 0x00007f9da4097800
[0x00007f9da4014d00] Heap_lock - owner thread: 0x00007f9da4018000

Heap:
 def new generation   total 6298560K, used 4304624K [0x00007f8d8c600000, 0x00007f8f37860000, 0x00007f92e1b50000)
  eden space 5598720K,  76% used [0x00007f8d8c600000, 0x00007f8e931bc198, 0x00007f8ee2180000)
  from space 699840K,   0% used [0x00007f8f0ccf0000, 0x00007f8f0ccf00a8, 0x00007f8f37860000)
  to   space 699840K,   0% used [0x00007f8ee2180000, 0x00007f8ee2180228, 0x00007f8f0ccf0000)
 tenured generation   total 13996760K, used 12592357K [0x00007f92e1b50000, 0x00007f9638006000, 0x00007f9d8c600000)
   the space 13996760K,  89% used [0x00007f92e1b50000, 0x00007f95e2489688, 0x00007f95e2489800, 0x00007f9638006000)
 Metaspace       used 23270K, capacity 23613K, committed 23808K, reserved 24576K

Card table byte_map: [0x00007f8d845ff000,0x00007f8d8c600000] _byte_map_base: 0x00007f4dbd99c000

Polling page: 0x00007f9dac44f000

Metaspace:

Usage:
   23.06 MB capacity,    22.73 MB ( 99%) used,   248.35 KB (  1%) free+waste,    94.12 KB ( <1%) overhead. 

Virtual space:
     24.00 MB reserved,      23.25 MB ( 97%) committed 

Chunk freelists:
15.00 KB

MaxMetaspaceSize: unlimited


CodeHeap 'non-profiled nmethods': size=120036Kb used=1322Kb max_used=1322Kb free=118713Kb
 bounds [0x00007f9d94251000, 0x00007f9d944c1000, 0x00007f9d9b78a000]
CodeHeap 'profiled nmethods': size=120032Kb used=5802Kb max_used=5802Kb free=114229Kb
 bounds [0x00007f9d8cd19000, 0x00007f9d8d2c9000, 0x00007f9d94251000]
CodeHeap 'non-nmethods': size=5692Kb used=1199Kb max_used=1245Kb free=4493Kb
 bounds [0x00007f9d8c78a000, 0x00007f9d8c9fa000, 0x00007f9d8cd19000]
 total_blobs=3650 nmethods=3184 adapters=380
 compilation: enabled
              stopped_count=0, restarted_count=0
 full_count=0

Compilation events (20 events):
Event: 5.904 Thread 0x00007f9da40d1000 nmethod 3214 0x00007f9d8d2c1990 code [0x00007f9d8d2c1b20, 0x00007f9d8d2c1cd0]
Event: 5.904 Thread 0x00007f9da40d1000 3215       2       com.google.common.math.IntMath::log2 (118 bytes)
Event: 5.905 Thread 0x00007f9da40d1000 nmethod 3215 0x00007f9d8d2c1d90 code [0x00007f9d8d2c1f80, 0x00007f9d8d2c2370]
Event: 5.905 Thread 0x00007f9da40d1000 3216       2       com.google.common.collect.ImmutableSet$RegularSetBuilderImpl::review (77 bytes)
Event: 5.905 Thread 0x00007f9da40d1000 nmethod 3216 0x00007f9d8d2c2590 code [0x00007f9d8d2c27a0, 0x00007f9d8d2c2a80]
Event: 5.905 Thread 0x00007f9da40d1000 3217       2       com.google.common.collect.ImmutableSet$RegularSetBuilderImpl::build (101 bytes)
Event: 5.906 Thread 0x00007f9da40d1000 nmethod 3217 0x00007f9d8d2c2c10 code [0x00007f9d8d2c2de0, 0x00007f9d8d2c3170]
Event: 5.906 Thread 0x00007f9da40d1000 3218       2       com.google.common.collect.RegularImmutableSet::internalArrayEnd (6 bytes)
Event: 5.906 Thread 0x00007f9da40d1000 nmethod 3218 0x00007f9d8d2c3390 code [0x00007f9d8d2c3520, 0x00007f9d8d2c3610]
Event: 5.906 Thread 0x00007f9da40d1000 3220       2       java.util.LinkedList$ListItr::hasNext (20 bytes)
Event: 5.906 Thread 0x00007f9da40d1000 nmethod 3220 0x00007f9d8d2c3710 code [0x00007f9d8d2c38a0, 0x00007f9d8d2c39b0]
Event: 6.984 Thread 0x00007f9da40cf000 nmethod 3161 0x00007f9d94387210 code [0x00007f9d94387960, 0x00007f9d9438f990]
Event: 6.984 Thread 0x00007f9da40cf000 3170 %     4       gnu.trove.map.hash.TIntIntHashMap::rehash @ 47 (94 bytes)
Event: 6.993 Thread 0x00007f9da40cf000 nmethod 3170% 0x00007f9d94395b90 code [0x00007f9d94395d40, 0x00007f9d943962e8]
Event: 6.993 Thread 0x00007f9da40cf000 3172 %     4       org.jgrapht.traverse.TopologicalOrderIterator::<init> @ 63 (210 bytes)
Event: 7.111 Thread 0x00007f9da40cf000 nmethod 3172% 0x00007f9d94396710 code [0x00007f9d943969c0, 0x00007f9d94398368]
Event: 7.112 Thread 0x00007f9da40cf000 3221       4       java.util.stream.IntPipeline::toArray (24 bytes)
Event: 7.150 Thread 0x00007f9da40cf000 nmethod 3221 0x00007f9d94399790 code [0x00007f9d943999c0, 0x00007f9d9439a978]
Event: 7.151 Thread 0x00007f9da40cf000 3219       4       ch.idsia.crema.model.Strides::indexOf (9 bytes)
Event: 7.166 Thread 0x00007f9da40cf000 nmethod 3219 0x00007f9d9439b710 code [0x00007f9d9439b880, 0x00007f9d9439b938]

GC Heap History (20 events):
Event: 4.155 GC heap after
{Heap after GC invocations=3 (full 1):
 def new generation   total 629248K, used 1134K [0x00007f8d8c600000, 0x00007f8db70c0000, 0x00007f92e1b50000)
  eden space 559360K,   0% used [0x00007f8d8c600000, 0x00007f8d8c600000, 0x00007f8dae840000)
  from space 69888K,   1% used [0x00007f8dae840000, 0x00007f8dae95ba68, 0x00007f8db2c80000)
  to   space 69888K,   0% used [0x00007f8db2c80000, 0x00007f8db2c80000, 0x00007f8db70c0000)
 tenured generation   total 1398144K, used 13580K [0x00007f92e1b50000, 0x00007f93370b0000, 0x00007f9d8c600000)
   the space 1398144K,   0% used [0x00007f92e1b50000, 0x00007f92e2893118, 0x00007f92e2893200, 0x00007f93370b0000)
 Metaspace       used 23187K, capacity 23604K, committed 23808K, reserved 24576K
}
Event: 4.554 GC heap before
{Heap before GC invocations=3 (full 1):
 def new generation   total 629248K, used 560494K [0x00007f8d8c600000, 0x00007f8db70c0000, 0x00007f92e1b50000)
  eden space 559360K, 100% used [0x00007f8d8c600000, 0x00007f8dae840000, 0x00007f8dae840000)
  from space 69888K,   1% used [0x00007f8dae840000, 0x00007f8dae95ba68, 0x00007f8db2c80000)
  to   space 69888K,   0% used [0x00007f8db2c80000, 0x00007f8db2c80000, 0x00007f8db70c0000)
 tenured generation   total 1398144K, used 13580K [0x00007f92e1b50000, 0x00007f93370b0000, 0x00007f9d8c600000)
   the space 1398144K,   0% used [0x00007f92e1b50000, 0x00007f92e2893118, 0x00007f92e2893200, 0x00007f93370b0000)
 Metaspace       used 23228K, capacity 23608K, committed 23808K, reserved 24576K
}
Event: 4.558 GC heap after
{Heap after GC invocations=4 (full 1):
 def new generation   total 629248K, used 1251K [0x00007f8d8c600000, 0x00007f8db70c0000, 0x00007f92e1b50000)
  eden space 559360K,   0% used [0x00007f8d8c600000, 0x00007f8d8c600000, 0x00007f8dae840000)
  from space 69888K,   1% used [0x00007f8db2c80000, 0x00007f8db2db8fa8, 0x00007f8db70c0000)
  to   space 69888K,   0% used [0x00007f8dae840000, 0x00007f8dae840000, 0x00007f8db2c80000)
 tenured generation   total 1398144K, used 13580K [0x00007f92e1b50000, 0x00007f93370b0000, 0x00007f9d8c600000)
   the space 1398144K,   0% used [0x00007f92e1b50000, 0x00007f92e2893118, 0x00007f92e2893200, 0x00007f93370b0000)
 Metaspace       used 23228K, capacity 23608K, committed 23808K, reserved 24576K
}
Event: 5.483 GC heap before
{Heap before GC invocations=4 (full 1):
 def new generation   total 629248K, used 560611K [0x00007f8d8c600000, 0x00007f8db70c0000, 0x00007f92e1b50000)
  eden space 559360K, 100% used [0x00007f8d8c600000, 0x00007f8dae840000, 0x00007f8dae840000)
  from space 69888K,   1% used [0x00007f8db2c80000, 0x00007f8db2db8fa8, 0x00007f8db70c0000)
  to   space 69888K,   0% used [0x00007f8dae840000, 0x00007f8dae840000, 0x00007f8db2c80000)
 tenured generation   total 1398144K, used 13580K [0x00007f92e1b50000, 0x00007f93370b0000, 0x00007f9d8c600000)
   the space 1398144K,   0% used [0x00007f92e1b50000, 0x00007f92e2893118, 0x00007f92e2893200, 0x00007f93370b0000)
 Metaspace       used 23236K, capacity 23613K, committed 23808K, reserved 24576K
}
Event: 5.488 GC heap after
{Heap after GC invocations=5 (full 1):
 def new generation   total 629248K, used 1435K [0x00007f8d8c600000, 0x00007f8db70c0000, 0x00007f92e1b50000)
  eden space 559360K,   0% used [0x00007f8d8c600000, 0x00007f8d8c600000, 0x00007f8dae840000)
  from space 69888K,   2% used [0x00007f8dae840000, 0x00007f8dae9a6c08, 0x00007f8db2c80000)
  to   space 69888K,   0% used [0x00007f8db2c80000, 0x00007f8db2c80000, 0x00007f8db70c0000)
 tenured generation   total 1398144K, used 13580K [0x00007f92e1b50000, 0x00007f93370b0000, 0x00007f9d8c600000)
   the space 1398144K,   0% used [0x00007f92e1b50000, 0x00007f92e2893118, 0x00007f92e2893200, 0x00007f93370b0000)
 Metaspace       used 23236K, capacity 23613K, committed 23808K, reserved 24576K
}
Event: 5.927 GC heap before
{Heap before GC invocations=5 (full 1):
 def new generation   total 629248K, used 229998K [0x00007f8d8c600000, 0x00007f8db70c0000, 0x00007f92e1b50000)
  eden space 559360K,  40% used [0x00007f8d8c600000, 0x00007f8d9a534c28, 0x00007f8dae840000)
  from space 69888K,   2% used [0x00007f8dae840000, 0x00007f8dae9a6c08, 0x00007f8db2c80000)
  to   space 69888K,   0% used [0x00007f8db2c80000, 0x00007f8db2c80000, 0x00007f8db70c0000)
 tenured generation   total 1398144K, used 13580K [0x00007f92e1b50000, 0x00007f93370b0000, 0x00007f9d8c600000)
   the space 1398144K,   0% used [0x00007f92e1b50000, 0x00007f92e2893118, 0x00007f92e2893200, 0x00007f93370b0000)
 Metaspace       used 23270K, capacity 23613K, committed 23808K, reserved 24576K
}
Event: 5.937 GC heap after
{Heap after GC invocations=6 (full 1):
 def new generation   total 629248K, used 3392K [0x00007f8d8c600000, 0x00007f8db70c0000, 0x00007f92e1b50000)
  eden space 559360K,   0% used [0x00007f8d8c600000, 0x00007f8d8c600000, 0x00007f8dae840000)
  from space 69888K,   4% used [0x00007f8db2c80000, 0x00007f8db2fd0050, 0x00007f8db70c0000)
  to   space 69888K,   0% used [0x00007f8dae840000, 0x00007f8dae840000, 0x00007f8db2c80000)
 tenured generation   total 1398144K, used 13580K [0x00007f92e1b50000, 0x00007f93370b0000, 0x00007f9d8c600000)
   the space 1398144K,   0% used [0x00007f92e1b50000, 0x00007f92e2893118, 0x00007f92e2893200, 0x00007f93370b0000)
 Metaspace       used 23270K, capacity 23613K, committed 23808K, reserved 24576K
}
Event: 5.937 GC heap before
{Heap before GC invocations=6 (full 1):
 def new generation   total 629248K, used 3392K [0x00007f8d8c600000, 0x00007f8db70c0000, 0x00007f92e1b50000)
  eden space 559360K,   0% used [0x00007f8d8c600000, 0x00007f8d8c600000, 0x00007f8dae840000)
  from space 69888K,   4% used [0x00007f8db2c80000, 0x00007f8db2fd0050, 0x00007f8db70c0000)
  to   space 69888K,   0% used [0x00007f8dae840000, 0x00007f8dae840000, 0x00007f8db2c80000)
 tenured generation   total 1398144K, used 13580K [0x00007f92e1b50000, 0x00007f93370b0000, 0x00007f9d8c600000)
   the space 1398144K,   0% used [0x00007f92e1b50000, 0x00007f92e2893118, 0x00007f92e2893200, 0x00007f93370b0000)
 Metaspace       used 23270K, capacity 23613K, committed 23808K, reserved 24576K
}
Event: 5.992 GC heap after
{Heap after GC invocations=6 (full 2):
 def new generation   total 629248K, used 0K [0x00007f8d8c600000, 0x00007f8db70c0000, 0x00007f92e1b50000)
  eden space 559360K,   0% used [0x00007f8d8c600000, 0x00007f8d8c600000, 0x00007f8dae840000)
  from space 69888K,   0% used [0x00007f8db2c80000, 0x00007f8db2c80000, 0x00007f8db70c0000)
  to   space 69888K,   0% used [0x00007f8dae840000, 0x00007f8dae840000, 0x00007f8db2c80000)
 tenured generation   total 1398144K, used 16966K [0x00007f92e1b50000, 0x00007f93370b0000, 0x00007f9d8c600000)
   the space 1398144K,   1% used [0x00007f92e1b50000, 0x00007f92e2be1930, 0x00007f92e2be1a00, 0x00007f93370b0000)
 Metaspace       used 23270K, capacity 23613K, committed 23808K, reserved 24576K
}
Event: 12.619 GC heap before
{Heap before GC invocations=6 (full 2):
 def new generation   total 629248K, used 11088K [0x00007f8d8c600000, 0x00007f8db70c0000, 0x00007f92e1b50000)
  eden space 559360K,   1% used [0x00007f8d8c600000, 0x00007f8d8d0d4120, 0x00007f8dae840000)
  from space 69888K,   0% used [0x00007f8db2c80000, 0x00007f8db2c80000, 0x00007f8db70c0000)
  to   space 69888K,   0% used [0x00007f8dae840000, 0x00007f8dae840000, 0x00007f8db2c80000)
 tenured generation   total 5592452K, used 4211270K [0x00007f92e1b50000, 0x00007f94370b1000, 0x00007f9d8c600000)
   the space 5592452K,  75% used [0x00007f92e1b50000, 0x00007f93e2be1948, 0x00007f93e2be1a00, 0x00007f94370b1000)
 Metaspace       used 23270K, capacity 23613K, committed 23808K, reserved 24576K
}
Event: 12.626 GC heap after
{Heap after GC invocations=7 (full 2):
 def new generation   total 629248K, used 0K [0x00007f8d8c600000, 0x00007f8db70c0000, 0x00007f92e1b50000)
  eden space 559360K,   0% used [0x00007f8d8c600000, 0x00007f8d8c600000, 0x00007f8dae840000)
  from space 69888K,   0% used [0x00007f8dae840000, 0x00007f8dae840200, 0x00007f8db2c80000)
  to   space 69888K,   0% used [0x00007f8db2c80000, 0x00007f8db2c80000, 0x00007f8db70c0000)
 tenured generation   total 5592452K, used 4211270K [0x00007f92e1b50000, 0x00007f94370b1000, 0x00007f9d8c600000)
   the space 5592452K,  75% used [0x00007f92e1b50000, 0x00007f93e2be1948, 0x00007f93e2be1a00, 0x00007f94370b1000)
 Metaspace       used 23270K, capacity 23613K, committed 23808K, reserved 24576K
}
Event: 12.626 GC heap before
{Heap before GC invocations=7 (full 2):
 def new generation   total 629248K, used 0K [0x00007f8d8c600000, 0x00007f8db70c0000, 0x00007f92e1b50000)
  eden space 559360K,   0% used [0x00007f8d8c600000, 0x00007f8d8c600000, 0x00007f8dae840000)
  from space 69888K,   0% used [0x00007f8dae840000, 0x00007f8dae840200, 0x00007f8db2c80000)
  to   space 69888K,   0% used [0x00007f8db2c80000, 0x00007f8db2c80000, 0x00007f8db70c0000)
 tenured generation   total 5592452K, used 4211270K [0x00007f92e1b50000, 0x00007f94370b1000, 0x00007f9d8c600000)
   the space 5592452K,  75% used [0x00007f92e1b50000, 0x00007f93e2be1948, 0x00007f93e2be1a00, 0x00007f94370b1000)
 Metaspace       used 23270K, capacity 23613K, committed 23808K, reserved 24576K
}
Event: 12.690 GC heap after
{Heap after GC invocations=7 (full 3):
 def new generation   total 3158528K, used 0K [0x00007f8d8c600000, 0x00007f8e62930000, 0x00007f92e1b50000)
  eden space 2807616K,   0% used [0x00007f8d8c600000, 0x00007f8d8c600000, 0x00007f8e37bd0000)
  from space 350912K,   0% used [0x00007f8e37bd0000, 0x00007f8e37bd0000, 0x00007f8e4d280000)
  to   space 350912K,   0% used [0x00007f8e4d280000, 0x00007f8e4d280000, 0x00007f8e62930000)
 tenured generation   total 7018788K, used 4211270K [0x00007f92e1b50000, 0x00007f948e199000, 0x00007f9d8c600000)
   the space 7018788K,  59% used [0x00007f92e1b50000, 0x00007f93e2be1ae0, 0x00007f93e2be1c00, 0x00007f948e199000)
 Metaspace       used 23270K, capacity 23613K, committed 23808K, reserved 24576K
}
Event: 17.376 GC heap before
{Heap before GC invocations=7 (full 3):
 def new generation   total 3158528K, used 55655K [0x00007f8d8c600000, 0x00007f8e62930000, 0x00007f92e1b50000)
  eden space 2807616K,   1% used [0x00007f8d8c600000, 0x00007f8d8fc59ec0, 0x00007f8e37bd0000)
  from space 350912K,   0% used [0x00007f8e37bd0000, 0x00007f8e37bd0000, 0x00007f8e4d280000)
  to   space 350912K,   0% used [0x00007f8e4d280000, 0x00007f8e4d280000, 0x00007f8e62930000)
 tenured generation   total 11213096K, used 8405574K [0x00007f92e1b50000, 0x00007f958e19a000, 0x00007f9d8c600000)
   the space 11213096K,  74% used [0x00007f92e1b50000, 0x00007f94e2be1af8, 0x00007f94e2be1c00, 0x00007f958e19a000)
 Metaspace       used 23270K, capacity 23613K, committed 23808K, reserved 24576K
}
Event: 17.390 GC heap after
{Heap after GC invocations=8 (full 3):
 def new generation   total 3158528K, used 0K [0x00007f8d8c600000, 0x00007f8e62930000, 0x00007f92e1b50000)
  eden space 2807616K,   0% used [0x00007f8d8c600000, 0x00007f8d8c600000, 0x00007f8e37bd0000)
  from space 350912K,   0% used [0x00007f8e4d280000, 0x00007f8e4d280248, 0x00007f8e62930000)
  to   space 350912K,   0% used [0x00007f8e37bd0000, 0x00007f8e37bd0000, 0x00007f8e4d280000)
 tenured generation   total 11213096K, used 8405574K [0x00007f92e1b50000, 0x00007f958e19a000, 0x00007f9d8c600000)
   the space 11213096K,  74% used [0x00007f92e1b50000, 0x00007f94e2be1af8, 0x00007f94e2be1c00, 0x00007f958e19a000)
 Metaspace       used 23270K, capacity 23613K, committed 23808K, reserved 24576K
}
Event: 17.390 GC heap before
{Heap before GC invocations=8 (full 3):
 def new generation   total 3158528K, used 0K [0x00007f8d8c600000, 0x00007f8e62930000, 0x00007f92e1b50000)
  eden space 2807616K,   0% used [0x00007f8d8c600000, 0x00007f8d8c600000, 0x00007f8e37bd0000)
  from space 350912K,   0% used [0x00007f8e4d280000, 0x00007f8e4d280248, 0x00007f8e62930000)
  to   space 350912K,   0% used [0x00007f8e37bd0000, 0x00007f8e37bd0000, 0x00007f8e4d280000)
 tenured generation   total 11213096K, used 8405574K [0x00007f92e1b50000, 0x00007f958e19a000, 0x00007f9d8c600000)
   the space 11213096K,  74% used [0x00007f92e1b50000, 0x00007f94e2be1af8, 0x00007f94e2be1c00, 0x00007f958e19a000)
 Metaspace       used 23270K, capacity 23613K, committed 23808K, reserved 24576K
}
Event: 24.001 GC heap after
{Heap after GC invocations=8 (full 4):
 def new generation   total 6298560K, used 0K [0x00007f8d8c600000, 0x00007f8f37860000, 0x00007f92e1b50000)
  eden space 5598720K,   0% used [0x00007f8d8c600000, 0x00007f8d8c600000, 0x00007f8ee2180000)
  from space 699840K,   0% used [0x00007f8ee2180000, 0x00007f8ee2180000, 0x00007f8f0ccf0000)
  to   space 699840K,   0% used [0x00007f8f0ccf0000, 0x00007f8f0ccf0000, 0x00007f8f37860000)
 tenured generation   total 13996760K, used 8398053K [0x00007f92e1b50000, 0x00007f9638006000, 0x00007f9d8c600000)
   the space 13996760K,  59% used [0x00007f92e1b50000, 0x00007f94e2489670, 0x00007f94e2489800, 0x00007f9638006000)
 Metaspace       used 23270K, capacity 23613K, committed 23808K, reserved 24576K
}
Event: 31.824 GC heap before
{Heap before GC invocations=8 (full 4):
 def new generation   total 6298560K, used 4305287K [0x00007f8d8c600000, 0x00007f8f37860000, 0x00007f92e1b50000)
  eden space 5598720K,  76% used [0x00007f8d8c600000, 0x00007f8e93261fe8, 0x00007f8ee2180000)
  from space 699840K,   0% used [0x00007f8ee2180000, 0x00007f8ee2180000, 0x00007f8f0ccf0000)
  to   space 699840K,   0% used [0x00007f8f0ccf0000, 0x00007f8f0ccf0000, 0x00007f8f37860000)
 tenured generation   total 13996760K, used 8398053K [0x00007f92e1b50000, 0x00007f9638006000, 0x00007f9d8c600000)
   the space 13996760K,  59% used [0x00007f92e1b50000, 0x00007f94e2489670, 0x00007f94e2489800, 0x00007f9638006000)
 Metaspace       used 23270K, capacity 23613K, committed 23808K, reserved 24576K
}
Event: 40.691 GC heap after
{Heap after GC invocations=9 (full 4):
 def new generation   total 6298560K, used 0K [0x00007f8d8c600000, 0x00007f8f37860000, 0x00007f92e1b50000)
  eden space 5598720K,   0% used [0x00007f8d8c600000, 0x00007f8d8c600000, 0x00007f8ee2180000)
  from space 699840K,   0% used [0x00007f8f0ccf0000, 0x00007f8f0ccf00a8, 0x00007f8f37860000)
  to   space 699840K,   0% used [0x00007f8ee2180000, 0x00007f8ee2180000, 0x00007f8f0ccf0000)
 tenured generation   total 13996760K, used 12592357K [0x00007f92e1b50000, 0x00007f9638006000, 0x00007f9d8c600000)
   the space 13996760K,  89% used [0x00007f92e1b50000, 0x00007f95e2489688, 0x00007f95e2489800, 0x00007f9638006000)
 Metaspace       used 23270K, capacity 23613K, committed 23808K, reserved 24576K
}
Event: 43.004 GC heap before
{Heap before GC invocations=9 (full 4):
 def new generation   total 6298560K, used 4304624K [0x00007f8d8c600000, 0x00007f8f37860000, 0x00007f92e1b50000)
  eden space 5598720K,  76% used [0x00007f8d8c600000, 0x00007f8e931bc198, 0x00007f8ee2180000)
  from space 699840K,   0% used [0x00007f8f0ccf0000, 0x00007f8f0ccf00a8, 0x00007f8f37860000)
  to   space 699840K,   0% used [0x00007f8ee2180000, 0x00007f8ee2180000, 0x00007f8f0ccf0000)
 tenured generation   total 13996760K, used 12592357K [0x00007f92e1b50000, 0x00007f9638006000, 0x00007f9d8c600000)
   the space 13996760K,  89% used [0x00007f92e1b50000, 0x00007f95e2489688, 0x00007f95e2489800, 0x00007f9638006000)
 Metaspace       used 23270K, capacity 23613K, committed 23808K, reserved 24576K
}

Deoptimization events (20 events):
Event: 5.587 Thread 0x00007f9da4018000 Uncommon trap: trap_request=0xffffff45 fr.pc=0x00007f9d94381530 relative=0x0000000000000130
Event: 5.587 Thread 0x00007f9da4018000 Uncommon trap: reason=unstable_if action=reinterpret pc=0x00007f9d94381530 method=java.util.Random.nextInt(I)I @ 58 c2
Event: 5.587 Thread 0x00007f9da4018000 DEOPT PACKING pc=0x00007f9d94381530 sp=0x00007f9daaac1520
Event: 5.587 Thread 0x00007f9da4018000 DEOPT UNPACKING pc=0x00007f9d8c7d2e25 sp=0x00007f9daaac14c8 mode 2
Event: 5.603 Thread 0x00007f9da4018000 DEOPT PACKING pc=0x00007f9d8d26045b sp=0x00007f9daaac17d0
Event: 5.603 Thread 0x00007f9da4018000 DEOPT UNPACKING pc=0x00007f9d8c7d333a sp=0x00007f9daaac0d58 mode 0
Event: 5.620 Thread 0x00007f9da4018000 DEOPT PACKING pc=0x00007f9d8d24abc0 sp=0x00007f9daaac12d0
Event: 5.620 Thread 0x00007f9da4018000 DEOPT UNPACKING pc=0x00007f9d8c7d333a sp=0x00007f9daaac0788 mode 0
Event: 5.667 Thread 0x00007f9da4018000 DEOPT PACKING pc=0x00007f9d8d2688c9 sp=0x00007f9daaac1560
Event: 5.667 Thread 0x00007f9da4018000 DEOPT UNPACKING pc=0x00007f9d8c7d333a sp=0x00007f9daaac0a38 mode 0
Event: 5.720 Thread 0x00007f9da4018000 DEOPT PACKING pc=0x00007f9d8d261eaa sp=0x00007f9daaac16f0
Event: 5.720 Thread 0x00007f9da4018000 DEOPT UNPACKING pc=0x00007f9d8c7d333a sp=0x00007f9daaac0ba0 mode 0
Event: 5.740 Thread 0x00007f9da4018000 DEOPT PACKING pc=0x00007f9d8d257ae8 sp=0x00007f9daaac15b0
Event: 5.740 Thread 0x00007f9da4018000 DEOPT UNPACKING pc=0x00007f9d8c7d333a sp=0x00007f9daaac0ab0 mode 0
Event: 5.772 Thread 0x00007f9da4018000 DEOPT PACKING pc=0x00007f9d8d26045b sp=0x00007f9daaac17d0
Event: 5.772 Thread 0x00007f9da4018000 DEOPT UNPACKING pc=0x00007f9d8c7d333a sp=0x00007f9daaac0d58 mode 0
Event: 5.823 Thread 0x00007f9da4018000 DEOPT PACKING pc=0x00007f9d8d2665e6 sp=0x00007f9daaac15d0
Event: 5.823 Thread 0x00007f9da4018000 DEOPT UNPACKING pc=0x00007f9d8c7d333a sp=0x00007f9daaac0ab8 mode 0
Event: 5.843 Thread 0x00007f9da4018000 DEOPT PACKING pc=0x00007f9d8d261e59 sp=0x00007f9daaac16f0
Event: 5.843 Thread 0x00007f9da4018000 DEOPT UNPACKING pc=0x00007f9d8c7d333a sp=0x00007f9daaac0b90 mode 0

Classes unloaded (0 events):
No events

Classes redefined (0 events):
No events

Internal exceptions (20 events):
Event: 1.287 Thread 0x00007f9da4018000 Exception <a 'java/lang/NoSuchMethodError'{0x00007f8d8f5f3df0}: 'java.lang.Object java.lang.invoke.DirectMethodHandle$Holder.invokeStatic(java.lang.Object, java.lang.Object, int, int)'> (0x00007f8d8f5f3df0) 
thrown [src/hotspot/share/interpreter/linkResolver.cpp, line 766]
Event: 1.590 Thread 0x00007f9da4018000 Exception <a 'java/lang/NoSuchMethodError'{0x00007f8d9091a918}: 'int java.lang.invoke.DirectMethodHandle$Holder.invokeVirtual(java.lang.Object, java.lang.Object, java.lang.Object, java.lang.Object)'> (0x00007f8d9091a918) 
thrown [src/hotspot/share/interpreter/linkResolver.cpp, line 766]
Event: 1.592 Thread 0x00007f9da4018000 Exception <a 'java/lang/NoSuchMethodError'{0x00007f8d90928a60}: 'java.lang.Object java.lang.invoke.DirectMethodHandle$Holder.invokeStatic(java.lang.Object, java.lang.Object, int, java.lang.Object)'> (0x00007f8d90928a60) 
thrown [src/hotspot/share/interpreter/linkResolver.cpp, line 766]
Event: 1.593 Thread 0x00007f9da4018000 Exception <a 'java/lang/NoSuchMethodError'{0x00007f8d90931378}: 'java.lang.Object java.lang.invoke.Invokers$Holder.linkToTargetMethod(java.lang.Object, int, java.lang.Object, java.lang.Object)'> (0x00007f8d90931378) 
thrown [src/hotspot/share/interpreter/linkResolver.cpp, line 766]
Event: 2.047 Thread 0x00007f9da4018000 Exception <a 'java/lang/NoSuchMethodError'{0x00007f8d911e4068}: 'java.lang.Object java.lang.invoke.Invokers$Holder.linkToTargetMethod(java.lang.Object, int, java.lang.Object)'> (0x00007f8d911e4068) 
thrown [src/hotspot/share/interpreter/linkResolver.cpp, line 766]
Event: 2.071 Thread 0x00007f9da4018000 Exception <a 'java/lang/NoSuchMethodError'{0x00007f8d91d65d20}: 'java.lang.Object java.lang.invoke.Invokers$Holder.linkToTargetMethod(java.lang.Object, long, java.lang.Object)'> (0x00007f8d91d65d20) 
thrown [src/hotspot/share/interpreter/linkResolver.cpp, line 766]
Event: 2.093 Thread 0x00007f9da4018000 Exception <a 'java/lang/NoSuchMethodError'{0x00007f8d91dcf500}: 'java.lang.Object java.lang.invoke.Invokers$Holder.linkToTargetMethod(double, java.lang.Object)'> (0x00007f8d91dcf500) 
thrown [src/hotspot/share/interpreter/linkResolver.cpp, line 766]
Event: 2.252 Thread 0x00007f9da4018000 Exception <a 'java/lang/NoSuchMethodError'{0x00007f8d92344458}: 'java.lang.Object java.lang.invoke.Invokers$Holder.invokeExact_MT(java.lang.Object, java.lang.Object, java.lang.Object, java.lang.Object, java.lang.Object, java.lang.Object)'> (0x00007f8d92344458) 
thrown [src/hotspot/share/interpreter/linkResolver.cpp, line 766]
Event: 2.297 Thread 0x00007f9da4018000 Exception <a 'java/lang/NoSuchMethodError'{0x00007f8d923f3788}: 'int java.lang.invoke.DirectMethodHandle$Holder.invokeStatic(java.lang.Object, java.lang.Object, int)'> (0x00007f8d923f3788) 
thrown [src/hotspot/share/interpreter/linkResolver.cpp, line 766]
Event: 2.301 Thread 0x00007f9da4018000 Exception <a 'java/lang/NoSuchMethodError'{0x00007f8d924062b0}: 'int java.lang.invoke.DirectMethodHandle$Holder.invokeStatic(java.lang.Object, java.lang.Object, java.lang.Object, int)'> (0x00007f8d924062b0) 
thrown [src/hotspot/share/interpreter/linkResolver.cpp, line 766]
Event: 2.385 Thread 0x00007f9da40a7000 Implicit null exception at 0x00007f9d942a40cc to 0x00007f9d942a4180
Event: 2.563 Thread 0x00007f9da4018000 Exception <a 'java/lang/NoSuchMethodError'{0x00007f8d8e9a7d30}: 'java.lang.Object java.lang.invoke.DirectMethodHandle$Holder.invokeInterface(java.lang.Object, java.lang.Object, java.lang.Object)'> (0x00007f8d8e9a7d30) 
thrown [src/hotspot/share/interpreter/linkResolver.cpp, line 766]
Event: 2.564 Thread 0x00007f9da4018000 Exception <a 'java/lang/NoSuchMethodError'{0x00007f8d8e9b6700}: 'void java.lang.invoke.DirectMethodHandle$Holder.invokeStatic(java.lang.Object, java.lang.Object, java.lang.Object, java.lang.Object)'> (0x00007f8d8e9b6700) 
thrown [src/hotspot/share/interpreter/linkResolver.cpp, line 766]
Event: 2.665 Thread 0x00007f9da4018000 Exception <a 'java/lang/NoSuchMethodError'{0x00007f8d8eea0528}: 'int java.lang.invoke.DirectMethodHandle$Holder.invokeStatic(java.lang.Object, int, java.lang.Object, int)'> (0x00007f8d8eea0528) 
thrown [src/hotspot/share/interpreter/linkResolver.cpp, line 766]
Event: 2.665 Thread 0x00007f9da4018000 Exception <a 'java/lang/NoSuchMethodError'{0x00007f8d8eea7568}: 'java.lang.Object java.lang.invoke.DirectMethodHandle$Holder.invokeStatic(java.lang.Object, int, java.lang.Object)'> (0x00007f8d8eea7568) 
thrown [src/hotspot/share/interpreter/linkResolver.cpp, line 766]
Event: 2.712 Thread 0x00007f9da4018000 Exception <a 'java/lang/NoSuchMethodError'{0x00007f8d8f005878}: 'void java.lang.invoke.DirectMethodHandle$Holder.invokeStatic(java.lang.Object, java.lang.Object, int)'> (0x00007f8d8f005878) 
thrown [src/hotspot/share/interpreter/linkResolver.cpp, line 766]
Event: 2.726 Thread 0x00007f9da4018000 Exception <a 'java/lang/NoSuchMethodError'{0x00007f8d8f074968}: 'void java.lang.invoke.DirectMethodHandle$Holder.invokeInterface(java.lang.Object, java.lang.Object, int)'> (0x00007f8d8f074968) 
thrown [src/hotspot/share/interpreter/linkResolver.cpp, line 766]
Event: 2.726 Thread 0x00007f9da4018000 Exception <a 'java/lang/IncompatibleClassChangeError'{0x00007f8d8f078430}: Found class java.lang.Object, but interface was expected> (0x00007f8d8f078430) 
thrown [src/hotspot/share/interpreter/linkResolver.cpp, line 833]
Event: 3.890 Thread 0x00007f9da4018000 Exception <a 'java/lang/IncompatibleClassChangeError'{0x00007f8d9bb97a88}: Found class java.lang.Object, but interface was expected> (0x00007f8d9bb97a88) 
thrown [src/hotspot/share/interpreter/linkResolver.cpp, line 833]
Event: 4.369 Thread 0x00007f9da4018000 Exception <a 'java/lang/ArrayIndexOutOfBoundsException'{0x00007f8dac6000b8}> (0x00007f8dac6000b8) 
thrown [src/hotspot/share/runtime/sharedRuntime.cpp, line 585]

Events (20 events):
Event: 3.937 loading class ch/idsia/crema/factor/FactorUtil done
Event: 3.946 loading class ch/idsia/crema/model/vertex/Marginal
Event: 3.946 loading class ch/idsia/crema/model/vertex/Marginal done
Event: 3.946 Executing VM operation: Deoptimize
Event: 3.947 Executing VM operation: Deoptimize done
Event: 4.152 Executing VM operation: GenCollectForAllocation
Event: 4.155 Executing VM operation: GenCollectForAllocation done
Event: 4.554 Executing VM operation: GenCollectForAllocation
Event: 4.558 Executing VM operation: GenCollectForAllocation done
Event: 5.482 Executing VM operation: GenCollectForAllocation
Event: 5.488 Executing VM operation: GenCollectForAllocation done
Event: 5.927 Executing VM operation: GenCollectForAllocation
Event: 6.021 Executing VM operation: GenCollectForAllocation done
Event: 12.619 Executing VM operation: GenCollectForAllocation
Event: 12.705 Executing VM operation: GenCollectForAllocation done
Event: 17.376 Executing VM operation: GenCollectForAllocation
Event: 24.001 Executing VM operation: GenCollectForAllocation done
Event: 31.813 Executing VM operation: GenCollectForAllocation
Event: 40.693 Executing VM operation: GenCollectForAllocation done
Event: 42.998 Executing VM operation: GenCollectForAllocation


Dynamic libraries:
556214a7b000-556214a7c000 r--p 00000000 07:2d 4860                       /usr/lib/jvm/java-13-openjdk-amd64/bin/java
556214a7c000-556214a7d000 r-xp 00001000 07:2d 4860                       /usr/lib/jvm/java-13-openjdk-amd64/bin/java
556214a7d000-556214a7e000 r--p 00002000 07:2d 4860                       /usr/lib/jvm/java-13-openjdk-amd64/bin/java
556214a7e000-556214a7f000 r--p 00002000 07:2d 4860                       /usr/lib/jvm/java-13-openjdk-amd64/bin/java
556214a7f000-556214a80000 rw-p 00003000 07:2d 4860                       /usr/lib/jvm/java-13-openjdk-amd64/bin/java
5562169b2000-5562169d3000 rw-p 00000000 00:00 0                          [heap]
7f8d50000000-7f8d50021000 rw-p 00000000 00:00 0 
7f8d50021000-7f8d54000000 ---p 00000000 00:00 0 
7f8d58000000-7f8d58021000 rw-p 00000000 00:00 0 
7f8d58021000-7f8d5c000000 ---p 00000000 00:00 0 
7f8d5c000000-7f8d5c021000 rw-p 00000000 00:00 0 
7f8d5c021000-7f8d60000000 ---p 00000000 00:00 0 
7f8d60000000-7f8d618a2000 rw-p 00000000 00:00 0 
7f8d618a2000-7f8d64000000 ---p 00000000 00:00 0 
7f8d64000000-7f8d644a6000 rw-p 00000000 00:00 0 
7f8d644a6000-7f8d68000000 ---p 00000000 00:00 0 
7f8d68000000-7f8d68021000 rw-p 00000000 00:00 0 
7f8d68021000-7f8d6c000000 ---p 00000000 00:00 0 
7f8d6c000000-7f8d6c021000 rw-p 00000000 00:00 0 
7f8d6c021000-7f8d70000000 ---p 00000000 00:00 0 
7f8d70000000-7f8d70021000 rw-p 00000000 00:00 0 
7f8d70021000-7f8d74000000 ---p 00000000 00:00 0 
7f8d74000000-7f8d74021000 rw-p 00000000 00:00 0 
7f8d74021000-7f8d78000000 ---p 00000000 00:00 0 
7f8d78000000-7f8d78046000 rw-p 00000000 00:00 0 
7f8d78046000-7f8d7c000000 ---p 00000000 00:00 0 
7f8d7f0a9000-7f8d80b5c000 rw-p 00000000 00:00 0 
7f8d80b5c000-7f8d845ff000 ---p 00000000 00:00 0 
7f8d845ff000-7f8d85359000 rw-p 00000000 00:00 0 
7f8d85359000-7f8d870a9000 ---p 00000000 00:00 0 
7f8d870a9000-7f8d88b5d000 rw-p 00000000 00:00 0 
7f8d88b5d000-7f8d8c5ff000 ---p 00000000 00:00 0 
7f8d8c5ff000-7f8f37860000 rw-p 00000000 00:00 0 
7f8f37860000-7f92e1b50000 ---p 00000000 00:00 0 
7f92e1b50000-7f9638006000 rw-p 00000000 00:00 0 
7f9738007000-7f9d8c600000 ---p 00000000 00:00 0 
7f9d8c78a000-7f9d8c9fa000 rwxp 00000000 00:00 0 
7f9d8c9fa000-7f9d8cd19000 ---p 00000000 00:00 0 
7f9d8cd19000-7f9d8d2c9000 rwxp 00000000 00:00 0 
7f9d8d2c9000-7f9d94251000 ---p 00000000 00:00 0 
7f9d94251000-7f9d944c1000 rwxp 00000000 00:00 0 
7f9d944c1000-7f9d9b78a000 ---p 00000000 00:00 0 
7f9d9b78a000-7f9da4000000 r--s 00000000 07:2d 5215                       /usr/lib/jvm/java-13-openjdk-amd64/lib/modules
7f9da4000000-7f9da4667000 rw-p 00000000 00:00 0 
7f9da4667000-7f9da8000000 ---p 00000000 00:00 0 
7f9da820d000-7f9da834d000 rw-p 00000000 00:00 0 
7f9da834d000-7f9da840d000 ---p 00000000 00:00 0 
7f9da840d000-7f9da860d000 rw-p 00000000 00:00 0 
7f9da860d000-7f9da880d000 rw-p 00000000 00:00 0 
7f9da880d000-7f9da8a0d000 rw-p 00000000 00:00 0 
7f9da8a0d000-7f9da8dad000 rw-p 00000000 00:00 0 
7f9da8dad000-7f9da8fad000 rw-p 00000000 00:00 0 
7f9da8fad000-7f9da91ad000 rw-p 00000000 00:00 0 
7f9da91ad000-7f9da93ad000 rw-p 00000000 00:00 0 
7f9da93ad000-7f9da93de000 rw-p 00000000 00:00 0 
7f9da93de000-7f9da93e2000 r--p 00000000 07:2d 5204                       /usr/lib/jvm/java-13-openjdk-amd64/lib/libnet.so
7f9da93e2000-7f9da93f0000 r-xp 00004000 07:2d 5204                       /usr/lib/jvm/java-13-openjdk-amd64/lib/libnet.so
7f9da93f0000-7f9da93f4000 r--p 00012000 07:2d 5204                       /usr/lib/jvm/java-13-openjdk-amd64/lib/libnet.so
7f9da93f4000-7f9da93f5000 r--p 00015000 07:2d 5204                       /usr/lib/jvm/java-13-openjdk-amd64/lib/libnet.so
7f9da93f5000-7f9da93f6000 rw-p 00016000 07:2d 5204                       /usr/lib/jvm/java-13-openjdk-amd64/lib/libnet.so
7f9da93f6000-7f9da93fd000 r--p 00000000 07:2d 5205                       /usr/lib/jvm/java-13-openjdk-amd64/lib/libnio.so
7f9da93fd000-7f9da9406000 r-xp 00007000 07:2d 5205                       /usr/lib/jvm/java-13-openjdk-amd64/lib/libnio.so
7f9da9406000-7f9da940a000 r--p 00010000 07:2d 5205                       /usr/lib/jvm/java-13-openjdk-amd64/lib/libnio.so
7f9da940a000-7f9da940b000 r--p 00013000 07:2d 5205                       /usr/lib/jvm/java-13-openjdk-amd64/lib/libnio.so
7f9da940b000-7f9da940c000 rw-p 00014000 07:2d 5205                       /usr/lib/jvm/java-13-openjdk-amd64/lib/libnio.so
7f9da940c000-7f9da940d000 ---p 00000000 00:00 0 
7f9da940d000-7f9da950e000 rw-p 00000000 00:00 0 
7f9da950e000-7f9da9512000 ---p 00000000 00:00 0 
7f9da9512000-7f9da960f000 rw-p 00000000 00:00 0 
7f9da960f000-7f9da9613000 ---p 00000000 00:00 0 
7f9da9613000-7f9da9710000 rw-p 00000000 00:00 0 
7f9da9710000-7f9da9714000 ---p 00000000 00:00 0 
7f9da9714000-7f9da9811000 rw-p 00000000 00:00 0 
7f9da9811000-7f9da9815000 ---p 00000000 00:00 0 
7f9da9815000-7f9da9912000 rw-p 00000000 00:00 0 
7f9da9912000-7f9da9916000 ---p 00000000 00:00 0 
7f9da9916000-7f9da9a13000 rw-p 00000000 00:00 0 
7f9da9a13000-7f9da9a17000 ---p 00000000 00:00 0 
7f9da9a17000-7f9da9b14000 rw-p 00000000 00:00 0 
7f9da9b14000-7f9da9b1b000 r--s 00000000 07:2d 8532                       /usr/lib/x86_64-linux-gnu/gconv/gconv-modules.cache
7f9da9b1b000-7f9da9b4d000 r--p 00000000 07:2d 5276                       /usr/lib/locale/C.UTF-8/LC_CTYPE
7f9da9b4d000-7f9da9b51000 ---p 00000000 00:00 0 
7f9da9b51000-7f9da9c4e000 rw-p 00000000 00:00 0 
7f9da9c4e000-7f9da9c52000 ---p 00000000 00:00 0 
7f9da9c52000-7f9da9d4f000 rw-p 00000000 00:00 0 
7f9da9d4f000-7f9da9d50000 ---p 00000000 00:00 0 
7f9da9d50000-7f9daa76e000 rw-p 00000000 00:00 0 
7f9daa76e000-7f9daa773000 rw-p 00000000 00:00 0 
7f9daa773000-7f9daa859000 ---p 00000000 00:00 0 
7f9daa859000-7f9daa865000 rw-p 00000000 00:00 0 
7f9daa865000-7f9daa944000 ---p 00000000 00:00 0 
7f9daa944000-7f9daa949000 rw-p 00000000 00:00 0 
7f9daa949000-7f9daa950000 ---p 00000000 00:00 0 
7f9daa950000-7f9daa952000 r--p 00000000 07:2d 5214                       /usr/lib/jvm/java-13-openjdk-amd64/lib/libzip.so
7f9daa952000-7f9daa956000 r-xp 00002000 07:2d 5214                       /usr/lib/jvm/java-13-openjdk-amd64/lib/libzip.so
7f9daa956000-7f9daa958000 r--p 00006000 07:2d 5214                       /usr/lib/jvm/java-13-openjdk-amd64/lib/libzip.so
7f9daa958000-7f9daa959000 r--p 00007000 07:2d 5214                       /usr/lib/jvm/java-13-openjdk-amd64/lib/libzip.so
7f9daa959000-7f9daa95a000 rw-p 00008000 07:2d 5214                       /usr/lib/jvm/java-13-openjdk-amd64/lib/libzip.so
7f9daa95a000-7f9daa962000 rw-s 00000000 08:03 67915696                   /tmp/hsperfdata_rcabanas/8995
7f9daa962000-7f9daa965000 r--p 00000000 07:2d 9108                       /usr/lib/x86_64-linux-gnu/libnss_files-2.31.so
7f9daa965000-7f9daa96c000 r-xp 00003000 07:2d 9108                       /usr/lib/x86_64-linux-gnu/libnss_files-2.31.so
7f9daa96c000-7f9daa96e000 r--p 0000a000 07:2d 9108                       /usr/lib/x86_64-linux-gnu/libnss_files-2.31.so
7f9daa96e000-7f9daa96f000 r--p 0000b000 07:2d 9108                       /usr/lib/x86_64-linux-gnu/libnss_files-2.31.so
7f9daa96f000-7f9daa970000 rw-p 0000c000 07:2d 9108                       /usr/lib/x86_64-linux-gnu/libnss_files-2.31.so
7f9daa970000-7f9daa976000 rw-p 00000000 00:00 0 
7f9daa97c000-7f9daa97e000 r--p 00000000 07:2d 5195                       /usr/lib/jvm/java-13-openjdk-amd64/lib/libjimage.so
7f9daa97e000-7f9daa981000 r-xp 00002000 07:2d 5195                       /usr/lib/jvm/java-13-openjdk-amd64/lib/libjimage.so
7f9daa981000-7f9daa982000 r--p 00005000 07:2d 5195                       /usr/lib/jvm/java-13-openjdk-amd64/lib/libjimage.so
7f9daa982000-7f9daa983000 ---p 00006000 07:2d 5195                       /usr/lib/jvm/java-13-openjdk-amd64/lib/libjimage.so
7f9daa983000-7f9daa984000 r--p 00006000 07:2d 5195                       /usr/lib/jvm/java-13-openjdk-amd64/lib/libjimage.so
7f9daa984000-7f9daa985000 rw-p 00007000 07:2d 5195                       /usr/lib/jvm/java-13-openjdk-amd64/lib/libjimage.so
7f9daa985000-7f9daa992000 r--p 00000000 07:2d 5191                       /usr/lib/jvm/java-13-openjdk-amd64/lib/libjava.so
7f9daa992000-7f9daa9a7000 r-xp 0000d000 07:2d 5191                       /usr/lib/jvm/java-13-openjdk-amd64/lib/libjava.so
7f9daa9a7000-7f9daa9ad000 r--p 00022000 07:2d 5191                       /usr/lib/jvm/java-13-openjdk-amd64/lib/libjava.so
7f9daa9ad000-7f9daa9ae000 ---p 00028000 07:2d 5191                       /usr/lib/jvm/java-13-openjdk-amd64/lib/libjava.so
7f9daa9ae000-7f9daa9af000 r--p 00028000 07:2d 5191                       /usr/lib/jvm/java-13-openjdk-amd64/lib/libjava.so
7f9daa9af000-7f9daa9b1000 rw-p 00029000 07:2d 5191                       /usr/lib/jvm/java-13-openjdk-amd64/lib/libjava.so
7f9daa9b1000-7f9daa9b6000 r--p 00000000 07:2d 5213                       /usr/lib/jvm/java-13-openjdk-amd64/lib/libverify.so
7f9daa9b6000-7f9daa9bd000 r-xp 00005000 07:2d 5213                       /usr/lib/jvm/java-13-openjdk-amd64/lib/libverify.so
7f9daa9bd000-7f9daa9bf000 r--p 0000c000 07:2d 5213                       /usr/lib/jvm/java-13-openjdk-amd64/lib/libverify.so
7f9daa9bf000-7f9daa9c0000 ---p 0000e000 07:2d 5213                       /usr/lib/jvm/java-13-openjdk-amd64/lib/libverify.so
7f9daa9c0000-7f9daa9c2000 r--p 0000e000 07:2d 5213                       /usr/lib/jvm/java-13-openjdk-amd64/lib/libverify.so
7f9daa9c2000-7f9daa9c3000 rw-p 00010000 07:2d 5213                       /usr/lib/jvm/java-13-openjdk-amd64/lib/libverify.so
7f9daa9c3000-7f9daa9c7000 ---p 00000000 00:00 0 
7f9daa9c7000-7f9daaac4000 rw-p 00000000 00:00 0 
7f9daaac4000-7f9daaac7000 r--p 00000000 07:2d 8948                       /usr/lib/x86_64-linux-gnu/libgcc_s.so.1
7f9daaac7000-7f9daaad9000 r-xp 00003000 07:2d 8948                       /usr/lib/x86_64-linux-gnu/libgcc_s.so.1
7f9daaad9000-7f9daaadd000 r--p 00015000 07:2d 8948                       /usr/lib/x86_64-linux-gnu/libgcc_s.so.1
7f9daaadd000-7f9daaade000 r--p 00018000 07:2d 8948                       /usr/lib/x86_64-linux-gnu/libgcc_s.so.1
7f9daaade000-7f9daaadf000 rw-p 00019000 07:2d 8948                       /usr/lib/x86_64-linux-gnu/libgcc_s.so.1
7f9daaadf000-7f9daaaec000 r--p 00000000 07:2d 9062                       /usr/lib/x86_64-linux-gnu/libm-2.31.so
7f9daaaec000-7f9daab93000 r-xp 0000d000 07:2d 9062                       /usr/lib/x86_64-linux-gnu/libm-2.31.so
7f9daab93000-7f9daac2c000 r--p 000b4000 07:2d 9062                       /usr/lib/x86_64-linux-gnu/libm-2.31.so
7f9daac2c000-7f9daac2d000 r--p 0014c000 07:2d 9062                       /usr/lib/x86_64-linux-gnu/libm-2.31.so
7f9daac2d000-7f9daac2e000 rw-p 0014d000 07:2d 9062                       /usr/lib/x86_64-linux-gnu/libm-2.31.so
7f9daac2e000-7f9daacc4000 r--p 00000000 07:2d 9213                       /usr/lib/x86_64-linux-gnu/libstdc++.so.6.0.28
7f9daacc4000-7f9daadb5000 r-xp 00096000 07:2d 9213                       /usr/lib/x86_64-linux-gnu/libstdc++.so.6.0.28
7f9daadb5000-7f9daadfe000 r--p 00187000 07:2d 9213                       /usr/lib/x86_64-linux-gnu/libstdc++.so.6.0.28
7f9daadfe000-7f9daadff000 ---p 001d0000 07:2d 9213                       /usr/lib/x86_64-linux-gnu/libstdc++.so.6.0.28
7f9daadff000-7f9daae0a000 r--p 001d0000 07:2d 9213                       /usr/lib/x86_64-linux-gnu/libstdc++.so.6.0.28
7f9daae0a000-7f9daae0d000 rw-p 001db000 07:2d 9213                       /usr/lib/x86_64-linux-gnu/libstdc++.so.6.0.28
7f9daae0d000-7f9daae10000 rw-p 00000000 00:00 0 
7f9daae10000-7f9dab096000 r--p 00000000 07:2d 5226                       /usr/lib/jvm/java-13-openjdk-amd64/lib/server/libjvm.so
7f9dab096000-7f9dabe13000 r-xp 00286000 07:2d 5226                       /usr/lib/jvm/java-13-openjdk-amd64/lib/server/libjvm.so
7f9dabe13000-7f9dac08e000 r--p 01003000 07:2d 5226                       /usr/lib/jvm/java-13-openjdk-amd64/lib/server/libjvm.so
7f9dac08e000-7f9dac153000 r--p 0127d000 07:2d 5226                       /usr/lib/jvm/java-13-openjdk-amd64/lib/server/libjvm.so
7f9dac153000-7f9dac18e000 rw-p 01342000 07:2d 5226                       /usr/lib/jvm/java-13-openjdk-amd64/lib/server/libjvm.so
7f9dac18e000-7f9dac214000 rw-p 00000000 00:00 0 
7f9dac214000-7f9dac21a000 r--p 00000000 07:2d 9166                       /usr/lib/x86_64-linux-gnu/libpthread-2.31.so
7f9dac21a000-7f9dac22b000 r-xp 00006000 07:2d 9166                       /usr/lib/x86_64-linux-gnu/libpthread-2.31.so
7f9dac22b000-7f9dac231000 r--p 00017000 07:2d 9166                       /usr/lib/x86_64-linux-gnu/libpthread-2.31.so
7f9dac231000-7f9dac232000 r--p 0001c000 07:2d 9166                       /usr/lib/x86_64-linux-gnu/libpthread-2.31.so
7f9dac232000-7f9dac233000 rw-p 0001d000 07:2d 9166                       /usr/lib/x86_64-linux-gnu/libpthread-2.31.so
7f9dac233000-7f9dac237000 rw-p 00000000 00:00 0 
7f9dac237000-7f9dac238000 r--p 00000000 07:2d 8893                       /usr/lib/x86_64-linux-gnu/libdl-2.31.so
7f9dac238000-7f9dac23a000 r-xp 00001000 07:2d 8893                       /usr/lib/x86_64-linux-gnu/libdl-2.31.so
7f9dac23a000-7f9dac23b000 r--p 00003000 07:2d 8893                       /usr/lib/x86_64-linux-gnu/libdl-2.31.so
7f9dac23b000-7f9dac23c000 r--p 00003000 07:2d 8893                       /usr/lib/x86_64-linux-gnu/libdl-2.31.so
7f9dac23c000-7f9dac23d000 rw-p 00004000 07:2d 8893                       /usr/lib/x86_64-linux-gnu/libdl-2.31.so
7f9dac23d000-7f9dac23f000 r--p 00000000 07:2d 9290                       /usr/lib/x86_64-linux-gnu/libz.so.1.2.11
7f9dac23f000-7f9dac250000 r-xp 00002000 07:2d 9290                       /usr/lib/x86_64-linux-gnu/libz.so.1.2.11
7f9dac250000-7f9dac256000 r--p 00013000 07:2d 9290                       /usr/lib/x86_64-linux-gnu/libz.so.1.2.11
7f9dac256000-7f9dac257000 ---p 00019000 07:2d 9290                       /usr/lib/x86_64-linux-gnu/libz.so.1.2.11
7f9dac257000-7f9dac258000 r--p 00019000 07:2d 9290                       /usr/lib/x86_64-linux-gnu/libz.so.1.2.11
7f9dac258000-7f9dac259000 rw-p 0001a000 07:2d 9290                       /usr/lib/x86_64-linux-gnu/libz.so.1.2.11
7f9dac259000-7f9dac27b000 r--p 00000000 07:2d 8851                       /usr/lib/x86_64-linux-gnu/libc-2.31.so
7f9dac27b000-7f9dac3f3000 r-xp 00022000 07:2d 8851                       /usr/lib/x86_64-linux-gnu/libc-2.31.so
7f9dac3f3000-7f9dac441000 r--p 0019a000 07:2d 8851                       /usr/lib/x86_64-linux-gnu/libc-2.31.so
7f9dac441000-7f9dac445000 r--p 001e7000 07:2d 8851                       /usr/lib/x86_64-linux-gnu/libc-2.31.so
7f9dac445000-7f9dac447000 rw-p 001eb000 07:2d 8851                       /usr/lib/x86_64-linux-gnu/libc-2.31.so
7f9dac447000-7f9dac44b000 rw-p 00000000 00:00 0 
7f9dac44d000-7f9dac44f000 r--s 0000c000 07:2d 20930                      /usr/share/java/java-atk-wrapper.jar
7f9dac44f000-7f9dac450000 ---p 00000000 00:00 0 
7f9dac450000-7f9dac451000 r--p 00000000 00:00 0 
7f9dac451000-7f9dac454000 r--p 00000000 07:2d 5196                       /usr/lib/jvm/java-13-openjdk-amd64/lib/libjli.so
7f9dac454000-7f9dac45e000 r-xp 00003000 07:2d 5196                       /usr/lib/jvm/java-13-openjdk-amd64/lib/libjli.so
7f9dac45e000-7f9dac461000 r--p 0000d000 07:2d 5196                       /usr/lib/jvm/java-13-openjdk-amd64/lib/libjli.so
7f9dac461000-7f9dac462000 r--p 0000f000 07:2d 5196                       /usr/lib/jvm/java-13-openjdk-amd64/lib/libjli.so
7f9dac462000-7f9dac463000 rw-p 00010000 07:2d 5196                       /usr/lib/jvm/java-13-openjdk-amd64/lib/libjli.so
7f9dac463000-7f9dac465000 rw-p 00000000 00:00 0 
7f9dac465000-7f9dac466000 r--p 00000000 07:2d 8572                       /usr/lib/x86_64-linux-gnu/ld-2.31.so
7f9dac466000-7f9dac489000 r-xp 00001000 07:2d 8572                       /usr/lib/x86_64-linux-gnu/ld-2.31.so
7f9dac489000-7f9dac491000 r--p 00024000 07:2d 8572                       /usr/lib/x86_64-linux-gnu/ld-2.31.so
7f9dac491000-7f9dac492000 ---p 00000000 00:00 0 
7f9dac492000-7f9dac493000 r--p 0002c000 07:2d 8572                       /usr/lib/x86_64-linux-gnu/ld-2.31.so
7f9dac493000-7f9dac494000 rw-p 0002d000 07:2d 8572                       /usr/lib/x86_64-linux-gnu/ld-2.31.so
7f9dac494000-7f9dac495000 rw-p 00000000 00:00 0 
7ffd0e4da000-7ffd0e4fb000 rw-p 00000000 00:00 0                          [stack]
7ffd0e5d6000-7ffd0e5d8000 r-xp 00000000 00:00 0                          [vdso]
ffffffffff600000-ffffffffff601000 r-xp 00000000 00:00 0                  [vsyscall]


VM Arguments:
jvm_args: -Xmx64g --add-modules=ALL-DEFAULT 
java_command: jdk.compiler/com.sun.tools.javac.launcher.Main /mnt/beegfs/rcabanas/dev/credici/papers/journalEM/code/GenerateModel.java -n 10 -d 1000 -di 0.5 -mr 0.98 -r 1.0 --seed 2 --output /mnt/beegfs/rcabanas/dev/credici/papers/journalEM/models/synthetic/s1/ --debug
java_class_path (initial): /mnt/beegfs/rcabanas/dev/credici/target/credici-0.1.3-jar-with-dependencies.jar
Launcher Type: SUN_STANDARD

[Global flags]
     intx CICompilerCount                          = 2                                         {product} {ergonomic}
   size_t InitialHeapSize                          = 2147483648                                {product} {ergonomic}
   size_t MaxHeapSize                              = 68719476736                               {product} {command line}
   size_t MaxNewSize                               = 22906470400                               {product} {ergonomic}
   size_t MinHeapDeltaBytes                        = 196608                                    {product} {ergonomic}
   size_t MinHeapSize                              = 8388608                                   {product} {ergonomic}
   size_t NewSize                                  = 715784192                                 {product} {ergonomic}
    uintx NonNMethodCodeHeapSize                   = 5826188                                {pd product} {ergonomic}
    uintx NonProfiledCodeHeapSize                  = 122916026                              {pd product} {ergonomic}
   size_t OldSize                                  = 1431699456                                {product} {ergonomic}
    uintx ProfiledCodeHeapSize                     = 122916026                              {pd product} {ergonomic}
    uintx ReservedCodeCacheSize                    = 251658240                              {pd product} {ergonomic}
     bool SegmentedCodeCache                       = true                                      {product} {ergonomic}
   size_t SoftMaxHeapSize                          = 68719476736                            {manageable} {ergonomic}
     bool UseSerialGC                              = true                                      {product} {ergonomic}

Logging:
Log output configuration:
 #0: stdout all=warning uptime,level,tags
 #1: stderr all=off uptime,level,tags

Environment Variables:
PATH=/usr/local/sbin:/usr/local/bin:/usr/sbin:/usr/bin:/sbin:/bin
LD_LIBRARY_PATH=/.singularity.d/libs

Signal Handlers:
SIGSEGV: [libjvm.so+0xf8fcf0], sa_mask[0]=11111111011111111101111111111110, sa_flags=SA_RESTART|SA_SIGINFO
SIGBUS: [libjvm.so+0xf8fcf0], sa_mask[0]=11111111011111111101111111111110, sa_flags=SA_RESTART|SA_SIGINFO
SIGFPE: [libjvm.so+0xf8fcf0], sa_mask[0]=11111111011111111101111111111110, sa_flags=SA_RESTART|SA_SIGINFO
SIGPIPE: [libjvm.so+0xc3ffa0], sa_mask[0]=11111111011111111101111111111110, sa_flags=SA_RESTART|SA_SIGINFO
SIGXFSZ: [libjvm.so+0xc3ffa0], sa_mask[0]=11111111011111111101111111111110, sa_flags=SA_RESTART|SA_SIGINFO
SIGILL: [libjvm.so+0xf8fcf0], sa_mask[0]=11111111011111111101111111111110, sa_flags=SA_RESTART|SA_SIGINFO
SIGUSR2: [libjvm.so+0xc3fe40], sa_mask[0]=00000000000000000000000000000000, sa_flags=SA_RESTART|SA_SIGINFO
SIGHUP: [libjvm.so+0xc40580], sa_mask[0]=11111111011111111101111111111110, sa_flags=SA_RESTART|SA_SIGINFO
SIGINT: [libjvm.so+0xc40580], sa_mask[0]=11111111011111111101111111111110, sa_flags=SA_RESTART|SA_SIGINFO
SIGTERM: [libjvm.so+0xc40580], sa_mask[0]=11111111011111111101111111111110, sa_flags=SA_RESTART|SA_SIGINFO
SIGQUIT: [libjvm.so+0xc40580], sa_mask[0]=11111111011111111101111111111110, sa_flags=SA_RESTART|SA_SIGINFO


---------------  S Y S T E M  ---------------

OS:DISTRIB_ID=Ubuntu
DISTRIB_RELEASE=20.04
DISTRIB_CODENAME=focal
DISTRIB_DESCRIPTION="Ubuntu 20.04.4 LTS"
uname:Linux 3.10.0-1160.15.2.el7.x86_64 #1 SMP Wed Feb 3 15:06:38 UTC 2021 x86_64
OS uptime: 464 days 0:29 hours
libc:glibc 2.31 NPTL 2.31 
rlimit (soft/hard): STACK 8192k/infinity , CORE 0k/infinity , NPROC 4096/1030217 , NOFILE 131072/131072 , AS infinity/infinity , CPU infinity/infinity , DATA infinity/infinity , FSIZE infinity/infinity , MEMLOCK infinity/infinity
load average:31.79 8.98 3.20

/proc/meminfo:
MemTotal:       263895364 kB
MemFree:         2969856 kB
MemAvailable:    2550008 kB
Buffers:           83036 kB
Cached:           258676 kB
SwapCached:       234464 kB
Active:         243892068 kB
Inactive:        7642784 kB
Active(anon):   243816104 kB
Inactive(anon):  7456896 kB
Active(file):      75964 kB
Inactive(file):   185888 kB
Unevictable:       17732 kB
Mlocked:           17732 kB
SwapTotal:       4194300 kB
SwapFree:            352 kB
Dirty:               464 kB
Writeback:           188 kB
AnonPages:      250746348 kB
Mapped:            36220 kB
Shmem:             61904 kB
Slab:             755804 kB
SReclaimable:     183636 kB
SUnreclaim:       572168 kB
KernelStack:       35968 kB
PageTables:       536868 kB
NFS_Unstable:          0 kB
Bounce:                0 kB
WritebackTmp:          0 kB
CommitLimit:    136141980 kB
Committed_AS:   330695084 kB
VmallocTotal:   34359738367 kB
VmallocUsed:      862128 kB
VmallocChunk:   34222409240 kB
Percpu:            22016 kB
HardwareCorrupted:     0 kB
AnonHugePages:  212836352 kB
CmaTotal:              0 kB
CmaFree:               0 kB
HugePages_Total:       0
HugePages_Free:        0
HugePages_Rsvd:        0
HugePages_Surp:        0
Hugepagesize:       2048 kB
DirectMap4k:      505448 kB
DirectMap2M:    20328448 kB
DirectMap1G:    247463936 kB

/sys/kernel/mm/transparent_hugepage/enabled:
[always] madvise never

/sys/kernel/mm/transparent_hugepage/defrag (defrag/compaction efforts parameter):
[always] madvise never


/proc/sys/kernel/threads-max (system-wide limit on the number of threads):
2060435


/proc/sys/vm/max_map_count (maximum number of memory map areas a process may have):
65530


/proc/sys/kernel/pid_max (system-wide limit on number of process identifiers):
65536



Steal ticks since vm start: 0
Steal ticks percentage since vm start:  0.000

CPU:total 64 (initial active 1) (32 cores per cpu, 1 threads per core) family 23 model 49 stepping 0, cmov, cx8, fxsr, mmx, sse, sse2, sse3, ssse3, sse4.1, sse4.2, popcnt, avx, avx2, aes, clmul, mmxext, 3dnowpref, lzcnt, sse4a, tsc, tscinvbit, tscinv, bmi1, bmi2, adx, sha, fma
CPU Model and flags from /proc/cpuinfo:
model name	: AMD EPYC 7542 32-Core Processor
flags		: fpu vme de pse tsc msr pae mce cx8 apic sep mtrr pge mca cmov pat pse36 clflush mmx fxsr sse sse2 ht syscall nx mmxext fxsr_opt pdpe1gb rdtscp lm constant_tsc art rep_good nopl nonstop_tsc extd_apicid aperfmperf eagerfpu pni pclmulqdq monitor ssse3 fma cx16 sse4_1 sse4_2 movbe popcnt aes xsave avx f16c rdrand lahf_lm cmp_legacy svm extapic cr8_legacy abm sse4a misalignsse 3dnowprefetch osvw ibs skinit wdt tce topoext perfctr_core perfctr_nb bpext perfctr_l2 cpb cat_l3 cdp_l3 hw_pstate sme retpoline_amd ssbd ibrs ibpb stibp vmmcall fsgsbase bmi1 avx2 smep bmi2 cqm rdt_a rdseed adx smap clflushopt clwb sha_ni xsaveopt xsavec xgetbv1 cqm_llc cqm_occup_llc cqm_mbm_total cqm_mbm_local clzero irperf xsaveerptr arat npt lbrv svm_lock nrip_save tsc_scale vmcb_clean flushbyasid decodeassists pausefilter pfthreshold avic v_vmsave_vmload vgif umip overflow_recov succor smca
Online cpus:0-63
Offline cpus:
BIOS frequency limitation:2900000
Frequency switch latency (ns):0
Available cpu frequencies:2900000 2400000 1500000 
Current governor:conservative
Core performance/turbo boost:1

Memory: 4k page, physical 263895364k(2965320k free), swap 4194300k(360k free)

vm_info: OpenJDK 64-Bit Server VM (13.0.7+5-Ubuntu-0ubuntu120.04) for linux-amd64 JRE (13.0.7+5-Ubuntu-0ubuntu120.04), built on Apr 21 2021 05:36:19 by "unknown" with gcc 9.3.0

END.
