#
# There is insufficient memory for the Java Runtime Environment to continue.
# Native memory allocation (mmap) failed to map 536875008 bytes for committing reserved memory.
# Possible reasons:
#   The system is out of physical RAM or swap space
# Possible solutions:
#   Reduce memory load on the system
#   Increase physical memory or swap space
#   Check if swap backing store is full
#   Decrease Java heap size (-Xmx/-Xms)
#   Decrease number of Java threads
#   Decrease Java thread stack sizes (-Xss)
#   Set larger code cache with -XX:ReservedCodeCacheSize=
# This output file may be truncated or incomplete.
#
#  Out of Memory Error (os_linux.cpp:2899), pid=33979, tid=33988
#
# JRE version: OpenJDK Runtime Environment (13.0.7+5) (build 13.0.7+5-Ubuntu-0ubuntu120.04)
# Java VM: OpenJDK 64-Bit Server VM (13.0.7+5-Ubuntu-0ubuntu120.04, mixed mode, tiered, serial gc, linux-amd64)
# No core dump will be written. Core dumps have been disabled. To enable core dumping, try "ulimit -c unlimited" before starting Java again
#

---------------  S U M M A R Y ------------

Command Line: -Xmx64g --add-modules=ALL-DEFAULT jdk.compiler/com.sun.tools.javac.launcher.Main /mnt/beegfs/rcabanas/dev/credici/papers/journalEM/code/LearnAndCalculatePNS.java -w -x 100 -m 500 -sc LLratio -th 1.0 -a EMCC --seed 0 --output /mnt/beegfs/rcabanas/dev/credici/papers/journalEM/output/synthetic/s1 /mnt/beegfs/rcabanas/dev/credici/papers/journalEM/models/synthetic/s1/random_mc2_n9_mid3_d1000_05_mr098_r10_88.uai

Host: AMD EPYC 7542 32-Core Processor, 64 cores, 251G, Ubuntu 20.04.4 LTS
Time: Thu Oct 13 17:14:41 2022 CEST elapsed time: 2872.099424 seconds (0d 0h 47m 52s)

---------------  T H R E A D  ---------------

Current thread (0x00007ff910097800):  VMThread "VM Thread" [stack: 0x00007ff8f868a000,0x00007ff8f878a000] [id=33988]

Stack: [0x00007ff8f868a000,0x00007ff8f878a000],  sp=0x00007ff8f8787920,  free space=1014k
Native frames: (J=compiled Java code, A=aot compiled Java code, j=interpreted, Vv=VM code, C=native code)
V  [libjvm.so+0xf8f092]
V  [libjvm.so+0xf8fc91]
V  [libjvm.so+0x66ee5a]
V  [libjvm.so+0xc44a41]
V  [libjvm.so+0xc3b263]
V  [libjvm.so+0xf87f4b]
V  [libjvm.so+0x557506]
V  [libjvm.so+0x557723]
V  [libjvm.so+0xf18c5e]
V  [libjvm.so+0x7e1807]
V  [libjvm.so+0x67586f]
V  [libjvm.so+0x677484]
V  [libjvm.so+0x678be7]
V  [libjvm.so+0x675f06]
V  [libjvm.so+0x676446]
V  [libjvm.so+0x7e2099]
V  [libjvm.so+0x7e2c91]
V  [libjvm.so+0x7e39bd]
V  [libjvm.so+0x7d8b48]
V  [libjvm.so+0xf90940]
V  [libjvm.so+0xf96657]
V  [libjvm.so+0xf96d2b]
V  [libjvm.so+0xf9706a]
V  [libjvm.so+0xf2208f]
V  [libjvm.so+0xc493ff]

VM_Operation (0x00007ff9144e9090): GenCollectForAllocation, mode: safepoint, requested by thread 0x00007ff910018000


---------------  P R O C E S S  ---------------

Threads class SMR info:
_java_thread_list=0x00007ff910136540, length=9, elements={
0x00007ff910018000, 0x00007ff9100a3800, 0x00007ff9100a7000, 0x00007ff9100cb800,
0x00007ff9100cd000, 0x00007ff9100cf000, 0x00007ff9100d1000, 0x00007ff9100d3000,
0x00007ff910135000
}

Java Threads: ( => current thread )
  0x00007ff910018000 JavaThread "main" [_thread_blocked, id=33980, stack(0x00007ff9143eb000,0x00007ff9144ec000)]
  0x00007ff9100a3800 JavaThread "Reference Handler" daemon [_thread_blocked, id=33991, stack(0x00007fe8ea7a8000,0x00007fe8ea8a9000)]
  0x00007ff9100a7000 JavaThread "Finalizer" daemon [_thread_blocked, id=33992, stack(0x00007fe8ea6a7000,0x00007fe8ea7a8000)]
  0x00007ff9100cb800 JavaThread "Signal Dispatcher" daemon [_thread_blocked, id=33994, stack(0x00007fe8ea5a6000,0x00007fe8ea6a7000)]
  0x00007ff9100cd000 JavaThread "Service Thread" daemon [_thread_blocked, id=33995, stack(0x00007fe8ea4a5000,0x00007fe8ea5a6000)]
  0x00007ff9100cf000 JavaThread "C2 CompilerThread0" daemon [_thread_blocked, id=33996, stack(0x00007fe8ea3a4000,0x00007fe8ea4a5000)]
  0x00007ff9100d1000 JavaThread "C1 CompilerThread0" daemon [_thread_blocked, id=33997, stack(0x00007fe8ea2a3000,0x00007fe8ea3a4000)]
  0x00007ff9100d3000 JavaThread "Sweeper thread" daemon [_thread_blocked, id=33998, stack(0x00007fe8ea1a2000,0x00007fe8ea2a3000)]
  0x00007ff910135000 JavaThread "Common-Cleaner" daemon [_thread_blocked, id=34021, stack(0x00007fe8ea0a1000,0x00007fe8ea1a2000)]

Other Threads:
=>0x00007ff910097800 VMThread "VM Thread" [stack: 0x00007ff8f868a000,0x00007ff8f878a000] [id=33988]
  0x00007ff910182000 WatcherThread [stack: 0x00007fe8e9fa1000,0x00007fe8ea0a1000] [id=34028]

Threads with active compile tasks:

VM state:at safepoint (normal execution)

VM Mutex/Monitor currently owned by a thread:  ([mutex/lock_event])
[0x00007ff9100141e0] Threads_lock - owner thread: 0x00007ff910097800
[0x00007ff910014de0] Heap_lock - owner thread: 0x00007ff910018000

Heap:
 def new generation   total 629248K, used 535309K [0x00007fe8f8600000, 0x00007fe9230c0000, 0x00007fee4db50000)
  eden space 559360K,  95% used [0x00007fe8f8600000, 0x00007fe9190c35c8, 0x00007fe91a840000)
  from space 69888K,   0% used [0x00007fe91a840000, 0x00007fe91a840200, 0x00007fe91ec80000)
  to   space 69888K,   0% used [0x00007fe91ec80000, 0x00007fe91ec80178, 0x00007fe9230c0000)
 tenured generation   total 1398144K, used 1099929K [0x00007fee4db50000, 0x00007feea30b0000, 0x00007ff8f8600000)
   the space 1398144K,  78% used [0x00007fee4db50000, 0x00007fee90d765a8, 0x00007fee90d76600, 0x00007feea30b0000)
 Metaspace       used 24032K, capacity 24415K, committed 24576K, reserved 24576K

Card table byte_map: [0x00007fe8f05ff000,0x00007fe8f8600000] _byte_map_base: 0x00007fa8fbe3c000

Polling page: 0x00007ff915e77000

Metaspace:

Usage:
   23.84 MB capacity,    23.47 MB ( 98%) used,   289.88 KB (  1%) free+waste,    92.31 KB ( <1%) overhead. 

Virtual space:
     24.00 MB reserved,      24.00 MB (100%) committed 

Chunk freelists:
0 bytes

MaxMetaspaceSize: unlimited


CodeHeap 'non-profiled nmethods': size=120036Kb used=2333Kb max_used=2333Kb free=117702Kb
 bounds [0x00007ff900251000, 0x00007ff9004c1000, 0x00007ff90778a000]
CodeHeap 'profiled nmethods': size=120032Kb used=4836Kb max_used=6884Kb free=115195Kb
 bounds [0x00007ff8f8d19000, 0x00007ff8f93d9000, 0x00007ff900251000]
CodeHeap 'non-nmethods': size=5692Kb used=1208Kb max_used=1266Kb free=4483Kb
 bounds [0x00007ff8f878a000, 0x00007ff8f89fa000, 0x00007ff8f8d19000]
 total_blobs=3529 nmethods=3049 adapters=395
 compilation: enabled
              stopped_count=0, restarted_count=0
 full_count=0

Compilation events (20 events):
Event: 1586.477 Thread 0x00007ff9100cf000 4025       4       java.util.stream.ReduceOps$3ReducingSink::begin (14 bytes)
Event: 1586.485 Thread 0x00007ff9100cf000 nmethod 4025 0x00007ff900497190 code [0x00007ff900497320, 0x00007ff900497438]
Event: 1615.127 Thread 0x00007ff9100d1000 4026       3       java.util.Collection::toArray (17 bytes)
Event: 1615.127 Thread 0x00007ff9100d1000 nmethod 4026 0x00007ff8f8e2f490 code [0x00007ff8f8e2f640, 0x00007ff8f8e2f990]
Event: 1670.196 Thread 0x00007ff9100d1000 4027       3       ch.idsia.crema.learning.ExpectationMaximization::addIntermediateModels (17 bytes)
Event: 1670.196 Thread 0x00007ff9100d1000 nmethod 4027 0x00007ff8f8d6ac10 code [0x00007ff8f8d6adc0, 0x00007ff8f8d6b050]
Event: 1670.197 Thread 0x00007ff9100d1000 4028       3       ch.idsia.credici.learning.WeightedCausalEM::step (31 bytes)
Event: 1670.197 Thread 0x00007ff9100d1000 nmethod 4028 0x00007ff8f8ea4690 code [0x00007ff8f8ea48a0, 0x00007ff8f8ea50e0]
Event: 1670.197 Thread 0x00007ff9100d1000 4029       3       ch.idsia.credici.learning.WeightedCausalEM$$Lambda$322/0x00007fe8e8ee4840::apply (5 bytes)
Event: 1670.198 Thread 0x00007ff9100d1000 nmethod 4029 0x00007ff8f8e33410 code [0x00007ff8f8e335a0, 0x00007ff8f8e33790]
Event: 1670.432 Thread 0x00007ff9100d1000 4030       3       ch.idsia.credici.learning.FrequentistCausalEM$$Lambda$330/0x00007fe8e8f598b0::get$Lambda (9 bytes)
Event: 1670.433 Thread 0x00007ff9100d1000 nmethod 4030 0x00007ff8f8e8f090 code [0x00007ff8f8e8f220, 0x00007ff8f8e8f410]
Event: 1854.515 Thread 0x00007ff9100d1000 4031       3       ch.idsia.credici.learning.FrequentistCausalEM::getTrainableExoCC (38 bytes)
Event: 1854.518 Thread 0x00007ff9100d1000 nmethod 4031 0x00007ff8f9219690 code [0x00007ff8f9219ac0, 0x00007ff8f921bc10]
Event: 2168.630 Thread 0x00007ff9100cf000 4032       4       ch.idsia.crema.factor.bayesian.BayesianFactor::replaceNaN (47 bytes)
Event: 2168.641 Thread 0x00007ff9100cf000 nmethod 4032 0x00007ff900497590 code [0x00007ff900497720, 0x00007ff900497a58]
Event: 2401.988 Thread 0x00007ff9100cf000 4033       4       org.jgrapht.alg.connectivity.ConnectivityInspector::<init> (46 bytes)
Event: 2401.999 Thread 0x00007ff9100cf000 nmethod 4033 0x00007ff900497c10 code [0x00007ff900497da0, 0x00007ff900498118]
Event: 2757.867 Thread 0x00007ff9100cf000 4034       4       java.util.AbstractCollection::isEmpty (13 bytes)
Event: 2757.868 Thread 0x00007ff9100cf000 nmethod 4034 0x00007ff900498410 code [0x00007ff900498580, 0x00007ff900498638]

GC Heap History (20 events):
Event: 2864.280 GC heap after
{Heap after GC invocations=2128 (full 1339):
 def new generation   total 629248K, used 0K [0x00007fe8f8600000, 0x00007fe9230c0000, 0x00007fee4db50000)
  eden space 559360K,   0% used [0x00007fe8f8600000, 0x00007fe8f8600000, 0x00007fe91a840000)
  from space 69888K,   0% used [0x00007fe91ec80000, 0x00007fe91ec802e0, 0x00007fe9230c0000)
  to   space 69888K,   0% used [0x00007fe91a840000, 0x00007fe91a840000, 0x00007fe91ec80000)
 tenured generation   total 1922436K, used 1626277K [0x00007fee4db50000, 0x00007feec30b1000, 0x00007ff8f8600000)
   the space 1922436K,  84% used [0x00007fee4db50000, 0x00007feeb0f79420, 0x00007feeb0f79600, 0x00007feec30b1000)
 Metaspace       used 24032K, capacity 24415K, committed 24576K, reserved 24576K
}
Event: 2864.280 GC heap before
{Heap before GC invocations=2128 (full 1339):
 def new generation   total 629248K, used 0K [0x00007fe8f8600000, 0x00007fe9230c0000, 0x00007fee4db50000)
  eden space 559360K,   0% used [0x00007fe8f8600000, 0x00007fe8f8600000, 0x00007fe91a840000)
  from space 69888K,   0% used [0x00007fe91ec80000, 0x00007fe91ec802e0, 0x00007fe9230c0000)
  to   space 69888K,   0% used [0x00007fe91a840000, 0x00007fe91a840000, 0x00007fe91ec80000)
 tenured generation   total 1922436K, used 1626277K [0x00007fee4db50000, 0x00007feec30b1000, 0x00007ff8f8600000)
   the space 1922436K,  84% used [0x00007fee4db50000, 0x00007feeb0f79420, 0x00007feeb0f79600, 0x00007feec30b1000)
 Metaspace       used 24032K, capacity 24415K, committed 24576K, reserved 24576K
}
Event: 2864.612 GC heap after
{Heap after GC invocations=2128 (full 1340):
 def new generation   total 629248K, used 0K [0x00007fe8f8600000, 0x00007fe9230c0000, 0x00007fee4db50000)
  eden space 559360K,   0% used [0x00007fe8f8600000, 0x00007fe8f8600000, 0x00007fe91a840000)
  from space 69888K,   0% used [0x00007fe91ec80000, 0x00007fe91ec80000, 0x00007fe9230c0000)
  to   space 69888K,   0% used [0x00007fe91a840000, 0x00007fe91a840000, 0x00007fe91ec80000)
 tenured generation   total 1398144K, used 572925K [0x00007fee4db50000, 0x00007feea30b0000, 0x00007ff8f8600000)
   the space 1398144K,  40% used [0x00007fee4db50000, 0x00007fee70acf6e8, 0x00007fee70acf800, 0x00007feea30b0000)
 Metaspace       used 24032K, capacity 24415K, committed 24576K, reserved 24576K
}
Event: 2865.115 GC heap before
{Heap before GC invocations=2128 (full 1340):
 def new generation   total 629248K, used 535344K [0x00007fe8f8600000, 0x00007fe9230c0000, 0x00007fee4db50000)
  eden space 559360K,  95% used [0x00007fe8f8600000, 0x00007fe9190cc258, 0x00007fe91a840000)
  from space 69888K,   0% used [0x00007fe91ec80000, 0x00007fe91ec80000, 0x00007fe9230c0000)
  to   space 69888K,   0% used [0x00007fe91a840000, 0x00007fe91a840000, 0x00007fe91ec80000)
 tenured generation   total 1398144K, used 572925K [0x00007fee4db50000, 0x00007feea30b0000, 0x00007ff8f8600000)
   the space 1398144K,  40% used [0x00007fee4db50000, 0x00007fee70acf6e8, 0x00007fee70acf800, 0x00007feea30b0000)
 Metaspace       used 24032K, capacity 24415K, committed 24576K, reserved 24576K
}
Event: 2865.382 GC heap after
{Heap after GC invocations=2129 (full 1340):
 def new generation   total 629248K, used 0K [0x00007fe8f8600000, 0x00007fe9230c0000, 0x00007fee4db50000)
  eden space 559360K,   0% used [0x00007fe8f8600000, 0x00007fe8f8600000, 0x00007fe91a840000)
  from space 69888K,   0% used [0x00007fe91a840000, 0x00007fe91a840200, 0x00007fe91ec80000)
  to   space 69888K,   0% used [0x00007fe91ec80000, 0x00007fe91ec80000, 0x00007fe9230c0000)
 tenured generation   total 1398144K, used 1097213K [0x00007fee4db50000, 0x00007feea30b0000, 0x00007ff8f8600000)
   the space 1398144K,  78% used [0x00007fee4db50000, 0x00007fee90acf700, 0x00007fee90acf800, 0x00007feea30b0000)
 Metaspace       used 24032K, capacity 24415K, committed 24576K, reserved 24576K
}
Event: 2865.993 GC heap before
{Heap before GC invocations=2129 (full 1340):
 def new generation   total 629248K, used 535309K [0x00007fe8f8600000, 0x00007fe9230c0000, 0x00007fee4db50000)
  eden space 559360K,  95% used [0x00007fe8f8600000, 0x00007fe9190c35c8, 0x00007fe91a840000)
  from space 69888K,   0% used [0x00007fe91a840000, 0x00007fe91a840200, 0x00007fe91ec80000)
  to   space 69888K,   0% used [0x00007fe91ec80000, 0x00007fe91ec80000, 0x00007fe9230c0000)
 tenured generation   total 1398144K, used 1097213K [0x00007fee4db50000, 0x00007feea30b0000, 0x00007ff8f8600000)
   the space 1398144K,  78% used [0x00007fee4db50000, 0x00007fee90acf700, 0x00007fee90acf800, 0x00007feea30b0000)
 Metaspace       used 24032K, capacity 24415K, committed 24576K, reserved 24576K
}
Event: 2866.364 GC heap after
{Heap after GC invocations=2130 (full 1340):
 def new generation   total 629248K, used 0K [0x00007fe8f8600000, 0x00007fe9230c0000, 0x00007fee4db50000)
  eden space 559360K,   0% used [0x00007fe8f8600000, 0x00007fe8f8600000, 0x00007fe91a840000)
  from space 69888K,   0% used [0x00007fe91ec80000, 0x00007fe91ec80228, 0x00007fe9230c0000)
  to   space 69888K,   0% used [0x00007fe91a840000, 0x00007fe91a840000, 0x00007fe91ec80000)
 tenured generation   total 1922436K, used 1621501K [0x00007fee4db50000, 0x00007feec30b1000, 0x00007ff8f8600000)
   the space 1922436K,  84% used [0x00007fee4db50000, 0x00007feeb0acf718, 0x00007feeb0acf800, 0x00007feec30b1000)
 Metaspace       used 24032K, capacity 24415K, committed 24576K, reserved 24576K
}
Event: 2866.364 GC heap before
{Heap before GC invocations=2130 (full 1340):
 def new generation   total 629248K, used 0K [0x00007fe8f8600000, 0x00007fe9230c0000, 0x00007fee4db50000)
  eden space 559360K,   0% used [0x00007fe8f8600000, 0x00007fe8f8600000, 0x00007fe91a840000)
  from space 69888K,   0% used [0x00007fe91ec80000, 0x00007fe91ec80228, 0x00007fe9230c0000)
  to   space 69888K,   0% used [0x00007fe91a840000, 0x00007fe91a840000, 0x00007fe91ec80000)
 tenured generation   total 1922436K, used 1621501K [0x00007fee4db50000, 0x00007feec30b1000, 0x00007ff8f8600000)
   the space 1922436K,  84% used [0x00007fee4db50000, 0x00007feeb0acf718, 0x00007feeb0acf800, 0x00007feec30b1000)
 Metaspace       used 24032K, capacity 24415K, committed 24576K, reserved 24576K
}
Event: 2866.634 GC heap after
{Heap after GC invocations=2130 (full 1341):
 def new generation   total 629248K, used 0K [0x00007fe8f8600000, 0x00007fe9230c0000, 0x00007fee4db50000)
  eden space 559360K,   0% used [0x00007fe8f8600000, 0x00007fe8f8600000, 0x00007fe91a840000)
  from space 69888K,   0% used [0x00007fe91ec80000, 0x00007fe91ec80000, 0x00007fe9230c0000)
  to   space 69888K,   0% used [0x00007fe91a840000, 0x00007fe91a840000, 0x00007fe91ec80000)
 tenured generation   total 1398144K, used 572925K [0x00007fee4db50000, 0x00007feea30b0000, 0x00007ff8f8600000)
   the space 1398144K,  40% used [0x00007fee4db50000, 0x00007fee70acf7b8, 0x00007fee70acf800, 0x00007feea30b0000)
 Metaspace       used 24032K, capacity 24415K, committed 24576K, reserved 24576K
}
Event: 2867.368 GC heap before
{Heap before GC invocations=2130 (full 1341):
 def new generation   total 629248K, used 552918K [0x00007fe8f8600000, 0x00007fe9230c0000, 0x00007fee4db50000)
  eden space 559360K,  98% used [0x00007fe8f8600000, 0x00007fe91a1f5920, 0x00007fe91a840000)
  from space 69888K,   0% used [0x00007fe91ec80000, 0x00007fe91ec80000, 0x00007fe9230c0000)
  to   space 69888K,   0% used [0x00007fe91a840000, 0x00007fe91a840000, 0x00007fe91ec80000)
 tenured generation   total 1398144K, used 572925K [0x00007fee4db50000, 0x00007feea30b0000, 0x00007ff8f8600000)
   the space 1398144K,  40% used [0x00007fee4db50000, 0x00007fee70acf7b8, 0x00007fee70acf800, 0x00007feea30b0000)
 Metaspace       used 24032K, capacity 24415K, committed 24576K, reserved 24576K
}
Event: 2867.439 GC heap after
{Heap after GC invocations=2131 (full 1341):
 def new generation   total 629248K, used 3230K [0x00007fe8f8600000, 0x00007fe9230c0000, 0x00007fee4db50000)
  eden space 559360K,   0% used [0x00007fe8f8600000, 0x00007fe8f8600000, 0x00007fe91a840000)
  from space 69888K,   4% used [0x00007fe91a840000, 0x00007fe91ab67ad8, 0x00007fe91ec80000)
  to   space 69888K,   0% used [0x00007fe91ec80000, 0x00007fe91ec80000, 0x00007fe9230c0000)
 tenured generation   total 1398144K, used 703997K [0x00007fee4db50000, 0x00007feea30b0000, 0x00007ff8f8600000)
   the space 1398144K,  50% used [0x00007fee4db50000, 0x00007fee78acf7d0, 0x00007fee78acf800, 0x00007feea30b0000)
 Metaspace       used 24032K, capacity 24415K, committed 24576K, reserved 24576K
}
Event: 2867.439 GC heap before
{Heap before GC invocations=2131 (full 1341):
 def new generation   total 629248K, used 3230K [0x00007fe8f8600000, 0x00007fe9230c0000, 0x00007fee4db50000)
  eden space 559360K,   0% used [0x00007fe8f8600000, 0x00007fe8f8600000, 0x00007fe91a840000)
  from space 69888K,   4% used [0x00007fe91a840000, 0x00007fe91ab67ad8, 0x00007fe91ec80000)
  to   space 69888K,   0% used [0x00007fe91ec80000, 0x00007fe91ec80000, 0x00007fe9230c0000)
 tenured generation   total 1398144K, used 703997K [0x00007fee4db50000, 0x00007feea30b0000, 0x00007ff8f8600000)
   the space 1398144K,  50% used [0x00007fee4db50000, 0x00007fee78acf7d0, 0x00007fee78acf800, 0x00007feea30b0000)
 Metaspace       used 24032K, capacity 24415K, committed 24576K, reserved 24576K
}
Event: 2867.500 GC heap after
{Heap after GC invocations=2131 (full 1342):
 def new generation   total 629248K, used 0K [0x00007fe8f8600000, 0x00007fe9230c0000, 0x00007fee4db50000)
  eden space 559360K,   0% used [0x00007fe8f8600000, 0x00007fe8f8600000, 0x00007fe91a840000)
  from space 69888K,   0% used [0x00007fe91a840000, 0x00007fe91a840000, 0x00007fe91ec80000)
  to   space 69888K,   0% used [0x00007fe91ec80000, 0x00007fe91ec80000, 0x00007fe9230c0000)
 tenured generation   total 1398144K, used 51352K [0x00007fee4db50000, 0x00007feea30b0000, 0x00007ff8f8600000)
   the space 1398144K,   3% used [0x00007fee4db50000, 0x00007fee50d763f8, 0x00007fee50d76400, 0x00007feea30b0000)
 Metaspace       used 24032K, capacity 24415K, committed 24576K, reserved 24576K
}
Event: 2869.243 GC heap before
{Heap before GC invocations=2131 (full 1342):
 def new generation   total 629248K, used 535274K [0x00007fe8f8600000, 0x00007fe9230c0000, 0x00007fee4db50000)
  eden space 559360K,  95% used [0x00007fe8f8600000, 0x00007fe9190ba8c8, 0x00007fe91a840000)
  from space 69888K,   0% used [0x00007fe91a840000, 0x00007fe91a840000, 0x00007fe91ec80000)
  to   space 69888K,   0% used [0x00007fe91ec80000, 0x00007fe91ec80000, 0x00007fe9230c0000)
 tenured generation   total 1398144K, used 1099929K [0x00007fee4db50000, 0x00007feea30b0000, 0x00007ff8f8600000)
   the space 1398144K,  78% used [0x00007fee4db50000, 0x00007fee90d76410, 0x00007fee90d76600, 0x00007feea30b0000)
 Metaspace       used 24032K, capacity 24415K, committed 24576K, reserved 24576K
}
Event: 2870.204 GC heap after
{Heap after GC invocations=2132 (full 1342):
 def new generation   total 629248K, used 0K [0x00007fe8f8600000, 0x00007fe9230c0000, 0x00007fee4db50000)
  eden space 559360K,   0% used [0x00007fe8f8600000, 0x00007fe8f8600000, 0x00007fe91a840000)
  from space 69888K,   0% used [0x00007fe91ec80000, 0x00007fe91ec802e0, 0x00007fe9230c0000)
  to   space 69888K,   0% used [0x00007fe91a840000, 0x00007fe91a840000, 0x00007fe91ec80000)
 tenured generation   total 1922436K, used 1624217K [0x00007fee4db50000, 0x00007feec30b1000, 0x00007ff8f8600000)
   the space 1922436K,  84% used [0x00007fee4db50000, 0x00007feeb0d76428, 0x00007feeb0d76600, 0x00007feec30b1000)
 Metaspace       used 24032K, capacity 24415K, committed 24576K, reserved 24576K
}
Event: 2870.204 GC heap before
{Heap before GC invocations=2132 (full 1342):
 def new generation   total 629248K, used 0K [0x00007fe8f8600000, 0x00007fe9230c0000, 0x00007fee4db50000)
  eden space 559360K,   0% used [0x00007fe8f8600000, 0x00007fe8f8600000, 0x00007fe91a840000)
  from space 69888K,   0% used [0x00007fe91ec80000, 0x00007fe91ec802e0, 0x00007fe9230c0000)
  to   space 69888K,   0% used [0x00007fe91a840000, 0x00007fe91a840000, 0x00007fe91ec80000)
 tenured generation   total 1922436K, used 1624217K [0x00007fee4db50000, 0x00007feec30b1000, 0x00007ff8f8600000)
   the space 1922436K,  84% used [0x00007fee4db50000, 0x00007feeb0d76428, 0x00007feeb0d76600, 0x00007feec30b1000)
 Metaspace       used 24032K, capacity 24415K, committed 24576K, reserved 24576K
}
Event: 2870.522 GC heap after
{Heap after GC invocations=2132 (full 1343):
 def new generation   total 629248K, used 0K [0x00007fe8f8600000, 0x00007fe9230c0000, 0x00007fee4db50000)
  eden space 559360K,   0% used [0x00007fe8f8600000, 0x00007fe8f8600000, 0x00007fe91a840000)
  from space 69888K,   0% used [0x00007fe91ec80000, 0x00007fe91ec80000, 0x00007fe9230c0000)
  to   space 69888K,   0% used [0x00007fe91a840000, 0x00007fe91a840000, 0x00007fe91ec80000)
 tenured generation   total 1398144K, used 575641K [0x00007fee4db50000, 0x00007feea30b0000, 0x00007ff8f8600000)
   the space 1398144K,  41% used [0x00007fee4db50000, 0x00007fee70d76590, 0x00007fee70d76600, 0x00007feea30b0000)
 Metaspace       used 24032K, capacity 24415K, committed 24576K, reserved 24576K
}
Event: 2871.001 GC heap before
{Heap before GC invocations=2132 (full 1343):
 def new generation   total 629248K, used 535344K [0x00007fe8f8600000, 0x00007fe9230c0000, 0x00007fee4db50000)
  eden space 559360K,  95% used [0x00007fe8f8600000, 0x00007fe9190cc258, 0x00007fe91a840000)
  from space 69888K,   0% used [0x00007fe91ec80000, 0x00007fe91ec80000, 0x00007fe9230c0000)
  to   space 69888K,   0% used [0x00007fe91a840000, 0x00007fe91a840000, 0x00007fe91ec80000)
 tenured generation   total 1398144K, used 575641K [0x00007fee4db50000, 0x00007feea30b0000, 0x00007ff8f8600000)
   the space 1398144K,  41% used [0x00007fee4db50000, 0x00007fee70d76590, 0x00007fee70d76600, 0x00007feea30b0000)
 Metaspace       used 24032K, capacity 24415K, committed 24576K, reserved 24576K
}
Event: 2871.275 GC heap after
{Heap after GC invocations=2133 (full 1343):
 def new generation   total 629248K, used 0K [0x00007fe8f8600000, 0x00007fe9230c0000, 0x00007fee4db50000)
  eden space 559360K,   0% used [0x00007fe8f8600000, 0x00007fe8f8600000, 0x00007fe91a840000)
  from space 69888K,   0% used [0x00007fe91a840000, 0x00007fe91a840200, 0x00007fe91ec80000)
  to   space 69888K,   0% used [0x00007fe91ec80000, 0x00007fe91ec80000, 0x00007fe9230c0000)
 tenured generation   total 1398144K, used 1099929K [0x00007fee4db50000, 0x00007feea30b0000, 0x00007ff8f8600000)
   the space 1398144K,  78% used [0x00007fee4db50000, 0x00007fee90d765a8, 0x00007fee90d76600, 0x00007feea30b0000)
 Metaspace       used 24032K, capacity 24415K, committed 24576K, reserved 24576K
}
Event: 2872.009 GC heap before
{Heap before GC invocations=2133 (full 1343):
 def new generation   total 629248K, used 535309K [0x00007fe8f8600000, 0x00007fe9230c0000, 0x00007fee4db50000)
  eden space 559360K,  95% used [0x00007fe8f8600000, 0x00007fe9190c35c8, 0x00007fe91a840000)
  from space 69888K,   0% used [0x00007fe91a840000, 0x00007fe91a840200, 0x00007fe91ec80000)
  to   space 69888K,   0% used [0x00007fe91ec80000, 0x00007fe91ec80000, 0x00007fe9230c0000)
 tenured generation   total 1398144K, used 1099929K [0x00007fee4db50000, 0x00007feea30b0000, 0x00007ff8f8600000)
   the space 1398144K,  78% used [0x00007fee4db50000, 0x00007fee90d765a8, 0x00007fee90d76600, 0x00007feea30b0000)
 Metaspace       used 24032K, capacity 24415K, committed 24576K, reserved 24576K
}

Deoptimization events (20 events):
Event: 364.937 Thread 0x00007ff910018000 DEOPT PACKING pc=0x00007ff8f93a20a0 sp=0x00007ff9144e97e0
Event: 364.937 Thread 0x00007ff910018000 DEOPT UNPACKING pc=0x00007ff8f87d333a sp=0x00007ff9144e8c98 mode 0
Event: 547.358 Thread 0x00007ff910018000 DEOPT PACKING pc=0x00007ff8f934d77b sp=0x00007ff9144e9270
Event: 547.358 Thread 0x00007ff910018000 DEOPT UNPACKING pc=0x00007ff8f87d333a sp=0x00007ff9144e8748 mode 0
Event: 803.735 Thread 0x00007ff910018000 DEOPT PACKING pc=0x00007ff8f92f3124 sp=0x00007ff9144e9720
Event: 803.735 Thread 0x00007ff910018000 DEOPT UNPACKING pc=0x00007ff8f87d333a sp=0x00007ff9144e8d60 mode 0
Event: 842.231 Thread 0x00007ff910018000 Uncommon trap: trap_request=0xffffff45 fr.pc=0x00007ff90034054c relative=0x00000000000001cc
Event: 842.231 Thread 0x00007ff910018000 Uncommon trap: reason=unstable_if action=reinterpret pc=0x00007ff90034054c method=java.util.HashMap.putVal(ILjava/lang/Object;Ljava/lang/Object;ZZ)Ljava/lang/Object; @ 162 c2
Event: 842.231 Thread 0x00007ff910018000 DEOPT PACKING pc=0x00007ff90034054c sp=0x00007ff9144e92f0
Event: 842.231 Thread 0x00007ff910018000 DEOPT UNPACKING pc=0x00007ff8f87d2e25 sp=0x00007ff9144e9280 mode 2
Event: 875.269 Thread 0x00007ff910018000 DEOPT PACKING pc=0x00007ff8f8f2d9c9 sp=0x00007ff9144e9270
Event: 875.269 Thread 0x00007ff910018000 DEOPT UNPACKING pc=0x00007ff8f87d333a sp=0x00007ff9144e8748 mode 0
Event: 887.813 Thread 0x00007ff910018000 DEOPT PACKING pc=0x00007ff8f92f3124 sp=0x00007ff9144e9720
Event: 887.813 Thread 0x00007ff910018000 DEOPT UNPACKING pc=0x00007ff8f87d333a sp=0x00007ff9144e8d60 mode 0
Event: 974.082 Thread 0x00007ff910018000 DEOPT PACKING pc=0x00007ff8f92f3124 sp=0x00007ff9144e9720
Event: 974.082 Thread 0x00007ff910018000 DEOPT UNPACKING pc=0x00007ff8f87d333a sp=0x00007ff9144e8d60 mode 0
Event: 1055.932 Thread 0x00007ff910018000 DEOPT PACKING pc=0x00007ff8f92f3124 sp=0x00007ff9144e9720
Event: 1055.932 Thread 0x00007ff910018000 DEOPT UNPACKING pc=0x00007ff8f87d333a sp=0x00007ff9144e8d60 mode 0
Event: 1143.832 Thread 0x00007ff910018000 DEOPT PACKING pc=0x00007ff8f92f3124 sp=0x00007ff9144e9720
Event: 1143.832 Thread 0x00007ff910018000 DEOPT UNPACKING pc=0x00007ff8f87d333a sp=0x00007ff9144e8d60 mode 0

Classes unloaded (0 events):
No events

Classes redefined (0 events):
No events

Internal exceptions (20 events):
Event: 0.706 Thread 0x00007ff910018000 Exception <a 'java/lang/NoSuchMethodError'{0x00007fe8f9be6b48}: 'java.lang.Object java.lang.invoke.DirectMethodHandle$Holder.invokeVirtual(java.lang.Object, java.lang.Object, java.lang.Object)'> (0x00007fe8f9be6b48) 
thrown [src/hotspot/share/interpreter/linkResolver.cpp, line 766]
Event: 0.711 Thread 0x00007ff910018000 Exception <a 'java/lang/NoSuchMethodError'{0x00007fe8f9bef2a0}: 'int java.lang.invoke.DirectMethodHandle$Holder.invokeInterface(java.lang.Object, java.lang.Object)'> (0x00007fe8f9bef2a0) 
thrown [src/hotspot/share/interpreter/linkResolver.cpp, line 766]
Event: 0.726 Thread 0x00007ff910018000 Exception <a 'java/lang/NoSuchMethodError'{0x00007fe8f9c32338}: 'int java.lang.invoke.DirectMethodHandle$Holder.invokeSpecial(java.lang.Object, java.lang.Object, java.lang.Object, java.lang.Object)'> (0x00007fe8f9c32338) 
thrown [src/hotspot/share/interpreter/linkResolver.cpp, line 766]
Event: 0.729 Thread 0x00007ff910018000 Exception <a 'java/lang/NoSuchMethodError'{0x00007fe8f9c4d080}: 'java.lang.Object java.lang.invoke.DirectMethodHandle$Holder.invokeVirtual(java.lang.Object, java.lang.Object, java.lang.Object, int, int)'> (0x00007fe8f9c4d080) 
thrown [src/hotspot/share/interpreter/linkResolver.cpp, line 766]
Event: 0.729 Thread 0x00007ff910018000 Exception <a 'java/lang/NoSuchMethodError'{0x00007fe8f9c55430}: 'java.lang.Object java.lang.invoke.DirectMethodHandle$Holder.invokeVirtual(java.lang.Object, java.lang.Object, int)'> (0x00007fe8f9c55430) 
thrown [src/hotspot/share/interpreter/linkResolver.cpp, line 766]
Event: 0.730 Thread 0x00007ff910018000 Exception <a 'java/lang/NoSuchMethodError'{0x00007fe8f9c61dd8}: 'java.lang.Object java.lang.invoke.DirectMethodHandle$Holder.invokeSpecial(java.lang.Object, java.lang.Object, java.lang.Object, int, int)'> (0x00007fe8f9c61dd8) 
thrown [src/hotspot/share/interpreter/linkResolver.cpp, line 766]
Event: 1.098 Thread 0x00007ff910018000 Exception <a 'java/lang/NoSuchMethodError'{0x00007fe8fb22f720}: 'int java.lang.invoke.DirectMethodHandle$Holder.invokeSpecial(java.lang.Object, java.lang.Object, java.lang.Object, java.lang.Object, java.lang.Object)'> (0x00007fe8fb22f720) 
thrown [src/hotspot/share/interpreter/linkResolver.cpp, line 766]
Event: 1.179 Thread 0x00007ff910018000 Implicit null exception at 0x00007ff9002abfbf to 0x00007ff9002ac748
Event: 1.191 Thread 0x00007ff910018000 Exception <a 'java/lang/NoSuchMethodError'{0x00007fe8fb64df38}: 'java.lang.Object java.lang.invoke.DirectMethodHandle$Holder.invokeStatic(java.lang.Object, java.lang.Object, int, int)'> (0x00007fe8fb64df38) 
thrown [src/hotspot/share/interpreter/linkResolver.cpp, line 766]
Event: 1.622 Thread 0x00007ff910018000 Exception <a 'java/lang/NoSuchMethodError'{0x00007fe8fdc9b7b0}: 'void java.lang.invoke.DirectMethodHandle$Holder.invokeVirtual(java.lang.Object, java.lang.Object)'> (0x00007fe8fdc9b7b0) 
thrown [src/hotspot/share/interpreter/linkResolver.cpp, line 766]
Event: 1.751 Thread 0x00007ff910018000 Exception <a 'java/lang/NoSuchMethodError'{0x00007fe8fdfb7648}: 'int java.lang.invoke.DirectMethodHandle$Holder.invokeVirtual(java.lang.Object, java.lang.Object, java.lang.Object, java.lang.Object)'> (0x00007fe8fdfb7648) 
thrown [src/hotspot/share/interpreter/linkResolver.cpp, line 766]
Event: 1.751 Thread 0x00007ff910018000 Exception <a 'java/lang/NoSuchMethodError'{0x00007fe8fdfc58b0}: 'java.lang.Object java.lang.invoke.DirectMethodHandle$Holder.invokeStatic(java.lang.Object, java.lang.Object, int, java.lang.Object)'> (0x00007fe8fdfc58b0) 
thrown [src/hotspot/share/interpreter/linkResolver.cpp, line 766]
Event: 1.753 Thread 0x00007ff910018000 Exception <a 'java/lang/NoSuchMethodError'{0x00007fe8fdfce1c8}: 'java.lang.Object java.lang.invoke.Invokers$Holder.linkToTargetMethod(java.lang.Object, int, java.lang.Object, java.lang.Object)'> (0x00007fe8fdfce1c8) 
thrown [src/hotspot/share/interpreter/linkResolver.cpp, line 766]
Event: 2.416 Thread 0x00007ff910018000 Exception <a 'java/lang/NoSuchMethodError'{0x00007fe8fecd3e98}: 'java.lang.Object java.lang.invoke.Invokers$Holder.linkToTargetMethod(java.lang.Object, int, java.lang.Object)'> (0x00007fe8fecd3e98) 
thrown [src/hotspot/share/interpreter/linkResolver.cpp, line 766]
Event: 2.425 Thread 0x00007ff910018000 Exception <a 'java/lang/NoSuchMethodError'{0x00007fe8fed0dec8}: 'java.lang.Object java.lang.invoke.Invokers$Holder.linkToTargetMethod(java.lang.Object, long, java.lang.Object)'> (0x00007fe8fed0dec8) 
thrown [src/hotspot/share/interpreter/linkResolver.cpp, line 766]
Event: 2.620 Thread 0x00007ff9100a7000 Implicit null exception at 0x00007ff9002a5b4c to 0x00007ff9002a5c00
Event: 2.651 Thread 0x00007ff910018000 Exception <a 'java/lang/NoSuchMethodError'{0x00007fe8f86a4630}: 'java.lang.Object java.lang.invoke.Invokers$Holder.invokeExact_MT(java.lang.Object, java.lang.Object, java.lang.Object, java.lang.Object, java.lang.Object, java.lang.Object)'> (0x00007fe8f86a4630) 
thrown [src/hotspot/share/interpreter/linkResolver.cpp, line 766]
Event: 2.732 Thread 0x00007ff910018000 Exception <a 'java/lang/NoSuchMethodError'{0x00007fe8f883c530}: 'int java.lang.invoke.DirectMethodHandle$Holder.invokeStatic(java.lang.Object, java.lang.Object, int)'> (0x00007fe8f883c530) 
thrown [src/hotspot/share/interpreter/linkResolver.cpp, line 766]
Event: 2.823 Thread 0x00007ff910018000 Exception <a 'java/lang/NoSuchMethodError'{0x00007fe8f89dccb8}: 'double java.lang.invoke.DirectMethodHandle$Holder.invokeStatic(java.lang.Object, java.lang.Object)'> (0x00007fe8f89dccb8) 
thrown [src/hotspot/share/interpreter/linkResolver.cpp, line 766]
Event: 2.865 Thread 0x00007ff910018000 Exception <a 'java/lang/NoSuchMethodError'{0x00007fe8f8ae5908}: 'int java.lang.invoke.DirectMethodHandle$Holder.invokeStatic(java.lang.Object, java.lang.Object, java.lang.Object, int)'> (0x00007fe8f8ae5908) 
thrown [src/hotspot/share/interpreter/linkResolver.cpp, line 766]

Events (20 events):
Event: 2859.285 Executing VM operation: GenCollectForAllocation done
Event: 2859.706 Executing VM operation: GenCollectForAllocation
Event: 2859.948 Executing VM operation: GenCollectForAllocation done
Event: 2860.569 Executing VM operation: GenCollectForAllocation
Event: 2861.241 Executing VM operation: GenCollectForAllocation done
Event: 2861.999 Executing VM operation: GenCollectForAllocation
Event: 2862.114 Executing VM operation: GenCollectForAllocation done
Event: 2863.854 Executing VM operation: GenCollectForAllocation
Event: 2864.612 Executing VM operation: GenCollectForAllocation done
Event: 2865.114 Executing VM operation: GenCollectForAllocation
Event: 2865.382 Executing VM operation: GenCollectForAllocation done
Event: 2865.993 Executing VM operation: GenCollectForAllocation
Event: 2866.635 Executing VM operation: GenCollectForAllocation done
Event: 2867.368 Executing VM operation: GenCollectForAllocation
Event: 2867.500 Executing VM operation: GenCollectForAllocation done
Event: 2869.243 Executing VM operation: GenCollectForAllocation
Event: 2870.522 Executing VM operation: GenCollectForAllocation done
Event: 2870.995 Executing VM operation: GenCollectForAllocation
Event: 2871.275 Executing VM operation: GenCollectForAllocation done
Event: 2871.990 Executing VM operation: GenCollectForAllocation


Dynamic libraries:
563e3525c000-563e3525d000 r--p 00000000 07:22 4860                       /usr/lib/jvm/java-13-openjdk-amd64/bin/java
563e3525d000-563e3525e000 r-xp 00001000 07:22 4860                       /usr/lib/jvm/java-13-openjdk-amd64/bin/java
563e3525e000-563e3525f000 r--p 00002000 07:22 4860                       /usr/lib/jvm/java-13-openjdk-amd64/bin/java
563e3525f000-563e35260000 r--p 00002000 07:22 4860                       /usr/lib/jvm/java-13-openjdk-amd64/bin/java
563e35260000-563e35261000 rw-p 00003000 07:22 4860                       /usr/lib/jvm/java-13-openjdk-amd64/bin/java
563e35443000-563e35464000 rw-p 00000000 00:00 0                          [heap]
7fe8bc000000-7fe8bc021000 rw-p 00000000 00:00 0 
7fe8bc021000-7fe8c0000000 ---p 00000000 00:00 0 
7fe8c4000000-7fe8c4021000 rw-p 00000000 00:00 0 
7fe8c4021000-7fe8c8000000 ---p 00000000 00:00 0 
7fe8c8000000-7fe8c8021000 rw-p 00000000 00:00 0 
7fe8c8021000-7fe8cc000000 ---p 00000000 00:00 0 
7fe8cc000000-7fe8ce7eb000 rw-p 00000000 00:00 0 
7fe8ce7eb000-7fe8d0000000 ---p 00000000 00:00 0 
7fe8d0000000-7fe8d08c4000 rw-p 00000000 00:00 0 
7fe8d08c4000-7fe8d4000000 ---p 00000000 00:00 0 
7fe8d4000000-7fe8d4021000 rw-p 00000000 00:00 0 
7fe8d4021000-7fe8d8000000 ---p 00000000 00:00 0 
7fe8d8000000-7fe8d8021000 rw-p 00000000 00:00 0 
7fe8d8021000-7fe8dc000000 ---p 00000000 00:00 0 
7fe8dc000000-7fe8dc021000 rw-p 00000000 00:00 0 
7fe8dc021000-7fe8e0000000 ---p 00000000 00:00 0 
7fe8e0000000-7fe8e0021000 rw-p 00000000 00:00 0 
7fe8e0021000-7fe8e4000000 ---p 00000000 00:00 0 
7fe8e4000000-7fe8e4090000 rw-p 00000000 00:00 0 
7fe8e4090000-7fe8e8000000 ---p 00000000 00:00 0 
7fe8e8dff000-7fe8e8fff000 rw-p 00000000 00:00 0 
7fe8e8fff000-7fe8e91ff000 rw-p 00000000 00:00 0 
7fe8e91ff000-7fe8e93ff000 rw-p 00000000 00:00 0 
7fe8e93ff000-7fe8e95ff000 rw-p 00000000 00:00 0 
7fe8e95ff000-7fe8e999f000 rw-p 00000000 00:00 0 
7fe8e999f000-7fe8e9b9f000 rw-p 00000000 00:00 0 
7fe8e9b9f000-7fe8e9d9f000 rw-p 00000000 00:00 0 
7fe8e9d9f000-7fe8e9f9f000 rw-p 00000000 00:00 0 
7fe8e9f9f000-7fe8e9fa0000 ---p 00000000 00:00 0 
7fe8e9fa0000-7fe8ea0a1000 rw-p 00000000 00:00 0 
7fe8ea0a1000-7fe8ea0a5000 ---p 00000000 00:00 0 
7fe8ea0a5000-7fe8ea1a2000 rw-p 00000000 00:00 0 
7fe8ea1a2000-7fe8ea1a6000 ---p 00000000 00:00 0 
7fe8ea1a6000-7fe8ea2a3000 rw-p 00000000 00:00 0 
7fe8ea2a3000-7fe8ea2a7000 ---p 00000000 00:00 0 
7fe8ea2a7000-7fe8ea3a4000 rw-p 00000000 00:00 0 
7fe8ea3a4000-7fe8ea3a8000 ---p 00000000 00:00 0 
7fe8ea3a8000-7fe8ea4a5000 rw-p 00000000 00:00 0 
7fe8ea4a5000-7fe8ea4a9000 ---p 00000000 00:00 0 
7fe8ea4a9000-7fe8ea5a6000 rw-p 00000000 00:00 0 
7fe8ea5a6000-7fe8ea5aa000 ---p 00000000 00:00 0 
7fe8ea5aa000-7fe8ea6a7000 rw-p 00000000 00:00 0 
7fe8ea6a7000-7fe8ea6ab000 ---p 00000000 00:00 0 
7fe8ea6ab000-7fe8ea7a8000 rw-p 00000000 00:00 0 
7fe8ea7a8000-7fe8ea7ac000 ---p 00000000 00:00 0 
7fe8ea7ac000-7fe8eb354000 rw-p 00000000 00:00 0 
7fe8eb354000-7fe8f05ff000 ---p 00000000 00:00 0 
7fe8f05ff000-7fe8f0755000 rw-p 00000000 00:00 0 
7fe8f0755000-7fe8f30a9000 ---p 00000000 00:00 0 
7fe8f30a9000-7fe8f3355000 rw-p 00000000 00:00 0 
7fe8f3355000-7fe8f85ff000 ---p 00000000 00:00 0 
7fe8f85ff000-7fe9230c0000 rw-p 00000000 00:00 0 
7fe9230c0000-7fee4db50000 ---p 00000000 00:00 0 
7fee4db50000-7feea30b0000 rw-p 00000000 00:00 0 
7feec30b1000-7ff8f8600000 ---p 00000000 00:00 0 
7ff8f8657000-7ff8f8688000 rw-p 00000000 00:00 0 
7ff8f8688000-7ff8f8689000 ---p 00000000 00:00 0 
7ff8f8689000-7ff8f878a000 rw-p 00000000 00:00 0 
7ff8f878a000-7ff8f89fa000 rwxp 00000000 00:00 0 
7ff8f89fa000-7ff8f8d19000 ---p 00000000 00:00 0 
7ff8f8d19000-7ff8f93d9000 rwxp 00000000 00:00 0 
7ff8f93d9000-7ff900251000 ---p 00000000 00:00 0 
7ff900251000-7ff9004c1000 rwxp 00000000 00:00 0 
7ff9004c1000-7ff90778a000 ---p 00000000 00:00 0 
7ff90778a000-7ff910000000 r--s 00000000 07:22 5215                       /usr/lib/jvm/java-13-openjdk-amd64/lib/modules
7ff910000000-7ff91069e000 rw-p 00000000 00:00 0 
7ff91069e000-7ff914000000 ---p 00000000 00:00 0 
7ff914012000-7ff914016000 r--p 00000000 07:22 5204                       /usr/lib/jvm/java-13-openjdk-amd64/lib/libnet.so
7ff914016000-7ff914024000 r-xp 00004000 07:22 5204                       /usr/lib/jvm/java-13-openjdk-amd64/lib/libnet.so
7ff914024000-7ff914028000 r--p 00012000 07:22 5204                       /usr/lib/jvm/java-13-openjdk-amd64/lib/libnet.so
7ff914028000-7ff914029000 r--p 00015000 07:22 5204                       /usr/lib/jvm/java-13-openjdk-amd64/lib/libnet.so
7ff914029000-7ff91402a000 rw-p 00016000 07:22 5204                       /usr/lib/jvm/java-13-openjdk-amd64/lib/libnet.so
7ff91402a000-7ff914031000 r--p 00000000 07:22 5205                       /usr/lib/jvm/java-13-openjdk-amd64/lib/libnio.so
7ff914031000-7ff91403a000 r-xp 00007000 07:22 5205                       /usr/lib/jvm/java-13-openjdk-amd64/lib/libnio.so
7ff91403a000-7ff91403e000 r--p 00010000 07:22 5205                       /usr/lib/jvm/java-13-openjdk-amd64/lib/libnio.so
7ff91403e000-7ff91403f000 r--p 00013000 07:22 5205                       /usr/lib/jvm/java-13-openjdk-amd64/lib/libnio.so
7ff91403f000-7ff914040000 rw-p 00014000 07:22 5205                       /usr/lib/jvm/java-13-openjdk-amd64/lib/libnio.so
7ff914040000-7ff914047000 r--s 00000000 07:22 8532                       /usr/lib/x86_64-linux-gnu/gconv/gconv-modules.cache
7ff914047000-7ff914079000 r--p 00000000 07:22 5276                       /usr/lib/locale/C.UTF-8/LC_CTYPE
7ff914079000-7ff91419b000 rw-p 00000000 00:00 0 
7ff91419b000-7ff914281000 ---p 00000000 00:00 0 
7ff914281000-7ff91428f000 rw-p 00000000 00:00 0 
7ff91428f000-7ff91436c000 ---p 00000000 00:00 0 
7ff91436c000-7ff914371000 rw-p 00000000 00:00 0 
7ff914371000-7ff914378000 ---p 00000000 00:00 0 
7ff914378000-7ff91437a000 r--p 00000000 07:22 5214                       /usr/lib/jvm/java-13-openjdk-amd64/lib/libzip.so
7ff91437a000-7ff91437e000 r-xp 00002000 07:22 5214                       /usr/lib/jvm/java-13-openjdk-amd64/lib/libzip.so
7ff91437e000-7ff914380000 r--p 00006000 07:22 5214                       /usr/lib/jvm/java-13-openjdk-amd64/lib/libzip.so
7ff914380000-7ff914381000 r--p 00007000 07:22 5214                       /usr/lib/jvm/java-13-openjdk-amd64/lib/libzip.so
7ff914381000-7ff914382000 rw-p 00008000 07:22 5214                       /usr/lib/jvm/java-13-openjdk-amd64/lib/libzip.so
7ff914382000-7ff91438a000 rw-s 00000000 08:03 67915694                   /tmp/hsperfdata_rcabanas/33979
7ff91438a000-7ff91438d000 r--p 00000000 07:22 9108                       /usr/lib/x86_64-linux-gnu/libnss_files-2.31.so
7ff91438d000-7ff914394000 r-xp 00003000 07:22 9108                       /usr/lib/x86_64-linux-gnu/libnss_files-2.31.so
7ff914394000-7ff914396000 r--p 0000a000 07:22 9108                       /usr/lib/x86_64-linux-gnu/libnss_files-2.31.so
7ff914396000-7ff914397000 r--p 0000b000 07:22 9108                       /usr/lib/x86_64-linux-gnu/libnss_files-2.31.so
7ff914397000-7ff914398000 rw-p 0000c000 07:22 9108                       /usr/lib/x86_64-linux-gnu/libnss_files-2.31.so
7ff914398000-7ff91439e000 rw-p 00000000 00:00 0 
7ff9143a4000-7ff9143a6000 r--p 00000000 07:22 5195                       /usr/lib/jvm/java-13-openjdk-amd64/lib/libjimage.so
7ff9143a6000-7ff9143a9000 r-xp 00002000 07:22 5195                       /usr/lib/jvm/java-13-openjdk-amd64/lib/libjimage.so
7ff9143a9000-7ff9143aa000 r--p 00005000 07:22 5195                       /usr/lib/jvm/java-13-openjdk-amd64/lib/libjimage.so
7ff9143aa000-7ff9143ab000 ---p 00006000 07:22 5195                       /usr/lib/jvm/java-13-openjdk-amd64/lib/libjimage.so
7ff9143ab000-7ff9143ac000 r--p 00006000 07:22 5195                       /usr/lib/jvm/java-13-openjdk-amd64/lib/libjimage.so
7ff9143ac000-7ff9143ad000 rw-p 00007000 07:22 5195                       /usr/lib/jvm/java-13-openjdk-amd64/lib/libjimage.so
7ff9143ad000-7ff9143ba000 r--p 00000000 07:22 5191                       /usr/lib/jvm/java-13-openjdk-amd64/lib/libjava.so
7ff9143ba000-7ff9143cf000 r-xp 0000d000 07:22 5191                       /usr/lib/jvm/java-13-openjdk-amd64/lib/libjava.so
7ff9143cf000-7ff9143d5000 r--p 00022000 07:22 5191                       /usr/lib/jvm/java-13-openjdk-amd64/lib/libjava.so
7ff9143d5000-7ff9143d6000 ---p 00028000 07:22 5191                       /usr/lib/jvm/java-13-openjdk-amd64/lib/libjava.so
7ff9143d6000-7ff9143d7000 r--p 00028000 07:22 5191                       /usr/lib/jvm/java-13-openjdk-amd64/lib/libjava.so
7ff9143d7000-7ff9143d9000 rw-p 00029000 07:22 5191                       /usr/lib/jvm/java-13-openjdk-amd64/lib/libjava.so
7ff9143d9000-7ff9143de000 r--p 00000000 07:22 5213                       /usr/lib/jvm/java-13-openjdk-amd64/lib/libverify.so
7ff9143de000-7ff9143e5000 r-xp 00005000 07:22 5213                       /usr/lib/jvm/java-13-openjdk-amd64/lib/libverify.so
7ff9143e5000-7ff9143e7000 r--p 0000c000 07:22 5213                       /usr/lib/jvm/java-13-openjdk-amd64/lib/libverify.so
7ff9143e7000-7ff9143e8000 ---p 0000e000 07:22 5213                       /usr/lib/jvm/java-13-openjdk-amd64/lib/libverify.so
7ff9143e8000-7ff9143ea000 r--p 0000e000 07:22 5213                       /usr/lib/jvm/java-13-openjdk-amd64/lib/libverify.so
7ff9143ea000-7ff9143eb000 rw-p 00010000 07:22 5213                       /usr/lib/jvm/java-13-openjdk-amd64/lib/libverify.so
7ff9143eb000-7ff9143ef000 ---p 00000000 00:00 0 
7ff9143ef000-7ff9144ec000 rw-p 00000000 00:00 0 
7ff9144ec000-7ff9144ef000 r--p 00000000 07:22 8948                       /usr/lib/x86_64-linux-gnu/libgcc_s.so.1
7ff9144ef000-7ff914501000 r-xp 00003000 07:22 8948                       /usr/lib/x86_64-linux-gnu/libgcc_s.so.1
7ff914501000-7ff914505000 r--p 00015000 07:22 8948                       /usr/lib/x86_64-linux-gnu/libgcc_s.so.1
7ff914505000-7ff914506000 r--p 00018000 07:22 8948                       /usr/lib/x86_64-linux-gnu/libgcc_s.so.1
7ff914506000-7ff914507000 rw-p 00019000 07:22 8948                       /usr/lib/x86_64-linux-gnu/libgcc_s.so.1
7ff914507000-7ff914514000 r--p 00000000 07:22 9062                       /usr/lib/x86_64-linux-gnu/libm-2.31.so
7ff914514000-7ff9145bb000 r-xp 0000d000 07:22 9062                       /usr/lib/x86_64-linux-gnu/libm-2.31.so
7ff9145bb000-7ff914654000 r--p 000b4000 07:22 9062                       /usr/lib/x86_64-linux-gnu/libm-2.31.so
7ff914654000-7ff914655000 r--p 0014c000 07:22 9062                       /usr/lib/x86_64-linux-gnu/libm-2.31.so
7ff914655000-7ff914656000 rw-p 0014d000 07:22 9062                       /usr/lib/x86_64-linux-gnu/libm-2.31.so
7ff914656000-7ff9146ec000 r--p 00000000 07:22 9213                       /usr/lib/x86_64-linux-gnu/libstdc++.so.6.0.28
7ff9146ec000-7ff9147dd000 r-xp 00096000 07:22 9213                       /usr/lib/x86_64-linux-gnu/libstdc++.so.6.0.28
7ff9147dd000-7ff914826000 r--p 00187000 07:22 9213                       /usr/lib/x86_64-linux-gnu/libstdc++.so.6.0.28
7ff914826000-7ff914827000 ---p 001d0000 07:22 9213                       /usr/lib/x86_64-linux-gnu/libstdc++.so.6.0.28
7ff914827000-7ff914832000 r--p 001d0000 07:22 9213                       /usr/lib/x86_64-linux-gnu/libstdc++.so.6.0.28
7ff914832000-7ff914835000 rw-p 001db000 07:22 9213                       /usr/lib/x86_64-linux-gnu/libstdc++.so.6.0.28
7ff914835000-7ff914838000 rw-p 00000000 00:00 0 
7ff914838000-7ff914abe000 r--p 00000000 07:22 5226                       /usr/lib/jvm/java-13-openjdk-amd64/lib/server/libjvm.so
7ff914abe000-7ff91583b000 r-xp 00286000 07:22 5226                       /usr/lib/jvm/java-13-openjdk-amd64/lib/server/libjvm.so
7ff91583b000-7ff915ab6000 r--p 01003000 07:22 5226                       /usr/lib/jvm/java-13-openjdk-amd64/lib/server/libjvm.so
7ff915ab6000-7ff915b7b000 r--p 0127d000 07:22 5226                       /usr/lib/jvm/java-13-openjdk-amd64/lib/server/libjvm.so
7ff915b7b000-7ff915bb6000 rw-p 01342000 07:22 5226                       /usr/lib/jvm/java-13-openjdk-amd64/lib/server/libjvm.so
7ff915bb6000-7ff915c3c000 rw-p 00000000 00:00 0 
7ff915c3c000-7ff915c42000 r--p 00000000 07:22 9166                       /usr/lib/x86_64-linux-gnu/libpthread-2.31.so
7ff915c42000-7ff915c53000 r-xp 00006000 07:22 9166                       /usr/lib/x86_64-linux-gnu/libpthread-2.31.so
7ff915c53000-7ff915c59000 r--p 00017000 07:22 9166                       /usr/lib/x86_64-linux-gnu/libpthread-2.31.so
7ff915c59000-7ff915c5a000 r--p 0001c000 07:22 9166                       /usr/lib/x86_64-linux-gnu/libpthread-2.31.so
7ff915c5a000-7ff915c5b000 rw-p 0001d000 07:22 9166                       /usr/lib/x86_64-linux-gnu/libpthread-2.31.so
7ff915c5b000-7ff915c5f000 rw-p 00000000 00:00 0 
7ff915c5f000-7ff915c60000 r--p 00000000 07:22 8893                       /usr/lib/x86_64-linux-gnu/libdl-2.31.so
7ff915c60000-7ff915c62000 r-xp 00001000 07:22 8893                       /usr/lib/x86_64-linux-gnu/libdl-2.31.so
7ff915c62000-7ff915c63000 r--p 00003000 07:22 8893                       /usr/lib/x86_64-linux-gnu/libdl-2.31.so
7ff915c63000-7ff915c64000 r--p 00003000 07:22 8893                       /usr/lib/x86_64-linux-gnu/libdl-2.31.so
7ff915c64000-7ff915c65000 rw-p 00004000 07:22 8893                       /usr/lib/x86_64-linux-gnu/libdl-2.31.so
7ff915c65000-7ff915c67000 r--p 00000000 07:22 9290                       /usr/lib/x86_64-linux-gnu/libz.so.1.2.11
7ff915c67000-7ff915c78000 r-xp 00002000 07:22 9290                       /usr/lib/x86_64-linux-gnu/libz.so.1.2.11
7ff915c78000-7ff915c7e000 r--p 00013000 07:22 9290                       /usr/lib/x86_64-linux-gnu/libz.so.1.2.11
7ff915c7e000-7ff915c7f000 ---p 00019000 07:22 9290                       /usr/lib/x86_64-linux-gnu/libz.so.1.2.11
7ff915c7f000-7ff915c80000 r--p 00019000 07:22 9290                       /usr/lib/x86_64-linux-gnu/libz.so.1.2.11
7ff915c80000-7ff915c81000 rw-p 0001a000 07:22 9290                       /usr/lib/x86_64-linux-gnu/libz.so.1.2.11
7ff915c81000-7ff915ca3000 r--p 00000000 07:22 8851                       /usr/lib/x86_64-linux-gnu/libc-2.31.so
7ff915ca3000-7ff915e1b000 r-xp 00022000 07:22 8851                       /usr/lib/x86_64-linux-gnu/libc-2.31.so
7ff915e1b000-7ff915e69000 r--p 0019a000 07:22 8851                       /usr/lib/x86_64-linux-gnu/libc-2.31.so
7ff915e69000-7ff915e6d000 r--p 001e7000 07:22 8851                       /usr/lib/x86_64-linux-gnu/libc-2.31.so
7ff915e6d000-7ff915e6f000 rw-p 001eb000 07:22 8851                       /usr/lib/x86_64-linux-gnu/libc-2.31.so
7ff915e6f000-7ff915e73000 rw-p 00000000 00:00 0 
7ff915e75000-7ff915e77000 r--s 0000c000 07:22 20930                      /usr/share/java/java-atk-wrapper.jar
7ff915e77000-7ff915e78000 ---p 00000000 00:00 0 
7ff915e78000-7ff915e79000 r--p 00000000 00:00 0 
7ff915e79000-7ff915e7c000 r--p 00000000 07:22 5196                       /usr/lib/jvm/java-13-openjdk-amd64/lib/libjli.so
7ff915e7c000-7ff915e86000 r-xp 00003000 07:22 5196                       /usr/lib/jvm/java-13-openjdk-amd64/lib/libjli.so
7ff915e86000-7ff915e89000 r--p 0000d000 07:22 5196                       /usr/lib/jvm/java-13-openjdk-amd64/lib/libjli.so
7ff915e89000-7ff915e8a000 r--p 0000f000 07:22 5196                       /usr/lib/jvm/java-13-openjdk-amd64/lib/libjli.so
7ff915e8a000-7ff915e8b000 rw-p 00010000 07:22 5196                       /usr/lib/jvm/java-13-openjdk-amd64/lib/libjli.so
7ff915e8b000-7ff915e8d000 rw-p 00000000 00:00 0 
7ff915e8d000-7ff915e8e000 r--p 00000000 07:22 8572                       /usr/lib/x86_64-linux-gnu/ld-2.31.so
7ff915e8e000-7ff915eb1000 r-xp 00001000 07:22 8572                       /usr/lib/x86_64-linux-gnu/ld-2.31.so
7ff915eb1000-7ff915eb9000 r--p 00024000 07:22 8572                       /usr/lib/x86_64-linux-gnu/ld-2.31.so
7ff915eb9000-7ff915eba000 ---p 00000000 00:00 0 
7ff915eba000-7ff915ebb000 r--p 0002c000 07:22 8572                       /usr/lib/x86_64-linux-gnu/ld-2.31.so
7ff915ebb000-7ff915ebc000 rw-p 0002d000 07:22 8572                       /usr/lib/x86_64-linux-gnu/ld-2.31.so
7ff915ebc000-7ff915ebd000 rw-p 00000000 00:00 0 
7fffb2e2a000-7fffb2e4b000 rw-p 00000000 00:00 0                          [stack]
7fffb2f00000-7fffb2f02000 r-xp 00000000 00:00 0                          [vdso]
ffffffffff600000-ffffffffff601000 r-xp 00000000 00:00 0                  [vsyscall]


VM Arguments:
jvm_args: -Xmx64g --add-modules=ALL-DEFAULT 
java_command: jdk.compiler/com.sun.tools.javac.launcher.Main /mnt/beegfs/rcabanas/dev/credici/papers/journalEM/code/LearnAndCalculatePNS.java -w -x 100 -m 500 -sc LLratio -th 1.0 -a EMCC --seed 0 --output /mnt/beegfs/rcabanas/dev/credici/papers/journalEM/output/synthetic/s1 /mnt/beegfs/rcabanas/dev/credici/papers/journalEM/models/synthetic/s1/random_mc2_n9_mid3_d1000_05_mr098_r10_88.uai
java_class_path (initial): /mnt/beegfs/rcabanas/dev/credici/target/credici-0.1.3-jar-with-dependencies.jar
Launcher Type: SUN_STANDARD

[Global flags]
     intx CICompilerCount                          = 2                                         {product} {ergonomic}
   size_t InitialHeapSize                          = 2147483648                                {product} {ergonomic}
   size_t MaxHeapSize                              = 68719476736                               {product} {command line}
   size_t MaxNewSize                               = 22906470400                               {product} {ergonomic}
   size_t MinHeapDeltaBytes                        = 196608                                    {product} {ergonomic}
   size_t MinHeapSize                              = 8388608                                   {product} {ergonomic}
   size_t NewSize                                  = 715784192                                 {product} {ergonomic}
    uintx NonNMethodCodeHeapSize                   = 5826188                                {pd product} {ergonomic}
    uintx NonProfiledCodeHeapSize                  = 122916026                              {pd product} {ergonomic}
   size_t OldSize                                  = 1431699456                                {product} {ergonomic}
    uintx ProfiledCodeHeapSize                     = 122916026                              {pd product} {ergonomic}
    uintx ReservedCodeCacheSize                    = 251658240                              {pd product} {ergonomic}
     bool SegmentedCodeCache                       = true                                      {product} {ergonomic}
   size_t SoftMaxHeapSize                          = 68719476736                            {manageable} {ergonomic}
     bool UseSerialGC                              = true                                      {product} {ergonomic}

Logging:
Log output configuration:
 #0: stdout all=warning uptime,level,tags
 #1: stderr all=off uptime,level,tags

Environment Variables:
PATH=/usr/local/sbin:/usr/local/bin:/usr/sbin:/usr/bin:/sbin:/bin
LD_LIBRARY_PATH=/.singularity.d/libs

Signal Handlers:
SIGSEGV: [libjvm.so+0xf8fcf0], sa_mask[0]=11111111011111111101111111111110, sa_flags=SA_RESTART|SA_SIGINFO
SIGBUS: [libjvm.so+0xf8fcf0], sa_mask[0]=11111111011111111101111111111110, sa_flags=SA_RESTART|SA_SIGINFO
SIGFPE: [libjvm.so+0xf8fcf0], sa_mask[0]=11111111011111111101111111111110, sa_flags=SA_RESTART|SA_SIGINFO
SIGPIPE: [libjvm.so+0xc3ffa0], sa_mask[0]=11111111011111111101111111111110, sa_flags=SA_RESTART|SA_SIGINFO
SIGXFSZ: [libjvm.so+0xc3ffa0], sa_mask[0]=11111111011111111101111111111110, sa_flags=SA_RESTART|SA_SIGINFO
SIGILL: [libjvm.so+0xf8fcf0], sa_mask[0]=11111111011111111101111111111110, sa_flags=SA_RESTART|SA_SIGINFO
SIGUSR2: [libjvm.so+0xc3fe40], sa_mask[0]=00000000000000000000000000000000, sa_flags=SA_RESTART|SA_SIGINFO
SIGHUP: [libjvm.so+0xc40580], sa_mask[0]=11111111011111111101111111111110, sa_flags=SA_RESTART|SA_SIGINFO
SIGINT: [libjvm.so+0xc40580], sa_mask[0]=11111111011111111101111111111110, sa_flags=SA_RESTART|SA_SIGINFO
SIGTERM: [libjvm.so+0xc40580], sa_mask[0]=11111111011111111101111111111110, sa_flags=SA_RESTART|SA_SIGINFO
SIGQUIT: [libjvm.so+0xc40580], sa_mask[0]=11111111011111111101111111111110, sa_flags=SA_RESTART|SA_SIGINFO


---------------  S Y S T E M  ---------------

OS:DISTRIB_ID=Ubuntu
DISTRIB_RELEASE=20.04
DISTRIB_CODENAME=focal
DISTRIB_DESCRIPTION="Ubuntu 20.04.4 LTS"
uname:Linux 3.10.0-1160.15.2.el7.x86_64 #1 SMP Wed Feb 3 15:06:38 UTC 2021 x86_64
OS uptime: 474 days 22:53 hours
libc:glibc 2.31 NPTL 2.31 
rlimit (soft/hard): STACK 8192k/infinity , CORE 0k/infinity , NPROC 4096/1030217 , NOFILE 131072/131072 , AS infinity/infinity , CPU infinity/infinity , DATA infinity/infinity , FSIZE infinity/infinity , MEMLOCK infinity/infinity
load average:38.83 39.25 38.33

/proc/meminfo:
MemTotal:       263895364 kB
MemFree:          635440 kB
MemAvailable:      97176 kB
Buffers:           27384 kB
Cached:            81240 kB
SwapCached:       189816 kB
Active:         249215932 kB
Inactive:        4714328 kB
Active(anon):   249176976 kB
Inactive(anon):  4674308 kB
Active(file):      38956 kB
Inactive(file):    40020 kB
Unevictable:       19336 kB
Mlocked:           19336 kB
SwapTotal:       4194300 kB
SwapFree:              0 kB
Dirty:               228 kB
Writeback:             0 kB
AnonPages:      253664704 kB
Mapped:            24220 kB
Shmem:             14740 kB
Slab:             733104 kB
SReclaimable:     162188 kB
SUnreclaim:       570916 kB
KernelStack:       32880 kB
PageTables:       538056 kB
NFS_Unstable:          0 kB
Bounce:                0 kB
WritebackTmp:          0 kB
CommitLimit:    136141980 kB
Committed_AS:   342707592 kB
VmallocTotal:   34359738367 kB
VmallocUsed:      861936 kB
VmallocChunk:   34222409240 kB
Percpu:            22016 kB
HardwareCorrupted:     0 kB
AnonHugePages:  112756736 kB
CmaTotal:              0 kB
CmaFree:               0 kB
HugePages_Total:       0
HugePages_Free:        0
HugePages_Rsvd:        0
HugePages_Surp:        0
Hugepagesize:       2048 kB
DirectMap4k:      505448 kB
DirectMap2M:    20328448 kB
DirectMap1G:    247463936 kB

/sys/kernel/mm/transparent_hugepage/enabled:
[always] madvise never

/sys/kernel/mm/transparent_hugepage/defrag (defrag/compaction efforts parameter):
[always] madvise never


/proc/sys/kernel/threads-max (system-wide limit on the number of threads):
2060435


/proc/sys/vm/max_map_count (maximum number of memory map areas a process may have):
65530


/proc/sys/kernel/pid_max (system-wide limit on number of process identifiers):
65536



Steal ticks since vm start: 0
Steal ticks percentage since vm start:  0.000

CPU:total 64 (initial active 1) (32 cores per cpu, 1 threads per core) family 23 model 49 stepping 0, cmov, cx8, fxsr, mmx, sse, sse2, sse3, ssse3, sse4.1, sse4.2, popcnt, avx, avx2, aes, clmul, mmxext, 3dnowpref, lzcnt, sse4a, tsc, tscinvbit, tscinv, bmi1, bmi2, adx, sha, fma
CPU Model and flags from /proc/cpuinfo:
model name	: AMD EPYC 7542 32-Core Processor
flags		: fpu vme de pse tsc msr pae mce cx8 apic sep mtrr pge mca cmov pat pse36 clflush mmx fxsr sse sse2 ht syscall nx mmxext fxsr_opt pdpe1gb rdtscp lm constant_tsc art rep_good nopl nonstop_tsc extd_apicid aperfmperf eagerfpu pni pclmulqdq monitor ssse3 fma cx16 sse4_1 sse4_2 movbe popcnt aes xsave avx f16c rdrand lahf_lm cmp_legacy svm extapic cr8_legacy abm sse4a misalignsse 3dnowprefetch osvw ibs skinit wdt tce topoext perfctr_core perfctr_nb bpext perfctr_l2 cpb cat_l3 cdp_l3 hw_pstate sme retpoline_amd ssbd ibrs ibpb stibp vmmcall fsgsbase bmi1 avx2 smep bmi2 cqm rdt_a rdseed adx smap clflushopt clwb sha_ni xsaveopt xsavec xgetbv1 cqm_llc cqm_occup_llc cqm_mbm_total cqm_mbm_local clzero irperf xsaveerptr arat npt lbrv svm_lock nrip_save tsc_scale vmcb_clean flushbyasid decodeassists pausefilter pfthreshold avic v_vmsave_vmload vgif umip overflow_recov succor smca
Online cpus:0-63
Offline cpus:
BIOS frequency limitation:2900000
Frequency switch latency (ns):0
Available cpu frequencies:2900000 2400000 1500000 
Current governor:conservative
Core performance/turbo boost:1

Memory: 4k page, physical 263895364k(639704k free), swap 4194300k(0k free)

vm_info: OpenJDK 64-Bit Server VM (13.0.7+5-Ubuntu-0ubuntu120.04) for linux-amd64 JRE (13.0.7+5-Ubuntu-0ubuntu120.04), built on Apr 21 2021 05:36:19 by "unknown" with gcc 9.3.0

END.
