#
# There is insufficient memory for the Java Runtime Environment to continue.
# Native memory allocation (mmap) failed to map 2622373888 bytes for committing reserved memory.
# Possible reasons:
#   The system is out of physical RAM or swap space
# Possible solutions:
#   Reduce memory load on the system
#   Increase physical memory or swap space
#   Check if swap backing store is full
#   Decrease Java heap size (-Xmx/-Xms)
#   Decrease number of Java threads
#   Decrease Java thread stack sizes (-Xss)
#   Set larger code cache with -XX:ReservedCodeCacheSize=
# This output file may be truncated or incomplete.
#
#  Out of Memory Error (os_linux.cpp:2899), pid=20584, tid=20586
#
# JRE version: OpenJDK Runtime Environment (13.0.7+5) (build 13.0.7+5-Ubuntu-0ubuntu120.04)
# Java VM: OpenJDK 64-Bit Server VM (13.0.7+5-Ubuntu-0ubuntu120.04, mixed mode, tiered, serial gc, linux-amd64)
# No core dump will be written. Core dumps have been disabled. To enable core dumping, try "ulimit -c unlimited" before starting Java again
#

---------------  S U M M A R Y ------------

Command Line: -Xmx64g --add-modules=ALL-DEFAULT jdk.compiler/com.sun.tools.javac.launcher.Main /mnt/beegfs/rcabanas/dev/credici/papers/journalEM/code/LearnAndCalculatePNS.java -w -x 1000 -m 500 -sc LLratio -th 0.999999 -a EMCC --seed 0 --output /mnt/beegfs/rcabanas/dev/credici/papers/journalEM/output/synthetic/s12 /mnt/beegfs/rcabanas/dev/credici/papers/journalEM/models/synthetic/s12/random_mc2_n8_mid3_d1000_05_mr098_r10_32.uai

Host: AMD EPYC 7542 32-Core Processor, 64 cores, 251G, Ubuntu 20.04.4 LTS
Time: Wed Nov 23 01:51:20 2022 CET elapsed time: 10440.241992 seconds (0d 2h 54m 0s)

---------------  T H R E A D  ---------------

Current thread (0x00007efe90097800):  VMThread "VM Thread" [stack: 0x00007eee6a5a9000,0x00007eee6a6a9000] [id=20586]

Stack: [0x00007eee6a5a9000,0x00007eee6a6a9000],  sp=0x00007eee6a6a7160,  free space=1016k
Native frames: (J=compiled Java code, A=aot compiled Java code, j=interpreted, Vv=VM code, C=native code)
V  [libjvm.so+0xf8f092]
V  [libjvm.so+0xf8fc91]
V  [libjvm.so+0x66ee5a]
V  [libjvm.so+0xc44a41]
V  [libjvm.so+0xc3b263]
V  [libjvm.so+0xf87f4b]
V  [libjvm.so+0x557506]
V  [libjvm.so+0x557723]
V  [libjvm.so+0xf18b0c]
V  [libjvm.so+0x557e65]
V  [libjvm.so+0x7e2edb]
V  [libjvm.so+0x7e39bd]
V  [libjvm.so+0x7d8b48]
V  [libjvm.so+0xf90940]
V  [libjvm.so+0xf96657]
V  [libjvm.so+0xf96d2b]
V  [libjvm.so+0xf9706a]
V  [libjvm.so+0xf2208f]
V  [libjvm.so+0xc493ff]

VM_Operation (0x00007efe941513d0): GenCollectForAllocation, mode: safepoint, requested by thread 0x00007efe90018000


---------------  P R O C E S S  ---------------

Threads class SMR info:
_java_thread_list=0x00007efe90135c70, length=9, elements={
0x00007efe90018000, 0x00007efe900a3800, 0x00007efe900a7000, 0x00007efe900cb800,
0x00007efe900cd000, 0x00007efe900cf000, 0x00007efe900d1000, 0x00007efe900d3000,
0x00007efe90134800
}

Java Threads: ( => current thread )
  0x00007efe90018000 JavaThread "main" [_thread_blocked, id=20585, stack(0x00007efe94053000,0x00007efe94154000)]
  0x00007efe900a3800 JavaThread "Reference Handler" daemon [_thread_blocked, id=20587, stack(0x00007eee6a4a6000,0x00007eee6a5a7000)]
  0x00007efe900a7000 JavaThread "Finalizer" daemon [_thread_blocked, id=20588, stack(0x00007eee6a3a5000,0x00007eee6a4a6000)]
  0x00007efe900cb800 JavaThread "Signal Dispatcher" daemon [_thread_blocked, id=20589, stack(0x00007eee6a2a4000,0x00007eee6a3a5000)]
  0x00007efe900cd000 JavaThread "Service Thread" daemon [_thread_blocked, id=20590, stack(0x00007eee6a1a3000,0x00007eee6a2a4000)]
  0x00007efe900cf000 JavaThread "C2 CompilerThread0" daemon [_thread_blocked, id=20591, stack(0x00007eee6a0a2000,0x00007eee6a1a3000)]
  0x00007efe900d1000 JavaThread "C1 CompilerThread0" daemon [_thread_blocked, id=20592, stack(0x00007eee69fa1000,0x00007eee6a0a2000)]
  0x00007efe900d3000 JavaThread "Sweeper thread" daemon [_thread_blocked, id=20593, stack(0x00007eee69ea0000,0x00007eee69fa1000)]
  0x00007efe90134800 JavaThread "Common-Cleaner" daemon [_thread_blocked, id=20594, stack(0x00007eee69d9f000,0x00007eee69ea0000)]

Other Threads:
=>0x00007efe90097800 VMThread "VM Thread" [stack: 0x00007eee6a5a9000,0x00007eee6a6a9000] [id=20586]
  0x00007efe90181000 WatcherThread [stack: 0x00007eee69c9f000,0x00007eee69d9f000] [id=20595]

Threads with active compile tasks:

VM state:at safepoint (normal execution)

VM Mutex/Monitor currently owned by a thread:  ([mutex/lock_event])
[0x00007efe90014200] Threads_lock - owner thread: 0x00007efe90097800
[0x00007efe90014e00] Heap_lock - owner thread: 0x00007efe90018000

Heap:
 def new generation   total 1748160K, used 0K [0x00007eee78400000, 0x00007eeeeecd0000, 0x00007ef3cd950000)
  eden space 1553984K,   0% used [0x00007eee78400000, 0x00007eee78400000, 0x00007eeed7190000)
  from space 194176K,   0% used [0x00007eeee2f30000, 0x00007eeee2f30000, 0x00007eeeeecd0000)
  to   space 194176K,   0% used [0x00007eeed7190000, 0x00007eeed7190000, 0x00007eeee2f30000)
 tenured generation   total 3884972K, used 3867530K [0x00007ef3cd950000, 0x00007ef4bab3b000, 0x00007efe78400000)
   the space 3884972K,  99% used [0x00007ef3cd950000, 0x00007ef4b9a32920, 0x00007ef4b9a32a00, 0x00007ef4bab3b000)
 Metaspace       used 24327K, capacity 24778K, committed 25088K, reserved 26624K

Card table byte_map: [0x00007eee703ff000,0x00007eee78400000] _byte_map_base: 0x00007eaef903d000

Polling page: 0x00007efe95adf000

Metaspace:

Usage:
   24.20 MB capacity,    23.76 MB ( 98%) used,   355.37 KB (  1%) free+waste,    94.75 KB ( <1%) overhead. 

Virtual space:
     26.00 MB reserved,      24.50 MB ( 94%) committed 

Chunk freelists:
70.00 KB

MaxMetaspaceSize: unlimited


CodeHeap 'non-profiled nmethods': size=120036Kb used=2522Kb max_used=2645Kb free=117513Kb
 bounds [0x00007efe80233000, 0x00007efe804d3000, 0x00007efe8776c000]
CodeHeap 'profiled nmethods': size=120032Kb used=4909Kb max_used=7309Kb free=115123Kb
 bounds [0x00007efe78cfb000, 0x00007efe7942b000, 0x00007efe80233000]
CodeHeap 'non-nmethods': size=5692Kb used=1210Kb max_used=1266Kb free=4481Kb
 bounds [0x00007efe7876c000, 0x00007efe789dc000, 0x00007efe78cfb000]
 total_blobs=3625 nmethods=3144 adapters=396
 compilation: enabled
              stopped_count=0, restarted_count=0
 full_count=0

Compilation events (20 events):
Event: 6265.471 Thread 0x00007efe900d1000 4244       3       ch.idsia.crema.learning.ExpectationMaximization::setTrainableVars (7 bytes)
Event: 6265.472 Thread 0x00007efe900d1000 nmethod 4244 0x00007efe78d81290 code [0x00007efe78d81420, 0x00007efe78d81530]
Event: 6265.472 Thread 0x00007efe900d1000 4245       3       ch.idsia.credici.learning.WeightedCausalEM::run (36 bytes)
Event: 6265.472 Thread 0x00007efe900d1000 nmethod 4245 0x00007efe78d45e10 code [0x00007efe78d46040, 0x00007efe78d46950]
Event: 6265.472 Thread 0x00007efe900d1000 4246       3       ch.idsia.credici.learning.WeightedCausalEM$$Lambda$312/0x00007eee68bd9040::apply (5 bytes)
Event: 6265.472 Thread 0x00007efe900d1000 nmethod 4246 0x00007efe78f15f10 code [0x00007efe78f160a0, 0x00007efe78f16290]
Event: 7023.644 Thread 0x00007efe900d1000 4247       3       ch.idsia.credici.utility.DataUtil$$Lambda$317/0x00007eee68bd5840::apply (5 bytes)
Event: 7023.717 Thread 0x00007efe900d1000 nmethod 4247 0x00007efe78f1a910 code [0x00007efe78f1aaa0, 0x00007efe78f1ac90]
Event: 7328.474 Thread 0x00007efe900cf000 4249       4       ch.idsia.credici.model.tools.CausalInfo::isExogenous (40 bytes)
Event: 7328.538 Thread 0x00007efe900cf000 nmethod 4249 0x00007efe8030ac90 code [0x00007efe8030ae20, 0x00007efe8030b118]
Event: 9312.239 Thread 0x00007efe900d1000 4250       3       org.jgrapht.graph.SimpleGraph::<init> (32 bytes)
Event: 9312.317 Thread 0x00007efe900d1000 nmethod 4250 0x00007efe78ead510 code [0x00007efe78ead700, 0x00007efe78eadc40]
Event: 9339.534 Thread 0x00007efe900d1000 4251       3       ch.idsia.crema.factor.bayesian.BayesianFactor::randomModel (104 bytes)
Event: 9339.538 Thread 0x00007efe900d1000 nmethod 4251 0x00007efe7905a210 code [0x00007efe7905a4a0, 0x00007efe7905b270]
Event: 9339.538 Thread 0x00007efe900d1000 4252       3       ch.idsia.credici.learning.FrequentistCausalEM::<init> (116 bytes)
Event: 9339.543 Thread 0x00007efe900d1000 nmethod 4252 0x00007efe7927ca90 code [0x00007efe7927ce60, 0x00007efe7927ec80]
Event: 9339.543 Thread 0x00007efe900d1000 4253       3       ch.idsia.crema.learning.ExpectationMaximization::<init> (40 bytes)
Event: 9339.543 Thread 0x00007efe900d1000 nmethod 4253 0x00007efe78d59190 code [0x00007efe78d59320, 0x00007efe78d594b0]
Event: 9339.543 Thread 0x00007efe900d1000 4254       3       ch.idsia.credici.learning.FrequentistCausalEM::setTrainableVars (80 bytes)
Event: 9339.543 Thread 0x00007efe900d1000 nmethod 4254 0x00007efe78d00a90 code [0x00007efe78d00ca0, 0x00007efe78d012c0]

GC Heap History (20 events):
Event: 10406.685 GC heap after
{Heap after GC invocations=12272 (full 3):
 def new generation   total 1748160K, used 8313K [0x00007eee78400000, 0x00007eeeeecd0000, 0x00007ef3cd950000)
  eden space 1553984K,   0% used [0x00007eee78400000, 0x00007eee78400000, 0x00007eeed7190000)
  from space 194176K,   4% used [0x00007eeed7190000, 0x00007eeed79ae4d8, 0x00007eeee2f30000)
  to   space 194176K,   0% used [0x00007eeee2f30000, 0x00007eeee2f30000, 0x00007eeeeecd0000)
 tenured generation   total 3884588K, used 3880374K [0x00007ef3cd950000, 0x00007ef4baadb000, 0x00007efe78400000)
   the space 3884588K,  99% used [0x00007ef3cd950000, 0x00007ef4ba6bdbf8, 0x00007ef4ba6bdc00, 0x00007ef4baadb000)
 Metaspace       used 24327K, capacity 24778K, committed 25088K, reserved 26624K
}
Event: 10408.296 GC heap before
{Heap before GC invocations=12272 (full 3):
 def new generation   total 1748160K, used 1562297K [0x00007eee78400000, 0x00007eeeeecd0000, 0x00007ef3cd950000)
  eden space 1553984K, 100% used [0x00007eee78400000, 0x00007eeed7190000, 0x00007eeed7190000)
  from space 194176K,   4% used [0x00007eeed7190000, 0x00007eeed79ae4d8, 0x00007eeee2f30000)
  to   space 194176K,   0% used [0x00007eeee2f30000, 0x00007eeee2f30000, 0x00007eeeeecd0000)
 tenured generation   total 3884588K, used 3880374K [0x00007ef3cd950000, 0x00007ef4baadb000, 0x00007efe78400000)
   the space 3884588K,  99% used [0x00007ef3cd950000, 0x00007ef4ba6bdbf8, 0x00007ef4ba6bdc00, 0x00007ef4baadb000)
 Metaspace       used 24327K, capacity 24778K, committed 25088K, reserved 26624K
}
Event: 10408.315 GC heap after
{Heap after GC invocations=12273 (full 3):
 def new generation   total 1748160K, used 8420K [0x00007eee78400000, 0x00007eeeeecd0000, 0x00007ef3cd950000)
  eden space 1553984K,   0% used [0x00007eee78400000, 0x00007eee78400000, 0x00007eeed7190000)
  from space 194176K,   4% used [0x00007eeee2f30000, 0x00007eeee37691b8, 0x00007eeeeecd0000)
  to   space 194176K,   0% used [0x00007eeed7190000, 0x00007eeed7190000, 0x00007eeee2f30000)
 tenured generation   total 3884588K, used 3880895K [0x00007ef3cd950000, 0x00007ef4baadb000, 0x00007efe78400000)
   the space 3884588K,  99% used [0x00007ef3cd950000, 0x00007ef4ba73fed8, 0x00007ef4ba740000, 0x00007ef4baadb000)
 Metaspace       used 24327K, capacity 24778K, committed 25088K, reserved 26624K
}
Event: 10409.865 GC heap before
{Heap before GC invocations=12273 (full 3):
 def new generation   total 1748160K, used 1562404K [0x00007eee78400000, 0x00007eeeeecd0000, 0x00007ef3cd950000)
  eden space 1553984K, 100% used [0x00007eee78400000, 0x00007eeed7190000, 0x00007eeed7190000)
  from space 194176K,   4% used [0x00007eeee2f30000, 0x00007eeee37691b8, 0x00007eeeeecd0000)
  to   space 194176K,   0% used [0x00007eeed7190000, 0x00007eeed7190000, 0x00007eeee2f30000)
 tenured generation   total 3884588K, used 3880895K [0x00007ef3cd950000, 0x00007ef4baadb000, 0x00007efe78400000)
   the space 3884588K,  99% used [0x00007ef3cd950000, 0x00007ef4ba73fed8, 0x00007ef4ba740000, 0x00007ef4baadb000)
 Metaspace       used 24327K, capacity 24778K, committed 25088K, reserved 26624K
}
Event: 10409.891 GC heap after
{Heap after GC invocations=12274 (full 3):
 def new generation   total 1748160K, used 8553K [0x00007eee78400000, 0x00007eeeeecd0000, 0x00007ef3cd950000)
  eden space 1553984K,   0% used [0x00007eee78400000, 0x00007eee78400000, 0x00007eeed7190000)
  from space 194176K,   4% used [0x00007eeed7190000, 0x00007eeed79ea468, 0x00007eeee2f30000)
  to   space 194176K,   0% used [0x00007eeee2f30000, 0x00007eeee2f30000, 0x00007eeeeecd0000)
 tenured generation   total 3884588K, used 3881333K [0x00007ef3cd950000, 0x00007ef4baadb000, 0x00007efe78400000)
   the space 3884588K,  99% used [0x00007ef3cd950000, 0x00007ef4ba7ad738, 0x00007ef4ba7ad800, 0x00007ef4baadb000)
 Metaspace       used 24327K, capacity 24778K, committed 25088K, reserved 26624K
}
Event: 10411.519 GC heap before
{Heap before GC invocations=12274 (full 3):
 def new generation   total 1748160K, used 1562537K [0x00007eee78400000, 0x00007eeeeecd0000, 0x00007ef3cd950000)
  eden space 1553984K, 100% used [0x00007eee78400000, 0x00007eeed7190000, 0x00007eeed7190000)
  from space 194176K,   4% used [0x00007eeed7190000, 0x00007eeed79ea468, 0x00007eeee2f30000)
  to   space 194176K,   0% used [0x00007eeee2f30000, 0x00007eeee2f30000, 0x00007eeeeecd0000)
 tenured generation   total 3884588K, used 3881333K [0x00007ef3cd950000, 0x00007ef4baadb000, 0x00007efe78400000)
   the space 3884588K,  99% used [0x00007ef3cd950000, 0x00007ef4ba7ad738, 0x00007ef4ba7ad800, 0x00007ef4baadb000)
 Metaspace       used 24327K, capacity 24778K, committed 25088K, reserved 26624K
}
Event: 10411.547 GC heap after
{Heap after GC invocations=12275 (full 3):
 def new generation   total 1748160K, used 8525K [0x00007eee78400000, 0x00007eeeeecd0000, 0x00007ef3cd950000)
  eden space 1553984K,   0% used [0x00007eee78400000, 0x00007eee78400000, 0x00007eeed7190000)
  from space 194176K,   4% used [0x00007eeee2f30000, 0x00007eeee37835a0, 0x00007eeeeecd0000)
  to   space 194176K,   0% used [0x00007eeed7190000, 0x00007eeed7190000, 0x00007eeee2f30000)
 tenured generation   total 3884588K, used 3881805K [0x00007ef3cd950000, 0x00007ef4baadb000, 0x00007efe78400000)
   the space 3884588K,  99% used [0x00007ef3cd950000, 0x00007ef4ba823798, 0x00007ef4ba823800, 0x00007ef4baadb000)
 Metaspace       used 24327K, capacity 24778K, committed 25088K, reserved 26624K
}
Event: 10413.148 GC heap before
{Heap before GC invocations=12275 (full 3):
 def new generation   total 1748160K, used 1562509K [0x00007eee78400000, 0x00007eeeeecd0000, 0x00007ef3cd950000)
  eden space 1553984K, 100% used [0x00007eee78400000, 0x00007eeed7190000, 0x00007eeed7190000)
  from space 194176K,   4% used [0x00007eeee2f30000, 0x00007eeee37835a0, 0x00007eeeeecd0000)
  to   space 194176K,   0% used [0x00007eeed7190000, 0x00007eeed7190000, 0x00007eeee2f30000)
 tenured generation   total 3884588K, used 3881805K [0x00007ef3cd950000, 0x00007ef4baadb000, 0x00007efe78400000)
   the space 3884588K,  99% used [0x00007ef3cd950000, 0x00007ef4ba823798, 0x00007ef4ba823800, 0x00007ef4baadb000)
 Metaspace       used 24327K, capacity 24778K, committed 25088K, reserved 26624K
}
Event: 10413.171 GC heap after
{Heap after GC invocations=12276 (full 3):
 def new generation   total 1748160K, used 8504K [0x00007eee78400000, 0x00007eeeeecd0000, 0x00007ef3cd950000)
  eden space 1553984K,   0% used [0x00007eee78400000, 0x00007eee78400000, 0x00007eeed7190000)
  from space 194176K,   4% used [0x00007eeed7190000, 0x00007eeed79de2f8, 0x00007eeee2f30000)
  to   space 194176K,   0% used [0x00007eeee2f30000, 0x00007eeee2f30000, 0x00007eeeeecd0000)
 tenured generation   total 3884588K, used 3882330K [0x00007ef3cd950000, 0x00007ef4baadb000, 0x00007efe78400000)
   the space 3884588K,  99% used [0x00007ef3cd950000, 0x00007ef4ba8a68a8, 0x00007ef4ba8a6a00, 0x00007ef4baadb000)
 Metaspace       used 24327K, capacity 24778K, committed 25088K, reserved 26624K
}
Event: 10414.823 GC heap before
{Heap before GC invocations=12276 (full 3):
 def new generation   total 1748160K, used 1562488K [0x00007eee78400000, 0x00007eeeeecd0000, 0x00007ef3cd950000)
  eden space 1553984K, 100% used [0x00007eee78400000, 0x00007eeed7190000, 0x00007eeed7190000)
  from space 194176K,   4% used [0x00007eeed7190000, 0x00007eeed79de2f8, 0x00007eeee2f30000)
  to   space 194176K,   0% used [0x00007eeee2f30000, 0x00007eeee2f30000, 0x00007eeeeecd0000)
 tenured generation   total 3884588K, used 3882330K [0x00007ef3cd950000, 0x00007ef4baadb000, 0x00007efe78400000)
   the space 3884588K,  99% used [0x00007ef3cd950000, 0x00007ef4ba8a68a8, 0x00007ef4ba8a6a00, 0x00007ef4baadb000)
 Metaspace       used 24327K, capacity 24778K, committed 25088K, reserved 26624K
}
Event: 10414.847 GC heap after
{Heap after GC invocations=12277 (full 3):
 def new generation   total 1748160K, used 8488K [0x00007eee78400000, 0x00007eeeeecd0000, 0x00007ef3cd950000)
  eden space 1553984K,   0% used [0x00007eee78400000, 0x00007eee78400000, 0x00007eeed7190000)
  from space 194176K,   4% used [0x00007eeee2f30000, 0x00007eeee377a1a8, 0x00007eeeeecd0000)
  to   space 194176K,   0% used [0x00007eeed7190000, 0x00007eeed7190000, 0x00007eeee2f30000)
 tenured generation   total 3884588K, used 3882854K [0x00007ef3cd950000, 0x00007ef4baadb000, 0x00007efe78400000)
   the space 3884588K,  99% used [0x00007ef3cd950000, 0x00007ef4ba9299b8, 0x00007ef4ba929a00, 0x00007ef4baadb000)
 Metaspace       used 24327K, capacity 24778K, committed 25088K, reserved 26624K
}
Event: 10416.430 GC heap before
{Heap before GC invocations=12277 (full 3):
 def new generation   total 1748160K, used 1562472K [0x00007eee78400000, 0x00007eeeeecd0000, 0x00007ef3cd950000)
  eden space 1553984K, 100% used [0x00007eee78400000, 0x00007eeed7190000, 0x00007eeed7190000)
  from space 194176K,   4% used [0x00007eeee2f30000, 0x00007eeee377a1a8, 0x00007eeeeecd0000)
  to   space 194176K,   0% used [0x00007eeed7190000, 0x00007eeed7190000, 0x00007eeee2f30000)
 tenured generation   total 3884588K, used 3882854K [0x00007ef3cd950000, 0x00007ef4baadb000, 0x00007efe78400000)
   the space 3884588K,  99% used [0x00007ef3cd950000, 0x00007ef4ba9299b8, 0x00007ef4ba929a00, 0x00007ef4baadb000)
 Metaspace       used 24327K, capacity 24778K, committed 25088K, reserved 26624K
}
Event: 10416.454 GC heap after
{Heap after GC invocations=12278 (full 3):
 def new generation   total 1748160K, used 8488K [0x00007eee78400000, 0x00007eeeeecd0000, 0x00007ef3cd950000)
  eden space 1553984K,   0% used [0x00007eee78400000, 0x00007eee78400000, 0x00007eeed7190000)
  from space 194176K,   4% used [0x00007eeed7190000, 0x00007eeed79da3c0, 0x00007eeee2f30000)
  to   space 194176K,   0% used [0x00007eeee2f30000, 0x00007eeee2f30000, 0x00007eeeeecd0000)
 tenured generation   total 3884588K, used 3883378K [0x00007ef3cd950000, 0x00007ef4baadb000, 0x00007efe78400000)
   the space 3884588K,  99% used [0x00007ef3cd950000, 0x00007ef4ba9acac8, 0x00007ef4ba9acc00, 0x00007ef4baadb000)
 Metaspace       used 24327K, capacity 24778K, committed 25088K, reserved 26624K
}
Event: 10418.023 GC heap before
{Heap before GC invocations=12278 (full 3):
 def new generation   total 1748160K, used 1562472K [0x00007eee78400000, 0x00007eeeeecd0000, 0x00007ef3cd950000)
  eden space 1553984K, 100% used [0x00007eee78400000, 0x00007eeed7190000, 0x00007eeed7190000)
  from space 194176K,   4% used [0x00007eeed7190000, 0x00007eeed79da3c0, 0x00007eeee2f30000)
  to   space 194176K,   0% used [0x00007eeee2f30000, 0x00007eeee2f30000, 0x00007eeeeecd0000)
 tenured generation   total 3884588K, used 3883378K [0x00007ef3cd950000, 0x00007ef4baadb000, 0x00007efe78400000)
   the space 3884588K,  99% used [0x00007ef3cd950000, 0x00007ef4ba9acac8, 0x00007ef4ba9acc00, 0x00007ef4baadb000)
 Metaspace       used 24327K, capacity 24778K, committed 25088K, reserved 26624K
}
Event: 10418.046 GC heap after
{Heap after GC invocations=12279 (full 3):
 def new generation   total 1748160K, used 8489K [0x00007eee78400000, 0x00007eeeeecd0000, 0x00007ef3cd950000)
  eden space 1553984K,   0% used [0x00007eee78400000, 0x00007eee78400000, 0x00007eeed7190000)
  from space 194176K,   4% used [0x00007eeee2f30000, 0x00007eeee377a768, 0x00007eeeeecd0000)
  to   space 194176K,   0% used [0x00007eeed7190000, 0x00007eeed7190000, 0x00007eeee2f30000)
 tenured generation   total 3884588K, used 3883902K [0x00007ef3cd950000, 0x00007ef4baadb000, 0x00007efe78400000)
   the space 3884588K,  99% used [0x00007ef3cd950000, 0x00007ef4baa2fbd8, 0x00007ef4baa2fc00, 0x00007ef4baadb000)
 Metaspace       used 24327K, capacity 24778K, committed 25088K, reserved 26624K
}
Event: 10419.621 GC heap before
{Heap before GC invocations=12279 (full 3):
 def new generation   total 1748160K, used 1562473K [0x00007eee78400000, 0x00007eeeeecd0000, 0x00007ef3cd950000)
  eden space 1553984K, 100% used [0x00007eee78400000, 0x00007eeed7190000, 0x00007eeed7190000)
  from space 194176K,   4% used [0x00007eeee2f30000, 0x00007eeee377a768, 0x00007eeeeecd0000)
  to   space 194176K,   0% used [0x00007eeed7190000, 0x00007eeed7190000, 0x00007eeee2f30000)
 tenured generation   total 3884588K, used 3883902K [0x00007ef3cd950000, 0x00007ef4baadb000, 0x00007efe78400000)
   the space 3884588K,  99% used [0x00007ef3cd950000, 0x00007ef4baa2fbd8, 0x00007ef4baa2fc00, 0x00007ef4baadb000)
 Metaspace       used 24327K, capacity 24778K, committed 25088K, reserved 26624K
}
Event: 10419.646 GC heap after
{Heap after GC invocations=12280 (full 3):
 def new generation   total 1748160K, used 8489K [0x00007eee78400000, 0x00007eeeeecd0000, 0x00007ef3cd950000)
  eden space 1553984K,   0% used [0x00007eee78400000, 0x00007eee78400000, 0x00007eeed7190000)
  from space 194176K,   4% used [0x00007eeed7190000, 0x00007eeed79da740, 0x00007eeee2f30000)
  to   space 194176K,   0% used [0x00007eeee2f30000, 0x00007eeee2f30000, 0x00007eeeeecd0000)
 tenured generation   total 3884588K, used 3884427K [0x00007ef3cd950000, 0x00007ef4baadb000, 0x00007efe78400000)
   the space 3884588K,  99% used [0x00007ef3cd950000, 0x00007ef4baab2ce8, 0x00007ef4baab2e00, 0x00007ef4baadb000)
 Metaspace       used 24327K, capacity 24778K, committed 25088K, reserved 26624K
}
Event: 10421.211 GC heap before
{Heap before GC invocations=12280 (full 3):
 def new generation   total 1748160K, used 1562473K [0x00007eee78400000, 0x00007eeeeecd0000, 0x00007ef3cd950000)
  eden space 1553984K, 100% used [0x00007eee78400000, 0x00007eeed7190000, 0x00007eeed7190000)
  from space 194176K,   4% used [0x00007eeed7190000, 0x00007eeed79da740, 0x00007eeee2f30000)
  to   space 194176K,   0% used [0x00007eeee2f30000, 0x00007eeee2f30000, 0x00007eeeeecd0000)
 tenured generation   total 3884588K, used 3884427K [0x00007ef3cd950000, 0x00007ef4baadb000, 0x00007efe78400000)
   the space 3884588K,  99% used [0x00007ef3cd950000, 0x00007ef4baab2ce8, 0x00007ef4baab2e00, 0x00007ef4baadb000)
 Metaspace       used 24327K, capacity 24778K, committed 25088K, reserved 26624K
}
Event: 10421.234 GC heap after
{Heap after GC invocations=12281 (full 3):
 def new generation   total 1748160K, used 8506K [0x00007eee78400000, 0x00007eeeeecd0000, 0x00007ef3cd950000)
  eden space 1553984K,   0% used [0x00007eee78400000, 0x00007eee78400000, 0x00007eeed7190000)
  from space 194176K,   4% used [0x00007eeee2f30000, 0x00007eeee377ebf0, 0x00007eeeeecd0000)
  to   space 194176K,   0% used [0x00007eeed7190000, 0x00007eeed7190000, 0x00007eeee2f30000)
 tenured generation   total 3884972K, used 3884934K [0x00007ef3cd950000, 0x00007ef4bab3b000, 0x00007efe78400000)
   the space 3884972K,  99% used [0x00007ef3cd950000, 0x00007ef4bab31878, 0x00007ef4bab31a00, 0x00007ef4bab3b000)
 Metaspace       used 24327K, capacity 24778K, committed 25088K, reserved 26624K
}
Event: 10421.234 GC heap before
{Heap before GC invocations=12281 (full 3):
 def new generation   total 1748160K, used 8506K [0x00007eee78400000, 0x00007eeeeecd0000, 0x00007ef3cd950000)
  eden space 1553984K,   0% used [0x00007eee78400000, 0x00007eee78400000, 0x00007eeed7190000)
  from space 194176K,   4% used [0x00007eeee2f30000, 0x00007eeee377ebf0, 0x00007eeeeecd0000)
  to   space 194176K,   0% used [0x00007eeed7190000, 0x00007eeed7190000, 0x00007eeee2f30000)
 tenured generation   total 3884972K, used 3884934K [0x00007ef3cd950000, 0x00007ef4bab3b000, 0x00007efe78400000)
   the space 3884972K,  99% used [0x00007ef3cd950000, 0x00007ef4bab31878, 0x00007ef4bab31a00, 0x00007ef4bab3b000)
 Metaspace       used 24327K, capacity 24778K, committed 25088K, reserved 26624K
}

Deoptimization events (20 events):
Event: 1034.380 Thread 0x00007efe90018000 DEOPT PACKING pc=0x00007efe8028b988 sp=0x00007efe941514d0
Event: 1034.380 Thread 0x00007efe90018000 DEOPT UNPACKING pc=0x00007efe787b4e25 sp=0x00007efe94151468 mode 2
Event: 1061.757 Thread 0x00007efe90018000 DEOPT PACKING pc=0x00007efe7927eb13 sp=0x00007efe94151920
Event: 1061.757 Thread 0x00007efe90018000 DEOPT UNPACKING pc=0x00007efe787b533a sp=0x00007efe94150ed0 mode 0
Event: 1160.858 Thread 0x00007efe90018000 DEOPT PACKING pc=0x00007efe7927eb13 sp=0x00007efe94151920
Event: 1160.858 Thread 0x00007efe90018000 DEOPT UNPACKING pc=0x00007efe787b533a sp=0x00007efe94150ed0 mode 0
Event: 1254.444 Thread 0x00007efe90018000 DEOPT PACKING pc=0x00007efe7927eb13 sp=0x00007efe94151920
Event: 1254.444 Thread 0x00007efe90018000 DEOPT UNPACKING pc=0x00007efe787b533a sp=0x00007efe94150ed0 mode 0
Event: 1354.497 Thread 0x00007efe90018000 DEOPT PACKING pc=0x00007efe7927eb13 sp=0x00007efe94151920
Event: 1354.497 Thread 0x00007efe90018000 DEOPT UNPACKING pc=0x00007efe787b533a sp=0x00007efe94150ed0 mode 0
Event: 3504.067 Thread 0x00007efe90018000 Uncommon trap: trap_request=0xffffffc6 fr.pc=0x00007efe8028b988 relative=0x0000000000000be8
Event: 3504.069 Thread 0x00007efe90018000 Uncommon trap: reason=bimorphic_or_optimized_type_check action=maybe_recompile pc=0x00007efe8028b988 method=java.util.HashMap.removeNode(ILjava/lang/Object;Ljava/lang/Object;ZZ)Ljava/util/HashMap$Node; @ 143 c2
Event: 3504.069 Thread 0x00007efe90018000 DEOPT PACKING pc=0x00007efe8028b988 sp=0x00007efe94151560
Event: 3504.072 Thread 0x00007efe90018000 DEOPT UNPACKING pc=0x00007efe787b4e25 sp=0x00007efe941514f8 mode 2
Event: 4679.325 Thread 0x00007efe90018000 Uncommon trap: trap_request=0xffffffc6 fr.pc=0x00007efe8028b988 relative=0x0000000000000be8
Event: 4679.325 Thread 0x00007efe90018000 Uncommon trap: reason=bimorphic_or_optimized_type_check action=maybe_recompile pc=0x00007efe8028b988 method=java.util.HashMap.removeNode(ILjava/lang/Object;Ljava/lang/Object;ZZ)Ljava/util/HashMap$Node; @ 143 c2
Event: 4679.325 Thread 0x00007efe90018000 DEOPT PACKING pc=0x00007efe8028b988 sp=0x00007efe94151560
Event: 4679.325 Thread 0x00007efe90018000 DEOPT UNPACKING pc=0x00007efe787b4e25 sp=0x00007efe941514f8 mode 2
Event: 4856.500 Thread 0x00007efe90018000 DEOPT PACKING pc=0x00007efe79305769 sp=0x00007efe94151a40
Event: 4856.500 Thread 0x00007efe90018000 DEOPT UNPACKING pc=0x00007efe787b533a sp=0x00007efe94150f48 mode 0

Classes unloaded (0 events):
No events

Classes redefined (0 events):
No events

Internal exceptions (20 events):
Event: 1.002 Thread 0x00007efe90018000 Exception <a 'java/lang/NoSuchMethodError'{0x00007eee79a42c48}: 'int java.lang.invoke.DirectMethodHandle$Holder.invokeSpecial(java.lang.Object, java.lang.Object, java.lang.Object, java.lang.Object)'> (0x00007eee79a42c48) 
thrown [src/hotspot/share/interpreter/linkResolver.cpp, line 766]
Event: 1.005 Thread 0x00007efe90018000 Exception <a 'java/lang/NoSuchMethodError'{0x00007eee79a59768}: 'java.lang.Object java.lang.invoke.DirectMethodHandle$Holder.invokeVirtual(java.lang.Object, java.lang.Object, java.lang.Object, int, int)'> (0x00007eee79a59768) 
thrown [src/hotspot/share/interpreter/linkResolver.cpp, line 766]
Event: 1.006 Thread 0x00007efe90018000 Exception <a 'java/lang/NoSuchMethodError'{0x00007eee79a61b18}: 'java.lang.Object java.lang.invoke.DirectMethodHandle$Holder.invokeVirtual(java.lang.Object, java.lang.Object, int)'> (0x00007eee79a61b18) 
thrown [src/hotspot/share/interpreter/linkResolver.cpp, line 766]
Event: 1.025 Thread 0x00007efe90018000 Exception <a 'java/lang/NoSuchMethodError'{0x00007eee79a828b0}: 'java.lang.Object java.lang.invoke.DirectMethodHandle$Holder.invokeSpecial(java.lang.Object, java.lang.Object, java.lang.Object, int, int)'> (0x00007eee79a828b0) 
thrown [src/hotspot/share/interpreter/linkResolver.cpp, line 766]
Event: 1.489 Thread 0x00007efe90018000 Exception <a 'java/lang/NoSuchMethodError'{0x00007eee7b042600}: 'int java.lang.invoke.DirectMethodHandle$Holder.invokeSpecial(java.lang.Object, java.lang.Object, java.lang.Object, java.lang.Object, java.lang.Object)'> (0x00007eee7b042600) 
thrown [src/hotspot/share/interpreter/linkResolver.cpp, line 766]
Event: 1.595 Thread 0x00007efe90018000 Exception <a 'java/lang/NoSuchMethodError'{0x00007eee7b460de0}: 'java.lang.Object java.lang.invoke.DirectMethodHandle$Holder.invokeStatic(java.lang.Object, java.lang.Object, int, int)'> (0x00007eee7b460de0) 
thrown [src/hotspot/share/interpreter/linkResolver.cpp, line 766]
Event: 2.138 Thread 0x00007efe90018000 Exception <a 'java/lang/NoSuchMethodError'{0x00007eee7daaa830}: 'void java.lang.invoke.DirectMethodHandle$Holder.invokeVirtual(java.lang.Object, java.lang.Object)'> (0x00007eee7daaa830) 
thrown [src/hotspot/share/interpreter/linkResolver.cpp, line 766]
Event: 2.339 Thread 0x00007efe90018000 Exception <a 'java/lang/NoSuchMethodError'{0x00007eee7de344e0}: 'int java.lang.invoke.DirectMethodHandle$Holder.invokeVirtual(java.lang.Object, java.lang.Object, java.lang.Object, java.lang.Object)'> (0x00007eee7de344e0) 
thrown [src/hotspot/share/interpreter/linkResolver.cpp, line 766]
Event: 2.340 Thread 0x00007efe90018000 Exception <a 'java/lang/NoSuchMethodError'{0x00007eee7de42748}: 'java.lang.Object java.lang.invoke.DirectMethodHandle$Holder.invokeStatic(java.lang.Object, java.lang.Object, int, java.lang.Object)'> (0x00007eee7de42748) 
thrown [src/hotspot/share/interpreter/linkResolver.cpp, line 766]
Event: 2.341 Thread 0x00007efe90018000 Exception <a 'java/lang/NoSuchMethodError'{0x00007eee7de4b060}: 'java.lang.Object java.lang.invoke.Invokers$Holder.linkToTargetMethod(java.lang.Object, int, java.lang.Object, java.lang.Object)'> (0x00007eee7de4b060) 
thrown [src/hotspot/share/interpreter/linkResolver.cpp, line 766]
Event: 2.668 Thread 0x00007efe90018000 Implicit null exception at 0x00007efe802948c5 to 0x00007efe80294a8c
Event: 2.668 Thread 0x00007efe90018000 Implicit null exception at 0x00007efe80260b8f to 0x00007efe80260bf9
Event: 2.959 Thread 0x00007efe90018000 Implicit null exception at 0x00007efe802728c8 to 0x00007efe8027294a
Event: 3.183 Thread 0x00007efe90018000 Exception <a 'java/lang/NoSuchMethodError'{0x00007eee7ec3c6d8}: 'java.lang.Object java.lang.invoke.Invokers$Holder.linkToTargetMethod(java.lang.Object, int, java.lang.Object)'> (0x00007eee7ec3c6d8) 
thrown [src/hotspot/share/interpreter/linkResolver.cpp, line 766]
Event: 3.200 Thread 0x00007efe90018000 Exception <a 'java/lang/NoSuchMethodError'{0x00007eee7ec76718}: 'java.lang.Object java.lang.invoke.Invokers$Holder.linkToTargetMethod(java.lang.Object, long, java.lang.Object)'> (0x00007eee7ec76718) 
thrown [src/hotspot/share/interpreter/linkResolver.cpp, line 766]
Event: 3.534 Thread 0x00007efe900a7000 Implicit null exception at 0x00007efe80286b4c to 0x00007efe80286c00
Event: 3.575 Thread 0x00007efe90018000 Exception <a 'java/lang/NoSuchMethodError'{0x00007eee78503c10}: 'java.lang.Object java.lang.invoke.Invokers$Holder.invokeExact_MT(java.lang.Object, java.lang.Object, java.lang.Object, java.lang.Object, java.lang.Object, java.lang.Object)'> (0x00007eee78503c10) 
thrown [src/hotspot/share/interpreter/linkResolver.cpp, line 766]
Event: 3.642 Thread 0x00007efe90018000 Exception <a 'java/lang/NoSuchMethodError'{0x00007eee78685a00}: 'int java.lang.invoke.DirectMethodHandle$Holder.invokeStatic(java.lang.Object, java.lang.Object, int)'> (0x00007eee78685a00) 
thrown [src/hotspot/share/interpreter/linkResolver.cpp, line 766]
Event: 3.752 Thread 0x00007efe90018000 Exception <a 'java/lang/NoSuchMethodError'{0x00007eee78904cf8}: 'double java.lang.invoke.DirectMethodHandle$Holder.invokeStatic(java.lang.Object, java.lang.Object)'> (0x00007eee78904cf8) 
thrown [src/hotspot/share/interpreter/linkResolver.cpp, line 766]
Event: 3.823 Thread 0x00007efe90018000 Exception <a 'java/lang/NoSuchMethodError'{0x00007eee78aef4f8}: 'int java.lang.invoke.DirectMethodHandle$Holder.invokeStatic(java.lang.Object, java.lang.Object, java.lang.Object, int)'> (0x00007eee78aef4f8) 
thrown [src/hotspot/share/interpreter/linkResolver.cpp, line 766]

Events (20 events):
Event: 10405.111 Executing VM operation: GenCollectForAllocation done
Event: 10406.663 Executing VM operation: GenCollectForAllocation
Event: 10406.685 Executing VM operation: GenCollectForAllocation done
Event: 10408.296 Executing VM operation: GenCollectForAllocation
Event: 10408.315 Executing VM operation: GenCollectForAllocation done
Event: 10409.865 Executing VM operation: GenCollectForAllocation
Event: 10409.891 Executing VM operation: GenCollectForAllocation done
Event: 10411.519 Executing VM operation: GenCollectForAllocation
Event: 10411.547 Executing VM operation: GenCollectForAllocation done
Event: 10413.148 Executing VM operation: GenCollectForAllocation
Event: 10413.171 Executing VM operation: GenCollectForAllocation done
Event: 10414.823 Executing VM operation: GenCollectForAllocation
Event: 10414.847 Executing VM operation: GenCollectForAllocation done
Event: 10416.430 Executing VM operation: GenCollectForAllocation
Event: 10416.454 Executing VM operation: GenCollectForAllocation done
Event: 10418.023 Executing VM operation: GenCollectForAllocation
Event: 10418.046 Executing VM operation: GenCollectForAllocation done
Event: 10419.621 Executing VM operation: GenCollectForAllocation
Event: 10419.646 Executing VM operation: GenCollectForAllocation done
Event: 10421.211 Executing VM operation: GenCollectForAllocation


Dynamic libraries:
560878dd5000-560878dd6000 r--p 00000000 07:30 4860                       /usr/lib/jvm/java-13-openjdk-amd64/bin/java
560878dd6000-560878dd7000 r-xp 00001000 07:30 4860                       /usr/lib/jvm/java-13-openjdk-amd64/bin/java
560878dd7000-560878dd8000 r--p 00002000 07:30 4860                       /usr/lib/jvm/java-13-openjdk-amd64/bin/java
560878dd8000-560878dd9000 r--p 00002000 07:30 4860                       /usr/lib/jvm/java-13-openjdk-amd64/bin/java
560878dd9000-560878dda000 rw-p 00003000 07:30 4860                       /usr/lib/jvm/java-13-openjdk-amd64/bin/java
56087adb0000-56087add1000 rw-p 00000000 00:00 0                          [heap]
7eee3c000000-7eee3c021000 rw-p 00000000 00:00 0 
7eee3c021000-7eee40000000 ---p 00000000 00:00 0 
7eee44000000-7eee44021000 rw-p 00000000 00:00 0 
7eee44021000-7eee48000000 ---p 00000000 00:00 0 
7eee48000000-7eee48021000 rw-p 00000000 00:00 0 
7eee48021000-7eee4c000000 ---p 00000000 00:00 0 
7eee4c000000-7eee4e281000 rw-p 00000000 00:00 0 
7eee4e281000-7eee50000000 ---p 00000000 00:00 0 
7eee50000000-7eee50c56000 rw-p 00000000 00:00 0 
7eee50c56000-7eee54000000 ---p 00000000 00:00 0 
7eee54000000-7eee54021000 rw-p 00000000 00:00 0 
7eee54021000-7eee58000000 ---p 00000000 00:00 0 
7eee58000000-7eee58021000 rw-p 00000000 00:00 0 
7eee58021000-7eee5c000000 ---p 00000000 00:00 0 
7eee5c000000-7eee5c021000 rw-p 00000000 00:00 0 
7eee5c021000-7eee60000000 ---p 00000000 00:00 0 
7eee60000000-7eee60021000 rw-p 00000000 00:00 0 
7eee60021000-7eee64000000 ---p 00000000 00:00 0 
7eee64000000-7eee64079000 rw-p 00000000 00:00 0 
7eee64079000-7eee68000000 ---p 00000000 00:00 0 
7eee688cc000-7eee6894c000 rw-p 00000000 00:00 0 
7eee6894c000-7eee68acc000 ---p 00000000 00:00 0 
7eee68acc000-7eee68ccc000 rw-p 00000000 00:00 0 
7eee68ccc000-7eee68ecc000 rw-p 00000000 00:00 0 
7eee68ecc000-7eee690cc000 rw-p 00000000 00:00 0 
7eee690cc000-7eee692cc000 rw-p 00000000 00:00 0 
7eee692cc000-7eee6966c000 rw-p 00000000 00:00 0 
7eee6966c000-7eee6986c000 rw-p 00000000 00:00 0 
7eee6986c000-7eee69a6c000 rw-p 00000000 00:00 0 
7eee69a6c000-7eee69c6c000 rw-p 00000000 00:00 0 
7eee69c6c000-7eee69c9d000 rw-p 00000000 00:00 0 
7eee69c9d000-7eee69c9e000 ---p 00000000 00:00 0 
7eee69c9e000-7eee69d9f000 rw-p 00000000 00:00 0 
7eee69d9f000-7eee69da3000 ---p 00000000 00:00 0 
7eee69da3000-7eee69ea0000 rw-p 00000000 00:00 0 
7eee69ea0000-7eee69ea4000 ---p 00000000 00:00 0 
7eee69ea4000-7eee69fa1000 rw-p 00000000 00:00 0 
7eee69fa1000-7eee69fa5000 ---p 00000000 00:00 0 
7eee69fa5000-7eee6a0a2000 rw-p 00000000 00:00 0 
7eee6a0a2000-7eee6a0a6000 ---p 00000000 00:00 0 
7eee6a0a6000-7eee6a1a3000 rw-p 00000000 00:00 0 
7eee6a1a3000-7eee6a1a7000 ---p 00000000 00:00 0 
7eee6a1a7000-7eee6a2a4000 rw-p 00000000 00:00 0 
7eee6a2a4000-7eee6a2a8000 ---p 00000000 00:00 0 
7eee6a2a8000-7eee6a3a5000 rw-p 00000000 00:00 0 
7eee6a3a5000-7eee6a3a9000 ---p 00000000 00:00 0 
7eee6a3a9000-7eee6a4a6000 rw-p 00000000 00:00 0 
7eee6a4a6000-7eee6a4aa000 ---p 00000000 00:00 0 
7eee6a4aa000-7eee6a5a7000 rw-p 00000000 00:00 0 
7eee6a5a7000-7eee6a5a8000 ---p 00000000 00:00 0 
7eee6a5a8000-7eee6b612000 rw-p 00000000 00:00 0 
7eee6b612000-7eee703ff000 ---p 00000000 00:00 0 
7eee703ff000-7eee707b4000 rw-p 00000000 00:00 0 
7eee707b4000-7eee72ea9000 ---p 00000000 00:00 0 
7eee72ea9000-7eee73613000 rw-p 00000000 00:00 0 
7eee73613000-7eee783ff000 ---p 00000000 00:00 0 
7eee783ff000-7eeeeecd0000 rw-p 00000000 00:00 0 
7eeeeecd0000-7ef3cd950000 ---p 00000000 00:00 0 
7ef3cd950000-7ef4bab3b000 rw-p 00000000 00:00 0 
7ef55701f000-7efe78400000 ---p 00000000 00:00 0 
7efe78406000-7efe7840a000 r--p 00000000 07:30 5204                       /usr/lib/jvm/java-13-openjdk-amd64/lib/libnet.so
7efe7840a000-7efe78418000 r-xp 00004000 07:30 5204                       /usr/lib/jvm/java-13-openjdk-amd64/lib/libnet.so
7efe78418000-7efe7841c000 r--p 00012000 07:30 5204                       /usr/lib/jvm/java-13-openjdk-amd64/lib/libnet.so
7efe7841c000-7efe7841d000 r--p 00015000 07:30 5204                       /usr/lib/jvm/java-13-openjdk-amd64/lib/libnet.so
7efe7841d000-7efe7841e000 rw-p 00016000 07:30 5204                       /usr/lib/jvm/java-13-openjdk-amd64/lib/libnet.so
7efe7841e000-7efe78425000 r--p 00000000 07:30 5205                       /usr/lib/jvm/java-13-openjdk-amd64/lib/libnio.so
7efe78425000-7efe7842e000 r-xp 00007000 07:30 5205                       /usr/lib/jvm/java-13-openjdk-amd64/lib/libnio.so
7efe7842e000-7efe78432000 r--p 00010000 07:30 5205                       /usr/lib/jvm/java-13-openjdk-amd64/lib/libnio.so
7efe78432000-7efe78433000 r--p 00013000 07:30 5205                       /usr/lib/jvm/java-13-openjdk-amd64/lib/libnio.so
7efe78433000-7efe78434000 rw-p 00014000 07:30 5205                       /usr/lib/jvm/java-13-openjdk-amd64/lib/libnio.so
7efe78434000-7efe7843b000 r--s 00000000 07:30 8532                       /usr/lib/x86_64-linux-gnu/gconv/gconv-modules.cache
7efe7843b000-7efe7846d000 r--p 00000000 07:30 5276                       /usr/lib/locale/C.UTF-8/LC_CTYPE
7efe7846d000-7efe78590000 rw-p 00000000 00:00 0 
7efe78590000-7efe78675000 ---p 00000000 00:00 0 
7efe78675000-7efe78684000 rw-p 00000000 00:00 0 
7efe78684000-7efe78760000 ---p 00000000 00:00 0 
7efe78760000-7efe78765000 rw-p 00000000 00:00 0 
7efe78765000-7efe7876c000 ---p 00000000 00:00 0 
7efe7876c000-7efe789dc000 rwxp 00000000 00:00 0 
7efe789dc000-7efe78cfb000 ---p 00000000 00:00 0 
7efe78cfb000-7efe7942b000 rwxp 00000000 00:00 0 
7efe7942b000-7efe80233000 ---p 00000000 00:00 0 
7efe80233000-7efe804d3000 rwxp 00000000 00:00 0 
7efe804d3000-7efe8776c000 ---p 00000000 00:00 0 
7efe8776c000-7efe8ffe2000 r--s 00000000 07:30 5215                       /usr/lib/jvm/java-13-openjdk-amd64/lib/modules
7efe8ffe2000-7efe8ffe4000 r--p 00000000 07:30 5214                       /usr/lib/jvm/java-13-openjdk-amd64/lib/libzip.so
7efe8ffe4000-7efe8ffe8000 r-xp 00002000 07:30 5214                       /usr/lib/jvm/java-13-openjdk-amd64/lib/libzip.so
7efe8ffe8000-7efe8ffea000 r--p 00006000 07:30 5214                       /usr/lib/jvm/java-13-openjdk-amd64/lib/libzip.so
7efe8ffea000-7efe8ffeb000 r--p 00007000 07:30 5214                       /usr/lib/jvm/java-13-openjdk-amd64/lib/libzip.so
7efe8ffeb000-7efe8ffec000 rw-p 00008000 07:30 5214                       /usr/lib/jvm/java-13-openjdk-amd64/lib/libzip.so
7efe8ffec000-7efe8ffef000 r--p 00000000 07:30 9108                       /usr/lib/x86_64-linux-gnu/libnss_files-2.31.so
7efe8ffef000-7efe8fff6000 r-xp 00003000 07:30 9108                       /usr/lib/x86_64-linux-gnu/libnss_files-2.31.so
7efe8fff6000-7efe8fff8000 r--p 0000a000 07:30 9108                       /usr/lib/x86_64-linux-gnu/libnss_files-2.31.so
7efe8fff8000-7efe8fff9000 r--p 0000b000 07:30 9108                       /usr/lib/x86_64-linux-gnu/libnss_files-2.31.so
7efe8fff9000-7efe8fffa000 rw-p 0000c000 07:30 9108                       /usr/lib/x86_64-linux-gnu/libnss_files-2.31.so
7efe8fffa000-7efe90000000 rw-p 00000000 00:00 0 
7efe90000000-7efe906c8000 rw-p 00000000 00:00 0 
7efe906c8000-7efe94000000 ---p 00000000 00:00 0 
7efe94004000-7efe9400c000 rw-s 00000000 08:03 67233393                   /tmp/hsperfdata_rcabanas/20584
7efe9400c000-7efe9400e000 r--p 00000000 07:30 5195                       /usr/lib/jvm/java-13-openjdk-amd64/lib/libjimage.so
7efe9400e000-7efe94011000 r-xp 00002000 07:30 5195                       /usr/lib/jvm/java-13-openjdk-amd64/lib/libjimage.so
7efe94011000-7efe94012000 r--p 00005000 07:30 5195                       /usr/lib/jvm/java-13-openjdk-amd64/lib/libjimage.so
7efe94012000-7efe94013000 ---p 00006000 07:30 5195                       /usr/lib/jvm/java-13-openjdk-amd64/lib/libjimage.so
7efe94013000-7efe94014000 r--p 00006000 07:30 5195                       /usr/lib/jvm/java-13-openjdk-amd64/lib/libjimage.so
7efe94014000-7efe94015000 rw-p 00007000 07:30 5195                       /usr/lib/jvm/java-13-openjdk-amd64/lib/libjimage.so
7efe94015000-7efe94022000 r--p 00000000 07:30 5191                       /usr/lib/jvm/java-13-openjdk-amd64/lib/libjava.so
7efe94022000-7efe94037000 r-xp 0000d000 07:30 5191                       /usr/lib/jvm/java-13-openjdk-amd64/lib/libjava.so
7efe94037000-7efe9403d000 r--p 00022000 07:30 5191                       /usr/lib/jvm/java-13-openjdk-amd64/lib/libjava.so
7efe9403d000-7efe9403e000 ---p 00028000 07:30 5191                       /usr/lib/jvm/java-13-openjdk-amd64/lib/libjava.so
7efe9403e000-7efe9403f000 r--p 00028000 07:30 5191                       /usr/lib/jvm/java-13-openjdk-amd64/lib/libjava.so
7efe9403f000-7efe94041000 rw-p 00029000 07:30 5191                       /usr/lib/jvm/java-13-openjdk-amd64/lib/libjava.so
7efe94041000-7efe94046000 r--p 00000000 07:30 5213                       /usr/lib/jvm/java-13-openjdk-amd64/lib/libverify.so
7efe94046000-7efe9404d000 r-xp 00005000 07:30 5213                       /usr/lib/jvm/java-13-openjdk-amd64/lib/libverify.so
7efe9404d000-7efe9404f000 r--p 0000c000 07:30 5213                       /usr/lib/jvm/java-13-openjdk-amd64/lib/libverify.so
7efe9404f000-7efe94050000 ---p 0000e000 07:30 5213                       /usr/lib/jvm/java-13-openjdk-amd64/lib/libverify.so
7efe94050000-7efe94052000 r--p 0000e000 07:30 5213                       /usr/lib/jvm/java-13-openjdk-amd64/lib/libverify.so
7efe94052000-7efe94053000 rw-p 00010000 07:30 5213                       /usr/lib/jvm/java-13-openjdk-amd64/lib/libverify.so
7efe94053000-7efe94057000 ---p 00000000 00:00 0 
7efe94057000-7efe94154000 rw-p 00000000 00:00 0 
7efe94154000-7efe94157000 r--p 00000000 07:30 8948                       /usr/lib/x86_64-linux-gnu/libgcc_s.so.1
7efe94157000-7efe94169000 r-xp 00003000 07:30 8948                       /usr/lib/x86_64-linux-gnu/libgcc_s.so.1
7efe94169000-7efe9416d000 r--p 00015000 07:30 8948                       /usr/lib/x86_64-linux-gnu/libgcc_s.so.1
7efe9416d000-7efe9416e000 r--p 00018000 07:30 8948                       /usr/lib/x86_64-linux-gnu/libgcc_s.so.1
7efe9416e000-7efe9416f000 rw-p 00019000 07:30 8948                       /usr/lib/x86_64-linux-gnu/libgcc_s.so.1
7efe9416f000-7efe9417c000 r--p 00000000 07:30 9062                       /usr/lib/x86_64-linux-gnu/libm-2.31.so
7efe9417c000-7efe94223000 r-xp 0000d000 07:30 9062                       /usr/lib/x86_64-linux-gnu/libm-2.31.so
7efe94223000-7efe942bc000 r--p 000b4000 07:30 9062                       /usr/lib/x86_64-linux-gnu/libm-2.31.so
7efe942bc000-7efe942bd000 r--p 0014c000 07:30 9062                       /usr/lib/x86_64-linux-gnu/libm-2.31.so
7efe942bd000-7efe942be000 rw-p 0014d000 07:30 9062                       /usr/lib/x86_64-linux-gnu/libm-2.31.so
7efe942be000-7efe94354000 r--p 00000000 07:30 9213                       /usr/lib/x86_64-linux-gnu/libstdc++.so.6.0.28
7efe94354000-7efe94445000 r-xp 00096000 07:30 9213                       /usr/lib/x86_64-linux-gnu/libstdc++.so.6.0.28
7efe94445000-7efe9448e000 r--p 00187000 07:30 9213                       /usr/lib/x86_64-linux-gnu/libstdc++.so.6.0.28
7efe9448e000-7efe9448f000 ---p 001d0000 07:30 9213                       /usr/lib/x86_64-linux-gnu/libstdc++.so.6.0.28
7efe9448f000-7efe9449a000 r--p 001d0000 07:30 9213                       /usr/lib/x86_64-linux-gnu/libstdc++.so.6.0.28
7efe9449a000-7efe9449d000 rw-p 001db000 07:30 9213                       /usr/lib/x86_64-linux-gnu/libstdc++.so.6.0.28
7efe9449d000-7efe944a0000 rw-p 00000000 00:00 0 
7efe944a0000-7efe94726000 r--p 00000000 07:30 5226                       /usr/lib/jvm/java-13-openjdk-amd64/lib/server/libjvm.so
7efe94726000-7efe954a3000 r-xp 00286000 07:30 5226                       /usr/lib/jvm/java-13-openjdk-amd64/lib/server/libjvm.so
7efe954a3000-7efe9571e000 r--p 01003000 07:30 5226                       /usr/lib/jvm/java-13-openjdk-amd64/lib/server/libjvm.so
7efe9571e000-7efe957e3000 r--p 0127d000 07:30 5226                       /usr/lib/jvm/java-13-openjdk-amd64/lib/server/libjvm.so
7efe957e3000-7efe9581e000 rw-p 01342000 07:30 5226                       /usr/lib/jvm/java-13-openjdk-amd64/lib/server/libjvm.so
7efe9581e000-7efe958a4000 rw-p 00000000 00:00 0 
7efe958a4000-7efe958aa000 r--p 00000000 07:30 9166                       /usr/lib/x86_64-linux-gnu/libpthread-2.31.so
7efe958aa000-7efe958bb000 r-xp 00006000 07:30 9166                       /usr/lib/x86_64-linux-gnu/libpthread-2.31.so
7efe958bb000-7efe958c1000 r--p 00017000 07:30 9166                       /usr/lib/x86_64-linux-gnu/libpthread-2.31.so
7efe958c1000-7efe958c2000 r--p 0001c000 07:30 9166                       /usr/lib/x86_64-linux-gnu/libpthread-2.31.so
7efe958c2000-7efe958c3000 rw-p 0001d000 07:30 9166                       /usr/lib/x86_64-linux-gnu/libpthread-2.31.so
7efe958c3000-7efe958c7000 rw-p 00000000 00:00 0 
7efe958c7000-7efe958c8000 r--p 00000000 07:30 8893                       /usr/lib/x86_64-linux-gnu/libdl-2.31.so
7efe958c8000-7efe958ca000 r-xp 00001000 07:30 8893                       /usr/lib/x86_64-linux-gnu/libdl-2.31.so
7efe958ca000-7efe958cb000 r--p 00003000 07:30 8893                       /usr/lib/x86_64-linux-gnu/libdl-2.31.so
7efe958cb000-7efe958cc000 r--p 00003000 07:30 8893                       /usr/lib/x86_64-linux-gnu/libdl-2.31.so
7efe958cc000-7efe958cd000 rw-p 00004000 07:30 8893                       /usr/lib/x86_64-linux-gnu/libdl-2.31.so
7efe958cd000-7efe958cf000 r--p 00000000 07:30 9290                       /usr/lib/x86_64-linux-gnu/libz.so.1.2.11
7efe958cf000-7efe958e0000 r-xp 00002000 07:30 9290                       /usr/lib/x86_64-linux-gnu/libz.so.1.2.11
7efe958e0000-7efe958e6000 r--p 00013000 07:30 9290                       /usr/lib/x86_64-linux-gnu/libz.so.1.2.11
7efe958e6000-7efe958e7000 ---p 00019000 07:30 9290                       /usr/lib/x86_64-linux-gnu/libz.so.1.2.11
7efe958e7000-7efe958e8000 r--p 00019000 07:30 9290                       /usr/lib/x86_64-linux-gnu/libz.so.1.2.11
7efe958e8000-7efe958e9000 rw-p 0001a000 07:30 9290                       /usr/lib/x86_64-linux-gnu/libz.so.1.2.11
7efe958e9000-7efe9590b000 r--p 00000000 07:30 8851                       /usr/lib/x86_64-linux-gnu/libc-2.31.so
7efe9590b000-7efe95a83000 r-xp 00022000 07:30 8851                       /usr/lib/x86_64-linux-gnu/libc-2.31.so
7efe95a83000-7efe95ad1000 r--p 0019a000 07:30 8851                       /usr/lib/x86_64-linux-gnu/libc-2.31.so
7efe95ad1000-7efe95ad5000 r--p 001e7000 07:30 8851                       /usr/lib/x86_64-linux-gnu/libc-2.31.so
7efe95ad5000-7efe95ad7000 rw-p 001eb000 07:30 8851                       /usr/lib/x86_64-linux-gnu/libc-2.31.so
7efe95ad7000-7efe95adb000 rw-p 00000000 00:00 0 
7efe95add000-7efe95adf000 r--s 0000c000 07:30 20930                      /usr/share/java/java-atk-wrapper.jar
7efe95adf000-7efe95ae0000 ---p 00000000 00:00 0 
7efe95ae0000-7efe95ae1000 r--p 00000000 00:00 0 
7efe95ae1000-7efe95ae4000 r--p 00000000 07:30 5196                       /usr/lib/jvm/java-13-openjdk-amd64/lib/libjli.so
7efe95ae4000-7efe95aee000 r-xp 00003000 07:30 5196                       /usr/lib/jvm/java-13-openjdk-amd64/lib/libjli.so
7efe95aee000-7efe95af1000 r--p 0000d000 07:30 5196                       /usr/lib/jvm/java-13-openjdk-amd64/lib/libjli.so
7efe95af1000-7efe95af2000 r--p 0000f000 07:30 5196                       /usr/lib/jvm/java-13-openjdk-amd64/lib/libjli.so
7efe95af2000-7efe95af3000 rw-p 00010000 07:30 5196                       /usr/lib/jvm/java-13-openjdk-amd64/lib/libjli.so
7efe95af3000-7efe95af5000 rw-p 00000000 00:00 0 
7efe95af5000-7efe95af6000 r--p 00000000 07:30 8572                       /usr/lib/x86_64-linux-gnu/ld-2.31.so
7efe95af6000-7efe95b19000 r-xp 00001000 07:30 8572                       /usr/lib/x86_64-linux-gnu/ld-2.31.so
7efe95b19000-7efe95b21000 r--p 00024000 07:30 8572                       /usr/lib/x86_64-linux-gnu/ld-2.31.so
7efe95b21000-7efe95b22000 ---p 00000000 00:00 0 
7efe95b22000-7efe95b23000 r--p 0002c000 07:30 8572                       /usr/lib/x86_64-linux-gnu/ld-2.31.so
7efe95b23000-7efe95b24000 rw-p 0002d000 07:30 8572                       /usr/lib/x86_64-linux-gnu/ld-2.31.so
7efe95b24000-7efe95b25000 rw-p 00000000 00:00 0 
7ffde737d000-7ffde739e000 rw-p 00000000 00:00 0                          [stack]
7ffde73e3000-7ffde73e5000 r-xp 00000000 00:00 0                          [vdso]
ffffffffff600000-ffffffffff601000 r-xp 00000000 00:00 0                  [vsyscall]


VM Arguments:
jvm_args: -Xmx64g --add-modules=ALL-DEFAULT 
java_command: jdk.compiler/com.sun.tools.javac.launcher.Main /mnt/beegfs/rcabanas/dev/credici/papers/journalEM/code/LearnAndCalculatePNS.java -w -x 1000 -m 500 -sc LLratio -th 0.999999 -a EMCC --seed 0 --output /mnt/beegfs/rcabanas/dev/credici/papers/journalEM/output/synthetic/s12 /mnt/beegfs/rcabanas/dev/credici/papers/journalEM/models/synthetic/s12/random_mc2_n8_mid3_d1000_05_mr098_r10_32.uai
java_class_path (initial): /mnt/beegfs/rcabanas/dev/credici/target/credici-0.1.3-jar-with-dependencies.jar
Launcher Type: SUN_STANDARD

[Global flags]
     intx CICompilerCount                          = 2                                         {product} {ergonomic}
   size_t InitialHeapSize                          = 2147483648                                {product} {ergonomic}
   size_t MaxHeapSize                              = 68719476736                               {product} {command line}
   size_t MaxNewSize                               = 22906470400                               {product} {ergonomic}
   size_t MinHeapDeltaBytes                        = 196608                                    {product} {ergonomic}
   size_t MinHeapSize                              = 8388608                                   {product} {ergonomic}
   size_t NewSize                                  = 715784192                                 {product} {ergonomic}
    uintx NonNMethodCodeHeapSize                   = 5826188                                {pd product} {ergonomic}
    uintx NonProfiledCodeHeapSize                  = 122916026                              {pd product} {ergonomic}
   size_t OldSize                                  = 1431699456                                {product} {ergonomic}
    uintx ProfiledCodeHeapSize                     = 122916026                              {pd product} {ergonomic}
    uintx ReservedCodeCacheSize                    = 251658240                              {pd product} {ergonomic}
     bool SegmentedCodeCache                       = true                                      {product} {ergonomic}
   size_t SoftMaxHeapSize                          = 68719476736                            {manageable} {ergonomic}
     bool UseSerialGC                              = true                                      {product} {ergonomic}

Logging:
Log output configuration:
 #0: stdout all=warning uptime,level,tags
 #1: stderr all=off uptime,level,tags

Environment Variables:
PATH=/usr/local/sbin:/usr/local/bin:/usr/sbin:/usr/bin:/sbin:/bin
LD_LIBRARY_PATH=/.singularity.d/libs

Signal Handlers:
SIGSEGV: [libjvm.so+0xf8fcf0], sa_mask[0]=11111111011111111101111111111110, sa_flags=SA_RESTART|SA_SIGINFO
SIGBUS: [libjvm.so+0xf8fcf0], sa_mask[0]=11111111011111111101111111111110, sa_flags=SA_RESTART|SA_SIGINFO
SIGFPE: [libjvm.so+0xf8fcf0], sa_mask[0]=11111111011111111101111111111110, sa_flags=SA_RESTART|SA_SIGINFO
SIGPIPE: [libjvm.so+0xc3ffa0], sa_mask[0]=11111111011111111101111111111110, sa_flags=SA_RESTART|SA_SIGINFO
SIGXFSZ: [libjvm.so+0xc3ffa0], sa_mask[0]=11111111011111111101111111111110, sa_flags=SA_RESTART|SA_SIGINFO
SIGILL: [libjvm.so+0xf8fcf0], sa_mask[0]=11111111011111111101111111111110, sa_flags=SA_RESTART|SA_SIGINFO
SIGUSR2: [libjvm.so+0xc3fe40], sa_mask[0]=00000000000000000000000000000000, sa_flags=SA_RESTART|SA_SIGINFO
SIGHUP: [libjvm.so+0xc40580], sa_mask[0]=11111111011111111101111111111110, sa_flags=SA_RESTART|SA_SIGINFO
SIGINT: [libjvm.so+0xc40580], sa_mask[0]=11111111011111111101111111111110, sa_flags=SA_RESTART|SA_SIGINFO
SIGTERM: [libjvm.so+0xc40580], sa_mask[0]=11111111011111111101111111111110, sa_flags=SA_RESTART|SA_SIGINFO
SIGQUIT: [libjvm.so+0xc40580], sa_mask[0]=11111111011111111101111111111110, sa_flags=SA_RESTART|SA_SIGINFO


---------------  S Y S T E M  ---------------

OS:DISTRIB_ID=Ubuntu
DISTRIB_RELEASE=20.04
DISTRIB_CODENAME=focal
DISTRIB_DESCRIPTION="Ubuntu 20.04.4 LTS"
uname:Linux 3.10.0-1160.15.2.el7.x86_64 #1 SMP Wed Feb 3 15:06:38 UTC 2021 x86_64
OS uptime: 515 days 8:30 hours
libc:glibc 2.31 NPTL 2.31 
rlimit (soft/hard): STACK 8192k/infinity , CORE 0k/infinity , NPROC 4096/1030217 , NOFILE 131072/131072 , AS infinity/infinity , CPU infinity/infinity , DATA infinity/infinity , FSIZE infinity/infinity , MEMLOCK infinity/infinity
load average:41.10 41.31 41.38

/proc/meminfo:
MemTotal:       263895364 kB
MemFree:         1899480 kB
MemAvailable:    2018256 kB
Buffers:          217276 kB
Cached:           608556 kB
SwapCached:       194340 kB
Active:         244465832 kB
Inactive:        8157660 kB
Active(anon):   244224504 kB
Inactive(anon):  7606548 kB
Active(file):     241328 kB
Inactive(file):   551112 kB
Unevictable:       22440 kB
Mlocked:           22440 kB
SwapTotal:       4194300 kB
SwapFree:            144 kB
Dirty:               676 kB
Writeback:             0 kB
AnonPages:      251629092 kB
Mapped:           167916 kB
Shmem:             28912 kB
Slab:             773280 kB
SReclaimable:     193628 kB
SUnreclaim:       579652 kB
KernelStack:       34976 kB
PageTables:       541992 kB
NFS_Unstable:          0 kB
Bounce:                0 kB
WritebackTmp:          0 kB
CommitLimit:    136141980 kB
Committed_AS:   332471952 kB
VmallocTotal:   34359738367 kB
VmallocUsed:      862080 kB
VmallocChunk:   34222409240 kB
Percpu:            22016 kB
HardwareCorrupted:     0 kB
AnonHugePages:  66222080 kB
CmaTotal:              0 kB
CmaFree:               0 kB
HugePages_Total:       0
HugePages_Free:        0
HugePages_Rsvd:        0
HugePages_Surp:        0
Hugepagesize:       2048 kB
DirectMap4k:      505448 kB
DirectMap2M:    20328448 kB
DirectMap1G:    247463936 kB

/sys/kernel/mm/transparent_hugepage/enabled:
[always] madvise never

/sys/kernel/mm/transparent_hugepage/defrag (defrag/compaction efforts parameter):
[always] madvise never


/proc/sys/kernel/threads-max (system-wide limit on the number of threads):
2060435


/proc/sys/vm/max_map_count (maximum number of memory map areas a process may have):
65530


/proc/sys/kernel/pid_max (system-wide limit on number of process identifiers):
65536



Steal ticks since vm start: 0
Steal ticks percentage since vm start:  0.000

CPU:total 64 (initial active 1) (32 cores per cpu, 1 threads per core) family 23 model 49 stepping 0, cmov, cx8, fxsr, mmx, sse, sse2, sse3, ssse3, sse4.1, sse4.2, popcnt, avx, avx2, aes, clmul, mmxext, 3dnowpref, lzcnt, sse4a, tsc, tscinvbit, tscinv, bmi1, bmi2, adx, sha, fma
CPU Model and flags from /proc/cpuinfo:
model name	: AMD EPYC 7542 32-Core Processor
flags		: fpu vme de pse tsc msr pae mce cx8 apic sep mtrr pge mca cmov pat pse36 clflush mmx fxsr sse sse2 ht syscall nx mmxext fxsr_opt pdpe1gb rdtscp lm constant_tsc art rep_good nopl nonstop_tsc extd_apicid aperfmperf eagerfpu pni pclmulqdq monitor ssse3 fma cx16 sse4_1 sse4_2 movbe popcnt aes xsave avx f16c rdrand lahf_lm cmp_legacy svm extapic cr8_legacy abm sse4a misalignsse 3dnowprefetch osvw ibs skinit wdt tce topoext perfctr_core perfctr_nb bpext perfctr_l2 cpb cat_l3 cdp_l3 hw_pstate sme retpoline_amd ssbd ibrs ibpb stibp vmmcall fsgsbase bmi1 avx2 smep bmi2 cqm rdt_a rdseed adx smap clflushopt clwb sha_ni xsaveopt xsavec xgetbv1 cqm_llc cqm_occup_llc cqm_mbm_total cqm_mbm_local clzero irperf xsaveerptr arat npt lbrv svm_lock nrip_save tsc_scale vmcb_clean flushbyasid decodeassists pausefilter pfthreshold avic v_vmsave_vmload vgif umip overflow_recov succor smca
Online cpus:0-63
Offline cpus:
BIOS frequency limitation:2900000
Frequency switch latency (ns):0
Available cpu frequencies:2900000 2400000 1500000 
Current governor:conservative
Core performance/turbo boost:1

Memory: 4k page, physical 263895364k(1898332k free), swap 4194300k(148k free)

vm_info: OpenJDK 64-Bit Server VM (13.0.7+5-Ubuntu-0ubuntu120.04) for linux-amd64 JRE (13.0.7+5-Ubuntu-0ubuntu120.04), built on Apr 21 2021 05:36:19 by "unknown" with gcc 9.3.0

END.
