#
# There is insufficient memory for the Java Runtime Environment to continue.
# Native memory allocation (mmap) failed to map 6442455040 bytes for committing reserved memory.
# Possible reasons:
#   The system is out of physical RAM or swap space
# Possible solutions:
#   Reduce memory load on the system
#   Increase physical memory or swap space
#   Check if swap backing store is full
#   Decrease Java heap size (-Xmx/-Xms)
#   Decrease number of Java threads
#   Decrease Java thread stack sizes (-Xss)
#   Set larger code cache with -XX:ReservedCodeCacheSize=
# This output file may be truncated or incomplete.
#
#  Out of Memory Error (os_linux.cpp:2899), pid=43335, tid=43634
#
# JRE version: OpenJDK Runtime Environment (13.0.7+5) (build 13.0.7+5-Ubuntu-0ubuntu120.04)
# Java VM: OpenJDK 64-Bit Server VM (13.0.7+5-Ubuntu-0ubuntu120.04, mixed mode, tiered, serial gc, linux-amd64)
# No core dump will be written. Core dumps have been disabled. To enable core dumping, try "ulimit -c unlimited" before starting Java again
#

---------------  S U M M A R Y ------------

Command Line: -Xmx64g --add-modules=ALL-DEFAULT jdk.compiler/com.sun.tools.javac.launcher.Main /mnt/beegfs/rcabanas/dev/credici/papers/journalEM/code/GenerateModel.java -n 15 -d 1000 -di 0.5 -mr 0.98 -r 1.0 --seed 60 --output /mnt/beegfs/rcabanas/dev/credici/papers/journalEM/models/synthetic/s2/ --debug

Host: AMD EPYC 7542 32-Core Processor, 64 cores, 251G, Ubuntu 20.04.4 LTS
Time: Wed Oct 12 21:24:16 2022 CEST elapsed time: 26.837981 seconds (0d 0h 0m 26s)

---------------  T H R E A D  ---------------

Current thread (0x00007f41bc097800):  VMThread "VM Thread" [stack: 0x00007f41c038e000,0x00007f41c048e000] [id=43634]

Stack: [0x00007f41c038e000,0x00007f41c048e000],  sp=0x00007f41c048c3c0,  free space=1016k
Native frames: (J=compiled Java code, A=aot compiled Java code, j=interpreted, Vv=VM code, C=native code)
V  [libjvm.so+0xf8f092]
V  [libjvm.so+0xf8fc91]
V  [libjvm.so+0x66ee5a]
V  [libjvm.so+0xc44a41]
V  [libjvm.so+0xc3b263]
V  [libjvm.so+0xf87f4b]
V  [libjvm.so+0x557506]
V  [libjvm.so+0x557723]
V  [libjvm.so+0xf18c5e]
V  [libjvm.so+0x7e0bd4]
V  [libjvm.so+0x7e3a96]
V  [libjvm.so+0x7d8b48]
V  [libjvm.so+0xf90940]
V  [libjvm.so+0xf96657]
V  [libjvm.so+0xf96d2b]
V  [libjvm.so+0xf9706a]
V  [libjvm.so+0xf2208f]
V  [libjvm.so+0xc493ff]

VM_Operation (0x00007f41c10fe4e0): GenCollectForAllocation, mode: safepoint, requested by thread 0x00007f41bc018000


---------------  P R O C E S S  ---------------

Threads class SMR info:
_java_thread_list=0x00007f41bc13e630, length=9, elements={
0x00007f41bc018000, 0x00007f41bc0a3800, 0x00007f41bc0a7000, 0x00007f41bc0cb800,
0x00007f41bc0cd000, 0x00007f41bc0cf000, 0x00007f41bc0d1000, 0x00007f41bc0d3000,
0x00007f41bc13d000
}

Java Threads: ( => current thread )
  0x00007f41bc018000 JavaThread "main" [_thread_blocked, id=43461, stack(0x00007f41c1000000,0x00007f41c1101000)]
  0x00007f41bc0a3800 JavaThread "Reference Handler" daemon [_thread_blocked, id=43644, stack(0x00007f41c028b000,0x00007f41c038c000)]
  0x00007f41bc0a7000 JavaThread "Finalizer" daemon [_thread_blocked, id=43646, stack(0x00007f41c018a000,0x00007f41c028b000)]
  0x00007f41bc0cb800 JavaThread "Signal Dispatcher" daemon [_thread_blocked, id=43663, stack(0x00007f41c0050000,0x00007f41c0151000)]
  0x00007f41bc0cd000 JavaThread "Service Thread" daemon [_thread_blocked, id=43665, stack(0x00007f41a4689000,0x00007f41a478a000)]
  0x00007f41bc0cf000 JavaThread "C2 CompilerThread0" daemon [_thread_blocked, id=43669, stack(0x00007f3196fa8000,0x00007f31970a9000)]
  0x00007f41bc0d1000 JavaThread "C1 CompilerThread0" daemon [_thread_blocked, id=43670, stack(0x00007f3196ea7000,0x00007f3196fa8000)]
  0x00007f41bc0d3000 JavaThread "Sweeper thread" daemon [_thread_blocked, id=43682, stack(0x00007f3196da6000,0x00007f3196ea7000)]
  0x00007f41bc13d000 JavaThread "Common-Cleaner" daemon [_thread_blocked, id=43831, stack(0x00007f3196ca5000,0x00007f3196da6000)]

Other Threads:
=>0x00007f41bc097800 VMThread "VM Thread" [stack: 0x00007f41c038e000,0x00007f41c048e000] [id=43634]
  0x00007f41bc18a000 WatcherThread [stack: 0x00007f3196ba5000,0x00007f3196ca5000] [id=43970]

Threads with active compile tasks:

VM state:at safepoint (normal execution)

VM Mutex/Monitor currently owned by a thread:  ([mutex/lock_event])
[0x00007f41bc014100] Threads_lock - owner thread: 0x00007f41bc097800
[0x00007f41bc014d00] Heap_lock - owner thread: 0x00007f41bc018000

Heap:
 def new generation   total 4824320K, used 0K [0x00007f31a4600000, 0x00007f32eb8b0000, 0x00007f36f9b50000)
  eden space 4288320K,   0% used [0x00007f31a4600000, 0x00007f31a4600000, 0x00007f32aa1d0000)
  from space 536000K,   0% used [0x00007f32aa1d0000, 0x00007f32aa1d0000, 0x00007f32cad40000)
  to   space 536000K,   0% used [0x00007f32cad40000, 0x00007f32cad40000, 0x00007f32eb8b0000)
 tenured generation   total 10720556K, used 6432333K [0x00007f36f9b50000, 0x00007f398809b000, 0x00007f41a4600000)
   the space 10720556K,  59% used [0x00007f36f9b50000, 0x00007f38824e3580, 0x00007f38824e3600, 0x00007f398809b000)
 Metaspace       used 23263K, capacity 23681K, committed 23808K, reserved 24576K

Card table byte_map: [0x00007f319c5ff000,0x00007f31a4600000] _byte_map_base: 0x00007ef2038dc000

Polling page: 0x00007f41c2a8c000

Metaspace:

Usage:
   23.13 MB capacity,    22.72 MB ( 98%) used,   323.30 KB (  1%) free+waste,    94.44 KB ( <1%) overhead. 

Virtual space:
     24.00 MB reserved,      23.25 MB ( 97%) committed 

Chunk freelists:
51.00 KB

MaxMetaspaceSize: unlimited


CodeHeap 'non-profiled nmethods': size=120036Kb used=1503Kb max_used=1503Kb free=118533Kb
 bounds [0x00007f41ac251000, 0x00007f41ac4c1000, 0x00007f41b378a000]
CodeHeap 'profiled nmethods': size=120032Kb used=5591Kb max_used=5591Kb free=114440Kb
 bounds [0x00007f41a4d19000, 0x00007f41a5299000, 0x00007f41ac251000]
CodeHeap 'non-nmethods': size=5692Kb used=1197Kb max_used=1235Kb free=4494Kb
 bounds [0x00007f41a478a000, 0x00007f41a49fa000, 0x00007f41a4d19000]
 total_blobs=3782 nmethods=3316 adapters=380
 compilation: enabled
              stopped_count=0, restarted_count=0
 full_count=0

Compilation events (20 events):
Event: 12.384 Thread 0x00007f41bc0cf000 3320       4       org.jgrapht.traverse.TopologicalOrderIterator::next (43 bytes)
Event: 12.387 Thread 0x00007f41bc0cf000 nmethod 3320 0x00007f41ac3c5710 code [0x00007f41ac3c58a0, 0x00007f41ac3c59a8]
Event: 12.387 Thread 0x00007f41bc0cf000 3362       4       java.lang.invoke.DirectMethodHandle$Holder::invokeStatic (15 bytes)
Event: 12.389 Thread 0x00007f41bc0cf000 nmethod 3362 0x00007f41ac3c5b10 code [0x00007f41ac3c5ca0, 0x00007f41ac3c5d48]
Event: 12.389 Thread 0x00007f41bc0cf000 3248       4       java.util.stream.IntPipeline::toArray (24 bytes)
Event: 12.464 Thread 0x00007f41bc0cf000 nmethod 3248 0x00007f41ac3c5e90 code [0x00007f41ac3c60c0, 0x00007f41ac3c6ff8]
Event: 12.519 Thread 0x00007f41bc0d1000 3365       3       java.util.Arrays::copyOf (19 bytes)
Event: 12.520 Thread 0x00007f41bc0d1000 nmethod 3365 0x00007f41a528cf10 code [0x00007f41a528d0c0, 0x00007f41a528d380]
Event: 12.523 Thread 0x00007f41bc0d1000 3366       3       ch.idsia.crema.search.impl.DepthFirst::visit (108 bytes)
Event: 12.525 Thread 0x00007f41bc0d1000 nmethod 3366 0x00007f41a528d490 code [0x00007f41a528d720, 0x00007f41a528e470]
Event: 12.525 Thread 0x00007f41bc0d1000 3367       3       java.util.LinkedHashMap::afterNodeRemoval (65 bytes)
Event: 12.526 Thread 0x00007f41bc0d1000 nmethod 3367 0x00007f41a528e910 code [0x00007f41a528eac0, 0x00007f41a528edf0]
Event: 12.527 Thread 0x00007f41bc0cf000 3368       4       ch.idsia.crema.utility.ArraysUtil$$Lambda$340/0x00007f3195aa3cb0::get$Lambda (10 bytes)
Event: 12.529 Thread 0x00007f41bc0cf000 nmethod 3368 0x00007f41ac3c7d10 code [0x00007f41ac3c7e80, 0x00007f41ac3c7f38]
Event: 12.530 Thread 0x00007f41bc0cf000 3369       4       ch.idsia.crema.model.Strides::getOffset (31 bytes)
Event: 12.534 Thread 0x00007f41bc0cf000 nmethod 3369 0x00007f41ac3c8010 code [0x00007f41ac3c8180, 0x00007f41ac3c82d8]
Event: 12.535 Thread 0x00007f41bc0cf000 3370       4       java.util.stream.IntPipeline$4::opWrapSink (10 bytes)
Event: 12.538 Thread 0x00007f41bc0cf000 nmethod 3370 0x00007f41ac3c8390 code [0x00007f41ac3c8500, 0x00007f41ac3c8638]
Event: 12.538 Thread 0x00007f41bc0cf000 3371       4       java.util.stream.IntPipeline::map (26 bytes)
Event: 12.542 Thread 0x00007f41bc0cf000 nmethod 3371 0x00007f41ac3c8790 code [0x00007f41ac3c8900, 0x00007f41ac3c8a98]

GC Heap History (20 events):
Event: 7.154 GC heap before
{Heap before GC invocations=6 (full 1):
 def new generation   total 629248K, used 1422K [0x00007f31a4600000, 0x00007f31cf0c0000, 0x00007f36f9b50000)
  eden space 559360K,   0% used [0x00007f31a4600000, 0x00007f31a4600000, 0x00007f31c6840000)
  from space 69888K,   2% used [0x00007f31cac80000, 0x00007f31cade3b50, 0x00007f31cf0c0000)
  to   space 69888K,   0% used [0x00007f31c6840000, 0x00007f31c6840000, 0x00007f31cac80000)
 tenured generation   total 1922436K, used 1586487K [0x00007f36f9b50000, 0x00007f376f0b1000, 0x00007f41a4600000)
   the space 1922436K,  82% used [0x00007f36f9b50000, 0x00007f375a89dcb0, 0x00007f375a89de00, 0x00007f376f0b1000)
 Metaspace       used 23191K, capacity 23532K, committed 23552K, reserved 24576K
}
Event: 7.343 GC heap after
{Heap after GC invocations=6 (full 2):
 def new generation   total 629248K, used 0K [0x00007f31a4600000, 0x00007f31cf0c0000, 0x00007f36f9b50000)
  eden space 559360K,   0% used [0x00007f31a4600000, 0x00007f31a4600000, 0x00007f31c6840000)
  from space 69888K,   0% used [0x00007f31cac80000, 0x00007f31cac80000, 0x00007f31cf0c0000)
  to   space 69888K,   0% used [0x00007f31c6840000, 0x00007f31c6840000, 0x00007f31cac80000)
 tenured generation   total 1398144K, used 539293K [0x00007f36f9b50000, 0x00007f374f0b0000, 0x00007f41a4600000)
   the space 1398144K,  38% used [0x00007f36f9b50000, 0x00007f371a9f7418, 0x00007f371a9f7600, 0x00007f374f0b0000)
 Metaspace       used 23191K, capacity 23532K, committed 23552K, reserved 24576K
}
Event: 7.599 GC heap before
{Heap before GC invocations=6 (full 2):
 def new generation   total 629248K, used 535312K [0x00007f31a4600000, 0x00007f31cf0c0000, 0x00007f36f9b50000)
  eden space 559360K,  95% used [0x00007f31a4600000, 0x00007f31c50c4338, 0x00007f31c6840000)
  from space 69888K,   0% used [0x00007f31cac80000, 0x00007f31cac80000, 0x00007f31cf0c0000)
  to   space 69888K,   0% used [0x00007f31c6840000, 0x00007f31c6840000, 0x00007f31cac80000)
 tenured generation   total 1398144K, used 539293K [0x00007f36f9b50000, 0x00007f374f0b0000, 0x00007f41a4600000)
   the space 1398144K,  38% used [0x00007f36f9b50000, 0x00007f371a9f7418, 0x00007f371a9f7600, 0x00007f374f0b0000)
 Metaspace       used 23191K, capacity 23532K, committed 23552K, reserved 24576K
}
Event: 7.875 GC heap after
{Heap after GC invocations=7 (full 2):
 def new generation   total 629248K, used 4K [0x00007f31a4600000, 0x00007f31cf0c0000, 0x00007f36f9b50000)
  eden space 559360K,   0% used [0x00007f31a4600000, 0x00007f31a4600000, 0x00007f31c6840000)
  from space 69888K,   0% used [0x00007f31c6840000, 0x00007f31c6841060, 0x00007f31cac80000)
  to   space 69888K,   0% used [0x00007f31cac80000, 0x00007f31cac80000, 0x00007f31cf0c0000)
 tenured generation   total 1398144K, used 1063581K [0x00007f36f9b50000, 0x00007f374f0b0000, 0x00007f41a4600000)
   the space 1398144K,  76% used [0x00007f36f9b50000, 0x00007f373a9f7430, 0x00007f373a9f7600, 0x00007f374f0b0000)
 Metaspace       used 23191K, capacity 23532K, committed 23552K, reserved 24576K
}
Event: 7.875 GC heap before
{Heap before GC invocations=7 (full 2):
 def new generation   total 629248K, used 4K [0x00007f31a4600000, 0x00007f31cf0c0000, 0x00007f36f9b50000)
  eden space 559360K,   0% used [0x00007f31a4600000, 0x00007f31a4600000, 0x00007f31c6840000)
  from space 69888K,   0% used [0x00007f31c6840000, 0x00007f31c6841060, 0x00007f31cac80000)
  to   space 69888K,   0% used [0x00007f31cac80000, 0x00007f31cac80000, 0x00007f31cf0c0000)
 tenured generation   total 1398144K, used 1063581K [0x00007f36f9b50000, 0x00007f374f0b0000, 0x00007f41a4600000)
   the space 1398144K,  76% used [0x00007f36f9b50000, 0x00007f373a9f7430, 0x00007f373a9f7600, 0x00007f374f0b0000)
 Metaspace       used 23191K, capacity 23532K, committed 23552K, reserved 24576K
}
Event: 7.925 GC heap after
{Heap after GC invocations=7 (full 3):
 def new generation   total 629248K, used 0K [0x00007f31a4600000, 0x00007f31cf0c0000, 0x00007f36f9b50000)
  eden space 559360K,   0% used [0x00007f31a4600000, 0x00007f31a4600000, 0x00007f31c6840000)
  from space 69888K,   0% used [0x00007f31c6840000, 0x00007f31c6840000, 0x00007f31cac80000)
  to   space 69888K,   0% used [0x00007f31cac80000, 0x00007f31cac80000, 0x00007f31cf0c0000)
 tenured generation   total 1398144K, used 14940K [0x00007f36f9b50000, 0x00007f374f0b0000, 0x00007f41a4600000)
   the space 1398144K,   1% used [0x00007f36f9b50000, 0x00007f36fa9e73d0, 0x00007f36fa9e7400, 0x00007f374f0b0000)
 Metaspace       used 23191K, capacity 23532K, committed 23552K, reserved 24576K
}
Event: 9.840 GC heap before
{Heap before GC invocations=7 (full 3):
 def new generation   total 629248K, used 559360K [0x00007f31a4600000, 0x00007f31cf0c0000, 0x00007f36f9b50000)
  eden space 559360K, 100% used [0x00007f31a4600000, 0x00007f31c6840000, 0x00007f31c6840000)
  from space 69888K,   0% used [0x00007f31c6840000, 0x00007f31c6840000, 0x00007f31cac80000)
  to   space 69888K,   0% used [0x00007f31cac80000, 0x00007f31cac80000, 0x00007f31cf0c0000)
 tenured generation   total 3495300K, used 2112092K [0x00007f36f9b50000, 0x00007f37cf0b1000, 0x00007f41a4600000)
   the space 3495300K,  60% used [0x00007f36f9b50000, 0x00007f377a9e73e8, 0x00007f377a9e7400, 0x00007f37cf0b1000)
 Metaspace       used 23249K, capacity 23679K, committed 23808K, reserved 24576K
}
Event: 9.844 GC heap after
{Heap after GC invocations=8 (full 3):
 def new generation   total 629248K, used 678K [0x00007f31a4600000, 0x00007f31cf0c0000, 0x00007f36f9b50000)
  eden space 559360K,   0% used [0x00007f31a4600000, 0x00007f31a4600000, 0x00007f31c6840000)
  from space 69888K,   0% used [0x00007f31cac80000, 0x00007f31cad29940, 0x00007f31cf0c0000)
  to   space 69888K,   0% used [0x00007f31c6840000, 0x00007f31c6840000, 0x00007f31cac80000)
 tenured generation   total 3495300K, used 2112092K [0x00007f36f9b50000, 0x00007f37cf0b1000, 0x00007f41a4600000)
   the space 3495300K,  60% used [0x00007f36f9b50000, 0x00007f377a9e73e8, 0x00007f377a9e7400, 0x00007f37cf0b1000)
 Metaspace       used 23249K, capacity 23679K, committed 23808K, reserved 24576K
}
Event: 10.862 GC heap before
{Heap before GC invocations=8 (full 3):
 def new generation   total 629248K, used 560038K [0x00007f31a4600000, 0x00007f31cf0c0000, 0x00007f36f9b50000)
  eden space 559360K, 100% used [0x00007f31a4600000, 0x00007f31c6840000, 0x00007f31c6840000)
  from space 69888K,   0% used [0x00007f31cac80000, 0x00007f31cad29940, 0x00007f31cf0c0000)
  to   space 69888K,   0% used [0x00007f31c6840000, 0x00007f31c6840000, 0x00007f31cac80000)
 tenured generation   total 3495300K, used 2112092K [0x00007f36f9b50000, 0x00007f37cf0b1000, 0x00007f41a4600000)
   the space 3495300K,  60% used [0x00007f36f9b50000, 0x00007f377a9e73e8, 0x00007f377a9e7400, 0x00007f37cf0b1000)
 Metaspace       used 23254K, capacity 23680K, committed 23808K, reserved 24576K
}
Event: 10.865 GC heap after
{Heap after GC invocations=9 (full 3):
 def new generation   total 629248K, used 629K [0x00007f31a4600000, 0x00007f31cf0c0000, 0x00007f36f9b50000)
  eden space 559360K,   0% used [0x00007f31a4600000, 0x00007f31a4600000, 0x00007f31c6840000)
  from space 69888K,   0% used [0x00007f31c6840000, 0x00007f31c68dd798, 0x00007f31cac80000)
  to   space 69888K,   0% used [0x00007f31cac80000, 0x00007f31cac80000, 0x00007f31cf0c0000)
 tenured generation   total 3495300K, used 2112092K [0x00007f36f9b50000, 0x00007f37cf0b1000, 0x00007f41a4600000)
   the space 3495300K,  60% used [0x00007f36f9b50000, 0x00007f377a9e73e8, 0x00007f377a9e7400, 0x00007f37cf0b1000)
 Metaspace       used 23254K, capacity 23680K, committed 23808K, reserved 24576K
}
Event: 11.764 GC heap before
{Heap before GC invocations=9 (full 3):
 def new generation   total 629248K, used 559989K [0x00007f31a4600000, 0x00007f31cf0c0000, 0x00007f36f9b50000)
  eden space 559360K, 100% used [0x00007f31a4600000, 0x00007f31c6840000, 0x00007f31c6840000)
  from space 69888K,   0% used [0x00007f31c6840000, 0x00007f31c68dd798, 0x00007f31cac80000)
  to   space 69888K,   0% used [0x00007f31cac80000, 0x00007f31cac80000, 0x00007f31cf0c0000)
 tenured generation   total 3495300K, used 2112092K [0x00007f36f9b50000, 0x00007f37cf0b1000, 0x00007f41a4600000)
   the space 3495300K,  60% used [0x00007f36f9b50000, 0x00007f377a9e73e8, 0x00007f377a9e7400, 0x00007f37cf0b1000)
 Metaspace       used 23254K, capacity 23680K, committed 23808K, reserved 24576K
}
Event: 11.768 GC heap after
{Heap after GC invocations=10 (full 3):
 def new generation   total 629248K, used 846K [0x00007f31a4600000, 0x00007f31cf0c0000, 0x00007f36f9b50000)
  eden space 559360K,   0% used [0x00007f31a4600000, 0x00007f31a4600000, 0x00007f31c6840000)
  from space 69888K,   1% used [0x00007f31cac80000, 0x00007f31cad53868, 0x00007f31cf0c0000)
  to   space 69888K,   0% used [0x00007f31c6840000, 0x00007f31c6840000, 0x00007f31cac80000)
 tenured generation   total 3495300K, used 2112092K [0x00007f36f9b50000, 0x00007f37cf0b1000, 0x00007f41a4600000)
   the space 3495300K,  60% used [0x00007f36f9b50000, 0x00007f377a9e73e8, 0x00007f377a9e7400, 0x00007f37cf0b1000)
 Metaspace       used 23254K, capacity 23680K, committed 23808K, reserved 24576K
}
Event: 12.705 GC heap before
{Heap before GC invocations=10 (full 3):
 def new generation   total 629248K, used 539261K [0x00007f31a4600000, 0x00007f31cf0c0000, 0x00007f36f9b50000)
  eden space 559360K,  96% used [0x00007f31a4600000, 0x00007f31c53cbc18, 0x00007f31c6840000)
  from space 69888K,   1% used [0x00007f31cac80000, 0x00007f31cad53868, 0x00007f31cf0c0000)
  to   space 69888K,   0% used [0x00007f31c6840000, 0x00007f31c6840000, 0x00007f31cac80000)
 tenured generation   total 3495300K, used 2112092K [0x00007f36f9b50000, 0x00007f37cf0b1000, 0x00007f41a4600000)
   the space 3495300K,  60% used [0x00007f36f9b50000, 0x00007f377a9e73e8, 0x00007f377a9e7400, 0x00007f37cf0b1000)
 Metaspace       used 23263K, capacity 23681K, committed 23808K, reserved 24576K
}
Event: 12.830 GC heap after
{Heap after GC invocations=11 (full 3):
 def new generation   total 629248K, used 66559K [0x00007f31a4600000, 0x00007f31cf0c0000, 0x00007f36f9b50000)
  eden space 559360K,   0% used [0x00007f31a4600000, 0x00007f31a4600000, 0x00007f31c6840000)
  from space 69888K,  95% used [0x00007f31c6840000, 0x00007f31ca93fdd8, 0x00007f31cac80000)
  to   space 69888K,   0% used [0x00007f31cac80000, 0x00007f31cac80000, 0x00007f31cf0c0000)
 tenured generation   total 3495300K, used 2177629K [0x00007f36f9b50000, 0x00007f37cf0b1000, 0x00007f41a4600000)
   the space 3495300K,  62% used [0x00007f36f9b50000, 0x00007f377e9e7400, 0x00007f377e9e7400, 0x00007f37cf0b1000)
 Metaspace       used 23263K, capacity 23681K, committed 23808K, reserved 24576K
}
Event: 12.830 GC heap before
{Heap before GC invocations=11 (full 3):
 def new generation   total 629248K, used 66559K [0x00007f31a4600000, 0x00007f31cf0c0000, 0x00007f36f9b50000)
  eden space 559360K,   0% used [0x00007f31a4600000, 0x00007f31a4600000, 0x00007f31c6840000)
  from space 69888K,  95% used [0x00007f31c6840000, 0x00007f31ca93fdd8, 0x00007f31cac80000)
  to   space 69888K,   0% used [0x00007f31cac80000, 0x00007f31cac80000, 0x00007f31cf0c0000)
 tenured generation   total 3495300K, used 2177629K [0x00007f36f9b50000, 0x00007f37cf0b1000, 0x00007f41a4600000)
   the space 3495300K,  62% used [0x00007f36f9b50000, 0x00007f377e9e7400, 0x00007f377e9e7400, 0x00007f37cf0b1000)
 Metaspace       used 23263K, capacity 23681K, committed 23808K, reserved 24576K
}
Event: 12.973 GC heap after
{Heap after GC invocations=11 (full 4):
 def new generation   total 1572992K, used 0K [0x00007f31a4600000, 0x00007f320f0c0000, 0x00007f36f9b50000)
  eden space 1398272K,   0% used [0x00007f31a4600000, 0x00007f31a4600000, 0x00007f31f9b80000)
  from space 174720K,   0% used [0x00007f31f9b80000, 0x00007f31f9b80000, 0x00007f3204620000)
  to   space 174720K,   0% used [0x00007f3204620000, 0x00007f3204620000, 0x00007f320f0c0000)
 tenured generation   total 3495300K, used 140876K [0x00007f36f9b50000, 0x00007f37cf0b1000, 0x00007f41a4600000)
   the space 3495300K,   4% used [0x00007f36f9b50000, 0x00007f37024e3378, 0x00007f37024e3400, 0x00007f37cf0b1000)
 Metaspace       used 23263K, capacity 23681K, committed 23808K, reserved 24576K
}
Event: 26.026 GC heap before
{Heap before GC invocations=11 (full 4):
 def new generation   total 1572992K, used 27677K [0x00007f31a4600000, 0x00007f320f0c0000, 0x00007f36f9b50000)
  eden space 1398272K,   1% used [0x00007f31a4600000, 0x00007f31a61074a8, 0x00007f31f9b80000)
  from space 174720K,   0% used [0x00007f31f9b80000, 0x00007f31f9b80000, 0x00007f3204620000)
  to   space 174720K,   0% used [0x00007f3204620000, 0x00007f3204620000, 0x00007f320f0c0000)
 tenured generation   total 9786760K, used 6432332K [0x00007f36f9b50000, 0x00007f394f0b2000, 0x00007f41a4600000)
   the space 9786760K,  65% used [0x00007f36f9b50000, 0x00007f38824e3390, 0x00007f38824e3400, 0x00007f394f0b2000)
 Metaspace       used 23263K, capacity 23681K, committed 23808K, reserved 24576K
}
Event: 26.304 GC heap after
{Heap after GC invocations=12 (full 4):
 def new generation   total 1572992K, used 0K [0x00007f31a4600000, 0x00007f320f0c0000, 0x00007f36f9b50000)
  eden space 1398272K,   0% used [0x00007f31a4600000, 0x00007f31a4600000, 0x00007f31f9b80000)
  from space 174720K,   0% used [0x00007f3204620000, 0x00007f3204620258, 0x00007f320f0c0000)
  to   space 174720K,   0% used [0x00007f31f9b80000, 0x00007f31f9b80000, 0x00007f3204620000)
 tenured generation   total 9786760K, used 6432332K [0x00007f36f9b50000, 0x00007f394f0b2000, 0x00007f41a4600000)
   the space 9786760K,  65% used [0x00007f36f9b50000, 0x00007f38824e3390, 0x00007f38824e3400, 0x00007f394f0b2000)
 Metaspace       used 23263K, capacity 23681K, committed 23808K, reserved 24576K
}
Event: 26.304 GC heap before
{Heap before GC invocations=12 (full 4):
 def new generation   total 1572992K, used 0K [0x00007f31a4600000, 0x00007f320f0c0000, 0x00007f36f9b50000)
  eden space 1398272K,   0% used [0x00007f31a4600000, 0x00007f31a4600000, 0x00007f31f9b80000)
  from space 174720K,   0% used [0x00007f3204620000, 0x00007f3204620258, 0x00007f320f0c0000)
  to   space 174720K,   0% used [0x00007f31f9b80000, 0x00007f31f9b80000, 0x00007f3204620000)
 tenured generation   total 9786760K, used 6432332K [0x00007f36f9b50000, 0x00007f394f0b2000, 0x00007f41a4600000)
   the space 9786760K,  65% used [0x00007f36f9b50000, 0x00007f38824e3390, 0x00007f38824e3400, 0x00007f394f0b2000)
 Metaspace       used 23263K, capacity 23681K, committed 23808K, reserved 24576K
}
Event: 26.809 GC heap after
{Heap after GC invocations=12 (full 5):
 def new generation   total 4824320K, used 0K [0x00007f31a4600000, 0x00007f32eb8b0000, 0x00007f36f9b50000)
  eden space 4288320K,   0% used [0x00007f31a4600000, 0x00007f31a4600000, 0x00007f32aa1d0000)
  from space 536000K,   0% used [0x00007f32aa1d0000, 0x00007f32aa1d0000, 0x00007f32cad40000)
  to   space 536000K,   0% used [0x00007f32cad40000, 0x00007f32cad40000, 0x00007f32eb8b0000)
 tenured generation   total 10720556K, used 6432333K [0x00007f36f9b50000, 0x00007f398809b000, 0x00007f41a4600000)
   the space 10720556K,  59% used [0x00007f36f9b50000, 0x00007f38824e3580, 0x00007f38824e3600, 0x00007f398809b000)
 Metaspace       used 23263K, capacity 23681K, committed 23808K, reserved 24576K
}

Deoptimization events (20 events):
Event: 11.746 Thread 0x00007f41bc018000 DEOPT PACKING pc=0x00007f41a5288330 sp=0x00007f41c10fe2f0
Event: 11.746 Thread 0x00007f41bc018000 DEOPT UNPACKING pc=0x00007f41a47d333a sp=0x00007f41c10fd7a8 mode 0
Event: 11.811 Thread 0x00007f41bc018000 DEOPT PACKING pc=0x00007f41a520c827 sp=0x00007f41c10fe750
Event: 11.811 Thread 0x00007f41bc018000 DEOPT UNPACKING pc=0x00007f41a47d333a sp=0x00007f41c10fdc60 mode 0
Event: 11.851 Thread 0x00007f41bc018000 DEOPT PACKING pc=0x00007f41a51f61c8 sp=0x00007f41c10fe5d0
Event: 11.851 Thread 0x00007f41bc018000 DEOPT UNPACKING pc=0x00007f41a47d333a sp=0x00007f41c10fdad0 mode 0
Event: 11.870 Thread 0x00007f41bc018000 DEOPT PACKING pc=0x00007f41a52838c0 sp=0x00007f41c10fe7f0
Event: 11.870 Thread 0x00007f41bc018000 DEOPT UNPACKING pc=0x00007f41a47d333a sp=0x00007f41c10fdd78 mode 0
Event: 11.941 Thread 0x00007f41bc018000 DEOPT PACKING pc=0x00007f41a528902f sp=0x00007f41c10fe6e0
Event: 11.941 Thread 0x00007f41bc018000 DEOPT UNPACKING pc=0x00007f41a47d333a sp=0x00007f41c10fdb68 mode 0
Event: 12.108 Thread 0x00007f41bc018000 DEOPT PACKING pc=0x00007f41a525f465 sp=0x00007f41c10fe040
Event: 12.108 Thread 0x00007f41bc018000 DEOPT UNPACKING pc=0x00007f41a47d333a sp=0x00007f41c10fd4e8 mode 0
Event: 12.109 Thread 0x00007f41bc018000 DEOPT PACKING pc=0x00007f41a51fb4e6 sp=0x00007f41c10fe030
Event: 12.109 Thread 0x00007f41bc018000 DEOPT UNPACKING pc=0x00007f41a47d333a sp=0x00007f41c10fd518 mode 0
Event: 12.197 Thread 0x00007f41bc018000 DEOPT PACKING pc=0x00007f41a524a792 sp=0x00007f41c10fe4c0
Event: 12.197 Thread 0x00007f41bc018000 DEOPT UNPACKING pc=0x00007f41a47d333a sp=0x00007f41c10fd978 mode 0
Event: 12.198 Thread 0x00007f41bc018000 DEOPT PACKING pc=0x00007f41a524a792 sp=0x00007f41c10fe4c0
Event: 12.198 Thread 0x00007f41bc018000 DEOPT UNPACKING pc=0x00007f41a47d333a sp=0x00007f41c10fd978 mode 0
Event: 12.202 Thread 0x00007f41bc018000 DEOPT PACKING pc=0x00007f41a524a792 sp=0x00007f41c10fe4c0
Event: 12.202 Thread 0x00007f41bc018000 DEOPT UNPACKING pc=0x00007f41a47d333a sp=0x00007f41c10fd978 mode 0

Classes unloaded (0 events):
No events

Classes redefined (0 events):
No events

Internal exceptions (20 events):
Event: 1.314 Thread 0x00007f41bc018000 Exception <a 'java/lang/NoSuchMethodError'{0x00007f31a75f3fc8}: 'java.lang.Object java.lang.invoke.DirectMethodHandle$Holder.invokeStatic(java.lang.Object, java.lang.Object, int, int)'> (0x00007f31a75f3fc8) 
thrown [src/hotspot/share/interpreter/linkResolver.cpp, line 766]
Event: 1.603 Thread 0x00007f41bc018000 Exception <a 'java/lang/NoSuchMethodError'{0x00007f31a94168e0}: 'int java.lang.invoke.DirectMethodHandle$Holder.invokeVirtual(java.lang.Object, java.lang.Object, java.lang.Object, java.lang.Object)'> (0x00007f31a94168e0) 
thrown [src/hotspot/share/interpreter/linkResolver.cpp, line 766]
Event: 1.604 Thread 0x00007f41bc018000 Exception <a 'java/lang/NoSuchMethodError'{0x00007f31a9424a28}: 'java.lang.Object java.lang.invoke.DirectMethodHandle$Holder.invokeStatic(java.lang.Object, java.lang.Object, int, java.lang.Object)'> (0x00007f31a9424a28) 
thrown [src/hotspot/share/interpreter/linkResolver.cpp, line 766]
Event: 1.604 Thread 0x00007f41bc018000 Exception <a 'java/lang/NoSuchMethodError'{0x00007f31a942d340}: 'java.lang.Object java.lang.invoke.Invokers$Holder.linkToTargetMethod(java.lang.Object, int, java.lang.Object, java.lang.Object)'> (0x00007f31a942d340) 
thrown [src/hotspot/share/interpreter/linkResolver.cpp, line 766]
Event: 2.010 Thread 0x00007f41bc018000 Exception <a 'java/lang/NoSuchMethodError'{0x00007f31a9ce2b60}: 'java.lang.Object java.lang.invoke.Invokers$Holder.linkToTargetMethod(java.lang.Object, int, java.lang.Object)'> (0x00007f31a9ce2b60) 
thrown [src/hotspot/share/interpreter/linkResolver.cpp, line 766]
Event: 2.037 Thread 0x00007f41bc018000 Exception <a 'java/lang/NoSuchMethodError'{0x00007f31a9d78770}: 'java.lang.Object java.lang.invoke.Invokers$Holder.linkToTargetMethod(java.lang.Object, long, java.lang.Object)'> (0x00007f31a9d78770) 
thrown [src/hotspot/share/interpreter/linkResolver.cpp, line 766]
Event: 2.063 Thread 0x00007f41bc018000 Exception <a 'java/lang/NoSuchMethodError'{0x00007f31a9de2190}: 'java.lang.Object java.lang.invoke.Invokers$Holder.linkToTargetMethod(double, java.lang.Object)'> (0x00007f31a9de2190) 
thrown [src/hotspot/share/interpreter/linkResolver.cpp, line 766]
Event: 2.250 Thread 0x00007f41bc018000 Exception <a 'java/lang/NoSuchMethodError'{0x00007f31aac5e2a0}: 'java.lang.Object java.lang.invoke.Invokers$Holder.invokeExact_MT(java.lang.Object, java.lang.Object, java.lang.Object, java.lang.Object, java.lang.Object, java.lang.Object)'> (0x00007f31aac5e2a0) 
thrown [src/hotspot/share/interpreter/linkResolver.cpp, line 766]
Event: 2.284 Thread 0x00007f41bc018000 Exception <a 'java/lang/NoSuchMethodError'{0x00007f31aad13f98}: 'int java.lang.invoke.DirectMethodHandle$Holder.invokeStatic(java.lang.Object, java.lang.Object, int)'> (0x00007f31aad13f98) 
thrown [src/hotspot/share/interpreter/linkResolver.cpp, line 766]
Event: 2.286 Thread 0x00007f41bc018000 Exception <a 'java/lang/NoSuchMethodError'{0x00007f31aad27ec8}: 'int java.lang.invoke.DirectMethodHandle$Holder.invokeStatic(java.lang.Object, java.lang.Object, java.lang.Object, int)'> (0x00007f31aad27ec8) 
thrown [src/hotspot/share/interpreter/linkResolver.cpp, line 766]
Event: 2.444 Thread 0x00007f41bc0a7000 Implicit null exception at 0x00007f41ac2a4dcc to 0x00007f41ac2a4e80
Event: 2.500 Thread 0x00007f41bc018000 Exception <a 'java/lang/NoSuchMethodError'{0x00007f31a47cf8c8}: 'java.lang.Object java.lang.invoke.DirectMethodHandle$Holder.invokeInterface(java.lang.Object, java.lang.Object, java.lang.Object)'> (0x00007f31a47cf8c8) 
thrown [src/hotspot/share/interpreter/linkResolver.cpp, line 766]
Event: 2.501 Thread 0x00007f41bc018000 Exception <a 'java/lang/NoSuchMethodError'{0x00007f31a47df018}: 'void java.lang.invoke.DirectMethodHandle$Holder.invokeStatic(java.lang.Object, java.lang.Object, java.lang.Object, java.lang.Object)'> (0x00007f31a47df018) 
thrown [src/hotspot/share/interpreter/linkResolver.cpp, line 766]
Event: 2.719 Thread 0x00007f41bc018000 Exception <a 'java/lang/NoSuchMethodError'{0x00007f31a6807a00}: 'void java.lang.invoke.DirectMethodHandle$Holder.invokeStatic(java.lang.Object, java.lang.Object, int)'> (0x00007f31a6807a00) 
thrown [src/hotspot/share/interpreter/linkResolver.cpp, line 766]
Event: 2.726 Thread 0x00007f41bc018000 Exception <a 'java/lang/NoSuchMethodError'{0x00007f31a6871738}: 'int java.lang.invoke.DirectMethodHandle$Holder.invokeStatic(java.lang.Object, int, java.lang.Object, int)'> (0x00007f31a6871738) 
thrown [src/hotspot/share/interpreter/linkResolver.cpp, line 766]
Event: 2.727 Thread 0x00007f41bc018000 Exception <a 'java/lang/NoSuchMethodError'{0x00007f31a6878780}: 'java.lang.Object java.lang.invoke.DirectMethodHandle$Holder.invokeStatic(java.lang.Object, int, java.lang.Object)'> (0x00007f31a6878780) 
thrown [src/hotspot/share/interpreter/linkResolver.cpp, line 766]
Event: 2.748 Thread 0x00007f41bc018000 Exception <a 'java/lang/NoSuchMethodError'{0x00007f31a68b5f40}: 'void java.lang.invoke.DirectMethodHandle$Holder.invokeInterface(java.lang.Object, java.lang.Object, int)'> (0x00007f31a68b5f40) 
thrown [src/hotspot/share/interpreter/linkResolver.cpp, line 766]
Event: 2.748 Thread 0x00007f41bc018000 Exception <a 'java/lang/IncompatibleClassChangeError'{0x00007f31a68b9a08}: Found class java.lang.Object, but interface was expected> (0x00007f31a68b9a08) 
thrown [src/hotspot/share/interpreter/linkResolver.cpp, line 833]
Event: 4.844 Thread 0x00007f41bc018000 Exception <a 'java/lang/IncompatibleClassChangeError'{0x00007f31ae5475b8}: Found class java.lang.Object, but interface was expected> (0x00007f31ae5475b8) 
thrown [src/hotspot/share/interpreter/linkResolver.cpp, line 833]
Event: 8.916 Thread 0x00007f41bc018000 Exception <a 'java/lang/ArrayIndexOutOfBoundsException'{0x00007f31a46000a0}: Index 0 out of bounds for length 0> (0x00007f31a46000a0) 
thrown [src/hotspot/share/interpreter/interpreterRuntime.cpp, line 458]

Events (20 events):
Event: 7.343 Executing VM operation: GenCollectForAllocation done
Event: 7.599 Executing VM operation: GenCollectForAllocation
Event: 7.931 Executing VM operation: GenCollectForAllocation done
Event: 9.136 loading class gnu/trove/map/hash/TIntIntHashMap
Event: 9.136 loading class gnu/trove/map/hash/TIntIntHashMap done
Event: 9.136 loading class gnu/trove/map/hash/TIntIntHashMap
Event: 9.136 loading class gnu/trove/map/hash/TIntIntHashMap done
Event: 9.137 loading class gnu/trove/map/TIntIntMap
Event: 9.137 loading class gnu/trove/map/TIntIntMap done
Event: 9.137 loading class gnu/trove/map/TIntIntMap
Event: 9.137 loading class gnu/trove/map/TIntIntMap done
Event: 9.840 Executing VM operation: GenCollectForAllocation
Event: 9.844 Executing VM operation: GenCollectForAllocation done
Event: 10.862 Executing VM operation: GenCollectForAllocation
Event: 10.865 Executing VM operation: GenCollectForAllocation done
Event: 11.763 Executing VM operation: GenCollectForAllocation
Event: 11.768 Executing VM operation: GenCollectForAllocation done
Event: 12.705 Executing VM operation: GenCollectForAllocation
Event: 12.990 Executing VM operation: GenCollectForAllocation done
Event: 25.985 Executing VM operation: GenCollectForAllocation


Dynamic libraries:
555726350000-555726351000 r--p 00000000 07:02 4860                       /usr/lib/jvm/java-13-openjdk-amd64/bin/java
555726351000-555726352000 r-xp 00001000 07:02 4860                       /usr/lib/jvm/java-13-openjdk-amd64/bin/java
555726352000-555726353000 r--p 00002000 07:02 4860                       /usr/lib/jvm/java-13-openjdk-amd64/bin/java
555726353000-555726354000 r--p 00002000 07:02 4860                       /usr/lib/jvm/java-13-openjdk-amd64/bin/java
555726354000-555726355000 rw-p 00003000 07:02 4860                       /usr/lib/jvm/java-13-openjdk-amd64/bin/java
555727588000-5557275a9000 rw-p 00000000 00:00 0                          [heap]
7f3168000000-7f3168021000 rw-p 00000000 00:00 0 
7f3168021000-7f316c000000 ---p 00000000 00:00 0 
7f3170000000-7f3170021000 rw-p 00000000 00:00 0 
7f3170021000-7f3174000000 ---p 00000000 00:00 0 
7f3174000000-7f3174021000 rw-p 00000000 00:00 0 
7f3174021000-7f3178000000 ---p 00000000 00:00 0 
7f3178000000-7f3179662000 rw-p 00000000 00:00 0 
7f3179662000-7f317c000000 ---p 00000000 00:00 0 
7f317c000000-7f317c768000 rw-p 00000000 00:00 0 
7f317c768000-7f3180000000 ---p 00000000 00:00 0 
7f3180000000-7f3180021000 rw-p 00000000 00:00 0 
7f3180021000-7f3184000000 ---p 00000000 00:00 0 
7f3184000000-7f3184021000 rw-p 00000000 00:00 0 
7f3184021000-7f3188000000 ---p 00000000 00:00 0 
7f3188000000-7f3188021000 rw-p 00000000 00:00 0 
7f3188021000-7f318c000000 ---p 00000000 00:00 0 
7f318c000000-7f318c021000 rw-p 00000000 00:00 0 
7f318c021000-7f3190000000 ---p 00000000 00:00 0 
7f3190000000-7f319002d000 rw-p 00000000 00:00 0 
7f319002d000-7f3194000000 ---p 00000000 00:00 0 
7f3195a03000-7f3195b43000 rw-p 00000000 00:00 0 
7f3195b43000-7f3195c03000 ---p 00000000 00:00 0 
7f3195c03000-7f3195e03000 rw-p 00000000 00:00 0 
7f3195e03000-7f3196003000 rw-p 00000000 00:00 0 
7f3196003000-7f3196203000 rw-p 00000000 00:00 0 
7f3196203000-7f31965a3000 rw-p 00000000 00:00 0 
7f31965a3000-7f31967a3000 rw-p 00000000 00:00 0 
7f31967a3000-7f31969a3000 rw-p 00000000 00:00 0 
7f31969a3000-7f3196ba3000 rw-p 00000000 00:00 0 
7f3196ba3000-7f3196ba4000 ---p 00000000 00:00 0 
7f3196ba4000-7f3196ca5000 rw-p 00000000 00:00 0 
7f3196ca5000-7f3196ca9000 ---p 00000000 00:00 0 
7f3196ca9000-7f3196da6000 rw-p 00000000 00:00 0 
7f3196da6000-7f3196daa000 ---p 00000000 00:00 0 
7f3196daa000-7f3196ea7000 rw-p 00000000 00:00 0 
7f3196ea7000-7f3196eab000 ---p 00000000 00:00 0 
7f3196eab000-7f3196fa8000 rw-p 00000000 00:00 0 
7f3196fa8000-7f3196fac000 ---p 00000000 00:00 0 
7f3196fac000-7f319851c000 rw-p 00000000 00:00 0 
7f319851c000-7f319c5ff000 ---p 00000000 00:00 0 
7f319c5ff000-7f319d039000 rw-p 00000000 00:00 0 
7f319d039000-7f319f0a9000 ---p 00000000 00:00 0 
7f319f0a9000-7f31a051d000 rw-p 00000000 00:00 0 
7f31a051d000-7f31a45ff000 ---p 00000000 00:00 0 
7f31a45ff000-7f32eb8b0000 rw-p 00000000 00:00 0 
7f32eb8b0000-7f36f9b50000 ---p 00000000 00:00 0 
7f36f9b50000-7f398809b000 rw-p 00000000 00:00 0 
7f3b0809c000-7f41a4600000 ---p 00000000 00:00 0 
7f41a4658000-7f41a4689000 rw-p 00000000 00:00 0 
7f41a4689000-7f41a468d000 ---p 00000000 00:00 0 
7f41a468d000-7f41a478a000 rw-p 00000000 00:00 0 
7f41a478a000-7f41a49fa000 rwxp 00000000 00:00 0 
7f41a49fa000-7f41a4d19000 ---p 00000000 00:00 0 
7f41a4d19000-7f41a5299000 rwxp 00000000 00:00 0 
7f41a5299000-7f41ac251000 ---p 00000000 00:00 0 
7f41ac251000-7f41ac4c1000 rwxp 00000000 00:00 0 
7f41ac4c1000-7f41b378a000 ---p 00000000 00:00 0 
7f41b378a000-7f41bc000000 r--s 00000000 07:02 5215                       /usr/lib/jvm/java-13-openjdk-amd64/lib/modules
7f41bc000000-7f41bc6df000 rw-p 00000000 00:00 0 
7f41bc6df000-7f41c0000000 ---p 00000000 00:00 0 
7f41c0022000-7f41c0026000 r--p 00000000 07:02 5204                       /usr/lib/jvm/java-13-openjdk-amd64/lib/libnet.so
7f41c0026000-7f41c0034000 r-xp 00004000 07:02 5204                       /usr/lib/jvm/java-13-openjdk-amd64/lib/libnet.so
7f41c0034000-7f41c0038000 r--p 00012000 07:02 5204                       /usr/lib/jvm/java-13-openjdk-amd64/lib/libnet.so
7f41c0038000-7f41c0039000 r--p 00015000 07:02 5204                       /usr/lib/jvm/java-13-openjdk-amd64/lib/libnet.so
7f41c0039000-7f41c003a000 rw-p 00016000 07:02 5204                       /usr/lib/jvm/java-13-openjdk-amd64/lib/libnet.so
7f41c003a000-7f41c0041000 r--p 00000000 07:02 5205                       /usr/lib/jvm/java-13-openjdk-amd64/lib/libnio.so
7f41c0041000-7f41c004a000 r-xp 00007000 07:02 5205                       /usr/lib/jvm/java-13-openjdk-amd64/lib/libnio.so
7f41c004a000-7f41c004e000 r--p 00010000 07:02 5205                       /usr/lib/jvm/java-13-openjdk-amd64/lib/libnio.so
7f41c004e000-7f41c004f000 r--p 00013000 07:02 5205                       /usr/lib/jvm/java-13-openjdk-amd64/lib/libnio.so
7f41c004f000-7f41c0050000 rw-p 00014000 07:02 5205                       /usr/lib/jvm/java-13-openjdk-amd64/lib/libnio.so
7f41c0050000-7f41c0054000 ---p 00000000 00:00 0 
7f41c0054000-7f41c0151000 rw-p 00000000 00:00 0 
7f41c0151000-7f41c0158000 r--s 00000000 07:02 8532                       /usr/lib/x86_64-linux-gnu/gconv/gconv-modules.cache
7f41c0158000-7f41c018a000 r--p 00000000 07:02 5276                       /usr/lib/locale/C.UTF-8/LC_CTYPE
7f41c018a000-7f41c018e000 ---p 00000000 00:00 0 
7f41c018e000-7f41c028b000 rw-p 00000000 00:00 0 
7f41c028b000-7f41c028f000 ---p 00000000 00:00 0 
7f41c028f000-7f41c038c000 rw-p 00000000 00:00 0 
7f41c038c000-7f41c038d000 ---p 00000000 00:00 0 
7f41c038d000-7f41c0dab000 rw-p 00000000 00:00 0 
7f41c0dab000-7f41c0db0000 rw-p 00000000 00:00 0 
7f41c0db0000-7f41c0e96000 ---p 00000000 00:00 0 
7f41c0e96000-7f41c0ea1000 rw-p 00000000 00:00 0 
7f41c0ea1000-7f41c0f81000 ---p 00000000 00:00 0 
7f41c0f81000-7f41c0f86000 rw-p 00000000 00:00 0 
7f41c0f86000-7f41c0f8d000 ---p 00000000 00:00 0 
7f41c0f8d000-7f41c0f8f000 r--p 00000000 07:02 5214                       /usr/lib/jvm/java-13-openjdk-amd64/lib/libzip.so
7f41c0f8f000-7f41c0f93000 r-xp 00002000 07:02 5214                       /usr/lib/jvm/java-13-openjdk-amd64/lib/libzip.so
7f41c0f93000-7f41c0f95000 r--p 00006000 07:02 5214                       /usr/lib/jvm/java-13-openjdk-amd64/lib/libzip.so
7f41c0f95000-7f41c0f96000 r--p 00007000 07:02 5214                       /usr/lib/jvm/java-13-openjdk-amd64/lib/libzip.so
7f41c0f96000-7f41c0f97000 rw-p 00008000 07:02 5214                       /usr/lib/jvm/java-13-openjdk-amd64/lib/libzip.so
7f41c0f97000-7f41c0f9f000 rw-s 00000000 08:03 101772043                  /tmp/hsperfdata_rcabanas/43335
7f41c0f9f000-7f41c0fa2000 r--p 00000000 07:02 9108                       /usr/lib/x86_64-linux-gnu/libnss_files-2.31.so
7f41c0fa2000-7f41c0fa9000 r-xp 00003000 07:02 9108                       /usr/lib/x86_64-linux-gnu/libnss_files-2.31.so
7f41c0fa9000-7f41c0fab000 r--p 0000a000 07:02 9108                       /usr/lib/x86_64-linux-gnu/libnss_files-2.31.so
7f41c0fab000-7f41c0fac000 r--p 0000b000 07:02 9108                       /usr/lib/x86_64-linux-gnu/libnss_files-2.31.so
7f41c0fac000-7f41c0fad000 rw-p 0000c000 07:02 9108                       /usr/lib/x86_64-linux-gnu/libnss_files-2.31.so
7f41c0fad000-7f41c0fb3000 rw-p 00000000 00:00 0 
7f41c0fb9000-7f41c0fbb000 r--p 00000000 07:02 5195                       /usr/lib/jvm/java-13-openjdk-amd64/lib/libjimage.so
7f41c0fbb000-7f41c0fbe000 r-xp 00002000 07:02 5195                       /usr/lib/jvm/java-13-openjdk-amd64/lib/libjimage.so
7f41c0fbe000-7f41c0fbf000 r--p 00005000 07:02 5195                       /usr/lib/jvm/java-13-openjdk-amd64/lib/libjimage.so
7f41c0fbf000-7f41c0fc0000 ---p 00006000 07:02 5195                       /usr/lib/jvm/java-13-openjdk-amd64/lib/libjimage.so
7f41c0fc0000-7f41c0fc1000 r--p 00006000 07:02 5195                       /usr/lib/jvm/java-13-openjdk-amd64/lib/libjimage.so
7f41c0fc1000-7f41c0fc2000 rw-p 00007000 07:02 5195                       /usr/lib/jvm/java-13-openjdk-amd64/lib/libjimage.so
7f41c0fc2000-7f41c0fcf000 r--p 00000000 07:02 5191                       /usr/lib/jvm/java-13-openjdk-amd64/lib/libjava.so
7f41c0fcf000-7f41c0fe4000 r-xp 0000d000 07:02 5191                       /usr/lib/jvm/java-13-openjdk-amd64/lib/libjava.so
7f41c0fe4000-7f41c0fea000 r--p 00022000 07:02 5191                       /usr/lib/jvm/java-13-openjdk-amd64/lib/libjava.so
7f41c0fea000-7f41c0feb000 ---p 00028000 07:02 5191                       /usr/lib/jvm/java-13-openjdk-amd64/lib/libjava.so
7f41c0feb000-7f41c0fec000 r--p 00028000 07:02 5191                       /usr/lib/jvm/java-13-openjdk-amd64/lib/libjava.so
7f41c0fec000-7f41c0fee000 rw-p 00029000 07:02 5191                       /usr/lib/jvm/java-13-openjdk-amd64/lib/libjava.so
7f41c0fee000-7f41c0ff3000 r--p 00000000 07:02 5213                       /usr/lib/jvm/java-13-openjdk-amd64/lib/libverify.so
7f41c0ff3000-7f41c0ffa000 r-xp 00005000 07:02 5213                       /usr/lib/jvm/java-13-openjdk-amd64/lib/libverify.so
7f41c0ffa000-7f41c0ffc000 r--p 0000c000 07:02 5213                       /usr/lib/jvm/java-13-openjdk-amd64/lib/libverify.so
7f41c0ffc000-7f41c0ffd000 ---p 0000e000 07:02 5213                       /usr/lib/jvm/java-13-openjdk-amd64/lib/libverify.so
7f41c0ffd000-7f41c0fff000 r--p 0000e000 07:02 5213                       /usr/lib/jvm/java-13-openjdk-amd64/lib/libverify.so
7f41c0fff000-7f41c1000000 rw-p 00010000 07:02 5213                       /usr/lib/jvm/java-13-openjdk-amd64/lib/libverify.so
7f41c1000000-7f41c1004000 ---p 00000000 00:00 0 
7f41c1004000-7f41c1101000 rw-p 00000000 00:00 0 
7f41c1101000-7f41c1104000 r--p 00000000 07:02 8948                       /usr/lib/x86_64-linux-gnu/libgcc_s.so.1
7f41c1104000-7f41c1116000 r-xp 00003000 07:02 8948                       /usr/lib/x86_64-linux-gnu/libgcc_s.so.1
7f41c1116000-7f41c111a000 r--p 00015000 07:02 8948                       /usr/lib/x86_64-linux-gnu/libgcc_s.so.1
7f41c111a000-7f41c111b000 r--p 00018000 07:02 8948                       /usr/lib/x86_64-linux-gnu/libgcc_s.so.1
7f41c111b000-7f41c111c000 rw-p 00019000 07:02 8948                       /usr/lib/x86_64-linux-gnu/libgcc_s.so.1
7f41c111c000-7f41c1129000 r--p 00000000 07:02 9062                       /usr/lib/x86_64-linux-gnu/libm-2.31.so
7f41c1129000-7f41c11d0000 r-xp 0000d000 07:02 9062                       /usr/lib/x86_64-linux-gnu/libm-2.31.so
7f41c11d0000-7f41c1269000 r--p 000b4000 07:02 9062                       /usr/lib/x86_64-linux-gnu/libm-2.31.so
7f41c1269000-7f41c126a000 r--p 0014c000 07:02 9062                       /usr/lib/x86_64-linux-gnu/libm-2.31.so
7f41c126a000-7f41c126b000 rw-p 0014d000 07:02 9062                       /usr/lib/x86_64-linux-gnu/libm-2.31.so
7f41c126b000-7f41c1301000 r--p 00000000 07:02 9213                       /usr/lib/x86_64-linux-gnu/libstdc++.so.6.0.28
7f41c1301000-7f41c13f2000 r-xp 00096000 07:02 9213                       /usr/lib/x86_64-linux-gnu/libstdc++.so.6.0.28
7f41c13f2000-7f41c143b000 r--p 00187000 07:02 9213                       /usr/lib/x86_64-linux-gnu/libstdc++.so.6.0.28
7f41c143b000-7f41c143c000 ---p 001d0000 07:02 9213                       /usr/lib/x86_64-linux-gnu/libstdc++.so.6.0.28
7f41c143c000-7f41c1447000 r--p 001d0000 07:02 9213                       /usr/lib/x86_64-linux-gnu/libstdc++.so.6.0.28
7f41c1447000-7f41c144a000 rw-p 001db000 07:02 9213                       /usr/lib/x86_64-linux-gnu/libstdc++.so.6.0.28
7f41c144a000-7f41c144d000 rw-p 00000000 00:00 0 
7f41c144d000-7f41c16d3000 r--p 00000000 07:02 5226                       /usr/lib/jvm/java-13-openjdk-amd64/lib/server/libjvm.so
7f41c16d3000-7f41c2450000 r-xp 00286000 07:02 5226                       /usr/lib/jvm/java-13-openjdk-amd64/lib/server/libjvm.so
7f41c2450000-7f41c26cb000 r--p 01003000 07:02 5226                       /usr/lib/jvm/java-13-openjdk-amd64/lib/server/libjvm.so
7f41c26cb000-7f41c2790000 r--p 0127d000 07:02 5226                       /usr/lib/jvm/java-13-openjdk-amd64/lib/server/libjvm.so
7f41c2790000-7f41c27cb000 rw-p 01342000 07:02 5226                       /usr/lib/jvm/java-13-openjdk-amd64/lib/server/libjvm.so
7f41c27cb000-7f41c2851000 rw-p 00000000 00:00 0 
7f41c2851000-7f41c2857000 r--p 00000000 07:02 9166                       /usr/lib/x86_64-linux-gnu/libpthread-2.31.so
7f41c2857000-7f41c2868000 r-xp 00006000 07:02 9166                       /usr/lib/x86_64-linux-gnu/libpthread-2.31.so
7f41c2868000-7f41c286e000 r--p 00017000 07:02 9166                       /usr/lib/x86_64-linux-gnu/libpthread-2.31.so
7f41c286e000-7f41c286f000 r--p 0001c000 07:02 9166                       /usr/lib/x86_64-linux-gnu/libpthread-2.31.so
7f41c286f000-7f41c2870000 rw-p 0001d000 07:02 9166                       /usr/lib/x86_64-linux-gnu/libpthread-2.31.so
7f41c2870000-7f41c2874000 rw-p 00000000 00:00 0 
7f41c2874000-7f41c2875000 r--p 00000000 07:02 8893                       /usr/lib/x86_64-linux-gnu/libdl-2.31.so
7f41c2875000-7f41c2877000 r-xp 00001000 07:02 8893                       /usr/lib/x86_64-linux-gnu/libdl-2.31.so
7f41c2877000-7f41c2878000 r--p 00003000 07:02 8893                       /usr/lib/x86_64-linux-gnu/libdl-2.31.so
7f41c2878000-7f41c2879000 r--p 00003000 07:02 8893                       /usr/lib/x86_64-linux-gnu/libdl-2.31.so
7f41c2879000-7f41c287a000 rw-p 00004000 07:02 8893                       /usr/lib/x86_64-linux-gnu/libdl-2.31.so
7f41c287a000-7f41c287c000 r--p 00000000 07:02 9290                       /usr/lib/x86_64-linux-gnu/libz.so.1.2.11
7f41c287c000-7f41c288d000 r-xp 00002000 07:02 9290                       /usr/lib/x86_64-linux-gnu/libz.so.1.2.11
7f41c288d000-7f41c2893000 r--p 00013000 07:02 9290                       /usr/lib/x86_64-linux-gnu/libz.so.1.2.11
7f41c2893000-7f41c2894000 ---p 00019000 07:02 9290                       /usr/lib/x86_64-linux-gnu/libz.so.1.2.11
7f41c2894000-7f41c2895000 r--p 00019000 07:02 9290                       /usr/lib/x86_64-linux-gnu/libz.so.1.2.11
7f41c2895000-7f41c2896000 rw-p 0001a000 07:02 9290                       /usr/lib/x86_64-linux-gnu/libz.so.1.2.11
7f41c2896000-7f41c28b8000 r--p 00000000 07:02 8851                       /usr/lib/x86_64-linux-gnu/libc-2.31.so
7f41c28b8000-7f41c2a30000 r-xp 00022000 07:02 8851                       /usr/lib/x86_64-linux-gnu/libc-2.31.so
7f41c2a30000-7f41c2a7e000 r--p 0019a000 07:02 8851                       /usr/lib/x86_64-linux-gnu/libc-2.31.so
7f41c2a7e000-7f41c2a82000 r--p 001e7000 07:02 8851                       /usr/lib/x86_64-linux-gnu/libc-2.31.so
7f41c2a82000-7f41c2a84000 rw-p 001eb000 07:02 8851                       /usr/lib/x86_64-linux-gnu/libc-2.31.so
7f41c2a84000-7f41c2a88000 rw-p 00000000 00:00 0 
7f41c2a8a000-7f41c2a8c000 r--s 0000c000 07:02 20930                      /usr/share/java/java-atk-wrapper.jar
7f41c2a8c000-7f41c2a8d000 ---p 00000000 00:00 0 
7f41c2a8d000-7f41c2a8e000 r--p 00000000 00:00 0 
7f41c2a8e000-7f41c2a91000 r--p 00000000 07:02 5196                       /usr/lib/jvm/java-13-openjdk-amd64/lib/libjli.so
7f41c2a91000-7f41c2a9b000 r-xp 00003000 07:02 5196                       /usr/lib/jvm/java-13-openjdk-amd64/lib/libjli.so
7f41c2a9b000-7f41c2a9e000 r--p 0000d000 07:02 5196                       /usr/lib/jvm/java-13-openjdk-amd64/lib/libjli.so
7f41c2a9e000-7f41c2a9f000 r--p 0000f000 07:02 5196                       /usr/lib/jvm/java-13-openjdk-amd64/lib/libjli.so
7f41c2a9f000-7f41c2aa0000 rw-p 00010000 07:02 5196                       /usr/lib/jvm/java-13-openjdk-amd64/lib/libjli.so
7f41c2aa0000-7f41c2aa2000 rw-p 00000000 00:00 0 
7f41c2aa2000-7f41c2aa3000 r--p 00000000 07:02 8572                       /usr/lib/x86_64-linux-gnu/ld-2.31.so
7f41c2aa3000-7f41c2ac6000 r-xp 00001000 07:02 8572                       /usr/lib/x86_64-linux-gnu/ld-2.31.so
7f41c2ac6000-7f41c2ace000 r--p 00024000 07:02 8572                       /usr/lib/x86_64-linux-gnu/ld-2.31.so
7f41c2ace000-7f41c2acf000 ---p 00000000 00:00 0 
7f41c2acf000-7f41c2ad0000 r--p 0002c000 07:02 8572                       /usr/lib/x86_64-linux-gnu/ld-2.31.so
7f41c2ad0000-7f41c2ad1000 rw-p 0002d000 07:02 8572                       /usr/lib/x86_64-linux-gnu/ld-2.31.so
7f41c2ad1000-7f41c2ad2000 rw-p 00000000 00:00 0 
7fff1daa1000-7fff1dac2000 rw-p 00000000 00:00 0                          [stack]
7fff1dbe9000-7fff1dbeb000 r-xp 00000000 00:00 0                          [vdso]
ffffffffff600000-ffffffffff601000 r-xp 00000000 00:00 0                  [vsyscall]


VM Arguments:
jvm_args: -Xmx64g --add-modules=ALL-DEFAULT 
java_command: jdk.compiler/com.sun.tools.javac.launcher.Main /mnt/beegfs/rcabanas/dev/credici/papers/journalEM/code/GenerateModel.java -n 15 -d 1000 -di 0.5 -mr 0.98 -r 1.0 --seed 60 --output /mnt/beegfs/rcabanas/dev/credici/papers/journalEM/models/synthetic/s2/ --debug
java_class_path (initial): /mnt/beegfs/rcabanas/dev/credici/target/credici-0.1.3-jar-with-dependencies.jar
Launcher Type: SUN_STANDARD

[Global flags]
     intx CICompilerCount                          = 2                                         {product} {ergonomic}
   size_t InitialHeapSize                          = 2147483648                                {product} {ergonomic}
   size_t MaxHeapSize                              = 68719476736                               {product} {command line}
   size_t MaxNewSize                               = 22906470400                               {product} {ergonomic}
   size_t MinHeapDeltaBytes                        = 196608                                    {product} {ergonomic}
   size_t MinHeapSize                              = 8388608                                   {product} {ergonomic}
   size_t NewSize                                  = 715784192                                 {product} {ergonomic}
    uintx NonNMethodCodeHeapSize                   = 5826188                                {pd product} {ergonomic}
    uintx NonProfiledCodeHeapSize                  = 122916026                              {pd product} {ergonomic}
   size_t OldSize                                  = 1431699456                                {product} {ergonomic}
    uintx ProfiledCodeHeapSize                     = 122916026                              {pd product} {ergonomic}
    uintx ReservedCodeCacheSize                    = 251658240                              {pd product} {ergonomic}
     bool SegmentedCodeCache                       = true                                      {product} {ergonomic}
   size_t SoftMaxHeapSize                          = 68719476736                            {manageable} {ergonomic}
     bool UseSerialGC                              = true                                      {product} {ergonomic}

Logging:
Log output configuration:
 #0: stdout all=warning uptime,level,tags
 #1: stderr all=off uptime,level,tags

Environment Variables:
PATH=/usr/local/sbin:/usr/local/bin:/usr/sbin:/usr/bin:/sbin:/bin
LD_LIBRARY_PATH=/.singularity.d/libs

Signal Handlers:
SIGSEGV: [libjvm.so+0xf8fcf0], sa_mask[0]=11111111011111111101111111111110, sa_flags=SA_RESTART|SA_SIGINFO
SIGBUS: [libjvm.so+0xf8fcf0], sa_mask[0]=11111111011111111101111111111110, sa_flags=SA_RESTART|SA_SIGINFO
SIGFPE: [libjvm.so+0xf8fcf0], sa_mask[0]=11111111011111111101111111111110, sa_flags=SA_RESTART|SA_SIGINFO
SIGPIPE: [libjvm.so+0xc3ffa0], sa_mask[0]=11111111011111111101111111111110, sa_flags=SA_RESTART|SA_SIGINFO
SIGXFSZ: [libjvm.so+0xc3ffa0], sa_mask[0]=11111111011111111101111111111110, sa_flags=SA_RESTART|SA_SIGINFO
SIGILL: [libjvm.so+0xf8fcf0], sa_mask[0]=11111111011111111101111111111110, sa_flags=SA_RESTART|SA_SIGINFO
SIGUSR2: [libjvm.so+0xc3fe40], sa_mask[0]=00000000000000000000000000000000, sa_flags=SA_RESTART|SA_SIGINFO
SIGHUP: [libjvm.so+0xc40580], sa_mask[0]=11111111011111111101111111111110, sa_flags=SA_RESTART|SA_SIGINFO
SIGINT: [libjvm.so+0xc40580], sa_mask[0]=11111111011111111101111111111110, sa_flags=SA_RESTART|SA_SIGINFO
SIGTERM: [libjvm.so+0xc40580], sa_mask[0]=11111111011111111101111111111110, sa_flags=SA_RESTART|SA_SIGINFO
SIGQUIT: [libjvm.so+0xc40580], sa_mask[0]=11111111011111111101111111111110, sa_flags=SA_RESTART|SA_SIGINFO


---------------  S Y S T E M  ---------------

OS:DISTRIB_ID=Ubuntu
DISTRIB_RELEASE=20.04
DISTRIB_CODENAME=focal
DISTRIB_DESCRIPTION="Ubuntu 20.04.4 LTS"
uname:Linux 3.10.0-1160.15.2.el7.x86_64 #1 SMP Wed Feb 3 15:06:38 UTC 2021 x86_64
OS uptime: 474 days 3:02 hours
libc:glibc 2.31 NPTL 2.31 
rlimit (soft/hard): STACK 8192k/infinity , CORE 0k/infinity , NPROC 4096/1030217 , NOFILE 131072/131072 , AS infinity/infinity , CPU infinity/infinity , DATA infinity/infinity , FSIZE infinity/infinity , MEMLOCK infinity/infinity
load average:22.22 5.27 1.78

/proc/meminfo:
MemTotal:       263895368 kB
MemFree:         3847920 kB
MemAvailable:    3814904 kB
Buffers:          190868 kB
Cached:           596376 kB
SwapCached:       719480 kB
Active:         242908916 kB
Inactive:        7754180 kB
Active(anon):   242705696 kB
Inactive(anon):  7306156 kB
Active(file):     203220 kB
Inactive(file):   448024 kB
Unevictable:       13732 kB
Mlocked:           13732 kB
SwapTotal:       4194300 kB
SwapFree:         129744 kB
Dirty:               552 kB
Writeback:           840 kB
AnonPages:      248839620 kB
Mapped:            96156 kB
Shmem:            119976 kB
Slab:             756500 kB
SReclaimable:     190928 kB
SUnreclaim:       565572 kB
KernelStack:       38352 kB
PageTables:       537076 kB
NFS_Unstable:          0 kB
Bounce:                0 kB
WritebackTmp:          0 kB
CommitLimit:    136141984 kB
Committed_AS:   423229456 kB
VmallocTotal:   34359738367 kB
VmallocUsed:      878684 kB
VmallocChunk:   34222472672 kB
Percpu:            30464 kB
HardwareCorrupted:     0 kB
AnonHugePages:  213088256 kB
CmaTotal:              0 kB
CmaFree:               0 kB
HugePages_Total:       0
HugePages_Free:        0
HugePages_Rsvd:        0
HugePages_Surp:        0
Hugepagesize:       2048 kB
DirectMap4k:      595560 kB
DirectMap2M:    24432640 kB
DirectMap1G:    243269632 kB

/sys/kernel/mm/transparent_hugepage/enabled:
[always] madvise never

/sys/kernel/mm/transparent_hugepage/defrag (defrag/compaction efforts parameter):
[always] madvise never


/proc/sys/kernel/threads-max (system-wide limit on the number of threads):
2060435


/proc/sys/vm/max_map_count (maximum number of memory map areas a process may have):
65530


/proc/sys/kernel/pid_max (system-wide limit on number of process identifiers):
65536



Steal ticks since vm start: 0
Steal ticks percentage since vm start:  0.000

CPU:total 64 (initial active 1) (32 cores per cpu, 1 threads per core) family 23 model 49 stepping 0, cmov, cx8, fxsr, mmx, sse, sse2, sse3, ssse3, sse4.1, sse4.2, popcnt, avx, avx2, aes, clmul, mmxext, 3dnowpref, lzcnt, sse4a, tsc, tscinvbit, tscinv, bmi1, bmi2, adx, sha, fma
CPU Model and flags from /proc/cpuinfo:
model name	: AMD EPYC 7542 32-Core Processor
flags		: fpu vme de pse tsc msr pae mce cx8 apic sep mtrr pge mca cmov pat pse36 clflush mmx fxsr sse sse2 ht syscall nx mmxext fxsr_opt pdpe1gb rdtscp lm constant_tsc art rep_good nopl nonstop_tsc extd_apicid aperfmperf eagerfpu pni pclmulqdq monitor ssse3 fma cx16 sse4_1 sse4_2 movbe popcnt aes xsave avx f16c rdrand lahf_lm cmp_legacy svm extapic cr8_legacy abm sse4a misalignsse 3dnowprefetch osvw ibs skinit wdt tce topoext perfctr_core perfctr_nb bpext perfctr_l2 cpb cat_l3 cdp_l3 hw_pstate sme retpoline_amd ssbd ibrs ibpb stibp vmmcall fsgsbase bmi1 avx2 smep bmi2 cqm rdt_a rdseed adx smap clflushopt clwb sha_ni xsaveopt xsavec xgetbv1 cqm_llc cqm_occup_llc cqm_mbm_total cqm_mbm_local clzero irperf xsaveerptr arat npt lbrv svm_lock nrip_save tsc_scale vmcb_clean flushbyasid decodeassists pausefilter pfthreshold avic v_vmsave_vmload vgif umip overflow_recov succor smca
Online cpus:0-63
Offline cpus:
BIOS frequency limitation:2900000
Frequency switch latency (ns):0
Available cpu frequencies:2900000 2400000 1500000 
Current governor:conservative
Core performance/turbo boost:1

Memory: 4k page, physical 263895368k(3811932k free), swap 4194300k(129788k free)

vm_info: OpenJDK 64-Bit Server VM (13.0.7+5-Ubuntu-0ubuntu120.04) for linux-amd64 JRE (13.0.7+5-Ubuntu-0ubuntu120.04), built on Apr 21 2021 05:36:19 by "unknown" with gcc 9.3.0

END.
