#
# There is insufficient memory for the Java Runtime Environment to continue.
# Native memory allocation (mmap) failed to map 3323199488 bytes for committing reserved memory.
# Possible reasons:
#   The system is out of physical RAM or swap space
# Possible solutions:
#   Reduce memory load on the system
#   Increase physical memory or swap space
#   Check if swap backing store is full
#   Decrease Java heap size (-Xmx/-Xms)
#   Decrease number of Java threads
#   Decrease Java thread stack sizes (-Xss)
#   Set larger code cache with -XX:ReservedCodeCacheSize=
# This output file may be truncated or incomplete.
#
#  Out of Memory Error (os_linux.cpp:2899), pid=8743, tid=8745
#
# JRE version: OpenJDK Runtime Environment (13.0.7+5) (build 13.0.7+5-Ubuntu-0ubuntu120.04)
# Java VM: OpenJDK 64-Bit Server VM (13.0.7+5-Ubuntu-0ubuntu120.04, mixed mode, tiered, serial gc, linux-amd64)
# No core dump will be written. Core dumps have been disabled. To enable core dumping, try "ulimit -c unlimited" before starting Java again
#

---------------  S U M M A R Y ------------

Command Line: -Xmx64g --add-modules=ALL-DEFAULT jdk.compiler/com.sun.tools.javac.launcher.Main /mnt/beegfs/rcabanas/dev/credici/papers/journalEM/code/GenerateModel.java -n 14 -d 1000 -di 0.5 -mr 0.98 -r 1.0 --seed 19 --output /mnt/beegfs/rcabanas/dev/credici/papers/journalEM/models/synthetic/s2/ --debug

Host: AMD EPYC 7542 32-Core Processor, 64 cores, 251G, Ubuntu 20.04.4 LTS
Time: Wed Oct 12 21:29:27 2022 CEST elapsed time: 13.688070 seconds (0d 0h 0m 13s)

---------------  T H R E A D  ---------------

Current thread (0x00007f9104097800):  VMThread "VM Thread" [stack: 0x00007f9108449000,0x00007f9108549000] [id=8745]

Stack: [0x00007f9108449000,0x00007f9108549000],  sp=0x00007f9108547240,  free space=1016k
Native frames: (J=compiled Java code, A=aot compiled Java code, j=interpreted, Vv=VM code, C=native code)
V  [libjvm.so+0xf8f092]
V  [libjvm.so+0xf8fc91]
V  [libjvm.so+0x66ee5a]
V  [libjvm.so+0xc44a41]
V  [libjvm.so+0xc3b263]
V  [libjvm.so+0xf87f4b]
V  [libjvm.so+0x674ecf]
V  [libjvm.so+0x7e2ee8]
V  [libjvm.so+0x7e39bd]
V  [libjvm.so+0x7d8b48]
V  [libjvm.so+0xf90940]
V  [libjvm.so+0xf96657]
V  [libjvm.so+0xf96d2b]
V  [libjvm.so+0xf9706a]
V  [libjvm.so+0xf2208f]
V  [libjvm.so+0xc493ff]

VM_Operation (0x00007f91089b9040): GenCollectForAllocation, mode: safepoint, requested by thread 0x00007f9104018000


---------------  P R O C E S S  ---------------

Threads class SMR info:
_java_thread_list=0x00007f910413e660, length=9, elements={
0x00007f9104018000, 0x00007f91040a3800, 0x00007f91040a7000, 0x00007f91040cb800,
0x00007f91040cd000, 0x00007f91040cf000, 0x00007f91040d1000, 0x00007f91040d3000,
0x00007f910413d000
}

Java Threads: ( => current thread )
  0x00007f9104018000 JavaThread "main" [_thread_blocked, id=8744, stack(0x00007f91088bb000,0x00007f91089bc000)]
  0x00007f91040a3800 JavaThread "Reference Handler" daemon [_thread_blocked, id=8746, stack(0x00007f9108346000,0x00007f9108447000)]
  0x00007f91040a7000 JavaThread "Finalizer" daemon [_thread_blocked, id=8747, stack(0x00007f9108245000,0x00007f9108346000)]
  0x00007f91040cb800 JavaThread "Signal Dispatcher" daemon [_thread_blocked, id=8748, stack(0x00007f910810b000,0x00007f910820c000)]
  0x00007f91040cd000 JavaThread "Service Thread" daemon [_thread_blocked, id=8749, stack(0x00007f910800a000,0x00007f910810b000)]
  0x00007f91040cf000 JavaThread "C2 CompilerThread0" daemon [_thread_blocked, id=8750, stack(0x00007f90ec689000,0x00007f90ec78a000)]
  0x00007f91040d1000 JavaThread "C1 CompilerThread0" daemon [_thread_blocked, id=8751, stack(0x00007f80de7a8000,0x00007f80de8a9000)]
  0x00007f91040d3000 JavaThread "Sweeper thread" daemon [_thread_blocked, id=8752, stack(0x00007f80de6a7000,0x00007f80de7a8000)]
  0x00007f910413d000 JavaThread "Common-Cleaner" daemon [_thread_blocked, id=8753, stack(0x00007f80de5a6000,0x00007f80de6a7000)]

Other Threads:
=>0x00007f9104097800 VMThread "VM Thread" [stack: 0x00007f9108449000,0x00007f9108549000] [id=8745]
  0x00007f910418a000 WatcherThread [stack: 0x00007f80de4a6000,0x00007f80de5a6000] [id=8754]

Threads with active compile tasks:

VM state:at safepoint (normal execution)

VM Mutex/Monitor currently owned by a thread:  ([mutex/lock_event])
[0x00007f91040138c0] ExpandHeap_lock - owner thread: 0x00007f9104097800
[0x00007f9104014100] Threads_lock - owner thread: 0x00007f9104097800
[0x00007f9104014d00] Heap_lock - owner thread: 0x00007f9104018000

Heap:
 def new generation   total 629248K, used 0K [0x00007f80ec600000, 0x00007f81170c0000, 0x00007f8641b50000)
  eden space 559360K,   0% used [0x00007f80ec600000, 0x00007f80ec600000, 0x00007f810e840000)
  from space 69888K,   0% used [0x00007f810e840000, 0x00007f810e840000, 0x00007f8112c80000)
  to   space 69888K,   0% used [0x00007f8112c80000, 0x00007f8112c80000, 0x00007f81170c0000)
 tenured generation   total 7888776K, used 4733263K [0x00007f8641b50000, 0x00007f8823332000, 0x00007f90ec600000)
   the space 7888776K,  59% used [0x00007f8641b50000, 0x00007f87629a3f28, 0x00007f87629a4000, 0x00007f8823332000)
 Metaspace       used 23175K, capacity 23541K, committed 23552K, reserved 24576K

Card table byte_map: [0x00007f80e45ff000,0x00007f80ec600000] _byte_map_base: 0x00007f4123e9c000

Polling page: 0x00007f910a347000

Metaspace:

Usage:
   22.99 MB capacity,    22.63 MB ( 98%) used,   271.68 KB (  1%) free+waste,    93.75 KB ( <1%) overhead. 

Virtual space:
     24.00 MB reserved,      23.00 MB ( 96%) committed 

Chunk freelists:
0 bytes

MaxMetaspaceSize: unlimited


CodeHeap 'non-profiled nmethods': size=120036Kb used=1166Kb max_used=1166Kb free=118870Kb
 bounds [0x00007f90f4251000, 0x00007f90f44c1000, 0x00007f90fb78a000]
CodeHeap 'profiled nmethods': size=120032Kb used=5636Kb max_used=5636Kb free=114396Kb
 bounds [0x00007f90ecd19000, 0x00007f90ed2a9000, 0x00007f90f4251000]
CodeHeap 'non-nmethods': size=5692Kb used=1195Kb max_used=1228Kb free=4496Kb
 bounds [0x00007f90ec78a000, 0x00007f90ec9fa000, 0x00007f90ecd19000]
 total_blobs=3632 nmethods=3166 adapters=380
 compilation: enabled
              stopped_count=0, restarted_count=0
 full_count=0

Compilation events (20 events):
Event: 7.698 Thread 0x00007f91040d1000 nmethod 3190 0x00007f90ed299910 code [0x00007f90ed299aa0, 0x00007f90ed299bf0]
Event: 7.698 Thread 0x00007f91040d1000 3191       3       java.lang.invoke.MethodHandleNatives$CallSiteContext::run (5 bytes)
Event: 7.698 Thread 0x00007f91040d1000 nmethod 3191 0x00007f90ed299c90 code [0x00007f90ed299e20, 0x00007f90ed299f40]
Event: 7.698 Thread 0x00007f91040cf000 nmethod 3187 0x00007f90f4370d10 code [0x00007f90f4370e80, 0x00007f90f4370f58]
Event: 7.698 Thread 0x00007f91040cf000 3178       4       java.util.stream.Sink$ChainedInt::end (10 bytes)
Event: 7.712 Thread 0x00007f91040cf000 nmethod 3178 0x00007f90f4371090 code [0x00007f90f4371200, 0x00007f90f4371278]
Event: 7.712 Thread 0x00007f91040cf000 2929       4       java.util.stream.DoublePipeline$3$1::accept (23 bytes)
Event: 7.716 Thread 0x00007f91040cf000 nmethod 2929 0x00007f90f4371390 code [0x00007f90f4371580, 0x00007f90f4371888]
Event: 7.716 Thread 0x00007f91040cf000 2991       4       java.util.Spliterators$DoubleArraySpliterator::estimateSize (11 bytes)
Event: 7.716 Thread 0x00007f91040cf000 nmethod 2991 0x00007f90f4371c90 code [0x00007f90f4371e00, 0x00007f90f4371e58]
Event: 7.716 Thread 0x00007f91040cf000 3169       4       ch.idsia.crema.utility.ArraysUtil::indexOf (25 bytes)
Event: 7.717 Thread 0x00007f91040cf000 nmethod 3169 0x00007f90f4371f90 code [0x00007f90f4372100, 0x00007f90f4372198]
Event: 7.717 Thread 0x00007f91040cf000 3166       4       ch.idsia.crema.model.Strides::indexOf (9 bytes)
Event: 7.718 Thread 0x00007f91040cf000 nmethod 3166 0x00007f90f4372290 code [0x00007f90f4372400, 0x00007f90f43724b8]
Event: 7.779 Thread 0x00007f91040cf000 3193       4       ch.idsia.crema.factor.bayesian.BayesianFactor::combine (394 bytes)
Event: 7.818 Thread 0x00007f91040cf000 nmethod 3193 0x00007f90f4372590 code [0x00007f90f4372780, 0x00007f90f43738a8]
Event: 7.936 Thread 0x00007f91040cf000 3194       4       java.util.stream.Sink$ChainedInt::begin (11 bytes)
Event: 7.937 Thread 0x00007f91040cf000 nmethod 3194 0x00007f90f4374090 code [0x00007f90f4374200, 0x00007f90f4374278]
Event: 7.937 Thread 0x00007f91040cf000 3195       4       java.util.stream.IntPipeline$4$1::accept (23 bytes)
Event: 7.938 Thread 0x00007f91040cf000 nmethod 3195 0x00007f90f4374390 code [0x00007f90f4374520, 0x00007f90f4374638]

GC Heap History (13 events):
Event: 4.034 GC heap before
{Heap before GC invocations=0 (full 0):
 def new generation   total 629120K, used 145400K [0x00007f80ec600000, 0x00007f81170a0000, 0x00007f8641b50000)
  eden space 559232K,  26% used [0x00007f80ec600000, 0x00007f80f53fe3a0, 0x00007f810e820000)
  from space 69888K,   0% used [0x00007f810e820000, 0x00007f810e820000, 0x00007f8112c60000)
  to   space 69888K,   0% used [0x00007f8112c60000, 0x00007f8112c60000, 0x00007f81170a0000)
 tenured generation   total 1398144K, used 0K [0x00007f8641b50000, 0x00007f86970b0000, 0x00007f90ec600000)
   the space 1398144K,   0% used [0x00007f8641b50000, 0x00007f8641b50000, 0x00007f8641b50200, 0x00007f86970b0000)
 Metaspace       used 20940K, capacity 21223K, committed 21248K, reserved 22528K
}
Event: 4.164 GC heap after
{Heap after GC invocations=1 (full 1):
 def new generation   total 629248K, used 0K [0x00007f80ec600000, 0x00007f81170c0000, 0x00007f8641b50000)
  eden space 559360K,   0% used [0x00007f80ec600000, 0x00007f80ec600000, 0x00007f810e840000)
  from space 69888K,   0% used [0x00007f810e840000, 0x00007f810e840000, 0x00007f8112c80000)
  to   space 69888K,   0% used [0x00007f8112c80000, 0x00007f8112c80000, 0x00007f81170c0000)
 tenured generation   total 1398144K, used 13636K [0x00007f8641b50000, 0x00007f86970b0000, 0x00007f90ec600000)
   the space 1398144K,   0% used [0x00007f8641b50000, 0x00007f86428a11f8, 0x00007f86428a1200, 0x00007f86970b0000)
 Metaspace       used 20940K, capacity 21223K, committed 21248K, reserved 22528K
}
Event: 6.540 GC heap before
{Heap before GC invocations=1 (full 1):
 def new generation   total 629248K, used 559360K [0x00007f80ec600000, 0x00007f81170c0000, 0x00007f8641b50000)
  eden space 559360K, 100% used [0x00007f80ec600000, 0x00007f810e840000, 0x00007f810e840000)
  from space 69888K,   0% used [0x00007f810e840000, 0x00007f810e840000, 0x00007f8112c80000)
  to   space 69888K,   0% used [0x00007f8112c80000, 0x00007f8112c80000, 0x00007f81170c0000)
 tenured generation   total 1398144K, used 13636K [0x00007f8641b50000, 0x00007f86970b0000, 0x00007f90ec600000)
   the space 1398144K,   0% used [0x00007f8641b50000, 0x00007f86428a11f8, 0x00007f86428a1200, 0x00007f86970b0000)
 Metaspace       used 22989K, capacity 23390K, committed 23552K, reserved 24576K
}
Event: 6.548 GC heap after
{Heap after GC invocations=2 (full 1):
 def new generation   total 629248K, used 742K [0x00007f80ec600000, 0x00007f81170c0000, 0x00007f8641b50000)
  eden space 559360K,   0% used [0x00007f80ec600000, 0x00007f80ec600000, 0x00007f810e840000)
  from space 69888K,   1% used [0x00007f8112c80000, 0x00007f8112d39838, 0x00007f81170c0000)
  to   space 69888K,   0% used [0x00007f810e840000, 0x00007f810e840000, 0x00007f8112c80000)
 tenured generation   total 1398144K, used 13636K [0x00007f8641b50000, 0x00007f86970b0000, 0x00007f90ec600000)
   the space 1398144K,   0% used [0x00007f8641b50000, 0x00007f86428a11f8, 0x00007f86428a1200, 0x00007f86970b0000)
 Metaspace       used 22989K, capacity 23390K, committed 23552K, reserved 24576K
}
Event: 7.678 GC heap before
{Heap before GC invocations=2 (full 1):
 def new generation   total 629248K, used 331722K [0x00007f80ec600000, 0x00007f81170c0000, 0x00007f8641b50000)
  eden space 559360K,  59% used [0x00007f80ec600000, 0x00007f8100939010, 0x00007f810e840000)
  from space 69888K,   1% used [0x00007f8112c80000, 0x00007f8112d39838, 0x00007f81170c0000)
  to   space 69888K,   0% used [0x00007f810e840000, 0x00007f810e840000, 0x00007f8112c80000)
 tenured generation   total 1398144K, used 13636K [0x00007f8641b50000, 0x00007f86970b0000, 0x00007f90ec600000)
   the space 1398144K,   0% used [0x00007f8641b50000, 0x00007f86428a11f8, 0x00007f86428a1200, 0x00007f86970b0000)
 Metaspace       used 23173K, capacity 23541K, committed 23552K, reserved 24576K
}
Event: 7.691 GC heap after
{Heap after GC invocations=3 (full 1):
 def new generation   total 629248K, used 9226K [0x00007f80ec600000, 0x00007f81170c0000, 0x00007f8641b50000)
  eden space 559360K,   0% used [0x00007f80ec600000, 0x00007f80ec600000, 0x00007f810e840000)
  from space 69888K,  13% used [0x00007f810e840000, 0x00007f810f142950, 0x00007f8112c80000)
  to   space 69888K,   0% used [0x00007f8112c80000, 0x00007f8112c80000, 0x00007f81170c0000)
 tenured generation   total 1398144K, used 13636K [0x00007f8641b50000, 0x00007f86970b0000, 0x00007f90ec600000)
   the space 1398144K,   0% used [0x00007f8641b50000, 0x00007f86428a11f8, 0x00007f86428a1200, 0x00007f86970b0000)
 Metaspace       used 23173K, capacity 23541K, committed 23552K, reserved 24576K
}
Event: 8.040 GC heap before
{Heap before GC invocations=3 (full 1):
 def new generation   total 629248K, used 548014K [0x00007f80ec600000, 0x00007f81170c0000, 0x00007f8641b50000)
  eden space 559360K,  96% used [0x00007f80ec600000, 0x00007f810d4291d0, 0x00007f810e840000)
  from space 69888K,  13% used [0x00007f810e840000, 0x00007f810f142950, 0x00007f8112c80000)
  to   space 69888K,   0% used [0x00007f8112c80000, 0x00007f8112c80000, 0x00007f81170c0000)
 tenured generation   total 1398144K, used 13636K [0x00007f8641b50000, 0x00007f86970b0000, 0x00007f90ec600000)
   the space 1398144K,   0% used [0x00007f8641b50000, 0x00007f86428a11f8, 0x00007f86428a1200, 0x00007f86970b0000)
 Metaspace       used 23175K, capacity 23541K, committed 23552K, reserved 24576K
}
Event: 8.565 GC heap after
{Heap after GC invocations=4 (full 1):
 def new generation   total 629248K, used 1034K [0x00007f80ec600000, 0x00007f81170c0000, 0x00007f8641b50000)
  eden space 559360K,   0% used [0x00007f80ec600000, 0x00007f80ec600000, 0x00007f810e840000)
  from space 69888K,   1% used [0x00007f8112c80000, 0x00007f8112d82bc0, 0x00007f81170c0000)
  to   space 69888K,   0% used [0x00007f810e840000, 0x00007f810e840000, 0x00007f8112c80000)
 tenured generation   total 1398144K, used 537924K [0x00007f8641b50000, 0x00007f86970b0000, 0x00007f90ec600000)
   the space 1398144K,  38% used [0x00007f8641b50000, 0x00007f86628a1228, 0x00007f86628a1400, 0x00007f86970b0000)
 Metaspace       used 23175K, capacity 23541K, committed 23552K, reserved 24576K
}
Event: 8.565 GC heap before
{Heap before GC invocations=4 (full 1):
 def new generation   total 629248K, used 1034K [0x00007f80ec600000, 0x00007f81170c0000, 0x00007f8641b50000)
  eden space 559360K,   0% used [0x00007f80ec600000, 0x00007f80ec600000, 0x00007f810e840000)
  from space 69888K,   1% used [0x00007f8112c80000, 0x00007f8112d82bc0, 0x00007f81170c0000)
  to   space 69888K,   0% used [0x00007f810e840000, 0x00007f810e840000, 0x00007f8112c80000)
 tenured generation   total 1398144K, used 537924K [0x00007f8641b50000, 0x00007f86970b0000, 0x00007f90ec600000)
   the space 1398144K,  38% used [0x00007f8641b50000, 0x00007f86628a1228, 0x00007f86628a1400, 0x00007f86970b0000)
 Metaspace       used 23175K, capacity 23541K, committed 23552K, reserved 24576K
}
Event: 8.600 GC heap after
{Heap after GC invocations=4 (full 2):
 def new generation   total 629248K, used 0K [0x00007f80ec600000, 0x00007f81170c0000, 0x00007f8641b50000)
  eden space 559360K,   0% used [0x00007f80ec600000, 0x00007f80ec600000, 0x00007f810e840000)
  from space 69888K,   0% used [0x00007f8112c80000, 0x00007f8112c80000, 0x00007f81170c0000)
  to   space 69888K,   0% used [0x00007f810e840000, 0x00007f810e840000, 0x00007f8112c80000)
 tenured generation   total 1398144K, used 538959K [0x00007f8641b50000, 0x00007f86970b0000, 0x00007f90ec600000)
   the space 1398144K,  38% used [0x00007f8641b50000, 0x00007f86629a3d98, 0x00007f86629a3e00, 0x00007f86970b0000)
 Metaspace       used 23175K, capacity 23541K, committed 23552K, reserved 24576K
}
Event: 13.643 GC heap before
{Heap before GC invocations=4 (full 2):
 def new generation   total 629248K, used 10950K [0x00007f80ec600000, 0x00007f81170c0000, 0x00007f8641b50000)
  eden space 559360K,   1% used [0x00007f80ec600000, 0x00007f80ed0b1930, 0x00007f810e840000)
  from space 69888K,   0% used [0x00007f8112c80000, 0x00007f8112c80000, 0x00007f81170c0000)
  to   space 69888K,   0% used [0x00007f810e840000, 0x00007f810e840000, 0x00007f8112c80000)
 tenured generation   total 5592452K, used 4733263K [0x00007f8641b50000, 0x00007f87970b1000, 0x00007f90ec600000)
   the space 5592452K,  84% used [0x00007f8641b50000, 0x00007f87629a3db0, 0x00007f87629a3e00, 0x00007f87970b1000)
 Metaspace       used 23175K, capacity 23541K, committed 23552K, reserved 24576K
}
Event: 13.646 GC heap after
{Heap after GC invocations=5 (full 2):
 def new generation   total 629248K, used 0K [0x00007f80ec600000, 0x00007f81170c0000, 0x00007f8641b50000)
  eden space 559360K,   0% used [0x00007f80ec600000, 0x00007f80ec600000, 0x00007f810e840000)
  from space 69888K,   0% used [0x00007f810e840000, 0x00007f810e840178, 0x00007f8112c80000)
  to   space 69888K,   0% used [0x00007f8112c80000, 0x00007f8112c80000, 0x00007f81170c0000)
 tenured generation   total 5592452K, used 4733263K [0x00007f8641b50000, 0x00007f87970b1000, 0x00007f90ec600000)
   the space 5592452K,  84% used [0x00007f8641b50000, 0x00007f87629a3db0, 0x00007f87629a3e00, 0x00007f87970b1000)
 Metaspace       used 23175K, capacity 23541K, committed 23552K, reserved 24576K
}
Event: 13.646 GC heap before
{Heap before GC invocations=5 (full 2):
 def new generation   total 629248K, used 0K [0x00007f80ec600000, 0x00007f81170c0000, 0x00007f8641b50000)
  eden space 559360K,   0% used [0x00007f80ec600000, 0x00007f80ec600000, 0x00007f810e840000)
  from space 69888K,   0% used [0x00007f810e840000, 0x00007f810e840178, 0x00007f8112c80000)
  to   space 69888K,   0% used [0x00007f8112c80000, 0x00007f8112c80000, 0x00007f81170c0000)
 tenured generation   total 5592452K, used 4733263K [0x00007f8641b50000, 0x00007f87970b1000, 0x00007f90ec600000)
   the space 5592452K,  84% used [0x00007f8641b50000, 0x00007f87629a3db0, 0x00007f87629a3e00, 0x00007f87970b1000)
 Metaspace       used 23175K, capacity 23541K, committed 23552K, reserved 24576K
}

Deoptimization events (20 events):
Event: 7.669 Thread 0x00007f9104018000 DEOPT PACKING pc=0x00007f90ed2983d4 sp=0x00007f91089b9630
Event: 7.669 Thread 0x00007f9104018000 DEOPT UNPACKING pc=0x00007f90ec7d333a sp=0x00007f91089b8ad8 mode 0
Event: 7.669 Thread 0x00007f9104018000 DEOPT PACKING pc=0x00007f90ed2983d4 sp=0x00007f91089b9630
Event: 7.669 Thread 0x00007f9104018000 DEOPT UNPACKING pc=0x00007f90ec7d333a sp=0x00007f91089b8ad8 mode 0
Event: 7.669 Thread 0x00007f9104018000 DEOPT PACKING pc=0x00007f90ed2983d4 sp=0x00007f91089b9630
Event: 7.669 Thread 0x00007f9104018000 DEOPT UNPACKING pc=0x00007f90ec7d333a sp=0x00007f91089b8ad8 mode 0
Event: 7.669 Thread 0x00007f9104018000 DEOPT PACKING pc=0x00007f90ed2983d4 sp=0x00007f91089b9630
Event: 7.669 Thread 0x00007f9104018000 DEOPT UNPACKING pc=0x00007f90ec7d333a sp=0x00007f91089b8ad8 mode 0
Event: 7.669 Thread 0x00007f9104018000 DEOPT PACKING pc=0x00007f90ed2983d4 sp=0x00007f91089b9630
Event: 7.669 Thread 0x00007f9104018000 DEOPT UNPACKING pc=0x00007f90ec7d333a sp=0x00007f91089b8ad8 mode 0
Event: 7.669 Thread 0x00007f9104018000 DEOPT PACKING pc=0x00007f90ed2983d4 sp=0x00007f91089b9630
Event: 7.669 Thread 0x00007f9104018000 DEOPT UNPACKING pc=0x00007f90ec7d333a sp=0x00007f91089b8ad8 mode 0
Event: 7.669 Thread 0x00007f9104018000 DEOPT PACKING pc=0x00007f90ed2983d4 sp=0x00007f91089b9630
Event: 7.669 Thread 0x00007f9104018000 DEOPT UNPACKING pc=0x00007f90ec7d333a sp=0x00007f91089b8ad8 mode 0
Event: 7.792 Thread 0x00007f9104018000 DEOPT PACKING pc=0x00007f90ed294703 sp=0x00007f91089b9640
Event: 7.792 Thread 0x00007f9104018000 DEOPT UNPACKING pc=0x00007f90ec7d333a sp=0x00007f91089b8b80 mode 0
Event: 7.792 Thread 0x00007f9104018000 DEOPT PACKING pc=0x00007f90ed296c58 sp=0x00007f91089b95d0
Event: 7.792 Thread 0x00007f9104018000 DEOPT UNPACKING pc=0x00007f90ec7d333a sp=0x00007f91089b8b80 mode 0
Event: 7.792 Thread 0x00007f9104018000 DEOPT PACKING pc=0x00007f90ed296c58 sp=0x00007f91089b95d0
Event: 7.792 Thread 0x00007f9104018000 DEOPT UNPACKING pc=0x00007f90ec7d333a sp=0x00007f91089b8b80 mode 0

Classes unloaded (0 events):
No events

Classes redefined (0 events):
No events

Internal exceptions (20 events):
Event: 1.830 Thread 0x00007f9104018000 Exception <a 'java/lang/NoSuchMethodError'{0x00007f80ef1dd2c0}: 'int java.lang.invoke.DirectMethodHandle$Holder.invokeSpecial(java.lang.Object, java.lang.Object, java.lang.Object, java.lang.Object, java.lang.Object)'> (0x00007f80ef1dd2c0) 
thrown [src/hotspot/share/interpreter/linkResolver.cpp, line 766]
Event: 1.978 Thread 0x00007f9104018000 Exception <a 'java/lang/NoSuchMethodError'{0x00007f80ef5f3eb8}: 'java.lang.Object java.lang.invoke.DirectMethodHandle$Holder.invokeStatic(java.lang.Object, java.lang.Object, int, int)'> (0x00007f80ef5f3eb8) 
thrown [src/hotspot/share/interpreter/linkResolver.cpp, line 766]
Event: 2.603 Thread 0x00007f9104018000 Exception <a 'java/lang/NoSuchMethodError'{0x00007f80f0922158}: 'int java.lang.invoke.DirectMethodHandle$Holder.invokeVirtual(java.lang.Object, java.lang.Object, java.lang.Object, java.lang.Object)'> (0x00007f80f0922158) 
thrown [src/hotspot/share/interpreter/linkResolver.cpp, line 766]
Event: 2.619 Thread 0x00007f9104018000 Exception <a 'java/lang/NoSuchMethodError'{0x00007f80f09302a0}: 'java.lang.Object java.lang.invoke.DirectMethodHandle$Holder.invokeStatic(java.lang.Object, java.lang.Object, int, java.lang.Object)'> (0x00007f80f09302a0) 
thrown [src/hotspot/share/interpreter/linkResolver.cpp, line 766]
Event: 2.619 Thread 0x00007f9104018000 Exception <a 'java/lang/NoSuchMethodError'{0x00007f80f0938bb8}: 'java.lang.Object java.lang.invoke.Invokers$Holder.linkToTargetMethod(java.lang.Object, int, java.lang.Object, java.lang.Object)'> (0x00007f80f0938bb8) 
thrown [src/hotspot/share/interpreter/linkResolver.cpp, line 766]
Event: 3.307 Thread 0x00007f9104018000 Exception <a 'java/lang/NoSuchMethodError'{0x00007f80f11ecd60}: 'java.lang.Object java.lang.invoke.Invokers$Holder.linkToTargetMethod(java.lang.Object, int, java.lang.Object)'> (0x00007f80f11ecd60) 
thrown [src/hotspot/share/interpreter/linkResolver.cpp, line 766]
Event: 3.344 Thread 0x00007f9104018000 Exception <a 'java/lang/NoSuchMethodError'{0x00007f80f1d6ea38}: 'java.lang.Object java.lang.invoke.Invokers$Holder.linkToTargetMethod(java.lang.Object, long, java.lang.Object)'> (0x00007f80f1d6ea38) 
thrown [src/hotspot/share/interpreter/linkResolver.cpp, line 766]
Event: 3.379 Thread 0x00007f9104018000 Exception <a 'java/lang/NoSuchMethodError'{0x00007f80f1dd8458}: 'java.lang.Object java.lang.invoke.Invokers$Holder.linkToTargetMethod(double, java.lang.Object)'> (0x00007f80f1dd8458) 
thrown [src/hotspot/share/interpreter/linkResolver.cpp, line 766]
Event: 3.634 Thread 0x00007f9104018000 Exception <a 'java/lang/NoSuchMethodError'{0x00007f80f29a8b48}: 'java.lang.Object java.lang.invoke.Invokers$Holder.invokeExact_MT(java.lang.Object, java.lang.Object, java.lang.Object, java.lang.Object, java.lang.Object, java.lang.Object)'> (0x00007f80f29a8b48) 
thrown [src/hotspot/share/interpreter/linkResolver.cpp, line 766]
Event: 3.702 Thread 0x00007f9104018000 Exception <a 'java/lang/NoSuchMethodError'{0x00007f80f2a5f2a8}: 'int java.lang.invoke.DirectMethodHandle$Holder.invokeStatic(java.lang.Object, java.lang.Object, int)'> (0x00007f80f2a5f2a8) 
thrown [src/hotspot/share/interpreter/linkResolver.cpp, line 766]
Event: 3.707 Thread 0x00007f9104018000 Exception <a 'java/lang/NoSuchMethodError'{0x00007f80f2a72d78}: 'int java.lang.invoke.DirectMethodHandle$Holder.invokeStatic(java.lang.Object, java.lang.Object, java.lang.Object, int)'> (0x00007f80f2a72d78) 
thrown [src/hotspot/share/interpreter/linkResolver.cpp, line 766]
Event: 4.186 Thread 0x00007f91040a7000 Implicit null exception at 0x00007f90f42a4fcc to 0x00007f90f42a5080
Event: 4.360 Thread 0x00007f9104018000 Exception <a 'java/lang/NoSuchMethodError'{0x00007f80ec782258}: 'java.lang.Object java.lang.invoke.DirectMethodHandle$Holder.invokeInterface(java.lang.Object, java.lang.Object, java.lang.Object)'> (0x00007f80ec782258) 
thrown [src/hotspot/share/interpreter/linkResolver.cpp, line 766]
Event: 4.364 Thread 0x00007f9104018000 Exception <a 'java/lang/NoSuchMethodError'{0x00007f80ec791688}: 'void java.lang.invoke.DirectMethodHandle$Holder.invokeStatic(java.lang.Object, java.lang.Object, java.lang.Object, java.lang.Object)'> (0x00007f80ec791688) 
thrown [src/hotspot/share/interpreter/linkResolver.cpp, line 766]
Event: 4.616 Thread 0x00007f9104018000 Exception <a 'java/lang/NoSuchMethodError'{0x00007f80ecd036b8}: 'int java.lang.invoke.DirectMethodHandle$Holder.invokeStatic(java.lang.Object, int, java.lang.Object, int)'> (0x00007f80ecd036b8) 
thrown [src/hotspot/share/interpreter/linkResolver.cpp, line 766]
Event: 4.617 Thread 0x00007f9104018000 Exception <a 'java/lang/NoSuchMethodError'{0x00007f80ecd0a6f8}: 'java.lang.Object java.lang.invoke.DirectMethodHandle$Holder.invokeStatic(java.lang.Object, int, java.lang.Object)'> (0x00007f80ecd0a6f8) 
thrown [src/hotspot/share/interpreter/linkResolver.cpp, line 766]
Event: 4.750 Thread 0x00007f9104018000 Exception <a 'java/lang/NoSuchMethodError'{0x00007f80ed0260b8}: 'void java.lang.invoke.DirectMethodHandle$Holder.invokeStatic(java.lang.Object, java.lang.Object, int)'> (0x00007f80ed0260b8) 
thrown [src/hotspot/share/interpreter/linkResolver.cpp, line 766]
Event: 4.762 Thread 0x00007f9104018000 Exception <a 'java/lang/NoSuchMethodError'{0x00007f80ed097c78}: 'void java.lang.invoke.DirectMethodHandle$Holder.invokeInterface(java.lang.Object, java.lang.Object, int)'> (0x00007f80ed097c78) 
thrown [src/hotspot/share/interpreter/linkResolver.cpp, line 766]
Event: 4.762 Thread 0x00007f9104018000 Exception <a 'java/lang/IncompatibleClassChangeError'{0x00007f80ed09b740}: Found class java.lang.Object, but interface was expected> (0x00007f80ed09b740) 
thrown [src/hotspot/share/interpreter/linkResolver.cpp, line 833]
Event: 7.447 Thread 0x00007f9104018000 Exception <a 'java/lang/IncompatibleClassChangeError'{0x00007f80fec49c70}: Found class java.lang.Object, but interface was expected> (0x00007f80fec49c70) 
thrown [src/hotspot/share/interpreter/linkResolver.cpp, line 833]

Events (20 events):
Event: 7.524 loading class ch/idsia/crema/model/math/Operation done
Event: 7.524 loading class ch/idsia/crema/model/math/FactorOperation
Event: 7.524 loading class ch/idsia/crema/model/math/FactorOperation done
Event: 7.525 loading class ch/idsia/crema/inference/ve/FactorQueue
Event: 7.525 loading class ch/idsia/crema/inference/ve/FactorQueue done
Event: 7.528 loading class java/util/LinkedList$ListItr
Event: 7.528 loading class java/util/LinkedList$ListItr done
Event: 7.528 loading class ch/idsia/crema/factor/FactorUtil
Event: 7.528 loading class ch/idsia/crema/factor/FactorUtil done
Event: 7.528 loading class ch/idsia/crema/model/vertex/Marginal
Event: 7.528 loading class ch/idsia/crema/model/vertex/Marginal done
Event: 7.529 Executing VM operation: Deoptimize
Event: 7.530 Executing VM operation: Deoptimize done
Event: 7.539 loading class ch/idsia/crema/factor/bayesian/BayesianFactor
Event: 7.539 loading class ch/idsia/crema/factor/bayesian/BayesianFactor done
Event: 7.678 Executing VM operation: GenCollectForAllocation
Event: 7.693 Executing VM operation: GenCollectForAllocation done
Event: 8.040 Executing VM operation: GenCollectForAllocation
Event: 8.608 Executing VM operation: GenCollectForAllocation done
Event: 13.642 Executing VM operation: GenCollectForAllocation


Dynamic libraries:
55f02b7b7000-55f02b7b8000 r--p 00000000 07:01 4860                       /usr/lib/jvm/java-13-openjdk-amd64/bin/java
55f02b7b8000-55f02b7b9000 r-xp 00001000 07:01 4860                       /usr/lib/jvm/java-13-openjdk-amd64/bin/java
55f02b7b9000-55f02b7ba000 r--p 00002000 07:01 4860                       /usr/lib/jvm/java-13-openjdk-amd64/bin/java
55f02b7ba000-55f02b7bb000 r--p 00002000 07:01 4860                       /usr/lib/jvm/java-13-openjdk-amd64/bin/java
55f02b7bb000-55f02b7bc000 rw-p 00003000 07:01 4860                       /usr/lib/jvm/java-13-openjdk-amd64/bin/java
55f02bf5a000-55f02bf7b000 rw-p 00000000 00:00 0                          [heap]
7f80b0000000-7f80b0021000 rw-p 00000000 00:00 0 
7f80b0021000-7f80b4000000 ---p 00000000 00:00 0 
7f80b8000000-7f80b8021000 rw-p 00000000 00:00 0 
7f80b8021000-7f80bc000000 ---p 00000000 00:00 0 
7f80bc000000-7f80bc021000 rw-p 00000000 00:00 0 
7f80bc021000-7f80c0000000 ---p 00000000 00:00 0 
7f80c0000000-7f80c12b0000 rw-p 00000000 00:00 0 
7f80c12b0000-7f80c4000000 ---p 00000000 00:00 0 
7f80c4000000-7f80c4a52000 rw-p 00000000 00:00 0 
7f80c4a52000-7f80c8000000 ---p 00000000 00:00 0 
7f80c8000000-7f80c8021000 rw-p 00000000 00:00 0 
7f80c8021000-7f80cc000000 ---p 00000000 00:00 0 
7f80cc000000-7f80cc021000 rw-p 00000000 00:00 0 
7f80cc021000-7f80d0000000 ---p 00000000 00:00 0 
7f80d0000000-7f80d0021000 rw-p 00000000 00:00 0 
7f80d0021000-7f80d4000000 ---p 00000000 00:00 0 
7f80d4000000-7f80d4021000 rw-p 00000000 00:00 0 
7f80d4021000-7f80d8000000 ---p 00000000 00:00 0 
7f80d8000000-7f80d802d000 rw-p 00000000 00:00 0 
7f80d802d000-7f80dc000000 ---p 00000000 00:00 0 
7f80dd304000-7f80dd404000 rw-p 00000000 00:00 0 
7f80dd404000-7f80dd504000 ---p 00000000 00:00 0 
7f80dd504000-7f80dd704000 rw-p 00000000 00:00 0 
7f80dd704000-7f80dd904000 rw-p 00000000 00:00 0 
7f80dd904000-7f80ddb04000 rw-p 00000000 00:00 0 
7f80ddb04000-7f80ddea4000 rw-p 00000000 00:00 0 
7f80ddea4000-7f80de0a4000 rw-p 00000000 00:00 0 
7f80de0a4000-7f80de2a4000 rw-p 00000000 00:00 0 
7f80de2a4000-7f80de4a4000 rw-p 00000000 00:00 0 
7f80de4a4000-7f80de4a5000 ---p 00000000 00:00 0 
7f80de4a5000-7f80de5a6000 rw-p 00000000 00:00 0 
7f80de5a6000-7f80de5aa000 ---p 00000000 00:00 0 
7f80de5aa000-7f80de6a7000 rw-p 00000000 00:00 0 
7f80de6a7000-7f80de6ab000 ---p 00000000 00:00 0 
7f80de6ab000-7f80de7a8000 rw-p 00000000 00:00 0 
7f80de7a8000-7f80de7ac000 ---p 00000000 00:00 0 
7f80de7ac000-7f80dffb5000 rw-p 00000000 00:00 0 
7f80dffb5000-7f80e45ff000 ---p 00000000 00:00 0 
7f80e45ff000-7f80e4755000 rw-p 00000000 00:00 0 
7f80e4755000-7f80e70a9000 ---p 00000000 00:00 0 
7f80e70a9000-7f80e7fb6000 rw-p 00000000 00:00 0 
7f80e7fb6000-7f80ec5ff000 ---p 00000000 00:00 0 
7f80ec5ff000-7f81170c0000 rw-p 00000000 00:00 0 
7f81dd200000-7f8641b50000 ---p 00000000 00:00 0 
7f8641b50000-7f8823332000 rw-p 00000000 00:00 0 
7f8823332000-7f90ec600000 ---p 00000000 00:00 0 
7f90ec62a000-7f90ec65b000 rw-p 00000000 00:00 0 
7f90ec65b000-7f90ec65f000 r--p 00000000 07:01 5204                       /usr/lib/jvm/java-13-openjdk-amd64/lib/libnet.so
7f90ec65f000-7f90ec66d000 r-xp 00004000 07:01 5204                       /usr/lib/jvm/java-13-openjdk-amd64/lib/libnet.so
7f90ec66d000-7f90ec671000 r--p 00012000 07:01 5204                       /usr/lib/jvm/java-13-openjdk-amd64/lib/libnet.so
7f90ec671000-7f90ec672000 r--p 00015000 07:01 5204                       /usr/lib/jvm/java-13-openjdk-amd64/lib/libnet.so
7f90ec672000-7f90ec673000 rw-p 00016000 07:01 5204                       /usr/lib/jvm/java-13-openjdk-amd64/lib/libnet.so
7f90ec673000-7f90ec67a000 r--p 00000000 07:01 5205                       /usr/lib/jvm/java-13-openjdk-amd64/lib/libnio.so
7f90ec67a000-7f90ec683000 r-xp 00007000 07:01 5205                       /usr/lib/jvm/java-13-openjdk-amd64/lib/libnio.so
7f90ec683000-7f90ec687000 r--p 00010000 07:01 5205                       /usr/lib/jvm/java-13-openjdk-amd64/lib/libnio.so
7f90ec687000-7f90ec688000 r--p 00013000 07:01 5205                       /usr/lib/jvm/java-13-openjdk-amd64/lib/libnio.so
7f90ec688000-7f90ec689000 rw-p 00014000 07:01 5205                       /usr/lib/jvm/java-13-openjdk-amd64/lib/libnio.so
7f90ec689000-7f90ec68d000 ---p 00000000 00:00 0 
7f90ec68d000-7f90ec78a000 rw-p 00000000 00:00 0 
7f90ec78a000-7f90ec9fa000 rwxp 00000000 00:00 0 
7f90ec9fa000-7f90ecd19000 ---p 00000000 00:00 0 
7f90ecd19000-7f90ed2a9000 rwxp 00000000 00:00 0 
7f90ed2a9000-7f90f4251000 ---p 00000000 00:00 0 
7f90f4251000-7f90f44c1000 rwxp 00000000 00:00 0 
7f90f44c1000-7f90fb78a000 ---p 00000000 00:00 0 
7f90fb78a000-7f9104000000 r--s 00000000 07:01 5215                       /usr/lib/jvm/java-13-openjdk-amd64/lib/modules
7f9104000000-7f91046c0000 rw-p 00000000 00:00 0 
7f91046c0000-7f9108000000 ---p 00000000 00:00 0 
7f910800a000-7f910800e000 ---p 00000000 00:00 0 
7f910800e000-7f910810b000 rw-p 00000000 00:00 0 
7f910810b000-7f910810f000 ---p 00000000 00:00 0 
7f910810f000-7f910820c000 rw-p 00000000 00:00 0 
7f910820c000-7f9108213000 r--s 00000000 07:01 8532                       /usr/lib/x86_64-linux-gnu/gconv/gconv-modules.cache
7f9108213000-7f9108245000 r--p 00000000 07:01 5276                       /usr/lib/locale/C.UTF-8/LC_CTYPE
7f9108245000-7f9108249000 ---p 00000000 00:00 0 
7f9108249000-7f9108346000 rw-p 00000000 00:00 0 
7f9108346000-7f910834a000 ---p 00000000 00:00 0 
7f910834a000-7f9108447000 rw-p 00000000 00:00 0 
7f9108447000-7f9108448000 ---p 00000000 00:00 0 
7f9108448000-7f910866b000 rw-p 00000000 00:00 0 
7f910866b000-7f9108751000 ---p 00000000 00:00 0 
7f9108751000-7f910875d000 rw-p 00000000 00:00 0 
7f910875d000-7f910883c000 ---p 00000000 00:00 0 
7f910883c000-7f9108841000 rw-p 00000000 00:00 0 
7f9108841000-7f9108848000 ---p 00000000 00:00 0 
7f9108848000-7f910884a000 r--p 00000000 07:01 5214                       /usr/lib/jvm/java-13-openjdk-amd64/lib/libzip.so
7f910884a000-7f910884e000 r-xp 00002000 07:01 5214                       /usr/lib/jvm/java-13-openjdk-amd64/lib/libzip.so
7f910884e000-7f9108850000 r--p 00006000 07:01 5214                       /usr/lib/jvm/java-13-openjdk-amd64/lib/libzip.so
7f9108850000-7f9108851000 r--p 00007000 07:01 5214                       /usr/lib/jvm/java-13-openjdk-amd64/lib/libzip.so
7f9108851000-7f9108852000 rw-p 00008000 07:01 5214                       /usr/lib/jvm/java-13-openjdk-amd64/lib/libzip.so
7f9108852000-7f910885a000 rw-s 00000000 08:03 100676708                  /tmp/hsperfdata_rcabanas/8743
7f910885a000-7f910885d000 r--p 00000000 07:01 9108                       /usr/lib/x86_64-linux-gnu/libnss_files-2.31.so
7f910885d000-7f9108864000 r-xp 00003000 07:01 9108                       /usr/lib/x86_64-linux-gnu/libnss_files-2.31.so
7f9108864000-7f9108866000 r--p 0000a000 07:01 9108                       /usr/lib/x86_64-linux-gnu/libnss_files-2.31.so
7f9108866000-7f9108867000 r--p 0000b000 07:01 9108                       /usr/lib/x86_64-linux-gnu/libnss_files-2.31.so
7f9108867000-7f9108868000 rw-p 0000c000 07:01 9108                       /usr/lib/x86_64-linux-gnu/libnss_files-2.31.so
7f9108868000-7f910886e000 rw-p 00000000 00:00 0 
7f9108874000-7f9108876000 r--p 00000000 07:01 5195                       /usr/lib/jvm/java-13-openjdk-amd64/lib/libjimage.so
7f9108876000-7f9108879000 r-xp 00002000 07:01 5195                       /usr/lib/jvm/java-13-openjdk-amd64/lib/libjimage.so
7f9108879000-7f910887a000 r--p 00005000 07:01 5195                       /usr/lib/jvm/java-13-openjdk-amd64/lib/libjimage.so
7f910887a000-7f910887b000 ---p 00006000 07:01 5195                       /usr/lib/jvm/java-13-openjdk-amd64/lib/libjimage.so
7f910887b000-7f910887c000 r--p 00006000 07:01 5195                       /usr/lib/jvm/java-13-openjdk-amd64/lib/libjimage.so
7f910887c000-7f910887d000 rw-p 00007000 07:01 5195                       /usr/lib/jvm/java-13-openjdk-amd64/lib/libjimage.so
7f910887d000-7f910888a000 r--p 00000000 07:01 5191                       /usr/lib/jvm/java-13-openjdk-amd64/lib/libjava.so
7f910888a000-7f910889f000 r-xp 0000d000 07:01 5191                       /usr/lib/jvm/java-13-openjdk-amd64/lib/libjava.so
7f910889f000-7f91088a5000 r--p 00022000 07:01 5191                       /usr/lib/jvm/java-13-openjdk-amd64/lib/libjava.so
7f91088a5000-7f91088a6000 ---p 00028000 07:01 5191                       /usr/lib/jvm/java-13-openjdk-amd64/lib/libjava.so
7f91088a6000-7f91088a7000 r--p 00028000 07:01 5191                       /usr/lib/jvm/java-13-openjdk-amd64/lib/libjava.so
7f91088a7000-7f91088a9000 rw-p 00029000 07:01 5191                       /usr/lib/jvm/java-13-openjdk-amd64/lib/libjava.so
7f91088a9000-7f91088ae000 r--p 00000000 07:01 5213                       /usr/lib/jvm/java-13-openjdk-amd64/lib/libverify.so
7f91088ae000-7f91088b5000 r-xp 00005000 07:01 5213                       /usr/lib/jvm/java-13-openjdk-amd64/lib/libverify.so
7f91088b5000-7f91088b7000 r--p 0000c000 07:01 5213                       /usr/lib/jvm/java-13-openjdk-amd64/lib/libverify.so
7f91088b7000-7f91088b8000 ---p 0000e000 07:01 5213                       /usr/lib/jvm/java-13-openjdk-amd64/lib/libverify.so
7f91088b8000-7f91088ba000 r--p 0000e000 07:01 5213                       /usr/lib/jvm/java-13-openjdk-amd64/lib/libverify.so
7f91088ba000-7f91088bb000 rw-p 00010000 07:01 5213                       /usr/lib/jvm/java-13-openjdk-amd64/lib/libverify.so
7f91088bb000-7f91088bf000 ---p 00000000 00:00 0 
7f91088bf000-7f91089bc000 rw-p 00000000 00:00 0 
7f91089bc000-7f91089bf000 r--p 00000000 07:01 8948                       /usr/lib/x86_64-linux-gnu/libgcc_s.so.1
7f91089bf000-7f91089d1000 r-xp 00003000 07:01 8948                       /usr/lib/x86_64-linux-gnu/libgcc_s.so.1
7f91089d1000-7f91089d5000 r--p 00015000 07:01 8948                       /usr/lib/x86_64-linux-gnu/libgcc_s.so.1
7f91089d5000-7f91089d6000 r--p 00018000 07:01 8948                       /usr/lib/x86_64-linux-gnu/libgcc_s.so.1
7f91089d6000-7f91089d7000 rw-p 00019000 07:01 8948                       /usr/lib/x86_64-linux-gnu/libgcc_s.so.1
7f91089d7000-7f91089e4000 r--p 00000000 07:01 9062                       /usr/lib/x86_64-linux-gnu/libm-2.31.so
7f91089e4000-7f9108a8b000 r-xp 0000d000 07:01 9062                       /usr/lib/x86_64-linux-gnu/libm-2.31.so
7f9108a8b000-7f9108b24000 r--p 000b4000 07:01 9062                       /usr/lib/x86_64-linux-gnu/libm-2.31.so
7f9108b24000-7f9108b25000 r--p 0014c000 07:01 9062                       /usr/lib/x86_64-linux-gnu/libm-2.31.so
7f9108b25000-7f9108b26000 rw-p 0014d000 07:01 9062                       /usr/lib/x86_64-linux-gnu/libm-2.31.so
7f9108b26000-7f9108bbc000 r--p 00000000 07:01 9213                       /usr/lib/x86_64-linux-gnu/libstdc++.so.6.0.28
7f9108bbc000-7f9108cad000 r-xp 00096000 07:01 9213                       /usr/lib/x86_64-linux-gnu/libstdc++.so.6.0.28
7f9108cad000-7f9108cf6000 r--p 00187000 07:01 9213                       /usr/lib/x86_64-linux-gnu/libstdc++.so.6.0.28
7f9108cf6000-7f9108cf7000 ---p 001d0000 07:01 9213                       /usr/lib/x86_64-linux-gnu/libstdc++.so.6.0.28
7f9108cf7000-7f9108d02000 r--p 001d0000 07:01 9213                       /usr/lib/x86_64-linux-gnu/libstdc++.so.6.0.28
7f9108d02000-7f9108d05000 rw-p 001db000 07:01 9213                       /usr/lib/x86_64-linux-gnu/libstdc++.so.6.0.28
7f9108d05000-7f9108d08000 rw-p 00000000 00:00 0 
7f9108d08000-7f9108f8e000 r--p 00000000 07:01 5226                       /usr/lib/jvm/java-13-openjdk-amd64/lib/server/libjvm.so
7f9108f8e000-7f9109d0b000 r-xp 00286000 07:01 5226                       /usr/lib/jvm/java-13-openjdk-amd64/lib/server/libjvm.so
7f9109d0b000-7f9109f86000 r--p 01003000 07:01 5226                       /usr/lib/jvm/java-13-openjdk-amd64/lib/server/libjvm.so
7f9109f86000-7f910a04b000 r--p 0127d000 07:01 5226                       /usr/lib/jvm/java-13-openjdk-amd64/lib/server/libjvm.so
7f910a04b000-7f910a086000 rw-p 01342000 07:01 5226                       /usr/lib/jvm/java-13-openjdk-amd64/lib/server/libjvm.so
7f910a086000-7f910a10c000 rw-p 00000000 00:00 0 
7f910a10c000-7f910a112000 r--p 00000000 07:01 9166                       /usr/lib/x86_64-linux-gnu/libpthread-2.31.so
7f910a112000-7f910a123000 r-xp 00006000 07:01 9166                       /usr/lib/x86_64-linux-gnu/libpthread-2.31.so
7f910a123000-7f910a129000 r--p 00017000 07:01 9166                       /usr/lib/x86_64-linux-gnu/libpthread-2.31.so
7f910a129000-7f910a12a000 r--p 0001c000 07:01 9166                       /usr/lib/x86_64-linux-gnu/libpthread-2.31.so
7f910a12a000-7f910a12b000 rw-p 0001d000 07:01 9166                       /usr/lib/x86_64-linux-gnu/libpthread-2.31.so
7f910a12b000-7f910a12f000 rw-p 00000000 00:00 0 
7f910a12f000-7f910a130000 r--p 00000000 07:01 8893                       /usr/lib/x86_64-linux-gnu/libdl-2.31.so
7f910a130000-7f910a132000 r-xp 00001000 07:01 8893                       /usr/lib/x86_64-linux-gnu/libdl-2.31.so
7f910a132000-7f910a133000 r--p 00003000 07:01 8893                       /usr/lib/x86_64-linux-gnu/libdl-2.31.so
7f910a133000-7f910a134000 r--p 00003000 07:01 8893                       /usr/lib/x86_64-linux-gnu/libdl-2.31.so
7f910a134000-7f910a135000 rw-p 00004000 07:01 8893                       /usr/lib/x86_64-linux-gnu/libdl-2.31.so
7f910a135000-7f910a137000 r--p 00000000 07:01 9290                       /usr/lib/x86_64-linux-gnu/libz.so.1.2.11
7f910a137000-7f910a148000 r-xp 00002000 07:01 9290                       /usr/lib/x86_64-linux-gnu/libz.so.1.2.11
7f910a148000-7f910a14e000 r--p 00013000 07:01 9290                       /usr/lib/x86_64-linux-gnu/libz.so.1.2.11
7f910a14e000-7f910a14f000 ---p 00019000 07:01 9290                       /usr/lib/x86_64-linux-gnu/libz.so.1.2.11
7f910a14f000-7f910a150000 r--p 00019000 07:01 9290                       /usr/lib/x86_64-linux-gnu/libz.so.1.2.11
7f910a150000-7f910a151000 rw-p 0001a000 07:01 9290                       /usr/lib/x86_64-linux-gnu/libz.so.1.2.11
7f910a151000-7f910a173000 r--p 00000000 07:01 8851                       /usr/lib/x86_64-linux-gnu/libc-2.31.so
7f910a173000-7f910a2eb000 r-xp 00022000 07:01 8851                       /usr/lib/x86_64-linux-gnu/libc-2.31.so
7f910a2eb000-7f910a339000 r--p 0019a000 07:01 8851                       /usr/lib/x86_64-linux-gnu/libc-2.31.so
7f910a339000-7f910a33d000 r--p 001e7000 07:01 8851                       /usr/lib/x86_64-linux-gnu/libc-2.31.so
7f910a33d000-7f910a33f000 rw-p 001eb000 07:01 8851                       /usr/lib/x86_64-linux-gnu/libc-2.31.so
7f910a33f000-7f910a343000 rw-p 00000000 00:00 0 
7f910a345000-7f910a347000 r--s 0000c000 07:01 20930                      /usr/share/java/java-atk-wrapper.jar
7f910a347000-7f910a348000 ---p 00000000 00:00 0 
7f910a348000-7f910a349000 r--p 00000000 00:00 0 
7f910a349000-7f910a34c000 r--p 00000000 07:01 5196                       /usr/lib/jvm/java-13-openjdk-amd64/lib/libjli.so
7f910a34c000-7f910a356000 r-xp 00003000 07:01 5196                       /usr/lib/jvm/java-13-openjdk-amd64/lib/libjli.so
7f910a356000-7f910a359000 r--p 0000d000 07:01 5196                       /usr/lib/jvm/java-13-openjdk-amd64/lib/libjli.so
7f910a359000-7f910a35a000 r--p 0000f000 07:01 5196                       /usr/lib/jvm/java-13-openjdk-amd64/lib/libjli.so
7f910a35a000-7f910a35b000 rw-p 00010000 07:01 5196                       /usr/lib/jvm/java-13-openjdk-amd64/lib/libjli.so
7f910a35b000-7f910a35d000 rw-p 00000000 00:00 0 
7f910a35d000-7f910a35e000 r--p 00000000 07:01 8572                       /usr/lib/x86_64-linux-gnu/ld-2.31.so
7f910a35e000-7f910a381000 r-xp 00001000 07:01 8572                       /usr/lib/x86_64-linux-gnu/ld-2.31.so
7f910a381000-7f910a389000 r--p 00024000 07:01 8572                       /usr/lib/x86_64-linux-gnu/ld-2.31.so
7f910a389000-7f910a38a000 ---p 00000000 00:00 0 
7f910a38a000-7f910a38b000 r--p 0002c000 07:01 8572                       /usr/lib/x86_64-linux-gnu/ld-2.31.so
7f910a38b000-7f910a38c000 rw-p 0002d000 07:01 8572                       /usr/lib/x86_64-linux-gnu/ld-2.31.so
7f910a38c000-7f910a38d000 rw-p 00000000 00:00 0 
7fff19547000-7fff19568000 rw-p 00000000 00:00 0                          [stack]
7fff195d9000-7fff195db000 r-xp 00000000 00:00 0                          [vdso]
ffffffffff600000-ffffffffff601000 r-xp 00000000 00:00 0                  [vsyscall]


VM Arguments:
jvm_args: -Xmx64g --add-modules=ALL-DEFAULT 
java_command: jdk.compiler/com.sun.tools.javac.launcher.Main /mnt/beegfs/rcabanas/dev/credici/papers/journalEM/code/GenerateModel.java -n 14 -d 1000 -di 0.5 -mr 0.98 -r 1.0 --seed 19 --output /mnt/beegfs/rcabanas/dev/credici/papers/journalEM/models/synthetic/s2/ --debug
java_class_path (initial): /mnt/beegfs/rcabanas/dev/credici/target/credici-0.1.3-jar-with-dependencies.jar
Launcher Type: SUN_STANDARD

[Global flags]
     intx CICompilerCount                          = 2                                         {product} {ergonomic}
   size_t InitialHeapSize                          = 2147483648                                {product} {ergonomic}
   size_t MaxHeapSize                              = 68719476736                               {product} {command line}
   size_t MaxNewSize                               = 22906470400                               {product} {ergonomic}
   size_t MinHeapDeltaBytes                        = 196608                                    {product} {ergonomic}
   size_t MinHeapSize                              = 8388608                                   {product} {ergonomic}
   size_t NewSize                                  = 715784192                                 {product} {ergonomic}
    uintx NonNMethodCodeHeapSize                   = 5826188                                {pd product} {ergonomic}
    uintx NonProfiledCodeHeapSize                  = 122916026                              {pd product} {ergonomic}
   size_t OldSize                                  = 1431699456                                {product} {ergonomic}
    uintx ProfiledCodeHeapSize                     = 122916026                              {pd product} {ergonomic}
    uintx ReservedCodeCacheSize                    = 251658240                              {pd product} {ergonomic}
     bool SegmentedCodeCache                       = true                                      {product} {ergonomic}
   size_t SoftMaxHeapSize                          = 68719476736                            {manageable} {ergonomic}
     bool UseSerialGC                              = true                                      {product} {ergonomic}

Logging:
Log output configuration:
 #0: stdout all=warning uptime,level,tags
 #1: stderr all=off uptime,level,tags

Environment Variables:
PATH=/usr/local/sbin:/usr/local/bin:/usr/sbin:/usr/bin:/sbin:/bin
LD_LIBRARY_PATH=/.singularity.d/libs

Signal Handlers:
SIGSEGV: [libjvm.so+0xf8fcf0], sa_mask[0]=11111111011111111101111111111110, sa_flags=SA_RESTART|SA_SIGINFO
SIGBUS: [libjvm.so+0xf8fcf0], sa_mask[0]=11111111011111111101111111111110, sa_flags=SA_RESTART|SA_SIGINFO
SIGFPE: [libjvm.so+0xf8fcf0], sa_mask[0]=11111111011111111101111111111110, sa_flags=SA_RESTART|SA_SIGINFO
SIGPIPE: [libjvm.so+0xc3ffa0], sa_mask[0]=11111111011111111101111111111110, sa_flags=SA_RESTART|SA_SIGINFO
SIGXFSZ: [libjvm.so+0xc3ffa0], sa_mask[0]=11111111011111111101111111111110, sa_flags=SA_RESTART|SA_SIGINFO
SIGILL: [libjvm.so+0xf8fcf0], sa_mask[0]=11111111011111111101111111111110, sa_flags=SA_RESTART|SA_SIGINFO
SIGUSR2: [libjvm.so+0xc3fe40], sa_mask[0]=00000000000000000000000000000000, sa_flags=SA_RESTART|SA_SIGINFO
SIGHUP: [libjvm.so+0xc40580], sa_mask[0]=11111111011111111101111111111110, sa_flags=SA_RESTART|SA_SIGINFO
SIGINT: [libjvm.so+0xc40580], sa_mask[0]=11111111011111111101111111111110, sa_flags=SA_RESTART|SA_SIGINFO
SIGTERM: [libjvm.so+0xc40580], sa_mask[0]=11111111011111111101111111111110, sa_flags=SA_RESTART|SA_SIGINFO
SIGQUIT: [libjvm.so+0xc40580], sa_mask[0]=11111111011111111101111111111110, sa_flags=SA_RESTART|SA_SIGINFO


---------------  S Y S T E M  ---------------

OS:DISTRIB_ID=Ubuntu
DISTRIB_RELEASE=20.04
DISTRIB_CODENAME=focal
DISTRIB_DESCRIPTION="Ubuntu 20.04.4 LTS"
uname:Linux 3.10.0-1160.15.2.el7.x86_64 #1 SMP Wed Feb 3 15:06:38 UTC 2021 x86_64
OS uptime: 474 days 3:08 hours
libc:glibc 2.31 NPTL 2.31 
rlimit (soft/hard): STACK 8192k/infinity , CORE 0k/infinity , NPROC 4096/1030217 , NOFILE 131072/131072 , AS infinity/infinity , CPU infinity/infinity , DATA infinity/infinity , FSIZE infinity/infinity , MEMLOCK infinity/infinity
load average:21.88 16.16 7.47

/proc/meminfo:
MemTotal:       263895368 kB
MemFree:         1640996 kB
MemAvailable:    1600408 kB
Buffers:          153524 kB
Cached:           518028 kB
SwapCached:       612228 kB
Active:         245366092 kB
Inactive:        7622252 kB
Active(anon):   245191592 kB
Inactive(anon):  7149252 kB
Active(file):     174500 kB
Inactive(file):   473000 kB
Unevictable:       13228 kB
Mlocked:           13228 kB
SwapTotal:       4194300 kB
SwapFree:           3756 kB
Dirty:               404 kB
Writeback:             0 kB
AnonPages:      251723220 kB
Mapped:           144168 kB
Shmem:             16512 kB
Slab:             705556 kB
SReclaimable:     168500 kB
SUnreclaim:       537056 kB
KernelStack:       23888 kB
PageTables:       523496 kB
NFS_Unstable:          0 kB
Bounce:                0 kB
WritebackTmp:          0 kB
CommitLimit:    136141984 kB
Committed_AS:   298886812 kB
VmallocTotal:   34359738367 kB
VmallocUsed:      860048 kB
VmallocChunk:   34222458396 kB
Percpu:            21248 kB
HardwareCorrupted:     0 kB
AnonHugePages:  80764928 kB
CmaTotal:              0 kB
CmaFree:               0 kB
HugePages_Total:       0
HugePages_Free:        0
HugePages_Rsvd:        0
HugePages_Surp:        0
Hugepagesize:       2048 kB
DirectMap4k:      650856 kB
DirectMap2M:    19134464 kB
DirectMap1G:    248512512 kB

/sys/kernel/mm/transparent_hugepage/enabled:
[always] madvise never

/sys/kernel/mm/transparent_hugepage/defrag (defrag/compaction efforts parameter):
[always] madvise never


/proc/sys/kernel/threads-max (system-wide limit on the number of threads):
2060435


/proc/sys/vm/max_map_count (maximum number of memory map areas a process may have):
65530


/proc/sys/kernel/pid_max (system-wide limit on number of process identifiers):
65536



Steal ticks since vm start: 0
Steal ticks percentage since vm start:  0.000

CPU:total 64 (initial active 1) (32 cores per cpu, 1 threads per core) family 23 model 49 stepping 0, cmov, cx8, fxsr, mmx, sse, sse2, sse3, ssse3, sse4.1, sse4.2, popcnt, avx, avx2, aes, clmul, mmxext, 3dnowpref, lzcnt, sse4a, tsc, tscinvbit, tscinv, bmi1, bmi2, adx, sha, fma
CPU Model and flags from /proc/cpuinfo:
model name	: AMD EPYC 7542 32-Core Processor
flags		: fpu vme de pse tsc msr pae mce cx8 apic sep mtrr pge mca cmov pat pse36 clflush mmx fxsr sse sse2 ht syscall nx mmxext fxsr_opt pdpe1gb rdtscp lm constant_tsc art rep_good nopl nonstop_tsc extd_apicid aperfmperf eagerfpu pni pclmulqdq monitor ssse3 fma cx16 sse4_1 sse4_2 movbe popcnt aes xsave avx f16c rdrand lahf_lm cmp_legacy svm extapic cr8_legacy abm sse4a misalignsse 3dnowprefetch osvw ibs skinit wdt tce topoext perfctr_core perfctr_nb bpext perfctr_l2 cpb cat_l3 cdp_l3 hw_pstate sme retpoline_amd ssbd ibrs ibpb stibp vmmcall fsgsbase bmi1 avx2 smep bmi2 cqm rdt_a rdseed adx smap clflushopt clwb sha_ni xsaveopt xsavec xgetbv1 cqm_llc cqm_occup_llc cqm_mbm_total cqm_mbm_local clzero irperf xsaveerptr arat npt lbrv svm_lock nrip_save tsc_scale vmcb_clean flushbyasid decodeassists pausefilter pfthreshold avic v_vmsave_vmload vgif umip overflow_recov succor smca
Online cpus:0-63
Offline cpus:
BIOS frequency limitation:2900000
Frequency switch latency (ns):0
Available cpu frequencies:2900000 2400000 1500000 
Current governor:conservative
Core performance/turbo boost:1

Memory: 4k page, physical 263895368k(1637276k free), swap 4194300k(3756k free)

vm_info: OpenJDK 64-Bit Server VM (13.0.7+5-Ubuntu-0ubuntu120.04) for linux-amd64 JRE (13.0.7+5-Ubuntu-0ubuntu120.04), built on Apr 21 2021 05:36:19 by "unknown" with gcc 9.3.0

END.
