#
# There is insufficient memory for the Java Runtime Environment to continue.
# Native memory allocation (mmap) failed to map 2409156608 bytes for committing reserved memory.
# Possible reasons:
#   The system is out of physical RAM or swap space
# Possible solutions:
#   Reduce memory load on the system
#   Increase physical memory or swap space
#   Check if swap backing store is full
#   Decrease Java heap size (-Xmx/-Xms)
#   Decrease number of Java threads
#   Decrease Java thread stack sizes (-Xss)
#   Set larger code cache with -XX:ReservedCodeCacheSize=
# This output file may be truncated or incomplete.
#
#  Out of Memory Error (os_linux.cpp:2899), pid=8487, tid=8489
#
# JRE version: OpenJDK Runtime Environment (13.0.7+5) (build 13.0.7+5-Ubuntu-0ubuntu120.04)
# Java VM: OpenJDK 64-Bit Server VM (13.0.7+5-Ubuntu-0ubuntu120.04, mixed mode, tiered, serial gc, linux-amd64)
# No core dump will be written. Core dumps have been disabled. To enable core dumping, try "ulimit -c unlimited" before starting Java again
#

---------------  S U M M A R Y ------------

Command Line: -Xmx128g --add-modules=ALL-DEFAULT jdk.compiler/com.sun.tools.javac.launcher.Main /mnt/beegfs/rcabanas/dev/credici/papers/journalEM/code/LearnAndCalculatePNS.java -w -x 100 -m 500 -sc KL -th 1e-08 -a EMCC --seed 76 --output /mnt/beegfs/rcabanas/dev/credici/papers/journalEM/output/triangolo --cause 3 --effect 0 /mnt/beegfs/rcabanas/dev/credici/papers/journalEM/models/triangolo/triangolo_causal.uai

Host: AMD EPYC 7542 32-Core Processor, 64 cores, 251G, Ubuntu 20.04.4 LTS
Time: Tue Oct 18 19:13:14 2022 CEST elapsed time: 939.947206 seconds (0d 0h 15m 39s)

---------------  T H R E A D  ---------------

Current thread (0x00007fcec0097800):  VMThread "VM Thread" [stack: 0x00007fcec6dac000,0x00007fcec6eac000] [id=8489]

Stack: [0x00007fcec6dac000,0x00007fcec6eac000],  sp=0x00007fcec6eaa160,  free space=1016k
Native frames: (J=compiled Java code, A=aot compiled Java code, j=interpreted, Vv=VM code, C=native code)
V  [libjvm.so+0xf8f092]
V  [libjvm.so+0xf8fc91]
V  [libjvm.so+0x66ee5a]
V  [libjvm.so+0xc44a41]
V  [libjvm.so+0xc3b263]
V  [libjvm.so+0xf87f4b]
V  [libjvm.so+0x557506]
V  [libjvm.so+0x557723]
V  [libjvm.so+0xf18b0c]
V  [libjvm.so+0x557e65]
V  [libjvm.so+0x7e2edb]
V  [libjvm.so+0x7e39bd]
V  [libjvm.so+0x7d8b48]
V  [libjvm.so+0xf90940]
V  [libjvm.so+0xf96657]
V  [libjvm.so+0xf96d2b]
V  [libjvm.so+0xf9706a]
V  [libjvm.so+0xf2208f]
V  [libjvm.so+0xc493ff]

VM_Operation (0x00007fcec7b1c520): GenCollectForAllocation, mode: safepoint, requested by thread 0x00007fcec0018000


---------------  P R O C E S S  ---------------

Threads class SMR info:
_java_thread_list=0x00007fcec0135c60, length=9, elements={
0x00007fcec0018000, 0x00007fcec00a3800, 0x00007fcec00a7000, 0x00007fcec00cb800,
0x00007fcec00cd000, 0x00007fcec00cf000, 0x00007fcec00d1000, 0x00007fcec00d3000,
0x00007fcec0134800
}

Java Threads: ( => current thread )
  0x00007fcec0018000 JavaThread "main" [_thread_blocked, id=8488, stack(0x00007fcec7a1e000,0x00007fcec7b1f000)]
  0x00007fcec00a3800 JavaThread "Reference Handler" daemon [_thread_blocked, id=8490, stack(0x00007fcec6ca9000,0x00007fcec6daa000)]
  0x00007fcec00a7000 JavaThread "Finalizer" daemon [_thread_blocked, id=8491, stack(0x00007fcec6ba8000,0x00007fcec6ca9000)]
  0x00007fcec00cb800 JavaThread "Signal Dispatcher" daemon [_thread_blocked, id=8492, stack(0x00007fcec6a6e000,0x00007fcec6b6f000)]
  0x00007fcec00cd000 JavaThread "Service Thread" daemon [_thread_blocked, id=8493, stack(0x00007fcec696d000,0x00007fcec6a6e000)]
  0x00007fcec00cf000 JavaThread "C2 CompilerThread0" daemon [_thread_blocked, id=8494, stack(0x00007fcec686c000,0x00007fcec696d000)]
  0x00007fcec00d1000 JavaThread "C1 CompilerThread0" daemon [_thread_blocked, id=8495, stack(0x00007fcec676b000,0x00007fcec686c000)]
  0x00007fcec00d3000 JavaThread "Sweeper thread" daemon [_thread_blocked, id=8496, stack(0x00007fcec666a000,0x00007fcec676b000)]
  0x00007fcec0134800 JavaThread "Common-Cleaner" daemon [_thread_blocked, id=8497, stack(0x00007fcec6569000,0x00007fcec666a000)]

Other Threads:
=>0x00007fcec0097800 VMThread "VM Thread" [stack: 0x00007fcec6dac000,0x00007fcec6eac000] [id=8489]
  0x00007fcec0181800 WatcherThread [stack: 0x00007fcec6469000,0x00007fcec6569000] [id=8498]

Threads with active compile tasks:

VM state:at safepoint (normal execution)

VM Mutex/Monitor currently owned by a thread:  ([mutex/lock_event])
[0x00007fcec00141e0] Threads_lock - owner thread: 0x00007fcec0097800
[0x00007fcec0014de0] Heap_lock - owner thread: 0x00007fcec0018000

Heap:
 def new generation   total 1580992K, used 71414K [0x00007faea8600000, 0x00007faf13970000, 0x00007fb9530a0000)
  eden space 1405376K,   5% used [0x00007faea8600000, 0x00007faeacbbdad8, 0x00007faefe270000)
  from space 175616K,   0% used [0x00007faf08df0000, 0x00007faf08df0000, 0x00007faf13970000)
  to   space 175616K,   0% used [0x00007faefe270000, 0x00007faefe270000, 0x00007faf08df0000)
 tenured generation   total 3529568K, used 3529355K [0x00007fb9530a0000, 0x00007fba2a778000, 0x00007fcea8600000)
   the space 3529568K,  99% used [0x00007fb9530a0000, 0x00007fba2a742d80, 0x00007fba2a742e00, 0x00007fba2a778000)
 Metaspace       used 24229K, capacity 24629K, committed 24832K, reserved 26624K

Card table byte_map: [0x00007fae985ff000,0x00007faea8600000] _byte_map_base: 0x00007f6ec10bc000

Polling page: 0x00007fcec94aa000

Metaspace:

Usage:
   24.05 MB capacity,    23.66 MB ( 98%) used,   309.82 KB (  1%) free+waste,    89.75 KB ( <1%) overhead. 

Virtual space:
     26.00 MB reserved,      24.25 MB ( 93%) committed 

Chunk freelists:
107.00 KB

MaxMetaspaceSize: unlimited


CodeHeap 'non-profiled nmethods': size=120036Kb used=2009Kb max_used=2179Kb free=118026Kb
 bounds [0x00007fceb0251000, 0x00007fceb04c1000, 0x00007fceb778a000]
CodeHeap 'profiled nmethods': size=120032Kb used=5170Kb max_used=7169Kb free=114861Kb
 bounds [0x00007fcea8d19000, 0x00007fcea9429000, 0x00007fceb0251000]
CodeHeap 'non-nmethods': size=5692Kb used=1209Kb max_used=1262Kb free=4482Kb
 bounds [0x00007fcea878a000, 0x00007fcea89fa000, 0x00007fcea8d19000]
 total_blobs=3553 nmethods=3072 adapters=396
 compilation: enabled
              stopped_count=0, restarted_count=0
 full_count=0

Compilation events (20 events):
Event: 753.122 Thread 0x00007fcec00d1000 3945       3       java.util.Arrays$ArrayList::size (6 bytes)
Event: 753.125 Thread 0x00007fcec00d1000 nmethod 3945 0x00007fcea8e88f10 code [0x00007fcea8e890a0, 0x00007fcea8e891b0]
Event: 756.672 Thread 0x00007fcec00cf000 3946       4       org.jgrapht.graph.GraphDelegator::getEdgeSource (11 bytes)
Event: 756.675 Thread 0x00007fcec00cf000 nmethod 3946 0x00007fceb03d7590 code [0x00007fceb03d7720, 0x00007fceb03d7818]
Event: 756.690 Thread 0x00007fcec00cf000 3947       4       org.jgrapht.graph.GraphDelegator::getEdgeTarget (11 bytes)
Event: 756.692 Thread 0x00007fcec00cf000 nmethod 3947 0x00007fceb02ab310 code [0x00007fceb02ab4a0, 0x00007fceb02ab598]
Event: 777.429 Thread 0x00007fcec00cf000 3948       4       gnu.trove.impl.hash.TIntHash::indexRehashed (75 bytes)
Event: 777.432 Thread 0x00007fcec00cf000 nmethod 3948 0x00007fceb0278f10 code [0x00007fceb02790a0, 0x00007fceb0279278]
Event: 789.436 Thread 0x00007fcec00cf000 3949       4       java.util.stream.Sink$ChainedInt::begin (11 bytes)
Event: 789.438 Thread 0x00007fcec00cf000 nmethod 3949 0x00007fceb02ab010 code [0x00007fceb02ab180, 0x00007fceb02ab1f8]
Event: 862.594 Thread 0x00007fcec00cf000 3950       4       com.google.common.collect.RegularImmutableSet::size (6 bytes)
Event: 862.675 Thread 0x00007fcec00cf000 nmethod 3950 0x00007fceb02d0890 code [0x00007fceb02d0a00, 0x00007fceb02d0a58]
Event: 870.382 Thread 0x00007fcec00cf000 3951       4       ch.idsia.crema.model.graphical.SparseDirectedAcyclicGraph$$Lambda$321/0x00007fcec53e90b0::accept (16 bytes)
Event: 870.391 Thread 0x00007fcec00cf000 nmethod 3951 0x00007fceb02c6810 code [0x00007fceb02c69c0, 0x00007fceb02c6ce8]
Event: 882.263 Thread 0x00007fcec00cf000 3952       4       java.util.stream.ReferencePipeline$StatelessOp::<init> (29 bytes)
Event: 882.266 Thread 0x00007fcec00cf000 nmethod 3952 0x00007fceb02d0410 code [0x00007fceb02d0580, 0x00007fceb02d0698]
Event: 906.213 Thread 0x00007fcec00cf000 3953       4       java.util.AbstractList$Itr::hasNext (20 bytes)
Event: 906.215 Thread 0x00007fcec00cf000 nmethod 3953 0x00007fceb0317d90 code [0x00007fceb0317f00, 0x00007fceb0317f98]
Event: 925.757 Thread 0x00007fcec00d1000 3954       3       org.jgrapht.GraphTests::requireDirected (39 bytes)
Event: 925.759 Thread 0x00007fcec00d1000 nmethod 3954 0x00007fcea8f3c710 code [0x00007fcea8f3c900, 0x00007fcea8f3cdc0]

GC Heap History (20 events):
Event: 927.197 GC heap after
{Heap after GC invocations=1240 (full 5):
 def new generation   total 1580992K, used 93529K [0x00007faea8600000, 0x00007faf13970000, 0x00007fb9530a0000)
  eden space 1405376K,   0% used [0x00007faea8600000, 0x00007faea8600000, 0x00007faefe270000)
  from space 175616K,  53% used [0x00007faefe270000, 0x00007faf03dc6730, 0x00007faf08df0000)
  to   space 175616K,   0% used [0x00007faf08df0000, 0x00007faf08df0000, 0x00007faf13970000)
 tenured generation   total 3513180K, used 3451740K [0x00007fb9530a0000, 0x00007fba29777000, 0x00007fcea8600000)
   the space 3513180K,  98% used [0x00007fb9530a0000, 0x00007fba25b77358, 0x00007fba25b77400, 0x00007fba29777000)
 Metaspace       used 24229K, capacity 24629K, committed 24832K, reserved 26624K
}
Event: 928.551 GC heap before
{Heap before GC invocations=1240 (full 5):
 def new generation   total 1580992K, used 1498905K [0x00007faea8600000, 0x00007faf13970000, 0x00007fb9530a0000)
  eden space 1405376K, 100% used [0x00007faea8600000, 0x00007faefe270000, 0x00007faefe270000)
  from space 175616K,  53% used [0x00007faefe270000, 0x00007faf03dc6730, 0x00007faf08df0000)
  to   space 175616K,   0% used [0x00007faf08df0000, 0x00007faf08df0000, 0x00007faf13970000)
 tenured generation   total 3513180K, used 3451740K [0x00007fb9530a0000, 0x00007fba29777000, 0x00007fcea8600000)
   the space 3513180K,  98% used [0x00007fb9530a0000, 0x00007fba25b77358, 0x00007fba25b77400, 0x00007fba29777000)
 Metaspace       used 24229K, capacity 24629K, committed 24832K, reserved 26624K
}
Event: 928.630 GC heap after
{Heap after GC invocations=1241 (full 5):
 def new generation   total 1580992K, used 86313K [0x00007faea8600000, 0x00007faf13970000, 0x00007fb9530a0000)
  eden space 1405376K,   0% used [0x00007faea8600000, 0x00007faea8600000, 0x00007faefe270000)
  from space 175616K,  49% used [0x00007faf08df0000, 0x00007faf0e23a418, 0x00007faf13970000)
  to   space 175616K,   0% used [0x00007faefe270000, 0x00007faefe270000, 0x00007faf08df0000)
 tenured generation   total 3513180K, used 3468699K [0x00007fb9530a0000, 0x00007fba29777000, 0x00007fcea8600000)
   the space 3513180K,  98% used [0x00007fb9530a0000, 0x00007fba26c06e40, 0x00007fba26c07000, 0x00007fba29777000)
 Metaspace       used 24229K, capacity 24629K, committed 24832K, reserved 26624K
}
Event: 929.746 GC heap before
{Heap before GC invocations=1241 (full 5):
 def new generation   total 1580992K, used 1490697K [0x00007faea8600000, 0x00007faf13970000, 0x00007fb9530a0000)
  eden space 1405376K,  99% used [0x00007faea8600000, 0x00007faefe1782a8, 0x00007faefe270000)
  from space 175616K,  49% used [0x00007faf08df0000, 0x00007faf0e23a418, 0x00007faf13970000)
  to   space 175616K,   0% used [0x00007faefe270000, 0x00007faefe270000, 0x00007faf08df0000)
 tenured generation   total 3513180K, used 3468699K [0x00007fb9530a0000, 0x00007fba29777000, 0x00007fcea8600000)
   the space 3513180K,  98% used [0x00007fb9530a0000, 0x00007fba26c06e40, 0x00007fba26c07000, 0x00007fba29777000)
 Metaspace       used 24229K, capacity 24629K, committed 24832K, reserved 26624K
}
Event: 929.804 GC heap after
{Heap after GC invocations=1242 (full 5):
 def new generation   total 1580992K, used 90478K [0x00007faea8600000, 0x00007faf13970000, 0x00007fb9530a0000)
  eden space 1405376K,   0% used [0x00007faea8600000, 0x00007faea8600000, 0x00007faefe270000)
  from space 175616K,  51% used [0x00007faefe270000, 0x00007faf03acbbb0, 0x00007faf08df0000)
  to   space 175616K,   0% used [0x00007faf08df0000, 0x00007faf08df0000, 0x00007faf13970000)
 tenured generation   total 3513180K, used 3468699K [0x00007fb9530a0000, 0x00007fba29777000, 0x00007fcea8600000)
   the space 3513180K,  98% used [0x00007fb9530a0000, 0x00007fba26c06e40, 0x00007fba26c07000, 0x00007fba29777000)
 Metaspace       used 24229K, capacity 24629K, committed 24832K, reserved 26624K
}
Event: 931.370 GC heap before
{Heap before GC invocations=1242 (full 5):
 def new generation   total 1580992K, used 1493259K [0x00007faea8600000, 0x00007faf13970000, 0x00007fb9530a0000)
  eden space 1405376K,  99% used [0x00007faea8600000, 0x00007faefdfe70f8, 0x00007faefe270000)
  from space 175616K,  51% used [0x00007faefe270000, 0x00007faf03acbbb0, 0x00007faf08df0000)
  to   space 175616K,   0% used [0x00007faf08df0000, 0x00007faf08df0000, 0x00007faf13970000)
 tenured generation   total 3513180K, used 3468699K [0x00007fb9530a0000, 0x00007fba29777000, 0x00007fcea8600000)
   the space 3513180K,  98% used [0x00007fb9530a0000, 0x00007fba26c06e40, 0x00007fba26c07000, 0x00007fba29777000)
 Metaspace       used 24229K, capacity 24629K, committed 24832K, reserved 26624K
}
Event: 931.448 GC heap after
{Heap after GC invocations=1243 (full 5):
 def new generation   total 1580992K, used 94547K [0x00007faea8600000, 0x00007faf13970000, 0x00007fb9530a0000)
  eden space 1405376K,   0% used [0x00007faea8600000, 0x00007faea8600000, 0x00007faefe270000)
  from space 175616K,  53% used [0x00007faf08df0000, 0x00007faf0ea44eb8, 0x00007faf13970000)
  to   space 175616K,   0% used [0x00007faefe270000, 0x00007faefe270000, 0x00007faf08df0000)
 tenured generation   total 3513180K, used 3485658K [0x00007fb9530a0000, 0x00007fba29777000, 0x00007fcea8600000)
   the space 3513180K,  99% used [0x00007fb9530a0000, 0x00007fba27c96928, 0x00007fba27c96a00, 0x00007fba29777000)
 Metaspace       used 24229K, capacity 24629K, committed 24832K, reserved 26624K
}
Event: 932.741 GC heap before
{Heap before GC invocations=1243 (full 5):
 def new generation   total 1580992K, used 1499923K [0x00007faea8600000, 0x00007faf13970000, 0x00007fb9530a0000)
  eden space 1405376K, 100% used [0x00007faea8600000, 0x00007faefe270000, 0x00007faefe270000)
  from space 175616K,  53% used [0x00007faf08df0000, 0x00007faf0ea44eb8, 0x00007faf13970000)
  to   space 175616K,   0% used [0x00007faefe270000, 0x00007faefe270000, 0x00007faf08df0000)
 tenured generation   total 3513180K, used 3485658K [0x00007fb9530a0000, 0x00007fba29777000, 0x00007fcea8600000)
   the space 3513180K,  99% used [0x00007fb9530a0000, 0x00007fba27c96928, 0x00007fba27c96a00, 0x00007fba29777000)
 Metaspace       used 24229K, capacity 24629K, committed 24832K, reserved 26624K
}
Event: 932.815 GC heap after
{Heap after GC invocations=1244 (full 5):
 def new generation   total 1580992K, used 67816K [0x00007faea8600000, 0x00007faf13970000, 0x00007fb9530a0000)
  eden space 1405376K,   0% used [0x00007faea8600000, 0x00007faea8600000, 0x00007faefe270000)
  from space 175616K,  38% used [0x00007faefe270000, 0x00007faf024aa370, 0x00007faf08df0000)
  to   space 175616K,   0% used [0x00007faf08df0000, 0x00007faf08df0000, 0x00007faf13970000)
 tenured generation   total 3513180K, used 3502617K [0x00007fb9530a0000, 0x00007fba29777000, 0x00007fcea8600000)
   the space 3513180K,  99% used [0x00007fb9530a0000, 0x00007fba28d26410, 0x00007fba28d26600, 0x00007fba29777000)
 Metaspace       used 24229K, capacity 24629K, committed 24832K, reserved 26624K
}
Event: 933.927 GC heap before
{Heap before GC invocations=1244 (full 5):
 def new generation   total 1580992K, used 1471606K [0x00007faea8600000, 0x00007faf13970000, 0x00007fb9530a0000)
  eden space 1405376K,  99% used [0x00007faea8600000, 0x00007faefe0e37b0, 0x00007faefe270000)
  from space 175616K,  38% used [0x00007faefe270000, 0x00007faf024aa370, 0x00007faf08df0000)
  to   space 175616K,   0% used [0x00007faf08df0000, 0x00007faf08df0000, 0x00007faf13970000)
 tenured generation   total 3513180K, used 3502617K [0x00007fb9530a0000, 0x00007fba29777000, 0x00007fcea8600000)
   the space 3513180K,  99% used [0x00007fb9530a0000, 0x00007fba28d26410, 0x00007fba28d26600, 0x00007fba29777000)
 Metaspace       used 24229K, capacity 24629K, committed 24832K, reserved 26624K
}
Event: 933.985 GC heap after
{Heap after GC invocations=1245 (full 5):
 def new generation   total 1580992K, used 87334K [0x00007faea8600000, 0x00007faf13970000, 0x00007fb9530a0000)
  eden space 1405376K,   0% used [0x00007faea8600000, 0x00007faea8600000, 0x00007faefe270000)
  from space 175616K,  49% used [0x00007faf08df0000, 0x00007faf0e339b40, 0x00007faf13970000)
  to   space 175616K,   0% used [0x00007faefe270000, 0x00007faefe270000, 0x00007faf08df0000)
 tenured generation   total 3513180K, used 3502617K [0x00007fb9530a0000, 0x00007fba29777000, 0x00007fcea8600000)
   the space 3513180K,  99% used [0x00007fb9530a0000, 0x00007fba28d26410, 0x00007fba28d26600, 0x00007fba29777000)
 Metaspace       used 24229K, capacity 24629K, committed 24832K, reserved 26624K
}
Event: 935.525 GC heap before
{Heap before GC invocations=1245 (full 5):
 def new generation   total 1580992K, used 1492710K [0x00007faea8600000, 0x00007faf13970000, 0x00007fb9530a0000)
  eden space 1405376K, 100% used [0x00007faea8600000, 0x00007faefe270000, 0x00007faefe270000)
  from space 175616K,  49% used [0x00007faf08df0000, 0x00007faf0e339b40, 0x00007faf13970000)
  to   space 175616K,   0% used [0x00007faefe270000, 0x00007faefe270000, 0x00007faf08df0000)
 tenured generation   total 3513180K, used 3502617K [0x00007fb9530a0000, 0x00007fba29777000, 0x00007fcea8600000)
   the space 3513180K,  99% used [0x00007fb9530a0000, 0x00007fba28d26410, 0x00007fba28d26600, 0x00007fba29777000)
 Metaspace       used 24229K, capacity 24629K, committed 24832K, reserved 26624K
}
Event: 935.575 GC heap after
{Heap after GC invocations=1246 (full 5):
 def new generation   total 1580992K, used 79142K [0x00007faea8600000, 0x00007faf13970000, 0x00007fb9530a0000)
  eden space 1405376K,   0% used [0x00007faea8600000, 0x00007faea8600000, 0x00007faefe270000)
  from space 175616K,  45% used [0x00007faefe270000, 0x00007faf02fb9a80, 0x00007faf08df0000)
  to   space 175616K,   0% used [0x00007faf08df0000, 0x00007faf08df0000, 0x00007faf13970000)
 tenured generation   total 3513180K, used 3502617K [0x00007fb9530a0000, 0x00007fba29777000, 0x00007fcea8600000)
   the space 3513180K,  99% used [0x00007fb9530a0000, 0x00007fba28d26410, 0x00007fba28d26600, 0x00007fba29777000)
 Metaspace       used 24229K, capacity 24629K, committed 24832K, reserved 26624K
}
Event: 936.744 GC heap before
{Heap before GC invocations=1246 (full 5):
 def new generation   total 1580992K, used 1484518K [0x00007faea8600000, 0x00007faf13970000, 0x00007fb9530a0000)
  eden space 1405376K, 100% used [0x00007faea8600000, 0x00007faefe270000, 0x00007faefe270000)
  from space 175616K,  45% used [0x00007faefe270000, 0x00007faf02fb9a80, 0x00007faf08df0000)
  to   space 175616K,   0% used [0x00007faf08df0000, 0x00007faf08df0000, 0x00007faf13970000)
 tenured generation   total 3513180K, used 3502617K [0x00007fb9530a0000, 0x00007fba29777000, 0x00007fcea8600000)
   the space 3513180K,  99% used [0x00007fb9530a0000, 0x00007fba28d26410, 0x00007fba28d26600, 0x00007fba29777000)
 Metaspace       used 24229K, capacity 24629K, committed 24832K, reserved 26624K
}
Event: 936.801 GC heap after
{Heap after GC invocations=1247 (full 5):
 def new generation   total 1580992K, used 84790K [0x00007faea8600000, 0x00007faf13970000, 0x00007fb9530a0000)
  eden space 1405376K,   0% used [0x00007faea8600000, 0x00007faea8600000, 0x00007faefe270000)
  from space 175616K,  48% used [0x00007faf08df0000, 0x00007faf0e0bdb20, 0x00007faf13970000)
  to   space 175616K,   0% used [0x00007faefe270000, 0x00007faefe270000, 0x00007faf08df0000)
 tenured generation   total 3513180K, used 3502617K [0x00007fb9530a0000, 0x00007fba29777000, 0x00007fcea8600000)
   the space 3513180K,  99% used [0x00007fb9530a0000, 0x00007fba28d26410, 0x00007fba28d26600, 0x00007fba29777000)
 Metaspace       used 24229K, capacity 24629K, committed 24832K, reserved 26624K
}
Event: 938.078 GC heap before
{Heap before GC invocations=1247 (full 5):
 def new generation   total 1580992K, used 1490166K [0x00007faea8600000, 0x00007faf13970000, 0x00007fb9530a0000)
  eden space 1405376K, 100% used [0x00007faea8600000, 0x00007faefe270000, 0x00007faefe270000)
  from space 175616K,  48% used [0x00007faf08df0000, 0x00007faf0e0bdb20, 0x00007faf13970000)
  to   space 175616K,   0% used [0x00007faefe270000, 0x00007faefe270000, 0x00007faf08df0000)
 tenured generation   total 3513180K, used 3502617K [0x00007fb9530a0000, 0x00007fba29777000, 0x00007fcea8600000)
   the space 3513180K,  99% used [0x00007fb9530a0000, 0x00007fba28d26410, 0x00007fba28d26600, 0x00007fba29777000)
 Metaspace       used 24229K, capacity 24629K, committed 24832K, reserved 26624K
}
Event: 938.141 GC heap after
{Heap after GC invocations=1248 (full 5):
 def new generation   total 1580992K, used 88908K [0x00007faea8600000, 0x00007faf13970000, 0x00007fb9530a0000)
  eden space 1405376K,   0% used [0x00007faea8600000, 0x00007faea8600000, 0x00007faefe270000)
  from space 175616K,  50% used [0x00007faefe270000, 0x00007faf039431a0, 0x00007faf08df0000)
  to   space 175616K,   0% used [0x00007faf08df0000, 0x00007faf08df0000, 0x00007faf13970000)
 tenured generation   total 3513180K, used 3502617K [0x00007fb9530a0000, 0x00007fba29777000, 0x00007fcea8600000)
   the space 3513180K,  99% used [0x00007fb9530a0000, 0x00007fba28d26410, 0x00007fba28d26600, 0x00007fba29777000)
 Metaspace       used 24229K, capacity 24629K, committed 24832K, reserved 26624K
}
Event: 939.698 GC heap before
{Heap before GC invocations=1248 (full 5):
 def new generation   total 1580992K, used 1492043K [0x00007faea8600000, 0x00007faf13970000, 0x00007fb9530a0000)
  eden space 1405376K,  99% used [0x00007faea8600000, 0x00007faefe03fdc0, 0x00007faefe270000)
  from space 175616K,  50% used [0x00007faefe270000, 0x00007faf039431a0, 0x00007faf08df0000)
  to   space 175616K,   0% used [0x00007faf08df0000, 0x00007faf08df0000, 0x00007faf13970000)
 tenured generation   total 3513180K, used 3502617K [0x00007fb9530a0000, 0x00007fba29777000, 0x00007fcea8600000)
   the space 3513180K,  99% used [0x00007fb9530a0000, 0x00007fba28d26410, 0x00007fba28d26600, 0x00007fba29777000)
 Metaspace       used 24229K, capacity 24629K, committed 24832K, reserved 26624K
}
Event: 939.765 GC heap after
{Heap after GC invocations=1249 (full 5):
 def new generation   total 1580992K, used 81194K [0x00007faea8600000, 0x00007faf13970000, 0x00007fb9530a0000)
  eden space 1405376K,   0% used [0x00007faea8600000, 0x00007faea8600000, 0x00007faefe270000)
  from space 175616K,  46% used [0x00007faf08df0000, 0x00007faf0dd3a960, 0x00007faf13970000)
  to   space 175616K,   0% used [0x00007faefe270000, 0x00007faefe270000, 0x00007faf08df0000)
 tenured generation   total 3529568K, used 3519575K [0x00007fb9530a0000, 0x00007fba2a778000, 0x00007fcea8600000)
   the space 3529568K,  99% used [0x00007fb9530a0000, 0x00007fba29db5ef8, 0x00007fba29db6000, 0x00007fba2a778000)
 Metaspace       used 24229K, capacity 24629K, committed 24832K, reserved 26624K
}
Event: 939.765 GC heap before
{Heap before GC invocations=1249 (full 5):
 def new generation   total 1580992K, used 81194K [0x00007faea8600000, 0x00007faf13970000, 0x00007fb9530a0000)
  eden space 1405376K,   0% used [0x00007faea8600000, 0x00007faea8600000, 0x00007faefe270000)
  from space 175616K,  46% used [0x00007faf08df0000, 0x00007faf0dd3a960, 0x00007faf13970000)
  to   space 175616K,   0% used [0x00007faefe270000, 0x00007faefe270000, 0x00007faf08df0000)
 tenured generation   total 3529568K, used 3519575K [0x00007fb9530a0000, 0x00007fba2a778000, 0x00007fcea8600000)
   the space 3529568K,  99% used [0x00007fb9530a0000, 0x00007fba29db5ef8, 0x00007fba29db6000, 0x00007fba2a778000)
 Metaspace       used 24229K, capacity 24629K, committed 24832K, reserved 26624K
}

Deoptimization events (20 events):
Event: 69.342 Thread 0x00007fcec0018000 DEOPT PACKING pc=0x00007fcea93ddacb sp=0x00007fcec7b1c2c0
Event: 69.342 Thread 0x00007fcec0018000 DEOPT UNPACKING pc=0x00007fcea87d333a sp=0x00007fcec7b1b6d0 mode 0
Event: 98.881 Thread 0x00007fcec0018000 DEOPT PACKING pc=0x00007fcea9412924 sp=0x00007fcec7b1c740
Event: 98.881 Thread 0x00007fcec0018000 DEOPT UNPACKING pc=0x00007fcea87d333a sp=0x00007fcec7b1bd68 mode 0
Event: 108.124 Thread 0x00007fcec0018000 DEOPT PACKING pc=0x00007fcea9412924 sp=0x00007fcec7b1c740
Event: 108.124 Thread 0x00007fcec0018000 DEOPT UNPACKING pc=0x00007fcea87d333a sp=0x00007fcec7b1bd68 mode 0
Event: 115.893 Thread 0x00007fcec0018000 DEOPT PACKING pc=0x00007fcea9412924 sp=0x00007fcec7b1c740
Event: 115.893 Thread 0x00007fcec0018000 DEOPT UNPACKING pc=0x00007fcea87d333a sp=0x00007fcec7b1bd68 mode 0
Event: 122.266 Thread 0x00007fcec0018000 Uncommon trap: trap_request=0xffffff45 fr.pc=0x00007fceb03f4f7c relative=0x0000000000000cdc
Event: 122.266 Thread 0x00007fcec0018000 Uncommon trap: reason=unstable_if action=reinterpret pc=0x00007fceb03f4f7c method=java.util.HashMap.removeNode(ILjava/lang/Object;Ljava/lang/Object;ZZ)Ljava/util/HashMap$Node; @ 71 c2
Event: 122.266 Thread 0x00007fcec0018000 DEOPT PACKING pc=0x00007fceb03f4f7c sp=0x00007fcec7b1c340
Event: 122.266 Thread 0x00007fcec0018000 DEOPT UNPACKING pc=0x00007fcea87d2e25 sp=0x00007fcec7b1c2e0 mode 2
Event: 122.919 Thread 0x00007fcec0018000 DEOPT PACKING pc=0x00007fcea9412924 sp=0x00007fcec7b1c740
Event: 122.919 Thread 0x00007fcec0018000 DEOPT UNPACKING pc=0x00007fcea87d333a sp=0x00007fcec7b1bd68 mode 0
Event: 132.822 Thread 0x00007fcec0018000 DEOPT PACKING pc=0x00007fcea9412924 sp=0x00007fcec7b1c740
Event: 132.822 Thread 0x00007fcec0018000 DEOPT UNPACKING pc=0x00007fcea87d333a sp=0x00007fcec7b1bd68 mode 0
Event: 575.444 Thread 0x00007fcec0018000 DEOPT PACKING pc=0x00007fcea90af3ca sp=0x00007fcec7b1c800
Event: 575.444 Thread 0x00007fcec0018000 DEOPT UNPACKING pc=0x00007fcea87d333a sp=0x00007fcec7b1bcb8 mode 0
Event: 834.992 Thread 0x00007fcec0018000 DEOPT PACKING pc=0x00007fcea903d5a0 sp=0x00007fcec7b1c800
Event: 834.994 Thread 0x00007fcec0018000 DEOPT UNPACKING pc=0x00007fcea87d333a sp=0x00007fcec7b1bcb8 mode 0

Classes unloaded (0 events):
No events

Classes redefined (0 events):
No events

Internal exceptions (20 events):
Event: 1.443 Thread 0x00007fcec0018000 Exception <a 'java/lang/NoSuchMethodError'{0x00007faea9bfe1f8}: 'int java.lang.invoke.DirectMethodHandle$Holder.invokeInterface(java.lang.Object, java.lang.Object)'> (0x00007faea9bfe1f8) 
thrown [src/hotspot/share/interpreter/linkResolver.cpp, line 766]
Event: 1.494 Thread 0x00007fcec0018000 Exception <a 'java/lang/NoSuchMethodError'{0x00007faea9c411d0}: 'int java.lang.invoke.DirectMethodHandle$Holder.invokeSpecial(java.lang.Object, java.lang.Object, java.lang.Object, java.lang.Object)'> (0x00007faea9c411d0) 
thrown [src/hotspot/share/interpreter/linkResolver.cpp, line 766]
Event: 1.500 Thread 0x00007fcec0018000 Exception <a 'java/lang/NoSuchMethodError'{0x00007faea9c582e0}: 'java.lang.Object java.lang.invoke.DirectMethodHandle$Holder.invokeVirtual(java.lang.Object, java.lang.Object, java.lang.Object, int, int)'> (0x00007faea9c582e0) 
thrown [src/hotspot/share/interpreter/linkResolver.cpp, line 766]
Event: 1.502 Thread 0x00007fcec0018000 Exception <a 'java/lang/NoSuchMethodError'{0x00007faea9c60690}: 'java.lang.Object java.lang.invoke.DirectMethodHandle$Holder.invokeVirtual(java.lang.Object, java.lang.Object, int)'> (0x00007faea9c60690) 
thrown [src/hotspot/share/interpreter/linkResolver.cpp, line 766]
Event: 1.523 Thread 0x00007fcec0018000 Exception <a 'java/lang/NoSuchMethodError'{0x00007faea9c7ed48}: 'java.lang.Object java.lang.invoke.DirectMethodHandle$Holder.invokeSpecial(java.lang.Object, java.lang.Object, java.lang.Object, int, int)'> (0x00007faea9c7ed48) 
thrown [src/hotspot/share/interpreter/linkResolver.cpp, line 766]
Event: 2.283 Thread 0x00007fcec0018000 Exception <a 'java/lang/NoSuchMethodError'{0x00007faeab241128}: 'int java.lang.invoke.DirectMethodHandle$Holder.invokeSpecial(java.lang.Object, java.lang.Object, java.lang.Object, java.lang.Object, java.lang.Object)'> (0x00007faeab241128) 
thrown [src/hotspot/share/interpreter/linkResolver.cpp, line 766]
Event: 2.562 Thread 0x00007fcec0018000 Exception <a 'java/lang/NoSuchMethodError'{0x00007faeab65fa48}: 'java.lang.Object java.lang.invoke.DirectMethodHandle$Holder.invokeStatic(java.lang.Object, java.lang.Object, int, int)'> (0x00007faeab65fa48) 
thrown [src/hotspot/share/interpreter/linkResolver.cpp, line 766]
Event: 3.527 Thread 0x00007fcec0018000 Exception <a 'java/lang/NoSuchMethodError'{0x00007faeadc8e7c8}: 'void java.lang.invoke.DirectMethodHandle$Holder.invokeVirtual(java.lang.Object, java.lang.Object)'> (0x00007faeadc8e7c8) 
thrown [src/hotspot/share/interpreter/linkResolver.cpp, line 766]
Event: 3.917 Thread 0x00007fcec0018000 Exception <a 'java/lang/NoSuchMethodError'{0x00007faeae015498}: 'int java.lang.invoke.DirectMethodHandle$Holder.invokeVirtual(java.lang.Object, java.lang.Object, java.lang.Object, java.lang.Object)'> (0x00007faeae015498) 
thrown [src/hotspot/share/interpreter/linkResolver.cpp, line 766]
Event: 3.932 Thread 0x00007fcec0018000 Exception <a 'java/lang/NoSuchMethodError'{0x00007faeae023700}: 'java.lang.Object java.lang.invoke.DirectMethodHandle$Holder.invokeStatic(java.lang.Object, java.lang.Object, int, java.lang.Object)'> (0x00007faeae023700) 
thrown [src/hotspot/share/interpreter/linkResolver.cpp, line 766]
Event: 3.932 Thread 0x00007fcec0018000 Exception <a 'java/lang/NoSuchMethodError'{0x00007faeae02c018}: 'java.lang.Object java.lang.invoke.Invokers$Holder.linkToTargetMethod(java.lang.Object, int, java.lang.Object, java.lang.Object)'> (0x00007faeae02c018) 
thrown [src/hotspot/share/interpreter/linkResolver.cpp, line 766]
Event: 4.479 Thread 0x00007fcec0018000 Implicit null exception at 0x00007fceb02eb145 to 0x00007fceb02eb318
Event: 4.479 Thread 0x00007fcec0018000 Implicit null exception at 0x00007fceb027ed0f to 0x00007fceb027ed79
Event: 5.212 Thread 0x00007fcec0018000 Implicit null exception at 0x00007fceb02a75c3 to 0x00007fceb02a7644
Event: 5.231 Thread 0x00007fcec0018000 Exception <a 'java/lang/NoSuchMethodError'{0x00007faeaedf8958}: 'java.lang.Object java.lang.invoke.Invokers$Holder.linkToTargetMethod(java.lang.Object, int, java.lang.Object)'> (0x00007faeaedf8958) 
thrown [src/hotspot/share/interpreter/linkResolver.cpp, line 766]
Event: 5.419 Thread 0x00007fcec0018000 Exception <a 'java/lang/NoSuchMethodError'{0x00007faea86074a8}: 'java.lang.Object java.lang.invoke.Invokers$Holder.linkToTargetMethod(java.lang.Object, long, java.lang.Object)'> (0x00007faea86074a8) 
thrown [src/hotspot/share/interpreter/linkResolver.cpp, line 766]
Event: 6.147 Thread 0x00007fcec0018000 Exception <a 'java/lang/NoSuchMethodError'{0x00007faeb4ef7330}: 'java.lang.Object java.lang.invoke.Invokers$Holder.invokeExact_MT(java.lang.Object, java.lang.Object, java.lang.Object, java.lang.Object, java.lang.Object, java.lang.Object)'> (0x00007faeb4ef7330) 
thrown [src/hotspot/share/interpreter/linkResolver.cpp, line 766]
Event: 6.353 Thread 0x00007fcec0018000 Exception <a 'java/lang/NoSuchMethodError'{0x00007faeb50912f8}: 'int java.lang.invoke.DirectMethodHandle$Holder.invokeStatic(java.lang.Object, java.lang.Object, int)'> (0x00007faeb50912f8) 
thrown [src/hotspot/share/interpreter/linkResolver.cpp, line 766]
Event: 6.491 Thread 0x00007fcec0018000 Exception <a 'java/lang/NoSuchMethodError'{0x00007faeb52956d0}: 'double java.lang.invoke.DirectMethodHandle$Holder.invokeStatic(java.lang.Object, java.lang.Object)'> (0x00007faeb52956d0) 
thrown [src/hotspot/share/interpreter/linkResolver.cpp, line 766]
Event: 6.577 Thread 0x00007fcec0018000 Exception <a 'java/lang/NoSuchMethodError'{0x00007faeb53ff388}: 'int java.lang.invoke.DirectMethodHandle$Holder.invokeStatic(java.lang.Object, java.lang.Object, java.lang.Object, int)'> (0x00007faeb53ff388) 
thrown [src/hotspot/share/interpreter/linkResolver.cpp, line 766]

Events (20 events):
Event: 925.678 Executing VM operation: GenCollectForAllocation done
Event: 927.144 Executing VM operation: GenCollectForAllocation
Event: 927.197 Executing VM operation: GenCollectForAllocation done
Event: 928.550 Executing VM operation: GenCollectForAllocation
Event: 928.630 Executing VM operation: GenCollectForAllocation done
Event: 929.746 Executing VM operation: GenCollectForAllocation
Event: 929.804 Executing VM operation: GenCollectForAllocation done
Event: 931.370 Executing VM operation: GenCollectForAllocation
Event: 931.448 Executing VM operation: GenCollectForAllocation done
Event: 932.740 Executing VM operation: GenCollectForAllocation
Event: 932.815 Executing VM operation: GenCollectForAllocation done
Event: 933.927 Executing VM operation: GenCollectForAllocation
Event: 933.985 Executing VM operation: GenCollectForAllocation done
Event: 935.525 Executing VM operation: GenCollectForAllocation
Event: 935.575 Executing VM operation: GenCollectForAllocation done
Event: 936.743 Executing VM operation: GenCollectForAllocation
Event: 936.801 Executing VM operation: GenCollectForAllocation done
Event: 938.078 Executing VM operation: GenCollectForAllocation
Event: 938.141 Executing VM operation: GenCollectForAllocation done
Event: 939.695 Executing VM operation: GenCollectForAllocation


Dynamic libraries:
5642f3c91000-5642f3c92000 r--p 00000000 07:04 4860                       /usr/lib/jvm/java-13-openjdk-amd64/bin/java
5642f3c92000-5642f3c93000 r-xp 00001000 07:04 4860                       /usr/lib/jvm/java-13-openjdk-amd64/bin/java
5642f3c93000-5642f3c94000 r--p 00002000 07:04 4860                       /usr/lib/jvm/java-13-openjdk-amd64/bin/java
5642f3c94000-5642f3c95000 r--p 00002000 07:04 4860                       /usr/lib/jvm/java-13-openjdk-amd64/bin/java
5642f3c95000-5642f3c96000 rw-p 00003000 07:04 4860                       /usr/lib/jvm/java-13-openjdk-amd64/bin/java
5642f4891000-5642f48b2000 rw-p 00000000 00:00 0                          [heap]
7fae60000000-7fae60021000 rw-p 00000000 00:00 0 
7fae60021000-7fae64000000 ---p 00000000 00:00 0 
7fae68000000-7fae68021000 rw-p 00000000 00:00 0 
7fae68021000-7fae6c000000 ---p 00000000 00:00 0 
7fae6c000000-7fae6c021000 rw-p 00000000 00:00 0 
7fae6c021000-7fae70000000 ---p 00000000 00:00 0 
7fae70000000-7fae7224a000 rw-p 00000000 00:00 0 
7fae7224a000-7fae74000000 ---p 00000000 00:00 0 
7fae74000000-7fae749a3000 rw-p 00000000 00:00 0 
7fae749a3000-7fae78000000 ---p 00000000 00:00 0 
7fae78000000-7fae78021000 rw-p 00000000 00:00 0 
7fae78021000-7fae7c000000 ---p 00000000 00:00 0 
7fae7c000000-7fae7c021000 rw-p 00000000 00:00 0 
7fae7c021000-7fae80000000 ---p 00000000 00:00 0 
7fae80000000-7fae80021000 rw-p 00000000 00:00 0 
7fae80021000-7fae84000000 ---p 00000000 00:00 0 
7fae84000000-7fae84021000 rw-p 00000000 00:00 0 
7fae84021000-7fae88000000 ---p 00000000 00:00 0 
7fae88000000-7fae8804f000 rw-p 00000000 00:00 0 
7fae8804f000-7fae8c000000 ---p 00000000 00:00 0 
7fae8db54000-7fae8e210000 rw-p 00000000 00:00 0 
7fae8e210000-7fae985ff000 ---p 00000000 00:00 0 
7fae985ff000-7fae98959000 rw-p 00000000 00:00 0 
7fae98959000-7fae9db54000 ---p 00000000 00:00 0 
7fae9db54000-7fae9e210000 rw-p 00000000 00:00 0 
7fae9e210000-7faea85ff000 ---p 00000000 00:00 0 
7faea85ff000-7faf13970000 rw-p 00000000 00:00 0 
7faf13970000-7fb9530a0000 ---p 00000000 00:00 0 
7fb9530a0000-7fba2a778000 rw-p 00000000 00:00 0 
7fbaba105000-7fcea8600000 ---p 00000000 00:00 0 
7fcea878a000-7fcea89fa000 rwxp 00000000 00:00 0 
7fcea89fa000-7fcea8d19000 ---p 00000000 00:00 0 
7fcea8d19000-7fcea9429000 rwxp 00000000 00:00 0 
7fcea9429000-7fceb0251000 ---p 00000000 00:00 0 
7fceb0251000-7fceb04c1000 rwxp 00000000 00:00 0 
7fceb04c1000-7fceb778a000 ---p 00000000 00:00 0 
7fceb778a000-7fcec0000000 r--s 00000000 07:04 5215                       /usr/lib/jvm/java-13-openjdk-amd64/lib/modules
7fcec0000000-7fcec06ac000 rw-p 00000000 00:00 0 
7fcec06ac000-7fcec4000000 ---p 00000000 00:00 0 
7fcec5068000-7fcec50a8000 rw-p 00000000 00:00 0 
7fcec50a8000-7fcec5268000 ---p 00000000 00:00 0 
7fcec5268000-7fcec5468000 rw-p 00000000 00:00 0 
7fcec5468000-7fcec5668000 rw-p 00000000 00:00 0 
7fcec5668000-7fcec5868000 rw-p 00000000 00:00 0 
7fcec5868000-7fcec5a68000 rw-p 00000000 00:00 0 
7fcec5a68000-7fcec5e08000 rw-p 00000000 00:00 0 
7fcec5e08000-7fcec6008000 rw-p 00000000 00:00 0 
7fcec6008000-7fcec6208000 rw-p 00000000 00:00 0 
7fcec6208000-7fcec6408000 rw-p 00000000 00:00 0 
7fcec6408000-7fcec6439000 rw-p 00000000 00:00 0 
7fcec6439000-7fcec643d000 r--p 00000000 07:04 5204                       /usr/lib/jvm/java-13-openjdk-amd64/lib/libnet.so
7fcec643d000-7fcec644b000 r-xp 00004000 07:04 5204                       /usr/lib/jvm/java-13-openjdk-amd64/lib/libnet.so
7fcec644b000-7fcec644f000 r--p 00012000 07:04 5204                       /usr/lib/jvm/java-13-openjdk-amd64/lib/libnet.so
7fcec644f000-7fcec6450000 r--p 00015000 07:04 5204                       /usr/lib/jvm/java-13-openjdk-amd64/lib/libnet.so
7fcec6450000-7fcec6451000 rw-p 00016000 07:04 5204                       /usr/lib/jvm/java-13-openjdk-amd64/lib/libnet.so
7fcec6451000-7fcec6458000 r--p 00000000 07:04 5205                       /usr/lib/jvm/java-13-openjdk-amd64/lib/libnio.so
7fcec6458000-7fcec6461000 r-xp 00007000 07:04 5205                       /usr/lib/jvm/java-13-openjdk-amd64/lib/libnio.so
7fcec6461000-7fcec6465000 r--p 00010000 07:04 5205                       /usr/lib/jvm/java-13-openjdk-amd64/lib/libnio.so
7fcec6465000-7fcec6466000 r--p 00013000 07:04 5205                       /usr/lib/jvm/java-13-openjdk-amd64/lib/libnio.so
7fcec6466000-7fcec6467000 rw-p 00014000 07:04 5205                       /usr/lib/jvm/java-13-openjdk-amd64/lib/libnio.so
7fcec6467000-7fcec6468000 ---p 00000000 00:00 0 
7fcec6468000-7fcec6569000 rw-p 00000000 00:00 0 
7fcec6569000-7fcec656d000 ---p 00000000 00:00 0 
7fcec656d000-7fcec666a000 rw-p 00000000 00:00 0 
7fcec666a000-7fcec666e000 ---p 00000000 00:00 0 
7fcec666e000-7fcec676b000 rw-p 00000000 00:00 0 
7fcec676b000-7fcec676f000 ---p 00000000 00:00 0 
7fcec676f000-7fcec686c000 rw-p 00000000 00:00 0 
7fcec686c000-7fcec6870000 ---p 00000000 00:00 0 
7fcec6870000-7fcec696d000 rw-p 00000000 00:00 0 
7fcec696d000-7fcec6971000 ---p 00000000 00:00 0 
7fcec6971000-7fcec6a6e000 rw-p 00000000 00:00 0 
7fcec6a6e000-7fcec6a72000 ---p 00000000 00:00 0 
7fcec6a72000-7fcec6b6f000 rw-p 00000000 00:00 0 
7fcec6b6f000-7fcec6b76000 r--s 00000000 07:04 8532                       /usr/lib/x86_64-linux-gnu/gconv/gconv-modules.cache
7fcec6b76000-7fcec6ba8000 r--p 00000000 07:04 5276                       /usr/lib/locale/C.UTF-8/LC_CTYPE
7fcec6ba8000-7fcec6bac000 ---p 00000000 00:00 0 
7fcec6bac000-7fcec6ca9000 rw-p 00000000 00:00 0 
7fcec6ca9000-7fcec6cad000 ---p 00000000 00:00 0 
7fcec6cad000-7fcec6daa000 rw-p 00000000 00:00 0 
7fcec6daa000-7fcec6dab000 ---p 00000000 00:00 0 
7fcec6dab000-7fcec77c9000 rw-p 00000000 00:00 0 
7fcec77c9000-7fcec77ce000 rw-p 00000000 00:00 0 
7fcec77ce000-7fcec78b4000 ---p 00000000 00:00 0 
7fcec78b4000-7fcec78c3000 rw-p 00000000 00:00 0 
7fcec78c3000-7fcec799f000 ---p 00000000 00:00 0 
7fcec799f000-7fcec79a4000 rw-p 00000000 00:00 0 
7fcec79a4000-7fcec79ab000 ---p 00000000 00:00 0 
7fcec79ab000-7fcec79ad000 r--p 00000000 07:04 5214                       /usr/lib/jvm/java-13-openjdk-amd64/lib/libzip.so
7fcec79ad000-7fcec79b1000 r-xp 00002000 07:04 5214                       /usr/lib/jvm/java-13-openjdk-amd64/lib/libzip.so
7fcec79b1000-7fcec79b3000 r--p 00006000 07:04 5214                       /usr/lib/jvm/java-13-openjdk-amd64/lib/libzip.so
7fcec79b3000-7fcec79b4000 r--p 00007000 07:04 5214                       /usr/lib/jvm/java-13-openjdk-amd64/lib/libzip.so
7fcec79b4000-7fcec79b5000 rw-p 00008000 07:04 5214                       /usr/lib/jvm/java-13-openjdk-amd64/lib/libzip.so
7fcec79b5000-7fcec79bd000 rw-s 00000000 08:03 67687780                   /tmp/hsperfdata_rcabanas/8487
7fcec79bd000-7fcec79c0000 r--p 00000000 07:04 9108                       /usr/lib/x86_64-linux-gnu/libnss_files-2.31.so
7fcec79c0000-7fcec79c7000 r-xp 00003000 07:04 9108                       /usr/lib/x86_64-linux-gnu/libnss_files-2.31.so
7fcec79c7000-7fcec79c9000 r--p 0000a000 07:04 9108                       /usr/lib/x86_64-linux-gnu/libnss_files-2.31.so
7fcec79c9000-7fcec79ca000 r--p 0000b000 07:04 9108                       /usr/lib/x86_64-linux-gnu/libnss_files-2.31.so
7fcec79ca000-7fcec79cb000 rw-p 0000c000 07:04 9108                       /usr/lib/x86_64-linux-gnu/libnss_files-2.31.so
7fcec79cb000-7fcec79d1000 rw-p 00000000 00:00 0 
7fcec79d7000-7fcec79d9000 r--p 00000000 07:04 5195                       /usr/lib/jvm/java-13-openjdk-amd64/lib/libjimage.so
7fcec79d9000-7fcec79dc000 r-xp 00002000 07:04 5195                       /usr/lib/jvm/java-13-openjdk-amd64/lib/libjimage.so
7fcec79dc000-7fcec79dd000 r--p 00005000 07:04 5195                       /usr/lib/jvm/java-13-openjdk-amd64/lib/libjimage.so
7fcec79dd000-7fcec79de000 ---p 00006000 07:04 5195                       /usr/lib/jvm/java-13-openjdk-amd64/lib/libjimage.so
7fcec79de000-7fcec79df000 r--p 00006000 07:04 5195                       /usr/lib/jvm/java-13-openjdk-amd64/lib/libjimage.so
7fcec79df000-7fcec79e0000 rw-p 00007000 07:04 5195                       /usr/lib/jvm/java-13-openjdk-amd64/lib/libjimage.so
7fcec79e0000-7fcec79ed000 r--p 00000000 07:04 5191                       /usr/lib/jvm/java-13-openjdk-amd64/lib/libjava.so
7fcec79ed000-7fcec7a02000 r-xp 0000d000 07:04 5191                       /usr/lib/jvm/java-13-openjdk-amd64/lib/libjava.so
7fcec7a02000-7fcec7a08000 r--p 00022000 07:04 5191                       /usr/lib/jvm/java-13-openjdk-amd64/lib/libjava.so
7fcec7a08000-7fcec7a09000 ---p 00028000 07:04 5191                       /usr/lib/jvm/java-13-openjdk-amd64/lib/libjava.so
7fcec7a09000-7fcec7a0a000 r--p 00028000 07:04 5191                       /usr/lib/jvm/java-13-openjdk-amd64/lib/libjava.so
7fcec7a0a000-7fcec7a0c000 rw-p 00029000 07:04 5191                       /usr/lib/jvm/java-13-openjdk-amd64/lib/libjava.so
7fcec7a0c000-7fcec7a11000 r--p 00000000 07:04 5213                       /usr/lib/jvm/java-13-openjdk-amd64/lib/libverify.so
7fcec7a11000-7fcec7a18000 r-xp 00005000 07:04 5213                       /usr/lib/jvm/java-13-openjdk-amd64/lib/libverify.so
7fcec7a18000-7fcec7a1a000 r--p 0000c000 07:04 5213                       /usr/lib/jvm/java-13-openjdk-amd64/lib/libverify.so
7fcec7a1a000-7fcec7a1b000 ---p 0000e000 07:04 5213                       /usr/lib/jvm/java-13-openjdk-amd64/lib/libverify.so
7fcec7a1b000-7fcec7a1d000 r--p 0000e000 07:04 5213                       /usr/lib/jvm/java-13-openjdk-amd64/lib/libverify.so
7fcec7a1d000-7fcec7a1e000 rw-p 00010000 07:04 5213                       /usr/lib/jvm/java-13-openjdk-amd64/lib/libverify.so
7fcec7a1e000-7fcec7a22000 ---p 00000000 00:00 0 
7fcec7a22000-7fcec7b1f000 rw-p 00000000 00:00 0 
7fcec7b1f000-7fcec7b22000 r--p 00000000 07:04 8948                       /usr/lib/x86_64-linux-gnu/libgcc_s.so.1
7fcec7b22000-7fcec7b34000 r-xp 00003000 07:04 8948                       /usr/lib/x86_64-linux-gnu/libgcc_s.so.1
7fcec7b34000-7fcec7b38000 r--p 00015000 07:04 8948                       /usr/lib/x86_64-linux-gnu/libgcc_s.so.1
7fcec7b38000-7fcec7b39000 r--p 00018000 07:04 8948                       /usr/lib/x86_64-linux-gnu/libgcc_s.so.1
7fcec7b39000-7fcec7b3a000 rw-p 00019000 07:04 8948                       /usr/lib/x86_64-linux-gnu/libgcc_s.so.1
7fcec7b3a000-7fcec7b47000 r--p 00000000 07:04 9062                       /usr/lib/x86_64-linux-gnu/libm-2.31.so
7fcec7b47000-7fcec7bee000 r-xp 0000d000 07:04 9062                       /usr/lib/x86_64-linux-gnu/libm-2.31.so
7fcec7bee000-7fcec7c87000 r--p 000b4000 07:04 9062                       /usr/lib/x86_64-linux-gnu/libm-2.31.so
7fcec7c87000-7fcec7c88000 r--p 0014c000 07:04 9062                       /usr/lib/x86_64-linux-gnu/libm-2.31.so
7fcec7c88000-7fcec7c89000 rw-p 0014d000 07:04 9062                       /usr/lib/x86_64-linux-gnu/libm-2.31.so
7fcec7c89000-7fcec7d1f000 r--p 00000000 07:04 9213                       /usr/lib/x86_64-linux-gnu/libstdc++.so.6.0.28
7fcec7d1f000-7fcec7e10000 r-xp 00096000 07:04 9213                       /usr/lib/x86_64-linux-gnu/libstdc++.so.6.0.28
7fcec7e10000-7fcec7e59000 r--p 00187000 07:04 9213                       /usr/lib/x86_64-linux-gnu/libstdc++.so.6.0.28
7fcec7e59000-7fcec7e5a000 ---p 001d0000 07:04 9213                       /usr/lib/x86_64-linux-gnu/libstdc++.so.6.0.28
7fcec7e5a000-7fcec7e65000 r--p 001d0000 07:04 9213                       /usr/lib/x86_64-linux-gnu/libstdc++.so.6.0.28
7fcec7e65000-7fcec7e68000 rw-p 001db000 07:04 9213                       /usr/lib/x86_64-linux-gnu/libstdc++.so.6.0.28
7fcec7e68000-7fcec7e6b000 rw-p 00000000 00:00 0 
7fcec7e6b000-7fcec80f1000 r--p 00000000 07:04 5226                       /usr/lib/jvm/java-13-openjdk-amd64/lib/server/libjvm.so
7fcec80f1000-7fcec8e6e000 r-xp 00286000 07:04 5226                       /usr/lib/jvm/java-13-openjdk-amd64/lib/server/libjvm.so
7fcec8e6e000-7fcec90e9000 r--p 01003000 07:04 5226                       /usr/lib/jvm/java-13-openjdk-amd64/lib/server/libjvm.so
7fcec90e9000-7fcec91ae000 r--p 0127d000 07:04 5226                       /usr/lib/jvm/java-13-openjdk-amd64/lib/server/libjvm.so
7fcec91ae000-7fcec91e9000 rw-p 01342000 07:04 5226                       /usr/lib/jvm/java-13-openjdk-amd64/lib/server/libjvm.so
7fcec91e9000-7fcec926f000 rw-p 00000000 00:00 0 
7fcec926f000-7fcec9275000 r--p 00000000 07:04 9166                       /usr/lib/x86_64-linux-gnu/libpthread-2.31.so
7fcec9275000-7fcec9286000 r-xp 00006000 07:04 9166                       /usr/lib/x86_64-linux-gnu/libpthread-2.31.so
7fcec9286000-7fcec928c000 r--p 00017000 07:04 9166                       /usr/lib/x86_64-linux-gnu/libpthread-2.31.so
7fcec928c000-7fcec928d000 r--p 0001c000 07:04 9166                       /usr/lib/x86_64-linux-gnu/libpthread-2.31.so
7fcec928d000-7fcec928e000 rw-p 0001d000 07:04 9166                       /usr/lib/x86_64-linux-gnu/libpthread-2.31.so
7fcec928e000-7fcec9292000 rw-p 00000000 00:00 0 
7fcec9292000-7fcec9293000 r--p 00000000 07:04 8893                       /usr/lib/x86_64-linux-gnu/libdl-2.31.so
7fcec9293000-7fcec9295000 r-xp 00001000 07:04 8893                       /usr/lib/x86_64-linux-gnu/libdl-2.31.so
7fcec9295000-7fcec9296000 r--p 00003000 07:04 8893                       /usr/lib/x86_64-linux-gnu/libdl-2.31.so
7fcec9296000-7fcec9297000 r--p 00003000 07:04 8893                       /usr/lib/x86_64-linux-gnu/libdl-2.31.so
7fcec9297000-7fcec9298000 rw-p 00004000 07:04 8893                       /usr/lib/x86_64-linux-gnu/libdl-2.31.so
7fcec9298000-7fcec929a000 r--p 00000000 07:04 9290                       /usr/lib/x86_64-linux-gnu/libz.so.1.2.11
7fcec929a000-7fcec92ab000 r-xp 00002000 07:04 9290                       /usr/lib/x86_64-linux-gnu/libz.so.1.2.11
7fcec92ab000-7fcec92b1000 r--p 00013000 07:04 9290                       /usr/lib/x86_64-linux-gnu/libz.so.1.2.11
7fcec92b1000-7fcec92b2000 ---p 00019000 07:04 9290                       /usr/lib/x86_64-linux-gnu/libz.so.1.2.11
7fcec92b2000-7fcec92b3000 r--p 00019000 07:04 9290                       /usr/lib/x86_64-linux-gnu/libz.so.1.2.11
7fcec92b3000-7fcec92b4000 rw-p 0001a000 07:04 9290                       /usr/lib/x86_64-linux-gnu/libz.so.1.2.11
7fcec92b4000-7fcec92d6000 r--p 00000000 07:04 8851                       /usr/lib/x86_64-linux-gnu/libc-2.31.so
7fcec92d6000-7fcec944e000 r-xp 00022000 07:04 8851                       /usr/lib/x86_64-linux-gnu/libc-2.31.so
7fcec944e000-7fcec949c000 r--p 0019a000 07:04 8851                       /usr/lib/x86_64-linux-gnu/libc-2.31.so
7fcec949c000-7fcec94a0000 r--p 001e7000 07:04 8851                       /usr/lib/x86_64-linux-gnu/libc-2.31.so
7fcec94a0000-7fcec94a2000 rw-p 001eb000 07:04 8851                       /usr/lib/x86_64-linux-gnu/libc-2.31.so
7fcec94a2000-7fcec94a6000 rw-p 00000000 00:00 0 
7fcec94a8000-7fcec94aa000 r--s 0000c000 07:04 20930                      /usr/share/java/java-atk-wrapper.jar
7fcec94aa000-7fcec94ab000 ---p 00000000 00:00 0 
7fcec94ab000-7fcec94ac000 r--p 00000000 00:00 0 
7fcec94ac000-7fcec94af000 r--p 00000000 07:04 5196                       /usr/lib/jvm/java-13-openjdk-amd64/lib/libjli.so
7fcec94af000-7fcec94b9000 r-xp 00003000 07:04 5196                       /usr/lib/jvm/java-13-openjdk-amd64/lib/libjli.so
7fcec94b9000-7fcec94bc000 r--p 0000d000 07:04 5196                       /usr/lib/jvm/java-13-openjdk-amd64/lib/libjli.so
7fcec94bc000-7fcec94bd000 r--p 0000f000 07:04 5196                       /usr/lib/jvm/java-13-openjdk-amd64/lib/libjli.so
7fcec94bd000-7fcec94be000 rw-p 00010000 07:04 5196                       /usr/lib/jvm/java-13-openjdk-amd64/lib/libjli.so
7fcec94be000-7fcec94c0000 rw-p 00000000 00:00 0 
7fcec94c0000-7fcec94c1000 r--p 00000000 07:04 8572                       /usr/lib/x86_64-linux-gnu/ld-2.31.so
7fcec94c1000-7fcec94e4000 r-xp 00001000 07:04 8572                       /usr/lib/x86_64-linux-gnu/ld-2.31.so
7fcec94e4000-7fcec94ec000 r--p 00024000 07:04 8572                       /usr/lib/x86_64-linux-gnu/ld-2.31.so
7fcec94ec000-7fcec94ed000 ---p 00000000 00:00 0 
7fcec94ed000-7fcec94ee000 r--p 0002c000 07:04 8572                       /usr/lib/x86_64-linux-gnu/ld-2.31.so
7fcec94ee000-7fcec94ef000 rw-p 0002d000 07:04 8572                       /usr/lib/x86_64-linux-gnu/ld-2.31.so
7fcec94ef000-7fcec94f0000 rw-p 00000000 00:00 0 
7ffee9d6a000-7ffee9d8b000 rw-p 00000000 00:00 0                          [stack]
7ffee9dd3000-7ffee9dd5000 r-xp 00000000 00:00 0                          [vdso]
ffffffffff600000-ffffffffff601000 r-xp 00000000 00:00 0                  [vsyscall]


VM Arguments:
jvm_args: -Xmx128g --add-modules=ALL-DEFAULT 
java_command: jdk.compiler/com.sun.tools.javac.launcher.Main /mnt/beegfs/rcabanas/dev/credici/papers/journalEM/code/LearnAndCalculatePNS.java -w -x 100 -m 500 -sc KL -th 1e-08 -a EMCC --seed 76 --output /mnt/beegfs/rcabanas/dev/credici/papers/journalEM/output/triangolo --cause 3 --effect 0 /mnt/beegfs/rcabanas/dev/credici/papers/journalEM/models/triangolo/triangolo_causal.uai
java_class_path (initial): /mnt/beegfs/rcabanas/dev/credici/target/credici-0.1.3-jar-with-dependencies.jar
Launcher Type: SUN_STANDARD

[Global flags]
     intx CICompilerCount                          = 2                                         {product} {ergonomic}
   size_t InitialHeapSize                          = 2147483648                                {product} {ergonomic}
   size_t MaxHeapSize                              = 137438953472                              {product} {command line}
   size_t MaxNewSize                               = 45812940800                               {product} {ergonomic}
   size_t MinHeapDeltaBytes                        = 196608                                    {product} {ergonomic}
   size_t MinHeapSize                              = 8388608                                   {product} {ergonomic}
   size_t NewSize                                  = 715784192                                 {product} {ergonomic}
    uintx NonNMethodCodeHeapSize                   = 5826188                                {pd product} {ergonomic}
    uintx NonProfiledCodeHeapSize                  = 122916026                              {pd product} {ergonomic}
   size_t OldSize                                  = 1431699456                                {product} {ergonomic}
    uintx ProfiledCodeHeapSize                     = 122916026                              {pd product} {ergonomic}
    uintx ReservedCodeCacheSize                    = 251658240                              {pd product} {ergonomic}
     bool SegmentedCodeCache                       = true                                      {product} {ergonomic}
   size_t SoftMaxHeapSize                          = 137438953472                           {manageable} {ergonomic}
     bool UseSerialGC                              = true                                      {product} {ergonomic}

Logging:
Log output configuration:
 #0: stdout all=warning uptime,level,tags
 #1: stderr all=off uptime,level,tags

Environment Variables:
PATH=/usr/local/sbin:/usr/local/bin:/usr/sbin:/usr/bin:/sbin:/bin
LD_LIBRARY_PATH=/.singularity.d/libs

Signal Handlers:
SIGSEGV: [libjvm.so+0xf8fcf0], sa_mask[0]=11111111011111111101111111111110, sa_flags=SA_RESTART|SA_SIGINFO
SIGBUS: [libjvm.so+0xf8fcf0], sa_mask[0]=11111111011111111101111111111110, sa_flags=SA_RESTART|SA_SIGINFO
SIGFPE: [libjvm.so+0xf8fcf0], sa_mask[0]=11111111011111111101111111111110, sa_flags=SA_RESTART|SA_SIGINFO
SIGPIPE: [libjvm.so+0xc3ffa0], sa_mask[0]=11111111011111111101111111111110, sa_flags=SA_RESTART|SA_SIGINFO
SIGXFSZ: [libjvm.so+0xc3ffa0], sa_mask[0]=11111111011111111101111111111110, sa_flags=SA_RESTART|SA_SIGINFO
SIGILL: [libjvm.so+0xf8fcf0], sa_mask[0]=11111111011111111101111111111110, sa_flags=SA_RESTART|SA_SIGINFO
SIGUSR2: [libjvm.so+0xc3fe40], sa_mask[0]=00000000000000000000000000000000, sa_flags=SA_RESTART|SA_SIGINFO
SIGHUP: [libjvm.so+0xc40580], sa_mask[0]=11111111011111111101111111111110, sa_flags=SA_RESTART|SA_SIGINFO
SIGINT: [libjvm.so+0xc40580], sa_mask[0]=11111111011111111101111111111110, sa_flags=SA_RESTART|SA_SIGINFO
SIGTERM: [libjvm.so+0xc40580], sa_mask[0]=11111111011111111101111111111110, sa_flags=SA_RESTART|SA_SIGINFO
SIGQUIT: [libjvm.so+0xc40580], sa_mask[0]=11111111011111111101111111111110, sa_flags=SA_RESTART|SA_SIGINFO


---------------  S Y S T E M  ---------------

OS:DISTRIB_ID=Ubuntu
DISTRIB_RELEASE=20.04
DISTRIB_CODENAME=focal
DISTRIB_DESCRIPTION="Ubuntu 20.04.4 LTS"
uname:Linux 3.10.0-1160.15.2.el7.x86_64 #1 SMP Wed Feb 3 15:06:38 UTC 2021 x86_64
OS uptime: 480 days 0:50 hours
libc:glibc 2.31 NPTL 2.31 
rlimit (soft/hard): STACK 8192k/infinity , CORE 0k/infinity , NPROC 4096/1030217 , NOFILE 131072/131072 , AS infinity/infinity , CPU infinity/infinity , DATA infinity/infinity , FSIZE infinity/infinity , MEMLOCK infinity/infinity
load average:25.40 25.58 25.15

/proc/meminfo:
MemTotal:       263895364 kB
MemFree:          737636 kB
MemAvailable:     424552 kB
Buffers:          134324 kB
Cached:          1252236 kB
SwapCached:        60744 kB
Active:         248446820 kB
Inactive:        5397812 kB
Active(anon):   248286676 kB
Inactive(anon):  5190588 kB
Active(file):     160144 kB
Inactive(file):   207224 kB
Unevictable:       18928 kB
Mlocked:           18928 kB
SwapTotal:       4194300 kB
SwapFree:          46988 kB
Dirty:               396 kB
Writeback:             0 kB
AnonPages:      252417548 kB
Mapped:           200956 kB
Shmem:           1014916 kB
Slab:             734740 kB
SReclaimable:     180056 kB
SUnreclaim:       554684 kB
KernelStack:       26144 kB
PageTables:       522548 kB
NFS_Unstable:          0 kB
Bounce:                0 kB
WritebackTmp:          0 kB
CommitLimit:    136141980 kB
Committed_AS:   314820508 kB
VmallocTotal:   34359738367 kB
VmallocUsed:      876700 kB
VmallocChunk:   34222550588 kB
Percpu:            29696 kB
HardwareCorrupted:     0 kB
AnonHugePages:  70416384 kB
CmaTotal:              0 kB
CmaFree:               0 kB
HugePages_Total:       0
HugePages_Free:        0
HugePages_Rsvd:        0
HugePages_Surp:        0
Hugepagesize:       2048 kB
DirectMap4k:      601704 kB
DirectMap2M:    25475072 kB
DirectMap1G:    242221056 kB

/sys/kernel/mm/transparent_hugepage/enabled:
[always] madvise never

/sys/kernel/mm/transparent_hugepage/defrag (defrag/compaction efforts parameter):
[always] madvise never


/proc/sys/kernel/threads-max (system-wide limit on the number of threads):
2060435


/proc/sys/vm/max_map_count (maximum number of memory map areas a process may have):
65530


/proc/sys/kernel/pid_max (system-wide limit on number of process identifiers):
65536



Steal ticks since vm start: 0
Steal ticks percentage since vm start:  0.000

CPU:total 64 (initial active 1) (32 cores per cpu, 1 threads per core) family 23 model 49 stepping 0, cmov, cx8, fxsr, mmx, sse, sse2, sse3, ssse3, sse4.1, sse4.2, popcnt, avx, avx2, aes, clmul, mmxext, 3dnowpref, lzcnt, sse4a, tsc, tscinvbit, tscinv, bmi1, bmi2, adx, sha, fma
CPU Model and flags from /proc/cpuinfo:
model name	: AMD EPYC 7542 32-Core Processor
flags		: fpu vme de pse tsc msr pae mce cx8 apic sep mtrr pge mca cmov pat pse36 clflush mmx fxsr sse sse2 ht syscall nx mmxext fxsr_opt pdpe1gb rdtscp lm constant_tsc art rep_good nopl nonstop_tsc extd_apicid aperfmperf eagerfpu pni pclmulqdq monitor ssse3 fma cx16 sse4_1 sse4_2 movbe popcnt aes xsave avx f16c rdrand lahf_lm cmp_legacy svm extapic cr8_legacy abm sse4a misalignsse 3dnowprefetch osvw ibs skinit wdt tce topoext perfctr_core perfctr_nb bpext perfctr_l2 cpb cat_l3 cdp_l3 hw_pstate sme retpoline_amd ssbd ibrs ibpb stibp vmmcall fsgsbase bmi1 avx2 smep bmi2 cqm rdt_a rdseed adx smap clflushopt clwb sha_ni xsaveopt xsavec xgetbv1 cqm_llc cqm_occup_llc cqm_mbm_total cqm_mbm_local clzero irperf xsaveerptr arat npt lbrv svm_lock nrip_save tsc_scale vmcb_clean flushbyasid decodeassists pausefilter pfthreshold avic v_vmsave_vmload vgif umip overflow_recov succor smca
Online cpus:0-63
Offline cpus:
BIOS frequency limitation:2900000
Frequency switch latency (ns):0
Available cpu frequencies:2900000 2400000 1500000 
Current governor:conservative
Core performance/turbo boost:1

Memory: 4k page, physical 263895364k(737016k free), swap 4194300k(47052k free)

vm_info: OpenJDK 64-Bit Server VM (13.0.7+5-Ubuntu-0ubuntu120.04) for linux-amd64 JRE (13.0.7+5-Ubuntu-0ubuntu120.04), built on Apr 21 2021 05:36:19 by "unknown" with gcc 9.3.0

END.
