#
# There is insufficient memory for the Java Runtime Environment to continue.
# Native memory allocation (mmap) failed to map 6524485632 bytes for committing reserved memory.
# Possible reasons:
#   The system is out of physical RAM or swap space
# Possible solutions:
#   Reduce memory load on the system
#   Increase physical memory or swap space
#   Check if swap backing store is full
#   Decrease Java heap size (-Xmx/-Xms)
#   Decrease number of Java threads
#   Decrease Java thread stack sizes (-Xss)
#   Set larger code cache with -XX:ReservedCodeCacheSize=
# This output file may be truncated or incomplete.
#
#  Out of Memory Error (os_linux.cpp:2899), pid=53874, tid=53876
#
# JRE version: OpenJDK Runtime Environment (13.0.7+5) (build 13.0.7+5-Ubuntu-0ubuntu120.04)
# Java VM: OpenJDK 64-Bit Server VM (13.0.7+5-Ubuntu-0ubuntu120.04, mixed mode, tiered, serial gc, linux-amd64)
# No core dump will be written. Core dumps have been disabled. To enable core dumping, try "ulimit -c unlimited" before starting Java again
#

---------------  S U M M A R Y ------------

Command Line: -Xmx128g --add-modules=ALL-DEFAULT jdk.compiler/com.sun.tools.javac.launcher.Main /mnt/beegfs/rcabanas/dev/credici/papers/journalEM/code/LearnAndCalculatePNS.java -w -x 100 -m 500 -sc KL -th 1e-07 -a EMCC --seed 32 --output /mnt/beegfs/rcabanas/dev/credici/papers/journalEM/output/triangolo --cause 3 --effect 0 /mnt/beegfs/rcabanas/dev/credici/papers/journalEM/models/triangolo/triangolo_causal.uai

Host: AMD EPYC 7542 32-Core Processor, 64 cores, 251G, Ubuntu 20.04.4 LTS
Time: Tue Oct 18 20:40:28 2022 CEST elapsed time: 3171.464941 seconds (0d 0h 52m 51s)

---------------  T H R E A D  ---------------

Current thread (0x00007ff390097800):  VMThread "VM Thread" [stack: 0x00007ff3960c3000,0x00007ff3961c3000] [id=53876]

Stack: [0x00007ff3960c3000,0x00007ff3961c3000],  sp=0x00007ff3961c1160,  free space=1016k
Native frames: (J=compiled Java code, A=aot compiled Java code, j=interpreted, Vv=VM code, C=native code)
V  [libjvm.so+0xf8f092]
V  [libjvm.so+0xf8fc91]
V  [libjvm.so+0x66ee5a]
V  [libjvm.so+0xc44a41]
V  [libjvm.so+0xc3b263]
V  [libjvm.so+0xf87f4b]
V  [libjvm.so+0x557506]
V  [libjvm.so+0x557723]
V  [libjvm.so+0xf18b0c]
V  [libjvm.so+0x557e65]
V  [libjvm.so+0x7e2edb]
V  [libjvm.so+0x7e39bd]
V  [libjvm.so+0x7d8b48]
V  [libjvm.so+0xf90940]
V  [libjvm.so+0xf96657]
V  [libjvm.so+0xf96d2b]
V  [libjvm.so+0xf9706a]
V  [libjvm.so+0xf2208f]
V  [libjvm.so+0xc493ff]

VM_Operation (0x00007ff396e33560): GenCollectForAllocation, mode: safepoint, requested by thread 0x00007ff390018000


---------------  P R O C E S S  ---------------

Threads class SMR info:
_java_thread_list=0x00007ff3901369b0, length=9, elements={
0x00007ff390018000, 0x00007ff3900a3800, 0x00007ff3900a7000, 0x00007ff3900cb800,
0x00007ff3900cd000, 0x00007ff3900cf000, 0x00007ff3900d1000, 0x00007ff3900d3000,
0x00007ff390135000
}

Java Threads: ( => current thread )
  0x00007ff390018000 JavaThread "main" [_thread_blocked, id=53875, stack(0x00007ff396d35000,0x00007ff396e36000)]
  0x00007ff3900a3800 JavaThread "Reference Handler" daemon [_thread_blocked, id=53877, stack(0x00007ff395fc0000,0x00007ff3960c1000)]
  0x00007ff3900a7000 JavaThread "Finalizer" daemon [_thread_blocked, id=53878, stack(0x00007ff395ebf000,0x00007ff395fc0000)]
  0x00007ff3900cb800 JavaThread "Signal Dispatcher" daemon [_thread_blocked, id=53879, stack(0x00007ff395d85000,0x00007ff395e86000)]
  0x00007ff3900cd000 JavaThread "Service Thread" daemon [_thread_blocked, id=53880, stack(0x00007ff395c84000,0x00007ff395d85000)]
  0x00007ff3900cf000 JavaThread "C2 CompilerThread0" daemon [_thread_blocked, id=53881, stack(0x00007ff395b83000,0x00007ff395c84000)]
  0x00007ff3900d1000 JavaThread "C1 CompilerThread0" daemon [_thread_blocked, id=53882, stack(0x00007ff395a82000,0x00007ff395b83000)]
  0x00007ff3900d3000 JavaThread "Sweeper thread" daemon [_thread_blocked, id=53883, stack(0x00007ff395981000,0x00007ff395a82000)]
  0x00007ff390135000 JavaThread "Common-Cleaner" daemon [_thread_blocked, id=53885, stack(0x00007ff395880000,0x00007ff395981000)]

Other Threads:
=>0x00007ff390097800 VMThread "VM Thread" [stack: 0x00007ff3960c3000,0x00007ff3961c3000] [id=53876]
  0x00007ff390182000 WatcherThread [stack: 0x00007ff395780000,0x00007ff395880000] [id=53888]

Threads with active compile tasks:

VM state:at safepoint (normal execution)

VM Mutex/Monitor currently owned by a thread:  ([mutex/lock_event])
[0x00007ff3900141e0] Threads_lock - owner thread: 0x00007ff390097800
[0x00007ff390014de0] Heap_lock - owner thread: 0x00007ff390018000

Heap:
 def new generation   total 4337984K, used 0K [0x00007fd378600000, 0x00007fd49e900000, 0x00007fde230a0000)
  eden space 3856000K,   0% used [0x00007fd378600000, 0x00007fd378600000, 0x00007fd463ba0000)
  from space 481984K,   0% used [0x00007fd481250000, 0x00007fd481250000, 0x00007fd49e900000)
  to   space 481984K,   0% used [0x00007fd463ba0000, 0x00007fd463ba0000, 0x00007fd481250000)
 tenured generation   total 9656216K, used 9616669K [0x00007fde230a0000, 0x00007fe070686000, 0x00007ff378600000)
   the space 9656216K,  99% used [0x00007fde230a0000, 0x00007fe06dfe77b8, 0x00007fe06dfe7800, 0x00007fe070686000)
 Metaspace       used 24249K, capacity 24638K, committed 24832K, reserved 26624K

Card table byte_map: [0x00007fd3685ff000,0x00007fd378600000] _byte_map_base: 0x00007f937ea3c000

Polling page: 0x00007ff3987c1000

Metaspace:

Usage:
   24.06 MB capacity,    23.68 MB ( 98%) used,   298.55 KB (  1%) free+waste,    90.31 KB ( <1%) overhead. 

Virtual space:
     26.00 MB reserved,      24.25 MB ( 93%) committed 

Chunk freelists:
70.00 KB

MaxMetaspaceSize: unlimited


CodeHeap 'non-profiled nmethods': size=120036Kb used=2049Kb max_used=2049Kb free=117986Kb
 bounds [0x00007ff380251000, 0x00007ff3804c1000, 0x00007ff38778a000]
CodeHeap 'profiled nmethods': size=120032Kb used=5061Kb max_used=6653Kb free=114970Kb
 bounds [0x00007ff378d19000, 0x00007ff379399000, 0x00007ff380251000]
CodeHeap 'non-nmethods': size=5692Kb used=1211Kb max_used=1265Kb free=4480Kb
 bounds [0x00007ff37878a000, 0x00007ff3789fa000, 0x00007ff378d19000]
 total_blobs=3602 nmethods=3121 adapters=396
 compilation: enabled
              stopped_count=0, restarted_count=0
 full_count=0

Compilation events (20 events):
Event: 2762.623 Thread 0x00007ff3900cf000 3922       4       org.jgrapht.graph.AbstractBaseGraph::removeVertex (47 bytes)
Event: 2762.768 Thread 0x00007ff3900cf000 nmethod 3922 0x00007ff380448310 code [0x00007ff380448680, 0x00007ff38044afe0]
Event: 2795.566 Thread 0x00007ff3900cf000 3923       4       org.jgrapht.graph.AbstractBaseGraph::edgesOf (17 bytes)
Event: 2795.729 Thread 0x00007ff3900cf000 nmethod 3923 0x00007ff38044d090 code [0x00007ff38044d340, 0x00007ff38044eeb0]
Event: 2830.023 Thread 0x00007ff3900d1000 3924       3       java.util.HashMap::clear (50 bytes)
Event: 2830.025 Thread 0x00007ff3900d1000 nmethod 3924 0x00007ff378d1a210 code [0x00007ff378d1a3c0, 0x00007ff378d1a710]
Event: 2870.355 Thread 0x00007ff3900d1000 3925       3       gnu.trove.impl.hash.TIntIntHash::indexRehashed (75 bytes)
Event: 2870.357 Thread 0x00007ff3900d1000 nmethod 3925 0x00007ff378f27a10 code [0x00007ff378f27bc0, 0x00007ff378f27f30]
Event: 3007.890 Thread 0x00007ff3900cf000 3926       4       ch.idsia.credici.model.StructuralCausalModel$$Lambda$283/0x00007ff39495ac58::apply (9 bytes)
Event: 3007.968 Thread 0x00007ff3900cf000 nmethod 3926 0x00007ff380369590 code [0x00007ff380369760, 0x00007ff380369cb0]
Event: 3007.968 Thread 0x00007ff3900cf000 3927       4       ch.idsia.credici.model.StructuralCausalModel$$Lambda$284/0x00007ff39495a4b0::apply (12 bytes)
Event: 3007.974 Thread 0x00007ff3900cf000 nmethod 3927 0x00007ff380450390 code [0x00007ff380450540, 0x00007ff380450a08]
Event: 3043.090 Thread 0x00007ff3900cf000 3928       4       java.util.LinkedHashMap$LinkedKeySet::size (8 bytes)
Event: 3043.091 Thread 0x00007ff3900cf000 nmethod 3928 0x00007ff3802fb790 code [0x00007ff3802fb900, 0x00007ff3802fb958]
Event: 3048.523 Thread 0x00007ff3900cf000 3929       4       java.util.stream.Nodes$FixedNodeBuilder::begin (52 bytes)
Event: 3048.525 Thread 0x00007ff3900cf000 nmethod 3929 0x00007ff380450e10 code [0x00007ff380450f80, 0x00007ff380451018]
Event: 3048.525 Thread 0x00007ff3900cf000 3930       4       java.util.stream.Nodes$FixedNodeBuilder::end (51 bytes)
Event: 3048.525 Thread 0x00007ff3900cf000 nmethod 3930 0x00007ff380451110 code [0x00007ff380451280, 0x00007ff3804512f8]
Event: 3048.526 Thread 0x00007ff3900cf000 3931       4       java.util.stream.Nodes$FixedNodeBuilder::build (52 bytes)
Event: 3048.526 Thread 0x00007ff3900cf000 nmethod 3931 0x00007ff380451410 code [0x00007ff380451580, 0x00007ff3804515f8]

GC Heap History (20 events):
Event: 3121.886 GC heap after
{Heap after GC invocations=1822 (full 7):
 def new generation   total 4337984K, used 220465K [0x00007fd378600000, 0x00007fd49e900000, 0x00007fde230a0000)
  eden space 3856000K,   0% used [0x00007fd378600000, 0x00007fd378600000, 0x00007fd463ba0000)
  from space 481984K,  45% used [0x00007fd463ba0000, 0x00007fd4712ec4d0, 0x00007fd481250000)
  to   space 481984K,   0% used [0x00007fd481250000, 0x00007fd481250000, 0x00007fd49e900000)
 tenured generation   total 9639828K, used 9530723K [0x00007fde230a0000, 0x00007fe06f685000, 0x00007ff378600000)
   the space 9639828K,  98% used [0x00007fde230a0000, 0x00007fe068bf8c18, 0x00007fe068bf8e00, 0x00007fe06f685000)
 Metaspace       used 24249K, capacity 24638K, committed 24832K, reserved 26624K
}
Event: 3125.772 GC heap before
{Heap before GC invocations=1822 (full 7):
 def new generation   total 4337984K, used 4076465K [0x00007fd378600000, 0x00007fd49e900000, 0x00007fde230a0000)
  eden space 3856000K, 100% used [0x00007fd378600000, 0x00007fd463ba0000, 0x00007fd463ba0000)
  from space 481984K,  45% used [0x00007fd463ba0000, 0x00007fd4712ec4d0, 0x00007fd481250000)
  to   space 481984K,   0% used [0x00007fd481250000, 0x00007fd481250000, 0x00007fd49e900000)
 tenured generation   total 9639828K, used 9530723K [0x00007fde230a0000, 0x00007fe06f685000, 0x00007ff378600000)
   the space 9639828K,  98% used [0x00007fde230a0000, 0x00007fe068bf8c18, 0x00007fe068bf8e00, 0x00007fe06f685000)
 Metaspace       used 24249K, capacity 24638K, committed 24832K, reserved 26624K
}
Event: 3125.969 GC heap after
{Heap after GC invocations=1823 (full 7):
 def new generation   total 4337984K, used 230730K [0x00007fd378600000, 0x00007fd49e900000, 0x00007fde230a0000)
  eden space 3856000K,   0% used [0x00007fd378600000, 0x00007fd378600000, 0x00007fd463ba0000)
  from space 481984K,  47% used [0x00007fd481250000, 0x00007fd48f3a2978, 0x00007fd49e900000)
  to   space 481984K,   0% used [0x00007fd463ba0000, 0x00007fd463ba0000, 0x00007fd481250000)
 tenured generation   total 9639828K, used 9547682K [0x00007fde230a0000, 0x00007fe06f685000, 0x00007ff378600000)
   the space 9639828K,  99% used [0x00007fde230a0000, 0x00007fe069c88820, 0x00007fe069c88a00, 0x00007fe06f685000)
 Metaspace       used 24249K, capacity 24638K, committed 24832K, reserved 26624K
}
Event: 3129.937 GC heap before
{Heap before GC invocations=1823 (full 7):
 def new generation   total 4337984K, used 4086730K [0x00007fd378600000, 0x00007fd49e900000, 0x00007fde230a0000)
  eden space 3856000K, 100% used [0x00007fd378600000, 0x00007fd463ba0000, 0x00007fd463ba0000)
  from space 481984K,  47% used [0x00007fd481250000, 0x00007fd48f3a2978, 0x00007fd49e900000)
  to   space 481984K,   0% used [0x00007fd463ba0000, 0x00007fd463ba0000, 0x00007fd481250000)
 tenured generation   total 9639828K, used 9547682K [0x00007fde230a0000, 0x00007fe06f685000, 0x00007ff378600000)
   the space 9639828K,  99% used [0x00007fde230a0000, 0x00007fe069c88820, 0x00007fe069c88a00, 0x00007fe06f685000)
 Metaspace       used 24249K, capacity 24638K, committed 24832K, reserved 26624K
}
Event: 3130.094 GC heap after
{Heap after GC invocations=1824 (full 7):
 def new generation   total 4337984K, used 208712K [0x00007fd378600000, 0x00007fd49e900000, 0x00007fde230a0000)
  eden space 3856000K,   0% used [0x00007fd378600000, 0x00007fd378600000, 0x00007fd463ba0000)
  from space 481984K,  43% used [0x00007fd463ba0000, 0x00007fd470772148, 0x00007fd481250000)
  to   space 481984K,   0% used [0x00007fd481250000, 0x00007fd481250000, 0x00007fd49e900000)
 tenured generation   total 9639828K, used 9564641K [0x00007fde230a0000, 0x00007fe06f685000, 0x00007ff378600000)
   the space 9639828K,  99% used [0x00007fde230a0000, 0x00007fe06ad18428, 0x00007fe06ad18600, 0x00007fe06f685000)
 Metaspace       used 24249K, capacity 24638K, committed 24832K, reserved 26624K
}
Event: 3134.126 GC heap before
{Heap before GC invocations=1824 (full 7):
 def new generation   total 4337984K, used 4064712K [0x00007fd378600000, 0x00007fd49e900000, 0x00007fde230a0000)
  eden space 3856000K, 100% used [0x00007fd378600000, 0x00007fd463ba0000, 0x00007fd463ba0000)
  from space 481984K,  43% used [0x00007fd463ba0000, 0x00007fd470772148, 0x00007fd481250000)
  to   space 481984K,   0% used [0x00007fd481250000, 0x00007fd481250000, 0x00007fd49e900000)
 tenured generation   total 9639828K, used 9564641K [0x00007fde230a0000, 0x00007fe06f685000, 0x00007ff378600000)
   the space 9639828K,  99% used [0x00007fde230a0000, 0x00007fe06ad18428, 0x00007fe06ad18600, 0x00007fe06f685000)
 Metaspace       used 24249K, capacity 24638K, committed 24832K, reserved 26624K
}
Event: 3134.266 GC heap after
{Heap after GC invocations=1825 (full 7):
 def new generation   total 4337984K, used 220962K [0x00007fd378600000, 0x00007fd49e900000, 0x00007fde230a0000)
  eden space 3856000K,   0% used [0x00007fd378600000, 0x00007fd378600000, 0x00007fd463ba0000)
  from space 481984K,  45% used [0x00007fd481250000, 0x00007fd48ea18ad0, 0x00007fd49e900000)
  to   space 481984K,   0% used [0x00007fd463ba0000, 0x00007fd463ba0000, 0x00007fd481250000)
 tenured generation   total 9639828K, used 9564641K [0x00007fde230a0000, 0x00007fe06f685000, 0x00007ff378600000)
   the space 9639828K,  99% used [0x00007fde230a0000, 0x00007fe06ad18428, 0x00007fe06ad18600, 0x00007fe06f685000)
 Metaspace       used 24249K, capacity 24638K, committed 24832K, reserved 26624K
}
Event: 3138.598 GC heap before
{Heap before GC invocations=1825 (full 7):
 def new generation   total 4337984K, used 4076962K [0x00007fd378600000, 0x00007fd49e900000, 0x00007fde230a0000)
  eden space 3856000K, 100% used [0x00007fd378600000, 0x00007fd463ba0000, 0x00007fd463ba0000)
  from space 481984K,  45% used [0x00007fd481250000, 0x00007fd48ea18ad0, 0x00007fd49e900000)
  to   space 481984K,   0% used [0x00007fd463ba0000, 0x00007fd463ba0000, 0x00007fd481250000)
 tenured generation   total 9639828K, used 9564641K [0x00007fde230a0000, 0x00007fe06f685000, 0x00007ff378600000)
   the space 9639828K,  99% used [0x00007fde230a0000, 0x00007fe06ad18428, 0x00007fe06ad18600, 0x00007fe06f685000)
 Metaspace       used 24249K, capacity 24638K, committed 24832K, reserved 26624K
}
Event: 3138.782 GC heap after
{Heap after GC invocations=1826 (full 7):
 def new generation   total 4337984K, used 219440K [0x00007fd378600000, 0x00007fd49e900000, 0x00007fde230a0000)
  eden space 3856000K,   0% used [0x00007fd378600000, 0x00007fd378600000, 0x00007fd463ba0000)
  from space 481984K,  45% used [0x00007fd463ba0000, 0x00007fd4711ec140, 0x00007fd481250000)
  to   space 481984K,   0% used [0x00007fd481250000, 0x00007fd481250000, 0x00007fd49e900000)
 tenured generation   total 9639828K, used 9581600K [0x00007fde230a0000, 0x00007fe06f685000, 0x00007ff378600000)
   the space 9639828K,  99% used [0x00007fde230a0000, 0x00007fe06bda8030, 0x00007fe06bda8200, 0x00007fe06f685000)
 Metaspace       used 24249K, capacity 24638K, committed 24832K, reserved 26624K
}
Event: 3142.927 GC heap before
{Heap before GC invocations=1826 (full 7):
 def new generation   total 4337984K, used 4075440K [0x00007fd378600000, 0x00007fd49e900000, 0x00007fde230a0000)
  eden space 3856000K, 100% used [0x00007fd378600000, 0x00007fd463ba0000, 0x00007fd463ba0000)
  from space 481984K,  45% used [0x00007fd463ba0000, 0x00007fd4711ec140, 0x00007fd481250000)
  to   space 481984K,   0% used [0x00007fd481250000, 0x00007fd481250000, 0x00007fd49e900000)
 tenured generation   total 9639828K, used 9581600K [0x00007fde230a0000, 0x00007fe06f685000, 0x00007ff378600000)
   the space 9639828K,  99% used [0x00007fde230a0000, 0x00007fe06bda8030, 0x00007fe06bda8200, 0x00007fe06f685000)
 Metaspace       used 24249K, capacity 24638K, committed 24832K, reserved 26624K
}
Event: 3143.062 GC heap after
{Heap after GC invocations=1827 (full 7):
 def new generation   total 4337984K, used 213796K [0x00007fd378600000, 0x00007fd49e900000, 0x00007fde230a0000)
  eden space 3856000K,   0% used [0x00007fd378600000, 0x00007fd378600000, 0x00007fd463ba0000)
  from space 481984K,  44% used [0x00007fd481250000, 0x00007fd48e319250, 0x00007fd49e900000)
  to   space 481984K,   0% used [0x00007fd463ba0000, 0x00007fd463ba0000, 0x00007fd481250000)
 tenured generation   total 9639828K, used 9598559K [0x00007fde230a0000, 0x00007fe06f685000, 0x00007ff378600000)
   the space 9639828K,  99% used [0x00007fde230a0000, 0x00007fe06ce37c38, 0x00007fe06ce37e00, 0x00007fe06f685000)
 Metaspace       used 24249K, capacity 24638K, committed 24832K, reserved 26624K
}
Event: 3146.908 GC heap before
{Heap before GC invocations=1827 (full 7):
 def new generation   total 4337984K, used 4069796K [0x00007fd378600000, 0x00007fd49e900000, 0x00007fde230a0000)
  eden space 3856000K, 100% used [0x00007fd378600000, 0x00007fd463ba0000, 0x00007fd463ba0000)
  from space 481984K,  44% used [0x00007fd481250000, 0x00007fd48e319250, 0x00007fd49e900000)
  to   space 481984K,   0% used [0x00007fd463ba0000, 0x00007fd463ba0000, 0x00007fd481250000)
 tenured generation   total 9639828K, used 9598559K [0x00007fde230a0000, 0x00007fe06f685000, 0x00007ff378600000)
   the space 9639828K,  99% used [0x00007fde230a0000, 0x00007fe06ce37c38, 0x00007fe06ce37e00, 0x00007fe06f685000)
 Metaspace       used 24249K, capacity 24638K, committed 24832K, reserved 26624K
}
Event: 3147.111 GC heap after
{Heap after GC invocations=1828 (full 7):
 def new generation   total 4337984K, used 223527K [0x00007fd378600000, 0x00007fd49e900000, 0x00007fde230a0000)
  eden space 3856000K,   0% used [0x00007fd378600000, 0x00007fd378600000, 0x00007fd463ba0000)
  from space 481984K,  46% used [0x00007fd463ba0000, 0x00007fd4715e9ee0, 0x00007fd481250000)
  to   space 481984K,   0% used [0x00007fd481250000, 0x00007fd481250000, 0x00007fd49e900000)
 tenured generation   total 9639828K, used 9615518K [0x00007fde230a0000, 0x00007fe06f685000, 0x00007ff378600000)
   the space 9639828K,  99% used [0x00007fde230a0000, 0x00007fe06dec7840, 0x00007fe06dec7a00, 0x00007fe06f685000)
 Metaspace       used 24249K, capacity 24638K, committed 24832K, reserved 26624K
}
Event: 3151.232 GC heap before
{Heap before GC invocations=1828 (full 7):
 def new generation   total 4337984K, used 4079527K [0x00007fd378600000, 0x00007fd49e900000, 0x00007fde230a0000)
  eden space 3856000K, 100% used [0x00007fd378600000, 0x00007fd463ba0000, 0x00007fd463ba0000)
  from space 481984K,  46% used [0x00007fd463ba0000, 0x00007fd4715e9ee0, 0x00007fd481250000)
  to   space 481984K,   0% used [0x00007fd481250000, 0x00007fd481250000, 0x00007fd49e900000)
 tenured generation   total 9639828K, used 9615518K [0x00007fde230a0000, 0x00007fe06f685000, 0x00007ff378600000)
   the space 9639828K,  99% used [0x00007fde230a0000, 0x00007fe06dec7840, 0x00007fe06dec7a00, 0x00007fe06f685000)
 Metaspace       used 24249K, capacity 24638K, committed 24832K, reserved 26624K
}
Event: 3151.424 GC heap after
{Heap after GC invocations=1829 (full 7):
 def new generation   total 4337984K, used 220469K [0x00007fd378600000, 0x00007fd49e900000, 0x00007fde230a0000)
  eden space 3856000K,   0% used [0x00007fd378600000, 0x00007fd378600000, 0x00007fd463ba0000)
  from space 481984K,  45% used [0x00007fd481250000, 0x00007fd48e99d530, 0x00007fd49e900000)
  to   space 481984K,   0% used [0x00007fd463ba0000, 0x00007fd463ba0000, 0x00007fd481250000)
 tenured generation   total 9639828K, used 9615518K [0x00007fde230a0000, 0x00007fe06f685000, 0x00007ff378600000)
   the space 9639828K,  99% used [0x00007fde230a0000, 0x00007fe06dec7840, 0x00007fe06dec7a00, 0x00007fe06f685000)
 Metaspace       used 24249K, capacity 24638K, committed 24832K, reserved 26624K
}
Event: 3155.681 GC heap before
{Heap before GC invocations=1829 (full 7):
 def new generation   total 4337984K, used 4076469K [0x00007fd378600000, 0x00007fd49e900000, 0x00007fde230a0000)
  eden space 3856000K, 100% used [0x00007fd378600000, 0x00007fd463ba0000, 0x00007fd463ba0000)
  from space 481984K,  45% used [0x00007fd481250000, 0x00007fd48e99d530, 0x00007fd49e900000)
  to   space 481984K,   0% used [0x00007fd463ba0000, 0x00007fd463ba0000, 0x00007fd481250000)
 tenured generation   total 9639828K, used 9615518K [0x00007fde230a0000, 0x00007fe06f685000, 0x00007ff378600000)
   the space 9639828K,  99% used [0x00007fde230a0000, 0x00007fe06dec7840, 0x00007fe06dec7a00, 0x00007fe06f685000)
 Metaspace       used 24249K, capacity 24638K, committed 24832K, reserved 26624K
}
Event: 3155.875 GC heap after
{Heap after GC invocations=1830 (full 7):
 def new generation   total 4337984K, used 220970K [0x00007fd378600000, 0x00007fd49e900000, 0x00007fde230a0000)
  eden space 3856000K,   0% used [0x00007fd378600000, 0x00007fd378600000, 0x00007fd463ba0000)
  from space 481984K,  45% used [0x00007fd463ba0000, 0x00007fd47136a8f8, 0x00007fd481250000)
  to   space 481984K,   0% used [0x00007fd481250000, 0x00007fd481250000, 0x00007fd49e900000)
 tenured generation   total 9639828K, used 9632477K [0x00007fde230a0000, 0x00007fe06f685000, 0x00007ff378600000)
   the space 9639828K,  99% used [0x00007fde230a0000, 0x00007fe06ef57448, 0x00007fe06ef57600, 0x00007fe06f685000)
 Metaspace       used 24249K, capacity 24638K, committed 24832K, reserved 26624K
}
Event: 3159.967 GC heap before
{Heap before GC invocations=1830 (full 7):
 def new generation   total 4337984K, used 4076970K [0x00007fd378600000, 0x00007fd49e900000, 0x00007fde230a0000)
  eden space 3856000K, 100% used [0x00007fd378600000, 0x00007fd463ba0000, 0x00007fd463ba0000)
  from space 481984K,  45% used [0x00007fd463ba0000, 0x00007fd47136a8f8, 0x00007fd481250000)
  to   space 481984K,   0% used [0x00007fd481250000, 0x00007fd481250000, 0x00007fd49e900000)
 tenured generation   total 9639828K, used 9632477K [0x00007fde230a0000, 0x00007fe06f685000, 0x00007ff378600000)
   the space 9639828K,  99% used [0x00007fde230a0000, 0x00007fe06ef57448, 0x00007fe06ef57600, 0x00007fe06f685000)
 Metaspace       used 24249K, capacity 24638K, committed 24832K, reserved 26624K
}
Event: 3160.144 GC heap after
{Heap after GC invocations=1831 (full 7):
 def new generation   total 4337984K, used 212767K [0x00007fd378600000, 0x00007fd49e900000, 0x00007fde230a0000)
  eden space 3856000K,   0% used [0x00007fd378600000, 0x00007fd378600000, 0x00007fd463ba0000)
  from space 481984K,  44% used [0x00007fd481250000, 0x00007fd48e217cd0, 0x00007fd49e900000)
  to   space 481984K,   0% used [0x00007fd463ba0000, 0x00007fd463ba0000, 0x00007fd481250000)
 tenured generation   total 9656216K, used 9649436K [0x00007fde230a0000, 0x00007fe070686000, 0x00007ff378600000)
   the space 9656216K,  99% used [0x00007fde230a0000, 0x00007fe06ffe7050, 0x00007fe06ffe7200, 0x00007fe070686000)
 Metaspace       used 24249K, capacity 24638K, committed 24832K, reserved 26624K
}
Event: 3160.144 GC heap before
{Heap before GC invocations=1831 (full 7):
 def new generation   total 4337984K, used 212767K [0x00007fd378600000, 0x00007fd49e900000, 0x00007fde230a0000)
  eden space 3856000K,   0% used [0x00007fd378600000, 0x00007fd378600000, 0x00007fd463ba0000)
  from space 481984K,  44% used [0x00007fd481250000, 0x00007fd48e217cd0, 0x00007fd49e900000)
  to   space 481984K,   0% used [0x00007fd463ba0000, 0x00007fd463ba0000, 0x00007fd481250000)
 tenured generation   total 9656216K, used 9649436K [0x00007fde230a0000, 0x00007fe070686000, 0x00007ff378600000)
   the space 9656216K,  99% used [0x00007fde230a0000, 0x00007fe06ffe7050, 0x00007fe06ffe7200, 0x00007fe070686000)
 Metaspace       used 24249K, capacity 24638K, committed 24832K, reserved 26624K
}

Deoptimization events (20 events):
Event: 2759.036 Thread 0x00007ff390018000 Uncommon trap: trap_request=0xffffffde fr.pc=0x00007ff3803d34b4 relative=0x00000000000006d4
Event: 2759.036 Thread 0x00007ff390018000 Uncommon trap: reason=class_check action=maybe_recompile pc=0x00007ff3803d34b4 method=org.jgrapht.graph.specifics.UndirectedSpecifics.<init>(Lorg/jgrapht/Graph;Ljava/util/Map;Lorg/jgrapht/graph/EdgeSetFactory;)V @ 9 c2
Event: 2759.036 Thread 0x00007ff390018000 DEOPT PACKING pc=0x00007ff3803d34b4 sp=0x00007ff396e33740
Event: 2759.036 Thread 0x00007ff390018000 DEOPT UNPACKING pc=0x00007ff3787d2e25 sp=0x00007ff396e33610 mode 2
Event: 2759.047 Thread 0x00007ff390018000 Uncommon trap: trap_request=0xffffff45 fr.pc=0x00007ff380358d8c relative=0x00000000000013cc
Event: 2759.047 Thread 0x00007ff390018000 Uncommon trap: reason=unstable_if action=reinterpret pc=0x00007ff380358d8c method=org.jgrapht.graph.specifics.UndirectedEdgeContainer.getUnmodifiableVertexEdges()Ljava/util/Set; @ 4 c2
Event: 2759.047 Thread 0x00007ff390018000 DEOPT PACKING pc=0x00007ff380358d8c sp=0x00007ff396e338b0
Event: 2759.047 Thread 0x00007ff390018000 DEOPT UNPACKING pc=0x00007ff3787d2e25 sp=0x00007ff396e337f8 mode 2
Event: 2759.047 Thread 0x00007ff390018000 Uncommon trap: trap_request=0xffffff45 fr.pc=0x00007ff3803fa86c relative=0x000000000000158c
Event: 2759.047 Thread 0x00007ff390018000 Uncommon trap: reason=unstable_if action=reinterpret pc=0x00007ff3803fa86c method=org.jgrapht.graph.specifics.UndirectedEdgeContainer.getUnmodifiableVertexEdges()Ljava/util/Set; @ 4 c2
Event: 2759.047 Thread 0x00007ff390018000 DEOPT PACKING pc=0x00007ff3803fa86c sp=0x00007ff396e338c0
Event: 2759.047 Thread 0x00007ff390018000 DEOPT UNPACKING pc=0x00007ff3787d2e25 sp=0x00007ff396e33788 mode 2
Event: 2759.662 Thread 0x00007ff390018000 Uncommon trap: trap_request=0xffffffcc fr.pc=0x00007ff38033eb94 relative=0x00000000000002f4
Event: 2759.662 Thread 0x00007ff390018000 Uncommon trap: reason=intrinsic_or_type_checked_inlining action=make_not_entrant pc=0x00007ff38033eb94 method=java.util.Arrays.copyOf([Ljava/lang/Object;ILjava/lang/Class;)[Ljava/lang/Object; @ 35 c2
Event: 2759.662 Thread 0x00007ff390018000 DEOPT PACKING pc=0x00007ff38033eb94 sp=0x00007ff396e33900
Event: 2759.662 Thread 0x00007ff390018000 DEOPT UNPACKING pc=0x00007ff3787d2e25 sp=0x00007ff396e33890 mode 2
Event: 2761.034 Thread 0x00007ff390018000 Uncommon trap: trap_request=0xffffff45 fr.pc=0x00007ff3802b5f34 relative=0x0000000000000134
Event: 2761.034 Thread 0x00007ff390018000 Uncommon trap: reason=unstable_if action=reinterpret pc=0x00007ff3802b5f34 method=java.util.HashMap.clear()V @ 16 c2
Event: 2761.034 Thread 0x00007ff390018000 DEOPT PACKING pc=0x00007ff3802b5f34 sp=0x00007ff396e33890
Event: 2761.035 Thread 0x00007ff390018000 DEOPT UNPACKING pc=0x00007ff3787d2e25 sp=0x00007ff396e33838 mode 2

Classes unloaded (0 events):
No events

Classes redefined (0 events):
No events

Internal exceptions (20 events):
Event: 1.357 Thread 0x00007ff390018000 Exception <a 'java/lang/NoSuchMethodError'{0x00007fd379c583e0}: 'java.lang.Object java.lang.invoke.DirectMethodHandle$Holder.invokeVirtual(java.lang.Object, java.lang.Object, java.lang.Object, int, int)'> (0x00007fd379c583e0) 
thrown [src/hotspot/share/interpreter/linkResolver.cpp, line 766]
Event: 1.358 Thread 0x00007ff390018000 Exception <a 'java/lang/NoSuchMethodError'{0x00007fd379c60790}: 'java.lang.Object java.lang.invoke.DirectMethodHandle$Holder.invokeVirtual(java.lang.Object, java.lang.Object, int)'> (0x00007fd379c60790) 
thrown [src/hotspot/share/interpreter/linkResolver.cpp, line 766]
Event: 1.378 Thread 0x00007ff390018000 Exception <a 'java/lang/NoSuchMethodError'{0x00007fd379c7ee48}: 'java.lang.Object java.lang.invoke.DirectMethodHandle$Holder.invokeSpecial(java.lang.Object, java.lang.Object, java.lang.Object, int, int)'> (0x00007fd379c7ee48) 
thrown [src/hotspot/share/interpreter/linkResolver.cpp, line 766]
Event: 1.918 Thread 0x00007ff390018000 Implicit null exception at 0x00007ff3802ab0dd to 0x00007ff3802abc8c
Event: 1.957 Thread 0x00007ff390018000 Exception <a 'java/lang/NoSuchMethodError'{0x00007fd37b241078}: 'int java.lang.invoke.DirectMethodHandle$Holder.invokeSpecial(java.lang.Object, java.lang.Object, java.lang.Object, java.lang.Object, java.lang.Object)'> (0x00007fd37b241078) 
thrown [src/hotspot/share/interpreter/linkResolver.cpp, line 766]
Event: 2.091 Thread 0x00007ff390018000 Exception <a 'java/lang/NoSuchMethodError'{0x00007fd37b65fb48}: 'java.lang.Object java.lang.invoke.DirectMethodHandle$Holder.invokeStatic(java.lang.Object, java.lang.Object, int, int)'> (0x00007fd37b65fb48) 
thrown [src/hotspot/share/interpreter/linkResolver.cpp, line 766]
Event: 2.850 Thread 0x00007ff390018000 Exception <a 'java/lang/NoSuchMethodError'{0x00007fd37dca2ca0}: 'void java.lang.invoke.DirectMethodHandle$Holder.invokeVirtual(java.lang.Object, java.lang.Object)'> (0x00007fd37dca2ca0) 
thrown [src/hotspot/share/interpreter/linkResolver.cpp, line 766]
Event: 3.169 Thread 0x00007ff390018000 Exception <a 'java/lang/NoSuchMethodError'{0x00007fd37e029640}: 'int java.lang.invoke.DirectMethodHandle$Holder.invokeVirtual(java.lang.Object, java.lang.Object, java.lang.Object, java.lang.Object)'> (0x00007fd37e029640) 
thrown [src/hotspot/share/interpreter/linkResolver.cpp, line 766]
Event: 3.172 Thread 0x00007ff390018000 Exception <a 'java/lang/NoSuchMethodError'{0x00007fd37e037788}: 'java.lang.Object java.lang.invoke.DirectMethodHandle$Holder.invokeStatic(java.lang.Object, java.lang.Object, int, java.lang.Object)'> (0x00007fd37e037788) 
thrown [src/hotspot/share/interpreter/linkResolver.cpp, line 766]
Event: 3.172 Thread 0x00007ff390018000 Exception <a 'java/lang/NoSuchMethodError'{0x00007fd37e0400a0}: 'java.lang.Object java.lang.invoke.Invokers$Holder.linkToTargetMethod(java.lang.Object, int, java.lang.Object, java.lang.Object)'> (0x00007fd37e0400a0) 
thrown [src/hotspot/share/interpreter/linkResolver.cpp, line 766]
Event: 3.690 Thread 0x00007ff390018000 Implicit null exception at 0x00007ff3802c8ec5 to 0x00007ff3802c909c
Event: 3.690 Thread 0x00007ff390018000 Implicit null exception at 0x00007ff38027f18f to 0x00007ff38027f1f9
Event: 4.670 Thread 0x00007ff390018000 Exception <a 'java/lang/NoSuchMethodError'{0x00007fd37862fd28}: 'java.lang.Object java.lang.invoke.Invokers$Holder.linkToTargetMethod(java.lang.Object, int, java.lang.Object)'> (0x00007fd37862fd28) 
thrown [src/hotspot/share/interpreter/linkResolver.cpp, line 766]
Event: 4.678 Thread 0x00007ff390018000 Exception <a 'java/lang/NoSuchMethodError'{0x00007fd37866c978}: 'java.lang.Object java.lang.invoke.Invokers$Holder.linkToTargetMethod(java.lang.Object, long, java.lang.Object)'> (0x00007fd37866c978) 
thrown [src/hotspot/share/interpreter/linkResolver.cpp, line 766]
Event: 4.684 Thread 0x00007ff3900a7000 Implicit null exception at 0x00007ff3802a6acc to 0x00007ff3802a6b80
Event: 5.307 Thread 0x00007ff390018000 Exception <a 'java/lang/NoSuchMethodError'{0x00007fd384f5bcf0}: 'java.lang.Object java.lang.invoke.Invokers$Holder.invokeExact_MT(java.lang.Object, java.lang.Object, java.lang.Object, java.lang.Object, java.lang.Object, java.lang.Object)'> (0x00007fd384f5bcf0) 
thrown [src/hotspot/share/interpreter/linkResolver.cpp, line 766]
Event: 5.502 Thread 0x00007ff390018000 Exception <a 'java/lang/NoSuchMethodError'{0x00007fd3850f5d48}: 'int java.lang.invoke.DirectMethodHandle$Holder.invokeStatic(java.lang.Object, java.lang.Object, int)'> (0x00007fd3850f5d48) 
thrown [src/hotspot/share/interpreter/linkResolver.cpp, line 766]
Event: 5.628 Thread 0x00007ff390018000 Exception <a 'java/lang/NoSuchMethodError'{0x00007fd3852fa078}: 'double java.lang.invoke.DirectMethodHandle$Holder.invokeStatic(java.lang.Object, java.lang.Object)'> (0x00007fd3852fa078) 
thrown [src/hotspot/share/interpreter/linkResolver.cpp, line 766]
Event: 5.693 Thread 0x00007ff390018000 Exception <a 'java/lang/NoSuchMethodError'{0x00007fd386864090}: 'int java.lang.invoke.DirectMethodHandle$Holder.invokeStatic(java.lang.Object, java.lang.Object, java.lang.Object, int)'> (0x00007fd386864090) 
thrown [src/hotspot/share/interpreter/linkResolver.cpp, line 766]
Event: 2761.034 Thread 0x00007ff390018000 Implicit null exception at 0x00007ff3802b5e26 to 0x00007ff3802b5f20

Events (20 events):
Event: 3117.266 Executing VM operation: GenCollectForAllocation done
Event: 3121.689 Executing VM operation: GenCollectForAllocation
Event: 3121.886 Executing VM operation: GenCollectForAllocation done
Event: 3125.771 Executing VM operation: GenCollectForAllocation
Event: 3125.969 Executing VM operation: GenCollectForAllocation done
Event: 3129.937 Executing VM operation: GenCollectForAllocation
Event: 3130.094 Executing VM operation: GenCollectForAllocation done
Event: 3134.125 Executing VM operation: GenCollectForAllocation
Event: 3134.266 Executing VM operation: GenCollectForAllocation done
Event: 3138.598 Executing VM operation: GenCollectForAllocation
Event: 3138.783 Executing VM operation: GenCollectForAllocation done
Event: 3142.927 Executing VM operation: GenCollectForAllocation
Event: 3143.062 Executing VM operation: GenCollectForAllocation done
Event: 3146.908 Executing VM operation: GenCollectForAllocation
Event: 3147.111 Executing VM operation: GenCollectForAllocation done
Event: 3151.232 Executing VM operation: GenCollectForAllocation
Event: 3151.424 Executing VM operation: GenCollectForAllocation done
Event: 3155.681 Executing VM operation: GenCollectForAllocation
Event: 3155.875 Executing VM operation: GenCollectForAllocation done
Event: 3159.967 Executing VM operation: GenCollectForAllocation


Dynamic libraries:
5640a3371000-5640a3372000 r--p 00000000 07:05 4860                       /usr/lib/jvm/java-13-openjdk-amd64/bin/java
5640a3372000-5640a3373000 r-xp 00001000 07:05 4860                       /usr/lib/jvm/java-13-openjdk-amd64/bin/java
5640a3373000-5640a3374000 r--p 00002000 07:05 4860                       /usr/lib/jvm/java-13-openjdk-amd64/bin/java
5640a3374000-5640a3375000 r--p 00002000 07:05 4860                       /usr/lib/jvm/java-13-openjdk-amd64/bin/java
5640a3375000-5640a3376000 rw-p 00003000 07:05 4860                       /usr/lib/jvm/java-13-openjdk-amd64/bin/java
5640a4311000-5640a4332000 rw-p 00000000 00:00 0                          [heap]
7fd330000000-7fd330021000 rw-p 00000000 00:00 0 
7fd330021000-7fd334000000 ---p 00000000 00:00 0 
7fd338000000-7fd338021000 rw-p 00000000 00:00 0 
7fd338021000-7fd33c000000 ---p 00000000 00:00 0 
7fd33c000000-7fd33c021000 rw-p 00000000 00:00 0 
7fd33c021000-7fd340000000 ---p 00000000 00:00 0 
7fd340000000-7fd3425ba000 rw-p 00000000 00:00 0 
7fd3425ba000-7fd344000000 ---p 00000000 00:00 0 
7fd344000000-7fd344c6e000 rw-p 00000000 00:00 0 
7fd344c6e000-7fd348000000 ---p 00000000 00:00 0 
7fd348000000-7fd348021000 rw-p 00000000 00:00 0 
7fd348021000-7fd34c000000 ---p 00000000 00:00 0 
7fd34c000000-7fd34c021000 rw-p 00000000 00:00 0 
7fd34c021000-7fd350000000 ---p 00000000 00:00 0 
7fd350000000-7fd350021000 rw-p 00000000 00:00 0 
7fd350021000-7fd354000000 ---p 00000000 00:00 0 
7fd354000000-7fd354021000 rw-p 00000000 00:00 0 
7fd354021000-7fd358000000 ---p 00000000 00:00 0 
7fd358000000-7fd35808f000 rw-p 00000000 00:00 0 
7fd35808f000-7fd35c000000 ---p 00000000 00:00 0 
7fd35db54000-7fd35edbf000 rw-p 00000000 00:00 0 
7fd35edbf000-7fd3685ff000 ---p 00000000 00:00 0 
7fd3685ff000-7fd368f31000 rw-p 00000000 00:00 0 
7fd368f31000-7fd36db54000 ---p 00000000 00:00 0 
7fd36db54000-7fd36edc0000 rw-p 00000000 00:00 0 
7fd36edc0000-7fd3785ff000 ---p 00000000 00:00 0 
7fd3785ff000-7fd49e900000 rw-p 00000000 00:00 0 
7fd49e900000-7fde230a0000 ---p 00000000 00:00 0 
7fde230a0000-7fe070686000 rw-p 00000000 00:00 0 
7fe1f54c2000-7ff378600000 ---p 00000000 00:00 0 
7ff37878a000-7ff3789fa000 rwxp 00000000 00:00 0 
7ff3789fa000-7ff378d19000 ---p 00000000 00:00 0 
7ff378d19000-7ff379399000 rwxp 00000000 00:00 0 
7ff379399000-7ff380251000 ---p 00000000 00:00 0 
7ff380251000-7ff3804c1000 rwxp 00000000 00:00 0 
7ff3804c1000-7ff38778a000 ---p 00000000 00:00 0 
7ff38778a000-7ff390000000 r--s 00000000 07:05 5215                       /usr/lib/jvm/java-13-openjdk-amd64/lib/modules
7ff390000000-7ff3906a3000 rw-p 00000000 00:00 0 
7ff3906a3000-7ff394000000 ---p 00000000 00:00 0 
7ff39437f000-7ff3943bf000 rw-p 00000000 00:00 0 
7ff3943bf000-7ff39457f000 ---p 00000000 00:00 0 
7ff39457f000-7ff39477f000 rw-p 00000000 00:00 0 
7ff39477f000-7ff39497f000 rw-p 00000000 00:00 0 
7ff39497f000-7ff394b7f000 rw-p 00000000 00:00 0 
7ff394b7f000-7ff394d7f000 rw-p 00000000 00:00 0 
7ff394d7f000-7ff39511f000 rw-p 00000000 00:00 0 
7ff39511f000-7ff39531f000 rw-p 00000000 00:00 0 
7ff39531f000-7ff39551f000 rw-p 00000000 00:00 0 
7ff39551f000-7ff39571f000 rw-p 00000000 00:00 0 
7ff39571f000-7ff395750000 rw-p 00000000 00:00 0 
7ff395750000-7ff395754000 r--p 00000000 07:05 5204                       /usr/lib/jvm/java-13-openjdk-amd64/lib/libnet.so
7ff395754000-7ff395762000 r-xp 00004000 07:05 5204                       /usr/lib/jvm/java-13-openjdk-amd64/lib/libnet.so
7ff395762000-7ff395766000 r--p 00012000 07:05 5204                       /usr/lib/jvm/java-13-openjdk-amd64/lib/libnet.so
7ff395766000-7ff395767000 r--p 00015000 07:05 5204                       /usr/lib/jvm/java-13-openjdk-amd64/lib/libnet.so
7ff395767000-7ff395768000 rw-p 00016000 07:05 5204                       /usr/lib/jvm/java-13-openjdk-amd64/lib/libnet.so
7ff395768000-7ff39576f000 r--p 00000000 07:05 5205                       /usr/lib/jvm/java-13-openjdk-amd64/lib/libnio.so
7ff39576f000-7ff395778000 r-xp 00007000 07:05 5205                       /usr/lib/jvm/java-13-openjdk-amd64/lib/libnio.so
7ff395778000-7ff39577c000 r--p 00010000 07:05 5205                       /usr/lib/jvm/java-13-openjdk-amd64/lib/libnio.so
7ff39577c000-7ff39577d000 r--p 00013000 07:05 5205                       /usr/lib/jvm/java-13-openjdk-amd64/lib/libnio.so
7ff39577d000-7ff39577e000 rw-p 00014000 07:05 5205                       /usr/lib/jvm/java-13-openjdk-amd64/lib/libnio.so
7ff39577e000-7ff39577f000 ---p 00000000 00:00 0 
7ff39577f000-7ff395880000 rw-p 00000000 00:00 0 
7ff395880000-7ff395884000 ---p 00000000 00:00 0 
7ff395884000-7ff395981000 rw-p 00000000 00:00 0 
7ff395981000-7ff395985000 ---p 00000000 00:00 0 
7ff395985000-7ff395a82000 rw-p 00000000 00:00 0 
7ff395a82000-7ff395a86000 ---p 00000000 00:00 0 
7ff395a86000-7ff395b83000 rw-p 00000000 00:00 0 
7ff395b83000-7ff395b87000 ---p 00000000 00:00 0 
7ff395b87000-7ff395c84000 rw-p 00000000 00:00 0 
7ff395c84000-7ff395c88000 ---p 00000000 00:00 0 
7ff395c88000-7ff395d85000 rw-p 00000000 00:00 0 
7ff395d85000-7ff395d89000 ---p 00000000 00:00 0 
7ff395d89000-7ff395e86000 rw-p 00000000 00:00 0 
7ff395e86000-7ff395e8d000 r--s 00000000 07:05 8532                       /usr/lib/x86_64-linux-gnu/gconv/gconv-modules.cache
7ff395e8d000-7ff395ebf000 r--p 00000000 07:05 5276                       /usr/lib/locale/C.UTF-8/LC_CTYPE
7ff395ebf000-7ff395ec3000 ---p 00000000 00:00 0 
7ff395ec3000-7ff395fc0000 rw-p 00000000 00:00 0 
7ff395fc0000-7ff395fc4000 ---p 00000000 00:00 0 
7ff395fc4000-7ff3960c1000 rw-p 00000000 00:00 0 
7ff3960c1000-7ff3960c2000 ---p 00000000 00:00 0 
7ff3960c2000-7ff396ae0000 rw-p 00000000 00:00 0 
7ff396ae0000-7ff396ae5000 rw-p 00000000 00:00 0 
7ff396ae5000-7ff396bcb000 ---p 00000000 00:00 0 
7ff396bcb000-7ff396bd8000 rw-p 00000000 00:00 0 
7ff396bd8000-7ff396cb6000 ---p 00000000 00:00 0 
7ff396cb6000-7ff396cbb000 rw-p 00000000 00:00 0 
7ff396cbb000-7ff396cc2000 ---p 00000000 00:00 0 
7ff396cc2000-7ff396cc4000 r--p 00000000 07:05 5214                       /usr/lib/jvm/java-13-openjdk-amd64/lib/libzip.so
7ff396cc4000-7ff396cc8000 r-xp 00002000 07:05 5214                       /usr/lib/jvm/java-13-openjdk-amd64/lib/libzip.so
7ff396cc8000-7ff396cca000 r--p 00006000 07:05 5214                       /usr/lib/jvm/java-13-openjdk-amd64/lib/libzip.so
7ff396cca000-7ff396ccb000 r--p 00007000 07:05 5214                       /usr/lib/jvm/java-13-openjdk-amd64/lib/libzip.so
7ff396ccb000-7ff396ccc000 rw-p 00008000 07:05 5214                       /usr/lib/jvm/java-13-openjdk-amd64/lib/libzip.so
7ff396ccc000-7ff396cd4000 rw-s 00000000 08:03 101772039                  /tmp/hsperfdata_rcabanas/53874
7ff396cd4000-7ff396cd7000 r--p 00000000 07:05 9108                       /usr/lib/x86_64-linux-gnu/libnss_files-2.31.so
7ff396cd7000-7ff396cde000 r-xp 00003000 07:05 9108                       /usr/lib/x86_64-linux-gnu/libnss_files-2.31.so
7ff396cde000-7ff396ce0000 r--p 0000a000 07:05 9108                       /usr/lib/x86_64-linux-gnu/libnss_files-2.31.so
7ff396ce0000-7ff396ce1000 r--p 0000b000 07:05 9108                       /usr/lib/x86_64-linux-gnu/libnss_files-2.31.so
7ff396ce1000-7ff396ce2000 rw-p 0000c000 07:05 9108                       /usr/lib/x86_64-linux-gnu/libnss_files-2.31.so
7ff396ce2000-7ff396ce8000 rw-p 00000000 00:00 0 
7ff396cee000-7ff396cf0000 r--p 00000000 07:05 5195                       /usr/lib/jvm/java-13-openjdk-amd64/lib/libjimage.so
7ff396cf0000-7ff396cf3000 r-xp 00002000 07:05 5195                       /usr/lib/jvm/java-13-openjdk-amd64/lib/libjimage.so
7ff396cf3000-7ff396cf4000 r--p 00005000 07:05 5195                       /usr/lib/jvm/java-13-openjdk-amd64/lib/libjimage.so
7ff396cf4000-7ff396cf5000 ---p 00006000 07:05 5195                       /usr/lib/jvm/java-13-openjdk-amd64/lib/libjimage.so
7ff396cf5000-7ff396cf6000 r--p 00006000 07:05 5195                       /usr/lib/jvm/java-13-openjdk-amd64/lib/libjimage.so
7ff396cf6000-7ff396cf7000 rw-p 00007000 07:05 5195                       /usr/lib/jvm/java-13-openjdk-amd64/lib/libjimage.so
7ff396cf7000-7ff396d04000 r--p 00000000 07:05 5191                       /usr/lib/jvm/java-13-openjdk-amd64/lib/libjava.so
7ff396d04000-7ff396d19000 r-xp 0000d000 07:05 5191                       /usr/lib/jvm/java-13-openjdk-amd64/lib/libjava.so
7ff396d19000-7ff396d1f000 r--p 00022000 07:05 5191                       /usr/lib/jvm/java-13-openjdk-amd64/lib/libjava.so
7ff396d1f000-7ff396d20000 ---p 00028000 07:05 5191                       /usr/lib/jvm/java-13-openjdk-amd64/lib/libjava.so
7ff396d20000-7ff396d21000 r--p 00028000 07:05 5191                       /usr/lib/jvm/java-13-openjdk-amd64/lib/libjava.so
7ff396d21000-7ff396d23000 rw-p 00029000 07:05 5191                       /usr/lib/jvm/java-13-openjdk-amd64/lib/libjava.so
7ff396d23000-7ff396d28000 r--p 00000000 07:05 5213                       /usr/lib/jvm/java-13-openjdk-amd64/lib/libverify.so
7ff396d28000-7ff396d2f000 r-xp 00005000 07:05 5213                       /usr/lib/jvm/java-13-openjdk-amd64/lib/libverify.so
7ff396d2f000-7ff396d31000 r--p 0000c000 07:05 5213                       /usr/lib/jvm/java-13-openjdk-amd64/lib/libverify.so
7ff396d31000-7ff396d32000 ---p 0000e000 07:05 5213                       /usr/lib/jvm/java-13-openjdk-amd64/lib/libverify.so
7ff396d32000-7ff396d34000 r--p 0000e000 07:05 5213                       /usr/lib/jvm/java-13-openjdk-amd64/lib/libverify.so
7ff396d34000-7ff396d35000 rw-p 00010000 07:05 5213                       /usr/lib/jvm/java-13-openjdk-amd64/lib/libverify.so
7ff396d35000-7ff396d39000 ---p 00000000 00:00 0 
7ff396d39000-7ff396e36000 rw-p 00000000 00:00 0 
7ff396e36000-7ff396e39000 r--p 00000000 07:05 8948                       /usr/lib/x86_64-linux-gnu/libgcc_s.so.1
7ff396e39000-7ff396e4b000 r-xp 00003000 07:05 8948                       /usr/lib/x86_64-linux-gnu/libgcc_s.so.1
7ff396e4b000-7ff396e4f000 r--p 00015000 07:05 8948                       /usr/lib/x86_64-linux-gnu/libgcc_s.so.1
7ff396e4f000-7ff396e50000 r--p 00018000 07:05 8948                       /usr/lib/x86_64-linux-gnu/libgcc_s.so.1
7ff396e50000-7ff396e51000 rw-p 00019000 07:05 8948                       /usr/lib/x86_64-linux-gnu/libgcc_s.so.1
7ff396e51000-7ff396e5e000 r--p 00000000 07:05 9062                       /usr/lib/x86_64-linux-gnu/libm-2.31.so
7ff396e5e000-7ff396f05000 r-xp 0000d000 07:05 9062                       /usr/lib/x86_64-linux-gnu/libm-2.31.so
7ff396f05000-7ff396f9e000 r--p 000b4000 07:05 9062                       /usr/lib/x86_64-linux-gnu/libm-2.31.so
7ff396f9e000-7ff396f9f000 r--p 0014c000 07:05 9062                       /usr/lib/x86_64-linux-gnu/libm-2.31.so
7ff396f9f000-7ff396fa0000 rw-p 0014d000 07:05 9062                       /usr/lib/x86_64-linux-gnu/libm-2.31.so
7ff396fa0000-7ff397036000 r--p 00000000 07:05 9213                       /usr/lib/x86_64-linux-gnu/libstdc++.so.6.0.28
7ff397036000-7ff397127000 r-xp 00096000 07:05 9213                       /usr/lib/x86_64-linux-gnu/libstdc++.so.6.0.28
7ff397127000-7ff397170000 r--p 00187000 07:05 9213                       /usr/lib/x86_64-linux-gnu/libstdc++.so.6.0.28
7ff397170000-7ff397171000 ---p 001d0000 07:05 9213                       /usr/lib/x86_64-linux-gnu/libstdc++.so.6.0.28
7ff397171000-7ff39717c000 r--p 001d0000 07:05 9213                       /usr/lib/x86_64-linux-gnu/libstdc++.so.6.0.28
7ff39717c000-7ff39717f000 rw-p 001db000 07:05 9213                       /usr/lib/x86_64-linux-gnu/libstdc++.so.6.0.28
7ff39717f000-7ff397182000 rw-p 00000000 00:00 0 
7ff397182000-7ff397408000 r--p 00000000 07:05 5226                       /usr/lib/jvm/java-13-openjdk-amd64/lib/server/libjvm.so
7ff397408000-7ff398185000 r-xp 00286000 07:05 5226                       /usr/lib/jvm/java-13-openjdk-amd64/lib/server/libjvm.so
7ff398185000-7ff398400000 r--p 01003000 07:05 5226                       /usr/lib/jvm/java-13-openjdk-amd64/lib/server/libjvm.so
7ff398400000-7ff3984c5000 r--p 0127d000 07:05 5226                       /usr/lib/jvm/java-13-openjdk-amd64/lib/server/libjvm.so
7ff3984c5000-7ff398500000 rw-p 01342000 07:05 5226                       /usr/lib/jvm/java-13-openjdk-amd64/lib/server/libjvm.so
7ff398500000-7ff398586000 rw-p 00000000 00:00 0 
7ff398586000-7ff39858c000 r--p 00000000 07:05 9166                       /usr/lib/x86_64-linux-gnu/libpthread-2.31.so
7ff39858c000-7ff39859d000 r-xp 00006000 07:05 9166                       /usr/lib/x86_64-linux-gnu/libpthread-2.31.so
7ff39859d000-7ff3985a3000 r--p 00017000 07:05 9166                       /usr/lib/x86_64-linux-gnu/libpthread-2.31.so
7ff3985a3000-7ff3985a4000 r--p 0001c000 07:05 9166                       /usr/lib/x86_64-linux-gnu/libpthread-2.31.so
7ff3985a4000-7ff3985a5000 rw-p 0001d000 07:05 9166                       /usr/lib/x86_64-linux-gnu/libpthread-2.31.so
7ff3985a5000-7ff3985a9000 rw-p 00000000 00:00 0 
7ff3985a9000-7ff3985aa000 r--p 00000000 07:05 8893                       /usr/lib/x86_64-linux-gnu/libdl-2.31.so
7ff3985aa000-7ff3985ac000 r-xp 00001000 07:05 8893                       /usr/lib/x86_64-linux-gnu/libdl-2.31.so
7ff3985ac000-7ff3985ad000 r--p 00003000 07:05 8893                       /usr/lib/x86_64-linux-gnu/libdl-2.31.so
7ff3985ad000-7ff3985ae000 r--p 00003000 07:05 8893                       /usr/lib/x86_64-linux-gnu/libdl-2.31.so
7ff3985ae000-7ff3985af000 rw-p 00004000 07:05 8893                       /usr/lib/x86_64-linux-gnu/libdl-2.31.so
7ff3985af000-7ff3985b1000 r--p 00000000 07:05 9290                       /usr/lib/x86_64-linux-gnu/libz.so.1.2.11
7ff3985b1000-7ff3985c2000 r-xp 00002000 07:05 9290                       /usr/lib/x86_64-linux-gnu/libz.so.1.2.11
7ff3985c2000-7ff3985c8000 r--p 00013000 07:05 9290                       /usr/lib/x86_64-linux-gnu/libz.so.1.2.11
7ff3985c8000-7ff3985c9000 ---p 00019000 07:05 9290                       /usr/lib/x86_64-linux-gnu/libz.so.1.2.11
7ff3985c9000-7ff3985ca000 r--p 00019000 07:05 9290                       /usr/lib/x86_64-linux-gnu/libz.so.1.2.11
7ff3985ca000-7ff3985cb000 rw-p 0001a000 07:05 9290                       /usr/lib/x86_64-linux-gnu/libz.so.1.2.11
7ff3985cb000-7ff3985ed000 r--p 00000000 07:05 8851                       /usr/lib/x86_64-linux-gnu/libc-2.31.so
7ff3985ed000-7ff398765000 r-xp 00022000 07:05 8851                       /usr/lib/x86_64-linux-gnu/libc-2.31.so
7ff398765000-7ff3987b3000 r--p 0019a000 07:05 8851                       /usr/lib/x86_64-linux-gnu/libc-2.31.so
7ff3987b3000-7ff3987b7000 r--p 001e7000 07:05 8851                       /usr/lib/x86_64-linux-gnu/libc-2.31.so
7ff3987b7000-7ff3987b9000 rw-p 001eb000 07:05 8851                       /usr/lib/x86_64-linux-gnu/libc-2.31.so
7ff3987b9000-7ff3987bd000 rw-p 00000000 00:00 0 
7ff3987bf000-7ff3987c1000 r--s 0000c000 07:05 20930                      /usr/share/java/java-atk-wrapper.jar
7ff3987c1000-7ff3987c2000 ---p 00000000 00:00 0 
7ff3987c2000-7ff3987c3000 r--p 00000000 00:00 0 
7ff3987c3000-7ff3987c6000 r--p 00000000 07:05 5196                       /usr/lib/jvm/java-13-openjdk-amd64/lib/libjli.so
7ff3987c6000-7ff3987d0000 r-xp 00003000 07:05 5196                       /usr/lib/jvm/java-13-openjdk-amd64/lib/libjli.so
7ff3987d0000-7ff3987d3000 r--p 0000d000 07:05 5196                       /usr/lib/jvm/java-13-openjdk-amd64/lib/libjli.so
7ff3987d3000-7ff3987d4000 r--p 0000f000 07:05 5196                       /usr/lib/jvm/java-13-openjdk-amd64/lib/libjli.so
7ff3987d4000-7ff3987d5000 rw-p 00010000 07:05 5196                       /usr/lib/jvm/java-13-openjdk-amd64/lib/libjli.so
7ff3987d5000-7ff3987d7000 rw-p 00000000 00:00 0 
7ff3987d7000-7ff3987d8000 r--p 00000000 07:05 8572                       /usr/lib/x86_64-linux-gnu/ld-2.31.so
7ff3987d8000-7ff3987fb000 r-xp 00001000 07:05 8572                       /usr/lib/x86_64-linux-gnu/ld-2.31.so
7ff3987fb000-7ff398803000 r--p 00024000 07:05 8572                       /usr/lib/x86_64-linux-gnu/ld-2.31.so
7ff398803000-7ff398804000 ---p 00000000 00:00 0 
7ff398804000-7ff398805000 r--p 0002c000 07:05 8572                       /usr/lib/x86_64-linux-gnu/ld-2.31.so
7ff398805000-7ff398806000 rw-p 0002d000 07:05 8572                       /usr/lib/x86_64-linux-gnu/ld-2.31.so
7ff398806000-7ff398807000 rw-p 00000000 00:00 0 
7ffe14674000-7ffe14695000 rw-p 00000000 00:00 0                          [stack]
7ffe147d1000-7ffe147d3000 r-xp 00000000 00:00 0                          [vdso]
ffffffffff600000-ffffffffff601000 r-xp 00000000 00:00 0                  [vsyscall]


VM Arguments:
jvm_args: -Xmx128g --add-modules=ALL-DEFAULT 
java_command: jdk.compiler/com.sun.tools.javac.launcher.Main /mnt/beegfs/rcabanas/dev/credici/papers/journalEM/code/LearnAndCalculatePNS.java -w -x 100 -m 500 -sc KL -th 1e-07 -a EMCC --seed 32 --output /mnt/beegfs/rcabanas/dev/credici/papers/journalEM/output/triangolo --cause 3 --effect 0 /mnt/beegfs/rcabanas/dev/credici/papers/journalEM/models/triangolo/triangolo_causal.uai
java_class_path (initial): /mnt/beegfs/rcabanas/dev/credici/target/credici-0.1.3-jar-with-dependencies.jar
Launcher Type: SUN_STANDARD

[Global flags]
     intx CICompilerCount                          = 2                                         {product} {ergonomic}
   size_t InitialHeapSize                          = 2147483648                                {product} {ergonomic}
   size_t MaxHeapSize                              = 137438953472                              {product} {command line}
   size_t MaxNewSize                               = 45812940800                               {product} {ergonomic}
   size_t MinHeapDeltaBytes                        = 196608                                    {product} {ergonomic}
   size_t MinHeapSize                              = 8388608                                   {product} {ergonomic}
   size_t NewSize                                  = 715784192                                 {product} {ergonomic}
    uintx NonNMethodCodeHeapSize                   = 5826188                                {pd product} {ergonomic}
    uintx NonProfiledCodeHeapSize                  = 122916026                              {pd product} {ergonomic}
   size_t OldSize                                  = 1431699456                                {product} {ergonomic}
    uintx ProfiledCodeHeapSize                     = 122916026                              {pd product} {ergonomic}
    uintx ReservedCodeCacheSize                    = 251658240                              {pd product} {ergonomic}
     bool SegmentedCodeCache                       = true                                      {product} {ergonomic}
   size_t SoftMaxHeapSize                          = 137438953472                           {manageable} {ergonomic}
     bool UseSerialGC                              = true                                      {product} {ergonomic}

Logging:
Log output configuration:
 #0: stdout all=warning uptime,level,tags
 #1: stderr all=off uptime,level,tags

Environment Variables:
PATH=/usr/local/sbin:/usr/local/bin:/usr/sbin:/usr/bin:/sbin:/bin
LD_LIBRARY_PATH=/.singularity.d/libs

Signal Handlers:
SIGSEGV: [libjvm.so+0xf8fcf0], sa_mask[0]=11111111011111111101111111111110, sa_flags=SA_RESTART|SA_SIGINFO
SIGBUS: [libjvm.so+0xf8fcf0], sa_mask[0]=11111111011111111101111111111110, sa_flags=SA_RESTART|SA_SIGINFO
SIGFPE: [libjvm.so+0xf8fcf0], sa_mask[0]=11111111011111111101111111111110, sa_flags=SA_RESTART|SA_SIGINFO
SIGPIPE: [libjvm.so+0xc3ffa0], sa_mask[0]=11111111011111111101111111111110, sa_flags=SA_RESTART|SA_SIGINFO
SIGXFSZ: [libjvm.so+0xc3ffa0], sa_mask[0]=11111111011111111101111111111110, sa_flags=SA_RESTART|SA_SIGINFO
SIGILL: [libjvm.so+0xf8fcf0], sa_mask[0]=11111111011111111101111111111110, sa_flags=SA_RESTART|SA_SIGINFO
SIGUSR2: [libjvm.so+0xc3fe40], sa_mask[0]=00000000000000000000000000000000, sa_flags=SA_RESTART|SA_SIGINFO
SIGHUP: [libjvm.so+0xc40580], sa_mask[0]=11111111011111111101111111111110, sa_flags=SA_RESTART|SA_SIGINFO
SIGINT: [libjvm.so+0xc40580], sa_mask[0]=11111111011111111101111111111110, sa_flags=SA_RESTART|SA_SIGINFO
SIGTERM: [libjvm.so+0xc40580], sa_mask[0]=11111111011111111101111111111110, sa_flags=SA_RESTART|SA_SIGINFO
SIGQUIT: [libjvm.so+0xc40580], sa_mask[0]=11111111011111111101111111111110, sa_flags=SA_RESTART|SA_SIGINFO


---------------  S Y S T E M  ---------------

OS:DISTRIB_ID=Ubuntu
DISTRIB_RELEASE=20.04
DISTRIB_CODENAME=focal
DISTRIB_DESCRIPTION="Ubuntu 20.04.4 LTS"
uname:Linux 3.10.0-1160.15.2.el7.x86_64 #1 SMP Wed Feb 3 15:06:38 UTC 2021 x86_64
OS uptime: 480 days 2:18 hours
libc:glibc 2.31 NPTL 2.31 
rlimit (soft/hard): STACK 8192k/infinity , CORE 0k/infinity , NPROC 4096/1030217 , NOFILE 131072/131072 , AS infinity/infinity , CPU infinity/infinity , DATA infinity/infinity , FSIZE infinity/infinity , MEMLOCK infinity/infinity
load average:26.56 27.02 27.25

/proc/meminfo:
MemTotal:       263895368 kB
MemFree:         2181996 kB
MemAvailable:    2065060 kB
Buffers:          146380 kB
Cached:           429276 kB
SwapCached:       137956 kB
Active:         245238488 kB
Inactive:        7167340 kB
Active(anon):   245048512 kB
Inactive(anon):  6793448 kB
Active(file):     189976 kB
Inactive(file):   373892 kB
Unevictable:       21848 kB
Mlocked:           21848 kB
SwapTotal:       4194300 kB
SwapFree:         243788 kB
Dirty:               536 kB
Writeback:             0 kB
AnonPages:      251714788 kB
Mapped:           138432 kB
Shmem:              8096 kB
Slab:             729924 kB
SReclaimable:     179348 kB
SUnreclaim:       550576 kB
KernelStack:       26512 kB
PageTables:       522936 kB
NFS_Unstable:          0 kB
Bounce:                0 kB
WritebackTmp:          0 kB
CommitLimit:    136141984 kB
Committed_AS:   308994984 kB
VmallocTotal:   34359738367 kB
VmallocUsed:      877772 kB
VmallocChunk:   34222444160 kB
Percpu:            30464 kB
HardwareCorrupted:     0 kB
AnonHugePages:  44306432 kB
CmaTotal:              0 kB
CmaFree:               0 kB
HugePages_Total:       0
HugePages_Free:        0
HugePages_Rsvd:        0
HugePages_Surp:        0
Hugepagesize:       2048 kB
DirectMap4k:      595560 kB
DirectMap2M:    24432640 kB
DirectMap1G:    243269632 kB

/sys/kernel/mm/transparent_hugepage/enabled:
[always] madvise never

/sys/kernel/mm/transparent_hugepage/defrag (defrag/compaction efforts parameter):
[always] madvise never


/proc/sys/kernel/threads-max (system-wide limit on the number of threads):
2060435


/proc/sys/vm/max_map_count (maximum number of memory map areas a process may have):
65530


/proc/sys/kernel/pid_max (system-wide limit on number of process identifiers):
65536



Steal ticks since vm start: 0
Steal ticks percentage since vm start:  0.000

CPU:total 64 (initial active 1) (32 cores per cpu, 1 threads per core) family 23 model 49 stepping 0, cmov, cx8, fxsr, mmx, sse, sse2, sse3, ssse3, sse4.1, sse4.2, popcnt, avx, avx2, aes, clmul, mmxext, 3dnowpref, lzcnt, sse4a, tsc, tscinvbit, tscinv, bmi1, bmi2, adx, sha, fma
CPU Model and flags from /proc/cpuinfo:
model name	: AMD EPYC 7542 32-Core Processor
flags		: fpu vme de pse tsc msr pae mce cx8 apic sep mtrr pge mca cmov pat pse36 clflush mmx fxsr sse sse2 ht syscall nx mmxext fxsr_opt pdpe1gb rdtscp lm constant_tsc art rep_good nopl nonstop_tsc extd_apicid aperfmperf eagerfpu pni pclmulqdq monitor ssse3 fma cx16 sse4_1 sse4_2 movbe popcnt aes xsave avx f16c rdrand lahf_lm cmp_legacy svm extapic cr8_legacy abm sse4a misalignsse 3dnowprefetch osvw ibs skinit wdt tce topoext perfctr_core perfctr_nb bpext perfctr_l2 cpb cat_l3 cdp_l3 hw_pstate sme retpoline_amd ssbd ibrs ibpb stibp vmmcall fsgsbase bmi1 avx2 smep bmi2 cqm rdt_a rdseed adx smap clflushopt clwb sha_ni xsaveopt xsavec xgetbv1 cqm_llc cqm_occup_llc cqm_mbm_total cqm_mbm_local clzero irperf xsaveerptr arat npt lbrv svm_lock nrip_save tsc_scale vmcb_clean flushbyasid decodeassists pausefilter pfthreshold avic v_vmsave_vmload vgif umip overflow_recov succor smca
Online cpus:0-63
Offline cpus:
BIOS frequency limitation:2900000
Frequency switch latency (ns):0
Available cpu frequencies:2900000 2400000 1500000 
Current governor:conservative
Core performance/turbo boost:1

Memory: 4k page, physical 263895368k(2181468k free), swap 4194300k(243796k free)

vm_info: OpenJDK 64-Bit Server VM (13.0.7+5-Ubuntu-0ubuntu120.04) for linux-amd64 JRE (13.0.7+5-Ubuntu-0ubuntu120.04), built on Apr 21 2021 05:36:19 by "unknown" with gcc 9.3.0

END.
