#
# There is insufficient memory for the Java Runtime Environment to continue.
# Native memory allocation (mmap) failed to map 9428733952 bytes for committing reserved memory.
# Possible reasons:
#   The system is out of physical RAM or swap space
# Possible solutions:
#   Reduce memory load on the system
#   Increase physical memory or swap space
#   Check if swap backing store is full
#   Decrease Java heap size (-Xmx/-Xms)
#   Decrease number of Java threads
#   Decrease Java thread stack sizes (-Xss)
#   Set larger code cache with -XX:ReservedCodeCacheSize=
# This output file may be truncated or incomplete.
#
#  Out of Memory Error (os_linux.cpp:2899), pid=166684, tid=166851
#
# JRE version: OpenJDK Runtime Environment (13.0.7+5) (build 13.0.7+5-Ubuntu-0ubuntu120.04)
# Java VM: OpenJDK 64-Bit Server VM (13.0.7+5-Ubuntu-0ubuntu120.04, mixed mode, tiered, serial gc, linux-amd64)
# No core dump will be written. Core dumps have been disabled. To enable core dumping, try "ulimit -c unlimited" before starting Java again
#

---------------  S U M M A R Y ------------

Command Line: -Xmx64g --add-modules=ALL-DEFAULT jdk.compiler/com.sun.tools.javac.launcher.Main /mnt/beegfs/rcabanas/dev/credici/papers/journalEM/code/GenerateModel.java -n 8 -d 1000 -di 0.5 -mr 0.98 -r 1.0 --seed 100 --output /mnt/beegfs/rcabanas/dev/credici/papers/journalEM/models/synthetic/s1/ --debug

Host: AMD EPYC 7542 32-Core Processor, 64 cores, 251G, Ubuntu 20.04.4 LTS
Time: Tue Oct  4 09:04:14 2022 CEST elapsed time: 394.648983 seconds (0d 0h 6m 34s)

---------------  T H R E A D  ---------------

Current thread (0x00007f0504097800):  VMThread "VM Thread" [stack: 0x00007f05097de000,0x00007f05098de000] [id=166851]

Stack: [0x00007f05097de000,0x00007f05098de000],  sp=0x00007f05098dc160,  free space=1016k
Native frames: (J=compiled Java code, A=aot compiled Java code, j=interpreted, Vv=VM code, C=native code)
V  [libjvm.so+0xf8f092]
V  [libjvm.so+0xf8fc91]
V  [libjvm.so+0x66ee5a]
V  [libjvm.so+0xc44a41]
V  [libjvm.so+0xc3b263]
V  [libjvm.so+0xf87f4b]
V  [libjvm.so+0x557506]
V  [libjvm.so+0x557723]
V  [libjvm.so+0xf18b0c]
V  [libjvm.so+0x557e65]
V  [libjvm.so+0x7e2edb]
V  [libjvm.so+0x7e39bd]
V  [libjvm.so+0x7d8b48]
V  [libjvm.so+0xf90940]
V  [libjvm.so+0xf96657]
V  [libjvm.so+0xf96d2b]
V  [libjvm.so+0xf9706a]
V  [libjvm.so+0xf2208f]
V  [libjvm.so+0xc493ff]

VM_Operation (0x00007f050a54aa60): GenCollectForAllocation, mode: safepoint, requested by thread 0x00007f0504018000


---------------  P R O C E S S  ---------------

Threads class SMR info:
_java_thread_list=0x00007ef4b4003560, length=9, elements={
0x00007f0504018000, 0x00007f05040a3800, 0x00007f05040a7000, 0x00007f05040cb800,
0x00007f05040cd000, 0x00007f05040cf000, 0x00007f05040d1000, 0x00007f05040d3000,
0x00007f0504135000
}

Java Threads: ( => current thread )
  0x00007f0504018000 JavaThread "main" [_thread_blocked, id=166759, stack(0x00007f050a450000,0x00007f050a551000)]
  0x00007f05040a3800 JavaThread "Reference Handler" daemon [_thread_blocked, id=166859, stack(0x00007f05096db000,0x00007f05097dc000)]
  0x00007f05040a7000 JavaThread "Finalizer" daemon [_thread_blocked, id=166860, stack(0x00007f05095da000,0x00007f05096db000)]
  0x00007f05040cb800 JavaThread "Signal Dispatcher" daemon [_thread_blocked, id=166870, stack(0x00007f05094a0000,0x00007f05095a1000)]
  0x00007f05040cd000 JavaThread "Service Thread" daemon [_thread_blocked, id=166871, stack(0x00007f050939f000,0x00007f05094a0000)]
  0x00007f05040cf000 JavaThread "C2 CompilerThread0" daemon [_thread_blocked, id=166872, stack(0x00007f050929e000,0x00007f050939f000)]
  0x00007f05040d1000 JavaThread "C1 CompilerThread0" daemon [_thread_blocked, id=166873, stack(0x00007f050919d000,0x00007f050929e000)]
  0x00007f05040d3000 JavaThread "Sweeper thread" daemon [_thread_blocked, id=166875, stack(0x00007f050909c000,0x00007f050919d000)]
  0x00007f0504135000 JavaThread "Common-Cleaner" daemon [_thread_blocked, id=166915, stack(0x00007f0508f9b000,0x00007f050909c000)]

Other Threads:
=>0x00007f0504097800 VMThread "VM Thread" [stack: 0x00007f05097de000,0x00007f05098de000] [id=166851]
  0x00007f0504181800 WatcherThread [stack: 0x00007f0508e9b000,0x00007f0508f9b000] [id=166945]

Threads with active compile tasks:

VM state:at safepoint (normal execution)

VM Mutex/Monitor currently owned by a thread:  ([mutex/lock_event])
[0x00007f0504014100] Threads_lock - owner thread: 0x00007f0504097800
[0x00007f0504014d00] Heap_lock - owner thread: 0x00007f0504018000

Heap:
 def new generation   total 5218048K, used 195095K [0x00007ef4ec600000, 0x00007ef64e3f0000, 0x00007efa41b50000)
  eden space 4638272K,   4% used [0x00007ef4ec600000, 0x00007ef4f8485c78, 0x00007ef607790000)
  from space 579776K,   0% used [0x00007ef62adc0000, 0x00007ef62adc0000, 0x00007ef64e3f0000)
  to   space 579776K,   0% used [0x00007ef607790000, 0x00007ef607790000, 0x00007ef62adc0000)
 tenured generation   total 13811620K, used 13811619K [0x00007efa41b50000, 0x00007efd8cb39000, 0x00007f04ec600000)
   the space 13811620K,  99% used [0x00007efa41b50000, 0x00007efd8cb38fd8, 0x00007efd8cb39000, 0x00007efd8cb39000)
 Metaspace       used 30674K, capacity 31127K, committed 31488K, reserved 32768K

Card table byte_map: [0x00007ef4e45ff000,0x00007ef4ec600000] _byte_map_base: 0x00007eb569e9c000

Polling page: 0x00007f050bedc000

Metaspace:

Usage:
   30.40 MB capacity,    29.96 MB ( 99%) used,   338.44 KB (  1%) free+waste,   114.50 KB ( <1%) overhead. 

Virtual space:
     32.00 MB reserved,      30.75 MB ( 96%) committed 

Chunk freelists:
133.00 KB

MaxMetaspaceSize: unlimited


CodeHeap 'non-profiled nmethods': size=120036Kb used=2548Kb max_used=2680Kb free=117487Kb
 bounds [0x00007f04f4251000, 0x00007f04f44f1000, 0x00007f04fb78a000]
CodeHeap 'profiled nmethods': size=120032Kb used=7343Kb max_used=9896Kb free=112688Kb
 bounds [0x00007f04ecd19000, 0x00007f04ed6c9000, 0x00007f04f4251000]
CodeHeap 'non-nmethods': size=5692Kb used=1254Kb max_used=1344Kb free=4437Kb
 bounds [0x00007f04ec78a000, 0x00007f04ec9fa000, 0x00007f04ecd19000]
 total_blobs=4367 nmethods=3828 adapters=453
 compilation: enabled
              stopped_count=0, restarted_count=0
 full_count=0

Compilation events (20 events):
Event: 108.222 Thread 0x00007f05040cf000 4896       4       ch.javasoft.math.BigFraction::valueOf (71 bytes)
Event: 108.232 Thread 0x00007f05040cf000 nmethod 4896 0x00007f04f428bb10 code [0x00007f04f428bcc0, 0x00007f04f428c0f8]
Event: 111.997 Thread 0x00007f05040d1000 4897       3       ch.javasoft.math.BigFraction::reduce (93 bytes)
Event: 111.998 Thread 0x00007f05040d1000 nmethod 4897 0x00007f04ed16d090 code [0x00007f04ed16d2c0, 0x00007f04ed16d800]
Event: 112.000 Thread 0x00007f05040cf000 4898       4       ch.javasoft.math.BigFraction::reduce (93 bytes)
Event: 112.010 Thread 0x00007f05040cf000 nmethod 4898 0x00007f04f44e7310 code [0x00007f04f44e7500, 0x00007f04f44e7d28]
Event: 226.662 Thread 0x00007f05040cf000 4899       4       ch.javasoft.metabolic.efm.column.FractionalColumn::convert (163 bytes)
Event: 226.789 Thread 0x00007f05040cf000 nmethod 4899 0x00007f04f43ac910 code [0x00007f04f43acb20, 0x00007f04f43adb18]
Event: 226.789 Thread 0x00007f05040cf000 4901       4       ch.javasoft.metabolic.efm.model.nullspace.NullspaceFractionalColumnInspectorModifier::convertBinary (22 bytes)
Event: 226.798 Thread 0x00007f05040cf000 nmethod 4901 0x00007f04f42ebc90 code [0x00007f04f42ebe40, 0x00007f04f42ec378]
Event: 226.798 Thread 0x00007f05040cf000 4902       4       ch.javasoft.metabolic.efm.model.nullspace.NullspaceFractionalColumnInspectorModifier::convertNumeric (22 bytes)
Event: 226.803 Thread 0x00007f05040cf000 nmethod 4902 0x00007f04f4284390 code [0x00007f04f4284520, 0x00007f04f42849b8]
Event: 226.804 Thread 0x00007f05040cf000 4903       4       ch.javasoft.metabolic.efm.model.nullspace.NullspaceFractionalColumnInspectorModifier::convertNumeric (41 bytes)
Event: 226.812 Thread 0x00007f05040cf000 nmethod 4903 0x00007f04f42afe90 code [0x00007f04f42b0020, 0x00007f04f42b03d8]
Event: 226.813 Thread 0x00007f05040cf000 4904 %     4       ch.javasoft.metabolic.efm.util.ColumnUtil::partition @ 11 (119 bytes)
Event: 226.902 Thread 0x00007f05040cf000 nmethod 4904% 0x00007f04f44ac290 code [0x00007f04f44ac500, 0x00007f04f44adf08]
Event: 226.902 Thread 0x00007f05040cf000 4900       4       ch.javasoft.util.Arrays::copyOfRange (89 bytes)
Event: 226.905 Thread 0x00007f05040cf000 nmethod 4900 0x00007f04f4310590 code [0x00007f04f4310720, 0x00007f04f4310a98]
Event: 226.906 Thread 0x00007f05040cf000 4905       4       ch.javasoft.metabolic.efm.util.ColumnUtil::partition (119 bytes)
Event: 226.954 Thread 0x00007f05040cf000 nmethod 4905 0x00007f04f44ccb90 code [0x00007f04f44cce00, 0x00007f04f44ce488]

GC Heap History (20 events):
Event: 208.295 GC heap after
{Heap after GC invocations=134 (full 18):
 def new generation   total 5218048K, used 377055K [0x00007ef4ec600000, 0x00007ef64e3f0000, 0x00007efa41b50000)
  eden space 4638272K,   0% used [0x00007ef4ec600000, 0x00007ef4ec600000, 0x00007ef607790000)
  from space 579776K,  65% used [0x00007ef607790000, 0x00007ef61e7c7ff0, 0x00007ef62adc0000)
  to   space 579776K,   0% used [0x00007ef62adc0000, 0x00007ef62adc0000, 0x00007ef64e3f0000)
 tenured generation   total 11595556K, used 8277453K [0x00007efa41b50000, 0x00007efd05719000, 0x00007f04ec600000)
   the space 11595556K,  71% used [0x00007efa41b50000, 0x00007efc3aec3578, 0x00007efc3aec3600, 0x00007efd05719000)
 Metaspace       used 30674K, capacity 31127K, committed 31488K, reserved 32768K
}
Event: 209.514 GC heap before
{Heap before GC invocations=134 (full 18):
 def new generation   total 5218048K, used 5015327K [0x00007ef4ec600000, 0x00007ef64e3f0000, 0x00007efa41b50000)
  eden space 4638272K, 100% used [0x00007ef4ec600000, 0x00007ef607790000, 0x00007ef607790000)
  from space 579776K,  65% used [0x00007ef607790000, 0x00007ef61e7c7ff0, 0x00007ef62adc0000)
  to   space 579776K,   0% used [0x00007ef62adc0000, 0x00007ef62adc0000, 0x00007ef64e3f0000)
 tenured generation   total 11595556K, used 8277453K [0x00007efa41b50000, 0x00007efd05719000, 0x00007f04ec600000)
   the space 11595556K,  71% used [0x00007efa41b50000, 0x00007efc3aec3578, 0x00007efc3aec3600, 0x00007efd05719000)
 Metaspace       used 30674K, capacity 31127K, committed 31488K, reserved 32768K
}
Event: 210.439 GC heap after
{Heap after GC invocations=135 (full 18):
 def new generation   total 5218048K, used 387050K [0x00007ef4ec600000, 0x00007ef64e3f0000, 0x00007efa41b50000)
  eden space 4638272K,   0% used [0x00007ef4ec600000, 0x00007ef4ec600000, 0x00007ef607790000)
  from space 579776K,  66% used [0x00007ef62adc0000, 0x00007ef6427baaa0, 0x00007ef64e3f0000)
  to   space 579776K,   0% used [0x00007ef607790000, 0x00007ef607790000, 0x00007ef62adc0000)
 tenured generation   total 11595556K, used 8654508K [0x00007efa41b50000, 0x00007efd05719000, 0x00007f04ec600000)
   the space 11595556K,  74% used [0x00007efa41b50000, 0x00007efc51efb1d8, 0x00007efc51efb200, 0x00007efd05719000)
 Metaspace       used 30674K, capacity 31127K, committed 31488K, reserved 32768K
}
Event: 211.654 GC heap before
{Heap before GC invocations=135 (full 18):
 def new generation   total 5218048K, used 5025322K [0x00007ef4ec600000, 0x00007ef64e3f0000, 0x00007efa41b50000)
  eden space 4638272K, 100% used [0x00007ef4ec600000, 0x00007ef607790000, 0x00007ef607790000)
  from space 579776K,  66% used [0x00007ef62adc0000, 0x00007ef6427baaa0, 0x00007ef64e3f0000)
  to   space 579776K,   0% used [0x00007ef607790000, 0x00007ef607790000, 0x00007ef62adc0000)
 tenured generation   total 11595556K, used 8654508K [0x00007efa41b50000, 0x00007efd05719000, 0x00007f04ec600000)
   the space 11595556K,  74% used [0x00007efa41b50000, 0x00007efc51efb1d8, 0x00007efc51efb200, 0x00007efd05719000)
 Metaspace       used 30674K, capacity 31127K, committed 31488K, reserved 32768K
}
Event: 212.551 GC heap after
{Heap after GC invocations=136 (full 18):
 def new generation   total 5218048K, used 377373K [0x00007ef4ec600000, 0x00007ef64e3f0000, 0x00007efa41b50000)
  eden space 4638272K,   0% used [0x00007ef4ec600000, 0x00007ef4ec600000, 0x00007ef607790000)
  from space 579776K,  65% used [0x00007ef607790000, 0x00007ef61e8175d8, 0x00007ef62adc0000)
  to   space 579776K,   0% used [0x00007ef62adc0000, 0x00007ef62adc0000, 0x00007ef64e3f0000)
 tenured generation   total 11595556K, used 9041559K [0x00007efa41b50000, 0x00007efd05719000, 0x00007f04ec600000)
   the space 11595556K,  77% used [0x00007efa41b50000, 0x00007efc698f5c38, 0x00007efc698f5e00, 0x00007efd05719000)
 Metaspace       used 30674K, capacity 31127K, committed 31488K, reserved 32768K
}
Event: 213.773 GC heap before
{Heap before GC invocations=136 (full 18):
 def new generation   total 5218048K, used 5015645K [0x00007ef4ec600000, 0x00007ef64e3f0000, 0x00007efa41b50000)
  eden space 4638272K, 100% used [0x00007ef4ec600000, 0x00007ef607790000, 0x00007ef607790000)
  from space 579776K,  65% used [0x00007ef607790000, 0x00007ef61e8175d8, 0x00007ef62adc0000)
  to   space 579776K,   0% used [0x00007ef62adc0000, 0x00007ef62adc0000, 0x00007ef64e3f0000)
 tenured generation   total 11595556K, used 9041559K [0x00007efa41b50000, 0x00007efd05719000, 0x00007f04ec600000)
   the space 11595556K,  77% used [0x00007efa41b50000, 0x00007efc698f5c38, 0x00007efc698f5e00, 0x00007efd05719000)
 Metaspace       used 30674K, capacity 31127K, committed 31488K, reserved 32768K
}
Event: 214.724 GC heap after
{Heap after GC invocations=137 (full 18):
 def new generation   total 5218048K, used 394092K [0x00007ef4ec600000, 0x00007ef64e3f0000, 0x00007efa41b50000)
  eden space 4638272K,   0% used [0x00007ef4ec600000, 0x00007ef4ec600000, 0x00007ef607790000)
  from space 579776K,  67% used [0x00007ef62adc0000, 0x00007ef642e9b218, 0x00007ef64e3f0000)
  to   space 579776K,   0% used [0x00007ef607790000, 0x00007ef607790000, 0x00007ef62adc0000)
 tenured generation   total 11595556K, used 9418932K [0x00007efa41b50000, 0x00007efd05719000, 0x00007f04ec600000)
   the space 11595556K,  81% used [0x00007efa41b50000, 0x00007efc8097d1b0, 0x00007efc8097d200, 0x00007efd05719000)
 Metaspace       used 30674K, capacity 31127K, committed 31488K, reserved 32768K
}
Event: 215.957 GC heap before
{Heap before GC invocations=137 (full 18):
 def new generation   total 5218048K, used 5032364K [0x00007ef4ec600000, 0x00007ef64e3f0000, 0x00007efa41b50000)
  eden space 4638272K, 100% used [0x00007ef4ec600000, 0x00007ef607790000, 0x00007ef607790000)
  from space 579776K,  67% used [0x00007ef62adc0000, 0x00007ef642e9b218, 0x00007ef64e3f0000)
  to   space 579776K,   0% used [0x00007ef607790000, 0x00007ef607790000, 0x00007ef62adc0000)
 tenured generation   total 11595556K, used 9418932K [0x00007efa41b50000, 0x00007efd05719000, 0x00007f04ec600000)
   the space 11595556K,  81% used [0x00007efa41b50000, 0x00007efc8097d1b0, 0x00007efc8097d200, 0x00007efd05719000)
 Metaspace       used 30674K, capacity 31127K, committed 31488K, reserved 32768K
}
Event: 216.931 GC heap after
{Heap after GC invocations=138 (full 18):
 def new generation   total 5218048K, used 395128K [0x00007ef4ec600000, 0x00007ef64e3f0000, 0x00007efa41b50000)
  eden space 4638272K,   0% used [0x00007ef4ec600000, 0x00007ef4ec600000, 0x00007ef607790000)
  from space 579776K,  68% used [0x00007ef607790000, 0x00007ef61f96e1f0, 0x00007ef62adc0000)
  to   space 579776K,   0% used [0x00007ef62adc0000, 0x00007ef62adc0000, 0x00007ef64e3f0000)
 tenured generation   total 11595556K, used 9813024K [0x00007efa41b50000, 0x00007efd05719000, 0x00007f04ec600000)
   the space 11595556K,  84% used [0x00007efa41b50000, 0x00007efc98a58278, 0x00007efc98a58400, 0x00007efd05719000)
 Metaspace       used 30674K, capacity 31127K, committed 31488K, reserved 32768K
}
Event: 218.185 GC heap before
{Heap before GC invocations=138 (full 18):
 def new generation   total 5218048K, used 5033400K [0x00007ef4ec600000, 0x00007ef64e3f0000, 0x00007efa41b50000)
  eden space 4638272K, 100% used [0x00007ef4ec600000, 0x00007ef607790000, 0x00007ef607790000)
  from space 579776K,  68% used [0x00007ef607790000, 0x00007ef61f96e1f0, 0x00007ef62adc0000)
  to   space 579776K,   0% used [0x00007ef62adc0000, 0x00007ef62adc0000, 0x00007ef64e3f0000)
 tenured generation   total 11595556K, used 9813024K [0x00007efa41b50000, 0x00007efd05719000, 0x00007f04ec600000)
   the space 11595556K,  84% used [0x00007efa41b50000, 0x00007efc98a58278, 0x00007efc98a58400, 0x00007efd05719000)
 Metaspace       used 30674K, capacity 31127K, committed 31488K, reserved 32768K
}
Event: 219.157 GC heap after
{Heap after GC invocations=139 (full 18):
 def new generation   total 5218048K, used 398094K [0x00007ef4ec600000, 0x00007ef64e3f0000, 0x00007efa41b50000)
  eden space 4638272K,   0% used [0x00007ef4ec600000, 0x00007ef4ec600000, 0x00007ef607790000)
  from space 579776K,  68% used [0x00007ef62adc0000, 0x00007ef643283918, 0x00007ef64e3f0000)
  to   space 579776K,   0% used [0x00007ef607790000, 0x00007ef607790000, 0x00007ef62adc0000)
 tenured generation   total 11595556K, used 10208153K [0x00007efa41b50000, 0x00007efd05719000, 0x00007f04ec600000)
   the space 11595556K,  88% used [0x00007efa41b50000, 0x00007efcb0c36468, 0x00007efcb0c36600, 0x00007efd05719000)
 Metaspace       used 30674K, capacity 31127K, committed 31488K, reserved 32768K
}
Event: 220.392 GC heap before
{Heap before GC invocations=139 (full 18):
 def new generation   total 5218048K, used 5036366K [0x00007ef4ec600000, 0x00007ef64e3f0000, 0x00007efa41b50000)
  eden space 4638272K, 100% used [0x00007ef4ec600000, 0x00007ef607790000, 0x00007ef607790000)
  from space 579776K,  68% used [0x00007ef62adc0000, 0x00007ef643283918, 0x00007ef64e3f0000)
  to   space 579776K,   0% used [0x00007ef607790000, 0x00007ef607790000, 0x00007ef62adc0000)
 tenured generation   total 11595556K, used 10208153K [0x00007efa41b50000, 0x00007efd05719000, 0x00007f04ec600000)
   the space 11595556K,  88% used [0x00007efa41b50000, 0x00007efcb0c36468, 0x00007efcb0c36600, 0x00007efd05719000)
 Metaspace       used 30674K, capacity 31127K, committed 31488K, reserved 32768K
}
Event: 221.455 GC heap after
{Heap after GC invocations=140 (full 18):
 def new generation   total 5218048K, used 408629K [0x00007ef4ec600000, 0x00007ef64e3f0000, 0x00007efa41b50000)
  eden space 4638272K,   0% used [0x00007ef4ec600000, 0x00007ef4ec600000, 0x00007ef607790000)
  from space 579776K,  70% used [0x00007ef607790000, 0x00007ef62069d720, 0x00007ef62adc0000)
  to   space 579776K,   0% used [0x00007ef62adc0000, 0x00007ef62adc0000, 0x00007ef64e3f0000)
 tenured generation   total 11595556K, used 10606247K [0x00007efa41b50000, 0x00007efd05719000, 0x00007f04ec600000)
   the space 11595556K,  91% used [0x00007efa41b50000, 0x00007efcc90f9c80, 0x00007efcc90f9e00, 0x00007efd05719000)
 Metaspace       used 30674K, capacity 31127K, committed 31488K, reserved 32768K
}
Event: 222.725 GC heap before
{Heap before GC invocations=140 (full 18):
 def new generation   total 5218048K, used 5046901K [0x00007ef4ec600000, 0x00007ef64e3f0000, 0x00007efa41b50000)
  eden space 4638272K, 100% used [0x00007ef4ec600000, 0x00007ef607790000, 0x00007ef607790000)
  from space 579776K,  70% used [0x00007ef607790000, 0x00007ef62069d720, 0x00007ef62adc0000)
  to   space 579776K,   0% used [0x00007ef62adc0000, 0x00007ef62adc0000, 0x00007ef64e3f0000)
 tenured generation   total 11595556K, used 10606247K [0x00007efa41b50000, 0x00007efd05719000, 0x00007f04ec600000)
   the space 11595556K,  91% used [0x00007efa41b50000, 0x00007efcc90f9c80, 0x00007efcc90f9e00, 0x00007efd05719000)
 Metaspace       used 30674K, capacity 31127K, committed 31488K, reserved 32768K
}
Event: 223.843 GC heap after
{Heap after GC invocations=141 (full 18):
 def new generation   total 5218048K, used 421218K [0x00007ef4ec600000, 0x00007ef64e3f0000, 0x00007efa41b50000)
  eden space 4638272K,   0% used [0x00007ef4ec600000, 0x00007ef4ec600000, 0x00007ef607790000)
  from space 579776K,  72% used [0x00007ef62adc0000, 0x00007ef644918938, 0x00007ef64e3f0000)
  to   space 579776K,   0% used [0x00007ef607790000, 0x00007ef607790000, 0x00007ef62adc0000)
 tenured generation   total 11595556K, used 11014875K [0x00007efa41b50000, 0x00007efd05719000, 0x00007f04ec600000)
   the space 11595556K,  94% used [0x00007efa41b50000, 0x00007efce2006de0, 0x00007efce2006e00, 0x00007efd05719000)
 Metaspace       used 30674K, capacity 31127K, committed 31488K, reserved 32768K
}
Event: 225.104 GC heap before
{Heap before GC invocations=141 (full 18):
 def new generation   total 5218048K, used 5059490K [0x00007ef4ec600000, 0x00007ef64e3f0000, 0x00007efa41b50000)
  eden space 4638272K, 100% used [0x00007ef4ec600000, 0x00007ef607790000, 0x00007ef607790000)
  from space 579776K,  72% used [0x00007ef62adc0000, 0x00007ef644918938, 0x00007ef64e3f0000)
  to   space 579776K,   0% used [0x00007ef607790000, 0x00007ef607790000, 0x00007ef62adc0000)
 tenured generation   total 11595556K, used 11014875K [0x00007efa41b50000, 0x00007efd05719000, 0x00007f04ec600000)
   the space 11595556K,  94% used [0x00007efa41b50000, 0x00007efce2006de0, 0x00007efce2006e00, 0x00007efd05719000)
 Metaspace       used 30674K, capacity 31127K, committed 31488K, reserved 32768K
}
Event: 226.453 GC heap after
{Heap after GC invocations=142 (full 18):
 def new generation   total 5218048K, used 466793K [0x00007ef4ec600000, 0x00007ef64e3f0000, 0x00007efa41b50000)
  eden space 4638272K,   0% used [0x00007ef4ec600000, 0x00007ef4ec600000, 0x00007ef607790000)
  from space 579776K,  80% used [0x00007ef607790000, 0x00007ef623f6a728, 0x00007ef62adc0000)
  to   space 579776K,   0% used [0x00007ef62adc0000, 0x00007ef62adc0000, 0x00007ef64e3f0000)
 tenured generation   total 11595556K, used 11436093K [0x00007efa41b50000, 0x00007efd05719000, 0x00007f04ec600000)
   the space 11595556K,  98% used [0x00007efa41b50000, 0x00007efcfbb5f688, 0x00007efcfbb5f800, 0x00007efd05719000)
 Metaspace       used 30674K, capacity 31127K, committed 31488K, reserved 32768K
}
Event: 367.375 GC heap before
{Heap before GC invocations=142 (full 18):
 def new generation   total 5218048K, used 5105065K [0x00007ef4ec600000, 0x00007ef64e3f0000, 0x00007efa41b50000)
  eden space 4638272K, 100% used [0x00007ef4ec600000, 0x00007ef607790000, 0x00007ef607790000)
  from space 579776K,  80% used [0x00007ef607790000, 0x00007ef623f6a728, 0x00007ef62adc0000)
  to   space 579776K,   0% used [0x00007ef62adc0000, 0x00007ef62adc0000, 0x00007ef64e3f0000)
 tenured generation   total 11595556K, used 11436093K [0x00007efa41b50000, 0x00007efd05719000, 0x00007f04ec600000)
   the space 11595556K,  98% used [0x00007efa41b50000, 0x00007efcfbb5f688, 0x00007efcfbb5f800, 0x00007efd05719000)
 Metaspace       used 30674K, capacity 31127K, committed 31488K, reserved 32768K
}
Event: 372.606 GC heap after
{Heap after GC invocations=143 (full 18):
 def new generation   total 5218048K, used 579776K [0x00007ef4ec600000, 0x00007ef64e3f0000, 0x00007efa41b50000)
  eden space 4638272K,   0% used [0x00007ef4ec600000, 0x00007ef4ec600000, 0x00007ef607790000)
  from space 579776K, 100% used [0x00007ef62adc0000, 0x00007ef64e3f0000, 0x00007ef64e3f0000)
  to   space 579776K,   0% used [0x00007ef607790000, 0x00007ef607790000, 0x00007ef62adc0000)
 tenured generation   total 13811620K, used 13811526K [0x00007efa41b50000, 0x00007efd8cb39000, 0x00007f04ec600000)
   the space 13811620K,  99% used [0x00007efa41b50000, 0x00007efd8cb21bc0, 0x00007efd8cb21c00, 0x00007efd8cb39000)
 Metaspace       used 30674K, capacity 31127K, committed 31488K, reserved 32768K
}
Event: 372.606 GC heap before
{Heap before GC invocations=143 (full 18):
 def new generation   total 5218048K, used 579776K [0x00007ef4ec600000, 0x00007ef64e3f0000, 0x00007efa41b50000)
  eden space 4638272K,   0% used [0x00007ef4ec600000, 0x00007ef4ec600000, 0x00007ef607790000)
  from space 579776K, 100% used [0x00007ef62adc0000, 0x00007ef64e3f0000, 0x00007ef64e3f0000)
  to   space 579776K,   0% used [0x00007ef607790000, 0x00007ef607790000, 0x00007ef62adc0000)
 tenured generation   total 13811620K, used 13811526K [0x00007efa41b50000, 0x00007efd8cb39000, 0x00007f04ec600000)
   the space 13811620K,  99% used [0x00007efa41b50000, 0x00007efd8cb21bc0, 0x00007efd8cb21c00, 0x00007efd8cb39000)
 Metaspace       used 30674K, capacity 31127K, committed 31488K, reserved 32768K
}

Deoptimization events (20 events):
Event: 226.838 Thread 0x00007f0504018000 DEOPT PACKING pc=0x00007f04ecddf570 sp=0x00007f050a54dc20
Event: 226.838 Thread 0x00007f0504018000 DEOPT UNPACKING pc=0x00007f04ec7d333a sp=0x00007f050a54d1e8 mode 0
Event: 226.851 Thread 0x00007f0504018000 DEOPT PACKING pc=0x00007f04ecddf570 sp=0x00007f050a54dc20
Event: 226.851 Thread 0x00007f0504018000 DEOPT UNPACKING pc=0x00007f04ec7d333a sp=0x00007f050a54d1e8 mode 0
Event: 226.860 Thread 0x00007f0504018000 DEOPT PACKING pc=0x00007f04ecddf570 sp=0x00007f050a54dc20
Event: 226.860 Thread 0x00007f0504018000 DEOPT UNPACKING pc=0x00007f04ec7d333a sp=0x00007f050a54d1e8 mode 0
Event: 226.863 Thread 0x00007f0504018000 DEOPT PACKING pc=0x00007f04ecddf570 sp=0x00007f050a54dc20
Event: 226.863 Thread 0x00007f0504018000 DEOPT UNPACKING pc=0x00007f04ec7d333a sp=0x00007f050a54d1e8 mode 0
Event: 226.867 Thread 0x00007f0504018000 DEOPT PACKING pc=0x00007f04ecddf570 sp=0x00007f050a54dc20
Event: 226.867 Thread 0x00007f0504018000 DEOPT UNPACKING pc=0x00007f04ec7d333a sp=0x00007f050a54d1e8 mode 0
Event: 226.872 Thread 0x00007f0504018000 DEOPT PACKING pc=0x00007f04ecddf570 sp=0x00007f050a54dc20
Event: 226.872 Thread 0x00007f0504018000 DEOPT UNPACKING pc=0x00007f04ec7d333a sp=0x00007f050a54d1e8 mode 0
Event: 226.878 Thread 0x00007f0504018000 DEOPT PACKING pc=0x00007f04ecddf570 sp=0x00007f050a54dc20
Event: 226.878 Thread 0x00007f0504018000 DEOPT UNPACKING pc=0x00007f04ec7d333a sp=0x00007f050a54d1e8 mode 0
Event: 226.891 Thread 0x00007f0504018000 DEOPT PACKING pc=0x00007f04ecddf570 sp=0x00007f050a54dc20
Event: 226.891 Thread 0x00007f0504018000 DEOPT UNPACKING pc=0x00007f04ec7d333a sp=0x00007f050a54d1e8 mode 0
Event: 226.896 Thread 0x00007f0504018000 DEOPT PACKING pc=0x00007f04ecddf570 sp=0x00007f050a54dc20
Event: 226.896 Thread 0x00007f0504018000 DEOPT UNPACKING pc=0x00007f04ec7d333a sp=0x00007f050a54d1e8 mode 0
Event: 226.906 Thread 0x00007f0504018000 DEOPT PACKING pc=0x00007f04ecddf570 sp=0x00007f050a54dc20
Event: 226.906 Thread 0x00007f0504018000 DEOPT UNPACKING pc=0x00007f04ec7d333a sp=0x00007f050a54d1e8 mode 0

Classes unloaded (0 events):
No events

Classes redefined (0 events):
No events

Internal exceptions (20 events):
Event: 4.230 Thread 0x00007f05040a7000 Implicit null exception at 0x00007f04f42a5dcc to 0x00007f04f42a5e80
Event: 4.599 Thread 0x00007f0504018000 Exception <a 'java/lang/NoSuchMethodError'{0x00007ef4ec79b420}: 'java.lang.Object java.lang.invoke.DirectMethodHandle$Holder.invokeInterface(java.lang.Object, java.lang.Object, java.lang.Object)'> (0x00007ef4ec79b420) 
thrown [src/hotspot/share/interpreter/linkResolver.cpp, line 766]
Event: 4.600 Thread 0x00007f0504018000 Exception <a 'java/lang/NoSuchMethodError'{0x00007ef4ec7a97b0}: 'void java.lang.invoke.DirectMethodHandle$Holder.invokeStatic(java.lang.Object, java.lang.Object, java.lang.Object, java.lang.Object)'> (0x00007ef4ec7a97b0) 
thrown [src/hotspot/share/interpreter/linkResolver.cpp, line 766]
Event: 4.796 Thread 0x00007f0504018000 Exception <a 'java/lang/NoSuchMethodError'{0x00007ef4ecb04668}: 'int java.lang.invoke.DirectMethodHandle$Holder.invokeStatic(java.lang.Object, int, java.lang.Object, int)'> (0x00007ef4ecb04668) 
thrown [src/hotspot/share/interpreter/linkResolver.cpp, line 766]
Event: 4.797 Thread 0x00007f0504018000 Exception <a 'java/lang/NoSuchMethodError'{0x00007ef4ecb0b6a8}: 'java.lang.Object java.lang.invoke.DirectMethodHandle$Holder.invokeStatic(java.lang.Object, int, java.lang.Object)'> (0x00007ef4ecb0b6a8) 
thrown [src/hotspot/share/interpreter/linkResolver.cpp, line 766]
Event: 4.928 Thread 0x00007f0504018000 Exception <a 'java/lang/NoSuchMethodError'{0x00007ef4ecdabb08}: 'void java.lang.invoke.DirectMethodHandle$Holder.invokeStatic(java.lang.Object, java.lang.Object, int)'> (0x00007ef4ecdabb08) 
thrown [src/hotspot/share/interpreter/linkResolver.cpp, line 766]
Event: 4.968 Thread 0x00007f0504018000 Exception <a 'java/lang/NoSuchMethodError'{0x00007ef4ecf0b3b0}: 'void java.lang.invoke.DirectMethodHandle$Holder.invokeInterface(java.lang.Object, java.lang.Object, int)'> (0x00007ef4ecf0b3b0) 
thrown [src/hotspot/share/interpreter/linkResolver.cpp, line 766]
Event: 4.968 Thread 0x00007f0504018000 Exception <a 'java/lang/IncompatibleClassChangeError'{0x00007ef4ecf0ee78}: Found class java.lang.Object, but interface was expected> (0x00007ef4ecf0ee78) 
thrown [src/hotspot/share/interpreter/linkResolver.cpp, line 833]
Event: 5.699 Thread 0x00007f0504018000 Exception <a 'java/lang/IncompatibleClassChangeError'{0x00007ef507d3b338}: Found class java.lang.Object, but interface was expected> (0x00007ef507d3b338) 
thrown [src/hotspot/share/interpreter/linkResolver.cpp, line 833]
Event: 29.353 Thread 0x00007f0504018000 Exception <a 'java/lang/ClassNotFoundException'{0x00007ef4f7d7f900}: com/sun/org/apache/xerces/internal/impl/msg/spi/SAXMessagesProvider> (0x00007ef4f7d7f900) 
thrown [src/hotspot/share/classfile/systemDictionary.cpp, line 232]
Event: 29.760 Thread 0x00007f0504018000 Exception <a 'java/lang/NoSuchMethodError'{0x00007ef4f8eaac68}: 'java.lang.Object java.lang.invoke.DirectMethodHandle$Holder.invokeStaticInit(java.lang.Object, java.lang.Object, java.lang.Object)'> (0x00007ef4f8eaac68) 
thrown [src/hotspot/share/interpreter/linkResolver.cpp, line 766]
Event: 29.761 Thread 0x00007f0504018000 Exception <a 'java/lang/NoSuchMethodError'{0x00007ef4f8eb5f90}: 'void java.lang.invoke.DirectMethodHandle$Holder.invokeStatic(java.lang.Object, java.lang.Object, java.lang.Object, java.lang.Object, java.lang.Object, java.lang.Object)'> (0x00007ef4f8eb5f90) 
thrown [src/hotspot/share/interpreter/linkResolver.cpp, line 766]
Event: 29.765 Thread 0x00007f0504018000 Exception <a 'java/lang/NoSuchMethodError'{0x00007ef4f8eedce8}: 'void java.lang.invoke.DirectMethodHandle$Holder.invokeStaticInit(java.lang.Object, java.lang.Object, java.lang.Object)'> (0x00007ef4f8eedce8) 
thrown [src/hotspot/share/interpreter/linkResolver.cpp, line 766]
Event: 29.775 Thread 0x00007f0504018000 Exception <a 'java/net/UnknownHostException'{0x00007ef4f8f0f010}> (0x00007ef4f8f0f010) 
thrown [src/hotspot/share/prims/jni.cpp, line 598]
Event: 31.940 Thread 0x00007f0504018000 Exception <a 'java/net/UnknownHostException'{0x00007ef4f960fb88}> (0x00007ef4f960fb88) 
thrown [src/hotspot/share/prims/jni.cpp, line 598]
Event: 32.119 Thread 0x00007f0504018000 Exception <a 'java/net/UnknownHostException'{0x00007ef4fd6b4da8}> (0x00007ef4fd6b4da8) 
thrown [src/hotspot/share/prims/jni.cpp, line 598]
Event: 32.192 Thread 0x00007f0504018000 Exception <a 'java/net/UnknownHostException'{0x00007ef4fecdbd38}> (0x00007ef4fecdbd38) 
thrown [src/hotspot/share/prims/jni.cpp, line 598]
Event: 32.248 Thread 0x00007f0504018000 Exception <a 'java/net/UnknownHostException'{0x00007ef4ff857138}> (0x00007ef4ff857138) 
thrown [src/hotspot/share/prims/jni.cpp, line 598]
Event: 32.862 Thread 0x00007f0504018000 Exception <a 'java/net/UnknownHostException'{0x00007ef504484b18}> (0x00007ef504484b18) 
thrown [src/hotspot/share/prims/jni.cpp, line 598]
Event: 39.570 Thread 0x00007f0504018000 Implicit null exception at 0x00007f04f42f03b9 to 0x00007f04f42f0445

Events (20 events):
Event: 222.725 Executing VM operation: GenCollectForAllocation
Event: 223.843 Executing VM operation: GenCollectForAllocation done
Event: 225.104 Executing VM operation: GenCollectForAllocation
Event: 226.453 Executing VM operation: GenCollectForAllocation done
Event: 226.772 Executing VM operation: HandshakeAllThreads
Event: 226.788 Executing VM operation: HandshakeAllThreads done
Event: 226.816 Thread 0x00007f05040d3000 flushing nmethod 0x00007f04ed52b010
Event: 226.816 Thread 0x00007f05040d3000 flushing nmethod 0x00007f04ed52b310
Event: 226.816 Thread 0x00007f05040d3000 flushing nmethod 0x00007f04ed535590
Event: 226.816 Thread 0x00007f05040d3000 flushing nmethod 0x00007f04ed536390
Event: 226.816 Thread 0x00007f05040d3000 flushing nmethod 0x00007f04ed536c10
Event: 226.817 Thread 0x00007f05040d3000 flushing nmethod 0x00007f04ed65d910
Event: 226.817 Thread 0x00007f05040d3000 flushing nmethod 0x00007f04ed660510
Event: 226.817 Thread 0x00007f05040d3000 flushing nmethod 0x00007f04ed662910
Event: 226.817 Thread 0x00007f05040d3000 flushing nmethod 0x00007f04ed663510
Event: 226.817 Thread 0x00007f05040d3000 flushing nmethod 0x00007f04ed663a10
Event: 226.817 Thread 0x00007f05040d3000 flushing nmethod 0x00007f04ed6bc910
Event: 226.817 Thread 0x00007f05040d3000 flushing nmethod 0x00007f04ed6bcc90
Event: 226.817 Thread 0x00007f05040d3000 flushing nmethod 0x00007f04ed6c0f90
Event: 367.361 Executing VM operation: GenCollectForAllocation


Dynamic libraries:
556d74f56000-556d74f57000 r--p 00000000 07:36 4860                       /usr/lib/jvm/java-13-openjdk-amd64/bin/java
556d74f57000-556d74f58000 r-xp 00001000 07:36 4860                       /usr/lib/jvm/java-13-openjdk-amd64/bin/java
556d74f58000-556d74f59000 r--p 00002000 07:36 4860                       /usr/lib/jvm/java-13-openjdk-amd64/bin/java
556d74f59000-556d74f5a000 r--p 00002000 07:36 4860                       /usr/lib/jvm/java-13-openjdk-amd64/bin/java
556d74f5a000-556d74f5b000 rw-p 00003000 07:36 4860                       /usr/lib/jvm/java-13-openjdk-amd64/bin/java
556d75e37000-556d75e58000 rw-p 00000000 00:00 0                          [heap]
7ef4b0000000-7ef4b0021000 rw-p 00000000 00:00 0 
7ef4b0021000-7ef4b4000000 ---p 00000000 00:00 0 
7ef4b4000000-7ef4b4021000 rw-p 00000000 00:00 0 
7ef4b4021000-7ef4b8000000 ---p 00000000 00:00 0 
7ef4b8000000-7ef4b8021000 rw-p 00000000 00:00 0 
7ef4b8021000-7ef4bc000000 ---p 00000000 00:00 0 
7ef4bc000000-7ef4bc021000 rw-p 00000000 00:00 0 
7ef4bc021000-7ef4c0000000 ---p 00000000 00:00 0 
7ef4c0000000-7ef4c38eb000 rw-p 00000000 00:00 0 
7ef4c38eb000-7ef4c4000000 ---p 00000000 00:00 0 
7ef4c4000000-7ef4c4801000 rw-p 00000000 00:00 0 
7ef4c4801000-7ef4c8000000 ---p 00000000 00:00 0 
7ef4c8000000-7ef4c8021000 rw-p 00000000 00:00 0 
7ef4c8021000-7ef4cc000000 ---p 00000000 00:00 0 
7ef4cc000000-7ef4cc021000 rw-p 00000000 00:00 0 
7ef4cc021000-7ef4d0000000 ---p 00000000 00:00 0 
7ef4d0000000-7ef4d0021000 rw-p 00000000 00:00 0 
7ef4d0021000-7ef4d4000000 ---p 00000000 00:00 0 
7ef4d4000000-7ef4d4021000 rw-p 00000000 00:00 0 
7ef4d4021000-7ef4d8000000 ---p 00000000 00:00 0 
7ef4d8000000-7ef4dc000000 rw-p 00000000 00:00 0 
7ef4de4a9000-7ef4de569000 rw-p 00000000 00:00 0 
7ef4de569000-7ef4de6a9000 ---p 00000000 00:00 0 
7ef4de6a9000-7ef4de8a9000 rw-p 00000000 00:00 0 
7ef4de8a9000-7ef4deaa9000 rw-p 00000000 00:00 0 
7ef4deaa9000-7ef4deca9000 rw-p 00000000 00:00 0 
7ef4deca9000-7ef4deea9000 rw-p 00000000 00:00 0 
7ef4deea9000-7ef4df0a9000 rw-p 00000000 00:00 0 
7ef4df0a9000-7ef4e0b01000 rw-p 00000000 00:00 0 
7ef4e0b01000-7ef4e45ff000 ---p 00000000 00:00 0 
7ef4e45ff000-7ef4e510e000 rw-p 00000000 00:00 0 
7ef4e510e000-7ef4e70a9000 ---p 00000000 00:00 0 
7ef4e70a9000-7ef4e8b02000 rw-p 00000000 00:00 0 
7ef4e8b02000-7ef4ec5ff000 ---p 00000000 00:00 0 
7ef4ec5ff000-7ef64e3f0000 rw-p 00000000 00:00 0 
7ef64e3f0000-7efa41b50000 ---p 00000000 00:00 0 
7efa41b50000-7efd8cb39000 rw-p 00000000 00:00 0 
7effbeb2a000-7f04ec600000 ---p 00000000 00:00 0 
7f04ec689000-7f04ec68d000 ---p 00000000 00:00 0 
7f04ec68d000-7f04ec78a000 rw-p 00000000 00:00 0 
7f04ec78a000-7f04ec9fa000 rwxp 00000000 00:00 0 
7f04ec9fa000-7f04ecd19000 ---p 00000000 00:00 0 
7f04ecd19000-7f04ed6c9000 rwxp 00000000 00:00 0 
7f04ed6c9000-7f04f4251000 ---p 00000000 00:00 0 
7f04f4251000-7f04f44f1000 rwxp 00000000 00:00 0 
7f04f44f1000-7f04fb78a000 ---p 00000000 00:00 0 
7f04fb78a000-7f0504000000 r--s 00000000 07:36 5215                       /usr/lib/jvm/java-13-openjdk-amd64/lib/modules
7f0504000000-7f0504801000 rw-p 00000000 00:00 0 
7f0504801000-7f0508000000 ---p 00000000 00:00 0 
7f0508066000-7f050806a000 r--p 00000000 07:36 9178                       /usr/lib/x86_64-linux-gnu/libresolv-2.31.so
7f050806a000-7f050807a000 r-xp 00004000 07:36 9178                       /usr/lib/x86_64-linux-gnu/libresolv-2.31.so
7f050807a000-7f050807e000 r--p 00014000 07:36 9178                       /usr/lib/x86_64-linux-gnu/libresolv-2.31.so
7f050807e000-7f050807f000 r--p 00017000 07:36 9178                       /usr/lib/x86_64-linux-gnu/libresolv-2.31.so
7f050807f000-7f0508080000 rw-p 00018000 07:36 9178                       /usr/lib/x86_64-linux-gnu/libresolv-2.31.so
7f0508080000-7f0508082000 rw-p 00000000 00:00 0 
7f0508082000-7f0508083000 r--p 00000000 07:36 9105                       /usr/lib/x86_64-linux-gnu/libnss_dns-2.31.so
7f0508083000-7f0508087000 r-xp 00001000 07:36 9105                       /usr/lib/x86_64-linux-gnu/libnss_dns-2.31.so
7f0508087000-7f0508088000 r--p 00005000 07:36 9105                       /usr/lib/x86_64-linux-gnu/libnss_dns-2.31.so
7f0508088000-7f0508089000 r--p 00005000 07:36 9105                       /usr/lib/x86_64-linux-gnu/libnss_dns-2.31.so
7f0508089000-7f050808a000 rw-p 00006000 07:36 9105                       /usr/lib/x86_64-linux-gnu/libnss_dns-2.31.so
7f050808a000-7f050808c000 r--p 00000000 07:36 5202                       /usr/lib/jvm/java-13-openjdk-amd64/lib/libmanagement_ext.so
7f050808c000-7f050808f000 r-xp 00002000 07:36 5202                       /usr/lib/jvm/java-13-openjdk-amd64/lib/libmanagement_ext.so
7f050808f000-7f0508090000 r--p 00005000 07:36 5202                       /usr/lib/jvm/java-13-openjdk-amd64/lib/libmanagement_ext.so
7f0508090000-7f0508091000 ---p 00006000 07:36 5202                       /usr/lib/jvm/java-13-openjdk-amd64/lib/libmanagement_ext.so
7f0508091000-7f0508092000 r--p 00006000 07:36 5202                       /usr/lib/jvm/java-13-openjdk-amd64/lib/libmanagement_ext.so
7f0508092000-7f0508093000 rw-p 00007000 07:36 5202                       /usr/lib/jvm/java-13-openjdk-amd64/lib/libmanagement_ext.so
7f0508093000-7f0508096000 r--p 00000000 07:36 5200                       /usr/lib/jvm/java-13-openjdk-amd64/lib/libmanagement.so
7f0508096000-7f0508097000 r-xp 00003000 07:36 5200                       /usr/lib/jvm/java-13-openjdk-amd64/lib/libmanagement.so
7f0508097000-7f0508098000 r--p 00004000 07:36 5200                       /usr/lib/jvm/java-13-openjdk-amd64/lib/libmanagement.so
7f0508098000-7f0508099000 r--p 00004000 07:36 5200                       /usr/lib/jvm/java-13-openjdk-amd64/lib/libmanagement.so
7f0508099000-7f050809a000 rw-p 00005000 07:36 5200                       /usr/lib/jvm/java-13-openjdk-amd64/lib/libmanagement.so
7f050809a000-7f050829a000 rw-p 00000000 00:00 0 
7f050829a000-7f050849a000 rw-p 00000000 00:00 0 
7f050849a000-7f050883a000 rw-p 00000000 00:00 0 
7f050883a000-7f0508a3a000 rw-p 00000000 00:00 0 
7f0508a3a000-7f0508c3a000 rw-p 00000000 00:00 0 
7f0508c3a000-7f0508e3a000 rw-p 00000000 00:00 0 
7f0508e3a000-7f0508e6b000 rw-p 00000000 00:00 0 
7f0508e6b000-7f0508e6f000 r--p 00000000 07:36 5204                       /usr/lib/jvm/java-13-openjdk-amd64/lib/libnet.so
7f0508e6f000-7f0508e7d000 r-xp 00004000 07:36 5204                       /usr/lib/jvm/java-13-openjdk-amd64/lib/libnet.so
7f0508e7d000-7f0508e81000 r--p 00012000 07:36 5204                       /usr/lib/jvm/java-13-openjdk-amd64/lib/libnet.so
7f0508e81000-7f0508e82000 r--p 00015000 07:36 5204                       /usr/lib/jvm/java-13-openjdk-amd64/lib/libnet.so
7f0508e82000-7f0508e83000 rw-p 00016000 07:36 5204                       /usr/lib/jvm/java-13-openjdk-amd64/lib/libnet.so
7f0508e83000-7f0508e8a000 r--p 00000000 07:36 5205                       /usr/lib/jvm/java-13-openjdk-amd64/lib/libnio.so
7f0508e8a000-7f0508e93000 r-xp 00007000 07:36 5205                       /usr/lib/jvm/java-13-openjdk-amd64/lib/libnio.so
7f0508e93000-7f0508e97000 r--p 00010000 07:36 5205                       /usr/lib/jvm/java-13-openjdk-amd64/lib/libnio.so
7f0508e97000-7f0508e98000 r--p 00013000 07:36 5205                       /usr/lib/jvm/java-13-openjdk-amd64/lib/libnio.so
7f0508e98000-7f0508e99000 rw-p 00014000 07:36 5205                       /usr/lib/jvm/java-13-openjdk-amd64/lib/libnio.so
7f0508e99000-7f0508e9a000 ---p 00000000 00:00 0 
7f0508e9a000-7f0508f9b000 rw-p 00000000 00:00 0 
7f0508f9b000-7f0508f9f000 ---p 00000000 00:00 0 
7f0508f9f000-7f050909c000 rw-p 00000000 00:00 0 
7f050909c000-7f05090a0000 ---p 00000000 00:00 0 
7f05090a0000-7f050919d000 rw-p 00000000 00:00 0 
7f050919d000-7f05091a1000 ---p 00000000 00:00 0 
7f05091a1000-7f050929e000 rw-p 00000000 00:00 0 
7f050929e000-7f05092a2000 ---p 00000000 00:00 0 
7f05092a2000-7f050939f000 rw-p 00000000 00:00 0 
7f050939f000-7f05093a3000 ---p 00000000 00:00 0 
7f05093a3000-7f05094a0000 rw-p 00000000 00:00 0 
7f05094a0000-7f05094a4000 ---p 00000000 00:00 0 
7f05094a4000-7f05095a1000 rw-p 00000000 00:00 0 
7f05095a1000-7f05095a8000 r--s 00000000 07:36 8532                       /usr/lib/x86_64-linux-gnu/gconv/gconv-modules.cache
7f05095a8000-7f05095da000 r--p 00000000 07:36 5276                       /usr/lib/locale/C.UTF-8/LC_CTYPE
7f05095da000-7f05095de000 ---p 00000000 00:00 0 
7f05095de000-7f05096db000 rw-p 00000000 00:00 0 
7f05096db000-7f05096df000 ---p 00000000 00:00 0 
7f05096df000-7f05097dc000 rw-p 00000000 00:00 0 
7f05097dc000-7f05097dd000 ---p 00000000 00:00 0 
7f05097dd000-7f050a1fb000 rw-p 00000000 00:00 0 
7f050a1fb000-7f050a201000 rw-p 00000000 00:00 0 
7f050a201000-7f050a2e6000 ---p 00000000 00:00 0 
7f050a2e6000-7f050a2fa000 rw-p 00000000 00:00 0 
7f050a2fa000-7f050a3d1000 ---p 00000000 00:00 0 
7f050a3d1000-7f050a3d6000 rw-p 00000000 00:00 0 
7f050a3d6000-7f050a3dd000 ---p 00000000 00:00 0 
7f050a3dd000-7f050a3df000 r--p 00000000 07:36 5214                       /usr/lib/jvm/java-13-openjdk-amd64/lib/libzip.so
7f050a3df000-7f050a3e3000 r-xp 00002000 07:36 5214                       /usr/lib/jvm/java-13-openjdk-amd64/lib/libzip.so
7f050a3e3000-7f050a3e5000 r--p 00006000 07:36 5214                       /usr/lib/jvm/java-13-openjdk-amd64/lib/libzip.so
7f050a3e5000-7f050a3e6000 r--p 00007000 07:36 5214                       /usr/lib/jvm/java-13-openjdk-amd64/lib/libzip.so
7f050a3e6000-7f050a3e7000 rw-p 00008000 07:36 5214                       /usr/lib/jvm/java-13-openjdk-amd64/lib/libzip.so
7f050a3e7000-7f050a3ef000 rw-s 00000000 08:03 34414587                   /tmp/hsperfdata_rcabanas/166684
7f050a3ef000-7f050a3f2000 r--p 00000000 07:36 9108                       /usr/lib/x86_64-linux-gnu/libnss_files-2.31.so
7f050a3f2000-7f050a3f9000 r-xp 00003000 07:36 9108                       /usr/lib/x86_64-linux-gnu/libnss_files-2.31.so
7f050a3f9000-7f050a3fb000 r--p 0000a000 07:36 9108                       /usr/lib/x86_64-linux-gnu/libnss_files-2.31.so
7f050a3fb000-7f050a3fc000 r--p 0000b000 07:36 9108                       /usr/lib/x86_64-linux-gnu/libnss_files-2.31.so
7f050a3fc000-7f050a3fd000 rw-p 0000c000 07:36 9108                       /usr/lib/x86_64-linux-gnu/libnss_files-2.31.so
7f050a3fd000-7f050a403000 rw-p 00000000 00:00 0 
7f050a409000-7f050a40b000 r--p 00000000 07:36 5195                       /usr/lib/jvm/java-13-openjdk-amd64/lib/libjimage.so
7f050a40b000-7f050a40e000 r-xp 00002000 07:36 5195                       /usr/lib/jvm/java-13-openjdk-amd64/lib/libjimage.so
7f050a40e000-7f050a40f000 r--p 00005000 07:36 5195                       /usr/lib/jvm/java-13-openjdk-amd64/lib/libjimage.so
7f050a40f000-7f050a410000 ---p 00006000 07:36 5195                       /usr/lib/jvm/java-13-openjdk-amd64/lib/libjimage.so
7f050a410000-7f050a411000 r--p 00006000 07:36 5195                       /usr/lib/jvm/java-13-openjdk-amd64/lib/libjimage.so
7f050a411000-7f050a412000 rw-p 00007000 07:36 5195                       /usr/lib/jvm/java-13-openjdk-amd64/lib/libjimage.so
7f050a412000-7f050a41f000 r--p 00000000 07:36 5191                       /usr/lib/jvm/java-13-openjdk-amd64/lib/libjava.so
7f050a41f000-7f050a434000 r-xp 0000d000 07:36 5191                       /usr/lib/jvm/java-13-openjdk-amd64/lib/libjava.so
7f050a434000-7f050a43a000 r--p 00022000 07:36 5191                       /usr/lib/jvm/java-13-openjdk-amd64/lib/libjava.so
7f050a43a000-7f050a43b000 ---p 00028000 07:36 5191                       /usr/lib/jvm/java-13-openjdk-amd64/lib/libjava.so
7f050a43b000-7f050a43c000 r--p 00028000 07:36 5191                       /usr/lib/jvm/java-13-openjdk-amd64/lib/libjava.so
7f050a43c000-7f050a43e000 rw-p 00029000 07:36 5191                       /usr/lib/jvm/java-13-openjdk-amd64/lib/libjava.so
7f050a43e000-7f050a443000 r--p 00000000 07:36 5213                       /usr/lib/jvm/java-13-openjdk-amd64/lib/libverify.so
7f050a443000-7f050a44a000 r-xp 00005000 07:36 5213                       /usr/lib/jvm/java-13-openjdk-amd64/lib/libverify.so
7f050a44a000-7f050a44c000 r--p 0000c000 07:36 5213                       /usr/lib/jvm/java-13-openjdk-amd64/lib/libverify.so
7f050a44c000-7f050a44d000 ---p 0000e000 07:36 5213                       /usr/lib/jvm/java-13-openjdk-amd64/lib/libverify.so
7f050a44d000-7f050a44f000 r--p 0000e000 07:36 5213                       /usr/lib/jvm/java-13-openjdk-amd64/lib/libverify.so
7f050a44f000-7f050a450000 rw-p 00010000 07:36 5213                       /usr/lib/jvm/java-13-openjdk-amd64/lib/libverify.so
7f050a450000-7f050a454000 ---p 00000000 00:00 0 
7f050a454000-7f050a551000 rw-p 00000000 00:00 0 
7f050a551000-7f050a554000 r--p 00000000 07:36 8948                       /usr/lib/x86_64-linux-gnu/libgcc_s.so.1
7f050a554000-7f050a566000 r-xp 00003000 07:36 8948                       /usr/lib/x86_64-linux-gnu/libgcc_s.so.1
7f050a566000-7f050a56a000 r--p 00015000 07:36 8948                       /usr/lib/x86_64-linux-gnu/libgcc_s.so.1
7f050a56a000-7f050a56b000 r--p 00018000 07:36 8948                       /usr/lib/x86_64-linux-gnu/libgcc_s.so.1
7f050a56b000-7f050a56c000 rw-p 00019000 07:36 8948                       /usr/lib/x86_64-linux-gnu/libgcc_s.so.1
7f050a56c000-7f050a579000 r--p 00000000 07:36 9062                       /usr/lib/x86_64-linux-gnu/libm-2.31.so
7f050a579000-7f050a620000 r-xp 0000d000 07:36 9062                       /usr/lib/x86_64-linux-gnu/libm-2.31.so
7f050a620000-7f050a6b9000 r--p 000b4000 07:36 9062                       /usr/lib/x86_64-linux-gnu/libm-2.31.so
7f050a6b9000-7f050a6ba000 r--p 0014c000 07:36 9062                       /usr/lib/x86_64-linux-gnu/libm-2.31.so
7f050a6ba000-7f050a6bb000 rw-p 0014d000 07:36 9062                       /usr/lib/x86_64-linux-gnu/libm-2.31.so
7f050a6bb000-7f050a751000 r--p 00000000 07:36 9213                       /usr/lib/x86_64-linux-gnu/libstdc++.so.6.0.28
7f050a751000-7f050a842000 r-xp 00096000 07:36 9213                       /usr/lib/x86_64-linux-gnu/libstdc++.so.6.0.28
7f050a842000-7f050a88b000 r--p 00187000 07:36 9213                       /usr/lib/x86_64-linux-gnu/libstdc++.so.6.0.28
7f050a88b000-7f050a88c000 ---p 001d0000 07:36 9213                       /usr/lib/x86_64-linux-gnu/libstdc++.so.6.0.28
7f050a88c000-7f050a897000 r--p 001d0000 07:36 9213                       /usr/lib/x86_64-linux-gnu/libstdc++.so.6.0.28
7f050a897000-7f050a89a000 rw-p 001db000 07:36 9213                       /usr/lib/x86_64-linux-gnu/libstdc++.so.6.0.28
7f050a89a000-7f050a89d000 rw-p 00000000 00:00 0 
7f050a89d000-7f050ab23000 r--p 00000000 07:36 5226                       /usr/lib/jvm/java-13-openjdk-amd64/lib/server/libjvm.so
7f050ab23000-7f050b8a0000 r-xp 00286000 07:36 5226                       /usr/lib/jvm/java-13-openjdk-amd64/lib/server/libjvm.so
7f050b8a0000-7f050bb1b000 r--p 01003000 07:36 5226                       /usr/lib/jvm/java-13-openjdk-amd64/lib/server/libjvm.so
7f050bb1b000-7f050bbe0000 r--p 0127d000 07:36 5226                       /usr/lib/jvm/java-13-openjdk-amd64/lib/server/libjvm.so
7f050bbe0000-7f050bc1b000 rw-p 01342000 07:36 5226                       /usr/lib/jvm/java-13-openjdk-amd64/lib/server/libjvm.so
7f050bc1b000-7f050bca1000 rw-p 00000000 00:00 0 
7f050bca1000-7f050bca7000 r--p 00000000 07:36 9166                       /usr/lib/x86_64-linux-gnu/libpthread-2.31.so
7f050bca7000-7f050bcb8000 r-xp 00006000 07:36 9166                       /usr/lib/x86_64-linux-gnu/libpthread-2.31.so
7f050bcb8000-7f050bcbe000 r--p 00017000 07:36 9166                       /usr/lib/x86_64-linux-gnu/libpthread-2.31.so
7f050bcbe000-7f050bcbf000 r--p 0001c000 07:36 9166                       /usr/lib/x86_64-linux-gnu/libpthread-2.31.so
7f050bcbf000-7f050bcc0000 rw-p 0001d000 07:36 9166                       /usr/lib/x86_64-linux-gnu/libpthread-2.31.so
7f050bcc0000-7f050bcc4000 rw-p 00000000 00:00 0 
7f050bcc4000-7f050bcc5000 r--p 00000000 07:36 8893                       /usr/lib/x86_64-linux-gnu/libdl-2.31.so
7f050bcc5000-7f050bcc7000 r-xp 00001000 07:36 8893                       /usr/lib/x86_64-linux-gnu/libdl-2.31.so
7f050bcc7000-7f050bcc8000 r--p 00003000 07:36 8893                       /usr/lib/x86_64-linux-gnu/libdl-2.31.so
7f050bcc8000-7f050bcc9000 r--p 00003000 07:36 8893                       /usr/lib/x86_64-linux-gnu/libdl-2.31.so
7f050bcc9000-7f050bcca000 rw-p 00004000 07:36 8893                       /usr/lib/x86_64-linux-gnu/libdl-2.31.so
7f050bcca000-7f050bccc000 r--p 00000000 07:36 9290                       /usr/lib/x86_64-linux-gnu/libz.so.1.2.11
7f050bccc000-7f050bcdd000 r-xp 00002000 07:36 9290                       /usr/lib/x86_64-linux-gnu/libz.so.1.2.11
7f050bcdd000-7f050bce3000 r--p 00013000 07:36 9290                       /usr/lib/x86_64-linux-gnu/libz.so.1.2.11
7f050bce3000-7f050bce4000 ---p 00019000 07:36 9290                       /usr/lib/x86_64-linux-gnu/libz.so.1.2.11
7f050bce4000-7f050bce5000 r--p 00019000 07:36 9290                       /usr/lib/x86_64-linux-gnu/libz.so.1.2.11
7f050bce5000-7f050bce6000 rw-p 0001a000 07:36 9290                       /usr/lib/x86_64-linux-gnu/libz.so.1.2.11
7f050bce6000-7f050bd08000 r--p 00000000 07:36 8851                       /usr/lib/x86_64-linux-gnu/libc-2.31.so
7f050bd08000-7f050be80000 r-xp 00022000 07:36 8851                       /usr/lib/x86_64-linux-gnu/libc-2.31.so
7f050be80000-7f050bece000 r--p 0019a000 07:36 8851                       /usr/lib/x86_64-linux-gnu/libc-2.31.so
7f050bece000-7f050bed2000 r--p 001e7000 07:36 8851                       /usr/lib/x86_64-linux-gnu/libc-2.31.so
7f050bed2000-7f050bed4000 rw-p 001eb000 07:36 8851                       /usr/lib/x86_64-linux-gnu/libc-2.31.so
7f050bed4000-7f050bed8000 rw-p 00000000 00:00 0 
7f050beda000-7f050bedc000 r--s 0000c000 07:36 20930                      /usr/share/java/java-atk-wrapper.jar
7f050bedc000-7f050bedd000 ---p 00000000 00:00 0 
7f050bedd000-7f050bede000 r--p 00000000 00:00 0 
7f050bede000-7f050bee1000 r--p 00000000 07:36 5196                       /usr/lib/jvm/java-13-openjdk-amd64/lib/libjli.so
7f050bee1000-7f050beeb000 r-xp 00003000 07:36 5196                       /usr/lib/jvm/java-13-openjdk-amd64/lib/libjli.so
7f050beeb000-7f050beee000 r--p 0000d000 07:36 5196                       /usr/lib/jvm/java-13-openjdk-amd64/lib/libjli.so
7f050beee000-7f050beef000 r--p 0000f000 07:36 5196                       /usr/lib/jvm/java-13-openjdk-amd64/lib/libjli.so
7f050beef000-7f050bef0000 rw-p 00010000 07:36 5196                       /usr/lib/jvm/java-13-openjdk-amd64/lib/libjli.so
7f050bef0000-7f050bef2000 rw-p 00000000 00:00 0 
7f050bef2000-7f050bef3000 r--p 00000000 07:36 8572                       /usr/lib/x86_64-linux-gnu/ld-2.31.so
7f050bef3000-7f050bf16000 r-xp 00001000 07:36 8572                       /usr/lib/x86_64-linux-gnu/ld-2.31.so
7f050bf16000-7f050bf1e000 r--p 00024000 07:36 8572                       /usr/lib/x86_64-linux-gnu/ld-2.31.so
7f050bf1e000-7f050bf1f000 ---p 00000000 00:00 0 
7f050bf1f000-7f050bf20000 r--p 0002c000 07:36 8572                       /usr/lib/x86_64-linux-gnu/ld-2.31.so
7f050bf20000-7f050bf21000 rw-p 0002d000 07:36 8572                       /usr/lib/x86_64-linux-gnu/ld-2.31.so
7f050bf21000-7f050bf22000 rw-p 00000000 00:00 0 
7fff9fc90000-7fff9fcb1000 rw-p 00000000 00:00 0                          [stack]
7fff9fde1000-7fff9fde3000 r-xp 00000000 00:00 0                          [vdso]
ffffffffff600000-ffffffffff601000 r-xp 00000000 00:00 0                  [vsyscall]


VM Arguments:
jvm_args: -Xmx64g --add-modules=ALL-DEFAULT 
java_command: jdk.compiler/com.sun.tools.javac.launcher.Main /mnt/beegfs/rcabanas/dev/credici/papers/journalEM/code/GenerateModel.java -n 8 -d 1000 -di 0.5 -mr 0.98 -r 1.0 --seed 100 --output /mnt/beegfs/rcabanas/dev/credici/papers/journalEM/models/synthetic/s1/ --debug
java_class_path (initial): /mnt/beegfs/rcabanas/dev/credici/target/credici-0.1.3-jar-with-dependencies.jar
Launcher Type: SUN_STANDARD

[Global flags]
     intx CICompilerCount                          = 2                                         {product} {ergonomic}
   size_t InitialHeapSize                          = 2147483648                                {product} {ergonomic}
   size_t MaxHeapSize                              = 68719476736                               {product} {command line}
   size_t MaxNewSize                               = 22906470400                               {product} {ergonomic}
   size_t MinHeapDeltaBytes                        = 196608                                    {product} {ergonomic}
   size_t MinHeapSize                              = 8388608                                   {product} {ergonomic}
   size_t NewSize                                  = 715784192                                 {product} {ergonomic}
    uintx NonNMethodCodeHeapSize                   = 5826188                                {pd product} {ergonomic}
    uintx NonProfiledCodeHeapSize                  = 122916026                              {pd product} {ergonomic}
   size_t OldSize                                  = 1431699456                                {product} {ergonomic}
    uintx ProfiledCodeHeapSize                     = 122916026                              {pd product} {ergonomic}
    uintx ReservedCodeCacheSize                    = 251658240                              {pd product} {ergonomic}
     bool SegmentedCodeCache                       = true                                      {product} {ergonomic}
   size_t SoftMaxHeapSize                          = 68719476736                            {manageable} {ergonomic}
     bool UseSerialGC                              = true                                      {product} {ergonomic}

Logging:
Log output configuration:
 #0: stdout all=warning uptime,level,tags
 #1: stderr all=off uptime,level,tags

Environment Variables:
PATH=/usr/local/sbin:/usr/local/bin:/usr/sbin:/usr/bin:/sbin:/bin
LD_LIBRARY_PATH=/.singularity.d/libs

Signal Handlers:
SIGSEGV: [libjvm.so+0xf8fcf0], sa_mask[0]=11111111011111111101111111111110, sa_flags=SA_RESTART|SA_SIGINFO
SIGBUS: [libjvm.so+0xf8fcf0], sa_mask[0]=11111111011111111101111111111110, sa_flags=SA_RESTART|SA_SIGINFO
SIGFPE: [libjvm.so+0xf8fcf0], sa_mask[0]=11111111011111111101111111111110, sa_flags=SA_RESTART|SA_SIGINFO
SIGPIPE: [libjvm.so+0xc3ffa0], sa_mask[0]=11111111011111111101111111111110, sa_flags=SA_RESTART|SA_SIGINFO
SIGXFSZ: [libjvm.so+0xc3ffa0], sa_mask[0]=11111111011111111101111111111110, sa_flags=SA_RESTART|SA_SIGINFO
SIGILL: [libjvm.so+0xf8fcf0], sa_mask[0]=11111111011111111101111111111110, sa_flags=SA_RESTART|SA_SIGINFO
SIGUSR2: [libjvm.so+0xc3fe40], sa_mask[0]=00000000000000000000000000000000, sa_flags=SA_RESTART|SA_SIGINFO
SIGHUP: [libjvm.so+0xc40580], sa_mask[0]=11111111011111111101111111111110, sa_flags=SA_RESTART|SA_SIGINFO
SIGINT: [libjvm.so+0xc40580], sa_mask[0]=11111111011111111101111111111110, sa_flags=SA_RESTART|SA_SIGINFO
SIGTERM: [libjvm.so+0xc40580], sa_mask[0]=11111111011111111101111111111110, sa_flags=SA_RESTART|SA_SIGINFO
SIGQUIT: [libjvm.so+0xc40580], sa_mask[0]=11111111011111111101111111111110, sa_flags=SA_RESTART|SA_SIGINFO


---------------  S Y S T E M  ---------------

OS:DISTRIB_ID=Ubuntu
DISTRIB_RELEASE=20.04
DISTRIB_CODENAME=focal
DISTRIB_DESCRIPTION="Ubuntu 20.04.4 LTS"
uname:Linux 3.10.0-1160.15.2.el7.x86_64 #1 SMP Wed Feb 3 15:06:38 UTC 2021 x86_64
OS uptime: 187 days 16:04 hours
libc:glibc 2.31 NPTL 2.31 
rlimit (soft/hard): STACK 8192k/infinity , CORE 0k/infinity , NPROC 4096/1030157 , NOFILE 131072/131072 , AS infinity/infinity , CPU infinity/infinity , DATA infinity/infinity , FSIZE infinity/infinity , MEMLOCK infinity/infinity
load average:20.76 17.95 9.01

/proc/meminfo:
MemTotal:       263800832 kB
MemFree:         2936540 kB
MemAvailable:    2617320 kB
Buffers:           91076 kB
Cached:           287532 kB
SwapCached:       313836 kB
Active:         246025888 kB
Inactive:        5755592 kB
Active(anon):   245899004 kB
Inactive(anon):  5514128 kB
Active(file):     126884 kB
Inactive(file):   241464 kB
Unevictable:       13104 kB
Mlocked:           13104 kB
SwapTotal:       4194300 kB
SwapFree:         930604 kB
Dirty:                 0 kB
Writeback:             0 kB
AnonPages:      251103024 kB
Mapped:            60736 kB
Shmem:              6028 kB
Slab:             510116 kB
SReclaimable:     165712 kB
SUnreclaim:       344404 kB
KernelStack:       25520 kB
PageTables:       518848 kB
NFS_Unstable:          0 kB
Bounce:                0 kB
WritebackTmp:          0 kB
CommitLimit:    136094716 kB
Committed_AS:   304882176 kB
VmallocTotal:   34359738367 kB
VmallocUsed:      908244 kB
VmallocChunk:   34224607208 kB
Percpu:            69632 kB
HardwareCorrupted:     0 kB
AnonHugePages:  161341440 kB
CmaTotal:              0 kB
CmaFree:               0 kB
HugePages_Total:       0
HugePages_Free:        0
HugePages_Rsvd:        0
HugePages_Surp:        0
Hugepagesize:       2048 kB
DirectMap4k:      616648 kB
DirectMap2M:    26509312 kB
DirectMap1G:    241172480 kB

/sys/kernel/mm/transparent_hugepage/enabled:
[always] madvise never

/sys/kernel/mm/transparent_hugepage/defrag (defrag/compaction efforts parameter):
[always] madvise never


/proc/sys/kernel/threads-max (system-wide limit on the number of threads):
2060314


/proc/sys/vm/max_map_count (maximum number of memory map areas a process may have):
65530


/proc/sys/kernel/pid_max (system-wide limit on number of process identifiers):
262144



Steal ticks since vm start: 0
Steal ticks percentage since vm start:  0.000

CPU:total 64 (initial active 1) (32 cores per cpu, 1 threads per core) family 23 model 49 stepping 0, cmov, cx8, fxsr, mmx, sse, sse2, sse3, ssse3, sse4.1, sse4.2, popcnt, avx, avx2, aes, clmul, mmxext, 3dnowpref, lzcnt, sse4a, tsc, tscinvbit, tscinv, bmi1, bmi2, adx, sha, fma
CPU Model and flags from /proc/cpuinfo:
model name	: AMD EPYC 7542 32-Core Processor
flags		: fpu vme de pse tsc msr pae mce cx8 apic sep mtrr pge mca cmov pat pse36 clflush mmx fxsr sse sse2 ht syscall nx mmxext fxsr_opt pdpe1gb rdtscp lm constant_tsc art rep_good nopl nonstop_tsc extd_apicid aperfmperf eagerfpu pni pclmulqdq monitor ssse3 fma cx16 sse4_1 sse4_2 movbe popcnt aes xsave avx f16c rdrand lahf_lm cmp_legacy svm extapic cr8_legacy abm sse4a misalignsse 3dnowprefetch osvw ibs skinit wdt tce topoext perfctr_core perfctr_nb bpext perfctr_l2 cpb cat_l3 cdp_l3 hw_pstate sme retpoline_amd ssbd ibrs ibpb stibp vmmcall fsgsbase bmi1 avx2 smep bmi2 cqm rdt_a rdseed adx smap clflushopt clwb sha_ni xsaveopt xsavec xgetbv1 cqm_llc cqm_occup_llc cqm_mbm_total cqm_mbm_local clzero irperf xsaveerptr arat npt lbrv svm_lock nrip_save tsc_scale vmcb_clean flushbyasid decodeassists pausefilter pfthreshold avic v_vmsave_vmload vgif umip overflow_recov succor smca
Online cpus:0-63
Offline cpus:64-255
BIOS frequency limitation:2900000
Frequency switch latency (ns):0
Available cpu frequencies:2900000 2400000 1500000 
Current governor:conservative
Core performance/turbo boost:1

Memory: 4k page, physical 263800832k(2936004k free), swap 4194300k(930628k free)

vm_info: OpenJDK 64-Bit Server VM (13.0.7+5-Ubuntu-0ubuntu120.04) for linux-amd64 JRE (13.0.7+5-Ubuntu-0ubuntu120.04), built on Apr 21 2021 05:36:19 by "unknown" with gcc 9.3.0

END.
