#
# There is insufficient memory for the Java Runtime Environment to continue.
# Native memory allocation (mmap) failed to map 4429996032 bytes for committing reserved memory.
# Possible reasons:
#   The system is out of physical RAM or swap space
# Possible solutions:
#   Reduce memory load on the system
#   Increase physical memory or swap space
#   Check if swap backing store is full
#   Decrease Java heap size (-Xmx/-Xms)
#   Decrease number of Java threads
#   Decrease Java thread stack sizes (-Xss)
#   Set larger code cache with -XX:ReservedCodeCacheSize=
# This output file may be truncated or incomplete.
#
#  Out of Memory Error (os_linux.cpp:2899), pid=11006, tid=11008
#
# JRE version: OpenJDK Runtime Environment (13.0.7+5) (build 13.0.7+5-Ubuntu-0ubuntu120.04)
# Java VM: OpenJDK 64-Bit Server VM (13.0.7+5-Ubuntu-0ubuntu120.04, mixed mode, tiered, serial gc, linux-amd64)
# No core dump will be written. Core dumps have been disabled. To enable core dumping, try "ulimit -c unlimited" before starting Java again
#

---------------  S U M M A R Y ------------

Command Line: -Xmx64g --add-modules=ALL-DEFAULT jdk.compiler/com.sun.tools.javac.launcher.Main /mnt/beegfs/rcabanas/dev/credici/papers/journalEM/code/LearnAndCalculatePNS.java -w -x 1000 -m 500 -sc LLratio -th 0.999999 -a EMCC --seed 0 --output /mnt/beegfs/rcabanas/dev/credici/papers/journalEM/output/synthetic/s12 /mnt/beegfs/rcabanas/dev/credici/papers/journalEM/models/synthetic/s12/random_mc2_n7_mid3_d1000_05_mr098_r10_62.uai

Host: AMD EPYC 7542 32-Core Processor, 64 cores, 251G, Ubuntu 20.04.4 LTS
Time: Tue Nov 22 07:05:48 2022 CET elapsed time: 2263.702512 seconds (0d 0h 37m 43s)

---------------  T H R E A D  ---------------

Current thread (0x00007f9624097800):  VMThread "VM Thread" [stack: 0x00007f962a5ba000,0x00007f962a6ba000] [id=11008]

Stack: [0x00007f962a5ba000,0x00007f962a6ba000],  sp=0x00007f962a6b8160,  free space=1016k
Native frames: (J=compiled Java code, A=aot compiled Java code, j=interpreted, Vv=VM code, C=native code)
V  [libjvm.so+0xf8f092]
V  [libjvm.so+0xf8fc91]
V  [libjvm.so+0x66ee5a]
V  [libjvm.so+0xc44a41]
V  [libjvm.so+0xc3b263]
V  [libjvm.so+0xf87f4b]
V  [libjvm.so+0x557506]
V  [libjvm.so+0x557723]
V  [libjvm.so+0xf18b0c]
V  [libjvm.so+0x557e65]
V  [libjvm.so+0x7e2edb]
V  [libjvm.so+0x7e39bd]
V  [libjvm.so+0x7d8b48]
V  [libjvm.so+0xf90940]
V  [libjvm.so+0xf96657]
V  [libjvm.so+0xf96d2b]
V  [libjvm.so+0xf9706a]
V  [libjvm.so+0xf2208f]
V  [libjvm.so+0xc493ff]

VM_Operation (0x00007f962b32a380): GenCollectForAllocation, mode: safepoint, requested by thread 0x00007f9624018000


---------------  P R O C E S S  ---------------

Threads class SMR info:
_java_thread_list=0x00007f9624136390, length=9, elements={
0x00007f9624018000, 0x00007f96240a3800, 0x00007f96240a7000, 0x00007f96240cb800,
0x00007f96240cd000, 0x00007f96240cf000, 0x00007f96240d1000, 0x00007f96240d3000,
0x00007f9624135000
}

Java Threads: ( => current thread )
  0x00007f9624018000 JavaThread "main" [_thread_blocked, id=11007, stack(0x00007f962b22c000,0x00007f962b32d000)]
  0x00007f96240a3800 JavaThread "Reference Handler" daemon [_thread_blocked, id=11009, stack(0x00007f962a4b7000,0x00007f962a5b8000)]
  0x00007f96240a7000 JavaThread "Finalizer" daemon [_thread_blocked, id=11010, stack(0x00007f962a3b6000,0x00007f962a4b7000)]
  0x00007f96240cb800 JavaThread "Signal Dispatcher" daemon [_thread_blocked, id=11011, stack(0x00007f962a27c000,0x00007f962a37d000)]
  0x00007f96240cd000 JavaThread "Service Thread" daemon [_thread_blocked, id=11012, stack(0x00007f962a17b000,0x00007f962a27c000)]
  0x00007f96240cf000 JavaThread "C2 CompilerThread0" daemon [_thread_blocked, id=11013, stack(0x00007f962a07a000,0x00007f962a17b000)]
  0x00007f96240d1000 JavaThread "C1 CompilerThread0" daemon [_thread_blocked, id=11014, stack(0x00007f9629f79000,0x00007f962a07a000)]
  0x00007f96240d3000 JavaThread "Sweeper thread" daemon [_thread_blocked, id=11015, stack(0x00007f9629e78000,0x00007f9629f79000)]
  0x00007f9624135000 JavaThread "Common-Cleaner" daemon [_thread_blocked, id=11016, stack(0x00007f9629d77000,0x00007f9629e78000)]

Other Threads:
=>0x00007f9624097800 VMThread "VM Thread" [stack: 0x00007f962a5ba000,0x00007f962a6ba000] [id=11008]
  0x00007f9624181800 WatcherThread [stack: 0x00007f9629c77000,0x00007f9629d77000] [id=11017]

Threads with active compile tasks:

VM state:at safepoint (normal execution)

VM Mutex/Monitor currently owned by a thread:  ([mutex/lock_event])
[0x00007f9624014200] Threads_lock - owner thread: 0x00007f9624097800
[0x00007f9624014e00] Heap_lock - owner thread: 0x00007f9624018000

Heap:
 def new generation   total 2917312K, used 50354K [0x00007f860c600000, 0x00007f86d2370000, 0x00007f8b61b50000)
  eden space 2593216K,   1% used [0x00007f860c600000, 0x00007f860f72ca50, 0x00007f86aaa70000)
  from space 324096K,   0% used [0x00007f86aaa70000, 0x00007f86aaa70000, 0x00007f86be6f0000)
  to   space 324096K,   0% used [0x00007f86be6f0000, 0x00007f86be6f0000, 0x00007f86d2370000)
 tenured generation   total 6489252K, used 6489251K [0x00007f8b61b50000, 0x00007f8cedc79000, 0x00007f960c600000)
   the space 6489252K,  99% used [0x00007f8b61b50000, 0x00007f8cedc78fd0, 0x00007f8cedc79000, 0x00007f8cedc79000)
 Metaspace       used 24298K, capacity 24725K, committed 24832K, reserved 26624K

Card table byte_map: [0x00007f86045ff000,0x00007f860c600000] _byte_map_base: 0x00007f464159c000

Polling page: 0x00007f962ccb8000

Metaspace:

Usage:
   24.15 MB capacity,    23.73 MB ( 98%) used,   331.52 KB (  1%) free+waste,    95.00 KB ( <1%) overhead. 

Virtual space:
     26.00 MB reserved,      24.25 MB ( 93%) committed 

Chunk freelists:
19.00 KB

MaxMetaspaceSize: unlimited


CodeHeap 'non-profiled nmethods': size=120036Kb used=2575Kb max_used=2627Kb free=117460Kb
 bounds [0x00007f9614251000, 0x00007f96144f1000, 0x00007f961b78a000]
CodeHeap 'profiled nmethods': size=120032Kb used=4935Kb max_used=7240Kb free=115096Kb
 bounds [0x00007f960cd19000, 0x00007f960d439000, 0x00007f9614251000]
CodeHeap 'non-nmethods': size=5692Kb used=1210Kb max_used=1266Kb free=4481Kb
 bounds [0x00007f960c78a000, 0x00007f960c9fa000, 0x00007f960cd19000]
 total_blobs=3659 nmethods=3178 adapters=396
 compilation: enabled
              stopped_count=0, restarted_count=0
 full_count=0

Compilation events (20 events):
Event: 2020.506 Thread 0x00007f96240d1000 4244       3       org.jgrapht.graph.UniformIntrusiveEdgesSpecifics::add (80 bytes)
Event: 2020.508 Thread 0x00007f96240d1000 nmethod 4244 0x00007f960cf70610 code [0x00007f960cf70820, 0x00007f960cf71060]
Event: 2020.525 Thread 0x00007f96240cf000 4245       4       org.jgrapht.graph.UniformIntrusiveEdgesSpecifics::add (80 bytes)
Event: 2020.526 Thread 0x00007f96240cf000 nmethod 4245 0x00007f961435e010 code [0x00007f961435e1a0, 0x00007f961435e268]
Event: 2134.236 Thread 0x00007f96240d1000 4246       3       org.jgrapht.graph.SimpleGraph::<init> (32 bytes)
Event: 2134.237 Thread 0x00007f96240d1000 nmethod 4246 0x00007f960ceac110 code [0x00007f960ceac300, 0x00007f960ceac840]
Event: 2141.908 Thread 0x00007f96240d1000 4247       3       ch.idsia.crema.factor.bayesian.BayesianFactor::randomModel (104 bytes)
Event: 2141.910 Thread 0x00007f96240d1000 nmethod 4247 0x00007f960cf9f990 code [0x00007f960cf9fc20, 0x00007f960cfa09f0]
Event: 2141.910 Thread 0x00007f96240d1000 4248       3       ch.idsia.credici.learning.FrequentistCausalEM::<init> (116 bytes)
Event: 2141.913 Thread 0x00007f96240d1000 nmethod 4248 0x00007f960ced5890 code [0x00007f960ced5c60, 0x00007f960ced7a80]
Event: 2141.913 Thread 0x00007f96240d1000 4249       3       ch.idsia.crema.learning.ExpectationMaximization::<init> (40 bytes)
Event: 2141.913 Thread 0x00007f96240d1000 nmethod 4249 0x00007f960ce3dc10 code [0x00007f960ce3dda0, 0x00007f960ce3df30]
Event: 2141.913 Thread 0x00007f96240d1000 4250       3       ch.idsia.credici.learning.FrequentistCausalEM::setTrainableVars (80 bytes)
Event: 2141.913 Thread 0x00007f96240d1000 nmethod 4250 0x00007f960cee9e10 code [0x00007f960ceea020, 0x00007f960ceea640]
Event: 2181.716 Thread 0x00007f96240cf000 4251       4       ch.idsia.crema.model.Strides::as (78 bytes)
Event: 2181.733 Thread 0x00007f96240cf000 nmethod 4251 0x00007f96143bea90 code [0x00007f96143bec20, 0x00007f96143bf278]
Event: 2181.819 Thread 0x00007f96240cf000 4252       4       ch.idsia.crema.utility.ArraysUtil::swapVectorStrides (142 bytes)
Event: 2181.885 Thread 0x00007f96240cf000 nmethod 4252 0x00007f9614377c10 code [0x00007f9614377e60, 0x00007f9614379748]
Event: 2189.447 Thread 0x00007f96240cf000 4253       4       ch.idsia.crema.model.Strides::concat (141 bytes)
Event: 2189.481 Thread 0x00007f96240cf000 nmethod 4253 0x00007f9614376390 code [0x00007f9614376560, 0x00007f96143775f8]

GC Heap History (20 events):
Event: 2242.553 GC heap after
{Heap after GC invocations=3312 (full 4):
 def new generation   total 2917312K, used 79736K [0x00007f860c600000, 0x00007f86d2370000, 0x00007f8b61b50000)
  eden space 2593216K,   0% used [0x00007f860c600000, 0x00007f860c600000, 0x00007f86aaa70000)
  from space 324096K,  24% used [0x00007f86be6f0000, 0x00007f86c34ce148, 0x00007f86d2370000)
  to   space 324096K,   0% used [0x00007f86aaa70000, 0x00007f86aaa70000, 0x00007f86be6f0000)
 tenured generation   total 6482724K, used 6431742K [0x00007f8b61b50000, 0x00007f8ced619000, 0x00007f960c600000)
   the space 6482724K,  99% used [0x00007f8b61b50000, 0x00007f8cea44fa48, 0x00007f8cea44fc00, 0x00007f8ced619000)
 Metaspace       used 24298K, capacity 24725K, committed 24832K, reserved 26624K
}
Event: 2243.947 GC heap before
{Heap before GC invocations=3312 (full 4):
 def new generation   total 2917312K, used 2672952K [0x00007f860c600000, 0x00007f86d2370000, 0x00007f8b61b50000)
  eden space 2593216K, 100% used [0x00007f860c600000, 0x00007f86aaa70000, 0x00007f86aaa70000)
  from space 324096K,  24% used [0x00007f86be6f0000, 0x00007f86c34ce148, 0x00007f86d2370000)
  to   space 324096K,   0% used [0x00007f86aaa70000, 0x00007f86aaa70000, 0x00007f86be6f0000)
 tenured generation   total 6482724K, used 6431742K [0x00007f8b61b50000, 0x00007f8ced619000, 0x00007f960c600000)
   the space 6482724K,  99% used [0x00007f8b61b50000, 0x00007f8cea44fa48, 0x00007f8cea44fc00, 0x00007f8ced619000)
 Metaspace       used 24298K, capacity 24725K, committed 24832K, reserved 26624K
}
Event: 2244.041 GC heap after
{Heap after GC invocations=3313 (full 4):
 def new generation   total 2917312K, used 76570K [0x00007f860c600000, 0x00007f86d2370000, 0x00007f8b61b50000)
  eden space 2593216K,   0% used [0x00007f860c600000, 0x00007f860c600000, 0x00007f86aaa70000)
  from space 324096K,  23% used [0x00007f86aaa70000, 0x00007f86af536848, 0x00007f86be6f0000)
  to   space 324096K,   0% used [0x00007f86be6f0000, 0x00007f86be6f0000, 0x00007f86d2370000)
 tenured generation   total 6482724K, used 6438019K [0x00007f8b61b50000, 0x00007f8ced619000, 0x00007f960c600000)
   the space 6482724K,  99% used [0x00007f8b61b50000, 0x00007f8ceaa70c98, 0x00007f8ceaa70e00, 0x00007f8ced619000)
 Metaspace       used 24298K, capacity 24725K, committed 24832K, reserved 26624K
}
Event: 2245.458 GC heap before
{Heap before GC invocations=3313 (full 4):
 def new generation   total 2917312K, used 2669786K [0x00007f860c600000, 0x00007f86d2370000, 0x00007f8b61b50000)
  eden space 2593216K, 100% used [0x00007f860c600000, 0x00007f86aaa70000, 0x00007f86aaa70000)
  from space 324096K,  23% used [0x00007f86aaa70000, 0x00007f86af536848, 0x00007f86be6f0000)
  to   space 324096K,   0% used [0x00007f86be6f0000, 0x00007f86be6f0000, 0x00007f86d2370000)
 tenured generation   total 6482724K, used 6438019K [0x00007f8b61b50000, 0x00007f8ced619000, 0x00007f960c600000)
   the space 6482724K,  99% used [0x00007f8b61b50000, 0x00007f8ceaa70c98, 0x00007f8ceaa70e00, 0x00007f8ced619000)
 Metaspace       used 24298K, capacity 24725K, committed 24832K, reserved 26624K
}
Event: 2245.561 GC heap after
{Heap after GC invocations=3314 (full 4):
 def new generation   total 2917312K, used 71134K [0x00007f860c600000, 0x00007f86d2370000, 0x00007f8b61b50000)
  eden space 2593216K,   0% used [0x00007f860c600000, 0x00007f860c600000, 0x00007f86aaa70000)
  from space 324096K,  21% used [0x00007f86be6f0000, 0x00007f86c2c679b8, 0x00007f86d2370000)
  to   space 324096K,   0% used [0x00007f86aaa70000, 0x00007f86aaa70000, 0x00007f86be6f0000)
 tenured generation   total 6482724K, used 6446621K [0x00007f8b61b50000, 0x00007f8ced619000, 0x00007f960c600000)
   the space 6482724K,  99% used [0x00007f8b61b50000, 0x00007f8ceb2d7538, 0x00007f8ceb2d7600, 0x00007f8ced619000)
 Metaspace       used 24298K, capacity 24725K, committed 24832K, reserved 26624K
}
Event: 2246.986 GC heap before
{Heap before GC invocations=3314 (full 4):
 def new generation   total 2917312K, used 2664350K [0x00007f860c600000, 0x00007f86d2370000, 0x00007f8b61b50000)
  eden space 2593216K, 100% used [0x00007f860c600000, 0x00007f86aaa70000, 0x00007f86aaa70000)
  from space 324096K,  21% used [0x00007f86be6f0000, 0x00007f86c2c679b8, 0x00007f86d2370000)
  to   space 324096K,   0% used [0x00007f86aaa70000, 0x00007f86aaa70000, 0x00007f86be6f0000)
 tenured generation   total 6482724K, used 6446621K [0x00007f8b61b50000, 0x00007f8ced619000, 0x00007f960c600000)
   the space 6482724K,  99% used [0x00007f8b61b50000, 0x00007f8ceb2d7538, 0x00007f8ceb2d7600, 0x00007f8ced619000)
 Metaspace       used 24298K, capacity 24725K, committed 24832K, reserved 26624K
}
Event: 2247.063 GC heap after
{Heap after GC invocations=3315 (full 4):
 def new generation   total 2917312K, used 71377K [0x00007f860c600000, 0x00007f86d2370000, 0x00007f8b61b50000)
  eden space 2593216K,   0% used [0x00007f860c600000, 0x00007f860c600000, 0x00007f86aaa70000)
  from space 324096K,  22% used [0x00007f86aaa70000, 0x00007f86af024730, 0x00007f86be6f0000)
  to   space 324096K,   0% used [0x00007f86be6f0000, 0x00007f86be6f0000, 0x00007f86d2370000)
 tenured generation   total 6482724K, used 6449558K [0x00007f8b61b50000, 0x00007f8ced619000, 0x00007f960c600000)
   the space 6482724K,  99% used [0x00007f8b61b50000, 0x00007f8ceb5b5be8, 0x00007f8ceb5b5c00, 0x00007f8ced619000)
 Metaspace       used 24298K, capacity 24725K, committed 24832K, reserved 26624K
}
Event: 2248.442 GC heap before
{Heap before GC invocations=3315 (full 4):
 def new generation   total 2917312K, used 2664593K [0x00007f860c600000, 0x00007f86d2370000, 0x00007f8b61b50000)
  eden space 2593216K, 100% used [0x00007f860c600000, 0x00007f86aaa70000, 0x00007f86aaa70000)
  from space 324096K,  22% used [0x00007f86aaa70000, 0x00007f86af024730, 0x00007f86be6f0000)
  to   space 324096K,   0% used [0x00007f86be6f0000, 0x00007f86be6f0000, 0x00007f86d2370000)
 tenured generation   total 6482724K, used 6449558K [0x00007f8b61b50000, 0x00007f8ced619000, 0x00007f960c600000)
   the space 6482724K,  99% used [0x00007f8b61b50000, 0x00007f8ceb5b5be8, 0x00007f8ceb5b5c00, 0x00007f8ced619000)
 Metaspace       used 24298K, capacity 24725K, committed 24832K, reserved 26624K
}
Event: 2248.538 GC heap after
{Heap after GC invocations=3316 (full 4):
 def new generation   total 2917312K, used 67799K [0x00007f860c600000, 0x00007f86d2370000, 0x00007f8b61b50000)
  eden space 2593216K,   0% used [0x00007f860c600000, 0x00007f860c600000, 0x00007f86aaa70000)
  from space 324096K,  20% used [0x00007f86be6f0000, 0x00007f86c2925da0, 0x00007f86d2370000)
  to   space 324096K,   0% used [0x00007f86aaa70000, 0x00007f86aaa70000, 0x00007f86be6f0000)
 tenured generation   total 6482724K, used 6456280K [0x00007f8b61b50000, 0x00007f8ced619000, 0x00007f960c600000)
   the space 6482724K,  99% used [0x00007f8b61b50000, 0x00007f8cebc46278, 0x00007f8cebc46400, 0x00007f8ced619000)
 Metaspace       used 24298K, capacity 24725K, committed 24832K, reserved 26624K
}
Event: 2249.957 GC heap before
{Heap before GC invocations=3316 (full 4):
 def new generation   total 2917312K, used 2661015K [0x00007f860c600000, 0x00007f86d2370000, 0x00007f8b61b50000)
  eden space 2593216K, 100% used [0x00007f860c600000, 0x00007f86aaa70000, 0x00007f86aaa70000)
  from space 324096K,  20% used [0x00007f86be6f0000, 0x00007f86c2925da0, 0x00007f86d2370000)
  to   space 324096K,   0% used [0x00007f86aaa70000, 0x00007f86aaa70000, 0x00007f86be6f0000)
 tenured generation   total 6482724K, used 6456280K [0x00007f8b61b50000, 0x00007f8ced619000, 0x00007f960c600000)
   the space 6482724K,  99% used [0x00007f8b61b50000, 0x00007f8cebc46278, 0x00007f8cebc46400, 0x00007f8ced619000)
 Metaspace       used 24298K, capacity 24725K, committed 24832K, reserved 26624K
}
Event: 2250.033 GC heap after
{Heap after GC invocations=3317 (full 4):
 def new generation   total 2917312K, used 63892K [0x00007f860c600000, 0x00007f86d2370000, 0x00007f8b61b50000)
  eden space 2593216K,   0% used [0x00007f860c600000, 0x00007f860c600000, 0x00007f86aaa70000)
  from space 324096K,  19% used [0x00007f86aaa70000, 0x00007f86ae8d50f0, 0x00007f86be6f0000)
  to   space 324096K,   0% used [0x00007f86be6f0000, 0x00007f86be6f0000, 0x00007f86d2370000)
 tenured generation   total 6482724K, used 6463324K [0x00007f8b61b50000, 0x00007f8ced619000, 0x00007f960c600000)
   the space 6482724K,  99% used [0x00007f8b61b50000, 0x00007f8cec327228, 0x00007f8cec327400, 0x00007f8ced619000)
 Metaspace       used 24298K, capacity 24725K, committed 24832K, reserved 26624K
}
Event: 2251.438 GC heap before
{Heap before GC invocations=3317 (full 4):
 def new generation   total 2917312K, used 2657108K [0x00007f860c600000, 0x00007f86d2370000, 0x00007f8b61b50000)
  eden space 2593216K, 100% used [0x00007f860c600000, 0x00007f86aaa70000, 0x00007f86aaa70000)
  from space 324096K,  19% used [0x00007f86aaa70000, 0x00007f86ae8d50f0, 0x00007f86be6f0000)
  to   space 324096K,   0% used [0x00007f86be6f0000, 0x00007f86be6f0000, 0x00007f86d2370000)
 tenured generation   total 6482724K, used 6463324K [0x00007f8b61b50000, 0x00007f8ced619000, 0x00007f960c600000)
   the space 6482724K,  99% used [0x00007f8b61b50000, 0x00007f8cec327228, 0x00007f8cec327400, 0x00007f8ced619000)
 Metaspace       used 24298K, capacity 24725K, committed 24832K, reserved 26624K
}
Event: 2251.515 GC heap after
{Heap after GC invocations=3318 (full 4):
 def new generation   total 2917312K, used 62708K [0x00007f860c600000, 0x00007f86d2370000, 0x00007f8b61b50000)
  eden space 2593216K,   0% used [0x00007f860c600000, 0x00007f860c600000, 0x00007f86aaa70000)
  from space 324096K,  19% used [0x00007f86be6f0000, 0x00007f86c242d1f8, 0x00007f86d2370000)
  to   space 324096K,   0% used [0x00007f86aaa70000, 0x00007f86aaa70000, 0x00007f86be6f0000)
 tenured generation   total 6482724K, used 6467438K [0x00007f8b61b50000, 0x00007f8ced619000, 0x00007f960c600000)
   the space 6482724K,  99% used [0x00007f8b61b50000, 0x00007f8cec72ba68, 0x00007f8cec72bc00, 0x00007f8ced619000)
 Metaspace       used 24298K, capacity 24725K, committed 24832K, reserved 26624K
}
Event: 2252.876 GC heap before
{Heap before GC invocations=3318 (full 4):
 def new generation   total 2917312K, used 2655924K [0x00007f860c600000, 0x00007f86d2370000, 0x00007f8b61b50000)
  eden space 2593216K, 100% used [0x00007f860c600000, 0x00007f86aaa70000, 0x00007f86aaa70000)
  from space 324096K,  19% used [0x00007f86be6f0000, 0x00007f86c242d1f8, 0x00007f86d2370000)
  to   space 324096K,   0% used [0x00007f86aaa70000, 0x00007f86aaa70000, 0x00007f86be6f0000)
 tenured generation   total 6482724K, used 6467438K [0x00007f8b61b50000, 0x00007f8ced619000, 0x00007f960c600000)
   the space 6482724K,  99% used [0x00007f8b61b50000, 0x00007f8cec72ba68, 0x00007f8cec72bc00, 0x00007f8ced619000)
 Metaspace       used 24298K, capacity 24725K, committed 24832K, reserved 26624K
}
Event: 2252.944 GC heap after
{Heap after GC invocations=3319 (full 4):
 def new generation   total 2917312K, used 57113K [0x00007f860c600000, 0x00007f86d2370000, 0x00007f8b61b50000)
  eden space 2593216K,   0% used [0x00007f860c600000, 0x00007f860c600000, 0x00007f86aaa70000)
  from space 324096K,  17% used [0x00007f86aaa70000, 0x00007f86ae2365e8, 0x00007f86be6f0000)
  to   space 324096K,   0% used [0x00007f86be6f0000, 0x00007f86be6f0000, 0x00007f86d2370000)
 tenured generation   total 6482724K, used 6476168K [0x00007f8b61b50000, 0x00007f8ced619000, 0x00007f960c600000)
   the space 6482724K,  99% used [0x00007f8b61b50000, 0x00007f8cecfb2070, 0x00007f8cecfb2200, 0x00007f8ced619000)
 Metaspace       used 24298K, capacity 24725K, committed 24832K, reserved 26624K
}
Event: 2254.336 GC heap before
{Heap before GC invocations=3319 (full 4):
 def new generation   total 2917312K, used 2650329K [0x00007f860c600000, 0x00007f86d2370000, 0x00007f8b61b50000)
  eden space 2593216K, 100% used [0x00007f860c600000, 0x00007f86aaa70000, 0x00007f86aaa70000)
  from space 324096K,  17% used [0x00007f86aaa70000, 0x00007f86ae2365e8, 0x00007f86be6f0000)
  to   space 324096K,   0% used [0x00007f86be6f0000, 0x00007f86be6f0000, 0x00007f86d2370000)
 tenured generation   total 6482724K, used 6476168K [0x00007f8b61b50000, 0x00007f8ced619000, 0x00007f960c600000)
   the space 6482724K,  99% used [0x00007f8b61b50000, 0x00007f8cecfb2070, 0x00007f8cecfb2200, 0x00007f8ced619000)
 Metaspace       used 24298K, capacity 24725K, committed 24832K, reserved 26624K
}
Event: 2254.401 GC heap after
{Heap after GC invocations=3320 (full 4):
 def new generation   total 2917312K, used 55654K [0x00007f860c600000, 0x00007f86d2370000, 0x00007f8b61b50000)
  eden space 2593216K,   0% used [0x00007f860c600000, 0x00007f860c600000, 0x00007f86aaa70000)
  from space 324096K,  17% used [0x00007f86be6f0000, 0x00007f86c1d498a0, 0x00007f86d2370000)
  to   space 324096K,   0% used [0x00007f86aaa70000, 0x00007f86aaa70000, 0x00007f86be6f0000)
 tenured generation   total 6482724K, used 6480790K [0x00007f8b61b50000, 0x00007f8ced619000, 0x00007f960c600000)
   the space 6482724K,  99% used [0x00007f8b61b50000, 0x00007f8ced435b20, 0x00007f8ced435c00, 0x00007f8ced619000)
 Metaspace       used 24298K, capacity 24725K, committed 24832K, reserved 26624K
}
Event: 2255.796 GC heap before
{Heap before GC invocations=3320 (full 4):
 def new generation   total 2917312K, used 2648870K [0x00007f860c600000, 0x00007f86d2370000, 0x00007f8b61b50000)
  eden space 2593216K, 100% used [0x00007f860c600000, 0x00007f86aaa70000, 0x00007f86aaa70000)
  from space 324096K,  17% used [0x00007f86be6f0000, 0x00007f86c1d498a0, 0x00007f86d2370000)
  to   space 324096K,   0% used [0x00007f86aaa70000, 0x00007f86aaa70000, 0x00007f86be6f0000)
 tenured generation   total 6482724K, used 6480790K [0x00007f8b61b50000, 0x00007f8ced619000, 0x00007f960c600000)
   the space 6482724K,  99% used [0x00007f8b61b50000, 0x00007f8ced435b20, 0x00007f8ced435c00, 0x00007f8ced619000)
 Metaspace       used 24298K, capacity 24725K, committed 24832K, reserved 26624K
}
Event: 2255.868 GC heap after
{Heap after GC invocations=3321 (full 4):
 def new generation   total 2917312K, used 50376K [0x00007f860c600000, 0x00007f86d2370000, 0x00007f8b61b50000)
  eden space 2593216K,   0% used [0x00007f860c600000, 0x00007f860c600000, 0x00007f86aaa70000)
  from space 324096K,  15% used [0x00007f86aaa70000, 0x00007f86adba2330, 0x00007f86be6f0000)
  to   space 324096K,   0% used [0x00007f86be6f0000, 0x00007f86be6f0000, 0x00007f86d2370000)
 tenured generation   total 6489252K, used 6489229K [0x00007f8b61b50000, 0x00007f8cedc79000, 0x00007f960c600000)
   the space 6489252K,  99% used [0x00007f8b61b50000, 0x00007f8cedc736f0, 0x00007f8cedc73800, 0x00007f8cedc79000)
 Metaspace       used 24298K, capacity 24725K, committed 24832K, reserved 26624K
}
Event: 2255.868 GC heap before
{Heap before GC invocations=3321 (full 4):
 def new generation   total 2917312K, used 50376K [0x00007f860c600000, 0x00007f86d2370000, 0x00007f8b61b50000)
  eden space 2593216K,   0% used [0x00007f860c600000, 0x00007f860c600000, 0x00007f86aaa70000)
  from space 324096K,  15% used [0x00007f86aaa70000, 0x00007f86adba2330, 0x00007f86be6f0000)
  to   space 324096K,   0% used [0x00007f86be6f0000, 0x00007f86be6f0000, 0x00007f86d2370000)
 tenured generation   total 6489252K, used 6489229K [0x00007f8b61b50000, 0x00007f8cedc79000, 0x00007f960c600000)
   the space 6489252K,  99% used [0x00007f8b61b50000, 0x00007f8cedc736f0, 0x00007f8cedc73800, 0x00007f8cedc79000)
 Metaspace       used 24298K, capacity 24725K, committed 24832K, reserved 26624K
}

Deoptimization events (20 events):
Event: 543.078 Thread 0x00007f9624018000 DEOPT PACKING pc=0x00007f960d401805 sp=0x00007f962b32a570
Event: 543.078 Thread 0x00007f9624018000 DEOPT UNPACKING pc=0x00007f960c7d333a sp=0x00007f962b329b08 mode 0
Event: 621.437 Thread 0x00007f9624018000 DEOPT PACKING pc=0x00007f960d401805 sp=0x00007f962b32a550
Event: 621.437 Thread 0x00007f9624018000 DEOPT UNPACKING pc=0x00007f960c7d333a sp=0x00007f962b329ae8 mode 0
Event: 656.407 Thread 0x00007f9624018000 Uncommon trap: trap_request=0xffffff45 fr.pc=0x00007f961433b1a4 relative=0x0000000000000da4
Event: 656.407 Thread 0x00007f9624018000 Uncommon trap: reason=unstable_if action=reinterpret pc=0x00007f961433b1a4 method=java.util.HashMap.removeNode(ILjava/lang/Object;Ljava/lang/Object;ZZ)Ljava/util/HashMap$Node; @ 71 c2
Event: 656.407 Thread 0x00007f9624018000 DEOPT PACKING pc=0x00007f961433b1a4 sp=0x00007f962b32a460
Event: 656.407 Thread 0x00007f9624018000 DEOPT UNPACKING pc=0x00007f960c7d2e25 sp=0x00007f962b32a400 mode 2
Event: 1094.944 Thread 0x00007f9624018000 Uncommon trap: trap_request=0xffffff45 fr.pc=0x00007f961432e880 relative=0x0000000000000080
Event: 1094.944 Thread 0x00007f9624018000 Uncommon trap: reason=unstable_if action=reinterpret pc=0x00007f961432e880 method=gnu.trove.impl.hash.THash.postInsertHook(Z)V @ 29 c2
Event: 1094.944 Thread 0x00007f9624018000 DEOPT PACKING pc=0x00007f961432e880 sp=0x00007f962b32a910
Event: 1094.944 Thread 0x00007f9624018000 DEOPT UNPACKING pc=0x00007f960c7d2e25 sp=0x00007f962b32a8b0 mode 2
Event: 1100.053 Thread 0x00007f9624018000 DEOPT PACKING pc=0x00007f960cfa0969 sp=0x00007f962b32aa40
Event: 1100.053 Thread 0x00007f9624018000 DEOPT UNPACKING pc=0x00007f960c7d333a sp=0x00007f962b329f48 mode 0
Event: 2020.505 Thread 0x00007f9624018000 Uncommon trap: trap_request=0xffffff45 fr.pc=0x00007f9614372af8 relative=0x0000000000000298
Event: 2020.505 Thread 0x00007f9624018000 Uncommon trap: reason=unstable_if action=reinterpret pc=0x00007f9614372af8 method=java.util.HashMap.putVal(ILjava/lang/Object;Ljava/lang/Object;ZZ)Ljava/lang/Object; @ 162 c2
Event: 2020.505 Thread 0x00007f9624018000 DEOPT PACKING pc=0x00007f9614372af8 sp=0x00007f962b32a380
Event: 2020.505 Thread 0x00007f9624018000 DEOPT UNPACKING pc=0x00007f960c7d2e25 sp=0x00007f962b32a188 mode 2
Event: 2181.836 Thread 0x00007f9624018000 DEOPT PACKING pc=0x00007f960d201fc3 sp=0x00007f962b32a400
Event: 2181.836 Thread 0x00007f9624018000 DEOPT UNPACKING pc=0x00007f960c7d333a sp=0x00007f962b3299f8 mode 0

Classes unloaded (0 events):
No events

Classes redefined (0 events):
No events

Internal exceptions (20 events):
Event: 0.967 Thread 0x00007f9624018000 Exception <a 'java/lang/NoSuchMethodError'{0x00007f860dbffd38}: 'int java.lang.invoke.DirectMethodHandle$Holder.invokeInterface(java.lang.Object, java.lang.Object)'> (0x00007f860dbffd38) 
thrown [src/hotspot/share/interpreter/linkResolver.cpp, line 766]
Event: 0.985 Thread 0x00007f9624018000 Exception <a 'java/lang/NoSuchMethodError'{0x00007f860dc42e60}: 'int java.lang.invoke.DirectMethodHandle$Holder.invokeSpecial(java.lang.Object, java.lang.Object, java.lang.Object, java.lang.Object)'> (0x00007f860dc42e60) 
thrown [src/hotspot/share/interpreter/linkResolver.cpp, line 766]
Event: 0.988 Thread 0x00007f9624018000 Exception <a 'java/lang/NoSuchMethodError'{0x00007f860dc59980}: 'java.lang.Object java.lang.invoke.DirectMethodHandle$Holder.invokeVirtual(java.lang.Object, java.lang.Object, java.lang.Object, int, int)'> (0x00007f860dc59980) 
thrown [src/hotspot/share/interpreter/linkResolver.cpp, line 766]
Event: 0.989 Thread 0x00007f9624018000 Exception <a 'java/lang/NoSuchMethodError'{0x00007f860dc61d30}: 'java.lang.Object java.lang.invoke.DirectMethodHandle$Holder.invokeVirtual(java.lang.Object, java.lang.Object, int)'> (0x00007f860dc61d30) 
thrown [src/hotspot/share/interpreter/linkResolver.cpp, line 766]
Event: 0.992 Thread 0x00007f9624018000 Exception <a 'java/lang/NoSuchMethodError'{0x00007f860dc82ac8}: 'java.lang.Object java.lang.invoke.DirectMethodHandle$Holder.invokeSpecial(java.lang.Object, java.lang.Object, java.lang.Object, int, int)'> (0x00007f860dc82ac8) 
thrown [src/hotspot/share/interpreter/linkResolver.cpp, line 766]
Event: 1.414 Thread 0x00007f9624018000 Exception <a 'java/lang/NoSuchMethodError'{0x00007f860f2428b8}: 'int java.lang.invoke.DirectMethodHandle$Holder.invokeSpecial(java.lang.Object, java.lang.Object, java.lang.Object, java.lang.Object, java.lang.Object)'> (0x00007f860f2428b8) 
thrown [src/hotspot/share/interpreter/linkResolver.cpp, line 766]
Event: 1.508 Thread 0x00007f9624018000 Exception <a 'java/lang/NoSuchMethodError'{0x00007f860f661120}: 'java.lang.Object java.lang.invoke.DirectMethodHandle$Holder.invokeStatic(java.lang.Object, java.lang.Object, int, int)'> (0x00007f860f661120) 
thrown [src/hotspot/share/interpreter/linkResolver.cpp, line 766]
Event: 1.984 Thread 0x00007f9624018000 Exception <a 'java/lang/NoSuchMethodError'{0x00007f86111bfe38}: 'void java.lang.invoke.DirectMethodHandle$Holder.invokeVirtual(java.lang.Object, java.lang.Object)'> (0x00007f86111bfe38) 
thrown [src/hotspot/share/interpreter/linkResolver.cpp, line 766]
Event: 2.170 Thread 0x00007f9624018000 Exception <a 'java/lang/NoSuchMethodError'{0x00007f8611550cb0}: 'int java.lang.invoke.DirectMethodHandle$Holder.invokeVirtual(java.lang.Object, java.lang.Object, java.lang.Object, java.lang.Object)'> (0x00007f8611550cb0) 
thrown [src/hotspot/share/interpreter/linkResolver.cpp, line 766]
Event: 2.172 Thread 0x00007f9624018000 Exception <a 'java/lang/NoSuchMethodError'{0x00007f861155edf8}: 'java.lang.Object java.lang.invoke.DirectMethodHandle$Holder.invokeStatic(java.lang.Object, java.lang.Object, int, java.lang.Object)'> (0x00007f861155edf8) 
thrown [src/hotspot/share/interpreter/linkResolver.cpp, line 766]
Event: 2.172 Thread 0x00007f9624018000 Exception <a 'java/lang/NoSuchMethodError'{0x00007f8611567710}: 'java.lang.Object java.lang.invoke.Invokers$Holder.linkToTargetMethod(java.lang.Object, int, java.lang.Object, java.lang.Object)'> (0x00007f8611567710) 
thrown [src/hotspot/share/interpreter/linkResolver.cpp, line 766]
Event: 2.490 Thread 0x00007f9624018000 Implicit null exception at 0x00007f96142bfe45 to 0x00007f96142c001c
Event: 2.490 Thread 0x00007f9624018000 Implicit null exception at 0x00007f961427ea0f to 0x00007f961427ea79
Event: 2.963 Thread 0x00007f9624018000 Exception <a 'java/lang/NoSuchMethodError'{0x00007f86123587c8}: 'java.lang.Object java.lang.invoke.Invokers$Holder.linkToTargetMethod(java.lang.Object, int, java.lang.Object)'> (0x00007f86123587c8) 
thrown [src/hotspot/share/interpreter/linkResolver.cpp, line 766]
Event: 2.976 Thread 0x00007f9624018000 Exception <a 'java/lang/NoSuchMethodError'{0x00007f8612392808}: 'java.lang.Object java.lang.invoke.Invokers$Holder.linkToTargetMethod(java.lang.Object, long, java.lang.Object)'> (0x00007f8612392808) 
thrown [src/hotspot/share/interpreter/linkResolver.cpp, line 766]
Event: 3.168 Thread 0x00007f96240a7000 Implicit null exception at 0x00007f96142a624c to 0x00007f96142a6300
Event: 3.207 Thread 0x00007f9624018000 Exception <a 'java/lang/NoSuchMethodError'{0x00007f860c711c58}: 'java.lang.Object java.lang.invoke.Invokers$Holder.invokeExact_MT(java.lang.Object, java.lang.Object, java.lang.Object, java.lang.Object, java.lang.Object, java.lang.Object)'> (0x00007f860c711c58) 
thrown [src/hotspot/share/interpreter/linkResolver.cpp, line 766]
Event: 3.265 Thread 0x00007f9624018000 Exception <a 'java/lang/NoSuchMethodError'{0x00007f860c895870}: 'int java.lang.invoke.DirectMethodHandle$Holder.invokeStatic(java.lang.Object, java.lang.Object, int)'> (0x00007f860c895870) 
thrown [src/hotspot/share/interpreter/linkResolver.cpp, line 766]
Event: 3.358 Thread 0x00007f9624018000 Exception <a 'java/lang/NoSuchMethodError'{0x00007f860cae8d38}: 'double java.lang.invoke.DirectMethodHandle$Holder.invokeStatic(java.lang.Object, java.lang.Object)'> (0x00007f860cae8d38) 
thrown [src/hotspot/share/interpreter/linkResolver.cpp, line 766]
Event: 3.426 Thread 0x00007f9624018000 Exception <a 'java/lang/NoSuchMethodError'{0x00007f860cc8fb68}: 'int java.lang.invoke.DirectMethodHandle$Holder.invokeStatic(java.lang.Object, java.lang.Object, java.lang.Object, int)'> (0x00007f860cc8fb68) 
thrown [src/hotspot/share/interpreter/linkResolver.cpp, line 766]

Events (20 events):
Event: 2241.056 Executing VM operation: GenCollectForAllocation done
Event: 2242.456 Executing VM operation: GenCollectForAllocation
Event: 2242.553 Executing VM operation: GenCollectForAllocation done
Event: 2243.947 Executing VM operation: GenCollectForAllocation
Event: 2244.041 Executing VM operation: GenCollectForAllocation done
Event: 2245.457 Executing VM operation: GenCollectForAllocation
Event: 2245.561 Executing VM operation: GenCollectForAllocation done
Event: 2246.986 Executing VM operation: GenCollectForAllocation
Event: 2247.063 Executing VM operation: GenCollectForAllocation done
Event: 2248.442 Executing VM operation: GenCollectForAllocation
Event: 2248.538 Executing VM operation: GenCollectForAllocation done
Event: 2249.957 Executing VM operation: GenCollectForAllocation
Event: 2250.033 Executing VM operation: GenCollectForAllocation done
Event: 2251.438 Executing VM operation: GenCollectForAllocation
Event: 2251.515 Executing VM operation: GenCollectForAllocation done
Event: 2252.875 Executing VM operation: GenCollectForAllocation
Event: 2252.944 Executing VM operation: GenCollectForAllocation done
Event: 2254.335 Executing VM operation: GenCollectForAllocation
Event: 2254.401 Executing VM operation: GenCollectForAllocation done
Event: 2255.796 Executing VM operation: GenCollectForAllocation


Dynamic libraries:
55e847092000-55e847093000 r--p 00000000 07:17 4860                       /usr/lib/jvm/java-13-openjdk-amd64/bin/java
55e847093000-55e847094000 r-xp 00001000 07:17 4860                       /usr/lib/jvm/java-13-openjdk-amd64/bin/java
55e847094000-55e847095000 r--p 00002000 07:17 4860                       /usr/lib/jvm/java-13-openjdk-amd64/bin/java
55e847095000-55e847096000 r--p 00002000 07:17 4860                       /usr/lib/jvm/java-13-openjdk-amd64/bin/java
55e847096000-55e847097000 rw-p 00003000 07:17 4860                       /usr/lib/jvm/java-13-openjdk-amd64/bin/java
55e8487de000-55e8487ff000 rw-p 00000000 00:00 0                          [heap]
7f85d0000000-7f85d0021000 rw-p 00000000 00:00 0 
7f85d0021000-7f85d4000000 ---p 00000000 00:00 0 
7f85d8000000-7f85d8021000 rw-p 00000000 00:00 0 
7f85d8021000-7f85dc000000 ---p 00000000 00:00 0 
7f85dc000000-7f85dc021000 rw-p 00000000 00:00 0 
7f85dc021000-7f85e0000000 ---p 00000000 00:00 0 
7f85e0000000-7f85e249d000 rw-p 00000000 00:00 0 
7f85e249d000-7f85e4000000 ---p 00000000 00:00 0 
7f85e4000000-7f85e496d000 rw-p 00000000 00:00 0 
7f85e496d000-7f85e8000000 ---p 00000000 00:00 0 
7f85e8000000-7f85e8021000 rw-p 00000000 00:00 0 
7f85e8021000-7f85ec000000 ---p 00000000 00:00 0 
7f85ec000000-7f85ec021000 rw-p 00000000 00:00 0 
7f85ec021000-7f85f0000000 ---p 00000000 00:00 0 
7f85f0000000-7f85f0021000 rw-p 00000000 00:00 0 
7f85f0021000-7f85f4000000 ---p 00000000 00:00 0 
7f85f4000000-7f85f4021000 rw-p 00000000 00:00 0 
7f85f4021000-7f85f8000000 ---p 00000000 00:00 0 
7f85f8000000-7f85f8066000 rw-p 00000000 00:00 0 
7f85f8066000-7f85fc000000 ---p 00000000 00:00 0 
7f85ff0a9000-7f85ffd0a000 rw-p 00000000 00:00 0 
7f85ffd0a000-7f86045ff000 ---p 00000000 00:00 0 
7f86045ff000-7f8604c2e000 rw-p 00000000 00:00 0 
7f8604c2e000-7f86070a9000 ---p 00000000 00:00 0 
7f86070a9000-7f8607d0b000 rw-p 00000000 00:00 0 
7f8607d0b000-7f860c5ff000 ---p 00000000 00:00 0 
7f860c5ff000-7f86d2370000 rw-p 00000000 00:00 0 
7f86d2370000-7f8b61b50000 ---p 00000000 00:00 0 
7f8b61b50000-7f8cedc79000 rw-p 00000000 00:00 0 
7f8df5d3f000-7f960c600000 ---p 00000000 00:00 0 
7f960c78a000-7f960c9fa000 rwxp 00000000 00:00 0 
7f960c9fa000-7f960cd19000 ---p 00000000 00:00 0 
7f960cd19000-7f960d439000 rwxp 00000000 00:00 0 
7f960d439000-7f9614251000 ---p 00000000 00:00 0 
7f9614251000-7f96144f1000 rwxp 00000000 00:00 0 
7f96144f1000-7f961b78a000 ---p 00000000 00:00 0 
7f961b78a000-7f9624000000 r--s 00000000 07:17 5215                       /usr/lib/jvm/java-13-openjdk-amd64/lib/modules
7f9624000000-7f96246a4000 rw-p 00000000 00:00 0 
7f96246a4000-7f9628000000 ---p 00000000 00:00 0 
7f9628876000-7f96288b6000 rw-p 00000000 00:00 0 
7f96288b6000-7f9628a76000 ---p 00000000 00:00 0 
7f9628a76000-7f9628c76000 rw-p 00000000 00:00 0 
7f9628c76000-7f9628e76000 rw-p 00000000 00:00 0 
7f9628e76000-7f9629076000 rw-p 00000000 00:00 0 
7f9629076000-7f9629276000 rw-p 00000000 00:00 0 
7f9629276000-7f9629616000 rw-p 00000000 00:00 0 
7f9629616000-7f9629816000 rw-p 00000000 00:00 0 
7f9629816000-7f9629a16000 rw-p 00000000 00:00 0 
7f9629a16000-7f9629c16000 rw-p 00000000 00:00 0 
7f9629c16000-7f9629c47000 rw-p 00000000 00:00 0 
7f9629c47000-7f9629c4b000 r--p 00000000 07:17 5204                       /usr/lib/jvm/java-13-openjdk-amd64/lib/libnet.so
7f9629c4b000-7f9629c59000 r-xp 00004000 07:17 5204                       /usr/lib/jvm/java-13-openjdk-amd64/lib/libnet.so
7f9629c59000-7f9629c5d000 r--p 00012000 07:17 5204                       /usr/lib/jvm/java-13-openjdk-amd64/lib/libnet.so
7f9629c5d000-7f9629c5e000 r--p 00015000 07:17 5204                       /usr/lib/jvm/java-13-openjdk-amd64/lib/libnet.so
7f9629c5e000-7f9629c5f000 rw-p 00016000 07:17 5204                       /usr/lib/jvm/java-13-openjdk-amd64/lib/libnet.so
7f9629c5f000-7f9629c66000 r--p 00000000 07:17 5205                       /usr/lib/jvm/java-13-openjdk-amd64/lib/libnio.so
7f9629c66000-7f9629c6f000 r-xp 00007000 07:17 5205                       /usr/lib/jvm/java-13-openjdk-amd64/lib/libnio.so
7f9629c6f000-7f9629c73000 r--p 00010000 07:17 5205                       /usr/lib/jvm/java-13-openjdk-amd64/lib/libnio.so
7f9629c73000-7f9629c74000 r--p 00013000 07:17 5205                       /usr/lib/jvm/java-13-openjdk-amd64/lib/libnio.so
7f9629c74000-7f9629c75000 rw-p 00014000 07:17 5205                       /usr/lib/jvm/java-13-openjdk-amd64/lib/libnio.so
7f9629c75000-7f9629c76000 ---p 00000000 00:00 0 
7f9629c76000-7f9629d77000 rw-p 00000000 00:00 0 
7f9629d77000-7f9629d7b000 ---p 00000000 00:00 0 
7f9629d7b000-7f9629e78000 rw-p 00000000 00:00 0 
7f9629e78000-7f9629e7c000 ---p 00000000 00:00 0 
7f9629e7c000-7f9629f79000 rw-p 00000000 00:00 0 
7f9629f79000-7f9629f7d000 ---p 00000000 00:00 0 
7f9629f7d000-7f962a07a000 rw-p 00000000 00:00 0 
7f962a07a000-7f962a07e000 ---p 00000000 00:00 0 
7f962a07e000-7f962a17b000 rw-p 00000000 00:00 0 
7f962a17b000-7f962a17f000 ---p 00000000 00:00 0 
7f962a17f000-7f962a27c000 rw-p 00000000 00:00 0 
7f962a27c000-7f962a280000 ---p 00000000 00:00 0 
7f962a280000-7f962a37d000 rw-p 00000000 00:00 0 
7f962a37d000-7f962a384000 r--s 00000000 07:17 8532                       /usr/lib/x86_64-linux-gnu/gconv/gconv-modules.cache
7f962a384000-7f962a3b6000 r--p 00000000 07:17 5276                       /usr/lib/locale/C.UTF-8/LC_CTYPE
7f962a3b6000-7f962a3ba000 ---p 00000000 00:00 0 
7f962a3ba000-7f962a4b7000 rw-p 00000000 00:00 0 
7f962a4b7000-7f962a4bb000 ---p 00000000 00:00 0 
7f962a4bb000-7f962a5b8000 rw-p 00000000 00:00 0 
7f962a5b8000-7f962a5b9000 ---p 00000000 00:00 0 
7f962a5b9000-7f962afd7000 rw-p 00000000 00:00 0 
7f962afd7000-7f962afdd000 rw-p 00000000 00:00 0 
7f962afdd000-7f962b0c2000 ---p 00000000 00:00 0 
7f962b0c2000-7f962b0d1000 rw-p 00000000 00:00 0 
7f962b0d1000-7f962b1ad000 ---p 00000000 00:00 0 
7f962b1ad000-7f962b1b2000 rw-p 00000000 00:00 0 
7f962b1b2000-7f962b1b9000 ---p 00000000 00:00 0 
7f962b1b9000-7f962b1bb000 r--p 00000000 07:17 5214                       /usr/lib/jvm/java-13-openjdk-amd64/lib/libzip.so
7f962b1bb000-7f962b1bf000 r-xp 00002000 07:17 5214                       /usr/lib/jvm/java-13-openjdk-amd64/lib/libzip.so
7f962b1bf000-7f962b1c1000 r--p 00006000 07:17 5214                       /usr/lib/jvm/java-13-openjdk-amd64/lib/libzip.so
7f962b1c1000-7f962b1c2000 r--p 00007000 07:17 5214                       /usr/lib/jvm/java-13-openjdk-amd64/lib/libzip.so
7f962b1c2000-7f962b1c3000 rw-p 00008000 07:17 5214                       /usr/lib/jvm/java-13-openjdk-amd64/lib/libzip.so
7f962b1c3000-7f962b1cb000 rw-s 00000000 08:03 67233421                   /tmp/hsperfdata_rcabanas/11006
7f962b1cb000-7f962b1ce000 r--p 00000000 07:17 9108                       /usr/lib/x86_64-linux-gnu/libnss_files-2.31.so
7f962b1ce000-7f962b1d5000 r-xp 00003000 07:17 9108                       /usr/lib/x86_64-linux-gnu/libnss_files-2.31.so
7f962b1d5000-7f962b1d7000 r--p 0000a000 07:17 9108                       /usr/lib/x86_64-linux-gnu/libnss_files-2.31.so
7f962b1d7000-7f962b1d8000 r--p 0000b000 07:17 9108                       /usr/lib/x86_64-linux-gnu/libnss_files-2.31.so
7f962b1d8000-7f962b1d9000 rw-p 0000c000 07:17 9108                       /usr/lib/x86_64-linux-gnu/libnss_files-2.31.so
7f962b1d9000-7f962b1df000 rw-p 00000000 00:00 0 
7f962b1e5000-7f962b1e7000 r--p 00000000 07:17 5195                       /usr/lib/jvm/java-13-openjdk-amd64/lib/libjimage.so
7f962b1e7000-7f962b1ea000 r-xp 00002000 07:17 5195                       /usr/lib/jvm/java-13-openjdk-amd64/lib/libjimage.so
7f962b1ea000-7f962b1eb000 r--p 00005000 07:17 5195                       /usr/lib/jvm/java-13-openjdk-amd64/lib/libjimage.so
7f962b1eb000-7f962b1ec000 ---p 00006000 07:17 5195                       /usr/lib/jvm/java-13-openjdk-amd64/lib/libjimage.so
7f962b1ec000-7f962b1ed000 r--p 00006000 07:17 5195                       /usr/lib/jvm/java-13-openjdk-amd64/lib/libjimage.so
7f962b1ed000-7f962b1ee000 rw-p 00007000 07:17 5195                       /usr/lib/jvm/java-13-openjdk-amd64/lib/libjimage.so
7f962b1ee000-7f962b1fb000 r--p 00000000 07:17 5191                       /usr/lib/jvm/java-13-openjdk-amd64/lib/libjava.so
7f962b1fb000-7f962b210000 r-xp 0000d000 07:17 5191                       /usr/lib/jvm/java-13-openjdk-amd64/lib/libjava.so
7f962b210000-7f962b216000 r--p 00022000 07:17 5191                       /usr/lib/jvm/java-13-openjdk-amd64/lib/libjava.so
7f962b216000-7f962b217000 ---p 00028000 07:17 5191                       /usr/lib/jvm/java-13-openjdk-amd64/lib/libjava.so
7f962b217000-7f962b218000 r--p 00028000 07:17 5191                       /usr/lib/jvm/java-13-openjdk-amd64/lib/libjava.so
7f962b218000-7f962b21a000 rw-p 00029000 07:17 5191                       /usr/lib/jvm/java-13-openjdk-amd64/lib/libjava.so
7f962b21a000-7f962b21f000 r--p 00000000 07:17 5213                       /usr/lib/jvm/java-13-openjdk-amd64/lib/libverify.so
7f962b21f000-7f962b226000 r-xp 00005000 07:17 5213                       /usr/lib/jvm/java-13-openjdk-amd64/lib/libverify.so
7f962b226000-7f962b228000 r--p 0000c000 07:17 5213                       /usr/lib/jvm/java-13-openjdk-amd64/lib/libverify.so
7f962b228000-7f962b229000 ---p 0000e000 07:17 5213                       /usr/lib/jvm/java-13-openjdk-amd64/lib/libverify.so
7f962b229000-7f962b22b000 r--p 0000e000 07:17 5213                       /usr/lib/jvm/java-13-openjdk-amd64/lib/libverify.so
7f962b22b000-7f962b22c000 rw-p 00010000 07:17 5213                       /usr/lib/jvm/java-13-openjdk-amd64/lib/libverify.so
7f962b22c000-7f962b230000 ---p 00000000 00:00 0 
7f962b230000-7f962b32d000 rw-p 00000000 00:00 0 
7f962b32d000-7f962b330000 r--p 00000000 07:17 8948                       /usr/lib/x86_64-linux-gnu/libgcc_s.so.1
7f962b330000-7f962b342000 r-xp 00003000 07:17 8948                       /usr/lib/x86_64-linux-gnu/libgcc_s.so.1
7f962b342000-7f962b346000 r--p 00015000 07:17 8948                       /usr/lib/x86_64-linux-gnu/libgcc_s.so.1
7f962b346000-7f962b347000 r--p 00018000 07:17 8948                       /usr/lib/x86_64-linux-gnu/libgcc_s.so.1
7f962b347000-7f962b348000 rw-p 00019000 07:17 8948                       /usr/lib/x86_64-linux-gnu/libgcc_s.so.1
7f962b348000-7f962b355000 r--p 00000000 07:17 9062                       /usr/lib/x86_64-linux-gnu/libm-2.31.so
7f962b355000-7f962b3fc000 r-xp 0000d000 07:17 9062                       /usr/lib/x86_64-linux-gnu/libm-2.31.so
7f962b3fc000-7f962b495000 r--p 000b4000 07:17 9062                       /usr/lib/x86_64-linux-gnu/libm-2.31.so
7f962b495000-7f962b496000 r--p 0014c000 07:17 9062                       /usr/lib/x86_64-linux-gnu/libm-2.31.so
7f962b496000-7f962b497000 rw-p 0014d000 07:17 9062                       /usr/lib/x86_64-linux-gnu/libm-2.31.so
7f962b497000-7f962b52d000 r--p 00000000 07:17 9213                       /usr/lib/x86_64-linux-gnu/libstdc++.so.6.0.28
7f962b52d000-7f962b61e000 r-xp 00096000 07:17 9213                       /usr/lib/x86_64-linux-gnu/libstdc++.so.6.0.28
7f962b61e000-7f962b667000 r--p 00187000 07:17 9213                       /usr/lib/x86_64-linux-gnu/libstdc++.so.6.0.28
7f962b667000-7f962b668000 ---p 001d0000 07:17 9213                       /usr/lib/x86_64-linux-gnu/libstdc++.so.6.0.28
7f962b668000-7f962b673000 r--p 001d0000 07:17 9213                       /usr/lib/x86_64-linux-gnu/libstdc++.so.6.0.28
7f962b673000-7f962b676000 rw-p 001db000 07:17 9213                       /usr/lib/x86_64-linux-gnu/libstdc++.so.6.0.28
7f962b676000-7f962b679000 rw-p 00000000 00:00 0 
7f962b679000-7f962b8ff000 r--p 00000000 07:17 5226                       /usr/lib/jvm/java-13-openjdk-amd64/lib/server/libjvm.so
7f962b8ff000-7f962c67c000 r-xp 00286000 07:17 5226                       /usr/lib/jvm/java-13-openjdk-amd64/lib/server/libjvm.so
7f962c67c000-7f962c8f7000 r--p 01003000 07:17 5226                       /usr/lib/jvm/java-13-openjdk-amd64/lib/server/libjvm.so
7f962c8f7000-7f962c9bc000 r--p 0127d000 07:17 5226                       /usr/lib/jvm/java-13-openjdk-amd64/lib/server/libjvm.so
7f962c9bc000-7f962c9f7000 rw-p 01342000 07:17 5226                       /usr/lib/jvm/java-13-openjdk-amd64/lib/server/libjvm.so
7f962c9f7000-7f962ca7d000 rw-p 00000000 00:00 0 
7f962ca7d000-7f962ca83000 r--p 00000000 07:17 9166                       /usr/lib/x86_64-linux-gnu/libpthread-2.31.so
7f962ca83000-7f962ca94000 r-xp 00006000 07:17 9166                       /usr/lib/x86_64-linux-gnu/libpthread-2.31.so
7f962ca94000-7f962ca9a000 r--p 00017000 07:17 9166                       /usr/lib/x86_64-linux-gnu/libpthread-2.31.so
7f962ca9a000-7f962ca9b000 r--p 0001c000 07:17 9166                       /usr/lib/x86_64-linux-gnu/libpthread-2.31.so
7f962ca9b000-7f962ca9c000 rw-p 0001d000 07:17 9166                       /usr/lib/x86_64-linux-gnu/libpthread-2.31.so
7f962ca9c000-7f962caa0000 rw-p 00000000 00:00 0 
7f962caa0000-7f962caa1000 r--p 00000000 07:17 8893                       /usr/lib/x86_64-linux-gnu/libdl-2.31.so
7f962caa1000-7f962caa3000 r-xp 00001000 07:17 8893                       /usr/lib/x86_64-linux-gnu/libdl-2.31.so
7f962caa3000-7f962caa4000 r--p 00003000 07:17 8893                       /usr/lib/x86_64-linux-gnu/libdl-2.31.so
7f962caa4000-7f962caa5000 r--p 00003000 07:17 8893                       /usr/lib/x86_64-linux-gnu/libdl-2.31.so
7f962caa5000-7f962caa6000 rw-p 00004000 07:17 8893                       /usr/lib/x86_64-linux-gnu/libdl-2.31.so
7f962caa6000-7f962caa8000 r--p 00000000 07:17 9290                       /usr/lib/x86_64-linux-gnu/libz.so.1.2.11
7f962caa8000-7f962cab9000 r-xp 00002000 07:17 9290                       /usr/lib/x86_64-linux-gnu/libz.so.1.2.11
7f962cab9000-7f962cabf000 r--p 00013000 07:17 9290                       /usr/lib/x86_64-linux-gnu/libz.so.1.2.11
7f962cabf000-7f962cac0000 ---p 00019000 07:17 9290                       /usr/lib/x86_64-linux-gnu/libz.so.1.2.11
7f962cac0000-7f962cac1000 r--p 00019000 07:17 9290                       /usr/lib/x86_64-linux-gnu/libz.so.1.2.11
7f962cac1000-7f962cac2000 rw-p 0001a000 07:17 9290                       /usr/lib/x86_64-linux-gnu/libz.so.1.2.11
7f962cac2000-7f962cae4000 r--p 00000000 07:17 8851                       /usr/lib/x86_64-linux-gnu/libc-2.31.so
7f962cae4000-7f962cc5c000 r-xp 00022000 07:17 8851                       /usr/lib/x86_64-linux-gnu/libc-2.31.so
7f962cc5c000-7f962ccaa000 r--p 0019a000 07:17 8851                       /usr/lib/x86_64-linux-gnu/libc-2.31.so
7f962ccaa000-7f962ccae000 r--p 001e7000 07:17 8851                       /usr/lib/x86_64-linux-gnu/libc-2.31.so
7f962ccae000-7f962ccb0000 rw-p 001eb000 07:17 8851                       /usr/lib/x86_64-linux-gnu/libc-2.31.so
7f962ccb0000-7f962ccb4000 rw-p 00000000 00:00 0 
7f962ccb6000-7f962ccb8000 r--s 0000c000 07:17 20930                      /usr/share/java/java-atk-wrapper.jar
7f962ccb8000-7f962ccb9000 ---p 00000000 00:00 0 
7f962ccb9000-7f962ccba000 r--p 00000000 00:00 0 
7f962ccba000-7f962ccbd000 r--p 00000000 07:17 5196                       /usr/lib/jvm/java-13-openjdk-amd64/lib/libjli.so
7f962ccbd000-7f962ccc7000 r-xp 00003000 07:17 5196                       /usr/lib/jvm/java-13-openjdk-amd64/lib/libjli.so
7f962ccc7000-7f962ccca000 r--p 0000d000 07:17 5196                       /usr/lib/jvm/java-13-openjdk-amd64/lib/libjli.so
7f962ccca000-7f962cccb000 r--p 0000f000 07:17 5196                       /usr/lib/jvm/java-13-openjdk-amd64/lib/libjli.so
7f962cccb000-7f962cccc000 rw-p 00010000 07:17 5196                       /usr/lib/jvm/java-13-openjdk-amd64/lib/libjli.so
7f962cccc000-7f962ccce000 rw-p 00000000 00:00 0 
7f962ccce000-7f962cccf000 r--p 00000000 07:17 8572                       /usr/lib/x86_64-linux-gnu/ld-2.31.so
7f962cccf000-7f962ccf2000 r-xp 00001000 07:17 8572                       /usr/lib/x86_64-linux-gnu/ld-2.31.so
7f962ccf2000-7f962ccfa000 r--p 00024000 07:17 8572                       /usr/lib/x86_64-linux-gnu/ld-2.31.so
7f962ccfa000-7f962ccfb000 ---p 00000000 00:00 0 
7f962ccfb000-7f962ccfc000 r--p 0002c000 07:17 8572                       /usr/lib/x86_64-linux-gnu/ld-2.31.so
7f962ccfc000-7f962ccfd000 rw-p 0002d000 07:17 8572                       /usr/lib/x86_64-linux-gnu/ld-2.31.so
7f962ccfd000-7f962ccfe000 rw-p 00000000 00:00 0 
7ffd0ae05000-7ffd0ae26000 rw-p 00000000 00:00 0                          [stack]
7ffd0af40000-7ffd0af42000 r-xp 00000000 00:00 0                          [vdso]
ffffffffff600000-ffffffffff601000 r-xp 00000000 00:00 0                  [vsyscall]


VM Arguments:
jvm_args: -Xmx64g --add-modules=ALL-DEFAULT 
java_command: jdk.compiler/com.sun.tools.javac.launcher.Main /mnt/beegfs/rcabanas/dev/credici/papers/journalEM/code/LearnAndCalculatePNS.java -w -x 1000 -m 500 -sc LLratio -th 0.999999 -a EMCC --seed 0 --output /mnt/beegfs/rcabanas/dev/credici/papers/journalEM/output/synthetic/s12 /mnt/beegfs/rcabanas/dev/credici/papers/journalEM/models/synthetic/s12/random_mc2_n7_mid3_d1000_05_mr098_r10_62.uai
java_class_path (initial): /mnt/beegfs/rcabanas/dev/credici/target/credici-0.1.3-jar-with-dependencies.jar
Launcher Type: SUN_STANDARD

[Global flags]
     intx CICompilerCount                          = 2                                         {product} {ergonomic}
   size_t InitialHeapSize                          = 2147483648                                {product} {ergonomic}
   size_t MaxHeapSize                              = 68719476736                               {product} {command line}
   size_t MaxNewSize                               = 22906470400                               {product} {ergonomic}
   size_t MinHeapDeltaBytes                        = 196608                                    {product} {ergonomic}
   size_t MinHeapSize                              = 8388608                                   {product} {ergonomic}
   size_t NewSize                                  = 715784192                                 {product} {ergonomic}
    uintx NonNMethodCodeHeapSize                   = 5826188                                {pd product} {ergonomic}
    uintx NonProfiledCodeHeapSize                  = 122916026                              {pd product} {ergonomic}
   size_t OldSize                                  = 1431699456                                {product} {ergonomic}
    uintx ProfiledCodeHeapSize                     = 122916026                              {pd product} {ergonomic}
    uintx ReservedCodeCacheSize                    = 251658240                              {pd product} {ergonomic}
     bool SegmentedCodeCache                       = true                                      {product} {ergonomic}
   size_t SoftMaxHeapSize                          = 68719476736                            {manageable} {ergonomic}
     bool UseSerialGC                              = true                                      {product} {ergonomic}

Logging:
Log output configuration:
 #0: stdout all=warning uptime,level,tags
 #1: stderr all=off uptime,level,tags

Environment Variables:
PATH=/usr/local/sbin:/usr/local/bin:/usr/sbin:/usr/bin:/sbin:/bin
LD_LIBRARY_PATH=/.singularity.d/libs

Signal Handlers:
SIGSEGV: [libjvm.so+0xf8fcf0], sa_mask[0]=11111111011111111101111111111110, sa_flags=SA_RESTART|SA_SIGINFO
SIGBUS: [libjvm.so+0xf8fcf0], sa_mask[0]=11111111011111111101111111111110, sa_flags=SA_RESTART|SA_SIGINFO
SIGFPE: [libjvm.so+0xf8fcf0], sa_mask[0]=11111111011111111101111111111110, sa_flags=SA_RESTART|SA_SIGINFO
SIGPIPE: [libjvm.so+0xc3ffa0], sa_mask[0]=11111111011111111101111111111110, sa_flags=SA_RESTART|SA_SIGINFO
SIGXFSZ: [libjvm.so+0xc3ffa0], sa_mask[0]=11111111011111111101111111111110, sa_flags=SA_RESTART|SA_SIGINFO
SIGILL: [libjvm.so+0xf8fcf0], sa_mask[0]=11111111011111111101111111111110, sa_flags=SA_RESTART|SA_SIGINFO
SIGUSR2: [libjvm.so+0xc3fe40], sa_mask[0]=00000000000000000000000000000000, sa_flags=SA_RESTART|SA_SIGINFO
SIGHUP: [libjvm.so+0xc40580], sa_mask[0]=11111111011111111101111111111110, sa_flags=SA_RESTART|SA_SIGINFO
SIGINT: [libjvm.so+0xc40580], sa_mask[0]=11111111011111111101111111111110, sa_flags=SA_RESTART|SA_SIGINFO
SIGTERM: [libjvm.so+0xc40580], sa_mask[0]=11111111011111111101111111111110, sa_flags=SA_RESTART|SA_SIGINFO
SIGQUIT: [libjvm.so+0xc40580], sa_mask[0]=11111111011111111101111111111110, sa_flags=SA_RESTART|SA_SIGINFO


---------------  S Y S T E M  ---------------

OS:DISTRIB_ID=Ubuntu
DISTRIB_RELEASE=20.04
DISTRIB_CODENAME=focal
DISTRIB_DESCRIPTION="Ubuntu 20.04.4 LTS"
uname:Linux 3.10.0-1160.15.2.el7.x86_64 #1 SMP Wed Feb 3 15:06:38 UTC 2021 x86_64
OS uptime: 514 days 13:44 hours
libc:glibc 2.31 NPTL 2.31 
rlimit (soft/hard): STACK 8192k/infinity , CORE 0k/infinity , NPROC 4096/1030217 , NOFILE 131072/131072 , AS infinity/infinity , CPU infinity/infinity , DATA infinity/infinity , FSIZE infinity/infinity , MEMLOCK infinity/infinity
load average:50.67 51.08 50.95

/proc/meminfo:
MemTotal:       263895364 kB
MemFree:          659932 kB
MemAvailable:    1022064 kB
Buffers:          312724 kB
Cached:           746976 kB
SwapCached:        83536 kB
Active:         245276368 kB
Inactive:        8528072 kB
Active(anon):   244881432 kB
Inactive(anon):  7893648 kB
Active(file):     394936 kB
Inactive(file):   634424 kB
Unevictable:       21564 kB
Mlocked:           21564 kB
SwapTotal:       4194300 kB
SwapFree:         338408 kB
Dirty:               804 kB
Writeback:             0 kB
AnonPages:      252688368 kB
Mapped:           273960 kB
Shmem:             24220 kB
Slab:             795760 kB
SReclaimable:     202544 kB
SUnreclaim:       593216 kB
KernelStack:       41824 kB
PageTables:       564844 kB
NFS_Unstable:          0 kB
Bounce:                0 kB
WritebackTmp:          0 kB
CommitLimit:    136141980 kB
Committed_AS:   343562712 kB
VmallocTotal:   34359738367 kB
VmallocUsed:      862512 kB
VmallocChunk:   34222409240 kB
Percpu:            22016 kB
HardwareCorrupted:     0 kB
AnonHugePages:  99774464 kB
CmaTotal:              0 kB
CmaFree:               0 kB
HugePages_Total:       0
HugePages_Free:        0
HugePages_Rsvd:        0
HugePages_Surp:        0
Hugepagesize:       2048 kB
DirectMap4k:      505448 kB
DirectMap2M:    20328448 kB
DirectMap1G:    247463936 kB

/sys/kernel/mm/transparent_hugepage/enabled:
[always] madvise never

/sys/kernel/mm/transparent_hugepage/defrag (defrag/compaction efforts parameter):
[always] madvise never


/proc/sys/kernel/threads-max (system-wide limit on the number of threads):
2060435


/proc/sys/vm/max_map_count (maximum number of memory map areas a process may have):
65530


/proc/sys/kernel/pid_max (system-wide limit on number of process identifiers):
65536



Steal ticks since vm start: 0
Steal ticks percentage since vm start:  0.000

CPU:total 64 (initial active 1) (32 cores per cpu, 1 threads per core) family 23 model 49 stepping 0, cmov, cx8, fxsr, mmx, sse, sse2, sse3, ssse3, sse4.1, sse4.2, popcnt, avx, avx2, aes, clmul, mmxext, 3dnowpref, lzcnt, sse4a, tsc, tscinvbit, tscinv, bmi1, bmi2, adx, sha, fma
CPU Model and flags from /proc/cpuinfo:
model name	: AMD EPYC 7542 32-Core Processor
flags		: fpu vme de pse tsc msr pae mce cx8 apic sep mtrr pge mca cmov pat pse36 clflush mmx fxsr sse sse2 ht syscall nx mmxext fxsr_opt pdpe1gb rdtscp lm constant_tsc art rep_good nopl nonstop_tsc extd_apicid aperfmperf eagerfpu pni pclmulqdq monitor ssse3 fma cx16 sse4_1 sse4_2 movbe popcnt aes xsave avx f16c rdrand lahf_lm cmp_legacy svm extapic cr8_legacy abm sse4a misalignsse 3dnowprefetch osvw ibs skinit wdt tce topoext perfctr_core perfctr_nb bpext perfctr_l2 cpb cat_l3 cdp_l3 hw_pstate sme retpoline_amd ssbd ibrs ibpb stibp vmmcall fsgsbase bmi1 avx2 smep bmi2 cqm rdt_a rdseed adx smap clflushopt clwb sha_ni xsaveopt xsavec xgetbv1 cqm_llc cqm_occup_llc cqm_mbm_total cqm_mbm_local clzero irperf xsaveerptr arat npt lbrv svm_lock nrip_save tsc_scale vmcb_clean flushbyasid decodeassists pausefilter pfthreshold avic v_vmsave_vmload vgif umip overflow_recov succor smca
Online cpus:0-63
Offline cpus:
BIOS frequency limitation:2900000
Frequency switch latency (ns):0
Available cpu frequencies:2900000 2400000 1500000 
Current governor:conservative
Core performance/turbo boost:1

Memory: 4k page, physical 263895364k(663184k free), swap 4194300k(338408k free)

vm_info: OpenJDK 64-Bit Server VM (13.0.7+5-Ubuntu-0ubuntu120.04) for linux-amd64 JRE (13.0.7+5-Ubuntu-0ubuntu120.04), built on Apr 21 2021 05:36:19 by "unknown" with gcc 9.3.0

END.
