#
# There is insufficient memory for the Java Runtime Environment to continue.
# Native memory allocation (mmap) failed to map 1431699456 bytes for committing reserved memory.
# Possible reasons:
#   The system is out of physical RAM or swap space
# Possible solutions:
#   Reduce memory load on the system
#   Increase physical memory or swap space
#   Check if swap backing store is full
#   Decrease Java heap size (-Xmx/-Xms)
#   Decrease number of Java threads
#   Decrease Java thread stack sizes (-Xss)
#   Set larger code cache with -XX:ReservedCodeCacheSize=
# This output file may be truncated or incomplete.
#
#  Out of Memory Error (os_linux.cpp:2899), pid=29353, tid=29354
#
# JRE version:  (13.0.7+5) (build )
# Java VM: OpenJDK 64-Bit Server VM (13.0.7+5-Ubuntu-0ubuntu120.04, mixed mode, tiered, serial gc, linux-amd64)
# No core dump will be written. Core dumps have been disabled. To enable core dumping, try "ulimit -c unlimited" before starting Java again
#

---------------  S U M M A R Y ------------

Command Line: -Xmx64g --add-modules=ALL-DEFAULT jdk.compiler/com.sun.tools.javac.launcher.Main /mnt/beegfs/rcabanas/dev/credici/papers/journalEM/code/LearnAndCalculatePNS.java -w -x 1000 -m 500 -sc LLratio -th 0.9999 -a EMCC --seed 0 --output /mnt/beegfs/rcabanas/dev/credici/papers/journalEM/output/synthetic/s12 /mnt/beegfs/rcabanas/dev/credici/papers/journalEM/models/synthetic/s12/random_mc2_n6_mid3_d1000_05_mr098_r10_68.uai

Host: AMD EPYC 7542 32-Core Processor, 64 cores, 251G, Ubuntu 20.04.4 LTS
Time: Tue Nov 22 01:31:58 2022 CET elapsed time: 0.004986 seconds (0d 0h 0m 0s)

---------------  T H R E A D  ---------------

Current thread (0x00007f99b4018000):  JavaThread "Unknown thread" [_thread_in_vm, id=29354, stack(0x00007f99bbbeb000,0x00007f99bbcec000)]

Stack: [0x00007f99bbbeb000,0x00007f99bbcec000],  sp=0x00007f99bbcea420,  free space=1021k
Native frames: (J=compiled Java code, A=aot compiled Java code, j=interpreted, Vv=VM code, C=native code)
V  [libjvm.so+0xf8f092]
V  [libjvm.so+0xf8fc91]
V  [libjvm.so+0x66ee5a]
V  [libjvm.so+0xc44a41]
V  [libjvm.so+0xc3b263]
V  [libjvm.so+0xf87f4b]
V  [libjvm.so+0x7f3c35]
V  [libjvm.so+0x557345]
V  [libjvm.so+0xf18488]
V  [libjvm.so+0x7f44e1]
V  [libjvm.so+0x7e0862]
V  [libjvm.so+0xf4d15c]
V  [libjvm.so+0xf4d240]
V  [libjvm.so+0x85273c]
V  [libjvm.so+0xf25add]
V  [libjvm.so+0x908da5]  JNI_CreateJavaVM+0x55
C  [libjli.so+0x4d6f]
C  [libjli.so+0x9d3d]


---------------  P R O C E S S  ---------------

Threads class SMR info:
_java_thread_list=0x00007f99bd42db40, length=0, elements={
}

Java Threads: ( => current thread )

Other Threads:

=>0x00007f99b4018000 (exited) JavaThread "Unknown thread" [_thread_in_vm, id=29354, stack(0x00007f99bbbeb000,0x00007f99bbcec000)]

Threads with active compile tasks:

VM state:not at safepoint (not fully initialized)

VM Mutex/Monitor currently owned by a thread: None

GC Heap History (0 events):
No events

Deoptimization events (0 events):
No events

Classes unloaded (0 events):
No events

Classes redefined (0 events):
No events

Internal exceptions (0 events):
No events

Events (2 events):
Event: 0.001 Protecting memory [0x00007f99bbbeb000,0x00007f99bbbef000] with protection modes 0
Event: 0.001 Loaded shared library /usr/lib/jvm/java-13-openjdk-amd64/lib/libzip.so


Dynamic libraries:
55eced637000-55eced638000 r--p 00000000 07:0c 4860                       /usr/lib/jvm/java-13-openjdk-amd64/bin/java
55eced638000-55eced639000 r-xp 00001000 07:0c 4860                       /usr/lib/jvm/java-13-openjdk-amd64/bin/java
55eced639000-55eced63a000 r--p 00002000 07:0c 4860                       /usr/lib/jvm/java-13-openjdk-amd64/bin/java
55eced63a000-55eced63b000 r--p 00002000 07:0c 4860                       /usr/lib/jvm/java-13-openjdk-amd64/bin/java
55eced63b000-55eced63c000 rw-p 00003000 07:0c 4860                       /usr/lib/jvm/java-13-openjdk-amd64/bin/java
55ecee0a2000-55ecee0c3000 rw-p 00000000 00:00 0                          [heap]
7f89945ff000-7f8994755000 rw-p 00000000 00:00 0 
7f8994755000-7f899c5ff000 ---p 00000000 00:00 0 
7f899c5ff000-7f89c70a0000 rw-p 00000000 00:00 0 
7f89c70a0000-7f8ef1b50000 ---p 00000000 00:00 0 
7f8f470b0000-7f999c600000 ---p 00000000 00:00 0 
7f999c78a000-7f999c9fa000 rwxp 00000000 00:00 0 
7f999c9fa000-7f999cd19000 ---p 00000000 00:00 0 
7f999cd19000-7f999cf89000 rwxp 00000000 00:00 0 
7f999cf89000-7f99a4251000 ---p 00000000 00:00 0 
7f99a4251000-7f99a44c1000 rwxp 00000000 00:00 0 
7f99a44c1000-7f99ab78a000 ---p 00000000 00:00 0 
7f99ab78a000-7f99b4000000 r--s 00000000 07:0c 5215                       /usr/lib/jvm/java-13-openjdk-amd64/lib/modules
7f99b4000000-7f99b4035000 rw-p 00000000 00:00 0 
7f99b4035000-7f99b8000000 ---p 00000000 00:00 0 
7f99bb996000-7f99bb99b000 rw-p 00000000 00:00 0 
7f99bb99b000-7f99bba81000 ---p 00000000 00:00 0 
7f99bba81000-7f99bba86000 rw-p 00000000 00:00 0 
7f99bba86000-7f99bbb6c000 ---p 00000000 00:00 0 
7f99bbb6c000-7f99bbb71000 rw-p 00000000 00:00 0 
7f99bbb71000-7f99bbb78000 ---p 00000000 00:00 0 
7f99bbb78000-7f99bbb7a000 r--p 00000000 07:0c 5214                       /usr/lib/jvm/java-13-openjdk-amd64/lib/libzip.so
7f99bbb7a000-7f99bbb7e000 r-xp 00002000 07:0c 5214                       /usr/lib/jvm/java-13-openjdk-amd64/lib/libzip.so
7f99bbb7e000-7f99bbb80000 r--p 00006000 07:0c 5214                       /usr/lib/jvm/java-13-openjdk-amd64/lib/libzip.so
7f99bbb80000-7f99bbb81000 r--p 00007000 07:0c 5214                       /usr/lib/jvm/java-13-openjdk-amd64/lib/libzip.so
7f99bbb81000-7f99bbb82000 rw-p 00008000 07:0c 5214                       /usr/lib/jvm/java-13-openjdk-amd64/lib/libzip.so
7f99bbb82000-7f99bbb8a000 rw-s 00000000 08:03 67233388                   /tmp/hsperfdata_rcabanas/29353
7f99bbb8a000-7f99bbb8d000 r--p 00000000 07:0c 9108                       /usr/lib/x86_64-linux-gnu/libnss_files-2.31.so
7f99bbb8d000-7f99bbb94000 r-xp 00003000 07:0c 9108                       /usr/lib/x86_64-linux-gnu/libnss_files-2.31.so
7f99bbb94000-7f99bbb96000 r--p 0000a000 07:0c 9108                       /usr/lib/x86_64-linux-gnu/libnss_files-2.31.so
7f99bbb96000-7f99bbb97000 r--p 0000b000 07:0c 9108                       /usr/lib/x86_64-linux-gnu/libnss_files-2.31.so
7f99bbb97000-7f99bbb98000 rw-p 0000c000 07:0c 9108                       /usr/lib/x86_64-linux-gnu/libnss_files-2.31.so
7f99bbb98000-7f99bbb9e000 rw-p 00000000 00:00 0 
7f99bbba4000-7f99bbba6000 r--p 00000000 07:0c 5195                       /usr/lib/jvm/java-13-openjdk-amd64/lib/libjimage.so
7f99bbba6000-7f99bbba9000 r-xp 00002000 07:0c 5195                       /usr/lib/jvm/java-13-openjdk-amd64/lib/libjimage.so
7f99bbba9000-7f99bbbaa000 r--p 00005000 07:0c 5195                       /usr/lib/jvm/java-13-openjdk-amd64/lib/libjimage.so
7f99bbbaa000-7f99bbbab000 ---p 00006000 07:0c 5195                       /usr/lib/jvm/java-13-openjdk-amd64/lib/libjimage.so
7f99bbbab000-7f99bbbac000 r--p 00006000 07:0c 5195                       /usr/lib/jvm/java-13-openjdk-amd64/lib/libjimage.so
7f99bbbac000-7f99bbbad000 rw-p 00007000 07:0c 5195                       /usr/lib/jvm/java-13-openjdk-amd64/lib/libjimage.so
7f99bbbad000-7f99bbbba000 r--p 00000000 07:0c 5191                       /usr/lib/jvm/java-13-openjdk-amd64/lib/libjava.so
7f99bbbba000-7f99bbbcf000 r-xp 0000d000 07:0c 5191                       /usr/lib/jvm/java-13-openjdk-amd64/lib/libjava.so
7f99bbbcf000-7f99bbbd5000 r--p 00022000 07:0c 5191                       /usr/lib/jvm/java-13-openjdk-amd64/lib/libjava.so
7f99bbbd5000-7f99bbbd6000 ---p 00028000 07:0c 5191                       /usr/lib/jvm/java-13-openjdk-amd64/lib/libjava.so
7f99bbbd6000-7f99bbbd7000 r--p 00028000 07:0c 5191                       /usr/lib/jvm/java-13-openjdk-amd64/lib/libjava.so
7f99bbbd7000-7f99bbbd9000 rw-p 00029000 07:0c 5191                       /usr/lib/jvm/java-13-openjdk-amd64/lib/libjava.so
7f99bbbd9000-7f99bbbde000 r--p 00000000 07:0c 5213                       /usr/lib/jvm/java-13-openjdk-amd64/lib/libverify.so
7f99bbbde000-7f99bbbe5000 r-xp 00005000 07:0c 5213                       /usr/lib/jvm/java-13-openjdk-amd64/lib/libverify.so
7f99bbbe5000-7f99bbbe7000 r--p 0000c000 07:0c 5213                       /usr/lib/jvm/java-13-openjdk-amd64/lib/libverify.so
7f99bbbe7000-7f99bbbe8000 ---p 0000e000 07:0c 5213                       /usr/lib/jvm/java-13-openjdk-amd64/lib/libverify.so
7f99bbbe8000-7f99bbbea000 r--p 0000e000 07:0c 5213                       /usr/lib/jvm/java-13-openjdk-amd64/lib/libverify.so
7f99bbbea000-7f99bbbeb000 rw-p 00010000 07:0c 5213                       /usr/lib/jvm/java-13-openjdk-amd64/lib/libverify.so
7f99bbbeb000-7f99bbbef000 ---p 00000000 00:00 0 
7f99bbbef000-7f99bbcec000 rw-p 00000000 00:00 0 
7f99bbcec000-7f99bbcef000 r--p 00000000 07:0c 8948                       /usr/lib/x86_64-linux-gnu/libgcc_s.so.1
7f99bbcef000-7f99bbd01000 r-xp 00003000 07:0c 8948                       /usr/lib/x86_64-linux-gnu/libgcc_s.so.1
7f99bbd01000-7f99bbd05000 r--p 00015000 07:0c 8948                       /usr/lib/x86_64-linux-gnu/libgcc_s.so.1
7f99bbd05000-7f99bbd06000 r--p 00018000 07:0c 8948                       /usr/lib/x86_64-linux-gnu/libgcc_s.so.1
7f99bbd06000-7f99bbd07000 rw-p 00019000 07:0c 8948                       /usr/lib/x86_64-linux-gnu/libgcc_s.so.1
7f99bbd07000-7f99bbd14000 r--p 00000000 07:0c 9062                       /usr/lib/x86_64-linux-gnu/libm-2.31.so
7f99bbd14000-7f99bbdbb000 r-xp 0000d000 07:0c 9062                       /usr/lib/x86_64-linux-gnu/libm-2.31.so
7f99bbdbb000-7f99bbe54000 r--p 000b4000 07:0c 9062                       /usr/lib/x86_64-linux-gnu/libm-2.31.so
7f99bbe54000-7f99bbe55000 r--p 0014c000 07:0c 9062                       /usr/lib/x86_64-linux-gnu/libm-2.31.so
7f99bbe55000-7f99bbe56000 rw-p 0014d000 07:0c 9062                       /usr/lib/x86_64-linux-gnu/libm-2.31.so
7f99bbe56000-7f99bbeec000 r--p 00000000 07:0c 9213                       /usr/lib/x86_64-linux-gnu/libstdc++.so.6.0.28
7f99bbeec000-7f99bbfdd000 r-xp 00096000 07:0c 9213                       /usr/lib/x86_64-linux-gnu/libstdc++.so.6.0.28
7f99bbfdd000-7f99bc026000 r--p 00187000 07:0c 9213                       /usr/lib/x86_64-linux-gnu/libstdc++.so.6.0.28
7f99bc026000-7f99bc027000 ---p 001d0000 07:0c 9213                       /usr/lib/x86_64-linux-gnu/libstdc++.so.6.0.28
7f99bc027000-7f99bc032000 r--p 001d0000 07:0c 9213                       /usr/lib/x86_64-linux-gnu/libstdc++.so.6.0.28
7f99bc032000-7f99bc035000 rw-p 001db000 07:0c 9213                       /usr/lib/x86_64-linux-gnu/libstdc++.so.6.0.28
7f99bc035000-7f99bc038000 rw-p 00000000 00:00 0 
7f99bc038000-7f99bc2be000 r--p 00000000 07:0c 5226                       /usr/lib/jvm/java-13-openjdk-amd64/lib/server/libjvm.so
7f99bc2be000-7f99bd03b000 r-xp 00286000 07:0c 5226                       /usr/lib/jvm/java-13-openjdk-amd64/lib/server/libjvm.so
7f99bd03b000-7f99bd2b6000 r--p 01003000 07:0c 5226                       /usr/lib/jvm/java-13-openjdk-amd64/lib/server/libjvm.so
7f99bd2b6000-7f99bd37b000 r--p 0127d000 07:0c 5226                       /usr/lib/jvm/java-13-openjdk-amd64/lib/server/libjvm.so
7f99bd37b000-7f99bd3b6000 rw-p 01342000 07:0c 5226                       /usr/lib/jvm/java-13-openjdk-amd64/lib/server/libjvm.so
7f99bd3b6000-7f99bd43c000 rw-p 00000000 00:00 0 
7f99bd43c000-7f99bd442000 r--p 00000000 07:0c 9166                       /usr/lib/x86_64-linux-gnu/libpthread-2.31.so
7f99bd442000-7f99bd453000 r-xp 00006000 07:0c 9166                       /usr/lib/x86_64-linux-gnu/libpthread-2.31.so
7f99bd453000-7f99bd459000 r--p 00017000 07:0c 9166                       /usr/lib/x86_64-linux-gnu/libpthread-2.31.so
7f99bd459000-7f99bd45a000 r--p 0001c000 07:0c 9166                       /usr/lib/x86_64-linux-gnu/libpthread-2.31.so
7f99bd45a000-7f99bd45b000 rw-p 0001d000 07:0c 9166                       /usr/lib/x86_64-linux-gnu/libpthread-2.31.so
7f99bd45b000-7f99bd45f000 rw-p 00000000 00:00 0 
7f99bd45f000-7f99bd460000 r--p 00000000 07:0c 8893                       /usr/lib/x86_64-linux-gnu/libdl-2.31.so
7f99bd460000-7f99bd462000 r-xp 00001000 07:0c 8893                       /usr/lib/x86_64-linux-gnu/libdl-2.31.so
7f99bd462000-7f99bd463000 r--p 00003000 07:0c 8893                       /usr/lib/x86_64-linux-gnu/libdl-2.31.so
7f99bd463000-7f99bd464000 r--p 00003000 07:0c 8893                       /usr/lib/x86_64-linux-gnu/libdl-2.31.so
7f99bd464000-7f99bd465000 rw-p 00004000 07:0c 8893                       /usr/lib/x86_64-linux-gnu/libdl-2.31.so
7f99bd465000-7f99bd467000 r--p 00000000 07:0c 9290                       /usr/lib/x86_64-linux-gnu/libz.so.1.2.11
7f99bd467000-7f99bd478000 r-xp 00002000 07:0c 9290                       /usr/lib/x86_64-linux-gnu/libz.so.1.2.11
7f99bd478000-7f99bd47e000 r--p 00013000 07:0c 9290                       /usr/lib/x86_64-linux-gnu/libz.so.1.2.11
7f99bd47e000-7f99bd47f000 ---p 00019000 07:0c 9290                       /usr/lib/x86_64-linux-gnu/libz.so.1.2.11
7f99bd47f000-7f99bd480000 r--p 00019000 07:0c 9290                       /usr/lib/x86_64-linux-gnu/libz.so.1.2.11
7f99bd480000-7f99bd481000 rw-p 0001a000 07:0c 9290                       /usr/lib/x86_64-linux-gnu/libz.so.1.2.11
7f99bd481000-7f99bd4a3000 r--p 00000000 07:0c 8851                       /usr/lib/x86_64-linux-gnu/libc-2.31.so
7f99bd4a3000-7f99bd61b000 r-xp 00022000 07:0c 8851                       /usr/lib/x86_64-linux-gnu/libc-2.31.so
7f99bd61b000-7f99bd669000 r--p 0019a000 07:0c 8851                       /usr/lib/x86_64-linux-gnu/libc-2.31.so
7f99bd669000-7f99bd66d000 r--p 001e7000 07:0c 8851                       /usr/lib/x86_64-linux-gnu/libc-2.31.so
7f99bd66d000-7f99bd66f000 rw-p 001eb000 07:0c 8851                       /usr/lib/x86_64-linux-gnu/libc-2.31.so
7f99bd66f000-7f99bd673000 rw-p 00000000 00:00 0 
7f99bd675000-7f99bd677000 r--s 0000c000 07:0c 20930                      /usr/share/java/java-atk-wrapper.jar
7f99bd677000-7f99bd678000 ---p 00000000 00:00 0 
7f99bd678000-7f99bd679000 r--p 00000000 00:00 0 
7f99bd679000-7f99bd67c000 r--p 00000000 07:0c 5196                       /usr/lib/jvm/java-13-openjdk-amd64/lib/libjli.so
7f99bd67c000-7f99bd686000 r-xp 00003000 07:0c 5196                       /usr/lib/jvm/java-13-openjdk-amd64/lib/libjli.so
7f99bd686000-7f99bd689000 r--p 0000d000 07:0c 5196                       /usr/lib/jvm/java-13-openjdk-amd64/lib/libjli.so
7f99bd689000-7f99bd68a000 r--p 0000f000 07:0c 5196                       /usr/lib/jvm/java-13-openjdk-amd64/lib/libjli.so
7f99bd68a000-7f99bd68b000 rw-p 00010000 07:0c 5196                       /usr/lib/jvm/java-13-openjdk-amd64/lib/libjli.so
7f99bd68b000-7f99bd68d000 rw-p 00000000 00:00 0 
7f99bd68d000-7f99bd68e000 r--p 00000000 07:0c 8572                       /usr/lib/x86_64-linux-gnu/ld-2.31.so
7f99bd68e000-7f99bd6b1000 r-xp 00001000 07:0c 8572                       /usr/lib/x86_64-linux-gnu/ld-2.31.so
7f99bd6b1000-7f99bd6b9000 r--p 00024000 07:0c 8572                       /usr/lib/x86_64-linux-gnu/ld-2.31.so
7f99bd6b9000-7f99bd6ba000 ---p 00000000 00:00 0 
7f99bd6ba000-7f99bd6bb000 r--p 0002c000 07:0c 8572                       /usr/lib/x86_64-linux-gnu/ld-2.31.so
7f99bd6bb000-7f99bd6bc000 rw-p 0002d000 07:0c 8572                       /usr/lib/x86_64-linux-gnu/ld-2.31.so
7f99bd6bc000-7f99bd6bd000 rw-p 00000000 00:00 0 
7fffd1be0000-7fffd1c01000 rw-p 00000000 00:00 0                          [stack]
7fffd1db8000-7fffd1dba000 r-xp 00000000 00:00 0                          [vdso]
ffffffffff600000-ffffffffff601000 r-xp 00000000 00:00 0                  [vsyscall]


VM Arguments:
jvm_args: -Xmx64g --add-modules=ALL-DEFAULT 
java_command: jdk.compiler/com.sun.tools.javac.launcher.Main /mnt/beegfs/rcabanas/dev/credici/papers/journalEM/code/LearnAndCalculatePNS.java -w -x 1000 -m 500 -sc LLratio -th 0.9999 -a EMCC --seed 0 --output /mnt/beegfs/rcabanas/dev/credici/papers/journalEM/output/synthetic/s12 /mnt/beegfs/rcabanas/dev/credici/papers/journalEM/models/synthetic/s12/random_mc2_n6_mid3_d1000_05_mr098_r10_68.uai
java_class_path (initial): /mnt/beegfs/rcabanas/dev/credici/target/credici-0.1.3-jar-with-dependencies.jar
Launcher Type: SUN_STANDARD

[Global flags]
     intx CICompilerCount                          = 2                                         {product} {ergonomic}
   size_t InitialHeapSize                          = 2147483648                                {product} {ergonomic}
   size_t MaxHeapSize                              = 68719476736                               {product} {command line}
   size_t MaxNewSize                               = 22906470400                               {product} {ergonomic}
   size_t MinHeapDeltaBytes                        = 196608                                    {product} {ergonomic}
   size_t MinHeapSize                              = 8388608                                   {product} {ergonomic}
   size_t NewSize                                  = 715784192                                 {product} {ergonomic}
    uintx NonNMethodCodeHeapSize                   = 5826188                                {pd product} {ergonomic}
    uintx NonProfiledCodeHeapSize                  = 122916026                              {pd product} {ergonomic}
   size_t OldSize                                  = 1431699456                                {product} {ergonomic}
    uintx ProfiledCodeHeapSize                     = 122916026                              {pd product} {ergonomic}
    uintx ReservedCodeCacheSize                    = 251658240                              {pd product} {ergonomic}
     bool SegmentedCodeCache                       = true                                      {product} {ergonomic}
   size_t SoftMaxHeapSize                          = 68719476736                            {manageable} {ergonomic}
     bool UseSerialGC                              = true                                      {product} {ergonomic}

Logging:
Log output configuration:
 #0: stdout all=warning uptime,level,tags
 #1: stderr all=off uptime,level,tags

Environment Variables:
PATH=/usr/local/sbin:/usr/local/bin:/usr/sbin:/usr/bin:/sbin:/bin
LD_LIBRARY_PATH=/.singularity.d/libs

Signal Handlers:
SIGSEGV: [libjvm.so+0xf8fcf0], sa_mask[0]=11111111011111111101111111111110, sa_flags=SA_RESTART|SA_SIGINFO
SIGBUS: [libjvm.so+0xf8fcf0], sa_mask[0]=11111111011111111101111111111110, sa_flags=SA_RESTART|SA_SIGINFO
SIGFPE: [libjvm.so+0xf8fcf0], sa_mask[0]=11111111011111111101111111111110, sa_flags=SA_RESTART|SA_SIGINFO
SIGPIPE: [libjvm.so+0xc3ffa0], sa_mask[0]=11111111011111111101111111111110, sa_flags=SA_RESTART|SA_SIGINFO
SIGXFSZ: [libjvm.so+0xc3ffa0], sa_mask[0]=11111111011111111101111111111110, sa_flags=SA_RESTART|SA_SIGINFO
SIGILL: [libjvm.so+0xf8fcf0], sa_mask[0]=11111111011111111101111111111110, sa_flags=SA_RESTART|SA_SIGINFO
SIGUSR2: [libjvm.so+0xc3fe40], sa_mask[0]=00000000000000000000000000000000, sa_flags=SA_RESTART|SA_SIGINFO
SIGHUP: SIG_DFL, sa_mask[0]=00000000000000000000000000000000, sa_flags=none
SIGINT: SIG_DFL, sa_mask[0]=00000000000000000000000000000000, sa_flags=none
SIGTERM: SIG_DFL, sa_mask[0]=00000000000000000000000000000000, sa_flags=none
SIGQUIT: SIG_DFL, sa_mask[0]=00000000000000000000000000000000, sa_flags=none


---------------  S Y S T E M  ---------------

OS:DISTRIB_ID=Ubuntu
DISTRIB_RELEASE=20.04
DISTRIB_CODENAME=focal
DISTRIB_DESCRIPTION="Ubuntu 20.04.4 LTS"
uname:Linux 3.10.0-1160.15.2.el7.x86_64 #1 SMP Wed Feb 3 15:06:38 UTC 2021 x86_64
OS uptime: 514 days 8:10 hours
libc:glibc 2.31 NPTL 2.31 
rlimit (soft/hard): STACK 8192k/infinity , CORE 0k/infinity , NPROC 4096/1030217 , NOFILE 131072/131072 , AS infinity/infinity , CPU infinity/infinity , DATA infinity/infinity , FSIZE infinity/infinity , MEMLOCK infinity/infinity
load average:50.89 51.24 51.19

/proc/meminfo:
MemTotal:       263895364 kB
MemFree:         1133304 kB
MemAvailable:     833884 kB
Buffers:           76336 kB
Cached:           326524 kB
SwapCached:        22684 kB
Active:         245469264 kB
Inactive:        7874436 kB
Active(anon):   245298268 kB
Inactive(anon):  7660876 kB
Active(file):     170996 kB
Inactive(file):   213560 kB
Unevictable:       14200 kB
Mlocked:           14200 kB
SwapTotal:       4194300 kB
SwapFree:          15696 kB
Dirty:               796 kB
Writeback:             0 kB
AnonPages:      252904308 kB
Mapped:           191280 kB
Shmem:             15420 kB
Slab:             766556 kB
SReclaimable:     173004 kB
SUnreclaim:       593552 kB
KernelStack:       43344 kB
PageTables:       576528 kB
NFS_Unstable:          0 kB
Bounce:                0 kB
WritebackTmp:          0 kB
CommitLimit:    136141980 kB
Committed_AS:   338666936 kB
VmallocTotal:   34359738367 kB
VmallocUsed:      862512 kB
VmallocChunk:   34222409240 kB
Percpu:            22016 kB
HardwareCorrupted:     0 kB
AnonHugePages:  122466304 kB
CmaTotal:              0 kB
CmaFree:               0 kB
HugePages_Total:       0
HugePages_Free:        0
HugePages_Rsvd:        0
HugePages_Surp:        0
Hugepagesize:       2048 kB
DirectMap4k:      505448 kB
DirectMap2M:    20328448 kB
DirectMap1G:    247463936 kB

/sys/kernel/mm/transparent_hugepage/enabled:
[always] madvise never

/sys/kernel/mm/transparent_hugepage/defrag (defrag/compaction efforts parameter):
[always] madvise never


/proc/sys/kernel/threads-max (system-wide limit on the number of threads):
2060435


/proc/sys/vm/max_map_count (maximum number of memory map areas a process may have):
65530


/proc/sys/kernel/pid_max (system-wide limit on number of process identifiers):
65536



Steal ticks since vm start: 0
Steal ticks percentage since vm start:  0.000

CPU:total 64 (initial active 1) (32 cores per cpu, 1 threads per core) family 23 model 49 stepping 0, cmov, cx8, fxsr, mmx, sse, sse2, sse3, ssse3, sse4.1, sse4.2, popcnt, avx, avx2, aes, clmul, mmxext, 3dnowpref, lzcnt, sse4a, tsc, tscinvbit, tscinv, bmi1, bmi2, adx, sha, fma
CPU Model and flags from /proc/cpuinfo:
model name	: AMD EPYC 7542 32-Core Processor
flags		: fpu vme de pse tsc msr pae mce cx8 apic sep mtrr pge mca cmov pat pse36 clflush mmx fxsr sse sse2 ht syscall nx mmxext fxsr_opt pdpe1gb rdtscp lm constant_tsc art rep_good nopl nonstop_tsc extd_apicid aperfmperf eagerfpu pni pclmulqdq monitor ssse3 fma cx16 sse4_1 sse4_2 movbe popcnt aes xsave avx f16c rdrand lahf_lm cmp_legacy svm extapic cr8_legacy abm sse4a misalignsse 3dnowprefetch osvw ibs skinit wdt tce topoext perfctr_core perfctr_nb bpext perfctr_l2 cpb cat_l3 cdp_l3 hw_pstate sme retpoline_amd ssbd ibrs ibpb stibp vmmcall fsgsbase bmi1 avx2 smep bmi2 cqm rdt_a rdseed adx smap clflushopt clwb sha_ni xsaveopt xsavec xgetbv1 cqm_llc cqm_occup_llc cqm_mbm_total cqm_mbm_local clzero irperf xsaveerptr arat npt lbrv svm_lock nrip_save tsc_scale vmcb_clean flushbyasid decodeassists pausefilter pfthreshold avic v_vmsave_vmload vgif umip overflow_recov succor smca
Online cpus:0-63
Offline cpus:
BIOS frequency limitation:2900000
Frequency switch latency (ns):0
Available cpu frequencies:2900000 2400000 1500000 
Current governor:conservative
Core performance/turbo boost:1

Memory: 4k page, physical 263895364k(1133304k free), swap 4194300k(15696k free)

vm_info: OpenJDK 64-Bit Server VM (13.0.7+5-Ubuntu-0ubuntu120.04) for linux-amd64 JRE (13.0.7+5-Ubuntu-0ubuntu120.04), built on Apr 21 2021 05:36:19 by "unknown" with gcc 9.3.0

END.
