#
# There is insufficient memory for the Java Runtime Environment to continue.
# Native memory allocation (mmap) failed to map 2654298112 bytes for committing reserved memory.
# Possible reasons:
#   The system is out of physical RAM or swap space
# Possible solutions:
#   Reduce memory load on the system
#   Increase physical memory or swap space
#   Check if swap backing store is full
#   Decrease Java heap size (-Xmx/-Xms)
#   Decrease number of Java threads
#   Decrease Java thread stack sizes (-Xss)
#   Set larger code cache with -XX:ReservedCodeCacheSize=
# This output file may be truncated or incomplete.
#
#  Out of Memory Error (os_linux.cpp:2899), pid=56713, tid=56715
#
# JRE version: OpenJDK Runtime Environment (13.0.7+5) (build 13.0.7+5-Ubuntu-0ubuntu120.04)
# Java VM: OpenJDK 64-Bit Server VM (13.0.7+5-Ubuntu-0ubuntu120.04, mixed mode, tiered, serial gc, linux-amd64)
# No core dump will be written. Core dumps have been disabled. To enable core dumping, try "ulimit -c unlimited" before starting Java again
#

---------------  S U M M A R Y ------------

Command Line: -Xmx64g --add-modules=ALL-DEFAULT jdk.compiler/com.sun.tools.javac.launcher.Main /mnt/beegfs/rcabanas/dev/credici/papers/journalEM/code/LearnAndCalculatePNS.java -w -x 1000 -m 500 -sc KL -th 0.0 -a EMCC --seed 0 --output /mnt/beegfs/rcabanas/dev/credici/papers/journalEM/output/synthetic/s12 /mnt/beegfs/rcabanas/dev/credici/papers/journalEM/models/synthetic/s12/random_mc2_n6_mid3_d1000_05_mr098_r10_65.uai

Host: AMD EPYC 7542 32-Core Processor, 64 cores, 251G, Ubuntu 20.04.4 LTS
Time: Mon Nov 21 22:12:51 2022 CET elapsed time: 2574.819779 seconds (0d 0h 42m 54s)

---------------  T H R E A D  ---------------

Current thread (0x00007f6d10097800):  VMThread "VM Thread" [stack: 0x00007f6cf868a000,0x00007f6cf878a000] [id=56715]

Stack: [0x00007f6cf868a000,0x00007f6cf878a000],  sp=0x00007f6cf8788160,  free space=1016k
Native frames: (J=compiled Java code, A=aot compiled Java code, j=interpreted, Vv=VM code, C=native code)
V  [libjvm.so+0xf8f092]
V  [libjvm.so+0xf8fc91]
V  [libjvm.so+0x66ee5a]
V  [libjvm.so+0xc44a41]
V  [libjvm.so+0xc3b263]
V  [libjvm.so+0xf87f4b]
V  [libjvm.so+0x557506]
V  [libjvm.so+0x557723]
V  [libjvm.so+0xf18b0c]
V  [libjvm.so+0x557e65]
V  [libjvm.so+0x7e2edb]
V  [libjvm.so+0x7e39bd]
V  [libjvm.so+0x7d8b48]
V  [libjvm.so+0xf90940]
V  [libjvm.so+0xf96657]
V  [libjvm.so+0xf96d2b]
V  [libjvm.so+0xf9706a]
V  [libjvm.so+0xf2208f]
V  [libjvm.so+0xc493ff]

VM_Operation (0x00007f6d144e0310): GenCollectForAllocation, mode: safepoint, requested by thread 0x00007f6d10018000


---------------  P R O C E S S  ---------------

Threads class SMR info:
_java_thread_list=0x00007f6d10135c60, length=9, elements={
0x00007f6d10018000, 0x00007f6d100a3800, 0x00007f6d100a7000, 0x00007f6d100cb800,
0x00007f6d100cd000, 0x00007f6d100cf000, 0x00007f6d100d1000, 0x00007f6d100d3000,
0x00007f6d10134800
}

Java Threads: ( => current thread )
  0x00007f6d10018000 JavaThread "main" [_thread_blocked, id=56714, stack(0x00007f6d143e2000,0x00007f6d144e3000)]
  0x00007f6d100a3800 JavaThread "Reference Handler" daemon [_thread_blocked, id=56716, stack(0x00007f5cea7a8000,0x00007f5cea8a9000)]
  0x00007f6d100a7000 JavaThread "Finalizer" daemon [_thread_blocked, id=56717, stack(0x00007f5cea6a7000,0x00007f5cea7a8000)]
  0x00007f6d100cb800 JavaThread "Signal Dispatcher" daemon [_thread_blocked, id=56718, stack(0x00007f5cea5a6000,0x00007f5cea6a7000)]
  0x00007f6d100cd000 JavaThread "Service Thread" daemon [_thread_blocked, id=56719, stack(0x00007f5cea4a5000,0x00007f5cea5a6000)]
  0x00007f6d100cf000 JavaThread "C2 CompilerThread0" daemon [_thread_blocked, id=56720, stack(0x00007f5cea3a4000,0x00007f5cea4a5000)]
  0x00007f6d100d1000 JavaThread "C1 CompilerThread0" daemon [_thread_blocked, id=56721, stack(0x00007f5cea2a3000,0x00007f5cea3a4000)]
  0x00007f6d100d3000 JavaThread "Sweeper thread" daemon [_thread_blocked, id=56722, stack(0x00007f5cea1a2000,0x00007f5cea2a3000)]
  0x00007f6d10134800 JavaThread "Common-Cleaner" daemon [_thread_blocked, id=56723, stack(0x00007f5cea0a1000,0x00007f5cea1a2000)]

Other Threads:
=>0x00007f6d10097800 VMThread "VM Thread" [stack: 0x00007f6cf868a000,0x00007f6cf878a000] [id=56715]
  0x00007f6d10181800 WatcherThread [stack: 0x00007f5ce9fa1000,0x00007f5cea0a1000] [id=56724]

Threads with active compile tasks:

VM state:at safepoint (normal execution)

VM Mutex/Monitor currently owned by a thread:  ([mutex/lock_event])
[0x00007f6d100141e0] Threads_lock - owner thread: 0x00007f6d10097800
[0x00007f6d10014de0] Heap_lock - owner thread: 0x00007f6d10018000

Heap:
 def new generation   total 1748928K, used 19934K [0x00007f5cf8600000, 0x00007f5d6efb0000, 0x00007f624db50000)
  eden space 1554624K,   1% used [0x00007f5cf8600000, 0x00007f5cf9977bf0, 0x00007f5d57430000)
  from space 194304K,   0% used [0x00007f5d57430000, 0x00007f5d57430000, 0x00007f5d631f0000)
  to   space 194304K,   0% used [0x00007f5d631f0000, 0x00007f5d631f0000, 0x00007f5d6efb0000)
 tenured generation   total 3888128K, used 3888127K [0x00007f624db50000, 0x00007f633b050000, 0x00007f6cf8600000)
   the space 3888128K,  99% used [0x00007f624db50000, 0x00007f633b04ffe8, 0x00007f633b050000, 0x00007f633b050000)
 Metaspace       used 24132K, capacity 24591K, committed 24832K, reserved 26624K

Card table byte_map: [0x00007f5cf05ff000,0x00007f5cf8600000] _byte_map_base: 0x00007f1d41e3c000

Polling page: 0x00007f6d15e6e000

Metaspace:

Usage:
   24.01 MB capacity,    23.57 MB ( 98%) used,   366.91 KB (  1%) free+waste,    91.12 KB ( <1%) overhead. 

Virtual space:
     26.00 MB reserved,      24.25 MB ( 93%) committed 

Chunk freelists:
105.00 KB

MaxMetaspaceSize: unlimited


CodeHeap 'non-profiled nmethods': size=120036Kb used=2345Kb max_used=2463Kb free=117690Kb
 bounds [0x00007f6d00251000, 0x00007f6d004c1000, 0x00007f6d0778a000]
CodeHeap 'profiled nmethods': size=120032Kb used=4775Kb max_used=7043Kb free=115256Kb
 bounds [0x00007f6cf8d19000, 0x00007f6cf9409000, 0x00007f6d00251000]
CodeHeap 'non-nmethods': size=5692Kb used=1209Kb max_used=1275Kb free=4483Kb
 bounds [0x00007f6cf878a000, 0x00007f6cf89fa000, 0x00007f6cf8d19000]
 total_blobs=3545 nmethods=3064 adapters=396
 compilation: enabled
              stopped_count=0, restarted_count=0
 full_count=0

Compilation events (20 events):
Event: 1678.603 Thread 0x00007f6d100d1000 4084       3       org.jgrapht.graph.SimpleGraph::<init> (32 bytes)
Event: 1678.604 Thread 0x00007f6d100d1000 nmethod 4084 0x00007f6cf9152e10 code [0x00007f6cf9153000, 0x00007f6cf9153540]
Event: 1683.408 Thread 0x00007f6d100d1000 4085       3       ch.idsia.crema.factor.bayesian.BayesianFactor::randomModel (104 bytes)
Event: 1683.447 Thread 0x00007f6d100d1000 nmethod 4085 0x00007f6cf9337c10 code [0x00007f6cf9337ea0, 0x00007f6cf9338c70]
Event: 1683.447 Thread 0x00007f6d100d1000 4088       3       ch.idsia.credici.learning.FrequentistCausalEM::setTrainableVars (80 bytes)
Event: 1683.474 Thread 0x00007f6d100d1000 nmethod 4088 0x00007f6cf8d1ea90 code [0x00007f6cf8d1eca0, 0x00007f6cf8d1f2c0]
Event: 1683.474 Thread 0x00007f6d100d1000 4086       3       ch.idsia.credici.learning.FrequentistCausalEM::<init> (116 bytes)
Event: 1683.484 Thread 0x00007f6d100d1000 nmethod 4086 0x00007f6cf92c3710 code [0x00007f6cf92c3ae0, 0x00007f6cf92c5900]
Event: 1759.024 Thread 0x00007f6d100cf000 4089       4       gnu.trove.impl.hash.TIntHash::insertKey (78 bytes)
Event: 1759.040 Thread 0x00007f6d100d1000 4090       3       gnu.trove.impl.hash.TIntHash::insertKeyRehash (147 bytes)
Event: 1759.051 Thread 0x00007f6d100d1000 nmethod 4090 0x00007f6cf8d68510 code [0x00007f6cf8d68720, 0x00007f6cf8d68fe0]
Event: 1759.072 Thread 0x00007f6d100cf000 nmethod 4089 0x00007f6d00278910 code [0x00007f6d00278aa0, 0x00007f6d00278c48]
Event: 1831.329 Thread 0x00007f6d100cf000 4091       4       ch.idsia.credici.model.tools.CausalInfo::isExogenous (40 bytes)
Event: 1831.344 Thread 0x00007f6d100cf000 nmethod 4091 0x00007f6d002dfe10 code [0x00007f6d002dffc0, 0x00007f6d002e02d8]
Event: 2309.966 Thread 0x00007f6d100d1000 4092       3       ch.idsia.crema.learning.ExpectationMaximization::<init> (40 bytes)
Event: 2309.977 Thread 0x00007f6d100d1000 nmethod 4092 0x00007f6cf8d41c10 code [0x00007f6cf8d41da0, 0x00007f6cf8d41f30]
Event: 2379.042 Thread 0x00007f6d100cf000 4093       4       org.jgrapht.graph.specifics.UndirectedSpecifics::edgesOf (9 bytes)
Event: 2379.105 Thread 0x00007f6d100cf000 nmethod 4093 0x00007f6d00499210 code [0x00007f6d004993c0, 0x00007f6d00499998]
Event: 2387.773 Thread 0x00007f6d100cf000 4094       4       gnu.trove.impl.hash.TIntHash::index (74 bytes)
Event: 2387.777 Thread 0x00007f6d100cf000 nmethod 4094 0x00007f6d002a6d10 code [0x00007f6d002a6ea0, 0x00007f6d002a7118]

GC Heap History (20 events):
Event: 2552.311 GC heap after
{Heap after GC invocations=4106 (full 3):
 def new generation   total 1748928K, used 25557K [0x00007f5cf8600000, 0x00007f5d6efb0000, 0x00007f624db50000)
  eden space 1554624K,   0% used [0x00007f5cf8600000, 0x00007f5cf8600000, 0x00007f5d57430000)
  from space 194304K,  13% used [0x00007f5d631f0000, 0x00007f5d64ae5600, 0x00007f5d6efb0000)
  to   space 194304K,   0% used [0x00007f5d57430000, 0x00007f5d57430000, 0x00007f5d631f0000)
 tenured generation   total 3886400K, used 3872638K [0x00007f624db50000, 0x00007f633aea0000, 0x00007f6cf8600000)
   the space 3886400K,  99% used [0x00007f624db50000, 0x00007f633a12f928, 0x00007f633a12fa00, 0x00007f633aea0000)
 Metaspace       used 24132K, capacity 24591K, committed 24832K, reserved 26624K
}
Event: 2553.360 GC heap before
{Heap before GC invocations=4106 (full 3):
 def new generation   total 1748928K, used 1580181K [0x00007f5cf8600000, 0x00007f5d6efb0000, 0x00007f624db50000)
  eden space 1554624K, 100% used [0x00007f5cf8600000, 0x00007f5d57430000, 0x00007f5d57430000)
  from space 194304K,  13% used [0x00007f5d631f0000, 0x00007f5d64ae5600, 0x00007f5d6efb0000)
  to   space 194304K,   0% used [0x00007f5d57430000, 0x00007f5d57430000, 0x00007f5d631f0000)
 tenured generation   total 3886400K, used 3872638K [0x00007f624db50000, 0x00007f633aea0000, 0x00007f6cf8600000)
   the space 3886400K,  99% used [0x00007f624db50000, 0x00007f633a12f928, 0x00007f633a12fa00, 0x00007f633aea0000)
 Metaspace       used 24132K, capacity 24591K, committed 24832K, reserved 26624K
}
Event: 2553.411 GC heap after
{Heap after GC invocations=4107 (full 3):
 def new generation   total 1748928K, used 25573K [0x00007f5cf8600000, 0x00007f5d6efb0000, 0x00007f624db50000)
  eden space 1554624K,   0% used [0x00007f5cf8600000, 0x00007f5cf8600000, 0x00007f5d57430000)
  from space 194304K,  13% used [0x00007f5d57430000, 0x00007f5d58d295d8, 0x00007f5d631f0000)
  to   space 194304K,   0% used [0x00007f5d631f0000, 0x00007f5d631f0000, 0x00007f5d6efb0000)
 tenured generation   total 3886400K, used 3874345K [0x00007f624db50000, 0x00007f633aea0000, 0x00007f6cf8600000)
   the space 3886400K,  99% used [0x00007f624db50000, 0x00007f633a2da548, 0x00007f633a2da600, 0x00007f633aea0000)
 Metaspace       used 24132K, capacity 24591K, committed 24832K, reserved 26624K
}
Event: 2554.430 GC heap before
{Heap before GC invocations=4107 (full 3):
 def new generation   total 1748928K, used 1580197K [0x00007f5cf8600000, 0x00007f5d6efb0000, 0x00007f624db50000)
  eden space 1554624K, 100% used [0x00007f5cf8600000, 0x00007f5d57430000, 0x00007f5d57430000)
  from space 194304K,  13% used [0x00007f5d57430000, 0x00007f5d58d295d8, 0x00007f5d631f0000)
  to   space 194304K,   0% used [0x00007f5d631f0000, 0x00007f5d631f0000, 0x00007f5d6efb0000)
 tenured generation   total 3886400K, used 3874345K [0x00007f624db50000, 0x00007f633aea0000, 0x00007f6cf8600000)
   the space 3886400K,  99% used [0x00007f624db50000, 0x00007f633a2da548, 0x00007f633a2da600, 0x00007f633aea0000)
 Metaspace       used 24132K, capacity 24591K, committed 24832K, reserved 26624K
}
Event: 2554.482 GC heap after
{Heap after GC invocations=4108 (full 3):
 def new generation   total 1748928K, used 25563K [0x00007f5cf8600000, 0x00007f5d6efb0000, 0x00007f624db50000)
  eden space 1554624K,   0% used [0x00007f5cf8600000, 0x00007f5cf8600000, 0x00007f5d57430000)
  from space 194304K,  13% used [0x00007f5d631f0000, 0x00007f5d64ae6e18, 0x00007f5d6efb0000)
  to   space 194304K,   0% used [0x00007f5d57430000, 0x00007f5d57430000, 0x00007f5d631f0000)
 tenured generation   total 3886400K, used 3876070K [0x00007f624db50000, 0x00007f633aea0000, 0x00007f6cf8600000)
   the space 3886400K,  99% used [0x00007f624db50000, 0x00007f633a489948, 0x00007f633a489a00, 0x00007f633aea0000)
 Metaspace       used 24132K, capacity 24591K, committed 24832K, reserved 26624K
}
Event: 2555.538 GC heap before
{Heap before GC invocations=4108 (full 3):
 def new generation   total 1748928K, used 1580187K [0x00007f5cf8600000, 0x00007f5d6efb0000, 0x00007f624db50000)
  eden space 1554624K, 100% used [0x00007f5cf8600000, 0x00007f5d57430000, 0x00007f5d57430000)
  from space 194304K,  13% used [0x00007f5d631f0000, 0x00007f5d64ae6e18, 0x00007f5d6efb0000)
  to   space 194304K,   0% used [0x00007f5d57430000, 0x00007f5d57430000, 0x00007f5d631f0000)
 tenured generation   total 3886400K, used 3876070K [0x00007f624db50000, 0x00007f633aea0000, 0x00007f6cf8600000)
   the space 3886400K,  99% used [0x00007f624db50000, 0x00007f633a489948, 0x00007f633a489a00, 0x00007f633aea0000)
 Metaspace       used 24132K, capacity 24591K, committed 24832K, reserved 26624K
}
Event: 2555.582 GC heap after
{Heap after GC invocations=4109 (full 3):
 def new generation   total 1748928K, used 25626K [0x00007f5cf8600000, 0x00007f5d6efb0000, 0x00007f624db50000)
  eden space 1554624K,   0% used [0x00007f5cf8600000, 0x00007f5cf8600000, 0x00007f5d57430000)
  from space 194304K,  13% used [0x00007f5d57430000, 0x00007f5d58d36968, 0x00007f5d631f0000)
  to   space 194304K,   0% used [0x00007f5d631f0000, 0x00007f5d631f0000, 0x00007f5d6efb0000)
 tenured generation   total 3886400K, used 3877722K [0x00007f624db50000, 0x00007f633aea0000, 0x00007f6cf8600000)
   the space 3886400K,  99% used [0x00007f624db50000, 0x00007f633a626930, 0x00007f633a626a00, 0x00007f633aea0000)
 Metaspace       used 24132K, capacity 24591K, committed 24832K, reserved 26624K
}
Event: 2556.599 GC heap before
{Heap before GC invocations=4109 (full 3):
 def new generation   total 1748928K, used 1580250K [0x00007f5cf8600000, 0x00007f5d6efb0000, 0x00007f624db50000)
  eden space 1554624K, 100% used [0x00007f5cf8600000, 0x00007f5d57430000, 0x00007f5d57430000)
  from space 194304K,  13% used [0x00007f5d57430000, 0x00007f5d58d36968, 0x00007f5d631f0000)
  to   space 194304K,   0% used [0x00007f5d631f0000, 0x00007f5d631f0000, 0x00007f5d6efb0000)
 tenured generation   total 3886400K, used 3877722K [0x00007f624db50000, 0x00007f633aea0000, 0x00007f6cf8600000)
   the space 3886400K,  99% used [0x00007f624db50000, 0x00007f633a626930, 0x00007f633a626a00, 0x00007f633aea0000)
 Metaspace       used 24132K, capacity 24591K, committed 24832K, reserved 26624K
}
Event: 2556.649 GC heap after
{Heap after GC invocations=4110 (full 3):
 def new generation   total 1748928K, used 25574K [0x00007f5cf8600000, 0x00007f5d6efb0000, 0x00007f624db50000)
  eden space 1554624K,   0% used [0x00007f5cf8600000, 0x00007f5cf8600000, 0x00007f5d57430000)
  from space 194304K,  13% used [0x00007f5d631f0000, 0x00007f5d64ae9a20, 0x00007f5d6efb0000)
  to   space 194304K,   0% used [0x00007f5d57430000, 0x00007f5d57430000, 0x00007f5d631f0000)
 tenured generation   total 3886400K, used 3879442K [0x00007f624db50000, 0x00007f633aea0000, 0x00007f6cf8600000)
   the space 3886400K,  99% used [0x00007f624db50000, 0x00007f633a7d4bf0, 0x00007f633a7d4c00, 0x00007f633aea0000)
 Metaspace       used 24132K, capacity 24591K, committed 24832K, reserved 26624K
}
Event: 2557.684 GC heap before
{Heap before GC invocations=4110 (full 3):
 def new generation   total 1748928K, used 1580198K [0x00007f5cf8600000, 0x00007f5d6efb0000, 0x00007f624db50000)
  eden space 1554624K, 100% used [0x00007f5cf8600000, 0x00007f5d57430000, 0x00007f5d57430000)
  from space 194304K,  13% used [0x00007f5d631f0000, 0x00007f5d64ae9a20, 0x00007f5d6efb0000)
  to   space 194304K,   0% used [0x00007f5d57430000, 0x00007f5d57430000, 0x00007f5d631f0000)
 tenured generation   total 3886400K, used 3879442K [0x00007f624db50000, 0x00007f633aea0000, 0x00007f6cf8600000)
   the space 3886400K,  99% used [0x00007f624db50000, 0x00007f633a7d4bf0, 0x00007f633a7d4c00, 0x00007f633aea0000)
 Metaspace       used 24132K, capacity 24591K, committed 24832K, reserved 26624K
}
Event: 2557.736 GC heap after
{Heap after GC invocations=4111 (full 3):
 def new generation   total 1748928K, used 25578K [0x00007f5cf8600000, 0x00007f5d6efb0000, 0x00007f624db50000)
  eden space 1554624K,   0% used [0x00007f5cf8600000, 0x00007f5cf8600000, 0x00007f5d57430000)
  from space 194304K,  13% used [0x00007f5d57430000, 0x00007f5d58d2a828, 0x00007f5d631f0000)
  to   space 194304K,   0% used [0x00007f5d631f0000, 0x00007f5d631f0000, 0x00007f5d6efb0000)
 tenured generation   total 3886400K, used 3881150K [0x00007f624db50000, 0x00007f633aea0000, 0x00007f6cf8600000)
   the space 3886400K,  99% used [0x00007f624db50000, 0x00007f633a97f8a0, 0x00007f633a97fa00, 0x00007f633aea0000)
 Metaspace       used 24132K, capacity 24591K, committed 24832K, reserved 26624K
}
Event: 2558.778 GC heap before
{Heap before GC invocations=4111 (full 3):
 def new generation   total 1748928K, used 1580202K [0x00007f5cf8600000, 0x00007f5d6efb0000, 0x00007f624db50000)
  eden space 1554624K, 100% used [0x00007f5cf8600000, 0x00007f5d57430000, 0x00007f5d57430000)
  from space 194304K,  13% used [0x00007f5d57430000, 0x00007f5d58d2a828, 0x00007f5d631f0000)
  to   space 194304K,   0% used [0x00007f5d631f0000, 0x00007f5d631f0000, 0x00007f5d6efb0000)
 tenured generation   total 3886400K, used 3881150K [0x00007f624db50000, 0x00007f633aea0000, 0x00007f6cf8600000)
   the space 3886400K,  99% used [0x00007f624db50000, 0x00007f633a97f8a0, 0x00007f633a97fa00, 0x00007f633aea0000)
 Metaspace       used 24132K, capacity 24591K, committed 24832K, reserved 26624K
}
Event: 2558.828 GC heap after
{Heap after GC invocations=4112 (full 3):
 def new generation   total 1748928K, used 25568K [0x00007f5cf8600000, 0x00007f5d6efb0000, 0x00007f624db50000)
  eden space 1554624K,   0% used [0x00007f5cf8600000, 0x00007f5cf8600000, 0x00007f5d57430000)
  from space 194304K,  13% used [0x00007f5d631f0000, 0x00007f5d64ae80f0, 0x00007f5d6efb0000)
  to   space 194304K,   0% used [0x00007f5d57430000, 0x00007f5d57430000, 0x00007f5d631f0000)
 tenured generation   total 3886400K, used 3882875K [0x00007f624db50000, 0x00007f633aea0000, 0x00007f6cf8600000)
   the space 3886400K,  99% used [0x00007f624db50000, 0x00007f633ab2ec10, 0x00007f633ab2ee00, 0x00007f633aea0000)
 Metaspace       used 24132K, capacity 24591K, committed 24832K, reserved 26624K
}
Event: 2559.855 GC heap before
{Heap before GC invocations=4112 (full 3):
 def new generation   total 1748928K, used 1580192K [0x00007f5cf8600000, 0x00007f5d6efb0000, 0x00007f624db50000)
  eden space 1554624K, 100% used [0x00007f5cf8600000, 0x00007f5d57430000, 0x00007f5d57430000)
  from space 194304K,  13% used [0x00007f5d631f0000, 0x00007f5d64ae80f0, 0x00007f5d6efb0000)
  to   space 194304K,   0% used [0x00007f5d57430000, 0x00007f5d57430000, 0x00007f5d631f0000)
 tenured generation   total 3886400K, used 3882875K [0x00007f624db50000, 0x00007f633aea0000, 0x00007f6cf8600000)
   the space 3886400K,  99% used [0x00007f624db50000, 0x00007f633ab2ec10, 0x00007f633ab2ee00, 0x00007f633aea0000)
 Metaspace       used 24132K, capacity 24591K, committed 24832K, reserved 26624K
}
Event: 2559.897 GC heap after
{Heap after GC invocations=4113 (full 3):
 def new generation   total 1748928K, used 25608K [0x00007f5cf8600000, 0x00007f5d6efb0000, 0x00007f624db50000)
  eden space 1554624K,   0% used [0x00007f5cf8600000, 0x00007f5cf8600000, 0x00007f5d57430000)
  from space 194304K,  13% used [0x00007f5d57430000, 0x00007f5d58d32088, 0x00007f5d631f0000)
  to   space 194304K,   0% used [0x00007f5d631f0000, 0x00007f5d631f0000, 0x00007f5d6efb0000)
 tenured generation   total 3886400K, used 3884540K [0x00007f624db50000, 0x00007f633aea0000, 0x00007f6cf8600000)
   the space 3886400K,  99% used [0x00007f624db50000, 0x00007f633accf298, 0x00007f633accf400, 0x00007f633aea0000)
 Metaspace       used 24132K, capacity 24591K, committed 24832K, reserved 26624K
}
Event: 2560.936 GC heap before
{Heap before GC invocations=4113 (full 3):
 def new generation   total 1748928K, used 1580232K [0x00007f5cf8600000, 0x00007f5d6efb0000, 0x00007f624db50000)
  eden space 1554624K, 100% used [0x00007f5cf8600000, 0x00007f5d57430000, 0x00007f5d57430000)
  from space 194304K,  13% used [0x00007f5d57430000, 0x00007f5d58d32088, 0x00007f5d631f0000)
  to   space 194304K,   0% used [0x00007f5d631f0000, 0x00007f5d631f0000, 0x00007f5d6efb0000)
 tenured generation   total 3886400K, used 3884540K [0x00007f624db50000, 0x00007f633aea0000, 0x00007f6cf8600000)
   the space 3886400K,  99% used [0x00007f624db50000, 0x00007f633accf298, 0x00007f633accf400, 0x00007f633aea0000)
 Metaspace       used 24132K, capacity 24591K, committed 24832K, reserved 26624K
}
Event: 2560.992 GC heap after
{Heap after GC invocations=4114 (full 3):
 def new generation   total 1748928K, used 25573K [0x00007f5cf8600000, 0x00007f5d6efb0000, 0x00007f624db50000)
  eden space 1554624K,   0% used [0x00007f5cf8600000, 0x00007f5cf8600000, 0x00007f5d57430000)
  from space 194304K,  13% used [0x00007f5d631f0000, 0x00007f5d64ae9710, 0x00007f5d6efb0000)
  to   space 194304K,   0% used [0x00007f5d57430000, 0x00007f5d57430000, 0x00007f5d631f0000)
 tenured generation   total 3886400K, used 3886247K [0x00007f624db50000, 0x00007f633aea0000, 0x00007f6cf8600000)
   the space 3886400K,  99% used [0x00007f624db50000, 0x00007f633ae79eb8, 0x00007f633ae7a000, 0x00007f633aea0000)
 Metaspace       used 24132K, capacity 24591K, committed 24832K, reserved 26624K
}
Event: 2562.007 GC heap before
{Heap before GC invocations=4114 (full 3):
 def new generation   total 1748928K, used 1580197K [0x00007f5cf8600000, 0x00007f5d6efb0000, 0x00007f624db50000)
  eden space 1554624K, 100% used [0x00007f5cf8600000, 0x00007f5d57430000, 0x00007f5d57430000)
  from space 194304K,  13% used [0x00007f5d631f0000, 0x00007f5d64ae9710, 0x00007f5d6efb0000)
  to   space 194304K,   0% used [0x00007f5d57430000, 0x00007f5d57430000, 0x00007f5d631f0000)
 tenured generation   total 3886400K, used 3886247K [0x00007f624db50000, 0x00007f633aea0000, 0x00007f6cf8600000)
   the space 3886400K,  99% used [0x00007f624db50000, 0x00007f633ae79eb8, 0x00007f633ae7a000, 0x00007f633aea0000)
 Metaspace       used 24132K, capacity 24591K, committed 24832K, reserved 26624K
}
Event: 2562.061 GC heap after
{Heap after GC invocations=4115 (full 3):
 def new generation   total 1748928K, used 25568K [0x00007f5cf8600000, 0x00007f5d6efb0000, 0x00007f624db50000)
  eden space 1554624K,   0% used [0x00007f5cf8600000, 0x00007f5cf8600000, 0x00007f5d57430000)
  from space 194304K,  13% used [0x00007f5d57430000, 0x00007f5d58d283a0, 0x00007f5d631f0000)
  to   space 194304K,   0% used [0x00007f5d631f0000, 0x00007f5d631f0000, 0x00007f5d6efb0000)
 tenured generation   total 3888128K, used 3887968K [0x00007f624db50000, 0x00007f633b050000, 0x00007f6cf8600000)
   the space 3888128K,  99% used [0x00007f624db50000, 0x00007f633b028178, 0x00007f633b028200, 0x00007f633b050000)
 Metaspace       used 24132K, capacity 24591K, committed 24832K, reserved 26624K
}
Event: 2562.061 GC heap before
{Heap before GC invocations=4115 (full 3):
 def new generation   total 1748928K, used 25568K [0x00007f5cf8600000, 0x00007f5d6efb0000, 0x00007f624db50000)
  eden space 1554624K,   0% used [0x00007f5cf8600000, 0x00007f5cf8600000, 0x00007f5d57430000)
  from space 194304K,  13% used [0x00007f5d57430000, 0x00007f5d58d283a0, 0x00007f5d631f0000)
  to   space 194304K,   0% used [0x00007f5d631f0000, 0x00007f5d631f0000, 0x00007f5d6efb0000)
 tenured generation   total 3888128K, used 3887968K [0x00007f624db50000, 0x00007f633b050000, 0x00007f6cf8600000)
   the space 3888128K,  99% used [0x00007f624db50000, 0x00007f633b028178, 0x00007f633b028200, 0x00007f633b050000)
 Metaspace       used 24132K, capacity 24591K, committed 24832K, reserved 26624K
}

Deoptimization events (20 events):
Event: 399.554 Thread 0x00007f6d10018000 DEOPT PACKING pc=0x00007f6cf928fdbb sp=0x00007f6d144e0920
Event: 399.555 Thread 0x00007f6d10018000 DEOPT UNPACKING pc=0x00007f6cf87d333a sp=0x00007f6d144dfed0 mode 0
Event: 420.100 Thread 0x00007f6d10018000 Uncommon trap: trap_request=0xffffff45 fr.pc=0x00007f6d003cf008 relative=0x0000000000000168
Event: 420.100 Thread 0x00007f6d10018000 Uncommon trap: reason=unstable_if action=reinterpret pc=0x00007f6d003cf008 method=gnu.trove.impl.hash.THash.postInsertHook(Z)V @ 29 c2
Event: 420.100 Thread 0x00007f6d10018000 DEOPT PACKING pc=0x00007f6d003cf008 sp=0x00007f6d144e0940
Event: 420.100 Thread 0x00007f6d10018000 DEOPT UNPACKING pc=0x00007f6cf87d2e25 sp=0x00007f6d144e0870 mode 2
Event: 432.629 Thread 0x00007f6d10018000 DEOPT PACKING pc=0x00007f6cf928fdbb sp=0x00007f6d144e0920
Event: 432.629 Thread 0x00007f6d10018000 DEOPT UNPACKING pc=0x00007f6cf87d333a sp=0x00007f6d144dfed0 mode 0
Event: 434.782 Thread 0x00007f6d10018000 Uncommon trap: trap_request=0xffffff45 fr.pc=0x00007f6d003a5468 relative=0x00000000000002e8
Event: 434.782 Thread 0x00007f6d10018000 Uncommon trap: reason=unstable_if action=reinterpret pc=0x00007f6d003a5468 method=java.util.HashMap.putVal(ILjava/lang/Object;Ljava/lang/Object;ZZ)Ljava/lang/Object; @ 162 c2
Event: 434.782 Thread 0x00007f6d10018000 DEOPT PACKING pc=0x00007f6d003a5468 sp=0x00007f6d144e03f0
Event: 434.782 Thread 0x00007f6d10018000 DEOPT UNPACKING pc=0x00007f6cf87d2e25 sp=0x00007f6d144e0380 mode 2
Event: 466.386 Thread 0x00007f6d10018000 DEOPT PACKING pc=0x00007f6cf928fdbb sp=0x00007f6d144e0920
Event: 466.386 Thread 0x00007f6d10018000 DEOPT UNPACKING pc=0x00007f6cf87d333a sp=0x00007f6d144dfed0 mode 0
Event: 849.893 Thread 0x00007f6d10018000 Uncommon trap: trap_request=0xffffff45 fr.pc=0x00007f6d0033a400 relative=0x0000000000000080
Event: 849.893 Thread 0x00007f6d10018000 Uncommon trap: reason=unstable_if action=reinterpret pc=0x00007f6d0033a400 method=gnu.trove.impl.hash.THash.postInsertHook(Z)V @ 29 c2
Event: 849.893 Thread 0x00007f6d10018000 DEOPT PACKING pc=0x00007f6d0033a400 sp=0x00007f6d144e08b0
Event: 849.896 Thread 0x00007f6d10018000 DEOPT UNPACKING pc=0x00007f6cf87d2e25 sp=0x00007f6d144e0860 mode 2
Event: 852.818 Thread 0x00007f6d10018000 DEOPT PACKING pc=0x00007f6cf9338be9 sp=0x00007f6d144e0a40
Event: 852.818 Thread 0x00007f6d10018000 DEOPT UNPACKING pc=0x00007f6cf87d333a sp=0x00007f6d144dff48 mode 0

Classes unloaded (0 events):
No events

Classes redefined (0 events):
No events

Internal exceptions (20 events):
Event: 0.965 Thread 0x00007f6d10018000 Exception <a 'java/lang/NoSuchMethodError'{0x00007f5cf9bffd38}: 'int java.lang.invoke.DirectMethodHandle$Holder.invokeInterface(java.lang.Object, java.lang.Object)'> (0x00007f5cf9bffd38) 
thrown [src/hotspot/share/interpreter/linkResolver.cpp, line 766]
Event: 0.991 Thread 0x00007f6d10018000 Exception <a 'java/lang/NoSuchMethodError'{0x00007f5cf9c42e60}: 'int java.lang.invoke.DirectMethodHandle$Holder.invokeSpecial(java.lang.Object, java.lang.Object, java.lang.Object, java.lang.Object)'> (0x00007f5cf9c42e60) 
thrown [src/hotspot/share/interpreter/linkResolver.cpp, line 766]
Event: 0.994 Thread 0x00007f6d10018000 Exception <a 'java/lang/NoSuchMethodError'{0x00007f5cf9c59980}: 'java.lang.Object java.lang.invoke.DirectMethodHandle$Holder.invokeVirtual(java.lang.Object, java.lang.Object, java.lang.Object, int, int)'> (0x00007f5cf9c59980) 
thrown [src/hotspot/share/interpreter/linkResolver.cpp, line 766]
Event: 0.995 Thread 0x00007f6d10018000 Exception <a 'java/lang/NoSuchMethodError'{0x00007f5cf9c61d30}: 'java.lang.Object java.lang.invoke.DirectMethodHandle$Holder.invokeVirtual(java.lang.Object, java.lang.Object, int)'> (0x00007f5cf9c61d30) 
thrown [src/hotspot/share/interpreter/linkResolver.cpp, line 766]
Event: 1.012 Thread 0x00007f6d10018000 Exception <a 'java/lang/NoSuchMethodError'{0x00007f5cf9c82ac8}: 'java.lang.Object java.lang.invoke.DirectMethodHandle$Holder.invokeSpecial(java.lang.Object, java.lang.Object, java.lang.Object, int, int)'> (0x00007f5cf9c82ac8) 
thrown [src/hotspot/share/interpreter/linkResolver.cpp, line 766]
Event: 1.449 Thread 0x00007f6d10018000 Implicit null exception at 0x00007f6d002aed3f to 0x00007f6d002af4c8
Event: 1.476 Thread 0x00007f6d10018000 Exception <a 'java/lang/NoSuchMethodError'{0x00007f5cfb2430a0}: 'int java.lang.invoke.DirectMethodHandle$Holder.invokeSpecial(java.lang.Object, java.lang.Object, java.lang.Object, java.lang.Object, java.lang.Object)'> (0x00007f5cfb2430a0) 
thrown [src/hotspot/share/interpreter/linkResolver.cpp, line 766]
Event: 1.573 Thread 0x00007f6d10018000 Exception <a 'java/lang/NoSuchMethodError'{0x00007f5cfb660be8}: 'java.lang.Object java.lang.invoke.DirectMethodHandle$Holder.invokeStatic(java.lang.Object, java.lang.Object, int, int)'> (0x00007f5cfb660be8) 
thrown [src/hotspot/share/interpreter/linkResolver.cpp, line 766]
Event: 2.053 Thread 0x00007f6d10018000 Exception <a 'java/lang/NoSuchMethodError'{0x00007f5cfd16efb8}: 'void java.lang.invoke.DirectMethodHandle$Holder.invokeVirtual(java.lang.Object, java.lang.Object)'> (0x00007f5cfd16efb8) 
thrown [src/hotspot/share/interpreter/linkResolver.cpp, line 766]
Event: 2.244 Thread 0x00007f6d10018000 Exception <a 'java/lang/NoSuchMethodError'{0x00007f5cfd4f8800}: 'int java.lang.invoke.DirectMethodHandle$Holder.invokeVirtual(java.lang.Object, java.lang.Object, java.lang.Object, java.lang.Object)'> (0x00007f5cfd4f8800) 
thrown [src/hotspot/share/interpreter/linkResolver.cpp, line 766]
Event: 2.245 Thread 0x00007f6d10018000 Exception <a 'java/lang/NoSuchMethodError'{0x00007f5cfd506a68}: 'java.lang.Object java.lang.invoke.DirectMethodHandle$Holder.invokeStatic(java.lang.Object, java.lang.Object, int, java.lang.Object)'> (0x00007f5cfd506a68) 
thrown [src/hotspot/share/interpreter/linkResolver.cpp, line 766]
Event: 2.246 Thread 0x00007f6d10018000 Exception <a 'java/lang/NoSuchMethodError'{0x00007f5cfd50f380}: 'java.lang.Object java.lang.invoke.Invokers$Holder.linkToTargetMethod(java.lang.Object, int, java.lang.Object, java.lang.Object)'> (0x00007f5cfd50f380) 
thrown [src/hotspot/share/interpreter/linkResolver.cpp, line 766]
Event: 3.074 Thread 0x00007f6d10018000 Exception <a 'java/lang/NoSuchMethodError'{0x00007f5cfe2f64e0}: 'java.lang.Object java.lang.invoke.Invokers$Holder.linkToTargetMethod(java.lang.Object, int, java.lang.Object)'> (0x00007f5cfe2f64e0) 
thrown [src/hotspot/share/interpreter/linkResolver.cpp, line 766]
Event: 3.196 Thread 0x00007f6d10018000 Exception <a 'java/lang/NoSuchMethodError'{0x00007f5cf8621c48}: 'java.lang.Object java.lang.invoke.Invokers$Holder.linkToTargetMethod(java.lang.Object, long, java.lang.Object)'> (0x00007f5cf8621c48) 
thrown [src/hotspot/share/interpreter/linkResolver.cpp, line 766]
Event: 3.225 Thread 0x00007f6d100a7000 Implicit null exception at 0x00007f6d002a7227 to 0x00007f6d002a72b0
Event: 3.225 Thread 0x00007f6d100a7000 Implicit null exception at 0x00007f6d002a6ec0 to 0x00007f6d002a6f2c
Event: 3.262 Thread 0x00007f6d10018000 Exception <a 'java/lang/NoSuchMethodError'{0x00007f5cf8742a48}: 'java.lang.Object java.lang.invoke.Invokers$Holder.invokeExact_MT(java.lang.Object, java.lang.Object, java.lang.Object, java.lang.Object, java.lang.Object, java.lang.Object)'> (0x00007f5cf8742a48) 
thrown [src/hotspot/share/interpreter/linkResolver.cpp, line 766]
Event: 3.318 Thread 0x00007f6d10018000 Exception <a 'java/lang/NoSuchMethodError'{0x00007f5cf88c0220}: 'int java.lang.invoke.DirectMethodHandle$Holder.invokeStatic(java.lang.Object, java.lang.Object, int)'> (0x00007f5cf88c0220) 
thrown [src/hotspot/share/interpreter/linkResolver.cpp, line 766]
Event: 3.393 Thread 0x00007f6d10018000 Exception <a 'java/lang/NoSuchMethodError'{0x00007f5cf8a332b0}: 'double java.lang.invoke.DirectMethodHandle$Holder.invokeStatic(java.lang.Object, java.lang.Object)'> (0x00007f5cf8a332b0) 
thrown [src/hotspot/share/interpreter/linkResolver.cpp, line 766]
Event: 3.437 Thread 0x00007f6d10018000 Exception <a 'java/lang/NoSuchMethodError'{0x00007f5cf8b0bce8}: 'int java.lang.invoke.DirectMethodHandle$Holder.invokeStatic(java.lang.Object, java.lang.Object, java.lang.Object, int)'> (0x00007f5cf8b0bce8) 
thrown [src/hotspot/share/interpreter/linkResolver.cpp, line 766]

Events (20 events):
Event: 2551.233 Executing VM operation: GenCollectForAllocation done
Event: 2552.257 Executing VM operation: GenCollectForAllocation
Event: 2552.311 Executing VM operation: GenCollectForAllocation done
Event: 2553.360 Executing VM operation: GenCollectForAllocation
Event: 2553.411 Executing VM operation: GenCollectForAllocation done
Event: 2554.430 Executing VM operation: GenCollectForAllocation
Event: 2554.482 Executing VM operation: GenCollectForAllocation done
Event: 2555.538 Executing VM operation: GenCollectForAllocation
Event: 2555.582 Executing VM operation: GenCollectForAllocation done
Event: 2556.599 Executing VM operation: GenCollectForAllocation
Event: 2556.649 Executing VM operation: GenCollectForAllocation done
Event: 2557.684 Executing VM operation: GenCollectForAllocation
Event: 2557.736 Executing VM operation: GenCollectForAllocation done
Event: 2558.777 Executing VM operation: GenCollectForAllocation
Event: 2558.828 Executing VM operation: GenCollectForAllocation done
Event: 2559.855 Executing VM operation: GenCollectForAllocation
Event: 2559.897 Executing VM operation: GenCollectForAllocation done
Event: 2560.936 Executing VM operation: GenCollectForAllocation
Event: 2560.992 Executing VM operation: GenCollectForAllocation done
Event: 2562.007 Executing VM operation: GenCollectForAllocation


Dynamic libraries:
556cc2e4d000-556cc2e4e000 r--p 00000000 07:1c 4860                       /usr/lib/jvm/java-13-openjdk-amd64/bin/java
556cc2e4e000-556cc2e4f000 r-xp 00001000 07:1c 4860                       /usr/lib/jvm/java-13-openjdk-amd64/bin/java
556cc2e4f000-556cc2e50000 r--p 00002000 07:1c 4860                       /usr/lib/jvm/java-13-openjdk-amd64/bin/java
556cc2e50000-556cc2e51000 r--p 00002000 07:1c 4860                       /usr/lib/jvm/java-13-openjdk-amd64/bin/java
556cc2e51000-556cc2e52000 rw-p 00003000 07:1c 4860                       /usr/lib/jvm/java-13-openjdk-amd64/bin/java
556cc38e4000-556cc3905000 rw-p 00000000 00:00 0                          [heap]
7f5cbc000000-7f5cbc021000 rw-p 00000000 00:00 0 
7f5cbc021000-7f5cc0000000 ---p 00000000 00:00 0 
7f5cc4000000-7f5cc4021000 rw-p 00000000 00:00 0 
7f5cc4021000-7f5cc8000000 ---p 00000000 00:00 0 
7f5cc8000000-7f5cc8021000 rw-p 00000000 00:00 0 
7f5cc8021000-7f5ccc000000 ---p 00000000 00:00 0 
7f5ccc000000-7f5cce454000 rw-p 00000000 00:00 0 
7f5cce454000-7f5cd0000000 ---p 00000000 00:00 0 
7f5cd0000000-7f5cd0a1b000 rw-p 00000000 00:00 0 
7f5cd0a1b000-7f5cd4000000 ---p 00000000 00:00 0 
7f5cd4000000-7f5cd4021000 rw-p 00000000 00:00 0 
7f5cd4021000-7f5cd8000000 ---p 00000000 00:00 0 
7f5cd8000000-7f5cd8021000 rw-p 00000000 00:00 0 
7f5cd8021000-7f5cdc000000 ---p 00000000 00:00 0 
7f5cdc000000-7f5cdc021000 rw-p 00000000 00:00 0 
7f5cdc021000-7f5ce0000000 ---p 00000000 00:00 0 
7f5ce0000000-7f5ce0021000 rw-p 00000000 00:00 0 
7f5ce0021000-7f5ce4000000 ---p 00000000 00:00 0 
7f5ce4000000-7f5ce406f000 rw-p 00000000 00:00 0 
7f5ce406f000-7f5ce8000000 ---p 00000000 00:00 0 
7f5ce8b82000-7f5ce8bc2000 rw-p 00000000 00:00 0 
7f5ce8bc2000-7f5ce8d82000 ---p 00000000 00:00 0 
7f5ce8d82000-7f5ce8f82000 rw-p 00000000 00:00 0 
7f5ce8f82000-7f5ce9182000 rw-p 00000000 00:00 0 
7f5ce91ff000-7f5ce93ff000 rw-p 00000000 00:00 0 
7f5ce93ff000-7f5ce95ff000 rw-p 00000000 00:00 0 
7f5ce95ff000-7f5ce999f000 rw-p 00000000 00:00 0 
7f5ce999f000-7f5ce9b9f000 rw-p 00000000 00:00 0 
7f5ce9b9f000-7f5ce9d9f000 rw-p 00000000 00:00 0 
7f5ce9d9f000-7f5ce9f9f000 rw-p 00000000 00:00 0 
7f5ce9f9f000-7f5ce9fa0000 ---p 00000000 00:00 0 
7f5ce9fa0000-7f5cea0a1000 rw-p 00000000 00:00 0 
7f5cea0a1000-7f5cea0a5000 ---p 00000000 00:00 0 
7f5cea0a5000-7f5cea1a2000 rw-p 00000000 00:00 0 
7f5cea1a2000-7f5cea1a6000 ---p 00000000 00:00 0 
7f5cea1a6000-7f5cea2a3000 rw-p 00000000 00:00 0 
7f5cea2a3000-7f5cea2a7000 ---p 00000000 00:00 0 
7f5cea2a7000-7f5cea3a4000 rw-p 00000000 00:00 0 
7f5cea3a4000-7f5cea3a8000 ---p 00000000 00:00 0 
7f5cea3a8000-7f5cea4a5000 rw-p 00000000 00:00 0 
7f5cea4a5000-7f5cea4a9000 ---p 00000000 00:00 0 
7f5cea4a9000-7f5cea5a6000 rw-p 00000000 00:00 0 
7f5cea5a6000-7f5cea5aa000 ---p 00000000 00:00 0 
7f5cea5aa000-7f5cea6a7000 rw-p 00000000 00:00 0 
7f5cea6a7000-7f5cea6ab000 ---p 00000000 00:00 0 
7f5cea6ab000-7f5cea7a8000 rw-p 00000000 00:00 0 
7f5cea7a8000-7f5cea7ac000 ---p 00000000 00:00 0 
7f5cea7ac000-7f5ceb814000 rw-p 00000000 00:00 0 
7f5ceb814000-7f5cf05ff000 ---p 00000000 00:00 0 
7f5cf05ff000-7f5cf09b4000 rw-p 00000000 00:00 0 
7f5cf09b4000-7f5cf30a9000 ---p 00000000 00:00 0 
7f5cf30a9000-7f5cf3815000 rw-p 00000000 00:00 0 
7f5cf3815000-7f5cf85ff000 ---p 00000000 00:00 0 
7f5cf85ff000-7f5d6efb0000 rw-p 00000000 00:00 0 
7f5d6efb0000-7f624db50000 ---p 00000000 00:00 0 
7f624db50000-7f633b050000 rw-p 00000000 00:00 0 
7f63d93a6000-7f6cf8600000 ---p 00000000 00:00 0 
7f6cf8657000-7f6cf8688000 rw-p 00000000 00:00 0 
7f6cf8688000-7f6cf8689000 ---p 00000000 00:00 0 
7f6cf8689000-7f6cf878a000 rw-p 00000000 00:00 0 
7f6cf878a000-7f6cf89fa000 rwxp 00000000 00:00 0 
7f6cf89fa000-7f6cf8d19000 ---p 00000000 00:00 0 
7f6cf8d19000-7f6cf9409000 rwxp 00000000 00:00 0 
7f6cf9409000-7f6d00251000 ---p 00000000 00:00 0 
7f6d00251000-7f6d004c1000 rwxp 00000000 00:00 0 
7f6d004c1000-7f6d0778a000 ---p 00000000 00:00 0 
7f6d0778a000-7f6d10000000 r--s 00000000 07:1c 5215                       /usr/lib/jvm/java-13-openjdk-amd64/lib/modules
7f6d10000000-7f6d106dc000 rw-p 00000000 00:00 0 
7f6d106dc000-7f6d14000000 ---p 00000000 00:00 0 
7f6d14009000-7f6d1400d000 r--p 00000000 07:1c 5204                       /usr/lib/jvm/java-13-openjdk-amd64/lib/libnet.so
7f6d1400d000-7f6d1401b000 r-xp 00004000 07:1c 5204                       /usr/lib/jvm/java-13-openjdk-amd64/lib/libnet.so
7f6d1401b000-7f6d1401f000 r--p 00012000 07:1c 5204                       /usr/lib/jvm/java-13-openjdk-amd64/lib/libnet.so
7f6d1401f000-7f6d14020000 r--p 00015000 07:1c 5204                       /usr/lib/jvm/java-13-openjdk-amd64/lib/libnet.so
7f6d14020000-7f6d14021000 rw-p 00016000 07:1c 5204                       /usr/lib/jvm/java-13-openjdk-amd64/lib/libnet.so
7f6d14021000-7f6d14028000 r--p 00000000 07:1c 5205                       /usr/lib/jvm/java-13-openjdk-amd64/lib/libnio.so
7f6d14028000-7f6d14031000 r-xp 00007000 07:1c 5205                       /usr/lib/jvm/java-13-openjdk-amd64/lib/libnio.so
7f6d14031000-7f6d14035000 r--p 00010000 07:1c 5205                       /usr/lib/jvm/java-13-openjdk-amd64/lib/libnio.so
7f6d14035000-7f6d14036000 r--p 00013000 07:1c 5205                       /usr/lib/jvm/java-13-openjdk-amd64/lib/libnio.so
7f6d14036000-7f6d14037000 rw-p 00014000 07:1c 5205                       /usr/lib/jvm/java-13-openjdk-amd64/lib/libnio.so
7f6d14037000-7f6d1403e000 r--s 00000000 07:1c 8532                       /usr/lib/x86_64-linux-gnu/gconv/gconv-modules.cache
7f6d1403e000-7f6d14070000 r--p 00000000 07:1c 5276                       /usr/lib/locale/C.UTF-8/LC_CTYPE
7f6d14070000-7f6d14192000 rw-p 00000000 00:00 0 
7f6d14192000-7f6d14278000 ---p 00000000 00:00 0 
7f6d14278000-7f6d14286000 rw-p 00000000 00:00 0 
7f6d14286000-7f6d14363000 ---p 00000000 00:00 0 
7f6d14363000-7f6d14368000 rw-p 00000000 00:00 0 
7f6d14368000-7f6d1436f000 ---p 00000000 00:00 0 
7f6d1436f000-7f6d14371000 r--p 00000000 07:1c 5214                       /usr/lib/jvm/java-13-openjdk-amd64/lib/libzip.so
7f6d14371000-7f6d14375000 r-xp 00002000 07:1c 5214                       /usr/lib/jvm/java-13-openjdk-amd64/lib/libzip.so
7f6d14375000-7f6d14377000 r--p 00006000 07:1c 5214                       /usr/lib/jvm/java-13-openjdk-amd64/lib/libzip.so
7f6d14377000-7f6d14378000 r--p 00007000 07:1c 5214                       /usr/lib/jvm/java-13-openjdk-amd64/lib/libzip.so
7f6d14378000-7f6d14379000 rw-p 00008000 07:1c 5214                       /usr/lib/jvm/java-13-openjdk-amd64/lib/libzip.so
7f6d14379000-7f6d14381000 rw-s 00000000 08:03 67233400                   /tmp/hsperfdata_rcabanas/56713
7f6d14381000-7f6d14384000 r--p 00000000 07:1c 9108                       /usr/lib/x86_64-linux-gnu/libnss_files-2.31.so
7f6d14384000-7f6d1438b000 r-xp 00003000 07:1c 9108                       /usr/lib/x86_64-linux-gnu/libnss_files-2.31.so
7f6d1438b000-7f6d1438d000 r--p 0000a000 07:1c 9108                       /usr/lib/x86_64-linux-gnu/libnss_files-2.31.so
7f6d1438d000-7f6d1438e000 r--p 0000b000 07:1c 9108                       /usr/lib/x86_64-linux-gnu/libnss_files-2.31.so
7f6d1438e000-7f6d1438f000 rw-p 0000c000 07:1c 9108                       /usr/lib/x86_64-linux-gnu/libnss_files-2.31.so
7f6d1438f000-7f6d14395000 rw-p 00000000 00:00 0 
7f6d1439b000-7f6d1439d000 r--p 00000000 07:1c 5195                       /usr/lib/jvm/java-13-openjdk-amd64/lib/libjimage.so
7f6d1439d000-7f6d143a0000 r-xp 00002000 07:1c 5195                       /usr/lib/jvm/java-13-openjdk-amd64/lib/libjimage.so
7f6d143a0000-7f6d143a1000 r--p 00005000 07:1c 5195                       /usr/lib/jvm/java-13-openjdk-amd64/lib/libjimage.so
7f6d143a1000-7f6d143a2000 ---p 00006000 07:1c 5195                       /usr/lib/jvm/java-13-openjdk-amd64/lib/libjimage.so
7f6d143a2000-7f6d143a3000 r--p 00006000 07:1c 5195                       /usr/lib/jvm/java-13-openjdk-amd64/lib/libjimage.so
7f6d143a3000-7f6d143a4000 rw-p 00007000 07:1c 5195                       /usr/lib/jvm/java-13-openjdk-amd64/lib/libjimage.so
7f6d143a4000-7f6d143b1000 r--p 00000000 07:1c 5191                       /usr/lib/jvm/java-13-openjdk-amd64/lib/libjava.so
7f6d143b1000-7f6d143c6000 r-xp 0000d000 07:1c 5191                       /usr/lib/jvm/java-13-openjdk-amd64/lib/libjava.so
7f6d143c6000-7f6d143cc000 r--p 00022000 07:1c 5191                       /usr/lib/jvm/java-13-openjdk-amd64/lib/libjava.so
7f6d143cc000-7f6d143cd000 ---p 00028000 07:1c 5191                       /usr/lib/jvm/java-13-openjdk-amd64/lib/libjava.so
7f6d143cd000-7f6d143ce000 r--p 00028000 07:1c 5191                       /usr/lib/jvm/java-13-openjdk-amd64/lib/libjava.so
7f6d143ce000-7f6d143d0000 rw-p 00029000 07:1c 5191                       /usr/lib/jvm/java-13-openjdk-amd64/lib/libjava.so
7f6d143d0000-7f6d143d5000 r--p 00000000 07:1c 5213                       /usr/lib/jvm/java-13-openjdk-amd64/lib/libverify.so
7f6d143d5000-7f6d143dc000 r-xp 00005000 07:1c 5213                       /usr/lib/jvm/java-13-openjdk-amd64/lib/libverify.so
7f6d143dc000-7f6d143de000 r--p 0000c000 07:1c 5213                       /usr/lib/jvm/java-13-openjdk-amd64/lib/libverify.so
7f6d143de000-7f6d143df000 ---p 0000e000 07:1c 5213                       /usr/lib/jvm/java-13-openjdk-amd64/lib/libverify.so
7f6d143df000-7f6d143e1000 r--p 0000e000 07:1c 5213                       /usr/lib/jvm/java-13-openjdk-amd64/lib/libverify.so
7f6d143e1000-7f6d143e2000 rw-p 00010000 07:1c 5213                       /usr/lib/jvm/java-13-openjdk-amd64/lib/libverify.so
7f6d143e2000-7f6d143e6000 ---p 00000000 00:00 0 
7f6d143e6000-7f6d144e3000 rw-p 00000000 00:00 0 
7f6d144e3000-7f6d144e6000 r--p 00000000 07:1c 8948                       /usr/lib/x86_64-linux-gnu/libgcc_s.so.1
7f6d144e6000-7f6d144f8000 r-xp 00003000 07:1c 8948                       /usr/lib/x86_64-linux-gnu/libgcc_s.so.1
7f6d144f8000-7f6d144fc000 r--p 00015000 07:1c 8948                       /usr/lib/x86_64-linux-gnu/libgcc_s.so.1
7f6d144fc000-7f6d144fd000 r--p 00018000 07:1c 8948                       /usr/lib/x86_64-linux-gnu/libgcc_s.so.1
7f6d144fd000-7f6d144fe000 rw-p 00019000 07:1c 8948                       /usr/lib/x86_64-linux-gnu/libgcc_s.so.1
7f6d144fe000-7f6d1450b000 r--p 00000000 07:1c 9062                       /usr/lib/x86_64-linux-gnu/libm-2.31.so
7f6d1450b000-7f6d145b2000 r-xp 0000d000 07:1c 9062                       /usr/lib/x86_64-linux-gnu/libm-2.31.so
7f6d145b2000-7f6d1464b000 r--p 000b4000 07:1c 9062                       /usr/lib/x86_64-linux-gnu/libm-2.31.so
7f6d1464b000-7f6d1464c000 r--p 0014c000 07:1c 9062                       /usr/lib/x86_64-linux-gnu/libm-2.31.so
7f6d1464c000-7f6d1464d000 rw-p 0014d000 07:1c 9062                       /usr/lib/x86_64-linux-gnu/libm-2.31.so
7f6d1464d000-7f6d146e3000 r--p 00000000 07:1c 9213                       /usr/lib/x86_64-linux-gnu/libstdc++.so.6.0.28
7f6d146e3000-7f6d147d4000 r-xp 00096000 07:1c 9213                       /usr/lib/x86_64-linux-gnu/libstdc++.so.6.0.28
7f6d147d4000-7f6d1481d000 r--p 00187000 07:1c 9213                       /usr/lib/x86_64-linux-gnu/libstdc++.so.6.0.28
7f6d1481d000-7f6d1481e000 ---p 001d0000 07:1c 9213                       /usr/lib/x86_64-linux-gnu/libstdc++.so.6.0.28
7f6d1481e000-7f6d14829000 r--p 001d0000 07:1c 9213                       /usr/lib/x86_64-linux-gnu/libstdc++.so.6.0.28
7f6d14829000-7f6d1482c000 rw-p 001db000 07:1c 9213                       /usr/lib/x86_64-linux-gnu/libstdc++.so.6.0.28
7f6d1482c000-7f6d1482f000 rw-p 00000000 00:00 0 
7f6d1482f000-7f6d14ab5000 r--p 00000000 07:1c 5226                       /usr/lib/jvm/java-13-openjdk-amd64/lib/server/libjvm.so
7f6d14ab5000-7f6d15832000 r-xp 00286000 07:1c 5226                       /usr/lib/jvm/java-13-openjdk-amd64/lib/server/libjvm.so
7f6d15832000-7f6d15aad000 r--p 01003000 07:1c 5226                       /usr/lib/jvm/java-13-openjdk-amd64/lib/server/libjvm.so
7f6d15aad000-7f6d15b72000 r--p 0127d000 07:1c 5226                       /usr/lib/jvm/java-13-openjdk-amd64/lib/server/libjvm.so
7f6d15b72000-7f6d15bad000 rw-p 01342000 07:1c 5226                       /usr/lib/jvm/java-13-openjdk-amd64/lib/server/libjvm.so
7f6d15bad000-7f6d15c33000 rw-p 00000000 00:00 0 
7f6d15c33000-7f6d15c39000 r--p 00000000 07:1c 9166                       /usr/lib/x86_64-linux-gnu/libpthread-2.31.so
7f6d15c39000-7f6d15c4a000 r-xp 00006000 07:1c 9166                       /usr/lib/x86_64-linux-gnu/libpthread-2.31.so
7f6d15c4a000-7f6d15c50000 r--p 00017000 07:1c 9166                       /usr/lib/x86_64-linux-gnu/libpthread-2.31.so
7f6d15c50000-7f6d15c51000 r--p 0001c000 07:1c 9166                       /usr/lib/x86_64-linux-gnu/libpthread-2.31.so
7f6d15c51000-7f6d15c52000 rw-p 0001d000 07:1c 9166                       /usr/lib/x86_64-linux-gnu/libpthread-2.31.so
7f6d15c52000-7f6d15c56000 rw-p 00000000 00:00 0 
7f6d15c56000-7f6d15c57000 r--p 00000000 07:1c 8893                       /usr/lib/x86_64-linux-gnu/libdl-2.31.so
7f6d15c57000-7f6d15c59000 r-xp 00001000 07:1c 8893                       /usr/lib/x86_64-linux-gnu/libdl-2.31.so
7f6d15c59000-7f6d15c5a000 r--p 00003000 07:1c 8893                       /usr/lib/x86_64-linux-gnu/libdl-2.31.so
7f6d15c5a000-7f6d15c5b000 r--p 00003000 07:1c 8893                       /usr/lib/x86_64-linux-gnu/libdl-2.31.so
7f6d15c5b000-7f6d15c5c000 rw-p 00004000 07:1c 8893                       /usr/lib/x86_64-linux-gnu/libdl-2.31.so
7f6d15c5c000-7f6d15c5e000 r--p 00000000 07:1c 9290                       /usr/lib/x86_64-linux-gnu/libz.so.1.2.11
7f6d15c5e000-7f6d15c6f000 r-xp 00002000 07:1c 9290                       /usr/lib/x86_64-linux-gnu/libz.so.1.2.11
7f6d15c6f000-7f6d15c75000 r--p 00013000 07:1c 9290                       /usr/lib/x86_64-linux-gnu/libz.so.1.2.11
7f6d15c75000-7f6d15c76000 ---p 00019000 07:1c 9290                       /usr/lib/x86_64-linux-gnu/libz.so.1.2.11
7f6d15c76000-7f6d15c77000 r--p 00019000 07:1c 9290                       /usr/lib/x86_64-linux-gnu/libz.so.1.2.11
7f6d15c77000-7f6d15c78000 rw-p 0001a000 07:1c 9290                       /usr/lib/x86_64-linux-gnu/libz.so.1.2.11
7f6d15c78000-7f6d15c9a000 r--p 00000000 07:1c 8851                       /usr/lib/x86_64-linux-gnu/libc-2.31.so
7f6d15c9a000-7f6d15e12000 r-xp 00022000 07:1c 8851                       /usr/lib/x86_64-linux-gnu/libc-2.31.so
7f6d15e12000-7f6d15e60000 r--p 0019a000 07:1c 8851                       /usr/lib/x86_64-linux-gnu/libc-2.31.so
7f6d15e60000-7f6d15e64000 r--p 001e7000 07:1c 8851                       /usr/lib/x86_64-linux-gnu/libc-2.31.so
7f6d15e64000-7f6d15e66000 rw-p 001eb000 07:1c 8851                       /usr/lib/x86_64-linux-gnu/libc-2.31.so
7f6d15e66000-7f6d15e6a000 rw-p 00000000 00:00 0 
7f6d15e6c000-7f6d15e6e000 r--s 0000c000 07:1c 20930                      /usr/share/java/java-atk-wrapper.jar
7f6d15e6e000-7f6d15e6f000 ---p 00000000 00:00 0 
7f6d15e6f000-7f6d15e70000 r--p 00000000 00:00 0 
7f6d15e70000-7f6d15e73000 r--p 00000000 07:1c 5196                       /usr/lib/jvm/java-13-openjdk-amd64/lib/libjli.so
7f6d15e73000-7f6d15e7d000 r-xp 00003000 07:1c 5196                       /usr/lib/jvm/java-13-openjdk-amd64/lib/libjli.so
7f6d15e7d000-7f6d15e80000 r--p 0000d000 07:1c 5196                       /usr/lib/jvm/java-13-openjdk-amd64/lib/libjli.so
7f6d15e80000-7f6d15e81000 r--p 0000f000 07:1c 5196                       /usr/lib/jvm/java-13-openjdk-amd64/lib/libjli.so
7f6d15e81000-7f6d15e82000 rw-p 00010000 07:1c 5196                       /usr/lib/jvm/java-13-openjdk-amd64/lib/libjli.so
7f6d15e82000-7f6d15e84000 rw-p 00000000 00:00 0 
7f6d15e84000-7f6d15e85000 r--p 00000000 07:1c 8572                       /usr/lib/x86_64-linux-gnu/ld-2.31.so
7f6d15e85000-7f6d15ea8000 r-xp 00001000 07:1c 8572                       /usr/lib/x86_64-linux-gnu/ld-2.31.so
7f6d15ea8000-7f6d15eb0000 r--p 00024000 07:1c 8572                       /usr/lib/x86_64-linux-gnu/ld-2.31.so
7f6d15eb0000-7f6d15eb1000 ---p 00000000 00:00 0 
7f6d15eb1000-7f6d15eb2000 r--p 0002c000 07:1c 8572                       /usr/lib/x86_64-linux-gnu/ld-2.31.so
7f6d15eb2000-7f6d15eb3000 rw-p 0002d000 07:1c 8572                       /usr/lib/x86_64-linux-gnu/ld-2.31.so
7f6d15eb3000-7f6d15eb4000 rw-p 00000000 00:00 0 
7ffd1772e000-7ffd1774f000 rw-p 00000000 00:00 0                          [stack]
7ffd1777a000-7ffd1777c000 r-xp 00000000 00:00 0                          [vdso]
ffffffffff600000-ffffffffff601000 r-xp 00000000 00:00 0                  [vsyscall]


VM Arguments:
jvm_args: -Xmx64g --add-modules=ALL-DEFAULT 
java_command: jdk.compiler/com.sun.tools.javac.launcher.Main /mnt/beegfs/rcabanas/dev/credici/papers/journalEM/code/LearnAndCalculatePNS.java -w -x 1000 -m 500 -sc KL -th 0.0 -a EMCC --seed 0 --output /mnt/beegfs/rcabanas/dev/credici/papers/journalEM/output/synthetic/s12 /mnt/beegfs/rcabanas/dev/credici/papers/journalEM/models/synthetic/s12/random_mc2_n6_mid3_d1000_05_mr098_r10_65.uai
java_class_path (initial): /mnt/beegfs/rcabanas/dev/credici/target/credici-0.1.3-jar-with-dependencies.jar
Launcher Type: SUN_STANDARD

[Global flags]
     intx CICompilerCount                          = 2                                         {product} {ergonomic}
   size_t InitialHeapSize                          = 2147483648                                {product} {ergonomic}
   size_t MaxHeapSize                              = 68719476736                               {product} {command line}
   size_t MaxNewSize                               = 22906470400                               {product} {ergonomic}
   size_t MinHeapDeltaBytes                        = 196608                                    {product} {ergonomic}
   size_t MinHeapSize                              = 8388608                                   {product} {ergonomic}
   size_t NewSize                                  = 715784192                                 {product} {ergonomic}
    uintx NonNMethodCodeHeapSize                   = 5826188                                {pd product} {ergonomic}
    uintx NonProfiledCodeHeapSize                  = 122916026                              {pd product} {ergonomic}
   size_t OldSize                                  = 1431699456                                {product} {ergonomic}
    uintx ProfiledCodeHeapSize                     = 122916026                              {pd product} {ergonomic}
    uintx ReservedCodeCacheSize                    = 251658240                              {pd product} {ergonomic}
     bool SegmentedCodeCache                       = true                                      {product} {ergonomic}
   size_t SoftMaxHeapSize                          = 68719476736                            {manageable} {ergonomic}
     bool UseSerialGC                              = true                                      {product} {ergonomic}

Logging:
Log output configuration:
 #0: stdout all=warning uptime,level,tags
 #1: stderr all=off uptime,level,tags

Environment Variables:
PATH=/usr/local/sbin:/usr/local/bin:/usr/sbin:/usr/bin:/sbin:/bin
LD_LIBRARY_PATH=/.singularity.d/libs

Signal Handlers:
SIGSEGV: [libjvm.so+0xf8fcf0], sa_mask[0]=11111111011111111101111111111110, sa_flags=SA_RESTART|SA_SIGINFO
SIGBUS: [libjvm.so+0xf8fcf0], sa_mask[0]=11111111011111111101111111111110, sa_flags=SA_RESTART|SA_SIGINFO
SIGFPE: [libjvm.so+0xf8fcf0], sa_mask[0]=11111111011111111101111111111110, sa_flags=SA_RESTART|SA_SIGINFO
SIGPIPE: [libjvm.so+0xc3ffa0], sa_mask[0]=11111111011111111101111111111110, sa_flags=SA_RESTART|SA_SIGINFO
SIGXFSZ: [libjvm.so+0xc3ffa0], sa_mask[0]=11111111011111111101111111111110, sa_flags=SA_RESTART|SA_SIGINFO
SIGILL: [libjvm.so+0xf8fcf0], sa_mask[0]=11111111011111111101111111111110, sa_flags=SA_RESTART|SA_SIGINFO
SIGUSR2: [libjvm.so+0xc3fe40], sa_mask[0]=00000000000000000000000000000000, sa_flags=SA_RESTART|SA_SIGINFO
SIGHUP: [libjvm.so+0xc40580], sa_mask[0]=11111111011111111101111111111110, sa_flags=SA_RESTART|SA_SIGINFO
SIGINT: [libjvm.so+0xc40580], sa_mask[0]=11111111011111111101111111111110, sa_flags=SA_RESTART|SA_SIGINFO
SIGTERM: [libjvm.so+0xc40580], sa_mask[0]=11111111011111111101111111111110, sa_flags=SA_RESTART|SA_SIGINFO
SIGQUIT: [libjvm.so+0xc40580], sa_mask[0]=11111111011111111101111111111110, sa_flags=SA_RESTART|SA_SIGINFO


---------------  S Y S T E M  ---------------

OS:DISTRIB_ID=Ubuntu
DISTRIB_RELEASE=20.04
DISTRIB_CODENAME=focal
DISTRIB_DESCRIPTION="Ubuntu 20.04.4 LTS"
uname:Linux 3.10.0-1160.15.2.el7.x86_64 #1 SMP Wed Feb 3 15:06:38 UTC 2021 x86_64
OS uptime: 514 days 4:51 hours
libc:glibc 2.31 NPTL 2.31 
rlimit (soft/hard): STACK 8192k/infinity , CORE 0k/infinity , NPROC 4096/1030217 , NOFILE 131072/131072 , AS infinity/infinity , CPU infinity/infinity , DATA infinity/infinity , FSIZE infinity/infinity , MEMLOCK infinity/infinity
load average:50.52 50.93 50.94

/proc/meminfo:
MemTotal:       263895364 kB
MemFree:         1000544 kB
MemAvailable:    1299548 kB
Buffers:          268436 kB
Cached:           797296 kB
SwapCached:       275016 kB
Active:         244945824 kB
Inactive:        8497816 kB
Active(anon):   244657724 kB
Inactive(anon):  7816828 kB
Active(file):     288100 kB
Inactive(file):   680988 kB
Unevictable:       21284 kB
Mlocked:           21284 kB
SwapTotal:       4194300 kB
SwapFree:          62860 kB
Dirty:               792 kB
Writeback:             0 kB
AnonPages:      252129312 kB
Mapped:           204348 kB
Shmem:             92176 kB
Slab:             794924 kB
SReclaimable:     200788 kB
SUnreclaim:       594136 kB
KernelStack:       43984 kB
PageTables:       580000 kB
NFS_Unstable:          0 kB
Bounce:                0 kB
WritebackTmp:          0 kB
CommitLimit:    136141980 kB
Committed_AS:   333727060 kB
VmallocTotal:   34359738367 kB
VmallocUsed:      862512 kB
VmallocChunk:   34222409240 kB
Percpu:            22016 kB
HardwareCorrupted:     0 kB
AnonHugePages:  169738240 kB
CmaTotal:              0 kB
CmaFree:               0 kB
HugePages_Total:       0
HugePages_Free:        0
HugePages_Rsvd:        0
HugePages_Surp:        0
Hugepagesize:       2048 kB
DirectMap4k:      505448 kB
DirectMap2M:    20328448 kB
DirectMap1G:    247463936 kB

/sys/kernel/mm/transparent_hugepage/enabled:
[always] madvise never

/sys/kernel/mm/transparent_hugepage/defrag (defrag/compaction efforts parameter):
[always] madvise never


/proc/sys/kernel/threads-max (system-wide limit on the number of threads):
2060435


/proc/sys/vm/max_map_count (maximum number of memory map areas a process may have):
65530


/proc/sys/kernel/pid_max (system-wide limit on number of process identifiers):
65536



Steal ticks since vm start: 0
Steal ticks percentage since vm start:  0.000

CPU:total 64 (initial active 1) (32 cores per cpu, 1 threads per core) family 23 model 49 stepping 0, cmov, cx8, fxsr, mmx, sse, sse2, sse3, ssse3, sse4.1, sse4.2, popcnt, avx, avx2, aes, clmul, mmxext, 3dnowpref, lzcnt, sse4a, tsc, tscinvbit, tscinv, bmi1, bmi2, adx, sha, fma
CPU Model and flags from /proc/cpuinfo:
model name	: AMD EPYC 7542 32-Core Processor
flags		: fpu vme de pse tsc msr pae mce cx8 apic sep mtrr pge mca cmov pat pse36 clflush mmx fxsr sse sse2 ht syscall nx mmxext fxsr_opt pdpe1gb rdtscp lm constant_tsc art rep_good nopl nonstop_tsc extd_apicid aperfmperf eagerfpu pni pclmulqdq monitor ssse3 fma cx16 sse4_1 sse4_2 movbe popcnt aes xsave avx f16c rdrand lahf_lm cmp_legacy svm extapic cr8_legacy abm sse4a misalignsse 3dnowprefetch osvw ibs skinit wdt tce topoext perfctr_core perfctr_nb bpext perfctr_l2 cpb cat_l3 cdp_l3 hw_pstate sme retpoline_amd ssbd ibrs ibpb stibp vmmcall fsgsbase bmi1 avx2 smep bmi2 cqm rdt_a rdseed adx smap clflushopt clwb sha_ni xsaveopt xsavec xgetbv1 cqm_llc cqm_occup_llc cqm_mbm_total cqm_mbm_local clzero irperf xsaveerptr arat npt lbrv svm_lock nrip_save tsc_scale vmcb_clean flushbyasid decodeassists pausefilter pfthreshold avic v_vmsave_vmload vgif umip overflow_recov succor smca
Online cpus:0-63
Offline cpus:
BIOS frequency limitation:2900000
Frequency switch latency (ns):0
Available cpu frequencies:2900000 2400000 1500000 
Current governor:conservative
Core performance/turbo boost:1

Memory: 4k page, physical 263895364k(1000016k free), swap 4194300k(62860k free)

vm_info: OpenJDK 64-Bit Server VM (13.0.7+5-Ubuntu-0ubuntu120.04) for linux-amd64 JRE (13.0.7+5-Ubuntu-0ubuntu120.04), built on Apr 21 2021 05:36:19 by "unknown" with gcc 9.3.0

END.
