#
# There is insufficient memory for the Java Runtime Environment to continue.
# Native memory allocation (mmap) failed to map 8589938688 bytes for committing reserved memory.
# Possible reasons:
#   The system is out of physical RAM or swap space
# Possible solutions:
#   Reduce memory load on the system
#   Increase physical memory or swap space
#   Check if swap backing store is full
#   Decrease Java heap size (-Xmx/-Xms)
#   Decrease number of Java threads
#   Decrease Java thread stack sizes (-Xss)
#   Set larger code cache with -XX:ReservedCodeCacheSize=
# This output file may be truncated or incomplete.
#
#  Out of Memory Error (os_linux.cpp:2899), pid=61860, tid=62150
#
# JRE version: OpenJDK Runtime Environment (13.0.7+5) (build 13.0.7+5-Ubuntu-0ubuntu120.04)
# Java VM: OpenJDK 64-Bit Server VM (13.0.7+5-Ubuntu-0ubuntu120.04, mixed mode, tiered, serial gc, linux-amd64)
# No core dump will be written. Core dumps have been disabled. To enable core dumping, try "ulimit -c unlimited" before starting Java again
#

---------------  S U M M A R Y ------------

Command Line: -Xmx64g --add-modules=ALL-DEFAULT jdk.compiler/com.sun.tools.javac.launcher.Main /mnt/beegfs/rcabanas/dev/credici/papers/journalEM/code/GenerateModel.java -n 13 -d 1000 -di 0.5 -mr 0.98 -r 1.0 --seed 22 --output /mnt/beegfs/rcabanas/dev/credici/papers/journalEM/models/synthetic/s2/ --debug

Host: AMD EPYC 7542 32-Core Processor, 64 cores, 251G, Ubuntu 20.04.4 LTS
Time: Wed Oct 12 21:24:41 2022 CEST elapsed time: 54.648799 seconds (0d 0h 0m 54s)

---------------  T H R E A D  ---------------

Current thread (0x00007f9c84097800):  VMThread "VM Thread" [stack: 0x00007f9c881ef000,0x00007f9c882ef000] [id=62150]

Stack: [0x00007f9c881ef000,0x00007f9c882ef000],  sp=0x00007f9c882ed3c0,  free space=1016k
Native frames: (J=compiled Java code, A=aot compiled Java code, j=interpreted, Vv=VM code, C=native code)
V  [libjvm.so+0xf8f092]
V  [libjvm.so+0xf8fc91]
V  [libjvm.so+0x66ee5a]
V  [libjvm.so+0xc44a41]
V  [libjvm.so+0xc3b263]
V  [libjvm.so+0xf87f4b]
V  [libjvm.so+0x557506]
V  [libjvm.so+0x557723]
V  [libjvm.so+0xf18c5e]
V  [libjvm.so+0x7e0bd4]
V  [libjvm.so+0x7e3a96]
V  [libjvm.so+0x7d8b48]
V  [libjvm.so+0xf90940]
V  [libjvm.so+0xf96657]
V  [libjvm.so+0xf96d2b]
V  [libjvm.so+0xf9706a]
V  [libjvm.so+0xf2208f]
V  [libjvm.so+0xc493ff]

VM_Operation (0x00007f9c88f5f4d0): GenCollectForAllocation, mode: safepoint, requested by thread 0x00007f9c84018000


---------------  P R O C E S S  ---------------

Threads class SMR info:
_java_thread_list=0x00007f9c84136550, length=9, elements={
0x00007f9c84018000, 0x00007f9c840a3800, 0x00007f9c840a7000, 0x00007f9c840cb800,
0x00007f9c840cd000, 0x00007f9c840cf000, 0x00007f9c840d1000, 0x00007f9c840d3000,
0x00007f9c84135000
}

Java Threads: ( => current thread )
  0x00007f9c84018000 JavaThread "main" [_thread_blocked, id=62012, stack(0x00007f9c88e61000,0x00007f9c88f62000)]
  0x00007f9c840a3800 JavaThread "Reference Handler" daemon [_thread_blocked, id=62156, stack(0x00007f9c880ec000,0x00007f9c881ed000)]
  0x00007f9c840a7000 JavaThread "Finalizer" daemon [_thread_blocked, id=62157, stack(0x00007f9c6c689000,0x00007f9c6c78a000)]
  0x00007f9c840cb800 JavaThread "Signal Dispatcher" daemon [_thread_blocked, id=62191, stack(0x00007f8c5efa8000,0x00007f8c5f0a9000)]
  0x00007f9c840cd000 JavaThread "Service Thread" daemon [_thread_blocked, id=62192, stack(0x00007f8c5eea7000,0x00007f8c5efa8000)]
  0x00007f9c840cf000 JavaThread "C2 CompilerThread0" daemon [_thread_blocked, id=62193, stack(0x00007f8c5eda6000,0x00007f8c5eea7000)]
  0x00007f9c840d1000 JavaThread "C1 CompilerThread0" daemon [_thread_blocked, id=62194, stack(0x00007f8c5eca5000,0x00007f8c5eda6000)]
  0x00007f9c840d3000 JavaThread "Sweeper thread" daemon [_thread_blocked, id=62199, stack(0x00007f8c5eba4000,0x00007f8c5eca5000)]
  0x00007f9c84135000 JavaThread "Common-Cleaner" daemon [_thread_blocked, id=62354, stack(0x00007f8c5eaa3000,0x00007f8c5eba4000)]

Other Threads:
=>0x00007f9c84097800 VMThread "VM Thread" [stack: 0x00007f9c881ef000,0x00007f9c882ef000] [id=62150]
  0x00007f9c84181800 WatcherThread [stack: 0x00007f8c5e9a3000,0x00007f8c5eaa3000] [id=62503]

Threads with active compile tasks:

VM state:at safepoint (normal execution)

VM Mutex/Monitor currently owned by a thread:  ([mutex/lock_event])
[0x00007f9c84014100] Threads_lock - owner thread: 0x00007f9c84097800
[0x00007f9c84014d00] Heap_lock - owner thread: 0x00007f9c84018000

Heap:
 def new generation   total 3430336K, used 0K [0x00007f8c6c600000, 0x00007f8d55020000, 0x00007f91c1b50000)
  eden space 3049216K,   0% used [0x00007f8c6c600000, 0x00007f8c6c600000, 0x00007f8d267c0000)
  from space 381120K,   0% used [0x00007f8d267c0000, 0x00007f8d267c0000, 0x00007f8d3dbf0000)
  to   space 381120K,   0% used [0x00007f8d3dbf0000, 0x00007f8d3dbf0000, 0x00007f8d55020000)
 tenured generation   total 7622876K, used 4203831K [0x00007f91c1b50000, 0x00007f9392f87000, 0x00007f9c6c600000)
   the space 7622876K,  55% used [0x00007f91c1b50000, 0x00007f92c249dfe8, 0x00007f92c249e000, 0x00007f9392f87000)
 Metaspace       used 23321K, capacity 23690K, committed 23808K, reserved 24576K

Card table byte_map: [0x00007f8c645ff000,0x00007f8c6c600000] _byte_map_base: 0x00007f4c9e29c000

Polling page: 0x00007f9c8a8ed000

Metaspace:

Usage:
   23.13 MB capacity,    22.78 MB ( 98%) used,   273.28 KB (  1%) free+waste,    95.00 KB ( <1%) overhead. 

Virtual space:
     24.00 MB reserved,      23.25 MB ( 97%) committed 

Chunk freelists:
22.00 KB

MaxMetaspaceSize: unlimited


CodeHeap 'non-profiled nmethods': size=120036Kb used=1817Kb max_used=1817Kb free=118218Kb
 bounds [0x00007f9c74251000, 0x00007f9c744c1000, 0x00007f9c7b78a000]
CodeHeap 'profiled nmethods': size=120032Kb used=6062Kb max_used=6062Kb free=113970Kb
 bounds [0x00007f9c6cd19000, 0x00007f9c6d309000, 0x00007f9c74251000]
CodeHeap 'non-nmethods': size=5692Kb used=1197Kb max_used=1228Kb free=4494Kb
 bounds [0x00007f9c6c78a000, 0x00007f9c6c9fa000, 0x00007f9c6cd19000]
 total_blobs=3954 nmethods=3489 adapters=380
 compilation: enabled
              stopped_count=0, restarted_count=0
 full_count=0

Compilation events (20 events):
Event: 11.713 Thread 0x00007f9c840d1000 nmethod 3527 0x00007f9c6d303890 code [0x00007f9c6d303a20, 0x00007f9c6d303bb0]
Event: 11.713 Thread 0x00007f9c840d1000 3528       2       ch.idsia.crema.model.Strides$$Lambda$292/0x00007f8c5d6be440::applyAsInt (8 bytes)
Event: 11.714 Thread 0x00007f9c840d1000 nmethod 3528 0x00007f9c6d303c90 code [0x00007f9c6d303e20, 0x00007f9c6d303f50]
Event: 11.714 Thread 0x00007f9c840d1000 3529       2       ch.idsia.crema.model.Strides$$Lambda$293/0x00007f8c5d6bdc58::applyAsInt (9 bytes)
Event: 11.714 Thread 0x00007f9c840d1000 nmethod 3529 0x00007f9c6d304010 code [0x00007f9c6d3041a0, 0x00007f9c6d3042d0]
Event: 11.714 Thread 0x00007f9c840d1000 3530       2       ch.idsia.crema.model.Strides$$Lambda$294/0x00007f8c5d6bc058::applyAsInt (9 bytes)
Event: 11.714 Thread 0x00007f9c840d1000 nmethod 3530 0x00007f9c6d304410 code [0x00007f9c6d3045a0, 0x00007f9c6d3046d0]
Event: 11.833 Thread 0x00007f9c840cf000 nmethod 3511 0x00007f9c7440f810 code [0x00007f9c7440fc00, 0x00007f9c744132b8]
Event: 11.834 Thread 0x00007f9c840cf000 3515       4       java.util.stream.IntPipeline::forEachWithCancel (37 bytes)
Event: 11.838 Thread 0x00007f9c840cf000 nmethod 3515 0x00007f9c74415f90 code [0x00007f9c74416120, 0x00007f9c74416398]
Event: 11.838 Thread 0x00007f9c840cf000 3513       4       ch.idsia.crema.utility.ArraysUtil$$Lambda$250/0x00007f8c5dab4458::test (9 bytes)
Event: 11.839 Thread 0x00007f9c840cf000 nmethod 3513 0x00007f9c74416690 code [0x00007f9c74416800, 0x00007f9c74416858]
Event: 11.839 Thread 0x00007f9c840cf000 3517       4       org.jgrapht.graph.BaseIntrusiveEdgesSpecifics::getEdgeTarget (35 bytes)
Event: 11.854 Thread 0x00007f9c840cf000 nmethod 3517 0x00007f9c74416990 code [0x00007f9c74416b00, 0x00007f9c74416b98]
Event: 11.854 Thread 0x00007f9c840cf000 3518       4       com.google.common.collect.Hashing::smear (19 bytes)
Event: 11.859 Thread 0x00007f9c840cf000 nmethod 3518 0x00007f9c74416c90 code [0x00007f9c74416e00, 0x00007f9c74416e58]
Event: 11.860 Thread 0x00007f9c840cf000 3519       4       java.lang.Integer::rotateLeft (9 bytes)
Event: 11.860 Thread 0x00007f9c840cf000 nmethod 3519 0x00007f9c74416f90 code [0x00007f9c74417100, 0x00007f9c74417158]
Event: 11.860 Thread 0x00007f9c840cf000 3520       4       com.google.common.collect.ImmutableSet$SetBuilderImpl::addDedupedElement (28 bytes)
Event: 11.861 Thread 0x00007f9c840cf000 nmethod 3520 0x00007f9c74417290 code [0x00007f9c74417400, 0x00007f9c744174f8]

GC Heap History (20 events):
Event: 11.031 GC heap before
{Heap before GC invocations=8 (full 2):
 def new generation   total 629248K, used 559360K [0x00007f8c6c600000, 0x00007f8c970c0000, 0x00007f91c1b50000)
  eden space 559360K, 100% used [0x00007f8c6c600000, 0x00007f8c8e840000, 0x00007f8c8e840000)
  from space 69888K,   0% used [0x00007f8c92c80000, 0x00007f8c92c80000, 0x00007f8c970c0000)
  to   space 69888K,   0% used [0x00007f8c8e840000, 0x00007f8c8e840000, 0x00007f8c92c80000)
 tenured generation   total 3495300K, used 2112022K [0x00007f91c1b50000, 0x00007f92970b1000, 0x00007f9c6c600000)
   the space 3495300K,  60% used [0x00007f91c1b50000, 0x00007f92429d5ac0, 0x00007f92429d5c00, 0x00007f92970b1000)
 Metaspace       used 23315K, capacity 23688K, committed 23808K, reserved 24576K
}
Event: 11.035 GC heap after
{Heap after GC invocations=9 (full 2):
 def new generation   total 629248K, used 272K [0x00007f8c6c600000, 0x00007f8c970c0000, 0x00007f91c1b50000)
  eden space 559360K,   0% used [0x00007f8c6c600000, 0x00007f8c6c600000, 0x00007f8c8e840000)
  from space 69888K,   0% used [0x00007f8c8e840000, 0x00007f8c8e8840d8, 0x00007f8c92c80000)
  to   space 69888K,   0% used [0x00007f8c92c80000, 0x00007f8c92c80000, 0x00007f8c970c0000)
 tenured generation   total 3495300K, used 2112022K [0x00007f91c1b50000, 0x00007f92970b1000, 0x00007f9c6c600000)
   the space 3495300K,  60% used [0x00007f91c1b50000, 0x00007f92429d5ac0, 0x00007f92429d5c00, 0x00007f92970b1000)
 Metaspace       used 23315K, capacity 23688K, committed 23808K, reserved 24576K
}
Event: 11.734 GC heap before
{Heap before GC invocations=9 (full 2):
 def new generation   total 629248K, used 552655K [0x00007f8c6c600000, 0x00007f8c970c0000, 0x00007f91c1b50000)
  eden space 559360K,  98% used [0x00007f8c6c600000, 0x00007f8c8e16fe48, 0x00007f8c8e840000)
  from space 69888K,   0% used [0x00007f8c8e840000, 0x00007f8c8e8840d8, 0x00007f8c92c80000)
  to   space 69888K,   0% used [0x00007f8c92c80000, 0x00007f8c92c80000, 0x00007f8c970c0000)
 tenured generation   total 3495300K, used 2112022K [0x00007f91c1b50000, 0x00007f92970b1000, 0x00007f9c6c600000)
   the space 3495300K,  60% used [0x00007f91c1b50000, 0x00007f92429d5ac0, 0x00007f92429d5c00, 0x00007f92970b1000)
 Metaspace       used 23321K, capacity 23690K, committed 23808K, reserved 24576K
}
Event: 11.740 GC heap after
{Heap after GC invocations=10 (full 2):
 def new generation   total 629248K, used 4882K [0x00007f8c6c600000, 0x00007f8c970c0000, 0x00007f91c1b50000)
  eden space 559360K,   0% used [0x00007f8c6c600000, 0x00007f8c6c600000, 0x00007f8c8e840000)
  from space 69888K,   6% used [0x00007f8c92c80000, 0x00007f8c931449d0, 0x00007f8c970c0000)
  to   space 69888K,   0% used [0x00007f8c8e840000, 0x00007f8c8e840000, 0x00007f8c92c80000)
 tenured generation   total 3495300K, used 2112022K [0x00007f91c1b50000, 0x00007f92970b1000, 0x00007f9c6c600000)
   the space 3495300K,  60% used [0x00007f91c1b50000, 0x00007f92429d5ac0, 0x00007f92429d5c00, 0x00007f92970b1000)
 Metaspace       used 23321K, capacity 23690K, committed 23808K, reserved 24576K
}
Event: 11.740 GC heap before
{Heap before GC invocations=10 (full 2):
 def new generation   total 629248K, used 4882K [0x00007f8c6c600000, 0x00007f8c970c0000, 0x00007f91c1b50000)
  eden space 559360K,   0% used [0x00007f8c6c600000, 0x00007f8c6c600000, 0x00007f8c8e840000)
  from space 69888K,   6% used [0x00007f8c92c80000, 0x00007f8c931449d0, 0x00007f8c970c0000)
  to   space 69888K,   0% used [0x00007f8c8e840000, 0x00007f8c8e840000, 0x00007f8c92c80000)
 tenured generation   total 3495300K, used 2112022K [0x00007f91c1b50000, 0x00007f92970b1000, 0x00007f9c6c600000)
   the space 3495300K,  60% used [0x00007f91c1b50000, 0x00007f92429d5ac0, 0x00007f92429d5c00, 0x00007f92970b1000)
 Metaspace       used 23321K, capacity 23690K, committed 23808K, reserved 24576K
}
Event: 11.816 GC heap after
{Heap after GC invocations=10 (full 3):
 def new generation   total 1572992K, used 0K [0x00007f8c6c600000, 0x00007f8cd70c0000, 0x00007f91c1b50000)
  eden space 1398272K,   0% used [0x00007f8c6c600000, 0x00007f8c6c600000, 0x00007f8cc1b80000)
  from space 174720K,   0% used [0x00007f8cc1b80000, 0x00007f8cc1b80000, 0x00007f8ccc620000)
  to   space 174720K,   0% used [0x00007f8ccc620000, 0x00007f8ccc620000, 0x00007f8cd70c0000)
 tenured generation   total 3495300K, used 19753K [0x00007f91c1b50000, 0x00007f92970b1000, 0x00007f9c6c600000)
   the space 3495300K,   0% used [0x00007f91c1b50000, 0x00007f91c2e9a478, 0x00007f91c2e9a600, 0x00007f92970b1000)
 Metaspace       used 23321K, capacity 23690K, committed 23808K, reserved 24576K
}
Event: 23.233 GC heap before
{Heap before GC invocations=10 (full 3):
 def new generation   total 1572992K, used 27609K [0x00007f8c6c600000, 0x00007f8cd70c0000, 0x00007f91c1b50000)
  eden space 1398272K,   1% used [0x00007f8c6c600000, 0x00007f8c6e0f6468, 0x00007f8cc1b80000)
  from space 174720K,   0% used [0x00007f8cc1b80000, 0x00007f8cc1b80000, 0x00007f8ccc620000)
  to   space 174720K,   0% used [0x00007f8ccc620000, 0x00007f8ccc620000, 0x00007f8cd70c0000)
 tenured generation   total 7689608K, used 6311209K [0x00007f91c1b50000, 0x00007f93970b2000, 0x00007f9c6c600000)
   the space 7689608K,  82% used [0x00007f91c1b50000, 0x00007f9342e9a4a8, 0x00007f9342e9a600, 0x00007f93970b2000)
 Metaspace       used 23321K, capacity 23690K, committed 23808K, reserved 24576K
}
Event: 23.615 GC heap after
{Heap after GC invocations=11 (full 3):
 def new generation   total 1572992K, used 0K [0x00007f8c6c600000, 0x00007f8cd70c0000, 0x00007f91c1b50000)
  eden space 1398272K,   0% used [0x00007f8c6c600000, 0x00007f8c6c600000, 0x00007f8cc1b80000)
  from space 174720K,   0% used [0x00007f8ccc620000, 0x00007f8ccc6201b8, 0x00007f8cd70c0000)
  to   space 174720K,   0% used [0x00007f8cc1b80000, 0x00007f8cc1b80000, 0x00007f8ccc620000)
 tenured generation   total 7689608K, used 6311209K [0x00007f91c1b50000, 0x00007f93970b2000, 0x00007f9c6c600000)
   the space 7689608K,  82% used [0x00007f91c1b50000, 0x00007f9342e9a4a8, 0x00007f9342e9a600, 0x00007f93970b2000)
 Metaspace       used 23321K, capacity 23690K, committed 23808K, reserved 24576K
}
Event: 23.616 GC heap before
{Heap before GC invocations=11 (full 3):
 def new generation   total 1572992K, used 0K [0x00007f8c6c600000, 0x00007f8cd70c0000, 0x00007f91c1b50000)
  eden space 1398272K,   0% used [0x00007f8c6c600000, 0x00007f8c6c600000, 0x00007f8cc1b80000)
  from space 174720K,   0% used [0x00007f8ccc620000, 0x00007f8ccc6201b8, 0x00007f8cd70c0000)
  to   space 174720K,   0% used [0x00007f8cc1b80000, 0x00007f8cc1b80000, 0x00007f8ccc620000)
 tenured generation   total 7689608K, used 6311209K [0x00007f91c1b50000, 0x00007f93970b2000, 0x00007f9c6c600000)
   the space 7689608K,  82% used [0x00007f91c1b50000, 0x00007f9342e9a4a8, 0x00007f9342e9a600, 0x00007f93970b2000)
 Metaspace       used 23321K, capacity 23690K, committed 23808K, reserved 24576K
}
Event: 24.398 GC heap after
{Heap after GC invocations=11 (full 4):
 def new generation   total 3430336K, used 0K [0x00007f8c6c600000, 0x00007f8d55020000, 0x00007f91c1b50000)
  eden space 3049216K,   0% used [0x00007f8c6c600000, 0x00007f8c6c600000, 0x00007f8d267c0000)
  from space 381120K,   0% used [0x00007f8d267c0000, 0x00007f8d267c0000, 0x00007f8d3dbf0000)
  to   space 381120K,   0% used [0x00007f8d3dbf0000, 0x00007f8d3dbf0000, 0x00007f8d55020000)
 tenured generation   total 7622876K, used 2106678K [0x00007f91c1b50000, 0x00007f9392f87000, 0x00007f9c6c600000)
   the space 7622876K,  27% used [0x00007f91c1b50000, 0x00007f924249dbf8, 0x00007f924249dc00, 0x00007f9392f87000)
 Metaspace       used 23321K, capacity 23690K, committed 23808K, reserved 24576K
}
Event: 35.699 GC heap before
{Heap before GC invocations=11 (full 4):
 def new generation   total 3430336K, used 2157359K [0x00007f8c6c600000, 0x00007f8d55020000, 0x00007f91c1b50000)
  eden space 3049216K,  70% used [0x00007f8c6c600000, 0x00007f8cf00cbd08, 0x00007f8d267c0000)
  from space 381120K,   0% used [0x00007f8d267c0000, 0x00007f8d267c0000, 0x00007f8d3dbf0000)
  to   space 381120K,   0% used [0x00007f8d3dbf0000, 0x00007f8d3dbf0000, 0x00007f8d55020000)
 tenured generation   total 7622876K, used 2106678K [0x00007f91c1b50000, 0x00007f9392f87000, 0x00007f9c6c600000)
   the space 7622876K,  27% used [0x00007f91c1b50000, 0x00007f924249dbf8, 0x00007f924249dc00, 0x00007f9392f87000)
 Metaspace       used 23321K, capacity 23690K, committed 23808K, reserved 24576K
}
Event: 36.451 GC heap after
{Heap after GC invocations=12 (full 4):
 def new generation   total 3430336K, used 0K [0x00007f8c6c600000, 0x00007f8d55020000, 0x00007f91c1b50000)
  eden space 3049216K,   0% used [0x00007f8c6c600000, 0x00007f8c6c600000, 0x00007f8d267c0000)
  from space 381120K,   0% used [0x00007f8d3dbf0000, 0x00007f8d3dbf0248, 0x00007f8d55020000)
  to   space 381120K,   0% used [0x00007f8d267c0000, 0x00007f8d267c0000, 0x00007f8d3dbf0000)
 tenured generation   total 7622876K, used 4203831K [0x00007f91c1b50000, 0x00007f9392f87000, 0x00007f9c6c600000)
   the space 7622876K,  55% used [0x00007f91c1b50000, 0x00007f92c249dc10, 0x00007f92c249de00, 0x00007f9392f87000)
 Metaspace       used 23321K, capacity 23690K, committed 23808K, reserved 24576K
}
Event: 44.030 GC heap before
{Heap before GC invocations=12 (full 4):
 def new generation   total 3430336K, used 2288108K [0x00007f8c6c600000, 0x00007f8d55020000, 0x00007f91c1b50000)
  eden space 3049216K,  75% used [0x00007f8c6c600000, 0x00007f8cf807ae70, 0x00007f8d267c0000)
  from space 381120K,   0% used [0x00007f8d3dbf0000, 0x00007f8d3dbf0248, 0x00007f8d55020000)
  to   space 381120K,   0% used [0x00007f8d267c0000, 0x00007f8d267c0000, 0x00007f8d3dbf0000)
 tenured generation   total 7622876K, used 4203831K [0x00007f91c1b50000, 0x00007f9392f87000, 0x00007f9c6c600000)
   the space 7622876K,  55% used [0x00007f91c1b50000, 0x00007f92c249dc10, 0x00007f92c249de00, 0x00007f9392f87000)
 Metaspace       used 23321K, capacity 23690K, committed 23808K, reserved 24576K
}
Event: 44.181 GC heap after
{Heap after GC invocations=13 (full 4):
 def new generation   total 3430336K, used 131073K [0x00007f8c6c600000, 0x00007f8d55020000, 0x00007f91c1b50000)
  eden space 3049216K,   0% used [0x00007f8c6c600000, 0x00007f8c6c600000, 0x00007f8d267c0000)
  from space 381120K,  34% used [0x00007f8d267c0000, 0x00007f8d2e7c0450, 0x00007f8d3dbf0000)
  to   space 381120K,   0% used [0x00007f8d3dbf0000, 0x00007f8d3dbf0000, 0x00007f8d55020000)
 tenured generation   total 7622876K, used 4203831K [0x00007f91c1b50000, 0x00007f9392f87000, 0x00007f9c6c600000)
   the space 7622876K,  55% used [0x00007f91c1b50000, 0x00007f92c249dc10, 0x00007f92c249de00, 0x00007f9392f87000)
 Metaspace       used 23321K, capacity 23690K, committed 23808K, reserved 24576K
}
Event: 46.494 GC heap before
{Heap before GC invocations=13 (full 4):
 def new generation   total 3430336K, used 2287935K [0x00007f8c6c600000, 0x00007f8d55020000, 0x00007f91c1b50000)
  eden space 3049216K,  70% used [0x00007f8c6c600000, 0x00007f8cf004f8e8, 0x00007f8d267c0000)
  from space 381120K,  34% used [0x00007f8d267c0000, 0x00007f8d2e7c0450, 0x00007f8d3dbf0000)
  to   space 381120K,   0% used [0x00007f8d3dbf0000, 0x00007f8d3dbf0000, 0x00007f8d55020000)
 tenured generation   total 7622876K, used 4203831K [0x00007f91c1b50000, 0x00007f9392f87000, 0x00007f9c6c600000)
   the space 7622876K,  55% used [0x00007f91c1b50000, 0x00007f92c249dc10, 0x00007f92c249de00, 0x00007f9392f87000)
 Metaspace       used 23321K, capacity 23690K, committed 23808K, reserved 24576K
}
Event: 47.702 GC heap after
{Heap after GC invocations=14 (full 4):
 def new generation   total 3430336K, used 65537K [0x00007f8c6c600000, 0x00007f8d55020000, 0x00007f91c1b50000)
  eden space 3049216K,   0% used [0x00007f8c6c600000, 0x00007f8c6c600000, 0x00007f8d267c0000)
  from space 381120K,  17% used [0x00007f8d3dbf0000, 0x00007f8d41bf0430, 0x00007f8d55020000)
  to   space 381120K,   0% used [0x00007f8d267c0000, 0x00007f8d267c0000, 0x00007f8d3dbf0000)
 tenured generation   total 7622876K, used 6300983K [0x00007f91c1b50000, 0x00007f9392f87000, 0x00007f9c6c600000)
   the space 7622876K,  82% used [0x00007f91c1b50000, 0x00007f934249dc28, 0x00007f934249de00, 0x00007f9392f87000)
 Metaspace       used 23321K, capacity 23690K, committed 23808K, reserved 24576K
}
Event: 49.343 GC heap before
{Heap before GC invocations=14 (full 4):
 def new generation   total 3430336K, used 2222254K [0x00007f8c6c600000, 0x00007f8d55020000, 0x00007f91c1b50000)
  eden space 3049216K,  70% used [0x00007f8c6c600000, 0x00007f8cf002b560, 0x00007f8d267c0000)
  from space 381120K,  17% used [0x00007f8d3dbf0000, 0x00007f8d41bf0430, 0x00007f8d55020000)
  to   space 381120K,   0% used [0x00007f8d267c0000, 0x00007f8d267c0000, 0x00007f8d3dbf0000)
 tenured generation   total 7622876K, used 6300983K [0x00007f91c1b50000, 0x00007f9392f87000, 0x00007f9c6c600000)
   the space 7622876K,  82% used [0x00007f91c1b50000, 0x00007f934249dc28, 0x00007f934249de00, 0x00007f9392f87000)
 Metaspace       used 23321K, capacity 23690K, committed 23808K, reserved 24576K
}
Event: 52.536 GC heap after
{Heap after GC invocations=15 (full 4):
 def new generation   total 3430336K, used 65537K [0x00007f8c6c600000, 0x00007f8d55020000, 0x00007f91c1b50000)
  eden space 3049216K,   0% used [0x00007f8c6c600000, 0x00007f8c6c600000, 0x00007f8d267c0000)
  from space 381120K,  17% used [0x00007f8d267c0000, 0x00007f8d2a7c06c0, 0x00007f8d3dbf0000)
  to   space 381120K,   0% used [0x00007f8d3dbf0000, 0x00007f8d3dbf0000, 0x00007f8d55020000)
 tenured generation   total 9720032K, used 8398135K [0x00007f91c1b50000, 0x00007f9412f88000, 0x00007f9c6c600000)
   the space 9720032K,  86% used [0x00007f91c1b50000, 0x00007f93c249dc40, 0x00007f93c249de00, 0x00007f9412f88000)
 Metaspace       used 23321K, capacity 23690K, committed 23808K, reserved 24576K
}
Event: 52.536 GC heap before
{Heap before GC invocations=15 (full 4):
 def new generation   total 3430336K, used 65537K [0x00007f8c6c600000, 0x00007f8d55020000, 0x00007f91c1b50000)
  eden space 3049216K,   0% used [0x00007f8c6c600000, 0x00007f8c6c600000, 0x00007f8d267c0000)
  from space 381120K,  17% used [0x00007f8d267c0000, 0x00007f8d2a7c06c0, 0x00007f8d3dbf0000)
  to   space 381120K,   0% used [0x00007f8d3dbf0000, 0x00007f8d3dbf0000, 0x00007f8d55020000)
 tenured generation   total 9720032K, used 8398135K [0x00007f91c1b50000, 0x00007f9412f88000, 0x00007f9c6c600000)
   the space 9720032K,  86% used [0x00007f91c1b50000, 0x00007f93c249dc40, 0x00007f93c249de00, 0x00007f9412f88000)
 Metaspace       used 23321K, capacity 23690K, committed 23808K, reserved 24576K
}
Event: 54.615 GC heap after
{Heap after GC invocations=15 (full 5):
 def new generation   total 3430336K, used 0K [0x00007f8c6c600000, 0x00007f8d55020000, 0x00007f91c1b50000)
  eden space 3049216K,   0% used [0x00007f8c6c600000, 0x00007f8c6c600000, 0x00007f8d267c0000)
  from space 381120K,   0% used [0x00007f8d267c0000, 0x00007f8d267c0000, 0x00007f8d3dbf0000)
  to   space 381120K,   0% used [0x00007f8d3dbf0000, 0x00007f8d3dbf0000, 0x00007f8d55020000)
 tenured generation   total 7622876K, used 4203831K [0x00007f91c1b50000, 0x00007f9392f87000, 0x00007f9c6c600000)
   the space 7622876K,  55% used [0x00007f91c1b50000, 0x00007f92c249dfe8, 0x00007f92c249e000, 0x00007f9392f87000)
 Metaspace       used 23321K, capacity 23690K, committed 23808K, reserved 24576K
}

Deoptimization events (20 events):
Event: 10.947 Thread 0x00007f9c84018000 DEOPT PACKING pc=0x00007f9c743c3530 sp=0x00007f9c88f5f870
Event: 10.947 Thread 0x00007f9c84018000 DEOPT UNPACKING pc=0x00007f9c6c7d2e25 sp=0x00007f9c88f5f558 mode 2
Event: 11.011 Thread 0x00007f9c84018000 DEOPT PACKING pc=0x00007f9c6d2213c9 sp=0x00007f9c88f5f540
Event: 11.011 Thread 0x00007f9c84018000 DEOPT UNPACKING pc=0x00007f9c6c7d333a sp=0x00007f9c88f5ea18 mode 0
Event: 11.100 Thread 0x00007f9c84018000 DEOPT PACKING pc=0x00007f9c6d219cc8 sp=0x00007f9c88f5f590
Event: 11.100 Thread 0x00007f9c84018000 DEOPT UNPACKING pc=0x00007f9c6c7d333a sp=0x00007f9c88f5ea90 mode 0
Event: 11.213 Thread 0x00007f9c84018000 DEOPT PACKING pc=0x00007f9c6d219cc8 sp=0x00007f9c88f5f590
Event: 11.213 Thread 0x00007f9c84018000 DEOPT UNPACKING pc=0x00007f9c6c7d333a sp=0x00007f9c88f5ea90 mode 0
Event: 11.319 Thread 0x00007f9c84018000 DEOPT PACKING pc=0x00007f9c6d2213c9 sp=0x00007f9c88f5f540
Event: 11.319 Thread 0x00007f9c84018000 DEOPT UNPACKING pc=0x00007f9c6c7d333a sp=0x00007f9c88f5ea18 mode 0
Event: 11.329 Thread 0x00007f9c84018000 DEOPT PACKING pc=0x00007f9c6d219cc8 sp=0x00007f9c88f5f590
Event: 11.329 Thread 0x00007f9c84018000 DEOPT UNPACKING pc=0x00007f9c6c7d333a sp=0x00007f9c88f5ea90 mode 0
Event: 11.356 Thread 0x00007f9c84018000 DEOPT PACKING pc=0x00007f9c6d2fca35 sp=0x00007f9c88f5f7b0
Event: 11.356 Thread 0x00007f9c84018000 DEOPT UNPACKING pc=0x00007f9c6c7d333a sp=0x00007f9c88f5ed38 mode 0
Event: 11.586 Thread 0x00007f9c84018000 DEOPT PACKING pc=0x00007f9c6d2fc9e9 sp=0x00007f9c88f5f7b0
Event: 11.586 Thread 0x00007f9c84018000 DEOPT UNPACKING pc=0x00007f9c6c7d333a sp=0x00007f9c88f5ed38 mode 0
Event: 11.676 Thread 0x00007f9c84018000 Uncommon trap: trap_request=0xffffff45 fr.pc=0x00007f9c743e3b50 relative=0x00000000000002b0
Event: 11.676 Thread 0x00007f9c84018000 Uncommon trap: reason=unstable_if action=reinterpret pc=0x00007f9c743e3b50 method=com.google.common.collect.ImmutableSet$RegularSetBuilderImpl.add(Ljava/lang/Object;)Lcom/google/common/collect/ImmutableSet$SetBuilderImpl; @ 98 c2
Event: 11.676 Thread 0x00007f9c84018000 DEOPT PACKING pc=0x00007f9c743e3b50 sp=0x00007f9c88f5f460
Event: 11.676 Thread 0x00007f9c84018000 DEOPT UNPACKING pc=0x00007f9c6c7d2e25 sp=0x00007f9c88f5f410 mode 2

Classes unloaded (0 events):
No events

Classes redefined (0 events):
No events

Internal exceptions (20 events):
Event: 1.581 Thread 0x00007f9c84018000 Exception <a 'java/lang/NoSuchMethodError'{0x00007f8c7092ce30}: 'int java.lang.invoke.DirectMethodHandle$Holder.invokeVirtual(java.lang.Object, java.lang.Object, java.lang.Object, java.lang.Object)'> (0x00007f8c7092ce30) 
thrown [src/hotspot/share/interpreter/linkResolver.cpp, line 766]
Event: 1.582 Thread 0x00007f9c84018000 Exception <a 'java/lang/NoSuchMethodError'{0x00007f8c7093af78}: 'java.lang.Object java.lang.invoke.DirectMethodHandle$Holder.invokeStatic(java.lang.Object, java.lang.Object, int, java.lang.Object)'> (0x00007f8c7093af78) 
thrown [src/hotspot/share/interpreter/linkResolver.cpp, line 766]
Event: 1.583 Thread 0x00007f9c84018000 Exception <a 'java/lang/NoSuchMethodError'{0x00007f8c70943890}: 'java.lang.Object java.lang.invoke.Invokers$Holder.linkToTargetMethod(java.lang.Object, int, java.lang.Object, java.lang.Object)'> (0x00007f8c70943890) 
thrown [src/hotspot/share/interpreter/linkResolver.cpp, line 766]
Event: 1.999 Thread 0x00007f9c84018000 Exception <a 'java/lang/NoSuchMethodError'{0x00007f8c711f7be8}: 'java.lang.Object java.lang.invoke.Invokers$Holder.linkToTargetMethod(java.lang.Object, int, java.lang.Object)'> (0x00007f8c711f7be8) 
thrown [src/hotspot/share/interpreter/linkResolver.cpp, line 766]
Event: 2.027 Thread 0x00007f9c84018000 Exception <a 'java/lang/NoSuchMethodError'{0x00007f8c7128d5d8}: 'java.lang.Object java.lang.invoke.Invokers$Holder.linkToTargetMethod(java.lang.Object, long, java.lang.Object)'> (0x00007f8c7128d5d8) 
thrown [src/hotspot/share/interpreter/linkResolver.cpp, line 766]
Event: 2.049 Thread 0x00007f9c84018000 Exception <a 'java/lang/NoSuchMethodError'{0x00007f8c712f6ff8}: 'java.lang.Object java.lang.invoke.Invokers$Holder.linkToTargetMethod(double, java.lang.Object)'> (0x00007f8c712f6ff8) 
thrown [src/hotspot/share/interpreter/linkResolver.cpp, line 766]
Event: 2.207 Thread 0x00007f9c84018000 Exception <a 'java/lang/NoSuchMethodError'{0x00007f8c71ce5c00}: 'java.lang.Object java.lang.invoke.Invokers$Holder.invokeExact_MT(java.lang.Object, java.lang.Object, java.lang.Object, java.lang.Object, java.lang.Object, java.lang.Object)'> (0x00007f8c71ce5c00) 
thrown [src/hotspot/share/interpreter/linkResolver.cpp, line 766]
Event: 2.234 Thread 0x00007f9c84018000 Exception <a 'java/lang/NoSuchMethodError'{0x00007f8c71d98d80}: 'int java.lang.invoke.DirectMethodHandle$Holder.invokeStatic(java.lang.Object, java.lang.Object, int)'> (0x00007f8c71d98d80) 
thrown [src/hotspot/share/interpreter/linkResolver.cpp, line 766]
Event: 2.237 Thread 0x00007f9c84018000 Exception <a 'java/lang/NoSuchMethodError'{0x00007f8c71dac498}: 'int java.lang.invoke.DirectMethodHandle$Holder.invokeStatic(java.lang.Object, java.lang.Object, java.lang.Object, int)'> (0x00007f8c71dac498) 
thrown [src/hotspot/share/interpreter/linkResolver.cpp, line 766]
Event: 2.349 Thread 0x00007f9c840a7000 Implicit null exception at 0x00007f9c742a594c to 0x00007f9c742a5a00
Event: 2.592 Thread 0x00007f9c84018000 Exception <a 'java/lang/NoSuchMethodError'{0x00007f8c70027e90}: 'java.lang.Object java.lang.invoke.DirectMethodHandle$Holder.invokeInterface(java.lang.Object, java.lang.Object, java.lang.Object)'> (0x00007f8c70027e90) 
thrown [src/hotspot/share/interpreter/linkResolver.cpp, line 766]
Event: 2.593 Thread 0x00007f9c84018000 Exception <a 'java/lang/NoSuchMethodError'{0x00007f8c700372c0}: 'void java.lang.invoke.DirectMethodHandle$Holder.invokeStatic(java.lang.Object, java.lang.Object, java.lang.Object, java.lang.Object)'> (0x00007f8c700372c0) 
thrown [src/hotspot/share/interpreter/linkResolver.cpp, line 766]
Event: 2.696 Thread 0x00007f9c84018000 Exception <a 'java/lang/NoSuchMethodError'{0x00007f8c706eec00}: 'int java.lang.invoke.DirectMethodHandle$Holder.invokeStatic(java.lang.Object, int, java.lang.Object, int)'> (0x00007f8c706eec00) 
thrown [src/hotspot/share/interpreter/linkResolver.cpp, line 766]
Event: 2.696 Thread 0x00007f9c84018000 Exception <a 'java/lang/NoSuchMethodError'{0x00007f8c706f5c40}: 'java.lang.Object java.lang.invoke.DirectMethodHandle$Holder.invokeStatic(java.lang.Object, int, java.lang.Object)'> (0x00007f8c706f5c40) 
thrown [src/hotspot/share/interpreter/linkResolver.cpp, line 766]
Event: 2.769 Thread 0x00007f9c84018000 Exception <a 'java/lang/NoSuchMethodError'{0x00007f8c70894d08}: 'void java.lang.invoke.DirectMethodHandle$Holder.invokeStatic(java.lang.Object, java.lang.Object, int)'> (0x00007f8c70894d08) 
thrown [src/hotspot/share/interpreter/linkResolver.cpp, line 766]
Event: 2.788 Thread 0x00007f9c84018000 Exception <a 'java/lang/NoSuchMethodError'{0x00007f8c7096df08}: 'void java.lang.invoke.DirectMethodHandle$Holder.invokeInterface(java.lang.Object, java.lang.Object, int)'> (0x00007f8c7096df08) 
thrown [src/hotspot/share/interpreter/linkResolver.cpp, line 766]
Event: 2.788 Thread 0x00007f9c84018000 Exception <a 'java/lang/IncompatibleClassChangeError'{0x00007f8c709719d0}: Found class java.lang.Object, but interface was expected> (0x00007f8c709719d0) 
thrown [src/hotspot/share/interpreter/linkResolver.cpp, line 833]
Event: 4.384 Thread 0x00007f9c84018000 Exception <a 'java/lang/IncompatibleClassChangeError'{0x00007f8c73dd7430}: Found class java.lang.Object, but interface was expected> (0x00007f8c73dd7430) 
thrown [src/hotspot/share/interpreter/linkResolver.cpp, line 833]
Event: 5.218 Thread 0x00007f9c84018000 Exception <a 'java/lang/NegativeArraySizeException'{0x00007f8c70b26160}: -2147483648> (0x00007f8c70b26160) 
thrown [src/hotspot/share/oops/klass.cpp, line 674]
Event: 10.208 Thread 0x00007f9c84018000 Exception <a 'java/lang/ArrayIndexOutOfBoundsException'{0x00007f8c6c6000a0}: Index 0 out of bounds for length 0> (0x00007f8c6c6000a0) 
thrown [src/hotspot/share/interpreter/interpreterRuntime.cpp, line 458]

Events (20 events):
Event: 5.716 Executing VM operation: GenCollectForAllocation done
Event: 6.773 Executing VM operation: GenCollectForAllocation
Event: 6.777 Executing VM operation: GenCollectForAllocation done
Event: 7.634 Executing VM operation: GenCollectForAllocation
Event: 7.648 Executing VM operation: GenCollectForAllocation done
Event: 9.179 Executing VM operation: GenCollectForAllocation
Event: 9.234 Executing VM operation: GenCollectForAllocation done
Event: 11.031 Executing VM operation: GenCollectForAllocation
Event: 11.035 Executing VM operation: GenCollectForAllocation done
Event: 11.733 Executing VM operation: GenCollectForAllocation
Event: 11.840 Executing VM operation: GenCollectForAllocation done
Event: 23.140 Executing VM operation: GenCollectForAllocation
Event: 24.399 Executing VM operation: GenCollectForAllocation done
Event: 35.695 Executing VM operation: GenCollectForAllocation
Event: 36.451 Executing VM operation: GenCollectForAllocation done
Event: 44.023 Executing VM operation: GenCollectForAllocation
Event: 44.181 Executing VM operation: GenCollectForAllocation done
Event: 46.489 Executing VM operation: GenCollectForAllocation
Event: 47.702 Executing VM operation: GenCollectForAllocation done
Event: 49.343 Executing VM operation: GenCollectForAllocation


Dynamic libraries:
55b64e57c000-55b64e57d000 r--p 00000000 07:09 4860                       /usr/lib/jvm/java-13-openjdk-amd64/bin/java
55b64e57d000-55b64e57e000 r-xp 00001000 07:09 4860                       /usr/lib/jvm/java-13-openjdk-amd64/bin/java
55b64e57e000-55b64e57f000 r--p 00002000 07:09 4860                       /usr/lib/jvm/java-13-openjdk-amd64/bin/java
55b64e57f000-55b64e580000 r--p 00002000 07:09 4860                       /usr/lib/jvm/java-13-openjdk-amd64/bin/java
55b64e580000-55b64e581000 rw-p 00003000 07:09 4860                       /usr/lib/jvm/java-13-openjdk-amd64/bin/java
55b64f58c000-55b64f5ad000 rw-p 00000000 00:00 0                          [heap]
7f8c30000000-7f8c30021000 rw-p 00000000 00:00 0 
7f8c30021000-7f8c34000000 ---p 00000000 00:00 0 
7f8c38000000-7f8c38021000 rw-p 00000000 00:00 0 
7f8c38021000-7f8c3c000000 ---p 00000000 00:00 0 
7f8c3c000000-7f8c3c021000 rw-p 00000000 00:00 0 
7f8c3c021000-7f8c40000000 ---p 00000000 00:00 0 
7f8c40000000-7f8c41345000 rw-p 00000000 00:00 0 
7f8c41345000-7f8c44000000 ---p 00000000 00:00 0 
7f8c44000000-7f8c447af000 rw-p 00000000 00:00 0 
7f8c447af000-7f8c48000000 ---p 00000000 00:00 0 
7f8c48000000-7f8c48021000 rw-p 00000000 00:00 0 
7f8c48021000-7f8c4c000000 ---p 00000000 00:00 0 
7f8c4c000000-7f8c4c021000 rw-p 00000000 00:00 0 
7f8c4c021000-7f8c50000000 ---p 00000000 00:00 0 
7f8c50000000-7f8c50021000 rw-p 00000000 00:00 0 
7f8c50021000-7f8c54000000 ---p 00000000 00:00 0 
7f8c54000000-7f8c54021000 rw-p 00000000 00:00 0 
7f8c54021000-7f8c58000000 ---p 00000000 00:00 0 
7f8c58000000-7f8c58045000 rw-p 00000000 00:00 0 
7f8c58045000-7f8c5c000000 ---p 00000000 00:00 0 
7f8c5d6b8000-7f8c5d7f8000 rw-p 00000000 00:00 0 
7f8c5d7f8000-7f8c5d8b8000 ---p 00000000 00:00 0 
7f8c5d8b8000-7f8c5dab8000 rw-p 00000000 00:00 0 
7f8c5dc01000-7f8c5de01000 rw-p 00000000 00:00 0 
7f8c5de01000-7f8c5e001000 rw-p 00000000 00:00 0 
7f8c5e001000-7f8c5e3a1000 rw-p 00000000 00:00 0 
7f8c5e3a1000-7f8c5e5a1000 rw-p 00000000 00:00 0 
7f8c5e5a1000-7f8c5e7a1000 rw-p 00000000 00:00 0 
7f8c5e7a1000-7f8c5e9a1000 rw-p 00000000 00:00 0 
7f8c5e9a1000-7f8c5e9a2000 ---p 00000000 00:00 0 
7f8c5e9a2000-7f8c5eaa3000 rw-p 00000000 00:00 0 
7f8c5eaa3000-7f8c5eaa7000 ---p 00000000 00:00 0 
7f8c5eaa7000-7f8c5eba4000 rw-p 00000000 00:00 0 
7f8c5eba4000-7f8c5eba8000 ---p 00000000 00:00 0 
7f8c5eba8000-7f8c5eca5000 rw-p 00000000 00:00 0 
7f8c5eca5000-7f8c5eca9000 ---p 00000000 00:00 0 
7f8c5eca9000-7f8c5eda6000 rw-p 00000000 00:00 0 
7f8c5eda6000-7f8c5edaa000 ---p 00000000 00:00 0 
7f8c5edaa000-7f8c5eea7000 rw-p 00000000 00:00 0 
7f8c5eea7000-7f8c5eeab000 ---p 00000000 00:00 0 
7f8c5eeab000-7f8c5efa8000 rw-p 00000000 00:00 0 
7f8c5efa8000-7f8c5efac000 ---p 00000000 00:00 0 
7f8c5efac000-7f8c5ff34000 rw-p 00000000 00:00 0 
7f8c5ff34000-7f8c645ff000 ---p 00000000 00:00 0 
7f8c645ff000-7f8c64d45000 rw-p 00000000 00:00 0 
7f8c64d45000-7f8c670a9000 ---p 00000000 00:00 0 
7f8c670a9000-7f8c67f34000 rw-p 00000000 00:00 0 
7f8c67f34000-7f8c6c5ff000 ---p 00000000 00:00 0 
7f8c6c5ff000-7f8d55020000 rw-p 00000000 00:00 0 
7f8d55020000-7f91c1b50000 ---p 00000000 00:00 0 
7f91c1b50000-7f9392f87000 rw-p 00000000 00:00 0 
7f9592f88000-7f9c6c600000 ---p 00000000 00:00 0 
7f9c6c689000-7f9c6c68d000 ---p 00000000 00:00 0 
7f9c6c68d000-7f9c6c78a000 rw-p 00000000 00:00 0 
7f9c6c78a000-7f9c6c9fa000 rwxp 00000000 00:00 0 
7f9c6c9fa000-7f9c6cd19000 ---p 00000000 00:00 0 
7f9c6cd19000-7f9c6d309000 rwxp 00000000 00:00 0 
7f9c6d309000-7f9c74251000 ---p 00000000 00:00 0 
7f9c74251000-7f9c744c1000 rwxp 00000000 00:00 0 
7f9c744c1000-7f9c7b78a000 ---p 00000000 00:00 0 
7f9c7b78a000-7f9c84000000 r--s 00000000 07:09 5215                       /usr/lib/jvm/java-13-openjdk-amd64/lib/modules
7f9c84000000-7f9c84747000 rw-p 00000000 00:00 0 
7f9c84747000-7f9c88000000 ---p 00000000 00:00 0 
7f9c88054000-7f9c88085000 rw-p 00000000 00:00 0 
7f9c88085000-7f9c88089000 r--p 00000000 07:09 5204                       /usr/lib/jvm/java-13-openjdk-amd64/lib/libnet.so
7f9c88089000-7f9c88097000 r-xp 00004000 07:09 5204                       /usr/lib/jvm/java-13-openjdk-amd64/lib/libnet.so
7f9c88097000-7f9c8809b000 r--p 00012000 07:09 5204                       /usr/lib/jvm/java-13-openjdk-amd64/lib/libnet.so
7f9c8809b000-7f9c8809c000 r--p 00015000 07:09 5204                       /usr/lib/jvm/java-13-openjdk-amd64/lib/libnet.so
7f9c8809c000-7f9c8809d000 rw-p 00016000 07:09 5204                       /usr/lib/jvm/java-13-openjdk-amd64/lib/libnet.so
7f9c8809d000-7f9c880a4000 r--p 00000000 07:09 5205                       /usr/lib/jvm/java-13-openjdk-amd64/lib/libnio.so
7f9c880a4000-7f9c880ad000 r-xp 00007000 07:09 5205                       /usr/lib/jvm/java-13-openjdk-amd64/lib/libnio.so
7f9c880ad000-7f9c880b1000 r--p 00010000 07:09 5205                       /usr/lib/jvm/java-13-openjdk-amd64/lib/libnio.so
7f9c880b1000-7f9c880b2000 r--p 00013000 07:09 5205                       /usr/lib/jvm/java-13-openjdk-amd64/lib/libnio.so
7f9c880b2000-7f9c880b3000 rw-p 00014000 07:09 5205                       /usr/lib/jvm/java-13-openjdk-amd64/lib/libnio.so
7f9c880b3000-7f9c880ba000 r--s 00000000 07:09 8532                       /usr/lib/x86_64-linux-gnu/gconv/gconv-modules.cache
7f9c880ba000-7f9c880ec000 r--p 00000000 07:09 5276                       /usr/lib/locale/C.UTF-8/LC_CTYPE
7f9c880ec000-7f9c880f0000 ---p 00000000 00:00 0 
7f9c880f0000-7f9c881ed000 rw-p 00000000 00:00 0 
7f9c881ed000-7f9c881ee000 ---p 00000000 00:00 0 
7f9c881ee000-7f9c88c0c000 rw-p 00000000 00:00 0 
7f9c88c0c000-7f9c88c11000 rw-p 00000000 00:00 0 
7f9c88c11000-7f9c88cf7000 ---p 00000000 00:00 0 
7f9c88cf7000-7f9c88d03000 rw-p 00000000 00:00 0 
7f9c88d03000-7f9c88de2000 ---p 00000000 00:00 0 
7f9c88de2000-7f9c88de7000 rw-p 00000000 00:00 0 
7f9c88de7000-7f9c88dee000 ---p 00000000 00:00 0 
7f9c88dee000-7f9c88df0000 r--p 00000000 07:09 5214                       /usr/lib/jvm/java-13-openjdk-amd64/lib/libzip.so
7f9c88df0000-7f9c88df4000 r-xp 00002000 07:09 5214                       /usr/lib/jvm/java-13-openjdk-amd64/lib/libzip.so
7f9c88df4000-7f9c88df6000 r--p 00006000 07:09 5214                       /usr/lib/jvm/java-13-openjdk-amd64/lib/libzip.so
7f9c88df6000-7f9c88df7000 r--p 00007000 07:09 5214                       /usr/lib/jvm/java-13-openjdk-amd64/lib/libzip.so
7f9c88df7000-7f9c88df8000 rw-p 00008000 07:09 5214                       /usr/lib/jvm/java-13-openjdk-amd64/lib/libzip.so
7f9c88df8000-7f9c88e00000 rw-s 00000000 08:03 67673387                   /tmp/hsperfdata_rcabanas/61860
7f9c88e00000-7f9c88e03000 r--p 00000000 07:09 9108                       /usr/lib/x86_64-linux-gnu/libnss_files-2.31.so
7f9c88e03000-7f9c88e0a000 r-xp 00003000 07:09 9108                       /usr/lib/x86_64-linux-gnu/libnss_files-2.31.so
7f9c88e0a000-7f9c88e0c000 r--p 0000a000 07:09 9108                       /usr/lib/x86_64-linux-gnu/libnss_files-2.31.so
7f9c88e0c000-7f9c88e0d000 r--p 0000b000 07:09 9108                       /usr/lib/x86_64-linux-gnu/libnss_files-2.31.so
7f9c88e0d000-7f9c88e0e000 rw-p 0000c000 07:09 9108                       /usr/lib/x86_64-linux-gnu/libnss_files-2.31.so
7f9c88e0e000-7f9c88e14000 rw-p 00000000 00:00 0 
7f9c88e1a000-7f9c88e1c000 r--p 00000000 07:09 5195                       /usr/lib/jvm/java-13-openjdk-amd64/lib/libjimage.so
7f9c88e1c000-7f9c88e1f000 r-xp 00002000 07:09 5195                       /usr/lib/jvm/java-13-openjdk-amd64/lib/libjimage.so
7f9c88e1f000-7f9c88e20000 r--p 00005000 07:09 5195                       /usr/lib/jvm/java-13-openjdk-amd64/lib/libjimage.so
7f9c88e20000-7f9c88e21000 ---p 00006000 07:09 5195                       /usr/lib/jvm/java-13-openjdk-amd64/lib/libjimage.so
7f9c88e21000-7f9c88e22000 r--p 00006000 07:09 5195                       /usr/lib/jvm/java-13-openjdk-amd64/lib/libjimage.so
7f9c88e22000-7f9c88e23000 rw-p 00007000 07:09 5195                       /usr/lib/jvm/java-13-openjdk-amd64/lib/libjimage.so
7f9c88e23000-7f9c88e30000 r--p 00000000 07:09 5191                       /usr/lib/jvm/java-13-openjdk-amd64/lib/libjava.so
7f9c88e30000-7f9c88e45000 r-xp 0000d000 07:09 5191                       /usr/lib/jvm/java-13-openjdk-amd64/lib/libjava.so
7f9c88e45000-7f9c88e4b000 r--p 00022000 07:09 5191                       /usr/lib/jvm/java-13-openjdk-amd64/lib/libjava.so
7f9c88e4b000-7f9c88e4c000 ---p 00028000 07:09 5191                       /usr/lib/jvm/java-13-openjdk-amd64/lib/libjava.so
7f9c88e4c000-7f9c88e4d000 r--p 00028000 07:09 5191                       /usr/lib/jvm/java-13-openjdk-amd64/lib/libjava.so
7f9c88e4d000-7f9c88e4f000 rw-p 00029000 07:09 5191                       /usr/lib/jvm/java-13-openjdk-amd64/lib/libjava.so
7f9c88e4f000-7f9c88e54000 r--p 00000000 07:09 5213                       /usr/lib/jvm/java-13-openjdk-amd64/lib/libverify.so
7f9c88e54000-7f9c88e5b000 r-xp 00005000 07:09 5213                       /usr/lib/jvm/java-13-openjdk-amd64/lib/libverify.so
7f9c88e5b000-7f9c88e5d000 r--p 0000c000 07:09 5213                       /usr/lib/jvm/java-13-openjdk-amd64/lib/libverify.so
7f9c88e5d000-7f9c88e5e000 ---p 0000e000 07:09 5213                       /usr/lib/jvm/java-13-openjdk-amd64/lib/libverify.so
7f9c88e5e000-7f9c88e60000 r--p 0000e000 07:09 5213                       /usr/lib/jvm/java-13-openjdk-amd64/lib/libverify.so
7f9c88e60000-7f9c88e61000 rw-p 00010000 07:09 5213                       /usr/lib/jvm/java-13-openjdk-amd64/lib/libverify.so
7f9c88e61000-7f9c88e65000 ---p 00000000 00:00 0 
7f9c88e65000-7f9c88f62000 rw-p 00000000 00:00 0 
7f9c88f62000-7f9c88f65000 r--p 00000000 07:09 8948                       /usr/lib/x86_64-linux-gnu/libgcc_s.so.1
7f9c88f65000-7f9c88f77000 r-xp 00003000 07:09 8948                       /usr/lib/x86_64-linux-gnu/libgcc_s.so.1
7f9c88f77000-7f9c88f7b000 r--p 00015000 07:09 8948                       /usr/lib/x86_64-linux-gnu/libgcc_s.so.1
7f9c88f7b000-7f9c88f7c000 r--p 00018000 07:09 8948                       /usr/lib/x86_64-linux-gnu/libgcc_s.so.1
7f9c88f7c000-7f9c88f7d000 rw-p 00019000 07:09 8948                       /usr/lib/x86_64-linux-gnu/libgcc_s.so.1
7f9c88f7d000-7f9c88f8a000 r--p 00000000 07:09 9062                       /usr/lib/x86_64-linux-gnu/libm-2.31.so
7f9c88f8a000-7f9c89031000 r-xp 0000d000 07:09 9062                       /usr/lib/x86_64-linux-gnu/libm-2.31.so
7f9c89031000-7f9c890ca000 r--p 000b4000 07:09 9062                       /usr/lib/x86_64-linux-gnu/libm-2.31.so
7f9c890ca000-7f9c890cb000 r--p 0014c000 07:09 9062                       /usr/lib/x86_64-linux-gnu/libm-2.31.so
7f9c890cb000-7f9c890cc000 rw-p 0014d000 07:09 9062                       /usr/lib/x86_64-linux-gnu/libm-2.31.so
7f9c890cc000-7f9c89162000 r--p 00000000 07:09 9213                       /usr/lib/x86_64-linux-gnu/libstdc++.so.6.0.28
7f9c89162000-7f9c89253000 r-xp 00096000 07:09 9213                       /usr/lib/x86_64-linux-gnu/libstdc++.so.6.0.28
7f9c89253000-7f9c8929c000 r--p 00187000 07:09 9213                       /usr/lib/x86_64-linux-gnu/libstdc++.so.6.0.28
7f9c8929c000-7f9c8929d000 ---p 001d0000 07:09 9213                       /usr/lib/x86_64-linux-gnu/libstdc++.so.6.0.28
7f9c8929d000-7f9c892a8000 r--p 001d0000 07:09 9213                       /usr/lib/x86_64-linux-gnu/libstdc++.so.6.0.28
7f9c892a8000-7f9c892ab000 rw-p 001db000 07:09 9213                       /usr/lib/x86_64-linux-gnu/libstdc++.so.6.0.28
7f9c892ab000-7f9c892ae000 rw-p 00000000 00:00 0 
7f9c892ae000-7f9c89534000 r--p 00000000 07:09 5226                       /usr/lib/jvm/java-13-openjdk-amd64/lib/server/libjvm.so
7f9c89534000-7f9c8a2b1000 r-xp 00286000 07:09 5226                       /usr/lib/jvm/java-13-openjdk-amd64/lib/server/libjvm.so
7f9c8a2b1000-7f9c8a52c000 r--p 01003000 07:09 5226                       /usr/lib/jvm/java-13-openjdk-amd64/lib/server/libjvm.so
7f9c8a52c000-7f9c8a5f1000 r--p 0127d000 07:09 5226                       /usr/lib/jvm/java-13-openjdk-amd64/lib/server/libjvm.so
7f9c8a5f1000-7f9c8a62c000 rw-p 01342000 07:09 5226                       /usr/lib/jvm/java-13-openjdk-amd64/lib/server/libjvm.so
7f9c8a62c000-7f9c8a6b2000 rw-p 00000000 00:00 0 
7f9c8a6b2000-7f9c8a6b8000 r--p 00000000 07:09 9166                       /usr/lib/x86_64-linux-gnu/libpthread-2.31.so
7f9c8a6b8000-7f9c8a6c9000 r-xp 00006000 07:09 9166                       /usr/lib/x86_64-linux-gnu/libpthread-2.31.so
7f9c8a6c9000-7f9c8a6cf000 r--p 00017000 07:09 9166                       /usr/lib/x86_64-linux-gnu/libpthread-2.31.so
7f9c8a6cf000-7f9c8a6d0000 r--p 0001c000 07:09 9166                       /usr/lib/x86_64-linux-gnu/libpthread-2.31.so
7f9c8a6d0000-7f9c8a6d1000 rw-p 0001d000 07:09 9166                       /usr/lib/x86_64-linux-gnu/libpthread-2.31.so
7f9c8a6d1000-7f9c8a6d5000 rw-p 00000000 00:00 0 
7f9c8a6d5000-7f9c8a6d6000 r--p 00000000 07:09 8893                       /usr/lib/x86_64-linux-gnu/libdl-2.31.so
7f9c8a6d6000-7f9c8a6d8000 r-xp 00001000 07:09 8893                       /usr/lib/x86_64-linux-gnu/libdl-2.31.so
7f9c8a6d8000-7f9c8a6d9000 r--p 00003000 07:09 8893                       /usr/lib/x86_64-linux-gnu/libdl-2.31.so
7f9c8a6d9000-7f9c8a6da000 r--p 00003000 07:09 8893                       /usr/lib/x86_64-linux-gnu/libdl-2.31.so
7f9c8a6da000-7f9c8a6db000 rw-p 00004000 07:09 8893                       /usr/lib/x86_64-linux-gnu/libdl-2.31.so
7f9c8a6db000-7f9c8a6dd000 r--p 00000000 07:09 9290                       /usr/lib/x86_64-linux-gnu/libz.so.1.2.11
7f9c8a6dd000-7f9c8a6ee000 r-xp 00002000 07:09 9290                       /usr/lib/x86_64-linux-gnu/libz.so.1.2.11
7f9c8a6ee000-7f9c8a6f4000 r--p 00013000 07:09 9290                       /usr/lib/x86_64-linux-gnu/libz.so.1.2.11
7f9c8a6f4000-7f9c8a6f5000 ---p 00019000 07:09 9290                       /usr/lib/x86_64-linux-gnu/libz.so.1.2.11
7f9c8a6f5000-7f9c8a6f6000 r--p 00019000 07:09 9290                       /usr/lib/x86_64-linux-gnu/libz.so.1.2.11
7f9c8a6f6000-7f9c8a6f7000 rw-p 0001a000 07:09 9290                       /usr/lib/x86_64-linux-gnu/libz.so.1.2.11
7f9c8a6f7000-7f9c8a719000 r--p 00000000 07:09 8851                       /usr/lib/x86_64-linux-gnu/libc-2.31.so
7f9c8a719000-7f9c8a891000 r-xp 00022000 07:09 8851                       /usr/lib/x86_64-linux-gnu/libc-2.31.so
7f9c8a891000-7f9c8a8df000 r--p 0019a000 07:09 8851                       /usr/lib/x86_64-linux-gnu/libc-2.31.so
7f9c8a8df000-7f9c8a8e3000 r--p 001e7000 07:09 8851                       /usr/lib/x86_64-linux-gnu/libc-2.31.so
7f9c8a8e3000-7f9c8a8e5000 rw-p 001eb000 07:09 8851                       /usr/lib/x86_64-linux-gnu/libc-2.31.so
7f9c8a8e5000-7f9c8a8e9000 rw-p 00000000 00:00 0 
7f9c8a8eb000-7f9c8a8ed000 r--s 0000c000 07:09 20930                      /usr/share/java/java-atk-wrapper.jar
7f9c8a8ed000-7f9c8a8ee000 ---p 00000000 00:00 0 
7f9c8a8ee000-7f9c8a8ef000 r--p 00000000 00:00 0 
7f9c8a8ef000-7f9c8a8f2000 r--p 00000000 07:09 5196                       /usr/lib/jvm/java-13-openjdk-amd64/lib/libjli.so
7f9c8a8f2000-7f9c8a8fc000 r-xp 00003000 07:09 5196                       /usr/lib/jvm/java-13-openjdk-amd64/lib/libjli.so
7f9c8a8fc000-7f9c8a8ff000 r--p 0000d000 07:09 5196                       /usr/lib/jvm/java-13-openjdk-amd64/lib/libjli.so
7f9c8a8ff000-7f9c8a900000 r--p 0000f000 07:09 5196                       /usr/lib/jvm/java-13-openjdk-amd64/lib/libjli.so
7f9c8a900000-7f9c8a901000 rw-p 00010000 07:09 5196                       /usr/lib/jvm/java-13-openjdk-amd64/lib/libjli.so
7f9c8a901000-7f9c8a903000 rw-p 00000000 00:00 0 
7f9c8a903000-7f9c8a904000 r--p 00000000 07:09 8572                       /usr/lib/x86_64-linux-gnu/ld-2.31.so
7f9c8a904000-7f9c8a927000 r-xp 00001000 07:09 8572                       /usr/lib/x86_64-linux-gnu/ld-2.31.so
7f9c8a927000-7f9c8a92f000 r--p 00024000 07:09 8572                       /usr/lib/x86_64-linux-gnu/ld-2.31.so
7f9c8a92f000-7f9c8a930000 ---p 00000000 00:00 0 
7f9c8a930000-7f9c8a931000 r--p 0002c000 07:09 8572                       /usr/lib/x86_64-linux-gnu/ld-2.31.so
7f9c8a931000-7f9c8a932000 rw-p 0002d000 07:09 8572                       /usr/lib/x86_64-linux-gnu/ld-2.31.so
7f9c8a932000-7f9c8a933000 rw-p 00000000 00:00 0 
7ffebfe87000-7ffebfea8000 rw-p 00000000 00:00 0                          [stack]
7ffebfeae000-7ffebfeb0000 r-xp 00000000 00:00 0                          [vdso]
ffffffffff600000-ffffffffff601000 r-xp 00000000 00:00 0                  [vsyscall]


VM Arguments:
jvm_args: -Xmx64g --add-modules=ALL-DEFAULT 
java_command: jdk.compiler/com.sun.tools.javac.launcher.Main /mnt/beegfs/rcabanas/dev/credici/papers/journalEM/code/GenerateModel.java -n 13 -d 1000 -di 0.5 -mr 0.98 -r 1.0 --seed 22 --output /mnt/beegfs/rcabanas/dev/credici/papers/journalEM/models/synthetic/s2/ --debug
java_class_path (initial): /mnt/beegfs/rcabanas/dev/credici/target/credici-0.1.3-jar-with-dependencies.jar
Launcher Type: SUN_STANDARD

[Global flags]
     intx CICompilerCount                          = 2                                         {product} {ergonomic}
   size_t InitialHeapSize                          = 2147483648                                {product} {ergonomic}
   size_t MaxHeapSize                              = 68719476736                               {product} {command line}
   size_t MaxNewSize                               = 22906470400                               {product} {ergonomic}
   size_t MinHeapDeltaBytes                        = 196608                                    {product} {ergonomic}
   size_t MinHeapSize                              = 8388608                                   {product} {ergonomic}
   size_t NewSize                                  = 715784192                                 {product} {ergonomic}
    uintx NonNMethodCodeHeapSize                   = 5826188                                {pd product} {ergonomic}
    uintx NonProfiledCodeHeapSize                  = 122916026                              {pd product} {ergonomic}
   size_t OldSize                                  = 1431699456                                {product} {ergonomic}
    uintx ProfiledCodeHeapSize                     = 122916026                              {pd product} {ergonomic}
    uintx ReservedCodeCacheSize                    = 251658240                              {pd product} {ergonomic}
     bool SegmentedCodeCache                       = true                                      {product} {ergonomic}
   size_t SoftMaxHeapSize                          = 68719476736                            {manageable} {ergonomic}
     bool UseSerialGC                              = true                                      {product} {ergonomic}

Logging:
Log output configuration:
 #0: stdout all=warning uptime,level,tags
 #1: stderr all=off uptime,level,tags

Environment Variables:
PATH=/usr/local/sbin:/usr/local/bin:/usr/sbin:/usr/bin:/sbin:/bin
LD_LIBRARY_PATH=/.singularity.d/libs

Signal Handlers:
SIGSEGV: [libjvm.so+0xf8fcf0], sa_mask[0]=11111111011111111101111111111110, sa_flags=SA_RESTART|SA_SIGINFO
SIGBUS: [libjvm.so+0xf8fcf0], sa_mask[0]=11111111011111111101111111111110, sa_flags=SA_RESTART|SA_SIGINFO
SIGFPE: [libjvm.so+0xf8fcf0], sa_mask[0]=11111111011111111101111111111110, sa_flags=SA_RESTART|SA_SIGINFO
SIGPIPE: [libjvm.so+0xc3ffa0], sa_mask[0]=11111111011111111101111111111110, sa_flags=SA_RESTART|SA_SIGINFO
SIGXFSZ: [libjvm.so+0xc3ffa0], sa_mask[0]=11111111011111111101111111111110, sa_flags=SA_RESTART|SA_SIGINFO
SIGILL: [libjvm.so+0xf8fcf0], sa_mask[0]=11111111011111111101111111111110, sa_flags=SA_RESTART|SA_SIGINFO
SIGUSR2: [libjvm.so+0xc3fe40], sa_mask[0]=00000000000000000000000000000000, sa_flags=SA_RESTART|SA_SIGINFO
SIGHUP: [libjvm.so+0xc40580], sa_mask[0]=11111111011111111101111111111110, sa_flags=SA_RESTART|SA_SIGINFO
SIGINT: [libjvm.so+0xc40580], sa_mask[0]=11111111011111111101111111111110, sa_flags=SA_RESTART|SA_SIGINFO
SIGTERM: [libjvm.so+0xc40580], sa_mask[0]=11111111011111111101111111111110, sa_flags=SA_RESTART|SA_SIGINFO
SIGQUIT: [libjvm.so+0xc40580], sa_mask[0]=11111111011111111101111111111110, sa_flags=SA_RESTART|SA_SIGINFO


---------------  S Y S T E M  ---------------

OS:DISTRIB_ID=Ubuntu
DISTRIB_RELEASE=20.04
DISTRIB_CODENAME=focal
DISTRIB_DESCRIPTION="Ubuntu 20.04.4 LTS"
uname:Linux 3.10.0-1160.15.2.el7.x86_64 #1 SMP Wed Feb 3 15:06:38 UTC 2021 x86_64
OS uptime: 474 days 3:02 hours
libc:glibc 2.31 NPTL 2.31 
rlimit (soft/hard): STACK 8192k/infinity , CORE 0k/infinity , NPROC 4096/1030217 , NOFILE 131072/131072 , AS infinity/infinity , CPU infinity/infinity , DATA infinity/infinity , FSIZE infinity/infinity , MEMLOCK infinity/infinity
load average:39.81 11.37 3.92

/proc/meminfo:
MemTotal:       263895364 kB
MemFree:         4260960 kB
MemAvailable:    4235140 kB
Buffers:          219588 kB
Cached:          1994496 kB
SwapCached:       288900 kB
Active:         241513288 kB
Inactive:        8737428 kB
Active(anon):   241181912 kB
Inactive(anon):  8422748 kB
Active(file):     331376 kB
Inactive(file):   314680 kB
Unevictable:       14584 kB
Mlocked:           14584 kB
SwapTotal:       4194300 kB
SwapFree:         473092 kB
Dirty:               552 kB
Writeback:             0 kB
AnonPages:      247319552 kB
Mapped:           379452 kB
Shmem:           1563560 kB
Slab:             781512 kB
SReclaimable:     209760 kB
SUnreclaim:       571752 kB
KernelStack:       33552 kB
PageTables:       523440 kB
NFS_Unstable:          0 kB
Bounce:                0 kB
WritebackTmp:          0 kB
CommitLimit:    136141980 kB
Committed_AS:   322929300 kB
VmallocTotal:   34359738367 kB
VmallocUsed:      877276 kB
VmallocChunk:   34222345688 kB
Percpu:            29696 kB
HardwareCorrupted:     0 kB
AnonHugePages:  160616448 kB
CmaTotal:              0 kB
CmaFree:               0 kB
HugePages_Total:       0
HugePages_Free:        0
HugePages_Rsvd:        0
HugePages_Surp:        0
Hugepagesize:       2048 kB
DirectMap4k:      601704 kB
DirectMap2M:    25475072 kB
DirectMap1G:    242221056 kB

/sys/kernel/mm/transparent_hugepage/enabled:
[always] madvise never

/sys/kernel/mm/transparent_hugepage/defrag (defrag/compaction efforts parameter):
[always] madvise never


/proc/sys/kernel/threads-max (system-wide limit on the number of threads):
2060435


/proc/sys/vm/max_map_count (maximum number of memory map areas a process may have):
65530


/proc/sys/kernel/pid_max (system-wide limit on number of process identifiers):
65536



Steal ticks since vm start: 0
Steal ticks percentage since vm start:  0.000

CPU:total 64 (initial active 1) (32 cores per cpu, 1 threads per core) family 23 model 49 stepping 0, cmov, cx8, fxsr, mmx, sse, sse2, sse3, ssse3, sse4.1, sse4.2, popcnt, avx, avx2, aes, clmul, mmxext, 3dnowpref, lzcnt, sse4a, tsc, tscinvbit, tscinv, bmi1, bmi2, adx, sha, fma
CPU Model and flags from /proc/cpuinfo:
model name	: AMD EPYC 7542 32-Core Processor
flags		: fpu vme de pse tsc msr pae mce cx8 apic sep mtrr pge mca cmov pat pse36 clflush mmx fxsr sse sse2 ht syscall nx mmxext fxsr_opt pdpe1gb rdtscp lm constant_tsc art rep_good nopl nonstop_tsc extd_apicid aperfmperf eagerfpu pni pclmulqdq monitor ssse3 fma cx16 sse4_1 sse4_2 movbe popcnt aes xsave avx f16c rdrand lahf_lm cmp_legacy svm extapic cr8_legacy abm sse4a misalignsse 3dnowprefetch osvw ibs skinit wdt tce topoext perfctr_core perfctr_nb bpext perfctr_l2 cpb cat_l3 cdp_l3 hw_pstate sme retpoline_amd ssbd ibrs ibpb stibp vmmcall fsgsbase bmi1 avx2 smep bmi2 cqm rdt_a rdseed adx smap clflushopt clwb sha_ni xsaveopt xsavec xgetbv1 cqm_llc cqm_occup_llc cqm_mbm_total cqm_mbm_local clzero irperf xsaveerptr arat npt lbrv svm_lock nrip_save tsc_scale vmcb_clean flushbyasid decodeassists pausefilter pfthreshold avic v_vmsave_vmload vgif umip overflow_recov succor smca
Online cpus:0-63
Offline cpus:
BIOS frequency limitation:2900000
Frequency switch latency (ns):0
Available cpu frequencies:2900000 2400000 1500000 
Current governor:conservative
Core performance/turbo boost:1

Memory: 4k page, physical 263895364k(4238528k free), swap 4194300k(473092k free)

vm_info: OpenJDK 64-Bit Server VM (13.0.7+5-Ubuntu-0ubuntu120.04) for linux-amd64 JRE (13.0.7+5-Ubuntu-0ubuntu120.04), built on Apr 21 2021 05:36:19 by "unknown" with gcc 9.3.0

END.
