#
# There is insufficient memory for the Java Runtime Environment to continue.
# Native memory allocation (mmap) failed to map 455475200 bytes for committing reserved memory.
# Possible reasons:
#   The system is out of physical RAM or swap space
# Possible solutions:
#   Reduce memory load on the system
#   Increase physical memory or swap space
#   Check if swap backing store is full
#   Decrease Java heap size (-Xmx/-Xms)
#   Decrease number of Java threads
#   Decrease Java thread stack sizes (-Xss)
#   Set larger code cache with -XX:ReservedCodeCacheSize=
# This output file may be truncated or incomplete.
#
#  Out of Memory Error (os_linux.cpp:2899), pid=28786, tid=28788
#
# JRE version: OpenJDK Runtime Environment (13.0.7+5) (build 13.0.7+5-Ubuntu-0ubuntu120.04)
# Java VM: OpenJDK 64-Bit Server VM (13.0.7+5-Ubuntu-0ubuntu120.04, mixed mode, tiered, serial gc, linux-amd64)
# No core dump will be written. Core dumps have been disabled. To enable core dumping, try "ulimit -c unlimited" before starting Java again
#

---------------  S U M M A R Y ------------

Command Line: -Xmx64g --add-modules=ALL-DEFAULT jdk.compiler/com.sun.tools.javac.launcher.Main /mnt/beegfs/rcabanas/dev/credici/papers/journalEM/code/LearnAndCalculatePNS.java -w -x 100 -m 500 -sc KL -th 1e-08 -a EMCC --seed 0 --output /mnt/beegfs/rcabanas/dev/credici/papers/journalEM/output/triangolo --cause 3 --effect 0 /mnt/beegfs/rcabanas/dev/credici/papers/journalEM/models/triangolo/triangolo_causal.uai

Host: AMD EPYC 7542 32-Core Processor, 64 cores, 251G, Ubuntu 20.04.4 LTS
Time: Tue Oct 18 17:35:07 2022 CEST elapsed time: 655.529860 seconds (0d 0h 10m 55s)

---------------  T H R E A D  ---------------

Current thread (0x00007fe0e4097800):  VMThread "VM Thread" [stack: 0x00007fe0eb20a000,0x00007fe0eb30a000] [id=28788]

Stack: [0x00007fe0eb20a000,0x00007fe0eb30a000],  sp=0x00007fe0eb308160,  free space=1016k
Native frames: (J=compiled Java code, A=aot compiled Java code, j=interpreted, Vv=VM code, C=native code)
V  [libjvm.so+0xf8f092]
V  [libjvm.so+0xf8fc91]
V  [libjvm.so+0x66ee5a]
V  [libjvm.so+0xc44a41]
V  [libjvm.so+0xc3b263]
V  [libjvm.so+0xf87f4b]
V  [libjvm.so+0x557506]
V  [libjvm.so+0x557723]
V  [libjvm.so+0xf18b0c]
V  [libjvm.so+0x557e65]
V  [libjvm.so+0x7e2edb]
V  [libjvm.so+0x7e39bd]
V  [libjvm.so+0x7d8b48]
V  [libjvm.so+0xf90940]
V  [libjvm.so+0xf96657]
V  [libjvm.so+0xf96d2b]
V  [libjvm.so+0xf9706a]
V  [libjvm.so+0xf2208f]
V  [libjvm.so+0xc493ff]

VM_Operation (0x00007fe0ebf7a510): GenCollectForAllocation, mode: safepoint, requested by thread 0x00007fe0e4018000


---------------  P R O C E S S  ---------------

Threads class SMR info:
_java_thread_list=0x00007fe0e41361e0, length=9, elements={
0x00007fe0e4018000, 0x00007fe0e40a3800, 0x00007fe0e40a7000, 0x00007fe0e40cb800,
0x00007fe0e40cd000, 0x00007fe0e40cf000, 0x00007fe0e40d1000, 0x00007fe0e40d3000,
0x00007fe0e4134800
}

Java Threads: ( => current thread )
  0x00007fe0e4018000 JavaThread "main" [_thread_blocked, id=28787, stack(0x00007fe0ebe7c000,0x00007fe0ebf7d000)]
  0x00007fe0e40a3800 JavaThread "Reference Handler" daemon [_thread_blocked, id=28789, stack(0x00007fe0eb107000,0x00007fe0eb208000)]
  0x00007fe0e40a7000 JavaThread "Finalizer" daemon [_thread_blocked, id=28790, stack(0x00007fe0eb006000,0x00007fe0eb107000)]
  0x00007fe0e40cb800 JavaThread "Signal Dispatcher" daemon [_thread_blocked, id=28791, stack(0x00007fe0eaecc000,0x00007fe0eafcd000)]
  0x00007fe0e40cd000 JavaThread "Service Thread" daemon [_thread_blocked, id=28792, stack(0x00007fe0eadcb000,0x00007fe0eaecc000)]
  0x00007fe0e40cf000 JavaThread "C2 CompilerThread0" daemon [_thread_blocked, id=28793, stack(0x00007fe0eacca000,0x00007fe0eadcb000)]
  0x00007fe0e40d1000 JavaThread "C1 CompilerThread0" daemon [_thread_blocked, id=28794, stack(0x00007fe0eabc9000,0x00007fe0eacca000)]
  0x00007fe0e40d3000 JavaThread "Sweeper thread" daemon [_thread_blocked, id=28795, stack(0x00007fe0eaac8000,0x00007fe0eabc9000)]
  0x00007fe0e4134800 JavaThread "Common-Cleaner" daemon [_thread_blocked, id=28796, stack(0x00007fe0ea9c7000,0x00007fe0eaac8000)]

Other Threads:
=>0x00007fe0e4097800 VMThread "VM Thread" [stack: 0x00007fe0eb20a000,0x00007fe0eb30a000] [id=28788]
  0x00007fe0e4181800 WatcherThread [stack: 0x00007fe0ea8c7000,0x00007fe0ea9c7000] [id=28797]

Threads with active compile tasks:

VM state:at safepoint (normal execution)

VM Mutex/Monitor currently owned by a thread:  ([mutex/lock_event])
[0x00007fe0e40141e0] Threads_lock - owner thread: 0x00007fe0e4097800
[0x00007fe0e4014de0] Heap_lock - owner thread: 0x00007fe0e4018000

Heap:
 def new generation   total 804160K, used 0K [0x00007fd0cc600000, 0x00007fd102e90000, 0x00007fd621b50000)
  eden space 714816K,   0% used [0x00007fd0cc600000, 0x00007fd0cc600000, 0x00007fd0f8010000)
  from space 89344K,   0% used [0x00007fd0fd750000, 0x00007fd0fd750000, 0x00007fd102e90000)
  to   space 89344K,   0% used [0x00007fd0f8010000, 0x00007fd0f8010000, 0x00007fd0fd750000)
 tenured generation   total 1819716K, used 1358707K [0x00007fd621b50000, 0x00007fd690c61000, 0x00007fe0cc600000)
   the space 1819716K,  74% used [0x00007fd621b50000, 0x00007fd674a2ced0, 0x00007fd674a2d000, 0x00007fd690c61000)
 Metaspace       used 24254K, capacity 24704K, committed 24832K, reserved 26624K

Card table byte_map: [0x00007fd0c45ff000,0x00007fd0cc600000] _byte_map_base: 0x00007f90dbf9c000

Polling page: 0x00007fe0ed908000

Metaspace:

Usage:
   24.12 MB capacity,    23.69 MB ( 98%) used,   359.22 KB (  1%) free+waste,    90.31 KB ( <1%) overhead. 

Virtual space:
     26.00 MB reserved,      24.25 MB ( 93%) committed 

Chunk freelists:
104.00 KB

MaxMetaspaceSize: unlimited


CodeHeap 'non-profiled nmethods': size=120036Kb used=1837Kb max_used=1903Kb free=118198Kb
 bounds [0x00007fe0d4251000, 0x00007fe0d44c1000, 0x00007fe0db78a000]
CodeHeap 'profiled nmethods': size=120032Kb used=4970Kb max_used=6752Kb free=115061Kb
 bounds [0x00007fe0ccd19000, 0x00007fe0cd3b9000, 0x00007fe0d4251000]
CodeHeap 'non-nmethods': size=5692Kb used=1209Kb max_used=1262Kb free=4482Kb
 bounds [0x00007fe0cc78a000, 0x00007fe0cc9fa000, 0x00007fe0ccd19000]
 total_blobs=3589 nmethods=3108 adapters=396
 compilation: enabled
              stopped_count=0, restarted_count=0
 full_count=0

Compilation events (20 events):
Event: 522.196 Thread 0x00007fe0e40cf000 3857       4       ch.idsia.crema.model.graphical.SparseDirectedAcyclicGraph::removeLink (14 bytes)
Event: 522.213 Thread 0x00007fe0e40cf000 nmethod 3857 0x00007fe0d4277e10 code [0x00007fe0d4277fe0, 0x00007fe0d4278388]
Event: 536.108 Thread 0x00007fe0e40cf000 3858       4       ch.idsia.credici.model.StructuralCausalModel::getEndogenousVars (71 bytes)
Event: 536.169 Thread 0x00007fe0e40cf000 nmethod 3858 0x00007fe0d42a7710 code [0x00007fe0d42a7980, 0x00007fe0d42a8c20]
Event: 578.825 Thread 0x00007fe0e40cf000 3859       4       org.jgrapht.traverse.BreadthFirstIterator::encounterVertex (57 bytes)
Event: 578.925 Thread 0x00007fe0e40cf000 nmethod 3859 0x00007fe0d43bcd10 code [0x00007fe0d43bcf40, 0x00007fe0d43bdd60]
Event: 579.099 Thread 0x00007fe0e40cf000 3860       4       java.util.LinkedList::addAll (182 bytes)
Event: 579.105 Thread 0x00007fe0e40cf000 nmethod 3860 0x00007fe0d4285690 code [0x00007fe0d4285820, 0x00007fe0d4285cd8]
Event: 579.885 Thread 0x00007fe0e40cf000 3861       4       ch.idsia.crema.factor.FactorUtil::marginal (52 bytes)
Event: 579.896 Thread 0x00007fe0e40cf000 nmethod 3861 0x00007fe0d42e9a90 code [0x00007fe0d42e9c40, 0x00007fe0d42ea348]
Event: 593.825 Thread 0x00007fe0e40cf000 3862       4       gnu.trove.map.hash.TIntObjectHashMap$MapBackedView::toArray (41 bytes)
Event: 593.927 Thread 0x00007fe0e40cf000 nmethod 3862 0x00007fe0d4325d10 code [0x00007fe0d4325ea0, 0x00007fe0d4326378]
Event: 620.083 Thread 0x00007fe0e40cf000 3864       4       org.jgrapht.traverse.CrossComponentIterator::addUnseenChildrenOf (84 bytes)
Event: 620.297 Thread 0x00007fe0e40cf000 nmethod 3864 0x00007fe0d442ce10 code [0x00007fe0d442d140, 0x00007fe0d442f270]
Event: 620.297 Thread 0x00007fe0e40cf000 3865       4       org.jgrapht.traverse.CrossComponentIterator::next (82 bytes)
Event: 620.436 Thread 0x00007fe0e40cf000 nmethod 3865 0x00007fe0d4367f90 code [0x00007fe0d4368280, 0x00007fe0d4369ad0]
Event: 627.339 Thread 0x00007fe0e40d1000 3866       3       java.util.stream.ReduceOps::makeRef (42 bytes)
Event: 627.342 Thread 0x00007fe0e40d1000 nmethod 3866 0x00007fe0ccd45210 code [0x00007fe0ccd45400, 0x00007fe0ccd45a00]
Event: 641.441 Thread 0x00007fe0e40d1000 3867       3       com.google.common.collect.ImmutableSet::hashFloodingDetected (134 bytes)
Event: 641.442 Thread 0x00007fe0e40d1000 nmethod 3867 0x00007fe0cced9090 code [0x00007fe0cced9280, 0x00007fe0cced9900]

GC Heap History (20 events):
Event: 642.847 GC heap after
{Heap after GC invocations=778 (full 3):
 def new generation   total 804160K, used 20036K [0x00007fd0cc600000, 0x00007fd102e90000, 0x00007fd621b50000)
  eden space 714816K,   0% used [0x00007fd0cc600000, 0x00007fd0cc600000, 0x00007fd0f8010000)
  from space 89344K,  22% used [0x00007fd0f8010000, 0x00007fd0f93a1278, 0x00007fd0fd750000)
  to   space 89344K,   0% used [0x00007fd0fd750000, 0x00007fd0fd750000, 0x00007fd102e90000)
 tenured generation   total 1786940K, used 1779592K [0x00007fd621b50000, 0x00007fd68ec5f000, 0x00007fe0cc600000)
   the space 1786940K,  99% used [0x00007fd621b50000, 0x00007fd68e532068, 0x00007fd68e532200, 0x00007fd68ec5f000)
 Metaspace       used 24254K, capacity 24704K, committed 24832K, reserved 26624K
}
Event: 643.943 GC heap before
{Heap before GC invocations=778 (full 3):
 def new generation   total 804160K, used 729754K [0x00007fd0cc600000, 0x00007fd102e90000, 0x00007fd621b50000)
  eden space 714816K,  99% used [0x00007fd0cc600000, 0x00007fd0f7b15898, 0x00007fd0f8010000)
  from space 89344K,  22% used [0x00007fd0f8010000, 0x00007fd0f93a1278, 0x00007fd0fd750000)
  to   space 89344K,   0% used [0x00007fd0fd750000, 0x00007fd0fd750000, 0x00007fd102e90000)
 tenured generation   total 1786940K, used 1779592K [0x00007fd621b50000, 0x00007fd68ec5f000, 0x00007fe0cc600000)
   the space 1786940K,  99% used [0x00007fd621b50000, 0x00007fd68e532068, 0x00007fd68e532200, 0x00007fd68ec5f000)
 Metaspace       used 24254K, capacity 24704K, committed 24832K, reserved 26624K
}
Event: 643.958 GC heap after
{Heap after GC invocations=779 (full 3):
 def new generation   total 804160K, used 6702K [0x00007fd0cc600000, 0x00007fd102e90000, 0x00007fd621b50000)
  eden space 714816K,   0% used [0x00007fd0cc600000, 0x00007fd0cc600000, 0x00007fd0f8010000)
  from space 89344K,   7% used [0x00007fd0fd750000, 0x00007fd0fdddbb08, 0x00007fd102e90000)
  to   space 89344K,   0% used [0x00007fd0f8010000, 0x00007fd0f8010000, 0x00007fd0fd750000)
 tenured generation   total 1786940K, used 1779592K [0x00007fd621b50000, 0x00007fd68ec5f000, 0x00007fe0cc600000)
   the space 1786940K,  99% used [0x00007fd621b50000, 0x00007fd68e532068, 0x00007fd68e532200, 0x00007fd68ec5f000)
 Metaspace       used 24254K, capacity 24704K, committed 24832K, reserved 26624K
}
Event: 644.900 GC heap before
{Heap before GC invocations=779 (full 3):
 def new generation   total 804160K, used 721518K [0x00007fd0cc600000, 0x00007fd102e90000, 0x00007fd621b50000)
  eden space 714816K, 100% used [0x00007fd0cc600000, 0x00007fd0f8010000, 0x00007fd0f8010000)
  from space 89344K,   7% used [0x00007fd0fd750000, 0x00007fd0fdddbb08, 0x00007fd102e90000)
  to   space 89344K,   0% used [0x00007fd0f8010000, 0x00007fd0f8010000, 0x00007fd0fd750000)
 tenured generation   total 1786940K, used 1779592K [0x00007fd621b50000, 0x00007fd68ec5f000, 0x00007fe0cc600000)
   the space 1786940K,  99% used [0x00007fd621b50000, 0x00007fd68e532068, 0x00007fd68e532200, 0x00007fd68ec5f000)
 Metaspace       used 24254K, capacity 24704K, committed 24832K, reserved 26624K
}
Event: 644.917 GC heap after
{Heap after GC invocations=780 (full 3):
 def new generation   total 804160K, used 9789K [0x00007fd0cc600000, 0x00007fd102e90000, 0x00007fd621b50000)
  eden space 714816K,   0% used [0x00007fd0cc600000, 0x00007fd0cc600000, 0x00007fd0f8010000)
  from space 89344K,  10% used [0x00007fd0f8010000, 0x00007fd0f899f7a8, 0x00007fd0fd750000)
  to   space 89344K,   0% used [0x00007fd0fd750000, 0x00007fd0fd750000, 0x00007fd102e90000)
 tenured generation   total 1786940K, used 1779592K [0x00007fd621b50000, 0x00007fd68ec5f000, 0x00007fe0cc600000)
   the space 1786940K,  99% used [0x00007fd621b50000, 0x00007fd68e532068, 0x00007fd68e532200, 0x00007fd68ec5f000)
 Metaspace       used 24254K, capacity 24704K, committed 24832K, reserved 26624K
}
Event: 645.867 GC heap before
{Heap before GC invocations=780 (full 3):
 def new generation   total 804160K, used 712585K [0x00007fd0cc600000, 0x00007fd102e90000, 0x00007fd621b50000)
  eden space 714816K,  98% used [0x00007fd0cc600000, 0x00007fd0f7452e88, 0x00007fd0f8010000)
  from space 89344K,  10% used [0x00007fd0f8010000, 0x00007fd0f899f7a8, 0x00007fd0fd750000)
  to   space 89344K,   0% used [0x00007fd0fd750000, 0x00007fd0fd750000, 0x00007fd102e90000)
 tenured generation   total 1786940K, used 1779592K [0x00007fd621b50000, 0x00007fd68ec5f000, 0x00007fe0cc600000)
   the space 1786940K,  99% used [0x00007fd621b50000, 0x00007fd68e532068, 0x00007fd68e532200, 0x00007fd68ec5f000)
 Metaspace       used 24254K, capacity 24704K, committed 24832K, reserved 26624K
}
Event: 645.885 GC heap after
{Heap after GC invocations=781 (full 3):
 def new generation   total 804160K, used 13891K [0x00007fd0cc600000, 0x00007fd102e90000, 0x00007fd621b50000)
  eden space 714816K,   0% used [0x00007fd0cc600000, 0x00007fd0cc600000, 0x00007fd0f8010000)
  from space 89344K,  15% used [0x00007fd0fd750000, 0x00007fd0fe4e0de8, 0x00007fd102e90000)
  to   space 89344K,   0% used [0x00007fd0f8010000, 0x00007fd0f8010000, 0x00007fd0fd750000)
 tenured generation   total 1786940K, used 1779592K [0x00007fd621b50000, 0x00007fd68ec5f000, 0x00007fe0cc600000)
   the space 1786940K,  99% used [0x00007fd621b50000, 0x00007fd68e532068, 0x00007fd68e532200, 0x00007fd68ec5f000)
 Metaspace       used 24254K, capacity 24704K, committed 24832K, reserved 26624K
}
Event: 646.804 GC heap before
{Heap before GC invocations=781 (full 3):
 def new generation   total 804160K, used 728707K [0x00007fd0cc600000, 0x00007fd102e90000, 0x00007fd621b50000)
  eden space 714816K, 100% used [0x00007fd0cc600000, 0x00007fd0f8010000, 0x00007fd0f8010000)
  from space 89344K,  15% used [0x00007fd0fd750000, 0x00007fd0fe4e0de8, 0x00007fd102e90000)
  to   space 89344K,   0% used [0x00007fd0f8010000, 0x00007fd0f8010000, 0x00007fd0fd750000)
 tenured generation   total 1786940K, used 1779592K [0x00007fd621b50000, 0x00007fd68ec5f000, 0x00007fe0cc600000)
   the space 1786940K,  99% used [0x00007fd621b50000, 0x00007fd68e532068, 0x00007fd68e532200, 0x00007fd68ec5f000)
 Metaspace       used 24254K, capacity 24704K, committed 24832K, reserved 26624K
}
Event: 646.829 GC heap after
{Heap after GC invocations=782 (full 3):
 def new generation   total 804160K, used 16456K [0x00007fd0cc600000, 0x00007fd102e90000, 0x00007fd621b50000)
  eden space 714816K,   0% used [0x00007fd0cc600000, 0x00007fd0cc600000, 0x00007fd0f8010000)
  from space 89344K,  18% used [0x00007fd0f8010000, 0x00007fd0f9022300, 0x00007fd0fd750000)
  to   space 89344K,   0% used [0x00007fd0fd750000, 0x00007fd0fd750000, 0x00007fd102e90000)
 tenured generation   total 1786940K, used 1779592K [0x00007fd621b50000, 0x00007fd68ec5f000, 0x00007fe0cc600000)
   the space 1786940K,  99% used [0x00007fd621b50000, 0x00007fd68e532068, 0x00007fd68e532200, 0x00007fd68ec5f000)
 Metaspace       used 24254K, capacity 24704K, committed 24832K, reserved 26624K
}
Event: 647.516 GC heap before
{Heap before GC invocations=782 (full 3):
 def new generation   total 804160K, used 731272K [0x00007fd0cc600000, 0x00007fd102e90000, 0x00007fd621b50000)
  eden space 714816K, 100% used [0x00007fd0cc600000, 0x00007fd0f8010000, 0x00007fd0f8010000)
  from space 89344K,  18% used [0x00007fd0f8010000, 0x00007fd0f9022300, 0x00007fd0fd750000)
  to   space 89344K,   0% used [0x00007fd0fd750000, 0x00007fd0fd750000, 0x00007fd102e90000)
 tenured generation   total 1786940K, used 1779592K [0x00007fd621b50000, 0x00007fd68ec5f000, 0x00007fe0cc600000)
   the space 1786940K,  99% used [0x00007fd621b50000, 0x00007fd68e532068, 0x00007fd68e532200, 0x00007fd68ec5f000)
 Metaspace       used 24254K, capacity 24704K, committed 24832K, reserved 26624K
}
Event: 647.542 GC heap after
{Heap after GC invocations=783 (full 3):
 def new generation   total 804160K, used 16442K [0x00007fd0cc600000, 0x00007fd102e90000, 0x00007fd621b50000)
  eden space 714816K,   0% used [0x00007fd0cc600000, 0x00007fd0cc600000, 0x00007fd0f8010000)
  from space 89344K,  18% used [0x00007fd0fd750000, 0x00007fd0fe75ebe0, 0x00007fd102e90000)
  to   space 89344K,   0% used [0x00007fd0f8010000, 0x00007fd0f8010000, 0x00007fd0fd750000)
 tenured generation   total 1786940K, used 1779592K [0x00007fd621b50000, 0x00007fd68ec5f000, 0x00007fe0cc600000)
   the space 1786940K,  99% used [0x00007fd621b50000, 0x00007fd68e532068, 0x00007fd68e532200, 0x00007fd68ec5f000)
 Metaspace       used 24254K, capacity 24704K, committed 24832K, reserved 26624K
}
Event: 648.256 GC heap before
{Heap before GC invocations=783 (full 3):
 def new generation   total 804160K, used 731258K [0x00007fd0cc600000, 0x00007fd102e90000, 0x00007fd621b50000)
  eden space 714816K, 100% used [0x00007fd0cc600000, 0x00007fd0f8010000, 0x00007fd0f8010000)
  from space 89344K,  18% used [0x00007fd0fd750000, 0x00007fd0fe75ebe0, 0x00007fd102e90000)
  to   space 89344K,   0% used [0x00007fd0f8010000, 0x00007fd0f8010000, 0x00007fd0fd750000)
 tenured generation   total 1786940K, used 1779592K [0x00007fd621b50000, 0x00007fd68ec5f000, 0x00007fe0cc600000)
   the space 1786940K,  99% used [0x00007fd621b50000, 0x00007fd68e532068, 0x00007fd68e532200, 0x00007fd68ec5f000)
 Metaspace       used 24254K, capacity 24704K, committed 24832K, reserved 26624K
}
Event: 648.308 GC heap after
{Heap after GC invocations=784 (full 3):
 def new generation   total 804160K, used 16462K [0x00007fd0cc600000, 0x00007fd102e90000, 0x00007fd621b50000)
  eden space 714816K,   0% used [0x00007fd0cc600000, 0x00007fd0cc600000, 0x00007fd0f8010000)
  from space 89344K,  18% used [0x00007fd0f8010000, 0x00007fd0f90238b8, 0x00007fd0fd750000)
  to   space 89344K,   0% used [0x00007fd0fd750000, 0x00007fd0fd750000, 0x00007fd102e90000)
 tenured generation   total 1786940K, used 1779592K [0x00007fd621b50000, 0x00007fd68ec5f000, 0x00007fe0cc600000)
   the space 1786940K,  99% used [0x00007fd621b50000, 0x00007fd68e532068, 0x00007fd68e532200, 0x00007fd68ec5f000)
 Metaspace       used 24254K, capacity 24704K, committed 24832K, reserved 26624K
}
Event: 649.353 GC heap before
{Heap before GC invocations=784 (full 3):
 def new generation   total 804160K, used 731278K [0x00007fd0cc600000, 0x00007fd102e90000, 0x00007fd621b50000)
  eden space 714816K, 100% used [0x00007fd0cc600000, 0x00007fd0f8010000, 0x00007fd0f8010000)
  from space 89344K,  18% used [0x00007fd0f8010000, 0x00007fd0f90238b8, 0x00007fd0fd750000)
  to   space 89344K,   0% used [0x00007fd0fd750000, 0x00007fd0fd750000, 0x00007fd102e90000)
 tenured generation   total 1786940K, used 1779592K [0x00007fd621b50000, 0x00007fd68ec5f000, 0x00007fe0cc600000)
   the space 1786940K,  99% used [0x00007fd621b50000, 0x00007fd68e532068, 0x00007fd68e532200, 0x00007fd68ec5f000)
 Metaspace       used 24254K, capacity 24704K, committed 24832K, reserved 26624K
}
Event: 649.394 GC heap after
{Heap after GC invocations=785 (full 3):
 def new generation   total 804160K, used 39046K [0x00007fd0cc600000, 0x00007fd102e90000, 0x00007fd621b50000)
  eden space 714816K,   0% used [0x00007fd0cc600000, 0x00007fd0cc600000, 0x00007fd0f8010000)
  from space 89344K,  43% used [0x00007fd0fd750000, 0x00007fd0ffd71980, 0x00007fd102e90000)
  to   space 89344K,   0% used [0x00007fd0f8010000, 0x00007fd0f8010000, 0x00007fd0fd750000)
 tenured generation   total 1786940K, used 1779592K [0x00007fd621b50000, 0x00007fd68ec5f000, 0x00007fe0cc600000)
   the space 1786940K,  99% used [0x00007fd621b50000, 0x00007fd68e532068, 0x00007fd68e532200, 0x00007fd68ec5f000)
 Metaspace       used 24254K, capacity 24704K, committed 24832K, reserved 26624K
}
Event: 650.453 GC heap before
{Heap before GC invocations=785 (full 3):
 def new generation   total 804160K, used 741867K [0x00007fd0cc600000, 0x00007fd102e90000, 0x00007fd621b50000)
  eden space 714816K,  98% used [0x00007fd0cc600000, 0x00007fd0f74592e8, 0x00007fd0f8010000)
  from space 89344K,  43% used [0x00007fd0fd750000, 0x00007fd0ffd71980, 0x00007fd102e90000)
  to   space 89344K,   0% used [0x00007fd0f8010000, 0x00007fd0f8010000, 0x00007fd0fd750000)
 tenured generation   total 1786940K, used 1779592K [0x00007fd621b50000, 0x00007fd68ec5f000, 0x00007fe0cc600000)
   the space 1786940K,  99% used [0x00007fd621b50000, 0x00007fd68e532068, 0x00007fd68e532200, 0x00007fd68ec5f000)
 Metaspace       used 24254K, capacity 24704K, committed 24832K, reserved 26624K
}
Event: 650.508 GC heap after
{Heap after GC invocations=786 (full 3):
 def new generation   total 804160K, used 57023K [0x00007fd0cc600000, 0x00007fd102e90000, 0x00007fd621b50000)
  eden space 714816K,   0% used [0x00007fd0cc600000, 0x00007fd0cc600000, 0x00007fd0f8010000)
  from space 89344K,  63% used [0x00007fd0f8010000, 0x00007fd0fb7bffc8, 0x00007fd0fd750000)
  to   space 89344K,   0% used [0x00007fd0fd750000, 0x00007fd0fd750000, 0x00007fd102e90000)
 tenured generation   total 1786940K, used 1779592K [0x00007fd621b50000, 0x00007fd68ec5f000, 0x00007fe0cc600000)
   the space 1786940K,  99% used [0x00007fd621b50000, 0x00007fd68e532068, 0x00007fd68e532200, 0x00007fd68ec5f000)
 Metaspace       used 24254K, capacity 24704K, committed 24832K, reserved 26624K
}
Event: 651.544 GC heap before
{Heap before GC invocations=786 (full 3):
 def new generation   total 804160K, used 767671K [0x00007fd0cc600000, 0x00007fd102e90000, 0x00007fd621b50000)
  eden space 714816K,  99% used [0x00007fd0cc600000, 0x00007fd0f7bfdfb0, 0x00007fd0f8010000)
  from space 89344K,  63% used [0x00007fd0f8010000, 0x00007fd0fb7bffc8, 0x00007fd0fd750000)
  to   space 89344K,   0% used [0x00007fd0fd750000, 0x00007fd0fd750000, 0x00007fd102e90000)
 tenured generation   total 1786940K, used 1779592K [0x00007fd621b50000, 0x00007fd68ec5f000, 0x00007fe0cc600000)
   the space 1786940K,  99% used [0x00007fd621b50000, 0x00007fd68e532068, 0x00007fd68e532200, 0x00007fd68ec5f000)
 Metaspace       used 24254K, capacity 24704K, committed 24832K, reserved 26624K
}
Event: 651.646 GC heap after
{Heap after GC invocations=787 (full 3):
 def new generation   total 804160K, used 8241K [0x00007fd0cc600000, 0x00007fd102e90000, 0x00007fd621b50000)
  eden space 714816K,   0% used [0x00007fd0cc600000, 0x00007fd0cc600000, 0x00007fd0f8010000)
  from space 89344K,   9% used [0x00007fd0fd750000, 0x00007fd0fdf5c4f8, 0x00007fd102e90000)
  to   space 89344K,   0% used [0x00007fd0f8010000, 0x00007fd0f8010000, 0x00007fd0fd750000)
 tenured generation   total 1819716K, used 1816071K [0x00007fd621b50000, 0x00007fd690c61000, 0x00007fe0cc600000)
   the space 1819716K,  99% used [0x00007fd621b50000, 0x00007fd6908d1dd0, 0x00007fd6908d1e00, 0x00007fd690c61000)
 Metaspace       used 24254K, capacity 24704K, committed 24832K, reserved 26624K
}
Event: 651.646 GC heap before
{Heap before GC invocations=787 (full 3):
 def new generation   total 804160K, used 8241K [0x00007fd0cc600000, 0x00007fd102e90000, 0x00007fd621b50000)
  eden space 714816K,   0% used [0x00007fd0cc600000, 0x00007fd0cc600000, 0x00007fd0f8010000)
  from space 89344K,   9% used [0x00007fd0fd750000, 0x00007fd0fdf5c4f8, 0x00007fd102e90000)
  to   space 89344K,   0% used [0x00007fd0f8010000, 0x00007fd0f8010000, 0x00007fd0fd750000)
 tenured generation   total 1819716K, used 1816071K [0x00007fd621b50000, 0x00007fd690c61000, 0x00007fe0cc600000)
   the space 1819716K,  99% used [0x00007fd621b50000, 0x00007fd6908d1dd0, 0x00007fd6908d1e00, 0x00007fd690c61000)
 Metaspace       used 24254K, capacity 24704K, committed 24832K, reserved 26624K
}

Deoptimization events (20 events):
Event: 24.628 Thread 0x00007fe0e4018000 DEOPT PACKING pc=0x00007fe0cd367e8a sp=0x00007fe0ebf7a610
Event: 24.628 Thread 0x00007fe0e4018000 DEOPT UNPACKING pc=0x00007fe0cc7d333a sp=0x00007fe0ebf79b58 mode 0
Event: 25.114 Thread 0x00007fe0e4018000 DEOPT PACKING pc=0x00007fe0cd371999 sp=0x00007fe0ebf7a440
Event: 25.114 Thread 0x00007fe0e4018000 DEOPT UNPACKING pc=0x00007fe0cc7d333a sp=0x00007fe0ebf79978 mode 0
Event: 91.890 Thread 0x00007fe0e4018000 DEOPT PACKING pc=0x00007fe0cd375acb sp=0x00007fe0ebf7a2c0
Event: 91.890 Thread 0x00007fe0e4018000 DEOPT UNPACKING pc=0x00007fe0cc7d333a sp=0x00007fe0ebf796d0 mode 0
Event: 140.571 Thread 0x00007fe0e4018000 DEOPT PACKING pc=0x00007fe0cd3a65a4 sp=0x00007fe0ebf7a740
Event: 140.575 Thread 0x00007fe0e4018000 DEOPT UNPACKING pc=0x00007fe0cc7d333a sp=0x00007fe0ebf79d68 mode 0
Event: 155.726 Thread 0x00007fe0e4018000 DEOPT PACKING pc=0x00007fe0cd3a65a4 sp=0x00007fe0ebf7a740
Event: 155.726 Thread 0x00007fe0e4018000 DEOPT UNPACKING pc=0x00007fe0cc7d333a sp=0x00007fe0ebf79d68 mode 0
Event: 169.899 Thread 0x00007fe0e4018000 DEOPT PACKING pc=0x00007fe0cd3a65a4 sp=0x00007fe0ebf7a740
Event: 169.899 Thread 0x00007fe0e4018000 DEOPT UNPACKING pc=0x00007fe0cc7d333a sp=0x00007fe0ebf79d68 mode 0
Event: 180.896 Thread 0x00007fe0e4018000 Uncommon trap: trap_request=0xffffffc6 fr.pc=0x00007fe0d43cc660 relative=0x0000000000000aa0
Event: 180.896 Thread 0x00007fe0e4018000 Uncommon trap: reason=bimorphic_or_optimized_type_check action=maybe_recompile pc=0x00007fe0d43cc660 method=java.util.HashMap.removeNode(ILjava/lang/Object;Ljava/lang/Object;ZZ)Ljava/util/HashMap$Node; @ 68 c2
Event: 180.896 Thread 0x00007fe0e4018000 DEOPT PACKING pc=0x00007fe0d43cc660 sp=0x00007fe0ebf7a310
Event: 180.896 Thread 0x00007fe0e4018000 DEOPT UNPACKING pc=0x00007fe0cc7d2e25 sp=0x00007fe0ebf7a2a8 mode 2
Event: 181.830 Thread 0x00007fe0e4018000 DEOPT PACKING pc=0x00007fe0cd3a65a4 sp=0x00007fe0ebf7a740
Event: 181.830 Thread 0x00007fe0e4018000 DEOPT UNPACKING pc=0x00007fe0cc7d333a sp=0x00007fe0ebf79d68 mode 0
Event: 199.474 Thread 0x00007fe0e4018000 DEOPT PACKING pc=0x00007fe0cd3a65a4 sp=0x00007fe0ebf7a740
Event: 199.474 Thread 0x00007fe0e4018000 DEOPT UNPACKING pc=0x00007fe0cc7d333a sp=0x00007fe0ebf79d68 mode 0

Classes unloaded (0 events):
No events

Classes redefined (0 events):
No events

Internal exceptions (20 events):
Event: 1.216 Thread 0x00007fe0e4018000 Exception <a 'java/lang/NoSuchMethodError'{0x00007fd0cdbf5aa0}: 'java.lang.Object java.lang.invoke.DirectMethodHandle$Holder.invokeVirtual(java.lang.Object, java.lang.Object, java.lang.Object)'> (0x00007fd0cdbf5aa0) 
thrown [src/hotspot/share/interpreter/linkResolver.cpp, line 766]
Event: 1.224 Thread 0x00007fe0e4018000 Exception <a 'java/lang/NoSuchMethodError'{0x00007fd0cdbfe1f8}: 'int java.lang.invoke.DirectMethodHandle$Holder.invokeInterface(java.lang.Object, java.lang.Object)'> (0x00007fd0cdbfe1f8) 
thrown [src/hotspot/share/interpreter/linkResolver.cpp, line 766]
Event: 1.251 Thread 0x00007fe0e4018000 Exception <a 'java/lang/NoSuchMethodError'{0x00007fd0cdc411d0}: 'int java.lang.invoke.DirectMethodHandle$Holder.invokeSpecial(java.lang.Object, java.lang.Object, java.lang.Object, java.lang.Object)'> (0x00007fd0cdc411d0) 
thrown [src/hotspot/share/interpreter/linkResolver.cpp, line 766]
Event: 1.260 Thread 0x00007fe0e4018000 Exception <a 'java/lang/NoSuchMethodError'{0x00007fd0cdc582e0}: 'java.lang.Object java.lang.invoke.DirectMethodHandle$Holder.invokeVirtual(java.lang.Object, java.lang.Object, java.lang.Object, int, int)'> (0x00007fd0cdc582e0) 
thrown [src/hotspot/share/interpreter/linkResolver.cpp, line 766]
Event: 1.261 Thread 0x00007fe0e4018000 Exception <a 'java/lang/NoSuchMethodError'{0x00007fd0cdc60690}: 'java.lang.Object java.lang.invoke.DirectMethodHandle$Holder.invokeVirtual(java.lang.Object, java.lang.Object, int)'> (0x00007fd0cdc60690) 
thrown [src/hotspot/share/interpreter/linkResolver.cpp, line 766]
Event: 1.283 Thread 0x00007fe0e4018000 Exception <a 'java/lang/NoSuchMethodError'{0x00007fd0cdc7ed48}: 'java.lang.Object java.lang.invoke.DirectMethodHandle$Holder.invokeSpecial(java.lang.Object, java.lang.Object, java.lang.Object, int, int)'> (0x00007fd0cdc7ed48) 
thrown [src/hotspot/share/interpreter/linkResolver.cpp, line 766]
Event: 1.795 Thread 0x00007fe0e4018000 Implicit null exception at 0x00007fe0d42a765d to 0x00007fe0d42a8210
Event: 1.833 Thread 0x00007fe0e4018000 Exception <a 'java/lang/NoSuchMethodError'{0x00007fd0cf240c50}: 'int java.lang.invoke.DirectMethodHandle$Holder.invokeSpecial(java.lang.Object, java.lang.Object, java.lang.Object, java.lang.Object, java.lang.Object)'> (0x00007fd0cf240c50) 
thrown [src/hotspot/share/interpreter/linkResolver.cpp, line 766]
Event: 1.963 Thread 0x00007fe0e4018000 Exception <a 'java/lang/NoSuchMethodError'{0x00007fd0cf65f720}: 'java.lang.Object java.lang.invoke.DirectMethodHandle$Holder.invokeStatic(java.lang.Object, java.lang.Object, int, int)'> (0x00007fd0cf65f720) 
thrown [src/hotspot/share/interpreter/linkResolver.cpp, line 766]
Event: 2.665 Thread 0x00007fe0e4018000 Exception <a 'java/lang/NoSuchMethodError'{0x00007fd0d1c98630}: 'void java.lang.invoke.DirectMethodHandle$Holder.invokeVirtual(java.lang.Object, java.lang.Object)'> (0x00007fd0d1c98630) 
thrown [src/hotspot/share/interpreter/linkResolver.cpp, line 766]
Event: 2.918 Thread 0x00007fe0e4018000 Exception <a 'java/lang/NoSuchMethodError'{0x00007fd0d201ec20}: 'int java.lang.invoke.DirectMethodHandle$Holder.invokeVirtual(java.lang.Object, java.lang.Object, java.lang.Object, java.lang.Object)'> (0x00007fd0d201ec20) 
thrown [src/hotspot/share/interpreter/linkResolver.cpp, line 766]
Event: 2.935 Thread 0x00007fe0e4018000 Exception <a 'java/lang/NoSuchMethodError'{0x00007fd0d202ce88}: 'java.lang.Object java.lang.invoke.DirectMethodHandle$Holder.invokeStatic(java.lang.Object, java.lang.Object, int, java.lang.Object)'> (0x00007fd0d202ce88) 
thrown [src/hotspot/share/interpreter/linkResolver.cpp, line 766]
Event: 2.935 Thread 0x00007fe0e4018000 Exception <a 'java/lang/NoSuchMethodError'{0x00007fd0d20357a0}: 'java.lang.Object java.lang.invoke.Invokers$Holder.linkToTargetMethod(java.lang.Object, int, java.lang.Object, java.lang.Object)'> (0x00007fd0d20357a0) 
thrown [src/hotspot/share/interpreter/linkResolver.cpp, line 766]
Event: 3.986 Thread 0x00007fe0e4018000 Exception <a 'java/lang/NoSuchMethodError'{0x00007fd0d2e01770}: 'java.lang.Object java.lang.invoke.Invokers$Holder.linkToTargetMethod(java.lang.Object, int, java.lang.Object)'> (0x00007fd0d2e01770) 
thrown [src/hotspot/share/interpreter/linkResolver.cpp, line 766]
Event: 4.231 Thread 0x00007fe0e4018000 Exception <a 'java/lang/NoSuchMethodError'{0x00007fd0cc6074a8}: 'java.lang.Object java.lang.invoke.Invokers$Holder.linkToTargetMethod(java.lang.Object, long, java.lang.Object)'> (0x00007fd0cc6074a8) 
thrown [src/hotspot/share/interpreter/linkResolver.cpp, line 766]
Event: 4.268 Thread 0x00007fe0e40a7000 Implicit null exception at 0x00007fe0d42a96cc to 0x00007fe0d42a9780
Event: 4.902 Thread 0x00007fe0e4018000 Exception <a 'java/lang/NoSuchMethodError'{0x00007fd0d8ef76d8}: 'java.lang.Object java.lang.invoke.Invokers$Holder.invokeExact_MT(java.lang.Object, java.lang.Object, java.lang.Object, java.lang.Object, java.lang.Object, java.lang.Object)'> (0x00007fd0d8ef76d8) 
thrown [src/hotspot/share/interpreter/linkResolver.cpp, line 766]
Event: 5.090 Thread 0x00007fe0e4018000 Exception <a 'java/lang/NoSuchMethodError'{0x00007fd0d90916e0}: 'int java.lang.invoke.DirectMethodHandle$Holder.invokeStatic(java.lang.Object, java.lang.Object, int)'> (0x00007fd0d90916e0) 
thrown [src/hotspot/share/interpreter/linkResolver.cpp, line 766]
Event: 5.188 Thread 0x00007fe0e4018000 Exception <a 'java/lang/NoSuchMethodError'{0x00007fd0d92959c8}: 'double java.lang.invoke.DirectMethodHandle$Holder.invokeStatic(java.lang.Object, java.lang.Object)'> (0x00007fd0d92959c8) 
thrown [src/hotspot/share/interpreter/linkResolver.cpp, line 766]
Event: 5.257 Thread 0x00007fe0e4018000 Exception <a 'java/lang/NoSuchMethodError'{0x00007fd0d93ff790}: 'int java.lang.invoke.DirectMethodHandle$Holder.invokeStatic(java.lang.Object, java.lang.Object, java.lang.Object, int)'> (0x00007fd0d93ff790) 
thrown [src/hotspot/share/interpreter/linkResolver.cpp, line 766]

Events (20 events):
Event: 641.707 Executing VM operation: GenCollectForAllocation done
Event: 642.761 Executing VM operation: GenCollectForAllocation
Event: 642.847 Executing VM operation: GenCollectForAllocation done
Event: 643.943 Executing VM operation: GenCollectForAllocation
Event: 643.958 Executing VM operation: GenCollectForAllocation done
Event: 644.900 Executing VM operation: GenCollectForAllocation
Event: 644.917 Executing VM operation: GenCollectForAllocation done
Event: 645.867 Executing VM operation: GenCollectForAllocation
Event: 645.885 Executing VM operation: GenCollectForAllocation done
Event: 646.804 Executing VM operation: GenCollectForAllocation
Event: 646.829 Executing VM operation: GenCollectForAllocation done
Event: 647.515 Executing VM operation: GenCollectForAllocation
Event: 647.542 Executing VM operation: GenCollectForAllocation done
Event: 648.249 Executing VM operation: GenCollectForAllocation
Event: 648.308 Executing VM operation: GenCollectForAllocation done
Event: 649.353 Executing VM operation: GenCollectForAllocation
Event: 649.395 Executing VM operation: GenCollectForAllocation done
Event: 650.453 Executing VM operation: GenCollectForAllocation
Event: 650.508 Executing VM operation: GenCollectForAllocation done
Event: 651.544 Executing VM operation: GenCollectForAllocation


Dynamic libraries:
55da2ad81000-55da2ad82000 r--p 00000000 07:20 4860                       /usr/lib/jvm/java-13-openjdk-amd64/bin/java
55da2ad82000-55da2ad83000 r-xp 00001000 07:20 4860                       /usr/lib/jvm/java-13-openjdk-amd64/bin/java
55da2ad83000-55da2ad84000 r--p 00002000 07:20 4860                       /usr/lib/jvm/java-13-openjdk-amd64/bin/java
55da2ad84000-55da2ad85000 r--p 00002000 07:20 4860                       /usr/lib/jvm/java-13-openjdk-amd64/bin/java
55da2ad85000-55da2ad86000 rw-p 00003000 07:20 4860                       /usr/lib/jvm/java-13-openjdk-amd64/bin/java
55da2b2a2000-55da2b2c3000 rw-p 00000000 00:00 0                          [heap]
7fd090000000-7fd090021000 rw-p 00000000 00:00 0 
7fd090021000-7fd094000000 ---p 00000000 00:00 0 
7fd098000000-7fd098021000 rw-p 00000000 00:00 0 
7fd098021000-7fd09c000000 ---p 00000000 00:00 0 
7fd09c000000-7fd09c021000 rw-p 00000000 00:00 0 
7fd09c021000-7fd0a0000000 ---p 00000000 00:00 0 
7fd0a0000000-7fd0a236a000 rw-p 00000000 00:00 0 
7fd0a236a000-7fd0a4000000 ---p 00000000 00:00 0 
7fd0a4000000-7fd0a49dd000 rw-p 00000000 00:00 0 
7fd0a49dd000-7fd0a8000000 ---p 00000000 00:00 0 
7fd0a8000000-7fd0a8021000 rw-p 00000000 00:00 0 
7fd0a8021000-7fd0ac000000 ---p 00000000 00:00 0 
7fd0ac000000-7fd0ac021000 rw-p 00000000 00:00 0 
7fd0ac021000-7fd0b0000000 ---p 00000000 00:00 0 
7fd0b0000000-7fd0b0021000 rw-p 00000000 00:00 0 
7fd0b0021000-7fd0b4000000 ---p 00000000 00:00 0 
7fd0b4000000-7fd0b4021000 rw-p 00000000 00:00 0 
7fd0b4021000-7fd0b8000000 ---p 00000000 00:00 0 
7fd0b8000000-7fd0b8035000 rw-p 00000000 00:00 0 
7fd0b8035000-7fd0bc000000 ---p 00000000 00:00 0 
7fd0bf0a9000-7fd0bf422000 rw-p 00000000 00:00 0 
7fd0bf422000-7fd0c45ff000 ---p 00000000 00:00 0 
7fd0c45ff000-7fd0c47b4000 rw-p 00000000 00:00 0 
7fd0c47b4000-7fd0c70a9000 ---p 00000000 00:00 0 
7fd0c70a9000-7fd0c7423000 rw-p 00000000 00:00 0 
7fd0c7423000-7fd0cc5ff000 ---p 00000000 00:00 0 
7fd0cc5ff000-7fd102e90000 rw-p 00000000 00:00 0 
7fd102e90000-7fd621b50000 ---p 00000000 00:00 0 
7fd621b50000-7fd690c61000 rw-p 00000000 00:00 0 
7fd6abec1000-7fe0cc600000 ---p 00000000 00:00 0 
7fe0cc78a000-7fe0cc9fa000 rwxp 00000000 00:00 0 
7fe0cc9fa000-7fe0ccd19000 ---p 00000000 00:00 0 
7fe0ccd19000-7fe0cd3b9000 rwxp 00000000 00:00 0 
7fe0cd3b9000-7fe0d4251000 ---p 00000000 00:00 0 
7fe0d4251000-7fe0d44c1000 rwxp 00000000 00:00 0 
7fe0d44c1000-7fe0db78a000 ---p 00000000 00:00 0 
7fe0db78a000-7fe0e4000000 r--s 00000000 07:20 5215                       /usr/lib/jvm/java-13-openjdk-amd64/lib/modules
7fe0e4000000-7fe0e46a4000 rw-p 00000000 00:00 0 
7fe0e46a4000-7fe0e8000000 ---p 00000000 00:00 0 
7fe0e94c6000-7fe0e9506000 rw-p 00000000 00:00 0 
7fe0e9506000-7fe0e96c6000 ---p 00000000 00:00 0 
7fe0e96c6000-7fe0e98c6000 rw-p 00000000 00:00 0 
7fe0e98c6000-7fe0e9ac6000 rw-p 00000000 00:00 0 
7fe0e9ac6000-7fe0e9cc6000 rw-p 00000000 00:00 0 
7fe0e9cc6000-7fe0e9ec6000 rw-p 00000000 00:00 0 
7fe0e9ec6000-7fe0ea266000 rw-p 00000000 00:00 0 
7fe0ea266000-7fe0ea466000 rw-p 00000000 00:00 0 
7fe0ea466000-7fe0ea666000 rw-p 00000000 00:00 0 
7fe0ea666000-7fe0ea866000 rw-p 00000000 00:00 0 
7fe0ea866000-7fe0ea897000 rw-p 00000000 00:00 0 
7fe0ea897000-7fe0ea89b000 r--p 00000000 07:20 5204                       /usr/lib/jvm/java-13-openjdk-amd64/lib/libnet.so
7fe0ea89b000-7fe0ea8a9000 r-xp 00004000 07:20 5204                       /usr/lib/jvm/java-13-openjdk-amd64/lib/libnet.so
7fe0ea8a9000-7fe0ea8ad000 r--p 00012000 07:20 5204                       /usr/lib/jvm/java-13-openjdk-amd64/lib/libnet.so
7fe0ea8ad000-7fe0ea8ae000 r--p 00015000 07:20 5204                       /usr/lib/jvm/java-13-openjdk-amd64/lib/libnet.so
7fe0ea8ae000-7fe0ea8af000 rw-p 00016000 07:20 5204                       /usr/lib/jvm/java-13-openjdk-amd64/lib/libnet.so
7fe0ea8af000-7fe0ea8b6000 r--p 00000000 07:20 5205                       /usr/lib/jvm/java-13-openjdk-amd64/lib/libnio.so
7fe0ea8b6000-7fe0ea8bf000 r-xp 00007000 07:20 5205                       /usr/lib/jvm/java-13-openjdk-amd64/lib/libnio.so
7fe0ea8bf000-7fe0ea8c3000 r--p 00010000 07:20 5205                       /usr/lib/jvm/java-13-openjdk-amd64/lib/libnio.so
7fe0ea8c3000-7fe0ea8c4000 r--p 00013000 07:20 5205                       /usr/lib/jvm/java-13-openjdk-amd64/lib/libnio.so
7fe0ea8c4000-7fe0ea8c5000 rw-p 00014000 07:20 5205                       /usr/lib/jvm/java-13-openjdk-amd64/lib/libnio.so
7fe0ea8c5000-7fe0ea8c6000 ---p 00000000 00:00 0 
7fe0ea8c6000-7fe0ea9c7000 rw-p 00000000 00:00 0 
7fe0ea9c7000-7fe0ea9cb000 ---p 00000000 00:00 0 
7fe0ea9cb000-7fe0eaac8000 rw-p 00000000 00:00 0 
7fe0eaac8000-7fe0eaacc000 ---p 00000000 00:00 0 
7fe0eaacc000-7fe0eabc9000 rw-p 00000000 00:00 0 
7fe0eabc9000-7fe0eabcd000 ---p 00000000 00:00 0 
7fe0eabcd000-7fe0eacca000 rw-p 00000000 00:00 0 
7fe0eacca000-7fe0eacce000 ---p 00000000 00:00 0 
7fe0eacce000-7fe0eadcb000 rw-p 00000000 00:00 0 
7fe0eadcb000-7fe0eadcf000 ---p 00000000 00:00 0 
7fe0eadcf000-7fe0eaecc000 rw-p 00000000 00:00 0 
7fe0eaecc000-7fe0eaed0000 ---p 00000000 00:00 0 
7fe0eaed0000-7fe0eafcd000 rw-p 00000000 00:00 0 
7fe0eafcd000-7fe0eafd4000 r--s 00000000 07:20 8532                       /usr/lib/x86_64-linux-gnu/gconv/gconv-modules.cache
7fe0eafd4000-7fe0eb006000 r--p 00000000 07:20 5276                       /usr/lib/locale/C.UTF-8/LC_CTYPE
7fe0eb006000-7fe0eb00a000 ---p 00000000 00:00 0 
7fe0eb00a000-7fe0eb107000 rw-p 00000000 00:00 0 
7fe0eb107000-7fe0eb10b000 ---p 00000000 00:00 0 
7fe0eb10b000-7fe0eb208000 rw-p 00000000 00:00 0 
7fe0eb208000-7fe0eb209000 ---p 00000000 00:00 0 
7fe0eb209000-7fe0ebc27000 rw-p 00000000 00:00 0 
7fe0ebc27000-7fe0ebc2c000 rw-p 00000000 00:00 0 
7fe0ebc2c000-7fe0ebd12000 ---p 00000000 00:00 0 
7fe0ebd12000-7fe0ebd20000 rw-p 00000000 00:00 0 
7fe0ebd20000-7fe0ebdfd000 ---p 00000000 00:00 0 
7fe0ebdfd000-7fe0ebe02000 rw-p 00000000 00:00 0 
7fe0ebe02000-7fe0ebe09000 ---p 00000000 00:00 0 
7fe0ebe09000-7fe0ebe0b000 r--p 00000000 07:20 5214                       /usr/lib/jvm/java-13-openjdk-amd64/lib/libzip.so
7fe0ebe0b000-7fe0ebe0f000 r-xp 00002000 07:20 5214                       /usr/lib/jvm/java-13-openjdk-amd64/lib/libzip.so
7fe0ebe0f000-7fe0ebe11000 r--p 00006000 07:20 5214                       /usr/lib/jvm/java-13-openjdk-amd64/lib/libzip.so
7fe0ebe11000-7fe0ebe12000 r--p 00007000 07:20 5214                       /usr/lib/jvm/java-13-openjdk-amd64/lib/libzip.so
7fe0ebe12000-7fe0ebe13000 rw-p 00008000 07:20 5214                       /usr/lib/jvm/java-13-openjdk-amd64/lib/libzip.so
7fe0ebe13000-7fe0ebe1b000 rw-s 00000000 08:03 101772071                  /tmp/hsperfdata_rcabanas/28786
7fe0ebe1b000-7fe0ebe1e000 r--p 00000000 07:20 9108                       /usr/lib/x86_64-linux-gnu/libnss_files-2.31.so
7fe0ebe1e000-7fe0ebe25000 r-xp 00003000 07:20 9108                       /usr/lib/x86_64-linux-gnu/libnss_files-2.31.so
7fe0ebe25000-7fe0ebe27000 r--p 0000a000 07:20 9108                       /usr/lib/x86_64-linux-gnu/libnss_files-2.31.so
7fe0ebe27000-7fe0ebe28000 r--p 0000b000 07:20 9108                       /usr/lib/x86_64-linux-gnu/libnss_files-2.31.so
7fe0ebe28000-7fe0ebe29000 rw-p 0000c000 07:20 9108                       /usr/lib/x86_64-linux-gnu/libnss_files-2.31.so
7fe0ebe29000-7fe0ebe2f000 rw-p 00000000 00:00 0 
7fe0ebe35000-7fe0ebe37000 r--p 00000000 07:20 5195                       /usr/lib/jvm/java-13-openjdk-amd64/lib/libjimage.so
7fe0ebe37000-7fe0ebe3a000 r-xp 00002000 07:20 5195                       /usr/lib/jvm/java-13-openjdk-amd64/lib/libjimage.so
7fe0ebe3a000-7fe0ebe3b000 r--p 00005000 07:20 5195                       /usr/lib/jvm/java-13-openjdk-amd64/lib/libjimage.so
7fe0ebe3b000-7fe0ebe3c000 ---p 00006000 07:20 5195                       /usr/lib/jvm/java-13-openjdk-amd64/lib/libjimage.so
7fe0ebe3c000-7fe0ebe3d000 r--p 00006000 07:20 5195                       /usr/lib/jvm/java-13-openjdk-amd64/lib/libjimage.so
7fe0ebe3d000-7fe0ebe3e000 rw-p 00007000 07:20 5195                       /usr/lib/jvm/java-13-openjdk-amd64/lib/libjimage.so
7fe0ebe3e000-7fe0ebe4b000 r--p 00000000 07:20 5191                       /usr/lib/jvm/java-13-openjdk-amd64/lib/libjava.so
7fe0ebe4b000-7fe0ebe60000 r-xp 0000d000 07:20 5191                       /usr/lib/jvm/java-13-openjdk-amd64/lib/libjava.so
7fe0ebe60000-7fe0ebe66000 r--p 00022000 07:20 5191                       /usr/lib/jvm/java-13-openjdk-amd64/lib/libjava.so
7fe0ebe66000-7fe0ebe67000 ---p 00028000 07:20 5191                       /usr/lib/jvm/java-13-openjdk-amd64/lib/libjava.so
7fe0ebe67000-7fe0ebe68000 r--p 00028000 07:20 5191                       /usr/lib/jvm/java-13-openjdk-amd64/lib/libjava.so
7fe0ebe68000-7fe0ebe6a000 rw-p 00029000 07:20 5191                       /usr/lib/jvm/java-13-openjdk-amd64/lib/libjava.so
7fe0ebe6a000-7fe0ebe6f000 r--p 00000000 07:20 5213                       /usr/lib/jvm/java-13-openjdk-amd64/lib/libverify.so
7fe0ebe6f000-7fe0ebe76000 r-xp 00005000 07:20 5213                       /usr/lib/jvm/java-13-openjdk-amd64/lib/libverify.so
7fe0ebe76000-7fe0ebe78000 r--p 0000c000 07:20 5213                       /usr/lib/jvm/java-13-openjdk-amd64/lib/libverify.so
7fe0ebe78000-7fe0ebe79000 ---p 0000e000 07:20 5213                       /usr/lib/jvm/java-13-openjdk-amd64/lib/libverify.so
7fe0ebe79000-7fe0ebe7b000 r--p 0000e000 07:20 5213                       /usr/lib/jvm/java-13-openjdk-amd64/lib/libverify.so
7fe0ebe7b000-7fe0ebe7c000 rw-p 00010000 07:20 5213                       /usr/lib/jvm/java-13-openjdk-amd64/lib/libverify.so
7fe0ebe7c000-7fe0ebe80000 ---p 00000000 00:00 0 
7fe0ebe80000-7fe0ebf7d000 rw-p 00000000 00:00 0 
7fe0ebf7d000-7fe0ebf80000 r--p 00000000 07:20 8948                       /usr/lib/x86_64-linux-gnu/libgcc_s.so.1
7fe0ebf80000-7fe0ebf92000 r-xp 00003000 07:20 8948                       /usr/lib/x86_64-linux-gnu/libgcc_s.so.1
7fe0ebf92000-7fe0ebf96000 r--p 00015000 07:20 8948                       /usr/lib/x86_64-linux-gnu/libgcc_s.so.1
7fe0ebf96000-7fe0ebf97000 r--p 00018000 07:20 8948                       /usr/lib/x86_64-linux-gnu/libgcc_s.so.1
7fe0ebf97000-7fe0ebf98000 rw-p 00019000 07:20 8948                       /usr/lib/x86_64-linux-gnu/libgcc_s.so.1
7fe0ebf98000-7fe0ebfa5000 r--p 00000000 07:20 9062                       /usr/lib/x86_64-linux-gnu/libm-2.31.so
7fe0ebfa5000-7fe0ec04c000 r-xp 0000d000 07:20 9062                       /usr/lib/x86_64-linux-gnu/libm-2.31.so
7fe0ec04c000-7fe0ec0e5000 r--p 000b4000 07:20 9062                       /usr/lib/x86_64-linux-gnu/libm-2.31.so
7fe0ec0e5000-7fe0ec0e6000 r--p 0014c000 07:20 9062                       /usr/lib/x86_64-linux-gnu/libm-2.31.so
7fe0ec0e6000-7fe0ec0e7000 rw-p 0014d000 07:20 9062                       /usr/lib/x86_64-linux-gnu/libm-2.31.so
7fe0ec0e7000-7fe0ec17d000 r--p 00000000 07:20 9213                       /usr/lib/x86_64-linux-gnu/libstdc++.so.6.0.28
7fe0ec17d000-7fe0ec26e000 r-xp 00096000 07:20 9213                       /usr/lib/x86_64-linux-gnu/libstdc++.so.6.0.28
7fe0ec26e000-7fe0ec2b7000 r--p 00187000 07:20 9213                       /usr/lib/x86_64-linux-gnu/libstdc++.so.6.0.28
7fe0ec2b7000-7fe0ec2b8000 ---p 001d0000 07:20 9213                       /usr/lib/x86_64-linux-gnu/libstdc++.so.6.0.28
7fe0ec2b8000-7fe0ec2c3000 r--p 001d0000 07:20 9213                       /usr/lib/x86_64-linux-gnu/libstdc++.so.6.0.28
7fe0ec2c3000-7fe0ec2c6000 rw-p 001db000 07:20 9213                       /usr/lib/x86_64-linux-gnu/libstdc++.so.6.0.28
7fe0ec2c6000-7fe0ec2c9000 rw-p 00000000 00:00 0 
7fe0ec2c9000-7fe0ec54f000 r--p 00000000 07:20 5226                       /usr/lib/jvm/java-13-openjdk-amd64/lib/server/libjvm.so
7fe0ec54f000-7fe0ed2cc000 r-xp 00286000 07:20 5226                       /usr/lib/jvm/java-13-openjdk-amd64/lib/server/libjvm.so
7fe0ed2cc000-7fe0ed547000 r--p 01003000 07:20 5226                       /usr/lib/jvm/java-13-openjdk-amd64/lib/server/libjvm.so
7fe0ed547000-7fe0ed60c000 r--p 0127d000 07:20 5226                       /usr/lib/jvm/java-13-openjdk-amd64/lib/server/libjvm.so
7fe0ed60c000-7fe0ed647000 rw-p 01342000 07:20 5226                       /usr/lib/jvm/java-13-openjdk-amd64/lib/server/libjvm.so
7fe0ed647000-7fe0ed6cd000 rw-p 00000000 00:00 0 
7fe0ed6cd000-7fe0ed6d3000 r--p 00000000 07:20 9166                       /usr/lib/x86_64-linux-gnu/libpthread-2.31.so
7fe0ed6d3000-7fe0ed6e4000 r-xp 00006000 07:20 9166                       /usr/lib/x86_64-linux-gnu/libpthread-2.31.so
7fe0ed6e4000-7fe0ed6ea000 r--p 00017000 07:20 9166                       /usr/lib/x86_64-linux-gnu/libpthread-2.31.so
7fe0ed6ea000-7fe0ed6eb000 r--p 0001c000 07:20 9166                       /usr/lib/x86_64-linux-gnu/libpthread-2.31.so
7fe0ed6eb000-7fe0ed6ec000 rw-p 0001d000 07:20 9166                       /usr/lib/x86_64-linux-gnu/libpthread-2.31.so
7fe0ed6ec000-7fe0ed6f0000 rw-p 00000000 00:00 0 
7fe0ed6f0000-7fe0ed6f1000 r--p 00000000 07:20 8893                       /usr/lib/x86_64-linux-gnu/libdl-2.31.so
7fe0ed6f1000-7fe0ed6f3000 r-xp 00001000 07:20 8893                       /usr/lib/x86_64-linux-gnu/libdl-2.31.so
7fe0ed6f3000-7fe0ed6f4000 r--p 00003000 07:20 8893                       /usr/lib/x86_64-linux-gnu/libdl-2.31.so
7fe0ed6f4000-7fe0ed6f5000 r--p 00003000 07:20 8893                       /usr/lib/x86_64-linux-gnu/libdl-2.31.so
7fe0ed6f5000-7fe0ed6f6000 rw-p 00004000 07:20 8893                       /usr/lib/x86_64-linux-gnu/libdl-2.31.so
7fe0ed6f6000-7fe0ed6f8000 r--p 00000000 07:20 9290                       /usr/lib/x86_64-linux-gnu/libz.so.1.2.11
7fe0ed6f8000-7fe0ed709000 r-xp 00002000 07:20 9290                       /usr/lib/x86_64-linux-gnu/libz.so.1.2.11
7fe0ed709000-7fe0ed70f000 r--p 00013000 07:20 9290                       /usr/lib/x86_64-linux-gnu/libz.so.1.2.11
7fe0ed70f000-7fe0ed710000 ---p 00019000 07:20 9290                       /usr/lib/x86_64-linux-gnu/libz.so.1.2.11
7fe0ed710000-7fe0ed711000 r--p 00019000 07:20 9290                       /usr/lib/x86_64-linux-gnu/libz.so.1.2.11
7fe0ed711000-7fe0ed712000 rw-p 0001a000 07:20 9290                       /usr/lib/x86_64-linux-gnu/libz.so.1.2.11
7fe0ed712000-7fe0ed734000 r--p 00000000 07:20 8851                       /usr/lib/x86_64-linux-gnu/libc-2.31.so
7fe0ed734000-7fe0ed8ac000 r-xp 00022000 07:20 8851                       /usr/lib/x86_64-linux-gnu/libc-2.31.so
7fe0ed8ac000-7fe0ed8fa000 r--p 0019a000 07:20 8851                       /usr/lib/x86_64-linux-gnu/libc-2.31.so
7fe0ed8fa000-7fe0ed8fe000 r--p 001e7000 07:20 8851                       /usr/lib/x86_64-linux-gnu/libc-2.31.so
7fe0ed8fe000-7fe0ed900000 rw-p 001eb000 07:20 8851                       /usr/lib/x86_64-linux-gnu/libc-2.31.so
7fe0ed900000-7fe0ed904000 rw-p 00000000 00:00 0 
7fe0ed906000-7fe0ed908000 r--s 0000c000 07:20 20930                      /usr/share/java/java-atk-wrapper.jar
7fe0ed908000-7fe0ed909000 ---p 00000000 00:00 0 
7fe0ed909000-7fe0ed90a000 r--p 00000000 00:00 0 
7fe0ed90a000-7fe0ed90d000 r--p 00000000 07:20 5196                       /usr/lib/jvm/java-13-openjdk-amd64/lib/libjli.so
7fe0ed90d000-7fe0ed917000 r-xp 00003000 07:20 5196                       /usr/lib/jvm/java-13-openjdk-amd64/lib/libjli.so
7fe0ed917000-7fe0ed91a000 r--p 0000d000 07:20 5196                       /usr/lib/jvm/java-13-openjdk-amd64/lib/libjli.so
7fe0ed91a000-7fe0ed91b000 r--p 0000f000 07:20 5196                       /usr/lib/jvm/java-13-openjdk-amd64/lib/libjli.so
7fe0ed91b000-7fe0ed91c000 rw-p 00010000 07:20 5196                       /usr/lib/jvm/java-13-openjdk-amd64/lib/libjli.so
7fe0ed91c000-7fe0ed91e000 rw-p 00000000 00:00 0 
7fe0ed91e000-7fe0ed91f000 r--p 00000000 07:20 8572                       /usr/lib/x86_64-linux-gnu/ld-2.31.so
7fe0ed91f000-7fe0ed942000 r-xp 00001000 07:20 8572                       /usr/lib/x86_64-linux-gnu/ld-2.31.so
7fe0ed942000-7fe0ed94a000 r--p 00024000 07:20 8572                       /usr/lib/x86_64-linux-gnu/ld-2.31.so
7fe0ed94a000-7fe0ed94b000 ---p 00000000 00:00 0 
7fe0ed94b000-7fe0ed94c000 r--p 0002c000 07:20 8572                       /usr/lib/x86_64-linux-gnu/ld-2.31.so
7fe0ed94c000-7fe0ed94d000 rw-p 0002d000 07:20 8572                       /usr/lib/x86_64-linux-gnu/ld-2.31.so
7fe0ed94d000-7fe0ed94e000 rw-p 00000000 00:00 0 
7ffcb454c000-7ffcb456d000 rw-p 00000000 00:00 0                          [stack]
7ffcb45f3000-7ffcb45f5000 r-xp 00000000 00:00 0                          [vdso]
ffffffffff600000-ffffffffff601000 r-xp 00000000 00:00 0                  [vsyscall]


VM Arguments:
jvm_args: -Xmx64g --add-modules=ALL-DEFAULT 
java_command: jdk.compiler/com.sun.tools.javac.launcher.Main /mnt/beegfs/rcabanas/dev/credici/papers/journalEM/code/LearnAndCalculatePNS.java -w -x 100 -m 500 -sc KL -th 1e-08 -a EMCC --seed 0 --output /mnt/beegfs/rcabanas/dev/credici/papers/journalEM/output/triangolo --cause 3 --effect 0 /mnt/beegfs/rcabanas/dev/credici/papers/journalEM/models/triangolo/triangolo_causal.uai
java_class_path (initial): /mnt/beegfs/rcabanas/dev/credici/target/credici-0.1.3-jar-with-dependencies.jar
Launcher Type: SUN_STANDARD

[Global flags]
     intx CICompilerCount                          = 2                                         {product} {ergonomic}
   size_t InitialHeapSize                          = 2147483648                                {product} {ergonomic}
   size_t MaxHeapSize                              = 68719476736                               {product} {command line}
   size_t MaxNewSize                               = 22906470400                               {product} {ergonomic}
   size_t MinHeapDeltaBytes                        = 196608                                    {product} {ergonomic}
   size_t MinHeapSize                              = 8388608                                   {product} {ergonomic}
   size_t NewSize                                  = 715784192                                 {product} {ergonomic}
    uintx NonNMethodCodeHeapSize                   = 5826188                                {pd product} {ergonomic}
    uintx NonProfiledCodeHeapSize                  = 122916026                              {pd product} {ergonomic}
   size_t OldSize                                  = 1431699456                                {product} {ergonomic}
    uintx ProfiledCodeHeapSize                     = 122916026                              {pd product} {ergonomic}
    uintx ReservedCodeCacheSize                    = 251658240                              {pd product} {ergonomic}
     bool SegmentedCodeCache                       = true                                      {product} {ergonomic}
   size_t SoftMaxHeapSize                          = 68719476736                            {manageable} {ergonomic}
     bool UseSerialGC                              = true                                      {product} {ergonomic}

Logging:
Log output configuration:
 #0: stdout all=warning uptime,level,tags
 #1: stderr all=off uptime,level,tags

Environment Variables:
PATH=/usr/local/sbin:/usr/local/bin:/usr/sbin:/usr/bin:/sbin:/bin
LD_LIBRARY_PATH=/.singularity.d/libs

Signal Handlers:
SIGSEGV: [libjvm.so+0xf8fcf0], sa_mask[0]=11111111011111111101111111111110, sa_flags=SA_RESTART|SA_SIGINFO
SIGBUS: [libjvm.so+0xf8fcf0], sa_mask[0]=11111111011111111101111111111110, sa_flags=SA_RESTART|SA_SIGINFO
SIGFPE: [libjvm.so+0xf8fcf0], sa_mask[0]=11111111011111111101111111111110, sa_flags=SA_RESTART|SA_SIGINFO
SIGPIPE: [libjvm.so+0xc3ffa0], sa_mask[0]=11111111011111111101111111111110, sa_flags=SA_RESTART|SA_SIGINFO
SIGXFSZ: [libjvm.so+0xc3ffa0], sa_mask[0]=11111111011111111101111111111110, sa_flags=SA_RESTART|SA_SIGINFO
SIGILL: [libjvm.so+0xf8fcf0], sa_mask[0]=11111111011111111101111111111110, sa_flags=SA_RESTART|SA_SIGINFO
SIGUSR2: [libjvm.so+0xc3fe40], sa_mask[0]=00000000000000000000000000000000, sa_flags=SA_RESTART|SA_SIGINFO
SIGHUP: [libjvm.so+0xc40580], sa_mask[0]=11111111011111111101111111111110, sa_flags=SA_RESTART|SA_SIGINFO
SIGINT: [libjvm.so+0xc40580], sa_mask[0]=11111111011111111101111111111110, sa_flags=SA_RESTART|SA_SIGINFO
SIGTERM: [libjvm.so+0xc40580], sa_mask[0]=11111111011111111101111111111110, sa_flags=SA_RESTART|SA_SIGINFO
SIGQUIT: [libjvm.so+0xc40580], sa_mask[0]=11111111011111111101111111111110, sa_flags=SA_RESTART|SA_SIGINFO


---------------  S Y S T E M  ---------------

OS:DISTRIB_ID=Ubuntu
DISTRIB_RELEASE=20.04
DISTRIB_CODENAME=focal
DISTRIB_DESCRIPTION="Ubuntu 20.04.4 LTS"
uname:Linux 3.10.0-1160.15.2.el7.x86_64 #1 SMP Wed Feb 3 15:06:38 UTC 2021 x86_64
OS uptime: 479 days 23:13 hours
libc:glibc 2.31 NPTL 2.31 
rlimit (soft/hard): STACK 8192k/infinity , CORE 0k/infinity , NPROC 4096/1030217 , NOFILE 131072/131072 , AS infinity/infinity , CPU infinity/infinity , DATA infinity/infinity , FSIZE infinity/infinity , MEMLOCK infinity/infinity
load average:69.57 68.06 63.16

/proc/meminfo:
MemTotal:       263895368 kB
MemFree:         6764052 kB
MemAvailable:    6631604 kB
Buffers:          178024 kB
Cached:           418728 kB
SwapCached:        16292 kB
Active:         239990660 kB
Inactive:        7672572 kB
Active(anon):   239814568 kB
Inactive(anon):  7301640 kB
Active(file):     176092 kB
Inactive(file):   370932 kB
Unevictable:       25292 kB
Mlocked:           25292 kB
SwapTotal:       4194300 kB
SwapFree:           9892 kB
Dirty:                 0 kB
Writeback:           428 kB
AnonPages:      247139268 kB
Mapped:            53792 kB
Shmem:             29800 kB
Slab:             764436 kB
SReclaimable:     180868 kB
SUnreclaim:       583568 kB
KernelStack:       46672 kB
PageTables:       550556 kB
NFS_Unstable:          0 kB
Bounce:                0 kB
WritebackTmp:          0 kB
CommitLimit:    136141984 kB
Committed_AS:   335695244 kB
VmallocTotal:   34359738367 kB
VmallocUsed:      879404 kB
VmallocChunk:   34222447856 kB
Percpu:            30464 kB
HardwareCorrupted:     0 kB
AnonHugePages:  167481344 kB
CmaTotal:              0 kB
CmaFree:               0 kB
HugePages_Total:       0
HugePages_Free:        0
HugePages_Rsvd:        0
HugePages_Surp:        0
Hugepagesize:       2048 kB
DirectMap4k:      595560 kB
DirectMap2M:    24432640 kB
DirectMap1G:    243269632 kB

/sys/kernel/mm/transparent_hugepage/enabled:
[always] madvise never

/sys/kernel/mm/transparent_hugepage/defrag (defrag/compaction efforts parameter):
[always] madvise never


/proc/sys/kernel/threads-max (system-wide limit on the number of threads):
2060435


/proc/sys/vm/max_map_count (maximum number of memory map areas a process may have):
65530


/proc/sys/kernel/pid_max (system-wide limit on number of process identifiers):
65536



Steal ticks since vm start: 0
Steal ticks percentage since vm start:  0.000

CPU:total 64 (initial active 1) (32 cores per cpu, 1 threads per core) family 23 model 49 stepping 0, cmov, cx8, fxsr, mmx, sse, sse2, sse3, ssse3, sse4.1, sse4.2, popcnt, avx, avx2, aes, clmul, mmxext, 3dnowpref, lzcnt, sse4a, tsc, tscinvbit, tscinv, bmi1, bmi2, adx, sha, fma
CPU Model and flags from /proc/cpuinfo:
model name	: AMD EPYC 7542 32-Core Processor
flags		: fpu vme de pse tsc msr pae mce cx8 apic sep mtrr pge mca cmov pat pse36 clflush mmx fxsr sse sse2 ht syscall nx mmxext fxsr_opt pdpe1gb rdtscp lm constant_tsc art rep_good nopl nonstop_tsc extd_apicid aperfmperf eagerfpu pni pclmulqdq monitor ssse3 fma cx16 sse4_1 sse4_2 movbe popcnt aes xsave avx f16c rdrand lahf_lm cmp_legacy svm extapic cr8_legacy abm sse4a misalignsse 3dnowprefetch osvw ibs skinit wdt tce topoext perfctr_core perfctr_nb bpext perfctr_l2 cpb cat_l3 cdp_l3 hw_pstate sme retpoline_amd ssbd ibrs ibpb stibp vmmcall fsgsbase bmi1 avx2 smep bmi2 cqm rdt_a rdseed adx smap clflushopt clwb sha_ni xsaveopt xsavec xgetbv1 cqm_llc cqm_occup_llc cqm_mbm_total cqm_mbm_local clzero irperf xsaveerptr arat npt lbrv svm_lock nrip_save tsc_scale vmcb_clean flushbyasid decodeassists pausefilter pfthreshold avic v_vmsave_vmload vgif umip overflow_recov succor smca
Online cpus:0-63
Offline cpus:
BIOS frequency limitation:2900000
Frequency switch latency (ns):0
Available cpu frequencies:2900000 2400000 1500000 
Current governor:conservative
Core performance/turbo boost:1

Memory: 4k page, physical 263895368k(6761448k free), swap 4194300k(9336k free)

vm_info: OpenJDK 64-Bit Server VM (13.0.7+5-Ubuntu-0ubuntu120.04) for linux-amd64 JRE (13.0.7+5-Ubuntu-0ubuntu120.04), built on Apr 21 2021 05:36:19 by "unknown" with gcc 9.3.0

END.
