#
# There is insufficient memory for the Java Runtime Environment to continue.
# Native memory allocation (mmap) failed to map 3221229568 bytes for committing reserved memory.
# Possible reasons:
#   The system is out of physical RAM or swap space
# Possible solutions:
#   Reduce memory load on the system
#   Increase physical memory or swap space
#   Check if swap backing store is full
#   Decrease Java heap size (-Xmx/-Xms)
#   Decrease number of Java threads
#   Decrease Java thread stack sizes (-Xss)
#   Set larger code cache with -XX:ReservedCodeCacheSize=
# This output file may be truncated or incomplete.
#
#  Out of Memory Error (os_linux.cpp:2899), pid=58079, tid=58081
#
# JRE version: OpenJDK Runtime Environment (13.0.7+5) (build 13.0.7+5-Ubuntu-0ubuntu120.04)
# Java VM: OpenJDK 64-Bit Server VM (13.0.7+5-Ubuntu-0ubuntu120.04, mixed mode, tiered, serial gc, linux-amd64)
# No core dump will be written. Core dumps have been disabled. To enable core dumping, try "ulimit -c unlimited" before starting Java again
#

---------------  S U M M A R Y ------------

Command Line: -Xmx64g --add-modules=ALL-DEFAULT jdk.compiler/com.sun.tools.javac.launcher.Main /mnt/beegfs/rcabanas/dev/credici/papers/journalEM/code/GenerateModel.java -n 10 -d 1000 -di 0.5 -mr 0.98 -r 1.0 --seed 33 --output /mnt/beegfs/rcabanas/dev/credici/papers/journalEM/models/synthetic/s1/ --debug

Host: AMD EPYC 7542 32-Core Processor, 64 cores, 251G, Ubuntu 20.04.4 LTS
Time: Thu Oct 13 13:29:28 2022 CEST elapsed time: 72.876717 seconds (0d 0h 1m 12s)

---------------  T H R E A D  ---------------

Current thread (0x00007fe0f0097800):  VMThread "VM Thread" [stack: 0x00007fd0ca728000,0x00007fd0ca828000] [id=58081]

Stack: [0x00007fd0ca728000,0x00007fd0ca828000],  sp=0x00007fd0ca825920,  free space=1014k
Native frames: (J=compiled Java code, A=aot compiled Java code, j=interpreted, Vv=VM code, C=native code)
V  [libjvm.so+0xf8f092]
V  [libjvm.so+0xf8fc91]
V  [libjvm.so+0x66ee5a]
V  [libjvm.so+0xc44a41]
V  [libjvm.so+0xc3b263]
V  [libjvm.so+0xf87f4b]
V  [libjvm.so+0x557506]
V  [libjvm.so+0x557723]
V  [libjvm.so+0xf18c5e]
V  [libjvm.so+0x7e1807]
V  [libjvm.so+0x67586f]
V  [libjvm.so+0x677484]
V  [libjvm.so+0x678be7]
V  [libjvm.so+0x675f06]
V  [libjvm.so+0x676446]
V  [libjvm.so+0x7e2099]
V  [libjvm.so+0x7e2c91]
V  [libjvm.so+0x7e39bd]
V  [libjvm.so+0x7d8b48]
V  [libjvm.so+0xf90940]
V  [libjvm.so+0xf96657]
V  [libjvm.so+0xf96d2b]
V  [libjvm.so+0xf9706a]
V  [libjvm.so+0xf2208f]
V  [libjvm.so+0xc493ff]

VM_Operation (0x00007fe0f42914d0): GenCollectForAllocation, mode: safepoint, requested by thread 0x00007fe0f0018000


---------------  P R O C E S S  ---------------

Threads class SMR info:
_java_thread_list=0x00007fe0f0136420, length=9, elements={
0x00007fe0f0018000, 0x00007fe0f00a3800, 0x00007fe0f00a7000, 0x00007fe0f00cb800,
0x00007fe0f00cd000, 0x00007fe0f00cf000, 0x00007fe0f00d1000, 0x00007fe0f00d3000,
0x00007fe0f0135000
}

Java Threads: ( => current thread )
  0x00007fe0f0018000 JavaThread "main" [_thread_blocked, id=58080, stack(0x00007fe0f4193000,0x00007fe0f4294000)]
  0x00007fe0f00a3800 JavaThread "Reference Handler" daemon [_thread_blocked, id=58082, stack(0x00007fd0ca625000,0x00007fd0ca726000)]
  0x00007fe0f00a7000 JavaThread "Finalizer" daemon [_thread_blocked, id=58083, stack(0x00007fd0ca524000,0x00007fd0ca625000)]
  0x00007fe0f00cb800 JavaThread "Signal Dispatcher" daemon [_thread_blocked, id=58084, stack(0x00007fd0ca3f1000,0x00007fd0ca4f2000)]
  0x00007fe0f00cd000 JavaThread "Service Thread" daemon [_thread_blocked, id=58086, stack(0x00007fd0ca2f0000,0x00007fd0ca3f1000)]
  0x00007fe0f00cf000 JavaThread "C2 CompilerThread0" daemon [_thread_blocked, id=58087, stack(0x00007fd0ca1ef000,0x00007fd0ca2f0000)]
  0x00007fe0f00d1000 JavaThread "C1 CompilerThread0" daemon [_thread_blocked, id=58088, stack(0x00007fd0ca0ee000,0x00007fd0ca1ef000)]
  0x00007fe0f00d3000 JavaThread "Sweeper thread" daemon [_thread_blocked, id=58089, stack(0x00007fd0c9fed000,0x00007fd0ca0ee000)]
  0x00007fe0f0135000 JavaThread "Common-Cleaner" daemon [_thread_blocked, id=58090, stack(0x00007fd0c9eec000,0x00007fd0c9fed000)]

Other Threads:
=>0x00007fe0f0097800 VMThread "VM Thread" [stack: 0x00007fd0ca728000,0x00007fd0ca828000] [id=58081]
  0x00007fe0f0181800 WatcherThread [stack: 0x00007fd0c9dec000,0x00007fd0c9eec000] [id=58091]

Threads with active compile tasks:

VM state:at safepoint (normal execution)

VM Mutex/Monitor currently owned by a thread:  ([mutex/lock_event])
[0x00007fe0f0014100] Threads_lock - owner thread: 0x00007fe0f0097800
[0x00007fe0f0014d00] Heap_lock - owner thread: 0x00007fe0f0018000

Heap:
 def new generation   total 4726272K, used 3227999K [0x00007fd0d8600000, 0x00007fd218e50000, 0x00007fd62db50000)
  eden space 4201152K,  76% used [0x00007fd0d8600000, 0x00007fd19d656f98, 0x00007fd1d8cb0000)
  from space 525120K,   0% used [0x00007fd1f8d80000, 0x00007fd1f8d80ce0, 0x00007fd218e50000)
  to   space 525120K,   0% used [0x00007fd1d8cb0000, 0x00007fd1d8cb0820, 0x00007fd1f8d80000)
 tenured generation   total 10502684K, used 9752345K [0x00007fd62db50000, 0x00007fd8aebd7000, 0x00007fe0d8600000)
   the space 10502684K,  92% used [0x00007fd62db50000, 0x00007fd880f16528, 0x00007fd880f16600, 0x00007fd8aebd7000)
 Metaspace       used 23311K, capacity 23699K, committed 23808K, reserved 24576K

Card table byte_map: [0x00007fd0d05ff000,0x00007fd0d8600000] _byte_map_base: 0x00007f90e7f3c000

Polling page: 0x00007fe0f5c1f000

Metaspace:

Usage:
   23.14 MB capacity,    22.76 MB ( 98%) used,   292.44 KB (  1%) free+waste,    95.56 KB ( <1%) overhead. 

Virtual space:
     24.00 MB reserved,      23.25 MB ( 97%) committed 

Chunk freelists:
41.00 KB

MaxMetaspaceSize: unlimited


CodeHeap 'non-profiled nmethods': size=120036Kb used=1423Kb max_used=1423Kb free=118613Kb
 bounds [0x00007fe0e0251000, 0x00007fe0e04c1000, 0x00007fe0e778a000]
CodeHeap 'profiled nmethods': size=120032Kb used=6079Kb max_used=6079Kb free=113952Kb
 bounds [0x00007fe0d8d19000, 0x00007fe0d9309000, 0x00007fe0e0251000]
CodeHeap 'non-nmethods': size=5692Kb used=1198Kb max_used=1225Kb free=4493Kb
 bounds [0x00007fe0d878a000, 0x00007fe0d89fa000, 0x00007fe0d8d19000]
 total_blobs=3898 nmethods=3432 adapters=380
 compilation: enabled
              stopped_count=0, restarted_count=0
 full_count=0

Compilation events (20 events):
Event: 67.225 Thread 0x00007fe0f00cf000 3449       4       ch.idsia.crema.factor.bayesian.BayesianFactor::copy (26 bytes)
Event: 67.226 Thread 0x00007fe0f00cf000 nmethod 3449 0x00007fe0e03b4790 code [0x00007fe0e03b4920, 0x00007fe0e03b4b18]
Event: 67.226 Thread 0x00007fe0f00d1000 3450       3       gnu.trove.impl.hash.TIntHash::<init> (30 bytes)
Event: 67.226 Thread 0x00007fe0f00d1000 nmethod 3450 0x00007fe0d9300f10 code [0x00007fe0d93010e0, 0x00007fe0d9301300]
Event: 67.226 Thread 0x00007fe0f00d1000 3451       3       gnu.trove.impl.hash.TIntHash::setUp (15 bytes)
Event: 67.227 Thread 0x00007fe0f00d1000 nmethod 3451 0x00007fe0d9301410 code [0x00007fe0d9301620, 0x00007fe0d9301d30]
Event: 67.227 Thread 0x00007fe0f00d1000 3452       3       gnu.trove.map.hash.TIntObjectHashMap$ValueView$TIntObjectValueHashIterator::next (17 bytes)
Event: 67.227 Thread 0x00007fe0f00d1000 nmethod 3452 0x00007fe0d9301f90 code [0x00007fe0d9302160, 0x00007fe0d9302430]
Event: 67.227 Thread 0x00007fe0f00d1000 3453       3       java.lang.Integer::compareTo (9 bytes)
Event: 67.227 Thread 0x00007fe0f00d1000 nmethod 3453 0x00007fe0d9302610 code [0x00007fe0d93027c0, 0x00007fe0d9302b10]
Event: 67.228 Thread 0x00007fe0f00d1000 3454       3       java.util.LinkedList::node (65 bytes)
Event: 67.228 Thread 0x00007fe0f00d1000 nmethod 3454 0x00007fe0d9302c10 code [0x00007fe0d9302dc0, 0x00007fe0d9303070]
Event: 67.228 Thread 0x00007fe0f00d1000 3455       3       java.util.LinkedList::unlink (91 bytes)
Event: 67.228 Thread 0x00007fe0f00d1000 nmethod 3455 0x00007fe0d9303190 code [0x00007fe0d9303320, 0x00007fe0d9303590]
Event: 67.228 Thread 0x00007fe0f00d1000 3456       3       ch.idsia.crema.utility.ArraysUtil::swapVectorStrides (142 bytes)
Event: 67.230 Thread 0x00007fe0f00d1000 nmethod 3456 0x00007fe0d9303690 code [0x00007fe0d9303ca0, 0x00007fe0d9307260]
Event: 69.573 Thread 0x00007fe0f00d1000 3457       3       ch.idsia.crema.factor.bayesian.BayesianFactor$$Lambda$326/0x00007fd0c8c66c58::applyAsInt (9 bytes)
Event: 69.573 Thread 0x00007fe0f00d1000 nmethod 3457 0x00007fe0d9308590 code [0x00007fe0d9308740, 0x00007fe0d9308920]
Event: 69.573 Thread 0x00007fe0f00d1000 3458       3       ch.idsia.crema.utility.ArraysUtil$$Lambda$327/0x00007fd0c8c650b0::applyAsInt (13 bytes)
Event: 69.573 Thread 0x00007fe0f00d1000 nmethod 3458 0x00007fe0d9308a90 code [0x00007fe0d9308c20, 0x00007fe0d9308dd0]

GC Heap History (20 events):
Event: 53.943 GC heap after
{Heap after GC invocations=24 (full 9):
 def new generation   total 4726272K, used 501173K [0x00007fd0d8600000, 0x00007fd218e50000, 0x00007fd62db50000)
  eden space 4201152K,   0% used [0x00007fd0d8600000, 0x00007fd0d8600000, 0x00007fd1d8cb0000)
  from space 525120K,  95% used [0x00007fd1d8cb0000, 0x00007fd1f761d658, 0x00007fd1f8d80000)
  to   space 525120K,   0% used [0x00007fd1f8d80000, 0x00007fd1f8d80000, 0x00007fd218e50000)
 tenured generation   total 10502684K, used 9643944K [0x00007fd62db50000, 0x00007fd8aebd7000, 0x00007fe0d8600000)
   the space 10502684K,  91% used [0x00007fd62db50000, 0x00007fd87a53a230, 0x00007fd87a53a400, 0x00007fd8aebd7000)
 Metaspace       used 23299K, capacity 23635K, committed 23808K, reserved 24576K
}
Event: 55.777 GC heap before
{Heap before GC invocations=24 (full 9):
 def new generation   total 4726272K, used 3729095K [0x00007fd0d8600000, 0x00007fd218e50000, 0x00007fd62db50000)
  eden space 4201152K,  76% used [0x00007fd0d8600000, 0x00007fd19d644668, 0x00007fd1d8cb0000)
  from space 525120K,  95% used [0x00007fd1d8cb0000, 0x00007fd1f761d658, 0x00007fd1f8d80000)
  to   space 525120K,   0% used [0x00007fd1f8d80000, 0x00007fd1f8d80000, 0x00007fd218e50000)
 tenured generation   total 10502684K, used 9643944K [0x00007fd62db50000, 0x00007fd8aebd7000, 0x00007fe0d8600000)
   the space 10502684K,  91% used [0x00007fd62db50000, 0x00007fd87a53a230, 0x00007fd87a53a400, 0x00007fd8aebd7000)
 Metaspace       used 23299K, capacity 23635K, committed 23808K, reserved 24576K
}
Event: 57.188 GC heap after
{Heap after GC invocations=25 (full 9):
 def new generation   total 4726272K, used 2K [0x00007fd0d8600000, 0x00007fd218e50000, 0x00007fd62db50000)
  eden space 4201152K,   0% used [0x00007fd0d8600000, 0x00007fd0d8600000, 0x00007fd1d8cb0000)
  from space 525120K,   0% used [0x00007fd1f8d80000, 0x00007fd1f8d809a0, 0x00007fd218e50000)
  to   space 525120K,   0% used [0x00007fd1d8cb0000, 0x00007fd1d8cb0000, 0x00007fd1f8d80000)
 tenured generation   total 13648416K, used 12897627K [0x00007fd62db50000, 0x00007fd96ebd8000, 0x00007fe0d8600000)
   the space 13648416K,  94% used [0x00007fd62db50000, 0x00007fd940ea6e28, 0x00007fd940ea7000, 0x00007fd96ebd8000)
 Metaspace       used 23299K, capacity 23635K, committed 23808K, reserved 24576K
}
Event: 57.188 GC heap before
{Heap before GC invocations=25 (full 9):
 def new generation   total 4726272K, used 2K [0x00007fd0d8600000, 0x00007fd218e50000, 0x00007fd62db50000)
  eden space 4201152K,   0% used [0x00007fd0d8600000, 0x00007fd0d8600000, 0x00007fd1d8cb0000)
  from space 525120K,   0% used [0x00007fd1f8d80000, 0x00007fd1f8d809a0, 0x00007fd218e50000)
  to   space 525120K,   0% used [0x00007fd1d8cb0000, 0x00007fd1d8cb0000, 0x00007fd1f8d80000)
 tenured generation   total 13648416K, used 12897627K [0x00007fd62db50000, 0x00007fd96ebd8000, 0x00007fe0d8600000)
   the space 13648416K,  94% used [0x00007fd62db50000, 0x00007fd940ea6e28, 0x00007fd940ea7000, 0x00007fd96ebd8000)
 Metaspace       used 23299K, capacity 23635K, committed 23808K, reserved 24576K
}
Event: 57.739 GC heap after
{Heap after GC invocations=25 (full 10):
 def new generation   total 4726272K, used 0K [0x00007fd0d8600000, 0x00007fd218e50000, 0x00007fd62db50000)
  eden space 4201152K,   0% used [0x00007fd0d8600000, 0x00007fd0d8600000, 0x00007fd1d8cb0000)
  from space 525120K,   0% used [0x00007fd1f8d80000, 0x00007fd1f8d80000, 0x00007fd218e50000)
  to   space 525120K,   0% used [0x00007fd1d8cb0000, 0x00007fd1d8cb0000, 0x00007fd1f8d80000)
 tenured generation   total 10502684K, used 3156102K [0x00007fd62db50000, 0x00007fd8aebd7000, 0x00007fe0d8600000)
   the space 10502684K,  30% used [0x00007fd62db50000, 0x00007fd6ee571a70, 0x00007fd6ee571c00, 0x00007fd8aebd7000)
 Metaspace       used 23299K, capacity 23635K, committed 23808K, reserved 24576K
}
Event: 58.407 GC heap before
{Heap before GC invocations=25 (full 10):
 def new generation   total 4726272K, used 3228020K [0x00007fd0d8600000, 0x00007fd218e50000, 0x00007fd62db50000)
  eden space 4201152K,  76% used [0x00007fd0d8600000, 0x00007fd19d65d000, 0x00007fd1d8cb0000)
  from space 525120K,   0% used [0x00007fd1f8d80000, 0x00007fd1f8d80000, 0x00007fd218e50000)
  to   space 525120K,   0% used [0x00007fd1d8cb0000, 0x00007fd1d8cb0000, 0x00007fd1f8d80000)
 tenured generation   total 10502684K, used 3156102K [0x00007fd62db50000, 0x00007fd8aebd7000, 0x00007fe0d8600000)
   the space 10502684K,  30% used [0x00007fd62db50000, 0x00007fd6ee571a70, 0x00007fd6ee571c00, 0x00007fd8aebd7000)
 Metaspace       used 23299K, capacity 23635K, committed 23808K, reserved 24576K
}
Event: 58.999 GC heap after
{Heap after GC invocations=26 (full 10):
 def new generation   total 4726272K, used 0K [0x00007fd0d8600000, 0x00007fd218e50000, 0x00007fd62db50000)
  eden space 4201152K,   0% used [0x00007fd0d8600000, 0x00007fd0d8600000, 0x00007fd1d8cb0000)
  from space 525120K,   0% used [0x00007fd1d8cb0000, 0x00007fd1d8cb0248, 0x00007fd1f8d80000)
  to   space 525120K,   0% used [0x00007fd1f8d80000, 0x00007fd1f8d80000, 0x00007fd218e50000)
 tenured generation   total 10502684K, used 6301830K [0x00007fd62db50000, 0x00007fd8aebd7000, 0x00007fe0d8600000)
   the space 10502684K,  60% used [0x00007fd62db50000, 0x00007fd7ae571a88, 0x00007fd7ae571c00, 0x00007fd8aebd7000)
 Metaspace       used 23299K, capacity 23635K, committed 23808K, reserved 24576K
}
Event: 60.912 GC heap before
{Heap before GC invocations=26 (full 10):
 def new generation   total 4726272K, used 3227877K [0x00007fd0d8600000, 0x00007fd218e50000, 0x00007fd62db50000)
  eden space 4201152K,  76% used [0x00007fd0d8600000, 0x00007fd19d639360, 0x00007fd1d8cb0000)
  from space 525120K,   0% used [0x00007fd1d8cb0000, 0x00007fd1d8cb0248, 0x00007fd1f8d80000)
  to   space 525120K,   0% used [0x00007fd1f8d80000, 0x00007fd1f8d80000, 0x00007fd218e50000)
 tenured generation   total 10502684K, used 6301830K [0x00007fd62db50000, 0x00007fd8aebd7000, 0x00007fe0d8600000)
   the space 10502684K,  60% used [0x00007fd62db50000, 0x00007fd7ae571a88, 0x00007fd7ae571c00, 0x00007fd8aebd7000)
 Metaspace       used 23299K, capacity 23635K, committed 23808K, reserved 24576K
}
Event: 61.742 GC heap after
{Heap after GC invocations=27 (full 10):
 def new generation   total 4726272K, used 0K [0x00007fd0d8600000, 0x00007fd218e50000, 0x00007fd62db50000)
  eden space 4201152K,   0% used [0x00007fd0d8600000, 0x00007fd0d8600000, 0x00007fd1d8cb0000)
  from space 525120K,   0% used [0x00007fd1f8d80000, 0x00007fd1f8d80250, 0x00007fd218e50000)
  to   space 525120K,   0% used [0x00007fd1d8cb0000, 0x00007fd1d8cb0000, 0x00007fd1f8d80000)
 tenured generation   total 10502684K, used 9447558K [0x00007fd62db50000, 0x00007fd8aebd7000, 0x00007fe0d8600000)
   the space 10502684K,  89% used [0x00007fd62db50000, 0x00007fd86e571aa0, 0x00007fd86e571c00, 0x00007fd8aebd7000)
 Metaspace       used 23299K, capacity 23635K, committed 23808K, reserved 24576K
}
Event: 63.020 GC heap before
{Heap before GC invocations=27 (full 10):
 def new generation   total 4726272K, used 3227785K [0x00007fd0d8600000, 0x00007fd218e50000, 0x00007fd62db50000)
  eden space 4201152K,  76% used [0x00007fd0d8600000, 0x00007fd19d6221b8, 0x00007fd1d8cb0000)
  from space 525120K,   0% used [0x00007fd1f8d80000, 0x00007fd1f8d80250, 0x00007fd218e50000)
  to   space 525120K,   0% used [0x00007fd1d8cb0000, 0x00007fd1d8cb0000, 0x00007fd1f8d80000)
 tenured generation   total 10502684K, used 9447558K [0x00007fd62db50000, 0x00007fd8aebd7000, 0x00007fe0d8600000)
   the space 10502684K,  89% used [0x00007fd62db50000, 0x00007fd86e571aa0, 0x00007fd86e571c00, 0x00007fd8aebd7000)
 Metaspace       used 23299K, capacity 23635K, committed 23808K, reserved 24576K
}
Event: 64.552 GC heap after
{Heap after GC invocations=28 (full 10):
 def new generation   total 4726272K, used 1K [0x00007fd0d8600000, 0x00007fd218e50000, 0x00007fd62db50000)
  eden space 4201152K,   0% used [0x00007fd0d8600000, 0x00007fd0d8600000, 0x00007fd1d8cb0000)
  from space 525120K,   0% used [0x00007fd1d8cb0000, 0x00007fd1d8cb05b8, 0x00007fd1f8d80000)
  to   space 525120K,   0% used [0x00007fd1f8d80000, 0x00007fd1f8d80000, 0x00007fd218e50000)
 tenured generation   total 13648420K, used 12593286K [0x00007fd62db50000, 0x00007fd96ebd9000, 0x00007fe0d8600000)
   the space 13648420K,  92% used [0x00007fd62db50000, 0x00007fd92e571ad0, 0x00007fd92e571c00, 0x00007fd96ebd9000)
 Metaspace       used 23299K, capacity 23635K, committed 23808K, reserved 24576K
}
Event: 64.552 GC heap before
{Heap before GC invocations=28 (full 10):
 def new generation   total 4726272K, used 1K [0x00007fd0d8600000, 0x00007fd218e50000, 0x00007fd62db50000)
  eden space 4201152K,   0% used [0x00007fd0d8600000, 0x00007fd0d8600000, 0x00007fd1d8cb0000)
  from space 525120K,   0% used [0x00007fd1d8cb0000, 0x00007fd1d8cb05b8, 0x00007fd1f8d80000)
  to   space 525120K,   0% used [0x00007fd1f8d80000, 0x00007fd1f8d80000, 0x00007fd218e50000)
 tenured generation   total 13648420K, used 12593286K [0x00007fd62db50000, 0x00007fd96ebd9000, 0x00007fe0d8600000)
   the space 13648420K,  92% used [0x00007fd62db50000, 0x00007fd92e571ad0, 0x00007fd92e571c00, 0x00007fd96ebd9000)
 Metaspace       used 23299K, capacity 23635K, committed 23808K, reserved 24576K
}
Event: 65.047 GC heap after
{Heap after GC invocations=28 (full 11):
 def new generation   total 4726272K, used 0K [0x00007fd0d8600000, 0x00007fd218e50000, 0x00007fd62db50000)
  eden space 4201152K,   0% used [0x00007fd0d8600000, 0x00007fd0d8600000, 0x00007fd1d8cb0000)
  from space 525120K,   0% used [0x00007fd1d8cb0000, 0x00007fd1d8cb0000, 0x00007fd1f8d80000)
  to   space 525120K,   0% used [0x00007fd1f8d80000, 0x00007fd1f8d80000, 0x00007fd218e50000)
 tenured generation   total 10502684K, used 3156103K [0x00007fd62db50000, 0x00007fd8aebd7000, 0x00007fe0d8600000)
   the space 10502684K,  30% used [0x00007fd62db50000, 0x00007fd6ee571e38, 0x00007fd6ee572000, 0x00007fd8aebd7000)
 Metaspace       used 23299K, capacity 23635K, committed 23808K, reserved 24576K
}
Event: 67.242 GC heap before
{Heap before GC invocations=28 (full 11):
 def new generation   total 4726272K, used 4032411K [0x00007fd0d8600000, 0x00007fd218e50000, 0x00007fd62db50000)
  eden space 4201152K,  95% used [0x00007fd0d8600000, 0x00007fd1ce7e6c80, 0x00007fd1d8cb0000)
  from space 525120K,   0% used [0x00007fd1d8cb0000, 0x00007fd1d8cb0000, 0x00007fd1f8d80000)
  to   space 525120K,   0% used [0x00007fd1f8d80000, 0x00007fd1f8d80000, 0x00007fd218e50000)
 tenured generation   total 10502684K, used 3156103K [0x00007fd62db50000, 0x00007fd8aebd7000, 0x00007fe0d8600000)
   the space 10502684K,  30% used [0x00007fd62db50000, 0x00007fd6ee571e38, 0x00007fd6ee572000, 0x00007fd8aebd7000)
 Metaspace       used 23309K, capacity 23699K, committed 23808K, reserved 24576K
}
Event: 67.289 GC heap after
{Heap after GC invocations=29 (full 11):
 def new generation   total 4726272K, used 321172K [0x00007fd0d8600000, 0x00007fd218e50000, 0x00007fd62db50000)
  eden space 4201152K,   0% used [0x00007fd0d8600000, 0x00007fd0d8600000, 0x00007fd1d8cb0000)
  from space 525120K,  61% used [0x00007fd1f8d80000, 0x00007fd20c725300, 0x00007fd218e50000)
  to   space 525120K,   0% used [0x00007fd1d8cb0000, 0x00007fd1d8cb0000, 0x00007fd1f8d80000)
 tenured generation   total 10502684K, used 3156103K [0x00007fd62db50000, 0x00007fd8aebd7000, 0x00007fe0d8600000)
   the space 10502684K,  30% used [0x00007fd62db50000, 0x00007fd6ee571e38, 0x00007fd6ee572000, 0x00007fd8aebd7000)
 Metaspace       used 23309K, capacity 23699K, committed 23808K, reserved 24576K
}
Event: 69.574 GC heap before
{Heap before GC invocations=29 (full 11):
 def new generation   total 4726272K, used 3942224K [0x00007fd0d8600000, 0x00007fd218e50000, 0x00007fd62db50000)
  eden space 4201152K,  86% used [0x00007fd0d8600000, 0x00007fd1b562eeb0, 0x00007fd1d8cb0000)
  from space 525120K,  61% used [0x00007fd1f8d80000, 0x00007fd20c725300, 0x00007fd218e50000)
  to   space 525120K,   0% used [0x00007fd1d8cb0000, 0x00007fd1d8cb0000, 0x00007fd1f8d80000)
 tenured generation   total 10502684K, used 3156103K [0x00007fd62db50000, 0x00007fd8aebd7000, 0x00007fe0d8600000)
   the space 10502684K,  30% used [0x00007fd62db50000, 0x00007fd6ee571e38, 0x00007fd6ee572000, 0x00007fd8aebd7000)
 Metaspace       used 23311K, capacity 23699K, committed 23808K, reserved 24576K
}
Event: 70.007 GC heap after
{Heap after GC invocations=30 (full 11):
 def new generation   total 4726272K, used 2K [0x00007fd0d8600000, 0x00007fd218e50000, 0x00007fd62db50000)
  eden space 4201152K,   0% used [0x00007fd0d8600000, 0x00007fd0d8600000, 0x00007fd1d8cb0000)
  from space 525120K,   0% used [0x00007fd1d8cb0000, 0x00007fd1d8cb0a98, 0x00007fd1f8d80000)
  to   space 525120K,   0% used [0x00007fd1f8d80000, 0x00007fd1f8d80000, 0x00007fd218e50000)
 tenured generation   total 10502684K, used 6606617K [0x00007fd62db50000, 0x00007fd8aebd7000, 0x00007fe0d8600000)
   the space 10502684K,  62% used [0x00007fd62db50000, 0x00007fd7c0f16510, 0x00007fd7c0f16600, 0x00007fd8aebd7000)
 Metaspace       used 23311K, capacity 23699K, committed 23808K, reserved 24576K
}
Event: 70.563 GC heap before
{Heap before GC invocations=30 (full 11):
 def new generation   total 4726272K, used 3228208K [0x00007fd0d8600000, 0x00007fd218e50000, 0x00007fd62db50000)
  eden space 4201152K,  76% used [0x00007fd0d8600000, 0x00007fd19d68b6b8, 0x00007fd1d8cb0000)
  from space 525120K,   0% used [0x00007fd1d8cb0000, 0x00007fd1d8cb0a98, 0x00007fd1f8d80000)
  to   space 525120K,   0% used [0x00007fd1f8d80000, 0x00007fd1f8d80000, 0x00007fd218e50000)
 tenured generation   total 10502684K, used 6606617K [0x00007fd62db50000, 0x00007fd8aebd7000, 0x00007fe0d8600000)
   the space 10502684K,  62% used [0x00007fd62db50000, 0x00007fd7c0f16510, 0x00007fd7c0f16600, 0x00007fd8aebd7000)
 Metaspace       used 23311K, capacity 23699K, committed 23808K, reserved 24576K
}
Event: 70.960 GC heap after
{Heap after GC invocations=31 (full 11):
 def new generation   total 4726272K, used 3K [0x00007fd0d8600000, 0x00007fd218e50000, 0x00007fd62db50000)
  eden space 4201152K,   0% used [0x00007fd0d8600000, 0x00007fd0d8600000, 0x00007fd1d8cb0000)
  from space 525120K,   0% used [0x00007fd1f8d80000, 0x00007fd1f8d80ce0, 0x00007fd218e50000)
  to   space 525120K,   0% used [0x00007fd1d8cb0000, 0x00007fd1d8cb0000, 0x00007fd1f8d80000)
 tenured generation   total 10502684K, used 9752345K [0x00007fd62db50000, 0x00007fd8aebd7000, 0x00007fe0d8600000)
   the space 10502684K,  92% used [0x00007fd62db50000, 0x00007fd880f16528, 0x00007fd880f16600, 0x00007fd8aebd7000)
 Metaspace       used 23311K, capacity 23699K, committed 23808K, reserved 24576K
}
Event: 72.872 GC heap before
{Heap before GC invocations=31 (full 11):
 def new generation   total 4726272K, used 3227999K [0x00007fd0d8600000, 0x00007fd218e50000, 0x00007fd62db50000)
  eden space 4201152K,  76% used [0x00007fd0d8600000, 0x00007fd19d656f98, 0x00007fd1d8cb0000)
  from space 525120K,   0% used [0x00007fd1f8d80000, 0x00007fd1f8d80ce0, 0x00007fd218e50000)
  to   space 525120K,   0% used [0x00007fd1d8cb0000, 0x00007fd1d8cb0000, 0x00007fd1f8d80000)
 tenured generation   total 10502684K, used 9752345K [0x00007fd62db50000, 0x00007fd8aebd7000, 0x00007fe0d8600000)
   the space 10502684K,  92% used [0x00007fd62db50000, 0x00007fd880f16528, 0x00007fd880f16600, 0x00007fd8aebd7000)
 Metaspace       used 23311K, capacity 23699K, committed 23808K, reserved 24576K
}

Deoptimization events (20 events):
Event: 29.817 Thread 0x00007fe0f0018000 Uncommon trap: trap_request=0xffffffc6 fr.pc=0x00007fe0e0325bf8 relative=0x0000000000000238
Event: 29.817 Thread 0x00007fe0f0018000 Uncommon trap: reason=bimorphic_or_optimized_type_check action=maybe_recompile pc=0x00007fe0e0325bf8 method=gnu.trove.impl.hash.THash.postInsertHook(Z)V @ 51 c2
Event: 29.817 Thread 0x00007fe0f0018000 DEOPT PACKING pc=0x00007fe0e0325bf8 sp=0x00007fe0f42913e0
Event: 29.817 Thread 0x00007fe0f0018000 DEOPT UNPACKING pc=0x00007fe0d87d2e25 sp=0x00007fe0f4291398 mode 2
Event: 41.864 Thread 0x00007fe0f0018000 Uncommon trap: trap_request=0xffffff45 fr.pc=0x00007fe0e030d0ac relative=0x000000000000012c
Event: 41.864 Thread 0x00007fe0f0018000 Uncommon trap: reason=unstable_if action=reinterpret pc=0x00007fe0e030d0ac method=java.util.Random.nextInt(I)I @ 58 c2
Event: 41.864 Thread 0x00007fe0f0018000 DEOPT PACKING pc=0x00007fe0e030d0ac sp=0x00007fe0f42917f0
Event: 41.864 Thread 0x00007fe0f0018000 DEOPT UNPACKING pc=0x00007fe0d87d2e25 sp=0x00007fe0f4291798 mode 2
Event: 42.298 Thread 0x00007fe0f0018000 Uncommon trap: trap_request=0xffffffc6 fr.pc=0x00007fe0e0325bf8 relative=0x0000000000000238
Event: 42.298 Thread 0x00007fe0f0018000 Uncommon trap: reason=bimorphic_or_optimized_type_check action=maybe_recompile pc=0x00007fe0e0325bf8 method=gnu.trove.impl.hash.THash.postInsertHook(Z)V @ 51 c2
Event: 42.298 Thread 0x00007fe0f0018000 DEOPT PACKING pc=0x00007fe0e0325bf8 sp=0x00007fe0f4291500
Event: 42.298 Thread 0x00007fe0f0018000 DEOPT UNPACKING pc=0x00007fe0d87d2e25 sp=0x00007fe0f42914b8 mode 2
Event: 66.410 Thread 0x00007fe0f0018000 DEOPT PACKING pc=0x00007fe0d92f6705 sp=0x00007fe0f42913f0
Event: 66.410 Thread 0x00007fe0f0018000 DEOPT UNPACKING pc=0x00007fe0d87d333a sp=0x00007fe0f4290988 mode 0
Event: 66.411 Thread 0x00007fe0f0018000 DEOPT PACKING pc=0x00007fe0d92f1458 sp=0x00007fe0f4291390
Event: 66.411 Thread 0x00007fe0f0018000 DEOPT UNPACKING pc=0x00007fe0d87d333a sp=0x00007fe0f4290988 mode 0
Event: 67.230 Thread 0x00007fe0f0018000 DEOPT PACKING pc=0x00007fe0d92f6705 sp=0x00007fe0f42913f0
Event: 67.230 Thread 0x00007fe0f0018000 DEOPT UNPACKING pc=0x00007fe0d87d333a sp=0x00007fe0f4290988 mode 0
Event: 67.231 Thread 0x00007fe0f0018000 DEOPT PACKING pc=0x00007fe0d92fb891 sp=0x00007fe0f4291390
Event: 67.231 Thread 0x00007fe0f0018000 DEOPT UNPACKING pc=0x00007fe0d87d333a sp=0x00007fe0f4290a00 mode 0

Classes unloaded (0 events):
No events

Classes redefined (0 events):
No events

Internal exceptions (20 events):
Event: 0.805 Thread 0x00007fe0f0018000 Exception <a 'java/lang/NoSuchMethodError'{0x00007fd0d9c0a688}: 'java.lang.Object java.lang.invoke.DirectMethodHandle$Holder.invokeSpecial(java.lang.Object, java.lang.Object, java.lang.Object, int, int)'> (0x00007fd0d9c0a688) 
thrown [src/hotspot/share/interpreter/linkResolver.cpp, line 766]
Event: 1.160 Thread 0x00007fe0f0018000 Exception <a 'java/lang/NoSuchMethodError'{0x00007fd0db1de638}: 'int java.lang.invoke.DirectMethodHandle$Holder.invokeSpecial(java.lang.Object, java.lang.Object, java.lang.Object, java.lang.Object, java.lang.Object)'> (0x00007fd0db1de638) 
thrown [src/hotspot/share/interpreter/linkResolver.cpp, line 766]
Event: 1.228 Thread 0x00007fe0f0018000 Exception <a 'java/lang/NoSuchMethodError'{0x00007fd0db5f52d0}: 'java.lang.Object java.lang.invoke.DirectMethodHandle$Holder.invokeStatic(java.lang.Object, java.lang.Object, int, int)'> (0x00007fd0db5f52d0) 
thrown [src/hotspot/share/interpreter/linkResolver.cpp, line 766]
Event: 1.508 Thread 0x00007fe0f0018000 Exception <a 'java/lang/NoSuchMethodError'{0x00007fd0dc91f8a8}: 'int java.lang.invoke.DirectMethodHandle$Holder.invokeVirtual(java.lang.Object, java.lang.Object, java.lang.Object, java.lang.Object)'> (0x00007fd0dc91f8a8) 
thrown [src/hotspot/share/interpreter/linkResolver.cpp, line 766]
Event: 1.509 Thread 0x00007fe0f0018000 Exception <a 'java/lang/NoSuchMethodError'{0x00007fd0dc92d9f0}: 'java.lang.Object java.lang.invoke.DirectMethodHandle$Holder.invokeStatic(java.lang.Object, java.lang.Object, int, java.lang.Object)'> (0x00007fd0dc92d9f0) 
thrown [src/hotspot/share/interpreter/linkResolver.cpp, line 766]
Event: 1.510 Thread 0x00007fe0f0018000 Exception <a 'java/lang/NoSuchMethodError'{0x00007fd0dc936308}: 'java.lang.Object java.lang.invoke.Invokers$Holder.linkToTargetMethod(java.lang.Object, int, java.lang.Object, java.lang.Object)'> (0x00007fd0dc936308) 
thrown [src/hotspot/share/interpreter/linkResolver.cpp, line 766]
Event: 1.779 Thread 0x00007fe0f0018000 Implicit null exception at 0x00007fe0e027ea0f to 0x00007fe0e027ea79
Event: 1.895 Thread 0x00007fe0f0018000 Exception <a 'java/lang/NoSuchMethodError'{0x00007fd0dd1eb550}: 'java.lang.Object java.lang.invoke.Invokers$Holder.linkToTargetMethod(java.lang.Object, int, java.lang.Object)'> (0x00007fd0dd1eb550) 
thrown [src/hotspot/share/interpreter/linkResolver.cpp, line 766]
Event: 1.922 Thread 0x00007fe0f0018000 Exception <a 'java/lang/NoSuchMethodError'{0x00007fd0dd280f48}: 'java.lang.Object java.lang.invoke.Invokers$Holder.linkToTargetMethod(java.lang.Object, long, java.lang.Object)'> (0x00007fd0dd280f48) 
thrown [src/hotspot/share/interpreter/linkResolver.cpp, line 766]
Event: 1.945 Thread 0x00007fe0f0018000 Exception <a 'java/lang/NoSuchMethodError'{0x00007fd0dd2ea9a8}: 'java.lang.Object java.lang.invoke.Invokers$Holder.linkToTargetMethod(double, java.lang.Object)'> (0x00007fd0dd2ea9a8) 
thrown [src/hotspot/share/interpreter/linkResolver.cpp, line 766]
Event: 2.074 Thread 0x00007fe0f0018000 Exception <a 'java/lang/NoSuchMethodError'{0x00007fd0dd87e298}: 'java.lang.Object java.lang.invoke.Invokers$Holder.invokeExact_MT(java.lang.Object, java.lang.Object, java.lang.Object, java.lang.Object, java.lang.Object, java.lang.Object)'> (0x00007fd0dd87e298) 
thrown [src/hotspot/share/interpreter/linkResolver.cpp, line 766]
Event: 2.100 Thread 0x00007fe0f0018000 Exception <a 'java/lang/NoSuchMethodError'{0x00007fd0dd92d0c8}: 'int java.lang.invoke.DirectMethodHandle$Holder.invokeStatic(java.lang.Object, java.lang.Object, int)'> (0x00007fd0dd92d0c8) 
thrown [src/hotspot/share/interpreter/linkResolver.cpp, line 766]
Event: 2.105 Thread 0x00007fe0f0018000 Exception <a 'java/lang/NoSuchMethodError'{0x00007fd0dd93fb60}: 'int java.lang.invoke.DirectMethodHandle$Holder.invokeStatic(java.lang.Object, java.lang.Object, java.lang.Object, int)'> (0x00007fd0dd93fb60) 
thrown [src/hotspot/share/interpreter/linkResolver.cpp, line 766]
Event: 2.201 Thread 0x00007fe0f00a7000 Implicit null exception at 0x00007fe0e02a6ccc to 0x00007fe0e02a6d80
Event: 2.422 Thread 0x00007fe0f0018000 Exception <a 'java/lang/NoSuchMethodError'{0x00007fd0dc356928}: 'void java.lang.invoke.DirectMethodHandle$Holder.invokeInterface(java.lang.Object, java.lang.Object, int)'> (0x00007fd0dc356928) 
thrown [src/hotspot/share/interpreter/linkResolver.cpp, line 766]
Event: 2.422 Thread 0x00007fe0f0018000 Exception <a 'java/lang/IncompatibleClassChangeError'{0x00007fd0dc35a6e8}: Found class java.lang.Object, but interface was expected> (0x00007fd0dc35a6e8) 
thrown [src/hotspot/share/interpreter/linkResolver.cpp, line 833]
Event: 2.489 Thread 0x00007fe0f0018000 Exception <a 'java/lang/NoSuchMethodError'{0x00007fd0dc7760e8}: 'int java.lang.invoke.DirectMethodHandle$Holder.invokeStatic(java.lang.Object, int, java.lang.Object, int)'> (0x00007fd0dc7760e8) 
thrown [src/hotspot/share/interpreter/linkResolver.cpp, line 766]
Event: 2.492 Thread 0x00007fe0f0018000 Exception <a 'java/lang/NoSuchMethodError'{0x00007fd0dc77d128}: 'java.lang.Object java.lang.invoke.DirectMethodHandle$Holder.invokeStatic(java.lang.Object, int, java.lang.Object)'> (0x00007fd0dc77d128) 
thrown [src/hotspot/share/interpreter/linkResolver.cpp, line 766]
Event: 2.556 Thread 0x00007fe0f0018000 Exception <a 'java/lang/NoSuchMethodError'{0x00007fd0dc9bf9e8}: 'void java.lang.invoke.DirectMethodHandle$Holder.invokeStatic(java.lang.Object, java.lang.Object, int)'> (0x00007fd0dc9bf9e8) 
thrown [src/hotspot/share/interpreter/linkResolver.cpp, line 766]
Event: 3.536 Thread 0x00007fe0f0018000 Exception <a 'java/lang/IncompatibleClassChangeError'{0x00007fd0e9c915c8}: Found class java.lang.Object, but interface was expected> (0x00007fd0e9c915c8) 
thrown [src/hotspot/share/interpreter/linkResolver.cpp, line 833]

Events (20 events):
Event: 49.873 Executing VM operation: GenCollectForAllocation done
Event: 51.136 Executing VM operation: GenCollectForAllocation
Event: 51.542 Executing VM operation: GenCollectForAllocation done
Event: 53.774 Executing VM operation: GenCollectForAllocation
Event: 53.943 Executing VM operation: GenCollectForAllocation done
Event: 55.777 Executing VM operation: GenCollectForAllocation
Event: 57.739 Executing VM operation: GenCollectForAllocation done
Event: 58.407 Executing VM operation: GenCollectForAllocation
Event: 58.999 Executing VM operation: GenCollectForAllocation done
Event: 60.912 Executing VM operation: GenCollectForAllocation
Event: 61.742 Executing VM operation: GenCollectForAllocation done
Event: 63.020 Executing VM operation: GenCollectForAllocation
Event: 65.047 Executing VM operation: GenCollectForAllocation done
Event: 67.242 Executing VM operation: GenCollectForAllocation
Event: 67.289 Executing VM operation: GenCollectForAllocation done
Event: 69.573 Executing VM operation: GenCollectForAllocation
Event: 70.007 Executing VM operation: GenCollectForAllocation done
Event: 70.563 Executing VM operation: GenCollectForAllocation
Event: 70.960 Executing VM operation: GenCollectForAllocation done
Event: 72.872 Executing VM operation: GenCollectForAllocation


Dynamic libraries:
560ff02a7000-560ff02a8000 r--p 00000000 07:0a 4860                       /usr/lib/jvm/java-13-openjdk-amd64/bin/java
560ff02a8000-560ff02a9000 r-xp 00001000 07:0a 4860                       /usr/lib/jvm/java-13-openjdk-amd64/bin/java
560ff02a9000-560ff02aa000 r--p 00002000 07:0a 4860                       /usr/lib/jvm/java-13-openjdk-amd64/bin/java
560ff02aa000-560ff02ab000 r--p 00002000 07:0a 4860                       /usr/lib/jvm/java-13-openjdk-amd64/bin/java
560ff02ab000-560ff02ac000 rw-p 00003000 07:0a 4860                       /usr/lib/jvm/java-13-openjdk-amd64/bin/java
560ff11e8000-560ff1209000 rw-p 00000000 00:00 0                          [heap]
7fd09c000000-7fd09c021000 rw-p 00000000 00:00 0 
7fd09c021000-7fd0a0000000 ---p 00000000 00:00 0 
7fd0a4000000-7fd0a4021000 rw-p 00000000 00:00 0 
7fd0a4021000-7fd0a8000000 ---p 00000000 00:00 0 
7fd0a8000000-7fd0a8021000 rw-p 00000000 00:00 0 
7fd0a8021000-7fd0ac000000 ---p 00000000 00:00 0 
7fd0ac000000-7fd0ad232000 rw-p 00000000 00:00 0 
7fd0ad232000-7fd0b0000000 ---p 00000000 00:00 0 
7fd0b0000000-7fd0b0633000 rw-p 00000000 00:00 0 
7fd0b0633000-7fd0b4000000 ---p 00000000 00:00 0 
7fd0b4000000-7fd0b4021000 rw-p 00000000 00:00 0 
7fd0b4021000-7fd0b8000000 ---p 00000000 00:00 0 
7fd0b8000000-7fd0b8021000 rw-p 00000000 00:00 0 
7fd0b8021000-7fd0bc000000 ---p 00000000 00:00 0 
7fd0bc000000-7fd0bc021000 rw-p 00000000 00:00 0 
7fd0bc021000-7fd0c0000000 ---p 00000000 00:00 0 
7fd0c0000000-7fd0c0021000 rw-p 00000000 00:00 0 
7fd0c0021000-7fd0c4000000 ---p 00000000 00:00 0 
7fd0c4000000-7fd0c4046000 rw-p 00000000 00:00 0 
7fd0c4046000-7fd0c8000000 ---p 00000000 00:00 0 
7fd0c8c01000-7fd0c8d41000 rw-p 00000000 00:00 0 
7fd0c8d41000-7fd0c8e01000 ---p 00000000 00:00 0 
7fd0c8e01000-7fd0c9001000 rw-p 00000000 00:00 0 
7fd0c9001000-7fd0c9201000 rw-p 00000000 00:00 0 
7fd0c9201000-7fd0c9401000 rw-p 00000000 00:00 0 
7fd0c9401000-7fd0c97a1000 rw-p 00000000 00:00 0 
7fd0c97a1000-7fd0c99a1000 rw-p 00000000 00:00 0 
7fd0c99a1000-7fd0c9ba1000 rw-p 00000000 00:00 0 
7fd0c9ba1000-7fd0c9da1000 rw-p 00000000 00:00 0 
7fd0c9da1000-7fd0c9dd2000 rw-p 00000000 00:00 0 
7fd0c9dd2000-7fd0c9dd6000 r--p 00000000 07:0a 5204                       /usr/lib/jvm/java-13-openjdk-amd64/lib/libnet.so
7fd0c9dd6000-7fd0c9de4000 r-xp 00004000 07:0a 5204                       /usr/lib/jvm/java-13-openjdk-amd64/lib/libnet.so
7fd0c9de4000-7fd0c9de8000 r--p 00012000 07:0a 5204                       /usr/lib/jvm/java-13-openjdk-amd64/lib/libnet.so
7fd0c9de8000-7fd0c9de9000 r--p 00015000 07:0a 5204                       /usr/lib/jvm/java-13-openjdk-amd64/lib/libnet.so
7fd0c9de9000-7fd0c9dea000 rw-p 00016000 07:0a 5204                       /usr/lib/jvm/java-13-openjdk-amd64/lib/libnet.so
7fd0c9dea000-7fd0c9deb000 ---p 00000000 00:00 0 
7fd0c9deb000-7fd0c9eec000 rw-p 00000000 00:00 0 
7fd0c9eec000-7fd0c9ef0000 ---p 00000000 00:00 0 
7fd0c9ef0000-7fd0c9fed000 rw-p 00000000 00:00 0 
7fd0c9fed000-7fd0c9ff1000 ---p 00000000 00:00 0 
7fd0c9ff1000-7fd0ca0ee000 rw-p 00000000 00:00 0 
7fd0ca0ee000-7fd0ca0f2000 ---p 00000000 00:00 0 
7fd0ca0f2000-7fd0ca1ef000 rw-p 00000000 00:00 0 
7fd0ca1ef000-7fd0ca1f3000 ---p 00000000 00:00 0 
7fd0ca1f3000-7fd0ca2f0000 rw-p 00000000 00:00 0 
7fd0ca2f0000-7fd0ca2f4000 ---p 00000000 00:00 0 
7fd0ca2f4000-7fd0ca3f1000 rw-p 00000000 00:00 0 
7fd0ca3f1000-7fd0ca3f5000 ---p 00000000 00:00 0 
7fd0ca3f5000-7fd0ca4f2000 rw-p 00000000 00:00 0 
7fd0ca4f2000-7fd0ca524000 r--p 00000000 07:0a 5276                       /usr/lib/locale/C.UTF-8/LC_CTYPE
7fd0ca524000-7fd0ca528000 ---p 00000000 00:00 0 
7fd0ca528000-7fd0ca625000 rw-p 00000000 00:00 0 
7fd0ca625000-7fd0ca629000 ---p 00000000 00:00 0 
7fd0ca629000-7fd0ca726000 rw-p 00000000 00:00 0 
7fd0ca726000-7fd0ca727000 ---p 00000000 00:00 0 
7fd0ca727000-7fd0cc4b2000 rw-p 00000000 00:00 0 
7fd0cc4b2000-7fd0d05ff000 ---p 00000000 00:00 0 
7fd0d05ff000-7fd0d1004000 rw-p 00000000 00:00 0 
7fd0d1004000-7fd0d30a9000 ---p 00000000 00:00 0 
7fd0d30a9000-7fd0d44b2000 rw-p 00000000 00:00 0 
7fd0d44b2000-7fd0d85ff000 ---p 00000000 00:00 0 
7fd0d85ff000-7fd218e50000 rw-p 00000000 00:00 0 
7fd218e50000-7fd62db50000 ---p 00000000 00:00 0 
7fd62db50000-7fd8aebd7000 rw-p 00000000 00:00 0 
7fd96ebd8000-7fe0d8600000 ---p 00000000 00:00 0 
7fe0d8603000-7fe0d86a4000 rw-p 00000000 00:00 0 
7fe0d86a4000-7fe0d878a000 ---p 00000000 00:00 0 
7fe0d878a000-7fe0d89fa000 rwxp 00000000 00:00 0 
7fe0d89fa000-7fe0d8d19000 ---p 00000000 00:00 0 
7fe0d8d19000-7fe0d9309000 rwxp 00000000 00:00 0 
7fe0d9309000-7fe0e0251000 ---p 00000000 00:00 0 
7fe0e0251000-7fe0e04c1000 rwxp 00000000 00:00 0 
7fe0e04c1000-7fe0e778a000 ---p 00000000 00:00 0 
7fe0e778a000-7fe0f0000000 r--s 00000000 07:0a 5215                       /usr/lib/jvm/java-13-openjdk-amd64/lib/modules
7fe0f0000000-7fe0f06a6000 rw-p 00000000 00:00 0 
7fe0f06a6000-7fe0f4000000 ---p 00000000 00:00 0 
7fe0f400c000-7fe0f4013000 r--p 00000000 07:0a 5205                       /usr/lib/jvm/java-13-openjdk-amd64/lib/libnio.so
7fe0f4013000-7fe0f401c000 r-xp 00007000 07:0a 5205                       /usr/lib/jvm/java-13-openjdk-amd64/lib/libnio.so
7fe0f401c000-7fe0f4020000 r--p 00010000 07:0a 5205                       /usr/lib/jvm/java-13-openjdk-amd64/lib/libnio.so
7fe0f4020000-7fe0f4021000 r--p 00013000 07:0a 5205                       /usr/lib/jvm/java-13-openjdk-amd64/lib/libnio.so
7fe0f4021000-7fe0f4022000 rw-p 00014000 07:0a 5205                       /usr/lib/jvm/java-13-openjdk-amd64/lib/libnio.so
7fe0f4022000-7fe0f4029000 r--s 00000000 07:0a 8532                       /usr/lib/x86_64-linux-gnu/gconv/gconv-modules.cache
7fe0f4029000-7fe0f4035000 rw-p 00000000 00:00 0 
7fe0f4035000-7fe0f4114000 ---p 00000000 00:00 0 
7fe0f4114000-7fe0f4119000 rw-p 00000000 00:00 0 
7fe0f4119000-7fe0f4120000 ---p 00000000 00:00 0 
7fe0f4120000-7fe0f4122000 r--p 00000000 07:0a 5214                       /usr/lib/jvm/java-13-openjdk-amd64/lib/libzip.so
7fe0f4122000-7fe0f4126000 r-xp 00002000 07:0a 5214                       /usr/lib/jvm/java-13-openjdk-amd64/lib/libzip.so
7fe0f4126000-7fe0f4128000 r--p 00006000 07:0a 5214                       /usr/lib/jvm/java-13-openjdk-amd64/lib/libzip.so
7fe0f4128000-7fe0f4129000 r--p 00007000 07:0a 5214                       /usr/lib/jvm/java-13-openjdk-amd64/lib/libzip.so
7fe0f4129000-7fe0f412a000 rw-p 00008000 07:0a 5214                       /usr/lib/jvm/java-13-openjdk-amd64/lib/libzip.so
7fe0f412a000-7fe0f4132000 rw-s 00000000 08:03 67366303                   /tmp/hsperfdata_rcabanas/58079
7fe0f4132000-7fe0f4135000 r--p 00000000 07:0a 9108                       /usr/lib/x86_64-linux-gnu/libnss_files-2.31.so
7fe0f4135000-7fe0f413c000 r-xp 00003000 07:0a 9108                       /usr/lib/x86_64-linux-gnu/libnss_files-2.31.so
7fe0f413c000-7fe0f413e000 r--p 0000a000 07:0a 9108                       /usr/lib/x86_64-linux-gnu/libnss_files-2.31.so
7fe0f413e000-7fe0f413f000 r--p 0000b000 07:0a 9108                       /usr/lib/x86_64-linux-gnu/libnss_files-2.31.so
7fe0f413f000-7fe0f4140000 rw-p 0000c000 07:0a 9108                       /usr/lib/x86_64-linux-gnu/libnss_files-2.31.so
7fe0f4140000-7fe0f4146000 rw-p 00000000 00:00 0 
7fe0f414c000-7fe0f414e000 r--p 00000000 07:0a 5195                       /usr/lib/jvm/java-13-openjdk-amd64/lib/libjimage.so
7fe0f414e000-7fe0f4151000 r-xp 00002000 07:0a 5195                       /usr/lib/jvm/java-13-openjdk-amd64/lib/libjimage.so
7fe0f4151000-7fe0f4152000 r--p 00005000 07:0a 5195                       /usr/lib/jvm/java-13-openjdk-amd64/lib/libjimage.so
7fe0f4152000-7fe0f4153000 ---p 00006000 07:0a 5195                       /usr/lib/jvm/java-13-openjdk-amd64/lib/libjimage.so
7fe0f4153000-7fe0f4154000 r--p 00006000 07:0a 5195                       /usr/lib/jvm/java-13-openjdk-amd64/lib/libjimage.so
7fe0f4154000-7fe0f4155000 rw-p 00007000 07:0a 5195                       /usr/lib/jvm/java-13-openjdk-amd64/lib/libjimage.so
7fe0f4155000-7fe0f4162000 r--p 00000000 07:0a 5191                       /usr/lib/jvm/java-13-openjdk-amd64/lib/libjava.so
7fe0f4162000-7fe0f4177000 r-xp 0000d000 07:0a 5191                       /usr/lib/jvm/java-13-openjdk-amd64/lib/libjava.so
7fe0f4177000-7fe0f417d000 r--p 00022000 07:0a 5191                       /usr/lib/jvm/java-13-openjdk-amd64/lib/libjava.so
7fe0f417d000-7fe0f417e000 ---p 00028000 07:0a 5191                       /usr/lib/jvm/java-13-openjdk-amd64/lib/libjava.so
7fe0f417e000-7fe0f417f000 r--p 00028000 07:0a 5191                       /usr/lib/jvm/java-13-openjdk-amd64/lib/libjava.so
7fe0f417f000-7fe0f4181000 rw-p 00029000 07:0a 5191                       /usr/lib/jvm/java-13-openjdk-amd64/lib/libjava.so
7fe0f4181000-7fe0f4186000 r--p 00000000 07:0a 5213                       /usr/lib/jvm/java-13-openjdk-amd64/lib/libverify.so
7fe0f4186000-7fe0f418d000 r-xp 00005000 07:0a 5213                       /usr/lib/jvm/java-13-openjdk-amd64/lib/libverify.so
7fe0f418d000-7fe0f418f000 r--p 0000c000 07:0a 5213                       /usr/lib/jvm/java-13-openjdk-amd64/lib/libverify.so
7fe0f418f000-7fe0f4190000 ---p 0000e000 07:0a 5213                       /usr/lib/jvm/java-13-openjdk-amd64/lib/libverify.so
7fe0f4190000-7fe0f4192000 r--p 0000e000 07:0a 5213                       /usr/lib/jvm/java-13-openjdk-amd64/lib/libverify.so
7fe0f4192000-7fe0f4193000 rw-p 00010000 07:0a 5213                       /usr/lib/jvm/java-13-openjdk-amd64/lib/libverify.so
7fe0f4193000-7fe0f4197000 ---p 00000000 00:00 0 
7fe0f4197000-7fe0f4294000 rw-p 00000000 00:00 0 
7fe0f4294000-7fe0f4297000 r--p 00000000 07:0a 8948                       /usr/lib/x86_64-linux-gnu/libgcc_s.so.1
7fe0f4297000-7fe0f42a9000 r-xp 00003000 07:0a 8948                       /usr/lib/x86_64-linux-gnu/libgcc_s.so.1
7fe0f42a9000-7fe0f42ad000 r--p 00015000 07:0a 8948                       /usr/lib/x86_64-linux-gnu/libgcc_s.so.1
7fe0f42ad000-7fe0f42ae000 r--p 00018000 07:0a 8948                       /usr/lib/x86_64-linux-gnu/libgcc_s.so.1
7fe0f42ae000-7fe0f42af000 rw-p 00019000 07:0a 8948                       /usr/lib/x86_64-linux-gnu/libgcc_s.so.1
7fe0f42af000-7fe0f42bc000 r--p 00000000 07:0a 9062                       /usr/lib/x86_64-linux-gnu/libm-2.31.so
7fe0f42bc000-7fe0f4363000 r-xp 0000d000 07:0a 9062                       /usr/lib/x86_64-linux-gnu/libm-2.31.so
7fe0f4363000-7fe0f43fc000 r--p 000b4000 07:0a 9062                       /usr/lib/x86_64-linux-gnu/libm-2.31.so
7fe0f43fc000-7fe0f43fd000 r--p 0014c000 07:0a 9062                       /usr/lib/x86_64-linux-gnu/libm-2.31.so
7fe0f43fd000-7fe0f43fe000 rw-p 0014d000 07:0a 9062                       /usr/lib/x86_64-linux-gnu/libm-2.31.so
7fe0f43fe000-7fe0f4494000 r--p 00000000 07:0a 9213                       /usr/lib/x86_64-linux-gnu/libstdc++.so.6.0.28
7fe0f4494000-7fe0f4585000 r-xp 00096000 07:0a 9213                       /usr/lib/x86_64-linux-gnu/libstdc++.so.6.0.28
7fe0f4585000-7fe0f45ce000 r--p 00187000 07:0a 9213                       /usr/lib/x86_64-linux-gnu/libstdc++.so.6.0.28
7fe0f45ce000-7fe0f45cf000 ---p 001d0000 07:0a 9213                       /usr/lib/x86_64-linux-gnu/libstdc++.so.6.0.28
7fe0f45cf000-7fe0f45da000 r--p 001d0000 07:0a 9213                       /usr/lib/x86_64-linux-gnu/libstdc++.so.6.0.28
7fe0f45da000-7fe0f45dd000 rw-p 001db000 07:0a 9213                       /usr/lib/x86_64-linux-gnu/libstdc++.so.6.0.28
7fe0f45dd000-7fe0f45e0000 rw-p 00000000 00:00 0 
7fe0f45e0000-7fe0f4866000 r--p 00000000 07:0a 5226                       /usr/lib/jvm/java-13-openjdk-amd64/lib/server/libjvm.so
7fe0f4866000-7fe0f55e3000 r-xp 00286000 07:0a 5226                       /usr/lib/jvm/java-13-openjdk-amd64/lib/server/libjvm.so
7fe0f55e3000-7fe0f585e000 r--p 01003000 07:0a 5226                       /usr/lib/jvm/java-13-openjdk-amd64/lib/server/libjvm.so
7fe0f585e000-7fe0f5923000 r--p 0127d000 07:0a 5226                       /usr/lib/jvm/java-13-openjdk-amd64/lib/server/libjvm.so
7fe0f5923000-7fe0f595e000 rw-p 01342000 07:0a 5226                       /usr/lib/jvm/java-13-openjdk-amd64/lib/server/libjvm.so
7fe0f595e000-7fe0f59e4000 rw-p 00000000 00:00 0 
7fe0f59e4000-7fe0f59ea000 r--p 00000000 07:0a 9166                       /usr/lib/x86_64-linux-gnu/libpthread-2.31.so
7fe0f59ea000-7fe0f59fb000 r-xp 00006000 07:0a 9166                       /usr/lib/x86_64-linux-gnu/libpthread-2.31.so
7fe0f59fb000-7fe0f5a01000 r--p 00017000 07:0a 9166                       /usr/lib/x86_64-linux-gnu/libpthread-2.31.so
7fe0f5a01000-7fe0f5a02000 r--p 0001c000 07:0a 9166                       /usr/lib/x86_64-linux-gnu/libpthread-2.31.so
7fe0f5a02000-7fe0f5a03000 rw-p 0001d000 07:0a 9166                       /usr/lib/x86_64-linux-gnu/libpthread-2.31.so
7fe0f5a03000-7fe0f5a07000 rw-p 00000000 00:00 0 
7fe0f5a07000-7fe0f5a08000 r--p 00000000 07:0a 8893                       /usr/lib/x86_64-linux-gnu/libdl-2.31.so
7fe0f5a08000-7fe0f5a0a000 r-xp 00001000 07:0a 8893                       /usr/lib/x86_64-linux-gnu/libdl-2.31.so
7fe0f5a0a000-7fe0f5a0b000 r--p 00003000 07:0a 8893                       /usr/lib/x86_64-linux-gnu/libdl-2.31.so
7fe0f5a0b000-7fe0f5a0c000 r--p 00003000 07:0a 8893                       /usr/lib/x86_64-linux-gnu/libdl-2.31.so
7fe0f5a0c000-7fe0f5a0d000 rw-p 00004000 07:0a 8893                       /usr/lib/x86_64-linux-gnu/libdl-2.31.so
7fe0f5a0d000-7fe0f5a0f000 r--p 00000000 07:0a 9290                       /usr/lib/x86_64-linux-gnu/libz.so.1.2.11
7fe0f5a0f000-7fe0f5a20000 r-xp 00002000 07:0a 9290                       /usr/lib/x86_64-linux-gnu/libz.so.1.2.11
7fe0f5a20000-7fe0f5a26000 r--p 00013000 07:0a 9290                       /usr/lib/x86_64-linux-gnu/libz.so.1.2.11
7fe0f5a26000-7fe0f5a27000 ---p 00019000 07:0a 9290                       /usr/lib/x86_64-linux-gnu/libz.so.1.2.11
7fe0f5a27000-7fe0f5a28000 r--p 00019000 07:0a 9290                       /usr/lib/x86_64-linux-gnu/libz.so.1.2.11
7fe0f5a28000-7fe0f5a29000 rw-p 0001a000 07:0a 9290                       /usr/lib/x86_64-linux-gnu/libz.so.1.2.11
7fe0f5a29000-7fe0f5a4b000 r--p 00000000 07:0a 8851                       /usr/lib/x86_64-linux-gnu/libc-2.31.so
7fe0f5a4b000-7fe0f5bc3000 r-xp 00022000 07:0a 8851                       /usr/lib/x86_64-linux-gnu/libc-2.31.so
7fe0f5bc3000-7fe0f5c11000 r--p 0019a000 07:0a 8851                       /usr/lib/x86_64-linux-gnu/libc-2.31.so
7fe0f5c11000-7fe0f5c15000 r--p 001e7000 07:0a 8851                       /usr/lib/x86_64-linux-gnu/libc-2.31.so
7fe0f5c15000-7fe0f5c17000 rw-p 001eb000 07:0a 8851                       /usr/lib/x86_64-linux-gnu/libc-2.31.so
7fe0f5c17000-7fe0f5c1b000 rw-p 00000000 00:00 0 
7fe0f5c1d000-7fe0f5c1f000 r--s 0000c000 07:0a 20930                      /usr/share/java/java-atk-wrapper.jar
7fe0f5c1f000-7fe0f5c20000 ---p 00000000 00:00 0 
7fe0f5c20000-7fe0f5c21000 r--p 00000000 00:00 0 
7fe0f5c21000-7fe0f5c24000 r--p 00000000 07:0a 5196                       /usr/lib/jvm/java-13-openjdk-amd64/lib/libjli.so
7fe0f5c24000-7fe0f5c2e000 r-xp 00003000 07:0a 5196                       /usr/lib/jvm/java-13-openjdk-amd64/lib/libjli.so
7fe0f5c2e000-7fe0f5c31000 r--p 0000d000 07:0a 5196                       /usr/lib/jvm/java-13-openjdk-amd64/lib/libjli.so
7fe0f5c31000-7fe0f5c32000 r--p 0000f000 07:0a 5196                       /usr/lib/jvm/java-13-openjdk-amd64/lib/libjli.so
7fe0f5c32000-7fe0f5c33000 rw-p 00010000 07:0a 5196                       /usr/lib/jvm/java-13-openjdk-amd64/lib/libjli.so
7fe0f5c33000-7fe0f5c35000 rw-p 00000000 00:00 0 
7fe0f5c35000-7fe0f5c36000 r--p 00000000 07:0a 8572                       /usr/lib/x86_64-linux-gnu/ld-2.31.so
7fe0f5c36000-7fe0f5c59000 r-xp 00001000 07:0a 8572                       /usr/lib/x86_64-linux-gnu/ld-2.31.so
7fe0f5c59000-7fe0f5c61000 r--p 00024000 07:0a 8572                       /usr/lib/x86_64-linux-gnu/ld-2.31.so
7fe0f5c61000-7fe0f5c62000 ---p 00000000 00:00 0 
7fe0f5c62000-7fe0f5c63000 r--p 0002c000 07:0a 8572                       /usr/lib/x86_64-linux-gnu/ld-2.31.so
7fe0f5c63000-7fe0f5c64000 rw-p 0002d000 07:0a 8572                       /usr/lib/x86_64-linux-gnu/ld-2.31.so
7fe0f5c64000-7fe0f5c65000 rw-p 00000000 00:00 0 
7ffe65b5b000-7ffe65b7c000 rw-p 00000000 00:00 0                          [stack]
7ffe65bf5000-7ffe65bf7000 r-xp 00000000 00:00 0                          [vdso]
ffffffffff600000-ffffffffff601000 r-xp 00000000 00:00 0                  [vsyscall]


VM Arguments:
jvm_args: -Xmx64g --add-modules=ALL-DEFAULT 
java_command: jdk.compiler/com.sun.tools.javac.launcher.Main /mnt/beegfs/rcabanas/dev/credici/papers/journalEM/code/GenerateModel.java -n 10 -d 1000 -di 0.5 -mr 0.98 -r 1.0 --seed 33 --output /mnt/beegfs/rcabanas/dev/credici/papers/journalEM/models/synthetic/s1/ --debug
java_class_path (initial): /mnt/beegfs/rcabanas/dev/credici/target/credici-0.1.3-jar-with-dependencies.jar
Launcher Type: SUN_STANDARD

[Global flags]
     intx CICompilerCount                          = 2                                         {product} {ergonomic}
   size_t InitialHeapSize                          = 2147483648                                {product} {ergonomic}
   size_t MaxHeapSize                              = 68719476736                               {product} {command line}
   size_t MaxNewSize                               = 22906470400                               {product} {ergonomic}
   size_t MinHeapDeltaBytes                        = 196608                                    {product} {ergonomic}
   size_t MinHeapSize                              = 8388608                                   {product} {ergonomic}
   size_t NewSize                                  = 715784192                                 {product} {ergonomic}
    uintx NonNMethodCodeHeapSize                   = 5826188                                {pd product} {ergonomic}
    uintx NonProfiledCodeHeapSize                  = 122916026                              {pd product} {ergonomic}
   size_t OldSize                                  = 1431699456                                {product} {ergonomic}
    uintx ProfiledCodeHeapSize                     = 122916026                              {pd product} {ergonomic}
    uintx ReservedCodeCacheSize                    = 251658240                              {pd product} {ergonomic}
     bool SegmentedCodeCache                       = true                                      {product} {ergonomic}
   size_t SoftMaxHeapSize                          = 68719476736                            {manageable} {ergonomic}
     bool UseSerialGC                              = true                                      {product} {ergonomic}

Logging:
Log output configuration:
 #0: stdout all=warning uptime,level,tags
 #1: stderr all=off uptime,level,tags

Environment Variables:
PATH=/usr/local/sbin:/usr/local/bin:/usr/sbin:/usr/bin:/sbin:/bin
LD_LIBRARY_PATH=/.singularity.d/libs

Signal Handlers:
SIGSEGV: [libjvm.so+0xf8fcf0], sa_mask[0]=11111111011111111101111111111110, sa_flags=SA_RESTART|SA_SIGINFO
SIGBUS: [libjvm.so+0xf8fcf0], sa_mask[0]=11111111011111111101111111111110, sa_flags=SA_RESTART|SA_SIGINFO
SIGFPE: [libjvm.so+0xf8fcf0], sa_mask[0]=11111111011111111101111111111110, sa_flags=SA_RESTART|SA_SIGINFO
SIGPIPE: [libjvm.so+0xc3ffa0], sa_mask[0]=11111111011111111101111111111110, sa_flags=SA_RESTART|SA_SIGINFO
SIGXFSZ: [libjvm.so+0xc3ffa0], sa_mask[0]=11111111011111111101111111111110, sa_flags=SA_RESTART|SA_SIGINFO
SIGILL: [libjvm.so+0xf8fcf0], sa_mask[0]=11111111011111111101111111111110, sa_flags=SA_RESTART|SA_SIGINFO
SIGUSR2: [libjvm.so+0xc3fe40], sa_mask[0]=00000000000000000000000000000000, sa_flags=SA_RESTART|SA_SIGINFO
SIGHUP: [libjvm.so+0xc40580], sa_mask[0]=11111111011111111101111111111110, sa_flags=SA_RESTART|SA_SIGINFO
SIGINT: [libjvm.so+0xc40580], sa_mask[0]=11111111011111111101111111111110, sa_flags=SA_RESTART|SA_SIGINFO
SIGTERM: [libjvm.so+0xc40580], sa_mask[0]=11111111011111111101111111111110, sa_flags=SA_RESTART|SA_SIGINFO
SIGQUIT: [libjvm.so+0xc40580], sa_mask[0]=11111111011111111101111111111110, sa_flags=SA_RESTART|SA_SIGINFO


---------------  S Y S T E M  ---------------

OS:DISTRIB_ID=Ubuntu
DISTRIB_RELEASE=20.04
DISTRIB_CODENAME=focal
DISTRIB_DESCRIPTION="Ubuntu 20.04.4 LTS"
uname:Linux 3.10.0-1160.15.2.el7.x86_64 #1 SMP Wed Feb 3 15:06:38 UTC 2021 x86_64
OS uptime: 474 days 19:07 hours
libc:glibc 2.31 NPTL 2.31 
rlimit (soft/hard): STACK 8192k/infinity , CORE 0k/infinity , NPROC 4096/1030217 , NOFILE 131072/131072 , AS infinity/infinity , CPU infinity/infinity , DATA infinity/infinity , FSIZE infinity/infinity , MEMLOCK infinity/infinity
load average:12.12 12.13 11.72

/proc/meminfo:
MemTotal:       263895368 kB
MemFree:         2138352 kB
MemAvailable:    1803820 kB
Buffers:           69740 kB
Cached:           370960 kB
SwapCached:      1071376 kB
Active:         245257020 kB
Inactive:        7272664 kB
Active(anon):   245180536 kB
Inactive(anon):  6994492 kB
Active(file):      76484 kB
Inactive(file):   278172 kB
Unevictable:       16100 kB
Mlocked:           16100 kB
SwapTotal:       4194300 kB
SwapFree:           3156 kB
Dirty:                72 kB
Writeback:             0 kB
AnonPages:      251037796 kB
Mapped:           124336 kB
Shmem:             78396 kB
Slab:             685536 kB
SReclaimable:     162580 kB
SUnreclaim:       522956 kB
KernelStack:       20144 kB
PageTables:       518788 kB
NFS_Unstable:          0 kB
Bounce:                0 kB
WritebackTmp:          0 kB
CommitLimit:    136141984 kB
Committed_AS:   285105292 kB
VmallocTotal:   34359738367 kB
VmallocUsed:      860688 kB
VmallocChunk:   34222409200 kB
Percpu:            18176 kB
HardwareCorrupted:     0 kB
AnonHugePages:  69437440 kB
CmaTotal:              0 kB
CmaFree:               0 kB
HugePages_Total:       0
HugePages_Free:        0
HugePages_Rsvd:        0
HugePages_Surp:        0
Hugepagesize:       2048 kB
DirectMap4k:      556648 kB
DirectMap2M:    17131520 kB
DirectMap1G:    250609664 kB

/sys/kernel/mm/transparent_hugepage/enabled:
[always] madvise never

/sys/kernel/mm/transparent_hugepage/defrag (defrag/compaction efforts parameter):
[always] madvise never


/proc/sys/kernel/threads-max (system-wide limit on the number of threads):
2060435


/proc/sys/vm/max_map_count (maximum number of memory map areas a process may have):
65530


/proc/sys/kernel/pid_max (system-wide limit on number of process identifiers):
65536



Steal ticks since vm start: 0
Steal ticks percentage since vm start:  0.000

CPU:total 64 (initial active 1) (32 cores per cpu, 1 threads per core) family 23 model 49 stepping 0, cmov, cx8, fxsr, mmx, sse, sse2, sse3, ssse3, sse4.1, sse4.2, popcnt, avx, avx2, aes, clmul, mmxext, 3dnowpref, lzcnt, sse4a, tsc, tscinvbit, tscinv, bmi1, bmi2, adx, sha, fma
CPU Model and flags from /proc/cpuinfo:
model name	: AMD EPYC 7542 32-Core Processor
flags		: fpu vme de pse tsc msr pae mce cx8 apic sep mtrr pge mca cmov pat pse36 clflush mmx fxsr sse sse2 ht syscall nx mmxext fxsr_opt pdpe1gb rdtscp lm constant_tsc art rep_good nopl nonstop_tsc extd_apicid aperfmperf eagerfpu pni pclmulqdq monitor ssse3 fma cx16 sse4_1 sse4_2 movbe popcnt aes xsave avx f16c rdrand lahf_lm cmp_legacy svm extapic cr8_legacy abm sse4a misalignsse 3dnowprefetch osvw ibs skinit wdt tce topoext perfctr_core perfctr_nb bpext perfctr_l2 cpb cat_l3 cdp_l3 hw_pstate sme retpoline_amd ssbd ibrs ibpb stibp vmmcall fsgsbase bmi1 avx2 smep bmi2 cqm rdt_a rdseed adx smap clflushopt clwb sha_ni xsaveopt xsavec xgetbv1 cqm_llc cqm_occup_llc cqm_mbm_total cqm_mbm_local clzero irperf xsaveerptr arat npt lbrv svm_lock nrip_save tsc_scale vmcb_clean flushbyasid decodeassists pausefilter pfthreshold avic v_vmsave_vmload vgif umip overflow_recov succor smca
Online cpus:0-63
Offline cpus:
BIOS frequency limitation:2900000
Frequency switch latency (ns):0
Available cpu frequencies:2900000 2400000 1500000 
Current governor:conservative
Core performance/turbo boost:1

Memory: 4k page, physical 263895368k(2138352k free), swap 4194300k(3156k free)

vm_info: OpenJDK 64-Bit Server VM (13.0.7+5-Ubuntu-0ubuntu120.04) for linux-amd64 JRE (13.0.7+5-Ubuntu-0ubuntu120.04), built on Apr 21 2021 05:36:19 by "unknown" with gcc 9.3.0

END.
