#
# There is insufficient memory for the Java Runtime Environment to continue.
# Native memory allocation (mmap) failed to map 18044280832 bytes for committing reserved memory.
# Possible reasons:
#   The system is out of physical RAM or swap space
# Possible solutions:
#   Reduce memory load on the system
#   Increase physical memory or swap space
#   Check if swap backing store is full
#   Decrease Java heap size (-Xmx/-Xms)
#   Decrease number of Java threads
#   Decrease Java thread stack sizes (-Xss)
#   Set larger code cache with -XX:ReservedCodeCacheSize=
# This output file may be truncated or incomplete.
#
#  Out of Memory Error (os_linux.cpp:2899), pid=7813, tid=7824
#
# JRE version: OpenJDK Runtime Environment (13.0.7+5) (build 13.0.7+5-Ubuntu-0ubuntu120.04)
# Java VM: OpenJDK 64-Bit Server VM (13.0.7+5-Ubuntu-0ubuntu120.04, mixed mode, tiered, serial gc, linux-amd64)
# No core dump will be written. Core dumps have been disabled. To enable core dumping, try "ulimit -c unlimited" before starting Java again
#

---------------  S U M M A R Y ------------

Command Line: -Xmx64g --add-modules=ALL-DEFAULT jdk.compiler/com.sun.tools.javac.launcher.Main /mnt/beegfs/rcabanas/dev/credici/papers/journalEM/code/GenerateModel.java -n 14 -d 1000 -di 0.5 -mr 0.98 -r 1.0 --seed 81 --output /mnt/beegfs/rcabanas/dev/credici/papers/journalEM/models/synthetic/s2/ --debug

Host: AMD EPYC 7542 32-Core Processor, 64 cores, 251G, Ubuntu 20.04.4 LTS
Time: Wed Oct 12 23:07:31 2022 CEST elapsed time: 6004.349400 seconds (0d 1h 40m 4s)

---------------  T H R E A D  ---------------

Current thread (0x00007f556c097800):  VMThread "VM Thread" [stack: 0x00007f5573160000,0x00007f5573260000] [id=7824]

Stack: [0x00007f5573160000,0x00007f5573260000],  sp=0x00007f557325e160,  free space=1016k
Native frames: (J=compiled Java code, A=aot compiled Java code, j=interpreted, Vv=VM code, C=native code)
V  [libjvm.so+0xf8f092]
V  [libjvm.so+0xf8fc91]
V  [libjvm.so+0x66ee5a]
V  [libjvm.so+0xc44a41]
V  [libjvm.so+0xc3b263]
V  [libjvm.so+0xf87f4b]
V  [libjvm.so+0x557506]
V  [libjvm.so+0x557723]
V  [libjvm.so+0xf18b0c]
V  [libjvm.so+0x557e65]
V  [libjvm.so+0x7e2edb]
V  [libjvm.so+0x7e39bd]
V  [libjvm.so+0x7d8b48]
V  [libjvm.so+0xf90940]
V  [libjvm.so+0xf96657]
V  [libjvm.so+0xf96d2b]
V  [libjvm.so+0xf9706a]
V  [libjvm.so+0xf2208f]
V  [libjvm.so+0xc493ff]

VM_Operation (0x00007f5573ec30c0): GenCollectForAllocation, mode: safepoint, requested by thread 0x00007f556c018000


---------------  P R O C E S S  ---------------

Threads class SMR info:
_java_thread_list=0x00007f451c0013b0, length=9, elements={
0x00007f556c018000, 0x00007f556c0a3800, 0x00007f556c0a7000, 0x00007f556c0cb800,
0x00007f556c0cd000, 0x00007f556c0cf000, 0x00007f556c0d1000, 0x00007f556c0d3000,
0x00007f556c134800
}

Java Threads: ( => current thread )
  0x00007f556c018000 JavaThread "main" [_thread_blocked, id=7822, stack(0x00007f5573dd2000,0x00007f5573ed3000)]
  0x00007f556c0a3800 JavaThread "Reference Handler" daemon [_thread_blocked, id=7825, stack(0x00007f557305d000,0x00007f557315e000)]
  0x00007f556c0a7000 JavaThread "Finalizer" daemon [_thread_blocked, id=7826, stack(0x00007f5572f5c000,0x00007f557305d000)]
  0x00007f556c0cb800 JavaThread "Signal Dispatcher" daemon [_thread_blocked, id=7827, stack(0x00007f5572e22000,0x00007f5572f23000)]
  0x00007f556c0cd000 JavaThread "Service Thread" daemon [_thread_blocked, id=7828, stack(0x00007f5572d21000,0x00007f5572e22000)]
  0x00007f556c0cf000 JavaThread "C2 CompilerThread0" daemon [_thread_blocked, id=7829, stack(0x00007f5572c20000,0x00007f5572d21000)]
  0x00007f556c0d1000 JavaThread "C1 CompilerThread0" daemon [_thread_blocked, id=7830, stack(0x00007f5572b1f000,0x00007f5572c20000)]
  0x00007f556c0d3000 JavaThread "Sweeper thread" daemon [_thread_blocked, id=7831, stack(0x00007f5572a1e000,0x00007f5572b1f000)]
  0x00007f556c134800 JavaThread "Common-Cleaner" daemon [_thread_blocked, id=7833, stack(0x00007f557291d000,0x00007f5572a1e000)]

Other Threads:
=>0x00007f556c097800 VMThread "VM Thread" [stack: 0x00007f5573160000,0x00007f5573260000] [id=7824]
  0x00007f556c181800 WatcherThread [stack: 0x00007f557281d000,0x00007f557291d000] [id=7834]

Threads with active compile tasks:

VM state:at safepoint (normal execution)

VM Mutex/Monitor currently owned by a thread:  ([mutex/lock_event])
[0x00007f556c014100] Threads_lock - owner thread: 0x00007f556c097800
[0x00007f556c014d00] Heap_lock - owner thread: 0x00007f556c018000

Heap:
 def new generation   total 11107712K, used 1234038K [0x00007f4554600000, 0x00007f4845aa0000, 0x00007f4aa9b50000)
  eden space 9873536K,  12% used [0x00007f4554600000, 0x00007f459fb1d8e0, 0x00007f47af020000)
  from space 1234176K,   0% used [0x00007f47af020000, 0x00007f47af020000, 0x00007f47fa560000)
  to   space 1234176K,   0% used [0x00007f47fa560000, 0x00007f47fa560000, 0x00007f4845aa0000)
 tenured generation   total 26432052K, used 26432052K [0x00007f4aa9b50000, 0x00007f50f6fdd000, 0x00007f5554600000)
   the space 26432052K, 100% used [0x00007f4aa9b50000, 0x00007f50f6fdd000, 0x00007f50f6fdd000, 0x00007f50f6fdd000)
 Metaspace       used 30710K, capacity 31115K, committed 31488K, reserved 32768K

Card table byte_map: [0x00007f454c5ff000,0x00007f4554600000] _byte_map_base: 0x00007f05a9b5c000

Polling page: 0x00007f557585e000

Metaspace:

Usage:
   30.39 MB capacity,    29.99 MB ( 99%) used,   290.77 KB ( <1%) free+waste,   113.75 KB ( <1%) overhead. 

Virtual space:
     32.00 MB reserved,      30.75 MB ( 96%) committed 

Chunk freelists:
153.00 KB

MaxMetaspaceSize: unlimited


CodeHeap 'non-profiled nmethods': size=120036Kb used=2366Kb max_used=2366Kb free=117669Kb
 bounds [0x00007f555c251000, 0x00007f555c4c1000, 0x00007f556378a000]
CodeHeap 'profiled nmethods': size=120032Kb used=7870Kb max_used=9800Kb free=112161Kb
 bounds [0x00007f5554d19000, 0x00007f55556b9000, 0x00007f555c251000]
CodeHeap 'non-nmethods': size=5692Kb used=1253Kb max_used=1303Kb free=4438Kb
 bounds [0x00007f555478a000, 0x00007f55549fa000, 0x00007f5554d19000]
 total_blobs=4636 nmethods=4098 adapters=453
 compilation: enabled
              stopped_count=0, restarted_count=0
 full_count=0

Compilation events (20 events):
Event: 222.081 Thread 0x00007f556c0cf000 5182       4       java.math.MutableBigInteger::divideMagnitude (1307 bytes)
Event: 222.113 Thread 0x00007f556c0cf000 nmethod 5182 0x00007f555c494110 code [0x00007f555c494300, 0x00007f555c495ae8]
Event: 340.570 Thread 0x00007f556c0cf000 5183       4       ch.javasoft.metabolic.efm.column.FractionalColumn::convert (163 bytes)
Event: 340.647 Thread 0x00007f556c0cf000 nmethod 5183 0x00007f555c496b90 code [0x00007f555c496da0, 0x00007f555c497e38]
Event: 340.647 Thread 0x00007f556c0cf000 5186       4       ch.javasoft.metabolic.efm.model.nullspace.NullspaceFractionalColumnInspectorModifier::convertNumeric (41 bytes)
Event: 340.650 Thread 0x00007f556c0cf000 nmethod 5186 0x00007f555c498d90 code [0x00007f555c498f20, 0x00007f555c4992d8]
Event: 340.650 Thread 0x00007f556c0cf000 5184       4       ch.javasoft.metabolic.efm.model.nullspace.NullspaceFractionalColumnInspectorModifier::convertBinary (22 bytes)
Event: 340.668 Thread 0x00007f556c0cf000 nmethod 5184 0x00007f555c499610 code [0x00007f555c4997c0, 0x00007f555c499d58]
Event: 340.668 Thread 0x00007f556c0cf000 5187       4       ch.javasoft.util.Arrays::copyOfRange (89 bytes)
Event: 340.670 Thread 0x00007f556c0cf000 nmethod 5187 0x00007f555c368190 code [0x00007f555c368320, 0x00007f555c368698]
Event: 340.670 Thread 0x00007f556c0cf000 5185       4       ch.javasoft.metabolic.efm.model.nullspace.NullspaceFractionalColumnInspectorModifier::convertNumeric (22 bytes)
Event: 340.695 Thread 0x00007f556c0cf000 nmethod 5185 0x00007f555c49a310 code [0x00007f555c49a4a0, 0x00007f555c49a918]
Event: 340.695 Thread 0x00007f556c0cf000 5188 %     4       ch.javasoft.metabolic.efm.util.ColumnUtil::partition @ 11 (119 bytes)
Event: 340.731 Thread 0x00007f556c0cf000 nmethod 5188% 0x00007f555c49ad10 code [0x00007f555c49af60, 0x00007f555c49c6c8]
Event: 340.736 Thread 0x00007f556c0cf000 5189       4       ch.javasoft.metabolic.efm.util.ColumnUtil::partition (119 bytes)
Event: 340.777 Thread 0x00007f556c0cf000 nmethod 5189 0x00007f555c49d790 code [0x00007f555c49d9e0, 0x00007f555c49eea8]
Event: 340.834 Thread 0x00007f556c0d1000 5190       3       ch.javasoft.metabolic.efm.util.ColumnUtil::partition (119 bytes)
Event: 340.835 Thread 0x00007f556c0d1000 nmethod 5190 0x00007f55552b3310 code [0x00007f55552b3560, 0x00007f55552b40c0]
Event: 347.928 Thread 0x00007f556c0cf000 5191       4       java.util.TimSort::binarySort (223 bytes)
Event: 347.936 Thread 0x00007f556c0cf000 nmethod 5191 0x00007f555c4a0090 code [0x00007f555c4a0220, 0x00007f555c4a07b8]

GC Heap History (20 events):
Event: 339.975 GC heap after
{Heap after GC invocations=49 (full 12):
 def new generation   total 6305408K, used 543142K [0x00007f4554600000, 0x00007f46fffc0000, 0x00007f4aa9b50000)
  eden space 5604864K,   0% used [0x00007f4554600000, 0x00007f4554600000, 0x00007f46aa780000)
  from space 700544K,  77% used [0x00007f46aa780000, 0x00007f46cb9e99e8, 0x00007f46d53a0000)
  to   space 700544K,   0% used [0x00007f46d53a0000, 0x00007f46d53a0000, 0x00007f46fffc0000)
 tenured generation   total 14011884K, used 11238019K [0x00007f4aa9b50000, 0x00007f4e00ecb000, 0x00007f5554600000)
   the space 14011884K,  80% used [0x00007f4aa9b50000, 0x00007f4d579f0d70, 0x00007f4d579f0e00, 0x00007f4e00ecb000)
 Metaspace       used 30710K, capacity 31115K, committed 31488K, reserved 32768K
}
Event: 569.752 GC heap before
{Heap before GC invocations=49 (full 12):
 def new generation   total 6305408K, used 6148006K [0x00007f4554600000, 0x00007f46fffc0000, 0x00007f4aa9b50000)
  eden space 5604864K, 100% used [0x00007f4554600000, 0x00007f46aa780000, 0x00007f46aa780000)
  from space 700544K,  77% used [0x00007f46aa780000, 0x00007f46cb9e99e8, 0x00007f46d53a0000)
  to   space 700544K,   0% used [0x00007f46d53a0000, 0x00007f46d53a0000, 0x00007f46fffc0000)
 tenured generation   total 14011884K, used 11238019K [0x00007f4aa9b50000, 0x00007f4e00ecb000, 0x00007f5554600000)
   the space 14011884K,  80% used [0x00007f4aa9b50000, 0x00007f4d579f0d70, 0x00007f4d579f0e00, 0x00007f4e00ecb000)
 Metaspace       used 30710K, capacity 31115K, committed 31488K, reserved 32768K
}
Event: 576.586 GC heap after
{Heap after GC invocations=50 (full 12):
 def new generation   total 6305408K, used 700543K [0x00007f4554600000, 0x00007f46fffc0000, 0x00007f4aa9b50000)
  eden space 5604864K,   0% used [0x00007f4554600000, 0x00007f4554600000, 0x00007f46aa780000)
  from space 700544K,  99% used [0x00007f46d53a0000, 0x00007f46fffbfff8, 0x00007f46fffc0000)
  to   space 700544K,   0% used [0x00007f46aa780000, 0x00007f46aa780000, 0x00007f46d53a0000)
 tenured generation   total 14011884K, used 13630213K [0x00007f4aa9b50000, 0x00007f4e00ecb000, 0x00007f5554600000)
   the space 14011884K,  97% used [0x00007f4aa9b50000, 0x00007f4de9a11518, 0x00007f4de9a11600, 0x00007f4e00ecb000)
 Metaspace       used 30710K, capacity 31115K, committed 31488K, reserved 32768K
}
Event: 1204.859 GC heap before
{Heap before GC invocations=50 (full 12):
 def new generation   total 6305408K, used 6305407K [0x00007f4554600000, 0x00007f46fffc0000, 0x00007f4aa9b50000)
  eden space 5604864K, 100% used [0x00007f4554600000, 0x00007f46aa780000, 0x00007f46aa780000)
  from space 700544K,  99% used [0x00007f46d53a0000, 0x00007f46fffbfff8, 0x00007f46fffc0000)
  to   space 700544K,   0% used [0x00007f46aa780000, 0x00007f46aa780000, 0x00007f46d53a0000)
 tenured generation   total 14011884K, used 13630213K [0x00007f4aa9b50000, 0x00007f4e00ecb000, 0x00007f5554600000)
   the space 14011884K,  97% used [0x00007f4aa9b50000, 0x00007f4de9a11518, 0x00007f4de9a11600, 0x00007f4e00ecb000)
 Metaspace       used 30710K, capacity 31115K, committed 31488K, reserved 32768K
}
Event: 1208.095 GC heap after
{Heap after GC invocations=51 (full 12):
 def new generation   total 6305408K, used 700543K [0x00007f4554600000, 0x00007f46fffc0000, 0x00007f4aa9b50000)
  eden space 5604864K,   0% used [0x00007f4554600000, 0x00007f4554600000, 0x00007f46aa780000)
  from space 700544K,  99% used [0x00007f46aa780000, 0x00007f46d539fff0, 0x00007f46d53a0000)
  to   space 700544K,   0% used [0x00007f46d53a0000, 0x00007f46d53a0000, 0x00007f46fffc0000)
 tenured generation   total 14810220K, used 14810178K [0x00007f4aa9b50000, 0x00007f4e31a6b000, 0x00007f5554600000)
   the space 14810220K,  99% used [0x00007f4aa9b50000, 0x00007f4e31a60a80, 0x00007f4e31a60c00, 0x00007f4e31a6b000)
 Metaspace       used 30710K, capacity 31115K, committed 31488K, reserved 32768K
}
Event: 1208.095 GC heap before
{Heap before GC invocations=51 (full 12):
 def new generation   total 6305408K, used 700543K [0x00007f4554600000, 0x00007f46fffc0000, 0x00007f4aa9b50000)
  eden space 5604864K,   0% used [0x00007f4554600000, 0x00007f4554600000, 0x00007f46aa780000)
  from space 700544K,  99% used [0x00007f46aa780000, 0x00007f46d539fff0, 0x00007f46d53a0000)
  to   space 700544K,   0% used [0x00007f46d53a0000, 0x00007f46d53a0000, 0x00007f46fffc0000)
 tenured generation   total 14810220K, used 14810178K [0x00007f4aa9b50000, 0x00007f4e31a6b000, 0x00007f5554600000)
   the space 14810220K,  99% used [0x00007f4aa9b50000, 0x00007f4e31a60a80, 0x00007f4e31a60c00, 0x00007f4e31a6b000)
 Metaspace       used 30710K, capacity 31115K, committed 31488K, reserved 32768K
}
Event: 1239.347 GC heap after
{Heap after GC invocations=51 (full 13):
 def new generation   total 11107712K, used 486490K [0x00007f4554600000, 0x00007f4845aa0000, 0x00007f4aa9b50000)
  eden space 9873536K,   4% used [0x00007f4554600000, 0x00007f45721169e0, 0x00007f47af020000)
  from space 1234176K,   0% used [0x00007f47af020000, 0x00007f47af020000, 0x00007f47fa560000)
  to   space 1234176K,   0% used [0x00007f47fa560000, 0x00007f47fa560000, 0x00007f4845aa0000)
 tenured generation   total 24683700K, used 14810219K [0x00007f4aa9b50000, 0x00007f508c47d000, 0x00007f5554600000)
   the space 24683700K,  59% used [0x00007f4aa9b50000, 0x00007f4e31a6aff0, 0x00007f4e31a6b000, 0x00007f508c47d000)
 Metaspace       used 30710K, capacity 31115K, committed 31488K, reserved 32768K
}
Event: 2432.905 GC heap before
{Heap before GC invocations=51 (full 13):
 def new generation   total 11107712K, used 9873536K [0x00007f4554600000, 0x00007f4845aa0000, 0x00007f4aa9b50000)
  eden space 9873536K, 100% used [0x00007f4554600000, 0x00007f47af020000, 0x00007f47af020000)
  from space 1234176K,   0% used [0x00007f47af020000, 0x00007f47af020000, 0x00007f47fa560000)
  to   space 1234176K,   0% used [0x00007f47fa560000, 0x00007f47fa560000, 0x00007f4845aa0000)
 tenured generation   total 24683700K, used 14810219K [0x00007f4aa9b50000, 0x00007f508c47d000, 0x00007f5554600000)
   the space 24683700K,  59% used [0x00007f4aa9b50000, 0x00007f4e31a6aff0, 0x00007f4e31a6b000, 0x00007f508c47d000)
 Metaspace       used 30710K, capacity 31115K, committed 31488K, reserved 32768K
}
Event: 2443.695 GC heap after
{Heap after GC invocations=52 (full 13):
 def new generation   total 11107712K, used 1234175K [0x00007f4554600000, 0x00007f4845aa0000, 0x00007f4aa9b50000)
  eden space 9873536K,   0% used [0x00007f4554600000, 0x00007f4554600000, 0x00007f47af020000)
  from space 1234176K,  99% used [0x00007f47fa560000, 0x00007f4845a9fff0, 0x00007f4845aa0000)
  to   space 1234176K,   0% used [0x00007f47af020000, 0x00007f47af020000, 0x00007f47fa560000)
 tenured generation   total 24683700K, used 16038748K [0x00007f4aa9b50000, 0x00007f508c47d000, 0x00007f5554600000)
   the space 24683700K,  64% used [0x00007f4aa9b50000, 0x00007f4e7ca273f0, 0x00007f4e7ca27400, 0x00007f508c47d000)
 Metaspace       used 30710K, capacity 31115K, committed 31488K, reserved 32768K
}
Event: 3529.047 GC heap before
{Heap before GC invocations=52 (full 13):
 def new generation   total 11107712K, used 11107711K [0x00007f4554600000, 0x00007f4845aa0000, 0x00007f4aa9b50000)
  eden space 9873536K, 100% used [0x00007f4554600000, 0x00007f47af020000, 0x00007f47af020000)
  from space 1234176K,  99% used [0x00007f47fa560000, 0x00007f4845a9fff0, 0x00007f4845aa0000)
  to   space 1234176K,   0% used [0x00007f47af020000, 0x00007f47af020000, 0x00007f47fa560000)
 tenured generation   total 24683700K, used 16038748K [0x00007f4aa9b50000, 0x00007f508c47d000, 0x00007f5554600000)
   the space 24683700K,  64% used [0x00007f4aa9b50000, 0x00007f4e7ca273f0, 0x00007f4e7ca27400, 0x00007f508c47d000)
 Metaspace       used 30710K, capacity 31115K, committed 31488K, reserved 32768K
}
Event: 3535.745 GC heap after
{Heap after GC invocations=53 (full 13):
 def new generation   total 11107712K, used 1234175K [0x00007f4554600000, 0x00007f4845aa0000, 0x00007f4aa9b50000)
  eden space 9873536K,   0% used [0x00007f4554600000, 0x00007f4554600000, 0x00007f47af020000)
  from space 1234176K,  99% used [0x00007f47af020000, 0x00007f47fa55fff0, 0x00007f47fa560000)
  to   space 1234176K,   0% used [0x00007f47fa560000, 0x00007f47fa560000, 0x00007f4845aa0000)
 tenured generation   total 24683700K, used 18117382K [0x00007f4aa9b50000, 0x00007f508c47d000, 0x00007f5554600000)
   the space 24683700K,  73% used [0x00007f4aa9b50000, 0x00007f4efb811830, 0x00007f4efb811a00, 0x00007f508c47d000)
 Metaspace       used 30710K, capacity 31115K, committed 31488K, reserved 32768K
}
Event: 4287.564 GC heap before
{Heap before GC invocations=53 (full 13):
 def new generation   total 11107712K, used 11107711K [0x00007f4554600000, 0x00007f4845aa0000, 0x00007f4aa9b50000)
  eden space 9873536K, 100% used [0x00007f4554600000, 0x00007f47af020000, 0x00007f47af020000)
  from space 1234176K,  99% used [0x00007f47af020000, 0x00007f47fa55fff0, 0x00007f47fa560000)
  to   space 1234176K,   0% used [0x00007f47fa560000, 0x00007f47fa560000, 0x00007f4845aa0000)
 tenured generation   total 24683700K, used 18117382K [0x00007f4aa9b50000, 0x00007f508c47d000, 0x00007f5554600000)
   the space 24683700K,  73% used [0x00007f4aa9b50000, 0x00007f4efb811830, 0x00007f4efb811a00, 0x00007f508c47d000)
 Metaspace       used 30710K, capacity 31115K, committed 31488K, reserved 32768K
}
Event: 4293.668 GC heap after
{Heap after GC invocations=54 (full 13):
 def new generation   total 11107712K, used 1234175K [0x00007f4554600000, 0x00007f4845aa0000, 0x00007f4aa9b50000)
  eden space 9873536K,   0% used [0x00007f4554600000, 0x00007f4554600000, 0x00007f47af020000)
  from space 1234176K,  99% used [0x00007f47fa560000, 0x00007f4845a9fff0, 0x00007f4845aa0000)
  to   space 1234176K,   0% used [0x00007f47af020000, 0x00007f47af020000, 0x00007f47fa560000)
 tenured generation   total 24683700K, used 20196015K [0x00007f4aa9b50000, 0x00007f508c47d000, 0x00007f5554600000)
   the space 24683700K,  81% used [0x00007f4aa9b50000, 0x00007f4f7a5fbc70, 0x00007f4f7a5fbe00, 0x00007f508c47d000)
 Metaspace       used 30710K, capacity 31115K, committed 31488K, reserved 32768K
}
Event: 5017.646 GC heap before
{Heap before GC invocations=54 (full 13):
 def new generation   total 11107712K, used 11107711K [0x00007f4554600000, 0x00007f4845aa0000, 0x00007f4aa9b50000)
  eden space 9873536K, 100% used [0x00007f4554600000, 0x00007f47af020000, 0x00007f47af020000)
  from space 1234176K,  99% used [0x00007f47fa560000, 0x00007f4845a9fff0, 0x00007f4845aa0000)
  to   space 1234176K,   0% used [0x00007f47af020000, 0x00007f47af020000, 0x00007f47fa560000)
 tenured generation   total 24683700K, used 20196015K [0x00007f4aa9b50000, 0x00007f508c47d000, 0x00007f5554600000)
   the space 24683700K,  81% used [0x00007f4aa9b50000, 0x00007f4f7a5fbc70, 0x00007f4f7a5fbe00, 0x00007f508c47d000)
 Metaspace       used 30710K, capacity 31115K, committed 31488K, reserved 32768K
}
Event: 5029.494 GC heap after
{Heap after GC invocations=55 (full 13):
 def new generation   total 11107712K, used 1234175K [0x00007f4554600000, 0x00007f4845aa0000, 0x00007f4aa9b50000)
  eden space 9873536K,   0% used [0x00007f4554600000, 0x00007f4554600000, 0x00007f47af020000)
  from space 1234176K,  99% used [0x00007f47af020000, 0x00007f47fa55fff0, 0x00007f47fa560000)
  to   space 1234176K,   0% used [0x00007f47fa560000, 0x00007f47fa560000, 0x00007f4845aa0000)
 tenured generation   total 24683700K, used 22274648K [0x00007f4aa9b50000, 0x00007f508c47d000, 0x00007f5554600000)
   the space 24683700K,  90% used [0x00007f4aa9b50000, 0x00007f4ff93e6030, 0x00007f4ff93e6200, 0x00007f508c47d000)
 Metaspace       used 30710K, capacity 31115K, committed 31488K, reserved 32768K
}
Event: 5564.873 GC heap before
{Heap before GC invocations=55 (full 13):
 def new generation   total 11107712K, used 11107711K [0x00007f4554600000, 0x00007f4845aa0000, 0x00007f4aa9b50000)
  eden space 9873536K, 100% used [0x00007f4554600000, 0x00007f47af020000, 0x00007f47af020000)
  from space 1234176K,  99% used [0x00007f47af020000, 0x00007f47fa55fff0, 0x00007f47fa560000)
  to   space 1234176K,   0% used [0x00007f47fa560000, 0x00007f47fa560000, 0x00007f4845aa0000)
 tenured generation   total 24683700K, used 22274648K [0x00007f4aa9b50000, 0x00007f508c47d000, 0x00007f5554600000)
   the space 24683700K,  90% used [0x00007f4aa9b50000, 0x00007f4ff93e6030, 0x00007f4ff93e6200, 0x00007f508c47d000)
 Metaspace       used 30710K, capacity 31115K, committed 31488K, reserved 32768K
}
Event: 5570.081 GC heap after
{Heap after GC invocations=56 (full 13):
 def new generation   total 11107712K, used 1234175K [0x00007f4554600000, 0x00007f4845aa0000, 0x00007f4aa9b50000)
  eden space 9873536K,   0% used [0x00007f4554600000, 0x00007f4554600000, 0x00007f47af020000)
  from space 1234176K,  99% used [0x00007f47fa560000, 0x00007f4845a9fff0, 0x00007f4845aa0000)
  to   space 1234176K,   0% used [0x00007f47af020000, 0x00007f47af020000, 0x00007f47fa560000)
 tenured generation   total 24683700K, used 24353281K [0x00007f4aa9b50000, 0x00007f508c47d000, 0x00007f5554600000)
   the space 24683700K,  98% used [0x00007f4aa9b50000, 0x00007f50781d0470, 0x00007f50781d0600, 0x00007f508c47d000)
 Metaspace       used 30710K, capacity 31115K, committed 31488K, reserved 32768K
}
Event: 5932.443 GC heap before
{Heap before GC invocations=56 (full 13):
 def new generation   total 11107712K, used 11107711K [0x00007f4554600000, 0x00007f4845aa0000, 0x00007f4aa9b50000)
  eden space 9873536K, 100% used [0x00007f4554600000, 0x00007f47af020000, 0x00007f47af020000)
  from space 1234176K,  99% used [0x00007f47fa560000, 0x00007f4845a9fff0, 0x00007f4845aa0000)
  to   space 1234176K,   0% used [0x00007f47af020000, 0x00007f47af020000, 0x00007f47fa560000)
 tenured generation   total 24683700K, used 24353281K [0x00007f4aa9b50000, 0x00007f508c47d000, 0x00007f5554600000)
   the space 24683700K,  98% used [0x00007f4aa9b50000, 0x00007f50781d0470, 0x00007f50781d0600, 0x00007f508c47d000)
 Metaspace       used 30710K, capacity 31115K, committed 31488K, reserved 32768K
}
Event: 5937.744 GC heap after
{Heap after GC invocations=57 (full 13):
 def new generation   total 11107712K, used 1234175K [0x00007f4554600000, 0x00007f4845aa0000, 0x00007f4aa9b50000)
  eden space 9873536K,   0% used [0x00007f4554600000, 0x00007f4554600000, 0x00007f47af020000)
  from space 1234176K,  99% used [0x00007f47af020000, 0x00007f47fa55fff0, 0x00007f47fa560000)
  to   space 1234176K,   0% used [0x00007f47fa560000, 0x00007f47fa560000, 0x00007f4845aa0000)
 tenured generation   total 26432052K, used 26431914K [0x00007f4aa9b50000, 0x00007f50f6fdd000, 0x00007f5554600000)
   the space 26432052K,  99% used [0x00007f4aa9b50000, 0x00007f50f6fba8f0, 0x00007f50f6fbaa00, 0x00007f50f6fdd000)
 Metaspace       used 30710K, capacity 31115K, committed 31488K, reserved 32768K
}
Event: 5937.744 GC heap before
{Heap before GC invocations=57 (full 13):
 def new generation   total 11107712K, used 1234175K [0x00007f4554600000, 0x00007f4845aa0000, 0x00007f4aa9b50000)
  eden space 9873536K,   0% used [0x00007f4554600000, 0x00007f4554600000, 0x00007f47af020000)
  from space 1234176K,  99% used [0x00007f47af020000, 0x00007f47fa55fff0, 0x00007f47fa560000)
  to   space 1234176K,   0% used [0x00007f47fa560000, 0x00007f47fa560000, 0x00007f4845aa0000)
 tenured generation   total 26432052K, used 26431914K [0x00007f4aa9b50000, 0x00007f50f6fdd000, 0x00007f5554600000)
   the space 26432052K,  99% used [0x00007f4aa9b50000, 0x00007f50f6fba8f0, 0x00007f50f6fbaa00, 0x00007f50f6fdd000)
 Metaspace       used 30710K, capacity 31115K, committed 31488K, reserved 32768K
}

Deoptimization events (20 events):
Event: 221.888 Thread 0x00007f556c018000 Uncommon trap: trap_request=0xffffff45 fr.pc=0x00007f555c3d7b48 relative=0x0000000000000a88
Event: 221.888 Thread 0x00007f556c018000 Uncommon trap: reason=unstable_if action=reinterpret pc=0x00007f555c3d7b48 method=ch.javasoft.math.BigFraction.abs()Lch/javasoft/math/BigFraction; @ 19 c2
Event: 221.888 Thread 0x00007f556c018000 DEOPT PACKING pc=0x00007f555c3d7b48 sp=0x00007f5573ecfc90
Event: 221.888 Thread 0x00007f556c018000 DEOPT UNPACKING pc=0x00007f55547d2e25 sp=0x00007f5573ecfbf8 mode 2
Event: 221.890 Thread 0x00007f556c018000 Uncommon trap: trap_request=0xffffff45 fr.pc=0x00007f555c2b0ef0 relative=0x0000000000000070
Event: 221.890 Thread 0x00007f556c018000 Uncommon trap: reason=unstable_if action=reinterpret pc=0x00007f555c2b0ef0 method=ch.javasoft.math.BigFraction.abs()Lch/javasoft/math/BigFraction; @ 19 c2
Event: 221.890 Thread 0x00007f556c018000 DEOPT PACKING pc=0x00007f555c2b0ef0 sp=0x00007f5573ecfc50
Event: 221.890 Thread 0x00007f556c018000 DEOPT UNPACKING pc=0x00007f55547d2e25 sp=0x00007f5573ecfbf8 mode 2
Event: 221.894 Thread 0x00007f556c018000 DEOPT PACKING pc=0x00007f5554e92dc3 sp=0x00007f5573ecfc80
Event: 221.894 Thread 0x00007f556c018000 DEOPT UNPACKING pc=0x00007f55547d333a sp=0x00007f5573ecf150 mode 0
Event: 340.559 Thread 0x00007f556c018000 Uncommon trap: trap_request=0xffffff45 fr.pc=0x00007f555c369098 relative=0x00000000000005b8
Event: 340.560 Thread 0x00007f556c018000 Uncommon trap: reason=unstable_if action=reinterpret pc=0x00007f555c369098 method=java.util.concurrent.ConcurrentLinkedQueue.updateHead(Ljava/util/concurrent/ConcurrentLinkedQueue$Node;Ljava/util/concurrent/ConcurrentLinkedQueue$Node;)V @ 2 c2
Event: 340.560 Thread 0x00007f556c018000 DEOPT PACKING pc=0x00007f555c369098 sp=0x00007f5573ecfe80
Event: 340.562 Thread 0x00007f556c018000 DEOPT UNPACKING pc=0x00007f55547d2e25 sp=0x00007f5573ecfcf8 mode 2
Event: 340.748 Thread 0x00007f556c018000 DEOPT PACKING pc=0x00007f555534b5fe sp=0x00007f5573ecfd90
Event: 340.748 Thread 0x00007f556c018000 DEOPT UNPACKING pc=0x00007f55547d333a sp=0x00007f5573ecf298 mode 0
Event: 340.833 Thread 0x00007f556c018000 Uncommon trap: trap_request=0xffffff45 fr.pc=0x00007f555c49e688 relative=0x0000000000000ca8
Event: 340.833 Thread 0x00007f556c018000 Uncommon trap: reason=unstable_if action=reinterpret pc=0x00007f555c49e688 method=ch.javasoft.metabolic.efm.util.ColumnUtil.partition(Lch/javasoft/metabolic/efm/column/ColumnHome;Lch/javasoft/metabolic/efm/model/NetworkEfmModel;Lch/javasoft/metabolic/efm/
Event: 340.833 Thread 0x00007f556c018000 DEOPT PACKING pc=0x00007f555c49e688 sp=0x00007f5573ecfd90
Event: 340.833 Thread 0x00007f556c018000 DEOPT UNPACKING pc=0x00007f55547d2e25 sp=0x00007f5573ecfda8 mode 2

Classes unloaded (0 events):
No events

Classes redefined (0 events):
No events

Internal exceptions (20 events):
Event: 3.616 Thread 0x00007f556c018000 Exception <a 'java/lang/NoSuchMethodError'{0x00007f4557028cd0}: 'void java.lang.invoke.DirectMethodHandle$Holder.invokeStatic(java.lang.Object, java.lang.Object, int)'> (0x00007f4557028cd0) 
thrown [src/hotspot/share/interpreter/linkResolver.cpp, line 766]
Event: 3.672 Thread 0x00007f556c018000 Exception <a 'java/lang/NoSuchMethodError'{0x00007f4557197458}: 'void java.lang.invoke.DirectMethodHandle$Holder.invokeInterface(java.lang.Object, java.lang.Object, int)'> (0x00007f4557197458) 
thrown [src/hotspot/share/interpreter/linkResolver.cpp, line 766]
Event: 3.672 Thread 0x00007f556c018000 Exception <a 'java/lang/IncompatibleClassChangeError'{0x00007f455719af20}: Found class java.lang.Object, but interface was expected> (0x00007f455719af20) 
thrown [src/hotspot/share/interpreter/linkResolver.cpp, line 833]
Event: 4.953 Thread 0x00007f556c018000 Exception <a 'java/lang/IncompatibleClassChangeError'{0x00007f457675d9d0}: Found class java.lang.Object, but interface was expected> (0x00007f457675d9d0) 
thrown [src/hotspot/share/interpreter/linkResolver.cpp, line 833]
Event: 51.361 Thread 0x00007f556c018000 Exception <a 'java/lang/ArrayIndexOutOfBoundsException'{0x00007f45546000a0}: Index 0 out of bounds for length 0> (0x00007f45546000a0) 
thrown [src/hotspot/share/interpreter/interpreterRuntime.cpp, line 458]
Event: 66.405 Thread 0x00007f556c018000 Exception <a 'java/lang/NegativeArraySizeException'{0x00007f46a87adba8}: -2147483648> (0x00007f46a87adba8) 
thrown [src/hotspot/share/oops/klass.cpp, line 674]
Event: 116.519 Thread 0x00007f556c018000 Exception <a 'java/lang/ClassNotFoundException'{0x00007f464eca7820}: com/sun/org/apache/xerces/internal/impl/msg/spi/SAXMessagesProvider> (0x00007f464eca7820) 
thrown [src/hotspot/share/classfile/systemDictionary.cpp, line 232]
Event: 117.380 Thread 0x00007f556c018000 Exception <a 'java/lang/NoSuchMethodError'{0x00007f464fdc5718}: 'java.lang.Object java.lang.invoke.DirectMethodHandle$Holder.invokeStaticInit(java.lang.Object, java.lang.Object, java.lang.Object)'> (0x00007f464fdc5718) 
thrown [src/hotspot/share/interpreter/linkResolver.cpp, line 766]
Event: 117.381 Thread 0x00007f556c018000 Exception <a 'java/lang/NoSuchMethodError'{0x00007f464fdd0a40}: 'void java.lang.invoke.DirectMethodHandle$Holder.invokeStatic(java.lang.Object, java.lang.Object, java.lang.Object, java.lang.Object, java.lang.Object, java.lang.Object)'> (0x00007f464fdd0a40) 
thrown [src/hotspot/share/interpreter/linkResolver.cpp, line 766]
Event: 117.398 Thread 0x00007f556c018000 Exception <a 'java/lang/NoSuchMethodError'{0x00007f464fe08798}: 'void java.lang.invoke.DirectMethodHandle$Holder.invokeStaticInit(java.lang.Object, java.lang.Object, java.lang.Object)'> (0x00007f464fe08798) 
thrown [src/hotspot/share/interpreter/linkResolver.cpp, line 766]
Event: 117.415 Thread 0x00007f556c018000 Exception <a 'java/net/UnknownHostException'{0x00007f464fe29ab0}> (0x00007f464fe29ab0) 
thrown [src/hotspot/share/prims/jni.cpp, line 598]
Event: 117.885 Thread 0x00007f556c018000 Exception <a 'java/net/UnknownHostException'{0x00007f4650b4d7b0}> (0x00007f4650b4d7b0) 
thrown [src/hotspot/share/prims/jni.cpp, line 598]
Event: 117.999 Thread 0x00007f556c018000 Exception <a 'java/net/UnknownHostException'{0x00007f4651644668}> (0x00007f4651644668) 
thrown [src/hotspot/share/prims/jni.cpp, line 598]
Event: 118.100 Thread 0x00007f556c018000 Exception <a 'java/net/UnknownHostException'{0x00007f46544ccb18}> (0x00007f46544ccb18) 
thrown [src/hotspot/share/prims/jni.cpp, line 598]
Event: 118.194 Thread 0x00007f556c018000 Exception <a 'java/net/UnknownHostException'{0x00007f4655050278}> (0x00007f4655050278) 
thrown [src/hotspot/share/prims/jni.cpp, line 598]
Event: 118.716 Thread 0x00007f556c018000 Exception <a 'java/net/UnknownHostException'{0x00007f4655e830f8}> (0x00007f4655e830f8) 
thrown [src/hotspot/share/prims/jni.cpp, line 598]
Event: 118.797 Thread 0x00007f556c018000 Exception <a 'java/net/UnknownHostException'{0x00007f46569f7208}> (0x00007f46569f7208) 
thrown [src/hotspot/share/prims/jni.cpp, line 598]
Event: 118.981 Thread 0x00007f556c018000 Exception <a 'java/net/UnknownHostException'{0x00007f465763d9e8}> (0x00007f465763d9e8) 
thrown [src/hotspot/share/prims/jni.cpp, line 598]
Event: 119.732 Thread 0x00007f556c018000 Exception <a 'java/net/UnknownHostException'{0x00007f4669265be8}> (0x00007f4669265be8) 
thrown [src/hotspot/share/prims/jni.cpp, line 598]
Event: 128.657 Thread 0x00007f556c018000 Implicit null exception at 0x00007f555c32e739 to 0x00007f555c32e7c5

Events (20 events):
Event: 340.671 Executing VM operation: HandshakeAllThreads done
Event: 340.679 Thread 0x00007f556c0d3000 flushing nmethod 0x00007f5555485790
Event: 340.679 Thread 0x00007f556c0d3000 flushing nmethod 0x00007f555548b290
Event: 340.679 Thread 0x00007f556c0d3000 flushing nmethod 0x00007f55554ad690
Event: 340.680 Thread 0x00007f556c0d3000 flushing nmethod 0x00007f55555a3890
Event: 569.744 Executing VM operation: GenCollectForAllocation
Event: 576.586 Executing VM operation: GenCollectForAllocation done
Event: 1204.850 Executing VM operation: GenCollectForAllocation
Event: 1239.347 Executing VM operation: GenCollectForAllocation done
Event: 2432.905 Executing VM operation: GenCollectForAllocation
Event: 2443.695 Executing VM operation: GenCollectForAllocation done
Event: 3529.038 Executing VM operation: GenCollectForAllocation
Event: 3535.745 Executing VM operation: GenCollectForAllocation done
Event: 4287.564 Executing VM operation: GenCollectForAllocation
Event: 4293.668 Executing VM operation: GenCollectForAllocation done
Event: 5017.634 Executing VM operation: GenCollectForAllocation
Event: 5029.495 Executing VM operation: GenCollectForAllocation done
Event: 5564.872 Executing VM operation: GenCollectForAllocation
Event: 5570.082 Executing VM operation: GenCollectForAllocation done
Event: 5932.443 Executing VM operation: GenCollectForAllocation


Dynamic libraries:
56105599a000-56105599b000 r--p 00000000 07:0d 4860                       /usr/lib/jvm/java-13-openjdk-amd64/bin/java
56105599b000-56105599c000 r-xp 00001000 07:0d 4860                       /usr/lib/jvm/java-13-openjdk-amd64/bin/java
56105599c000-56105599d000 r--p 00002000 07:0d 4860                       /usr/lib/jvm/java-13-openjdk-amd64/bin/java
56105599d000-56105599e000 r--p 00002000 07:0d 4860                       /usr/lib/jvm/java-13-openjdk-amd64/bin/java
56105599e000-56105599f000 rw-p 00003000 07:0d 4860                       /usr/lib/jvm/java-13-openjdk-amd64/bin/java
561057882000-5610578a3000 rw-p 00000000 00:00 0                          [heap]
7f44b0000000-7f44b5583000 rw-p 00000000 00:00 0 
7f44b5583000-7f44b8000000 ---p 00000000 00:00 0 
7f44b8000000-7f44c0000000 rw-p 00000000 00:00 0 
7f44c0000000-7f44c8000000 rw-p 00000000 00:00 0 
7f44c8000000-7f44d0000000 rw-p 00000000 00:00 0 
7f44d0000000-7f44d8000000 rw-p 00000000 00:00 0 
7f44d8000000-7f44e0000000 rw-p 00000000 00:00 0 
7f44e0000000-7f44e8000000 rw-p 00000000 00:00 0 
7f44e8000000-7f44f0000000 rw-p 00000000 00:00 0 
7f44f0000000-7f44f8000000 rw-p 00000000 00:00 0 
7f44f8000000-7f4500000000 rw-p 00000000 00:00 0 
7f4500000000-7f4508000000 rw-p 00000000 00:00 0 
7f4508000000-7f4510000000 rw-p 00000000 00:00 0 
7f4510000000-7f4518000000 rw-p 00000000 00:00 0 
7f4518000000-7f4518021000 rw-p 00000000 00:00 0 
7f4518021000-7f451c000000 ---p 00000000 00:00 0 
7f451c000000-7f451c021000 rw-p 00000000 00:00 0 
7f451c021000-7f4520000000 ---p 00000000 00:00 0 
7f4520000000-7f4520021000 rw-p 00000000 00:00 0 
7f4520021000-7f4524000000 ---p 00000000 00:00 0 
7f4524000000-7f4524021000 rw-p 00000000 00:00 0 
7f4524021000-7f4528000000 ---p 00000000 00:00 0 
7f4528000000-7f452a528000 rw-p 00000000 00:00 0 
7f452a528000-7f452c000000 ---p 00000000 00:00 0 
7f452c000000-7f452d0be000 rw-p 00000000 00:00 0 
7f452d0be000-7f4530000000 ---p 00000000 00:00 0 
7f4530000000-7f4530021000 rw-p 00000000 00:00 0 
7f4530021000-7f4534000000 ---p 00000000 00:00 0 
7f4534000000-7f4534021000 rw-p 00000000 00:00 0 
7f4534021000-7f4538000000 ---p 00000000 00:00 0 
7f4538000000-7f4538021000 rw-p 00000000 00:00 0 
7f4538021000-7f453c000000 ---p 00000000 00:00 0 
7f453c000000-7f453c021000 rw-p 00000000 00:00 0 
7f453c021000-7f4540000000 ---p 00000000 00:00 0 
7f4540000000-7f4544000000 rw-p 00000000 00:00 0 
7f45470a9000-7f454a314000 rw-p 00000000 00:00 0 
7f454a314000-7f454c5ff000 ---p 00000000 00:00 0 
7f454c5ff000-7f454dd8a000 rw-p 00000000 00:00 0 
7f454dd8a000-7f454f0a9000 ---p 00000000 00:00 0 
7f454f0a9000-7f4552314000 rw-p 00000000 00:00 0 
7f4552314000-7f45545ff000 ---p 00000000 00:00 0 
7f45545ff000-7f4845aa0000 rw-p 00000000 00:00 0 
7f4845aa0000-7f4aa9b50000 ---p 00000000 00:00 0 
7f4aa9b50000-7f50f6fdd000 rw-p 00000000 00:00 0 
7f552a83b000-7f5554600000 ---p 00000000 00:00 0 
7f555478a000-7f55549fa000 rwxp 00000000 00:00 0 
7f55549fa000-7f5554d19000 ---p 00000000 00:00 0 
7f5554d19000-7f55556b9000 rwxp 00000000 00:00 0 
7f55556b9000-7f555c251000 ---p 00000000 00:00 0 
7f555c251000-7f555c4c1000 rwxp 00000000 00:00 0 
7f555c4c1000-7f556378a000 ---p 00000000 00:00 0 
7f556378a000-7f556c000000 r--s 00000000 07:0d 5215                       /usr/lib/jvm/java-13-openjdk-amd64/lib/modules
7f556c000000-7f556c87a000 rw-p 00000000 00:00 0 
7f556c87a000-7f5570000000 ---p 00000000 00:00 0 
7f5570ce7000-7f5570da7000 rw-p 00000000 00:00 0 
7f5570da7000-7f5570eeb000 ---p 00000000 00:00 0 
7f5570eeb000-7f5570fe8000 rw-p 00000000 00:00 0 
7f5570fe8000-7f5570fec000 r--p 00000000 07:0d 9178                       /usr/lib/x86_64-linux-gnu/libresolv-2.31.so
7f5570fec000-7f5570ffc000 r-xp 00004000 07:0d 9178                       /usr/lib/x86_64-linux-gnu/libresolv-2.31.so
7f5570ffc000-7f5571000000 r--p 00014000 07:0d 9178                       /usr/lib/x86_64-linux-gnu/libresolv-2.31.so
7f5571000000-7f5571001000 r--p 00017000 07:0d 9178                       /usr/lib/x86_64-linux-gnu/libresolv-2.31.so
7f5571001000-7f5571002000 rw-p 00018000 07:0d 9178                       /usr/lib/x86_64-linux-gnu/libresolv-2.31.so
7f5571002000-7f5571004000 rw-p 00000000 00:00 0 
7f5571004000-7f5571005000 r--p 00000000 07:0d 9105                       /usr/lib/x86_64-linux-gnu/libnss_dns-2.31.so
7f5571005000-7f5571009000 r-xp 00001000 07:0d 9105                       /usr/lib/x86_64-linux-gnu/libnss_dns-2.31.so
7f5571009000-7f557100a000 r--p 00005000 07:0d 9105                       /usr/lib/x86_64-linux-gnu/libnss_dns-2.31.so
7f557100a000-7f557100b000 r--p 00005000 07:0d 9105                       /usr/lib/x86_64-linux-gnu/libnss_dns-2.31.so
7f557100b000-7f557100c000 rw-p 00006000 07:0d 9105                       /usr/lib/x86_64-linux-gnu/libnss_dns-2.31.so
7f557100c000-7f557100e000 r--p 00000000 07:0d 5202                       /usr/lib/jvm/java-13-openjdk-amd64/lib/libmanagement_ext.so
7f557100e000-7f5571011000 r-xp 00002000 07:0d 5202                       /usr/lib/jvm/java-13-openjdk-amd64/lib/libmanagement_ext.so
7f5571011000-7f5571012000 r--p 00005000 07:0d 5202                       /usr/lib/jvm/java-13-openjdk-amd64/lib/libmanagement_ext.so
7f5571012000-7f5571013000 ---p 00006000 07:0d 5202                       /usr/lib/jvm/java-13-openjdk-amd64/lib/libmanagement_ext.so
7f5571013000-7f5571014000 r--p 00006000 07:0d 5202                       /usr/lib/jvm/java-13-openjdk-amd64/lib/libmanagement_ext.so
7f5571014000-7f5571015000 rw-p 00007000 07:0d 5202                       /usr/lib/jvm/java-13-openjdk-amd64/lib/libmanagement_ext.so
7f5571015000-7f5571018000 r--p 00000000 07:0d 5200                       /usr/lib/jvm/java-13-openjdk-amd64/lib/libmanagement.so
7f5571018000-7f5571019000 r-xp 00003000 07:0d 5200                       /usr/lib/jvm/java-13-openjdk-amd64/lib/libmanagement.so
7f5571019000-7f557101a000 r--p 00004000 07:0d 5200                       /usr/lib/jvm/java-13-openjdk-amd64/lib/libmanagement.so
7f557101a000-7f557101b000 r--p 00004000 07:0d 5200                       /usr/lib/jvm/java-13-openjdk-amd64/lib/libmanagement.so
7f557101b000-7f557101c000 rw-p 00005000 07:0d 5200                       /usr/lib/jvm/java-13-openjdk-amd64/lib/libmanagement.so
7f557101c000-7f557121c000 rw-p 00000000 00:00 0 
7f557121c000-7f557141c000 rw-p 00000000 00:00 0 
7f557141c000-7f557161c000 rw-p 00000000 00:00 0 
7f557161c000-7f557181c000 rw-p 00000000 00:00 0 
7f557181c000-7f5571a1c000 rw-p 00000000 00:00 0 
7f5571a1c000-7f5571c1c000 rw-p 00000000 00:00 0 
7f5571c1c000-7f5571e1c000 rw-p 00000000 00:00 0 
7f5571e1c000-7f55721bc000 rw-p 00000000 00:00 0 
7f55721bc000-7f55723bc000 rw-p 00000000 00:00 0 
7f55723bc000-7f55725bc000 rw-p 00000000 00:00 0 
7f55725bc000-7f55727bc000 rw-p 00000000 00:00 0 
7f55727bc000-7f55727ed000 rw-p 00000000 00:00 0 
7f55727ed000-7f55727f1000 r--p 00000000 07:0d 5204                       /usr/lib/jvm/java-13-openjdk-amd64/lib/libnet.so
7f55727f1000-7f55727ff000 r-xp 00004000 07:0d 5204                       /usr/lib/jvm/java-13-openjdk-amd64/lib/libnet.so
7f55727ff000-7f5572803000 r--p 00012000 07:0d 5204                       /usr/lib/jvm/java-13-openjdk-amd64/lib/libnet.so
7f5572803000-7f5572804000 r--p 00015000 07:0d 5204                       /usr/lib/jvm/java-13-openjdk-amd64/lib/libnet.so
7f5572804000-7f5572805000 rw-p 00016000 07:0d 5204                       /usr/lib/jvm/java-13-openjdk-amd64/lib/libnet.so
7f5572805000-7f557280c000 r--p 00000000 07:0d 5205                       /usr/lib/jvm/java-13-openjdk-amd64/lib/libnio.so
7f557280c000-7f5572815000 r-xp 00007000 07:0d 5205                       /usr/lib/jvm/java-13-openjdk-amd64/lib/libnio.so
7f5572815000-7f5572819000 r--p 00010000 07:0d 5205                       /usr/lib/jvm/java-13-openjdk-amd64/lib/libnio.so
7f5572819000-7f557281a000 r--p 00013000 07:0d 5205                       /usr/lib/jvm/java-13-openjdk-amd64/lib/libnio.so
7f557281a000-7f557281b000 rw-p 00014000 07:0d 5205                       /usr/lib/jvm/java-13-openjdk-amd64/lib/libnio.so
7f557281b000-7f557281c000 ---p 00000000 00:00 0 
7f557281c000-7f557291d000 rw-p 00000000 00:00 0 
7f557291d000-7f5572921000 ---p 00000000 00:00 0 
7f5572921000-7f5572a1e000 rw-p 00000000 00:00 0 
7f5572a1e000-7f5572a22000 ---p 00000000 00:00 0 
7f5572a22000-7f5572b1f000 rw-p 00000000 00:00 0 
7f5572b1f000-7f5572b23000 ---p 00000000 00:00 0 
7f5572b23000-7f5572c20000 rw-p 00000000 00:00 0 
7f5572c20000-7f5572c24000 ---p 00000000 00:00 0 
7f5572c24000-7f5572d21000 rw-p 00000000 00:00 0 
7f5572d21000-7f5572d25000 ---p 00000000 00:00 0 
7f5572d25000-7f5572e22000 rw-p 00000000 00:00 0 
7f5572e22000-7f5572e26000 ---p 00000000 00:00 0 
7f5572e26000-7f5572f23000 rw-p 00000000 00:00 0 
7f5572f23000-7f5572f2a000 r--s 00000000 07:0d 8532                       /usr/lib/x86_64-linux-gnu/gconv/gconv-modules.cache
7f5572f2a000-7f5572f5c000 r--p 00000000 07:0d 5276                       /usr/lib/locale/C.UTF-8/LC_CTYPE
7f5572f5c000-7f5572f60000 ---p 00000000 00:00 0 
7f5572f60000-7f557305d000 rw-p 00000000 00:00 0 
7f557305d000-7f5573061000 ---p 00000000 00:00 0 
7f5573061000-7f557315e000 rw-p 00000000 00:00 0 
7f557315e000-7f557315f000 ---p 00000000 00:00 0 
7f557315f000-7f5573b7d000 rw-p 00000000 00:00 0 
7f5573b7d000-7f5573b82000 rw-p 00000000 00:00 0 
7f5573b82000-7f5573c68000 ---p 00000000 00:00 0 
7f5573c68000-7f5573c7c000 rw-p 00000000 00:00 0 
7f5573c7c000-7f5573d53000 ---p 00000000 00:00 0 
7f5573d53000-7f5573d58000 rw-p 00000000 00:00 0 
7f5573d58000-7f5573d5f000 ---p 00000000 00:00 0 
7f5573d5f000-7f5573d61000 r--p 00000000 07:0d 5214                       /usr/lib/jvm/java-13-openjdk-amd64/lib/libzip.so
7f5573d61000-7f5573d65000 r-xp 00002000 07:0d 5214                       /usr/lib/jvm/java-13-openjdk-amd64/lib/libzip.so
7f5573d65000-7f5573d67000 r--p 00006000 07:0d 5214                       /usr/lib/jvm/java-13-openjdk-amd64/lib/libzip.so
7f5573d67000-7f5573d68000 r--p 00007000 07:0d 5214                       /usr/lib/jvm/java-13-openjdk-amd64/lib/libzip.so
7f5573d68000-7f5573d69000 rw-p 00008000 07:0d 5214                       /usr/lib/jvm/java-13-openjdk-amd64/lib/libzip.so
7f5573d69000-7f5573d71000 rw-s 00000000 08:03 100676721                  /tmp/hsperfdata_rcabanas/7813
7f5573d71000-7f5573d74000 r--p 00000000 07:0d 9108                       /usr/lib/x86_64-linux-gnu/libnss_files-2.31.so
7f5573d74000-7f5573d7b000 r-xp 00003000 07:0d 9108                       /usr/lib/x86_64-linux-gnu/libnss_files-2.31.so
7f5573d7b000-7f5573d7d000 r--p 0000a000 07:0d 9108                       /usr/lib/x86_64-linux-gnu/libnss_files-2.31.so
7f5573d7d000-7f5573d7e000 r--p 0000b000 07:0d 9108                       /usr/lib/x86_64-linux-gnu/libnss_files-2.31.so
7f5573d7e000-7f5573d7f000 rw-p 0000c000 07:0d 9108                       /usr/lib/x86_64-linux-gnu/libnss_files-2.31.so
7f5573d7f000-7f5573d85000 rw-p 00000000 00:00 0 
7f5573d8b000-7f5573d8d000 r--p 00000000 07:0d 5195                       /usr/lib/jvm/java-13-openjdk-amd64/lib/libjimage.so
7f5573d8d000-7f5573d90000 r-xp 00002000 07:0d 5195                       /usr/lib/jvm/java-13-openjdk-amd64/lib/libjimage.so
7f5573d90000-7f5573d91000 r--p 00005000 07:0d 5195                       /usr/lib/jvm/java-13-openjdk-amd64/lib/libjimage.so
7f5573d91000-7f5573d92000 ---p 00006000 07:0d 5195                       /usr/lib/jvm/java-13-openjdk-amd64/lib/libjimage.so
7f5573d92000-7f5573d93000 r--p 00006000 07:0d 5195                       /usr/lib/jvm/java-13-openjdk-amd64/lib/libjimage.so
7f5573d93000-7f5573d94000 rw-p 00007000 07:0d 5195                       /usr/lib/jvm/java-13-openjdk-amd64/lib/libjimage.so
7f5573d94000-7f5573da1000 r--p 00000000 07:0d 5191                       /usr/lib/jvm/java-13-openjdk-amd64/lib/libjava.so
7f5573da1000-7f5573db6000 r-xp 0000d000 07:0d 5191                       /usr/lib/jvm/java-13-openjdk-amd64/lib/libjava.so
7f5573db6000-7f5573dbc000 r--p 00022000 07:0d 5191                       /usr/lib/jvm/java-13-openjdk-amd64/lib/libjava.so
7f5573dbc000-7f5573dbd000 ---p 00028000 07:0d 5191                       /usr/lib/jvm/java-13-openjdk-amd64/lib/libjava.so
7f5573dbd000-7f5573dbe000 r--p 00028000 07:0d 5191                       /usr/lib/jvm/java-13-openjdk-amd64/lib/libjava.so
7f5573dbe000-7f5573dc0000 rw-p 00029000 07:0d 5191                       /usr/lib/jvm/java-13-openjdk-amd64/lib/libjava.so
7f5573dc0000-7f5573dc5000 r--p 00000000 07:0d 5213                       /usr/lib/jvm/java-13-openjdk-amd64/lib/libverify.so
7f5573dc5000-7f5573dcc000 r-xp 00005000 07:0d 5213                       /usr/lib/jvm/java-13-openjdk-amd64/lib/libverify.so
7f5573dcc000-7f5573dce000 r--p 0000c000 07:0d 5213                       /usr/lib/jvm/java-13-openjdk-amd64/lib/libverify.so
7f5573dce000-7f5573dcf000 ---p 0000e000 07:0d 5213                       /usr/lib/jvm/java-13-openjdk-amd64/lib/libverify.so
7f5573dcf000-7f5573dd1000 r--p 0000e000 07:0d 5213                       /usr/lib/jvm/java-13-openjdk-amd64/lib/libverify.so
7f5573dd1000-7f5573dd2000 rw-p 00010000 07:0d 5213                       /usr/lib/jvm/java-13-openjdk-amd64/lib/libverify.so
7f5573dd2000-7f5573dd6000 ---p 00000000 00:00 0 
7f5573dd6000-7f5573ed3000 rw-p 00000000 00:00 0 
7f5573ed3000-7f5573ed6000 r--p 00000000 07:0d 8948                       /usr/lib/x86_64-linux-gnu/libgcc_s.so.1
7f5573ed6000-7f5573ee8000 r-xp 00003000 07:0d 8948                       /usr/lib/x86_64-linux-gnu/libgcc_s.so.1
7f5573ee8000-7f5573eec000 r--p 00015000 07:0d 8948                       /usr/lib/x86_64-linux-gnu/libgcc_s.so.1
7f5573eec000-7f5573eed000 r--p 00018000 07:0d 8948                       /usr/lib/x86_64-linux-gnu/libgcc_s.so.1
7f5573eed000-7f5573eee000 rw-p 00019000 07:0d 8948                       /usr/lib/x86_64-linux-gnu/libgcc_s.so.1
7f5573eee000-7f5573efb000 r--p 00000000 07:0d 9062                       /usr/lib/x86_64-linux-gnu/libm-2.31.so
7f5573efb000-7f5573fa2000 r-xp 0000d000 07:0d 9062                       /usr/lib/x86_64-linux-gnu/libm-2.31.so
7f5573fa2000-7f557403b000 r--p 000b4000 07:0d 9062                       /usr/lib/x86_64-linux-gnu/libm-2.31.so
7f557403b000-7f557403c000 r--p 0014c000 07:0d 9062                       /usr/lib/x86_64-linux-gnu/libm-2.31.so
7f557403c000-7f557403d000 rw-p 0014d000 07:0d 9062                       /usr/lib/x86_64-linux-gnu/libm-2.31.so
7f557403d000-7f55740d3000 r--p 00000000 07:0d 9213                       /usr/lib/x86_64-linux-gnu/libstdc++.so.6.0.28
7f55740d3000-7f55741c4000 r-xp 00096000 07:0d 9213                       /usr/lib/x86_64-linux-gnu/libstdc++.so.6.0.28
7f55741c4000-7f557420d000 r--p 00187000 07:0d 9213                       /usr/lib/x86_64-linux-gnu/libstdc++.so.6.0.28
7f557420d000-7f557420e000 ---p 001d0000 07:0d 9213                       /usr/lib/x86_64-linux-gnu/libstdc++.so.6.0.28
7f557420e000-7f5574219000 r--p 001d0000 07:0d 9213                       /usr/lib/x86_64-linux-gnu/libstdc++.so.6.0.28
7f5574219000-7f557421c000 rw-p 001db000 07:0d 9213                       /usr/lib/x86_64-linux-gnu/libstdc++.so.6.0.28
7f557421c000-7f557421f000 rw-p 00000000 00:00 0 
7f557421f000-7f55744a5000 r--p 00000000 07:0d 5226                       /usr/lib/jvm/java-13-openjdk-amd64/lib/server/libjvm.so
7f55744a5000-7f5575222000 r-xp 00286000 07:0d 5226                       /usr/lib/jvm/java-13-openjdk-amd64/lib/server/libjvm.so
7f5575222000-7f557549d000 r--p 01003000 07:0d 5226                       /usr/lib/jvm/java-13-openjdk-amd64/lib/server/libjvm.so
7f557549d000-7f5575562000 r--p 0127d000 07:0d 5226                       /usr/lib/jvm/java-13-openjdk-amd64/lib/server/libjvm.so
7f5575562000-7f557559d000 rw-p 01342000 07:0d 5226                       /usr/lib/jvm/java-13-openjdk-amd64/lib/server/libjvm.so
7f557559d000-7f5575623000 rw-p 00000000 00:00 0 
7f5575623000-7f5575629000 r--p 00000000 07:0d 9166                       /usr/lib/x86_64-linux-gnu/libpthread-2.31.so
7f5575629000-7f557563a000 r-xp 00006000 07:0d 9166                       /usr/lib/x86_64-linux-gnu/libpthread-2.31.so
7f557563a000-7f5575640000 r--p 00017000 07:0d 9166                       /usr/lib/x86_64-linux-gnu/libpthread-2.31.so
7f5575640000-7f5575641000 r--p 0001c000 07:0d 9166                       /usr/lib/x86_64-linux-gnu/libpthread-2.31.so
7f5575641000-7f5575642000 rw-p 0001d000 07:0d 9166                       /usr/lib/x86_64-linux-gnu/libpthread-2.31.so
7f5575642000-7f5575646000 rw-p 00000000 00:00 0 
7f5575646000-7f5575647000 r--p 00000000 07:0d 8893                       /usr/lib/x86_64-linux-gnu/libdl-2.31.so
7f5575647000-7f5575649000 r-xp 00001000 07:0d 8893                       /usr/lib/x86_64-linux-gnu/libdl-2.31.so
7f5575649000-7f557564a000 r--p 00003000 07:0d 8893                       /usr/lib/x86_64-linux-gnu/libdl-2.31.so
7f557564a000-7f557564b000 r--p 00003000 07:0d 8893                       /usr/lib/x86_64-linux-gnu/libdl-2.31.so
7f557564b000-7f557564c000 rw-p 00004000 07:0d 8893                       /usr/lib/x86_64-linux-gnu/libdl-2.31.so
7f557564c000-7f557564e000 r--p 00000000 07:0d 9290                       /usr/lib/x86_64-linux-gnu/libz.so.1.2.11
7f557564e000-7f557565f000 r-xp 00002000 07:0d 9290                       /usr/lib/x86_64-linux-gnu/libz.so.1.2.11
7f557565f000-7f5575665000 r--p 00013000 07:0d 9290                       /usr/lib/x86_64-linux-gnu/libz.so.1.2.11
7f5575665000-7f5575666000 ---p 00019000 07:0d 9290                       /usr/lib/x86_64-linux-gnu/libz.so.1.2.11
7f5575666000-7f5575667000 r--p 00019000 07:0d 9290                       /usr/lib/x86_64-linux-gnu/libz.so.1.2.11
7f5575667000-7f5575668000 rw-p 0001a000 07:0d 9290                       /usr/lib/x86_64-linux-gnu/libz.so.1.2.11
7f5575668000-7f557568a000 r--p 00000000 07:0d 8851                       /usr/lib/x86_64-linux-gnu/libc-2.31.so
7f557568a000-7f5575802000 r-xp 00022000 07:0d 8851                       /usr/lib/x86_64-linux-gnu/libc-2.31.so
7f5575802000-7f5575850000 r--p 0019a000 07:0d 8851                       /usr/lib/x86_64-linux-gnu/libc-2.31.so
7f5575850000-7f5575854000 r--p 001e7000 07:0d 8851                       /usr/lib/x86_64-linux-gnu/libc-2.31.so
7f5575854000-7f5575856000 rw-p 001eb000 07:0d 8851                       /usr/lib/x86_64-linux-gnu/libc-2.31.so
7f5575856000-7f557585a000 rw-p 00000000 00:00 0 
7f557585c000-7f557585e000 r--s 0000c000 07:0d 20930                      /usr/share/java/java-atk-wrapper.jar
7f557585e000-7f557585f000 ---p 00000000 00:00 0 
7f557585f000-7f5575860000 r--p 00000000 00:00 0 
7f5575860000-7f5575863000 r--p 00000000 07:0d 5196                       /usr/lib/jvm/java-13-openjdk-amd64/lib/libjli.so
7f5575863000-7f557586d000 r-xp 00003000 07:0d 5196                       /usr/lib/jvm/java-13-openjdk-amd64/lib/libjli.so
7f557586d000-7f5575870000 r--p 0000d000 07:0d 5196                       /usr/lib/jvm/java-13-openjdk-amd64/lib/libjli.so
7f5575870000-7f5575871000 r--p 0000f000 07:0d 5196                       /usr/lib/jvm/java-13-openjdk-amd64/lib/libjli.so
7f5575871000-7f5575872000 rw-p 00010000 07:0d 5196                       /usr/lib/jvm/java-13-openjdk-amd64/lib/libjli.so
7f5575872000-7f5575874000 rw-p 00000000 00:00 0 
7f5575874000-7f5575875000 r--p 00000000 07:0d 8572                       /usr/lib/x86_64-linux-gnu/ld-2.31.so
7f5575875000-7f5575898000 r-xp 00001000 07:0d 8572                       /usr/lib/x86_64-linux-gnu/ld-2.31.so
7f5575898000-7f55758a0000 r--p 00024000 07:0d 8572                       /usr/lib/x86_64-linux-gnu/ld-2.31.so
7f55758a0000-7f55758a1000 ---p 00000000 00:00 0 
7f55758a1000-7f55758a2000 r--p 0002c000 07:0d 8572                       /usr/lib/x86_64-linux-gnu/ld-2.31.so
7f55758a2000-7f55758a3000 rw-p 0002d000 07:0d 8572                       /usr/lib/x86_64-linux-gnu/ld-2.31.so
7f55758a3000-7f55758a4000 rw-p 00000000 00:00 0 
7fffbcd07000-7fffbcd28000 rw-p 00000000 00:00 0                          [stack]
7fffbcdcd000-7fffbcdcf000 r-xp 00000000 00:00 0                          [vdso]
ffffffffff600000-ffffffffff601000 r-xp 00000000 00:00 0                  [vsyscall]


VM Arguments:
jvm_args: -Xmx64g --add-modules=ALL-DEFAULT 
java_command: jdk.compiler/com.sun.tools.javac.launcher.Main /mnt/beegfs/rcabanas/dev/credici/papers/journalEM/code/GenerateModel.java -n 14 -d 1000 -di 0.5 -mr 0.98 -r 1.0 --seed 81 --output /mnt/beegfs/rcabanas/dev/credici/papers/journalEM/models/synthetic/s2/ --debug
java_class_path (initial): /mnt/beegfs/rcabanas/dev/credici/target/credici-0.1.3-jar-with-dependencies.jar
Launcher Type: SUN_STANDARD

[Global flags]
     intx CICompilerCount                          = 2                                         {product} {ergonomic}
   size_t InitialHeapSize                          = 2147483648                                {product} {ergonomic}
   size_t MaxHeapSize                              = 68719476736                               {product} {command line}
   size_t MaxNewSize                               = 22906470400                               {product} {ergonomic}
   size_t MinHeapDeltaBytes                        = 196608                                    {product} {ergonomic}
   size_t MinHeapSize                              = 8388608                                   {product} {ergonomic}
   size_t NewSize                                  = 715784192                                 {product} {ergonomic}
    uintx NonNMethodCodeHeapSize                   = 5826188                                {pd product} {ergonomic}
    uintx NonProfiledCodeHeapSize                  = 122916026                              {pd product} {ergonomic}
   size_t OldSize                                  = 1431699456                                {product} {ergonomic}
    uintx ProfiledCodeHeapSize                     = 122916026                              {pd product} {ergonomic}
    uintx ReservedCodeCacheSize                    = 251658240                              {pd product} {ergonomic}
     bool SegmentedCodeCache                       = true                                      {product} {ergonomic}
   size_t SoftMaxHeapSize                          = 68719476736                            {manageable} {ergonomic}
     bool UseSerialGC                              = true                                      {product} {ergonomic}

Logging:
Log output configuration:
 #0: stdout all=warning uptime,level,tags
 #1: stderr all=off uptime,level,tags

Environment Variables:
PATH=/usr/local/sbin:/usr/local/bin:/usr/sbin:/usr/bin:/sbin:/bin
LD_LIBRARY_PATH=/.singularity.d/libs

Signal Handlers:
SIGSEGV: [libjvm.so+0xf8fcf0], sa_mask[0]=11111111011111111101111111111110, sa_flags=SA_RESTART|SA_SIGINFO
SIGBUS: [libjvm.so+0xf8fcf0], sa_mask[0]=11111111011111111101111111111110, sa_flags=SA_RESTART|SA_SIGINFO
SIGFPE: [libjvm.so+0xf8fcf0], sa_mask[0]=11111111011111111101111111111110, sa_flags=SA_RESTART|SA_SIGINFO
SIGPIPE: [libjvm.so+0xc3ffa0], sa_mask[0]=11111111011111111101111111111110, sa_flags=SA_RESTART|SA_SIGINFO
SIGXFSZ: [libjvm.so+0xc3ffa0], sa_mask[0]=11111111011111111101111111111110, sa_flags=SA_RESTART|SA_SIGINFO
SIGILL: [libjvm.so+0xf8fcf0], sa_mask[0]=11111111011111111101111111111110, sa_flags=SA_RESTART|SA_SIGINFO
SIGUSR2: [libjvm.so+0xc3fe40], sa_mask[0]=00000000000000000000000000000000, sa_flags=SA_RESTART|SA_SIGINFO
SIGHUP: [libjvm.so+0xc40580], sa_mask[0]=11111111011111111101111111111110, sa_flags=SA_RESTART|SA_SIGINFO
SIGINT: [libjvm.so+0xc40580], sa_mask[0]=11111111011111111101111111111110, sa_flags=SA_RESTART|SA_SIGINFO
SIGTERM: [libjvm.so+0xc40580], sa_mask[0]=11111111011111111101111111111110, sa_flags=SA_RESTART|SA_SIGINFO
SIGQUIT: [libjvm.so+0xc40580], sa_mask[0]=11111111011111111101111111111110, sa_flags=SA_RESTART|SA_SIGINFO


---------------  S Y S T E M  ---------------

OS:DISTRIB_ID=Ubuntu
DISTRIB_RELEASE=20.04
DISTRIB_CODENAME=focal
DISTRIB_DESCRIPTION="Ubuntu 20.04.4 LTS"
uname:Linux 3.10.0-1160.15.2.el7.x86_64 #1 SMP Wed Feb 3 15:06:38 UTC 2021 x86_64
OS uptime: 474 days 4:46 hours
libc:glibc 2.31 NPTL 2.31 
rlimit (soft/hard): STACK 8192k/infinity , CORE 0k/infinity , NPROC 4096/1030217 , NOFILE 131072/131072 , AS infinity/infinity , CPU infinity/infinity , DATA infinity/infinity , FSIZE infinity/infinity , MEMLOCK infinity/infinity
load average:5.00 5.08 5.64

/proc/meminfo:
MemTotal:       263895368 kB
MemFree:         4297556 kB
MemAvailable:    3790940 kB
Buffers:           24956 kB
Cached:           139728 kB
SwapCached:         6688 kB
Active:         241523396 kB
Inactive:        8886848 kB
Active(anon):   241488368 kB
Inactive(anon):  8770044 kB
Active(file):      35028 kB
Inactive(file):   116804 kB
Unevictable:       16500 kB
Mlocked:           16500 kB
SwapTotal:       4194300 kB
SwapFree:        1138872 kB
Dirty:                68 kB
Writeback:             0 kB
AnonPages:      250255732 kB
Mapped:            29872 kB
Shmem:              8688 kB
Slab:             676104 kB
SReclaimable:     150648 kB
SUnreclaim:       525456 kB
KernelStack:       14400 kB
PageTables:       501380 kB
NFS_Unstable:          0 kB
Bounce:                0 kB
WritebackTmp:          0 kB
CommitLimit:    136141984 kB
Committed_AS:   271559520 kB
VmallocTotal:   34359738367 kB
VmallocUsed:      859328 kB
VmallocChunk:   34222457004 kB
Percpu:            21248 kB
HardwareCorrupted:     0 kB
AnonHugePages:  20981760 kB
CmaTotal:              0 kB
CmaFree:               0 kB
HugePages_Total:       0
HugePages_Free:        0
HugePages_Rsvd:        0
HugePages_Surp:        0
Hugepagesize:       2048 kB
DirectMap4k:      650856 kB
DirectMap2M:    19134464 kB
DirectMap1G:    248512512 kB

/sys/kernel/mm/transparent_hugepage/enabled:
[always] madvise never

/sys/kernel/mm/transparent_hugepage/defrag (defrag/compaction efforts parameter):
[always] madvise never


/proc/sys/kernel/threads-max (system-wide limit on the number of threads):
2060435


/proc/sys/vm/max_map_count (maximum number of memory map areas a process may have):
65530


/proc/sys/kernel/pid_max (system-wide limit on number of process identifiers):
65536



Steal ticks since vm start: 0
Steal ticks percentage since vm start:  0.000

CPU:total 64 (initial active 1) (32 cores per cpu, 1 threads per core) family 23 model 49 stepping 0, cmov, cx8, fxsr, mmx, sse, sse2, sse3, ssse3, sse4.1, sse4.2, popcnt, avx, avx2, aes, clmul, mmxext, 3dnowpref, lzcnt, sse4a, tsc, tscinvbit, tscinv, bmi1, bmi2, adx, sha, fma
CPU Model and flags from /proc/cpuinfo:
model name	: AMD EPYC 7542 32-Core Processor
flags		: fpu vme de pse tsc msr pae mce cx8 apic sep mtrr pge mca cmov pat pse36 clflush mmx fxsr sse sse2 ht syscall nx mmxext fxsr_opt pdpe1gb rdtscp lm constant_tsc art rep_good nopl nonstop_tsc extd_apicid aperfmperf eagerfpu pni pclmulqdq monitor ssse3 fma cx16 sse4_1 sse4_2 movbe popcnt aes xsave avx f16c rdrand lahf_lm cmp_legacy svm extapic cr8_legacy abm sse4a misalignsse 3dnowprefetch osvw ibs skinit wdt tce topoext perfctr_core perfctr_nb bpext perfctr_l2 cpb cat_l3 cdp_l3 hw_pstate sme retpoline_amd ssbd ibrs ibpb stibp vmmcall fsgsbase bmi1 avx2 smep bmi2 cqm rdt_a rdseed adx smap clflushopt clwb sha_ni xsaveopt xsavec xgetbv1 cqm_llc cqm_occup_llc cqm_mbm_total cqm_mbm_local clzero irperf xsaveerptr arat npt lbrv svm_lock nrip_save tsc_scale vmcb_clean flushbyasid decodeassists pausefilter pfthreshold avic v_vmsave_vmload vgif umip overflow_recov succor smca
Online cpus:0-63
Offline cpus:
BIOS frequency limitation:2900000
Frequency switch latency (ns):0
Available cpu frequencies:2900000 2400000 1500000 
Current governor:conservative
Core performance/turbo boost:1

Memory: 4k page, physical 263895368k(4297028k free), swap 4194300k(1138876k free)

vm_info: OpenJDK 64-Bit Server VM (13.0.7+5-Ubuntu-0ubuntu120.04) for linux-amd64 JRE (13.0.7+5-Ubuntu-0ubuntu120.04), built on Apr 21 2021 05:36:19 by "unknown" with gcc 9.3.0

END.
