#
# A fatal error has been detected by the Java Runtime Environment:
#
#  SIGBUS (0x7) at pc=0x00007f9805caf640, pid=25827, tid=26000
#
# JRE version:  (13.0.7+5) (build )
# Java VM: OpenJDK 64-Bit Server VM (13.0.7+5-Ubuntu-0ubuntu120.04, mixed mode, tiered, compressed oops, serial gc, linux-amd64)
# Problematic frame:
# V  [libjvm.so+0xa8f640]
#
# No core dump will be written. Core dumps have been disabled. To enable core dumping, try "ulimit -c unlimited" before starting Java again
#
#

---------------  S U M M A R Y ------------

Command Line: --add-modules=ALL-DEFAULT jdk.compiler/com.sun.tools.javac.launcher.Main /mnt/beegfs/rcabanas/dev/credici/papers/journalEM/code/RunSingleEM.java --maxiter 300 -w -b --seed 166 --output /mnt/beegfs/rcabanas/dev/credici/papers/journalEM/output/triangolo_biassoft/1000 -d /mnt/beegfs/rcabanas/dev/credici/papers/journalEM/data/triangolo_data_d1000.csv /mnt/beegfs/rcabanas/dev/credici/papers/journalEM/models/triangolo_biassoft.uai

Host: AMD EPYC 7542 32-Core Processor, 64 cores, 251G, Ubuntu 20.04.4 LTS
Time: Tue Aug 30 11:02:58 2022 CEST elapsed time: 0.084569 seconds (0d 0h 0m 0s)

---------------  T H R E A D  ---------------

Current thread (0x00007f9800018000):  JavaThread "Unknown thread" [_thread_in_vm, id=26000, stack(0x00007f9804dd3000,0x00007f9804ed4000)]

Stack: [0x00007f9804dd3000,0x00007f9804ed4000],  sp=0x00007f9804ed23a8,  free space=1020k
Native frames: (J=compiled Java code, A=aot compiled Java code, j=interpreted, Vv=VM code, C=native code)
V  [libjvm.so+0xa8f640]
V  [libjvm.so+0xef53b8]
V  [libjvm.so+0xee119c]
V  [libjvm.so+0xee1868]
V  [libjvm.so+0xee2ae2]
V  [libjvm.so+0xee04c4]
V  [libjvm.so+0x870d72]
V  [libjvm.so+0x85276a]
V  [libjvm.so+0xf25add]
V  [libjvm.so+0x908da5]  JNI_CreateJavaVM+0x55
C  [libjli.so+0x4d6f]
C  [libjli.so+0x9d3d]


siginfo: si_signo: 7 (SIGBUS), si_code: 2 (BUS_ADRERR), si_addr: 0x00007f9805caf640

Registers:
RAX=0x00007f9804ed2318, RBX=0x00007f98065ce3dc, RCX=0x0000000000000008, RDX=0x0000000000000000
RSP=0x00007f9804ed23a8, RBP=0x00007f9804ed2490, RSI=0x00007f9804ed229c, RDI=0x0000000000000004
R8 =0x00000000ffffffff, R9 =0x0000000000000008, R10=0x0000000000000001, R11=0x0000000000000000
R12=0x00007f980660f9a8, R13=0x0000000000000002, R14=0xffffffffffffffff, R15=0x0000000000000001
RIP=0x00007f9805caf640, EFLAGS=0x0000000000010202, CSGSFS=0x0000000000000033, ERR=0x0000000000000014
  TRAPNO=0x000000000000000e

Top of Stack: (sp=0x00007f9804ed23a8)
0x00007f9804ed23a8:   00007f980611eaf8 0000000000000000
0x00007f9804ed23b8:   00007f9806147f3b ffffffffffffffff
0x00007f9804ed23c8:   00007f9805638cf5 0000000000000003
0x00007f9804ed23d8:   00007f98000186a0 00007f9804ed24a0 

Instructions: (pc=0x00007f9805caf640)
0x00007f9805caf540:   
[error occurred during error reporting (printing registers, top of stack, instructions near pc), id 0x7, SIGBUS (0x7) at pc=0x00007f9805e59258]


---------------  P R O C E S S  ---------------

Threads class SMR info:
_java_thread_list=0x00007f9806615b40, length=0, elements={
}

Java Threads: ( => current thread )

Other Threads:

=>0x00007f9800018000 (exited) JavaThread "Unknown thread" [_thread_in_vm, id=26000, stack(0x00007f9804dd3000,0x00007f9804ed4000)]

Threads with active compile tasks:

VM state:not at safepoint (not fully initialized)

VM Mutex/Monitor currently owned by a thread: None

Heap address: 0x0000000080200000, size: 30718 MB, Compressed Oops mode: Zero based, Oop shift amount: 3
Narrow klass base: 0x0000000800000000, Narrow klass shift: 0
Compressed class space size: 1073741824 Address: 0x0000000800000000

GC Heap History (0 events):
No events

Deoptimization events (0 events):
No events

Classes unloaded (0 events):
No events

Classes redefined (0 events):
No events

Internal exceptions (0 events):
No events

Events (2 events):
Event: 0.037 Protecting memory [0x00007f9804dd3000,0x00007f9804dd7000] with protection modes 0
Event: 0.040 Loaded shared library /usr/lib/jvm/java-13-openjdk-amd64/lib/libzip.so


Dynamic libraries:
80200000-aaca0000 rw-p 00000000 00:00 0 
aaca0000-300150000 ---p 00000000 00:00 0 
300150000-3556b0000 rw-p 00000000 00:00 0 
3556b0000-840000000 ---p 00000000 00:00 0 
55e6992d5000-55e6992d6000 r--p 00000000 07:01 4860                       /usr/lib/jvm/java-13-openjdk-amd64/bin/java
55e6992d6000-55e6992d7000 r-xp 00001000 07:01 4860                       /usr/lib/jvm/java-13-openjdk-amd64/bin/java
55e6992d7000-55e6992d8000 r--p 00002000 07:01 4860                       /usr/lib/jvm/java-13-openjdk-amd64/bin/java
55e6992d8000-55e6992d9000 r--p 00002000 07:01 4860                       /usr/lib/jvm/java-13-openjdk-amd64/bin/java
55e6992d9000-55e6992da000 rw-p 00003000 07:01 4860                       /usr/lib/jvm/java-13-openjdk-amd64/bin/java
55e699a22000-55e699a43000 rw-p 00000000 00:00 0                          [heap]
7f97e238a000-7f97e2635000 rw-p 00000000 00:00 0 
7f97e2635000-7f97e4b8a000 ---p 00000000 00:00 0 
7f97e4b8a000-7f97e4ce0000 rw-p 00000000 00:00 0 
7f97e4ce0000-7f97e5f89000 ---p 00000000 00:00 0 
7f97e5f89000-7f97e6235000 rw-p 00000000 00:00 0 
7f97e6235000-7f97e8789000 ---p 00000000 00:00 0 
7f97e8789000-7f97e878a000 rw-p 00000000 00:00 0 
7f97e878a000-7f97e89fa000 rwxp 00000000 00:00 0 
7f97e89fa000-7f97e8d19000 ---p 00000000 00:00 0 
7f97e8d19000-7f97e8f89000 rwxp 00000000 00:00 0 
7f97e8f89000-7f97f0251000 ---p 00000000 00:00 0 
7f97f0251000-7f97f04c1000 rwxp 00000000 00:00 0 
7f97f04c1000-7f97f778a000 ---p 00000000 00:00 0 
7f97f778a000-7f9800000000 r--s 00000000 07:01 5215                       /usr/lib/jvm/java-13-openjdk-amd64/lib/modules
7f9800000000-7f980003c000 rw-p 00000000 00:00 0 
7f980003c000-7f9804000000 ---p 00000000 00:00 0 
7f980421f000-7f980433c000 rw-p 00000000 00:00 0 
7f980433c000-7f9804b3c000 ---p 00000000 00:00 0 
7f9804b3c000-7f9804b83000 rw-p 00000000 00:00 0 
7f9804b83000-7f9804c69000 ---p 00000000 00:00 0 
7f9804c69000-7f9804c6e000 rw-p 00000000 00:00 0 
7f9804c6e000-7f9804d54000 ---p 00000000 00:00 0 
7f9804d54000-7f9804d59000 rw-p 00000000 00:00 0 
7f9804d59000-7f9804d60000 ---p 00000000 00:00 0 
7f9804d60000-7f9804d62000 r--p 00000000 07:01 5214                       /usr/lib/jvm/java-13-openjdk-amd64/lib/libzip.so
7f9804d62000-7f9804d66000 r-xp 00002000 07:01 5214                       /usr/lib/jvm/java-13-openjdk-amd64/lib/libzip.so
7f9804d66000-7f9804d68000 r--p 00006000 07:01 5214                       /usr/lib/jvm/java-13-openjdk-amd64/lib/libzip.so
7f9804d68000-7f9804d69000 r--p 00007000 07:01 5214                       /usr/lib/jvm/java-13-openjdk-amd64/lib/libzip.so
7f9804d69000-7f9804d6a000 rw-p 00008000 07:01 5214                       /usr/lib/jvm/java-13-openjdk-amd64/lib/libzip.so
7f9804d6a000-7f9804d72000 rw-s 00000000 08:03 800562                     /tmp/hsperfdata_rcabanas/25827
7f9804d72000-7f9804d75000 r--p 00000000 07:01 9108                       /usr/lib/x86_64-linux-gnu/libnss_files-2.31.so
7f9804d75000-7f9804d7c000 r-xp 00003000 07:01 9108                       /usr/lib/x86_64-linux-gnu/libnss_files-2.31.so
7f9804d7c000-7f9804d7e000 r--p 0000a000 07:01 9108                       /usr/lib/x86_64-linux-gnu/libnss_files-2.31.so
7f9804d7e000-7f9804d7f000 r--p 0000b000 07:01 9108                       /usr/lib/x86_64-linux-gnu/libnss_files-2.31.so
7f9804d7f000-7f9804d80000 rw-p 0000c000 07:01 9108                       /usr/lib/x86_64-linux-gnu/libnss_files-2.31.so
7f9804d80000-7f9804d86000 rw-p 00000000 00:00 0 
7f9804d8c000-7f9804d8e000 r--p 00000000 07:01 5195                       /usr/lib/jvm/java-13-openjdk-amd64/lib/libjimage.so
7f9804d8e000-7f9804d91000 r-xp 00002000 07:01 5195                       /usr/lib/jvm/java-13-openjdk-amd64/lib/libjimage.so
7f9804d91000-7f9804d92000 r--p 00005000 07:01 5195                       /usr/lib/jvm/java-13-openjdk-amd64/lib/libjimage.so
7f9804d92000-7f9804d93000 ---p 00006000 07:01 5195                       /usr/lib/jvm/java-13-openjdk-amd64/lib/libjimage.so
7f9804d93000-7f9804d94000 r--p 00006000 07:01 5195                       /usr/lib/jvm/java-13-openjdk-amd64/lib/libjimage.so
7f9804d94000-7f9804d95000 rw-p 00007000 07:01 5195                       /usr/lib/jvm/java-13-openjdk-amd64/lib/libjimage.so
7f9804d95000-7f9804da2000 r--p 00000000 07:01 5191                       /usr/lib/jvm/java-13-openjdk-amd64/lib/libjava.so
7f9804da2000-7f9804db7000 r-xp 0000d000 07:01 5191                       /usr/lib/jvm/java-13-openjdk-amd64/lib/libjava.so
7f9804db7000-7f9804dbd000 r--p 00022000 07:01 5191                       /usr/lib/jvm/java-13-openjdk-amd64/lib/libjava.so
7f9804dbd000-7f9804dbe000 ---p 00028000 07:01 5191                       /usr/lib/jvm/java-13-openjdk-amd64/lib/libjava.so
7f9804dbe000-7f9804dbf000 r--p 00028000 07:01 5191                       /usr/lib/jvm/java-13-openjdk-amd64/lib/libjava.so
7f9804dbf000-7f9804dc1000 rw-p 00029000 07:01 5191                       /usr/lib/jvm/java-13-openjdk-amd64/lib/libjava.so
7f9804dc1000-7f9804dc6000 r--p 00000000 07:01 5213                       /usr/lib/jvm/java-13-openjdk-amd64/lib/libverify.so
7f9804dc6000-7f9804dcd000 r-xp 00005000 07:01 5213                       /usr/lib/jvm/java-13-openjdk-amd64/lib/libverify.so
7f9804dcd000-7f9804dcf000 r--p 0000c000 07:01 5213                       /usr/lib/jvm/java-13-openjdk-amd64/lib/libverify.so
7f9804dcf000-7f9804dd0000 ---p 0000e000 07:01 5213                       /usr/lib/jvm/java-13-openjdk-amd64/lib/libverify.so
7f9804dd0000-7f9804dd2000 r--p 0000e000 07:01 5213                       /usr/lib/jvm/java-13-openjdk-amd64/lib/libverify.so
7f9804dd2000-7f9804dd3000 rw-p 00010000 07:01 5213                       /usr/lib/jvm/java-13-openjdk-amd64/lib/libverify.so
7f9804dd3000-7f9804dd7000 ---p 00000000 00:00 0 
7f9804dd7000-7f9804ed4000 rw-p 00000000 00:00 0 
7f9804ed4000-7f9804ed7000 r--p 00000000 07:01 8948                       /usr/lib/x86_64-linux-gnu/libgcc_s.so.1
7f9804ed7000-7f9804ee9000 r-xp 00003000 07:01 8948                       /usr/lib/x86_64-linux-gnu/libgcc_s.so.1
7f9804ee9000-7f9804eed000 r--p 00015000 07:01 8948                       /usr/lib/x86_64-linux-gnu/libgcc_s.so.1
7f9804eed000-7f9804eee000 r--p 00018000 07:01 8948                       /usr/lib/x86_64-linux-gnu/libgcc_s.so.1
7f9804eee000-7f9804eef000 rw-p 00019000 07:01 8948                       /usr/lib/x86_64-linux-gnu/libgcc_s.so.1
7f9804eef000-7f9804efc000 r--p 00000000 07:01 9062                       /usr/lib/x86_64-linux-gnu/libm-2.31.so
7f9804efc000-7f9804fa3000 r-xp 0000d000 07:01 9062                       /usr/lib/x86_64-linux-gnu/libm-2.31.so
7f9804fa3000-7f980503c000 r--p 000b4000 07:01 9062                       /usr/lib/x86_64-linux-gnu/libm-2.31.so
7f980503c000-7f980503d000 r--p 0014c000 07:01 9062                       /usr/lib/x86_64-linux-gnu/libm-2.31.so
7f980503d000-7f980503e000 rw-p 0014d000 07:01 9062                       /usr/lib/x86_64-linux-gnu/libm-2.31.so
7f980503e000-7f98050d4000 r--p 00000000 07:01 9213                       /usr/lib/x86_64-linux-gnu/libstdc++.so.6.0.28
7f98050d4000-7f98051c5000 r-xp 00096000 07:01 9213                       /usr/lib/x86_64-linux-gnu/libstdc++.so.6.0.28
7f98051c5000-7f980520e000 r--p 00187000 07:01 9213                       /usr/lib/x86_64-linux-gnu/libstdc++.so.6.0.28
7f980520e000-7f980520f000 ---p 001d0000 07:01 9213                       /usr/lib/x86_64-linux-gnu/libstdc++.so.6.0.28
7f980520f000-7f980521a000 r--p 001d0000 07:01 9213                       /usr/lib/x86_64-linux-gnu/libstdc++.so.6.0.28
7f980521a000-7f980521d000 rw-p 001db000 07:01 9213                       /usr/lib/x86_64-linux-gnu/libstdc++.so.6.0.28
7f980521d000-7f9805220000 rw-p 00000000 00:00 0 
7f9805220000-7f98054a6000 r--p 00000000 07:01 5226                       /usr/lib/jvm/java-13-openjdk-amd64/lib/server/libjvm.so
7f98054a6000-7f9806223000 r-xp 00286000 07:01 5226                       /usr/lib/jvm/java-13-openjdk-amd64/lib/server/libjvm.so
7f9806223000-7f980649e000 r--p 01003000 07:01 5226                       /usr/lib/jvm/java-13-openjdk-amd64/lib/server/libjvm.so
7f980649e000-7f9806563000 r--p 0127d000 07:01 5226                       /usr/lib/jvm/java-13-openjdk-amd64/lib/server/libjvm.so
7f9806563000-7f980659e000 rw-p 01342000 07:01 5226                       /usr/lib/jvm/java-13-openjdk-amd64/lib/server/libjvm.so
7f980659e000-7f9806624000 rw-p 00000000 00:00 0 
7f9806624000-7f980662a000 r--p 00000000 07:01 9166                       /usr/lib/x86_64-linux-gnu/libpthread-2.31.so
7f980662a000-7f980663b000 r-xp 00006000 07:01 9166                       /usr/lib/x86_64-linux-gnu/libpthread-2.31.so
7f980663b000-7f9806641000 r--p 00017000 07:01 9166                       /usr/lib/x86_64-linux-gnu/libpthread-2.31.so
7f9806641000-7f9806642000 r--p 0001c000 07:01 9166                       /usr/lib/x86_64-linux-gnu/libpthread-2.31.so
7f9806642000-7f9806643000 rw-p 0001d000 07:01 9166                       /usr/lib/x86_64-linux-gnu/libpthread-2.31.so
7f9806643000-7f9806647000 rw-p 00000000 00:00 0 
7f9806647000-7f9806648000 r--p 00000000 07:01 8893                       /usr/lib/x86_64-linux-gnu/libdl-2.31.so
7f9806648000-7f980664a000 r-xp 00001000 07:01 8893                       /usr/lib/x86_64-linux-gnu/libdl-2.31.so
7f980664a000-7f980664b000 r--p 00003000 07:01 8893                       /usr/lib/x86_64-linux-gnu/libdl-2.31.so
7f980664b000-7f980664c000 r--p 00003000 07:01 8893                       /usr/lib/x86_64-linux-gnu/libdl-2.31.so
7f980664c000-7f980664d000 rw-p 00004000 07:01 8893                       /usr/lib/x86_64-linux-gnu/libdl-2.31.so
7f980664d000-7f980664f000 r--p 00000000 07:01 9290                       /usr/lib/x86_64-linux-gnu/libz.so.1.2.11
7f980664f000-7f9806660000 r-xp 00002000 07:01 9290                       /usr/lib/x86_64-linux-gnu/libz.so.1.2.11
7f9806660000-7f9806666000 r--p 00013000 07:01 9290                       /usr/lib/x86_64-linux-gnu/libz.so.1.2.11
7f9806666000-7f9806667000 ---p 00019000 07:01 9290                       /usr/lib/x86_64-linux-gnu/libz.so.1.2.11
7f9806667000-7f9806668000 r--p 00019000 07:01 9290                       /usr/lib/x86_64-linux-gnu/libz.so.1.2.11
7f9806668000-7f9806669000 rw-p 0001a000 07:01 9290                       /usr/lib/x86_64-linux-gnu/libz.so.1.2.11
7f9806669000-7f980668b000 r--p 00000000 07:01 8851                       /usr/lib/x86_64-linux-gnu/libc-2.31.so
7f980668b000-7f9806803000 r-xp 00022000 07:01 8851                       /usr/lib/x86_64-linux-gnu/libc-2.31.so
7f9806803000-7f9806851000 r--p 0019a000 07:01 8851                       /usr/lib/x86_64-linux-gnu/libc-2.31.so
7f9806851000-7f9806855000 r--p 001e7000 07:01 8851                       /usr/lib/x86_64-linux-gnu/libc-2.31.so
7f9806855000-7f9806857000 rw-p 001eb000 07:01 8851                       /usr/lib/x86_64-linux-gnu/libc-2.31.so
7f9806857000-7f980685b000 rw-p 00000000 00:00 0 
7f980685d000-7f980685f000 r--s 0000c000 07:01 20930                      /usr/share/java/java-atk-wrapper.jar
7f980685f000-7f9806860000 ---p 00000000 00:00 0 
7f9806860000-7f9806861000 r--p 00000000 00:00 0 
7f9806861000-7f9806864000 r--p 00000000 07:01 5196                       /usr/lib/jvm/java-13-openjdk-amd64/lib/libjli.so
7f9806864000-7f980686e000 r-xp 00003000 07:01 5196                       /usr/lib/jvm/java-13-openjdk-amd64/lib/libjli.so
7f980686e000-7f9806871000 r--p 0000d000 07:01 5196                       /usr/lib/jvm/java-13-openjdk-amd64/lib/libjli.so
7f9806871000-7f9806872000 r--p 0000f000 07:01 5196                       /usr/lib/jvm/java-13-openjdk-amd64/lib/libjli.so
7f9806872000-7f9806873000 rw-p 00010000 07:01 5196                       /usr/lib/jvm/java-13-openjdk-amd64/lib/libjli.so
7f9806873000-7f9806875000 rw-p 00000000 00:00 0 
7f9806875000-7f9806876000 r--p 00000000 07:01 8572                       /usr/lib/x86_64-linux-gnu/ld-2.31.so
7f9806876000-7f9806899000 r-xp 00001000 07:01 8572                       /usr/lib/x86_64-linux-gnu/ld-2.31.so
7f9806899000-7f98068a1000 r--p 00024000 07:01 8572                       /usr/lib/x86_64-linux-gnu/ld-2.31.so
7f98068a1000-7f98068a2000 ---p 00000000 00:00 0 
7f98068a2000-7f98068a3000 r--p 0002c000 07:01 8572                       /usr/lib/x86_64-linux-gnu/ld-2.31.so
7f98068a3000-7f98068a4000 rw-p 0002d000 07:01 8572                       /usr/lib/x86_64-linux-gnu/ld-2.31.so
7f98068a4000-7f98068a5000 rw-p 00000000 00:00 0 
7ffd5ab9d000-7ffd5abbe000 rw-p 00000000 00:00 0                          [stack]
7ffd5abea000-7ffd5abec000 r-xp 00000000 00:00 0                          [vdso]
ffffffffff600000-ffffffffff601000 r-xp 00000000 00:00 0                  [vsyscall]


VM Arguments:
jvm_args: --add-modules=ALL-DEFAULT 
java_command: jdk.compiler/com.sun.tools.javac.launcher.Main /mnt/beegfs/rcabanas/dev/credici/papers/journalEM/code/RunSingleEM.java --maxiter 300 -w -b --seed 166 --output /mnt/beegfs/rcabanas/dev/credici/papers/journalEM/output/triangolo_biassoft/1000 -d /mnt/beegfs/rcabanas/dev/credici/papers/journalEM/data/triangolo_data_d1000.csv /mnt/beegfs/rcabanas/dev/credici/papers/journalEM/models/triangolo_biassoft.uai
java_class_path (initial): /mnt/beegfs/rcabanas/dev/credici/target/credici-0.1.3-jar-with-dependencies.jar
Launcher Type: SUN_STANDARD

[Global flags]
     intx CICompilerCount                          = 2                                         {product} {ergonomic}
   size_t InitialHeapSize                          = 2147483648                                {product} {ergonomic}
   size_t MaxHeapSize                              = 32210157568                               {product} {ergonomic}
   size_t MaxNewSize                               = 10736697344                               {product} {ergonomic}
   size_t MinHeapDeltaBytes                        = 196608                                    {product} {ergonomic}
   size_t MinHeapSize                              = 8388608                                   {product} {ergonomic}
   size_t NewSize                                  = 715784192                                 {product} {ergonomic}
    uintx NonNMethodCodeHeapSize                   = 5826188                                {pd product} {ergonomic}
    uintx NonProfiledCodeHeapSize                  = 122916026                              {pd product} {ergonomic}
   size_t OldSize                                  = 1431699456                                {product} {ergonomic}
    uintx ProfiledCodeHeapSize                     = 122916026                              {pd product} {ergonomic}
    uintx ReservedCodeCacheSize                    = 251658240                              {pd product} {ergonomic}
     bool SegmentedCodeCache                       = true                                      {product} {ergonomic}
   size_t SoftMaxHeapSize                          = 32210157568                            {manageable} {ergonomic}
     bool UseCompressedClassPointers               = true                                 {lp64_product} {ergonomic}
     bool UseCompressedOops                        = true                                 {lp64_product} {ergonomic}
     bool UseSerialGC                              = true                                      {product} {ergonomic}

Logging:
Log output configuration:
 #0: stdout all=warning uptime,level,tags
 #1: stderr all=off uptime,level,tags

Environment Variables:
PATH=/usr/local/sbin:/usr/local/bin:/usr/sbin:/usr/bin:/sbin:/bin
LD_LIBRARY_PATH=/.singularity.d/libs

Signal Handlers:
SIGSEGV: [libjvm.so+0xf8fcf0], sa_mask[0]=11111111011111111101111111111110, sa_flags=SA_RESTART|SA_SIGINFO
SIGBUS: [libjvm.so+0xf8fcf0], sa_mask[0]=11111111011111111101111111111110, sa_flags=SA_RESTART|SA_SIGINFO
SIGFPE: [libjvm.so+0xf8fcf0], sa_mask[0]=11111111011111111101111111111110, sa_flags=SA_RESTART|SA_SIGINFO
SIGPIPE: [libjvm.so+0xc3ffa0], sa_mask[0]=11111111011111111101111111111110, sa_flags=SA_RESTART|SA_SIGINFO
SIGXFSZ: [libjvm.so+0xc3ffa0], sa_mask[0]=11111111011111111101111111111110, sa_flags=SA_RESTART|SA_SIGINFO
SIGILL: [libjvm.so+0xf8fcf0], sa_mask[0]=11111111011111111101111111111110, sa_flags=SA_RESTART|SA_SIGINFO
SIGUSR2: [libjvm.so+0xc3fe40], sa_mask[0]=00000000000000000000000000000000, sa_flags=SA_RESTART|SA_SIGINFO
SIGHUP: SIG_DFL, sa_mask[0]=00000000000000000000000000000000, sa_flags=none
SIGINT: SIG_DFL, sa_mask[0]=00000000000000000000000000000000, sa_flags=none
SIGTERM: SIG_DFL, sa_mask[0]=00000000000000000000000000000000, sa_flags=none
SIGQUIT: SIG_DFL, sa_mask[0]=00000000000000000000000000000000, sa_flags=none


---------------  S Y S T E M  ---------------

OS:DISTRIB_ID=Ubuntu
DISTRIB_RELEASE=20.04
DISTRIB_CODENAME=focal
DISTRIB_DESCRIPTION="Ubuntu 20.04.4 LTS"
uname:Linux 3.10.0-1160.15.2.el7.x86_64 #1 SMP Wed Feb 3 15:06:38 UTC 2021 x86_64
OS uptime: 430 days 16:40 hours
libc:glibc 2.31 NPTL 2.31 
rlimit (soft/hard): STACK 8192k/infinity , CORE 0k/infinity , NPROC 4096/1030217 , NOFILE 131072/131072 , AS infinity/infinity , CPU infinity/infinity , DATA infinity/infinity , FSIZE infinity/infinity , MEMLOCK infinity/infinity
load average:0.03 0.08 0.06

/proc/meminfo:
MemTotal:       263895364 kB
MemFree:        247095780 kB
MemAvailable:   249368368 kB
Buffers:          157076 kB
Cached:          7004636 kB
SwapCached:          668 kB
Active:          4786744 kB
Inactive:        3006248 kB
Active(anon):    3305828 kB
Inactive(anon):  1644436 kB
Active(file):    1480916 kB
Inactive(file):  1361812 kB
Unevictable:       12952 kB
Mlocked:           12952 kB
SwapTotal:       4194300 kB
SwapFree:        4159756 kB
Dirty:                36 kB
Writeback:             0 kB
AnonPages:        476152 kB
Mapped:           220980 kB
Shmem:           4301980 kB
Slab:             856436 kB
SReclaimable:     317776 kB
SUnreclaim:       538660 kB
KernelStack:       11392 kB
PageTables:        30556 kB
NFS_Unstable:          0 kB
Bounce:                0 kB
WritebackTmp:          0 kB
CommitLimit:    136141980 kB
Committed_AS:   16746056 kB
VmallocTotal:   34359738367 kB
VmallocUsed:      876604 kB
VmallocChunk:   34222364108 kB
Percpu:            29696 kB
HardwareCorrupted:     0 kB
AnonHugePages:      4096 kB
CmaTotal:              0 kB
CmaFree:               0 kB
HugePages_Total:       0
HugePages_Free:        0
HugePages_Rsvd:        0
HugePages_Surp:        0
Hugepagesize:       2048 kB
DirectMap4k:      601704 kB
DirectMap2M:    25475072 kB
DirectMap1G:    242221056 kB

/sys/kernel/mm/transparent_hugepage/enabled:
[always] madvise never

/sys/kernel/mm/transparent_hugepage/defrag (defrag/compaction efforts parameter):
[always] madvise never


/proc/sys/kernel/threads-max (system-wide limit on the number of threads):
2060435


/proc/sys/vm/max_map_count (maximum number of memory map areas a process may have):
65530


/proc/sys/kernel/pid_max (system-wide limit on number of process identifiers):
65536



Steal ticks since vm start: 0
Steal ticks percentage since vm start:  0.000

CPU:total 64 (initial active 1) (32 cores per cpu, 1 threads per core) family 23 model 49 stepping 0, cmov, cx8, fxsr, mmx, sse, sse2, sse3, ssse3, sse4.1, sse4.2, popcnt, avx, avx2, aes, clmul, mmxext, 3dnowpref, lzcnt, sse4a, tsc, tscinvbit, tscinv, bmi1, bmi2, adx, sha, fma
CPU Model and flags from /proc/cpuinfo:
model name	: AMD EPYC 7542 32-Core Processor
flags		: fpu vme de pse tsc msr pae mce cx8 apic sep mtrr pge mca cmov pat pse36 clflush mmx fxsr sse sse2 ht syscall nx mmxext fxsr_opt pdpe1gb rdtscp lm constant_tsc art rep_good nopl nonstop_tsc extd_apicid aperfmperf eagerfpu pni pclmulqdq monitor ssse3 fma cx16 sse4_1 sse4_2 movbe popcnt aes xsave avx f16c rdrand lahf_lm cmp_legacy svm extapic cr8_legacy abm sse4a misalignsse 3dnowprefetch osvw ibs skinit wdt tce topoext perfctr_core perfctr_nb bpext perfctr_l2 cpb cat_l3 cdp_l3 hw_pstate sme retpoline_amd ssbd ibrs ibpb stibp vmmcall fsgsbase bmi1 avx2 smep bmi2 cqm rdt_a rdseed adx smap clflushopt clwb sha_ni xsaveopt xsavec xgetbv1 cqm_llc cqm_occup_llc cqm_mbm_total cqm_mbm_local clzero irperf xsaveerptr arat npt lbrv svm_lock nrip_save tsc_scale vmcb_clean flushbyasid decodeassists pausefilter pfthreshold avic v_vmsave_vmload vgif umip overflow_recov succor smca
Online cpus:0-63
Offline cpus:
BIOS frequency limitation:2900000
Frequency switch latency (ns):0
Available cpu frequencies:2900000 2400000 1500000 
Current governor:conservative
Core performance/turbo boost:1

Memory: 4k page, physical 263895364k(247097556k free), swap 4194300k(4159756k free)

vm_info: OpenJDK 64-Bit Server VM (13.0.7+5-Ubuntu-0ubuntu120.04) for linux-amd64 JRE (13.0.7+5-Ubuntu-0ubuntu120.04), built on Apr 21 2021 05:36:19 by "unknown" with gcc 9.3.0

END.
