#
# There is insufficient memory for the Java Runtime Environment to continue.
# Native memory allocation (mmap) failed to map 5675143168 bytes for committing reserved memory.
# Possible reasons:
#   The system is out of physical RAM or swap space
# Possible solutions:
#   Reduce memory load on the system
#   Increase physical memory or swap space
#   Check if swap backing store is full
#   Decrease Java heap size (-Xmx/-Xms)
#   Decrease number of Java threads
#   Decrease Java thread stack sizes (-Xss)
#   Set larger code cache with -XX:ReservedCodeCacheSize=
# This output file may be truncated or incomplete.
#
#  Out of Memory Error (os_linux.cpp:2899), pid=34355, tid=34542
#
# JRE version: OpenJDK Runtime Environment (13.0.7+5) (build 13.0.7+5-Ubuntu-0ubuntu120.04)
# Java VM: OpenJDK 64-Bit Server VM (13.0.7+5-Ubuntu-0ubuntu120.04, mixed mode, tiered, serial gc, linux-amd64)
# No core dump will be written. Core dumps have been disabled. To enable core dumping, try "ulimit -c unlimited" before starting Java again
#

---------------  S U M M A R Y ------------

Command Line: -Xmx64g --add-modules=ALL-DEFAULT jdk.compiler/com.sun.tools.javac.launcher.Main /mnt/beegfs/rcabanas/dev/credici/papers/journalEM/code/GenerateModel.java -n 10 -d 1000 -di 0.5 -mr 0.98 -r 1.0 --seed 99 --output /mnt/beegfs/rcabanas/dev/credici/papers/journalEM/models/synthetic/s1/ --debug

Host: AMD EPYC 7542 32-Core Processor, 64 cores, 251G, Ubuntu 20.04.4 LTS
Time: Tue Oct  4 09:00:43 2022 CEST elapsed time: 183.954443 seconds (0d 0h 3m 3s)

---------------  T H R E A D  ---------------

Current thread (0x00007fcdf0097800):  VMThread "VM Thread" [stack: 0x00007fcdf4f2a000,0x00007fcdf502a000] [id=34542]

Stack: [0x00007fcdf4f2a000,0x00007fcdf502a000],  sp=0x00007fcdf5028160,  free space=1016k
Native frames: (J=compiled Java code, A=aot compiled Java code, j=interpreted, Vv=VM code, C=native code)
V  [libjvm.so+0xf8f092]
V  [libjvm.so+0xf8fc91]
V  [libjvm.so+0x66ee5a]
V  [libjvm.so+0xc44a41]
V  [libjvm.so+0xc3b263]
V  [libjvm.so+0xf87f4b]
V  [libjvm.so+0x557506]
V  [libjvm.so+0x557723]
V  [libjvm.so+0xf18b0c]
V  [libjvm.so+0x557e65]
V  [libjvm.so+0x7e2edb]
V  [libjvm.so+0x7e39bd]
V  [libjvm.so+0x7d8b48]
V  [libjvm.so+0xf90940]
V  [libjvm.so+0xf96657]
V  [libjvm.so+0xf96d2b]
V  [libjvm.so+0xf9706a]
V  [libjvm.so+0xf2208f]
V  [libjvm.so+0xc493ff]

VM_Operation (0x00007fcdf5c99ac0): GenCollectForAllocation, mode: safepoint, requested by thread 0x00007fcdf0018000


---------------  P R O C E S S  ---------------

Threads class SMR info:
_java_thread_list=0x00007fbda0000fa0, length=9, elements={
0x00007fcdf0018000, 0x00007fcdf00a3800, 0x00007fcdf00a7000, 0x00007fcdf00cb800,
0x00007fcdf00cd000, 0x00007fcdf00cf000, 0x00007fcdf00d1000, 0x00007fcdf00d3000,
0x00007fcdf0138800
}

Java Threads: ( => current thread )
  0x00007fcdf0018000 JavaThread "main" [_thread_blocked, id=34451, stack(0x00007fcdf5b9c000,0x00007fcdf5c9d000)]
  0x00007fcdf00a3800 JavaThread "Reference Handler" daemon [_thread_blocked, id=34554, stack(0x00007fcdf4e27000,0x00007fcdf4f28000)]
  0x00007fcdf00a7000 JavaThread "Finalizer" daemon [_thread_blocked, id=34556, stack(0x00007fcdf4d26000,0x00007fcdf4e27000)]
  0x00007fcdf00cb800 JavaThread "Signal Dispatcher" daemon [_thread_blocked, id=34577, stack(0x00007fcdf4bec000,0x00007fcdf4ced000)]
  0x00007fcdf00cd000 JavaThread "Service Thread" daemon [_thread_blocked, id=34578, stack(0x00007fcdf4aeb000,0x00007fcdf4bec000)]
  0x00007fcdf00cf000 JavaThread "C2 CompilerThread0" daemon [_thread_blocked, id=34580, stack(0x00007fcdf49ea000,0x00007fcdf4aeb000)]
  0x00007fcdf00d1000 JavaThread "C1 CompilerThread0" daemon [_thread_blocked, id=34581, stack(0x00007fcdf48e9000,0x00007fcdf49ea000)]
  0x00007fcdf00d3000 JavaThread "Sweeper thread" daemon [_thread_blocked, id=34597, stack(0x00007fcdf47e8000,0x00007fcdf48e9000)]
  0x00007fcdf0138800 JavaThread "Common-Cleaner" daemon [_thread_blocked, id=34699, stack(0x00007fcdf46e7000,0x00007fcdf47e8000)]

Other Threads:
=>0x00007fcdf0097800 VMThread "VM Thread" [stack: 0x00007fcdf4f2a000,0x00007fcdf502a000] [id=34542]
  0x00007fcdf0181800 WatcherThread [stack: 0x00007fcdf45e7000,0x00007fcdf46e7000] [id=34721]

Threads with active compile tasks:

VM state:at safepoint (normal execution)

VM Mutex/Monitor currently owned by a thread:  ([mutex/lock_event])
[0x00007fcdf0014100] Threads_lock - owner thread: 0x00007fcdf0097800
[0x00007fcdf0014d00] Heap_lock - owner thread: 0x00007fcdf0018000

Heap:
 def new generation   total 3917952K, used 0K [0x00007fbdd8600000, 0x00007fbee2140000, 0x00007fc32db50000)
  eden space 3482624K,   0% used [0x00007fbdd8600000, 0x00007fbdd8600000, 0x00007fbeacf00000)
  from space 435328K,   0% used [0x00007fbeacf00000, 0x00007fbeacf00000, 0x00007fbec7820000)
  to   space 435328K,   0% used [0x00007fbec7820000, 0x00007fbec7820000, 0x00007fbee2140000)
 tenured generation   total 8811096K, used 8611935K [0x00007fc32db50000, 0x00007fc5477e6000, 0x00007fcdd8600000)
   the space 8811096K,  97% used [0x00007fc32db50000, 0x00007fc53b567f60, 0x00007fc53b568000, 0x00007fc5477e6000)
 Metaspace       used 30435K, capacity 30896K, committed 31232K, reserved 32768K

Card table byte_map: [0x00007fbdd05ff000,0x00007fbdd8600000] _byte_map_base: 0x00007f7df173c000

Polling page: 0x00007fcdf7628000

Metaspace:

Usage:
   30.17 MB capacity,    29.72 MB ( 99%) used,   348.19 KB (  1%) free+waste,   112.06 KB ( <1%) overhead. 

Virtual space:
     32.00 MB reserved,      30.50 MB ( 95%) committed 

Chunk freelists:
172.00 KB

MaxMetaspaceSize: unlimited


CodeHeap 'non-profiled nmethods': size=120036Kb used=1888Kb max_used=2310Kb free=118147Kb
 bounds [0x00007fcde0251000, 0x00007fcde04c1000, 0x00007fcde778a000]
CodeHeap 'profiled nmethods': size=120032Kb used=6873Kb max_used=9498Kb free=113158Kb
 bounds [0x00007fcdd8d19000, 0x00007fcdd9669000, 0x00007fcde0251000]
CodeHeap 'non-nmethods': size=5692Kb used=1252Kb max_used=1306Kb free=4439Kb
 bounds [0x00007fcdd878a000, 0x00007fcdd89fa000, 0x00007fcdd8d19000]
 total_blobs=4101 nmethods=3564 adapters=451
 compilation: enabled
              stopped_count=0, restarted_count=0
 full_count=0

Compilation events (20 events):
Event: 95.313 Thread 0x00007fcdf00d1000 4644       3       java.math.MutableBigInteger::divideKnuth (272 bytes)
Event: 95.314 Thread 0x00007fcdf00d1000 nmethod 4644 0x00007fcdd92e3790 code [0x00007fcdd92e3ac0, 0x00007fcdd92e4db0]
Event: 95.316 Thread 0x00007fcdf00cf000 4645       4       java.math.BigInteger::divideKnuth (56 bytes)
Event: 95.319 Thread 0x00007fcdf00d1000 4648       3       java.math.MutableBigInteger::copyAndShift (73 bytes)
Event: 95.325 Thread 0x00007fcdf00d1000 nmethod 4648 0x00007fcdd8d1a210 code [0x00007fcdd8d1a3c0, 0x00007fcdd8d1a630]
Event: 95.325 Thread 0x00007fcdf00d1000 4651       3       java.math.MutableBigInteger::divideMagnitude (1307 bytes)
Event: 95.327 Thread 0x00007fcdf00d1000 nmethod 4651 0x00007fcdd8e3f690 code [0x00007fcdd8e3fa60, 0x00007fcdd8e41b90]
Event: 95.327 Thread 0x00007fcdf00d1000 4650       3       java.math.MutableBigInteger::mulsubBorrow (103 bytes)
Event: 95.333 Thread 0x00007fcdf00d1000 nmethod 4650 0x00007fcdd8e43090 code [0x00007fcdd8e43240, 0x00007fcdd8e43510]
Event: 95.333 Thread 0x00007fcdf00d1000 4649       3       java.math.MutableBigInteger::unsignedLongCompare (20 bytes)
Event: 95.333 Thread 0x00007fcdf00d1000 nmethod 4649 0x00007fcdd8d1c690 code [0x00007fcdd8d1c820, 0x00007fcdd8d1c990]
Event: 95.333 Thread 0x00007fcdf00cf000 nmethod 4645 0x00007fcde037a510 code [0x00007fcde037a6e0, 0x00007fcde037b078]
Event: 95.334 Thread 0x00007fcdf00cf000 4647       4       java.math.MutableBigInteger::binaryGCD (245 bytes)
Event: 95.422 Thread 0x00007fcdf00cf000 nmethod 4647 0x00007fcde0382c10 code [0x00007fcde0382e20, 0x00007fcde0384978]
Event: 95.422 Thread 0x00007fcdf00cf000 4653       4       java.math.MutableBigInteger::leftShift (293 bytes)
Event: 95.431 Thread 0x00007fcdf00cf000 nmethod 4653 0x00007fcde028c110 code [0x00007fcde028c2a0, 0x00007fcde028c7b8]
Event: 95.431 Thread 0x00007fcdf00cf000 4646       4       java.math.MutableBigInteger::divideKnuth (272 bytes)
Event: 95.440 Thread 0x00007fcdf00cf000 nmethod 4646 0x00007fcde0284990 code [0x00007fcde0284b40, 0x00007fcde0284f38]
Event: 95.440 Thread 0x00007fcdf00cf000 4652       4       java.math.MutableBigInteger::difference (176 bytes)
Event: 95.450 Thread 0x00007fcdf00cf000 nmethod 4652 0x00007fcde0278290 code [0x00007fcde0278420, 0x00007fcde0278898]

GC Heap History (20 events):
Event: 152.829 GC heap after
{Heap after GC invocations=66 (full 7):
 def new generation   total 3917952K, used 255256K [0x00007fbdd8600000, 0x00007fbee2140000, 0x00007fc32db50000)
  eden space 3482624K,   0% used [0x00007fbdd8600000, 0x00007fbdd8600000, 0x00007fbeacf00000)
  from space 435328K,  58% used [0x00007fbec7820000, 0x00007fbed71660b0, 0x00007fbee2140000)
  to   space 435328K,   0% used [0x00007fbeacf00000, 0x00007fbeacf00000, 0x00007fbec7820000)
 tenured generation   total 8706456K, used 6398176K [0x00007fc32db50000, 0x00007fc5411b6000, 0x00007fcdd8600000)
   the space 8706456K,  73% used [0x00007fc32db50000, 0x00007fc4b4388168, 0x00007fc4b4388200, 0x00007fc5411b6000)
 Metaspace       used 30435K, capacity 30896K, committed 31232K, reserved 32768K
}
Event: 153.817 GC heap before
{Heap before GC invocations=66 (full 7):
 def new generation   total 3917952K, used 3737880K [0x00007fbdd8600000, 0x00007fbee2140000, 0x00007fc32db50000)
  eden space 3482624K, 100% used [0x00007fbdd8600000, 0x00007fbeacf00000, 0x00007fbeacf00000)
  from space 435328K,  58% used [0x00007fbec7820000, 0x00007fbed71660b0, 0x00007fbee2140000)
  to   space 435328K,   0% used [0x00007fbeacf00000, 0x00007fbeacf00000, 0x00007fbec7820000)
 tenured generation   total 8706456K, used 6398176K [0x00007fc32db50000, 0x00007fc5411b6000, 0x00007fcdd8600000)
   the space 8706456K,  73% used [0x00007fc32db50000, 0x00007fc4b4388168, 0x00007fc4b4388200, 0x00007fc5411b6000)
 Metaspace       used 30435K, capacity 30896K, committed 31232K, reserved 32768K
}
Event: 154.702 GC heap after
{Heap after GC invocations=67 (full 7):
 def new generation   total 3917952K, used 282036K [0x00007fbdd8600000, 0x00007fbee2140000, 0x00007fc32db50000)
  eden space 3482624K,   0% used [0x00007fbdd8600000, 0x00007fbdd8600000, 0x00007fbeacf00000)
  from space 435328K,  64% used [0x00007fbeacf00000, 0x00007fbebe26d128, 0x00007fbec7820000)
  to   space 435328K,   0% used [0x00007fbec7820000, 0x00007fbec7820000, 0x00007fbee2140000)
 tenured generation   total 8706456K, used 6653431K [0x00007fc32db50000, 0x00007fc5411b6000, 0x00007fcdd8600000)
   the space 8706456K,  76% used [0x00007fc32db50000, 0x00007fc4c3ccdf18, 0x00007fc4c3cce000, 0x00007fc5411b6000)
 Metaspace       used 30435K, capacity 30896K, committed 31232K, reserved 32768K
}
Event: 155.678 GC heap before
{Heap before GC invocations=67 (full 7):
 def new generation   total 3917952K, used 3764660K [0x00007fbdd8600000, 0x00007fbee2140000, 0x00007fc32db50000)
  eden space 3482624K, 100% used [0x00007fbdd8600000, 0x00007fbeacf00000, 0x00007fbeacf00000)
  from space 435328K,  64% used [0x00007fbeacf00000, 0x00007fbebe26d128, 0x00007fbec7820000)
  to   space 435328K,   0% used [0x00007fbec7820000, 0x00007fbec7820000, 0x00007fbee2140000)
 tenured generation   total 8706456K, used 6653431K [0x00007fc32db50000, 0x00007fc5411b6000, 0x00007fcdd8600000)
   the space 8706456K,  76% used [0x00007fc32db50000, 0x00007fc4c3ccdf18, 0x00007fc4c3cce000, 0x00007fc5411b6000)
 Metaspace       used 30435K, capacity 30896K, committed 31232K, reserved 32768K
}
Event: 156.551 GC heap after
{Heap after GC invocations=68 (full 7):
 def new generation   total 3917952K, used 278243K [0x00007fbdd8600000, 0x00007fbee2140000, 0x00007fc32db50000)
  eden space 3482624K,   0% used [0x00007fbdd8600000, 0x00007fbdd8600000, 0x00007fbeacf00000)
  from space 435328K,  63% used [0x00007fbec7820000, 0x00007fbed87d8cb8, 0x00007fbee2140000)
  to   space 435328K,   0% used [0x00007fbeacf00000, 0x00007fbeacf00000, 0x00007fbec7820000)
 tenured generation   total 8706456K, used 6935466K [0x00007fc32db50000, 0x00007fc5411b6000, 0x00007fcdd8600000)
   the space 8706456K,  79% used [0x00007fc32db50000, 0x00007fc4d503ab40, 0x00007fc4d503ac00, 0x00007fc5411b6000)
 Metaspace       used 30435K, capacity 30896K, committed 31232K, reserved 32768K
}
Event: 157.444 GC heap before
{Heap before GC invocations=68 (full 7):
 def new generation   total 3917952K, used 3760867K [0x00007fbdd8600000, 0x00007fbee2140000, 0x00007fc32db50000)
  eden space 3482624K, 100% used [0x00007fbdd8600000, 0x00007fbeacf00000, 0x00007fbeacf00000)
  from space 435328K,  63% used [0x00007fbec7820000, 0x00007fbed87d8cb8, 0x00007fbee2140000)
  to   space 435328K,   0% used [0x00007fbeacf00000, 0x00007fbeacf00000, 0x00007fbec7820000)
 tenured generation   total 8706456K, used 6935466K [0x00007fc32db50000, 0x00007fc5411b6000, 0x00007fcdd8600000)
   the space 8706456K,  79% used [0x00007fc32db50000, 0x00007fc4d503ab40, 0x00007fc4d503ac00, 0x00007fc5411b6000)
 Metaspace       used 30435K, capacity 30896K, committed 31232K, reserved 32768K
}
Event: 158.346 GC heap after
{Heap after GC invocations=69 (full 7):
 def new generation   total 3917952K, used 257279K [0x00007fbdd8600000, 0x00007fbee2140000, 0x00007fc32db50000)
  eden space 3482624K,   0% used [0x00007fbdd8600000, 0x00007fbdd8600000, 0x00007fbeacf00000)
  from space 435328K,  59% used [0x00007fbeacf00000, 0x00007fbebca3feb0, 0x00007fbec7820000)
  to   space 435328K,   0% used [0x00007fbec7820000, 0x00007fbec7820000, 0x00007fbee2140000)
 tenured generation   total 8706456K, used 7213709K [0x00007fc32db50000, 0x00007fc5411b6000, 0x00007fcdd8600000)
   the space 8706456K,  82% used [0x00007fc32db50000, 0x00007fc4e5ff3658, 0x00007fc4e5ff3800, 0x00007fc5411b6000)
 Metaspace       used 30435K, capacity 30896K, committed 31232K, reserved 32768K
}
Event: 159.255 GC heap before
{Heap before GC invocations=69 (full 7):
 def new generation   total 3917952K, used 3739903K [0x00007fbdd8600000, 0x00007fbee2140000, 0x00007fc32db50000)
  eden space 3482624K, 100% used [0x00007fbdd8600000, 0x00007fbeacf00000, 0x00007fbeacf00000)
  from space 435328K,  59% used [0x00007fbeacf00000, 0x00007fbebca3feb0, 0x00007fbec7820000)
  to   space 435328K,   0% used [0x00007fbec7820000, 0x00007fbec7820000, 0x00007fbee2140000)
 tenured generation   total 8706456K, used 7213709K [0x00007fc32db50000, 0x00007fc5411b6000, 0x00007fcdd8600000)
   the space 8706456K,  82% used [0x00007fc32db50000, 0x00007fc4e5ff3658, 0x00007fc4e5ff3800, 0x00007fc5411b6000)
 Metaspace       used 30435K, capacity 30896K, committed 31232K, reserved 32768K
}
Event: 160.128 GC heap after
{Heap after GC invocations=70 (full 7):
 def new generation   total 3917952K, used 268463K [0x00007fbdd8600000, 0x00007fbee2140000, 0x00007fc32db50000)
  eden space 3482624K,   0% used [0x00007fbdd8600000, 0x00007fbdd8600000, 0x00007fbeacf00000)
  from space 435328K,  61% used [0x00007fbec7820000, 0x00007fbed7e4bea0, 0x00007fbee2140000)
  to   space 435328K,   0% used [0x00007fbeacf00000, 0x00007fbeacf00000, 0x00007fbec7820000)
 tenured generation   total 8706456K, used 7470988K [0x00007fc32db50000, 0x00007fc5411b6000, 0x00007fcdd8600000)
   the space 8706456K,  85% used [0x00007fc32db50000, 0x00007fc4f5b33088, 0x00007fc4f5b33200, 0x00007fc5411b6000)
 Metaspace       used 30435K, capacity 30896K, committed 31232K, reserved 32768K
}
Event: 161.063 GC heap before
{Heap before GC invocations=70 (full 7):
 def new generation   total 3917952K, used 3751087K [0x00007fbdd8600000, 0x00007fbee2140000, 0x00007fc32db50000)
  eden space 3482624K, 100% used [0x00007fbdd8600000, 0x00007fbeacf00000, 0x00007fbeacf00000)
  from space 435328K,  61% used [0x00007fbec7820000, 0x00007fbed7e4bea0, 0x00007fbee2140000)
  to   space 435328K,   0% used [0x00007fbeacf00000, 0x00007fbeacf00000, 0x00007fbec7820000)
 tenured generation   total 8706456K, used 7470988K [0x00007fc32db50000, 0x00007fc5411b6000, 0x00007fcdd8600000)
   the space 8706456K,  85% used [0x00007fc32db50000, 0x00007fc4f5b33088, 0x00007fc4f5b33200, 0x00007fc5411b6000)
 Metaspace       used 30435K, capacity 30896K, committed 31232K, reserved 32768K
}
Event: 161.918 GC heap after
{Heap after GC invocations=71 (full 7):
 def new generation   total 3917952K, used 279915K [0x00007fbdd8600000, 0x00007fbee2140000, 0x00007fc32db50000)
  eden space 3482624K,   0% used [0x00007fbdd8600000, 0x00007fbdd8600000, 0x00007fbeacf00000)
  from space 435328K,  64% used [0x00007fbeacf00000, 0x00007fbebe05ad40, 0x00007fbec7820000)
  to   space 435328K,   0% used [0x00007fbec7820000, 0x00007fbec7820000, 0x00007fbee2140000)
 tenured generation   total 8706456K, used 7739451K [0x00007fc32db50000, 0x00007fc5411b6000, 0x00007fcdd8600000)
   the space 8706456K,  88% used [0x00007fc32db50000, 0x00007fc50615ec28, 0x00007fc50615ee00, 0x00007fc5411b6000)
 Metaspace       used 30435K, capacity 30896K, committed 31232K, reserved 32768K
}
Event: 162.848 GC heap before
{Heap before GC invocations=71 (full 7):
 def new generation   total 3917952K, used 3762539K [0x00007fbdd8600000, 0x00007fbee2140000, 0x00007fc32db50000)
  eden space 3482624K, 100% used [0x00007fbdd8600000, 0x00007fbeacf00000, 0x00007fbeacf00000)
  from space 435328K,  64% used [0x00007fbeacf00000, 0x00007fbebe05ad40, 0x00007fbec7820000)
  to   space 435328K,   0% used [0x00007fbec7820000, 0x00007fbec7820000, 0x00007fbee2140000)
 tenured generation   total 8706456K, used 7739451K [0x00007fc32db50000, 0x00007fc5411b6000, 0x00007fcdd8600000)
   the space 8706456K,  88% used [0x00007fc32db50000, 0x00007fc50615ec28, 0x00007fc50615ee00, 0x00007fc5411b6000)
 Metaspace       used 30435K, capacity 30896K, committed 31232K, reserved 32768K
}
Event: 163.713 GC heap after
{Heap after GC invocations=72 (full 7):
 def new generation   total 3917952K, used 256099K [0x00007fbdd8600000, 0x00007fbee2140000, 0x00007fc32db50000)
  eden space 3482624K,   0% used [0x00007fbdd8600000, 0x00007fbdd8600000, 0x00007fbeacf00000)
  from space 435328K,  58% used [0x00007fbec7820000, 0x00007fbed7238ef0, 0x00007fbee2140000)
  to   space 435328K,   0% used [0x00007fbeacf00000, 0x00007fbeacf00000, 0x00007fbec7820000)
 tenured generation   total 8706456K, used 8019366K [0x00007fc32db50000, 0x00007fc5411b6000, 0x00007fcdd8600000)
   the space 8706456K,  92% used [0x00007fc32db50000, 0x00007fc5172b9838, 0x00007fc5172b9a00, 0x00007fc5411b6000)
 Metaspace       used 30435K, capacity 30896K, committed 31232K, reserved 32768K
}
Event: 164.572 GC heap before
{Heap before GC invocations=72 (full 7):
 def new generation   total 3917952K, used 3738723K [0x00007fbdd8600000, 0x00007fbee2140000, 0x00007fc32db50000)
  eden space 3482624K, 100% used [0x00007fbdd8600000, 0x00007fbeacf00000, 0x00007fbeacf00000)
  from space 435328K,  58% used [0x00007fbec7820000, 0x00007fbed7238ef0, 0x00007fbee2140000)
  to   space 435328K,   0% used [0x00007fbeacf00000, 0x00007fbeacf00000, 0x00007fbec7820000)
 tenured generation   total 8706456K, used 8019366K [0x00007fc32db50000, 0x00007fc5411b6000, 0x00007fcdd8600000)
   the space 8706456K,  92% used [0x00007fc32db50000, 0x00007fc5172b9838, 0x00007fc5172b9a00, 0x00007fc5411b6000)
 Metaspace       used 30435K, capacity 30896K, committed 31232K, reserved 32768K
}
Event: 165.426 GC heap after
{Heap after GC invocations=73 (full 7):
 def new generation   total 3917952K, used 255480K [0x00007fbdd8600000, 0x00007fbee2140000, 0x00007fc32db50000)
  eden space 3482624K,   0% used [0x00007fbdd8600000, 0x00007fbdd8600000, 0x00007fbeacf00000)
  from space 435328K,  58% used [0x00007fbeacf00000, 0x00007fbebc87e0a0, 0x00007fbec7820000)
  to   space 435328K,   0% used [0x00007fbec7820000, 0x00007fbec7820000, 0x00007fbee2140000)
 tenured generation   total 8706456K, used 8275465K [0x00007fc32db50000, 0x00007fc5411b6000, 0x00007fcdd8600000)
   the space 8706456K,  95% used [0x00007fc32db50000, 0x00007fc526cd2728, 0x00007fc526cd2800, 0x00007fc5411b6000)
 Metaspace       used 30435K, capacity 30896K, committed 31232K, reserved 32768K
}
Event: 166.402 GC heap before
{Heap before GC invocations=73 (full 7):
 def new generation   total 3917952K, used 3738104K [0x00007fbdd8600000, 0x00007fbee2140000, 0x00007fc32db50000)
  eden space 3482624K, 100% used [0x00007fbdd8600000, 0x00007fbeacf00000, 0x00007fbeacf00000)
  from space 435328K,  58% used [0x00007fbeacf00000, 0x00007fbebc87e0a0, 0x00007fbec7820000)
  to   space 435328K,   0% used [0x00007fbec7820000, 0x00007fbec7820000, 0x00007fbee2140000)
 tenured generation   total 8706456K, used 8275465K [0x00007fc32db50000, 0x00007fc5411b6000, 0x00007fcdd8600000)
   the space 8706456K,  95% used [0x00007fc32db50000, 0x00007fc526cd2728, 0x00007fc526cd2800, 0x00007fc5411b6000)
 Metaspace       used 30435K, capacity 30896K, committed 31232K, reserved 32768K
}
Event: 167.171 GC heap after
{Heap after GC invocations=74 (full 7):
 def new generation   total 3917952K, used 279959K [0x00007fbdd8600000, 0x00007fbee2140000, 0x00007fc32db50000)
  eden space 3482624K,   0% used [0x00007fbdd8600000, 0x00007fbdd8600000, 0x00007fbeacf00000)
  from space 435328K,  64% used [0x00007fbec7820000, 0x00007fbed8985d20, 0x00007fbee2140000)
  to   space 435328K,   0% used [0x00007fbeacf00000, 0x00007fbeacf00000, 0x00007fbec7820000)
 tenured generation   total 8706456K, used 8530945K [0x00007fc32db50000, 0x00007fc5411b6000, 0x00007fcdd8600000)
   the space 8706456K,  97% used [0x00007fc32db50000, 0x00007fc536650698, 0x00007fc536650800, 0x00007fc5411b6000)
 Metaspace       used 30435K, capacity 30896K, committed 31232K, reserved 32768K
}
Event: 168.028 GC heap before
{Heap before GC invocations=74 (full 7):
 def new generation   total 3917952K, used 3762583K [0x00007fbdd8600000, 0x00007fbee2140000, 0x00007fc32db50000)
  eden space 3482624K, 100% used [0x00007fbdd8600000, 0x00007fbeacf00000, 0x00007fbeacf00000)
  from space 435328K,  64% used [0x00007fbec7820000, 0x00007fbed8985d20, 0x00007fbee2140000)
  to   space 435328K,   0% used [0x00007fbeacf00000, 0x00007fbeacf00000, 0x00007fbec7820000)
 tenured generation   total 8706456K, used 8530945K [0x00007fc32db50000, 0x00007fc5411b6000, 0x00007fcdd8600000)
   the space 8706456K,  97% used [0x00007fc32db50000, 0x00007fc536650698, 0x00007fc536650800, 0x00007fc5411b6000)
 Metaspace       used 30435K, capacity 30896K, committed 31232K, reserved 32768K
}
Event: 168.852 GC heap after
{Heap after GC invocations=75 (full 7):
 def new generation   total 3917952K, used 277333K [0x00007fbdd8600000, 0x00007fbee2140000, 0x00007fc32db50000)
  eden space 3482624K,   0% used [0x00007fbdd8600000, 0x00007fbdd8600000, 0x00007fbeacf00000)
  from space 435328K,  63% used [0x00007fbeacf00000, 0x00007fbebddd5538, 0x00007fbec7820000)
  to   space 435328K,   0% used [0x00007fbec7820000, 0x00007fbec7820000, 0x00007fbee2140000)
 tenured generation   total 8811096K, used 8810904K [0x00007fc32db50000, 0x00007fc5477e6000, 0x00007fcdd8600000)
   the space 8811096K,  99% used [0x00007fc32db50000, 0x00007fc5477b60d8, 0x00007fc5477b6200, 0x00007fc5477e6000)
 Metaspace       used 30435K, capacity 30896K, committed 31232K, reserved 32768K
}
Event: 168.852 GC heap before
{Heap before GC invocations=75 (full 7):
 def new generation   total 3917952K, used 277333K [0x00007fbdd8600000, 0x00007fbee2140000, 0x00007fc32db50000)
  eden space 3482624K,   0% used [0x00007fbdd8600000, 0x00007fbdd8600000, 0x00007fbeacf00000)
  from space 435328K,  63% used [0x00007fbeacf00000, 0x00007fbebddd5538, 0x00007fbec7820000)
  to   space 435328K,   0% used [0x00007fbec7820000, 0x00007fbec7820000, 0x00007fbee2140000)
 tenured generation   total 8811096K, used 8810904K [0x00007fc32db50000, 0x00007fc5477e6000, 0x00007fcdd8600000)
   the space 8811096K,  99% used [0x00007fc32db50000, 0x00007fc5477b60d8, 0x00007fc5477b6200, 0x00007fc5477e6000)
 Metaspace       used 30435K, capacity 30896K, committed 31232K, reserved 32768K
}

Deoptimization events (20 events):
Event: 91.941 Thread 0x00007fcdf0018000 Uncommon trap: trap_request=0xffffff45 fr.pc=0x00007fcde0444c18 relative=0x0000000000000358
Event: 91.941 Thread 0x00007fcdf0018000 Uncommon trap: reason=unstable_if action=reinterpret pc=0x00007fcde0444c18 method=ch.javasoft.math.BigFraction.valueOf(Ljava/math/BigInteger;Ljava/math/BigInteger;)Lch/javasoft/math/BigFraction; @ 42 c2
Event: 91.941 Thread 0x00007fcdf0018000 DEOPT PACKING pc=0x00007fcde0444c18 sp=0x00007fcdf5c99c40
Event: 91.941 Thread 0x00007fcdf0018000 DEOPT UNPACKING pc=0x00007fcdd87d2e25 sp=0x00007fcdf5c99c10 mode 2
Event: 95.310 Thread 0x00007fcdf0018000 Uncommon trap: trap_request=0xffffff45 fr.pc=0x00007fcde0490c00 relative=0x00000000000012e0
Event: 95.310 Thread 0x00007fcdf0018000 Uncommon trap: reason=unstable_if action=reinterpret pc=0x00007fcde0490c00 method=java.math.MutableBigInteger.leftShift(I)V @ 37 c2
Event: 95.310 Thread 0x00007fcdf0018000 DEOPT PACKING pc=0x00007fcde0490c00 sp=0x00007fcdf5c99c00
Event: 95.310 Thread 0x00007fcdf0018000 DEOPT UNPACKING pc=0x00007fcdd87d2e25 sp=0x00007fcdf5c99b08 mode 2
Event: 95.310 Thread 0x00007fcdf0018000 Uncommon trap: trap_request=0xffffff45 fr.pc=0x00007fcde044074c relative=0x000000000000068c
Event: 95.310 Thread 0x00007fcdf0018000 Uncommon trap: reason=unstable_if action=reinterpret pc=0x00007fcde044074c method=java.math.MutableBigInteger.divideKnuth(Ljava/math/MutableBigInteger;Ljava/math/MutableBigInteger;Z)Ljava/math/MutableBigInteger; @ 136 c2
Event: 95.310 Thread 0x00007fcdf0018000 DEOPT PACKING pc=0x00007fcde044074c sp=0x00007fcdf5c99c50
Event: 95.310 Thread 0x00007fcdf0018000 DEOPT UNPACKING pc=0x00007fcdd87d2e25 sp=0x00007fcdf5c99b98 mode 2
Event: 95.310 Thread 0x00007fcdf0018000 Uncommon trap: trap_request=0xffffff45 fr.pc=0x00007fcde04926e8 relative=0x0000000000000168
Event: 95.310 Thread 0x00007fcdf0018000 Uncommon trap: reason=unstable_if action=reinterpret pc=0x00007fcde04926e8 method=java.math.MutableBigInteger.leftShift(I)V @ 37 c2
Event: 95.310 Thread 0x00007fcdf0018000 DEOPT PACKING pc=0x00007fcde04926e8 sp=0x00007fcdf5c99b50
Event: 95.310 Thread 0x00007fcdf0018000 DEOPT UNPACKING pc=0x00007fcdd87d2e25 sp=0x00007fcdf5c99af8 mode 2
Event: 95.311 Thread 0x00007fcdf0018000 Uncommon trap: trap_request=0xffffff45 fr.pc=0x00007fcde0441430 relative=0x00000000000002f0
Event: 95.311 Thread 0x00007fcdf0018000 Uncommon trap: reason=unstable_if action=reinterpret pc=0x00007fcde0441430 method=java.math.MutableBigInteger.divideKnuth(Ljava/math/MutableBigInteger;Ljava/math/MutableBigInteger;Z)Ljava/math/MutableBigInteger; @ 136 c2
Event: 95.311 Thread 0x00007fcdf0018000 DEOPT PACKING pc=0x00007fcde0441430 sp=0x00007fcdf5c99bc0
Event: 95.311 Thread 0x00007fcdf0018000 DEOPT UNPACKING pc=0x00007fcdd87d2e25 sp=0x00007fcdf5c99b88 mode 2

Classes unloaded (0 events):
No events

Classes redefined (0 events):
No events

Internal exceptions (20 events):
Event: 4.028 Thread 0x00007fcdf0018000 Exception <a 'java/lang/NoSuchMethodError'{0x00007fbddd93e698}: 'int java.lang.invoke.DirectMethodHandle$Holder.invokeStatic(java.lang.Object, java.lang.Object, java.lang.Object, int)'> (0x00007fbddd93e698) 
thrown [src/hotspot/share/interpreter/linkResolver.cpp, line 766]
Event: 4.152 Thread 0x00007fcdf00a7000 Implicit null exception at 0x00007fcde02a5dcc to 0x00007fcde02a5e80
Event: 4.498 Thread 0x00007fcdf0018000 Exception <a 'java/lang/NoSuchMethodError'{0x00007fbdd8f4dd80}: 'java.lang.Object java.lang.invoke.DirectMethodHandle$Holder.invokeInterface(java.lang.Object, java.lang.Object, java.lang.Object)'> (0x00007fbdd8f4dd80) 
thrown [src/hotspot/share/interpreter/linkResolver.cpp, line 766]
Event: 4.499 Thread 0x00007fcdf0018000 Exception <a 'java/lang/NoSuchMethodError'{0x00007fbdd8f5c460}: 'void java.lang.invoke.DirectMethodHandle$Holder.invokeStatic(java.lang.Object, java.lang.Object, java.lang.Object, java.lang.Object)'> (0x00007fbdd8f5c460) 
thrown [src/hotspot/share/interpreter/linkResolver.cpp, line 766]
Event: 4.768 Thread 0x00007fcdf0018000 Exception <a 'java/lang/NoSuchMethodError'{0x00007fbddac5b830}: 'int java.lang.invoke.DirectMethodHandle$Holder.invokeStatic(java.lang.Object, int, java.lang.Object, int)'> (0x00007fbddac5b830) 
thrown [src/hotspot/share/interpreter/linkResolver.cpp, line 766]
Event: 4.769 Thread 0x00007fcdf0018000 Exception <a 'java/lang/NoSuchMethodError'{0x00007fbddac62870}: 'java.lang.Object java.lang.invoke.DirectMethodHandle$Holder.invokeStatic(java.lang.Object, int, java.lang.Object)'> (0x00007fbddac62870) 
thrown [src/hotspot/share/interpreter/linkResolver.cpp, line 766]
Event: 4.841 Thread 0x00007fcdf0018000 Exception <a 'java/lang/NoSuchMethodError'{0x00007fbddadde8e8}: 'void java.lang.invoke.DirectMethodHandle$Holder.invokeStatic(java.lang.Object, java.lang.Object, int)'> (0x00007fbddadde8e8) 
thrown [src/hotspot/share/interpreter/linkResolver.cpp, line 766]
Event: 4.851 Thread 0x00007fcdf0018000 Exception <a 'java/lang/NoSuchMethodError'{0x00007fbddae5af98}: 'void java.lang.invoke.DirectMethodHandle$Holder.invokeInterface(java.lang.Object, java.lang.Object, int)'> (0x00007fbddae5af98) 
thrown [src/hotspot/share/interpreter/linkResolver.cpp, line 766]
Event: 4.851 Thread 0x00007fcdf0018000 Exception <a 'java/lang/IncompatibleClassChangeError'{0x00007fbddae5ea60}: Found class java.lang.Object, but interface was expected> (0x00007fbddae5ea60) 
thrown [src/hotspot/share/interpreter/linkResolver.cpp, line 833]
Event: 6.601 Thread 0x00007fcdf0018000 Exception <a 'java/lang/IncompatibleClassChangeError'{0x00007fbdec377b30}: Found class java.lang.Object, but interface was expected> (0x00007fbdec377b30) 
thrown [src/hotspot/share/interpreter/linkResolver.cpp, line 833]
Event: 6.805 Thread 0x00007fcdf0018000 Exception <a 'java/lang/NegativeArraySizeException'{0x00007fbdec688880}: -2147483648> (0x00007fbdec688880) 
thrown [src/hotspot/share/oops/klass.cpp, line 674]
Event: 14.153 Thread 0x00007fcdf0018000 Exception <a 'java/lang/ClassNotFoundException'{0x00007fbdf394b7c8}: com/sun/org/apache/xerces/internal/impl/msg/spi/SAXMessagesProvider> (0x00007fbdf394b7c8) 
thrown [src/hotspot/share/classfile/systemDictionary.cpp, line 232]
Event: 14.628 Thread 0x00007fcdf0018000 Exception <a 'java/lang/NoSuchMethodError'{0x00007fbdf4d45038}: 'java.lang.Object java.lang.invoke.DirectMethodHandle$Holder.invokeStaticInit(java.lang.Object, java.lang.Object, java.lang.Object)'> (0x00007fbdf4d45038) 
thrown [src/hotspot/share/interpreter/linkResolver.cpp, line 766]
Event: 14.628 Thread 0x00007fcdf0018000 Exception <a 'java/lang/NoSuchMethodError'{0x00007fbdf4d50360}: 'void java.lang.invoke.DirectMethodHandle$Holder.invokeStatic(java.lang.Object, java.lang.Object, java.lang.Object, java.lang.Object, java.lang.Object, java.lang.Object)'> (0x00007fbdf4d50360) 
thrown [src/hotspot/share/interpreter/linkResolver.cpp, line 766]
Event: 14.635 Thread 0x00007fcdf0018000 Exception <a 'java/lang/NoSuchMethodError'{0x00007fbdf4d880b8}: 'void java.lang.invoke.DirectMethodHandle$Holder.invokeStaticInit(java.lang.Object, java.lang.Object, java.lang.Object)'> (0x00007fbdf4d880b8) 
thrown [src/hotspot/share/interpreter/linkResolver.cpp, line 766]
Event: 14.646 Thread 0x00007fcdf0018000 Exception <a 'java/net/UnknownHostException'{0x00007fbdf4da93e0}> (0x00007fbdf4da93e0) 
thrown [src/hotspot/share/prims/jni.cpp, line 598]
Event: 14.803 Thread 0x00007fcdf0018000 Exception <a 'java/net/UnknownHostException'{0x00007fbdf5ad0128}> (0x00007fbdf5ad0128) 
thrown [src/hotspot/share/prims/jni.cpp, line 598]
Event: 14.883 Thread 0x00007fcdf0018000 Exception <a 'java/net/UnknownHostException'{0x00007fbdf65c2270}> (0x00007fbdf65c2270) 
thrown [src/hotspot/share/prims/jni.cpp, line 598]
Event: 15.543 Thread 0x00007fcdf0018000 Exception <a 'java/net/UnknownHostException'{0x00007fbdfa83aba0}> (0x00007fbdfa83aba0) 
thrown [src/hotspot/share/prims/jni.cpp, line 598]
Event: 22.549 Thread 0x00007fcdf0018000 Implicit null exception at 0x00007fcde045ae39 to 0x00007fcde045aec5

Events (20 events):
Event: 150.893 Executing VM operation: GenCollectForAllocation done
Event: 151.992 Executing VM operation: GenCollectForAllocation
Event: 152.829 Executing VM operation: GenCollectForAllocation done
Event: 153.817 Executing VM operation: GenCollectForAllocation
Event: 154.702 Executing VM operation: GenCollectForAllocation done
Event: 155.678 Executing VM operation: GenCollectForAllocation
Event: 156.551 Executing VM operation: GenCollectForAllocation done
Event: 157.444 Executing VM operation: GenCollectForAllocation
Event: 158.346 Executing VM operation: GenCollectForAllocation done
Event: 159.255 Executing VM operation: GenCollectForAllocation
Event: 160.128 Executing VM operation: GenCollectForAllocation done
Event: 161.063 Executing VM operation: GenCollectForAllocation
Event: 161.918 Executing VM operation: GenCollectForAllocation done
Event: 162.848 Executing VM operation: GenCollectForAllocation
Event: 163.713 Executing VM operation: GenCollectForAllocation done
Event: 164.572 Executing VM operation: GenCollectForAllocation
Event: 165.426 Executing VM operation: GenCollectForAllocation done
Event: 166.402 Executing VM operation: GenCollectForAllocation
Event: 167.171 Executing VM operation: GenCollectForAllocation done
Event: 168.027 Executing VM operation: GenCollectForAllocation


Dynamic libraries:
558771e18000-558771e19000 r--p 00000000 07:2b 4860                       /usr/lib/jvm/java-13-openjdk-amd64/bin/java
558771e19000-558771e1a000 r-xp 00001000 07:2b 4860                       /usr/lib/jvm/java-13-openjdk-amd64/bin/java
558771e1a000-558771e1b000 r--p 00002000 07:2b 4860                       /usr/lib/jvm/java-13-openjdk-amd64/bin/java
558771e1b000-558771e1c000 r--p 00002000 07:2b 4860                       /usr/lib/jvm/java-13-openjdk-amd64/bin/java
558771e1c000-558771e1d000 rw-p 00003000 07:2b 4860                       /usr/lib/jvm/java-13-openjdk-amd64/bin/java
558772b2a000-558772b4b000 rw-p 00000000 00:00 0                          [heap]
7fbd94000000-7fbd9831e000 rw-p 00000000 00:00 0 
7fbd9831e000-7fbd9c000000 ---p 00000000 00:00 0 
7fbd9c000000-7fbd9c021000 rw-p 00000000 00:00 0 
7fbd9c021000-7fbda0000000 ---p 00000000 00:00 0 
7fbda0000000-7fbda0021000 rw-p 00000000 00:00 0 
7fbda0021000-7fbda4000000 ---p 00000000 00:00 0 
7fbda4000000-7fbda4021000 rw-p 00000000 00:00 0 
7fbda4021000-7fbda8000000 ---p 00000000 00:00 0 
7fbda8000000-7fbda8021000 rw-p 00000000 00:00 0 
7fbda8021000-7fbdac000000 ---p 00000000 00:00 0 
7fbdac000000-7fbdae29d000 rw-p 00000000 00:00 0 
7fbdae29d000-7fbdb0000000 ---p 00000000 00:00 0 
7fbdb0000000-7fbdb0b4e000 rw-p 00000000 00:00 0 
7fbdb0b4e000-7fbdb4000000 ---p 00000000 00:00 0 
7fbdb4000000-7fbdb4021000 rw-p 00000000 00:00 0 
7fbdb4021000-7fbdb8000000 ---p 00000000 00:00 0 
7fbdb8000000-7fbdb8021000 rw-p 00000000 00:00 0 
7fbdb8021000-7fbdbc000000 ---p 00000000 00:00 0 
7fbdbc000000-7fbdbc021000 rw-p 00000000 00:00 0 
7fbdbc021000-7fbdc0000000 ---p 00000000 00:00 0 
7fbdc0000000-7fbdc0021000 rw-p 00000000 00:00 0 
7fbdc0021000-7fbdc4000000 ---p 00000000 00:00 0 
7fbdc4000000-7fbdc8000000 rw-p 00000000 00:00 0 
7fbdc9b09000-7fbdc9b89000 rw-p 00000000 00:00 0 
7fbdc9b89000-7fbdc9d09000 ---p 00000000 00:00 0 
7fbdc9d09000-7fbdc9f09000 rw-p 00000000 00:00 0 
7fbdc9f09000-7fbdca109000 rw-p 00000000 00:00 0 
7fbdca109000-7fbdca309000 rw-p 00000000 00:00 0 
7fbdca309000-7fbdca509000 rw-p 00000000 00:00 0 
7fbdca509000-7fbdca709000 rw-p 00000000 00:00 0 
7fbdca709000-7fbdca909000 rw-p 00000000 00:00 0 
7fbdca909000-7fbdcab09000 rw-p 00000000 00:00 0 
7fbdcab09000-7fbdcaea9000 rw-p 00000000 00:00 0 
7fbdcaea9000-7fbdcc178000 rw-p 00000000 00:00 0 
7fbdcc178000-7fbdd05ff000 ---p 00000000 00:00 0 
7fbdd05ff000-7fbdd0e4d000 rw-p 00000000 00:00 0 
7fbdd0e4d000-7fbdd30a9000 ---p 00000000 00:00 0 
7fbdd30a9000-7fbdd4178000 rw-p 00000000 00:00 0 
7fbdd4178000-7fbdd85ff000 ---p 00000000 00:00 0 
7fbdd85ff000-7fbee2140000 rw-p 00000000 00:00 0 
7fbee2140000-7fc32db50000 ---p 00000000 00:00 0 
7fc32db50000-7fc5477e6000 rw-p 00000000 00:00 0 
7fc699c23000-7fcdd8600000 ---p 00000000 00:00 0 
7fcdd878a000-7fcdd89fa000 rwxp 00000000 00:00 0 
7fcdd89fa000-7fcdd8d19000 ---p 00000000 00:00 0 
7fcdd8d19000-7fcdd9669000 rwxp 00000000 00:00 0 
7fcdd9669000-7fcde0251000 ---p 00000000 00:00 0 
7fcde0251000-7fcde04c1000 rwxp 00000000 00:00 0 
7fcde04c1000-7fcde778a000 ---p 00000000 00:00 0 
7fcde778a000-7fcdf0000000 r--s 00000000 07:2b 5215                       /usr/lib/jvm/java-13-openjdk-amd64/lib/modules
7fcdf0000000-7fcdf07f8000 rw-p 00000000 00:00 0 
7fcdf07f8000-7fcdf4000000 ---p 00000000 00:00 0 
7fcdf4051000-7fcdf4055000 ---p 00000000 00:00 0 
7fcdf4055000-7fcdf4152000 rw-p 00000000 00:00 0 
7fcdf4152000-7fcdf4156000 r--p 00000000 07:2b 9178                       /usr/lib/x86_64-linux-gnu/libresolv-2.31.so
7fcdf4156000-7fcdf4166000 r-xp 00004000 07:2b 9178                       /usr/lib/x86_64-linux-gnu/libresolv-2.31.so
7fcdf4166000-7fcdf416a000 r--p 00014000 07:2b 9178                       /usr/lib/x86_64-linux-gnu/libresolv-2.31.so
7fcdf416a000-7fcdf416b000 r--p 00017000 07:2b 9178                       /usr/lib/x86_64-linux-gnu/libresolv-2.31.so
7fcdf416b000-7fcdf416c000 rw-p 00018000 07:2b 9178                       /usr/lib/x86_64-linux-gnu/libresolv-2.31.so
7fcdf416c000-7fcdf416e000 rw-p 00000000 00:00 0 
7fcdf416e000-7fcdf416f000 r--p 00000000 07:2b 9105                       /usr/lib/x86_64-linux-gnu/libnss_dns-2.31.so
7fcdf416f000-7fcdf4173000 r-xp 00001000 07:2b 9105                       /usr/lib/x86_64-linux-gnu/libnss_dns-2.31.so
7fcdf4173000-7fcdf4174000 r--p 00005000 07:2b 9105                       /usr/lib/x86_64-linux-gnu/libnss_dns-2.31.so
7fcdf4174000-7fcdf4175000 r--p 00005000 07:2b 9105                       /usr/lib/x86_64-linux-gnu/libnss_dns-2.31.so
7fcdf4175000-7fcdf4176000 rw-p 00006000 07:2b 9105                       /usr/lib/x86_64-linux-gnu/libnss_dns-2.31.so
7fcdf4176000-7fcdf4178000 r--p 00000000 07:2b 5202                       /usr/lib/jvm/java-13-openjdk-amd64/lib/libmanagement_ext.so
7fcdf4178000-7fcdf417b000 r-xp 00002000 07:2b 5202                       /usr/lib/jvm/java-13-openjdk-amd64/lib/libmanagement_ext.so
7fcdf417b000-7fcdf417c000 r--p 00005000 07:2b 5202                       /usr/lib/jvm/java-13-openjdk-amd64/lib/libmanagement_ext.so
7fcdf417c000-7fcdf417d000 ---p 00006000 07:2b 5202                       /usr/lib/jvm/java-13-openjdk-amd64/lib/libmanagement_ext.so
7fcdf417d000-7fcdf417e000 r--p 00006000 07:2b 5202                       /usr/lib/jvm/java-13-openjdk-amd64/lib/libmanagement_ext.so
7fcdf417e000-7fcdf417f000 rw-p 00007000 07:2b 5202                       /usr/lib/jvm/java-13-openjdk-amd64/lib/libmanagement_ext.so
7fcdf417f000-7fcdf4182000 r--p 00000000 07:2b 5200                       /usr/lib/jvm/java-13-openjdk-amd64/lib/libmanagement.so
7fcdf4182000-7fcdf4183000 r-xp 00003000 07:2b 5200                       /usr/lib/jvm/java-13-openjdk-amd64/lib/libmanagement.so
7fcdf4183000-7fcdf4184000 r--p 00004000 07:2b 5200                       /usr/lib/jvm/java-13-openjdk-amd64/lib/libmanagement.so
7fcdf4184000-7fcdf4185000 r--p 00004000 07:2b 5200                       /usr/lib/jvm/java-13-openjdk-amd64/lib/libmanagement.so
7fcdf4185000-7fcdf4186000 rw-p 00005000 07:2b 5200                       /usr/lib/jvm/java-13-openjdk-amd64/lib/libmanagement.so
7fcdf4186000-7fcdf4386000 rw-p 00000000 00:00 0 
7fcdf4386000-7fcdf4586000 rw-p 00000000 00:00 0 
7fcdf4586000-7fcdf45b7000 rw-p 00000000 00:00 0 
7fcdf45b7000-7fcdf45bb000 r--p 00000000 07:2b 5204                       /usr/lib/jvm/java-13-openjdk-amd64/lib/libnet.so
7fcdf45bb000-7fcdf45c9000 r-xp 00004000 07:2b 5204                       /usr/lib/jvm/java-13-openjdk-amd64/lib/libnet.so
7fcdf45c9000-7fcdf45cd000 r--p 00012000 07:2b 5204                       /usr/lib/jvm/java-13-openjdk-amd64/lib/libnet.so
7fcdf45cd000-7fcdf45ce000 r--p 00015000 07:2b 5204                       /usr/lib/jvm/java-13-openjdk-amd64/lib/libnet.so
7fcdf45ce000-7fcdf45cf000 rw-p 00016000 07:2b 5204                       /usr/lib/jvm/java-13-openjdk-amd64/lib/libnet.so
7fcdf45cf000-7fcdf45d6000 r--p 00000000 07:2b 5205                       /usr/lib/jvm/java-13-openjdk-amd64/lib/libnio.so
7fcdf45d6000-7fcdf45df000 r-xp 00007000 07:2b 5205                       /usr/lib/jvm/java-13-openjdk-amd64/lib/libnio.so
7fcdf45df000-7fcdf45e3000 r--p 00010000 07:2b 5205                       /usr/lib/jvm/java-13-openjdk-amd64/lib/libnio.so
7fcdf45e3000-7fcdf45e4000 r--p 00013000 07:2b 5205                       /usr/lib/jvm/java-13-openjdk-amd64/lib/libnio.so
7fcdf45e4000-7fcdf45e5000 rw-p 00014000 07:2b 5205                       /usr/lib/jvm/java-13-openjdk-amd64/lib/libnio.so
7fcdf45e5000-7fcdf45e6000 ---p 00000000 00:00 0 
7fcdf45e6000-7fcdf46e7000 rw-p 00000000 00:00 0 
7fcdf46e7000-7fcdf46eb000 ---p 00000000 00:00 0 
7fcdf46eb000-7fcdf47e8000 rw-p 00000000 00:00 0 
7fcdf47e8000-7fcdf47ec000 ---p 00000000 00:00 0 
7fcdf47ec000-7fcdf48e9000 rw-p 00000000 00:00 0 
7fcdf48e9000-7fcdf48ed000 ---p 00000000 00:00 0 
7fcdf48ed000-7fcdf49ea000 rw-p 00000000 00:00 0 
7fcdf49ea000-7fcdf49ee000 ---p 00000000 00:00 0 
7fcdf49ee000-7fcdf4aeb000 rw-p 00000000 00:00 0 
7fcdf4aeb000-7fcdf4aef000 ---p 00000000 00:00 0 
7fcdf4aef000-7fcdf4bec000 rw-p 00000000 00:00 0 
7fcdf4bec000-7fcdf4bf0000 ---p 00000000 00:00 0 
7fcdf4bf0000-7fcdf4ced000 rw-p 00000000 00:00 0 
7fcdf4ced000-7fcdf4cf4000 r--s 00000000 07:2b 8532                       /usr/lib/x86_64-linux-gnu/gconv/gconv-modules.cache
7fcdf4cf4000-7fcdf4d26000 r--p 00000000 07:2b 5276                       /usr/lib/locale/C.UTF-8/LC_CTYPE
7fcdf4d26000-7fcdf4d2a000 ---p 00000000 00:00 0 
7fcdf4d2a000-7fcdf4e27000 rw-p 00000000 00:00 0 
7fcdf4e27000-7fcdf4e2b000 ---p 00000000 00:00 0 
7fcdf4e2b000-7fcdf4f28000 rw-p 00000000 00:00 0 
7fcdf4f28000-7fcdf4f29000 ---p 00000000 00:00 0 
7fcdf4f29000-7fcdf5947000 rw-p 00000000 00:00 0 
7fcdf5947000-7fcdf594c000 rw-p 00000000 00:00 0 
7fcdf594c000-7fcdf5a32000 ---p 00000000 00:00 0 
7fcdf5a32000-7fcdf5a45000 rw-p 00000000 00:00 0 
7fcdf5a45000-7fcdf5b1d000 ---p 00000000 00:00 0 
7fcdf5b1d000-7fcdf5b22000 rw-p 00000000 00:00 0 
7fcdf5b22000-7fcdf5b29000 ---p 00000000 00:00 0 
7fcdf5b29000-7fcdf5b2b000 r--p 00000000 07:2b 5214                       /usr/lib/jvm/java-13-openjdk-amd64/lib/libzip.so
7fcdf5b2b000-7fcdf5b2f000 r-xp 00002000 07:2b 5214                       /usr/lib/jvm/java-13-openjdk-amd64/lib/libzip.so
7fcdf5b2f000-7fcdf5b31000 r--p 00006000 07:2b 5214                       /usr/lib/jvm/java-13-openjdk-amd64/lib/libzip.so
7fcdf5b31000-7fcdf5b32000 r--p 00007000 07:2b 5214                       /usr/lib/jvm/java-13-openjdk-amd64/lib/libzip.so
7fcdf5b32000-7fcdf5b33000 rw-p 00008000 07:2b 5214                       /usr/lib/jvm/java-13-openjdk-amd64/lib/libzip.so
7fcdf5b33000-7fcdf5b3b000 rw-s 00000000 08:03 67292359                   /tmp/hsperfdata_rcabanas/34355
7fcdf5b3b000-7fcdf5b3e000 r--p 00000000 07:2b 9108                       /usr/lib/x86_64-linux-gnu/libnss_files-2.31.so
7fcdf5b3e000-7fcdf5b45000 r-xp 00003000 07:2b 9108                       /usr/lib/x86_64-linux-gnu/libnss_files-2.31.so
7fcdf5b45000-7fcdf5b47000 r--p 0000a000 07:2b 9108                       /usr/lib/x86_64-linux-gnu/libnss_files-2.31.so
7fcdf5b47000-7fcdf5b48000 r--p 0000b000 07:2b 9108                       /usr/lib/x86_64-linux-gnu/libnss_files-2.31.so
7fcdf5b48000-7fcdf5b49000 rw-p 0000c000 07:2b 9108                       /usr/lib/x86_64-linux-gnu/libnss_files-2.31.so
7fcdf5b49000-7fcdf5b4f000 rw-p 00000000 00:00 0 
7fcdf5b55000-7fcdf5b57000 r--p 00000000 07:2b 5195                       /usr/lib/jvm/java-13-openjdk-amd64/lib/libjimage.so
7fcdf5b57000-7fcdf5b5a000 r-xp 00002000 07:2b 5195                       /usr/lib/jvm/java-13-openjdk-amd64/lib/libjimage.so
7fcdf5b5a000-7fcdf5b5b000 r--p 00005000 07:2b 5195                       /usr/lib/jvm/java-13-openjdk-amd64/lib/libjimage.so
7fcdf5b5b000-7fcdf5b5c000 ---p 00006000 07:2b 5195                       /usr/lib/jvm/java-13-openjdk-amd64/lib/libjimage.so
7fcdf5b5c000-7fcdf5b5d000 r--p 00006000 07:2b 5195                       /usr/lib/jvm/java-13-openjdk-amd64/lib/libjimage.so
7fcdf5b5d000-7fcdf5b5e000 rw-p 00007000 07:2b 5195                       /usr/lib/jvm/java-13-openjdk-amd64/lib/libjimage.so
7fcdf5b5e000-7fcdf5b6b000 r--p 00000000 07:2b 5191                       /usr/lib/jvm/java-13-openjdk-amd64/lib/libjava.so
7fcdf5b6b000-7fcdf5b80000 r-xp 0000d000 07:2b 5191                       /usr/lib/jvm/java-13-openjdk-amd64/lib/libjava.so
7fcdf5b80000-7fcdf5b86000 r--p 00022000 07:2b 5191                       /usr/lib/jvm/java-13-openjdk-amd64/lib/libjava.so
7fcdf5b86000-7fcdf5b87000 ---p 00028000 07:2b 5191                       /usr/lib/jvm/java-13-openjdk-amd64/lib/libjava.so
7fcdf5b87000-7fcdf5b88000 r--p 00028000 07:2b 5191                       /usr/lib/jvm/java-13-openjdk-amd64/lib/libjava.so
7fcdf5b88000-7fcdf5b8a000 rw-p 00029000 07:2b 5191                       /usr/lib/jvm/java-13-openjdk-amd64/lib/libjava.so
7fcdf5b8a000-7fcdf5b8f000 r--p 00000000 07:2b 5213                       /usr/lib/jvm/java-13-openjdk-amd64/lib/libverify.so
7fcdf5b8f000-7fcdf5b96000 r-xp 00005000 07:2b 5213                       /usr/lib/jvm/java-13-openjdk-amd64/lib/libverify.so
7fcdf5b96000-7fcdf5b98000 r--p 0000c000 07:2b 5213                       /usr/lib/jvm/java-13-openjdk-amd64/lib/libverify.so
7fcdf5b98000-7fcdf5b99000 ---p 0000e000 07:2b 5213                       /usr/lib/jvm/java-13-openjdk-amd64/lib/libverify.so
7fcdf5b99000-7fcdf5b9b000 r--p 0000e000 07:2b 5213                       /usr/lib/jvm/java-13-openjdk-amd64/lib/libverify.so
7fcdf5b9b000-7fcdf5b9c000 rw-p 00010000 07:2b 5213                       /usr/lib/jvm/java-13-openjdk-amd64/lib/libverify.so
7fcdf5b9c000-7fcdf5ba0000 ---p 00000000 00:00 0 
7fcdf5ba0000-7fcdf5c9d000 rw-p 00000000 00:00 0 
7fcdf5c9d000-7fcdf5ca0000 r--p 00000000 07:2b 8948                       /usr/lib/x86_64-linux-gnu/libgcc_s.so.1
7fcdf5ca0000-7fcdf5cb2000 r-xp 00003000 07:2b 8948                       /usr/lib/x86_64-linux-gnu/libgcc_s.so.1
7fcdf5cb2000-7fcdf5cb6000 r--p 00015000 07:2b 8948                       /usr/lib/x86_64-linux-gnu/libgcc_s.so.1
7fcdf5cb6000-7fcdf5cb7000 r--p 00018000 07:2b 8948                       /usr/lib/x86_64-linux-gnu/libgcc_s.so.1
7fcdf5cb7000-7fcdf5cb8000 rw-p 00019000 07:2b 8948                       /usr/lib/x86_64-linux-gnu/libgcc_s.so.1
7fcdf5cb8000-7fcdf5cc5000 r--p 00000000 07:2b 9062                       /usr/lib/x86_64-linux-gnu/libm-2.31.so
7fcdf5cc5000-7fcdf5d6c000 r-xp 0000d000 07:2b 9062                       /usr/lib/x86_64-linux-gnu/libm-2.31.so
7fcdf5d6c000-7fcdf5e05000 r--p 000b4000 07:2b 9062                       /usr/lib/x86_64-linux-gnu/libm-2.31.so
7fcdf5e05000-7fcdf5e06000 r--p 0014c000 07:2b 9062                       /usr/lib/x86_64-linux-gnu/libm-2.31.so
7fcdf5e06000-7fcdf5e07000 rw-p 0014d000 07:2b 9062                       /usr/lib/x86_64-linux-gnu/libm-2.31.so
7fcdf5e07000-7fcdf5e9d000 r--p 00000000 07:2b 9213                       /usr/lib/x86_64-linux-gnu/libstdc++.so.6.0.28
7fcdf5e9d000-7fcdf5f8e000 r-xp 00096000 07:2b 9213                       /usr/lib/x86_64-linux-gnu/libstdc++.so.6.0.28
7fcdf5f8e000-7fcdf5fd7000 r--p 00187000 07:2b 9213                       /usr/lib/x86_64-linux-gnu/libstdc++.so.6.0.28
7fcdf5fd7000-7fcdf5fd8000 ---p 001d0000 07:2b 9213                       /usr/lib/x86_64-linux-gnu/libstdc++.so.6.0.28
7fcdf5fd8000-7fcdf5fe3000 r--p 001d0000 07:2b 9213                       /usr/lib/x86_64-linux-gnu/libstdc++.so.6.0.28
7fcdf5fe3000-7fcdf5fe6000 rw-p 001db000 07:2b 9213                       /usr/lib/x86_64-linux-gnu/libstdc++.so.6.0.28
7fcdf5fe6000-7fcdf5fe9000 rw-p 00000000 00:00 0 
7fcdf5fe9000-7fcdf626f000 r--p 00000000 07:2b 5226                       /usr/lib/jvm/java-13-openjdk-amd64/lib/server/libjvm.so
7fcdf626f000-7fcdf6fec000 r-xp 00286000 07:2b 5226                       /usr/lib/jvm/java-13-openjdk-amd64/lib/server/libjvm.so
7fcdf6fec000-7fcdf7267000 r--p 01003000 07:2b 5226                       /usr/lib/jvm/java-13-openjdk-amd64/lib/server/libjvm.so
7fcdf7267000-7fcdf732c000 r--p 0127d000 07:2b 5226                       /usr/lib/jvm/java-13-openjdk-amd64/lib/server/libjvm.so
7fcdf732c000-7fcdf7367000 rw-p 01342000 07:2b 5226                       /usr/lib/jvm/java-13-openjdk-amd64/lib/server/libjvm.so
7fcdf7367000-7fcdf73ed000 rw-p 00000000 00:00 0 
7fcdf73ed000-7fcdf73f3000 r--p 00000000 07:2b 9166                       /usr/lib/x86_64-linux-gnu/libpthread-2.31.so
7fcdf73f3000-7fcdf7404000 r-xp 00006000 07:2b 9166                       /usr/lib/x86_64-linux-gnu/libpthread-2.31.so
7fcdf7404000-7fcdf740a000 r--p 00017000 07:2b 9166                       /usr/lib/x86_64-linux-gnu/libpthread-2.31.so
7fcdf740a000-7fcdf740b000 r--p 0001c000 07:2b 9166                       /usr/lib/x86_64-linux-gnu/libpthread-2.31.so
7fcdf740b000-7fcdf740c000 rw-p 0001d000 07:2b 9166                       /usr/lib/x86_64-linux-gnu/libpthread-2.31.so
7fcdf740c000-7fcdf7410000 rw-p 00000000 00:00 0 
7fcdf7410000-7fcdf7411000 r--p 00000000 07:2b 8893                       /usr/lib/x86_64-linux-gnu/libdl-2.31.so
7fcdf7411000-7fcdf7413000 r-xp 00001000 07:2b 8893                       /usr/lib/x86_64-linux-gnu/libdl-2.31.so
7fcdf7413000-7fcdf7414000 r--p 00003000 07:2b 8893                       /usr/lib/x86_64-linux-gnu/libdl-2.31.so
7fcdf7414000-7fcdf7415000 r--p 00003000 07:2b 8893                       /usr/lib/x86_64-linux-gnu/libdl-2.31.so
7fcdf7415000-7fcdf7416000 rw-p 00004000 07:2b 8893                       /usr/lib/x86_64-linux-gnu/libdl-2.31.so
7fcdf7416000-7fcdf7418000 r--p 00000000 07:2b 9290                       /usr/lib/x86_64-linux-gnu/libz.so.1.2.11
7fcdf7418000-7fcdf7429000 r-xp 00002000 07:2b 9290                       /usr/lib/x86_64-linux-gnu/libz.so.1.2.11
7fcdf7429000-7fcdf742f000 r--p 00013000 07:2b 9290                       /usr/lib/x86_64-linux-gnu/libz.so.1.2.11
7fcdf742f000-7fcdf7430000 ---p 00019000 07:2b 9290                       /usr/lib/x86_64-linux-gnu/libz.so.1.2.11
7fcdf7430000-7fcdf7431000 r--p 00019000 07:2b 9290                       /usr/lib/x86_64-linux-gnu/libz.so.1.2.11
7fcdf7431000-7fcdf7432000 rw-p 0001a000 07:2b 9290                       /usr/lib/x86_64-linux-gnu/libz.so.1.2.11
7fcdf7432000-7fcdf7454000 r--p 00000000 07:2b 8851                       /usr/lib/x86_64-linux-gnu/libc-2.31.so
7fcdf7454000-7fcdf75cc000 r-xp 00022000 07:2b 8851                       /usr/lib/x86_64-linux-gnu/libc-2.31.so
7fcdf75cc000-7fcdf761a000 r--p 0019a000 07:2b 8851                       /usr/lib/x86_64-linux-gnu/libc-2.31.so
7fcdf761a000-7fcdf761e000 r--p 001e7000 07:2b 8851                       /usr/lib/x86_64-linux-gnu/libc-2.31.so
7fcdf761e000-7fcdf7620000 rw-p 001eb000 07:2b 8851                       /usr/lib/x86_64-linux-gnu/libc-2.31.so
7fcdf7620000-7fcdf7624000 rw-p 00000000 00:00 0 
7fcdf7626000-7fcdf7628000 r--s 0000c000 07:2b 20930                      /usr/share/java/java-atk-wrapper.jar
7fcdf7628000-7fcdf7629000 ---p 00000000 00:00 0 
7fcdf7629000-7fcdf762a000 r--p 00000000 00:00 0 
7fcdf762a000-7fcdf762d000 r--p 00000000 07:2b 5196                       /usr/lib/jvm/java-13-openjdk-amd64/lib/libjli.so
7fcdf762d000-7fcdf7637000 r-xp 00003000 07:2b 5196                       /usr/lib/jvm/java-13-openjdk-amd64/lib/libjli.so
7fcdf7637000-7fcdf763a000 r--p 0000d000 07:2b 5196                       /usr/lib/jvm/java-13-openjdk-amd64/lib/libjli.so
7fcdf763a000-7fcdf763b000 r--p 0000f000 07:2b 5196                       /usr/lib/jvm/java-13-openjdk-amd64/lib/libjli.so
7fcdf763b000-7fcdf763c000 rw-p 00010000 07:2b 5196                       /usr/lib/jvm/java-13-openjdk-amd64/lib/libjli.so
7fcdf763c000-7fcdf763e000 rw-p 00000000 00:00 0 
7fcdf763e000-7fcdf763f000 r--p 00000000 07:2b 8572                       /usr/lib/x86_64-linux-gnu/ld-2.31.so
7fcdf763f000-7fcdf7662000 r-xp 00001000 07:2b 8572                       /usr/lib/x86_64-linux-gnu/ld-2.31.so
7fcdf7662000-7fcdf766a000 r--p 00024000 07:2b 8572                       /usr/lib/x86_64-linux-gnu/ld-2.31.so
7fcdf766a000-7fcdf766b000 ---p 00000000 00:00 0 
7fcdf766b000-7fcdf766c000 r--p 0002c000 07:2b 8572                       /usr/lib/x86_64-linux-gnu/ld-2.31.so
7fcdf766c000-7fcdf766d000 rw-p 0002d000 07:2b 8572                       /usr/lib/x86_64-linux-gnu/ld-2.31.so
7fcdf766d000-7fcdf766e000 rw-p 00000000 00:00 0 
7fff30280000-7fff302a1000 rw-p 00000000 00:00 0                          [stack]
7fff30303000-7fff30305000 r-xp 00000000 00:00 0                          [vdso]
ffffffffff600000-ffffffffff601000 r-xp 00000000 00:00 0                  [vsyscall]


VM Arguments:
jvm_args: -Xmx64g --add-modules=ALL-DEFAULT 
java_command: jdk.compiler/com.sun.tools.javac.launcher.Main /mnt/beegfs/rcabanas/dev/credici/papers/journalEM/code/GenerateModel.java -n 10 -d 1000 -di 0.5 -mr 0.98 -r 1.0 --seed 99 --output /mnt/beegfs/rcabanas/dev/credici/papers/journalEM/models/synthetic/s1/ --debug
java_class_path (initial): /mnt/beegfs/rcabanas/dev/credici/target/credici-0.1.3-jar-with-dependencies.jar
Launcher Type: SUN_STANDARD

[Global flags]
     intx CICompilerCount                          = 2                                         {product} {ergonomic}
   size_t InitialHeapSize                          = 2147483648                                {product} {ergonomic}
   size_t MaxHeapSize                              = 68719476736                               {product} {command line}
   size_t MaxNewSize                               = 22906470400                               {product} {ergonomic}
   size_t MinHeapDeltaBytes                        = 196608                                    {product} {ergonomic}
   size_t MinHeapSize                              = 8388608                                   {product} {ergonomic}
   size_t NewSize                                  = 715784192                                 {product} {ergonomic}
    uintx NonNMethodCodeHeapSize                   = 5826188                                {pd product} {ergonomic}
    uintx NonProfiledCodeHeapSize                  = 122916026                              {pd product} {ergonomic}
   size_t OldSize                                  = 1431699456                                {product} {ergonomic}
    uintx ProfiledCodeHeapSize                     = 122916026                              {pd product} {ergonomic}
    uintx ReservedCodeCacheSize                    = 251658240                              {pd product} {ergonomic}
     bool SegmentedCodeCache                       = true                                      {product} {ergonomic}
   size_t SoftMaxHeapSize                          = 68719476736                            {manageable} {ergonomic}
     bool UseSerialGC                              = true                                      {product} {ergonomic}

Logging:
Log output configuration:
 #0: stdout all=warning uptime,level,tags
 #1: stderr all=off uptime,level,tags

Environment Variables:
PATH=/usr/local/sbin:/usr/local/bin:/usr/sbin:/usr/bin:/sbin:/bin
LD_LIBRARY_PATH=/.singularity.d/libs

Signal Handlers:
SIGSEGV: [libjvm.so+0xf8fcf0], sa_mask[0]=11111111011111111101111111111110, sa_flags=SA_RESTART|SA_SIGINFO
SIGBUS: [libjvm.so+0xf8fcf0], sa_mask[0]=11111111011111111101111111111110, sa_flags=SA_RESTART|SA_SIGINFO
SIGFPE: [libjvm.so+0xf8fcf0], sa_mask[0]=11111111011111111101111111111110, sa_flags=SA_RESTART|SA_SIGINFO
SIGPIPE: [libjvm.so+0xc3ffa0], sa_mask[0]=11111111011111111101111111111110, sa_flags=SA_RESTART|SA_SIGINFO
SIGXFSZ: [libjvm.so+0xc3ffa0], sa_mask[0]=11111111011111111101111111111110, sa_flags=SA_RESTART|SA_SIGINFO
SIGILL: [libjvm.so+0xf8fcf0], sa_mask[0]=11111111011111111101111111111110, sa_flags=SA_RESTART|SA_SIGINFO
SIGUSR2: [libjvm.so+0xc3fe40], sa_mask[0]=00000000000000000000000000000000, sa_flags=SA_RESTART|SA_SIGINFO
SIGHUP: [libjvm.so+0xc40580], sa_mask[0]=11111111011111111101111111111110, sa_flags=SA_RESTART|SA_SIGINFO
SIGINT: [libjvm.so+0xc40580], sa_mask[0]=11111111011111111101111111111110, sa_flags=SA_RESTART|SA_SIGINFO
SIGTERM: [libjvm.so+0xc40580], sa_mask[0]=11111111011111111101111111111110, sa_flags=SA_RESTART|SA_SIGINFO
SIGQUIT: [libjvm.so+0xc40580], sa_mask[0]=11111111011111111101111111111110, sa_flags=SA_RESTART|SA_SIGINFO


---------------  S Y S T E M  ---------------

OS:DISTRIB_ID=Ubuntu
DISTRIB_RELEASE=20.04
DISTRIB_CODENAME=focal
DISTRIB_DESCRIPTION="Ubuntu 20.04.4 LTS"
uname:Linux 3.10.0-1160.15.2.el7.x86_64 #1 SMP Wed Feb 3 15:06:38 UTC 2021 x86_64
OS uptime: 465 days 14:39 hours
libc:glibc 2.31 NPTL 2.31 
rlimit (soft/hard): STACK 8192k/infinity , CORE 0k/infinity , NPROC 4096/1030217 , NOFILE 131072/131072 , AS infinity/infinity , CPU infinity/infinity , DATA infinity/infinity , FSIZE infinity/infinity , MEMLOCK infinity/infinity
load average:31.01 17.69 7.19

/proc/meminfo:
MemTotal:       263895368 kB
MemFree:         3596956 kB
MemAvailable:    3386924 kB
Buffers:          135580 kB
Cached:           371056 kB
SwapCached:        13000 kB
Active:         243104564 kB
Inactive:        7906156 kB
Active(anon):   242911024 kB
Inactive(anon):  7627204 kB
Active(file):     193540 kB
Inactive(file):   278952 kB
Unevictable:       15884 kB
Mlocked:           15884 kB
SwapTotal:       4194300 kB
SwapFree:         823676 kB
Dirty:               296 kB
Writeback:           116 kB
AnonPages:      250585000 kB
Mapped:           103136 kB
Shmem:             27568 kB
Slab:             709600 kB
SReclaimable:     175908 kB
SUnreclaim:       533692 kB
KernelStack:       26960 kB
PageTables:       520484 kB
NFS_Unstable:          0 kB
Bounce:                0 kB
WritebackTmp:          0 kB
CommitLimit:    136141984 kB
Committed_AS:   289251560 kB
VmallocTotal:   34359738367 kB
VmallocUsed:      861360 kB
VmallocChunk:   34222409200 kB
Percpu:            18176 kB
HardwareCorrupted:     0 kB
AnonHugePages:  167569408 kB
CmaTotal:              0 kB
CmaFree:               0 kB
HugePages_Total:       0
HugePages_Free:        0
HugePages_Rsvd:        0
HugePages_Surp:        0
Hugepagesize:       2048 kB
DirectMap4k:      556648 kB
DirectMap2M:    17131520 kB
DirectMap1G:    250609664 kB

/sys/kernel/mm/transparent_hugepage/enabled:
[always] madvise never

/sys/kernel/mm/transparent_hugepage/defrag (defrag/compaction efforts parameter):
[always] madvise never


/proc/sys/kernel/threads-max (system-wide limit on the number of threads):
2060435


/proc/sys/vm/max_map_count (maximum number of memory map areas a process may have):
65530


/proc/sys/kernel/pid_max (system-wide limit on number of process identifiers):
65536



Steal ticks since vm start: 0
Steal ticks percentage since vm start:  0.000

CPU:total 64 (initial active 1) (32 cores per cpu, 1 threads per core) family 23 model 49 stepping 0, cmov, cx8, fxsr, mmx, sse, sse2, sse3, ssse3, sse4.1, sse4.2, popcnt, avx, avx2, aes, clmul, mmxext, 3dnowpref, lzcnt, sse4a, tsc, tscinvbit, tscinv, bmi1, bmi2, adx, sha, fma
CPU Model and flags from /proc/cpuinfo:
model name	: AMD EPYC 7542 32-Core Processor
flags		: fpu vme de pse tsc msr pae mce cx8 apic sep mtrr pge mca cmov pat pse36 clflush mmx fxsr sse sse2 ht syscall nx mmxext fxsr_opt pdpe1gb rdtscp lm constant_tsc art rep_good nopl nonstop_tsc extd_apicid aperfmperf eagerfpu pni pclmulqdq monitor ssse3 fma cx16 sse4_1 sse4_2 movbe popcnt aes xsave avx f16c rdrand lahf_lm cmp_legacy svm extapic cr8_legacy abm sse4a misalignsse 3dnowprefetch osvw ibs skinit wdt tce topoext perfctr_core perfctr_nb bpext perfctr_l2 cpb cat_l3 cdp_l3 hw_pstate sme retpoline_amd ssbd ibrs ibpb stibp vmmcall fsgsbase bmi1 avx2 smep bmi2 cqm rdt_a rdseed adx smap clflushopt clwb sha_ni xsaveopt xsavec xgetbv1 cqm_llc cqm_occup_llc cqm_mbm_total cqm_mbm_local clzero irperf xsaveerptr arat npt lbrv svm_lock nrip_save tsc_scale vmcb_clean flushbyasid decodeassists pausefilter pfthreshold avic v_vmsave_vmload vgif umip overflow_recov succor smca
Online cpus:0-63
Offline cpus:
BIOS frequency limitation:2900000
Frequency switch latency (ns):0
Available cpu frequencies:2900000 2400000 1500000 
Current governor:conservative
Core performance/turbo boost:1

Memory: 4k page, physical 263895368k(3593140k free), swap 4194300k(823676k free)

vm_info: OpenJDK 64-Bit Server VM (13.0.7+5-Ubuntu-0ubuntu120.04) for linux-amd64 JRE (13.0.7+5-Ubuntu-0ubuntu120.04), built on Apr 21 2021 05:36:19 by "unknown" with gcc 9.3.0

END.
