#
# There is insufficient memory for the Java Runtime Environment to continue.
# Native memory allocation (mmap) failed to map 6784475136 bytes for committing reserved memory.
# Possible reasons:
#   The system is out of physical RAM or swap space
# Possible solutions:
#   Reduce memory load on the system
#   Increase physical memory or swap space
#   Check if swap backing store is full
#   Decrease Java heap size (-Xmx/-Xms)
#   Decrease number of Java threads
#   Decrease Java thread stack sizes (-Xss)
#   Set larger code cache with -XX:ReservedCodeCacheSize=
# This output file may be truncated or incomplete.
#
#  Out of Memory Error (os_linux.cpp:2899), pid=1813, tid=2231
#
# JRE version: OpenJDK Runtime Environment (13.0.7+5) (build 13.0.7+5-Ubuntu-0ubuntu120.04)
# Java VM: OpenJDK 64-Bit Server VM (13.0.7+5-Ubuntu-0ubuntu120.04, mixed mode, tiered, serial gc, linux-amd64)
# No core dump will be written. Core dumps have been disabled. To enable core dumping, try "ulimit -c unlimited" before starting Java again
#

---------------  S U M M A R Y ------------

Command Line: -Xmx128g --add-modules=ALL-DEFAULT jdk.compiler/com.sun.tools.javac.launcher.Main /mnt/beegfs/rcabanas/dev/credici/papers/journalEM/code/LearnAndCalculatePNS.java -w -x 100 -m 500 -sc KL -th 0.0 -a EMCC --seed 83 --output /mnt/beegfs/rcabanas/dev/credici/papers/journalEM/output/triangolo --cause 3 --effect 0 /mnt/beegfs/rcabanas/dev/credici/papers/journalEM/models/triangolo/triangolo_causal.uai

Host: AMD EPYC 7542 32-Core Processor, 64 cores, 251G, Ubuntu 20.04.4 LTS
Time: Tue Oct 18 19:32:00 2022 CEST elapsed time: 4943.021332 seconds (0d 1h 22m 23s)

---------------  T H R E A D  ---------------

Current thread (0x00007fe3f0097800):  VMThread "VM Thread" [stack: 0x00007fe3f56f7000,0x00007fe3f57f7000] [id=2231]

Stack: [0x00007fe3f56f7000,0x00007fe3f57f7000],  sp=0x00007fe3f57f5160,  free space=1016k
Native frames: (J=compiled Java code, A=aot compiled Java code, j=interpreted, Vv=VM code, C=native code)
V  [libjvm.so+0xf8f092]
V  [libjvm.so+0xf8fc91]
V  [libjvm.so+0x66ee5a]
V  [libjvm.so+0xc44a41]
V  [libjvm.so+0xc3b263]
V  [libjvm.so+0xf87f4b]
V  [libjvm.so+0x557506]
V  [libjvm.so+0x557723]
V  [libjvm.so+0xf18b0c]
V  [libjvm.so+0x557e65]
V  [libjvm.so+0x7e2edb]
V  [libjvm.so+0x7e39bd]
V  [libjvm.so+0x7d8b48]
V  [libjvm.so+0xf90940]
V  [libjvm.so+0xf96657]
V  [libjvm.so+0xf96d2b]
V  [libjvm.so+0xf9706a]
V  [libjvm.so+0xf2208f]
V  [libjvm.so+0xc493ff]

VM_Operation (0x00007fe3f6467560): GenCollectForAllocation, mode: safepoint, requested by thread 0x00007fe3f0018000


---------------  P R O C E S S  ---------------

Threads class SMR info:
_java_thread_list=0x00007fe3f0136a30, length=9, elements={
0x00007fe3f0018000, 0x00007fe3f00a3800, 0x00007fe3f00a7000, 0x00007fe3f00cb800,
0x00007fe3f00cd000, 0x00007fe3f00cf000, 0x00007fe3f00d1000, 0x00007fe3f00d3000,
0x00007fe3f0135000
}

Java Threads: ( => current thread )
  0x00007fe3f0018000 JavaThread "main" [_thread_blocked, id=1959, stack(0x00007fe3f6369000,0x00007fe3f646a000)]
  0x00007fe3f00a3800 JavaThread "Reference Handler" daemon [_thread_blocked, id=2236, stack(0x00007fe3f55f4000,0x00007fe3f56f5000)]
  0x00007fe3f00a7000 JavaThread "Finalizer" daemon [_thread_blocked, id=2240, stack(0x00007fe3f54f3000,0x00007fe3f55f4000)]
  0x00007fe3f00cb800 JavaThread "Signal Dispatcher" daemon [_thread_blocked, id=2283, stack(0x00007fe3f53b9000,0x00007fe3f54ba000)]
  0x00007fe3f00cd000 JavaThread "Service Thread" daemon [_thread_blocked, id=2285, stack(0x00007fe3f52b8000,0x00007fe3f53b9000)]
  0x00007fe3f00cf000 JavaThread "C2 CompilerThread0" daemon [_thread_blocked, id=2286, stack(0x00007fe3f51b7000,0x00007fe3f52b8000)]
  0x00007fe3f00d1000 JavaThread "C1 CompilerThread0" daemon [_thread_blocked, id=2287, stack(0x00007fe3f50b6000,0x00007fe3f51b7000)]
  0x00007fe3f00d3000 JavaThread "Sweeper thread" daemon [_thread_blocked, id=2291, stack(0x00007fe3f4fb5000,0x00007fe3f50b6000)]
  0x00007fe3f0135000 JavaThread "Common-Cleaner" daemon [_thread_blocked, id=2346, stack(0x00007fe3f4eb4000,0x00007fe3f4fb5000)]

Other Threads:
=>0x00007fe3f0097800 VMThread "VM Thread" [stack: 0x00007fe3f56f7000,0x00007fe3f57f7000] [id=2231]
  0x00007fe3f0182000 WatcherThread [stack: 0x00007fe3f4db4000,0x00007fe3f4eb4000] [id=2395]

Threads with active compile tasks:

VM state:at safepoint (normal execution)

VM Mutex/Monitor currently owned by a thread:  ([mutex/lock_event])
[0x00007fe3f00141e0] Threads_lock - owner thread: 0x00007fe3f0097800
[0x00007fe3f0014de0] Heap_lock - owner thread: 0x00007fe3f0018000

Heap:
 def new generation   total 4579904K, used 0K [0x00007fc3d8600000, 0x00007fc50ef80000, 0x00007fce830a0000)
  eden space 4071040K,   0% used [0x00007fc3d8600000, 0x00007fc3d8600000, 0x00007fc4d0da0000)
  from space 508864K,   0% used [0x00007fc4efe90000, 0x00007fc4efe90000, 0x00007fc50ef80000)
  to   space 508864K,   0% used [0x00007fc4d0da0000, 0x00007fc4d0da0000, 0x00007fc4efe90000)
 tenured generation   total 10193908K, used 10091621K [0x00007fce830a0000, 0x00007fd0f139d000, 0x00007fe3d8600000)
   the space 10193908K,  98% used [0x00007fce830a0000, 0x00007fd0eafb96a8, 0x00007fd0eafb9800, 0x00007fd0f139d000)
 Metaspace       used 24246K, capacity 24702K, committed 24832K, reserved 26624K

Card table byte_map: [0x00007fc3c85ff000,0x00007fc3d8600000] _byte_map_base: 0x00007f83e673c000

Polling page: 0x00007fe3f7df5000

Metaspace:

Usage:
   24.12 MB capacity,    23.68 MB ( 98%) used,   364.66 KB (  1%) free+waste,    90.38 KB ( <1%) overhead. 

Virtual space:
     26.00 MB reserved,      24.25 MB ( 93%) committed 

Chunk freelists:
50.00 KB

MaxMetaspaceSize: unlimited


CodeHeap 'non-profiled nmethods': size=120036Kb used=1964Kb max_used=2019Kb free=118071Kb
 bounds [0x00007fe3e0251000, 0x00007fe3e04c1000, 0x00007fe3e778a000]
CodeHeap 'profiled nmethods': size=120032Kb used=4965Kb max_used=6779Kb free=115066Kb
 bounds [0x00007fe3d8d19000, 0x00007fe3d93b9000, 0x00007fe3e0251000]
CodeHeap 'non-nmethods': size=5692Kb used=1209Kb max_used=1263Kb free=4482Kb
 bounds [0x00007fe3d878a000, 0x00007fe3d89fa000, 0x00007fe3d8d19000]
 total_blobs=3580 nmethods=3099 adapters=396
 compilation: enabled
              stopped_count=0, restarted_count=0
 full_count=0

Compilation events (20 events):
Event: 4290.318 Thread 0x00007fe3f00cf000 3946       4       gnu.trove.impl.hash.TIntIntHash::indexRehashed (75 bytes)
Event: 4290.353 Thread 0x00007fe3f00cf000 nmethod 3946 0x00007fe3e0320990 code [0x00007fe3e0320b20, 0x00007fe3e0320d18]
Event: 4445.320 Thread 0x00007fe3f00cf000 3947       4       com.google.common.collect.ImmutableCollection::toArray (67 bytes)
Event: 4445.415 Thread 0x00007fe3f00cf000 nmethod 3947 0x00007fe3e0359b10 code [0x00007fe3e0359cc0, 0x00007fe3e035a258]
Event: 4445.415 Thread 0x00007fe3f00cf000 3948       4       com.google.common.collect.ImmutableCollection::toArray (8 bytes)
Event: 4445.429 Thread 0x00007fe3f00cf000 nmethod 3948 0x00007fe3e036dc90 code [0x00007fe3e036de40, 0x00007fe3e036e298]
Event: 4471.648 Thread 0x00007fe3f00cf000 3949       4       ch.idsia.credici.model.StructuralCausalModel$$Lambda$283/0x00007fc3bd8e6c58::apply (9 bytes)
Event: 4471.658 Thread 0x00007fe3f00cf000 nmethod 3949 0x00007fe3e036cd90 code [0x00007fe3e036cf60, 0x00007fe3e036d4b0]
Event: 4471.658 Thread 0x00007fe3f00cf000 3950       4       ch.idsia.credici.model.StructuralCausalModel$$Lambda$284/0x00007fc3bd8e64b0::apply (12 bytes)
Event: 4471.672 Thread 0x00007fe3f00cf000 nmethod 3950 0x00007fe3e0347d10 code [0x00007fe3e0347ec0, 0x00007fe3e0348388]
Event: 4480.229 Thread 0x00007fe3f00cf000 3951       4       ch.idsia.credici.learning.FrequentistCausalEM$$Lambda$326/0x00007fc3bd6d6858::test (9 bytes)
Event: 4480.232 Thread 0x00007fe3f00cf000 nmethod 3951 0x00007fe3e028e990 code [0x00007fe3e028eb00, 0x00007fe3e028ebb8]
Event: 4480.234 Thread 0x00007fe3f00cf000 3952       4       ch.idsia.credici.learning.FrequentistCausalEM::hasConverged (101 bytes)
Event: 4480.236 Thread 0x00007fe3f00cf000 nmethod 3952 0x00007fe3e039bf10 code [0x00007fe3e039c0a0, 0x00007fe3e039c188]
Event: 4522.437 Thread 0x00007fe3f00cf000 3953       4       java.util.LinkedHashMap$LinkedKeySet::size (8 bytes)
Event: 4522.438 Thread 0x00007fe3f00cf000 nmethod 3953 0x00007fe3e02f8410 code [0x00007fe3e02f8580, 0x00007fe3e02f85d8]
Event: 4794.595 Thread 0x00007fe3f00d1000 3954       3       java.util.stream.ReferencePipeline$2::opWrapSink (10 bytes)
Event: 4794.597 Thread 0x00007fe3f00cf000 3955       4       java.util.stream.ReferencePipeline$2$1::begin (13 bytes)
Event: 4794.611 Thread 0x00007fe3f00d1000 nmethod 3954 0x00007fe3d8eddf90 code [0x00007fe3d8ede160, 0x00007fe3d8ede660]
Event: 4794.625 Thread 0x00007fe3f00cf000 nmethod 3955 0x00007fe3e03d3790 code [0x00007fe3e03d3900, 0x00007fe3e03d3978]

GC Heap History (20 events):
Event: 4895.389 GC heap after
{Heap after GC invocations=2980 (full 7):
 def new generation   total 4579904K, used 152651K [0x00007fc3d8600000, 0x00007fc50ef80000, 0x00007fce830a0000)
  eden space 4071040K,   0% used [0x00007fc3d8600000, 0x00007fc3d8600000, 0x00007fc4d0da0000)
  from space 508864K,  29% used [0x00007fc4d0da0000, 0x00007fc4da2b2f38, 0x00007fc4efe90000)
  to   space 508864K,   0% used [0x00007fc4efe90000, 0x00007fc4efe90000, 0x00007fc50ef80000)
 tenured generation   total 10177520K, used 10107997K [0x00007fce830a0000, 0x00007fd0f039c000, 0x00007fe3d8600000)
   the space 10177520K,  99% used [0x00007fce830a0000, 0x00007fd0ebfb77c0, 0x00007fd0ebfb7800, 0x00007fd0f039c000)
 Metaspace       used 24246K, capacity 24702K, committed 24832K, reserved 26624K
}
Event: 4900.069 GC heap before
{Heap before GC invocations=2980 (full 7):
 def new generation   total 4579904K, used 4223691K [0x00007fc3d8600000, 0x00007fc50ef80000, 0x00007fce830a0000)
  eden space 4071040K, 100% used [0x00007fc3d8600000, 0x00007fc4d0da0000, 0x00007fc4d0da0000)
  from space 508864K,  29% used [0x00007fc4d0da0000, 0x00007fc4da2b2f38, 0x00007fc4efe90000)
  to   space 508864K,   0% used [0x00007fc4efe90000, 0x00007fc4efe90000, 0x00007fc50ef80000)
 tenured generation   total 10177520K, used 10107997K [0x00007fce830a0000, 0x00007fd0f039c000, 0x00007fe3d8600000)
   the space 10177520K,  99% used [0x00007fce830a0000, 0x00007fd0ebfb77c0, 0x00007fd0ebfb7800, 0x00007fd0f039c000)
 Metaspace       used 24246K, capacity 24702K, committed 24832K, reserved 26624K
}
Event: 4900.224 GC heap after
{Heap after GC invocations=2981 (full 7):
 def new generation   total 4579904K, used 149570K [0x00007fc3d8600000, 0x00007fc50ef80000, 0x00007fce830a0000)
  eden space 4071040K,   0% used [0x00007fc3d8600000, 0x00007fc3d8600000, 0x00007fc4d0da0000)
  from space 508864K,  29% used [0x00007fc4efe90000, 0x00007fc4f90a0a10, 0x00007fc50ef80000)
  to   space 508864K,   0% used [0x00007fc4d0da0000, 0x00007fc4d0da0000, 0x00007fc4efe90000)
 tenured generation   total 10177520K, used 10124957K [0x00007fce830a0000, 0x00007fd0f039c000, 0x00007fe3d8600000)
   the space 10177520K,  99% used [0x00007fce830a0000, 0x00007fd0ed0477b8, 0x00007fd0ed047800, 0x00007fd0f039c000)
 Metaspace       used 24246K, capacity 24702K, committed 24832K, reserved 26624K
}
Event: 4903.789 GC heap before
{Heap before GC invocations=2981 (full 7):
 def new generation   total 4579904K, used 4220610K [0x00007fc3d8600000, 0x00007fc50ef80000, 0x00007fce830a0000)
  eden space 4071040K, 100% used [0x00007fc3d8600000, 0x00007fc4d0da0000, 0x00007fc4d0da0000)
  from space 508864K,  29% used [0x00007fc4efe90000, 0x00007fc4f90a0a10, 0x00007fc50ef80000)
  to   space 508864K,   0% used [0x00007fc4d0da0000, 0x00007fc4d0da0000, 0x00007fc4efe90000)
 tenured generation   total 10177520K, used 10124957K [0x00007fce830a0000, 0x00007fd0f039c000, 0x00007fe3d8600000)
   the space 10177520K,  99% used [0x00007fce830a0000, 0x00007fd0ed0477b8, 0x00007fd0ed047800, 0x00007fd0f039c000)
 Metaspace       used 24246K, capacity 24702K, committed 24832K, reserved 26624K
}
Event: 4903.906 GC heap after
{Heap after GC invocations=2982 (full 7):
 def new generation   total 4579904K, used 152637K [0x00007fc3d8600000, 0x00007fc50ef80000, 0x00007fce830a0000)
  eden space 4071040K,   0% used [0x00007fc3d8600000, 0x00007fc3d8600000, 0x00007fc4d0da0000)
  from space 508864K,  29% used [0x00007fc4d0da0000, 0x00007fc4da2af7e0, 0x00007fc4efe90000)
  to   space 508864K,   0% used [0x00007fc4efe90000, 0x00007fc4efe90000, 0x00007fc50ef80000)
 tenured generation   total 10177520K, used 10124957K [0x00007fce830a0000, 0x00007fd0f039c000, 0x00007fe3d8600000)
   the space 10177520K,  99% used [0x00007fce830a0000, 0x00007fd0ed0477b8, 0x00007fd0ed047800, 0x00007fd0f039c000)
 Metaspace       used 24246K, capacity 24702K, committed 24832K, reserved 26624K
}
Event: 4908.672 GC heap before
{Heap before GC invocations=2982 (full 7):
 def new generation   total 4579904K, used 4223677K [0x00007fc3d8600000, 0x00007fc50ef80000, 0x00007fce830a0000)
  eden space 4071040K, 100% used [0x00007fc3d8600000, 0x00007fc4d0da0000, 0x00007fc4d0da0000)
  from space 508864K,  29% used [0x00007fc4d0da0000, 0x00007fc4da2af7e0, 0x00007fc4efe90000)
  to   space 508864K,   0% used [0x00007fc4efe90000, 0x00007fc4efe90000, 0x00007fc50ef80000)
 tenured generation   total 10177520K, used 10124957K [0x00007fce830a0000, 0x00007fd0f039c000, 0x00007fe3d8600000)
   the space 10177520K,  99% used [0x00007fce830a0000, 0x00007fd0ed0477b8, 0x00007fd0ed047800, 0x00007fd0f039c000)
 Metaspace       used 24246K, capacity 24702K, committed 24832K, reserved 26624K
}
Event: 4908.808 GC heap after
{Heap after GC invocations=2983 (full 7):
 def new generation   total 4579904K, used 150182K [0x00007fc3d8600000, 0x00007fc50ef80000, 0x00007fce830a0000)
  eden space 4071040K,   0% used [0x00007fc3d8600000, 0x00007fc3d8600000, 0x00007fc4d0da0000)
  from space 508864K,  29% used [0x00007fc4efe90000, 0x00007fc4f9139a58, 0x00007fc50ef80000)
  to   space 508864K,   0% used [0x00007fc4d0da0000, 0x00007fc4d0da0000, 0x00007fc4efe90000)
 tenured generation   total 10177520K, used 10141917K [0x00007fce830a0000, 0x00007fd0f039c000, 0x00007fe3d8600000)
   the space 10177520K,  99% used [0x00007fce830a0000, 0x00007fd0ee0d77b0, 0x00007fd0ee0d7800, 0x00007fd0f039c000)
 Metaspace       used 24246K, capacity 24702K, committed 24832K, reserved 26624K
}
Event: 4912.399 GC heap before
{Heap before GC invocations=2983 (full 7):
 def new generation   total 4579904K, used 4221222K [0x00007fc3d8600000, 0x00007fc50ef80000, 0x00007fce830a0000)
  eden space 4071040K, 100% used [0x00007fc3d8600000, 0x00007fc4d0da0000, 0x00007fc4d0da0000)
  from space 508864K,  29% used [0x00007fc4efe90000, 0x00007fc4f9139a58, 0x00007fc50ef80000)
  to   space 508864K,   0% used [0x00007fc4d0da0000, 0x00007fc4d0da0000, 0x00007fc4efe90000)
 tenured generation   total 10177520K, used 10141917K [0x00007fce830a0000, 0x00007fd0f039c000, 0x00007fe3d8600000)
   the space 10177520K,  99% used [0x00007fce830a0000, 0x00007fd0ee0d77b0, 0x00007fd0ee0d7800, 0x00007fd0f039c000)
 Metaspace       used 24246K, capacity 24702K, committed 24832K, reserved 26624K
}
Event: 4912.511 GC heap after
{Heap after GC invocations=2984 (full 7):
 def new generation   total 4579904K, used 152640K [0x00007fc3d8600000, 0x00007fc50ef80000, 0x00007fce830a0000)
  eden space 4071040K,   0% used [0x00007fc3d8600000, 0x00007fc3d8600000, 0x00007fc4d0da0000)
  from space 508864K,  29% used [0x00007fc4d0da0000, 0x00007fc4da2b0338, 0x00007fc4efe90000)
  to   space 508864K,   0% used [0x00007fc4efe90000, 0x00007fc4efe90000, 0x00007fc50ef80000)
 tenured generation   total 10177520K, used 10141917K [0x00007fce830a0000, 0x00007fd0f039c000, 0x00007fe3d8600000)
   the space 10177520K,  99% used [0x00007fce830a0000, 0x00007fd0ee0d77b0, 0x00007fd0ee0d7800, 0x00007fd0f039c000)
 Metaspace       used 24246K, capacity 24702K, committed 24832K, reserved 26624K
}
Event: 4917.053 GC heap before
{Heap before GC invocations=2984 (full 7):
 def new generation   total 4579904K, used 4223680K [0x00007fc3d8600000, 0x00007fc50ef80000, 0x00007fce830a0000)
  eden space 4071040K, 100% used [0x00007fc3d8600000, 0x00007fc4d0da0000, 0x00007fc4d0da0000)
  from space 508864K,  29% used [0x00007fc4d0da0000, 0x00007fc4da2b0338, 0x00007fc4efe90000)
  to   space 508864K,   0% used [0x00007fc4efe90000, 0x00007fc4efe90000, 0x00007fc50ef80000)
 tenured generation   total 10177520K, used 10141917K [0x00007fce830a0000, 0x00007fd0f039c000, 0x00007fe3d8600000)
   the space 10177520K,  99% used [0x00007fce830a0000, 0x00007fd0ee0d77b0, 0x00007fd0ee0d7800, 0x00007fd0f039c000)
 Metaspace       used 24246K, capacity 24702K, committed 24832K, reserved 26624K
}
Event: 4917.180 GC heap after
{Heap after GC invocations=2985 (full 7):
 def new generation   total 4579904K, used 146478K [0x00007fc3d8600000, 0x00007fc50ef80000, 0x00007fce830a0000)
  eden space 4071040K,   0% used [0x00007fc3d8600000, 0x00007fc3d8600000, 0x00007fc4d0da0000)
  from space 508864K,  28% used [0x00007fc4efe90000, 0x00007fc4f8d9b9b0, 0x00007fc50ef80000)
  to   space 508864K,   0% used [0x00007fc4d0da0000, 0x00007fc4d0da0000, 0x00007fc4efe90000)
 tenured generation   total 10177520K, used 10158877K [0x00007fce830a0000, 0x00007fd0f039c000, 0x00007fe3d8600000)
   the space 10177520K,  99% used [0x00007fce830a0000, 0x00007fd0ef1677a8, 0x00007fd0ef167800, 0x00007fd0f039c000)
 Metaspace       used 24246K, capacity 24702K, committed 24832K, reserved 26624K
}
Event: 4920.950 GC heap before
{Heap before GC invocations=2985 (full 7):
 def new generation   total 4579904K, used 4217518K [0x00007fc3d8600000, 0x00007fc50ef80000, 0x00007fce830a0000)
  eden space 4071040K, 100% used [0x00007fc3d8600000, 0x00007fc4d0da0000, 0x00007fc4d0da0000)
  from space 508864K,  28% used [0x00007fc4efe90000, 0x00007fc4f8d9b9b0, 0x00007fc50ef80000)
  to   space 508864K,   0% used [0x00007fc4d0da0000, 0x00007fc4d0da0000, 0x00007fc4efe90000)
 tenured generation   total 10177520K, used 10158877K [0x00007fce830a0000, 0x00007fd0f039c000, 0x00007fe3d8600000)
   the space 10177520K,  99% used [0x00007fce830a0000, 0x00007fd0ef1677a8, 0x00007fd0ef167800, 0x00007fd0f039c000)
 Metaspace       used 24246K, capacity 24702K, committed 24832K, reserved 26624K
}
Event: 4921.059 GC heap after
{Heap after GC invocations=2986 (full 7):
 def new generation   total 4579904K, used 152641K [0x00007fc3d8600000, 0x00007fc50ef80000, 0x00007fce830a0000)
  eden space 4071040K,   0% used [0x00007fc3d8600000, 0x00007fc3d8600000, 0x00007fc4d0da0000)
  from space 508864K,  29% used [0x00007fc4d0da0000, 0x00007fc4da2b0790, 0x00007fc4efe90000)
  to   space 508864K,   0% used [0x00007fc4efe90000, 0x00007fc4efe90000, 0x00007fc50ef80000)
 tenured generation   total 10177520K, used 10158877K [0x00007fce830a0000, 0x00007fd0f039c000, 0x00007fe3d8600000)
   the space 10177520K,  99% used [0x00007fce830a0000, 0x00007fd0ef1677a8, 0x00007fd0ef167800, 0x00007fd0f039c000)
 Metaspace       used 24246K, capacity 24702K, committed 24832K, reserved 26624K
}
Event: 4925.778 GC heap before
{Heap before GC invocations=2986 (full 7):
 def new generation   total 4579904K, used 4223681K [0x00007fc3d8600000, 0x00007fc50ef80000, 0x00007fce830a0000)
  eden space 4071040K, 100% used [0x00007fc3d8600000, 0x00007fc4d0da0000, 0x00007fc4d0da0000)
  from space 508864K,  29% used [0x00007fc4d0da0000, 0x00007fc4da2b0790, 0x00007fc4efe90000)
  to   space 508864K,   0% used [0x00007fc4efe90000, 0x00007fc4efe90000, 0x00007fc50ef80000)
 tenured generation   total 10177520K, used 10158877K [0x00007fce830a0000, 0x00007fd0f039c000, 0x00007fe3d8600000)
   the space 10177520K,  99% used [0x00007fce830a0000, 0x00007fd0ef1677a8, 0x00007fd0ef167800, 0x00007fd0f039c000)
 Metaspace       used 24246K, capacity 24702K, committed 24832K, reserved 26624K
}
Event: 4925.902 GC heap after
{Heap after GC invocations=2987 (full 7):
 def new generation   total 4579904K, used 145462K [0x00007fc3d8600000, 0x00007fc50ef80000, 0x00007fce830a0000)
  eden space 4071040K,   0% used [0x00007fc3d8600000, 0x00007fc3d8600000, 0x00007fc4d0da0000)
  from space 508864K,  28% used [0x00007fc4efe90000, 0x00007fc4f8c9db28, 0x00007fc50ef80000)
  to   space 508864K,   0% used [0x00007fc4d0da0000, 0x00007fc4d0da0000, 0x00007fc4efe90000)
 tenured generation   total 10177520K, used 10175837K [0x00007fce830a0000, 0x00007fd0f039c000, 0x00007fe3d8600000)
   the space 10177520K,  99% used [0x00007fce830a0000, 0x00007fd0f01f77a0, 0x00007fd0f01f7800, 0x00007fd0f039c000)
 Metaspace       used 24246K, capacity 24702K, committed 24832K, reserved 26624K
}
Event: 4929.803 GC heap before
{Heap before GC invocations=2987 (full 7):
 def new generation   total 4579904K, used 4216502K [0x00007fc3d8600000, 0x00007fc50ef80000, 0x00007fce830a0000)
  eden space 4071040K, 100% used [0x00007fc3d8600000, 0x00007fc4d0da0000, 0x00007fc4d0da0000)
  from space 508864K,  28% used [0x00007fc4efe90000, 0x00007fc4f8c9db28, 0x00007fc50ef80000)
  to   space 508864K,   0% used [0x00007fc4d0da0000, 0x00007fc4d0da0000, 0x00007fc4efe90000)
 tenured generation   total 10177520K, used 10175837K [0x00007fce830a0000, 0x00007fd0f039c000, 0x00007fe3d8600000)
   the space 10177520K,  99% used [0x00007fce830a0000, 0x00007fd0f01f77a0, 0x00007fd0f01f7800, 0x00007fd0f039c000)
 Metaspace       used 24246K, capacity 24702K, committed 24832K, reserved 26624K
}
Event: 4929.935 GC heap after
{Heap after GC invocations=2988 (full 7):
 def new generation   total 4579904K, used 152647K [0x00007fc3d8600000, 0x00007fc50ef80000, 0x00007fce830a0000)
  eden space 4071040K,   0% used [0x00007fc3d8600000, 0x00007fc3d8600000, 0x00007fc4d0da0000)
  from space 508864K,  29% used [0x00007fc4d0da0000, 0x00007fc4da2b1d20, 0x00007fc4efe90000)
  to   space 508864K,   0% used [0x00007fc4efe90000, 0x00007fc4efe90000, 0x00007fc50ef80000)
 tenured generation   total 10177520K, used 10175837K [0x00007fce830a0000, 0x00007fd0f039c000, 0x00007fe3d8600000)
   the space 10177520K,  99% used [0x00007fce830a0000, 0x00007fd0f01f77a0, 0x00007fd0f01f7800, 0x00007fd0f039c000)
 Metaspace       used 24246K, capacity 24702K, committed 24832K, reserved 26624K
}
Event: 4934.339 GC heap before
{Heap before GC invocations=2988 (full 7):
 def new generation   total 4579904K, used 4223687K [0x00007fc3d8600000, 0x00007fc50ef80000, 0x00007fce830a0000)
  eden space 4071040K, 100% used [0x00007fc3d8600000, 0x00007fc4d0da0000, 0x00007fc4d0da0000)
  from space 508864K,  29% used [0x00007fc4d0da0000, 0x00007fc4da2b1d20, 0x00007fc4efe90000)
  to   space 508864K,   0% used [0x00007fc4efe90000, 0x00007fc4efe90000, 0x00007fc50ef80000)
 tenured generation   total 10177520K, used 10175837K [0x00007fce830a0000, 0x00007fd0f039c000, 0x00007fe3d8600000)
   the space 10177520K,  99% used [0x00007fce830a0000, 0x00007fd0f01f77a0, 0x00007fd0f01f7800, 0x00007fd0f039c000)
 Metaspace       used 24246K, capacity 24702K, committed 24832K, reserved 26624K
}
Event: 4934.468 GC heap after
{Heap after GC invocations=2989 (full 7):
 def new generation   total 4579904K, used 144432K [0x00007fc3d8600000, 0x00007fc50ef80000, 0x00007fce830a0000)
  eden space 4071040K,   0% used [0x00007fc3d8600000, 0x00007fc3d8600000, 0x00007fc4d0da0000)
  from space 508864K,  28% used [0x00007fc4efe90000, 0x00007fc4f8b9c2b0, 0x00007fc50ef80000)
  to   space 508864K,   0% used [0x00007fc4d0da0000, 0x00007fc4d0da0000, 0x00007fc4efe90000)
 tenured generation   total 10193908K, used 10192797K [0x00007fce830a0000, 0x00007fd0f139d000, 0x00007fe3d8600000)
   the space 10193908K,  99% used [0x00007fce830a0000, 0x00007fd0f1287798, 0x00007fd0f1287800, 0x00007fd0f139d000)
 Metaspace       used 24246K, capacity 24702K, committed 24832K, reserved 26624K
}
Event: 4934.468 GC heap before
{Heap before GC invocations=2989 (full 7):
 def new generation   total 4579904K, used 144432K [0x00007fc3d8600000, 0x00007fc50ef80000, 0x00007fce830a0000)
  eden space 4071040K,   0% used [0x00007fc3d8600000, 0x00007fc3d8600000, 0x00007fc4d0da0000)
  from space 508864K,  28% used [0x00007fc4efe90000, 0x00007fc4f8b9c2b0, 0x00007fc50ef80000)
  to   space 508864K,   0% used [0x00007fc4d0da0000, 0x00007fc4d0da0000, 0x00007fc4efe90000)
 tenured generation   total 10193908K, used 10192797K [0x00007fce830a0000, 0x00007fd0f139d000, 0x00007fe3d8600000)
   the space 10193908K,  99% used [0x00007fce830a0000, 0x00007fd0f1287798, 0x00007fd0f1287800, 0x00007fd0f139d000)
 Metaspace       used 24246K, capacity 24702K, committed 24832K, reserved 26624K
}

Deoptimization events (20 events):
Event: 4198.073 Thread 0x00007fe3f0018000 DEOPT PACKING pc=0x00007fe3d8d43d62 sp=0x00007fe3f6467800
Event: 4198.073 Thread 0x00007fe3f0018000 DEOPT UNPACKING pc=0x00007fe3d87d333a sp=0x00007fe3f6466d30 mode 0
Event: 4198.074 Thread 0x00007fe3f0018000 Uncommon trap: trap_request=0xffffffde fr.pc=0x00007fe3e03d1bb4 relative=0x00000000000006d4
Event: 4198.074 Thread 0x00007fe3f0018000 Uncommon trap: reason=class_check action=maybe_recompile pc=0x00007fe3e03d1bb4 method=org.jgrapht.graph.specifics.UndirectedSpecifics.<init>(Lorg/jgrapht/Graph;Ljava/util/Map;Lorg/jgrapht/graph/EdgeSetFactory;)V @ 9 c2
Event: 4198.074 Thread 0x00007fe3f0018000 DEOPT PACKING pc=0x00007fe3e03d1bb4 sp=0x00007fe3f6467740
Event: 4198.074 Thread 0x00007fe3f0018000 DEOPT UNPACKING pc=0x00007fe3d87d2e25 sp=0x00007fe3f6467610 mode 2
Event: 4198.074 Thread 0x00007fe3f0018000 Uncommon trap: trap_request=0xffffff45 fr.pc=0x00007fe3e037dd1c relative=0x00000000000013dc
Event: 4198.074 Thread 0x00007fe3f0018000 Uncommon trap: reason=unstable_if action=reinterpret pc=0x00007fe3e037dd1c method=org.jgrapht.graph.specifics.UndirectedEdgeContainer.getUnmodifiableVertexEdges()Ljava/util/Set; @ 4 c2
Event: 4198.074 Thread 0x00007fe3f0018000 DEOPT PACKING pc=0x00007fe3e037dd1c sp=0x00007fe3f64678b0
Event: 4198.074 Thread 0x00007fe3f0018000 DEOPT UNPACKING pc=0x00007fe3d87d2e25 sp=0x00007fe3f64677f8 mode 2
Event: 4198.074 Thread 0x00007fe3f0018000 Uncommon trap: trap_request=0xffffff45 fr.pc=0x00007fe3e04083b4 relative=0x0000000000000374
Event: 4198.074 Thread 0x00007fe3f0018000 Uncommon trap: reason=unstable_if action=reinterpret pc=0x00007fe3e04083b4 method=org.jgrapht.graph.specifics.UndirectedEdgeContainer.getUnmodifiableVertexEdges()Ljava/util/Set; @ 4 c2
Event: 4198.074 Thread 0x00007fe3f0018000 DEOPT PACKING pc=0x00007fe3e04083b4 sp=0x00007fe3f64677c0
Event: 4198.074 Thread 0x00007fe3f0018000 DEOPT UNPACKING pc=0x00007fe3d87d2e25 sp=0x00007fe3f6467750 mode 2
Event: 4200.157 Thread 0x00007fe3f0018000 Uncommon trap: trap_request=0xffffff45 fr.pc=0x00007fe3e02fa234 relative=0x0000000000000134
Event: 4200.157 Thread 0x00007fe3f0018000 Uncommon trap: reason=unstable_if action=reinterpret pc=0x00007fe3e02fa234 method=java.util.HashMap.clear()V @ 16 c2
Event: 4200.157 Thread 0x00007fe3f0018000 DEOPT PACKING pc=0x00007fe3e02fa234 sp=0x00007fe3f6467890
Event: 4200.157 Thread 0x00007fe3f0018000 DEOPT UNPACKING pc=0x00007fe3d87d2e25 sp=0x00007fe3f6467838 mode 2
Event: 4735.565 Thread 0x00007fe3f0018000 DEOPT PACKING pc=0x00007fe3d91f62a0 sp=0x00007fe3f6467880
Event: 4735.566 Thread 0x00007fe3f0018000 DEOPT UNPACKING pc=0x00007fe3d87d333a sp=0x00007fe3f6466d30 mode 0

Classes unloaded (0 events):
No events

Classes redefined (0 events):
No events

Internal exceptions (20 events):
Event: 0.825 Thread 0x00007fe3f0018000 Exception <a 'java/lang/NoSuchMethodError'{0x00007fc3d9c582e0}: 'java.lang.Object java.lang.invoke.DirectMethodHandle$Holder.invokeVirtual(java.lang.Object, java.lang.Object, java.lang.Object, int, int)'> (0x00007fc3d9c582e0) 
thrown [src/hotspot/share/interpreter/linkResolver.cpp, line 766]
Event: 0.826 Thread 0x00007fe3f0018000 Exception <a 'java/lang/NoSuchMethodError'{0x00007fc3d9c60690}: 'java.lang.Object java.lang.invoke.DirectMethodHandle$Holder.invokeVirtual(java.lang.Object, java.lang.Object, int)'> (0x00007fc3d9c60690) 
thrown [src/hotspot/share/interpreter/linkResolver.cpp, line 766]
Event: 0.832 Thread 0x00007fe3f0018000 Exception <a 'java/lang/NoSuchMethodError'{0x00007fc3d9c7ed48}: 'java.lang.Object java.lang.invoke.DirectMethodHandle$Holder.invokeSpecial(java.lang.Object, java.lang.Object, java.lang.Object, int, int)'> (0x00007fc3d9c7ed48) 
thrown [src/hotspot/share/interpreter/linkResolver.cpp, line 766]
Event: 1.163 Thread 0x00007fe3f0018000 Implicit null exception at 0x00007fe3e02a6edd to 0x00007fe3e02a7a90
Event: 1.181 Thread 0x00007fe3f0018000 Exception <a 'java/lang/NoSuchMethodError'{0x00007fc3db2405d0}: 'int java.lang.invoke.DirectMethodHandle$Holder.invokeSpecial(java.lang.Object, java.lang.Object, java.lang.Object, java.lang.Object, java.lang.Object)'> (0x00007fc3db2405d0) 
thrown [src/hotspot/share/interpreter/linkResolver.cpp, line 766]
Event: 1.263 Thread 0x00007fe3f0018000 Exception <a 'java/lang/NoSuchMethodError'{0x00007fc3db65e408}: 'java.lang.Object java.lang.invoke.DirectMethodHandle$Holder.invokeStatic(java.lang.Object, java.lang.Object, int, int)'> (0x00007fc3db65e408) 
thrown [src/hotspot/share/interpreter/linkResolver.cpp, line 766]
Event: 1.625 Thread 0x00007fe3f0018000 Exception <a 'java/lang/NoSuchMethodError'{0x00007fc3ddc8d948}: 'void java.lang.invoke.DirectMethodHandle$Holder.invokeVirtual(java.lang.Object, java.lang.Object)'> (0x00007fc3ddc8d948) 
thrown [src/hotspot/share/interpreter/linkResolver.cpp, line 766]
Event: 1.764 Thread 0x00007fe3f0018000 Exception <a 'java/lang/NoSuchMethodError'{0x00007fc3de013ed0}: 'int java.lang.invoke.DirectMethodHandle$Holder.invokeVirtual(java.lang.Object, java.lang.Object, java.lang.Object, java.lang.Object)'> (0x00007fc3de013ed0) 
thrown [src/hotspot/share/interpreter/linkResolver.cpp, line 766]
Event: 1.765 Thread 0x00007fe3f0018000 Exception <a 'java/lang/NoSuchMethodError'{0x00007fc3de022018}: 'java.lang.Object java.lang.invoke.DirectMethodHandle$Holder.invokeStatic(java.lang.Object, java.lang.Object, int, java.lang.Object)'> (0x00007fc3de022018) 
thrown [src/hotspot/share/interpreter/linkResolver.cpp, line 766]
Event: 1.766 Thread 0x00007fe3f0018000 Exception <a 'java/lang/NoSuchMethodError'{0x00007fc3de02a930}: 'java.lang.Object java.lang.invoke.Invokers$Holder.linkToTargetMethod(java.lang.Object, int, java.lang.Object, java.lang.Object)'> (0x00007fc3de02a930) 
thrown [src/hotspot/share/interpreter/linkResolver.cpp, line 766]
Event: 2.004 Thread 0x00007fe3f0018000 Implicit null exception at 0x00007fe3e02c1645 to 0x00007fe3e02c1818
Event: 2.004 Thread 0x00007fe3f0018000 Implicit null exception at 0x00007fe3e027e70f to 0x00007fe3e027e779
Event: 2.384 Thread 0x00007fe3f0018000 Exception <a 'java/lang/NoSuchMethodError'{0x00007fc3dedeaea8}: 'java.lang.Object java.lang.invoke.Invokers$Holder.linkToTargetMethod(java.lang.Object, int, java.lang.Object)'> (0x00007fc3dedeaea8) 
thrown [src/hotspot/share/interpreter/linkResolver.cpp, line 766]
Event: 2.390 Thread 0x00007fe3f0018000 Exception <a 'java/lang/NoSuchMethodError'{0x00007fc3dee278e8}: 'java.lang.Object java.lang.invoke.Invokers$Holder.linkToTargetMethod(java.lang.Object, long, java.lang.Object)'> (0x00007fc3dee278e8) 
thrown [src/hotspot/share/interpreter/linkResolver.cpp, line 766]
Event: 2.485 Thread 0x00007fe3f00a7000 Implicit null exception at 0x00007fe3e02a99cc to 0x00007fe3e02a9a80
Event: 2.798 Thread 0x00007fe3f0018000 Exception <a 'java/lang/NoSuchMethodError'{0x00007fc3e4e87d30}: 'java.lang.Object java.lang.invoke.Invokers$Holder.invokeExact_MT(java.lang.Object, java.lang.Object, java.lang.Object, java.lang.Object, java.lang.Object, java.lang.Object)'> (0x00007fc3e4e87d30) 
thrown [src/hotspot/share/interpreter/linkResolver.cpp, line 766]
Event: 2.914 Thread 0x00007fe3f0018000 Exception <a 'java/lang/NoSuchMethodError'{0x00007fc3e644bec0}: 'int java.lang.invoke.DirectMethodHandle$Holder.invokeStatic(java.lang.Object, java.lang.Object, int)'> (0x00007fc3e644bec0) 
thrown [src/hotspot/share/interpreter/linkResolver.cpp, line 766]
Event: 3.010 Thread 0x00007fe3f0018000 Exception <a 'java/lang/NoSuchMethodError'{0x00007fc3e6650ca8}: 'double java.lang.invoke.DirectMethodHandle$Holder.invokeStatic(java.lang.Object, java.lang.Object)'> (0x00007fc3e6650ca8) 
thrown [src/hotspot/share/interpreter/linkResolver.cpp, line 766]
Event: 3.067 Thread 0x00007fe3f0018000 Exception <a 'java/lang/NoSuchMethodError'{0x00007fc3e67ba9a0}: 'int java.lang.invoke.DirectMethodHandle$Holder.invokeStatic(java.lang.Object, java.lang.Object, java.lang.Object, int)'> (0x00007fc3e67ba9a0) 
thrown [src/hotspot/share/interpreter/linkResolver.cpp, line 766]
Event: 4200.157 Thread 0x00007fe3f0018000 Implicit null exception at 0x00007fe3e02fa126 to 0x00007fe3e02fa220

Events (20 events):
Event: 4891.682 Executing VM operation: GenCollectForAllocation done
Event: 4895.269 Executing VM operation: GenCollectForAllocation
Event: 4895.389 Executing VM operation: GenCollectForAllocation done
Event: 4900.069 Executing VM operation: GenCollectForAllocation
Event: 4900.224 Executing VM operation: GenCollectForAllocation done
Event: 4903.789 Executing VM operation: GenCollectForAllocation
Event: 4903.906 Executing VM operation: GenCollectForAllocation done
Event: 4908.672 Executing VM operation: GenCollectForAllocation
Event: 4908.808 Executing VM operation: GenCollectForAllocation done
Event: 4912.398 Executing VM operation: GenCollectForAllocation
Event: 4912.511 Executing VM operation: GenCollectForAllocation done
Event: 4917.053 Executing VM operation: GenCollectForAllocation
Event: 4917.180 Executing VM operation: GenCollectForAllocation done
Event: 4920.950 Executing VM operation: GenCollectForAllocation
Event: 4921.059 Executing VM operation: GenCollectForAllocation done
Event: 4925.777 Executing VM operation: GenCollectForAllocation
Event: 4925.902 Executing VM operation: GenCollectForAllocation done
Event: 4929.803 Executing VM operation: GenCollectForAllocation
Event: 4929.935 Executing VM operation: GenCollectForAllocation done
Event: 4934.339 Executing VM operation: GenCollectForAllocation


Dynamic libraries:
55888c842000-55888c843000 r--p 00000000 07:07 4860                       /usr/lib/jvm/java-13-openjdk-amd64/bin/java
55888c843000-55888c844000 r-xp 00001000 07:07 4860                       /usr/lib/jvm/java-13-openjdk-amd64/bin/java
55888c844000-55888c845000 r--p 00002000 07:07 4860                       /usr/lib/jvm/java-13-openjdk-amd64/bin/java
55888c845000-55888c846000 r--p 00002000 07:07 4860                       /usr/lib/jvm/java-13-openjdk-amd64/bin/java
55888c846000-55888c847000 rw-p 00003000 07:07 4860                       /usr/lib/jvm/java-13-openjdk-amd64/bin/java
55888e3dd000-55888e3fe000 rw-p 00000000 00:00 0                          [heap]
7fc390000000-7fc390021000 rw-p 00000000 00:00 0 
7fc390021000-7fc394000000 ---p 00000000 00:00 0 
7fc398000000-7fc398021000 rw-p 00000000 00:00 0 
7fc398021000-7fc39c000000 ---p 00000000 00:00 0 
7fc39c000000-7fc39c021000 rw-p 00000000 00:00 0 
7fc39c021000-7fc3a0000000 ---p 00000000 00:00 0 
7fc3a0000000-7fc3a2205000 rw-p 00000000 00:00 0 
7fc3a2205000-7fc3a4000000 ---p 00000000 00:00 0 
7fc3a4000000-7fc3a4cad000 rw-p 00000000 00:00 0 
7fc3a4cad000-7fc3a8000000 ---p 00000000 00:00 0 
7fc3a8000000-7fc3a8021000 rw-p 00000000 00:00 0 
7fc3a8021000-7fc3ac000000 ---p 00000000 00:00 0 
7fc3ac000000-7fc3ac021000 rw-p 00000000 00:00 0 
7fc3ac021000-7fc3b0000000 ---p 00000000 00:00 0 
7fc3b0000000-7fc3b0021000 rw-p 00000000 00:00 0 
7fc3b0021000-7fc3b4000000 ---p 00000000 00:00 0 
7fc3b4000000-7fc3b4021000 rw-p 00000000 00:00 0 
7fc3b4021000-7fc3b8000000 ---p 00000000 00:00 0 
7fc3b8000000-7fc3b808f000 rw-p 00000000 00:00 0 
7fc3b808f000-7fc3bc000000 ---p 00000000 00:00 0 
7fc3bd354000-7fc3bd394000 rw-p 00000000 00:00 0 
7fc3bd394000-7fc3bd554000 ---p 00000000 00:00 0 
7fc3bd554000-7fc3bd754000 rw-p 00000000 00:00 0 
7fc3bd754000-7fc3bd954000 rw-p 00000000 00:00 0 
7fc3bd954000-7fc3bdb54000 rw-p 00000000 00:00 0 
7fc3bdb54000-7fc3beec6000 rw-p 00000000 00:00 0 
7fc3beec6000-7fc3c85ff000 ---p 00000000 00:00 0 
7fc3c85ff000-7fc3c8fb4000 rw-p 00000000 00:00 0 
7fc3c8fb4000-7fc3cdb54000 ---p 00000000 00:00 0 
7fc3cdb54000-7fc3ceec6000 rw-p 00000000 00:00 0 
7fc3ceec6000-7fc3d85ff000 ---p 00000000 00:00 0 
7fc3d85ff000-7fc50ef80000 rw-p 00000000 00:00 0 
7fc50ef80000-7fce830a0000 ---p 00000000 00:00 0 
7fce830a0000-7fd0f139d000 rw-p 00000000 00:00 0 
7fd2859cb000-7fe3d8600000 ---p 00000000 00:00 0 
7fe3d878a000-7fe3d89fa000 rwxp 00000000 00:00 0 
7fe3d89fa000-7fe3d8d19000 ---p 00000000 00:00 0 
7fe3d8d19000-7fe3d93b9000 rwxp 00000000 00:00 0 
7fe3d93b9000-7fe3e0251000 ---p 00000000 00:00 0 
7fe3e0251000-7fe3e04c1000 rwxp 00000000 00:00 0 
7fe3e04c1000-7fe3e778a000 ---p 00000000 00:00 0 
7fe3e778a000-7fe3f0000000 r--s 00000000 07:07 5215                       /usr/lib/jvm/java-13-openjdk-amd64/lib/modules
7fe3f0000000-7fe3f0703000 rw-p 00000000 00:00 0 
7fe3f0703000-7fe3f4000000 ---p 00000000 00:00 0 
7fe3f41b3000-7fe3f43b3000 rw-p 00000000 00:00 0 
7fe3f43b3000-7fe3f4753000 rw-p 00000000 00:00 0 
7fe3f4753000-7fe3f4953000 rw-p 00000000 00:00 0 
7fe3f4953000-7fe3f4b53000 rw-p 00000000 00:00 0 
7fe3f4b53000-7fe3f4d53000 rw-p 00000000 00:00 0 
7fe3f4d53000-7fe3f4d84000 rw-p 00000000 00:00 0 
7fe3f4d84000-7fe3f4d88000 r--p 00000000 07:07 5204                       /usr/lib/jvm/java-13-openjdk-amd64/lib/libnet.so
7fe3f4d88000-7fe3f4d96000 r-xp 00004000 07:07 5204                       /usr/lib/jvm/java-13-openjdk-amd64/lib/libnet.so
7fe3f4d96000-7fe3f4d9a000 r--p 00012000 07:07 5204                       /usr/lib/jvm/java-13-openjdk-amd64/lib/libnet.so
7fe3f4d9a000-7fe3f4d9b000 r--p 00015000 07:07 5204                       /usr/lib/jvm/java-13-openjdk-amd64/lib/libnet.so
7fe3f4d9b000-7fe3f4d9c000 rw-p 00016000 07:07 5204                       /usr/lib/jvm/java-13-openjdk-amd64/lib/libnet.so
7fe3f4d9c000-7fe3f4da3000 r--p 00000000 07:07 5205                       /usr/lib/jvm/java-13-openjdk-amd64/lib/libnio.so
7fe3f4da3000-7fe3f4dac000 r-xp 00007000 07:07 5205                       /usr/lib/jvm/java-13-openjdk-amd64/lib/libnio.so
7fe3f4dac000-7fe3f4db0000 r--p 00010000 07:07 5205                       /usr/lib/jvm/java-13-openjdk-amd64/lib/libnio.so
7fe3f4db0000-7fe3f4db1000 r--p 00013000 07:07 5205                       /usr/lib/jvm/java-13-openjdk-amd64/lib/libnio.so
7fe3f4db1000-7fe3f4db2000 rw-p 00014000 07:07 5205                       /usr/lib/jvm/java-13-openjdk-amd64/lib/libnio.so
7fe3f4db2000-7fe3f4db3000 ---p 00000000 00:00 0 
7fe3f4db3000-7fe3f4eb4000 rw-p 00000000 00:00 0 
7fe3f4eb4000-7fe3f4eb8000 ---p 00000000 00:00 0 
7fe3f4eb8000-7fe3f4fb5000 rw-p 00000000 00:00 0 
7fe3f4fb5000-7fe3f4fb9000 ---p 00000000 00:00 0 
7fe3f4fb9000-7fe3f50b6000 rw-p 00000000 00:00 0 
7fe3f50b6000-7fe3f50ba000 ---p 00000000 00:00 0 
7fe3f50ba000-7fe3f51b7000 rw-p 00000000 00:00 0 
7fe3f51b7000-7fe3f51bb000 ---p 00000000 00:00 0 
7fe3f51bb000-7fe3f52b8000 rw-p 00000000 00:00 0 
7fe3f52b8000-7fe3f52bc000 ---p 00000000 00:00 0 
7fe3f52bc000-7fe3f53b9000 rw-p 00000000 00:00 0 
7fe3f53b9000-7fe3f53bd000 ---p 00000000 00:00 0 
7fe3f53bd000-7fe3f54ba000 rw-p 00000000 00:00 0 
7fe3f54ba000-7fe3f54c1000 r--s 00000000 07:07 8532                       /usr/lib/x86_64-linux-gnu/gconv/gconv-modules.cache
7fe3f54c1000-7fe3f54f3000 r--p 00000000 07:07 5276                       /usr/lib/locale/C.UTF-8/LC_CTYPE
7fe3f54f3000-7fe3f54f7000 ---p 00000000 00:00 0 
7fe3f54f7000-7fe3f55f4000 rw-p 00000000 00:00 0 
7fe3f55f4000-7fe3f55f8000 ---p 00000000 00:00 0 
7fe3f55f8000-7fe3f56f5000 rw-p 00000000 00:00 0 
7fe3f56f5000-7fe3f56f6000 ---p 00000000 00:00 0 
7fe3f56f6000-7fe3f6114000 rw-p 00000000 00:00 0 
7fe3f6114000-7fe3f6119000 rw-p 00000000 00:00 0 
7fe3f6119000-7fe3f61ff000 ---p 00000000 00:00 0 
7fe3f61ff000-7fe3f620d000 rw-p 00000000 00:00 0 
7fe3f620d000-7fe3f62ea000 ---p 00000000 00:00 0 
7fe3f62ea000-7fe3f62ef000 rw-p 00000000 00:00 0 
7fe3f62ef000-7fe3f62f6000 ---p 00000000 00:00 0 
7fe3f62f6000-7fe3f62f8000 r--p 00000000 07:07 5214                       /usr/lib/jvm/java-13-openjdk-amd64/lib/libzip.so
7fe3f62f8000-7fe3f62fc000 r-xp 00002000 07:07 5214                       /usr/lib/jvm/java-13-openjdk-amd64/lib/libzip.so
7fe3f62fc000-7fe3f62fe000 r--p 00006000 07:07 5214                       /usr/lib/jvm/java-13-openjdk-amd64/lib/libzip.so
7fe3f62fe000-7fe3f62ff000 r--p 00007000 07:07 5214                       /usr/lib/jvm/java-13-openjdk-amd64/lib/libzip.so
7fe3f62ff000-7fe3f6300000 rw-p 00008000 07:07 5214                       /usr/lib/jvm/java-13-openjdk-amd64/lib/libzip.so
7fe3f6300000-7fe3f6308000 rw-s 00000000 08:03 67687786                   /tmp/hsperfdata_rcabanas/1813
7fe3f6308000-7fe3f630b000 r--p 00000000 07:07 9108                       /usr/lib/x86_64-linux-gnu/libnss_files-2.31.so
7fe3f630b000-7fe3f6312000 r-xp 00003000 07:07 9108                       /usr/lib/x86_64-linux-gnu/libnss_files-2.31.so
7fe3f6312000-7fe3f6314000 r--p 0000a000 07:07 9108                       /usr/lib/x86_64-linux-gnu/libnss_files-2.31.so
7fe3f6314000-7fe3f6315000 r--p 0000b000 07:07 9108                       /usr/lib/x86_64-linux-gnu/libnss_files-2.31.so
7fe3f6315000-7fe3f6316000 rw-p 0000c000 07:07 9108                       /usr/lib/x86_64-linux-gnu/libnss_files-2.31.so
7fe3f6316000-7fe3f631c000 rw-p 00000000 00:00 0 
7fe3f6322000-7fe3f6324000 r--p 00000000 07:07 5195                       /usr/lib/jvm/java-13-openjdk-amd64/lib/libjimage.so
7fe3f6324000-7fe3f6327000 r-xp 00002000 07:07 5195                       /usr/lib/jvm/java-13-openjdk-amd64/lib/libjimage.so
7fe3f6327000-7fe3f6328000 r--p 00005000 07:07 5195                       /usr/lib/jvm/java-13-openjdk-amd64/lib/libjimage.so
7fe3f6328000-7fe3f6329000 ---p 00006000 07:07 5195                       /usr/lib/jvm/java-13-openjdk-amd64/lib/libjimage.so
7fe3f6329000-7fe3f632a000 r--p 00006000 07:07 5195                       /usr/lib/jvm/java-13-openjdk-amd64/lib/libjimage.so
7fe3f632a000-7fe3f632b000 rw-p 00007000 07:07 5195                       /usr/lib/jvm/java-13-openjdk-amd64/lib/libjimage.so
7fe3f632b000-7fe3f6338000 r--p 00000000 07:07 5191                       /usr/lib/jvm/java-13-openjdk-amd64/lib/libjava.so
7fe3f6338000-7fe3f634d000 r-xp 0000d000 07:07 5191                       /usr/lib/jvm/java-13-openjdk-amd64/lib/libjava.so
7fe3f634d000-7fe3f6353000 r--p 00022000 07:07 5191                       /usr/lib/jvm/java-13-openjdk-amd64/lib/libjava.so
7fe3f6353000-7fe3f6354000 ---p 00028000 07:07 5191                       /usr/lib/jvm/java-13-openjdk-amd64/lib/libjava.so
7fe3f6354000-7fe3f6355000 r--p 00028000 07:07 5191                       /usr/lib/jvm/java-13-openjdk-amd64/lib/libjava.so
7fe3f6355000-7fe3f6357000 rw-p 00029000 07:07 5191                       /usr/lib/jvm/java-13-openjdk-amd64/lib/libjava.so
7fe3f6357000-7fe3f635c000 r--p 00000000 07:07 5213                       /usr/lib/jvm/java-13-openjdk-amd64/lib/libverify.so
7fe3f635c000-7fe3f6363000 r-xp 00005000 07:07 5213                       /usr/lib/jvm/java-13-openjdk-amd64/lib/libverify.so
7fe3f6363000-7fe3f6365000 r--p 0000c000 07:07 5213                       /usr/lib/jvm/java-13-openjdk-amd64/lib/libverify.so
7fe3f6365000-7fe3f6366000 ---p 0000e000 07:07 5213                       /usr/lib/jvm/java-13-openjdk-amd64/lib/libverify.so
7fe3f6366000-7fe3f6368000 r--p 0000e000 07:07 5213                       /usr/lib/jvm/java-13-openjdk-amd64/lib/libverify.so
7fe3f6368000-7fe3f6369000 rw-p 00010000 07:07 5213                       /usr/lib/jvm/java-13-openjdk-amd64/lib/libverify.so
7fe3f6369000-7fe3f636d000 ---p 00000000 00:00 0 
7fe3f636d000-7fe3f646a000 rw-p 00000000 00:00 0 
7fe3f646a000-7fe3f646d000 r--p 00000000 07:07 8948                       /usr/lib/x86_64-linux-gnu/libgcc_s.so.1
7fe3f646d000-7fe3f647f000 r-xp 00003000 07:07 8948                       /usr/lib/x86_64-linux-gnu/libgcc_s.so.1
7fe3f647f000-7fe3f6483000 r--p 00015000 07:07 8948                       /usr/lib/x86_64-linux-gnu/libgcc_s.so.1
7fe3f6483000-7fe3f6484000 r--p 00018000 07:07 8948                       /usr/lib/x86_64-linux-gnu/libgcc_s.so.1
7fe3f6484000-7fe3f6485000 rw-p 00019000 07:07 8948                       /usr/lib/x86_64-linux-gnu/libgcc_s.so.1
7fe3f6485000-7fe3f6492000 r--p 00000000 07:07 9062                       /usr/lib/x86_64-linux-gnu/libm-2.31.so
7fe3f6492000-7fe3f6539000 r-xp 0000d000 07:07 9062                       /usr/lib/x86_64-linux-gnu/libm-2.31.so
7fe3f6539000-7fe3f65d2000 r--p 000b4000 07:07 9062                       /usr/lib/x86_64-linux-gnu/libm-2.31.so
7fe3f65d2000-7fe3f65d3000 r--p 0014c000 07:07 9062                       /usr/lib/x86_64-linux-gnu/libm-2.31.so
7fe3f65d3000-7fe3f65d4000 rw-p 0014d000 07:07 9062                       /usr/lib/x86_64-linux-gnu/libm-2.31.so
7fe3f65d4000-7fe3f666a000 r--p 00000000 07:07 9213                       /usr/lib/x86_64-linux-gnu/libstdc++.so.6.0.28
7fe3f666a000-7fe3f675b000 r-xp 00096000 07:07 9213                       /usr/lib/x86_64-linux-gnu/libstdc++.so.6.0.28
7fe3f675b000-7fe3f67a4000 r--p 00187000 07:07 9213                       /usr/lib/x86_64-linux-gnu/libstdc++.so.6.0.28
7fe3f67a4000-7fe3f67a5000 ---p 001d0000 07:07 9213                       /usr/lib/x86_64-linux-gnu/libstdc++.so.6.0.28
7fe3f67a5000-7fe3f67b0000 r--p 001d0000 07:07 9213                       /usr/lib/x86_64-linux-gnu/libstdc++.so.6.0.28
7fe3f67b0000-7fe3f67b3000 rw-p 001db000 07:07 9213                       /usr/lib/x86_64-linux-gnu/libstdc++.so.6.0.28
7fe3f67b3000-7fe3f67b6000 rw-p 00000000 00:00 0 
7fe3f67b6000-7fe3f6a3c000 r--p 00000000 07:07 5226                       /usr/lib/jvm/java-13-openjdk-amd64/lib/server/libjvm.so
7fe3f6a3c000-7fe3f77b9000 r-xp 00286000 07:07 5226                       /usr/lib/jvm/java-13-openjdk-amd64/lib/server/libjvm.so
7fe3f77b9000-7fe3f7a34000 r--p 01003000 07:07 5226                       /usr/lib/jvm/java-13-openjdk-amd64/lib/server/libjvm.so
7fe3f7a34000-7fe3f7af9000 r--p 0127d000 07:07 5226                       /usr/lib/jvm/java-13-openjdk-amd64/lib/server/libjvm.so
7fe3f7af9000-7fe3f7b34000 rw-p 01342000 07:07 5226                       /usr/lib/jvm/java-13-openjdk-amd64/lib/server/libjvm.so
7fe3f7b34000-7fe3f7bba000 rw-p 00000000 00:00 0 
7fe3f7bba000-7fe3f7bc0000 r--p 00000000 07:07 9166                       /usr/lib/x86_64-linux-gnu/libpthread-2.31.so
7fe3f7bc0000-7fe3f7bd1000 r-xp 00006000 07:07 9166                       /usr/lib/x86_64-linux-gnu/libpthread-2.31.so
7fe3f7bd1000-7fe3f7bd7000 r--p 00017000 07:07 9166                       /usr/lib/x86_64-linux-gnu/libpthread-2.31.so
7fe3f7bd7000-7fe3f7bd8000 r--p 0001c000 07:07 9166                       /usr/lib/x86_64-linux-gnu/libpthread-2.31.so
7fe3f7bd8000-7fe3f7bd9000 rw-p 0001d000 07:07 9166                       /usr/lib/x86_64-linux-gnu/libpthread-2.31.so
7fe3f7bd9000-7fe3f7bdd000 rw-p 00000000 00:00 0 
7fe3f7bdd000-7fe3f7bde000 r--p 00000000 07:07 8893                       /usr/lib/x86_64-linux-gnu/libdl-2.31.so
7fe3f7bde000-7fe3f7be0000 r-xp 00001000 07:07 8893                       /usr/lib/x86_64-linux-gnu/libdl-2.31.so
7fe3f7be0000-7fe3f7be1000 r--p 00003000 07:07 8893                       /usr/lib/x86_64-linux-gnu/libdl-2.31.so
7fe3f7be1000-7fe3f7be2000 r--p 00003000 07:07 8893                       /usr/lib/x86_64-linux-gnu/libdl-2.31.so
7fe3f7be2000-7fe3f7be3000 rw-p 00004000 07:07 8893                       /usr/lib/x86_64-linux-gnu/libdl-2.31.so
7fe3f7be3000-7fe3f7be5000 r--p 00000000 07:07 9290                       /usr/lib/x86_64-linux-gnu/libz.so.1.2.11
7fe3f7be5000-7fe3f7bf6000 r-xp 00002000 07:07 9290                       /usr/lib/x86_64-linux-gnu/libz.so.1.2.11
7fe3f7bf6000-7fe3f7bfc000 r--p 00013000 07:07 9290                       /usr/lib/x86_64-linux-gnu/libz.so.1.2.11
7fe3f7bfc000-7fe3f7bfd000 ---p 00019000 07:07 9290                       /usr/lib/x86_64-linux-gnu/libz.so.1.2.11
7fe3f7bfd000-7fe3f7bfe000 r--p 00019000 07:07 9290                       /usr/lib/x86_64-linux-gnu/libz.so.1.2.11
7fe3f7bfe000-7fe3f7bff000 rw-p 0001a000 07:07 9290                       /usr/lib/x86_64-linux-gnu/libz.so.1.2.11
7fe3f7bff000-7fe3f7c21000 r--p 00000000 07:07 8851                       /usr/lib/x86_64-linux-gnu/libc-2.31.so
7fe3f7c21000-7fe3f7d99000 r-xp 00022000 07:07 8851                       /usr/lib/x86_64-linux-gnu/libc-2.31.so
7fe3f7d99000-7fe3f7de7000 r--p 0019a000 07:07 8851                       /usr/lib/x86_64-linux-gnu/libc-2.31.so
7fe3f7de7000-7fe3f7deb000 r--p 001e7000 07:07 8851                       /usr/lib/x86_64-linux-gnu/libc-2.31.so
7fe3f7deb000-7fe3f7ded000 rw-p 001eb000 07:07 8851                       /usr/lib/x86_64-linux-gnu/libc-2.31.so
7fe3f7ded000-7fe3f7df1000 rw-p 00000000 00:00 0 
7fe3f7df3000-7fe3f7df5000 r--s 0000c000 07:07 20930                      /usr/share/java/java-atk-wrapper.jar
7fe3f7df5000-7fe3f7df6000 ---p 00000000 00:00 0 
7fe3f7df6000-7fe3f7df7000 r--p 00000000 00:00 0 
7fe3f7df7000-7fe3f7dfa000 r--p 00000000 07:07 5196                       /usr/lib/jvm/java-13-openjdk-amd64/lib/libjli.so
7fe3f7dfa000-7fe3f7e04000 r-xp 00003000 07:07 5196                       /usr/lib/jvm/java-13-openjdk-amd64/lib/libjli.so
7fe3f7e04000-7fe3f7e07000 r--p 0000d000 07:07 5196                       /usr/lib/jvm/java-13-openjdk-amd64/lib/libjli.so
7fe3f7e07000-7fe3f7e08000 r--p 0000f000 07:07 5196                       /usr/lib/jvm/java-13-openjdk-amd64/lib/libjli.so
7fe3f7e08000-7fe3f7e09000 rw-p 00010000 07:07 5196                       /usr/lib/jvm/java-13-openjdk-amd64/lib/libjli.so
7fe3f7e09000-7fe3f7e0b000 rw-p 00000000 00:00 0 
7fe3f7e0b000-7fe3f7e0c000 r--p 00000000 07:07 8572                       /usr/lib/x86_64-linux-gnu/ld-2.31.so
7fe3f7e0c000-7fe3f7e2f000 r-xp 00001000 07:07 8572                       /usr/lib/x86_64-linux-gnu/ld-2.31.so
7fe3f7e2f000-7fe3f7e37000 r--p 00024000 07:07 8572                       /usr/lib/x86_64-linux-gnu/ld-2.31.so
7fe3f7e37000-7fe3f7e38000 ---p 00000000 00:00 0 
7fe3f7e38000-7fe3f7e39000 r--p 0002c000 07:07 8572                       /usr/lib/x86_64-linux-gnu/ld-2.31.so
7fe3f7e39000-7fe3f7e3a000 rw-p 0002d000 07:07 8572                       /usr/lib/x86_64-linux-gnu/ld-2.31.so
7fe3f7e3a000-7fe3f7e3b000 rw-p 00000000 00:00 0 
7ffe2973b000-7ffe2975c000 rw-p 00000000 00:00 0                          [stack]
7ffe29782000-7ffe29784000 r-xp 00000000 00:00 0                          [vdso]
ffffffffff600000-ffffffffff601000 r-xp 00000000 00:00 0                  [vsyscall]


VM Arguments:
jvm_args: -Xmx128g --add-modules=ALL-DEFAULT 
java_command: jdk.compiler/com.sun.tools.javac.launcher.Main /mnt/beegfs/rcabanas/dev/credici/papers/journalEM/code/LearnAndCalculatePNS.java -w -x 100 -m 500 -sc KL -th 0.0 -a EMCC --seed 83 --output /mnt/beegfs/rcabanas/dev/credici/papers/journalEM/output/triangolo --cause 3 --effect 0 /mnt/beegfs/rcabanas/dev/credici/papers/journalEM/models/triangolo/triangolo_causal.uai
java_class_path (initial): /mnt/beegfs/rcabanas/dev/credici/target/credici-0.1.3-jar-with-dependencies.jar
Launcher Type: SUN_STANDARD

[Global flags]
     intx CICompilerCount                          = 2                                         {product} {ergonomic}
   size_t InitialHeapSize                          = 2147483648                                {product} {ergonomic}
   size_t MaxHeapSize                              = 137438953472                              {product} {command line}
   size_t MaxNewSize                               = 45812940800                               {product} {ergonomic}
   size_t MinHeapDeltaBytes                        = 196608                                    {product} {ergonomic}
   size_t MinHeapSize                              = 8388608                                   {product} {ergonomic}
   size_t NewSize                                  = 715784192                                 {product} {ergonomic}
    uintx NonNMethodCodeHeapSize                   = 5826188                                {pd product} {ergonomic}
    uintx NonProfiledCodeHeapSize                  = 122916026                              {pd product} {ergonomic}
   size_t OldSize                                  = 1431699456                                {product} {ergonomic}
    uintx ProfiledCodeHeapSize                     = 122916026                              {pd product} {ergonomic}
    uintx ReservedCodeCacheSize                    = 251658240                              {pd product} {ergonomic}
     bool SegmentedCodeCache                       = true                                      {product} {ergonomic}
   size_t SoftMaxHeapSize                          = 137438953472                           {manageable} {ergonomic}
     bool UseSerialGC                              = true                                      {product} {ergonomic}

Logging:
Log output configuration:
 #0: stdout all=warning uptime,level,tags
 #1: stderr all=off uptime,level,tags

Environment Variables:
PATH=/usr/local/sbin:/usr/local/bin:/usr/sbin:/usr/bin:/sbin:/bin
LD_LIBRARY_PATH=/.singularity.d/libs

Signal Handlers:
SIGSEGV: [libjvm.so+0xf8fcf0], sa_mask[0]=11111111011111111101111111111110, sa_flags=SA_RESTART|SA_SIGINFO
SIGBUS: [libjvm.so+0xf8fcf0], sa_mask[0]=11111111011111111101111111111110, sa_flags=SA_RESTART|SA_SIGINFO
SIGFPE: [libjvm.so+0xf8fcf0], sa_mask[0]=11111111011111111101111111111110, sa_flags=SA_RESTART|SA_SIGINFO
SIGPIPE: [libjvm.so+0xc3ffa0], sa_mask[0]=11111111011111111101111111111110, sa_flags=SA_RESTART|SA_SIGINFO
SIGXFSZ: [libjvm.so+0xc3ffa0], sa_mask[0]=11111111011111111101111111111110, sa_flags=SA_RESTART|SA_SIGINFO
SIGILL: [libjvm.so+0xf8fcf0], sa_mask[0]=11111111011111111101111111111110, sa_flags=SA_RESTART|SA_SIGINFO
SIGUSR2: [libjvm.so+0xc3fe40], sa_mask[0]=00000000000000000000000000000000, sa_flags=SA_RESTART|SA_SIGINFO
SIGHUP: [libjvm.so+0xc40580], sa_mask[0]=11111111011111111101111111111110, sa_flags=SA_RESTART|SA_SIGINFO
SIGINT: [libjvm.so+0xc40580], sa_mask[0]=11111111011111111101111111111110, sa_flags=SA_RESTART|SA_SIGINFO
SIGTERM: [libjvm.so+0xc40580], sa_mask[0]=11111111011111111101111111111110, sa_flags=SA_RESTART|SA_SIGINFO
SIGQUIT: [libjvm.so+0xc40580], sa_mask[0]=11111111011111111101111111111110, sa_flags=SA_RESTART|SA_SIGINFO


---------------  S Y S T E M  ---------------

OS:DISTRIB_ID=Ubuntu
DISTRIB_RELEASE=20.04
DISTRIB_CODENAME=focal
DISTRIB_DESCRIPTION="Ubuntu 20.04.4 LTS"
uname:Linux 3.10.0-1160.15.2.el7.x86_64 #1 SMP Wed Feb 3 15:06:38 UTC 2021 x86_64
OS uptime: 480 days 1:09 hours
libc:glibc 2.31 NPTL 2.31 
rlimit (soft/hard): STACK 8192k/infinity , CORE 0k/infinity , NPROC 4096/1030217 , NOFILE 131072/131072 , AS infinity/infinity , CPU infinity/infinity , DATA infinity/infinity , FSIZE infinity/infinity , MEMLOCK infinity/infinity
load average:25.34 25.62 25.54

/proc/meminfo:
MemTotal:       263895364 kB
MemFree:         4381284 kB
MemAvailable:    4423172 kB
Buffers:          186816 kB
Cached:          1471412 kB
SwapCached:        40600 kB
Active:         242529980 kB
Inactive:        7674116 kB
Active(anon):   242326876 kB
Inactive(anon):  7158496 kB
Active(file):     203104 kB
Inactive(file):   515620 kB
Unevictable:       18928 kB
Mlocked:           18928 kB
SwapTotal:       4194300 kB
SwapFree:         109088 kB
Dirty:               400 kB
Writeback:             0 kB
AnonPages:      248525480 kB
Mapped:           247656 kB
Shmem:            935284 kB
Slab:             743268 kB
SReclaimable:     188524 kB
SUnreclaim:       554744 kB
KernelStack:       26000 kB
PageTables:       514300 kB
NFS_Unstable:          0 kB
Bounce:                0 kB
WritebackTmp:          0 kB
CommitLimit:    136141980 kB
Committed_AS:   311895280 kB
VmallocTotal:   34359738367 kB
VmallocUsed:      876700 kB
VmallocChunk:   34222550588 kB
Percpu:            29696 kB
HardwareCorrupted:     0 kB
AnonHugePages:  57726976 kB
CmaTotal:              0 kB
CmaFree:               0 kB
HugePages_Total:       0
HugePages_Free:        0
HugePages_Rsvd:        0
HugePages_Surp:        0
Hugepagesize:       2048 kB
DirectMap4k:      601704 kB
DirectMap2M:    25475072 kB
DirectMap1G:    242221056 kB

/sys/kernel/mm/transparent_hugepage/enabled:
[always] madvise never

/sys/kernel/mm/transparent_hugepage/defrag (defrag/compaction efforts parameter):
[always] madvise never


/proc/sys/kernel/threads-max (system-wide limit on the number of threads):
2060435


/proc/sys/vm/max_map_count (maximum number of memory map areas a process may have):
65530


/proc/sys/kernel/pid_max (system-wide limit on number of process identifiers):
65536



Steal ticks since vm start: 0
Steal ticks percentage since vm start:  0.000

CPU:total 64 (initial active 1) (32 cores per cpu, 1 threads per core) family 23 model 49 stepping 0, cmov, cx8, fxsr, mmx, sse, sse2, sse3, ssse3, sse4.1, sse4.2, popcnt, avx, avx2, aes, clmul, mmxext, 3dnowpref, lzcnt, sse4a, tsc, tscinvbit, tscinv, bmi1, bmi2, adx, sha, fma
CPU Model and flags from /proc/cpuinfo:
model name	: AMD EPYC 7542 32-Core Processor
flags		: fpu vme de pse tsc msr pae mce cx8 apic sep mtrr pge mca cmov pat pse36 clflush mmx fxsr sse sse2 ht syscall nx mmxext fxsr_opt pdpe1gb rdtscp lm constant_tsc art rep_good nopl nonstop_tsc extd_apicid aperfmperf eagerfpu pni pclmulqdq monitor ssse3 fma cx16 sse4_1 sse4_2 movbe popcnt aes xsave avx f16c rdrand lahf_lm cmp_legacy svm extapic cr8_legacy abm sse4a misalignsse 3dnowprefetch osvw ibs skinit wdt tce topoext perfctr_core perfctr_nb bpext perfctr_l2 cpb cat_l3 cdp_l3 hw_pstate sme retpoline_amd ssbd ibrs ibpb stibp vmmcall fsgsbase bmi1 avx2 smep bmi2 cqm rdt_a rdseed adx smap clflushopt clwb sha_ni xsaveopt xsavec xgetbv1 cqm_llc cqm_occup_llc cqm_mbm_total cqm_mbm_local clzero irperf xsaveerptr arat npt lbrv svm_lock nrip_save tsc_scale vmcb_clean flushbyasid decodeassists pausefilter pfthreshold avic v_vmsave_vmload vgif umip overflow_recov succor smca
Online cpus:0-63
Offline cpus:
BIOS frequency limitation:2900000
Frequency switch latency (ns):0
Available cpu frequencies:2900000 2400000 1500000 
Current governor:conservative
Core performance/turbo boost:1

Memory: 4k page, physical 263895364k(4377656k free), swap 4194300k(109092k free)

vm_info: OpenJDK 64-Bit Server VM (13.0.7+5-Ubuntu-0ubuntu120.04) for linux-amd64 JRE (13.0.7+5-Ubuntu-0ubuntu120.04), built on Apr 21 2021 05:36:19 by "unknown" with gcc 9.3.0

END.
