#
# There is insufficient memory for the Java Runtime Environment to continue.
# Native memory allocation (mmap) failed to map 1073745920 bytes for committing reserved memory.
# Possible reasons:
#   The system is out of physical RAM or swap space
# Possible solutions:
#   Reduce memory load on the system
#   Increase physical memory or swap space
#   Check if swap backing store is full
#   Decrease Java heap size (-Xmx/-Xms)
#   Decrease number of Java threads
#   Decrease Java thread stack sizes (-Xss)
#   Set larger code cache with -XX:ReservedCodeCacheSize=
# This output file may be truncated or incomplete.
#
#  Out of Memory Error (os_linux.cpp:2899), pid=16409, tid=17018
#
# JRE version: OpenJDK Runtime Environment (13.0.7+5) (build 13.0.7+5-Ubuntu-0ubuntu120.04)
# Java VM: OpenJDK 64-Bit Server VM (13.0.7+5-Ubuntu-0ubuntu120.04, mixed mode, tiered, serial gc, linux-amd64)
# No core dump will be written. Core dumps have been disabled. To enable core dumping, try "ulimit -c unlimited" before starting Java again
#

---------------  S U M M A R Y ------------

Command Line: -Xmx64g --add-modules=ALL-DEFAULT jdk.compiler/com.sun.tools.javac.launcher.Main /mnt/beegfs/rcabanas/dev/credici/papers/journalEM/code/GenerateModel.java -n 11 -d 1000 -di 0.5 -mr 0.98 -r 1.0 --seed 41 --output /mnt/beegfs/rcabanas/dev/credici/papers/journalEM/models/synthetic/s1/ --debug

Host: AMD EPYC 7542 32-Core Processor, 64 cores, 251G, Ubuntu 20.04.4 LTS
Time: Thu Oct 13 12:44:10 2022 CEST elapsed time: 153.917072 seconds (0d 0h 2m 33s)

---------------  T H R E A D  ---------------

Current thread (0x00007fcf94097800):  VMThread "VM Thread" [stack: 0x00007fbf6e5a9000,0x00007fbf6e6a9000] [id=17018]

Stack: [0x00007fbf6e5a9000,0x00007fbf6e6a9000],  sp=0x00007fbf6e6a6920,  free space=1014k
Native frames: (J=compiled Java code, A=aot compiled Java code, j=interpreted, Vv=VM code, C=native code)
V  [libjvm.so+0xf8f092]
V  [libjvm.so+0xf8fc91]
V  [libjvm.so+0x66ee5a]
V  [libjvm.so+0xc44a41]
V  [libjvm.so+0xc3b263]
V  [libjvm.so+0xf87f4b]
V  [libjvm.so+0x557506]
V  [libjvm.so+0x557723]
V  [libjvm.so+0xf18c5e]
V  [libjvm.so+0x7e1807]
V  [libjvm.so+0x67586f]
V  [libjvm.so+0x677484]
V  [libjvm.so+0x678be7]
V  [libjvm.so+0x675f06]
V  [libjvm.so+0x676446]
V  [libjvm.so+0x7e2099]
V  [libjvm.so+0x7e2c91]
V  [libjvm.so+0x7e39bd]
V  [libjvm.so+0x7d8b48]
V  [libjvm.so+0xf90940]
V  [libjvm.so+0xf96657]
V  [libjvm.so+0xf96d2b]
V  [libjvm.so+0xf9706a]
V  [libjvm.so+0xf2208f]
V  [libjvm.so+0xc493ff]

VM_Operation (0x00007fcf98116580): GenCollectForAllocation, mode: safepoint, requested by thread 0x00007fcf94018000


---------------  P R O C E S S  ---------------

Threads class SMR info:
_java_thread_list=0x00007fcf94136900, length=9, elements={
0x00007fcf94018000, 0x00007fcf940a3800, 0x00007fcf940a7000, 0x00007fcf940cb800,
0x00007fcf940cd000, 0x00007fcf940cf000, 0x00007fcf940d1000, 0x00007fcf940d3000,
0x00007fcf94135000
}

Java Threads: ( => current thread )
  0x00007fcf94018000 JavaThread "main" [_thread_blocked, id=16559, stack(0x00007fcf98018000,0x00007fcf98119000)]
  0x00007fcf940a3800 JavaThread "Reference Handler" daemon [_thread_blocked, id=17041, stack(0x00007fbf6e4a6000,0x00007fbf6e5a7000)]
  0x00007fcf940a7000 JavaThread "Finalizer" daemon [_thread_blocked, id=17042, stack(0x00007fbf6e3a5000,0x00007fbf6e4a6000)]
  0x00007fcf940cb800 JavaThread "Signal Dispatcher" daemon [_thread_blocked, id=17150, stack(0x00007fbf6e272000,0x00007fbf6e373000)]
  0x00007fcf940cd000 JavaThread "Service Thread" daemon [_thread_blocked, id=17152, stack(0x00007fbf6e171000,0x00007fbf6e272000)]
  0x00007fcf940cf000 JavaThread "C2 CompilerThread0" daemon [_thread_blocked, id=17154, stack(0x00007fbf6e070000,0x00007fbf6e171000)]
  0x00007fcf940d1000 JavaThread "C1 CompilerThread0" daemon [_thread_blocked, id=17155, stack(0x00007fbf6df6f000,0x00007fbf6e070000)]
  0x00007fcf940d3000 JavaThread "Sweeper thread" daemon [_thread_blocked, id=17198, stack(0x00007fbf6de6e000,0x00007fbf6df6f000)]
  0x00007fcf94135000 JavaThread "Common-Cleaner" daemon [_thread_blocked, id=17415, stack(0x00007fbf6dd6d000,0x00007fbf6de6e000)]

Other Threads:
=>0x00007fcf94097800 VMThread "VM Thread" [stack: 0x00007fbf6e5a9000,0x00007fbf6e6a9000] [id=17018]
  0x00007fcf94182000 WatcherThread [stack: 0x00007fbf6dc6d000,0x00007fbf6dd6d000] [id=17506]

Threads with active compile tasks:

VM state:at safepoint (normal execution)

VM Mutex/Monitor currently owned by a thread:  ([mutex/lock_event])
[0x00007fcf94014100] Threads_lock - owner thread: 0x00007fcf94097800
[0x00007fcf94014d00] Heap_lock - owner thread: 0x00007fcf94018000

Heap:
 def new generation   total 2210240K, used 1631238K [0x00007fbf7c400000, 0x00007fc012240000, 0x00007fc4d1950000)
  eden space 1964672K,  82% used [0x00007fbf7c400000, 0x00007fbfde9bdaf8, 0x00007fbff42a0000)
  from space 245568K,   8% used [0x00007fc003270000, 0x00007fc0045b3fe0, 0x00007fc012240000)
  to   space 245568K,   0% used [0x00007fbff42a0000, 0x00007fbff42a9210, 0x00007fc003270000)
 tenured generation   total 4911560K, used 4205221K [0x00007fc4d1950000, 0x00007fc5fd5c2000, 0x00007fcf7c400000)
   the space 4911560K,  85% used [0x00007fc4d1950000, 0x00007fc5d23f95f8, 0x00007fc5d23f9600, 0x00007fc5fd5c2000)
 Metaspace       used 23354K, capacity 23702K, committed 23808K, reserved 24576K

Card table byte_map: [0x00007fbf743ff000,0x00007fbf7c400000] _byte_map_base: 0x00007f7f9481d000

Polling page: 0x00007fcf99aa4000

Metaspace:

Usage:
   23.15 MB capacity,    22.81 MB ( 99%) used,   251.98 KB (  1%) free+waste,    95.56 KB ( <1%) overhead. 

Virtual space:
     24.00 MB reserved,      23.25 MB ( 97%) committed 

Chunk freelists:
34.00 KB

MaxMetaspaceSize: unlimited


CodeHeap 'non-profiled nmethods': size=120036Kb used=1684Kb max_used=1684Kb free=118351Kb
 bounds [0x00007fcf841f6000, 0x00007fcf84466000, 0x00007fcf8b72f000]
CodeHeap 'profiled nmethods': size=120032Kb used=6396Kb max_used=6396Kb free=113635Kb
 bounds [0x00007fcf7ccbe000, 0x00007fcf7d2fe000, 0x00007fcf841f6000]
CodeHeap 'non-nmethods': size=5692Kb used=1199Kb max_used=1252Kb free=4492Kb
 bounds [0x00007fcf7c72f000, 0x00007fcf7c99f000, 0x00007fcf7ccbe000]
 total_blobs=4057 nmethods=3591 adapters=380
 compilation: enabled
              stopped_count=0, restarted_count=0
 full_count=0

Compilation events (20 events):
Event: 141.306 Thread 0x00007fcf940d1000 nmethod 3596 0x00007fcf7d2f5590 code [0x00007fcf7d2f5980, 0x00007fcf7d2f7500]
Event: 141.332 Thread 0x00007fcf940d1000 3597   !   3       java.nio.charset.CharsetEncoder::encode (285 bytes)
Event: 141.345 Thread 0x00007fcf940d1000 nmethod 3597 0x00007fcf7d2f8190 code [0x00007fcf7d2f84a0, 0x00007fcf7d2f97b0]
Event: 141.345 Thread 0x00007fcf940d1000 3598       3       sun.nio.cs.UTF_8$Encoder::encodeLoop (28 bytes)
Event: 141.346 Thread 0x00007fcf940d1000 nmethod 3598 0x00007fcf7d2f9d90 code [0x00007fcf7d2f9f60, 0x00007fcf7d2fa330]
Event: 142.492 Thread 0x00007fcf940cf000 nmethod 3587 0x00007fcf84387e90 code [0x00007fcf84388600, 0x00007fcf84391e88]
Event: 144.515 Thread 0x00007fcf940d1000 3599       3       java.nio.CharBuffer::limit (6 bytes)
Event: 144.516 Thread 0x00007fcf940d1000 nmethod 3599 0x00007fcf7d2fa490 code [0x00007fcf7d2fa640, 0x00007fcf7d2fa7e0]
Event: 144.519 Thread 0x00007fcf940cf000 3600       4       com.google.common.collect.RegularImmutableSet::internalArrayEnd (6 bytes)
Event: 144.520 Thread 0x00007fcf940cf000 nmethod 3600 0x00007fcf8439ae10 code [0x00007fcf8439af80, 0x00007fcf8439afd8]
Event: 144.524 Thread 0x00007fcf940d1000 3601       3       gnu.trove.set.hash.TIntHashSet::<init> (5 bytes)
Event: 144.525 Thread 0x00007fcf940d1000 nmethod 3601 0x00007fcf7d2fa890 code [0x00007fcf7d2faa60, 0x00007fcf7d2face0]
Event: 144.525 Thread 0x00007fcf940d1000 3602       3       java.util.stream.IntPipeline::boxed (11 bytes)
Event: 144.526 Thread 0x00007fcf940d1000 nmethod 3602 0x00007fcf7d2fae10 code [0x00007fcf7d2fafe0, 0x00007fcf7d2fb420]
Event: 144.526 Thread 0x00007fcf940d1000 3603       3       java.util.stream.ReferencePipeline$StatefulOp::<init> (29 bytes)
Event: 144.526 Thread 0x00007fcf940d1000 nmethod 3603 0x00007fcf7d2fb610 code [0x00007fcf7d2fb7c0, 0x00007fcf7d2fb960]
Event: 144.526 Thread 0x00007fcf940d1000 3604       3       java.util.stream.ReferencePipeline::sorted (6 bytes)
Event: 144.526 Thread 0x00007fcf940d1000 nmethod 3604 0x00007fcf7d2fba90 code [0x00007fcf7d2fbc40, 0x00007fcf7d2fbe40]
Event: 144.526 Thread 0x00007fcf940d1000 3605       3       java.util.stream.SortedOps$OfRef::opWrapSink (60 bytes)
Event: 144.527 Thread 0x00007fcf940d1000 nmethod 3605 0x00007fcf7d2fbf10 code [0x00007fcf7d2fc180, 0x00007fcf7d2fcf40]

GC Heap History (20 events):
Event: 126.454 GC heap after
{Heap after GC invocations=39 (full 16):
 def new generation   total 794688K, used 0K [0x00007fbf7c400000, 0x00007fbfb2240000, 0x00007fc4d1950000)
  eden space 706432K,   0% used [0x00007fbf7c400000, 0x00007fbf7c400000, 0x00007fbfa75e0000)
  from space 88256K,   0% used [0x00007fbfa75e0000, 0x00007fbfa75e0000, 0x00007fbfacc10000)
  to   space 88256K,   0% used [0x00007fbfacc10000, 0x00007fbfacc10000, 0x00007fbfb2240000)
 tenured generation   total 1765824K, used 1059492K [0x00007fc4d1950000, 0x00007fc53d5c0000, 0x00007fcf7c400000)
   the space 1765824K,  59% used [0x00007fc4d1950000, 0x00007fc5123f92a8, 0x00007fc5123f9400, 0x00007fc53d5c0000)
 Metaspace       used 23330K, capacity 23702K, committed 23808K, reserved 24576K
}
Event: 128.295 GC heap before
{Heap before GC invocations=39 (full 16):
 def new generation   total 794688K, used 538326K [0x00007fbf7c400000, 0x00007fbfb2240000, 0x00007fc4d1950000)
  eden space 706432K,  76% used [0x00007fbf7c400000, 0x00007fbf9d1b5ad0, 0x00007fbfa75e0000)
  from space 88256K,   0% used [0x00007fbfa75e0000, 0x00007fbfa75e0000, 0x00007fbfacc10000)
  to   space 88256K,   0% used [0x00007fbfacc10000, 0x00007fbfacc10000, 0x00007fbfb2240000)
 tenured generation   total 2814404K, used 2108068K [0x00007fc4d1950000, 0x00007fc57d5c1000, 0x00007fcf7c400000)
   the space 2814404K,  74% used [0x00007fc4d1950000, 0x00007fc5523f92c0, 0x00007fc5523f9400, 0x00007fc57d5c1000)
 Metaspace       used 23330K, capacity 23702K, committed 23808K, reserved 24576K
}
Event: 128.834 GC heap after
{Heap after GC invocations=40 (full 16):
 def new generation   total 794688K, used 0K [0x00007fbf7c400000, 0x00007fbfb2240000, 0x00007fc4d1950000)
  eden space 706432K,   0% used [0x00007fbf7c400000, 0x00007fbf7c400000, 0x00007fbfa75e0000)
  from space 88256K,   0% used [0x00007fbfacc10000, 0x00007fbfacc102f0, 0x00007fbfb2240000)
  to   space 88256K,   0% used [0x00007fbfa75e0000, 0x00007fbfa75e0000, 0x00007fbfacc10000)
 tenured generation   total 2814404K, used 2632356K [0x00007fc4d1950000, 0x00007fc57d5c1000, 0x00007fcf7c400000)
   the space 2814404K,  93% used [0x00007fc4d1950000, 0x00007fc5723f92d8, 0x00007fc5723f9400, 0x00007fc57d5c1000)
 Metaspace       used 23330K, capacity 23702K, committed 23808K, reserved 24576K
}
Event: 129.162 GC heap before
{Heap before GC invocations=40 (full 16):
 def new generation   total 794688K, used 538358K [0x00007fbf7c400000, 0x00007fbfb2240000, 0x00007fc4d1950000)
  eden space 706432K,  76% used [0x00007fbf7c400000, 0x00007fbf9d1bd8f8, 0x00007fbfa75e0000)
  from space 88256K,   0% used [0x00007fbfacc10000, 0x00007fbfacc102f0, 0x00007fbfb2240000)
  to   space 88256K,   0% used [0x00007fbfa75e0000, 0x00007fbfa75e0000, 0x00007fbfacc10000)
 tenured generation   total 2814404K, used 2632356K [0x00007fc4d1950000, 0x00007fc57d5c1000, 0x00007fcf7c400000)
   the space 2814404K,  93% used [0x00007fc4d1950000, 0x00007fc5723f92d8, 0x00007fc5723f9400, 0x00007fc57d5c1000)
 Metaspace       used 23330K, capacity 23702K, committed 23808K, reserved 24576K
}
Event: 129.617 GC heap after
{Heap after GC invocations=41 (full 16):
 def new generation   total 794688K, used 1K [0x00007fbf7c400000, 0x00007fbfb2240000, 0x00007fc4d1950000)
  eden space 706432K,   0% used [0x00007fbf7c400000, 0x00007fbf7c400000, 0x00007fbfa75e0000)
  from space 88256K,   0% used [0x00007fbfa75e0000, 0x00007fbfa75e0568, 0x00007fbfacc10000)
  to   space 88256K,   0% used [0x00007fbfacc10000, 0x00007fbfacc10000, 0x00007fbfb2240000)
 tenured generation   total 3338696K, used 3156644K [0x00007fc4d1950000, 0x00007fc59d5c2000, 0x00007fcf7c400000)
   the space 3338696K,  94% used [0x00007fc4d1950000, 0x00007fc5923f92f0, 0x00007fc5923f9400, 0x00007fc59d5c2000)
 Metaspace       used 23330K, capacity 23702K, committed 23808K, reserved 24576K
}
Event: 129.617 GC heap before
{Heap before GC invocations=41 (full 16):
 def new generation   total 794688K, used 1K [0x00007fbf7c400000, 0x00007fbfb2240000, 0x00007fc4d1950000)
  eden space 706432K,   0% used [0x00007fbf7c400000, 0x00007fbf7c400000, 0x00007fbfa75e0000)
  from space 88256K,   0% used [0x00007fbfa75e0000, 0x00007fbfa75e0568, 0x00007fbfacc10000)
  to   space 88256K,   0% used [0x00007fbfacc10000, 0x00007fbfacc10000, 0x00007fbfb2240000)
 tenured generation   total 3338696K, used 3156644K [0x00007fc4d1950000, 0x00007fc59d5c2000, 0x00007fcf7c400000)
   the space 3338696K,  94% used [0x00007fc4d1950000, 0x00007fc5923f92f0, 0x00007fc5923f9400, 0x00007fc59d5c2000)
 Metaspace       used 23330K, capacity 23702K, committed 23808K, reserved 24576K
}
Event: 130.025 GC heap after
{Heap after GC invocations=41 (full 17):
 def new generation   total 1266560K, used 0K [0x00007fbf7c400000, 0x00007fbfd2240000, 0x00007fc4d1950000)
  eden space 1125888K,   0% used [0x00007fbf7c400000, 0x00007fbf7c400000, 0x00007fbfc0f80000)
  from space 140672K,   0% used [0x00007fbfc0f80000, 0x00007fbfc0f80000, 0x00007fbfc98e0000)
  to   space 140672K,   0% used [0x00007fbfc98e0000, 0x00007fbfc98e0000, 0x00007fbfd2240000)
 tenured generation   total 2814404K, used 1059493K [0x00007fc4d1950000, 0x00007fc57d5c1000, 0x00007fcf7c400000)
   the space 2814404K,  37% used [0x00007fc4d1950000, 0x00007fc5123f9528, 0x00007fc5123f9600, 0x00007fc57d5c1000)
 Metaspace       used 23330K, capacity 23702K, committed 23808K, reserved 24576K
}
Event: 134.069 GC heap before
{Heap before GC invocations=41 (full 17):
 def new generation   total 1266560K, used 1070827K [0x00007fbf7c400000, 0x00007fbfd2240000, 0x00007fc4d1950000)
  eden space 1125888K,  95% used [0x00007fbf7c400000, 0x00007fbfbd9bad80, 0x00007fbfc0f80000)
  from space 140672K,   0% used [0x00007fbfc0f80000, 0x00007fbfc0f80000, 0x00007fbfc98e0000)
  to   space 140672K,   0% used [0x00007fbfc98e0000, 0x00007fbfc98e0000, 0x00007fbfd2240000)
 tenured generation   total 4911560K, used 3156645K [0x00007fc4d1950000, 0x00007fc5fd5c2000, 0x00007fcf7c400000)
   the space 4911560K,  64% used [0x00007fc4d1950000, 0x00007fc5923f9540, 0x00007fc5923f9600, 0x00007fc5fd5c2000)
 Metaspace       used 23330K, capacity 23702K, committed 23808K, reserved 24576K
}
Event: 137.129 GC heap after
{Heap after GC invocations=42 (full 17):
 def new generation   total 1266560K, used 0K [0x00007fbf7c400000, 0x00007fbfd2240000, 0x00007fc4d1950000)
  eden space 1125888K,   0% used [0x00007fbf7c400000, 0x00007fbf7c400000, 0x00007fbfc0f80000)
  from space 140672K,   0% used [0x00007fbfc98e0000, 0x00007fbfc98e0358, 0x00007fbfd2240000)
  to   space 140672K,   0% used [0x00007fbfc0f80000, 0x00007fbfc0f80000, 0x00007fbfc98e0000)
 tenured generation   total 4911560K, used 4205221K [0x00007fc4d1950000, 0x00007fc5fd5c2000, 0x00007fcf7c400000)
   the space 4911560K,  85% used [0x00007fc4d1950000, 0x00007fc5d23f9558, 0x00007fc5d23f9600, 0x00007fc5fd5c2000)
 Metaspace       used 23330K, capacity 23702K, committed 23808K, reserved 24576K
}
Event: 138.864 GC heap before
{Heap before GC invocations=42 (full 17):
 def new generation   total 1266560K, used 1070921K [0x00007fbf7c400000, 0x00007fbfd2240000, 0x00007fc4d1950000)
  eden space 1125888K,  95% used [0x00007fbf7c400000, 0x00007fbfbd9d22b8, 0x00007fbfc0f80000)
  from space 140672K,   0% used [0x00007fbfc98e0000, 0x00007fbfc98e0358, 0x00007fbfd2240000)
  to   space 140672K,   0% used [0x00007fbfc0f80000, 0x00007fbfc0f80000, 0x00007fbfc98e0000)
 tenured generation   total 4911560K, used 4205221K [0x00007fc4d1950000, 0x00007fc5fd5c2000, 0x00007fcf7c400000)
   the space 4911560K,  85% used [0x00007fc4d1950000, 0x00007fc5d23f9558, 0x00007fc5d23f9600, 0x00007fc5fd5c2000)
 Metaspace       used 23330K, capacity 23702K, committed 23808K, reserved 24576K
}
Event: 140.191 GC heap after
{Heap after GC invocations=43 (full 17):
 def new generation   total 1266560K, used 2K [0x00007fbf7c400000, 0x00007fbfd2240000, 0x00007fc4d1950000)
  eden space 1125888K,   0% used [0x00007fbf7c400000, 0x00007fbf7c400000, 0x00007fbfc0f80000)
  from space 140672K,   0% used [0x00007fbfc0f80000, 0x00007fbfc0f80888, 0x00007fbfc98e0000)
  to   space 140672K,   0% used [0x00007fbfc98e0000, 0x00007fbfc98e0000, 0x00007fbfd2240000)
 tenured generation   total 5435852K, used 5253797K [0x00007fc4d1950000, 0x00007fc61d5c3000, 0x00007fcf7c400000)
   the space 5435852K,  96% used [0x00007fc4d1950000, 0x00007fc6123f95a0, 0x00007fc6123f9600, 0x00007fc61d5c3000)
 Metaspace       used 23330K, capacity 23702K, committed 23808K, reserved 24576K
}
Event: 140.191 GC heap before
{Heap before GC invocations=43 (full 17):
 def new generation   total 1266560K, used 2K [0x00007fbf7c400000, 0x00007fbfd2240000, 0x00007fc4d1950000)
  eden space 1125888K,   0% used [0x00007fbf7c400000, 0x00007fbf7c400000, 0x00007fbfc0f80000)
  from space 140672K,   0% used [0x00007fbfc0f80000, 0x00007fbfc0f80888, 0x00007fbfc98e0000)
  to   space 140672K,   0% used [0x00007fbfc98e0000, 0x00007fbfc98e0000, 0x00007fbfd2240000)
 tenured generation   total 5435852K, used 5253797K [0x00007fc4d1950000, 0x00007fc61d5c3000, 0x00007fcf7c400000)
   the space 5435852K,  96% used [0x00007fc4d1950000, 0x00007fc6123f95a0, 0x00007fc6123f9600, 0x00007fc61d5c3000)
 Metaspace       used 23330K, capacity 23702K, committed 23808K, reserved 24576K
}
Event: 140.583 GC heap after
{Heap after GC invocations=43 (full 18):
 def new generation   total 2210240K, used 0K [0x00007fbf7c400000, 0x00007fc012240000, 0x00007fc4d1950000)
  eden space 1964672K,   0% used [0x00007fbf7c400000, 0x00007fbf7c400000, 0x00007fbff42a0000)
  from space 245568K,   0% used [0x00007fbff42a0000, 0x00007fbff42a0000, 0x00007fc003270000)
  to   space 245568K,   0% used [0x00007fc003270000, 0x00007fc003270000, 0x00007fc012240000)
 tenured generation   total 4911560K, used 535205K [0x00007fc4d1950000, 0x00007fc5fd5c2000, 0x00007fcf7c400000)
   the space 4911560K,  10% used [0x00007fc4d1950000, 0x00007fc4f23f95b0, 0x00007fc4f23f9600, 0x00007fc5fd5c2000)
 Metaspace       used 23330K, capacity 23702K, committed 23808K, reserved 24576K
}
Event: 144.543 GC heap before
{Heap before GC invocations=43 (full 18):
 def new generation   total 2210240K, used 1870009K [0x00007fbf7c400000, 0x00007fc012240000, 0x00007fc4d1950000)
  eden space 1964672K,  95% used [0x00007fbf7c400000, 0x00007fbfee62e788, 0x00007fbff42a0000)
  from space 245568K,   0% used [0x00007fbff42a0000, 0x00007fbff42a0000, 0x00007fc003270000)
  to   space 245568K,   0% used [0x00007fc003270000, 0x00007fc003270000, 0x00007fc012240000)
 tenured generation   total 4911560K, used 535205K [0x00007fc4d1950000, 0x00007fc5fd5c2000, 0x00007fcf7c400000)
   the space 4911560K,  10% used [0x00007fc4d1950000, 0x00007fc4f23f95b0, 0x00007fc4f23f9600, 0x00007fc5fd5c2000)
 Metaspace       used 23354K, capacity 23702K, committed 23808K, reserved 24576K
}
Event: 144.588 GC heap after
{Heap after GC invocations=44 (full 18):
 def new generation   total 2210240K, used 20370K [0x00007fbf7c400000, 0x00007fc012240000, 0x00007fc4d1950000)
  eden space 1964672K,   0% used [0x00007fbf7c400000, 0x00007fbf7c400000, 0x00007fbff42a0000)
  from space 245568K,   8% used [0x00007fc003270000, 0x00007fc004654940, 0x00007fc012240000)
  to   space 245568K,   0% used [0x00007fbff42a0000, 0x00007fbff42a0000, 0x00007fc003270000)
 tenured generation   total 4911560K, used 535205K [0x00007fc4d1950000, 0x00007fc5fd5c2000, 0x00007fcf7c400000)
   the space 4911560K,  10% used [0x00007fc4d1950000, 0x00007fc4f23f95b0, 0x00007fc4f23f9600, 0x00007fc5fd5c2000)
 Metaspace       used 23354K, capacity 23702K, committed 23808K, reserved 24576K
}
Event: 145.671 GC heap before
{Heap before GC invocations=44 (full 18):
 def new generation   total 2210240K, used 1107639K [0x00007fbf7c400000, 0x00007fc012240000, 0x00007fc4d1950000)
  eden space 1964672K,  55% used [0x00007fbf7c400000, 0x00007fbfbe9c92f8, 0x00007fbff42a0000)
  from space 245568K,   8% used [0x00007fc003270000, 0x00007fc004654940, 0x00007fc012240000)
  to   space 245568K,   0% used [0x00007fbff42a0000, 0x00007fbff42a0000, 0x00007fc003270000)
 tenured generation   total 4911560K, used 535205K [0x00007fc4d1950000, 0x00007fc5fd5c2000, 0x00007fcf7c400000)
   the space 4911560K,  10% used [0x00007fc4d1950000, 0x00007fc4f23f95b0, 0x00007fc4f23f9600, 0x00007fc5fd5c2000)
 Metaspace       used 23354K, capacity 23702K, committed 23808K, reserved 24576K
}
Event: 146.714 GC heap after
{Heap after GC invocations=45 (full 18):
 def new generation   total 2210240K, used 19794K [0x00007fbf7c400000, 0x00007fc012240000, 0x00007fc4d1950000)
  eden space 1964672K,   0% used [0x00007fbf7c400000, 0x00007fbf7c400000, 0x00007fbff42a0000)
  from space 245568K,   8% used [0x00007fbff42a0000, 0x00007fbff55f4988, 0x00007fc003270000)
  to   space 245568K,   0% used [0x00007fc003270000, 0x00007fc003270000, 0x00007fc012240000)
 tenured generation   total 4911560K, used 1583781K [0x00007fc4d1950000, 0x00007fc5fd5c2000, 0x00007fcf7c400000)
   the space 4911560K,  32% used [0x00007fc4d1950000, 0x00007fc5323f95c8, 0x00007fc5323f9600, 0x00007fc5fd5c2000)
 Metaspace       used 23354K, capacity 23702K, committed 23808K, reserved 24576K
}
Event: 148.633 GC heap before
{Heap before GC invocations=45 (full 18):
 def new generation   total 2210240K, used 1631466K [0x00007fbf7c400000, 0x00007fc012240000, 0x00007fc4d1950000)
  eden space 1964672K,  82% used [0x00007fbf7c400000, 0x00007fbfde9e5f80, 0x00007fbff42a0000)
  from space 245568K,   8% used [0x00007fbff42a0000, 0x00007fbff55f4988, 0x00007fc003270000)
  to   space 245568K,   0% used [0x00007fc003270000, 0x00007fc003270000, 0x00007fc012240000)
 tenured generation   total 4911560K, used 1583781K [0x00007fc4d1950000, 0x00007fc5fd5c2000, 0x00007fcf7c400000)
   the space 4911560K,  32% used [0x00007fc4d1950000, 0x00007fc5323f95c8, 0x00007fc5323f9600, 0x00007fc5fd5c2000)
 Metaspace       used 23354K, capacity 23702K, committed 23808K, reserved 24576K
}
Event: 149.306 GC heap after
{Heap after GC invocations=46 (full 18):
 def new generation   total 2210240K, used 19727K [0x00007fbf7c400000, 0x00007fc012240000, 0x00007fc4d1950000)
  eden space 1964672K,   0% used [0x00007fbf7c400000, 0x00007fbf7c400000, 0x00007fbff42a0000)
  from space 245568K,   8% used [0x00007fc003270000, 0x00007fc0045b3fe0, 0x00007fc012240000)
  to   space 245568K,   0% used [0x00007fbff42a0000, 0x00007fbff42a0000, 0x00007fc003270000)
 tenured generation   total 4911560K, used 2108069K [0x00007fc4d1950000, 0x00007fc5fd5c2000, 0x00007fcf7c400000)
   the space 4911560K,  42% used [0x00007fc4d1950000, 0x00007fc5523f95e0, 0x00007fc5523f9600, 0x00007fc5fd5c2000)
 Metaspace       used 23354K, capacity 23702K, committed 23808K, reserved 24576K
}
Event: 153.878 GC heap before
{Heap before GC invocations=46 (full 18):
 def new generation   total 2210240K, used 1631238K [0x00007fbf7c400000, 0x00007fc012240000, 0x00007fc4d1950000)
  eden space 1964672K,  82% used [0x00007fbf7c400000, 0x00007fbfde9bdaf8, 0x00007fbff42a0000)
  from space 245568K,   8% used [0x00007fc003270000, 0x00007fc0045b3fe0, 0x00007fc012240000)
  to   space 245568K,   0% used [0x00007fbff42a0000, 0x00007fbff42a0000, 0x00007fc003270000)
 tenured generation   total 4911560K, used 4205221K [0x00007fc4d1950000, 0x00007fc5fd5c2000, 0x00007fcf7c400000)
   the space 4911560K,  85% used [0x00007fc4d1950000, 0x00007fc5d23f95f8, 0x00007fc5d23f9600, 0x00007fc5fd5c2000)
 Metaspace       used 23354K, capacity 23702K, committed 23808K, reserved 24576K
}

Deoptimization events (20 events):
Event: 62.903 Thread 0x00007fcf94018000 DEOPT PACKING pc=0x00007fcf84375ca0 sp=0x00007fcf981169d0
Event: 62.903 Thread 0x00007fcf94018000 DEOPT UNPACKING pc=0x00007fcf7c777e25 sp=0x00007fcf98116980 mode 2
Event: 62.909 Thread 0x00007fcf94018000 Uncommon trap: trap_request=0xffffffd6 fr.pc=0x00007fcf84375ca0 relative=0x00000000000000a0
Event: 62.909 Thread 0x00007fcf94018000 Uncommon trap: reason=array_check action=maybe_recompile pc=0x00007fcf84375ca0 method=java.util.stream.Nodes$FixedNodeBuilder.accept(Ljava/lang/Object;)V @ 28 c2
Event: 62.909 Thread 0x00007fcf94018000 DEOPT PACKING pc=0x00007fcf84375ca0 sp=0x00007fcf981169d0
Event: 62.909 Thread 0x00007fcf94018000 DEOPT UNPACKING pc=0x00007fcf7c777e25 sp=0x00007fcf98116980 mode 2
Event: 62.909 Thread 0x00007fcf94018000 Uncommon trap: trap_request=0xffffffd6 fr.pc=0x00007fcf84375ca0 relative=0x00000000000000a0
Event: 62.909 Thread 0x00007fcf94018000 Uncommon trap: reason=array_check action=maybe_recompile pc=0x00007fcf84375ca0 method=java.util.stream.Nodes$FixedNodeBuilder.accept(Ljava/lang/Object;)V @ 28 c2
Event: 62.909 Thread 0x00007fcf94018000 DEOPT PACKING pc=0x00007fcf84375ca0 sp=0x00007fcf981169d0
Event: 62.909 Thread 0x00007fcf94018000 DEOPT UNPACKING pc=0x00007fcf7c777e25 sp=0x00007fcf98116980 mode 2
Event: 62.909 Thread 0x00007fcf94018000 Uncommon trap: trap_request=0xffffffd6 fr.pc=0x00007fcf84375ca0 relative=0x00000000000000a0
Event: 62.909 Thread 0x00007fcf94018000 Uncommon trap: reason=array_check action=maybe_recompile pc=0x00007fcf84375ca0 method=java.util.stream.Nodes$FixedNodeBuilder.accept(Ljava/lang/Object;)V @ 28 c2
Event: 62.909 Thread 0x00007fcf94018000 DEOPT PACKING pc=0x00007fcf84375ca0 sp=0x00007fcf981169d0
Event: 62.909 Thread 0x00007fcf94018000 DEOPT UNPACKING pc=0x00007fcf7c777e25 sp=0x00007fcf98116980 mode 2
Event: 62.921 Thread 0x00007fcf94018000 DEOPT PACKING pc=0x00007fcf7d2614c9 sp=0x00007fcf98116740
Event: 62.921 Thread 0x00007fcf94018000 DEOPT UNPACKING pc=0x00007fcf7c77833a sp=0x00007fcf98115c18 mode 0
Event: 110.606 Thread 0x00007fcf94018000 DEOPT PACKING pc=0x00007fcf7d2718cd sp=0x00007fcf98116810
Event: 110.606 Thread 0x00007fcf94018000 DEOPT UNPACKING pc=0x00007fcf7c77833a sp=0x00007fcf98115c20 mode 0
Event: 124.695 Thread 0x00007fcf94018000 DEOPT PACKING pc=0x00007fcf7d2dd185 sp=0x00007fcf98116510
Event: 124.695 Thread 0x00007fcf94018000 DEOPT UNPACKING pc=0x00007fcf7c77833a sp=0x00007fcf98115aa8 mode 0

Classes unloaded (0 events):
No events

Classes redefined (0 events):
No events

Internal exceptions (20 events):
Event: 1.227 Thread 0x00007fcf94018000 Exception <a 'java/lang/NoSuchMethodError'{0x00007fbf7da0a610}: 'java.lang.Object java.lang.invoke.DirectMethodHandle$Holder.invokeSpecial(java.lang.Object, java.lang.Object, java.lang.Object, int, int)'> (0x00007fbf7da0a610) 
thrown [src/hotspot/share/interpreter/linkResolver.cpp, line 766]
Event: 1.599 Thread 0x00007fcf94018000 Exception <a 'java/lang/NoSuchMethodError'{0x00007fbf7efdd500}: 'int java.lang.invoke.DirectMethodHandle$Holder.invokeSpecial(java.lang.Object, java.lang.Object, java.lang.Object, java.lang.Object, java.lang.Object)'> (0x00007fbf7efdd500) 
thrown [src/hotspot/share/interpreter/linkResolver.cpp, line 766]
Event: 1.675 Thread 0x00007fcf94018000 Exception <a 'java/lang/NoSuchMethodError'{0x00007fbf7f3f3928}: 'java.lang.Object java.lang.invoke.DirectMethodHandle$Holder.invokeStatic(java.lang.Object, java.lang.Object, int, int)'> (0x00007fbf7f3f3928) 
thrown [src/hotspot/share/interpreter/linkResolver.cpp, line 766]
Event: 1.986 Thread 0x00007fcf94018000 Exception <a 'java/lang/NoSuchMethodError'{0x00007fbf8071dae8}: 'int java.lang.invoke.DirectMethodHandle$Holder.invokeVirtual(java.lang.Object, java.lang.Object, java.lang.Object, java.lang.Object)'> (0x00007fbf8071dae8) 
thrown [src/hotspot/share/interpreter/linkResolver.cpp, line 766]
Event: 1.987 Thread 0x00007fcf94018000 Exception <a 'java/lang/NoSuchMethodError'{0x00007fbf8072bc30}: 'java.lang.Object java.lang.invoke.DirectMethodHandle$Holder.invokeStatic(java.lang.Object, java.lang.Object, int, java.lang.Object)'> (0x00007fbf8072bc30) 
thrown [src/hotspot/share/interpreter/linkResolver.cpp, line 766]
Event: 1.988 Thread 0x00007fcf94018000 Exception <a 'java/lang/NoSuchMethodError'{0x00007fbf80734548}: 'java.lang.Object java.lang.invoke.Invokers$Holder.linkToTargetMethod(java.lang.Object, int, java.lang.Object, java.lang.Object)'> (0x00007fbf80734548) 
thrown [src/hotspot/share/interpreter/linkResolver.cpp, line 766]
Event: 2.548 Thread 0x00007fcf94018000 Exception <a 'java/lang/NoSuchMethodError'{0x00007fbf80fe8d08}: 'java.lang.Object java.lang.invoke.Invokers$Holder.linkToTargetMethod(java.lang.Object, int, java.lang.Object)'> (0x00007fbf80fe8d08) 
thrown [src/hotspot/share/interpreter/linkResolver.cpp, line 766]
Event: 2.586 Thread 0x00007fcf94018000 Exception <a 'java/lang/NoSuchMethodError'{0x00007fbf8107e6e8}: 'java.lang.Object java.lang.invoke.Invokers$Holder.linkToTargetMethod(java.lang.Object, long, java.lang.Object)'> (0x00007fbf8107e6e8) 
thrown [src/hotspot/share/interpreter/linkResolver.cpp, line 766]
Event: 2.606 Thread 0x00007fcf94018000 Exception <a 'java/lang/NoSuchMethodError'{0x00007fbf810e8108}: 'java.lang.Object java.lang.invoke.Invokers$Holder.linkToTargetMethod(double, java.lang.Object)'> (0x00007fbf810e8108) 
thrown [src/hotspot/share/interpreter/linkResolver.cpp, line 766]
Event: 2.877 Thread 0x00007fcf94018000 Exception <a 'java/lang/NoSuchMethodError'{0x00007fbf817bb250}: 'java.lang.Object java.lang.invoke.Invokers$Holder.invokeExact_MT(java.lang.Object, java.lang.Object, java.lang.Object, java.lang.Object, java.lang.Object, java.lang.Object)'> (0x00007fbf817bb250) 
thrown [src/hotspot/share/interpreter/linkResolver.cpp, line 766]
Event: 3.052 Thread 0x00007fcf94018000 Exception <a 'java/lang/NoSuchMethodError'{0x00007fbf8186dc90}: 'int java.lang.invoke.DirectMethodHandle$Holder.invokeStatic(java.lang.Object, java.lang.Object, int)'> (0x00007fbf8186dc90) 
thrown [src/hotspot/share/interpreter/linkResolver.cpp, line 766]
Event: 3.055 Thread 0x00007fcf94018000 Exception <a 'java/lang/NoSuchMethodError'{0x00007fbf81880b98}: 'int java.lang.invoke.DirectMethodHandle$Holder.invokeStatic(java.lang.Object, java.lang.Object, java.lang.Object, int)'> (0x00007fbf81880b98) 
thrown [src/hotspot/share/interpreter/linkResolver.cpp, line 766]
Event: 3.134 Thread 0x00007fcf940a7000 Implicit null exception at 0x00007fcf84249b4c to 0x00007fcf84249c00
Event: 3.765 Thread 0x00007fcf94018000 Exception <a 'java/lang/NoSuchMethodError'{0x00007fbf868fd3a0}: 'void java.lang.invoke.DirectMethodHandle$Holder.invokeInterface(java.lang.Object, java.lang.Object, int)'> (0x00007fbf868fd3a0) 
thrown [src/hotspot/share/interpreter/linkResolver.cpp, line 766]
Event: 3.765 Thread 0x00007fcf94018000 Exception <a 'java/lang/IncompatibleClassChangeError'{0x00007fbf86901160}: Found class java.lang.Object, but interface was expected> (0x00007fbf86901160) 
thrown [src/hotspot/share/interpreter/linkResolver.cpp, line 833]
Event: 3.886 Thread 0x00007fcf94018000 Exception <a 'java/lang/NoSuchMethodError'{0x00007fbf86db1b08}: 'int java.lang.invoke.DirectMethodHandle$Holder.invokeStatic(java.lang.Object, int, java.lang.Object, int)'> (0x00007fbf86db1b08) 
thrown [src/hotspot/share/interpreter/linkResolver.cpp, line 766]
Event: 3.887 Thread 0x00007fcf94018000 Exception <a 'java/lang/NoSuchMethodError'{0x00007fbf86db8b48}: 'java.lang.Object java.lang.invoke.DirectMethodHandle$Holder.invokeStatic(java.lang.Object, int, java.lang.Object)'> (0x00007fbf86db8b48) 
thrown [src/hotspot/share/interpreter/linkResolver.cpp, line 766]
Event: 3.944 Thread 0x00007fcf94018000 Exception <a 'java/lang/NoSuchMethodError'{0x00007fbf86f4e630}: 'void java.lang.invoke.DirectMethodHandle$Holder.invokeStatic(java.lang.Object, java.lang.Object, int)'> (0x00007fbf86f4e630) 
thrown [src/hotspot/share/interpreter/linkResolver.cpp, line 766]
Event: 5.459 Thread 0x00007fcf94018000 Exception <a 'java/lang/IncompatibleClassChangeError'{0x00007fbf95ad6920}: Found class java.lang.Object, but interface was expected> (0x00007fbf95ad6920) 
thrown [src/hotspot/share/interpreter/linkResolver.cpp, line 833]
Event: 6.109 Thread 0x00007fcf94018000 Exception <a 'java/lang/NegativeArraySizeException'{0x00007fbf8078d5f0}: -2147483648> (0x00007fbf8078d5f0) 
thrown [src/hotspot/share/oops/klass.cpp, line 674]

Events (20 events):
Event: 124.518 Executing VM operation: GenCollectForAllocation done
Event: 124.707 Executing VM operation: GenCollectForAllocation
Event: 124.888 Executing VM operation: GenCollectForAllocation done
Event: 125.978 Executing VM operation: GenCollectForAllocation
Event: 126.457 Executing VM operation: GenCollectForAllocation done
Event: 128.290 Executing VM operation: GenCollectForAllocation
Event: 128.834 Executing VM operation: GenCollectForAllocation done
Event: 129.162 Executing VM operation: GenCollectForAllocation
Event: 130.029 Executing VM operation: GenCollectForAllocation done
Event: 134.069 Executing VM operation: GenCollectForAllocation
Event: 137.132 Executing VM operation: GenCollectForAllocation done
Event: 138.856 Executing VM operation: GenCollectForAllocation
Event: 140.583 Executing VM operation: GenCollectForAllocation done
Event: 144.543 Executing VM operation: GenCollectForAllocation
Event: 144.588 Executing VM operation: GenCollectForAllocation done
Event: 145.671 Executing VM operation: GenCollectForAllocation
Event: 146.714 Executing VM operation: GenCollectForAllocation done
Event: 148.633 Executing VM operation: GenCollectForAllocation
Event: 149.306 Executing VM operation: GenCollectForAllocation done
Event: 153.852 Executing VM operation: GenCollectForAllocation


Dynamic libraries:
556f9e526000-556f9e527000 r--p 00000000 07:09 4860                       /usr/lib/jvm/java-13-openjdk-amd64/bin/java
556f9e527000-556f9e528000 r-xp 00001000 07:09 4860                       /usr/lib/jvm/java-13-openjdk-amd64/bin/java
556f9e528000-556f9e529000 r--p 00002000 07:09 4860                       /usr/lib/jvm/java-13-openjdk-amd64/bin/java
556f9e529000-556f9e52a000 r--p 00002000 07:09 4860                       /usr/lib/jvm/java-13-openjdk-amd64/bin/java
556f9e52a000-556f9e52b000 rw-p 00003000 07:09 4860                       /usr/lib/jvm/java-13-openjdk-amd64/bin/java
556f9f261000-556f9f282000 rw-p 00000000 00:00 0                          [heap]
7fbf40000000-7fbf40021000 rw-p 00000000 00:00 0 
7fbf40021000-7fbf44000000 ---p 00000000 00:00 0 
7fbf48000000-7fbf48021000 rw-p 00000000 00:00 0 
7fbf48021000-7fbf4c000000 ---p 00000000 00:00 0 
7fbf4c000000-7fbf4c021000 rw-p 00000000 00:00 0 
7fbf4c021000-7fbf50000000 ---p 00000000 00:00 0 
7fbf50000000-7fbf51f27000 rw-p 00000000 00:00 0 
7fbf51f27000-7fbf54000000 ---p 00000000 00:00 0 
7fbf54000000-7fbf5457f000 rw-p 00000000 00:00 0 
7fbf5457f000-7fbf58000000 ---p 00000000 00:00 0 
7fbf58000000-7fbf58021000 rw-p 00000000 00:00 0 
7fbf58021000-7fbf5c000000 ---p 00000000 00:00 0 
7fbf5c000000-7fbf5c021000 rw-p 00000000 00:00 0 
7fbf5c021000-7fbf60000000 ---p 00000000 00:00 0 
7fbf60000000-7fbf60021000 rw-p 00000000 00:00 0 
7fbf60021000-7fbf64000000 ---p 00000000 00:00 0 
7fbf64000000-7fbf64021000 rw-p 00000000 00:00 0 
7fbf64021000-7fbf68000000 ---p 00000000 00:00 0 
7fbf68000000-7fbf6804e000 rw-p 00000000 00:00 0 
7fbf6804e000-7fbf6c000000 ---p 00000000 00:00 0 
7fbf6ca82000-7fbf6cbc2000 rw-p 00000000 00:00 0 
7fbf6cbc2000-7fbf6cc82000 ---p 00000000 00:00 0 
7fbf6cc82000-7fbf6ce82000 rw-p 00000000 00:00 0 
7fbf6ce82000-7fbf6d082000 rw-p 00000000 00:00 0 
7fbf6d082000-7fbf6d282000 rw-p 00000000 00:00 0 
7fbf6d282000-7fbf6d622000 rw-p 00000000 00:00 0 
7fbf6d622000-7fbf6d822000 rw-p 00000000 00:00 0 
7fbf6d822000-7fbf6da22000 rw-p 00000000 00:00 0 
7fbf6da22000-7fbf6dc22000 rw-p 00000000 00:00 0 
7fbf6dc22000-7fbf6dc53000 rw-p 00000000 00:00 0 
7fbf6dc53000-7fbf6dc57000 r--p 00000000 07:09 5204                       /usr/lib/jvm/java-13-openjdk-amd64/lib/libnet.so
7fbf6dc57000-7fbf6dc65000 r-xp 00004000 07:09 5204                       /usr/lib/jvm/java-13-openjdk-amd64/lib/libnet.so
7fbf6dc65000-7fbf6dc69000 r--p 00012000 07:09 5204                       /usr/lib/jvm/java-13-openjdk-amd64/lib/libnet.so
7fbf6dc69000-7fbf6dc6a000 r--p 00015000 07:09 5204                       /usr/lib/jvm/java-13-openjdk-amd64/lib/libnet.so
7fbf6dc6a000-7fbf6dc6b000 rw-p 00016000 07:09 5204                       /usr/lib/jvm/java-13-openjdk-amd64/lib/libnet.so
7fbf6dc6b000-7fbf6dc6c000 ---p 00000000 00:00 0 
7fbf6dc6c000-7fbf6dd6d000 rw-p 00000000 00:00 0 
7fbf6dd6d000-7fbf6dd71000 ---p 00000000 00:00 0 
7fbf6dd71000-7fbf6de6e000 rw-p 00000000 00:00 0 
7fbf6de6e000-7fbf6de72000 ---p 00000000 00:00 0 
7fbf6de72000-7fbf6df6f000 rw-p 00000000 00:00 0 
7fbf6df6f000-7fbf6df73000 ---p 00000000 00:00 0 
7fbf6df73000-7fbf6e070000 rw-p 00000000 00:00 0 
7fbf6e070000-7fbf6e074000 ---p 00000000 00:00 0 
7fbf6e074000-7fbf6e171000 rw-p 00000000 00:00 0 
7fbf6e171000-7fbf6e175000 ---p 00000000 00:00 0 
7fbf6e175000-7fbf6e272000 rw-p 00000000 00:00 0 
7fbf6e272000-7fbf6e276000 ---p 00000000 00:00 0 
7fbf6e276000-7fbf6e373000 rw-p 00000000 00:00 0 
7fbf6e373000-7fbf6e3a5000 r--p 00000000 07:09 5276                       /usr/lib/locale/C.UTF-8/LC_CTYPE
7fbf6e3a5000-7fbf6e3a9000 ---p 00000000 00:00 0 
7fbf6e3a9000-7fbf6e4a6000 rw-p 00000000 00:00 0 
7fbf6e4a6000-7fbf6e4aa000 ---p 00000000 00:00 0 
7fbf6e4aa000-7fbf6e5a7000 rw-p 00000000 00:00 0 
7fbf6e5a7000-7fbf6e5a8000 ---p 00000000 00:00 0 
7fbf6e5a8000-7fbf6f808000 rw-p 00000000 00:00 0 
7fbf6f808000-7fbf743ff000 ---p 00000000 00:00 0 
7fbf743ff000-7fbf748af000 rw-p 00000000 00:00 0 
7fbf748af000-7fbf76ea9000 ---p 00000000 00:00 0 
7fbf76ea9000-7fbf77808000 rw-p 00000000 00:00 0 
7fbf77808000-7fbf7c3ff000 ---p 00000000 00:00 0 
7fbf7c3ff000-7fc012240000 rw-p 00000000 00:00 0 
7fc012240000-7fc4d1950000 ---p 00000000 00:00 0 
7fc4d1950000-7fc5fd5c2000 rw-p 00000000 00:00 0 
7fc63d5c3000-7fcf7c400000 ---p 00000000 00:00 0 
7fcf7c413000-7fcf7c41a000 r--p 00000000 07:09 5205                       /usr/lib/jvm/java-13-openjdk-amd64/lib/libnio.so
7fcf7c41a000-7fcf7c423000 r-xp 00007000 07:09 5205                       /usr/lib/jvm/java-13-openjdk-amd64/lib/libnio.so
7fcf7c423000-7fcf7c427000 r--p 00010000 07:09 5205                       /usr/lib/jvm/java-13-openjdk-amd64/lib/libnio.so
7fcf7c427000-7fcf7c428000 r--p 00013000 07:09 5205                       /usr/lib/jvm/java-13-openjdk-amd64/lib/libnio.so
7fcf7c428000-7fcf7c429000 rw-p 00014000 07:09 5205                       /usr/lib/jvm/java-13-openjdk-amd64/lib/libnio.so
7fcf7c429000-7fcf7c430000 r--s 00000000 07:09 8532                       /usr/lib/x86_64-linux-gnu/gconv/gconv-modules.cache
7fcf7c430000-7fcf7c552000 rw-p 00000000 00:00 0 
7fcf7c552000-7fcf7c638000 ---p 00000000 00:00 0 
7fcf7c638000-7fcf7c645000 rw-p 00000000 00:00 0 
7fcf7c645000-7fcf7c723000 ---p 00000000 00:00 0 
7fcf7c723000-7fcf7c728000 rw-p 00000000 00:00 0 
7fcf7c728000-7fcf7c72f000 ---p 00000000 00:00 0 
7fcf7c72f000-7fcf7c99f000 rwxp 00000000 00:00 0 
7fcf7c99f000-7fcf7ccbe000 ---p 00000000 00:00 0 
7fcf7ccbe000-7fcf7d2fe000 rwxp 00000000 00:00 0 
7fcf7d2fe000-7fcf841f6000 ---p 00000000 00:00 0 
7fcf841f6000-7fcf84466000 rwxp 00000000 00:00 0 
7fcf84466000-7fcf8b72f000 ---p 00000000 00:00 0 
7fcf8b72f000-7fcf93fa5000 r--s 00000000 07:09 5215                       /usr/lib/jvm/java-13-openjdk-amd64/lib/modules
7fcf93fa5000-7fcf93fa7000 r--p 00000000 07:09 5214                       /usr/lib/jvm/java-13-openjdk-amd64/lib/libzip.so
7fcf93fa7000-7fcf93fab000 r-xp 00002000 07:09 5214                       /usr/lib/jvm/java-13-openjdk-amd64/lib/libzip.so
7fcf93fab000-7fcf93fad000 r--p 00006000 07:09 5214                       /usr/lib/jvm/java-13-openjdk-amd64/lib/libzip.so
7fcf93fad000-7fcf93fae000 r--p 00007000 07:09 5214                       /usr/lib/jvm/java-13-openjdk-amd64/lib/libzip.so
7fcf93fae000-7fcf93faf000 rw-p 00008000 07:09 5214                       /usr/lib/jvm/java-13-openjdk-amd64/lib/libzip.so
7fcf93faf000-7fcf93fb7000 rw-s 00000000 08:03 101463823                  /tmp/hsperfdata_rcabanas/16409
7fcf93fb7000-7fcf93fba000 r--p 00000000 07:09 9108                       /usr/lib/x86_64-linux-gnu/libnss_files-2.31.so
7fcf93fba000-7fcf93fc1000 r-xp 00003000 07:09 9108                       /usr/lib/x86_64-linux-gnu/libnss_files-2.31.so
7fcf93fc1000-7fcf93fc3000 r--p 0000a000 07:09 9108                       /usr/lib/x86_64-linux-gnu/libnss_files-2.31.so
7fcf93fc3000-7fcf93fc4000 r--p 0000b000 07:09 9108                       /usr/lib/x86_64-linux-gnu/libnss_files-2.31.so
7fcf93fc4000-7fcf93fc5000 rw-p 0000c000 07:09 9108                       /usr/lib/x86_64-linux-gnu/libnss_files-2.31.so
7fcf93fc5000-7fcf93fcb000 rw-p 00000000 00:00 0 
7fcf93fcb000-7fcf93fcd000 r--p 00000000 07:09 5195                       /usr/lib/jvm/java-13-openjdk-amd64/lib/libjimage.so
7fcf93fcd000-7fcf93fd0000 r-xp 00002000 07:09 5195                       /usr/lib/jvm/java-13-openjdk-amd64/lib/libjimage.so
7fcf93fd0000-7fcf93fd1000 r--p 00005000 07:09 5195                       /usr/lib/jvm/java-13-openjdk-amd64/lib/libjimage.so
7fcf93fd1000-7fcf93fd2000 ---p 00006000 07:09 5195                       /usr/lib/jvm/java-13-openjdk-amd64/lib/libjimage.so
7fcf93fd2000-7fcf93fd3000 r--p 00006000 07:09 5195                       /usr/lib/jvm/java-13-openjdk-amd64/lib/libjimage.so
7fcf93fd3000-7fcf93fd4000 rw-p 00007000 07:09 5195                       /usr/lib/jvm/java-13-openjdk-amd64/lib/libjimage.so
7fcf93fd4000-7fcf93fe1000 r--p 00000000 07:09 5191                       /usr/lib/jvm/java-13-openjdk-amd64/lib/libjava.so
7fcf93fe1000-7fcf93ff6000 r-xp 0000d000 07:09 5191                       /usr/lib/jvm/java-13-openjdk-amd64/lib/libjava.so
7fcf93ff6000-7fcf93ffc000 r--p 00022000 07:09 5191                       /usr/lib/jvm/java-13-openjdk-amd64/lib/libjava.so
7fcf93ffc000-7fcf93ffd000 ---p 00028000 07:09 5191                       /usr/lib/jvm/java-13-openjdk-amd64/lib/libjava.so
7fcf93ffd000-7fcf93ffe000 r--p 00028000 07:09 5191                       /usr/lib/jvm/java-13-openjdk-amd64/lib/libjava.so
7fcf93ffe000-7fcf94000000 rw-p 00029000 07:09 5191                       /usr/lib/jvm/java-13-openjdk-amd64/lib/libjava.so
7fcf94000000-7fcf9466c000 rw-p 00000000 00:00 0 
7fcf9466c000-7fcf98000000 ---p 00000000 00:00 0 
7fcf98006000-7fcf9800b000 r--p 00000000 07:09 5213                       /usr/lib/jvm/java-13-openjdk-amd64/lib/libverify.so
7fcf9800b000-7fcf98012000 r-xp 00005000 07:09 5213                       /usr/lib/jvm/java-13-openjdk-amd64/lib/libverify.so
7fcf98012000-7fcf98014000 r--p 0000c000 07:09 5213                       /usr/lib/jvm/java-13-openjdk-amd64/lib/libverify.so
7fcf98014000-7fcf98015000 ---p 0000e000 07:09 5213                       /usr/lib/jvm/java-13-openjdk-amd64/lib/libverify.so
7fcf98015000-7fcf98017000 r--p 0000e000 07:09 5213                       /usr/lib/jvm/java-13-openjdk-amd64/lib/libverify.so
7fcf98017000-7fcf98018000 rw-p 00010000 07:09 5213                       /usr/lib/jvm/java-13-openjdk-amd64/lib/libverify.so
7fcf98018000-7fcf9801c000 ---p 00000000 00:00 0 
7fcf9801c000-7fcf98119000 rw-p 00000000 00:00 0 
7fcf98119000-7fcf9811c000 r--p 00000000 07:09 8948                       /usr/lib/x86_64-linux-gnu/libgcc_s.so.1
7fcf9811c000-7fcf9812e000 r-xp 00003000 07:09 8948                       /usr/lib/x86_64-linux-gnu/libgcc_s.so.1
7fcf9812e000-7fcf98132000 r--p 00015000 07:09 8948                       /usr/lib/x86_64-linux-gnu/libgcc_s.so.1
7fcf98132000-7fcf98133000 r--p 00018000 07:09 8948                       /usr/lib/x86_64-linux-gnu/libgcc_s.so.1
7fcf98133000-7fcf98134000 rw-p 00019000 07:09 8948                       /usr/lib/x86_64-linux-gnu/libgcc_s.so.1
7fcf98134000-7fcf98141000 r--p 00000000 07:09 9062                       /usr/lib/x86_64-linux-gnu/libm-2.31.so
7fcf98141000-7fcf981e8000 r-xp 0000d000 07:09 9062                       /usr/lib/x86_64-linux-gnu/libm-2.31.so
7fcf981e8000-7fcf98281000 r--p 000b4000 07:09 9062                       /usr/lib/x86_64-linux-gnu/libm-2.31.so
7fcf98281000-7fcf98282000 r--p 0014c000 07:09 9062                       /usr/lib/x86_64-linux-gnu/libm-2.31.so
7fcf98282000-7fcf98283000 rw-p 0014d000 07:09 9062                       /usr/lib/x86_64-linux-gnu/libm-2.31.so
7fcf98283000-7fcf98319000 r--p 00000000 07:09 9213                       /usr/lib/x86_64-linux-gnu/libstdc++.so.6.0.28
7fcf98319000-7fcf9840a000 r-xp 00096000 07:09 9213                       /usr/lib/x86_64-linux-gnu/libstdc++.so.6.0.28
7fcf9840a000-7fcf98453000 r--p 00187000 07:09 9213                       /usr/lib/x86_64-linux-gnu/libstdc++.so.6.0.28
7fcf98453000-7fcf98454000 ---p 001d0000 07:09 9213                       /usr/lib/x86_64-linux-gnu/libstdc++.so.6.0.28
7fcf98454000-7fcf9845f000 r--p 001d0000 07:09 9213                       /usr/lib/x86_64-linux-gnu/libstdc++.so.6.0.28
7fcf9845f000-7fcf98462000 rw-p 001db000 07:09 9213                       /usr/lib/x86_64-linux-gnu/libstdc++.so.6.0.28
7fcf98462000-7fcf98465000 rw-p 00000000 00:00 0 
7fcf98465000-7fcf986eb000 r--p 00000000 07:09 5226                       /usr/lib/jvm/java-13-openjdk-amd64/lib/server/libjvm.so
7fcf986eb000-7fcf99468000 r-xp 00286000 07:09 5226                       /usr/lib/jvm/java-13-openjdk-amd64/lib/server/libjvm.so
7fcf99468000-7fcf996e3000 r--p 01003000 07:09 5226                       /usr/lib/jvm/java-13-openjdk-amd64/lib/server/libjvm.so
7fcf996e3000-7fcf997a8000 r--p 0127d000 07:09 5226                       /usr/lib/jvm/java-13-openjdk-amd64/lib/server/libjvm.so
7fcf997a8000-7fcf997e3000 rw-p 01342000 07:09 5226                       /usr/lib/jvm/java-13-openjdk-amd64/lib/server/libjvm.so
7fcf997e3000-7fcf99869000 rw-p 00000000 00:00 0 
7fcf99869000-7fcf9986f000 r--p 00000000 07:09 9166                       /usr/lib/x86_64-linux-gnu/libpthread-2.31.so
7fcf9986f000-7fcf99880000 r-xp 00006000 07:09 9166                       /usr/lib/x86_64-linux-gnu/libpthread-2.31.so
7fcf99880000-7fcf99886000 r--p 00017000 07:09 9166                       /usr/lib/x86_64-linux-gnu/libpthread-2.31.so
7fcf99886000-7fcf99887000 r--p 0001c000 07:09 9166                       /usr/lib/x86_64-linux-gnu/libpthread-2.31.so
7fcf99887000-7fcf99888000 rw-p 0001d000 07:09 9166                       /usr/lib/x86_64-linux-gnu/libpthread-2.31.so
7fcf99888000-7fcf9988c000 rw-p 00000000 00:00 0 
7fcf9988c000-7fcf9988d000 r--p 00000000 07:09 8893                       /usr/lib/x86_64-linux-gnu/libdl-2.31.so
7fcf9988d000-7fcf9988f000 r-xp 00001000 07:09 8893                       /usr/lib/x86_64-linux-gnu/libdl-2.31.so
7fcf9988f000-7fcf99890000 r--p 00003000 07:09 8893                       /usr/lib/x86_64-linux-gnu/libdl-2.31.so
7fcf99890000-7fcf99891000 r--p 00003000 07:09 8893                       /usr/lib/x86_64-linux-gnu/libdl-2.31.so
7fcf99891000-7fcf99892000 rw-p 00004000 07:09 8893                       /usr/lib/x86_64-linux-gnu/libdl-2.31.so
7fcf99892000-7fcf99894000 r--p 00000000 07:09 9290                       /usr/lib/x86_64-linux-gnu/libz.so.1.2.11
7fcf99894000-7fcf998a5000 r-xp 00002000 07:09 9290                       /usr/lib/x86_64-linux-gnu/libz.so.1.2.11
7fcf998a5000-7fcf998ab000 r--p 00013000 07:09 9290                       /usr/lib/x86_64-linux-gnu/libz.so.1.2.11
7fcf998ab000-7fcf998ac000 ---p 00019000 07:09 9290                       /usr/lib/x86_64-linux-gnu/libz.so.1.2.11
7fcf998ac000-7fcf998ad000 r--p 00019000 07:09 9290                       /usr/lib/x86_64-linux-gnu/libz.so.1.2.11
7fcf998ad000-7fcf998ae000 rw-p 0001a000 07:09 9290                       /usr/lib/x86_64-linux-gnu/libz.so.1.2.11
7fcf998ae000-7fcf998d0000 r--p 00000000 07:09 8851                       /usr/lib/x86_64-linux-gnu/libc-2.31.so
7fcf998d0000-7fcf99a48000 r-xp 00022000 07:09 8851                       /usr/lib/x86_64-linux-gnu/libc-2.31.so
7fcf99a48000-7fcf99a96000 r--p 0019a000 07:09 8851                       /usr/lib/x86_64-linux-gnu/libc-2.31.so
7fcf99a96000-7fcf99a9a000 r--p 001e7000 07:09 8851                       /usr/lib/x86_64-linux-gnu/libc-2.31.so
7fcf99a9a000-7fcf99a9c000 rw-p 001eb000 07:09 8851                       /usr/lib/x86_64-linux-gnu/libc-2.31.so
7fcf99a9c000-7fcf99aa0000 rw-p 00000000 00:00 0 
7fcf99aa2000-7fcf99aa4000 r--s 0000c000 07:09 20930                      /usr/share/java/java-atk-wrapper.jar
7fcf99aa4000-7fcf99aa5000 ---p 00000000 00:00 0 
7fcf99aa5000-7fcf99aa6000 r--p 00000000 00:00 0 
7fcf99aa6000-7fcf99aa9000 r--p 00000000 07:09 5196                       /usr/lib/jvm/java-13-openjdk-amd64/lib/libjli.so
7fcf99aa9000-7fcf99ab3000 r-xp 00003000 07:09 5196                       /usr/lib/jvm/java-13-openjdk-amd64/lib/libjli.so
7fcf99ab3000-7fcf99ab6000 r--p 0000d000 07:09 5196                       /usr/lib/jvm/java-13-openjdk-amd64/lib/libjli.so
7fcf99ab6000-7fcf99ab7000 r--p 0000f000 07:09 5196                       /usr/lib/jvm/java-13-openjdk-amd64/lib/libjli.so
7fcf99ab7000-7fcf99ab8000 rw-p 00010000 07:09 5196                       /usr/lib/jvm/java-13-openjdk-amd64/lib/libjli.so
7fcf99ab8000-7fcf99aba000 rw-p 00000000 00:00 0 
7fcf99aba000-7fcf99abb000 r--p 00000000 07:09 8572                       /usr/lib/x86_64-linux-gnu/ld-2.31.so
7fcf99abb000-7fcf99ade000 r-xp 00001000 07:09 8572                       /usr/lib/x86_64-linux-gnu/ld-2.31.so
7fcf99ade000-7fcf99ae6000 r--p 00024000 07:09 8572                       /usr/lib/x86_64-linux-gnu/ld-2.31.so
7fcf99ae6000-7fcf99ae7000 ---p 00000000 00:00 0 
7fcf99ae7000-7fcf99ae8000 r--p 0002c000 07:09 8572                       /usr/lib/x86_64-linux-gnu/ld-2.31.so
7fcf99ae8000-7fcf99ae9000 rw-p 0002d000 07:09 8572                       /usr/lib/x86_64-linux-gnu/ld-2.31.so
7fcf99ae9000-7fcf99aea000 rw-p 00000000 00:00 0 
7ffce7461000-7ffce7482000 rw-p 00000000 00:00 0                          [stack]
7ffce750a000-7ffce750c000 r-xp 00000000 00:00 0                          [vdso]
ffffffffff600000-ffffffffff601000 r-xp 00000000 00:00 0                  [vsyscall]


VM Arguments:
jvm_args: -Xmx64g --add-modules=ALL-DEFAULT 
java_command: jdk.compiler/com.sun.tools.javac.launcher.Main /mnt/beegfs/rcabanas/dev/credici/papers/journalEM/code/GenerateModel.java -n 11 -d 1000 -di 0.5 -mr 0.98 -r 1.0 --seed 41 --output /mnt/beegfs/rcabanas/dev/credici/papers/journalEM/models/synthetic/s1/ --debug
java_class_path (initial): /mnt/beegfs/rcabanas/dev/credici/target/credici-0.1.3-jar-with-dependencies.jar
Launcher Type: SUN_STANDARD

[Global flags]
     intx CICompilerCount                          = 2                                         {product} {ergonomic}
   size_t InitialHeapSize                          = 2147483648                                {product} {ergonomic}
   size_t MaxHeapSize                              = 68719476736                               {product} {command line}
   size_t MaxNewSize                               = 22906470400                               {product} {ergonomic}
   size_t MinHeapDeltaBytes                        = 196608                                    {product} {ergonomic}
   size_t MinHeapSize                              = 8388608                                   {product} {ergonomic}
   size_t NewSize                                  = 715784192                                 {product} {ergonomic}
    uintx NonNMethodCodeHeapSize                   = 5826188                                {pd product} {ergonomic}
    uintx NonProfiledCodeHeapSize                  = 122916026                              {pd product} {ergonomic}
   size_t OldSize                                  = 1431699456                                {product} {ergonomic}
    uintx ProfiledCodeHeapSize                     = 122916026                              {pd product} {ergonomic}
    uintx ReservedCodeCacheSize                    = 251658240                              {pd product} {ergonomic}
     bool SegmentedCodeCache                       = true                                      {product} {ergonomic}
   size_t SoftMaxHeapSize                          = 68719476736                            {manageable} {ergonomic}
     bool UseSerialGC                              = true                                      {product} {ergonomic}

Logging:
Log output configuration:
 #0: stdout all=warning uptime,level,tags
 #1: stderr all=off uptime,level,tags

Environment Variables:
PATH=/usr/local/sbin:/usr/local/bin:/usr/sbin:/usr/bin:/sbin:/bin
LD_LIBRARY_PATH=/.singularity.d/libs

Signal Handlers:
SIGSEGV: [libjvm.so+0xf8fcf0], sa_mask[0]=11111111011111111101111111111110, sa_flags=SA_RESTART|SA_SIGINFO
SIGBUS: [libjvm.so+0xf8fcf0], sa_mask[0]=11111111011111111101111111111110, sa_flags=SA_RESTART|SA_SIGINFO
SIGFPE: [libjvm.so+0xf8fcf0], sa_mask[0]=11111111011111111101111111111110, sa_flags=SA_RESTART|SA_SIGINFO
SIGPIPE: [libjvm.so+0xc3ffa0], sa_mask[0]=11111111011111111101111111111110, sa_flags=SA_RESTART|SA_SIGINFO
SIGXFSZ: [libjvm.so+0xc3ffa0], sa_mask[0]=11111111011111111101111111111110, sa_flags=SA_RESTART|SA_SIGINFO
SIGILL: [libjvm.so+0xf8fcf0], sa_mask[0]=11111111011111111101111111111110, sa_flags=SA_RESTART|SA_SIGINFO
SIGUSR2: [libjvm.so+0xc3fe40], sa_mask[0]=00000000000000000000000000000000, sa_flags=SA_RESTART|SA_SIGINFO
SIGHUP: [libjvm.so+0xc40580], sa_mask[0]=11111111011111111101111111111110, sa_flags=SA_RESTART|SA_SIGINFO
SIGINT: [libjvm.so+0xc40580], sa_mask[0]=11111111011111111101111111111110, sa_flags=SA_RESTART|SA_SIGINFO
SIGTERM: [libjvm.so+0xc40580], sa_mask[0]=11111111011111111101111111111110, sa_flags=SA_RESTART|SA_SIGINFO
SIGQUIT: [libjvm.so+0xc40580], sa_mask[0]=11111111011111111101111111111110, sa_flags=SA_RESTART|SA_SIGINFO


---------------  S Y S T E M  ---------------

OS:DISTRIB_ID=Ubuntu
DISTRIB_RELEASE=20.04
DISTRIB_CODENAME=focal
DISTRIB_DESCRIPTION="Ubuntu 20.04.4 LTS"
uname:Linux 3.10.0-1160.15.2.el7.x86_64 #1 SMP Wed Feb 3 15:06:38 UTC 2021 x86_64
OS uptime: 474 days 18:22 hours
libc:glibc 2.31 NPTL 2.31 
rlimit (soft/hard): STACK 8192k/infinity , CORE 0k/infinity , NPROC 4096/1030222 , NOFILE 131072/131072 , AS infinity/infinity , CPU infinity/infinity , DATA infinity/infinity , FSIZE infinity/infinity , MEMLOCK infinity/infinity
load average:47.59 25.95 10.98

/proc/meminfo:
MemTotal:       263895972 kB
MemFree:          613444 kB
MemAvailable:      83052 kB
Buffers:           21672 kB
Cached:            93436 kB
SwapCached:       444864 kB
Active:         245976844 kB
Inactive:        8022380 kB
Active(anon):   245926768 kB
Inactive(anon):  7972548 kB
Active(file):      50076 kB
Inactive(file):    49832 kB
Unevictable:       14088 kB
Mlocked:           14088 kB
SwapTotal:       4194300 kB
SwapFree:              8 kB
Dirty:                 0 kB
Writeback:          2024 kB
AnonPages:      253532752 kB
Mapped:            62596 kB
Shmem:              6512 kB
Slab:             712500 kB
SReclaimable:     158920 kB
SUnreclaim:       553580 kB
KernelStack:       34224 kB
PageTables:       539144 kB
NFS_Unstable:          0 kB
Bounce:                0 kB
WritebackTmp:          0 kB
CommitLimit:    136142284 kB
Committed_AS:   293042548 kB
VmallocTotal:   34359738367 kB
VmallocUsed:      861008 kB
VmallocChunk:   34222410300 kB
Percpu:            18176 kB
HardwareCorrupted:     0 kB
AnonHugePages:  122836992 kB
CmaTotal:              0 kB
CmaFree:               0 kB
HugePages_Total:       0
HugePages_Free:        0
HugePages_Rsvd:        0
HugePages_Surp:        0
Hugepagesize:       2048 kB
DirectMap4k:      583880 kB
DirectMap2M:    20250624 kB
DirectMap1G:    247463936 kB

/sys/kernel/mm/transparent_hugepage/enabled:
[always] madvise never

/sys/kernel/mm/transparent_hugepage/defrag (defrag/compaction efforts parameter):
[always] madvise never


/proc/sys/kernel/threads-max (system-wide limit on the number of threads):
2060444


/proc/sys/vm/max_map_count (maximum number of memory map areas a process may have):
65530


/proc/sys/kernel/pid_max (system-wide limit on number of process identifiers):
65536



Steal ticks since vm start: 0
Steal ticks percentage since vm start:  0.000

CPU:total 64 (initial active 1) (32 cores per cpu, 1 threads per core) family 23 model 49 stepping 0, cmov, cx8, fxsr, mmx, sse, sse2, sse3, ssse3, sse4.1, sse4.2, popcnt, avx, avx2, aes, clmul, mmxext, 3dnowpref, lzcnt, sse4a, tsc, tscinvbit, tscinv, bmi1, bmi2, adx, sha, fma
CPU Model and flags from /proc/cpuinfo:
model name	: AMD EPYC 7542 32-Core Processor
flags		: fpu vme de pse tsc msr pae mce cx8 apic sep mtrr pge mca cmov pat pse36 clflush mmx fxsr sse sse2 ht syscall nx mmxext fxsr_opt pdpe1gb rdtscp lm constant_tsc art rep_good nopl nonstop_tsc extd_apicid aperfmperf eagerfpu pni pclmulqdq monitor ssse3 fma cx16 sse4_1 sse4_2 movbe popcnt aes xsave avx f16c rdrand lahf_lm cmp_legacy svm extapic cr8_legacy abm sse4a misalignsse 3dnowprefetch osvw ibs skinit wdt tce topoext perfctr_core perfctr_nb bpext perfctr_l2 cpb cat_l3 cdp_l3 hw_pstate sme retpoline_amd ssbd ibrs ibpb stibp vmmcall fsgsbase bmi1 avx2 smep bmi2 cqm rdt_a rdseed adx smap clflushopt clwb sha_ni xsaveopt xsavec xgetbv1 cqm_llc cqm_occup_llc cqm_mbm_total cqm_mbm_local clzero irperf xsaveerptr arat npt lbrv svm_lock nrip_save tsc_scale vmcb_clean flushbyasid decodeassists pausefilter pfthreshold avic v_vmsave_vmload vgif umip overflow_recov succor smca
Online cpus:0-63
Offline cpus:
BIOS frequency limitation:2900000
Frequency switch latency (ns):0
Available cpu frequencies:2900000 2400000 1500000 
Current governor:conservative
Core performance/turbo boost:1

Memory: 4k page, physical 263895972k(612560k free), swap 4194300k(4k free)

vm_info: OpenJDK 64-Bit Server VM (13.0.7+5-Ubuntu-0ubuntu120.04) for linux-amd64 JRE (13.0.7+5-Ubuntu-0ubuntu120.04), built on Apr 21 2021 05:36:19 by "unknown" with gcc 9.3.0

END.
