#
# There is insufficient memory for the Java Runtime Environment to continue.
# Native memory allocation (mmap) failed to map 4410986496 bytes for committing reserved memory.
# Possible reasons:
#   The system is out of physical RAM or swap space
# Possible solutions:
#   Reduce memory load on the system
#   Increase physical memory or swap space
#   Check if swap backing store is full
#   Decrease Java heap size (-Xmx/-Xms)
#   Decrease number of Java threads
#   Decrease Java thread stack sizes (-Xss)
#   Set larger code cache with -XX:ReservedCodeCacheSize=
# This output file may be truncated or incomplete.
#
#  Out of Memory Error (os_linux.cpp:2899), pid=49374, tid=49376
#
# JRE version: OpenJDK Runtime Environment (13.0.7+5) (build 13.0.7+5-Ubuntu-0ubuntu120.04)
# Java VM: OpenJDK 64-Bit Server VM (13.0.7+5-Ubuntu-0ubuntu120.04, mixed mode, tiered, serial gc, linux-amd64)
# No core dump will be written. Core dumps have been disabled. To enable core dumping, try "ulimit -c unlimited" before starting Java again
#

---------------  S U M M A R Y ------------

Command Line: -Xmx64g --add-modules=ALL-DEFAULT jdk.compiler/com.sun.tools.javac.launcher.Main /mnt/beegfs/rcabanas/dev/credici/papers/journalEM/code/LearnAndCalculatePNS.java -w -x 200 -m 500 -sc LLratio -th 1.0 -a EMCC --seed 0 --output /mnt/beegfs/rcabanas/dev/credici/papers/journalEM/output/synthetic/s3 /mnt/beegfs/rcabanas/dev/credici/papers/journalEM/models/synthetic/s3/random_mc2_n10_mid3_d1000_05_mr098_r10_173.uai

Host: AMD EPYC 7542 32-Core Processor, 64 cores, 251G, Ubuntu 20.04.4 LTS
Time: Wed Jan 11 10:45:57 2023 CET elapsed time: 9719.066632 seconds (0d 2h 41m 59s)

---------------  T H R E A D  ---------------

Current thread (0x00007fcac0097800):  VMThread "VM Thread" [stack: 0x00007fcac5bba000,0x00007fcac5cba000] [id=49376]

Stack: [0x00007fcac5bba000,0x00007fcac5cba000],  sp=0x00007fcac5cb8160,  free space=1016k
Native frames: (J=compiled Java code, A=aot compiled Java code, j=interpreted, Vv=VM code, C=native code)
V  [libjvm.so+0xf8f092]
V  [libjvm.so+0xf8fc91]
V  [libjvm.so+0x66ee5a]
V  [libjvm.so+0xc44a41]
V  [libjvm.so+0xc3b263]
V  [libjvm.so+0xf87f4b]
V  [libjvm.so+0x557506]
V  [libjvm.so+0x557723]
V  [libjvm.so+0xf18b0c]
V  [libjvm.so+0x557e65]
V  [libjvm.so+0x7e2edb]
V  [libjvm.so+0x7e39bd]
V  [libjvm.so+0x7d8b48]
V  [libjvm.so+0xf90940]
V  [libjvm.so+0xf96657]
V  [libjvm.so+0xf96d2b]
V  [libjvm.so+0xf9706a]
V  [libjvm.so+0xf2208f]
V  [libjvm.so+0xc493ff]

VM_Operation (0x00007fcac692a300): GenCollectForAllocation, mode: safepoint, requested by thread 0x00007fcac0018000


---------------  P R O C E S S  ---------------

Threads class SMR info:
_java_thread_list=0x00007fcac0135c60, length=9, elements={
0x00007fcac0018000, 0x00007fcac00a3800, 0x00007fcac00a7000, 0x00007fcac00cb800,
0x00007fcac00cd000, 0x00007fcac00cf000, 0x00007fcac00d1000, 0x00007fcac00d3000,
0x00007fcac0134800
}

Java Threads: ( => current thread )
  0x00007fcac0018000 JavaThread "main" [_thread_blocked, id=49375, stack(0x00007fcac682c000,0x00007fcac692d000)]
  0x00007fcac00a3800 JavaThread "Reference Handler" daemon [_thread_blocked, id=49377, stack(0x00007fcac5ab7000,0x00007fcac5bb8000)]
  0x00007fcac00a7000 JavaThread "Finalizer" daemon [_thread_blocked, id=49378, stack(0x00007fcac59b6000,0x00007fcac5ab7000)]
  0x00007fcac00cb800 JavaThread "Signal Dispatcher" daemon [_thread_blocked, id=49379, stack(0x00007fcac587c000,0x00007fcac597d000)]
  0x00007fcac00cd000 JavaThread "Service Thread" daemon [_thread_blocked, id=49380, stack(0x00007fcac577b000,0x00007fcac587c000)]
  0x00007fcac00cf000 JavaThread "C2 CompilerThread0" daemon [_thread_blocked, id=49381, stack(0x00007fcac567a000,0x00007fcac577b000)]
  0x00007fcac00d1000 JavaThread "C1 CompilerThread0" daemon [_thread_blocked, id=49382, stack(0x00007fcac5579000,0x00007fcac567a000)]
  0x00007fcac00d3000 JavaThread "Sweeper thread" daemon [_thread_blocked, id=49383, stack(0x00007fcac5478000,0x00007fcac5579000)]
  0x00007fcac0134800 JavaThread "Common-Cleaner" daemon [_thread_blocked, id=49384, stack(0x00007fcac5377000,0x00007fcac5478000)]

Other Threads:
=>0x00007fcac0097800 VMThread "VM Thread" [stack: 0x00007fcac5bba000,0x00007fcac5cba000] [id=49376]
  0x00007fcac0181800 WatcherThread [stack: 0x00007fcac5277000,0x00007fcac5377000] [id=49385]

Threads with active compile tasks:

VM state:at safepoint (normal execution)

VM Mutex/Monitor currently owned by a thread:  ([mutex/lock_event])
[0x00007fcac0014210] Threads_lock - owner thread: 0x00007fcac0097800
[0x00007fcac0014e10] Heap_lock - owner thread: 0x00007fcac0018000

Heap:
 def new generation   total 2907456K, used 20857K [0x00007fbaa8600000, 0x00007fbb6d8c0000, 0x00007fbffdb50000)
  eden space 2584448K,   0% used [0x00007fbaa8600000, 0x00007fbaa9a5e7e0, 0x00007fbb461e0000)
  from space 323008K,   0% used [0x00007fbb461e0000, 0x00007fbb461e0000, 0x00007fbb59d50000)
  to   space 323008K,   0% used [0x00007fbb59d50000, 0x00007fbb59d50000, 0x00007fbb6d8c0000)
 tenured generation   total 6461412K, used 6461409K [0x00007fbffdb50000, 0x00007fc188149000, 0x00007fcaa8600000)
   the space 6461412K,  99% used [0x00007fbffdb50000, 0x00007fc188148570, 0x00007fc188148600, 0x00007fc188149000)
 Metaspace       used 24370K, capacity 24774K, committed 24832K, reserved 26624K

Card table byte_map: [0x00007fbaa05ff000,0x00007fbaa8600000] _byte_map_base: 0x00007f7ac30bc000

Polling page: 0x00007fcac82b8000

Metaspace:

Usage:
   24.19 MB capacity,    23.80 MB ( 98%) used,   308.78 KB (  1%) free+waste,    94.50 KB ( <1%) overhead. 

Virtual space:
     26.00 MB reserved,      24.25 MB ( 93%) committed 

Chunk freelists:
22.00 KB

MaxMetaspaceSize: unlimited


CodeHeap 'non-profiled nmethods': size=120036Kb used=2773Kb max_used=2773Kb free=117262Kb
 bounds [0x00007fcab0251000, 0x00007fcab0521000, 0x00007fcab778a000]
CodeHeap 'profiled nmethods': size=120032Kb used=4994Kb max_used=7593Kb free=115037Kb
 bounds [0x00007fcaa8d19000, 0x00007fcaa9489000, 0x00007fcab0251000]
CodeHeap 'non-nmethods': size=5692Kb used=1208Kb max_used=1263Kb free=4483Kb
 bounds [0x00007fcaa878a000, 0x00007fcaa89fa000, 0x00007fcaa8d19000]
 total_blobs=3693 nmethods=3212 adapters=396
 compilation: enabled
              stopped_count=0, restarted_count=0
 full_count=0

Compilation events (20 events):
Event: 5760.903 Thread 0x00007fcac00cf000 4325       4       java.util.HashSet::<init> (16 bytes)
Event: 5760.905 Thread 0x00007fcac00cf000 nmethod 4325 0x00007fcab0481f90 code [0x00007fcab0482100, 0x00007fcab04821f8]
Event: 5935.551 Thread 0x00007fcac00cf000 4326 %     4       ch.idsia.credici.utility.DataUtil::unique @ 16 (73 bytes)
Event: 5935.574 Thread 0x00007fcac00cf000 nmethod 4326% 0x00007fcab028f710 code [0x00007fcab028f8e0, 0x00007fcab0290378]
Event: 5935.593 Thread 0x00007fcac00cf000 4327       4       ch.idsia.credici.utility.DataUtil::unique (73 bytes)
Event: 5935.606 Thread 0x00007fcac00cf000 nmethod 4327 0x00007fcab0308990 code [0x00007fcab0308b60, 0x00007fcab0309558]
Event: 6023.693 Thread 0x00007fcac00cf000 4328       4       ch.idsia.crema.model.graphical.GenericSparseModel::getDomain (14 bytes)
Event: 6023.715 Thread 0x00007fcac00cf000 nmethod 4328 0x00007fcab047eb90 code [0x00007fcab047ed40, 0x00007fcab047f618]
Event: 6806.136 Thread 0x00007fcac00d1000 4329       3       java.util.HashMap$TreeNode::rotateRight (91 bytes)
Event: 6806.137 Thread 0x00007fcac00d1000 nmethod 4329 0x00007fcaa92cda10 code [0x00007fcaa92cdba0, 0x00007fcaa92cde90]
Event: 8346.459 Thread 0x00007fcac00d1000 4330       3       java.util.HashMap$TreeNode::rotateLeft (91 bytes)
Event: 8346.460 Thread 0x00007fcac00d1000 nmethod 4330 0x00007fcaa9300e10 code [0x00007fcaa9300fa0, 0x00007fcaa9301290]
Event: 8684.196 Thread 0x00007fcac00d1000 4331       3       java.util.HashMap$TreeNode::balanceDeletion (492 bytes)
Event: 8684.198 Thread 0x00007fcac00d1000 nmethod 4331 0x00007fcaa92da490 code [0x00007fcaa92da720, 0x00007fcaa92db5d0]
Event: 9170.324 Thread 0x00007fcac00d1000 4332       3       ch.idsia.credici.learning.FrequentistCausalEM::run (148 bytes)
Event: 9170.327 Thread 0x00007fcac00d1000 nmethod 4332 0x00007fcaa8d38290 code [0x00007fcaa8d38560, 0x00007fcaa8d393d0]
Event: 9224.859 Thread 0x00007fcac00d1000 4333       3       ch.idsia.crema.inference.ve.order.MinFillOrdering::triangulate (420 bytes)
Event: 9224.866 Thread 0x00007fcac00d1000 nmethod 4333 0x00007fcaa92efa90 code [0x00007fcaa92f0020, 0x00007fcaa92f3ed0]
Event: 9662.026 Thread 0x00007fcac00d1000 4334       3       ch.idsia.crema.inference.ve.order.MinFillOrdering::loadMoralized (193 bytes)
Event: 9662.036 Thread 0x00007fcac00d1000 nmethod 4334 0x00007fcaa925ae10 code [0x00007fcaa925b200, 0x00007fcaa925d290]

GC Heap History (20 events):
Event: 9696.890 GC heap after
{Heap after GC invocations=10350 (full 4):
 def new generation   total 2907456K, used 20528K [0x00007fbaa8600000, 0x00007fbb6d8c0000, 0x00007fbffdb50000)
  eden space 2584448K,   0% used [0x00007fbaa8600000, 0x00007fbaa8600000, 0x00007fbb461e0000)
  from space 323008K,   6% used [0x00007fbb59d50000, 0x00007fbb5b15c248, 0x00007fbb6d8c0000)
  to   space 323008K,   0% used [0x00007fbb461e0000, 0x00007fbb461e0000, 0x00007fbb59d50000)
 tenured generation   total 6460836K, used 6449295K [0x00007fbffdb50000, 0x00007fc1880b9000, 0x00007fcaa8600000)
   the space 6460836K,  99% used [0x00007fbffdb50000, 0x00007fc187573c28, 0x00007fc187573e00, 0x00007fc1880b9000)
 Metaspace       used 24370K, capacity 24774K, committed 24832K, reserved 26624K
}
Event: 9698.797 GC heap before
{Heap before GC invocations=10350 (full 4):
 def new generation   total 2907456K, used 2604976K [0x00007fbaa8600000, 0x00007fbb6d8c0000, 0x00007fbffdb50000)
  eden space 2584448K, 100% used [0x00007fbaa8600000, 0x00007fbb461e0000, 0x00007fbb461e0000)
  from space 323008K,   6% used [0x00007fbb59d50000, 0x00007fbb5b15c248, 0x00007fbb6d8c0000)
  to   space 323008K,   0% used [0x00007fbb461e0000, 0x00007fbb461e0000, 0x00007fbb59d50000)
 tenured generation   total 6460836K, used 6449295K [0x00007fbffdb50000, 0x00007fc1880b9000, 0x00007fcaa8600000)
   the space 6460836K,  99% used [0x00007fbffdb50000, 0x00007fc187573c28, 0x00007fc187573e00, 0x00007fc1880b9000)
 Metaspace       used 24370K, capacity 24774K, committed 24832K, reserved 26624K
}
Event: 9698.827 GC heap after
{Heap after GC invocations=10351 (full 4):
 def new generation   total 2907456K, used 20728K [0x00007fbaa8600000, 0x00007fbb6d8c0000, 0x00007fbffdb50000)
  eden space 2584448K,   0% used [0x00007fbaa8600000, 0x00007fbaa8600000, 0x00007fbb461e0000)
  from space 323008K,   6% used [0x00007fbb461e0000, 0x00007fbb4761e298, 0x00007fbb59d50000)
  to   space 323008K,   0% used [0x00007fbb59d50000, 0x00007fbb59d50000, 0x00007fbb6d8c0000)
 tenured generation   total 6460836K, used 6450503K [0x00007fbffdb50000, 0x00007fc1880b9000, 0x00007fcaa8600000)
   the space 6460836K,  99% used [0x00007fbffdb50000, 0x00007fc1876a1e88, 0x00007fc1876a2000, 0x00007fc1880b9000)
 Metaspace       used 24370K, capacity 24774K, committed 24832K, reserved 26624K
}
Event: 9700.728 GC heap before
{Heap before GC invocations=10351 (full 4):
 def new generation   total 2907456K, used 2605176K [0x00007fbaa8600000, 0x00007fbb6d8c0000, 0x00007fbffdb50000)
  eden space 2584448K, 100% used [0x00007fbaa8600000, 0x00007fbb461e0000, 0x00007fbb461e0000)
  from space 323008K,   6% used [0x00007fbb461e0000, 0x00007fbb4761e298, 0x00007fbb59d50000)
  to   space 323008K,   0% used [0x00007fbb59d50000, 0x00007fbb59d50000, 0x00007fbb6d8c0000)
 tenured generation   total 6460836K, used 6450503K [0x00007fbffdb50000, 0x00007fc1880b9000, 0x00007fcaa8600000)
   the space 6460836K,  99% used [0x00007fbffdb50000, 0x00007fc1876a1e88, 0x00007fc1876a2000, 0x00007fc1880b9000)
 Metaspace       used 24370K, capacity 24774K, committed 24832K, reserved 26624K
}
Event: 9700.760 GC heap after
{Heap after GC invocations=10352 (full 4):
 def new generation   total 2907456K, used 20878K [0x00007fbaa8600000, 0x00007fbb6d8c0000, 0x00007fbffdb50000)
  eden space 2584448K,   0% used [0x00007fbaa8600000, 0x00007fbaa8600000, 0x00007fbb461e0000)
  from space 323008K,   6% used [0x00007fbb59d50000, 0x00007fbb5b1b3bc0, 0x00007fbb6d8c0000)
  to   space 323008K,   0% used [0x00007fbb461e0000, 0x00007fbb461e0000, 0x00007fbb59d50000)
 tenured generation   total 6460836K, used 6451712K [0x00007fbffdb50000, 0x00007fc1880b9000, 0x00007fcaa8600000)
   the space 6460836K,  99% used [0x00007fbffdb50000, 0x00007fc1877d00e8, 0x00007fc1877d0200, 0x00007fc1880b9000)
 Metaspace       used 24370K, capacity 24774K, committed 24832K, reserved 26624K
}
Event: 9702.661 GC heap before
{Heap before GC invocations=10352 (full 4):
 def new generation   total 2907456K, used 2605326K [0x00007fbaa8600000, 0x00007fbb6d8c0000, 0x00007fbffdb50000)
  eden space 2584448K, 100% used [0x00007fbaa8600000, 0x00007fbb461e0000, 0x00007fbb461e0000)
  from space 323008K,   6% used [0x00007fbb59d50000, 0x00007fbb5b1b3bc0, 0x00007fbb6d8c0000)
  to   space 323008K,   0% used [0x00007fbb461e0000, 0x00007fbb461e0000, 0x00007fbb59d50000)
 tenured generation   total 6460836K, used 6451712K [0x00007fbffdb50000, 0x00007fc1880b9000, 0x00007fcaa8600000)
   the space 6460836K,  99% used [0x00007fbffdb50000, 0x00007fc1877d00e8, 0x00007fc1877d0200, 0x00007fc1880b9000)
 Metaspace       used 24370K, capacity 24774K, committed 24832K, reserved 26624K
}
Event: 9702.691 GC heap after
{Heap after GC invocations=10353 (full 4):
 def new generation   total 2907456K, used 20947K [0x00007fbaa8600000, 0x00007fbb6d8c0000, 0x00007fbffdb50000)
  eden space 2584448K,   0% used [0x00007fbaa8600000, 0x00007fbaa8600000, 0x00007fbb461e0000)
  from space 323008K,   6% used [0x00007fbb461e0000, 0x00007fbb47654f60, 0x00007fbb59d50000)
  to   space 323008K,   0% used [0x00007fbb59d50000, 0x00007fbb59d50000, 0x00007fbb6d8c0000)
 tenured generation   total 6460836K, used 6453041K [0x00007fbffdb50000, 0x00007fc1880b9000, 0x00007fcaa8600000)
   the space 6460836K,  99% used [0x00007fbffdb50000, 0x00007fc18791c598, 0x00007fc18791c600, 0x00007fc1880b9000)
 Metaspace       used 24370K, capacity 24774K, committed 24832K, reserved 26624K
}
Event: 9704.583 GC heap before
{Heap before GC invocations=10353 (full 4):
 def new generation   total 2907456K, used 2605395K [0x00007fbaa8600000, 0x00007fbb6d8c0000, 0x00007fbffdb50000)
  eden space 2584448K, 100% used [0x00007fbaa8600000, 0x00007fbb461e0000, 0x00007fbb461e0000)
  from space 323008K,   6% used [0x00007fbb461e0000, 0x00007fbb47654f60, 0x00007fbb59d50000)
  to   space 323008K,   0% used [0x00007fbb59d50000, 0x00007fbb59d50000, 0x00007fbb6d8c0000)
 tenured generation   total 6460836K, used 6453041K [0x00007fbffdb50000, 0x00007fc1880b9000, 0x00007fcaa8600000)
   the space 6460836K,  99% used [0x00007fbffdb50000, 0x00007fc18791c598, 0x00007fc18791c600, 0x00007fc1880b9000)
 Metaspace       used 24370K, capacity 24774K, committed 24832K, reserved 26624K
}
Event: 9704.613 GC heap after
{Heap after GC invocations=10354 (full 4):
 def new generation   total 2907456K, used 20994K [0x00007fbaa8600000, 0x00007fbb6d8c0000, 0x00007fbffdb50000)
  eden space 2584448K,   0% used [0x00007fbaa8600000, 0x00007fbaa8600000, 0x00007fbb461e0000)
  from space 323008K,   6% used [0x00007fbb59d50000, 0x00007fbb5b1d0b48, 0x00007fbb6d8c0000)
  to   space 323008K,   0% used [0x00007fbb461e0000, 0x00007fbb461e0000, 0x00007fbb59d50000)
 tenured generation   total 6460836K, used 6454369K [0x00007fbffdb50000, 0x00007fc1880b9000, 0x00007fcaa8600000)
   the space 6460836K,  99% used [0x00007fbffdb50000, 0x00007fc187a68538, 0x00007fc187a68600, 0x00007fc1880b9000)
 Metaspace       used 24370K, capacity 24774K, committed 24832K, reserved 26624K
}
Event: 9706.521 GC heap before
{Heap before GC invocations=10354 (full 4):
 def new generation   total 2907456K, used 2605442K [0x00007fbaa8600000, 0x00007fbb6d8c0000, 0x00007fbffdb50000)
  eden space 2584448K, 100% used [0x00007fbaa8600000, 0x00007fbb461e0000, 0x00007fbb461e0000)
  from space 323008K,   6% used [0x00007fbb59d50000, 0x00007fbb5b1d0b48, 0x00007fbb6d8c0000)
  to   space 323008K,   0% used [0x00007fbb461e0000, 0x00007fbb461e0000, 0x00007fbb59d50000)
 tenured generation   total 6460836K, used 6454369K [0x00007fbffdb50000, 0x00007fc1880b9000, 0x00007fcaa8600000)
   the space 6460836K,  99% used [0x00007fbffdb50000, 0x00007fc187a68538, 0x00007fc187a68600, 0x00007fc1880b9000)
 Metaspace       used 24370K, capacity 24774K, committed 24832K, reserved 26624K
}
Event: 9706.556 GC heap after
{Heap after GC invocations=10355 (full 4):
 def new generation   total 2907456K, used 21046K [0x00007fbaa8600000, 0x00007fbb6d8c0000, 0x00007fbffdb50000)
  eden space 2584448K,   0% used [0x00007fbaa8600000, 0x00007fbaa8600000, 0x00007fbb461e0000)
  from space 323008K,   6% used [0x00007fbb461e0000, 0x00007fbb4766d878, 0x00007fbb59d50000)
  to   space 323008K,   0% used [0x00007fbb59d50000, 0x00007fbb59d50000, 0x00007fbb6d8c0000)
 tenured generation   total 6460836K, used 6455698K [0x00007fbffdb50000, 0x00007fc1880b9000, 0x00007fcaa8600000)
   the space 6460836K,  99% used [0x00007fbffdb50000, 0x00007fc187bb4838, 0x00007fc187bb4a00, 0x00007fc1880b9000)
 Metaspace       used 24370K, capacity 24774K, committed 24832K, reserved 26624K
}
Event: 9708.488 GC heap before
{Heap before GC invocations=10355 (full 4):
 def new generation   total 2907456K, used 2605494K [0x00007fbaa8600000, 0x00007fbb6d8c0000, 0x00007fbffdb50000)
  eden space 2584448K, 100% used [0x00007fbaa8600000, 0x00007fbb461e0000, 0x00007fbb461e0000)
  from space 323008K,   6% used [0x00007fbb461e0000, 0x00007fbb4766d878, 0x00007fbb59d50000)
  to   space 323008K,   0% used [0x00007fbb59d50000, 0x00007fbb59d50000, 0x00007fbb6d8c0000)
 tenured generation   total 6460836K, used 6455698K [0x00007fbffdb50000, 0x00007fc1880b9000, 0x00007fcaa8600000)
   the space 6460836K,  99% used [0x00007fbffdb50000, 0x00007fc187bb4838, 0x00007fc187bb4a00, 0x00007fc1880b9000)
 Metaspace       used 24370K, capacity 24774K, committed 24832K, reserved 26624K
}
Event: 9708.518 GC heap after
{Heap after GC invocations=10356 (full 4):
 def new generation   total 2907456K, used 21001K [0x00007fbaa8600000, 0x00007fbb6d8c0000, 0x00007fbffdb50000)
  eden space 2584448K,   0% used [0x00007fbaa8600000, 0x00007fbaa8600000, 0x00007fbb461e0000)
  from space 323008K,   6% used [0x00007fbb59d50000, 0x00007fbb5b1d2410, 0x00007fbb6d8c0000)
  to   space 323008K,   0% used [0x00007fbb461e0000, 0x00007fbb461e0000, 0x00007fbb59d50000)
 tenured generation   total 6460836K, used 6457145K [0x00007fbffdb50000, 0x00007fc1880b9000, 0x00007fcaa8600000)
   the space 6460836K,  99% used [0x00007fbffdb50000, 0x00007fc187d1e758, 0x00007fc187d1e800, 0x00007fc1880b9000)
 Metaspace       used 24370K, capacity 24774K, committed 24832K, reserved 26624K
}
Event: 9710.489 GC heap before
{Heap before GC invocations=10356 (full 4):
 def new generation   total 2907456K, used 2605449K [0x00007fbaa8600000, 0x00007fbb6d8c0000, 0x00007fbffdb50000)
  eden space 2584448K, 100% used [0x00007fbaa8600000, 0x00007fbb461e0000, 0x00007fbb461e0000)
  from space 323008K,   6% used [0x00007fbb59d50000, 0x00007fbb5b1d2410, 0x00007fbb6d8c0000)
  to   space 323008K,   0% used [0x00007fbb461e0000, 0x00007fbb461e0000, 0x00007fbb59d50000)
 tenured generation   total 6460836K, used 6457145K [0x00007fbffdb50000, 0x00007fc1880b9000, 0x00007fcaa8600000)
   the space 6460836K,  99% used [0x00007fbffdb50000, 0x00007fc187d1e758, 0x00007fc187d1e800, 0x00007fc1880b9000)
 Metaspace       used 24370K, capacity 24774K, committed 24832K, reserved 26624K
}
Event: 9710.521 GC heap after
{Heap after GC invocations=10357 (full 4):
 def new generation   total 2907456K, used 21035K [0x00007fbaa8600000, 0x00007fbb6d8c0000, 0x00007fbffdb50000)
  eden space 2584448K,   0% used [0x00007fbaa8600000, 0x00007fbaa8600000, 0x00007fbb461e0000)
  from space 323008K,   6% used [0x00007fbb461e0000, 0x00007fbb4766adf8, 0x00007fbb59d50000)
  to   space 323008K,   0% used [0x00007fbb59d50000, 0x00007fbb59d50000, 0x00007fbb6d8c0000)
 tenured generation   total 6460836K, used 6458474K [0x00007fbffdb50000, 0x00007fc1880b9000, 0x00007fcaa8600000)
   the space 6460836K,  99% used [0x00007fbffdb50000, 0x00007fc187e6aa58, 0x00007fc187e6ac00, 0x00007fc1880b9000)
 Metaspace       used 24370K, capacity 24774K, committed 24832K, reserved 26624K
}
Event: 9712.459 GC heap before
{Heap before GC invocations=10357 (full 4):
 def new generation   total 2907456K, used 2605483K [0x00007fbaa8600000, 0x00007fbb6d8c0000, 0x00007fbffdb50000)
  eden space 2584448K, 100% used [0x00007fbaa8600000, 0x00007fbb461e0000, 0x00007fbb461e0000)
  from space 323008K,   6% used [0x00007fbb461e0000, 0x00007fbb4766adf8, 0x00007fbb59d50000)
  to   space 323008K,   0% used [0x00007fbb59d50000, 0x00007fbb59d50000, 0x00007fbb6d8c0000)
 tenured generation   total 6460836K, used 6458474K [0x00007fbffdb50000, 0x00007fc1880b9000, 0x00007fcaa8600000)
   the space 6460836K,  99% used [0x00007fbffdb50000, 0x00007fc187e6aa58, 0x00007fc187e6ac00, 0x00007fc1880b9000)
 Metaspace       used 24370K, capacity 24774K, committed 24832K, reserved 26624K
}
Event: 9712.488 GC heap after
{Heap after GC invocations=10358 (full 4):
 def new generation   total 2907456K, used 20992K [0x00007fbaa8600000, 0x00007fbb6d8c0000, 0x00007fbffdb50000)
  eden space 2584448K,   0% used [0x00007fbaa8600000, 0x00007fbaa8600000, 0x00007fbb461e0000)
  from space 323008K,   6% used [0x00007fbb59d50000, 0x00007fbb5b1d0310, 0x00007fbb6d8c0000)
  to   space 323008K,   0% used [0x00007fbb461e0000, 0x00007fbb461e0000, 0x00007fbb59d50000)
 tenured generation   total 6460836K, used 6459922K [0x00007fbffdb50000, 0x00007fc1880b9000, 0x00007fcaa8600000)
   the space 6460836K,  99% used [0x00007fbffdb50000, 0x00007fc187fd4978, 0x00007fc187fd4a00, 0x00007fc1880b9000)
 Metaspace       used 24370K, capacity 24774K, committed 24832K, reserved 26624K
}
Event: 9714.467 GC heap before
{Heap before GC invocations=10358 (full 4):
 def new generation   total 2907456K, used 2605440K [0x00007fbaa8600000, 0x00007fbb6d8c0000, 0x00007fbffdb50000)
  eden space 2584448K,  99% used [0x00007fbaa8600000, 0x00007fbb461dffd8, 0x00007fbb461e0000)
  from space 323008K,   6% used [0x00007fbb59d50000, 0x00007fbb5b1d0310, 0x00007fbb6d8c0000)
  to   space 323008K,   0% used [0x00007fbb461e0000, 0x00007fbb461e0000, 0x00007fbb59d50000)
 tenured generation   total 6460836K, used 6459922K [0x00007fbffdb50000, 0x00007fc1880b9000, 0x00007fcaa8600000)
   the space 6460836K,  99% used [0x00007fbffdb50000, 0x00007fc187fd4978, 0x00007fc187fd4a00, 0x00007fc1880b9000)
 Metaspace       used 24370K, capacity 24774K, committed 24832K, reserved 26624K
}
Event: 9714.497 GC heap after
{Heap after GC invocations=10359 (full 4):
 def new generation   total 2907456K, used 21016K [0x00007fbaa8600000, 0x00007fbb6d8c0000, 0x00007fbffdb50000)
  eden space 2584448K,   0% used [0x00007fbaa8600000, 0x00007fbaa8600000, 0x00007fbb461e0000)
  from space 323008K,   6% used [0x00007fbb461e0000, 0x00007fbb476660d8, 0x00007fbb59d50000)
  to   space 323008K,   0% used [0x00007fbb59d50000, 0x00007fbb59d50000, 0x00007fbb6d8c0000)
 tenured generation   total 6461412K, used 6461251K [0x00007fbffdb50000, 0x00007fc188149000, 0x00007fcaa8600000)
   the space 6461412K,  99% used [0x00007fbffdb50000, 0x00007fc188120c78, 0x00007fc188120e00, 0x00007fc188149000)
 Metaspace       used 24370K, capacity 24774K, committed 24832K, reserved 26624K
}
Event: 9714.497 GC heap before
{Heap before GC invocations=10359 (full 4):
 def new generation   total 2907456K, used 21016K [0x00007fbaa8600000, 0x00007fbb6d8c0000, 0x00007fbffdb50000)
  eden space 2584448K,   0% used [0x00007fbaa8600000, 0x00007fbaa8600000, 0x00007fbb461e0000)
  from space 323008K,   6% used [0x00007fbb461e0000, 0x00007fbb476660d8, 0x00007fbb59d50000)
  to   space 323008K,   0% used [0x00007fbb59d50000, 0x00007fbb59d50000, 0x00007fbb6d8c0000)
 tenured generation   total 6461412K, used 6461251K [0x00007fbffdb50000, 0x00007fc188149000, 0x00007fcaa8600000)
   the space 6461412K,  99% used [0x00007fbffdb50000, 0x00007fc188120c78, 0x00007fc188120e00, 0x00007fc188149000)
 Metaspace       used 24370K, capacity 24774K, committed 24832K, reserved 26624K
}

Deoptimization events (20 events):
Event: 712.782 Thread 0x00007fcac0018000 Uncommon trap: trap_request=0xffffffc6 fr.pc=0x00007fcab04cc080 relative=0x0000000000000d40
Event: 712.782 Thread 0x00007fcac0018000 Uncommon trap: reason=bimorphic_or_optimized_type_check action=maybe_recompile pc=0x00007fcab04cc080 method=java.util.HashMap.removeNode(ILjava/lang/Object;Ljava/lang/Object;ZZ)Ljava/util/HashMap$Node; @ 143 c2
Event: 712.782 Thread 0x00007fcac0018000 DEOPT PACKING pc=0x00007fcab04cc080 sp=0x00007fcac692a440
Event: 712.782 Thread 0x00007fcac0018000 DEOPT UNPACKING pc=0x00007fcaa87d2e25 sp=0x00007fcac692a3d8 mode 2
Event: 1975.936 Thread 0x00007fcac0018000 Uncommon trap: trap_request=0xffffff45 fr.pc=0x00007fcab04d1f5c relative=0x00000000000005fc
Event: 1975.936 Thread 0x00007fcac0018000 Uncommon trap: reason=unstable_if action=reinterpret pc=0x00007fcab04d1f5c method=java.util.HashMap.putVal(ILjava/lang/Object;Ljava/lang/Object;ZZ)Ljava/lang/Object; @ 109 c2
Event: 1975.936 Thread 0x00007fcac0018000 DEOPT PACKING pc=0x00007fcab04d1f5c sp=0x00007fcac692a3c0
Event: 1975.936 Thread 0x00007fcac0018000 DEOPT UNPACKING pc=0x00007fcaa87d2e25 sp=0x00007fcac692a358 mode 2
Event: 4015.977 Thread 0x00007fcac0018000 DEOPT PACKING pc=0x00007fcaa8d822ea sp=0x00007fcac692a900
Event: 4015.977 Thread 0x00007fcac0018000 DEOPT UNPACKING pc=0x00007fcaa87d333a sp=0x00007fcac6929e58 mode 0
Event: 4016.044 Thread 0x00007fcac0018000 DEOPT PACKING pc=0x00007fcaa9292cbb sp=0x00007fcac692a920
Event: 4016.044 Thread 0x00007fcac0018000 DEOPT UNPACKING pc=0x00007fcaa87d333a sp=0x00007fcac6929ed0 mode 0
Event: 4537.380 Thread 0x00007fcac0018000 DEOPT PACKING pc=0x00007fcaa9292cbb sp=0x00007fcac692a920
Event: 4537.380 Thread 0x00007fcac0018000 DEOPT UNPACKING pc=0x00007fcaa87d333a sp=0x00007fcac6929ed0 mode 0
Event: 4971.855 Thread 0x00007fcac0018000 DEOPT PACKING pc=0x00007fcaa9292cbb sp=0x00007fcac692a920
Event: 4971.855 Thread 0x00007fcac0018000 DEOPT UNPACKING pc=0x00007fcaa87d333a sp=0x00007fcac6929ed0 mode 0
Event: 5493.067 Thread 0x00007fcac0018000 DEOPT PACKING pc=0x00007fcaa9292cbb sp=0x00007fcac692a920
Event: 5493.067 Thread 0x00007fcac0018000 DEOPT UNPACKING pc=0x00007fcaa87d333a sp=0x00007fcac6929ed0 mode 0
Event: 5935.584 Thread 0x00007fcac0018000 DEOPT PACKING pc=0x00007fcaa9292cbb sp=0x00007fcac692a920
Event: 5935.584 Thread 0x00007fcac0018000 DEOPT UNPACKING pc=0x00007fcaa87d333a sp=0x00007fcac6929ed0 mode 0

Classes unloaded (0 events):
No events

Classes redefined (0 events):
No events

Internal exceptions (20 events):
Event: 0.889 Thread 0x00007fcac0018000 Exception <a 'java/lang/NoSuchMethodError'{0x00007fbaa9c59980}: 'java.lang.Object java.lang.invoke.DirectMethodHandle$Holder.invokeVirtual(java.lang.Object, java.lang.Object, java.lang.Object, int, int)'> (0x00007fbaa9c59980) 
thrown [src/hotspot/share/interpreter/linkResolver.cpp, line 766]
Event: 0.890 Thread 0x00007fcac0018000 Exception <a 'java/lang/NoSuchMethodError'{0x00007fbaa9c61d30}: 'java.lang.Object java.lang.invoke.DirectMethodHandle$Holder.invokeVirtual(java.lang.Object, java.lang.Object, int)'> (0x00007fbaa9c61d30) 
thrown [src/hotspot/share/interpreter/linkResolver.cpp, line 766]
Event: 0.909 Thread 0x00007fcac0018000 Exception <a 'java/lang/NoSuchMethodError'{0x00007fbaa9c82ac8}: 'java.lang.Object java.lang.invoke.DirectMethodHandle$Holder.invokeSpecial(java.lang.Object, java.lang.Object, java.lang.Object, int, int)'> (0x00007fbaa9c82ac8) 
thrown [src/hotspot/share/interpreter/linkResolver.cpp, line 766]
Event: 1.403 Thread 0x00007fcac0018000 Exception <a 'java/lang/NoSuchMethodError'{0x00007fbaab2442b8}: 'int java.lang.invoke.DirectMethodHandle$Holder.invokeSpecial(java.lang.Object, java.lang.Object, java.lang.Object, java.lang.Object, java.lang.Object)'> (0x00007fbaab2442b8) 
thrown [src/hotspot/share/interpreter/linkResolver.cpp, line 766]
Event: 1.528 Thread 0x00007fcac0018000 Exception <a 'java/lang/NoSuchMethodError'{0x00007fbaab662e20}: 'java.lang.Object java.lang.invoke.DirectMethodHandle$Holder.invokeStatic(java.lang.Object, java.lang.Object, int, int)'> (0x00007fbaab662e20) 
thrown [src/hotspot/share/interpreter/linkResolver.cpp, line 766]
Event: 2.106 Thread 0x00007fcac0018000 Exception <a 'java/lang/NoSuchMethodError'{0x00007fbaadc99ef8}: 'void java.lang.invoke.DirectMethodHandle$Holder.invokeVirtual(java.lang.Object, java.lang.Object)'> (0x00007fbaadc99ef8) 
thrown [src/hotspot/share/interpreter/linkResolver.cpp, line 766]
Event: 2.343 Thread 0x00007fcac0018000 Exception <a 'java/lang/NoSuchMethodError'{0x00007fbaae026ff8}: 'int java.lang.invoke.DirectMethodHandle$Holder.invokeVirtual(java.lang.Object, java.lang.Object, java.lang.Object, java.lang.Object)'> (0x00007fbaae026ff8) 
thrown [src/hotspot/share/interpreter/linkResolver.cpp, line 766]
Event: 2.344 Thread 0x00007fcac0018000 Exception <a 'java/lang/NoSuchMethodError'{0x00007fbaae035260}: 'java.lang.Object java.lang.invoke.DirectMethodHandle$Holder.invokeStatic(java.lang.Object, java.lang.Object, int, java.lang.Object)'> (0x00007fbaae035260) 
thrown [src/hotspot/share/interpreter/linkResolver.cpp, line 766]
Event: 2.345 Thread 0x00007fcac0018000 Exception <a 'java/lang/NoSuchMethodError'{0x00007fbaae03db78}: 'java.lang.Object java.lang.invoke.Invokers$Holder.linkToTargetMethod(java.lang.Object, int, java.lang.Object, java.lang.Object)'> (0x00007fbaae03db78) 
thrown [src/hotspot/share/interpreter/linkResolver.cpp, line 766]
Event: 2.709 Thread 0x00007fcac0018000 Implicit null exception at 0x00007fcab02bc6c5 to 0x00007fcab02bc89c
Event: 2.709 Thread 0x00007fcac0018000 Implicit null exception at 0x00007fcab027ea0f to 0x00007fcab027ea79
Event: 3.234 Thread 0x00007fcac0018000 Exception <a 'java/lang/NoSuchMethodError'{0x00007fbaaee35000}: 'java.lang.Object java.lang.invoke.Invokers$Holder.linkToTargetMethod(java.lang.Object, int, java.lang.Object)'> (0x00007fbaaee35000) 
thrown [src/hotspot/share/interpreter/linkResolver.cpp, line 766]
Event: 3.249 Thread 0x00007fcac0018000 Exception <a 'java/lang/NoSuchMethodError'{0x00007fbaaee6f038}: 'java.lang.Object java.lang.invoke.Invokers$Holder.linkToTargetMethod(java.lang.Object, long, java.lang.Object)'> (0x00007fbaaee6f038) 
thrown [src/hotspot/share/interpreter/linkResolver.cpp, line 766]
Event: 3.538 Thread 0x00007fcac00a7000 Implicit null exception at 0x00007fcab02a684c to 0x00007fcab02a6900
Event: 3.617 Thread 0x00007fcac0018000 Exception <a 'java/lang/NoSuchMethodError'{0x00007fbaa884ff10}: 'java.lang.Object java.lang.invoke.Invokers$Holder.invokeExact_MT(java.lang.Object, java.lang.Object, java.lang.Object, java.lang.Object, java.lang.Object, java.lang.Object)'> (0x00007fbaa884ff10) 
thrown [src/hotspot/share/interpreter/linkResolver.cpp, line 766]
Event: 3.689 Thread 0x00007fcac0018000 Exception <a 'java/lang/NoSuchMethodError'{0x00007fbaa89f5778}: 'int java.lang.invoke.DirectMethodHandle$Holder.invokeStatic(java.lang.Object, java.lang.Object, int)'> (0x00007fbaa89f5778) 
thrown [src/hotspot/share/interpreter/linkResolver.cpp, line 766]
Event: 3.792 Thread 0x00007fcac0018000 Exception <a 'java/lang/NoSuchMethodError'{0x00007fbaa8c403e8}: 'double java.lang.invoke.DirectMethodHandle$Holder.invokeStatic(java.lang.Object, java.lang.Object)'> (0x00007fbaa8c403e8) 
thrown [src/hotspot/share/interpreter/linkResolver.cpp, line 766]
Event: 3.860 Thread 0x00007fcac0018000 Exception <a 'java/lang/NoSuchMethodError'{0x00007fbaa8dd75a8}: 'int java.lang.invoke.DirectMethodHandle$Holder.invokeStatic(java.lang.Object, java.lang.Object, java.lang.Object, int)'> (0x00007fbaa8dd75a8) 
thrown [src/hotspot/share/interpreter/linkResolver.cpp, line 766]
Event: 103.822 Thread 0x00007fcac0018000 Implicit null exception at 0x00007fcab04dc526 to 0x00007fcab04dc620
Event: 104.038 Thread 0x00007fcac0018000 Implicit null exception at 0x00007fcab04c48f8 to 0x00007fcab04c54b4

Events (20 events):
Event: 9694.907 Executing VM operation: GenCollectForAllocation done
Event: 9696.858 Executing VM operation: GenCollectForAllocation
Event: 9696.891 Executing VM operation: GenCollectForAllocation done
Event: 9698.796 Executing VM operation: GenCollectForAllocation
Event: 9698.827 Executing VM operation: GenCollectForAllocation done
Event: 9700.728 Executing VM operation: GenCollectForAllocation
Event: 9700.760 Executing VM operation: GenCollectForAllocation done
Event: 9702.661 Executing VM operation: GenCollectForAllocation
Event: 9702.691 Executing VM operation: GenCollectForAllocation done
Event: 9704.583 Executing VM operation: GenCollectForAllocation
Event: 9704.613 Executing VM operation: GenCollectForAllocation done
Event: 9706.521 Executing VM operation: GenCollectForAllocation
Event: 9706.556 Executing VM operation: GenCollectForAllocation done
Event: 9708.488 Executing VM operation: GenCollectForAllocation
Event: 9708.518 Executing VM operation: GenCollectForAllocation done
Event: 9710.489 Executing VM operation: GenCollectForAllocation
Event: 9710.521 Executing VM operation: GenCollectForAllocation done
Event: 9712.458 Executing VM operation: GenCollectForAllocation
Event: 9712.488 Executing VM operation: GenCollectForAllocation done
Event: 9714.466 Executing VM operation: GenCollectForAllocation


Dynamic libraries:
563fb55de000-563fb55df000 r--p 00000000 07:03 4860                       /usr/lib/jvm/java-13-openjdk-amd64/bin/java
563fb55df000-563fb55e0000 r-xp 00001000 07:03 4860                       /usr/lib/jvm/java-13-openjdk-amd64/bin/java
563fb55e0000-563fb55e1000 r--p 00002000 07:03 4860                       /usr/lib/jvm/java-13-openjdk-amd64/bin/java
563fb55e1000-563fb55e2000 r--p 00002000 07:03 4860                       /usr/lib/jvm/java-13-openjdk-amd64/bin/java
563fb55e2000-563fb55e3000 rw-p 00003000 07:03 4860                       /usr/lib/jvm/java-13-openjdk-amd64/bin/java
563fb56f6000-563fb5717000 rw-p 00000000 00:00 0                          [heap]
7fba6c000000-7fba6c021000 rw-p 00000000 00:00 0 
7fba6c021000-7fba70000000 ---p 00000000 00:00 0 
7fba74000000-7fba74021000 rw-p 00000000 00:00 0 
7fba74021000-7fba78000000 ---p 00000000 00:00 0 
7fba78000000-7fba78021000 rw-p 00000000 00:00 0 
7fba78021000-7fba7c000000 ---p 00000000 00:00 0 
7fba7c000000-7fba7e6ec000 rw-p 00000000 00:00 0 
7fba7e6ec000-7fba80000000 ---p 00000000 00:00 0 
7fba80000000-7fba80c2d000 rw-p 00000000 00:00 0 
7fba80c2d000-7fba84000000 ---p 00000000 00:00 0 
7fba84000000-7fba84021000 rw-p 00000000 00:00 0 
7fba84021000-7fba88000000 ---p 00000000 00:00 0 
7fba88000000-7fba88021000 rw-p 00000000 00:00 0 
7fba88021000-7fba8c000000 ---p 00000000 00:00 0 
7fba8c000000-7fba8c021000 rw-p 00000000 00:00 0 
7fba8c021000-7fba90000000 ---p 00000000 00:00 0 
7fba90000000-7fba90021000 rw-p 00000000 00:00 0 
7fba90021000-7fba94000000 ---p 00000000 00:00 0 
7fba94000000-7fba9407c000 rw-p 00000000 00:00 0 
7fba9407c000-7fba98000000 ---p 00000000 00:00 0 
7fba9aea9000-7fba9aee9000 rw-p 00000000 00:00 0 
7fba9aee9000-7fba9b0a9000 ---p 00000000 00:00 0 
7fba9b0a9000-7fba9bcfc000 rw-p 00000000 00:00 0 
7fba9bcfc000-7fbaa05ff000 ---p 00000000 00:00 0 
7fbaa05ff000-7fbaa0c29000 rw-p 00000000 00:00 0 
7fbaa0c29000-7fbaa30a9000 ---p 00000000 00:00 0 
7fbaa30a9000-7fbaa3cfd000 rw-p 00000000 00:00 0 
7fbaa3cfd000-7fbaa85ff000 ---p 00000000 00:00 0 
7fbaa85ff000-7fbb6d8c0000 rw-p 00000000 00:00 0 
7fbb6d8c0000-7fbffdb50000 ---p 00000000 00:00 0 
7fbffdb50000-7fc188149000 rw-p 00000000 00:00 0 
7fc28efee000-7fcaa8600000 ---p 00000000 00:00 0 
7fcaa878a000-7fcaa89fa000 rwxp 00000000 00:00 0 
7fcaa89fa000-7fcaa8d19000 ---p 00000000 00:00 0 
7fcaa8d19000-7fcaa9489000 rwxp 00000000 00:00 0 
7fcaa9489000-7fcab0251000 ---p 00000000 00:00 0 
7fcab0251000-7fcab0521000 rwxp 00000000 00:00 0 
7fcab0521000-7fcab778a000 ---p 00000000 00:00 0 
7fcab778a000-7fcac0000000 r--s 00000000 07:03 5215                       /usr/lib/jvm/java-13-openjdk-amd64/lib/modules
7fcac0000000-7fcac06c6000 rw-p 00000000 00:00 0 
7fcac06c6000-7fcac4000000 ---p 00000000 00:00 0 
7fcac4076000-7fcac4276000 rw-p 00000000 00:00 0 
7fcac4276000-7fcac4476000 rw-p 00000000 00:00 0 
7fcac4476000-7fcac4676000 rw-p 00000000 00:00 0 
7fcac4676000-7fcac4876000 rw-p 00000000 00:00 0 
7fcac4876000-7fcac4c16000 rw-p 00000000 00:00 0 
7fcac4c16000-7fcac4e16000 rw-p 00000000 00:00 0 
7fcac4e16000-7fcac5016000 rw-p 00000000 00:00 0 
7fcac5016000-7fcac5216000 rw-p 00000000 00:00 0 
7fcac5216000-7fcac5247000 rw-p 00000000 00:00 0 
7fcac5247000-7fcac524b000 r--p 00000000 07:03 5204                       /usr/lib/jvm/java-13-openjdk-amd64/lib/libnet.so
7fcac524b000-7fcac5259000 r-xp 00004000 07:03 5204                       /usr/lib/jvm/java-13-openjdk-amd64/lib/libnet.so
7fcac5259000-7fcac525d000 r--p 00012000 07:03 5204                       /usr/lib/jvm/java-13-openjdk-amd64/lib/libnet.so
7fcac525d000-7fcac525e000 r--p 00015000 07:03 5204                       /usr/lib/jvm/java-13-openjdk-amd64/lib/libnet.so
7fcac525e000-7fcac525f000 rw-p 00016000 07:03 5204                       /usr/lib/jvm/java-13-openjdk-amd64/lib/libnet.so
7fcac525f000-7fcac5266000 r--p 00000000 07:03 5205                       /usr/lib/jvm/java-13-openjdk-amd64/lib/libnio.so
7fcac5266000-7fcac526f000 r-xp 00007000 07:03 5205                       /usr/lib/jvm/java-13-openjdk-amd64/lib/libnio.so
7fcac526f000-7fcac5273000 r--p 00010000 07:03 5205                       /usr/lib/jvm/java-13-openjdk-amd64/lib/libnio.so
7fcac5273000-7fcac5274000 r--p 00013000 07:03 5205                       /usr/lib/jvm/java-13-openjdk-amd64/lib/libnio.so
7fcac5274000-7fcac5275000 rw-p 00014000 07:03 5205                       /usr/lib/jvm/java-13-openjdk-amd64/lib/libnio.so
7fcac5275000-7fcac5276000 ---p 00000000 00:00 0 
7fcac5276000-7fcac5377000 rw-p 00000000 00:00 0 
7fcac5377000-7fcac537b000 ---p 00000000 00:00 0 
7fcac537b000-7fcac5478000 rw-p 00000000 00:00 0 
7fcac5478000-7fcac547c000 ---p 00000000 00:00 0 
7fcac547c000-7fcac5579000 rw-p 00000000 00:00 0 
7fcac5579000-7fcac557d000 ---p 00000000 00:00 0 
7fcac557d000-7fcac567a000 rw-p 00000000 00:00 0 
7fcac567a000-7fcac567e000 ---p 00000000 00:00 0 
7fcac567e000-7fcac577b000 rw-p 00000000 00:00 0 
7fcac577b000-7fcac577f000 ---p 00000000 00:00 0 
7fcac577f000-7fcac587c000 rw-p 00000000 00:00 0 
7fcac587c000-7fcac5880000 ---p 00000000 00:00 0 
7fcac5880000-7fcac597d000 rw-p 00000000 00:00 0 
7fcac597d000-7fcac5984000 r--s 00000000 07:03 8532                       /usr/lib/x86_64-linux-gnu/gconv/gconv-modules.cache
7fcac5984000-7fcac59b6000 r--p 00000000 07:03 5276                       /usr/lib/locale/C.UTF-8/LC_CTYPE
7fcac59b6000-7fcac59ba000 ---p 00000000 00:00 0 
7fcac59ba000-7fcac5ab7000 rw-p 00000000 00:00 0 
7fcac5ab7000-7fcac5abb000 ---p 00000000 00:00 0 
7fcac5abb000-7fcac5bb8000 rw-p 00000000 00:00 0 
7fcac5bb8000-7fcac5bb9000 ---p 00000000 00:00 0 
7fcac5bb9000-7fcac65d7000 rw-p 00000000 00:00 0 
7fcac65d7000-7fcac65dd000 rw-p 00000000 00:00 0 
7fcac65dd000-7fcac66c2000 ---p 00000000 00:00 0 
7fcac66c2000-7fcac66d1000 rw-p 00000000 00:00 0 
7fcac66d1000-7fcac67ad000 ---p 00000000 00:00 0 
7fcac67ad000-7fcac67b2000 rw-p 00000000 00:00 0 
7fcac67b2000-7fcac67b9000 ---p 00000000 00:00 0 
7fcac67b9000-7fcac67bb000 r--p 00000000 07:03 5214                       /usr/lib/jvm/java-13-openjdk-amd64/lib/libzip.so
7fcac67bb000-7fcac67bf000 r-xp 00002000 07:03 5214                       /usr/lib/jvm/java-13-openjdk-amd64/lib/libzip.so
7fcac67bf000-7fcac67c1000 r--p 00006000 07:03 5214                       /usr/lib/jvm/java-13-openjdk-amd64/lib/libzip.so
7fcac67c1000-7fcac67c2000 r--p 00007000 07:03 5214                       /usr/lib/jvm/java-13-openjdk-amd64/lib/libzip.so
7fcac67c2000-7fcac67c3000 rw-p 00008000 07:03 5214                       /usr/lib/jvm/java-13-openjdk-amd64/lib/libzip.so
7fcac67c3000-7fcac67cb000 rw-s 00000000 08:03 34981427                   /tmp/hsperfdata_rcabanas/49374
7fcac67cb000-7fcac67ce000 r--p 00000000 07:03 9108                       /usr/lib/x86_64-linux-gnu/libnss_files-2.31.so
7fcac67ce000-7fcac67d5000 r-xp 00003000 07:03 9108                       /usr/lib/x86_64-linux-gnu/libnss_files-2.31.so
7fcac67d5000-7fcac67d7000 r--p 0000a000 07:03 9108                       /usr/lib/x86_64-linux-gnu/libnss_files-2.31.so
7fcac67d7000-7fcac67d8000 r--p 0000b000 07:03 9108                       /usr/lib/x86_64-linux-gnu/libnss_files-2.31.so
7fcac67d8000-7fcac67d9000 rw-p 0000c000 07:03 9108                       /usr/lib/x86_64-linux-gnu/libnss_files-2.31.so
7fcac67d9000-7fcac67df000 rw-p 00000000 00:00 0 
7fcac67e5000-7fcac67e7000 r--p 00000000 07:03 5195                       /usr/lib/jvm/java-13-openjdk-amd64/lib/libjimage.so
7fcac67e7000-7fcac67ea000 r-xp 00002000 07:03 5195                       /usr/lib/jvm/java-13-openjdk-amd64/lib/libjimage.so
7fcac67ea000-7fcac67eb000 r--p 00005000 07:03 5195                       /usr/lib/jvm/java-13-openjdk-amd64/lib/libjimage.so
7fcac67eb000-7fcac67ec000 ---p 00006000 07:03 5195                       /usr/lib/jvm/java-13-openjdk-amd64/lib/libjimage.so
7fcac67ec000-7fcac67ed000 r--p 00006000 07:03 5195                       /usr/lib/jvm/java-13-openjdk-amd64/lib/libjimage.so
7fcac67ed000-7fcac67ee000 rw-p 00007000 07:03 5195                       /usr/lib/jvm/java-13-openjdk-amd64/lib/libjimage.so
7fcac67ee000-7fcac67fb000 r--p 00000000 07:03 5191                       /usr/lib/jvm/java-13-openjdk-amd64/lib/libjava.so
7fcac67fb000-7fcac6810000 r-xp 0000d000 07:03 5191                       /usr/lib/jvm/java-13-openjdk-amd64/lib/libjava.so
7fcac6810000-7fcac6816000 r--p 00022000 07:03 5191                       /usr/lib/jvm/java-13-openjdk-amd64/lib/libjava.so
7fcac6816000-7fcac6817000 ---p 00028000 07:03 5191                       /usr/lib/jvm/java-13-openjdk-amd64/lib/libjava.so
7fcac6817000-7fcac6818000 r--p 00028000 07:03 5191                       /usr/lib/jvm/java-13-openjdk-amd64/lib/libjava.so
7fcac6818000-7fcac681a000 rw-p 00029000 07:03 5191                       /usr/lib/jvm/java-13-openjdk-amd64/lib/libjava.so
7fcac681a000-7fcac681f000 r--p 00000000 07:03 5213                       /usr/lib/jvm/java-13-openjdk-amd64/lib/libverify.so
7fcac681f000-7fcac6826000 r-xp 00005000 07:03 5213                       /usr/lib/jvm/java-13-openjdk-amd64/lib/libverify.so
7fcac6826000-7fcac6828000 r--p 0000c000 07:03 5213                       /usr/lib/jvm/java-13-openjdk-amd64/lib/libverify.so
7fcac6828000-7fcac6829000 ---p 0000e000 07:03 5213                       /usr/lib/jvm/java-13-openjdk-amd64/lib/libverify.so
7fcac6829000-7fcac682b000 r--p 0000e000 07:03 5213                       /usr/lib/jvm/java-13-openjdk-amd64/lib/libverify.so
7fcac682b000-7fcac682c000 rw-p 00010000 07:03 5213                       /usr/lib/jvm/java-13-openjdk-amd64/lib/libverify.so
7fcac682c000-7fcac6830000 ---p 00000000 00:00 0 
7fcac6830000-7fcac692d000 rw-p 00000000 00:00 0 
7fcac692d000-7fcac6930000 r--p 00000000 07:03 8948                       /usr/lib/x86_64-linux-gnu/libgcc_s.so.1
7fcac6930000-7fcac6942000 r-xp 00003000 07:03 8948                       /usr/lib/x86_64-linux-gnu/libgcc_s.so.1
7fcac6942000-7fcac6946000 r--p 00015000 07:03 8948                       /usr/lib/x86_64-linux-gnu/libgcc_s.so.1
7fcac6946000-7fcac6947000 r--p 00018000 07:03 8948                       /usr/lib/x86_64-linux-gnu/libgcc_s.so.1
7fcac6947000-7fcac6948000 rw-p 00019000 07:03 8948                       /usr/lib/x86_64-linux-gnu/libgcc_s.so.1
7fcac6948000-7fcac6955000 r--p 00000000 07:03 9062                       /usr/lib/x86_64-linux-gnu/libm-2.31.so
7fcac6955000-7fcac69fc000 r-xp 0000d000 07:03 9062                       /usr/lib/x86_64-linux-gnu/libm-2.31.so
7fcac69fc000-7fcac6a95000 r--p 000b4000 07:03 9062                       /usr/lib/x86_64-linux-gnu/libm-2.31.so
7fcac6a95000-7fcac6a96000 r--p 0014c000 07:03 9062                       /usr/lib/x86_64-linux-gnu/libm-2.31.so
7fcac6a96000-7fcac6a97000 rw-p 0014d000 07:03 9062                       /usr/lib/x86_64-linux-gnu/libm-2.31.so
7fcac6a97000-7fcac6b2d000 r--p 00000000 07:03 9213                       /usr/lib/x86_64-linux-gnu/libstdc++.so.6.0.28
7fcac6b2d000-7fcac6c1e000 r-xp 00096000 07:03 9213                       /usr/lib/x86_64-linux-gnu/libstdc++.so.6.0.28
7fcac6c1e000-7fcac6c67000 r--p 00187000 07:03 9213                       /usr/lib/x86_64-linux-gnu/libstdc++.so.6.0.28
7fcac6c67000-7fcac6c68000 ---p 001d0000 07:03 9213                       /usr/lib/x86_64-linux-gnu/libstdc++.so.6.0.28
7fcac6c68000-7fcac6c73000 r--p 001d0000 07:03 9213                       /usr/lib/x86_64-linux-gnu/libstdc++.so.6.0.28
7fcac6c73000-7fcac6c76000 rw-p 001db000 07:03 9213                       /usr/lib/x86_64-linux-gnu/libstdc++.so.6.0.28
7fcac6c76000-7fcac6c79000 rw-p 00000000 00:00 0 
7fcac6c79000-7fcac6eff000 r--p 00000000 07:03 5226                       /usr/lib/jvm/java-13-openjdk-amd64/lib/server/libjvm.so
7fcac6eff000-7fcac7c7c000 r-xp 00286000 07:03 5226                       /usr/lib/jvm/java-13-openjdk-amd64/lib/server/libjvm.so
7fcac7c7c000-7fcac7ef7000 r--p 01003000 07:03 5226                       /usr/lib/jvm/java-13-openjdk-amd64/lib/server/libjvm.so
7fcac7ef7000-7fcac7fbc000 r--p 0127d000 07:03 5226                       /usr/lib/jvm/java-13-openjdk-amd64/lib/server/libjvm.so
7fcac7fbc000-7fcac7ff7000 rw-p 01342000 07:03 5226                       /usr/lib/jvm/java-13-openjdk-amd64/lib/server/libjvm.so
7fcac7ff7000-7fcac807d000 rw-p 00000000 00:00 0 
7fcac807d000-7fcac8083000 r--p 00000000 07:03 9166                       /usr/lib/x86_64-linux-gnu/libpthread-2.31.so
7fcac8083000-7fcac8094000 r-xp 00006000 07:03 9166                       /usr/lib/x86_64-linux-gnu/libpthread-2.31.so
7fcac8094000-7fcac809a000 r--p 00017000 07:03 9166                       /usr/lib/x86_64-linux-gnu/libpthread-2.31.so
7fcac809a000-7fcac809b000 r--p 0001c000 07:03 9166                       /usr/lib/x86_64-linux-gnu/libpthread-2.31.so
7fcac809b000-7fcac809c000 rw-p 0001d000 07:03 9166                       /usr/lib/x86_64-linux-gnu/libpthread-2.31.so
7fcac809c000-7fcac80a0000 rw-p 00000000 00:00 0 
7fcac80a0000-7fcac80a1000 r--p 00000000 07:03 8893                       /usr/lib/x86_64-linux-gnu/libdl-2.31.so
7fcac80a1000-7fcac80a3000 r-xp 00001000 07:03 8893                       /usr/lib/x86_64-linux-gnu/libdl-2.31.so
7fcac80a3000-7fcac80a4000 r--p 00003000 07:03 8893                       /usr/lib/x86_64-linux-gnu/libdl-2.31.so
7fcac80a4000-7fcac80a5000 r--p 00003000 07:03 8893                       /usr/lib/x86_64-linux-gnu/libdl-2.31.so
7fcac80a5000-7fcac80a6000 rw-p 00004000 07:03 8893                       /usr/lib/x86_64-linux-gnu/libdl-2.31.so
7fcac80a6000-7fcac80a8000 r--p 00000000 07:03 9290                       /usr/lib/x86_64-linux-gnu/libz.so.1.2.11
7fcac80a8000-7fcac80b9000 r-xp 00002000 07:03 9290                       /usr/lib/x86_64-linux-gnu/libz.so.1.2.11
7fcac80b9000-7fcac80bf000 r--p 00013000 07:03 9290                       /usr/lib/x86_64-linux-gnu/libz.so.1.2.11
7fcac80bf000-7fcac80c0000 ---p 00019000 07:03 9290                       /usr/lib/x86_64-linux-gnu/libz.so.1.2.11
7fcac80c0000-7fcac80c1000 r--p 00019000 07:03 9290                       /usr/lib/x86_64-linux-gnu/libz.so.1.2.11
7fcac80c1000-7fcac80c2000 rw-p 0001a000 07:03 9290                       /usr/lib/x86_64-linux-gnu/libz.so.1.2.11
7fcac80c2000-7fcac80e4000 r--p 00000000 07:03 8851                       /usr/lib/x86_64-linux-gnu/libc-2.31.so
7fcac80e4000-7fcac825c000 r-xp 00022000 07:03 8851                       /usr/lib/x86_64-linux-gnu/libc-2.31.so
7fcac825c000-7fcac82aa000 r--p 0019a000 07:03 8851                       /usr/lib/x86_64-linux-gnu/libc-2.31.so
7fcac82aa000-7fcac82ae000 r--p 001e7000 07:03 8851                       /usr/lib/x86_64-linux-gnu/libc-2.31.so
7fcac82ae000-7fcac82b0000 rw-p 001eb000 07:03 8851                       /usr/lib/x86_64-linux-gnu/libc-2.31.so
7fcac82b0000-7fcac82b4000 rw-p 00000000 00:00 0 
7fcac82b6000-7fcac82b8000 r--s 0000c000 07:03 20930                      /usr/share/java/java-atk-wrapper.jar
7fcac82b8000-7fcac82b9000 ---p 00000000 00:00 0 
7fcac82b9000-7fcac82ba000 r--p 00000000 00:00 0 
7fcac82ba000-7fcac82bd000 r--p 00000000 07:03 5196                       /usr/lib/jvm/java-13-openjdk-amd64/lib/libjli.so
7fcac82bd000-7fcac82c7000 r-xp 00003000 07:03 5196                       /usr/lib/jvm/java-13-openjdk-amd64/lib/libjli.so
7fcac82c7000-7fcac82ca000 r--p 0000d000 07:03 5196                       /usr/lib/jvm/java-13-openjdk-amd64/lib/libjli.so
7fcac82ca000-7fcac82cb000 r--p 0000f000 07:03 5196                       /usr/lib/jvm/java-13-openjdk-amd64/lib/libjli.so
7fcac82cb000-7fcac82cc000 rw-p 00010000 07:03 5196                       /usr/lib/jvm/java-13-openjdk-amd64/lib/libjli.so
7fcac82cc000-7fcac82ce000 rw-p 00000000 00:00 0 
7fcac82ce000-7fcac82cf000 r--p 00000000 07:03 8572                       /usr/lib/x86_64-linux-gnu/ld-2.31.so
7fcac82cf000-7fcac82f2000 r-xp 00001000 07:03 8572                       /usr/lib/x86_64-linux-gnu/ld-2.31.so
7fcac82f2000-7fcac82fa000 r--p 00024000 07:03 8572                       /usr/lib/x86_64-linux-gnu/ld-2.31.so
7fcac82fa000-7fcac82fb000 ---p 00000000 00:00 0 
7fcac82fb000-7fcac82fc000 r--p 0002c000 07:03 8572                       /usr/lib/x86_64-linux-gnu/ld-2.31.so
7fcac82fc000-7fcac82fd000 rw-p 0002d000 07:03 8572                       /usr/lib/x86_64-linux-gnu/ld-2.31.so
7fcac82fd000-7fcac82fe000 rw-p 00000000 00:00 0 
7fff8dca3000-7fff8dcc4000 rw-p 00000000 00:00 0                          [stack]
7fff8dd7f000-7fff8dd81000 r-xp 00000000 00:00 0                          [vdso]
ffffffffff600000-ffffffffff601000 r-xp 00000000 00:00 0                  [vsyscall]


VM Arguments:
jvm_args: -Xmx64g --add-modules=ALL-DEFAULT 
java_command: jdk.compiler/com.sun.tools.javac.launcher.Main /mnt/beegfs/rcabanas/dev/credici/papers/journalEM/code/LearnAndCalculatePNS.java -w -x 200 -m 500 -sc LLratio -th 1.0 -a EMCC --seed 0 --output /mnt/beegfs/rcabanas/dev/credici/papers/journalEM/output/synthetic/s3 /mnt/beegfs/rcabanas/dev/credici/papers/journalEM/models/synthetic/s3/random_mc2_n10_mid3_d1000_05_mr098_r10_173.uai
java_class_path (initial): /mnt/beegfs/rcabanas/dev/credici/target/credici-0.1.5-dev-SNAPSHOT-jar-with-dependencies.jar
Launcher Type: SUN_STANDARD

[Global flags]
     intx CICompilerCount                          = 2                                         {product} {ergonomic}
   size_t InitialHeapSize                          = 2147483648                                {product} {ergonomic}
   size_t MaxHeapSize                              = 68719476736                               {product} {command line}
   size_t MaxNewSize                               = 22906470400                               {product} {ergonomic}
   size_t MinHeapDeltaBytes                        = 196608                                    {product} {ergonomic}
   size_t MinHeapSize                              = 8388608                                   {product} {ergonomic}
   size_t NewSize                                  = 715784192                                 {product} {ergonomic}
    uintx NonNMethodCodeHeapSize                   = 5826188                                {pd product} {ergonomic}
    uintx NonProfiledCodeHeapSize                  = 122916026                              {pd product} {ergonomic}
   size_t OldSize                                  = 1431699456                                {product} {ergonomic}
    uintx ProfiledCodeHeapSize                     = 122916026                              {pd product} {ergonomic}
    uintx ReservedCodeCacheSize                    = 251658240                              {pd product} {ergonomic}
     bool SegmentedCodeCache                       = true                                      {product} {ergonomic}
   size_t SoftMaxHeapSize                          = 68719476736                            {manageable} {ergonomic}
     bool UseSerialGC                              = true                                      {product} {ergonomic}

Logging:
Log output configuration:
 #0: stdout all=warning uptime,level,tags
 #1: stderr all=off uptime,level,tags

Environment Variables:
PATH=/usr/local/sbin:/usr/local/bin:/usr/sbin:/usr/bin:/sbin:/bin
LD_LIBRARY_PATH=/.singularity.d/libs

Signal Handlers:
SIGSEGV: [libjvm.so+0xf8fcf0], sa_mask[0]=11111111011111111101111111111110, sa_flags=SA_RESTART|SA_SIGINFO
SIGBUS: [libjvm.so+0xf8fcf0], sa_mask[0]=11111111011111111101111111111110, sa_flags=SA_RESTART|SA_SIGINFO
SIGFPE: [libjvm.so+0xf8fcf0], sa_mask[0]=11111111011111111101111111111110, sa_flags=SA_RESTART|SA_SIGINFO
SIGPIPE: [libjvm.so+0xc3ffa0], sa_mask[0]=11111111011111111101111111111110, sa_flags=SA_RESTART|SA_SIGINFO
SIGXFSZ: [libjvm.so+0xc3ffa0], sa_mask[0]=11111111011111111101111111111110, sa_flags=SA_RESTART|SA_SIGINFO
SIGILL: [libjvm.so+0xf8fcf0], sa_mask[0]=11111111011111111101111111111110, sa_flags=SA_RESTART|SA_SIGINFO
SIGUSR2: [libjvm.so+0xc3fe40], sa_mask[0]=00000000000000000000000000000000, sa_flags=SA_RESTART|SA_SIGINFO
SIGHUP: [libjvm.so+0xc40580], sa_mask[0]=11111111011111111101111111111110, sa_flags=SA_RESTART|SA_SIGINFO
SIGINT: [libjvm.so+0xc40580], sa_mask[0]=11111111011111111101111111111110, sa_flags=SA_RESTART|SA_SIGINFO
SIGTERM: [libjvm.so+0xc40580], sa_mask[0]=11111111011111111101111111111110, sa_flags=SA_RESTART|SA_SIGINFO
SIGQUIT: [libjvm.so+0xc40580], sa_mask[0]=11111111011111111101111111111110, sa_flags=SA_RESTART|SA_SIGINFO


---------------  S Y S T E M  ---------------

OS:DISTRIB_ID=Ubuntu
DISTRIB_RELEASE=20.04
DISTRIB_CODENAME=focal
DISTRIB_DESCRIPTION="Ubuntu 20.04.4 LTS"
uname:Linux 3.10.0-1160.15.2.el7.x86_64 #1 SMP Wed Feb 3 15:06:38 UTC 2021 x86_64
OS uptime: 564 days 17:24 hours
libc:glibc 2.31 NPTL 2.31 
rlimit (soft/hard): STACK 8192k/infinity , CORE 0k/infinity , NPROC 4096/1030217 , NOFILE 131072/131072 , AS infinity/infinity , CPU infinity/infinity , DATA infinity/infinity , FSIZE infinity/infinity , MEMLOCK infinity/infinity
load average:37.14 37.20 37.19

/proc/meminfo:
MemTotal:       263895364 kB
MemFree:         1370568 kB
MemAvailable:    1226516 kB
Buffers:          129008 kB
Cached:           459448 kB
SwapCached:       252964 kB
Active:         246206216 kB
Inactive:        6961644 kB
Active(anon):   245956852 kB
Inactive(anon):  6679284 kB
Active(file):     249364 kB
Inactive(file):   282360 kB
Unevictable:       22788 kB
Mlocked:           22788 kB
SwapTotal:       4194300 kB
SwapFree:             28 kB
Dirty:               416 kB
Writeback:             0 kB
AnonPages:      252352528 kB
Mapped:           339052 kB
Shmem:             51868 kB
Slab:             772284 kB
SReclaimable:     189408 kB
SUnreclaim:       582876 kB
KernelStack:       32528 kB
PageTables:       538372 kB
NFS_Unstable:          0 kB
Bounce:                0 kB
WritebackTmp:          0 kB
CommitLimit:    136141980 kB
Committed_AS:   333329992 kB
VmallocTotal:   34359738367 kB
VmallocUsed:      861888 kB
VmallocChunk:   34222327428 kB
Percpu:            22016 kB
HardwareCorrupted:     0 kB
AnonHugePages:  57325568 kB
CmaTotal:              0 kB
CmaFree:               0 kB
HugePages_Total:       0
HugePages_Free:        0
HugePages_Rsvd:        0
HugePages_Surp:        0
Hugepagesize:       2048 kB
DirectMap4k:      505448 kB
DirectMap2M:    20328448 kB
DirectMap1G:    247463936 kB

/sys/kernel/mm/transparent_hugepage/enabled:
[always] madvise never

/sys/kernel/mm/transparent_hugepage/defrag (defrag/compaction efforts parameter):
[always] madvise never


/proc/sys/kernel/threads-max (system-wide limit on the number of threads):
2060435


/proc/sys/vm/max_map_count (maximum number of memory map areas a process may have):
65530


/proc/sys/kernel/pid_max (system-wide limit on number of process identifiers):
65536



Steal ticks since vm start: 0
Steal ticks percentage since vm start:  0.000

CPU:total 64 (initial active 1) (32 cores per cpu, 1 threads per core) family 23 model 49 stepping 0, cmov, cx8, fxsr, mmx, sse, sse2, sse3, ssse3, sse4.1, sse4.2, popcnt, avx, avx2, aes, clmul, mmxext, 3dnowpref, lzcnt, sse4a, tsc, tscinvbit, tscinv, bmi1, bmi2, adx, sha, fma
CPU Model and flags from /proc/cpuinfo:
model name	: AMD EPYC 7542 32-Core Processor
flags		: fpu vme de pse tsc msr pae mce cx8 apic sep mtrr pge mca cmov pat pse36 clflush mmx fxsr sse sse2 ht syscall nx mmxext fxsr_opt pdpe1gb rdtscp lm constant_tsc art rep_good nopl nonstop_tsc extd_apicid aperfmperf eagerfpu pni pclmulqdq monitor ssse3 fma cx16 sse4_1 sse4_2 movbe popcnt aes xsave avx f16c rdrand lahf_lm cmp_legacy svm extapic cr8_legacy abm sse4a misalignsse 3dnowprefetch osvw ibs skinit wdt tce topoext perfctr_core perfctr_nb bpext perfctr_l2 cpb cat_l3 cdp_l3 hw_pstate sme retpoline_amd ssbd ibrs ibpb stibp vmmcall fsgsbase bmi1 avx2 smep bmi2 cqm rdt_a rdseed adx smap clflushopt clwb sha_ni xsaveopt xsavec xgetbv1 cqm_llc cqm_occup_llc cqm_mbm_total cqm_mbm_local clzero irperf xsaveerptr arat npt lbrv svm_lock nrip_save tsc_scale vmcb_clean flushbyasid decodeassists pausefilter pfthreshold avic v_vmsave_vmload vgif umip overflow_recov succor smca
Online cpus:0-63
Offline cpus:
BIOS frequency limitation:2900000
Frequency switch latency (ns):0
Available cpu frequencies:2900000 2400000 1500000 
Current governor:conservative
Core performance/turbo boost:1

Memory: 4k page, physical 263895364k(1368800k free), swap 4194300k(28k free)

vm_info: OpenJDK 64-Bit Server VM (13.0.7+5-Ubuntu-0ubuntu120.04) for linux-amd64 JRE (13.0.7+5-Ubuntu-0ubuntu120.04), built on Apr 21 2021 05:36:19 by "unknown" with gcc 9.3.0

END.
