#
# There is insufficient memory for the Java Runtime Environment to continue.
# Native memory allocation (mmap) failed to map 4351307776 bytes for committing reserved memory.
# Possible reasons:
#   The system is out of physical RAM or swap space
# Possible solutions:
#   Reduce memory load on the system
#   Increase physical memory or swap space
#   Check if swap backing store is full
#   Decrease Java heap size (-Xmx/-Xms)
#   Decrease number of Java threads
#   Decrease Java thread stack sizes (-Xss)
#   Set larger code cache with -XX:ReservedCodeCacheSize=
# This output file may be truncated or incomplete.
#
#  Out of Memory Error (os_linux.cpp:2899), pid=40917, tid=41000
#
# JRE version: OpenJDK Runtime Environment (13.0.7+5) (build 13.0.7+5-Ubuntu-0ubuntu120.04)
# Java VM: OpenJDK 64-Bit Server VM (13.0.7+5-Ubuntu-0ubuntu120.04, mixed mode, tiered, serial gc, linux-amd64)
# No core dump will be written. Core dumps have been disabled. To enable core dumping, try "ulimit -c unlimited" before starting Java again
#

---------------  S U M M A R Y ------------

Command Line: -Xmx128g --add-modules=ALL-DEFAULT jdk.compiler/com.sun.tools.javac.launcher.Main /mnt/beegfs/rcabanas/dev/credici/papers/journalEM/code/LearnAndCalculatePNS.java -w -x 100 -m 500 -sc KL -th 0.0 -a EMCC --seed 29 --output /mnt/beegfs/rcabanas/dev/credici/papers/journalEM/output/triangolo --cause 3 --effect 0 /mnt/beegfs/rcabanas/dev/credici/papers/journalEM/models/triangolo/triangolo_causal.uai

Host: AMD EPYC 7542 32-Core Processor, 64 cores, 251G, Ubuntu 20.04.4 LTS
Time: Tue Oct 18 19:04:04 2022 CEST elapsed time: 3264.251556 seconds (0d 0h 54m 24s)

---------------  T H R E A D  ---------------

Current thread (0x00007f4338097800):  VMThread "VM Thread" [stack: 0x00007f433dece000,0x00007f433dfce000] [id=41000]

Stack: [0x00007f433dece000,0x00007f433dfce000],  sp=0x00007f433dfcc160,  free space=1016k
Native frames: (J=compiled Java code, A=aot compiled Java code, j=interpreted, Vv=VM code, C=native code)
V  [libjvm.so+0xf8f092]
V  [libjvm.so+0xf8fc91]
V  [libjvm.so+0x66ee5a]
V  [libjvm.so+0xc44a41]
V  [libjvm.so+0xc3b263]
V  [libjvm.so+0xf87f4b]
V  [libjvm.so+0x557506]
V  [libjvm.so+0x557723]
V  [libjvm.so+0xf18b0c]
V  [libjvm.so+0x557e65]
V  [libjvm.so+0x7e2edb]
V  [libjvm.so+0x7e39bd]
V  [libjvm.so+0x7d8b48]
V  [libjvm.so+0xf90940]
V  [libjvm.so+0xf96657]
V  [libjvm.so+0xf96d2b]
V  [libjvm.so+0xf9706a]
V  [libjvm.so+0xf2208f]
V  [libjvm.so+0xc493ff]

VM_Operation (0x00007f433ec3e2d0): GenCollectForAllocation, mode: safepoint, requested by thread 0x00007f4338018000


---------------  P R O C E S S  ---------------

Threads class SMR info:
_java_thread_list=0x00007f4338136410, length=9, elements={
0x00007f4338018000, 0x00007f43380a3800, 0x00007f43380a7000, 0x00007f43380cb800,
0x00007f43380cd000, 0x00007f43380cf000, 0x00007f43380d1000, 0x00007f43380d3000,
0x00007f4338135000
}

Java Threads: ( => current thread )
  0x00007f4338018000 JavaThread "main" [_thread_blocked, id=40950, stack(0x00007f433eb40000,0x00007f433ec41000)]
  0x00007f43380a3800 JavaThread "Reference Handler" daemon [_thread_blocked, id=41004, stack(0x00007f433ddcb000,0x00007f433decc000)]
  0x00007f43380a7000 JavaThread "Finalizer" daemon [_thread_blocked, id=41005, stack(0x00007f433dcca000,0x00007f433ddcb000)]
  0x00007f43380cb800 JavaThread "Signal Dispatcher" daemon [_thread_blocked, id=41012, stack(0x00007f433db90000,0x00007f433dc91000)]
  0x00007f43380cd000 JavaThread "Service Thread" daemon [_thread_blocked, id=41013, stack(0x00007f433da8f000,0x00007f433db90000)]
  0x00007f43380cf000 JavaThread "C2 CompilerThread0" daemon [_thread_blocked, id=41014, stack(0x00007f433d98e000,0x00007f433da8f000)]
  0x00007f43380d1000 JavaThread "C1 CompilerThread0" daemon [_thread_blocked, id=41015, stack(0x00007f433d88d000,0x00007f433d98e000)]
  0x00007f43380d3000 JavaThread "Sweeper thread" daemon [_thread_blocked, id=41021, stack(0x00007f433d78c000,0x00007f433d88d000)]
  0x00007f4338135000 JavaThread "Common-Cleaner" daemon [_thread_blocked, id=41045, stack(0x00007f433d68b000,0x00007f433d78c000)]

Other Threads:
=>0x00007f4338097800 VMThread "VM Thread" [stack: 0x00007f433dece000,0x00007f433dfce000] [id=41000]
  0x00007f4338181800 WatcherThread [stack: 0x00007f433d58b000,0x00007f433d68b000] [id=41075]

Threads with active compile tasks:

VM state:at safepoint (normal execution)

VM Mutex/Monitor currently owned by a thread:  ([mutex/lock_event])
[0x00007f43380141e0] Threads_lock - owner thread: 0x00007f4338097800
[0x00007f4338014de0] Heap_lock - owner thread: 0x00007f4338018000

Heap:
 def new generation   total 2861248K, used 98641K [0x00007f2320600000, 0x00007f23e26a0000, 0x00007f2dcb0a0000)
  eden space 2543360K,   3% used [0x00007f2320600000, 0x00007f2326654728, 0x00007f23bb9c0000)
  from space 317888K,   0% used [0x00007f23bb9c0000, 0x00007f23bb9c0000, 0x00007f23cf030000)
  to   space 317888K,   0% used [0x00007f23cf030000, 0x00007f23cf030000, 0x00007f23e26a0000)
 tenured generation   total 6374628K, used 6374370K [0x00007f2dcb0a0000, 0x00007f2f501d9000, 0x00007f4320600000)
   the space 6374628K,  99% used [0x00007f2dcb0a0000, 0x00007f2f501988a0, 0x00007f2f50198a00, 0x00007f2f501d9000)
 Metaspace       used 24286K, capacity 24696K, committed 24832K, reserved 26624K

Card table byte_map: [0x00007f23105ff000,0x00007f2320600000] _byte_map_base: 0x00007ee37ecfc000

Polling page: 0x00007f43405cc000

Metaspace:

Usage:
   24.12 MB capacity,    23.72 MB ( 98%) used,   318.80 KB (  1%) free+waste,    90.38 KB ( <1%) overhead. 

Virtual space:
     26.00 MB reserved,      24.25 MB ( 93%) committed 

Chunk freelists:
96.00 KB

MaxMetaspaceSize: unlimited


CodeHeap 'non-profiled nmethods': size=120036Kb used=1888Kb max_used=1888Kb free=118147Kb
 bounds [0x00007f4328251000, 0x00007f43284c1000, 0x00007f432f78a000]
CodeHeap 'profiled nmethods': size=120032Kb used=4900Kb max_used=6697Kb free=115131Kb
 bounds [0x00007f4320d19000, 0x00007f43213a9000, 0x00007f4328251000]
CodeHeap 'non-nmethods': size=5692Kb used=1210Kb max_used=1263Kb free=4482Kb
 bounds [0x00007f432078a000, 0x00007f43209fa000, 0x00007f4320d19000]
 total_blobs=3559 nmethods=3078 adapters=396
 compilation: enabled
              stopped_count=0, restarted_count=0
 full_count=0

Compilation events (20 events):
Event: 2465.361 Thread 0x00007f43380d1000 3884       3       org.jgrapht.alg.connectivity.ConnectivityInspector::connectedSets (5 bytes)
Event: 2465.361 Thread 0x00007f43380d1000 nmethod 3884 0x00007f4320eaa810 code [0x00007f4320eaa9a0, 0x00007f4320eaaac0]
Event: 2524.788 Thread 0x00007f43380d1000 3885       3       ch.idsia.credici.learning.FrequentistCausalEM::clearPosteriorCache (8 bytes)
Event: 2524.789 Thread 0x00007f43380d1000 nmethod 3885 0x00007f4321017190 code [0x00007f4321017320, 0x00007f43210174e0]
Event: 2543.180 Thread 0x00007f43380d1000 3886       3       java.util.HashMap$TreeNode::treeify (221 bytes)
Event: 2543.181 Thread 0x00007f43380d1000 nmethod 3886 0x00007f4320e73190 code [0x00007f4320e733c0, 0x00007f4320e73e40]
Event: 2747.839 Thread 0x00007f43380cf000 3887   !   4       java.util.AbstractList$Itr::next (45 bytes)
Event: 2747.853 Thread 0x00007f43380cf000 nmethod 3887 0x00007f4328290c90 code [0x00007f4328290e20, 0x00007f4328291088]
Event: 2747.870 Thread 0x00007f43380cf000 3888       4       com.google.common.primitives.Ints$IntArrayAsList::get (6 bytes)
Event: 2747.873 Thread 0x00007f43380cf000 nmethod 3888 0x00007f43282f3310 code [0x00007f43282f34a0, 0x00007f43282f3618]
Event: 2769.391 Thread 0x00007f43380cf000 3889       4       ch.idsia.credici.model.StructuralCausalModel$$Lambda$286/0x00007f433c401c58::test (9 bytes)
Event: 2769.394 Thread 0x00007f43380cf000 nmethod 3889 0x00007f43282f2d10 code [0x00007f43282f2e80, 0x00007f43282f2f38]
Event: 2948.359 Thread 0x00007f43380cf000 3890 %     4       java.util.HashMap::clear @ 33 (50 bytes)
Event: 2948.532 Thread 0x00007f43380cf000 nmethod 3890% 0x00007f43282b7f10 code [0x00007f43282b8080, 0x00007f43282b81f8]
Event: 3174.860 Thread 0x00007f43380d1000 3891       3       java.util.Arrays::copyOfRange (90 bytes)
Event: 3174.886 Thread 0x00007f43380d1000 nmethod 3891 0x00007f4320d1fd90 code [0x00007f4320d20040, 0x00007f4320d20e70]
Event: 3227.795 Thread 0x00007f43380cf000 3892       4       java.util.LinkedHashMap$LinkedKeySet::forEach (70 bytes)
Event: 3227.865 Thread 0x00007f43380cf000 nmethod 3892 0x00007f4328370110 code [0x00007f43283702e0, 0x00007f4328370978]
Event: 3234.321 Thread 0x00007f43380d1000 3893       3       java.util.HashMap$TreeNode::untreeify (52 bytes)
Event: 3234.323 Thread 0x00007f43380d1000 nmethod 3893 0x00007f4320daeb10 code [0x00007f4320daecc0, 0x00007f4320daf000]

GC Heap History (20 events):
Event: 3242.621 GC heap after
{Heap after GC invocations=2500 (full 6):
 def new generation   total 2861248K, used 101759K [0x00007f2320600000, 0x00007f23e26a0000, 0x00007f2dcb0a0000)
  eden space 2543360K,   0% used [0x00007f2320600000, 0x00007f2320600000, 0x00007f23bb9c0000)
  from space 317888K,  32% used [0x00007f23cf030000, 0x00007f23d538ffd8, 0x00007f23e26a0000)
  to   space 317888K,   0% used [0x00007f23bb9c0000, 0x00007f23bb9c0000, 0x00007f23cf030000)
 tenured generation   total 6358240K, used 6320378K [0x00007f2dcb0a0000, 0x00007f2f4f1d8000, 0x00007f4320600000)
   the space 6358240K,  99% used [0x00007f2dcb0a0000, 0x00007f2f4ccde9a8, 0x00007f2f4ccdea00, 0x00007f2f4f1d8000)
 Metaspace       used 24286K, capacity 24696K, committed 24832K, reserved 26624K
}
Event: 3245.246 GC heap before
{Heap before GC invocations=2500 (full 6):
 def new generation   total 2861248K, used 2645119K [0x00007f2320600000, 0x00007f23e26a0000, 0x00007f2dcb0a0000)
  eden space 2543360K, 100% used [0x00007f2320600000, 0x00007f23bb9c0000, 0x00007f23bb9c0000)
  from space 317888K,  32% used [0x00007f23cf030000, 0x00007f23d538ffd8, 0x00007f23e26a0000)
  to   space 317888K,   0% used [0x00007f23bb9c0000, 0x00007f23bb9c0000, 0x00007f23cf030000)
 tenured generation   total 6358240K, used 6320378K [0x00007f2dcb0a0000, 0x00007f2f4f1d8000, 0x00007f4320600000)
   the space 6358240K,  99% used [0x00007f2dcb0a0000, 0x00007f2f4ccde9a8, 0x00007f2f4ccdea00, 0x00007f2f4f1d8000)
 Metaspace       used 24286K, capacity 24696K, committed 24832K, reserved 26624K
}
Event: 3245.302 GC heap after
{Heap after GC invocations=2501 (full 6):
 def new generation   total 2861248K, used 107433K [0x00007f2320600000, 0x00007f23e26a0000, 0x00007f2dcb0a0000)
  eden space 2543360K,   0% used [0x00007f2320600000, 0x00007f2320600000, 0x00007f23bb9c0000)
  from space 317888K,  33% used [0x00007f23bb9c0000, 0x00007f23c22aa5e8, 0x00007f23cf030000)
  to   space 317888K,   0% used [0x00007f23cf030000, 0x00007f23cf030000, 0x00007f23e26a0000)
 tenured generation   total 6358240K, used 6320378K [0x00007f2dcb0a0000, 0x00007f2f4f1d8000, 0x00007f4320600000)
   the space 6358240K,  99% used [0x00007f2dcb0a0000, 0x00007f2f4ccde9a8, 0x00007f2f4ccdea00, 0x00007f2f4f1d8000)
 Metaspace       used 24286K, capacity 24696K, committed 24832K, reserved 26624K
}
Event: 3247.429 GC heap before
{Heap before GC invocations=2501 (full 6):
 def new generation   total 2861248K, used 2650793K [0x00007f2320600000, 0x00007f23e26a0000, 0x00007f2dcb0a0000)
  eden space 2543360K, 100% used [0x00007f2320600000, 0x00007f23bb9c0000, 0x00007f23bb9c0000)
  from space 317888K,  33% used [0x00007f23bb9c0000, 0x00007f23c22aa5e8, 0x00007f23cf030000)
  to   space 317888K,   0% used [0x00007f23cf030000, 0x00007f23cf030000, 0x00007f23e26a0000)
 tenured generation   total 6358240K, used 6320378K [0x00007f2dcb0a0000, 0x00007f2f4f1d8000, 0x00007f4320600000)
   the space 6358240K,  99% used [0x00007f2dcb0a0000, 0x00007f2f4ccde9a8, 0x00007f2f4ccdea00, 0x00007f2f4f1d8000)
 Metaspace       used 24286K, capacity 24696K, committed 24832K, reserved 26624K
}
Event: 3247.526 GC heap after
{Heap after GC invocations=2502 (full 6):
 def new generation   total 2861248K, used 99719K [0x00007f2320600000, 0x00007f23e26a0000, 0x00007f2dcb0a0000)
  eden space 2543360K,   0% used [0x00007f2320600000, 0x00007f2320600000, 0x00007f23bb9c0000)
  from space 317888K,  31% used [0x00007f23cf030000, 0x00007f23d5191cf0, 0x00007f23e26a0000)
  to   space 317888K,   0% used [0x00007f23bb9c0000, 0x00007f23bb9c0000, 0x00007f23cf030000)
 tenured generation   total 6358240K, used 6337338K [0x00007f2dcb0a0000, 0x00007f2f4f1d8000, 0x00007f4320600000)
   the space 6358240K,  99% used [0x00007f2dcb0a0000, 0x00007f2f4dd6e9a0, 0x00007f2f4dd6ea00, 0x00007f2f4f1d8000)
 Metaspace       used 24286K, capacity 24696K, committed 24832K, reserved 26624K
}
Event: 3249.506 GC heap before
{Heap before GC invocations=2502 (full 6):
 def new generation   total 2861248K, used 2643079K [0x00007f2320600000, 0x00007f23e26a0000, 0x00007f2dcb0a0000)
  eden space 2543360K, 100% used [0x00007f2320600000, 0x00007f23bb9c0000, 0x00007f23bb9c0000)
  from space 317888K,  31% used [0x00007f23cf030000, 0x00007f23d5191cf0, 0x00007f23e26a0000)
  to   space 317888K,   0% used [0x00007f23bb9c0000, 0x00007f23bb9c0000, 0x00007f23cf030000)
 tenured generation   total 6358240K, used 6337338K [0x00007f2dcb0a0000, 0x00007f2f4f1d8000, 0x00007f4320600000)
   the space 6358240K,  99% used [0x00007f2dcb0a0000, 0x00007f2f4dd6e9a0, 0x00007f2f4dd6ea00, 0x00007f2f4f1d8000)
 Metaspace       used 24286K, capacity 24696K, committed 24832K, reserved 26624K
}
Event: 3249.567 GC heap after
{Heap after GC invocations=2503 (full 6):
 def new generation   total 2861248K, used 101766K [0x00007f2320600000, 0x00007f23e26a0000, 0x00007f2dcb0a0000)
  eden space 2543360K,   0% used [0x00007f2320600000, 0x00007f2320600000, 0x00007f23bb9c0000)
  from space 317888K,  32% used [0x00007f23bb9c0000, 0x00007f23c1d21a98, 0x00007f23cf030000)
  to   space 317888K,   0% used [0x00007f23cf030000, 0x00007f23cf030000, 0x00007f23e26a0000)
 tenured generation   total 6358240K, used 6337338K [0x00007f2dcb0a0000, 0x00007f2f4f1d8000, 0x00007f4320600000)
   the space 6358240K,  99% used [0x00007f2dcb0a0000, 0x00007f2f4dd6e9a0, 0x00007f2f4dd6ea00, 0x00007f2f4f1d8000)
 Metaspace       used 24286K, capacity 24696K, committed 24832K, reserved 26624K
}
Event: 3252.026 GC heap before
{Heap before GC invocations=2503 (full 6):
 def new generation   total 2861248K, used 2645126K [0x00007f2320600000, 0x00007f23e26a0000, 0x00007f2dcb0a0000)
  eden space 2543360K, 100% used [0x00007f2320600000, 0x00007f23bb9c0000, 0x00007f23bb9c0000)
  from space 317888K,  32% used [0x00007f23bb9c0000, 0x00007f23c1d21a98, 0x00007f23cf030000)
  to   space 317888K,   0% used [0x00007f23cf030000, 0x00007f23cf030000, 0x00007f23e26a0000)
 tenured generation   total 6358240K, used 6337338K [0x00007f2dcb0a0000, 0x00007f2f4f1d8000, 0x00007f4320600000)
   the space 6358240K,  99% used [0x00007f2dcb0a0000, 0x00007f2f4dd6e9a0, 0x00007f2f4dd6ea00, 0x00007f2f4f1d8000)
 Metaspace       used 24286K, capacity 24696K, committed 24832K, reserved 26624K
}
Event: 3252.091 GC heap after
{Heap after GC invocations=2504 (full 6):
 def new generation   total 2861248K, used 105371K [0x00007f2320600000, 0x00007f23e26a0000, 0x00007f2dcb0a0000)
  eden space 2543360K,   0% used [0x00007f2320600000, 0x00007f2320600000, 0x00007f23bb9c0000)
  from space 317888K,  33% used [0x00007f23cf030000, 0x00007f23d5716fb8, 0x00007f23e26a0000)
  to   space 317888K,   0% used [0x00007f23bb9c0000, 0x00007f23bb9c0000, 0x00007f23cf030000)
 tenured generation   total 6358240K, used 6337338K [0x00007f2dcb0a0000, 0x00007f2f4f1d8000, 0x00007f4320600000)
   the space 6358240K,  99% used [0x00007f2dcb0a0000, 0x00007f2f4dd6e9a0, 0x00007f2f4dd6ea00, 0x00007f2f4f1d8000)
 Metaspace       used 24286K, capacity 24696K, committed 24832K, reserved 26624K
}
Event: 3254.495 GC heap before
{Heap before GC invocations=2504 (full 6):
 def new generation   total 2861248K, used 2648731K [0x00007f2320600000, 0x00007f23e26a0000, 0x00007f2dcb0a0000)
  eden space 2543360K, 100% used [0x00007f2320600000, 0x00007f23bb9c0000, 0x00007f23bb9c0000)
  from space 317888K,  33% used [0x00007f23cf030000, 0x00007f23d5716fb8, 0x00007f23e26a0000)
  to   space 317888K,   0% used [0x00007f23bb9c0000, 0x00007f23bb9c0000, 0x00007f23cf030000)
 tenured generation   total 6358240K, used 6337338K [0x00007f2dcb0a0000, 0x00007f2f4f1d8000, 0x00007f4320600000)
   the space 6358240K,  99% used [0x00007f2dcb0a0000, 0x00007f2f4dd6e9a0, 0x00007f2f4dd6ea00, 0x00007f2f4f1d8000)
 Metaspace       used 24286K, capacity 24696K, committed 24832K, reserved 26624K
}
Event: 3254.563 GC heap after
{Heap after GC invocations=2505 (full 6):
 def new generation   total 2861248K, used 115651K [0x00007f2320600000, 0x00007f23e26a0000, 0x00007f2dcb0a0000)
  eden space 2543360K,   0% used [0x00007f2320600000, 0x00007f2320600000, 0x00007f23bb9c0000)
  from space 317888K,  36% used [0x00007f23bb9c0000, 0x00007f23c2ab0d10, 0x00007f23cf030000)
  to   space 317888K,   0% used [0x00007f23cf030000, 0x00007f23cf030000, 0x00007f23e26a0000)
 tenured generation   total 6358240K, used 6337338K [0x00007f2dcb0a0000, 0x00007f2f4f1d8000, 0x00007f4320600000)
   the space 6358240K,  99% used [0x00007f2dcb0a0000, 0x00007f2f4dd6e9a0, 0x00007f2f4dd6ea00, 0x00007f2f4f1d8000)
 Metaspace       used 24286K, capacity 24696K, committed 24832K, reserved 26624K
}
Event: 3256.738 GC heap before
{Heap before GC invocations=2505 (full 6):
 def new generation   total 2861248K, used 2659011K [0x00007f2320600000, 0x00007f23e26a0000, 0x00007f2dcb0a0000)
  eden space 2543360K, 100% used [0x00007f2320600000, 0x00007f23bb9c0000, 0x00007f23bb9c0000)
  from space 317888K,  36% used [0x00007f23bb9c0000, 0x00007f23c2ab0d10, 0x00007f23cf030000)
  to   space 317888K,   0% used [0x00007f23cf030000, 0x00007f23cf030000, 0x00007f23e26a0000)
 tenured generation   total 6358240K, used 6337338K [0x00007f2dcb0a0000, 0x00007f2f4f1d8000, 0x00007f4320600000)
   the space 6358240K,  99% used [0x00007f2dcb0a0000, 0x00007f2f4dd6e9a0, 0x00007f2f4dd6ea00, 0x00007f2f4f1d8000)
 Metaspace       used 24286K, capacity 24696K, committed 24832K, reserved 26624K
}
Event: 3256.871 GC heap after
{Heap after GC invocations=2506 (full 6):
 def new generation   total 2861248K, used 101762K [0x00007f2320600000, 0x00007f23e26a0000, 0x00007f2dcb0a0000)
  eden space 2543360K,   0% used [0x00007f2320600000, 0x00007f2320600000, 0x00007f23bb9c0000)
  from space 317888K,  32% used [0x00007f23cf030000, 0x00007f23d53908a8, 0x00007f23e26a0000)
  to   space 317888K,   0% used [0x00007f23bb9c0000, 0x00007f23bb9c0000, 0x00007f23cf030000)
 tenured generation   total 6358240K, used 6354298K [0x00007f2dcb0a0000, 0x00007f2f4f1d8000, 0x00007f4320600000)
   the space 6358240K,  99% used [0x00007f2dcb0a0000, 0x00007f2f4edfe998, 0x00007f2f4edfea00, 0x00007f2f4f1d8000)
 Metaspace       used 24286K, capacity 24696K, committed 24832K, reserved 26624K
}
Event: 3259.067 GC heap before
{Heap before GC invocations=2506 (full 6):
 def new generation   total 2861248K, used 2644611K [0x00007f2320600000, 0x00007f23e26a0000, 0x00007f2dcb0a0000)
  eden space 2543360K,  99% used [0x00007f2320600000, 0x00007f23bb940428, 0x00007f23bb9c0000)
  from space 317888K,  32% used [0x00007f23cf030000, 0x00007f23d53908a8, 0x00007f23e26a0000)
  to   space 317888K,   0% used [0x00007f23bb9c0000, 0x00007f23bb9c0000, 0x00007f23cf030000)
 tenured generation   total 6358240K, used 6354298K [0x00007f2dcb0a0000, 0x00007f2f4f1d8000, 0x00007f4320600000)
   the space 6358240K,  99% used [0x00007f2dcb0a0000, 0x00007f2f4edfe998, 0x00007f2f4edfea00, 0x00007f2f4f1d8000)
 Metaspace       used 24286K, capacity 24696K, committed 24832K, reserved 26624K
}
Event: 3259.147 GC heap after
{Heap after GC invocations=2507 (full 6):
 def new generation   total 2861248K, used 103824K [0x00007f2320600000, 0x00007f23e26a0000, 0x00007f2dcb0a0000)
  eden space 2543360K,   0% used [0x00007f2320600000, 0x00007f2320600000, 0x00007f23bb9c0000)
  from space 317888K,  32% used [0x00007f23bb9c0000, 0x00007f23c1f240e8, 0x00007f23cf030000)
  to   space 317888K,   0% used [0x00007f23cf030000, 0x00007f23cf030000, 0x00007f23e26a0000)
 tenured generation   total 6358240K, used 6354298K [0x00007f2dcb0a0000, 0x00007f2f4f1d8000, 0x00007f4320600000)
   the space 6358240K,  99% used [0x00007f2dcb0a0000, 0x00007f2f4edfe998, 0x00007f2f4edfea00, 0x00007f2f4f1d8000)
 Metaspace       used 24286K, capacity 24696K, committed 24832K, reserved 26624K
}
Event: 3261.530 GC heap before
{Heap before GC invocations=2507 (full 6):
 def new generation   total 2861248K, used 2647184K [0x00007f2320600000, 0x00007f23e26a0000, 0x00007f2dcb0a0000)
  eden space 2543360K, 100% used [0x00007f2320600000, 0x00007f23bb9c0000, 0x00007f23bb9c0000)
  from space 317888K,  32% used [0x00007f23bb9c0000, 0x00007f23c1f240e8, 0x00007f23cf030000)
  to   space 317888K,   0% used [0x00007f23cf030000, 0x00007f23cf030000, 0x00007f23e26a0000)
 tenured generation   total 6358240K, used 6354298K [0x00007f2dcb0a0000, 0x00007f2f4f1d8000, 0x00007f4320600000)
   the space 6358240K,  99% used [0x00007f2dcb0a0000, 0x00007f2f4edfe998, 0x00007f2f4edfea00, 0x00007f2f4f1d8000)
 Metaspace       used 24286K, capacity 24696K, committed 24832K, reserved 26624K
}
Event: 3261.601 GC heap after
{Heap after GC invocations=2508 (full 6):
 def new generation   total 2861248K, used 112053K [0x00007f2320600000, 0x00007f23e26a0000, 0x00007f2dcb0a0000)
  eden space 2543360K,   0% used [0x00007f2320600000, 0x00007f2320600000, 0x00007f23bb9c0000)
  from space 317888K,  35% used [0x00007f23cf030000, 0x00007f23d5d9d418, 0x00007f23e26a0000)
  to   space 317888K,   0% used [0x00007f23bb9c0000, 0x00007f23bb9c0000, 0x00007f23cf030000)
 tenured generation   total 6358240K, used 6354298K [0x00007f2dcb0a0000, 0x00007f2f4f1d8000, 0x00007f4320600000)
   the space 6358240K,  99% used [0x00007f2dcb0a0000, 0x00007f2f4edfe998, 0x00007f2f4edfea00, 0x00007f2f4f1d8000)
 Metaspace       used 24286K, capacity 24696K, committed 24832K, reserved 26624K
}
Event: 3263.849 GC heap before
{Heap before GC invocations=2508 (full 6):
 def new generation   total 2861248K, used 2655413K [0x00007f2320600000, 0x00007f23e26a0000, 0x00007f2dcb0a0000)
  eden space 2543360K, 100% used [0x00007f2320600000, 0x00007f23bb9c0000, 0x00007f23bb9c0000)
  from space 317888K,  35% used [0x00007f23cf030000, 0x00007f23d5d9d418, 0x00007f23e26a0000)
  to   space 317888K,   0% used [0x00007f23bb9c0000, 0x00007f23bb9c0000, 0x00007f23cf030000)
 tenured generation   total 6358240K, used 6354298K [0x00007f2dcb0a0000, 0x00007f2f4f1d8000, 0x00007f4320600000)
   the space 6358240K,  99% used [0x00007f2dcb0a0000, 0x00007f2f4edfe998, 0x00007f2f4edfea00, 0x00007f2f4f1d8000)
 Metaspace       used 24286K, capacity 24696K, committed 24832K, reserved 26624K
}
Event: 3263.945 GC heap after
{Heap after GC invocations=2509 (full 6):
 def new generation   total 2861248K, used 101753K [0x00007f2320600000, 0x00007f23e26a0000, 0x00007f2dcb0a0000)
  eden space 2543360K,   0% used [0x00007f2320600000, 0x00007f2320600000, 0x00007f23bb9c0000)
  from space 317888K,  32% used [0x00007f23bb9c0000, 0x00007f23c1d1e638, 0x00007f23cf030000)
  to   space 317888K,   0% used [0x00007f23cf030000, 0x00007f23cf030000, 0x00007f23e26a0000)
 tenured generation   total 6374628K, used 6371258K [0x00007f2dcb0a0000, 0x00007f2f501d9000, 0x00007f4320600000)
   the space 6374628K,  99% used [0x00007f2dcb0a0000, 0x00007f2f4fe8e990, 0x00007f2f4fe8ea00, 0x00007f2f501d9000)
 Metaspace       used 24286K, capacity 24696K, committed 24832K, reserved 26624K
}
Event: 3263.945 GC heap before
{Heap before GC invocations=2509 (full 6):
 def new generation   total 2861248K, used 101753K [0x00007f2320600000, 0x00007f23e26a0000, 0x00007f2dcb0a0000)
  eden space 2543360K,   0% used [0x00007f2320600000, 0x00007f2320600000, 0x00007f23bb9c0000)
  from space 317888K,  32% used [0x00007f23bb9c0000, 0x00007f23c1d1e638, 0x00007f23cf030000)
  to   space 317888K,   0% used [0x00007f23cf030000, 0x00007f23cf030000, 0x00007f23e26a0000)
 tenured generation   total 6374628K, used 6371258K [0x00007f2dcb0a0000, 0x00007f2f501d9000, 0x00007f4320600000)
   the space 6374628K,  99% used [0x00007f2dcb0a0000, 0x00007f2f4fe8e990, 0x00007f2f4fe8ea00, 0x00007f2f501d9000)
 Metaspace       used 24286K, capacity 24696K, committed 24832K, reserved 26624K
}

Deoptimization events (20 events):
Event: 1387.688 Thread 0x00007f4338018000 Uncommon trap: trap_request=0xffffffc6 fr.pc=0x00007f43283c8628 relative=0x0000000000000ae8
Event: 1387.688 Thread 0x00007f4338018000 Uncommon trap: reason=bimorphic_or_optimized_type_check action=maybe_recompile pc=0x00007f43283c8628 method=java.util.HashMap.removeNode(ILjava/lang/Object;Ljava/lang/Object;ZZ)Ljava/util/HashMap$Node; @ 68 c2
Event: 1387.688 Thread 0x00007f4338018000 DEOPT PACKING pc=0x00007f43283c8628 sp=0x00007f433ec3e3b0
Event: 1387.688 Thread 0x00007f4338018000 DEOPT UNPACKING pc=0x00007f43207d2e25 sp=0x00007f433ec3e348 mode 2
Event: 3235.439 Thread 0x00007f4338018000 Uncommon trap: trap_request=0xffffffbe fr.pc=0x00007f43283706b0 relative=0x00000000000003d0
Event: 3235.440 Thread 0x00007f4338018000 Uncommon trap: reason=profile_predicate action=maybe_recompile pc=0x00007f43283706b0 method=java.util.LinkedHashMap$LinkedKeySet.forEach(Ljava/util/function/Consumer;)V @ 29 c2
Event: 3235.440 Thread 0x00007f4338018000 DEOPT PACKING pc=0x00007f43283706b0 sp=0x00007f433ec3e460
Event: 3235.440 Thread 0x00007f4338018000 DEOPT UNPACKING pc=0x00007f43207d2e25 sp=0x00007f433ec3e430 mode 2
Event: 3242.923 Thread 0x00007f4338018000 Uncommon trap: trap_request=0xffffffbe fr.pc=0x00007f43283706b0 relative=0x00000000000003d0
Event: 3242.923 Thread 0x00007f4338018000 Uncommon trap: reason=profile_predicate action=maybe_recompile pc=0x00007f43283706b0 method=java.util.LinkedHashMap$LinkedKeySet.forEach(Ljava/util/function/Consumer;)V @ 29 c2
Event: 3242.923 Thread 0x00007f4338018000 DEOPT PACKING pc=0x00007f43283706b0 sp=0x00007f433ec3e460
Event: 3242.923 Thread 0x00007f4338018000 DEOPT UNPACKING pc=0x00007f43207d2e25 sp=0x00007f433ec3e430 mode 2
Event: 3250.372 Thread 0x00007f4338018000 Uncommon trap: trap_request=0xffffffbe fr.pc=0x00007f43283706b0 relative=0x00000000000003d0
Event: 3250.372 Thread 0x00007f4338018000 Uncommon trap: reason=profile_predicate action=maybe_recompile pc=0x00007f43283706b0 method=java.util.LinkedHashMap$LinkedKeySet.forEach(Ljava/util/function/Consumer;)V @ 29 c2
Event: 3250.372 Thread 0x00007f4338018000 DEOPT PACKING pc=0x00007f43283706b0 sp=0x00007f433ec3e460
Event: 3250.372 Thread 0x00007f4338018000 DEOPT UNPACKING pc=0x00007f43207d2e25 sp=0x00007f433ec3e430 mode 2
Event: 3258.271 Thread 0x00007f4338018000 Uncommon trap: trap_request=0xffffffbe fr.pc=0x00007f43283706b0 relative=0x00000000000003d0
Event: 3258.271 Thread 0x00007f4338018000 Uncommon trap: reason=profile_predicate action=maybe_recompile pc=0x00007f43283706b0 method=java.util.LinkedHashMap$LinkedKeySet.forEach(Ljava/util/function/Consumer;)V @ 29 c2
Event: 3258.271 Thread 0x00007f4338018000 DEOPT PACKING pc=0x00007f43283706b0 sp=0x00007f433ec3e460
Event: 3258.271 Thread 0x00007f4338018000 DEOPT UNPACKING pc=0x00007f43207d2e25 sp=0x00007f433ec3e430 mode 2

Classes unloaded (0 events):
No events

Classes redefined (0 events):
No events

Internal exceptions (20 events):
Event: 0.806 Thread 0x00007f4338018000 Exception <a 'java/lang/NoSuchMethodError'{0x00007f2321bfe2f8}: 'int java.lang.invoke.DirectMethodHandle$Holder.invokeInterface(java.lang.Object, java.lang.Object)'> (0x00007f2321bfe2f8) 
thrown [src/hotspot/share/interpreter/linkResolver.cpp, line 766]
Event: 0.813 Thread 0x00007f4338018000 Exception <a 'java/lang/NoSuchMethodError'{0x00007f2321c412d0}: 'int java.lang.invoke.DirectMethodHandle$Holder.invokeSpecial(java.lang.Object, java.lang.Object, java.lang.Object, java.lang.Object)'> (0x00007f2321c412d0) 
thrown [src/hotspot/share/interpreter/linkResolver.cpp, line 766]
Event: 0.815 Thread 0x00007f4338018000 Exception <a 'java/lang/NoSuchMethodError'{0x00007f2321c583e0}: 'java.lang.Object java.lang.invoke.DirectMethodHandle$Holder.invokeVirtual(java.lang.Object, java.lang.Object, java.lang.Object, int, int)'> (0x00007f2321c583e0) 
thrown [src/hotspot/share/interpreter/linkResolver.cpp, line 766]
Event: 0.815 Thread 0x00007f4338018000 Exception <a 'java/lang/NoSuchMethodError'{0x00007f2321c60790}: 'java.lang.Object java.lang.invoke.DirectMethodHandle$Holder.invokeVirtual(java.lang.Object, java.lang.Object, int)'> (0x00007f2321c60790) 
thrown [src/hotspot/share/interpreter/linkResolver.cpp, line 766]
Event: 0.826 Thread 0x00007f4338018000 Exception <a 'java/lang/NoSuchMethodError'{0x00007f2321c7ee48}: 'java.lang.Object java.lang.invoke.DirectMethodHandle$Holder.invokeSpecial(java.lang.Object, java.lang.Object, java.lang.Object, int, int)'> (0x00007f2321c7ee48) 
thrown [src/hotspot/share/interpreter/linkResolver.cpp, line 766]
Event: 1.161 Thread 0x00007f4338018000 Exception <a 'java/lang/NoSuchMethodError'{0x00007f2323240db8}: 'int java.lang.invoke.DirectMethodHandle$Holder.invokeSpecial(java.lang.Object, java.lang.Object, java.lang.Object, java.lang.Object, java.lang.Object)'> (0x00007f2323240db8) 
thrown [src/hotspot/share/interpreter/linkResolver.cpp, line 766]
Event: 1.248 Thread 0x00007f4338018000 Exception <a 'java/lang/NoSuchMethodError'{0x00007f232365ec48}: 'java.lang.Object java.lang.invoke.DirectMethodHandle$Holder.invokeStatic(java.lang.Object, java.lang.Object, int, int)'> (0x00007f232365ec48) 
thrown [src/hotspot/share/interpreter/linkResolver.cpp, line 766]
Event: 1.610 Thread 0x00007f4338018000 Exception <a 'java/lang/NoSuchMethodError'{0x00007f23251b5288}: 'void java.lang.invoke.DirectMethodHandle$Holder.invokeVirtual(java.lang.Object, java.lang.Object)'> (0x00007f23251b5288) 
thrown [src/hotspot/share/interpreter/linkResolver.cpp, line 766]
Event: 1.747 Thread 0x00007f4338018000 Exception <a 'java/lang/NoSuchMethodError'{0x00007f232553b808}: 'int java.lang.invoke.DirectMethodHandle$Holder.invokeVirtual(java.lang.Object, java.lang.Object, java.lang.Object, java.lang.Object)'> (0x00007f232553b808) 
thrown [src/hotspot/share/interpreter/linkResolver.cpp, line 766]
Event: 1.749 Thread 0x00007f4338018000 Exception <a 'java/lang/NoSuchMethodError'{0x00007f2325549a70}: 'java.lang.Object java.lang.invoke.DirectMethodHandle$Holder.invokeStatic(java.lang.Object, java.lang.Object, int, java.lang.Object)'> (0x00007f2325549a70) 
thrown [src/hotspot/share/interpreter/linkResolver.cpp, line 766]
Event: 1.750 Thread 0x00007f4338018000 Exception <a 'java/lang/NoSuchMethodError'{0x00007f2325552388}: 'java.lang.Object java.lang.invoke.Invokers$Holder.linkToTargetMethod(java.lang.Object, int, java.lang.Object, java.lang.Object)'> (0x00007f2325552388) 
thrown [src/hotspot/share/interpreter/linkResolver.cpp, line 766]
Event: 1.992 Thread 0x00007f4338018000 Implicit null exception at 0x00007f43282c6ac5 to 0x00007f43282c6c98
Event: 1.992 Thread 0x00007f4338018000 Implicit null exception at 0x00007f432827eb8f to 0x00007f432827ebf9
Event: 2.400 Thread 0x00007f4338018000 Exception <a 'java/lang/NoSuchMethodError'{0x00007f2326312cf8}: 'java.lang.Object java.lang.invoke.Invokers$Holder.linkToTargetMethod(java.lang.Object, int, java.lang.Object)'> (0x00007f2326312cf8) 
thrown [src/hotspot/share/interpreter/linkResolver.cpp, line 766]
Event: 2.462 Thread 0x00007f4338018000 Exception <a 'java/lang/NoSuchMethodError'{0x00007f2320633988}: 'java.lang.Object java.lang.invoke.Invokers$Holder.linkToTargetMethod(java.lang.Object, long, java.lang.Object)'> (0x00007f2320633988) 
thrown [src/hotspot/share/interpreter/linkResolver.cpp, line 766]
Event: 2.495 Thread 0x00007f43380a7000 Implicit null exception at 0x00007f43282a6ecc to 0x00007f43282a6f80
Event: 2.881 Thread 0x00007f4338018000 Exception <a 'java/lang/NoSuchMethodError'{0x00007f232cf4ebd8}: 'java.lang.Object java.lang.invoke.Invokers$Holder.invokeExact_MT(java.lang.Object, java.lang.Object, java.lang.Object, java.lang.Object, java.lang.Object, java.lang.Object)'> (0x00007f232cf4ebd8) 
thrown [src/hotspot/share/interpreter/linkResolver.cpp, line 766]
Event: 2.989 Thread 0x00007f4338018000 Exception <a 'java/lang/NoSuchMethodError'{0x00007f232d0e8c28}: 'int java.lang.invoke.DirectMethodHandle$Holder.invokeStatic(java.lang.Object, java.lang.Object, int)'> (0x00007f232d0e8c28) 
thrown [src/hotspot/share/interpreter/linkResolver.cpp, line 766]
Event: 3.087 Thread 0x00007f4338018000 Exception <a 'java/lang/NoSuchMethodError'{0x00007f232d2ecf10}: 'double java.lang.invoke.DirectMethodHandle$Holder.invokeStatic(java.lang.Object, java.lang.Object)'> (0x00007f232d2ecf10) 
thrown [src/hotspot/share/interpreter/linkResolver.cpp, line 766]
Event: 3.112 Thread 0x00007f4338018000 Exception <a 'java/lang/NoSuchMethodError'{0x00007f232e8571e0}: 'int java.lang.invoke.DirectMethodHandle$Holder.invokeStatic(java.lang.Object, java.lang.Object, java.lang.Object, int)'> (0x00007f232e8571e0) 
thrown [src/hotspot/share/interpreter/linkResolver.cpp, line 766]

Events (20 events):
Event: 3240.705 Executing VM operation: GenCollectForAllocation done
Event: 3242.546 Executing VM operation: GenCollectForAllocation
Event: 3242.621 Executing VM operation: GenCollectForAllocation done
Event: 3245.246 Executing VM operation: GenCollectForAllocation
Event: 3245.302 Executing VM operation: GenCollectForAllocation done
Event: 3247.428 Executing VM operation: GenCollectForAllocation
Event: 3247.526 Executing VM operation: GenCollectForAllocation done
Event: 3249.505 Executing VM operation: GenCollectForAllocation
Event: 3249.567 Executing VM operation: GenCollectForAllocation done
Event: 3252.026 Executing VM operation: GenCollectForAllocation
Event: 3252.091 Executing VM operation: GenCollectForAllocation done
Event: 3254.495 Executing VM operation: GenCollectForAllocation
Event: 3254.563 Executing VM operation: GenCollectForAllocation done
Event: 3256.738 Executing VM operation: GenCollectForAllocation
Event: 3256.871 Executing VM operation: GenCollectForAllocation done
Event: 3259.067 Executing VM operation: GenCollectForAllocation
Event: 3259.147 Executing VM operation: GenCollectForAllocation done
Event: 3261.530 Executing VM operation: GenCollectForAllocation
Event: 3261.601 Executing VM operation: GenCollectForAllocation done
Event: 3263.848 Executing VM operation: GenCollectForAllocation


Dynamic libraries:
558ca3d28000-558ca3d29000 r--p 00000000 07:14 4860                       /usr/lib/jvm/java-13-openjdk-amd64/bin/java
558ca3d29000-558ca3d2a000 r-xp 00001000 07:14 4860                       /usr/lib/jvm/java-13-openjdk-amd64/bin/java
558ca3d2a000-558ca3d2b000 r--p 00002000 07:14 4860                       /usr/lib/jvm/java-13-openjdk-amd64/bin/java
558ca3d2b000-558ca3d2c000 r--p 00002000 07:14 4860                       /usr/lib/jvm/java-13-openjdk-amd64/bin/java
558ca3d2c000-558ca3d2d000 rw-p 00003000 07:14 4860                       /usr/lib/jvm/java-13-openjdk-amd64/bin/java
558ca4dc1000-558ca4de2000 rw-p 00000000 00:00 0                          [heap]
7f22d8000000-7f22d8021000 rw-p 00000000 00:00 0 
7f22d8021000-7f22dc000000 ---p 00000000 00:00 0 
7f22e0000000-7f22e0021000 rw-p 00000000 00:00 0 
7f22e0021000-7f22e4000000 ---p 00000000 00:00 0 
7f22e4000000-7f22e4021000 rw-p 00000000 00:00 0 
7f22e4021000-7f22e8000000 ---p 00000000 00:00 0 
7f22e8000000-7f22ea378000 rw-p 00000000 00:00 0 
7f22ea378000-7f22ec000000 ---p 00000000 00:00 0 
7f22ec000000-7f22ecb9b000 rw-p 00000000 00:00 0 
7f22ecb9b000-7f22f0000000 ---p 00000000 00:00 0 
7f22f0000000-7f22f0021000 rw-p 00000000 00:00 0 
7f22f0021000-7f22f4000000 ---p 00000000 00:00 0 
7f22f4000000-7f22f4021000 rw-p 00000000 00:00 0 
7f22f4021000-7f22f8000000 ---p 00000000 00:00 0 
7f22f8000000-7f22f8021000 rw-p 00000000 00:00 0 
7f22f8021000-7f22fc000000 ---p 00000000 00:00 0 
7f22fc000000-7f22fc021000 rw-p 00000000 00:00 0 
7f22fc021000-7f2300000000 ---p 00000000 00:00 0 
7f2300000000-7f2300081000 rw-p 00000000 00:00 0 
7f2300081000-7f2304000000 ---p 00000000 00:00 0 
7f2305b54000-7f230677d000 rw-p 00000000 00:00 0 
7f230677d000-7f23105ff000 ---p 00000000 00:00 0 
7f23105ff000-7f2310c10000 rw-p 00000000 00:00 0 
7f2310c10000-7f2315b54000 ---p 00000000 00:00 0 
7f2315b54000-7f231677d000 rw-p 00000000 00:00 0 
7f231677d000-7f23205ff000 ---p 00000000 00:00 0 
7f23205ff000-7f23e26a0000 rw-p 00000000 00:00 0 
7f23e26a0000-7f2dcb0a0000 ---p 00000000 00:00 0 
7f2dcb0a0000-7f2f501d9000 rw-p 00000000 00:00 0 
7f3053794000-7f4320600000 ---p 00000000 00:00 0 
7f432078a000-7f43209fa000 rwxp 00000000 00:00 0 
7f43209fa000-7f4320d19000 ---p 00000000 00:00 0 
7f4320d19000-7f43213a9000 rwxp 00000000 00:00 0 
7f43213a9000-7f4328251000 ---p 00000000 00:00 0 
7f4328251000-7f43284c1000 rwxp 00000000 00:00 0 
7f43284c1000-7f432f78a000 ---p 00000000 00:00 0 
7f432f78a000-7f4338000000 r--s 00000000 07:14 5215                       /usr/lib/jvm/java-13-openjdk-amd64/lib/modules
7f4338000000-7f433870b000 rw-p 00000000 00:00 0 
7f433870b000-7f433c000000 ---p 00000000 00:00 0 
7f433c18a000-7f433c1ca000 rw-p 00000000 00:00 0 
7f433c1ca000-7f433c38a000 ---p 00000000 00:00 0 
7f433c38a000-7f433c58a000 rw-p 00000000 00:00 0 
7f433c58a000-7f433c78a000 rw-p 00000000 00:00 0 
7f433c78a000-7f433c98a000 rw-p 00000000 00:00 0 
7f433c98a000-7f433cb8a000 rw-p 00000000 00:00 0 
7f433cb8a000-7f433cf2a000 rw-p 00000000 00:00 0 
7f433cf2a000-7f433d12a000 rw-p 00000000 00:00 0 
7f433d12a000-7f433d32a000 rw-p 00000000 00:00 0 
7f433d32a000-7f433d52a000 rw-p 00000000 00:00 0 
7f433d52a000-7f433d55b000 rw-p 00000000 00:00 0 
7f433d55b000-7f433d55f000 r--p 00000000 07:14 5204                       /usr/lib/jvm/java-13-openjdk-amd64/lib/libnet.so
7f433d55f000-7f433d56d000 r-xp 00004000 07:14 5204                       /usr/lib/jvm/java-13-openjdk-amd64/lib/libnet.so
7f433d56d000-7f433d571000 r--p 00012000 07:14 5204                       /usr/lib/jvm/java-13-openjdk-amd64/lib/libnet.so
7f433d571000-7f433d572000 r--p 00015000 07:14 5204                       /usr/lib/jvm/java-13-openjdk-amd64/lib/libnet.so
7f433d572000-7f433d573000 rw-p 00016000 07:14 5204                       /usr/lib/jvm/java-13-openjdk-amd64/lib/libnet.so
7f433d573000-7f433d57a000 r--p 00000000 07:14 5205                       /usr/lib/jvm/java-13-openjdk-amd64/lib/libnio.so
7f433d57a000-7f433d583000 r-xp 00007000 07:14 5205                       /usr/lib/jvm/java-13-openjdk-amd64/lib/libnio.so
7f433d583000-7f433d587000 r--p 00010000 07:14 5205                       /usr/lib/jvm/java-13-openjdk-amd64/lib/libnio.so
7f433d587000-7f433d588000 r--p 00013000 07:14 5205                       /usr/lib/jvm/java-13-openjdk-amd64/lib/libnio.so
7f433d588000-7f433d589000 rw-p 00014000 07:14 5205                       /usr/lib/jvm/java-13-openjdk-amd64/lib/libnio.so
7f433d589000-7f433d58a000 ---p 00000000 00:00 0 
7f433d58a000-7f433d68b000 rw-p 00000000 00:00 0 
7f433d68b000-7f433d68f000 ---p 00000000 00:00 0 
7f433d68f000-7f433d78c000 rw-p 00000000 00:00 0 
7f433d78c000-7f433d790000 ---p 00000000 00:00 0 
7f433d790000-7f433d88d000 rw-p 00000000 00:00 0 
7f433d88d000-7f433d891000 ---p 00000000 00:00 0 
7f433d891000-7f433d98e000 rw-p 00000000 00:00 0 
7f433d98e000-7f433d992000 ---p 00000000 00:00 0 
7f433d992000-7f433da8f000 rw-p 00000000 00:00 0 
7f433da8f000-7f433da93000 ---p 00000000 00:00 0 
7f433da93000-7f433db90000 rw-p 00000000 00:00 0 
7f433db90000-7f433db94000 ---p 00000000 00:00 0 
7f433db94000-7f433dc91000 rw-p 00000000 00:00 0 
7f433dc91000-7f433dc98000 r--s 00000000 07:14 8532                       /usr/lib/x86_64-linux-gnu/gconv/gconv-modules.cache
7f433dc98000-7f433dcca000 r--p 00000000 07:14 5276                       /usr/lib/locale/C.UTF-8/LC_CTYPE
7f433dcca000-7f433dcce000 ---p 00000000 00:00 0 
7f433dcce000-7f433ddcb000 rw-p 00000000 00:00 0 
7f433ddcb000-7f433ddcf000 ---p 00000000 00:00 0 
7f433ddcf000-7f433decc000 rw-p 00000000 00:00 0 
7f433decc000-7f433decd000 ---p 00000000 00:00 0 
7f433decd000-7f433e8eb000 rw-p 00000000 00:00 0 
7f433e8eb000-7f433e8f0000 rw-p 00000000 00:00 0 
7f433e8f0000-7f433e9d6000 ---p 00000000 00:00 0 
7f433e9d6000-7f433e9e4000 rw-p 00000000 00:00 0 
7f433e9e4000-7f433eac1000 ---p 00000000 00:00 0 
7f433eac1000-7f433eac6000 rw-p 00000000 00:00 0 
7f433eac6000-7f433eacd000 ---p 00000000 00:00 0 
7f433eacd000-7f433eacf000 r--p 00000000 07:14 5214                       /usr/lib/jvm/java-13-openjdk-amd64/lib/libzip.so
7f433eacf000-7f433ead3000 r-xp 00002000 07:14 5214                       /usr/lib/jvm/java-13-openjdk-amd64/lib/libzip.so
7f433ead3000-7f433ead5000 r--p 00006000 07:14 5214                       /usr/lib/jvm/java-13-openjdk-amd64/lib/libzip.so
7f433ead5000-7f433ead6000 r--p 00007000 07:14 5214                       /usr/lib/jvm/java-13-openjdk-amd64/lib/libzip.so
7f433ead6000-7f433ead7000 rw-p 00008000 07:14 5214                       /usr/lib/jvm/java-13-openjdk-amd64/lib/libzip.so
7f433ead7000-7f433eadf000 rw-s 00000000 08:03 101772055                  /tmp/hsperfdata_rcabanas/40917
7f433eadf000-7f433eae2000 r--p 00000000 07:14 9108                       /usr/lib/x86_64-linux-gnu/libnss_files-2.31.so
7f433eae2000-7f433eae9000 r-xp 00003000 07:14 9108                       /usr/lib/x86_64-linux-gnu/libnss_files-2.31.so
7f433eae9000-7f433eaeb000 r--p 0000a000 07:14 9108                       /usr/lib/x86_64-linux-gnu/libnss_files-2.31.so
7f433eaeb000-7f433eaec000 r--p 0000b000 07:14 9108                       /usr/lib/x86_64-linux-gnu/libnss_files-2.31.so
7f433eaec000-7f433eaed000 rw-p 0000c000 07:14 9108                       /usr/lib/x86_64-linux-gnu/libnss_files-2.31.so
7f433eaed000-7f433eaf3000 rw-p 00000000 00:00 0 
7f433eaf9000-7f433eafb000 r--p 00000000 07:14 5195                       /usr/lib/jvm/java-13-openjdk-amd64/lib/libjimage.so
7f433eafb000-7f433eafe000 r-xp 00002000 07:14 5195                       /usr/lib/jvm/java-13-openjdk-amd64/lib/libjimage.so
7f433eafe000-7f433eaff000 r--p 00005000 07:14 5195                       /usr/lib/jvm/java-13-openjdk-amd64/lib/libjimage.so
7f433eaff000-7f433eb00000 ---p 00006000 07:14 5195                       /usr/lib/jvm/java-13-openjdk-amd64/lib/libjimage.so
7f433eb00000-7f433eb01000 r--p 00006000 07:14 5195                       /usr/lib/jvm/java-13-openjdk-amd64/lib/libjimage.so
7f433eb01000-7f433eb02000 rw-p 00007000 07:14 5195                       /usr/lib/jvm/java-13-openjdk-amd64/lib/libjimage.so
7f433eb02000-7f433eb0f000 r--p 00000000 07:14 5191                       /usr/lib/jvm/java-13-openjdk-amd64/lib/libjava.so
7f433eb0f000-7f433eb24000 r-xp 0000d000 07:14 5191                       /usr/lib/jvm/java-13-openjdk-amd64/lib/libjava.so
7f433eb24000-7f433eb2a000 r--p 00022000 07:14 5191                       /usr/lib/jvm/java-13-openjdk-amd64/lib/libjava.so
7f433eb2a000-7f433eb2b000 ---p 00028000 07:14 5191                       /usr/lib/jvm/java-13-openjdk-amd64/lib/libjava.so
7f433eb2b000-7f433eb2c000 r--p 00028000 07:14 5191                       /usr/lib/jvm/java-13-openjdk-amd64/lib/libjava.so
7f433eb2c000-7f433eb2e000 rw-p 00029000 07:14 5191                       /usr/lib/jvm/java-13-openjdk-amd64/lib/libjava.so
7f433eb2e000-7f433eb33000 r--p 00000000 07:14 5213                       /usr/lib/jvm/java-13-openjdk-amd64/lib/libverify.so
7f433eb33000-7f433eb3a000 r-xp 00005000 07:14 5213                       /usr/lib/jvm/java-13-openjdk-amd64/lib/libverify.so
7f433eb3a000-7f433eb3c000 r--p 0000c000 07:14 5213                       /usr/lib/jvm/java-13-openjdk-amd64/lib/libverify.so
7f433eb3c000-7f433eb3d000 ---p 0000e000 07:14 5213                       /usr/lib/jvm/java-13-openjdk-amd64/lib/libverify.so
7f433eb3d000-7f433eb3f000 r--p 0000e000 07:14 5213                       /usr/lib/jvm/java-13-openjdk-amd64/lib/libverify.so
7f433eb3f000-7f433eb40000 rw-p 00010000 07:14 5213                       /usr/lib/jvm/java-13-openjdk-amd64/lib/libverify.so
7f433eb40000-7f433eb44000 ---p 00000000 00:00 0 
7f433eb44000-7f433ec41000 rw-p 00000000 00:00 0 
7f433ec41000-7f433ec44000 r--p 00000000 07:14 8948                       /usr/lib/x86_64-linux-gnu/libgcc_s.so.1
7f433ec44000-7f433ec56000 r-xp 00003000 07:14 8948                       /usr/lib/x86_64-linux-gnu/libgcc_s.so.1
7f433ec56000-7f433ec5a000 r--p 00015000 07:14 8948                       /usr/lib/x86_64-linux-gnu/libgcc_s.so.1
7f433ec5a000-7f433ec5b000 r--p 00018000 07:14 8948                       /usr/lib/x86_64-linux-gnu/libgcc_s.so.1
7f433ec5b000-7f433ec5c000 rw-p 00019000 07:14 8948                       /usr/lib/x86_64-linux-gnu/libgcc_s.so.1
7f433ec5c000-7f433ec69000 r--p 00000000 07:14 9062                       /usr/lib/x86_64-linux-gnu/libm-2.31.so
7f433ec69000-7f433ed10000 r-xp 0000d000 07:14 9062                       /usr/lib/x86_64-linux-gnu/libm-2.31.so
7f433ed10000-7f433eda9000 r--p 000b4000 07:14 9062                       /usr/lib/x86_64-linux-gnu/libm-2.31.so
7f433eda9000-7f433edaa000 r--p 0014c000 07:14 9062                       /usr/lib/x86_64-linux-gnu/libm-2.31.so
7f433edaa000-7f433edab000 rw-p 0014d000 07:14 9062                       /usr/lib/x86_64-linux-gnu/libm-2.31.so
7f433edab000-7f433ee41000 r--p 00000000 07:14 9213                       /usr/lib/x86_64-linux-gnu/libstdc++.so.6.0.28
7f433ee41000-7f433ef32000 r-xp 00096000 07:14 9213                       /usr/lib/x86_64-linux-gnu/libstdc++.so.6.0.28
7f433ef32000-7f433ef7b000 r--p 00187000 07:14 9213                       /usr/lib/x86_64-linux-gnu/libstdc++.so.6.0.28
7f433ef7b000-7f433ef7c000 ---p 001d0000 07:14 9213                       /usr/lib/x86_64-linux-gnu/libstdc++.so.6.0.28
7f433ef7c000-7f433ef87000 r--p 001d0000 07:14 9213                       /usr/lib/x86_64-linux-gnu/libstdc++.so.6.0.28
7f433ef87000-7f433ef8a000 rw-p 001db000 07:14 9213                       /usr/lib/x86_64-linux-gnu/libstdc++.so.6.0.28
7f433ef8a000-7f433ef8d000 rw-p 00000000 00:00 0 
7f433ef8d000-7f433f213000 r--p 00000000 07:14 5226                       /usr/lib/jvm/java-13-openjdk-amd64/lib/server/libjvm.so
7f433f213000-7f433ff90000 r-xp 00286000 07:14 5226                       /usr/lib/jvm/java-13-openjdk-amd64/lib/server/libjvm.so
7f433ff90000-7f434020b000 r--p 01003000 07:14 5226                       /usr/lib/jvm/java-13-openjdk-amd64/lib/server/libjvm.so
7f434020b000-7f43402d0000 r--p 0127d000 07:14 5226                       /usr/lib/jvm/java-13-openjdk-amd64/lib/server/libjvm.so
7f43402d0000-7f434030b000 rw-p 01342000 07:14 5226                       /usr/lib/jvm/java-13-openjdk-amd64/lib/server/libjvm.so
7f434030b000-7f4340391000 rw-p 00000000 00:00 0 
7f4340391000-7f4340397000 r--p 00000000 07:14 9166                       /usr/lib/x86_64-linux-gnu/libpthread-2.31.so
7f4340397000-7f43403a8000 r-xp 00006000 07:14 9166                       /usr/lib/x86_64-linux-gnu/libpthread-2.31.so
7f43403a8000-7f43403ae000 r--p 00017000 07:14 9166                       /usr/lib/x86_64-linux-gnu/libpthread-2.31.so
7f43403ae000-7f43403af000 r--p 0001c000 07:14 9166                       /usr/lib/x86_64-linux-gnu/libpthread-2.31.so
7f43403af000-7f43403b0000 rw-p 0001d000 07:14 9166                       /usr/lib/x86_64-linux-gnu/libpthread-2.31.so
7f43403b0000-7f43403b4000 rw-p 00000000 00:00 0 
7f43403b4000-7f43403b5000 r--p 00000000 07:14 8893                       /usr/lib/x86_64-linux-gnu/libdl-2.31.so
7f43403b5000-7f43403b7000 r-xp 00001000 07:14 8893                       /usr/lib/x86_64-linux-gnu/libdl-2.31.so
7f43403b7000-7f43403b8000 r--p 00003000 07:14 8893                       /usr/lib/x86_64-linux-gnu/libdl-2.31.so
7f43403b8000-7f43403b9000 r--p 00003000 07:14 8893                       /usr/lib/x86_64-linux-gnu/libdl-2.31.so
7f43403b9000-7f43403ba000 rw-p 00004000 07:14 8893                       /usr/lib/x86_64-linux-gnu/libdl-2.31.so
7f43403ba000-7f43403bc000 r--p 00000000 07:14 9290                       /usr/lib/x86_64-linux-gnu/libz.so.1.2.11
7f43403bc000-7f43403cd000 r-xp 00002000 07:14 9290                       /usr/lib/x86_64-linux-gnu/libz.so.1.2.11
7f43403cd000-7f43403d3000 r--p 00013000 07:14 9290                       /usr/lib/x86_64-linux-gnu/libz.so.1.2.11
7f43403d3000-7f43403d4000 ---p 00019000 07:14 9290                       /usr/lib/x86_64-linux-gnu/libz.so.1.2.11
7f43403d4000-7f43403d5000 r--p 00019000 07:14 9290                       /usr/lib/x86_64-linux-gnu/libz.so.1.2.11
7f43403d5000-7f43403d6000 rw-p 0001a000 07:14 9290                       /usr/lib/x86_64-linux-gnu/libz.so.1.2.11
7f43403d6000-7f43403f8000 r--p 00000000 07:14 8851                       /usr/lib/x86_64-linux-gnu/libc-2.31.so
7f43403f8000-7f4340570000 r-xp 00022000 07:14 8851                       /usr/lib/x86_64-linux-gnu/libc-2.31.so
7f4340570000-7f43405be000 r--p 0019a000 07:14 8851                       /usr/lib/x86_64-linux-gnu/libc-2.31.so
7f43405be000-7f43405c2000 r--p 001e7000 07:14 8851                       /usr/lib/x86_64-linux-gnu/libc-2.31.so
7f43405c2000-7f43405c4000 rw-p 001eb000 07:14 8851                       /usr/lib/x86_64-linux-gnu/libc-2.31.so
7f43405c4000-7f43405c8000 rw-p 00000000 00:00 0 
7f43405ca000-7f43405cc000 r--s 0000c000 07:14 20930                      /usr/share/java/java-atk-wrapper.jar
7f43405cc000-7f43405cd000 ---p 00000000 00:00 0 
7f43405cd000-7f43405ce000 r--p 00000000 00:00 0 
7f43405ce000-7f43405d1000 r--p 00000000 07:14 5196                       /usr/lib/jvm/java-13-openjdk-amd64/lib/libjli.so
7f43405d1000-7f43405db000 r-xp 00003000 07:14 5196                       /usr/lib/jvm/java-13-openjdk-amd64/lib/libjli.so
7f43405db000-7f43405de000 r--p 0000d000 07:14 5196                       /usr/lib/jvm/java-13-openjdk-amd64/lib/libjli.so
7f43405de000-7f43405df000 r--p 0000f000 07:14 5196                       /usr/lib/jvm/java-13-openjdk-amd64/lib/libjli.so
7f43405df000-7f43405e0000 rw-p 00010000 07:14 5196                       /usr/lib/jvm/java-13-openjdk-amd64/lib/libjli.so
7f43405e0000-7f43405e2000 rw-p 00000000 00:00 0 
7f43405e2000-7f43405e3000 r--p 00000000 07:14 8572                       /usr/lib/x86_64-linux-gnu/ld-2.31.so
7f43405e3000-7f4340606000 r-xp 00001000 07:14 8572                       /usr/lib/x86_64-linux-gnu/ld-2.31.so
7f4340606000-7f434060e000 r--p 00024000 07:14 8572                       /usr/lib/x86_64-linux-gnu/ld-2.31.so
7f434060e000-7f434060f000 ---p 00000000 00:00 0 
7f434060f000-7f4340610000 r--p 0002c000 07:14 8572                       /usr/lib/x86_64-linux-gnu/ld-2.31.so
7f4340610000-7f4340611000 rw-p 0002d000 07:14 8572                       /usr/lib/x86_64-linux-gnu/ld-2.31.so
7f4340611000-7f4340612000 rw-p 00000000 00:00 0 
7ffc7ad29000-7ffc7ad4a000 rw-p 00000000 00:00 0                          [stack]
7ffc7ad70000-7ffc7ad72000 r-xp 00000000 00:00 0                          [vdso]
ffffffffff600000-ffffffffff601000 r-xp 00000000 00:00 0                  [vsyscall]


VM Arguments:
jvm_args: -Xmx128g --add-modules=ALL-DEFAULT 
java_command: jdk.compiler/com.sun.tools.javac.launcher.Main /mnt/beegfs/rcabanas/dev/credici/papers/journalEM/code/LearnAndCalculatePNS.java -w -x 100 -m 500 -sc KL -th 0.0 -a EMCC --seed 29 --output /mnt/beegfs/rcabanas/dev/credici/papers/journalEM/output/triangolo --cause 3 --effect 0 /mnt/beegfs/rcabanas/dev/credici/papers/journalEM/models/triangolo/triangolo_causal.uai
java_class_path (initial): /mnt/beegfs/rcabanas/dev/credici/target/credici-0.1.3-jar-with-dependencies.jar
Launcher Type: SUN_STANDARD

[Global flags]
     intx CICompilerCount                          = 2                                         {product} {ergonomic}
   size_t InitialHeapSize                          = 2147483648                                {product} {ergonomic}
   size_t MaxHeapSize                              = 137438953472                              {product} {command line}
   size_t MaxNewSize                               = 45812940800                               {product} {ergonomic}
   size_t MinHeapDeltaBytes                        = 196608                                    {product} {ergonomic}
   size_t MinHeapSize                              = 8388608                                   {product} {ergonomic}
   size_t NewSize                                  = 715784192                                 {product} {ergonomic}
    uintx NonNMethodCodeHeapSize                   = 5826188                                {pd product} {ergonomic}
    uintx NonProfiledCodeHeapSize                  = 122916026                              {pd product} {ergonomic}
   size_t OldSize                                  = 1431699456                                {product} {ergonomic}
    uintx ProfiledCodeHeapSize                     = 122916026                              {pd product} {ergonomic}
    uintx ReservedCodeCacheSize                    = 251658240                              {pd product} {ergonomic}
     bool SegmentedCodeCache                       = true                                      {product} {ergonomic}
   size_t SoftMaxHeapSize                          = 137438953472                           {manageable} {ergonomic}
     bool UseSerialGC                              = true                                      {product} {ergonomic}

Logging:
Log output configuration:
 #0: stdout all=warning uptime,level,tags
 #1: stderr all=off uptime,level,tags

Environment Variables:
PATH=/usr/local/sbin:/usr/local/bin:/usr/sbin:/usr/bin:/sbin:/bin
LD_LIBRARY_PATH=/.singularity.d/libs

Signal Handlers:
SIGSEGV: [libjvm.so+0xf8fcf0], sa_mask[0]=11111111011111111101111111111110, sa_flags=SA_RESTART|SA_SIGINFO
SIGBUS: [libjvm.so+0xf8fcf0], sa_mask[0]=11111111011111111101111111111110, sa_flags=SA_RESTART|SA_SIGINFO
SIGFPE: [libjvm.so+0xf8fcf0], sa_mask[0]=11111111011111111101111111111110, sa_flags=SA_RESTART|SA_SIGINFO
SIGPIPE: [libjvm.so+0xc3ffa0], sa_mask[0]=11111111011111111101111111111110, sa_flags=SA_RESTART|SA_SIGINFO
SIGXFSZ: [libjvm.so+0xc3ffa0], sa_mask[0]=11111111011111111101111111111110, sa_flags=SA_RESTART|SA_SIGINFO
SIGILL: [libjvm.so+0xf8fcf0], sa_mask[0]=11111111011111111101111111111110, sa_flags=SA_RESTART|SA_SIGINFO
SIGUSR2: [libjvm.so+0xc3fe40], sa_mask[0]=00000000000000000000000000000000, sa_flags=SA_RESTART|SA_SIGINFO
SIGHUP: [libjvm.so+0xc40580], sa_mask[0]=11111111011111111101111111111110, sa_flags=SA_RESTART|SA_SIGINFO
SIGINT: [libjvm.so+0xc40580], sa_mask[0]=11111111011111111101111111111110, sa_flags=SA_RESTART|SA_SIGINFO
SIGTERM: [libjvm.so+0xc40580], sa_mask[0]=11111111011111111101111111111110, sa_flags=SA_RESTART|SA_SIGINFO
SIGQUIT: [libjvm.so+0xc40580], sa_mask[0]=11111111011111111101111111111110, sa_flags=SA_RESTART|SA_SIGINFO


---------------  S Y S T E M  ---------------

OS:DISTRIB_ID=Ubuntu
DISTRIB_RELEASE=20.04
DISTRIB_CODENAME=focal
DISTRIB_DESCRIPTION="Ubuntu 20.04.4 LTS"
uname:Linux 3.10.0-1160.15.2.el7.x86_64 #1 SMP Wed Feb 3 15:06:38 UTC 2021 x86_64
OS uptime: 480 days 0:42 hours
libc:glibc 2.31 NPTL 2.31 
rlimit (soft/hard): STACK 8192k/infinity , CORE 0k/infinity , NPROC 4096/1030217 , NOFILE 131072/131072 , AS infinity/infinity , CPU infinity/infinity , DATA infinity/infinity , FSIZE infinity/infinity , MEMLOCK infinity/infinity
load average:26.85 26.72 26.69

/proc/meminfo:
MemTotal:       263895368 kB
MemFree:         2988888 kB
MemAvailable:    2901080 kB
Buffers:          154468 kB
Cached:           468328 kB
SwapCached:        40240 kB
Active:         244112820 kB
Inactive:        7479820 kB
Active(anon):   243943168 kB
Inactive(anon):  7055688 kB
Active(file):     169652 kB
Inactive(file):   424132 kB
Unevictable:       18076 kB
Mlocked:           18076 kB
SwapTotal:       4194300 kB
SwapFree:          87696 kB
Dirty:               452 kB
Writeback:             0 kB
AnonPages:      250948980 kB
Mapped:           139024 kB
Shmem:             25140 kB
Slab:             728744 kB
SReclaimable:     177776 kB
SUnreclaim:       550968 kB
KernelStack:       26992 kB
PageTables:       521964 kB
NFS_Unstable:          0 kB
Bounce:                0 kB
WritebackTmp:          0 kB
CommitLimit:    136141984 kB
Committed_AS:   338922604 kB
VmallocTotal:   34359738367 kB
VmallocUsed:      877772 kB
VmallocChunk:   34222444160 kB
Percpu:            30464 kB
HardwareCorrupted:     0 kB
AnonHugePages:  98107392 kB
CmaTotal:              0 kB
CmaFree:               0 kB
HugePages_Total:       0
HugePages_Free:        0
HugePages_Rsvd:        0
HugePages_Surp:        0
Hugepagesize:       2048 kB
DirectMap4k:      595560 kB
DirectMap2M:    24432640 kB
DirectMap1G:    243269632 kB

/sys/kernel/mm/transparent_hugepage/enabled:
[always] madvise never

/sys/kernel/mm/transparent_hugepage/defrag (defrag/compaction efforts parameter):
[always] madvise never


/proc/sys/kernel/threads-max (system-wide limit on the number of threads):
2060435


/proc/sys/vm/max_map_count (maximum number of memory map areas a process may have):
65530


/proc/sys/kernel/pid_max (system-wide limit on number of process identifiers):
65536



Steal ticks since vm start: 0
Steal ticks percentage since vm start:  0.000

CPU:total 64 (initial active 1) (32 cores per cpu, 1 threads per core) family 23 model 49 stepping 0, cmov, cx8, fxsr, mmx, sse, sse2, sse3, ssse3, sse4.1, sse4.2, popcnt, avx, avx2, aes, clmul, mmxext, 3dnowpref, lzcnt, sse4a, tsc, tscinvbit, tscinv, bmi1, bmi2, adx, sha, fma
CPU Model and flags from /proc/cpuinfo:
model name	: AMD EPYC 7542 32-Core Processor
flags		: fpu vme de pse tsc msr pae mce cx8 apic sep mtrr pge mca cmov pat pse36 clflush mmx fxsr sse sse2 ht syscall nx mmxext fxsr_opt pdpe1gb rdtscp lm constant_tsc art rep_good nopl nonstop_tsc extd_apicid aperfmperf eagerfpu pni pclmulqdq monitor ssse3 fma cx16 sse4_1 sse4_2 movbe popcnt aes xsave avx f16c rdrand lahf_lm cmp_legacy svm extapic cr8_legacy abm sse4a misalignsse 3dnowprefetch osvw ibs skinit wdt tce topoext perfctr_core perfctr_nb bpext perfctr_l2 cpb cat_l3 cdp_l3 hw_pstate sme retpoline_amd ssbd ibrs ibpb stibp vmmcall fsgsbase bmi1 avx2 smep bmi2 cqm rdt_a rdseed adx smap clflushopt clwb sha_ni xsaveopt xsavec xgetbv1 cqm_llc cqm_occup_llc cqm_mbm_total cqm_mbm_local clzero irperf xsaveerptr arat npt lbrv svm_lock nrip_save tsc_scale vmcb_clean flushbyasid decodeassists pausefilter pfthreshold avic v_vmsave_vmload vgif umip overflow_recov succor smca
Online cpus:0-63
Offline cpus:
BIOS frequency limitation:2900000
Frequency switch latency (ns):0
Available cpu frequencies:2900000 2400000 1500000 
Current governor:conservative
Core performance/turbo boost:1

Memory: 4k page, physical 263895368k(2988888k free), swap 4194300k(87704k free)

vm_info: OpenJDK 64-Bit Server VM (13.0.7+5-Ubuntu-0ubuntu120.04) for linux-amd64 JRE (13.0.7+5-Ubuntu-0ubuntu120.04), built on Apr 21 2021 05:36:19 by "unknown" with gcc 9.3.0

END.
