#
# There is insufficient memory for the Java Runtime Environment to continue.
# Native memory allocation (mmap) failed to map 14820446208 bytes for committing reserved memory.
# Possible reasons:
#   The system is out of physical RAM or swap space
# Possible solutions:
#   Reduce memory load on the system
#   Increase physical memory or swap space
#   Check if swap backing store is full
#   Decrease Java heap size (-Xmx/-Xms)
#   Decrease number of Java threads
#   Decrease Java thread stack sizes (-Xss)
#   Set larger code cache with -XX:ReservedCodeCacheSize=
# This output file may be truncated or incomplete.
#
#  Out of Memory Error (os_linux.cpp:2899), pid=32014, tid=32193
#
# JRE version: OpenJDK Runtime Environment (13.0.7+5) (build 13.0.7+5-Ubuntu-0ubuntu120.04)
# Java VM: OpenJDK 64-Bit Server VM (13.0.7+5-Ubuntu-0ubuntu120.04, mixed mode, tiered, serial gc, linux-amd64)
# No core dump will be written. Core dumps have been disabled. To enable core dumping, try "ulimit -c unlimited" before starting Java again
#

---------------  S U M M A R Y ------------

Command Line: -Xmx64g --add-modules=ALL-DEFAULT jdk.compiler/com.sun.tools.javac.launcher.Main /mnt/beegfs/rcabanas/dev/credici/papers/journalEM/code/GenerateModel.java -n 10 -d 1000 -di 0.5 -mr 0.98 -r 1.0 --seed 94 --output /mnt/beegfs/rcabanas/dev/credici/papers/journalEM/models/synthetic/s1/ --debug

Host: AMD EPYC 7542 32-Core Processor, 64 cores, 251G, Ubuntu 20.04.4 LTS
Time: Tue Oct  4 09:35:13 2022 CEST elapsed time: 2255.484330 seconds (0d 0h 37m 35s)

---------------  T H R E A D  ---------------

Current thread (0x00007f2814097800):  VMThread "VM Thread" [stack: 0x00007f281a9a9000,0x00007f281aaa9000] [id=32193]

Stack: [0x00007f281a9a9000,0x00007f281aaa9000],  sp=0x00007f281aaa7160,  free space=1016k
Native frames: (J=compiled Java code, A=aot compiled Java code, j=interpreted, Vv=VM code, C=native code)
V  [libjvm.so+0xf8f092]
V  [libjvm.so+0xf8fc91]
V  [libjvm.so+0x66ee5a]
V  [libjvm.so+0xc44a41]
V  [libjvm.so+0xc3b263]
V  [libjvm.so+0xf87f4b]
V  [libjvm.so+0x557506]
V  [libjvm.so+0x557723]
V  [libjvm.so+0xf18b0c]
V  [libjvm.so+0x557e65]
V  [libjvm.so+0x7e2edb]
V  [libjvm.so+0x7e39bd]
V  [libjvm.so+0x7d8b48]
V  [libjvm.so+0xf90940]
V  [libjvm.so+0xf96657]
V  [libjvm.so+0xf96d2b]
V  [libjvm.so+0xf9706a]
V  [libjvm.so+0xf2208f]
V  [libjvm.so+0xc493ff]

VM_Operation (0x00007f281b718a80): GenCollectForAllocation, mode: safepoint, requested by thread 0x00007f2814018000


---------------  P R O C E S S  ---------------

Threads class SMR info:
_java_thread_list=0x00007f17c4001ae0, length=9, elements={
0x00007f2814018000, 0x00007f28140a3800, 0x00007f28140a7000, 0x00007f28140cb800,
0x00007f28140cd000, 0x00007f28140cf000, 0x00007f28140d1000, 0x00007f28140d3000,
0x00007f2814135000
}

Java Threads: ( => current thread )
  0x00007f2814018000 JavaThread "main" [_thread_blocked, id=32123, stack(0x00007f281b61b000,0x00007f281b71c000)]
  0x00007f28140a3800 JavaThread "Reference Handler" daemon [_thread_blocked, id=32201, stack(0x00007f281a8a6000,0x00007f281a9a7000)]
  0x00007f28140a7000 JavaThread "Finalizer" daemon [_thread_blocked, id=32202, stack(0x00007f281a7a5000,0x00007f281a8a6000)]
  0x00007f28140cb800 JavaThread "Signal Dispatcher" daemon [_thread_blocked, id=32232, stack(0x00007f281a66b000,0x00007f281a76c000)]
  0x00007f28140cd000 JavaThread "Service Thread" daemon [_thread_blocked, id=32233, stack(0x00007f281a56a000,0x00007f281a66b000)]
  0x00007f28140cf000 JavaThread "C2 CompilerThread0" daemon [_thread_blocked, id=32234, stack(0x00007f281a469000,0x00007f281a56a000)]
  0x00007f28140d1000 JavaThread "C1 CompilerThread0" daemon [_thread_blocked, id=32235, stack(0x00007f281a368000,0x00007f281a469000)]
  0x00007f28140d3000 JavaThread "Sweeper thread" daemon [_thread_blocked, id=32250, stack(0x00007f281a267000,0x00007f281a368000)]
  0x00007f2814135000 JavaThread "Common-Cleaner" daemon [_thread_blocked, id=32398, stack(0x00007f281a166000,0x00007f281a267000)]

Other Threads:
=>0x00007f2814097800 VMThread "VM Thread" [stack: 0x00007f281a9a9000,0x00007f281aaa9000] [id=32193]
  0x00007f2814182000 WatcherThread [stack: 0x00007f281a066000,0x00007f281a166000] [id=32486]

Threads with active compile tasks:

VM state:at safepoint (normal execution)

VM Mutex/Monitor currently owned by a thread:  ([mutex/lock_event])
[0x00007f2814014100] Threads_lock - owner thread: 0x00007f2814097800
[0x00007f2814014d00] Heap_lock - owner thread: 0x00007f2814018000

Heap:
 def new generation   total 12412992K, used 0K [0x00007f17fc600000, 0x00007f1b462f0000, 0x00007f1d51b50000)
  eden space 11033792K,   0% used [0x00007f17fc600000, 0x00007f17fc600000, 0x00007f1a9dd30000)
  from space 1379200K,   0% used [0x00007f1af2010000, 0x00007f1af2010000, 0x00007f1b462f0000)
  to   space 1379200K,   0% used [0x00007f1a9dd30000, 0x00007f1a9dd30000, 0x00007f1af2010000)
 tenured generation   total 28062232K, used 25521193K [0x00007f1d51b50000, 0x00007f24027d6000, 0x00007f27fc600000)
   the space 28062232K,  90% used [0x00007f1d51b50000, 0x00007f236765a778, 0x00007f236765a800, 0x00007f24027d6000)
 Metaspace       used 31101K, capacity 31584K, committed 31744K, reserved 32768K

Card table byte_map: [0x00007f17f45ff000,0x00007f17fc600000] _byte_map_base: 0x00007ed86861c000

Polling page: 0x00007f281d0a7000

Metaspace:

Usage:
   30.84 MB capacity,    30.37 MB ( 98%) used,   364.17 KB (  1%) free+waste,   118.50 KB ( <1%) overhead. 

Virtual space:
     32.00 MB reserved,      31.00 MB ( 97%) committed 

Chunk freelists:
32.00 KB

MaxMetaspaceSize: unlimited


CodeHeap 'non-profiled nmethods': size=120036Kb used=3932Kb max_used=3932Kb free=116103Kb
 bounds [0x00007f2804251000, 0x00007f2804631000, 0x00007f280b78a000]
CodeHeap 'profiled nmethods': size=120032Kb used=8650Kb max_used=9519Kb free=111381Kb
 bounds [0x00007f27fcd19000, 0x00007f27fd679000, 0x00007f2804251000]
CodeHeap 'non-nmethods': size=5692Kb used=1256Kb max_used=1318Kb free=4435Kb
 bounds [0x00007f27fc78a000, 0x00007f27fc9fa000, 0x00007f27fcd19000]
 total_blobs=5142 nmethods=4602 adapters=453
 compilation: enabled
              stopped_count=0, restarted_count=0
 full_count=0

Compilation events (20 events):
Event: 1397.442 Thread 0x00007f28140cf000 5761 %     4       ch.javasoft.util.ints.IntHashMap::transfer @ 30 (84 bytes)
Event: 1397.445 Thread 0x00007f28140cf000 nmethod 5761% 0x00007f2804625f90 code [0x00007f2804626120, 0x00007f2804626458]
Event: 1397.445 Thread 0x00007f28140cf000 5756       4       ch.javasoft.util.ints.IntHashMap$HashIterator::nextEntry (96 bytes)
Event: 1397.447 Thread 0x00007f28140cf000 nmethod 5756 0x00007f2804626690 code [0x00007f2804626800, 0x00007f28046269b8]
Event: 1397.447 Thread 0x00007f28140cf000 5757       4       ch.javasoft.util.ints.DefaultIntList::getInt (9 bytes)
Event: 1397.447 Thread 0x00007f28140cf000 nmethod 5757 0x00007f2804626b90 code [0x00007f2804626d00, 0x00007f2804626db8]
Event: 1397.447 Thread 0x00007f28140cf000 5763       4       ch.javasoft.util.ints.DefaultIntListIterator::nextInt (49 bytes)
Event: 1397.448 Thread 0x00007f28140cf000 nmethod 5763 0x00007f2804626f10 code [0x00007f2804627080, 0x00007f2804627198]
Event: 1397.448 Thread 0x00007f28140cf000 5764       4       ch.javasoft.util.ints.AbstractIntList::iterator (5 bytes)
Event: 1397.449 Thread 0x00007f28140cf000 nmethod 5764 0x00007f2804627310 code [0x00007f2804627480, 0x00007f2804627558]
Event: 1397.449 Thread 0x00007f28140cf000 5765       4       ch.javasoft.util.ints.DefaultIntListIterator::<init> (28 bytes)
Event: 1397.449 Thread 0x00007f28140cf000 nmethod 5765 0x00007f2804627690 code [0x00007f2804627800, 0x00007f2804627878]
Event: 1397.449 Thread 0x00007f28140cf000 5762       4       ch.javasoft.util.ints.IntCollections$UnmodifiableCollection::iterator (10 bytes)
Event: 1397.449 Thread 0x00007f28140cf000 nmethod 5762 0x00007f2804627990 code [0x00007f2804627b00, 0x00007f2804627b78]
Event: 1397.455 Thread 0x00007f28140cf000 5768       4       ch.javasoft.metabolic.efm.adj.incore.tree.AbstractRoot$1::compare (64 bytes)
Event: 1397.455 Thread 0x00007f28140cf000 nmethod 5768 0x00007f2804627c90 code [0x00007f2804627e40, 0x00007f2804627f38]
Event: 1397.788 Thread 0x00007f28140d1000 5769       3       java.util.concurrent.ConcurrentLinkedQueue$Itr::<init> (75 bytes)
Event: 1397.789 Thread 0x00007f28140d1000 nmethod 5769 0x00007f27fd1c4310 code [0x00007f27fd1c46a0, 0x00007f27fd1c5d70]
Event: 1401.961 Thread 0x00007f28140d1000 5770       3       ch.javasoft.metabolic.efm.adj.incore.tree.AbstractRoot$1::compare (13 bytes)
Event: 1401.961 Thread 0x00007f28140d1000 nmethod 5770 0x00007f27fd164090 code [0x00007f27fd164240, 0x00007f27fd164540]

GC Heap History (20 events):
Event: 2171.818 GC heap after
{Heap after GC invocations=149 (full 9):
 def new generation   total 12412992K, used 902906K [0x00007f17fc600000, 0x00007f1b462f0000, 0x00007f1d51b50000)
  eden space 11033792K,   0% used [0x00007f17fc600000, 0x00007f17fc600000, 0x00007f1a9dd30000)
  from space 1379200K,  65% used [0x00007f1a9dd30000, 0x00007f1ad4eee848, 0x00007f1af2010000)
  to   space 1379200K,   0% used [0x00007f1af2010000, 0x00007f1af2010000, 0x00007f1b462f0000)
 tenured generation   total 27584344K, used 19948247K [0x00007f1d51b50000, 0x00007f23e5526000, 0x00007f27fc600000)
   the space 27584344K,  72% used [0x00007f1d51b50000, 0x00007f2213405cf0, 0x00007f2213405e00, 0x00007f23e5526000)
 Metaspace       used 31101K, capacity 31584K, committed 31744K, reserved 32768K
}
Event: 2174.873 GC heap before
{Heap before GC invocations=149 (full 9):
 def new generation   total 12412992K, used 11936698K [0x00007f17fc600000, 0x00007f1b462f0000, 0x00007f1d51b50000)
  eden space 11033792K, 100% used [0x00007f17fc600000, 0x00007f1a9dd30000, 0x00007f1a9dd30000)
  from space 1379200K,  65% used [0x00007f1a9dd30000, 0x00007f1ad4eee848, 0x00007f1af2010000)
  to   space 1379200K,   0% used [0x00007f1af2010000, 0x00007f1af2010000, 0x00007f1b462f0000)
 tenured generation   total 27584344K, used 19948247K [0x00007f1d51b50000, 0x00007f23e5526000, 0x00007f27fc600000)
   the space 27584344K,  72% used [0x00007f1d51b50000, 0x00007f2213405cf0, 0x00007f2213405e00, 0x00007f23e5526000)
 Metaspace       used 31101K, capacity 31584K, committed 31744K, reserved 32768K
}
Event: 2177.307 GC heap after
{Heap after GC invocations=150 (full 9):
 def new generation   total 12412992K, used 900120K [0x00007f17fc600000, 0x00007f1b462f0000, 0x00007f1d51b50000)
  eden space 11033792K,   0% used [0x00007f17fc600000, 0x00007f17fc600000, 0x00007f1a9dd30000)
  from space 1379200K,  65% used [0x00007f1af2010000, 0x00007f1b28f16150, 0x00007f1b462f0000)
  to   space 1379200K,   0% used [0x00007f1a9dd30000, 0x00007f1a9dd30000, 0x00007f1af2010000)
 tenured generation   total 27584344K, used 20851153K [0x00007f1d51b50000, 0x00007f23e5526000, 0x00007f27fc600000)
   the space 27584344K,  75% used [0x00007f1d51b50000, 0x00007f224a5c4478, 0x00007f224a5c4600, 0x00007f23e5526000)
 Metaspace       used 31101K, capacity 31584K, committed 31744K, reserved 32768K
}
Event: 2180.468 GC heap before
{Heap before GC invocations=150 (full 9):
 def new generation   total 12412992K, used 11933912K [0x00007f17fc600000, 0x00007f1b462f0000, 0x00007f1d51b50000)
  eden space 11033792K, 100% used [0x00007f17fc600000, 0x00007f1a9dd30000, 0x00007f1a9dd30000)
  from space 1379200K,  65% used [0x00007f1af2010000, 0x00007f1b28f16150, 0x00007f1b462f0000)
  to   space 1379200K,   0% used [0x00007f1a9dd30000, 0x00007f1a9dd30000, 0x00007f1af2010000)
 tenured generation   total 27584344K, used 20851153K [0x00007f1d51b50000, 0x00007f23e5526000, 0x00007f27fc600000)
   the space 27584344K,  75% used [0x00007f1d51b50000, 0x00007f224a5c4478, 0x00007f224a5c4600, 0x00007f23e5526000)
 Metaspace       used 31101K, capacity 31584K, committed 31744K, reserved 32768K
}
Event: 2182.925 GC heap after
{Heap after GC invocations=151 (full 9):
 def new generation   total 12412992K, used 910417K [0x00007f17fc600000, 0x00007f1b462f0000, 0x00007f1d51b50000)
  eden space 11033792K,   0% used [0x00007f17fc600000, 0x00007f17fc600000, 0x00007f1a9dd30000)
  from space 1379200K,  66% used [0x00007f1a9dd30000, 0x00007f1ad5644430, 0x00007f1af2010000)
  to   space 1379200K,   0% used [0x00007f1af2010000, 0x00007f1af2010000, 0x00007f1b462f0000)
 tenured generation   total 27584344K, used 21751273K [0x00007f1d51b50000, 0x00007f23e5526000, 0x00007f27fc600000)
   the space 27584344K,  78% used [0x00007f1d51b50000, 0x00007f22814ca458, 0x00007f22814ca600, 0x00007f23e5526000)
 Metaspace       used 31101K, capacity 31584K, committed 31744K, reserved 32768K
}
Event: 2186.004 GC heap before
{Heap before GC invocations=151 (full 9):
 def new generation   total 12412992K, used 11944209K [0x00007f17fc600000, 0x00007f1b462f0000, 0x00007f1d51b50000)
  eden space 11033792K, 100% used [0x00007f17fc600000, 0x00007f1a9dd30000, 0x00007f1a9dd30000)
  from space 1379200K,  66% used [0x00007f1a9dd30000, 0x00007f1ad5644430, 0x00007f1af2010000)
  to   space 1379200K,   0% used [0x00007f1af2010000, 0x00007f1af2010000, 0x00007f1b462f0000)
 tenured generation   total 27584344K, used 21751273K [0x00007f1d51b50000, 0x00007f23e5526000, 0x00007f27fc600000)
   the space 27584344K,  78% used [0x00007f1d51b50000, 0x00007f22814ca458, 0x00007f22814ca600, 0x00007f23e5526000)
 Metaspace       used 31101K, capacity 31584K, committed 31744K, reserved 32768K
}
Event: 2188.416 GC heap after
{Heap after GC invocations=152 (full 9):
 def new generation   total 12412992K, used 897646K [0x00007f17fc600000, 0x00007f1b462f0000, 0x00007f1d51b50000)
  eden space 11033792K,   0% used [0x00007f17fc600000, 0x00007f17fc600000, 0x00007f1a9dd30000)
  from space 1379200K,  65% used [0x00007f1af2010000, 0x00007f1b28cab900, 0x00007f1b462f0000)
  to   space 1379200K,   0% used [0x00007f1a9dd30000, 0x00007f1a9dd30000, 0x00007f1af2010000)
 tenured generation   total 27584344K, used 22661689K [0x00007f1d51b50000, 0x00007f23e5526000, 0x00007f27fc600000)
   the space 27584344K,  82% used [0x00007f1d51b50000, 0x00007f22b8dde548, 0x00007f22b8dde600, 0x00007f23e5526000)
 Metaspace       used 31101K, capacity 31584K, committed 31744K, reserved 32768K
}
Event: 2191.423 GC heap before
{Heap before GC invocations=152 (full 9):
 def new generation   total 12412992K, used 11931438K [0x00007f17fc600000, 0x00007f1b462f0000, 0x00007f1d51b50000)
  eden space 11033792K, 100% used [0x00007f17fc600000, 0x00007f1a9dd30000, 0x00007f1a9dd30000)
  from space 1379200K,  65% used [0x00007f1af2010000, 0x00007f1b28cab900, 0x00007f1b462f0000)
  to   space 1379200K,   0% used [0x00007f1a9dd30000, 0x00007f1a9dd30000, 0x00007f1af2010000)
 tenured generation   total 27584344K, used 22661689K [0x00007f1d51b50000, 0x00007f23e5526000, 0x00007f27fc600000)
   the space 27584344K,  82% used [0x00007f1d51b50000, 0x00007f22b8dde548, 0x00007f22b8dde600, 0x00007f23e5526000)
 Metaspace       used 31101K, capacity 31584K, committed 31744K, reserved 32768K
}
Event: 2194.030 GC heap after
{Heap after GC invocations=153 (full 9):
 def new generation   total 12412992K, used 903233K [0x00007f17fc600000, 0x00007f1b462f0000, 0x00007f1d51b50000)
  eden space 11033792K,   0% used [0x00007f17fc600000, 0x00007f17fc600000, 0x00007f1a9dd30000)
  from space 1379200K,  65% used [0x00007f1a9dd30000, 0x00007f1ad4f40480, 0x00007f1af2010000)
  to   space 1379200K,   0% used [0x00007f1af2010000, 0x00007f1af2010000, 0x00007f1b462f0000)
 tenured generation   total 27584344K, used 23559335K [0x00007f1d51b50000, 0x00007f23e5526000, 0x00007f27fc600000)
   the space 27584344K,  85% used [0x00007f1d51b50000, 0x00007f22efa79c98, 0x00007f22efa79e00, 0x00007f23e5526000)
 Metaspace       used 31101K, capacity 31584K, committed 31744K, reserved 32768K
}
Event: 2197.356 GC heap before
{Heap before GC invocations=153 (full 9):
 def new generation   total 12412992K, used 11937025K [0x00007f17fc600000, 0x00007f1b462f0000, 0x00007f1d51b50000)
  eden space 11033792K, 100% used [0x00007f17fc600000, 0x00007f1a9dd30000, 0x00007f1a9dd30000)
  from space 1379200K,  65% used [0x00007f1a9dd30000, 0x00007f1ad4f40480, 0x00007f1af2010000)
  to   space 1379200K,   0% used [0x00007f1af2010000, 0x00007f1af2010000, 0x00007f1b462f0000)
 tenured generation   total 27584344K, used 23559335K [0x00007f1d51b50000, 0x00007f23e5526000, 0x00007f27fc600000)
   the space 27584344K,  85% used [0x00007f1d51b50000, 0x00007f22efa79c98, 0x00007f22efa79e00, 0x00007f23e5526000)
 Metaspace       used 31101K, capacity 31584K, committed 31744K, reserved 32768K
}
Event: 2199.825 GC heap after
{Heap after GC invocations=154 (full 9):
 def new generation   total 12412992K, used 908129K [0x00007f17fc600000, 0x00007f1b462f0000, 0x00007f1d51b50000)
  eden space 11033792K,   0% used [0x00007f17fc600000, 0x00007f17fc600000, 0x00007f1a9dd30000)
  from space 1379200K,  65% used [0x00007f1af2010000, 0x00007f1b296e87d0, 0x00007f1b462f0000)
  to   space 1379200K,   0% used [0x00007f1a9dd30000, 0x00007f1a9dd30000, 0x00007f1af2010000)
 tenured generation   total 27584344K, used 24462567K [0x00007f1d51b50000, 0x00007f23e5526000, 0x00007f27fc600000)
   the space 27584344K,  88% used [0x00007f1d51b50000, 0x00007f2326c89f38, 0x00007f2326c8a000, 0x00007f23e5526000)
 Metaspace       used 31101K, capacity 31584K, committed 31744K, reserved 32768K
}
Event: 2202.732 GC heap before
{Heap before GC invocations=154 (full 9):
 def new generation   total 12412992K, used 11941921K [0x00007f17fc600000, 0x00007f1b462f0000, 0x00007f1d51b50000)
  eden space 11033792K, 100% used [0x00007f17fc600000, 0x00007f1a9dd30000, 0x00007f1a9dd30000)
  from space 1379200K,  65% used [0x00007f1af2010000, 0x00007f1b296e87d0, 0x00007f1b462f0000)
  to   space 1379200K,   0% used [0x00007f1a9dd30000, 0x00007f1a9dd30000, 0x00007f1af2010000)
 tenured generation   total 27584344K, used 24462567K [0x00007f1d51b50000, 0x00007f23e5526000, 0x00007f27fc600000)
   the space 27584344K,  88% used [0x00007f1d51b50000, 0x00007f2326c89f38, 0x00007f2326c8a000, 0x00007f23e5526000)
 Metaspace       used 31101K, capacity 31584K, committed 31744K, reserved 32768K
}
Event: 2205.049 GC heap after
{Heap after GC invocations=155 (full 9):
 def new generation   total 12412992K, used 898218K [0x00007f17fc600000, 0x00007f1b462f0000, 0x00007f1d51b50000)
  eden space 11033792K,   0% used [0x00007f17fc600000, 0x00007f17fc600000, 0x00007f1a9dd30000)
  from space 1379200K,  65% used [0x00007f1a9dd30000, 0x00007f1ad4a5a900, 0x00007f1af2010000)
  to   space 1379200K,   0% used [0x00007f1af2010000, 0x00007f1af2010000, 0x00007f1b462f0000)
 tenured generation   total 27584344K, used 25370697K [0x00007f1d51b50000, 0x00007f23e5526000, 0x00007f27fc600000)
   the space 27584344K,  91% used [0x00007f1d51b50000, 0x00007f235e362548, 0x00007f235e362600, 0x00007f23e5526000)
 Metaspace       used 31101K, capacity 31584K, committed 31744K, reserved 32768K
}
Event: 2208.112 GC heap before
{Heap before GC invocations=155 (full 9):
 def new generation   total 12412992K, used 11932010K [0x00007f17fc600000, 0x00007f1b462f0000, 0x00007f1d51b50000)
  eden space 11033792K, 100% used [0x00007f17fc600000, 0x00007f1a9dd30000, 0x00007f1a9dd30000)
  from space 1379200K,  65% used [0x00007f1a9dd30000, 0x00007f1ad4a5a900, 0x00007f1af2010000)
  to   space 1379200K,   0% used [0x00007f1af2010000, 0x00007f1af2010000, 0x00007f1b462f0000)
 tenured generation   total 27584344K, used 25370697K [0x00007f1d51b50000, 0x00007f23e5526000, 0x00007f27fc600000)
   the space 27584344K,  91% used [0x00007f1d51b50000, 0x00007f235e362548, 0x00007f235e362600, 0x00007f23e5526000)
 Metaspace       used 31101K, capacity 31584K, committed 31744K, reserved 32768K
}
Event: 2210.540 GC heap after
{Heap after GC invocations=156 (full 9):
 def new generation   total 12412992K, used 900116K [0x00007f17fc600000, 0x00007f1b462f0000, 0x00007f1d51b50000)
  eden space 11033792K,   0% used [0x00007f17fc600000, 0x00007f17fc600000, 0x00007f1a9dd30000)
  from space 1379200K,  65% used [0x00007f1af2010000, 0x00007f1b28f15020, 0x00007f1b462f0000)
  to   space 1379200K,   0% used [0x00007f1a9dd30000, 0x00007f1a9dd30000, 0x00007f1af2010000)
 tenured generation   total 27584344K, used 26268915K [0x00007f1d51b50000, 0x00007f23e5526000, 0x00007f27fc600000)
   the space 27584344K,  95% used [0x00007f1d51b50000, 0x00007f239508cc38, 0x00007f239508ce00, 0x00007f23e5526000)
 Metaspace       used 31101K, capacity 31584K, committed 31744K, reserved 32768K
}
Event: 2213.600 GC heap before
{Heap before GC invocations=156 (full 9):
 def new generation   total 12412992K, used 11933908K [0x00007f17fc600000, 0x00007f1b462f0000, 0x00007f1d51b50000)
  eden space 11033792K, 100% used [0x00007f17fc600000, 0x00007f1a9dd30000, 0x00007f1a9dd30000)
  from space 1379200K,  65% used [0x00007f1af2010000, 0x00007f1b28f15020, 0x00007f1b462f0000)
  to   space 1379200K,   0% used [0x00007f1a9dd30000, 0x00007f1a9dd30000, 0x00007f1af2010000)
 tenured generation   total 27584344K, used 26268915K [0x00007f1d51b50000, 0x00007f23e5526000, 0x00007f27fc600000)
   the space 27584344K,  95% used [0x00007f1d51b50000, 0x00007f239508cc38, 0x00007f239508ce00, 0x00007f23e5526000)
 Metaspace       used 31101K, capacity 31584K, committed 31744K, reserved 32768K
}
Event: 2215.939 GC heap after
{Heap after GC invocations=157 (full 9):
 def new generation   total 12412992K, used 893024K [0x00007f17fc600000, 0x00007f1b462f0000, 0x00007f1d51b50000)
  eden space 11033792K,   0% used [0x00007f17fc600000, 0x00007f17fc600000, 0x00007f1a9dd30000)
  from space 1379200K,  64% used [0x00007f1a9dd30000, 0x00007f1ad4548228, 0x00007f1af2010000)
  to   space 1379200K,   0% used [0x00007f1af2010000, 0x00007f1af2010000, 0x00007f1b462f0000)
 tenured generation   total 27584344K, used 27169030K [0x00007f1d51b50000, 0x00007f23e5526000, 0x00007f27fc600000)
   the space 27584344K,  98% used [0x00007f1d51b50000, 0x00007f23cbf91ad8, 0x00007f23cbf91c00, 0x00007f23e5526000)
 Metaspace       used 31101K, capacity 31584K, committed 31744K, reserved 32768K
}
Event: 2219.144 GC heap before
{Heap before GC invocations=157 (full 9):
 def new generation   total 12412992K, used 11926816K [0x00007f17fc600000, 0x00007f1b462f0000, 0x00007f1d51b50000)
  eden space 11033792K, 100% used [0x00007f17fc600000, 0x00007f1a9dd30000, 0x00007f1a9dd30000)
  from space 1379200K,  64% used [0x00007f1a9dd30000, 0x00007f1ad4548228, 0x00007f1af2010000)
  to   space 1379200K,   0% used [0x00007f1af2010000, 0x00007f1af2010000, 0x00007f1b462f0000)
 tenured generation   total 27584344K, used 27169030K [0x00007f1d51b50000, 0x00007f23e5526000, 0x00007f27fc600000)
   the space 27584344K,  98% used [0x00007f1d51b50000, 0x00007f23cbf91ad8, 0x00007f23cbf91c00, 0x00007f23e5526000)
 Metaspace       used 31101K, capacity 31584K, committed 31744K, reserved 32768K
}
Event: 2221.663 GC heap after
{Heap after GC invocations=158 (full 9):
 def new generation   total 12412992K, used 911148K [0x00007f17fc600000, 0x00007f1b462f0000, 0x00007f1d51b50000)
  eden space 11033792K,   0% used [0x00007f17fc600000, 0x00007f17fc600000, 0x00007f1a9dd30000)
  from space 1379200K,  66% used [0x00007f1af2010000, 0x00007f1b299db038, 0x00007f1b462f0000)
  to   space 1379200K,   0% used [0x00007f1a9dd30000, 0x00007f1a9dd30000, 0x00007f1af2010000)
 tenured generation   total 28062232K, used 28062055K [0x00007f1d51b50000, 0x00007f24027d6000, 0x00007f27fc600000)
   the space 28062232K,  99% used [0x00007f1d51b50000, 0x00007f24027a9c00, 0x00007f24027a9c00, 0x00007f24027d6000)
 Metaspace       used 31101K, capacity 31584K, committed 31744K, reserved 32768K
}
Event: 2221.663 GC heap before
{Heap before GC invocations=158 (full 9):
 def new generation   total 12412992K, used 911148K [0x00007f17fc600000, 0x00007f1b462f0000, 0x00007f1d51b50000)
  eden space 11033792K,   0% used [0x00007f17fc600000, 0x00007f17fc600000, 0x00007f1a9dd30000)
  from space 1379200K,  66% used [0x00007f1af2010000, 0x00007f1b299db038, 0x00007f1b462f0000)
  to   space 1379200K,   0% used [0x00007f1a9dd30000, 0x00007f1a9dd30000, 0x00007f1af2010000)
 tenured generation   total 28062232K, used 28062055K [0x00007f1d51b50000, 0x00007f24027d6000, 0x00007f27fc600000)
   the space 28062232K,  99% used [0x00007f1d51b50000, 0x00007f24027a9c00, 0x00007f24027a9c00, 0x00007f24027d6000)
 Metaspace       used 31101K, capacity 31584K, committed 31744K, reserved 32768K
}

Deoptimization events (20 events):
Event: 1397.409 Thread 0x00007f2814018000 DEOPT PACKING pc=0x00007f27fd5e5c1b sp=0x00007f281b7188b0
Event: 1397.409 Thread 0x00007f2814018000 DEOPT UNPACKING pc=0x00007f27fc7d333a sp=0x00007f281b717d48 mode 0
Event: 1397.410 Thread 0x00007f2814018000 DEOPT PACKING pc=0x00007f27fd5e5c1b sp=0x00007f281b7188b0
Event: 1397.410 Thread 0x00007f2814018000 DEOPT UNPACKING pc=0x00007f27fc7d333a sp=0x00007f281b717d48 mode 0
Event: 1397.410 Thread 0x00007f2814018000 DEOPT PACKING pc=0x00007f27fd5ede51 sp=0x00007f281b7189f0
Event: 1397.410 Thread 0x00007f2814018000 DEOPT UNPACKING pc=0x00007f27fc7d333a sp=0x00007f281b717ee8 mode 0
Event: 1397.411 Thread 0x00007f2814018000 DEOPT PACKING pc=0x00007f27fd5ec202 sp=0x00007f281b7189c0
Event: 1397.411 Thread 0x00007f2814018000 DEOPT UNPACKING pc=0x00007f27fc7d333a sp=0x00007f281b717e78 mode 0
Event: 1397.411 Thread 0x00007f2814018000 DEOPT PACKING pc=0x00007f27fd5e5c1b sp=0x00007f281b7188b0
Event: 1397.411 Thread 0x00007f2814018000 DEOPT UNPACKING pc=0x00007f27fc7d333a sp=0x00007f281b717d48 mode 0
Event: 1397.412 Thread 0x00007f2814018000 DEOPT PACKING pc=0x00007f27fd5e5c1b sp=0x00007f281b7188b0
Event: 1397.412 Thread 0x00007f2814018000 DEOPT UNPACKING pc=0x00007f27fc7d333a sp=0x00007f281b717d48 mode 0
Event: 1397.412 Thread 0x00007f2814018000 DEOPT PACKING pc=0x00007f27fd5ede51 sp=0x00007f281b7189f0
Event: 1397.412 Thread 0x00007f2814018000 DEOPT UNPACKING pc=0x00007f27fc7d333a sp=0x00007f281b717ee8 mode 0
Event: 1397.414 Thread 0x00007f2814018000 DEOPT PACKING pc=0x00007f27fd5ec202 sp=0x00007f281b718a30
Event: 1397.414 Thread 0x00007f2814018000 DEOPT UNPACKING pc=0x00007f27fc7d333a sp=0x00007f281b717ee8 mode 0
Event: 1421.769 Thread 0x00007f2814018000 Uncommon trap: trap_request=0xffffff45 fr.pc=0x00007f28045d80f0 relative=0x00000000000000d0
Event: 1421.769 Thread 0x00007f2814018000 Uncommon trap: reason=unstable_if action=reinterpret pc=0x00007f28045d80f0 method=ch.javasoft.metabolic.efm.adj.incore.tree.search.SearchRoot$4.filterAdjacentPairs(Lch/javasoft/bitset/IBitSet;Lch/javasoft/metabolic/efm/memory/SortableMemory;Lch/javasoft/m
Event: 1421.769 Thread 0x00007f2814018000 DEOPT PACKING pc=0x00007f28045d80f0 sp=0x00007f281b7160d0
Event: 1421.769 Thread 0x00007f2814018000 DEOPT UNPACKING pc=0x00007f27fc7d2e25 sp=0x00007f281b716090 mode 2

Classes unloaded (0 events):
No events

Classes redefined (0 events):
No events

Internal exceptions (20 events):
Event: 30.518 Thread 0x00007f2814018000 Exception <a 'java/net/UnknownHostException'{0x00007f181040cbd0}> (0x00007f181040cbd0) 
thrown [src/hotspot/share/prims/jni.cpp, line 598]
Event: 30.654 Thread 0x00007f2814018000 Exception <a 'java/net/UnknownHostException'{0x00007f1811ac7318}> (0x00007f1811ac7318) 
thrown [src/hotspot/share/prims/jni.cpp, line 598]
Event: 32.551 Thread 0x00007f2814018000 Exception <a 'java/net/UnknownHostException'{0x00007f181cfef890}> (0x00007f181cfef890) 
thrown [src/hotspot/share/prims/jni.cpp, line 598]
Event: 157.055 Thread 0x00007f2814018000 Implicit null exception at 0x00007f280429304c to 0x00007f28042930d0
Event: 1359.314 Thread 0x00007f2814018000 Exception <a 'java/net/UnknownHostException'{0x00007f1a89a276d8}> (0x00007f1a89a276d8) 
thrown [src/hotspot/share/prims/jni.cpp, line 598]
Event: 1359.349 Thread 0x00007f2814018000 Exception <a 'java/net/UnknownHostException'{0x00007f1a8a597958}> (0x00007f1a8a597958) 
thrown [src/hotspot/share/prims/jni.cpp, line 598]
Event: 1359.427 Thread 0x00007f2814018000 Exception <a 'java/net/UnknownHostException'{0x00007f1a8b29c1b8}> (0x00007f1a8b29c1b8) 
thrown [src/hotspot/share/prims/jni.cpp, line 598]
Event: 1359.505 Thread 0x00007f2814018000 Exception <a 'java/net/UnknownHostException'{0x00007f1a8c0943b0}> (0x00007f1a8c0943b0) 
thrown [src/hotspot/share/prims/jni.cpp, line 598]
Event: 1362.503 Thread 0x00007f2814018000 Exception <a 'java/net/UnknownHostException'{0x00007f180ad6bab8}> (0x00007f180ad6bab8) 
thrown [src/hotspot/share/prims/jni.cpp, line 598]
Event: 1362.530 Thread 0x00007f2814018000 Exception <a 'java/net/UnknownHostException'{0x00007f180b86b218}> (0x00007f180b86b218) 
thrown [src/hotspot/share/prims/jni.cpp, line 598]
Event: 1362.604 Thread 0x00007f2814018000 Exception <a 'java/net/UnknownHostException'{0x00007f180c40dbd8}> (0x00007f180c40dbd8) 
thrown [src/hotspot/share/prims/jni.cpp, line 598]
Event: 1362.841 Thread 0x00007f2814018000 Exception <a 'java/net/UnknownHostException'{0x00007f181655ab20}> (0x00007f181655ab20) 
thrown [src/hotspot/share/prims/jni.cpp, line 598]
Event: 1396.863 Thread 0x00007f2814018000 Exception <a 'java/net/UnknownHostException'{0x00007f1919337fc8}> (0x00007f1919337fc8) 
thrown [src/hotspot/share/prims/jni.cpp, line 598]
Event: 1396.885 Thread 0x00007f2814018000 Exception <a 'java/net/UnknownHostException'{0x00007f1919dce768}> (0x00007f1919dce768) 
thrown [src/hotspot/share/prims/jni.cpp, line 598]
Event: 1396.943 Thread 0x00007f2814018000 Exception <a 'java/net/UnknownHostException'{0x00007f191aa2c1d8}> (0x00007f191aa2c1d8) 
thrown [src/hotspot/share/prims/jni.cpp, line 598]
Event: 1397.001 Thread 0x00007f2814018000 Exception <a 'java/net/UnknownHostException'{0x00007f191b73d478}> (0x00007f191b73d478) 
thrown [src/hotspot/share/prims/jni.cpp, line 598]
Event: 1397.054 Thread 0x00007f2814018000 Exception <a 'java/net/UnknownHostException'{0x00007f191c812868}> (0x00007f191c812868) 
thrown [src/hotspot/share/prims/jni.cpp, line 598]
Event: 1397.088 Thread 0x00007f2814018000 Exception <a 'java/net/UnknownHostException'{0x00007f191d25ada8}> (0x00007f191d25ada8) 
thrown [src/hotspot/share/prims/jni.cpp, line 598]
Event: 1397.108 Thread 0x00007f2814018000 Exception <a 'java/net/UnknownHostException'{0x00007f191dd44f48}> (0x00007f191dd44f48) 
thrown [src/hotspot/share/prims/jni.cpp, line 598]
Event: 1397.327 Thread 0x00007f2814018000 Exception <a 'java/net/UnknownHostException'{0x00007f1949dc7bc8}> (0x00007f1949dc7bc8) 
thrown [src/hotspot/share/prims/jni.cpp, line 598]

Events (20 events):
Event: 2166.166 Executing VM operation: GenCollectForAllocation done
Event: 2169.390 Executing VM operation: GenCollectForAllocation
Event: 2171.818 Executing VM operation: GenCollectForAllocation done
Event: 2174.873 Executing VM operation: GenCollectForAllocation
Event: 2177.307 Executing VM operation: GenCollectForAllocation done
Event: 2180.468 Executing VM operation: GenCollectForAllocation
Event: 2182.925 Executing VM operation: GenCollectForAllocation done
Event: 2186.004 Executing VM operation: GenCollectForAllocation
Event: 2188.416 Executing VM operation: GenCollectForAllocation done
Event: 2191.423 Executing VM operation: GenCollectForAllocation
Event: 2194.030 Executing VM operation: GenCollectForAllocation done
Event: 2197.356 Executing VM operation: GenCollectForAllocation
Event: 2199.826 Executing VM operation: GenCollectForAllocation done
Event: 2202.731 Executing VM operation: GenCollectForAllocation
Event: 2205.049 Executing VM operation: GenCollectForAllocation done
Event: 2208.112 Executing VM operation: GenCollectForAllocation
Event: 2210.540 Executing VM operation: GenCollectForAllocation done
Event: 2213.600 Executing VM operation: GenCollectForAllocation
Event: 2215.939 Executing VM operation: GenCollectForAllocation done
Event: 2219.144 Executing VM operation: GenCollectForAllocation


Dynamic libraries:
561fb0f94000-561fb0f95000 r--p 00000000 07:03 4860                       /usr/lib/jvm/java-13-openjdk-amd64/bin/java
561fb0f95000-561fb0f96000 r-xp 00001000 07:03 4860                       /usr/lib/jvm/java-13-openjdk-amd64/bin/java
561fb0f96000-561fb0f97000 r--p 00002000 07:03 4860                       /usr/lib/jvm/java-13-openjdk-amd64/bin/java
561fb0f97000-561fb0f98000 r--p 00002000 07:03 4860                       /usr/lib/jvm/java-13-openjdk-amd64/bin/java
561fb0f98000-561fb0f99000 rw-p 00003000 07:03 4860                       /usr/lib/jvm/java-13-openjdk-amd64/bin/java
561fb1b9d000-561fb1bbe000 rw-p 00000000 00:00 0                          [heap]
7f17a8000000-7f17b0000000 rw-p 00000000 00:00 0 
7f17b0000000-7f17b8000000 rw-p 00000000 00:00 0 
7f17b8000000-7f17c0000000 rw-p 00000000 00:00 0 
7f17c0000000-7f17c0021000 rw-p 00000000 00:00 0 
7f17c0021000-7f17c4000000 ---p 00000000 00:00 0 
7f17c4000000-7f17c4021000 rw-p 00000000 00:00 0 
7f17c4021000-7f17c8000000 ---p 00000000 00:00 0 
7f17c8000000-7f17c8079000 rw-p 00000000 00:00 0 
7f17c8079000-7f17cc000000 ---p 00000000 00:00 0 
7f17cc000000-7f17cc021000 rw-p 00000000 00:00 0 
7f17cc021000-7f17d0000000 ---p 00000000 00:00 0 
7f17d0000000-7f17d2831000 rw-p 00000000 00:00 0 
7f17d2831000-7f17d4000000 ---p 00000000 00:00 0 
7f17d4000000-7f17d4a2e000 rw-p 00000000 00:00 0 
7f17d4a2e000-7f17d8000000 ---p 00000000 00:00 0 
7f17d8000000-7f17d8021000 rw-p 00000000 00:00 0 
7f17d8021000-7f17dc000000 ---p 00000000 00:00 0 
7f17dc000000-7f17dc021000 rw-p 00000000 00:00 0 
7f17dc021000-7f17e0000000 ---p 00000000 00:00 0 
7f17e0000000-7f17e0021000 rw-p 00000000 00:00 0 
7f17e0021000-7f17e4000000 ---p 00000000 00:00 0 
7f17e4000000-7f17e4021000 rw-p 00000000 00:00 0 
7f17e4021000-7f17e8000000 ---p 00000000 00:00 0 
7f17e8000000-7f17ec000000 rw-p 00000000 00:00 0 
7f17ef0a9000-7f17f2630000 rw-p 00000000 00:00 0 
7f17f2630000-7f17f45ff000 ---p 00000000 00:00 0 
7f17f45ff000-7f17f604e000 rw-p 00000000 00:00 0 
7f17f604e000-7f17f70a9000 ---p 00000000 00:00 0 
7f17f70a9000-7f17fa630000 rw-p 00000000 00:00 0 
7f17fa630000-7f17fc5ff000 ---p 00000000 00:00 0 
7f17fc5ff000-7f1b462f0000 rw-p 00000000 00:00 0 
7f1b462f0000-7f1d51b50000 ---p 00000000 00:00 0 
7f1d51b50000-7f24027d6000 rw-p 00000000 00:00 0 
7f2775db7000-7f27fc600000 ---p 00000000 00:00 0 
7f27fc78a000-7f27fc9fa000 rwxp 00000000 00:00 0 
7f27fc9fa000-7f27fcd19000 ---p 00000000 00:00 0 
7f27fcd19000-7f27fd679000 rwxp 00000000 00:00 0 
7f27fd679000-7f2804251000 ---p 00000000 00:00 0 
7f2804251000-7f2804631000 rwxp 00000000 00:00 0 
7f2804631000-7f280b78a000 ---p 00000000 00:00 0 
7f280b78a000-7f2814000000 r--s 00000000 07:03 5215                       /usr/lib/jvm/java-13-openjdk-amd64/lib/modules
7f2814000000-7f281485a000 rw-p 00000000 00:00 0 
7f281485a000-7f2818000000 ---p 00000000 00:00 0 
7f2818530000-7f2818630000 rw-p 00000000 00:00 0 
7f2818630000-7f2818734000 ---p 00000000 00:00 0 
7f2818734000-7f2818831000 rw-p 00000000 00:00 0 
7f2818831000-7f2818835000 r--p 00000000 07:03 9178                       /usr/lib/x86_64-linux-gnu/libresolv-2.31.so
7f2818835000-7f2818845000 r-xp 00004000 07:03 9178                       /usr/lib/x86_64-linux-gnu/libresolv-2.31.so
7f2818845000-7f2818849000 r--p 00014000 07:03 9178                       /usr/lib/x86_64-linux-gnu/libresolv-2.31.so
7f2818849000-7f281884a000 r--p 00017000 07:03 9178                       /usr/lib/x86_64-linux-gnu/libresolv-2.31.so
7f281884a000-7f281884b000 rw-p 00018000 07:03 9178                       /usr/lib/x86_64-linux-gnu/libresolv-2.31.so
7f281884b000-7f281884d000 rw-p 00000000 00:00 0 
7f281884d000-7f281884e000 r--p 00000000 07:03 9105                       /usr/lib/x86_64-linux-gnu/libnss_dns-2.31.so
7f281884e000-7f2818852000 r-xp 00001000 07:03 9105                       /usr/lib/x86_64-linux-gnu/libnss_dns-2.31.so
7f2818852000-7f2818853000 r--p 00005000 07:03 9105                       /usr/lib/x86_64-linux-gnu/libnss_dns-2.31.so
7f2818853000-7f2818854000 r--p 00005000 07:03 9105                       /usr/lib/x86_64-linux-gnu/libnss_dns-2.31.so
7f2818854000-7f2818855000 rw-p 00006000 07:03 9105                       /usr/lib/x86_64-linux-gnu/libnss_dns-2.31.so
7f2818855000-7f2818857000 r--p 00000000 07:03 5202                       /usr/lib/jvm/java-13-openjdk-amd64/lib/libmanagement_ext.so
7f2818857000-7f281885a000 r-xp 00002000 07:03 5202                       /usr/lib/jvm/java-13-openjdk-amd64/lib/libmanagement_ext.so
7f281885a000-7f281885b000 r--p 00005000 07:03 5202                       /usr/lib/jvm/java-13-openjdk-amd64/lib/libmanagement_ext.so
7f281885b000-7f281885c000 ---p 00006000 07:03 5202                       /usr/lib/jvm/java-13-openjdk-amd64/lib/libmanagement_ext.so
7f281885c000-7f281885d000 r--p 00006000 07:03 5202                       /usr/lib/jvm/java-13-openjdk-amd64/lib/libmanagement_ext.so
7f281885d000-7f281885e000 rw-p 00007000 07:03 5202                       /usr/lib/jvm/java-13-openjdk-amd64/lib/libmanagement_ext.so
7f281885e000-7f2818861000 r--p 00000000 07:03 5200                       /usr/lib/jvm/java-13-openjdk-amd64/lib/libmanagement.so
7f2818861000-7f2818862000 r-xp 00003000 07:03 5200                       /usr/lib/jvm/java-13-openjdk-amd64/lib/libmanagement.so
7f2818862000-7f2818863000 r--p 00004000 07:03 5200                       /usr/lib/jvm/java-13-openjdk-amd64/lib/libmanagement.so
7f2818863000-7f2818864000 r--p 00004000 07:03 5200                       /usr/lib/jvm/java-13-openjdk-amd64/lib/libmanagement.so
7f2818864000-7f2818865000 rw-p 00005000 07:03 5200                       /usr/lib/jvm/java-13-openjdk-amd64/lib/libmanagement.so
7f2818865000-7f2818a65000 rw-p 00000000 00:00 0 
7f2818a65000-7f2818c65000 rw-p 00000000 00:00 0 
7f2818c65000-7f2818e65000 rw-p 00000000 00:00 0 
7f2818e65000-7f2819065000 rw-p 00000000 00:00 0 
7f2819065000-7f2819265000 rw-p 00000000 00:00 0 
7f2819265000-7f2819465000 rw-p 00000000 00:00 0 
7f2819465000-7f2819665000 rw-p 00000000 00:00 0 
7f2819665000-7f2819a05000 rw-p 00000000 00:00 0 
7f2819a05000-7f2819c05000 rw-p 00000000 00:00 0 
7f2819c05000-7f2819e05000 rw-p 00000000 00:00 0 
7f2819e05000-7f281a005000 rw-p 00000000 00:00 0 
7f281a005000-7f281a036000 rw-p 00000000 00:00 0 
7f281a036000-7f281a03a000 r--p 00000000 07:03 5204                       /usr/lib/jvm/java-13-openjdk-amd64/lib/libnet.so
7f281a03a000-7f281a048000 r-xp 00004000 07:03 5204                       /usr/lib/jvm/java-13-openjdk-amd64/lib/libnet.so
7f281a048000-7f281a04c000 r--p 00012000 07:03 5204                       /usr/lib/jvm/java-13-openjdk-amd64/lib/libnet.so
7f281a04c000-7f281a04d000 r--p 00015000 07:03 5204                       /usr/lib/jvm/java-13-openjdk-amd64/lib/libnet.so
7f281a04d000-7f281a04e000 rw-p 00016000 07:03 5204                       /usr/lib/jvm/java-13-openjdk-amd64/lib/libnet.so
7f281a04e000-7f281a055000 r--p 00000000 07:03 5205                       /usr/lib/jvm/java-13-openjdk-amd64/lib/libnio.so
7f281a055000-7f281a05e000 r-xp 00007000 07:03 5205                       /usr/lib/jvm/java-13-openjdk-amd64/lib/libnio.so
7f281a05e000-7f281a062000 r--p 00010000 07:03 5205                       /usr/lib/jvm/java-13-openjdk-amd64/lib/libnio.so
7f281a062000-7f281a063000 r--p 00013000 07:03 5205                       /usr/lib/jvm/java-13-openjdk-amd64/lib/libnio.so
7f281a063000-7f281a064000 rw-p 00014000 07:03 5205                       /usr/lib/jvm/java-13-openjdk-amd64/lib/libnio.so
7f281a064000-7f281a065000 ---p 00000000 00:00 0 
7f281a065000-7f281a166000 rw-p 00000000 00:00 0 
7f281a166000-7f281a16a000 ---p 00000000 00:00 0 
7f281a16a000-7f281a267000 rw-p 00000000 00:00 0 
7f281a267000-7f281a26b000 ---p 00000000 00:00 0 
7f281a26b000-7f281a368000 rw-p 00000000 00:00 0 
7f281a368000-7f281a36c000 ---p 00000000 00:00 0 
7f281a36c000-7f281a469000 rw-p 00000000 00:00 0 
7f281a469000-7f281a46d000 ---p 00000000 00:00 0 
7f281a46d000-7f281a56a000 rw-p 00000000 00:00 0 
7f281a56a000-7f281a56e000 ---p 00000000 00:00 0 
7f281a56e000-7f281a66b000 rw-p 00000000 00:00 0 
7f281a66b000-7f281a66f000 ---p 00000000 00:00 0 
7f281a66f000-7f281a76c000 rw-p 00000000 00:00 0 
7f281a76c000-7f281a773000 r--s 00000000 07:03 8532                       /usr/lib/x86_64-linux-gnu/gconv/gconv-modules.cache
7f281a773000-7f281a7a5000 r--p 00000000 07:03 5276                       /usr/lib/locale/C.UTF-8/LC_CTYPE
7f281a7a5000-7f281a7a9000 ---p 00000000 00:00 0 
7f281a7a9000-7f281a8a6000 rw-p 00000000 00:00 0 
7f281a8a6000-7f281a8aa000 ---p 00000000 00:00 0 
7f281a8aa000-7f281a9a7000 rw-p 00000000 00:00 0 
7f281a9a7000-7f281a9a8000 ---p 00000000 00:00 0 
7f281a9a8000-7f281b3c6000 rw-p 00000000 00:00 0 
7f281b3c6000-7f281b3ce000 rw-p 00000000 00:00 0 
7f281b3ce000-7f281b4b1000 ---p 00000000 00:00 0 
7f281b4b1000-7f281b4c4000 rw-p 00000000 00:00 0 
7f281b4c4000-7f281b59c000 ---p 00000000 00:00 0 
7f281b59c000-7f281b5a1000 rw-p 00000000 00:00 0 
7f281b5a1000-7f281b5a8000 ---p 00000000 00:00 0 
7f281b5a8000-7f281b5aa000 r--p 00000000 07:03 5214                       /usr/lib/jvm/java-13-openjdk-amd64/lib/libzip.so
7f281b5aa000-7f281b5ae000 r-xp 00002000 07:03 5214                       /usr/lib/jvm/java-13-openjdk-amd64/lib/libzip.so
7f281b5ae000-7f281b5b0000 r--p 00006000 07:03 5214                       /usr/lib/jvm/java-13-openjdk-amd64/lib/libzip.so
7f281b5b0000-7f281b5b1000 r--p 00007000 07:03 5214                       /usr/lib/jvm/java-13-openjdk-amd64/lib/libzip.so
7f281b5b1000-7f281b5b2000 rw-p 00008000 07:03 5214                       /usr/lib/jvm/java-13-openjdk-amd64/lib/libzip.so
7f281b5b2000-7f281b5ba000 rw-s 00000000 08:03 67366250                   /tmp/hsperfdata_rcabanas/32014
7f281b5ba000-7f281b5bd000 r--p 00000000 07:03 9108                       /usr/lib/x86_64-linux-gnu/libnss_files-2.31.so
7f281b5bd000-7f281b5c4000 r-xp 00003000 07:03 9108                       /usr/lib/x86_64-linux-gnu/libnss_files-2.31.so
7f281b5c4000-7f281b5c6000 r--p 0000a000 07:03 9108                       /usr/lib/x86_64-linux-gnu/libnss_files-2.31.so
7f281b5c6000-7f281b5c7000 r--p 0000b000 07:03 9108                       /usr/lib/x86_64-linux-gnu/libnss_files-2.31.so
7f281b5c7000-7f281b5c8000 rw-p 0000c000 07:03 9108                       /usr/lib/x86_64-linux-gnu/libnss_files-2.31.so
7f281b5c8000-7f281b5ce000 rw-p 00000000 00:00 0 
7f281b5d4000-7f281b5d6000 r--p 00000000 07:03 5195                       /usr/lib/jvm/java-13-openjdk-amd64/lib/libjimage.so
7f281b5d6000-7f281b5d9000 r-xp 00002000 07:03 5195                       /usr/lib/jvm/java-13-openjdk-amd64/lib/libjimage.so
7f281b5d9000-7f281b5da000 r--p 00005000 07:03 5195                       /usr/lib/jvm/java-13-openjdk-amd64/lib/libjimage.so
7f281b5da000-7f281b5db000 ---p 00006000 07:03 5195                       /usr/lib/jvm/java-13-openjdk-amd64/lib/libjimage.so
7f281b5db000-7f281b5dc000 r--p 00006000 07:03 5195                       /usr/lib/jvm/java-13-openjdk-amd64/lib/libjimage.so
7f281b5dc000-7f281b5dd000 rw-p 00007000 07:03 5195                       /usr/lib/jvm/java-13-openjdk-amd64/lib/libjimage.so
7f281b5dd000-7f281b5ea000 r--p 00000000 07:03 5191                       /usr/lib/jvm/java-13-openjdk-amd64/lib/libjava.so
7f281b5ea000-7f281b5ff000 r-xp 0000d000 07:03 5191                       /usr/lib/jvm/java-13-openjdk-amd64/lib/libjava.so
7f281b5ff000-7f281b605000 r--p 00022000 07:03 5191                       /usr/lib/jvm/java-13-openjdk-amd64/lib/libjava.so
7f281b605000-7f281b606000 ---p 00028000 07:03 5191                       /usr/lib/jvm/java-13-openjdk-amd64/lib/libjava.so
7f281b606000-7f281b607000 r--p 00028000 07:03 5191                       /usr/lib/jvm/java-13-openjdk-amd64/lib/libjava.so
7f281b607000-7f281b609000 rw-p 00029000 07:03 5191                       /usr/lib/jvm/java-13-openjdk-amd64/lib/libjava.so
7f281b609000-7f281b60e000 r--p 00000000 07:03 5213                       /usr/lib/jvm/java-13-openjdk-amd64/lib/libverify.so
7f281b60e000-7f281b615000 r-xp 00005000 07:03 5213                       /usr/lib/jvm/java-13-openjdk-amd64/lib/libverify.so
7f281b615000-7f281b617000 r--p 0000c000 07:03 5213                       /usr/lib/jvm/java-13-openjdk-amd64/lib/libverify.so
7f281b617000-7f281b618000 ---p 0000e000 07:03 5213                       /usr/lib/jvm/java-13-openjdk-amd64/lib/libverify.so
7f281b618000-7f281b61a000 r--p 0000e000 07:03 5213                       /usr/lib/jvm/java-13-openjdk-amd64/lib/libverify.so
7f281b61a000-7f281b61b000 rw-p 00010000 07:03 5213                       /usr/lib/jvm/java-13-openjdk-amd64/lib/libverify.so
7f281b61b000-7f281b61f000 ---p 00000000 00:00 0 
7f281b61f000-7f281b71c000 rw-p 00000000 00:00 0 
7f281b71c000-7f281b71f000 r--p 00000000 07:03 8948                       /usr/lib/x86_64-linux-gnu/libgcc_s.so.1
7f281b71f000-7f281b731000 r-xp 00003000 07:03 8948                       /usr/lib/x86_64-linux-gnu/libgcc_s.so.1
7f281b731000-7f281b735000 r--p 00015000 07:03 8948                       /usr/lib/x86_64-linux-gnu/libgcc_s.so.1
7f281b735000-7f281b736000 r--p 00018000 07:03 8948                       /usr/lib/x86_64-linux-gnu/libgcc_s.so.1
7f281b736000-7f281b737000 rw-p 00019000 07:03 8948                       /usr/lib/x86_64-linux-gnu/libgcc_s.so.1
7f281b737000-7f281b744000 r--p 00000000 07:03 9062                       /usr/lib/x86_64-linux-gnu/libm-2.31.so
7f281b744000-7f281b7eb000 r-xp 0000d000 07:03 9062                       /usr/lib/x86_64-linux-gnu/libm-2.31.so
7f281b7eb000-7f281b884000 r--p 000b4000 07:03 9062                       /usr/lib/x86_64-linux-gnu/libm-2.31.so
7f281b884000-7f281b885000 r--p 0014c000 07:03 9062                       /usr/lib/x86_64-linux-gnu/libm-2.31.so
7f281b885000-7f281b886000 rw-p 0014d000 07:03 9062                       /usr/lib/x86_64-linux-gnu/libm-2.31.so
7f281b886000-7f281b91c000 r--p 00000000 07:03 9213                       /usr/lib/x86_64-linux-gnu/libstdc++.so.6.0.28
7f281b91c000-7f281ba0d000 r-xp 00096000 07:03 9213                       /usr/lib/x86_64-linux-gnu/libstdc++.so.6.0.28
7f281ba0d000-7f281ba56000 r--p 00187000 07:03 9213                       /usr/lib/x86_64-linux-gnu/libstdc++.so.6.0.28
7f281ba56000-7f281ba57000 ---p 001d0000 07:03 9213                       /usr/lib/x86_64-linux-gnu/libstdc++.so.6.0.28
7f281ba57000-7f281ba62000 r--p 001d0000 07:03 9213                       /usr/lib/x86_64-linux-gnu/libstdc++.so.6.0.28
7f281ba62000-7f281ba65000 rw-p 001db000 07:03 9213                       /usr/lib/x86_64-linux-gnu/libstdc++.so.6.0.28
7f281ba65000-7f281ba68000 rw-p 00000000 00:00 0 
7f281ba68000-7f281bcee000 r--p 00000000 07:03 5226                       /usr/lib/jvm/java-13-openjdk-amd64/lib/server/libjvm.so
7f281bcee000-7f281ca6b000 r-xp 00286000 07:03 5226                       /usr/lib/jvm/java-13-openjdk-amd64/lib/server/libjvm.so
7f281ca6b000-7f281cce6000 r--p 01003000 07:03 5226                       /usr/lib/jvm/java-13-openjdk-amd64/lib/server/libjvm.so
7f281cce6000-7f281cdab000 r--p 0127d000 07:03 5226                       /usr/lib/jvm/java-13-openjdk-amd64/lib/server/libjvm.so
7f281cdab000-7f281cde6000 rw-p 01342000 07:03 5226                       /usr/lib/jvm/java-13-openjdk-amd64/lib/server/libjvm.so
7f281cde6000-7f281ce6c000 rw-p 00000000 00:00 0 
7f281ce6c000-7f281ce72000 r--p 00000000 07:03 9166                       /usr/lib/x86_64-linux-gnu/libpthread-2.31.so
7f281ce72000-7f281ce83000 r-xp 00006000 07:03 9166                       /usr/lib/x86_64-linux-gnu/libpthread-2.31.so
7f281ce83000-7f281ce89000 r--p 00017000 07:03 9166                       /usr/lib/x86_64-linux-gnu/libpthread-2.31.so
7f281ce89000-7f281ce8a000 r--p 0001c000 07:03 9166                       /usr/lib/x86_64-linux-gnu/libpthread-2.31.so
7f281ce8a000-7f281ce8b000 rw-p 0001d000 07:03 9166                       /usr/lib/x86_64-linux-gnu/libpthread-2.31.so
7f281ce8b000-7f281ce8f000 rw-p 00000000 00:00 0 
7f281ce8f000-7f281ce90000 r--p 00000000 07:03 8893                       /usr/lib/x86_64-linux-gnu/libdl-2.31.so
7f281ce90000-7f281ce92000 r-xp 00001000 07:03 8893                       /usr/lib/x86_64-linux-gnu/libdl-2.31.so
7f281ce92000-7f281ce93000 r--p 00003000 07:03 8893                       /usr/lib/x86_64-linux-gnu/libdl-2.31.so
7f281ce93000-7f281ce94000 r--p 00003000 07:03 8893                       /usr/lib/x86_64-linux-gnu/libdl-2.31.so
7f281ce94000-7f281ce95000 rw-p 00004000 07:03 8893                       /usr/lib/x86_64-linux-gnu/libdl-2.31.so
7f281ce95000-7f281ce97000 r--p 00000000 07:03 9290                       /usr/lib/x86_64-linux-gnu/libz.so.1.2.11
7f281ce97000-7f281cea8000 r-xp 00002000 07:03 9290                       /usr/lib/x86_64-linux-gnu/libz.so.1.2.11
7f281cea8000-7f281ceae000 r--p 00013000 07:03 9290                       /usr/lib/x86_64-linux-gnu/libz.so.1.2.11
7f281ceae000-7f281ceaf000 ---p 00019000 07:03 9290                       /usr/lib/x86_64-linux-gnu/libz.so.1.2.11
7f281ceaf000-7f281ceb0000 r--p 00019000 07:03 9290                       /usr/lib/x86_64-linux-gnu/libz.so.1.2.11
7f281ceb0000-7f281ceb1000 rw-p 0001a000 07:03 9290                       /usr/lib/x86_64-linux-gnu/libz.so.1.2.11
7f281ceb1000-7f281ced3000 r--p 00000000 07:03 8851                       /usr/lib/x86_64-linux-gnu/libc-2.31.so
7f281ced3000-7f281d04b000 r-xp 00022000 07:03 8851                       /usr/lib/x86_64-linux-gnu/libc-2.31.so
7f281d04b000-7f281d099000 r--p 0019a000 07:03 8851                       /usr/lib/x86_64-linux-gnu/libc-2.31.so
7f281d099000-7f281d09d000 r--p 001e7000 07:03 8851                       /usr/lib/x86_64-linux-gnu/libc-2.31.so
7f281d09d000-7f281d09f000 rw-p 001eb000 07:03 8851                       /usr/lib/x86_64-linux-gnu/libc-2.31.so
7f281d09f000-7f281d0a3000 rw-p 00000000 00:00 0 
7f281d0a5000-7f281d0a7000 r--s 0000c000 07:03 20930                      /usr/share/java/java-atk-wrapper.jar
7f281d0a7000-7f281d0a8000 ---p 00000000 00:00 0 
7f281d0a8000-7f281d0a9000 r--p 00000000 00:00 0 
7f281d0a9000-7f281d0ac000 r--p 00000000 07:03 5196                       /usr/lib/jvm/java-13-openjdk-amd64/lib/libjli.so
7f281d0ac000-7f281d0b6000 r-xp 00003000 07:03 5196                       /usr/lib/jvm/java-13-openjdk-amd64/lib/libjli.so
7f281d0b6000-7f281d0b9000 r--p 0000d000 07:03 5196                       /usr/lib/jvm/java-13-openjdk-amd64/lib/libjli.so
7f281d0b9000-7f281d0ba000 r--p 0000f000 07:03 5196                       /usr/lib/jvm/java-13-openjdk-amd64/lib/libjli.so
7f281d0ba000-7f281d0bb000 rw-p 00010000 07:03 5196                       /usr/lib/jvm/java-13-openjdk-amd64/lib/libjli.so
7f281d0bb000-7f281d0bd000 rw-p 00000000 00:00 0 
7f281d0bd000-7f281d0be000 r--p 00000000 07:03 8572                       /usr/lib/x86_64-linux-gnu/ld-2.31.so
7f281d0be000-7f281d0e1000 r-xp 00001000 07:03 8572                       /usr/lib/x86_64-linux-gnu/ld-2.31.so
7f281d0e1000-7f281d0e9000 r--p 00024000 07:03 8572                       /usr/lib/x86_64-linux-gnu/ld-2.31.so
7f281d0e9000-7f281d0ea000 ---p 00000000 00:00 0 
7f281d0ea000-7f281d0eb000 r--p 0002c000 07:03 8572                       /usr/lib/x86_64-linux-gnu/ld-2.31.so
7f281d0eb000-7f281d0ec000 rw-p 0002d000 07:03 8572                       /usr/lib/x86_64-linux-gnu/ld-2.31.so
7f281d0ec000-7f281d0ed000 rw-p 00000000 00:00 0 
7ffc223cb000-7ffc223ec000 rw-p 00000000 00:00 0                          [stack]
7ffc223fb000-7ffc223fd000 r-xp 00000000 00:00 0                          [vdso]
ffffffffff600000-ffffffffff601000 r-xp 00000000 00:00 0                  [vsyscall]


VM Arguments:
jvm_args: -Xmx64g --add-modules=ALL-DEFAULT 
java_command: jdk.compiler/com.sun.tools.javac.launcher.Main /mnt/beegfs/rcabanas/dev/credici/papers/journalEM/code/GenerateModel.java -n 10 -d 1000 -di 0.5 -mr 0.98 -r 1.0 --seed 94 --output /mnt/beegfs/rcabanas/dev/credici/papers/journalEM/models/synthetic/s1/ --debug
java_class_path (initial): /mnt/beegfs/rcabanas/dev/credici/target/credici-0.1.3-jar-with-dependencies.jar
Launcher Type: SUN_STANDARD

[Global flags]
     intx CICompilerCount                          = 2                                         {product} {ergonomic}
   size_t InitialHeapSize                          = 2147483648                                {product} {ergonomic}
   size_t MaxHeapSize                              = 68719476736                               {product} {command line}
   size_t MaxNewSize                               = 22906470400                               {product} {ergonomic}
   size_t MinHeapDeltaBytes                        = 196608                                    {product} {ergonomic}
   size_t MinHeapSize                              = 8388608                                   {product} {ergonomic}
   size_t NewSize                                  = 715784192                                 {product} {ergonomic}
    uintx NonNMethodCodeHeapSize                   = 5826188                                {pd product} {ergonomic}
    uintx NonProfiledCodeHeapSize                  = 122916026                              {pd product} {ergonomic}
   size_t OldSize                                  = 1431699456                                {product} {ergonomic}
    uintx ProfiledCodeHeapSize                     = 122916026                              {pd product} {ergonomic}
    uintx ReservedCodeCacheSize                    = 251658240                              {pd product} {ergonomic}
     bool SegmentedCodeCache                       = true                                      {product} {ergonomic}
   size_t SoftMaxHeapSize                          = 68719476736                            {manageable} {ergonomic}
     bool UseSerialGC                              = true                                      {product} {ergonomic}

Logging:
Log output configuration:
 #0: stdout all=warning uptime,level,tags
 #1: stderr all=off uptime,level,tags

Environment Variables:
PATH=/usr/local/sbin:/usr/local/bin:/usr/sbin:/usr/bin:/sbin:/bin
LD_LIBRARY_PATH=/.singularity.d/libs

Signal Handlers:
SIGSEGV: [libjvm.so+0xf8fcf0], sa_mask[0]=11111111011111111101111111111110, sa_flags=SA_RESTART|SA_SIGINFO
SIGBUS: [libjvm.so+0xf8fcf0], sa_mask[0]=11111111011111111101111111111110, sa_flags=SA_RESTART|SA_SIGINFO
SIGFPE: [libjvm.so+0xf8fcf0], sa_mask[0]=11111111011111111101111111111110, sa_flags=SA_RESTART|SA_SIGINFO
SIGPIPE: [libjvm.so+0xc3ffa0], sa_mask[0]=11111111011111111101111111111110, sa_flags=SA_RESTART|SA_SIGINFO
SIGXFSZ: [libjvm.so+0xc3ffa0], sa_mask[0]=11111111011111111101111111111110, sa_flags=SA_RESTART|SA_SIGINFO
SIGILL: [libjvm.so+0xf8fcf0], sa_mask[0]=11111111011111111101111111111110, sa_flags=SA_RESTART|SA_SIGINFO
SIGUSR2: [libjvm.so+0xc3fe40], sa_mask[0]=00000000000000000000000000000000, sa_flags=SA_RESTART|SA_SIGINFO
SIGHUP: [libjvm.so+0xc40580], sa_mask[0]=11111111011111111101111111111110, sa_flags=SA_RESTART|SA_SIGINFO
SIGINT: [libjvm.so+0xc40580], sa_mask[0]=11111111011111111101111111111110, sa_flags=SA_RESTART|SA_SIGINFO
SIGTERM: [libjvm.so+0xc40580], sa_mask[0]=11111111011111111101111111111110, sa_flags=SA_RESTART|SA_SIGINFO
SIGQUIT: [libjvm.so+0xc40580], sa_mask[0]=11111111011111111101111111111110, sa_flags=SA_RESTART|SA_SIGINFO


---------------  S Y S T E M  ---------------

OS:DISTRIB_ID=Ubuntu
DISTRIB_RELEASE=20.04
DISTRIB_CODENAME=focal
DISTRIB_DESCRIPTION="Ubuntu 20.04.4 LTS"
uname:Linux 3.10.0-1160.15.2.el7.x86_64 #1 SMP Wed Feb 3 15:06:38 UTC 2021 x86_64
OS uptime: 465 days 15:13 hours
libc:glibc 2.31 NPTL 2.31 
rlimit (soft/hard): STACK 8192k/infinity , CORE 0k/infinity , NPROC 4096/1030217 , NOFILE 131072/131072 , AS infinity/infinity , CPU infinity/infinity , DATA infinity/infinity , FSIZE infinity/infinity , MEMLOCK infinity/infinity
load average:7.01 7.70 9.75

/proc/meminfo:
MemTotal:       263895368 kB
MemFree:         1783148 kB
MemAvailable:    1308748 kB
Buffers:           39080 kB
Cached:           174380 kB
SwapCached:        48264 kB
Active:         247415124 kB
Inactive:        5471692 kB
Active(anon):   247365856 kB
Inactive(anon):  5318764 kB
Active(file):      49268 kB
Inactive(file):   152928 kB
Unevictable:       16424 kB
Mlocked:           16424 kB
SwapTotal:       4194300 kB
SwapFree:         736120 kB
Dirty:                 0 kB
Writeback:             0 kB
AnonPages:      252644664 kB
Mapped:            33300 kB
Shmem:              6916 kB
Slab:             681256 kB
SReclaimable:     164712 kB
SUnreclaim:       516544 kB
KernelStack:       15232 kB
PageTables:       507996 kB
NFS_Unstable:          0 kB
Bounce:                0 kB
WritebackTmp:          0 kB
CommitLimit:    136141984 kB
Committed_AS:   270327996 kB
VmallocTotal:   34359738367 kB
VmallocUsed:      860448 kB
VmallocChunk:   34222409200 kB
Percpu:            18176 kB
HardwareCorrupted:     0 kB
AnonHugePages:  123971584 kB
CmaTotal:              0 kB
CmaFree:               0 kB
HugePages_Total:       0
HugePages_Free:        0
HugePages_Rsvd:        0
HugePages_Surp:        0
Hugepagesize:       2048 kB
DirectMap4k:      556648 kB
DirectMap2M:    17131520 kB
DirectMap1G:    250609664 kB

/sys/kernel/mm/transparent_hugepage/enabled:
[always] madvise never

/sys/kernel/mm/transparent_hugepage/defrag (defrag/compaction efforts parameter):
[always] madvise never


/proc/sys/kernel/threads-max (system-wide limit on the number of threads):
2060435


/proc/sys/vm/max_map_count (maximum number of memory map areas a process may have):
65530


/proc/sys/kernel/pid_max (system-wide limit on number of process identifiers):
65536



Steal ticks since vm start: 0
Steal ticks percentage since vm start:  0.000

CPU:total 64 (initial active 1) (32 cores per cpu, 1 threads per core) family 23 model 49 stepping 0, cmov, cx8, fxsr, mmx, sse, sse2, sse3, ssse3, sse4.1, sse4.2, popcnt, avx, avx2, aes, clmul, mmxext, 3dnowpref, lzcnt, sse4a, tsc, tscinvbit, tscinv, bmi1, bmi2, adx, sha, fma
CPU Model and flags from /proc/cpuinfo:
model name	: AMD EPYC 7542 32-Core Processor
flags		: fpu vme de pse tsc msr pae mce cx8 apic sep mtrr pge mca cmov pat pse36 clflush mmx fxsr sse sse2 ht syscall nx mmxext fxsr_opt pdpe1gb rdtscp lm constant_tsc art rep_good nopl nonstop_tsc extd_apicid aperfmperf eagerfpu pni pclmulqdq monitor ssse3 fma cx16 sse4_1 sse4_2 movbe popcnt aes xsave avx f16c rdrand lahf_lm cmp_legacy svm extapic cr8_legacy abm sse4a misalignsse 3dnowprefetch osvw ibs skinit wdt tce topoext perfctr_core perfctr_nb bpext perfctr_l2 cpb cat_l3 cdp_l3 hw_pstate sme retpoline_amd ssbd ibrs ibpb stibp vmmcall fsgsbase bmi1 avx2 smep bmi2 cqm rdt_a rdseed adx smap clflushopt clwb sha_ni xsaveopt xsavec xgetbv1 cqm_llc cqm_occup_llc cqm_mbm_total cqm_mbm_local clzero irperf xsaveerptr arat npt lbrv svm_lock nrip_save tsc_scale vmcb_clean flushbyasid decodeassists pausefilter pfthreshold avic v_vmsave_vmload vgif umip overflow_recov succor smca
Online cpus:0-63
Offline cpus:
BIOS frequency limitation:2900000
Frequency switch latency (ns):0
Available cpu frequencies:2900000 2400000 1500000 
Current governor:conservative
Core performance/turbo boost:1

Memory: 4k page, physical 263895368k(1782620k free), swap 4194300k(736128k free)

vm_info: OpenJDK 64-Bit Server VM (13.0.7+5-Ubuntu-0ubuntu120.04) for linux-amd64 JRE (13.0.7+5-Ubuntu-0ubuntu120.04), built on Apr 21 2021 05:36:19 by "unknown" with gcc 9.3.0

END.
