#
# There is insufficient memory for the Java Runtime Environment to continue.
# Native memory allocation (mmap) failed to map 2470387712 bytes for committing reserved memory.
# Possible reasons:
#   The system is out of physical RAM or swap space
# Possible solutions:
#   Reduce memory load on the system
#   Increase physical memory or swap space
#   Check if swap backing store is full
#   Decrease Java heap size (-Xmx/-Xms)
#   Decrease number of Java threads
#   Decrease Java thread stack sizes (-Xss)
#   Set larger code cache with -XX:ReservedCodeCacheSize=
# This output file may be truncated or incomplete.
#
#  Out of Memory Error (os_linux.cpp:2899), pid=30492, tid=30494
#
# JRE version: OpenJDK Runtime Environment (13.0.7+5) (build 13.0.7+5-Ubuntu-0ubuntu120.04)
# Java VM: OpenJDK 64-Bit Server VM (13.0.7+5-Ubuntu-0ubuntu120.04, mixed mode, tiered, serial gc, linux-amd64)
# No core dump will be written. Core dumps have been disabled. To enable core dumping, try "ulimit -c unlimited" before starting Java again
#

---------------  S U M M A R Y ------------

Command Line: -Xmx128g --add-modules=ALL-DEFAULT jdk.compiler/com.sun.tools.javac.launcher.Main /mnt/beegfs/rcabanas/dev/credici/papers/journalEM/code/LearnAndCalculatePNS.java -w -x 100 -m 500 -sc KL -th 1e-05 -a EMCC --seed 72 --output /mnt/beegfs/rcabanas/dev/credici/papers/journalEM/output/triangolo --cause 3 --effect 0 /mnt/beegfs/rcabanas/dev/credici/papers/journalEM/models/triangolo/triangolo_causal.uai

Host: AMD EPYC 7542 32-Core Processor, 64 cores, 251G, Ubuntu 20.04.4 LTS
Time: Tue Oct 18 20:08:12 2022 CEST elapsed time: 382.185472 seconds (0d 0h 6m 22s)

---------------  T H R E A D  ---------------

Current thread (0x00007f8db8097800):  VMThread "VM Thread" [stack: 0x00007f8dbc818000,0x00007f8dbc918000] [id=30494]

Stack: [0x00007f8dbc818000,0x00007f8dbc918000],  sp=0x00007f8dbc916160,  free space=1016k
Native frames: (J=compiled Java code, A=aot compiled Java code, j=interpreted, Vv=VM code, C=native code)
V  [libjvm.so+0xf8f092]
V  [libjvm.so+0xf8fc91]
V  [libjvm.so+0x66ee5a]
V  [libjvm.so+0xc44a41]
V  [libjvm.so+0xc3b263]
V  [libjvm.so+0xf87f4b]
V  [libjvm.so+0x557506]
V  [libjvm.so+0x557723]
V  [libjvm.so+0xf18b0c]
V  [libjvm.so+0x557e65]
V  [libjvm.so+0x7e2edb]
V  [libjvm.so+0x7e39bd]
V  [libjvm.so+0x7d8b48]
V  [libjvm.so+0xf90940]
V  [libjvm.so+0xf96657]
V  [libjvm.so+0xf96d2b]
V  [libjvm.so+0xf9706a]
V  [libjvm.so+0xf2208f]
V  [libjvm.so+0xc493ff]

VM_Operation (0x00007f8dbd588630): GenCollectForAllocation, mode: safepoint, requested by thread 0x00007f8db8018000


---------------  P R O C E S S  ---------------

Threads class SMR info:
_java_thread_list=0x00007f8db8136400, length=9, elements={
0x00007f8db8018000, 0x00007f8db80a3800, 0x00007f8db80a7000, 0x00007f8db80cb800,
0x00007f8db80cd000, 0x00007f8db80cf000, 0x00007f8db80d1000, 0x00007f8db80d3000,
0x00007f8db8135000
}

Java Threads: ( => current thread )
  0x00007f8db8018000 JavaThread "main" [_thread_blocked, id=30493, stack(0x00007f8dbd48a000,0x00007f8dbd58b000)]
  0x00007f8db80a3800 JavaThread "Reference Handler" daemon [_thread_blocked, id=30495, stack(0x00007f8dbc715000,0x00007f8dbc816000)]
  0x00007f8db80a7000 JavaThread "Finalizer" daemon [_thread_blocked, id=30496, stack(0x00007f8dbc614000,0x00007f8dbc715000)]
  0x00007f8db80cb800 JavaThread "Signal Dispatcher" daemon [_thread_blocked, id=30497, stack(0x00007f8dbc4da000,0x00007f8dbc5db000)]
  0x00007f8db80cd000 JavaThread "Service Thread" daemon [_thread_blocked, id=30498, stack(0x00007f8dbc3d9000,0x00007f8dbc4da000)]
  0x00007f8db80cf000 JavaThread "C2 CompilerThread0" daemon [_thread_blocked, id=30499, stack(0x00007f8dbc2d8000,0x00007f8dbc3d9000)]
  0x00007f8db80d1000 JavaThread "C1 CompilerThread0" daemon [_thread_blocked, id=30500, stack(0x00007f8dbc1d7000,0x00007f8dbc2d8000)]
  0x00007f8db80d3000 JavaThread "Sweeper thread" daemon [_thread_blocked, id=30501, stack(0x00007f8dbc0d6000,0x00007f8dbc1d7000)]
  0x00007f8db8135000 JavaThread "Common-Cleaner" daemon [_thread_blocked, id=30502, stack(0x00007f8da0689000,0x00007f8da078a000)]

Other Threads:
=>0x00007f8db8097800 VMThread "VM Thread" [stack: 0x00007f8dbc818000,0x00007f8dbc918000] [id=30494]
  0x00007f8db8181800 WatcherThread [stack: 0x00007f6d85a54000,0x00007f6d85b54000] [id=30503]

Threads with active compile tasks:

VM state:at safepoint (normal execution)

VM Mutex/Monitor currently owned by a thread:  ([mutex/lock_event])
[0x00007f8db80141e0] Threads_lock - owner thread: 0x00007f8db8097800
[0x00007f8db8014de0] Heap_lock - owner thread: 0x00007f8db8018000

Heap:
 def new generation   total 1606400K, used 84760K [0x00007f6da0600000, 0x00007f6e0d500000, 0x00007f784b0a0000)
  eden space 1427968K,   5% used [0x00007f6da0600000, 0x00007f6da58c60d8, 0x00007f6df7880000)
  from space 178432K,   0% used [0x00007f6df7880000, 0x00007f6df7880000, 0x00007f6e026c0000)
  to   space 178432K,   0% used [0x00007f6e026c0000, 0x00007f6e026c0000, 0x00007f6e0d500000)
 tenured generation   total 3618792K, used 3618766K [0x00007f784b0a0000, 0x00007f7927e9a000, 0x00007f8da0600000)
   the space 3618792K,  99% used [0x00007f784b0a0000, 0x00007f7927e939b0, 0x00007f7927e93a00, 0x00007f7927e9a000)
 Metaspace       used 24175K, capacity 24576K, committed 24832K, reserved 26624K

Card table byte_map: [0x00007f6d905ff000,0x00007f6da0600000] _byte_map_base: 0x00007f2dd98fc000

Polling page: 0x00007f8dbef16000

Metaspace:

Usage:
   24.00 MB capacity,    23.61 MB ( 98%) used,   310.71 KB (  1%) free+waste,    90.19 KB ( <1%) overhead. 

Virtual space:
     26.00 MB reserved,      24.25 MB ( 93%) committed 

Chunk freelists:
120.00 KB

MaxMetaspaceSize: unlimited


CodeHeap 'non-profiled nmethods': size=120036Kb used=1988Kb max_used=2126Kb free=118047Kb
 bounds [0x00007f8da8251000, 0x00007f8da84c1000, 0x00007f8daf78a000]
CodeHeap 'profiled nmethods': size=120032Kb used=4823Kb max_used=6638Kb free=115208Kb
 bounds [0x00007f8da0d19000, 0x00007f8da1399000, 0x00007f8da8251000]
CodeHeap 'non-nmethods': size=5692Kb used=1210Kb max_used=1263Kb free=4482Kb
 bounds [0x00007f8da078a000, 0x00007f8da09fa000, 0x00007f8da0d19000]
 total_blobs=3562 nmethods=3081 adapters=396
 compilation: enabled
              stopped_count=0, restarted_count=0
 full_count=0

Compilation events (20 events):
Event: 298.660 Thread 0x00007f8db80d1000 3871       3       org.jgrapht.graph.GraphDelegator::vertexSet (10 bytes)
Event: 298.660 Thread 0x00007f8db80d1000 nmethod 3871 0x00007f8da0f9bb10 code [0x00007f8da0f9bca0, 0x00007f8da0f9be60]
Event: 329.907 Thread 0x00007f8db80d1000 3872       3       java.util.Arrays$ArrayList::size (6 bytes)
Event: 329.907 Thread 0x00007f8db80d1000 nmethod 3872 0x00007f8da0ed0f10 code [0x00007f8da0ed10a0, 0x00007f8da0ed11b0]
Event: 331.403 Thread 0x00007f8db80cf000 3873       4       org.jgrapht.graph.GraphDelegator::getEdgeSource (11 bytes)
Event: 331.404 Thread 0x00007f8db80cf000 nmethod 3873 0x00007f8da8300d90 code [0x00007f8da8300f20, 0x00007f8da8301018]
Event: 331.418 Thread 0x00007f8db80cf000 3874       4       org.jgrapht.graph.GraphDelegator::getEdgeTarget (11 bytes)
Event: 331.419 Thread 0x00007f8db80cf000 nmethod 3874 0x00007f8da8278610 code [0x00007f8da82787a0, 0x00007f8da8278898]
Event: 344.698 Thread 0x00007f8db80cf000 3875       4       gnu.trove.impl.hash.TIntHash::indexRehashed (75 bytes)
Event: 344.700 Thread 0x00007f8db80cf000 nmethod 3875 0x00007f8da8285890 code [0x00007f8da8285a20, 0x00007f8da8285bf8]
Event: 364.156 Thread 0x00007f8db80d1000 3876       3       java.util.LinkedHashMap::transferLinks (58 bytes)
Event: 364.157 Thread 0x00007f8db80d1000 nmethod 3876 0x00007f8da0e67510 code [0x00007f8da0e676a0, 0x00007f8da0e678f0]
Event: 372.277 Thread 0x00007f8db80cf000 3877       4       com.google.common.collect.RegularImmutableSet::size (6 bytes)
Event: 372.277 Thread 0x00007f8db80cf000 nmethod 3877 0x00007f8da8278110 code [0x00007f8da8278280, 0x00007f8da82782d8]
Event: 373.018 Thread 0x00007f8db80cf000 3878       4       ch.idsia.crema.model.graphical.SparseDirectedAcyclicGraph$$Lambda$321/0x00007f6d84a274b0::accept (16 bytes)
Event: 373.021 Thread 0x00007f8db80cf000 nmethod 3878 0x00007f8da8290690 code [0x00007f8da8290840, 0x00007f8da8290b88]
Event: 373.383 Thread 0x00007f8db80cf000 3879       4       java.util.stream.Sink$ChainedInt::begin (11 bytes)
Event: 373.384 Thread 0x00007f8db80cf000 nmethod 3879 0x00007f8da8285390 code [0x00007f8da8285500, 0x00007f8da8285578]
Event: 376.324 Thread 0x00007f8db80cf000 3880       4       java.util.AbstractList$Itr::hasNext (20 bytes)
Event: 376.325 Thread 0x00007f8db80cf000 nmethod 3880 0x00007f8da8378e10 code [0x00007f8da8378f80, 0x00007f8da8379018]

GC Heap History (20 events):
Event: 377.143 GC heap after
{Heap after GC invocations=1053 (full 5):
 def new generation   total 1606400K, used 118737K [0x00007f6da0600000, 0x00007f6e0d500000, 0x00007f784b0a0000)
  eden space 1427968K,   0% used [0x00007f6da0600000, 0x00007f6da0600000, 0x00007f6df7880000)
  from space 178432K,  66% used [0x00007f6e026c0000, 0x00007f6e09ab46d8, 0x00007f6e0d500000)
  to   space 178432K,   0% used [0x00007f6df7880000, 0x00007f6df7880000, 0x00007f6e026c0000)
 tenured generation   total 3569628K, used 3364334K [0x00007f784b0a0000, 0x00007f7924e97000, 0x00007f8da0600000)
   the space 3569628K,  94% used [0x00007f784b0a0000, 0x00007f791861bbe8, 0x00007f791861bc00, 0x00007f7924e97000)
 Metaspace       used 24175K, capacity 24576K, committed 24832K, reserved 26624K
}
Event: 377.673 GC heap before
{Heap before GC invocations=1053 (full 5):
 def new generation   total 1606400K, used 1546705K [0x00007f6da0600000, 0x00007f6e0d500000, 0x00007f784b0a0000)
  eden space 1427968K, 100% used [0x00007f6da0600000, 0x00007f6df7880000, 0x00007f6df7880000)
  from space 178432K,  66% used [0x00007f6e026c0000, 0x00007f6e09ab46d8, 0x00007f6e0d500000)
  to   space 178432K,   0% used [0x00007f6df7880000, 0x00007f6df7880000, 0x00007f6e026c0000)
 tenured generation   total 3569628K, used 3364334K [0x00007f784b0a0000, 0x00007f7924e97000, 0x00007f8da0600000)
   the space 3569628K,  94% used [0x00007f784b0a0000, 0x00007f791861bbe8, 0x00007f791861bc00, 0x00007f7924e97000)
 Metaspace       used 24175K, capacity 24576K, committed 24832K, reserved 26624K
}
Event: 377.714 GC heap after
{Heap after GC invocations=1054 (full 5):
 def new generation   total 1606400K, used 84836K [0x00007f6da0600000, 0x00007f6e0d500000, 0x00007f784b0a0000)
  eden space 1427968K,   0% used [0x00007f6da0600000, 0x00007f6da0600000, 0x00007f6df7880000)
  from space 178432K,  47% used [0x00007f6df7880000, 0x00007f6dfcb59260, 0x00007f6e026c0000)
  to   space 178432K,   0% used [0x00007f6e026c0000, 0x00007f6e026c0000, 0x00007f6e0d500000)
 tenured generation   total 3569628K, used 3415210K [0x00007f784b0a0000, 0x00007f7924e97000, 0x00007f8da0600000)
   the space 3569628K,  95% used [0x00007f784b0a0000, 0x00007f791b7ca940, 0x00007f791b7caa00, 0x00007f7924e97000)
 Metaspace       used 24175K, capacity 24576K, committed 24832K, reserved 26624K
}
Event: 378.219 GC heap before
{Heap before GC invocations=1054 (full 5):
 def new generation   total 1606400K, used 1503936K [0x00007f6da0600000, 0x00007f6e0d500000, 0x00007f784b0a0000)
  eden space 1427968K,  99% used [0x00007f6da0600000, 0x00007f6df6fd6f00, 0x00007f6df7880000)
  from space 178432K,  47% used [0x00007f6df7880000, 0x00007f6dfcb59260, 0x00007f6e026c0000)
  to   space 178432K,   0% used [0x00007f6e026c0000, 0x00007f6e026c0000, 0x00007f6e0d500000)
 tenured generation   total 3569628K, used 3415210K [0x00007f784b0a0000, 0x00007f7924e97000, 0x00007f8da0600000)
   the space 3569628K,  95% used [0x00007f784b0a0000, 0x00007f791b7ca940, 0x00007f791b7caa00, 0x00007f7924e97000)
 Metaspace       used 24175K, capacity 24576K, committed 24832K, reserved 26624K
}
Event: 378.238 GC heap after
{Heap after GC invocations=1055 (full 5):
 def new generation   total 1606400K, used 118730K [0x00007f6da0600000, 0x00007f6e0d500000, 0x00007f784b0a0000)
  eden space 1427968K,   0% used [0x00007f6da0600000, 0x00007f6da0600000, 0x00007f6df7880000)
  from space 178432K,  66% used [0x00007f6e026c0000, 0x00007f6e09ab2838, 0x00007f6e0d500000)
  to   space 178432K,   0% used [0x00007f6df7880000, 0x00007f6df7880000, 0x00007f6e026c0000)
 tenured generation   total 3569628K, used 3415210K [0x00007f784b0a0000, 0x00007f7924e97000, 0x00007f8da0600000)
   the space 3569628K,  95% used [0x00007f784b0a0000, 0x00007f791b7ca940, 0x00007f791b7caa00, 0x00007f7924e97000)
 Metaspace       used 24175K, capacity 24576K, committed 24832K, reserved 26624K
}
Event: 378.785 GC heap before
{Heap before GC invocations=1055 (full 5):
 def new generation   total 1606400K, used 1546698K [0x00007f6da0600000, 0x00007f6e0d500000, 0x00007f784b0a0000)
  eden space 1427968K, 100% used [0x00007f6da0600000, 0x00007f6df7880000, 0x00007f6df7880000)
  from space 178432K,  66% used [0x00007f6e026c0000, 0x00007f6e09ab2838, 0x00007f6e0d500000)
  to   space 178432K,   0% used [0x00007f6df7880000, 0x00007f6df7880000, 0x00007f6e026c0000)
 tenured generation   total 3569628K, used 3415210K [0x00007f784b0a0000, 0x00007f7924e97000, 0x00007f8da0600000)
   the space 3569628K,  95% used [0x00007f784b0a0000, 0x00007f791b7ca940, 0x00007f791b7caa00, 0x00007f7924e97000)
 Metaspace       used 24175K, capacity 24576K, committed 24832K, reserved 26624K
}
Event: 378.874 GC heap after
{Heap after GC invocations=1056 (full 5):
 def new generation   total 1606400K, used 84815K [0x00007f6da0600000, 0x00007f6e0d500000, 0x00007f784b0a0000)
  eden space 1427968K,   0% used [0x00007f6da0600000, 0x00007f6da0600000, 0x00007f6df7880000)
  from space 178432K,  47% used [0x00007f6df7880000, 0x00007f6dfcb53e70, 0x00007f6e026c0000)
  to   space 178432K,   0% used [0x00007f6e026c0000, 0x00007f6e026c0000, 0x00007f6e0d500000)
 tenured generation   total 3569628K, used 3466085K [0x00007f784b0a0000, 0x00007f7924e97000, 0x00007f8da0600000)
   the space 3569628K,  97% used [0x00007f784b0a0000, 0x00007f791e979698, 0x00007f791e979800, 0x00007f7924e97000)
 Metaspace       used 24175K, capacity 24576K, committed 24832K, reserved 26624K
}
Event: 379.359 GC heap before
{Heap before GC invocations=1056 (full 5):
 def new generation   total 1606400K, used 1512783K [0x00007f6da0600000, 0x00007f6e0d500000, 0x00007f784b0a0000)
  eden space 1427968K, 100% used [0x00007f6da0600000, 0x00007f6df7880000, 0x00007f6df7880000)
  from space 178432K,  47% used [0x00007f6df7880000, 0x00007f6dfcb53e70, 0x00007f6e026c0000)
  to   space 178432K,   0% used [0x00007f6e026c0000, 0x00007f6e026c0000, 0x00007f6e0d500000)
 tenured generation   total 3569628K, used 3466085K [0x00007f784b0a0000, 0x00007f7924e97000, 0x00007f8da0600000)
   the space 3569628K,  97% used [0x00007f784b0a0000, 0x00007f791e979698, 0x00007f791e979800, 0x00007f7924e97000)
 Metaspace       used 24175K, capacity 24576K, committed 24832K, reserved 26624K
}
Event: 379.385 GC heap after
{Heap after GC invocations=1057 (full 5):
 def new generation   total 1606400K, used 118730K [0x00007f6da0600000, 0x00007f6e0d500000, 0x00007f784b0a0000)
  eden space 1427968K,   0% used [0x00007f6da0600000, 0x00007f6da0600000, 0x00007f6df7880000)
  from space 178432K,  66% used [0x00007f6e026c0000, 0x00007f6e09ab2838, 0x00007f6e0d500000)
  to   space 178432K,   0% used [0x00007f6df7880000, 0x00007f6df7880000, 0x00007f6e026c0000)
 tenured generation   total 3569628K, used 3466085K [0x00007f784b0a0000, 0x00007f7924e97000, 0x00007f8da0600000)
   the space 3569628K,  97% used [0x00007f784b0a0000, 0x00007f791e979698, 0x00007f791e979800, 0x00007f7924e97000)
 Metaspace       used 24175K, capacity 24576K, committed 24832K, reserved 26624K
}
Event: 379.888 GC heap before
{Heap before GC invocations=1057 (full 5):
 def new generation   total 1606400K, used 1546698K [0x00007f6da0600000, 0x00007f6e0d500000, 0x00007f784b0a0000)
  eden space 1427968K, 100% used [0x00007f6da0600000, 0x00007f6df7880000, 0x00007f6df7880000)
  from space 178432K,  66% used [0x00007f6e026c0000, 0x00007f6e09ab2838, 0x00007f6e0d500000)
  to   space 178432K,   0% used [0x00007f6df7880000, 0x00007f6df7880000, 0x00007f6e026c0000)
 tenured generation   total 3569628K, used 3466085K [0x00007f784b0a0000, 0x00007f7924e97000, 0x00007f8da0600000)
   the space 3569628K,  97% used [0x00007f784b0a0000, 0x00007f791e979698, 0x00007f791e979800, 0x00007f7924e97000)
 Metaspace       used 24175K, capacity 24576K, committed 24832K, reserved 26624K
}
Event: 379.929 GC heap after
{Heap after GC invocations=1058 (full 5):
 def new generation   total 1606400K, used 84830K [0x00007f6da0600000, 0x00007f6e0d500000, 0x00007f784b0a0000)
  eden space 1427968K,   0% used [0x00007f6da0600000, 0x00007f6da0600000, 0x00007f6df7880000)
  from space 178432K,  47% used [0x00007f6df7880000, 0x00007f6dfcb57978, 0x00007f6e026c0000)
  to   space 178432K,   0% used [0x00007f6e026c0000, 0x00007f6e026c0000, 0x00007f6e0d500000)
 tenured generation   total 3569628K, used 3516960K [0x00007f784b0a0000, 0x00007f7924e97000, 0x00007f8da0600000)
   the space 3569628K,  98% used [0x00007f784b0a0000, 0x00007f7921b283f0, 0x00007f7921b28400, 0x00007f7924e97000)
 Metaspace       used 24175K, capacity 24576K, committed 24832K, reserved 26624K
}
Event: 380.413 GC heap before
{Heap before GC invocations=1058 (full 5):
 def new generation   total 1606400K, used 1497394K [0x00007f6da0600000, 0x00007f6e0d500000, 0x00007f784b0a0000)
  eden space 1427968K,  98% used [0x00007f6da0600000, 0x00007f6df69750e8, 0x00007f6df7880000)
  from space 178432K,  47% used [0x00007f6df7880000, 0x00007f6dfcb57978, 0x00007f6e026c0000)
  to   space 178432K,   0% used [0x00007f6e026c0000, 0x00007f6e026c0000, 0x00007f6e0d500000)
 tenured generation   total 3569628K, used 3516960K [0x00007f784b0a0000, 0x00007f7924e97000, 0x00007f8da0600000)
   the space 3569628K,  98% used [0x00007f784b0a0000, 0x00007f7921b283f0, 0x00007f7921b28400, 0x00007f7924e97000)
 Metaspace       used 24175K, capacity 24576K, committed 24832K, reserved 26624K
}
Event: 380.433 GC heap after
{Heap after GC invocations=1059 (full 5):
 def new generation   total 1606400K, used 118730K [0x00007f6da0600000, 0x00007f6e0d500000, 0x00007f784b0a0000)
  eden space 1427968K,   0% used [0x00007f6da0600000, 0x00007f6da0600000, 0x00007f6df7880000)
  from space 178432K,  66% used [0x00007f6e026c0000, 0x00007f6e09ab2838, 0x00007f6e0d500000)
  to   space 178432K,   0% used [0x00007f6df7880000, 0x00007f6df7880000, 0x00007f6e026c0000)
 tenured generation   total 3569628K, used 3516960K [0x00007f784b0a0000, 0x00007f7924e97000, 0x00007f8da0600000)
   the space 3569628K,  98% used [0x00007f784b0a0000, 0x00007f7921b283f0, 0x00007f7921b28400, 0x00007f7924e97000)
 Metaspace       used 24175K, capacity 24576K, committed 24832K, reserved 26624K
}
Event: 380.963 GC heap before
{Heap before GC invocations=1059 (full 5):
 def new generation   total 1606400K, used 1546698K [0x00007f6da0600000, 0x00007f6e0d500000, 0x00007f784b0a0000)
  eden space 1427968K, 100% used [0x00007f6da0600000, 0x00007f6df7880000, 0x00007f6df7880000)
  from space 178432K,  66% used [0x00007f6e026c0000, 0x00007f6e09ab2838, 0x00007f6e0d500000)
  to   space 178432K,   0% used [0x00007f6df7880000, 0x00007f6df7880000, 0x00007f6e026c0000)
 tenured generation   total 3569628K, used 3516960K [0x00007f784b0a0000, 0x00007f7924e97000, 0x00007f8da0600000)
   the space 3569628K,  98% used [0x00007f784b0a0000, 0x00007f7921b283f0, 0x00007f7921b28400, 0x00007f7924e97000)
 Metaspace       used 24175K, capacity 24576K, committed 24832K, reserved 26624K
}
Event: 381.007 GC heap after
{Heap after GC invocations=1060 (full 5):
 def new generation   total 1606400K, used 84835K [0x00007f6da0600000, 0x00007f6e0d500000, 0x00007f784b0a0000)
  eden space 1427968K,   0% used [0x00007f6da0600000, 0x00007f6da0600000, 0x00007f6df7880000)
  from space 178432K,  47% used [0x00007f6df7880000, 0x00007f6dfcb58c10, 0x00007f6e026c0000)
  to   space 178432K,   0% used [0x00007f6e026c0000, 0x00007f6e026c0000, 0x00007f6e0d500000)
 tenured generation   total 3569628K, used 3567836K [0x00007f784b0a0000, 0x00007f7924e97000, 0x00007f8da0600000)
   the space 3569628K,  99% used [0x00007f784b0a0000, 0x00007f7924cd7148, 0x00007f7924cd7200, 0x00007f7924e97000)
 Metaspace       used 24175K, capacity 24576K, committed 24832K, reserved 26624K
}
Event: 381.526 GC heap before
{Heap before GC invocations=1060 (full 5):
 def new generation   total 1606400K, used 1512803K [0x00007f6da0600000, 0x00007f6e0d500000, 0x00007f784b0a0000)
  eden space 1427968K, 100% used [0x00007f6da0600000, 0x00007f6df7880000, 0x00007f6df7880000)
  from space 178432K,  47% used [0x00007f6df7880000, 0x00007f6dfcb58c10, 0x00007f6e026c0000)
  to   space 178432K,   0% used [0x00007f6e026c0000, 0x00007f6e026c0000, 0x00007f6e0d500000)
 tenured generation   total 3569628K, used 3567836K [0x00007f784b0a0000, 0x00007f7924e97000, 0x00007f8da0600000)
   the space 3569628K,  99% used [0x00007f784b0a0000, 0x00007f7924cd7148, 0x00007f7924cd7200, 0x00007f7924e97000)
 Metaspace       used 24175K, capacity 24576K, committed 24832K, reserved 26624K
}
Event: 381.553 GC heap after
{Heap after GC invocations=1061 (full 5):
 def new generation   total 1606400K, used 135657K [0x00007f6da0600000, 0x00007f6e0d500000, 0x00007f784b0a0000)
  eden space 1427968K,   0% used [0x00007f6da0600000, 0x00007f6da0600000, 0x00007f6df7880000)
  from space 178432K,  76% used [0x00007f6e026c0000, 0x00007f6e0ab3a490, 0x00007f6e0d500000)
  to   space 178432K,   0% used [0x00007f6df7880000, 0x00007f6df7880000, 0x00007f6e026c0000)
 tenured generation   total 3569628K, used 3567836K [0x00007f784b0a0000, 0x00007f7924e97000, 0x00007f8da0600000)
   the space 3569628K,  99% used [0x00007f784b0a0000, 0x00007f7924cd7148, 0x00007f7924cd7200, 0x00007f7924e97000)
 Metaspace       used 24175K, capacity 24576K, committed 24832K, reserved 26624K
}
Event: 382.059 GC heap before
{Heap before GC invocations=1061 (full 5):
 def new generation   total 1606400K, used 1563625K [0x00007f6da0600000, 0x00007f6e0d500000, 0x00007f784b0a0000)
  eden space 1427968K, 100% used [0x00007f6da0600000, 0x00007f6df7880000, 0x00007f6df7880000)
  from space 178432K,  76% used [0x00007f6e026c0000, 0x00007f6e0ab3a490, 0x00007f6e0d500000)
  to   space 178432K,   0% used [0x00007f6df7880000, 0x00007f6df7880000, 0x00007f6e026c0000)
 tenured generation   total 3569628K, used 3567836K [0x00007f784b0a0000, 0x00007f7924e97000, 0x00007f8da0600000)
   the space 3569628K,  99% used [0x00007f784b0a0000, 0x00007f7924cd7148, 0x00007f7924cd7200, 0x00007f7924e97000)
 Metaspace       used 24175K, capacity 24576K, committed 24832K, reserved 26624K
}
Event: 382.100 GC heap after
{Heap after GC invocations=1062 (full 5):
 def new generation   total 1606400K, used 84814K [0x00007f6da0600000, 0x00007f6e0d500000, 0x00007f784b0a0000)
  eden space 1427968K,   0% used [0x00007f6da0600000, 0x00007f6da0600000, 0x00007f6df7880000)
  from space 178432K,  47% used [0x00007f6df7880000, 0x00007f6dfcb53be8, 0x00007f6e026c0000)
  to   space 178432K,   0% used [0x00007f6e026c0000, 0x00007f6e026c0000, 0x00007f6e0d500000)
 tenured generation   total 3618792K, used 3618711K [0x00007f784b0a0000, 0x00007f7927e9a000, 0x00007f8da0600000)
   the space 3618792K,  99% used [0x00007f784b0a0000, 0x00007f7927e85ea0, 0x00007f7927e86000, 0x00007f7927e9a000)
 Metaspace       used 24175K, capacity 24576K, committed 24832K, reserved 26624K
}
Event: 382.100 GC heap before
{Heap before GC invocations=1062 (full 5):
 def new generation   total 1606400K, used 84814K [0x00007f6da0600000, 0x00007f6e0d500000, 0x00007f784b0a0000)
  eden space 1427968K,   0% used [0x00007f6da0600000, 0x00007f6da0600000, 0x00007f6df7880000)
  from space 178432K,  47% used [0x00007f6df7880000, 0x00007f6dfcb53be8, 0x00007f6e026c0000)
  to   space 178432K,   0% used [0x00007f6e026c0000, 0x00007f6e026c0000, 0x00007f6e0d500000)
 tenured generation   total 3618792K, used 3618711K [0x00007f784b0a0000, 0x00007f7927e9a000, 0x00007f8da0600000)
   the space 3618792K,  99% used [0x00007f784b0a0000, 0x00007f7927e85ea0, 0x00007f7927e86000, 0x00007f7927e9a000)
 Metaspace       used 24175K, capacity 24576K, committed 24832K, reserved 26624K
}

Deoptimization events (20 events):
Event: 53.160 Thread 0x00007f8db8018000 DEOPT PACKING pc=0x00007f8da138d524 sp=0x00007f8dbd588740
Event: 53.160 Thread 0x00007f8db8018000 DEOPT UNPACKING pc=0x00007f8da07d333a sp=0x00007f8dbd587d68 mode 0
Event: 58.830 Thread 0x00007f8db8018000 DEOPT PACKING pc=0x00007f8da138d524 sp=0x00007f8dbd588740
Event: 58.830 Thread 0x00007f8db8018000 DEOPT UNPACKING pc=0x00007f8da07d333a sp=0x00007f8dbd587d68 mode 0
Event: 64.202 Thread 0x00007f8db8018000 DEOPT PACKING pc=0x00007f8da138d524 sp=0x00007f8dbd588740
Event: 64.202 Thread 0x00007f8db8018000 DEOPT UNPACKING pc=0x00007f8da07d333a sp=0x00007f8dbd587d68 mode 0
Event: 69.730 Thread 0x00007f8db8018000 DEOPT PACKING pc=0x00007f8da138d524 sp=0x00007f8dbd588740
Event: 69.730 Thread 0x00007f8db8018000 DEOPT UNPACKING pc=0x00007f8da07d333a sp=0x00007f8dbd587d68 mode 0
Event: 75.408 Thread 0x00007f8db8018000 DEOPT PACKING pc=0x00007f8da138d524 sp=0x00007f8dbd588740
Event: 75.408 Thread 0x00007f8db8018000 DEOPT UNPACKING pc=0x00007f8da07d333a sp=0x00007f8dbd587d68 mode 0
Event: 81.981 Thread 0x00007f8db8018000 DEOPT PACKING pc=0x00007f8da138d524 sp=0x00007f8dbd588740
Event: 81.981 Thread 0x00007f8db8018000 DEOPT UNPACKING pc=0x00007f8da07d333a sp=0x00007f8dbd587d68 mode 0
Event: 126.058 Thread 0x00007f8db8018000 Uncommon trap: trap_request=0xffffffc6 fr.pc=0x00007f8da83d43b8 relative=0x0000000000000af8
Event: 126.059 Thread 0x00007f8db8018000 Uncommon trap: reason=bimorphic_or_optimized_type_check action=maybe_recompile pc=0x00007f8da83d43b8 method=java.util.HashMap.removeNode(ILjava/lang/Object;Ljava/lang/Object;ZZ)Ljava/util/HashMap$Node; @ 68 c2
Event: 126.059 Thread 0x00007f8db8018000 DEOPT PACKING pc=0x00007f8da83d43b8 sp=0x00007f8dbd588430
Event: 126.059 Thread 0x00007f8db8018000 DEOPT UNPACKING pc=0x00007f8da07d2e25 sp=0x00007f8dbd5883c8 mode 2
Event: 260.309 Thread 0x00007f8db8018000 DEOPT PACKING pc=0x00007f8da107924a sp=0x00007f8dbd588800
Event: 260.309 Thread 0x00007f8db8018000 DEOPT UNPACKING pc=0x00007f8da07d333a sp=0x00007f8dbd587cb8 mode 0
Event: 361.968 Thread 0x00007f8db8018000 DEOPT PACKING pc=0x00007f8da0e94f20 sp=0x00007f8dbd588800
Event: 361.968 Thread 0x00007f8db8018000 DEOPT UNPACKING pc=0x00007f8da07d333a sp=0x00007f8dbd587cb8 mode 0

Classes unloaded (0 events):
No events

Classes redefined (0 events):
No events

Internal exceptions (20 events):
Event: 0.758 Thread 0x00007f8db8018000 Exception <a 'java/lang/NoSuchMethodError'{0x00007f6da0e4b060}: 'java.lang.Object java.lang.invoke.Invokers$Holder.linkToTargetMethod(java.lang.Object, java.lang.Object, java.lang.Object, java.lang.Object, java.lang.Object, java.lang.Object)'> (0x00007f6da0e4b060) 
thrown [src/hotspot/share/interpreter/linkResolver.cpp, line 766]
Event: 0.954 Thread 0x00007f8db8018000 Exception <a 'java/lang/NoSuchMethodError'{0x00007f6da1bf5ba0}: 'java.lang.Object java.lang.invoke.DirectMethodHandle$Holder.invokeVirtual(java.lang.Object, java.lang.Object, java.lang.Object)'> (0x00007f6da1bf5ba0) 
thrown [src/hotspot/share/interpreter/linkResolver.cpp, line 766]
Event: 0.961 Thread 0x00007f8db8018000 Exception <a 'java/lang/NoSuchMethodError'{0x00007f6da1bfe2f8}: 'int java.lang.invoke.DirectMethodHandle$Holder.invokeInterface(java.lang.Object, java.lang.Object)'> (0x00007f6da1bfe2f8) 
thrown [src/hotspot/share/interpreter/linkResolver.cpp, line 766]
Event: 0.979 Thread 0x00007f8db8018000 Exception <a 'java/lang/NoSuchMethodError'{0x00007f6da1c412d0}: 'int java.lang.invoke.DirectMethodHandle$Holder.invokeSpecial(java.lang.Object, java.lang.Object, java.lang.Object, java.lang.Object)'> (0x00007f6da1c412d0) 
thrown [src/hotspot/share/interpreter/linkResolver.cpp, line 766]
Event: 0.981 Thread 0x00007f8db8018000 Exception <a 'java/lang/NoSuchMethodError'{0x00007f6da1c583e0}: 'java.lang.Object java.lang.invoke.DirectMethodHandle$Holder.invokeVirtual(java.lang.Object, java.lang.Object, java.lang.Object, int, int)'> (0x00007f6da1c583e0) 
thrown [src/hotspot/share/interpreter/linkResolver.cpp, line 766]
Event: 0.982 Thread 0x00007f8db8018000 Exception <a 'java/lang/NoSuchMethodError'{0x00007f6da1c60790}: 'java.lang.Object java.lang.invoke.DirectMethodHandle$Holder.invokeVirtual(java.lang.Object, java.lang.Object, int)'> (0x00007f6da1c60790) 
thrown [src/hotspot/share/interpreter/linkResolver.cpp, line 766]
Event: 0.990 Thread 0x00007f8db8018000 Exception <a 'java/lang/NoSuchMethodError'{0x00007f6da1c7ee48}: 'java.lang.Object java.lang.invoke.DirectMethodHandle$Holder.invokeSpecial(java.lang.Object, java.lang.Object, java.lang.Object, int, int)'> (0x00007f6da1c7ee48) 
thrown [src/hotspot/share/interpreter/linkResolver.cpp, line 766]
Event: 1.433 Thread 0x00007f8db8018000 Exception <a 'java/lang/NoSuchMethodError'{0x00007f6da3241010}: 'int java.lang.invoke.DirectMethodHandle$Holder.invokeSpecial(java.lang.Object, java.lang.Object, java.lang.Object, java.lang.Object, java.lang.Object)'> (0x00007f6da3241010) 
thrown [src/hotspot/share/interpreter/linkResolver.cpp, line 766]
Event: 1.546 Thread 0x00007f8db8018000 Exception <a 'java/lang/NoSuchMethodError'{0x00007f6da365fb38}: 'java.lang.Object java.lang.invoke.DirectMethodHandle$Holder.invokeStatic(java.lang.Object, java.lang.Object, int, int)'> (0x00007f6da365fb38) 
thrown [src/hotspot/share/interpreter/linkResolver.cpp, line 766]
Event: 2.018 Thread 0x00007f8db8018000 Exception <a 'java/lang/NoSuchMethodError'{0x00007f6da5c8e0e8}: 'void java.lang.invoke.DirectMethodHandle$Holder.invokeVirtual(java.lang.Object, java.lang.Object)'> (0x00007f6da5c8e0e8) 
thrown [src/hotspot/share/interpreter/linkResolver.cpp, line 766]
Event: 2.211 Thread 0x00007f8db8018000 Exception <a 'java/lang/NoSuchMethodError'{0x00007f6da60146b0}: 'int java.lang.invoke.DirectMethodHandle$Holder.invokeVirtual(java.lang.Object, java.lang.Object, java.lang.Object, java.lang.Object)'> (0x00007f6da60146b0) 
thrown [src/hotspot/share/interpreter/linkResolver.cpp, line 766]
Event: 2.213 Thread 0x00007f8db8018000 Exception <a 'java/lang/NoSuchMethodError'{0x00007f6da60227f8}: 'java.lang.Object java.lang.invoke.DirectMethodHandle$Holder.invokeStatic(java.lang.Object, java.lang.Object, int, java.lang.Object)'> (0x00007f6da60227f8) 
thrown [src/hotspot/share/interpreter/linkResolver.cpp, line 766]
Event: 2.213 Thread 0x00007f8db8018000 Exception <a 'java/lang/NoSuchMethodError'{0x00007f6da602b110}: 'java.lang.Object java.lang.invoke.Invokers$Holder.linkToTargetMethod(java.lang.Object, int, java.lang.Object, java.lang.Object)'> (0x00007f6da602b110) 
thrown [src/hotspot/share/interpreter/linkResolver.cpp, line 766]
Event: 2.955 Thread 0x00007f8db8018000 Exception <a 'java/lang/NoSuchMethodError'{0x00007f6da6df7608}: 'java.lang.Object java.lang.invoke.Invokers$Holder.linkToTargetMethod(java.lang.Object, int, java.lang.Object)'> (0x00007f6da6df7608) 
thrown [src/hotspot/share/interpreter/linkResolver.cpp, line 766]
Event: 2.970 Thread 0x00007f8db8018000 Exception <a 'java/lang/NoSuchMethodError'{0x00007f6da6e34058}: 'java.lang.Object java.lang.invoke.Invokers$Holder.linkToTargetMethod(java.lang.Object, long, java.lang.Object)'> (0x00007f6da6e34058) 
thrown [src/hotspot/share/interpreter/linkResolver.cpp, line 766]
Event: 3.153 Thread 0x00007f8db80a7000 Implicit null exception at 0x00007f8da82a524c to 0x00007f8da82a5300
Event: 3.585 Thread 0x00007f8db8018000 Exception <a 'java/lang/NoSuchMethodError'{0x00007f6dace99528}: 'java.lang.Object java.lang.invoke.Invokers$Holder.invokeExact_MT(java.lang.Object, java.lang.Object, java.lang.Object, java.lang.Object, java.lang.Object, java.lang.Object)'> (0x00007f6dace99528) 
thrown [src/hotspot/share/interpreter/linkResolver.cpp, line 766]
Event: 3.700 Thread 0x00007f8db8018000 Exception <a 'java/lang/NoSuchMethodError'{0x00007f6dae44bdd0}: 'int java.lang.invoke.DirectMethodHandle$Holder.invokeStatic(java.lang.Object, java.lang.Object, int)'> (0x00007f6dae44bdd0) 
thrown [src/hotspot/share/interpreter/linkResolver.cpp, line 766]
Event: 3.796 Thread 0x00007f8db8018000 Exception <a 'java/lang/NoSuchMethodError'{0x00007f6dae6500b8}: 'double java.lang.invoke.DirectMethodHandle$Holder.invokeStatic(java.lang.Object, java.lang.Object)'> (0x00007f6dae6500b8) 
thrown [src/hotspot/share/interpreter/linkResolver.cpp, line 766]
Event: 3.849 Thread 0x00007f8db8018000 Exception <a 'java/lang/NoSuchMethodError'{0x00007f6dae78eb88}: 'int java.lang.invoke.DirectMethodHandle$Holder.invokeStatic(java.lang.Object, java.lang.Object, java.lang.Object, int)'> (0x00007f6dae78eb88) 
thrown [src/hotspot/share/interpreter/linkResolver.cpp, line 766]

Events (20 events):
Event: 376.646 Executing VM operation: GenCollectForAllocation done
Event: 377.124 Executing VM operation: GenCollectForAllocation
Event: 377.143 Executing VM operation: GenCollectForAllocation done
Event: 377.673 Executing VM operation: GenCollectForAllocation
Event: 377.714 Executing VM operation: GenCollectForAllocation done
Event: 378.219 Executing VM operation: GenCollectForAllocation
Event: 378.238 Executing VM operation: GenCollectForAllocation done
Event: 378.785 Executing VM operation: GenCollectForAllocation
Event: 378.874 Executing VM operation: GenCollectForAllocation done
Event: 379.359 Executing VM operation: GenCollectForAllocation
Event: 379.385 Executing VM operation: GenCollectForAllocation done
Event: 379.888 Executing VM operation: GenCollectForAllocation
Event: 379.929 Executing VM operation: GenCollectForAllocation done
Event: 380.413 Executing VM operation: GenCollectForAllocation
Event: 380.433 Executing VM operation: GenCollectForAllocation done
Event: 380.963 Executing VM operation: GenCollectForAllocation
Event: 381.007 Executing VM operation: GenCollectForAllocation done
Event: 381.526 Executing VM operation: GenCollectForAllocation
Event: 381.553 Executing VM operation: GenCollectForAllocation done
Event: 382.059 Executing VM operation: GenCollectForAllocation


Dynamic libraries:
564d75475000-564d75476000 r--p 00000000 07:16 4860                       /usr/lib/jvm/java-13-openjdk-amd64/bin/java
564d75476000-564d75477000 r-xp 00001000 07:16 4860                       /usr/lib/jvm/java-13-openjdk-amd64/bin/java
564d75477000-564d75478000 r--p 00002000 07:16 4860                       /usr/lib/jvm/java-13-openjdk-amd64/bin/java
564d75478000-564d75479000 r--p 00002000 07:16 4860                       /usr/lib/jvm/java-13-openjdk-amd64/bin/java
564d75479000-564d7547a000 rw-p 00003000 07:16 4860                       /usr/lib/jvm/java-13-openjdk-amd64/bin/java
564d7601e000-564d7603f000 rw-p 00000000 00:00 0                          [heap]
7f6d58000000-7f6d58021000 rw-p 00000000 00:00 0 
7f6d58021000-7f6d5c000000 ---p 00000000 00:00 0 
7f6d60000000-7f6d60021000 rw-p 00000000 00:00 0 
7f6d60021000-7f6d64000000 ---p 00000000 00:00 0 
7f6d64000000-7f6d64021000 rw-p 00000000 00:00 0 
7f6d64021000-7f6d68000000 ---p 00000000 00:00 0 
7f6d68000000-7f6d6a2fb000 rw-p 00000000 00:00 0 
7f6d6a2fb000-7f6d6c000000 ---p 00000000 00:00 0 
7f6d6c000000-7f6d6c962000 rw-p 00000000 00:00 0 
7f6d6c962000-7f6d70000000 ---p 00000000 00:00 0 
7f6d70000000-7f6d70021000 rw-p 00000000 00:00 0 
7f6d70021000-7f6d74000000 ---p 00000000 00:00 0 
7f6d74000000-7f6d74021000 rw-p 00000000 00:00 0 
7f6d74021000-7f6d78000000 ---p 00000000 00:00 0 
7f6d78000000-7f6d78021000 rw-p 00000000 00:00 0 
7f6d78021000-7f6d7c000000 ---p 00000000 00:00 0 
7f6d7c000000-7f6d7c021000 rw-p 00000000 00:00 0 
7f6d7c021000-7f6d80000000 ---p 00000000 00:00 0 
7f6d80000000-7f6d80047000 rw-p 00000000 00:00 0 
7f6d80047000-7f6d84000000 ---p 00000000 00:00 0 
7f6d846b2000-7f6d846f2000 rw-p 00000000 00:00 0 
7f6d846f2000-7f6d848b2000 ---p 00000000 00:00 0 
7f6d848b2000-7f6d84ab2000 rw-p 00000000 00:00 0 
7f6d84ab2000-7f6d84cb2000 rw-p 00000000 00:00 0 
7f6d84cb2000-7f6d84eb2000 rw-p 00000000 00:00 0 
7f6d84eb2000-7f6d850b2000 rw-p 00000000 00:00 0 
7f6d850b2000-7f6d85452000 rw-p 00000000 00:00 0 
7f6d85452000-7f6d85652000 rw-p 00000000 00:00 0 
7f6d85652000-7f6d85852000 rw-p 00000000 00:00 0 
7f6d85852000-7f6d85a52000 rw-p 00000000 00:00 0 
7f6d85a52000-7f6d85a53000 ---p 00000000 00:00 0 
7f6d85a53000-7f6d8623b000 rw-p 00000000 00:00 0 
7f6d8623b000-7f6d905ff000 ---p 00000000 00:00 0 
7f6d905ff000-7f6d90967000 rw-p 00000000 00:00 0 
7f6d90967000-7f6d95b54000 ---p 00000000 00:00 0 
7f6d95b54000-7f6d9623c000 rw-p 00000000 00:00 0 
7f6d9623c000-7f6da05ff000 ---p 00000000 00:00 0 
7f6da05ff000-7f6e0d500000 rw-p 00000000 00:00 0 
7f6e0d500000-7f784b0a0000 ---p 00000000 00:00 0 
7f784b0a0000-7f7927e9a000 rw-p 00000000 00:00 0 
7f79bb28c000-7f8da0600000 ---p 00000000 00:00 0 
7f8da0689000-7f8da068d000 ---p 00000000 00:00 0 
7f8da068d000-7f8da078a000 rw-p 00000000 00:00 0 
7f8da078a000-7f8da09fa000 rwxp 00000000 00:00 0 
7f8da09fa000-7f8da0d19000 ---p 00000000 00:00 0 
7f8da0d19000-7f8da1399000 rwxp 00000000 00:00 0 
7f8da1399000-7f8da8251000 ---p 00000000 00:00 0 
7f8da8251000-7f8da84c1000 rwxp 00000000 00:00 0 
7f8da84c1000-7f8daf78a000 ---p 00000000 00:00 0 
7f8daf78a000-7f8db8000000 r--s 00000000 07:16 5215                       /usr/lib/jvm/java-13-openjdk-amd64/lib/modules
7f8db8000000-7f8db86bb000 rw-p 00000000 00:00 0 
7f8db86bb000-7f8dbc000000 ---p 00000000 00:00 0 
7f8dbc077000-7f8dbc0a8000 rw-p 00000000 00:00 0 
7f8dbc0a8000-7f8dbc0ac000 r--p 00000000 07:16 5204                       /usr/lib/jvm/java-13-openjdk-amd64/lib/libnet.so
7f8dbc0ac000-7f8dbc0ba000 r-xp 00004000 07:16 5204                       /usr/lib/jvm/java-13-openjdk-amd64/lib/libnet.so
7f8dbc0ba000-7f8dbc0be000 r--p 00012000 07:16 5204                       /usr/lib/jvm/java-13-openjdk-amd64/lib/libnet.so
7f8dbc0be000-7f8dbc0bf000 r--p 00015000 07:16 5204                       /usr/lib/jvm/java-13-openjdk-amd64/lib/libnet.so
7f8dbc0bf000-7f8dbc0c0000 rw-p 00016000 07:16 5204                       /usr/lib/jvm/java-13-openjdk-amd64/lib/libnet.so
7f8dbc0c0000-7f8dbc0c7000 r--p 00000000 07:16 5205                       /usr/lib/jvm/java-13-openjdk-amd64/lib/libnio.so
7f8dbc0c7000-7f8dbc0d0000 r-xp 00007000 07:16 5205                       /usr/lib/jvm/java-13-openjdk-amd64/lib/libnio.so
7f8dbc0d0000-7f8dbc0d4000 r--p 00010000 07:16 5205                       /usr/lib/jvm/java-13-openjdk-amd64/lib/libnio.so
7f8dbc0d4000-7f8dbc0d5000 r--p 00013000 07:16 5205                       /usr/lib/jvm/java-13-openjdk-amd64/lib/libnio.so
7f8dbc0d5000-7f8dbc0d6000 rw-p 00014000 07:16 5205                       /usr/lib/jvm/java-13-openjdk-amd64/lib/libnio.so
7f8dbc0d6000-7f8dbc0da000 ---p 00000000 00:00 0 
7f8dbc0da000-7f8dbc1d7000 rw-p 00000000 00:00 0 
7f8dbc1d7000-7f8dbc1db000 ---p 00000000 00:00 0 
7f8dbc1db000-7f8dbc2d8000 rw-p 00000000 00:00 0 
7f8dbc2d8000-7f8dbc2dc000 ---p 00000000 00:00 0 
7f8dbc2dc000-7f8dbc3d9000 rw-p 00000000 00:00 0 
7f8dbc3d9000-7f8dbc3dd000 ---p 00000000 00:00 0 
7f8dbc3dd000-7f8dbc4da000 rw-p 00000000 00:00 0 
7f8dbc4da000-7f8dbc4de000 ---p 00000000 00:00 0 
7f8dbc4de000-7f8dbc5db000 rw-p 00000000 00:00 0 
7f8dbc5db000-7f8dbc5e2000 r--s 00000000 07:16 8532                       /usr/lib/x86_64-linux-gnu/gconv/gconv-modules.cache
7f8dbc5e2000-7f8dbc614000 r--p 00000000 07:16 5276                       /usr/lib/locale/C.UTF-8/LC_CTYPE
7f8dbc614000-7f8dbc618000 ---p 00000000 00:00 0 
7f8dbc618000-7f8dbc715000 rw-p 00000000 00:00 0 
7f8dbc715000-7f8dbc719000 ---p 00000000 00:00 0 
7f8dbc719000-7f8dbc816000 rw-p 00000000 00:00 0 
7f8dbc816000-7f8dbc817000 ---p 00000000 00:00 0 
7f8dbc817000-7f8dbd235000 rw-p 00000000 00:00 0 
7f8dbd235000-7f8dbd23a000 rw-p 00000000 00:00 0 
7f8dbd23a000-7f8dbd320000 ---p 00000000 00:00 0 
7f8dbd320000-7f8dbd32d000 rw-p 00000000 00:00 0 
7f8dbd32d000-7f8dbd40b000 ---p 00000000 00:00 0 
7f8dbd40b000-7f8dbd410000 rw-p 00000000 00:00 0 
7f8dbd410000-7f8dbd417000 ---p 00000000 00:00 0 
7f8dbd417000-7f8dbd419000 r--p 00000000 07:16 5214                       /usr/lib/jvm/java-13-openjdk-amd64/lib/libzip.so
7f8dbd419000-7f8dbd41d000 r-xp 00002000 07:16 5214                       /usr/lib/jvm/java-13-openjdk-amd64/lib/libzip.so
7f8dbd41d000-7f8dbd41f000 r--p 00006000 07:16 5214                       /usr/lib/jvm/java-13-openjdk-amd64/lib/libzip.so
7f8dbd41f000-7f8dbd420000 r--p 00007000 07:16 5214                       /usr/lib/jvm/java-13-openjdk-amd64/lib/libzip.so
7f8dbd420000-7f8dbd421000 rw-p 00008000 07:16 5214                       /usr/lib/jvm/java-13-openjdk-amd64/lib/libzip.so
7f8dbd421000-7f8dbd429000 rw-s 00000000 08:03 67831745                   /tmp/hsperfdata_rcabanas/30492
7f8dbd429000-7f8dbd42c000 r--p 00000000 07:16 9108                       /usr/lib/x86_64-linux-gnu/libnss_files-2.31.so
7f8dbd42c000-7f8dbd433000 r-xp 00003000 07:16 9108                       /usr/lib/x86_64-linux-gnu/libnss_files-2.31.so
7f8dbd433000-7f8dbd435000 r--p 0000a000 07:16 9108                       /usr/lib/x86_64-linux-gnu/libnss_files-2.31.so
7f8dbd435000-7f8dbd436000 r--p 0000b000 07:16 9108                       /usr/lib/x86_64-linux-gnu/libnss_files-2.31.so
7f8dbd436000-7f8dbd437000 rw-p 0000c000 07:16 9108                       /usr/lib/x86_64-linux-gnu/libnss_files-2.31.so
7f8dbd437000-7f8dbd43d000 rw-p 00000000 00:00 0 
7f8dbd443000-7f8dbd445000 r--p 00000000 07:16 5195                       /usr/lib/jvm/java-13-openjdk-amd64/lib/libjimage.so
7f8dbd445000-7f8dbd448000 r-xp 00002000 07:16 5195                       /usr/lib/jvm/java-13-openjdk-amd64/lib/libjimage.so
7f8dbd448000-7f8dbd449000 r--p 00005000 07:16 5195                       /usr/lib/jvm/java-13-openjdk-amd64/lib/libjimage.so
7f8dbd449000-7f8dbd44a000 ---p 00006000 07:16 5195                       /usr/lib/jvm/java-13-openjdk-amd64/lib/libjimage.so
7f8dbd44a000-7f8dbd44b000 r--p 00006000 07:16 5195                       /usr/lib/jvm/java-13-openjdk-amd64/lib/libjimage.so
7f8dbd44b000-7f8dbd44c000 rw-p 00007000 07:16 5195                       /usr/lib/jvm/java-13-openjdk-amd64/lib/libjimage.so
7f8dbd44c000-7f8dbd459000 r--p 00000000 07:16 5191                       /usr/lib/jvm/java-13-openjdk-amd64/lib/libjava.so
7f8dbd459000-7f8dbd46e000 r-xp 0000d000 07:16 5191                       /usr/lib/jvm/java-13-openjdk-amd64/lib/libjava.so
7f8dbd46e000-7f8dbd474000 r--p 00022000 07:16 5191                       /usr/lib/jvm/java-13-openjdk-amd64/lib/libjava.so
7f8dbd474000-7f8dbd475000 ---p 00028000 07:16 5191                       /usr/lib/jvm/java-13-openjdk-amd64/lib/libjava.so
7f8dbd475000-7f8dbd476000 r--p 00028000 07:16 5191                       /usr/lib/jvm/java-13-openjdk-amd64/lib/libjava.so
7f8dbd476000-7f8dbd478000 rw-p 00029000 07:16 5191                       /usr/lib/jvm/java-13-openjdk-amd64/lib/libjava.so
7f8dbd478000-7f8dbd47d000 r--p 00000000 07:16 5213                       /usr/lib/jvm/java-13-openjdk-amd64/lib/libverify.so
7f8dbd47d000-7f8dbd484000 r-xp 00005000 07:16 5213                       /usr/lib/jvm/java-13-openjdk-amd64/lib/libverify.so
7f8dbd484000-7f8dbd486000 r--p 0000c000 07:16 5213                       /usr/lib/jvm/java-13-openjdk-amd64/lib/libverify.so
7f8dbd486000-7f8dbd487000 ---p 0000e000 07:16 5213                       /usr/lib/jvm/java-13-openjdk-amd64/lib/libverify.so
7f8dbd487000-7f8dbd489000 r--p 0000e000 07:16 5213                       /usr/lib/jvm/java-13-openjdk-amd64/lib/libverify.so
7f8dbd489000-7f8dbd48a000 rw-p 00010000 07:16 5213                       /usr/lib/jvm/java-13-openjdk-amd64/lib/libverify.so
7f8dbd48a000-7f8dbd48e000 ---p 00000000 00:00 0 
7f8dbd48e000-7f8dbd58b000 rw-p 00000000 00:00 0 
7f8dbd58b000-7f8dbd58e000 r--p 00000000 07:16 8948                       /usr/lib/x86_64-linux-gnu/libgcc_s.so.1
7f8dbd58e000-7f8dbd5a0000 r-xp 00003000 07:16 8948                       /usr/lib/x86_64-linux-gnu/libgcc_s.so.1
7f8dbd5a0000-7f8dbd5a4000 r--p 00015000 07:16 8948                       /usr/lib/x86_64-linux-gnu/libgcc_s.so.1
7f8dbd5a4000-7f8dbd5a5000 r--p 00018000 07:16 8948                       /usr/lib/x86_64-linux-gnu/libgcc_s.so.1
7f8dbd5a5000-7f8dbd5a6000 rw-p 00019000 07:16 8948                       /usr/lib/x86_64-linux-gnu/libgcc_s.so.1
7f8dbd5a6000-7f8dbd5b3000 r--p 00000000 07:16 9062                       /usr/lib/x86_64-linux-gnu/libm-2.31.so
7f8dbd5b3000-7f8dbd65a000 r-xp 0000d000 07:16 9062                       /usr/lib/x86_64-linux-gnu/libm-2.31.so
7f8dbd65a000-7f8dbd6f3000 r--p 000b4000 07:16 9062                       /usr/lib/x86_64-linux-gnu/libm-2.31.so
7f8dbd6f3000-7f8dbd6f4000 r--p 0014c000 07:16 9062                       /usr/lib/x86_64-linux-gnu/libm-2.31.so
7f8dbd6f4000-7f8dbd6f5000 rw-p 0014d000 07:16 9062                       /usr/lib/x86_64-linux-gnu/libm-2.31.so
7f8dbd6f5000-7f8dbd78b000 r--p 00000000 07:16 9213                       /usr/lib/x86_64-linux-gnu/libstdc++.so.6.0.28
7f8dbd78b000-7f8dbd87c000 r-xp 00096000 07:16 9213                       /usr/lib/x86_64-linux-gnu/libstdc++.so.6.0.28
7f8dbd87c000-7f8dbd8c5000 r--p 00187000 07:16 9213                       /usr/lib/x86_64-linux-gnu/libstdc++.so.6.0.28
7f8dbd8c5000-7f8dbd8c6000 ---p 001d0000 07:16 9213                       /usr/lib/x86_64-linux-gnu/libstdc++.so.6.0.28
7f8dbd8c6000-7f8dbd8d1000 r--p 001d0000 07:16 9213                       /usr/lib/x86_64-linux-gnu/libstdc++.so.6.0.28
7f8dbd8d1000-7f8dbd8d4000 rw-p 001db000 07:16 9213                       /usr/lib/x86_64-linux-gnu/libstdc++.so.6.0.28
7f8dbd8d4000-7f8dbd8d7000 rw-p 00000000 00:00 0 
7f8dbd8d7000-7f8dbdb5d000 r--p 00000000 07:16 5226                       /usr/lib/jvm/java-13-openjdk-amd64/lib/server/libjvm.so
7f8dbdb5d000-7f8dbe8da000 r-xp 00286000 07:16 5226                       /usr/lib/jvm/java-13-openjdk-amd64/lib/server/libjvm.so
7f8dbe8da000-7f8dbeb55000 r--p 01003000 07:16 5226                       /usr/lib/jvm/java-13-openjdk-amd64/lib/server/libjvm.so
7f8dbeb55000-7f8dbec1a000 r--p 0127d000 07:16 5226                       /usr/lib/jvm/java-13-openjdk-amd64/lib/server/libjvm.so
7f8dbec1a000-7f8dbec55000 rw-p 01342000 07:16 5226                       /usr/lib/jvm/java-13-openjdk-amd64/lib/server/libjvm.so
7f8dbec55000-7f8dbecdb000 rw-p 00000000 00:00 0 
7f8dbecdb000-7f8dbece1000 r--p 00000000 07:16 9166                       /usr/lib/x86_64-linux-gnu/libpthread-2.31.so
7f8dbece1000-7f8dbecf2000 r-xp 00006000 07:16 9166                       /usr/lib/x86_64-linux-gnu/libpthread-2.31.so
7f8dbecf2000-7f8dbecf8000 r--p 00017000 07:16 9166                       /usr/lib/x86_64-linux-gnu/libpthread-2.31.so
7f8dbecf8000-7f8dbecf9000 r--p 0001c000 07:16 9166                       /usr/lib/x86_64-linux-gnu/libpthread-2.31.so
7f8dbecf9000-7f8dbecfa000 rw-p 0001d000 07:16 9166                       /usr/lib/x86_64-linux-gnu/libpthread-2.31.so
7f8dbecfa000-7f8dbecfe000 rw-p 00000000 00:00 0 
7f8dbecfe000-7f8dbecff000 r--p 00000000 07:16 8893                       /usr/lib/x86_64-linux-gnu/libdl-2.31.so
7f8dbecff000-7f8dbed01000 r-xp 00001000 07:16 8893                       /usr/lib/x86_64-linux-gnu/libdl-2.31.so
7f8dbed01000-7f8dbed02000 r--p 00003000 07:16 8893                       /usr/lib/x86_64-linux-gnu/libdl-2.31.so
7f8dbed02000-7f8dbed03000 r--p 00003000 07:16 8893                       /usr/lib/x86_64-linux-gnu/libdl-2.31.so
7f8dbed03000-7f8dbed04000 rw-p 00004000 07:16 8893                       /usr/lib/x86_64-linux-gnu/libdl-2.31.so
7f8dbed04000-7f8dbed06000 r--p 00000000 07:16 9290                       /usr/lib/x86_64-linux-gnu/libz.so.1.2.11
7f8dbed06000-7f8dbed17000 r-xp 00002000 07:16 9290                       /usr/lib/x86_64-linux-gnu/libz.so.1.2.11
7f8dbed17000-7f8dbed1d000 r--p 00013000 07:16 9290                       /usr/lib/x86_64-linux-gnu/libz.so.1.2.11
7f8dbed1d000-7f8dbed1e000 ---p 00019000 07:16 9290                       /usr/lib/x86_64-linux-gnu/libz.so.1.2.11
7f8dbed1e000-7f8dbed1f000 r--p 00019000 07:16 9290                       /usr/lib/x86_64-linux-gnu/libz.so.1.2.11
7f8dbed1f000-7f8dbed20000 rw-p 0001a000 07:16 9290                       /usr/lib/x86_64-linux-gnu/libz.so.1.2.11
7f8dbed20000-7f8dbed42000 r--p 00000000 07:16 8851                       /usr/lib/x86_64-linux-gnu/libc-2.31.so
7f8dbed42000-7f8dbeeba000 r-xp 00022000 07:16 8851                       /usr/lib/x86_64-linux-gnu/libc-2.31.so
7f8dbeeba000-7f8dbef08000 r--p 0019a000 07:16 8851                       /usr/lib/x86_64-linux-gnu/libc-2.31.so
7f8dbef08000-7f8dbef0c000 r--p 001e7000 07:16 8851                       /usr/lib/x86_64-linux-gnu/libc-2.31.so
7f8dbef0c000-7f8dbef0e000 rw-p 001eb000 07:16 8851                       /usr/lib/x86_64-linux-gnu/libc-2.31.so
7f8dbef0e000-7f8dbef12000 rw-p 00000000 00:00 0 
7f8dbef14000-7f8dbef16000 r--s 0000c000 07:16 20930                      /usr/share/java/java-atk-wrapper.jar
7f8dbef16000-7f8dbef17000 ---p 00000000 00:00 0 
7f8dbef17000-7f8dbef18000 r--p 00000000 00:00 0 
7f8dbef18000-7f8dbef1b000 r--p 00000000 07:16 5196                       /usr/lib/jvm/java-13-openjdk-amd64/lib/libjli.so
7f8dbef1b000-7f8dbef25000 r-xp 00003000 07:16 5196                       /usr/lib/jvm/java-13-openjdk-amd64/lib/libjli.so
7f8dbef25000-7f8dbef28000 r--p 0000d000 07:16 5196                       /usr/lib/jvm/java-13-openjdk-amd64/lib/libjli.so
7f8dbef28000-7f8dbef29000 r--p 0000f000 07:16 5196                       /usr/lib/jvm/java-13-openjdk-amd64/lib/libjli.so
7f8dbef29000-7f8dbef2a000 rw-p 00010000 07:16 5196                       /usr/lib/jvm/java-13-openjdk-amd64/lib/libjli.so
7f8dbef2a000-7f8dbef2c000 rw-p 00000000 00:00 0 
7f8dbef2c000-7f8dbef2d000 r--p 00000000 07:16 8572                       /usr/lib/x86_64-linux-gnu/ld-2.31.so
7f8dbef2d000-7f8dbef50000 r-xp 00001000 07:16 8572                       /usr/lib/x86_64-linux-gnu/ld-2.31.so
7f8dbef50000-7f8dbef58000 r--p 00024000 07:16 8572                       /usr/lib/x86_64-linux-gnu/ld-2.31.so
7f8dbef58000-7f8dbef59000 ---p 00000000 00:00 0 
7f8dbef59000-7f8dbef5a000 r--p 0002c000 07:16 8572                       /usr/lib/x86_64-linux-gnu/ld-2.31.so
7f8dbef5a000-7f8dbef5b000 rw-p 0002d000 07:16 8572                       /usr/lib/x86_64-linux-gnu/ld-2.31.so
7f8dbef5b000-7f8dbef5c000 rw-p 00000000 00:00 0 
7ffdac0c3000-7ffdac0e4000 rw-p 00000000 00:00 0                          [stack]
7ffdac16f000-7ffdac171000 r-xp 00000000 00:00 0                          [vdso]
ffffffffff600000-ffffffffff601000 r-xp 00000000 00:00 0                  [vsyscall]


VM Arguments:
jvm_args: -Xmx128g --add-modules=ALL-DEFAULT 
java_command: jdk.compiler/com.sun.tools.javac.launcher.Main /mnt/beegfs/rcabanas/dev/credici/papers/journalEM/code/LearnAndCalculatePNS.java -w -x 100 -m 500 -sc KL -th 1e-05 -a EMCC --seed 72 --output /mnt/beegfs/rcabanas/dev/credici/papers/journalEM/output/triangolo --cause 3 --effect 0 /mnt/beegfs/rcabanas/dev/credici/papers/journalEM/models/triangolo/triangolo_causal.uai
java_class_path (initial): /mnt/beegfs/rcabanas/dev/credici/target/credici-0.1.3-jar-with-dependencies.jar
Launcher Type: SUN_STANDARD

[Global flags]
     intx CICompilerCount                          = 2                                         {product} {ergonomic}
   size_t InitialHeapSize                          = 2147483648                                {product} {ergonomic}
   size_t MaxHeapSize                              = 137438953472                              {product} {command line}
   size_t MaxNewSize                               = 45812940800                               {product} {ergonomic}
   size_t MinHeapDeltaBytes                        = 196608                                    {product} {ergonomic}
   size_t MinHeapSize                              = 8388608                                   {product} {ergonomic}
   size_t NewSize                                  = 715784192                                 {product} {ergonomic}
    uintx NonNMethodCodeHeapSize                   = 5826188                                {pd product} {ergonomic}
    uintx NonProfiledCodeHeapSize                  = 122916026                              {pd product} {ergonomic}
   size_t OldSize                                  = 1431699456                                {product} {ergonomic}
    uintx ProfiledCodeHeapSize                     = 122916026                              {pd product} {ergonomic}
    uintx ReservedCodeCacheSize                    = 251658240                              {pd product} {ergonomic}
     bool SegmentedCodeCache                       = true                                      {product} {ergonomic}
   size_t SoftMaxHeapSize                          = 137438953472                           {manageable} {ergonomic}
     bool UseSerialGC                              = true                                      {product} {ergonomic}

Logging:
Log output configuration:
 #0: stdout all=warning uptime,level,tags
 #1: stderr all=off uptime,level,tags

Environment Variables:
PATH=/usr/local/sbin:/usr/local/bin:/usr/sbin:/usr/bin:/sbin:/bin
LD_LIBRARY_PATH=/.singularity.d/libs

Signal Handlers:
SIGSEGV: [libjvm.so+0xf8fcf0], sa_mask[0]=11111111011111111101111111111110, sa_flags=SA_RESTART|SA_SIGINFO
SIGBUS: [libjvm.so+0xf8fcf0], sa_mask[0]=11111111011111111101111111111110, sa_flags=SA_RESTART|SA_SIGINFO
SIGFPE: [libjvm.so+0xf8fcf0], sa_mask[0]=11111111011111111101111111111110, sa_flags=SA_RESTART|SA_SIGINFO
SIGPIPE: [libjvm.so+0xc3ffa0], sa_mask[0]=11111111011111111101111111111110, sa_flags=SA_RESTART|SA_SIGINFO
SIGXFSZ: [libjvm.so+0xc3ffa0], sa_mask[0]=11111111011111111101111111111110, sa_flags=SA_RESTART|SA_SIGINFO
SIGILL: [libjvm.so+0xf8fcf0], sa_mask[0]=11111111011111111101111111111110, sa_flags=SA_RESTART|SA_SIGINFO
SIGUSR2: [libjvm.so+0xc3fe40], sa_mask[0]=00000000000000000000000000000000, sa_flags=SA_RESTART|SA_SIGINFO
SIGHUP: [libjvm.so+0xc40580], sa_mask[0]=11111111011111111101111111111110, sa_flags=SA_RESTART|SA_SIGINFO
SIGINT: [libjvm.so+0xc40580], sa_mask[0]=11111111011111111101111111111110, sa_flags=SA_RESTART|SA_SIGINFO
SIGTERM: [libjvm.so+0xc40580], sa_mask[0]=11111111011111111101111111111110, sa_flags=SA_RESTART|SA_SIGINFO
SIGQUIT: [libjvm.so+0xc40580], sa_mask[0]=11111111011111111101111111111110, sa_flags=SA_RESTART|SA_SIGINFO


---------------  S Y S T E M  ---------------

OS:DISTRIB_ID=Ubuntu
DISTRIB_RELEASE=20.04
DISTRIB_CODENAME=focal
DISTRIB_DESCRIPTION="Ubuntu 20.04.4 LTS"
uname:Linux 3.10.0-1160.15.2.el7.x86_64 #1 SMP Wed Feb 3 15:06:38 UTC 2021 x86_64
OS uptime: 480 days 1:45 hours
libc:glibc 2.31 NPTL 2.31 
rlimit (soft/hard): STACK 8192k/infinity , CORE 0k/infinity , NPROC 4096/1030217 , NOFILE 131072/131072 , AS infinity/infinity , CPU infinity/infinity , DATA infinity/infinity , FSIZE infinity/infinity , MEMLOCK infinity/infinity
load average:26.67 26.64 26.61

/proc/meminfo:
MemTotal:       263895364 kB
MemFree:         1177304 kB
MemAvailable:    1154688 kB
Buffers:          170244 kB
Cached:           906960 kB
SwapCached:         7444 kB
Active:         247767408 kB
Inactive:        5628784 kB
Active(anon):   247581500 kB
Inactive(anon):  5161928 kB
Active(file):     185908 kB
Inactive(file):   466856 kB
Unevictable:       19492 kB
Mlocked:           19492 kB
SwapTotal:       4194300 kB
SwapFree:           2924 kB
Dirty:               468 kB
Writeback:             0 kB
AnonPages:      252335680 kB
Mapped:           190528 kB
Shmem:            420900 kB
Slab:             751260 kB
SReclaimable:     190196 kB
SUnreclaim:       561064 kB
KernelStack:       25760 kB
PageTables:       514788 kB
NFS_Unstable:          0 kB
Bounce:                0 kB
WritebackTmp:          0 kB
CommitLimit:    136141980 kB
Committed_AS:   317920928 kB
VmallocTotal:   34359738367 kB
VmallocUsed:      877772 kB
VmallocChunk:   34222376464 kB
Percpu:            28928 kB
HardwareCorrupted:     0 kB
AnonHugePages:  49416192 kB
CmaTotal:              0 kB
CmaFree:               0 kB
HugePages_Total:       0
HugePages_Free:        0
HugePages_Rsvd:        0
HugePages_Surp:        0
Hugepagesize:       2048 kB
DirectMap4k:      644712 kB
DirectMap2M:    18092032 kB
DirectMap1G:    249561088 kB

/sys/kernel/mm/transparent_hugepage/enabled:
[always] madvise never

/sys/kernel/mm/transparent_hugepage/defrag (defrag/compaction efforts parameter):
[always] madvise never


/proc/sys/kernel/threads-max (system-wide limit on the number of threads):
2060435


/proc/sys/vm/max_map_count (maximum number of memory map areas a process may have):
65530


/proc/sys/kernel/pid_max (system-wide limit on number of process identifiers):
65536



Steal ticks since vm start: 0
Steal ticks percentage since vm start:  0.000

CPU:total 64 (initial active 1) (32 cores per cpu, 1 threads per core) family 23 model 49 stepping 0, cmov, cx8, fxsr, mmx, sse, sse2, sse3, ssse3, sse4.1, sse4.2, popcnt, avx, avx2, aes, clmul, mmxext, 3dnowpref, lzcnt, sse4a, tsc, tscinvbit, tscinv, bmi1, bmi2, adx, sha, fma
CPU Model and flags from /proc/cpuinfo:
model name	: AMD EPYC 7542 32-Core Processor
flags		: fpu vme de pse tsc msr pae mce cx8 apic sep mtrr pge mca cmov pat pse36 clflush mmx fxsr sse sse2 ht syscall nx mmxext fxsr_opt pdpe1gb rdtscp lm constant_tsc art rep_good nopl nonstop_tsc extd_apicid aperfmperf eagerfpu pni pclmulqdq monitor ssse3 fma cx16 sse4_1 sse4_2 movbe popcnt aes xsave avx f16c rdrand lahf_lm cmp_legacy svm extapic cr8_legacy abm sse4a misalignsse 3dnowprefetch osvw ibs skinit wdt tce topoext perfctr_core perfctr_nb bpext perfctr_l2 cpb cat_l3 cdp_l3 hw_pstate sme retpoline_amd ssbd ibrs ibpb stibp vmmcall fsgsbase bmi1 avx2 smep bmi2 cqm rdt_a rdseed adx smap clflushopt clwb sha_ni xsaveopt xsavec xgetbv1 cqm_llc cqm_occup_llc cqm_mbm_total cqm_mbm_local clzero irperf xsaveerptr arat npt lbrv svm_lock nrip_save tsc_scale vmcb_clean flushbyasid decodeassists pausefilter pfthreshold avic v_vmsave_vmload vgif umip overflow_recov succor smca
Online cpus:0-63
Offline cpus:
BIOS frequency limitation:2900000
Frequency switch latency (ns):0
Available cpu frequencies:2900000 2400000 1500000 
Current governor:conservative
Core performance/turbo boost:1

Memory: 4k page, physical 263895364k(1177304k free), swap 4194300k(2924k free)

vm_info: OpenJDK 64-Bit Server VM (13.0.7+5-Ubuntu-0ubuntu120.04) for linux-amd64 JRE (13.0.7+5-Ubuntu-0ubuntu120.04), built on Apr 21 2021 05:36:19 by "unknown" with gcc 9.3.0

END.
