#
# There is insufficient memory for the Java Runtime Environment to continue.
# Native memory allocation (mmap) failed to map 2654674944 bytes for committing reserved memory.
# Possible reasons:
#   The system is out of physical RAM or swap space
# Possible solutions:
#   Reduce memory load on the system
#   Increase physical memory or swap space
#   Check if swap backing store is full
#   Decrease Java heap size (-Xmx/-Xms)
#   Decrease number of Java threads
#   Decrease Java thread stack sizes (-Xss)
#   Set larger code cache with -XX:ReservedCodeCacheSize=
# This output file may be truncated or incomplete.
#
#  Out of Memory Error (os_linux.cpp:2899), pid=20592, tid=20594
#
# JRE version: OpenJDK Runtime Environment (13.0.7+5) (build 13.0.7+5-Ubuntu-0ubuntu120.04)
# Java VM: OpenJDK 64-Bit Server VM (13.0.7+5-Ubuntu-0ubuntu120.04, mixed mode, tiered, serial gc, linux-amd64)
# No core dump will be written. Core dumps have been disabled. To enable core dumping, try "ulimit -c unlimited" before starting Java again
#

---------------  S U M M A R Y ------------

Command Line: -Xmx64g --add-modules=ALL-DEFAULT jdk.compiler/com.sun.tools.javac.launcher.Main /mnt/beegfs/rcabanas/dev/credici/papers/journalEM/code/LearnAndCalculatePNS.java -w -x 1000 -m 500 -sc KL -th 1e-07 -a EMCC --seed 0 --output /mnt/beegfs/rcabanas/dev/credici/papers/journalEM/output/synthetic/s12 /mnt/beegfs/rcabanas/dev/credici/papers/journalEM/models/synthetic/s12/random_mc2_n6_mid3_d1000_05_mr098_r10_94.uai

Host: AMD EPYC 7542 32-Core Processor, 64 cores, 251G, Ubuntu 20.04.4 LTS
Time: Tue Nov 22 11:24:57 2022 CET elapsed time: 1138.849888 seconds (0d 0h 18m 58s)

---------------  T H R E A D  ---------------

Current thread (0x00007f815c097800):  VMThread "VM Thread" [stack: 0x00007f8160b9a000,0x00007f8160c9a000] [id=20594]

Stack: [0x00007f8160b9a000,0x00007f8160c9a000],  sp=0x00007f8160c98160,  free space=1016k
Native frames: (J=compiled Java code, A=aot compiled Java code, j=interpreted, Vv=VM code, C=native code)
V  [libjvm.so+0xf8f092]
V  [libjvm.so+0xf8fc91]
V  [libjvm.so+0x66ee5a]
V  [libjvm.so+0xc44a41]
V  [libjvm.so+0xc3b263]
V  [libjvm.so+0xf87f4b]
V  [libjvm.so+0x557506]
V  [libjvm.so+0x557723]
V  [libjvm.so+0xf18b0c]
V  [libjvm.so+0x557e65]
V  [libjvm.so+0x7e2edb]
V  [libjvm.so+0x7e39bd]
V  [libjvm.so+0x7d8b48]
V  [libjvm.so+0xf90940]
V  [libjvm.so+0xf96657]
V  [libjvm.so+0xf96d2b]
V  [libjvm.so+0xf9706a]
V  [libjvm.so+0xf2208f]
V  [libjvm.so+0xc493ff]

VM_Operation (0x00007f816190a370): GenCollectForAllocation, mode: safepoint, requested by thread 0x00007f815c018000


---------------  P R O C E S S  ---------------

Threads class SMR info:
_java_thread_list=0x00007f815c1363f0, length=9, elements={
0x00007f815c018000, 0x00007f815c0a3800, 0x00007f815c0a7000, 0x00007f815c0cb800,
0x00007f815c0cd000, 0x00007f815c0cf000, 0x00007f815c0d1000, 0x00007f815c0d3000,
0x00007f815c135000
}

Java Threads: ( => current thread )
  0x00007f815c018000 JavaThread "main" [_thread_blocked, id=20593, stack(0x00007f816180c000,0x00007f816190d000)]
  0x00007f815c0a3800 JavaThread "Reference Handler" daemon [_thread_blocked, id=20595, stack(0x00007f8160a97000,0x00007f8160b98000)]
  0x00007f815c0a7000 JavaThread "Finalizer" daemon [_thread_blocked, id=20596, stack(0x00007f8160996000,0x00007f8160a97000)]
  0x00007f815c0cb800 JavaThread "Signal Dispatcher" daemon [_thread_blocked, id=20597, stack(0x00007f816085c000,0x00007f816095d000)]
  0x00007f815c0cd000 JavaThread "Service Thread" daemon [_thread_blocked, id=20598, stack(0x00007f816075b000,0x00007f816085c000)]
  0x00007f815c0cf000 JavaThread "C2 CompilerThread0" daemon [_thread_blocked, id=20599, stack(0x00007f816065a000,0x00007f816075b000)]
  0x00007f815c0d1000 JavaThread "C1 CompilerThread0" daemon [_thread_blocked, id=20600, stack(0x00007f8160559000,0x00007f816065a000)]
  0x00007f815c0d3000 JavaThread "Sweeper thread" daemon [_thread_blocked, id=20601, stack(0x00007f8160458000,0x00007f8160559000)]
  0x00007f815c135000 JavaThread "Common-Cleaner" daemon [_thread_blocked, id=20602, stack(0x00007f8160357000,0x00007f8160458000)]

Other Threads:
=>0x00007f815c097800 VMThread "VM Thread" [stack: 0x00007f8160b9a000,0x00007f8160c9a000] [id=20594]
  0x00007f815c181800 WatcherThread [stack: 0x00007f8160257000,0x00007f8160357000] [id=20603]

Threads with active compile tasks:

VM state:at safepoint (normal execution)

VM Mutex/Monitor currently owned by a thread:  ([mutex/lock_event])
[0x00007f815c0141e0] Threads_lock - owner thread: 0x00007f815c097800
[0x00007f815c014de0] Heap_lock - owner thread: 0x00007f815c018000

Heap:
 def new generation   total 1749312K, used 63547K [0x00007f7144600000, 0x00007f71bb010000, 0x00007f7699b50000)
  eden space 1555008K,   4% used [0x00007f7144600000, 0x00007f714840ed70, 0x00007f71a3490000)
  from space 194304K,   0% used [0x00007f71a3490000, 0x00007f71a3490000, 0x00007f71af250000)
  to   space 194304K,   0% used [0x00007f71af250000, 0x00007f71af250000, 0x00007f71bb010000)
 tenured generation   total 3888680K, used 3888679K [0x00007f7699b50000, 0x00007f77870da000, 0x00007f8144600000)
   the space 3888680K,  99% used [0x00007f7699b50000, 0x00007f77870d9ff0, 0x00007f77870da000, 0x00007f77870da000)
 Metaspace       used 24247K, capacity 24645K, committed 24832K, reserved 26624K

Card table byte_map: [0x00007f713c5ff000,0x00007f7144600000] _byte_map_base: 0x00007f3183bdc000

Polling page: 0x00007f8163298000

Metaspace:

Usage:
   24.07 MB capacity,    23.68 MB ( 98%) used,   306.88 KB (  1%) free+waste,    90.94 KB ( <1%) overhead. 

Virtual space:
     26.00 MB reserved,      24.25 MB ( 93%) committed 

Chunk freelists:
87.00 KB

MaxMetaspaceSize: unlimited


CodeHeap 'non-profiled nmethods': size=120036Kb used=2357Kb max_used=2472Kb free=117678Kb
 bounds [0x00007f814c251000, 0x00007f814c4c1000, 0x00007f815378a000]
CodeHeap 'profiled nmethods': size=120032Kb used=4941Kb max_used=7129Kb free=115090Kb
 bounds [0x00007f8144d19000, 0x00007f8145419000, 0x00007f814c251000]
CodeHeap 'non-nmethods': size=5692Kb used=1209Kb max_used=1267Kb free=4482Kb
 bounds [0x00007f814478a000, 0x00007f81449fa000, 0x00007f8144d19000]
 total_blobs=3567 nmethods=3086 adapters=396
 compilation: enabled
              stopped_count=0, restarted_count=0
 full_count=0

Compilation events (20 events):
Event: 578.054 Thread 0x00007f815c0cf000 4085       4       java.util.Spliterators::spliterator (25 bytes)
Event: 578.056 Thread 0x00007f815c0cf000 nmethod 4085 0x00007f814c264c90 code [0x00007f814c264e00, 0x00007f814c264f58]
Event: 756.691 Thread 0x00007f815c0d1000 4086       3       org.jgrapht.graph.SimpleGraph::<init> (32 bytes)
Event: 756.692 Thread 0x00007f815c0d1000 nmethod 4086 0x00007f8144f22410 code [0x00007f8144f22600, 0x00007f8144f22b40]
Event: 758.244 Thread 0x00007f815c0d1000 4087       3       ch.idsia.crema.factor.bayesian.BayesianFactor::randomModel (104 bytes)
Event: 758.246 Thread 0x00007f815c0d1000 nmethod 4087 0x00007f814526ec10 code [0x00007f814526eea0, 0x00007f814526fc70]
Event: 758.246 Thread 0x00007f815c0d1000 4088       3       ch.idsia.credici.learning.FrequentistCausalEM::<init> (116 bytes)
Event: 758.249 Thread 0x00007f815c0d1000 nmethod 4088 0x00007f8144ee1510 code [0x00007f8144ee18e0, 0x00007f8144ee3700]
Event: 758.249 Thread 0x00007f815c0d1000 4089       3       ch.idsia.crema.learning.ExpectationMaximization::<init> (40 bytes)
Event: 758.249 Thread 0x00007f815c0d1000 nmethod 4089 0x00007f8144d49a10 code [0x00007f8144d49ba0, 0x00007f8144d49d30]
Event: 758.249 Thread 0x00007f815c0d1000 4090       3       ch.idsia.credici.learning.FrequentistCausalEM::setTrainableVars (80 bytes)
Event: 758.249 Thread 0x00007f815c0d1000 nmethod 4090 0x00007f8144e6eb90 code [0x00007f8144e6eda0, 0x00007f8144e6f3c0]
Event: 784.866 Thread 0x00007f815c0d1000 4091       3       gnu.trove.impl.hash.TIntHash::insertKeyRehash (147 bytes)
Event: 784.867 Thread 0x00007f815c0d1000 nmethod 4091 0x00007f8144d66010 code [0x00007f8144d66220, 0x00007f8144d66ae0]
Event: 809.399 Thread 0x00007f815c0cf000 4092       4       ch.idsia.credici.model.tools.CausalInfo::isExogenous (40 bytes)
Event: 809.417 Thread 0x00007f815c0cf000 nmethod 4092 0x00007f814c2f0e90 code [0x00007f814c2f1020, 0x00007f814c2f1338]
Event: 1097.997 Thread 0x00007f815c0cf000 4093   !   4       java.util.ArrayList$Itr::remove (68 bytes)
Event: 1098.001 Thread 0x00007f815c0cf000 nmethod 4093 0x00007f814c2e0190 code [0x00007f814c2e0320, 0x00007f814c2e0598]
Event: 1099.749 Thread 0x00007f815c0cf000 4094       4       ch.idsia.credici.model.tools.CausalInfo$$Lambda$311/0x00007f71361cd458::test (9 bytes)
Event: 1099.754 Thread 0x00007f815c0cf000 nmethod 4094 0x00007f814c33a190 code [0x00007f814c33a340, 0x00007f814c33a658]

GC Heap History (20 events):
Event: 1113.440 GC heap after
{Heap after GC invocations=1527 (full 3):
 def new generation   total 1749312K, used 68658K [0x00007f7144600000, 0x00007f71bb010000, 0x00007f7699b50000)
  eden space 1555008K,   0% used [0x00007f7144600000, 0x00007f7144600000, 0x00007f71a3490000)
  from space 194304K,  35% used [0x00007f71af250000, 0x00007f71b355caf8, 0x00007f71bb010000)
  to   space 194304K,   0% used [0x00007f71a3490000, 0x00007f71a3490000, 0x00007f71af250000)
 tenured generation   total 3887144K, used 3847233K [0x00007f7699b50000, 0x00007f7786f5a000, 0x00007f8144600000)
   the space 3887144K,  98% used [0x00007f7699b50000, 0x00007f7784860520, 0x00007f7784860600, 0x00007f7786f5a000)
 Metaspace       used 24247K, capacity 24645K, committed 24832K, reserved 26624K
}
Event: 1114.420 GC heap before
{Heap before GC invocations=1527 (full 3):
 def new generation   total 1749312K, used 1623666K [0x00007f7144600000, 0x00007f71bb010000, 0x00007f7699b50000)
  eden space 1555008K, 100% used [0x00007f7144600000, 0x00007f71a3490000, 0x00007f71a3490000)
  from space 194304K,  35% used [0x00007f71af250000, 0x00007f71b355caf8, 0x00007f71bb010000)
  to   space 194304K,   0% used [0x00007f71a3490000, 0x00007f71a3490000, 0x00007f71af250000)
 tenured generation   total 3887144K, used 3847233K [0x00007f7699b50000, 0x00007f7786f5a000, 0x00007f8144600000)
   the space 3887144K,  98% used [0x00007f7699b50000, 0x00007f7784860520, 0x00007f7784860600, 0x00007f7786f5a000)
 Metaspace       used 24247K, capacity 24645K, committed 24832K, reserved 26624K
}
Event: 1114.566 GC heap after
{Heap after GC invocations=1528 (full 3):
 def new generation   total 1749312K, used 69708K [0x00007f7144600000, 0x00007f71bb010000, 0x00007f7699b50000)
  eden space 1555008K,   0% used [0x00007f7144600000, 0x00007f7144600000, 0x00007f71a3490000)
  from space 194304K,  35% used [0x00007f71a3490000, 0x00007f71a78a3118, 0x00007f71af250000)
  to   space 194304K,   0% used [0x00007f71af250000, 0x00007f71af250000, 0x00007f71bb010000)
 tenured generation   total 3887144K, used 3851412K [0x00007f7699b50000, 0x00007f7786f5a000, 0x00007f8144600000)
   the space 3887144K,  99% used [0x00007f7699b50000, 0x00007f7784c75180, 0x00007f7784c75200, 0x00007f7786f5a000)
 Metaspace       used 24247K, capacity 24645K, committed 24832K, reserved 26624K
}
Event: 1115.573 GC heap before
{Heap before GC invocations=1528 (full 3):
 def new generation   total 1749312K, used 1624716K [0x00007f7144600000, 0x00007f71bb010000, 0x00007f7699b50000)
  eden space 1555008K, 100% used [0x00007f7144600000, 0x00007f71a3490000, 0x00007f71a3490000)
  from space 194304K,  35% used [0x00007f71a3490000, 0x00007f71a78a3118, 0x00007f71af250000)
  to   space 194304K,   0% used [0x00007f71af250000, 0x00007f71af250000, 0x00007f71bb010000)
 tenured generation   total 3887144K, used 3851412K [0x00007f7699b50000, 0x00007f7786f5a000, 0x00007f8144600000)
   the space 3887144K,  99% used [0x00007f7699b50000, 0x00007f7784c75180, 0x00007f7784c75200, 0x00007f7786f5a000)
 Metaspace       used 24247K, capacity 24645K, committed 24832K, reserved 26624K
}
Event: 1115.704 GC heap after
{Heap after GC invocations=1529 (full 3):
 def new generation   total 1749312K, used 69916K [0x00007f7144600000, 0x00007f71bb010000, 0x00007f7699b50000)
  eden space 1555008K,   0% used [0x00007f7144600000, 0x00007f7144600000, 0x00007f71a3490000)
  from space 194304K,  35% used [0x00007f71af250000, 0x00007f71b3697080, 0x00007f71bb010000)
  to   space 194304K,   0% used [0x00007f71a3490000, 0x00007f71a3490000, 0x00007f71af250000)
 tenured generation   total 3887144K, used 3855537K [0x00007f7699b50000, 0x00007f7786f5a000, 0x00007f8144600000)
   the space 3887144K,  99% used [0x00007f7699b50000, 0x00007f778507c588, 0x00007f778507c600, 0x00007f7786f5a000)
 Metaspace       used 24247K, capacity 24645K, committed 24832K, reserved 26624K
}
Event: 1116.665 GC heap before
{Heap before GC invocations=1529 (full 3):
 def new generation   total 1749312K, used 1624924K [0x00007f7144600000, 0x00007f71bb010000, 0x00007f7699b50000)
  eden space 1555008K, 100% used [0x00007f7144600000, 0x00007f71a3490000, 0x00007f71a3490000)
  from space 194304K,  35% used [0x00007f71af250000, 0x00007f71b3697080, 0x00007f71bb010000)
  to   space 194304K,   0% used [0x00007f71a3490000, 0x00007f71a3490000, 0x00007f71af250000)
 tenured generation   total 3887144K, used 3855537K [0x00007f7699b50000, 0x00007f7786f5a000, 0x00007f8144600000)
   the space 3887144K,  99% used [0x00007f7699b50000, 0x00007f778507c588, 0x00007f778507c600, 0x00007f7786f5a000)
 Metaspace       used 24247K, capacity 24645K, committed 24832K, reserved 26624K
}
Event: 1116.806 GC heap after
{Heap after GC invocations=1530 (full 3):
 def new generation   total 1749312K, used 68181K [0x00007f7144600000, 0x00007f71bb010000, 0x00007f7699b50000)
  eden space 1555008K,   0% used [0x00007f7144600000, 0x00007f7144600000, 0x00007f71a3490000)
  from space 194304K,  35% used [0x00007f71a3490000, 0x00007f71a7725430, 0x00007f71af250000)
  to   space 194304K,   0% used [0x00007f71af250000, 0x00007f71af250000, 0x00007f71bb010000)
 tenured generation   total 3887144K, used 3861414K [0x00007f7699b50000, 0x00007f7786f5a000, 0x00007f8144600000)
   the space 3887144K,  99% used [0x00007f7699b50000, 0x00007f77856398a8, 0x00007f7785639a00, 0x00007f7786f5a000)
 Metaspace       used 24247K, capacity 24645K, committed 24832K, reserved 26624K
}
Event: 1117.762 GC heap before
{Heap before GC invocations=1530 (full 3):
 def new generation   total 1749312K, used 1623189K [0x00007f7144600000, 0x00007f71bb010000, 0x00007f7699b50000)
  eden space 1555008K, 100% used [0x00007f7144600000, 0x00007f71a3490000, 0x00007f71a3490000)
  from space 194304K,  35% used [0x00007f71a3490000, 0x00007f71a7725430, 0x00007f71af250000)
  to   space 194304K,   0% used [0x00007f71af250000, 0x00007f71af250000, 0x00007f71bb010000)
 tenured generation   total 3887144K, used 3861414K [0x00007f7699b50000, 0x00007f7786f5a000, 0x00007f8144600000)
   the space 3887144K,  99% used [0x00007f7699b50000, 0x00007f77856398a8, 0x00007f7785639a00, 0x00007f7786f5a000)
 Metaspace       used 24247K, capacity 24645K, committed 24832K, reserved 26624K
}
Event: 1117.905 GC heap after
{Heap after GC invocations=1531 (full 3):
 def new generation   total 1749312K, used 69972K [0x00007f7144600000, 0x00007f71bb010000, 0x00007f7699b50000)
  eden space 1555008K,   0% used [0x00007f7144600000, 0x00007f7144600000, 0x00007f71a3490000)
  from space 194304K,  36% used [0x00007f71af250000, 0x00007f71b36a5118, 0x00007f71bb010000)
  to   space 194304K,   0% used [0x00007f71a3490000, 0x00007f71a3490000, 0x00007f71af250000)
 tenured generation   total 3887144K, used 3865562K [0x00007f7699b50000, 0x00007f7786f5a000, 0x00007f8144600000)
   the space 3887144K,  99% used [0x00007f7699b50000, 0x00007f7785a46b08, 0x00007f7785a46c00, 0x00007f7786f5a000)
 Metaspace       used 24247K, capacity 24645K, committed 24832K, reserved 26624K
}
Event: 1118.945 GC heap before
{Heap before GC invocations=1531 (full 3):
 def new generation   total 1749312K, used 1624980K [0x00007f7144600000, 0x00007f71bb010000, 0x00007f7699b50000)
  eden space 1555008K, 100% used [0x00007f7144600000, 0x00007f71a3490000, 0x00007f71a3490000)
  from space 194304K,  36% used [0x00007f71af250000, 0x00007f71b36a5118, 0x00007f71bb010000)
  to   space 194304K,   0% used [0x00007f71a3490000, 0x00007f71a3490000, 0x00007f71af250000)
 tenured generation   total 3887144K, used 3865562K [0x00007f7699b50000, 0x00007f7786f5a000, 0x00007f8144600000)
   the space 3887144K,  99% used [0x00007f7699b50000, 0x00007f7785a46b08, 0x00007f7785a46c00, 0x00007f7786f5a000)
 Metaspace       used 24247K, capacity 24645K, committed 24832K, reserved 26624K
}
Event: 1119.077 GC heap after
{Heap after GC invocations=1532 (full 3):
 def new generation   total 1749312K, used 70160K [0x00007f7144600000, 0x00007f71bb010000, 0x00007f7699b50000)
  eden space 1555008K,   0% used [0x00007f7144600000, 0x00007f7144600000, 0x00007f71a3490000)
  from space 194304K,  36% used [0x00007f71a3490000, 0x00007f71a7914310, 0x00007f71af250000)
  to   space 194304K,   0% used [0x00007f71af250000, 0x00007f71af250000, 0x00007f71bb010000)
 tenured generation   total 3887144K, used 3869596K [0x00007f7699b50000, 0x00007f7786f5a000, 0x00007f8144600000)
   the space 3887144K,  99% used [0x00007f7699b50000, 0x00007f7785e37358, 0x00007f7785e37400, 0x00007f7786f5a000)
 Metaspace       used 24247K, capacity 24645K, committed 24832K, reserved 26624K
}
Event: 1120.194 GC heap before
{Heap before GC invocations=1532 (full 3):
 def new generation   total 1749312K, used 1625168K [0x00007f7144600000, 0x00007f71bb010000, 0x00007f7699b50000)
  eden space 1555008K, 100% used [0x00007f7144600000, 0x00007f71a3490000, 0x00007f71a3490000)
  from space 194304K,  36% used [0x00007f71a3490000, 0x00007f71a7914310, 0x00007f71af250000)
  to   space 194304K,   0% used [0x00007f71af250000, 0x00007f71af250000, 0x00007f71bb010000)
 tenured generation   total 3887144K, used 3869596K [0x00007f7699b50000, 0x00007f7786f5a000, 0x00007f8144600000)
   the space 3887144K,  99% used [0x00007f7699b50000, 0x00007f7785e37358, 0x00007f7785e37400, 0x00007f7786f5a000)
 Metaspace       used 24247K, capacity 24645K, committed 24832K, reserved 26624K
}
Event: 1120.342 GC heap after
{Heap after GC invocations=1533 (full 3):
 def new generation   total 1749312K, used 68674K [0x00007f7144600000, 0x00007f71bb010000, 0x00007f7699b50000)
  eden space 1555008K,   0% used [0x00007f7144600000, 0x00007f7144600000, 0x00007f71a3490000)
  from space 194304K,  35% used [0x00007f71af250000, 0x00007f71b3560bc8, 0x00007f71bb010000)
  to   space 194304K,   0% used [0x00007f71a3490000, 0x00007f71a3490000, 0x00007f71af250000)
 tenured generation   total 3887144K, used 3875031K [0x00007f7699b50000, 0x00007f7786f5a000, 0x00007f8144600000)
   the space 3887144K,  99% used [0x00007f7699b50000, 0x00007f7786385f78, 0x00007f7786386000, 0x00007f7786f5a000)
 Metaspace       used 24247K, capacity 24645K, committed 24832K, reserved 26624K
}
Event: 1121.318 GC heap before
{Heap before GC invocations=1533 (full 3):
 def new generation   total 1749312K, used 1623682K [0x00007f7144600000, 0x00007f71bb010000, 0x00007f7699b50000)
  eden space 1555008K, 100% used [0x00007f7144600000, 0x00007f71a3490000, 0x00007f71a3490000)
  from space 194304K,  35% used [0x00007f71af250000, 0x00007f71b3560bc8, 0x00007f71bb010000)
  to   space 194304K,   0% used [0x00007f71a3490000, 0x00007f71a3490000, 0x00007f71af250000)
 tenured generation   total 3887144K, used 3875031K [0x00007f7699b50000, 0x00007f7786f5a000, 0x00007f8144600000)
   the space 3887144K,  99% used [0x00007f7699b50000, 0x00007f7786385f78, 0x00007f7786386000, 0x00007f7786f5a000)
 Metaspace       used 24247K, capacity 24645K, committed 24832K, reserved 26624K
}
Event: 1121.458 GC heap after
{Heap after GC invocations=1534 (full 3):
 def new generation   total 1749312K, used 69014K [0x00007f7144600000, 0x00007f71bb010000, 0x00007f7699b50000)
  eden space 1555008K,   0% used [0x00007f7144600000, 0x00007f7144600000, 0x00007f71a3490000)
  from space 194304K,  35% used [0x00007f71a3490000, 0x00007f71a77f5b58, 0x00007f71af250000)
  to   space 194304K,   0% used [0x00007f71af250000, 0x00007f71af250000, 0x00007f71bb010000)
 tenured generation   total 3887144K, used 3879503K [0x00007f7699b50000, 0x00007f7786f5a000, 0x00007f8144600000)
   the space 3887144K,  99% used [0x00007f7699b50000, 0x00007f77867e3c68, 0x00007f77867e3e00, 0x00007f7786f5a000)
 Metaspace       used 24247K, capacity 24645K, committed 24832K, reserved 26624K
}
Event: 1122.504 GC heap before
{Heap before GC invocations=1534 (full 3):
 def new generation   total 1749312K, used 1624022K [0x00007f7144600000, 0x00007f71bb010000, 0x00007f7699b50000)
  eden space 1555008K, 100% used [0x00007f7144600000, 0x00007f71a3490000, 0x00007f71a3490000)
  from space 194304K,  35% used [0x00007f71a3490000, 0x00007f71a77f5b58, 0x00007f71af250000)
  to   space 194304K,   0% used [0x00007f71af250000, 0x00007f71af250000, 0x00007f71bb010000)
 tenured generation   total 3887144K, used 3879503K [0x00007f7699b50000, 0x00007f7786f5a000, 0x00007f8144600000)
   the space 3887144K,  99% used [0x00007f7699b50000, 0x00007f77867e3c68, 0x00007f77867e3e00, 0x00007f7786f5a000)
 Metaspace       used 24247K, capacity 24645K, committed 24832K, reserved 26624K
}
Event: 1122.640 GC heap after
{Heap after GC invocations=1535 (full 3):
 def new generation   total 1749312K, used 69792K [0x00007f7144600000, 0x00007f71bb010000, 0x00007f7699b50000)
  eden space 1555008K,   0% used [0x00007f7144600000, 0x00007f7144600000, 0x00007f71a3490000)
  from space 194304K,  35% used [0x00007f71af250000, 0x00007f71b3678328, 0x00007f71bb010000)
  to   space 194304K,   0% used [0x00007f71a3490000, 0x00007f71a3490000, 0x00007f71af250000)
 tenured generation   total 3887144K, used 3883708K [0x00007f7699b50000, 0x00007f7786f5a000, 0x00007f8144600000)
   the space 3887144K,  99% used [0x00007f7699b50000, 0x00007f7786bff2a8, 0x00007f7786bff400, 0x00007f7786f5a000)
 Metaspace       used 24247K, capacity 24645K, committed 24832K, reserved 26624K
}
Event: 1123.706 GC heap before
{Heap before GC invocations=1535 (full 3):
 def new generation   total 1749312K, used 1624800K [0x00007f7144600000, 0x00007f71bb010000, 0x00007f7699b50000)
  eden space 1555008K, 100% used [0x00007f7144600000, 0x00007f71a3490000, 0x00007f71a3490000)
  from space 194304K,  35% used [0x00007f71af250000, 0x00007f71b3678328, 0x00007f71bb010000)
  to   space 194304K,   0% used [0x00007f71a3490000, 0x00007f71a3490000, 0x00007f71af250000)
 tenured generation   total 3887144K, used 3883708K [0x00007f7699b50000, 0x00007f7786f5a000, 0x00007f8144600000)
   the space 3887144K,  99% used [0x00007f7699b50000, 0x00007f7786bff2a8, 0x00007f7786bff400, 0x00007f7786f5a000)
 Metaspace       used 24247K, capacity 24645K, committed 24832K, reserved 26624K
}
Event: 1123.814 GC heap after
{Heap after GC invocations=1536 (full 3):
 def new generation   total 1749312K, used 69099K [0x00007f7144600000, 0x00007f71bb010000, 0x00007f7699b50000)
  eden space 1555008K,   0% used [0x00007f7144600000, 0x00007f7144600000, 0x00007f71a3490000)
  from space 194304K,  35% used [0x00007f71a3490000, 0x00007f71a780ad48, 0x00007f71af250000)
  to   space 194304K,   0% used [0x00007f71af250000, 0x00007f71af250000, 0x00007f71bb010000)
 tenured generation   total 3888680K, used 3888652K [0x00007f7699b50000, 0x00007f77870da000, 0x00007f8144600000)
   the space 3888680K,  99% used [0x00007f7699b50000, 0x00007f77870d33d8, 0x00007f77870d3400, 0x00007f77870da000)
 Metaspace       used 24247K, capacity 24645K, committed 24832K, reserved 26624K
}
Event: 1123.814 GC heap before
{Heap before GC invocations=1536 (full 3):
 def new generation   total 1749312K, used 69099K [0x00007f7144600000, 0x00007f71bb010000, 0x00007f7699b50000)
  eden space 1555008K,   0% used [0x00007f7144600000, 0x00007f7144600000, 0x00007f71a3490000)
  from space 194304K,  35% used [0x00007f71a3490000, 0x00007f71a780ad48, 0x00007f71af250000)
  to   space 194304K,   0% used [0x00007f71af250000, 0x00007f71af250000, 0x00007f71bb010000)
 tenured generation   total 3888680K, used 3888652K [0x00007f7699b50000, 0x00007f77870da000, 0x00007f8144600000)
   the space 3888680K,  99% used [0x00007f7699b50000, 0x00007f77870d33d8, 0x00007f77870d3400, 0x00007f77870da000)
 Metaspace       used 24247K, capacity 24645K, committed 24832K, reserved 26624K
}

Deoptimization events (20 events):
Event: 77.340 Thread 0x00007f815c018000 DEOPT PACKING pc=0x00007f814540c1bb sp=0x00007f816190a920
Event: 77.340 Thread 0x00007f815c018000 DEOPT UNPACKING pc=0x00007f81447d333a sp=0x00007f8161909ed0 mode 0
Event: 179.493 Thread 0x00007f815c018000 Uncommon trap: trap_request=0xffffffc6 fr.pc=0x00007f814c343ed8 relative=0x0000000000000ab8
Event: 179.493 Thread 0x00007f815c018000 Uncommon trap: reason=bimorphic_or_optimized_type_check action=maybe_recompile pc=0x00007f814c343ed8 method=java.util.HashMap.removeNode(ILjava/lang/Object;Ljava/lang/Object;ZZ)Ljava/util/HashMap$Node; @ 68 c2
Event: 179.493 Thread 0x00007f815c018000 DEOPT PACKING pc=0x00007f814c343ed8 sp=0x00007f816190a410
Event: 179.493 Thread 0x00007f815c018000 DEOPT UNPACKING pc=0x00007f81447d2e25 sp=0x00007f816190a3a8 mode 2
Event: 365.502 Thread 0x00007f815c018000 DEOPT PACKING pc=0x00007f8145324169 sp=0x00007f816190aa40
Event: 365.502 Thread 0x00007f815c018000 DEOPT UNPACKING pc=0x00007f81447d333a sp=0x00007f8161909f48 mode 0
Event: 401.680 Thread 0x00007f815c018000 Uncommon trap: trap_request=0xffffff45 fr.pc=0x00007f814c34ae08 relative=0x0000000000001908
Event: 401.680 Thread 0x00007f815c018000 Uncommon trap: reason=unstable_if action=reinterpret pc=0x00007f814c34ae08 method=java.util.HashMap.putVal(ILjava/lang/Object;Ljava/lang/Object;ZZ)Ljava/lang/Object; @ 162 c2
Event: 401.680 Thread 0x00007f815c018000 DEOPT PACKING pc=0x00007f814c34ae08 sp=0x00007f816190a480
Event: 401.680 Thread 0x00007f815c018000 DEOPT UNPACKING pc=0x00007f81447d2e25 sp=0x00007f816190a280 mode 2
Event: 576.100 Thread 0x00007f815c018000 Uncommon trap: trap_request=0xffffff45 fr.pc=0x00007f814c43ae14 relative=0x0000000000000294
Event: 576.100 Thread 0x00007f815c018000 Uncommon trap: reason=unstable_if action=reinterpret pc=0x00007f814c43ae14 method=java.util.HashMap.putVal(ILjava/lang/Object;Ljava/lang/Object;ZZ)Ljava/lang/Object; @ 162 c2
Event: 576.100 Thread 0x00007f815c018000 DEOPT PACKING pc=0x00007f814c43ae14 sp=0x00007f816190a310
Event: 576.100 Thread 0x00007f815c018000 DEOPT UNPACKING pc=0x00007f81447d2e25 sp=0x00007f816190a1b0 mode 2
Event: 807.170 Thread 0x00007f815c018000 Uncommon trap: trap_request=0xffffffc6 fr.pc=0x00007f814c343ed8 relative=0x0000000000000ab8
Event: 807.170 Thread 0x00007f815c018000 Uncommon trap: reason=bimorphic_or_optimized_type_check action=maybe_recompile pc=0x00007f814c343ed8 method=java.util.HashMap.removeNode(ILjava/lang/Object;Ljava/lang/Object;ZZ)Ljava/util/HashMap$Node; @ 68 c2
Event: 807.170 Thread 0x00007f815c018000 DEOPT PACKING pc=0x00007f814c343ed8 sp=0x00007f816190a340
Event: 807.170 Thread 0x00007f815c018000 DEOPT UNPACKING pc=0x00007f81447d2e25 sp=0x00007f816190a2d8 mode 2

Classes unloaded (0 events):
No events

Classes redefined (0 events):
No events

Internal exceptions (20 events):
Event: 0.732 Thread 0x00007f815c018000 Exception <a 'java/lang/NoSuchMethodError'{0x00007f7145bffd38}: 'int java.lang.invoke.DirectMethodHandle$Holder.invokeInterface(java.lang.Object, java.lang.Object)'> (0x00007f7145bffd38) 
thrown [src/hotspot/share/interpreter/linkResolver.cpp, line 766]
Event: 0.740 Thread 0x00007f815c018000 Exception <a 'java/lang/NoSuchMethodError'{0x00007f7145c42e60}: 'int java.lang.invoke.DirectMethodHandle$Holder.invokeSpecial(java.lang.Object, java.lang.Object, java.lang.Object, java.lang.Object)'> (0x00007f7145c42e60) 
thrown [src/hotspot/share/interpreter/linkResolver.cpp, line 766]
Event: 0.743 Thread 0x00007f815c018000 Exception <a 'java/lang/NoSuchMethodError'{0x00007f7145c59980}: 'java.lang.Object java.lang.invoke.DirectMethodHandle$Holder.invokeVirtual(java.lang.Object, java.lang.Object, java.lang.Object, int, int)'> (0x00007f7145c59980) 
thrown [src/hotspot/share/interpreter/linkResolver.cpp, line 766]
Event: 0.746 Thread 0x00007f815c018000 Exception <a 'java/lang/NoSuchMethodError'{0x00007f7145c61d30}: 'java.lang.Object java.lang.invoke.DirectMethodHandle$Holder.invokeVirtual(java.lang.Object, java.lang.Object, int)'> (0x00007f7145c61d30) 
thrown [src/hotspot/share/interpreter/linkResolver.cpp, line 766]
Event: 0.760 Thread 0x00007f815c018000 Exception <a 'java/lang/NoSuchMethodError'{0x00007f7145c82ac8}: 'java.lang.Object java.lang.invoke.DirectMethodHandle$Holder.invokeSpecial(java.lang.Object, java.lang.Object, java.lang.Object, int, int)'> (0x00007f7145c82ac8) 
thrown [src/hotspot/share/interpreter/linkResolver.cpp, line 766]
Event: 1.185 Thread 0x00007f815c018000 Exception <a 'java/lang/NoSuchMethodError'{0x00007f7147243308}: 'int java.lang.invoke.DirectMethodHandle$Holder.invokeSpecial(java.lang.Object, java.lang.Object, java.lang.Object, java.lang.Object, java.lang.Object)'> (0x00007f7147243308) 
thrown [src/hotspot/share/interpreter/linkResolver.cpp, line 766]
Event: 1.283 Thread 0x00007f815c018000 Exception <a 'java/lang/NoSuchMethodError'{0x00007f7147660e50}: 'java.lang.Object java.lang.invoke.DirectMethodHandle$Holder.invokeStatic(java.lang.Object, java.lang.Object, int, int)'> (0x00007f7147660e50) 
thrown [src/hotspot/share/interpreter/linkResolver.cpp, line 766]
Event: 1.741 Thread 0x00007f815c018000 Exception <a 'java/lang/NoSuchMethodError'{0x00007f7149c57ee0}: 'void java.lang.invoke.DirectMethodHandle$Holder.invokeVirtual(java.lang.Object, java.lang.Object)'> (0x00007f7149c57ee0) 
thrown [src/hotspot/share/interpreter/linkResolver.cpp, line 766]
Event: 1.892 Thread 0x00007f815c018000 Exception <a 'java/lang/NoSuchMethodError'{0x00007f7149fe1848}: 'int java.lang.invoke.DirectMethodHandle$Holder.invokeVirtual(java.lang.Object, java.lang.Object, java.lang.Object, java.lang.Object)'> (0x00007f7149fe1848) 
thrown [src/hotspot/share/interpreter/linkResolver.cpp, line 766]
Event: 1.894 Thread 0x00007f815c018000 Exception <a 'java/lang/NoSuchMethodError'{0x00007f7149fefab0}: 'java.lang.Object java.lang.invoke.DirectMethodHandle$Holder.invokeStatic(java.lang.Object, java.lang.Object, int, java.lang.Object)'> (0x00007f7149fefab0) 
thrown [src/hotspot/share/interpreter/linkResolver.cpp, line 766]
Event: 1.894 Thread 0x00007f815c018000 Exception <a 'java/lang/NoSuchMethodError'{0x00007f7149ff83c8}: 'java.lang.Object java.lang.invoke.Invokers$Holder.linkToTargetMethod(java.lang.Object, int, java.lang.Object, java.lang.Object)'> (0x00007f7149ff83c8) 
thrown [src/hotspot/share/interpreter/linkResolver.cpp, line 766]
Event: 2.447 Thread 0x00007f815c018000 Implicit null exception at 0x00007f814c2ee348 to 0x00007f814c2ee3ca
Event: 2.448 Thread 0x00007f815c018000 Implicit null exception at 0x00007f814c27df8f to 0x00007f814c27dff9
Event: 2.761 Thread 0x00007f815c0a7000 Implicit null exception at 0x00007f814c2a61cc to 0x00007f814c2a6280
Event: 2.763 Thread 0x00007f815c018000 Exception <a 'java/lang/NoSuchMethodError'{0x00007f7144637100}: 'java.lang.Object java.lang.invoke.Invokers$Holder.linkToTargetMethod(java.lang.Object, int, java.lang.Object)'> (0x00007f7144637100) 
thrown [src/hotspot/share/interpreter/linkResolver.cpp, line 766]
Event: 2.776 Thread 0x00007f815c018000 Exception <a 'java/lang/NoSuchMethodError'{0x00007f7144671330}: 'java.lang.Object java.lang.invoke.Invokers$Holder.linkToTargetMethod(java.lang.Object, long, java.lang.Object)'> (0x00007f7144671330) 
thrown [src/hotspot/share/interpreter/linkResolver.cpp, line 766]
Event: 2.825 Thread 0x00007f815c018000 Exception <a 'java/lang/NoSuchMethodError'{0x00007f7144791b38}: 'java.lang.Object java.lang.invoke.Invokers$Holder.invokeExact_MT(java.lang.Object, java.lang.Object, java.lang.Object, java.lang.Object, java.lang.Object, java.lang.Object)'> (0x00007f7144791b38) 
thrown [src/hotspot/share/interpreter/linkResolver.cpp, line 766]
Event: 2.879 Thread 0x00007f815c018000 Exception <a 'java/lang/NoSuchMethodError'{0x00007f7144910430}: 'int java.lang.invoke.DirectMethodHandle$Holder.invokeStatic(java.lang.Object, java.lang.Object, int)'> (0x00007f7144910430) 
thrown [src/hotspot/share/interpreter/linkResolver.cpp, line 766]
Event: 2.989 Thread 0x00007f815c018000 Exception <a 'java/lang/NoSuchMethodError'{0x00007f7144c44c30}: 'double java.lang.invoke.DirectMethodHandle$Holder.invokeStatic(java.lang.Object, java.lang.Object)'> (0x00007f7144c44c30) 
thrown [src/hotspot/share/interpreter/linkResolver.cpp, line 766]
Event: 3.048 Thread 0x00007f815c018000 Exception <a 'java/lang/NoSuchMethodError'{0x00007f7144ead288}: 'int java.lang.invoke.DirectMethodHandle$Holder.invokeStatic(java.lang.Object, java.lang.Object, java.lang.Object, int)'> (0x00007f7144ead288) 
thrown [src/hotspot/share/interpreter/linkResolver.cpp, line 766]

Events (20 events):
Event: 1112.250 Executing VM operation: GenCollectForAllocation done
Event: 1113.293 Executing VM operation: GenCollectForAllocation
Event: 1113.440 Executing VM operation: GenCollectForAllocation done
Event: 1114.420 Executing VM operation: GenCollectForAllocation
Event: 1114.566 Executing VM operation: GenCollectForAllocation done
Event: 1115.573 Executing VM operation: GenCollectForAllocation
Event: 1115.704 Executing VM operation: GenCollectForAllocation done
Event: 1116.665 Executing VM operation: GenCollectForAllocation
Event: 1116.806 Executing VM operation: GenCollectForAllocation done
Event: 1117.761 Executing VM operation: GenCollectForAllocation
Event: 1117.905 Executing VM operation: GenCollectForAllocation done
Event: 1118.945 Executing VM operation: GenCollectForAllocation
Event: 1119.077 Executing VM operation: GenCollectForAllocation done
Event: 1120.194 Executing VM operation: GenCollectForAllocation
Event: 1120.342 Executing VM operation: GenCollectForAllocation done
Event: 1121.318 Executing VM operation: GenCollectForAllocation
Event: 1121.458 Executing VM operation: GenCollectForAllocation done
Event: 1122.503 Executing VM operation: GenCollectForAllocation
Event: 1122.640 Executing VM operation: GenCollectForAllocation done
Event: 1123.706 Executing VM operation: GenCollectForAllocation


Dynamic libraries:
565032f7a000-565032f7b000 r--p 00000000 07:0b 4860                       /usr/lib/jvm/java-13-openjdk-amd64/bin/java
565032f7b000-565032f7c000 r-xp 00001000 07:0b 4860                       /usr/lib/jvm/java-13-openjdk-amd64/bin/java
565032f7c000-565032f7d000 r--p 00002000 07:0b 4860                       /usr/lib/jvm/java-13-openjdk-amd64/bin/java
565032f7d000-565032f7e000 r--p 00002000 07:0b 4860                       /usr/lib/jvm/java-13-openjdk-amd64/bin/java
565032f7e000-565032f7f000 rw-p 00003000 07:0b 4860                       /usr/lib/jvm/java-13-openjdk-amd64/bin/java
565034955000-565034976000 rw-p 00000000 00:00 0                          [heap]
7f7108000000-7f7108021000 rw-p 00000000 00:00 0 
7f7108021000-7f710c000000 ---p 00000000 00:00 0 
7f7110000000-7f7110021000 rw-p 00000000 00:00 0 
7f7110021000-7f7114000000 ---p 00000000 00:00 0 
7f7114000000-7f7114021000 rw-p 00000000 00:00 0 
7f7114021000-7f7118000000 ---p 00000000 00:00 0 
7f7118000000-7f711a4d1000 rw-p 00000000 00:00 0 
7f711a4d1000-7f711c000000 ---p 00000000 00:00 0 
7f711c000000-7f711c7b2000 rw-p 00000000 00:00 0 
7f711c7b2000-7f7120000000 ---p 00000000 00:00 0 
7f7120000000-7f7120021000 rw-p 00000000 00:00 0 
7f7120021000-7f7124000000 ---p 00000000 00:00 0 
7f7124000000-7f7124021000 rw-p 00000000 00:00 0 
7f7124021000-7f7128000000 ---p 00000000 00:00 0 
7f7128000000-7f7128021000 rw-p 00000000 00:00 0 
7f7128021000-7f712c000000 ---p 00000000 00:00 0 
7f712c000000-7f712c021000 rw-p 00000000 00:00 0 
7f712c021000-7f7130000000 ---p 00000000 00:00 0 
7f7130000000-7f713006c000 rw-p 00000000 00:00 0 
7f713006c000-7f7134000000 ---p 00000000 00:00 0 
7f7135ea9000-7f7135ee9000 rw-p 00000000 00:00 0 
7f7135ee9000-7f71360a9000 ---p 00000000 00:00 0 
7f71360a9000-7f71362a9000 rw-p 00000000 00:00 0 
7f71362a9000-7f71364a9000 rw-p 00000000 00:00 0 
7f71364a9000-7f71366a9000 rw-p 00000000 00:00 0 
7f71366a9000-7f71368a9000 rw-p 00000000 00:00 0 
7f71368a9000-7f7136aa9000 rw-p 00000000 00:00 0 
7f7136aa9000-7f7136ca9000 rw-p 00000000 00:00 0 
7f7136ca9000-7f7136ea9000 rw-p 00000000 00:00 0 
7f7136ea9000-7f7137814000 rw-p 00000000 00:00 0 
7f7137814000-7f713c5ff000 ---p 00000000 00:00 0 
7f713c5ff000-7f713c9b5000 rw-p 00000000 00:00 0 
7f713c9b5000-7f713f0a9000 ---p 00000000 00:00 0 
7f713f0a9000-7f713f815000 rw-p 00000000 00:00 0 
7f713f815000-7f71445ff000 ---p 00000000 00:00 0 
7f71445ff000-7f71bb010000 rw-p 00000000 00:00 0 
7f71bb010000-7f7699b50000 ---p 00000000 00:00 0 
7f7699b50000-7f77870da000 rw-p 00000000 00:00 0 
7f782548c000-7f8144600000 ---p 00000000 00:00 0 
7f814478a000-7f81449fa000 rwxp 00000000 00:00 0 
7f81449fa000-7f8144d19000 ---p 00000000 00:00 0 
7f8144d19000-7f8145419000 rwxp 00000000 00:00 0 
7f8145419000-7f814c251000 ---p 00000000 00:00 0 
7f814c251000-7f814c4c1000 rwxp 00000000 00:00 0 
7f814c4c1000-7f815378a000 ---p 00000000 00:00 0 
7f815378a000-7f815c000000 r--s 00000000 07:0b 5215                       /usr/lib/jvm/java-13-openjdk-amd64/lib/modules
7f815c000000-7f815c6b3000 rw-p 00000000 00:00 0 
7f815c6b3000-7f8160000000 ---p 00000000 00:00 0 
7f8160056000-7f8160227000 rw-p 00000000 00:00 0 
7f8160227000-7f816022b000 r--p 00000000 07:0b 5204                       /usr/lib/jvm/java-13-openjdk-amd64/lib/libnet.so
7f816022b000-7f8160239000 r-xp 00004000 07:0b 5204                       /usr/lib/jvm/java-13-openjdk-amd64/lib/libnet.so
7f8160239000-7f816023d000 r--p 00012000 07:0b 5204                       /usr/lib/jvm/java-13-openjdk-amd64/lib/libnet.so
7f816023d000-7f816023e000 r--p 00015000 07:0b 5204                       /usr/lib/jvm/java-13-openjdk-amd64/lib/libnet.so
7f816023e000-7f816023f000 rw-p 00016000 07:0b 5204                       /usr/lib/jvm/java-13-openjdk-amd64/lib/libnet.so
7f816023f000-7f8160246000 r--p 00000000 07:0b 5205                       /usr/lib/jvm/java-13-openjdk-amd64/lib/libnio.so
7f8160246000-7f816024f000 r-xp 00007000 07:0b 5205                       /usr/lib/jvm/java-13-openjdk-amd64/lib/libnio.so
7f816024f000-7f8160253000 r--p 00010000 07:0b 5205                       /usr/lib/jvm/java-13-openjdk-amd64/lib/libnio.so
7f8160253000-7f8160254000 r--p 00013000 07:0b 5205                       /usr/lib/jvm/java-13-openjdk-amd64/lib/libnio.so
7f8160254000-7f8160255000 rw-p 00014000 07:0b 5205                       /usr/lib/jvm/java-13-openjdk-amd64/lib/libnio.so
7f8160255000-7f8160256000 ---p 00000000 00:00 0 
7f8160256000-7f8160357000 rw-p 00000000 00:00 0 
7f8160357000-7f816035b000 ---p 00000000 00:00 0 
7f816035b000-7f8160458000 rw-p 00000000 00:00 0 
7f8160458000-7f816045c000 ---p 00000000 00:00 0 
7f816045c000-7f8160559000 rw-p 00000000 00:00 0 
7f8160559000-7f816055d000 ---p 00000000 00:00 0 
7f816055d000-7f816065a000 rw-p 00000000 00:00 0 
7f816065a000-7f816065e000 ---p 00000000 00:00 0 
7f816065e000-7f816075b000 rw-p 00000000 00:00 0 
7f816075b000-7f816075f000 ---p 00000000 00:00 0 
7f816075f000-7f816085c000 rw-p 00000000 00:00 0 
7f816085c000-7f8160860000 ---p 00000000 00:00 0 
7f8160860000-7f816095d000 rw-p 00000000 00:00 0 
7f816095d000-7f8160964000 r--s 00000000 07:0b 8532                       /usr/lib/x86_64-linux-gnu/gconv/gconv-modules.cache
7f8160964000-7f8160996000 r--p 00000000 07:0b 5276                       /usr/lib/locale/C.UTF-8/LC_CTYPE
7f8160996000-7f816099a000 ---p 00000000 00:00 0 
7f816099a000-7f8160a97000 rw-p 00000000 00:00 0 
7f8160a97000-7f8160a9b000 ---p 00000000 00:00 0 
7f8160a9b000-7f8160b98000 rw-p 00000000 00:00 0 
7f8160b98000-7f8160b99000 ---p 00000000 00:00 0 
7f8160b99000-7f81615b7000 rw-p 00000000 00:00 0 
7f81615b7000-7f81615bc000 rw-p 00000000 00:00 0 
7f81615bc000-7f81616a2000 ---p 00000000 00:00 0 
7f81616a2000-7f81616b0000 rw-p 00000000 00:00 0 
7f81616b0000-7f816178d000 ---p 00000000 00:00 0 
7f816178d000-7f8161792000 rw-p 00000000 00:00 0 
7f8161792000-7f8161799000 ---p 00000000 00:00 0 
7f8161799000-7f816179b000 r--p 00000000 07:0b 5214                       /usr/lib/jvm/java-13-openjdk-amd64/lib/libzip.so
7f816179b000-7f816179f000 r-xp 00002000 07:0b 5214                       /usr/lib/jvm/java-13-openjdk-amd64/lib/libzip.so
7f816179f000-7f81617a1000 r--p 00006000 07:0b 5214                       /usr/lib/jvm/java-13-openjdk-amd64/lib/libzip.so
7f81617a1000-7f81617a2000 r--p 00007000 07:0b 5214                       /usr/lib/jvm/java-13-openjdk-amd64/lib/libzip.so
7f81617a2000-7f81617a3000 rw-p 00008000 07:0b 5214                       /usr/lib/jvm/java-13-openjdk-amd64/lib/libzip.so
7f81617a3000-7f81617ab000 rw-s 00000000 08:03 67231449                   /tmp/hsperfdata_rcabanas/20592
7f81617ab000-7f81617ae000 r--p 00000000 07:0b 9108                       /usr/lib/x86_64-linux-gnu/libnss_files-2.31.so
7f81617ae000-7f81617b5000 r-xp 00003000 07:0b 9108                       /usr/lib/x86_64-linux-gnu/libnss_files-2.31.so
7f81617b5000-7f81617b7000 r--p 0000a000 07:0b 9108                       /usr/lib/x86_64-linux-gnu/libnss_files-2.31.so
7f81617b7000-7f81617b8000 r--p 0000b000 07:0b 9108                       /usr/lib/x86_64-linux-gnu/libnss_files-2.31.so
7f81617b8000-7f81617b9000 rw-p 0000c000 07:0b 9108                       /usr/lib/x86_64-linux-gnu/libnss_files-2.31.so
7f81617b9000-7f81617bf000 rw-p 00000000 00:00 0 
7f81617c5000-7f81617c7000 r--p 00000000 07:0b 5195                       /usr/lib/jvm/java-13-openjdk-amd64/lib/libjimage.so
7f81617c7000-7f81617ca000 r-xp 00002000 07:0b 5195                       /usr/lib/jvm/java-13-openjdk-amd64/lib/libjimage.so
7f81617ca000-7f81617cb000 r--p 00005000 07:0b 5195                       /usr/lib/jvm/java-13-openjdk-amd64/lib/libjimage.so
7f81617cb000-7f81617cc000 ---p 00006000 07:0b 5195                       /usr/lib/jvm/java-13-openjdk-amd64/lib/libjimage.so
7f81617cc000-7f81617cd000 r--p 00006000 07:0b 5195                       /usr/lib/jvm/java-13-openjdk-amd64/lib/libjimage.so
7f81617cd000-7f81617ce000 rw-p 00007000 07:0b 5195                       /usr/lib/jvm/java-13-openjdk-amd64/lib/libjimage.so
7f81617ce000-7f81617db000 r--p 00000000 07:0b 5191                       /usr/lib/jvm/java-13-openjdk-amd64/lib/libjava.so
7f81617db000-7f81617f0000 r-xp 0000d000 07:0b 5191                       /usr/lib/jvm/java-13-openjdk-amd64/lib/libjava.so
7f81617f0000-7f81617f6000 r--p 00022000 07:0b 5191                       /usr/lib/jvm/java-13-openjdk-amd64/lib/libjava.so
7f81617f6000-7f81617f7000 ---p 00028000 07:0b 5191                       /usr/lib/jvm/java-13-openjdk-amd64/lib/libjava.so
7f81617f7000-7f81617f8000 r--p 00028000 07:0b 5191                       /usr/lib/jvm/java-13-openjdk-amd64/lib/libjava.so
7f81617f8000-7f81617fa000 rw-p 00029000 07:0b 5191                       /usr/lib/jvm/java-13-openjdk-amd64/lib/libjava.so
7f81617fa000-7f81617ff000 r--p 00000000 07:0b 5213                       /usr/lib/jvm/java-13-openjdk-amd64/lib/libverify.so
7f81617ff000-7f8161806000 r-xp 00005000 07:0b 5213                       /usr/lib/jvm/java-13-openjdk-amd64/lib/libverify.so
7f8161806000-7f8161808000 r--p 0000c000 07:0b 5213                       /usr/lib/jvm/java-13-openjdk-amd64/lib/libverify.so
7f8161808000-7f8161809000 ---p 0000e000 07:0b 5213                       /usr/lib/jvm/java-13-openjdk-amd64/lib/libverify.so
7f8161809000-7f816180b000 r--p 0000e000 07:0b 5213                       /usr/lib/jvm/java-13-openjdk-amd64/lib/libverify.so
7f816180b000-7f816180c000 rw-p 00010000 07:0b 5213                       /usr/lib/jvm/java-13-openjdk-amd64/lib/libverify.so
7f816180c000-7f8161810000 ---p 00000000 00:00 0 
7f8161810000-7f816190d000 rw-p 00000000 00:00 0 
7f816190d000-7f8161910000 r--p 00000000 07:0b 8948                       /usr/lib/x86_64-linux-gnu/libgcc_s.so.1
7f8161910000-7f8161922000 r-xp 00003000 07:0b 8948                       /usr/lib/x86_64-linux-gnu/libgcc_s.so.1
7f8161922000-7f8161926000 r--p 00015000 07:0b 8948                       /usr/lib/x86_64-linux-gnu/libgcc_s.so.1
7f8161926000-7f8161927000 r--p 00018000 07:0b 8948                       /usr/lib/x86_64-linux-gnu/libgcc_s.so.1
7f8161927000-7f8161928000 rw-p 00019000 07:0b 8948                       /usr/lib/x86_64-linux-gnu/libgcc_s.so.1
7f8161928000-7f8161935000 r--p 00000000 07:0b 9062                       /usr/lib/x86_64-linux-gnu/libm-2.31.so
7f8161935000-7f81619dc000 r-xp 0000d000 07:0b 9062                       /usr/lib/x86_64-linux-gnu/libm-2.31.so
7f81619dc000-7f8161a75000 r--p 000b4000 07:0b 9062                       /usr/lib/x86_64-linux-gnu/libm-2.31.so
7f8161a75000-7f8161a76000 r--p 0014c000 07:0b 9062                       /usr/lib/x86_64-linux-gnu/libm-2.31.so
7f8161a76000-7f8161a77000 rw-p 0014d000 07:0b 9062                       /usr/lib/x86_64-linux-gnu/libm-2.31.so
7f8161a77000-7f8161b0d000 r--p 00000000 07:0b 9213                       /usr/lib/x86_64-linux-gnu/libstdc++.so.6.0.28
7f8161b0d000-7f8161bfe000 r-xp 00096000 07:0b 9213                       /usr/lib/x86_64-linux-gnu/libstdc++.so.6.0.28
7f8161bfe000-7f8161c47000 r--p 00187000 07:0b 9213                       /usr/lib/x86_64-linux-gnu/libstdc++.so.6.0.28
7f8161c47000-7f8161c48000 ---p 001d0000 07:0b 9213                       /usr/lib/x86_64-linux-gnu/libstdc++.so.6.0.28
7f8161c48000-7f8161c53000 r--p 001d0000 07:0b 9213                       /usr/lib/x86_64-linux-gnu/libstdc++.so.6.0.28
7f8161c53000-7f8161c56000 rw-p 001db000 07:0b 9213                       /usr/lib/x86_64-linux-gnu/libstdc++.so.6.0.28
7f8161c56000-7f8161c59000 rw-p 00000000 00:00 0 
7f8161c59000-7f8161edf000 r--p 00000000 07:0b 5226                       /usr/lib/jvm/java-13-openjdk-amd64/lib/server/libjvm.so
7f8161edf000-7f8162c5c000 r-xp 00286000 07:0b 5226                       /usr/lib/jvm/java-13-openjdk-amd64/lib/server/libjvm.so
7f8162c5c000-7f8162ed7000 r--p 01003000 07:0b 5226                       /usr/lib/jvm/java-13-openjdk-amd64/lib/server/libjvm.so
7f8162ed7000-7f8162f9c000 r--p 0127d000 07:0b 5226                       /usr/lib/jvm/java-13-openjdk-amd64/lib/server/libjvm.so
7f8162f9c000-7f8162fd7000 rw-p 01342000 07:0b 5226                       /usr/lib/jvm/java-13-openjdk-amd64/lib/server/libjvm.so
7f8162fd7000-7f816305d000 rw-p 00000000 00:00 0 
7f816305d000-7f8163063000 r--p 00000000 07:0b 9166                       /usr/lib/x86_64-linux-gnu/libpthread-2.31.so
7f8163063000-7f8163074000 r-xp 00006000 07:0b 9166                       /usr/lib/x86_64-linux-gnu/libpthread-2.31.so
7f8163074000-7f816307a000 r--p 00017000 07:0b 9166                       /usr/lib/x86_64-linux-gnu/libpthread-2.31.so
7f816307a000-7f816307b000 r--p 0001c000 07:0b 9166                       /usr/lib/x86_64-linux-gnu/libpthread-2.31.so
7f816307b000-7f816307c000 rw-p 0001d000 07:0b 9166                       /usr/lib/x86_64-linux-gnu/libpthread-2.31.so
7f816307c000-7f8163080000 rw-p 00000000 00:00 0 
7f8163080000-7f8163081000 r--p 00000000 07:0b 8893                       /usr/lib/x86_64-linux-gnu/libdl-2.31.so
7f8163081000-7f8163083000 r-xp 00001000 07:0b 8893                       /usr/lib/x86_64-linux-gnu/libdl-2.31.so
7f8163083000-7f8163084000 r--p 00003000 07:0b 8893                       /usr/lib/x86_64-linux-gnu/libdl-2.31.so
7f8163084000-7f8163085000 r--p 00003000 07:0b 8893                       /usr/lib/x86_64-linux-gnu/libdl-2.31.so
7f8163085000-7f8163086000 rw-p 00004000 07:0b 8893                       /usr/lib/x86_64-linux-gnu/libdl-2.31.so
7f8163086000-7f8163088000 r--p 00000000 07:0b 9290                       /usr/lib/x86_64-linux-gnu/libz.so.1.2.11
7f8163088000-7f8163099000 r-xp 00002000 07:0b 9290                       /usr/lib/x86_64-linux-gnu/libz.so.1.2.11
7f8163099000-7f816309f000 r--p 00013000 07:0b 9290                       /usr/lib/x86_64-linux-gnu/libz.so.1.2.11
7f816309f000-7f81630a0000 ---p 00019000 07:0b 9290                       /usr/lib/x86_64-linux-gnu/libz.so.1.2.11
7f81630a0000-7f81630a1000 r--p 00019000 07:0b 9290                       /usr/lib/x86_64-linux-gnu/libz.so.1.2.11
7f81630a1000-7f81630a2000 rw-p 0001a000 07:0b 9290                       /usr/lib/x86_64-linux-gnu/libz.so.1.2.11
7f81630a2000-7f81630c4000 r--p 00000000 07:0b 8851                       /usr/lib/x86_64-linux-gnu/libc-2.31.so
7f81630c4000-7f816323c000 r-xp 00022000 07:0b 8851                       /usr/lib/x86_64-linux-gnu/libc-2.31.so
7f816323c000-7f816328a000 r--p 0019a000 07:0b 8851                       /usr/lib/x86_64-linux-gnu/libc-2.31.so
7f816328a000-7f816328e000 r--p 001e7000 07:0b 8851                       /usr/lib/x86_64-linux-gnu/libc-2.31.so
7f816328e000-7f8163290000 rw-p 001eb000 07:0b 8851                       /usr/lib/x86_64-linux-gnu/libc-2.31.so
7f8163290000-7f8163294000 rw-p 00000000 00:00 0 
7f8163296000-7f8163298000 r--s 0000c000 07:0b 20930                      /usr/share/java/java-atk-wrapper.jar
7f8163298000-7f8163299000 ---p 00000000 00:00 0 
7f8163299000-7f816329a000 r--p 00000000 00:00 0 
7f816329a000-7f816329d000 r--p 00000000 07:0b 5196                       /usr/lib/jvm/java-13-openjdk-amd64/lib/libjli.so
7f816329d000-7f81632a7000 r-xp 00003000 07:0b 5196                       /usr/lib/jvm/java-13-openjdk-amd64/lib/libjli.so
7f81632a7000-7f81632aa000 r--p 0000d000 07:0b 5196                       /usr/lib/jvm/java-13-openjdk-amd64/lib/libjli.so
7f81632aa000-7f81632ab000 r--p 0000f000 07:0b 5196                       /usr/lib/jvm/java-13-openjdk-amd64/lib/libjli.so
7f81632ab000-7f81632ac000 rw-p 00010000 07:0b 5196                       /usr/lib/jvm/java-13-openjdk-amd64/lib/libjli.so
7f81632ac000-7f81632ae000 rw-p 00000000 00:00 0 
7f81632ae000-7f81632af000 r--p 00000000 07:0b 8572                       /usr/lib/x86_64-linux-gnu/ld-2.31.so
7f81632af000-7f81632d2000 r-xp 00001000 07:0b 8572                       /usr/lib/x86_64-linux-gnu/ld-2.31.so
7f81632d2000-7f81632da000 r--p 00024000 07:0b 8572                       /usr/lib/x86_64-linux-gnu/ld-2.31.so
7f81632da000-7f81632db000 ---p 00000000 00:00 0 
7f81632db000-7f81632dc000 r--p 0002c000 07:0b 8572                       /usr/lib/x86_64-linux-gnu/ld-2.31.so
7f81632dc000-7f81632dd000 rw-p 0002d000 07:0b 8572                       /usr/lib/x86_64-linux-gnu/ld-2.31.so
7f81632dd000-7f81632de000 rw-p 00000000 00:00 0 
7ffc99250000-7ffc99271000 rw-p 00000000 00:00 0                          [stack]
7ffc992f9000-7ffc992fb000 r-xp 00000000 00:00 0                          [vdso]
ffffffffff600000-ffffffffff601000 r-xp 00000000 00:00 0                  [vsyscall]


VM Arguments:
jvm_args: -Xmx64g --add-modules=ALL-DEFAULT 
java_command: jdk.compiler/com.sun.tools.javac.launcher.Main /mnt/beegfs/rcabanas/dev/credici/papers/journalEM/code/LearnAndCalculatePNS.java -w -x 1000 -m 500 -sc KL -th 1e-07 -a EMCC --seed 0 --output /mnt/beegfs/rcabanas/dev/credici/papers/journalEM/output/synthetic/s12 /mnt/beegfs/rcabanas/dev/credici/papers/journalEM/models/synthetic/s12/random_mc2_n6_mid3_d1000_05_mr098_r10_94.uai
java_class_path (initial): /mnt/beegfs/rcabanas/dev/credici/target/credici-0.1.3-jar-with-dependencies.jar
Launcher Type: SUN_STANDARD

[Global flags]
     intx CICompilerCount                          = 2                                         {product} {ergonomic}
   size_t InitialHeapSize                          = 2147483648                                {product} {ergonomic}
   size_t MaxHeapSize                              = 68719476736                               {product} {command line}
   size_t MaxNewSize                               = 22906470400                               {product} {ergonomic}
   size_t MinHeapDeltaBytes                        = 196608                                    {product} {ergonomic}
   size_t MinHeapSize                              = 8388608                                   {product} {ergonomic}
   size_t NewSize                                  = 715784192                                 {product} {ergonomic}
    uintx NonNMethodCodeHeapSize                   = 5826188                                {pd product} {ergonomic}
    uintx NonProfiledCodeHeapSize                  = 122916026                              {pd product} {ergonomic}
   size_t OldSize                                  = 1431699456                                {product} {ergonomic}
    uintx ProfiledCodeHeapSize                     = 122916026                              {pd product} {ergonomic}
    uintx ReservedCodeCacheSize                    = 251658240                              {pd product} {ergonomic}
     bool SegmentedCodeCache                       = true                                      {product} {ergonomic}
   size_t SoftMaxHeapSize                          = 68719476736                            {manageable} {ergonomic}
     bool UseSerialGC                              = true                                      {product} {ergonomic}

Logging:
Log output configuration:
 #0: stdout all=warning uptime,level,tags
 #1: stderr all=off uptime,level,tags

Environment Variables:
PATH=/usr/local/sbin:/usr/local/bin:/usr/sbin:/usr/bin:/sbin:/bin
LD_LIBRARY_PATH=/.singularity.d/libs

Signal Handlers:
SIGSEGV: [libjvm.so+0xf8fcf0], sa_mask[0]=11111111011111111101111111111110, sa_flags=SA_RESTART|SA_SIGINFO
SIGBUS: [libjvm.so+0xf8fcf0], sa_mask[0]=11111111011111111101111111111110, sa_flags=SA_RESTART|SA_SIGINFO
SIGFPE: [libjvm.so+0xf8fcf0], sa_mask[0]=11111111011111111101111111111110, sa_flags=SA_RESTART|SA_SIGINFO
SIGPIPE: [libjvm.so+0xc3ffa0], sa_mask[0]=11111111011111111101111111111110, sa_flags=SA_RESTART|SA_SIGINFO
SIGXFSZ: [libjvm.so+0xc3ffa0], sa_mask[0]=11111111011111111101111111111110, sa_flags=SA_RESTART|SA_SIGINFO
SIGILL: [libjvm.so+0xf8fcf0], sa_mask[0]=11111111011111111101111111111110, sa_flags=SA_RESTART|SA_SIGINFO
SIGUSR2: [libjvm.so+0xc3fe40], sa_mask[0]=00000000000000000000000000000000, sa_flags=SA_RESTART|SA_SIGINFO
SIGHUP: [libjvm.so+0xc40580], sa_mask[0]=11111111011111111101111111111110, sa_flags=SA_RESTART|SA_SIGINFO
SIGINT: [libjvm.so+0xc40580], sa_mask[0]=11111111011111111101111111111110, sa_flags=SA_RESTART|SA_SIGINFO
SIGTERM: [libjvm.so+0xc40580], sa_mask[0]=11111111011111111101111111111110, sa_flags=SA_RESTART|SA_SIGINFO
SIGQUIT: [libjvm.so+0xc40580], sa_mask[0]=11111111011111111101111111111110, sa_flags=SA_RESTART|SA_SIGINFO


---------------  S Y S T E M  ---------------

OS:DISTRIB_ID=Ubuntu
DISTRIB_RELEASE=20.04
DISTRIB_CODENAME=focal
DISTRIB_DESCRIPTION="Ubuntu 20.04.4 LTS"
uname:Linux 3.10.0-1160.15.2.el7.x86_64 #1 SMP Wed Feb 3 15:06:38 UTC 2021 x86_64
OS uptime: 514 days 18:02 hours
libc:glibc 2.31 NPTL 2.31 
rlimit (soft/hard): STACK 8192k/infinity , CORE 0k/infinity , NPROC 4096/1030217 , NOFILE 131072/131072 , AS infinity/infinity , CPU infinity/infinity , DATA infinity/infinity , FSIZE infinity/infinity , MEMLOCK infinity/infinity
load average:25.24 25.31 25.31

/proc/meminfo:
MemTotal:       263895364 kB
MemFree:          796072 kB
MemAvailable:    1195624 kB
Buffers:          264532 kB
Cached:          2165200 kB
SwapCached:       191840 kB
Active:         249110040 kB
Inactive:        4644656 kB
Active(anon):   248740896 kB
Inactive(anon):  3939000 kB
Active(file):     369144 kB
Inactive(file):   705656 kB
Unevictable:       17468 kB
Mlocked:           17468 kB
SwapTotal:       4194300 kB
SwapFree:         379948 kB
Dirty:               436 kB
Writeback:             0 kB
AnonPages:      251155064 kB
Mapped:           337432 kB
Shmem:           1351232 kB
Slab:             762768 kB
SReclaimable:     190460 kB
SUnreclaim:       572308 kB
KernelStack:       26944 kB
PageTables:       529640 kB
NFS_Unstable:          0 kB
Bounce:                0 kB
WritebackTmp:          0 kB
CommitLimit:    136141980 kB
Committed_AS:   320403364 kB
VmallocTotal:   34359738367 kB
VmallocUsed:      877724 kB
VmallocChunk:   34222320880 kB
Percpu:            28928 kB
HardwareCorrupted:     0 kB
AnonHugePages:  41420800 kB
CmaTotal:              0 kB
CmaFree:               0 kB
HugePages_Total:       0
HugePages_Free:        0
HugePages_Rsvd:        0
HugePages_Surp:        0
Hugepagesize:       2048 kB
DirectMap4k:      644712 kB
DirectMap2M:    18092032 kB
DirectMap1G:    249561088 kB

/sys/kernel/mm/transparent_hugepage/enabled:
[always] madvise never

/sys/kernel/mm/transparent_hugepage/defrag (defrag/compaction efforts parameter):
[always] madvise never


/proc/sys/kernel/threads-max (system-wide limit on the number of threads):
2060435


/proc/sys/vm/max_map_count (maximum number of memory map areas a process may have):
65530


/proc/sys/kernel/pid_max (system-wide limit on number of process identifiers):
65536



Steal ticks since vm start: 0
Steal ticks percentage since vm start:  0.000

CPU:total 64 (initial active 1) (32 cores per cpu, 1 threads per core) family 23 model 49 stepping 0, cmov, cx8, fxsr, mmx, sse, sse2, sse3, ssse3, sse4.1, sse4.2, popcnt, avx, avx2, aes, clmul, mmxext, 3dnowpref, lzcnt, sse4a, tsc, tscinvbit, tscinv, bmi1, bmi2, adx, sha, fma
CPU Model and flags from /proc/cpuinfo:
model name	: AMD EPYC 7542 32-Core Processor
flags		: fpu vme de pse tsc msr pae mce cx8 apic sep mtrr pge mca cmov pat pse36 clflush mmx fxsr sse sse2 ht syscall nx mmxext fxsr_opt pdpe1gb rdtscp lm constant_tsc art rep_good nopl nonstop_tsc extd_apicid aperfmperf eagerfpu pni pclmulqdq monitor ssse3 fma cx16 sse4_1 sse4_2 movbe popcnt aes xsave avx f16c rdrand lahf_lm cmp_legacy svm extapic cr8_legacy abm sse4a misalignsse 3dnowprefetch osvw ibs skinit wdt tce topoext perfctr_core perfctr_nb bpext perfctr_l2 cpb cat_l3 cdp_l3 hw_pstate sme retpoline_amd ssbd ibrs ibpb stibp vmmcall fsgsbase bmi1 avx2 smep bmi2 cqm rdt_a rdseed adx smap clflushopt clwb sha_ni xsaveopt xsavec xgetbv1 cqm_llc cqm_occup_llc cqm_mbm_total cqm_mbm_local clzero irperf xsaveerptr arat npt lbrv svm_lock nrip_save tsc_scale vmcb_clean flushbyasid decodeassists pausefilter pfthreshold avic v_vmsave_vmload vgif umip overflow_recov succor smca
Online cpus:0-63
Offline cpus:
BIOS frequency limitation:2900000
Frequency switch latency (ns):0
Available cpu frequencies:2900000 2400000 1500000 
Current governor:conservative
Core performance/turbo boost:1

Memory: 4k page, physical 263895364k(796072k free), swap 4194300k(379948k free)

vm_info: OpenJDK 64-Bit Server VM (13.0.7+5-Ubuntu-0ubuntu120.04) for linux-amd64 JRE (13.0.7+5-Ubuntu-0ubuntu120.04), built on Apr 21 2021 05:36:19 by "unknown" with gcc 9.3.0

END.
