#
# There is insufficient memory for the Java Runtime Environment to continue.
# Native memory allocation (mmap) failed to map 6675820544 bytes for committing reserved memory.
# Possible reasons:
#   The system is out of physical RAM or swap space
# Possible solutions:
#   Reduce memory load on the system
#   Increase physical memory or swap space
#   Check if swap backing store is full
#   Decrease Java heap size (-Xmx/-Xms)
#   Decrease number of Java threads
#   Decrease Java thread stack sizes (-Xss)
#   Set larger code cache with -XX:ReservedCodeCacheSize=
# This output file may be truncated or incomplete.
#
#  Out of Memory Error (os_linux.cpp:2899), pid=2409, tid=2477
#
# JRE version: OpenJDK Runtime Environment (13.0.7+5) (build 13.0.7+5-Ubuntu-0ubuntu120.04)
# Java VM: OpenJDK 64-Bit Server VM (13.0.7+5-Ubuntu-0ubuntu120.04, mixed mode, tiered, serial gc, linux-amd64)
# No core dump will be written. Core dumps have been disabled. To enable core dumping, try "ulimit -c unlimited" before starting Java again
#

---------------  S U M M A R Y ------------

Command Line: -Xmx128g --add-modules=ALL-DEFAULT jdk.compiler/com.sun.tools.javac.launcher.Main /mnt/beegfs/rcabanas/dev/credici/papers/journalEM/code/LearnAndCalculatePNS.java -w -x 100 -m 500 -sc KL -th 0.0 -a EMCC --seed 97 --output /mnt/beegfs/rcabanas/dev/credici/papers/journalEM/output/triangolo --cause 3 --effect 0 /mnt/beegfs/rcabanas/dev/credici/papers/journalEM/models/triangolo/triangolo_causal.uai

Host: AMD EPYC 7542 32-Core Processor, 64 cores, 251G, Ubuntu 20.04.4 LTS
Time: Tue Oct 18 19:36:08 2022 CEST elapsed time: 5190.644054 seconds (0d 1h 26m 30s)

---------------  T H R E A D  ---------------

Current thread (0x00007fdc88097800):  VMThread "VM Thread" [stack: 0x00007fdc8e0f1000,0x00007fdc8e1f1000] [id=2477]

Stack: [0x00007fdc8e0f1000,0x00007fdc8e1f1000],  sp=0x00007fdc8e1ef160,  free space=1016k
Native frames: (J=compiled Java code, A=aot compiled Java code, j=interpreted, Vv=VM code, C=native code)
V  [libjvm.so+0xf8f092]
V  [libjvm.so+0xf8fc91]
V  [libjvm.so+0x66ee5a]
V  [libjvm.so+0xc44a41]
V  [libjvm.so+0xc3b263]
V  [libjvm.so+0xf87f4b]
V  [libjvm.so+0x557506]
V  [libjvm.so+0x557723]
V  [libjvm.so+0xf18b0c]
V  [libjvm.so+0x557e65]
V  [libjvm.so+0x7e2edb]
V  [libjvm.so+0x7e39bd]
V  [libjvm.so+0x7d8b48]
V  [libjvm.so+0xf90940]
V  [libjvm.so+0xf96657]
V  [libjvm.so+0xf96d2b]
V  [libjvm.so+0xf9706a]
V  [libjvm.so+0xf2208f]
V  [libjvm.so+0xc493ff]

VM_Operation (0x00007fdc8ee61560): GenCollectForAllocation, mode: safepoint, requested by thread 0x00007fdc88018000


---------------  P R O C E S S  ---------------

Threads class SMR info:
_java_thread_list=0x00007fdc881364d0, length=9, elements={
0x00007fdc88018000, 0x00007fdc880a3800, 0x00007fdc880a7000, 0x00007fdc880cb800,
0x00007fdc880cd000, 0x00007fdc880cf000, 0x00007fdc880d1000, 0x00007fdc880d3000,
0x00007fdc88135000
}

Java Threads: ( => current thread )
  0x00007fdc88018000 JavaThread "main" [_thread_blocked, id=2434, stack(0x00007fdc8ed63000,0x00007fdc8ee64000)]
  0x00007fdc880a3800 JavaThread "Reference Handler" daemon [_thread_blocked, id=2480, stack(0x00007fdc8dfee000,0x00007fdc8e0ef000)]
  0x00007fdc880a7000 JavaThread "Finalizer" daemon [_thread_blocked, id=2481, stack(0x00007fdc8deed000,0x00007fdc8dfee000)]
  0x00007fdc880cb800 JavaThread "Signal Dispatcher" daemon [_thread_blocked, id=2487, stack(0x00007fdc8ddb3000,0x00007fdc8deb4000)]
  0x00007fdc880cd000 JavaThread "Service Thread" daemon [_thread_blocked, id=2488, stack(0x00007fdc8dcb2000,0x00007fdc8ddb3000)]
  0x00007fdc880cf000 JavaThread "C2 CompilerThread0" daemon [_thread_blocked, id=2489, stack(0x00007fdc8dbb1000,0x00007fdc8dcb2000)]
  0x00007fdc880d1000 JavaThread "C1 CompilerThread0" daemon [_thread_blocked, id=2490, stack(0x00007fdc8dab0000,0x00007fdc8dbb1000)]
  0x00007fdc880d3000 JavaThread "Sweeper thread" daemon [_thread_blocked, id=2494, stack(0x00007fdc8d9af000,0x00007fdc8dab0000)]
  0x00007fdc88135000 JavaThread "Common-Cleaner" daemon [_thread_blocked, id=2533, stack(0x00007fdc8d8ae000,0x00007fdc8d9af000)]

Other Threads:
=>0x00007fdc88097800 VMThread "VM Thread" [stack: 0x00007fdc8e0f1000,0x00007fdc8e1f1000] [id=2477]
  0x00007fdc88181800 WatcherThread [stack: 0x00007fdc8d7ae000,0x00007fdc8d8ae000] [id=2540]

Threads with active compile tasks:

VM state:at safepoint (normal execution)

VM Mutex/Monitor currently owned by a thread:  ([mutex/lock_event])
[0x00007fdc880141e0] Threads_lock - owner thread: 0x00007fdc88097800
[0x00007fdc88014de0] Heap_lock - owner thread: 0x00007fdc88018000

Heap:
 def new generation   total 4577216K, used 0K [0x00007fbc70600000, 0x00007fbda6c90000, 0x00007fc71b0a0000)
  eden space 4068672K,   0% used [0x00007fbc70600000, 0x00007fbc70600000, 0x00007fbd68b50000)
  from space 508544K,   0% used [0x00007fbd87bf0000, 0x00007fbd87bf0000, 0x00007fbda6c90000)
  to   space 508544K,   0% used [0x00007fbd68b50000, 0x00007fbd68b50000, 0x00007fbd87bf0000)
 tenured generation   total 10187816K, used 10024301K [0x00007fc71b0a0000, 0x00007fc988daa000, 0x00007fdc70600000)
   the space 10187816K,  98% used [0x00007fc71b0a0000, 0x00007fc97edfb7a8, 0x00007fc97edfb800, 0x00007fc988daa000)
 Metaspace       used 24269K, capacity 24693K, committed 24832K, reserved 26624K

Card table byte_map: [0x00007fbc605ff000,0x00007fbc70600000] _byte_map_base: 0x00007f7c8227c000

Polling page: 0x00007fdc907ef000

Metaspace:

Usage:
   24.11 MB capacity,    23.70 MB ( 98%) used,   333.78 KB (  1%) free+waste,    90.19 KB ( <1%) overhead. 

Virtual space:
     26.00 MB reserved,      24.25 MB ( 93%) committed 

Chunk freelists:
87.00 KB

MaxMetaspaceSize: unlimited


CodeHeap 'non-profiled nmethods': size=120036Kb used=1992Kb max_used=1992Kb free=118043Kb
 bounds [0x00007fdc78251000, 0x00007fdc784c1000, 0x00007fdc7f78a000]
CodeHeap 'profiled nmethods': size=120032Kb used=5100Kb max_used=6816Kb free=114931Kb
 bounds [0x00007fdc70d19000, 0x00007fdc713c9000, 0x00007fdc78251000]
CodeHeap 'non-nmethods': size=5692Kb used=1210Kb max_used=1263Kb free=4482Kb
 bounds [0x00007fdc7078a000, 0x00007fdc709fa000, 0x00007fdc70d19000]
 total_blobs=3624 nmethods=3143 adapters=396
 compilation: enabled
              stopped_count=0, restarted_count=0
 full_count=0

Compilation events (20 events):
Event: 4662.611 Thread 0x00007fdc880cf000 3955       4       com.google.common.collect.ImmutableCollection::toArray (8 bytes)
Event: 4662.625 Thread 0x00007fdc880cf000 nmethod 3955 0x00007fdc78353610 code [0x00007fdc783537c0, 0x00007fdc78353c18]
Event: 4691.681 Thread 0x00007fdc880cf000 3956       4       ch.idsia.credici.model.StructuralCausalModel$$Lambda$285/0x00007fdc8c61dc40::apply (5 bytes)
Event: 4691.716 Thread 0x00007fdc880cf000 nmethod 3956 0x00007fdc7835fa10 code [0x00007fdc7835fb80, 0x00007fdc7835fcf8]
Event: 4691.716 Thread 0x00007fdc880cf000 3957       4       ch.idsia.credici.model.StructuralCausalModel$$Lambda$283/0x00007fdc8c61e058::apply (9 bytes)
Event: 4691.751 Thread 0x00007fdc880cf000 nmethod 3957 0x00007fdc7843f310 code [0x00007fdc7843f520, 0x00007fdc7843fee0]
Event: 4701.795 Thread 0x00007fdc880cf000 3958       4       ch.idsia.credici.learning.FrequentistCausalEM$$Lambda$326/0x00007fdc8c795458::test (9 bytes)
Event: 4701.798 Thread 0x00007fdc880cf000 nmethod 3958 0x00007fdc78353290 code [0x00007fdc78353400, 0x00007fdc783534b8]
Event: 4701.801 Thread 0x00007fdc880cf000 3959       4       ch.idsia.credici.learning.TrajectoryAnalyser::hasConvergedKL (69 bytes)
Event: 4701.845 Thread 0x00007fdc880cf000 nmethod 3959 0x00007fdc78440790 code [0x00007fdc784409e0, 0x00007fdc78441cf8]
Event: 4701.845 Thread 0x00007fdc880cf000 3960       4       ch.idsia.credici.learning.FrequentistCausalEM::hasConverged (101 bytes)
Event: 4701.847 Thread 0x00007fdc880cf000 nmethod 3960 0x00007fdc78352f10 code [0x00007fdc783530a0, 0x00007fdc78353188]
Event: 4721.903 Thread 0x00007fdc880cf000 3961       4       java.util.stream.SpinedBuffer$OfInt::arrayLength (3 bytes)
Event: 4721.904 Thread 0x00007fdc880cf000 nmethod 3961 0x00007fdc78352b90 code [0x00007fdc78352d00, 0x00007fdc78352d58]
Event: 4751.346 Thread 0x00007fdc880cf000 3962       4       java.util.LinkedHashMap$LinkedKeySet::size (8 bytes)
Event: 4751.347 Thread 0x00007fdc880cf000 nmethod 3962 0x00007fdc78442790 code [0x00007fdc78442900, 0x00007fdc78442958]
Event: 4761.180 Thread 0x00007fdc880cf000 3963       4       java.util.stream.ReferencePipeline::makeNodeBuilder (6 bytes)
Event: 4761.183 Thread 0x00007fdc880cf000 nmethod 3963 0x00007fdc78442a90 code [0x00007fdc78442c20, 0x00007fdc78442dd8]
Event: 4761.183 Thread 0x00007fdc880cf000 3964       4       java.util.stream.Nodes$ArrayNode::<init> (43 bytes)
Event: 4761.184 Thread 0x00007fdc880cf000 nmethod 3964 0x00007fdc78442f90 code [0x00007fdc78443100, 0x00007fdc784431f8]

GC Heap History (20 events):
Event: 5137.700 GC heap after
{Heap after GC invocations=2950 (full 7):
 def new generation   total 4577216K, used 153673K [0x00007fbc70600000, 0x00007fbda6c90000, 0x00007fc71b0a0000)
  eden space 4068672K,   0% used [0x00007fbc70600000, 0x00007fbc70600000, 0x00007fbd68b50000)
  from space 508544K,  30% used [0x00007fbd68b50000, 0x00007fbd72162510, 0x00007fbd87bf0000)
  to   space 508544K,   0% used [0x00007fbd87bf0000, 0x00007fbd87bf0000, 0x00007fbda6c90000)
 tenured generation   total 10171428K, used 10097192K [0x00007fc71b0a0000, 0x00007fc987da9000, 0x00007fdc70600000)
   the space 10171428K,  99% used [0x00007fc71b0a0000, 0x00007fc98352a278, 0x00007fc98352a400, 0x00007fc987da9000)
 Metaspace       used 24269K, capacity 24693K, committed 24832K, reserved 26624K
}
Event: 5143.170 GC heap before
{Heap before GC invocations=2950 (full 7):
 def new generation   total 4577216K, used 4214203K [0x00007fbc70600000, 0x00007fbda6c90000, 0x00007fc71b0a0000)
  eden space 4068672K,  99% used [0x00007fbc70600000, 0x00007fbd6835c720, 0x00007fbd68b50000)
  from space 508544K,  30% used [0x00007fbd68b50000, 0x00007fbd72162510, 0x00007fbd87bf0000)
  to   space 508544K,   0% used [0x00007fbd87bf0000, 0x00007fbd87bf0000, 0x00007fbda6c90000)
 tenured generation   total 10171428K, used 10097192K [0x00007fc71b0a0000, 0x00007fc987da9000, 0x00007fdc70600000)
   the space 10171428K,  99% used [0x00007fc71b0a0000, 0x00007fc98352a278, 0x00007fc98352a400, 0x00007fc987da9000)
 Metaspace       used 24269K, capacity 24693K, committed 24832K, reserved 26624K
}
Event: 5143.298 GC heap after
{Heap after GC invocations=2951 (full 7):
 def new generation   total 4577216K, used 149570K [0x00007fbc70600000, 0x00007fbda6c90000, 0x00007fc71b0a0000)
  eden space 4068672K,   0% used [0x00007fbc70600000, 0x00007fbc70600000, 0x00007fbd68b50000)
  from space 508544K,  29% used [0x00007fbd87bf0000, 0x00007fbd90e00b38, 0x00007fbda6c90000)
  to   space 508544K,   0% used [0x00007fbd68b50000, 0x00007fbd68b50000, 0x00007fbd87bf0000)
 tenured generation   total 10171428K, used 10114152K [0x00007fc71b0a0000, 0x00007fc987da9000, 0x00007fdc70600000)
   the space 10171428K,  99% used [0x00007fc71b0a0000, 0x00007fc9845ba270, 0x00007fc9845ba400, 0x00007fc987da9000)
 Metaspace       used 24269K, capacity 24693K, committed 24832K, reserved 26624K
}
Event: 5147.157 GC heap before
{Heap before GC invocations=2951 (full 7):
 def new generation   total 4577216K, used 4218242K [0x00007fbc70600000, 0x00007fbda6c90000, 0x00007fc71b0a0000)
  eden space 4068672K, 100% used [0x00007fbc70600000, 0x00007fbd68b50000, 0x00007fbd68b50000)
  from space 508544K,  29% used [0x00007fbd87bf0000, 0x00007fbd90e00b38, 0x00007fbda6c90000)
  to   space 508544K,   0% used [0x00007fbd68b50000, 0x00007fbd68b50000, 0x00007fbd87bf0000)
 tenured generation   total 10171428K, used 10114152K [0x00007fc71b0a0000, 0x00007fc987da9000, 0x00007fdc70600000)
   the space 10171428K,  99% used [0x00007fc71b0a0000, 0x00007fc9845ba270, 0x00007fc9845ba400, 0x00007fc987da9000)
 Metaspace       used 24269K, capacity 24693K, committed 24832K, reserved 26624K
}
Event: 5147.278 GC heap after
{Heap after GC invocations=2952 (full 7):
 def new generation   total 4577216K, used 152647K [0x00007fbc70600000, 0x00007fbda6c90000, 0x00007fc71b0a0000)
  eden space 4068672K,   0% used [0x00007fbc70600000, 0x00007fbc70600000, 0x00007fbd68b50000)
  from space 508544K,  30% used [0x00007fbd68b50000, 0x00007fbd72061c38, 0x00007fbd87bf0000)
  to   space 508544K,   0% used [0x00007fbd87bf0000, 0x00007fbd87bf0000, 0x00007fbda6c90000)
 tenured generation   total 10171428K, used 10114152K [0x00007fc71b0a0000, 0x00007fc987da9000, 0x00007fdc70600000)
   the space 10171428K,  99% used [0x00007fc71b0a0000, 0x00007fc9845ba270, 0x00007fc9845ba400, 0x00007fc987da9000)
 Metaspace       used 24269K, capacity 24693K, committed 24832K, reserved 26624K
}
Event: 5152.933 GC heap before
{Heap before GC invocations=2952 (full 7):
 def new generation   total 4577216K, used 4221319K [0x00007fbc70600000, 0x00007fbda6c90000, 0x00007fc71b0a0000)
  eden space 4068672K, 100% used [0x00007fbc70600000, 0x00007fbd68b50000, 0x00007fbd68b50000)
  from space 508544K,  30% used [0x00007fbd68b50000, 0x00007fbd72061c38, 0x00007fbd87bf0000)
  to   space 508544K,   0% used [0x00007fbd87bf0000, 0x00007fbd87bf0000, 0x00007fbda6c90000)
 tenured generation   total 10171428K, used 10114152K [0x00007fc71b0a0000, 0x00007fc987da9000, 0x00007fdc70600000)
   the space 10171428K,  99% used [0x00007fc71b0a0000, 0x00007fc9845ba270, 0x00007fc9845ba400, 0x00007fc987da9000)
 Metaspace       used 24269K, capacity 24693K, committed 24832K, reserved 26624K
}
Event: 5153.084 GC heap after
{Heap after GC invocations=2953 (full 7):
 def new generation   total 4577216K, used 166002K [0x00007fbc70600000, 0x00007fbda6c90000, 0x00007fc71b0a0000)
  eden space 4068672K,   0% used [0x00007fbc70600000, 0x00007fbc70600000, 0x00007fbd68b50000)
  from space 508544K,  32% used [0x00007fbd87bf0000, 0x00007fbd91e0c810, 0x00007fbda6c90000)
  to   space 508544K,   0% used [0x00007fbd68b50000, 0x00007fbd68b50000, 0x00007fbd87bf0000)
 tenured generation   total 10171428K, used 10131113K [0x00007fc71b0a0000, 0x00007fc987da9000, 0x00007fdc70600000)
   the space 10171428K,  99% used [0x00007fc71b0a0000, 0x00007fc98564a5e8, 0x00007fc98564a600, 0x00007fc987da9000)
 Metaspace       used 24269K, capacity 24693K, committed 24832K, reserved 26624K
}
Event: 5157.250 GC heap before
{Heap before GC invocations=2953 (full 7):
 def new generation   total 4577216K, used 4234674K [0x00007fbc70600000, 0x00007fbda6c90000, 0x00007fc71b0a0000)
  eden space 4068672K, 100% used [0x00007fbc70600000, 0x00007fbd68b50000, 0x00007fbd68b50000)
  from space 508544K,  32% used [0x00007fbd87bf0000, 0x00007fbd91e0c810, 0x00007fbda6c90000)
  to   space 508544K,   0% used [0x00007fbd68b50000, 0x00007fbd68b50000, 0x00007fbd87bf0000)
 tenured generation   total 10171428K, used 10131113K [0x00007fc71b0a0000, 0x00007fc987da9000, 0x00007fdc70600000)
   the space 10171428K,  99% used [0x00007fc71b0a0000, 0x00007fc98564a5e8, 0x00007fc98564a600, 0x00007fc987da9000)
 Metaspace       used 24269K, capacity 24693K, committed 24832K, reserved 26624K
}
Event: 5157.380 GC heap after
{Heap after GC invocations=2954 (full 7):
 def new generation   total 4577216K, used 152650K [0x00007fbc70600000, 0x00007fbda6c90000, 0x00007fc71b0a0000)
  eden space 4068672K,   0% used [0x00007fbc70600000, 0x00007fbc70600000, 0x00007fbd68b50000)
  from space 508544K,  30% used [0x00007fbd68b50000, 0x00007fbd72062bc0, 0x00007fbd87bf0000)
  to   space 508544K,   0% used [0x00007fbd87bf0000, 0x00007fbd87bf0000, 0x00007fbda6c90000)
 tenured generation   total 10171428K, used 10131113K [0x00007fc71b0a0000, 0x00007fc987da9000, 0x00007fdc70600000)
   the space 10171428K,  99% used [0x00007fc71b0a0000, 0x00007fc98564a5e8, 0x00007fc98564a600, 0x00007fc987da9000)
 Metaspace       used 24269K, capacity 24693K, committed 24832K, reserved 26624K
}
Event: 5162.563 GC heap before
{Heap before GC invocations=2954 (full 7):
 def new generation   total 4577216K, used 4218116K [0x00007fbc70600000, 0x00007fbda6c90000, 0x00007fc71b0a0000)
  eden space 4068672K,  99% used [0x00007fbc70600000, 0x00007fbd6882e798, 0x00007fbd68b50000)
  from space 508544K,  30% used [0x00007fbd68b50000, 0x00007fbd72062bc0, 0x00007fbd87bf0000)
  to   space 508544K,   0% used [0x00007fbd87bf0000, 0x00007fbd87bf0000, 0x00007fbda6c90000)
 tenured generation   total 10171428K, used 10131113K [0x00007fc71b0a0000, 0x00007fc987da9000, 0x00007fdc70600000)
   the space 10171428K,  99% used [0x00007fc71b0a0000, 0x00007fc98564a5e8, 0x00007fc98564a600, 0x00007fc987da9000)
 Metaspace       used 24269K, capacity 24693K, committed 24832K, reserved 26624K
}
Event: 5162.739 GC heap after
{Heap after GC invocations=2955 (full 7):
 def new generation   total 4577216K, used 163950K [0x00007fbc70600000, 0x00007fbda6c90000, 0x00007fc71b0a0000)
  eden space 4068672K,   0% used [0x00007fbc70600000, 0x00007fbc70600000, 0x00007fbd68b50000)
  from space 508544K,  32% used [0x00007fbd87bf0000, 0x00007fbd91c0b930, 0x00007fbda6c90000)
  to   space 508544K,   0% used [0x00007fbd68b50000, 0x00007fbd68b50000, 0x00007fbd87bf0000)
 tenured generation   total 10171428K, used 10148073K [0x00007fc71b0a0000, 0x00007fc987da9000, 0x00007fdc70600000)
   the space 10171428K,  99% used [0x00007fc71b0a0000, 0x00007fc9866da5e0, 0x00007fc9866da600, 0x00007fc987da9000)
 Metaspace       used 24269K, capacity 24693K, committed 24832K, reserved 26624K
}
Event: 5166.617 GC heap before
{Heap before GC invocations=2955 (full 7):
 def new generation   total 4577216K, used 4232622K [0x00007fbc70600000, 0x00007fbda6c90000, 0x00007fc71b0a0000)
  eden space 4068672K, 100% used [0x00007fbc70600000, 0x00007fbd68b50000, 0x00007fbd68b50000)
  from space 508544K,  32% used [0x00007fbd87bf0000, 0x00007fbd91c0b930, 0x00007fbda6c90000)
  to   space 508544K,   0% used [0x00007fbd68b50000, 0x00007fbd68b50000, 0x00007fbd87bf0000)
 tenured generation   total 10171428K, used 10148073K [0x00007fc71b0a0000, 0x00007fc987da9000, 0x00007fdc70600000)
   the space 10171428K,  99% used [0x00007fc71b0a0000, 0x00007fc9866da5e0, 0x00007fc9866da600, 0x00007fc987da9000)
 Metaspace       used 24269K, capacity 24693K, committed 24832K, reserved 26624K
}
Event: 5166.771 GC heap after
{Heap after GC invocations=2956 (full 7):
 def new generation   total 4577216K, used 153144K [0x00007fbc70600000, 0x00007fbda6c90000, 0x00007fc71b0a0000)
  eden space 4068672K,   0% used [0x00007fbc70600000, 0x00007fbc70600000, 0x00007fbd68b50000)
  from space 508544K,  30% used [0x00007fbd68b50000, 0x00007fbd720de028, 0x00007fbd87bf0000)
  to   space 508544K,   0% used [0x00007fbd87bf0000, 0x00007fbd87bf0000, 0x00007fbda6c90000)
 tenured generation   total 10171428K, used 10148073K [0x00007fc71b0a0000, 0x00007fc987da9000, 0x00007fdc70600000)
   the space 10171428K,  99% used [0x00007fc71b0a0000, 0x00007fc9866da5e0, 0x00007fc9866da600, 0x00007fc987da9000)
 Metaspace       used 24269K, capacity 24693K, committed 24832K, reserved 26624K
}
Event: 5171.916 GC heap before
{Heap before GC invocations=2956 (full 7):
 def new generation   total 4577216K, used 4221816K [0x00007fbc70600000, 0x00007fbda6c90000, 0x00007fc71b0a0000)
  eden space 4068672K, 100% used [0x00007fbc70600000, 0x00007fbd68b50000, 0x00007fbd68b50000)
  from space 508544K,  30% used [0x00007fbd68b50000, 0x00007fbd720de028, 0x00007fbd87bf0000)
  to   space 508544K,   0% used [0x00007fbd87bf0000, 0x00007fbd87bf0000, 0x00007fbda6c90000)
 tenured generation   total 10171428K, used 10148073K [0x00007fc71b0a0000, 0x00007fc987da9000, 0x00007fdc70600000)
   the space 10171428K,  99% used [0x00007fc71b0a0000, 0x00007fc9866da5e0, 0x00007fc9866da600, 0x00007fc987da9000)
 Metaspace       used 24269K, capacity 24693K, committed 24832K, reserved 26624K
}
Event: 5172.065 GC heap after
{Heap after GC invocations=2957 (full 7):
 def new generation   total 4577216K, used 145977K [0x00007fbc70600000, 0x00007fbda6c90000, 0x00007fc71b0a0000)
  eden space 4068672K,   0% used [0x00007fbc70600000, 0x00007fbc70600000, 0x00007fbd68b50000)
  from space 508544K,  28% used [0x00007fbd87bf0000, 0x00007fbd90a7e608, 0x00007fbda6c90000)
  to   space 508544K,   0% used [0x00007fbd68b50000, 0x00007fbd68b50000, 0x00007fbd87bf0000)
 tenured generation   total 10171428K, used 10165033K [0x00007fc71b0a0000, 0x00007fc987da9000, 0x00007fdc70600000)
   the space 10171428K,  99% used [0x00007fc71b0a0000, 0x00007fc98776a5d8, 0x00007fc98776a600, 0x00007fc987da9000)
 Metaspace       used 24269K, capacity 24693K, committed 24832K, reserved 26624K
}
Event: 5176.000 GC heap before
{Heap before GC invocations=2957 (full 7):
 def new generation   total 4577216K, used 4214649K [0x00007fbc70600000, 0x00007fbda6c90000, 0x00007fc71b0a0000)
  eden space 4068672K, 100% used [0x00007fbc70600000, 0x00007fbd68b50000, 0x00007fbd68b50000)
  from space 508544K,  28% used [0x00007fbd87bf0000, 0x00007fbd90a7e608, 0x00007fbda6c90000)
  to   space 508544K,   0% used [0x00007fbd68b50000, 0x00007fbd68b50000, 0x00007fbd87bf0000)
 tenured generation   total 10171428K, used 10165033K [0x00007fc71b0a0000, 0x00007fc987da9000, 0x00007fdc70600000)
   the space 10171428K,  99% used [0x00007fc71b0a0000, 0x00007fc98776a5d8, 0x00007fc98776a600, 0x00007fc987da9000)
 Metaspace       used 24269K, capacity 24693K, committed 24832K, reserved 26624K
}
Event: 5176.107 GC heap after
{Heap after GC invocations=2958 (full 7):
 def new generation   total 4577216K, used 152643K [0x00007fbc70600000, 0x00007fbda6c90000, 0x00007fc71b0a0000)
  eden space 4068672K,   0% used [0x00007fbc70600000, 0x00007fbc70600000, 0x00007fbd68b50000)
  from space 508544K,  30% used [0x00007fbd68b50000, 0x00007fbd72060fa8, 0x00007fbd87bf0000)
  to   space 508544K,   0% used [0x00007fbd87bf0000, 0x00007fbd87bf0000, 0x00007fbda6c90000)
 tenured generation   total 10171428K, used 10165033K [0x00007fc71b0a0000, 0x00007fc987da9000, 0x00007fdc70600000)
   the space 10171428K,  99% used [0x00007fc71b0a0000, 0x00007fc98776a5d8, 0x00007fc98776a600, 0x00007fc987da9000)
 Metaspace       used 24269K, capacity 24693K, committed 24832K, reserved 26624K
}
Event: 5181.217 GC heap before
{Heap before GC invocations=2958 (full 7):
 def new generation   total 4577216K, used 4221315K [0x00007fbc70600000, 0x00007fbda6c90000, 0x00007fc71b0a0000)
  eden space 4068672K, 100% used [0x00007fbc70600000, 0x00007fbd68b50000, 0x00007fbd68b50000)
  from space 508544K,  30% used [0x00007fbd68b50000, 0x00007fbd72060fa8, 0x00007fbd87bf0000)
  to   space 508544K,   0% used [0x00007fbd87bf0000, 0x00007fbd87bf0000, 0x00007fbda6c90000)
 tenured generation   total 10171428K, used 10165033K [0x00007fc71b0a0000, 0x00007fc987da9000, 0x00007fdc70600000)
   the space 10171428K,  99% used [0x00007fc71b0a0000, 0x00007fc98776a5d8, 0x00007fc98776a600, 0x00007fc987da9000)
 Metaspace       used 24269K, capacity 24693K, committed 24832K, reserved 26624K
}
Event: 5181.369 GC heap after
{Heap after GC invocations=2959 (full 7):
 def new generation   total 4577216K, used 144950K [0x00007fbc70600000, 0x00007fbda6c90000, 0x00007fc71b0a0000)
  eden space 4068672K,   0% used [0x00007fbc70600000, 0x00007fbc70600000, 0x00007fbd68b50000)
  from space 508544K,  28% used [0x00007fbd87bf0000, 0x00007fbd9097da18, 0x00007fbda6c90000)
  to   space 508544K,   0% used [0x00007fbd68b50000, 0x00007fbd68b50000, 0x00007fbd87bf0000)
 tenured generation   total 10187816K, used 10181993K [0x00007fc71b0a0000, 0x00007fc988daa000, 0x00007fdc70600000)
   the space 10187816K,  99% used [0x00007fc71b0a0000, 0x00007fc9887fa5d0, 0x00007fc9887fa600, 0x00007fc988daa000)
 Metaspace       used 24269K, capacity 24693K, committed 24832K, reserved 26624K
}
Event: 5181.369 GC heap before
{Heap before GC invocations=2959 (full 7):
 def new generation   total 4577216K, used 144950K [0x00007fbc70600000, 0x00007fbda6c90000, 0x00007fc71b0a0000)
  eden space 4068672K,   0% used [0x00007fbc70600000, 0x00007fbc70600000, 0x00007fbd68b50000)
  from space 508544K,  28% used [0x00007fbd87bf0000, 0x00007fbd9097da18, 0x00007fbda6c90000)
  to   space 508544K,   0% used [0x00007fbd68b50000, 0x00007fbd68b50000, 0x00007fbd87bf0000)
 tenured generation   total 10187816K, used 10181993K [0x00007fc71b0a0000, 0x00007fc988daa000, 0x00007fdc70600000)
   the space 10187816K,  99% used [0x00007fc71b0a0000, 0x00007fc9887fa5d0, 0x00007fc9887fa600, 0x00007fc988daa000)
 Metaspace       used 24269K, capacity 24693K, committed 24832K, reserved 26624K
}

Deoptimization events (20 events):
Event: 4376.369 Thread 0x00007fdc88018000 DEOPT PACKING pc=0x00007fdc71347462 sp=0x00007fdc8ee61800
Event: 4376.369 Thread 0x00007fdc88018000 DEOPT UNPACKING pc=0x00007fdc707d333a sp=0x00007fdc8ee60d30 mode 0
Event: 4376.373 Thread 0x00007fdc88018000 Uncommon trap: trap_request=0xffffffde fr.pc=0x00007fdc783b9934 relative=0x00000000000006d4
Event: 4376.373 Thread 0x00007fdc88018000 Uncommon trap: reason=class_check action=maybe_recompile pc=0x00007fdc783b9934 method=org.jgrapht.graph.specifics.UndirectedSpecifics.<init>(Lorg/jgrapht/Graph;Ljava/util/Map;Lorg/jgrapht/graph/EdgeSetFactory;)V @ 9 c2
Event: 4376.373 Thread 0x00007fdc88018000 DEOPT PACKING pc=0x00007fdc783b9934 sp=0x00007fdc8ee61740
Event: 4376.373 Thread 0x00007fdc88018000 DEOPT UNPACKING pc=0x00007fdc707d2e25 sp=0x00007fdc8ee61610 mode 2
Event: 4376.373 Thread 0x00007fdc88018000 Uncommon trap: trap_request=0xffffff45 fr.pc=0x00007fdc7834b9d4 relative=0x0000000000000b34
Event: 4376.373 Thread 0x00007fdc88018000 Uncommon trap: reason=unstable_if action=reinterpret pc=0x00007fdc7834b9d4 method=org.jgrapht.graph.specifics.UndirectedEdgeContainer.getUnmodifiableVertexEdges()Ljava/util/Set; @ 4 c2
Event: 4376.373 Thread 0x00007fdc88018000 DEOPT PACKING pc=0x00007fdc7834b9d4 sp=0x00007fdc8ee618d0
Event: 4376.373 Thread 0x00007fdc88018000 DEOPT UNPACKING pc=0x00007fdc707d2e25 sp=0x00007fdc8ee617f8 mode 2
Event: 4376.374 Thread 0x00007fdc88018000 Uncommon trap: trap_request=0xffffff45 fr.pc=0x00007fdc783e2dc0 relative=0x0000000000001560
Event: 4376.374 Thread 0x00007fdc88018000 Uncommon trap: reason=unstable_if action=reinterpret pc=0x00007fdc783e2dc0 method=org.jgrapht.graph.specifics.UndirectedEdgeContainer.getUnmodifiableVertexEdges()Ljava/util/Set; @ 4 c2
Event: 4376.374 Thread 0x00007fdc88018000 DEOPT PACKING pc=0x00007fdc783e2dc0 sp=0x00007fdc8ee618c0
Event: 4376.374 Thread 0x00007fdc88018000 DEOPT UNPACKING pc=0x00007fdc707d2e25 sp=0x00007fdc8ee61788 mode 2
Event: 4378.726 Thread 0x00007fdc88018000 Uncommon trap: trap_request=0xffffff45 fr.pc=0x00007fdc7835f534 relative=0x0000000000000134
Event: 4378.727 Thread 0x00007fdc88018000 Uncommon trap: reason=unstable_if action=reinterpret pc=0x00007fdc7835f534 method=java.util.HashMap.clear()V @ 16 c2
Event: 4378.727 Thread 0x00007fdc88018000 DEOPT PACKING pc=0x00007fdc7835f534 sp=0x00007fdc8ee61890
Event: 4378.727 Thread 0x00007fdc88018000 DEOPT UNPACKING pc=0x00007fdc707d2e25 sp=0x00007fdc8ee61838 mode 2
Event: 4991.411 Thread 0x00007fdc88018000 DEOPT PACKING pc=0x00007fdc712925a0 sp=0x00007fdc8ee61880
Event: 4991.411 Thread 0x00007fdc88018000 DEOPT UNPACKING pc=0x00007fdc707d333a sp=0x00007fdc8ee60d30 mode 0

Classes unloaded (0 events):
No events

Classes redefined (0 events):
No events

Internal exceptions (20 events):
Event: 0.818 Thread 0x00007fdc88018000 Exception <a 'java/lang/NoSuchMethodError'{0x00007fbc71c41318}: 'int java.lang.invoke.DirectMethodHandle$Holder.invokeSpecial(java.lang.Object, java.lang.Object, java.lang.Object, java.lang.Object)'> (0x00007fbc71c41318) 
thrown [src/hotspot/share/interpreter/linkResolver.cpp, line 766]
Event: 0.820 Thread 0x00007fdc88018000 Exception <a 'java/lang/NoSuchMethodError'{0x00007fbc71c58428}: 'java.lang.Object java.lang.invoke.DirectMethodHandle$Holder.invokeVirtual(java.lang.Object, java.lang.Object, java.lang.Object, int, int)'> (0x00007fbc71c58428) 
thrown [src/hotspot/share/interpreter/linkResolver.cpp, line 766]
Event: 0.821 Thread 0x00007fdc88018000 Exception <a 'java/lang/NoSuchMethodError'{0x00007fbc71c607d8}: 'java.lang.Object java.lang.invoke.DirectMethodHandle$Holder.invokeVirtual(java.lang.Object, java.lang.Object, int)'> (0x00007fbc71c607d8) 
thrown [src/hotspot/share/interpreter/linkResolver.cpp, line 766]
Event: 0.827 Thread 0x00007fdc88018000 Exception <a 'java/lang/NoSuchMethodError'{0x00007fbc71c7ee90}: 'java.lang.Object java.lang.invoke.DirectMethodHandle$Holder.invokeSpecial(java.lang.Object, java.lang.Object, java.lang.Object, int, int)'> (0x00007fbc71c7ee90) 
thrown [src/hotspot/share/interpreter/linkResolver.cpp, line 766]
Event: 1.182 Thread 0x00007fdc88018000 Exception <a 'java/lang/NoSuchMethodError'{0x00007fbc73240ee0}: 'int java.lang.invoke.DirectMethodHandle$Holder.invokeSpecial(java.lang.Object, java.lang.Object, java.lang.Object, java.lang.Object, java.lang.Object)'> (0x00007fbc73240ee0) 
thrown [src/hotspot/share/interpreter/linkResolver.cpp, line 766]
Event: 1.267 Thread 0x00007fdc88018000 Exception <a 'java/lang/NoSuchMethodError'{0x00007fbc7365ed70}: 'java.lang.Object java.lang.invoke.DirectMethodHandle$Holder.invokeStatic(java.lang.Object, java.lang.Object, int, int)'> (0x00007fbc7365ed70) 
thrown [src/hotspot/share/interpreter/linkResolver.cpp, line 766]
Event: 1.640 Thread 0x00007fdc88018000 Exception <a 'java/lang/NoSuchMethodError'{0x00007fbc75ca1ec0}: 'void java.lang.invoke.DirectMethodHandle$Holder.invokeVirtual(java.lang.Object, java.lang.Object)'> (0x00007fbc75ca1ec0) 
thrown [src/hotspot/share/interpreter/linkResolver.cpp, line 766]
Event: 1.780 Thread 0x00007fdc88018000 Exception <a 'java/lang/NoSuchMethodError'{0x00007fbc760287c8}: 'int java.lang.invoke.DirectMethodHandle$Holder.invokeVirtual(java.lang.Object, java.lang.Object, java.lang.Object, java.lang.Object)'> (0x00007fbc760287c8) 
thrown [src/hotspot/share/interpreter/linkResolver.cpp, line 766]
Event: 1.781 Thread 0x00007fdc88018000 Exception <a 'java/lang/NoSuchMethodError'{0x00007fbc76036a30}: 'java.lang.Object java.lang.invoke.DirectMethodHandle$Holder.invokeStatic(java.lang.Object, java.lang.Object, int, java.lang.Object)'> (0x00007fbc76036a30) 
thrown [src/hotspot/share/interpreter/linkResolver.cpp, line 766]
Event: 1.781 Thread 0x00007fdc88018000 Exception <a 'java/lang/NoSuchMethodError'{0x00007fbc7603f348}: 'java.lang.Object java.lang.invoke.Invokers$Holder.linkToTargetMethod(java.lang.Object, int, java.lang.Object, java.lang.Object)'> (0x00007fbc7603f348) 
thrown [src/hotspot/share/interpreter/linkResolver.cpp, line 766]
Event: 2.024 Thread 0x00007fdc88018000 Implicit null exception at 0x00007fdc782c5c45 to 0x00007fdc782c5e18
Event: 2.024 Thread 0x00007fdc88018000 Implicit null exception at 0x00007fdc7827eb8f to 0x00007fdc7827ebf9
Event: 2.420 Thread 0x00007fdc88018000 Exception <a 'java/lang/NoSuchMethodError'{0x00007fbc76e00fc0}: 'java.lang.Object java.lang.invoke.Invokers$Holder.linkToTargetMethod(java.lang.Object, int, java.lang.Object)'> (0x00007fbc76e00fc0) 
thrown [src/hotspot/share/interpreter/linkResolver.cpp, line 766]
Event: 2.436 Thread 0x00007fdc88018000 Exception <a 'java/lang/NoSuchMethodError'{0x00007fbc76e3da00}: 'java.lang.Object java.lang.invoke.Invokers$Holder.linkToTargetMethod(java.lang.Object, long, java.lang.Object)'> (0x00007fbc76e3da00) 
thrown [src/hotspot/share/interpreter/linkResolver.cpp, line 766]
Event: 2.532 Thread 0x00007fdc880a7000 Implicit null exception at 0x00007fdc782a6c4c to 0x00007fdc782a6d00
Event: 2.873 Thread 0x00007fdc88018000 Exception <a 'java/lang/NoSuchMethodError'{0x00007fbc7ce92f38}: 'java.lang.Object java.lang.invoke.Invokers$Holder.invokeExact_MT(java.lang.Object, java.lang.Object, java.lang.Object, java.lang.Object, java.lang.Object, java.lang.Object)'> (0x00007fbc7ce92f38) 
thrown [src/hotspot/share/interpreter/linkResolver.cpp, line 766]
Event: 2.969 Thread 0x00007fdc88018000 Exception <a 'java/lang/NoSuchMethodError'{0x00007fbc7e44be68}: 'int java.lang.invoke.DirectMethodHandle$Holder.invokeStatic(java.lang.Object, java.lang.Object, int)'> (0x00007fbc7e44be68) 
thrown [src/hotspot/share/interpreter/linkResolver.cpp, line 766]
Event: 3.049 Thread 0x00007fdc88018000 Exception <a 'java/lang/NoSuchMethodError'{0x00007fbc7e650800}: 'double java.lang.invoke.DirectMethodHandle$Holder.invokeStatic(java.lang.Object, java.lang.Object)'> (0x00007fbc7e650800) 
thrown [src/hotspot/share/interpreter/linkResolver.cpp, line 766]
Event: 3.093 Thread 0x00007fdc88018000 Exception <a 'java/lang/NoSuchMethodError'{0x00007fbc7e7ba4a0}: 'int java.lang.invoke.DirectMethodHandle$Holder.invokeStatic(java.lang.Object, java.lang.Object, java.lang.Object, int)'> (0x00007fbc7e7ba4a0) 
thrown [src/hotspot/share/interpreter/linkResolver.cpp, line 766]
Event: 4378.726 Thread 0x00007fdc88018000 Implicit null exception at 0x00007fdc7835f426 to 0x00007fdc7835f520

Events (20 events):
Event: 5133.634 Executing VM operation: GenCollectForAllocation done
Event: 5137.567 Executing VM operation: GenCollectForAllocation
Event: 5137.700 Executing VM operation: GenCollectForAllocation done
Event: 5143.170 Executing VM operation: GenCollectForAllocation
Event: 5143.299 Executing VM operation: GenCollectForAllocation done
Event: 5147.157 Executing VM operation: GenCollectForAllocation
Event: 5147.278 Executing VM operation: GenCollectForAllocation done
Event: 5152.933 Executing VM operation: GenCollectForAllocation
Event: 5153.084 Executing VM operation: GenCollectForAllocation done
Event: 5157.250 Executing VM operation: GenCollectForAllocation
Event: 5157.380 Executing VM operation: GenCollectForAllocation done
Event: 5162.563 Executing VM operation: GenCollectForAllocation
Event: 5162.739 Executing VM operation: GenCollectForAllocation done
Event: 5166.617 Executing VM operation: GenCollectForAllocation
Event: 5166.771 Executing VM operation: GenCollectForAllocation done
Event: 5171.916 Executing VM operation: GenCollectForAllocation
Event: 5172.065 Executing VM operation: GenCollectForAllocation done
Event: 5175.999 Executing VM operation: GenCollectForAllocation
Event: 5176.107 Executing VM operation: GenCollectForAllocation done
Event: 5181.217 Executing VM operation: GenCollectForAllocation


Dynamic libraries:
561372f42000-561372f43000 r--p 00000000 07:13 4860                       /usr/lib/jvm/java-13-openjdk-amd64/bin/java
561372f43000-561372f44000 r-xp 00001000 07:13 4860                       /usr/lib/jvm/java-13-openjdk-amd64/bin/java
561372f44000-561372f45000 r--p 00002000 07:13 4860                       /usr/lib/jvm/java-13-openjdk-amd64/bin/java
561372f45000-561372f46000 r--p 00002000 07:13 4860                       /usr/lib/jvm/java-13-openjdk-amd64/bin/java
561372f46000-561372f47000 rw-p 00003000 07:13 4860                       /usr/lib/jvm/java-13-openjdk-amd64/bin/java
561374129000-56137414a000 rw-p 00000000 00:00 0                          [heap]
7fbc28000000-7fbc28021000 rw-p 00000000 00:00 0 
7fbc28021000-7fbc2c000000 ---p 00000000 00:00 0 
7fbc30000000-7fbc30021000 rw-p 00000000 00:00 0 
7fbc30021000-7fbc34000000 ---p 00000000 00:00 0 
7fbc34000000-7fbc34021000 rw-p 00000000 00:00 0 
7fbc34021000-7fbc38000000 ---p 00000000 00:00 0 
7fbc38000000-7fbc3a347000 rw-p 00000000 00:00 0 
7fbc3a347000-7fbc3c000000 ---p 00000000 00:00 0 
7fbc3c000000-7fbc3cca7000 rw-p 00000000 00:00 0 
7fbc3cca7000-7fbc40000000 ---p 00000000 00:00 0 
7fbc40000000-7fbc40021000 rw-p 00000000 00:00 0 
7fbc40021000-7fbc44000000 ---p 00000000 00:00 0 
7fbc44000000-7fbc44021000 rw-p 00000000 00:00 0 
7fbc44021000-7fbc48000000 ---p 00000000 00:00 0 
7fbc48000000-7fbc48021000 rw-p 00000000 00:00 0 
7fbc48021000-7fbc4c000000 ---p 00000000 00:00 0 
7fbc4c000000-7fbc4c021000 rw-p 00000000 00:00 0 
7fbc4c021000-7fbc50000000 ---p 00000000 00:00 0 
7fbc50000000-7fbc5008f000 rw-p 00000000 00:00 0 
7fbc5008f000-7fbc54000000 ---p 00000000 00:00 0 
7fbc55b54000-7fbc56ec3000 rw-p 00000000 00:00 0 
7fbc56ec3000-7fbc605ff000 ---p 00000000 00:00 0 
7fbc605ff000-7fbc60fb3000 rw-p 00000000 00:00 0 
7fbc60fb3000-7fbc65b54000 ---p 00000000 00:00 0 
7fbc65b54000-7fbc66ec3000 rw-p 00000000 00:00 0 
7fbc66ec3000-7fbc705ff000 ---p 00000000 00:00 0 
7fbc705ff000-7fbda6c90000 rw-p 00000000 00:00 0 
7fbda6c90000-7fc71b0a0000 ---p 00000000 00:00 0 
7fc71b0a0000-7fc988daa000 rw-p 00000000 00:00 0 
7fcb16c39000-7fdc70600000 ---p 00000000 00:00 0 
7fdc7078a000-7fdc709fa000 rwxp 00000000 00:00 0 
7fdc709fa000-7fdc70d19000 ---p 00000000 00:00 0 
7fdc70d19000-7fdc713c9000 rwxp 00000000 00:00 0 
7fdc713c9000-7fdc78251000 ---p 00000000 00:00 0 
7fdc78251000-7fdc784c1000 rwxp 00000000 00:00 0 
7fdc784c1000-7fdc7f78a000 ---p 00000000 00:00 0 
7fdc7f78a000-7fdc88000000 r--s 00000000 07:13 5215                       /usr/lib/jvm/java-13-openjdk-amd64/lib/modules
7fdc88000000-7fdc88713000 rw-p 00000000 00:00 0 
7fdc88713000-7fdc8c000000 ---p 00000000 00:00 0 
7fdc8c3ad000-7fdc8c3ed000 rw-p 00000000 00:00 0 
7fdc8c3ed000-7fdc8c5ad000 ---p 00000000 00:00 0 
7fdc8c5ad000-7fdc8c7ad000 rw-p 00000000 00:00 0 
7fdc8c7ad000-7fdc8c9ad000 rw-p 00000000 00:00 0 
7fdc8c9ad000-7fdc8cbad000 rw-p 00000000 00:00 0 
7fdc8cbad000-7fdc8cdad000 rw-p 00000000 00:00 0 
7fdc8cdad000-7fdc8d14d000 rw-p 00000000 00:00 0 
7fdc8d14d000-7fdc8d34d000 rw-p 00000000 00:00 0 
7fdc8d34d000-7fdc8d54d000 rw-p 00000000 00:00 0 
7fdc8d54d000-7fdc8d74d000 rw-p 00000000 00:00 0 
7fdc8d74d000-7fdc8d77e000 rw-p 00000000 00:00 0 
7fdc8d77e000-7fdc8d782000 r--p 00000000 07:13 5204                       /usr/lib/jvm/java-13-openjdk-amd64/lib/libnet.so
7fdc8d782000-7fdc8d790000 r-xp 00004000 07:13 5204                       /usr/lib/jvm/java-13-openjdk-amd64/lib/libnet.so
7fdc8d790000-7fdc8d794000 r--p 00012000 07:13 5204                       /usr/lib/jvm/java-13-openjdk-amd64/lib/libnet.so
7fdc8d794000-7fdc8d795000 r--p 00015000 07:13 5204                       /usr/lib/jvm/java-13-openjdk-amd64/lib/libnet.so
7fdc8d795000-7fdc8d796000 rw-p 00016000 07:13 5204                       /usr/lib/jvm/java-13-openjdk-amd64/lib/libnet.so
7fdc8d796000-7fdc8d79d000 r--p 00000000 07:13 5205                       /usr/lib/jvm/java-13-openjdk-amd64/lib/libnio.so
7fdc8d79d000-7fdc8d7a6000 r-xp 00007000 07:13 5205                       /usr/lib/jvm/java-13-openjdk-amd64/lib/libnio.so
7fdc8d7a6000-7fdc8d7aa000 r--p 00010000 07:13 5205                       /usr/lib/jvm/java-13-openjdk-amd64/lib/libnio.so
7fdc8d7aa000-7fdc8d7ab000 r--p 00013000 07:13 5205                       /usr/lib/jvm/java-13-openjdk-amd64/lib/libnio.so
7fdc8d7ab000-7fdc8d7ac000 rw-p 00014000 07:13 5205                       /usr/lib/jvm/java-13-openjdk-amd64/lib/libnio.so
7fdc8d7ac000-7fdc8d7ad000 ---p 00000000 00:00 0 
7fdc8d7ad000-7fdc8d8ae000 rw-p 00000000 00:00 0 
7fdc8d8ae000-7fdc8d8b2000 ---p 00000000 00:00 0 
7fdc8d8b2000-7fdc8d9af000 rw-p 00000000 00:00 0 
7fdc8d9af000-7fdc8d9b3000 ---p 00000000 00:00 0 
7fdc8d9b3000-7fdc8dab0000 rw-p 00000000 00:00 0 
7fdc8dab0000-7fdc8dab4000 ---p 00000000 00:00 0 
7fdc8dab4000-7fdc8dbb1000 rw-p 00000000 00:00 0 
7fdc8dbb1000-7fdc8dbb5000 ---p 00000000 00:00 0 
7fdc8dbb5000-7fdc8dcb2000 rw-p 00000000 00:00 0 
7fdc8dcb2000-7fdc8dcb6000 ---p 00000000 00:00 0 
7fdc8dcb6000-7fdc8ddb3000 rw-p 00000000 00:00 0 
7fdc8ddb3000-7fdc8ddb7000 ---p 00000000 00:00 0 
7fdc8ddb7000-7fdc8deb4000 rw-p 00000000 00:00 0 
7fdc8deb4000-7fdc8debb000 r--s 00000000 07:13 8532                       /usr/lib/x86_64-linux-gnu/gconv/gconv-modules.cache
7fdc8debb000-7fdc8deed000 r--p 00000000 07:13 5276                       /usr/lib/locale/C.UTF-8/LC_CTYPE
7fdc8deed000-7fdc8def1000 ---p 00000000 00:00 0 
7fdc8def1000-7fdc8dfee000 rw-p 00000000 00:00 0 
7fdc8dfee000-7fdc8dff2000 ---p 00000000 00:00 0 
7fdc8dff2000-7fdc8e0ef000 rw-p 00000000 00:00 0 
7fdc8e0ef000-7fdc8e0f0000 ---p 00000000 00:00 0 
7fdc8e0f0000-7fdc8eb0e000 rw-p 00000000 00:00 0 
7fdc8eb0e000-7fdc8eb13000 rw-p 00000000 00:00 0 
7fdc8eb13000-7fdc8ebf9000 ---p 00000000 00:00 0 
7fdc8ebf9000-7fdc8ec07000 rw-p 00000000 00:00 0 
7fdc8ec07000-7fdc8ece4000 ---p 00000000 00:00 0 
7fdc8ece4000-7fdc8ece9000 rw-p 00000000 00:00 0 
7fdc8ece9000-7fdc8ecf0000 ---p 00000000 00:00 0 
7fdc8ecf0000-7fdc8ecf2000 r--p 00000000 07:13 5214                       /usr/lib/jvm/java-13-openjdk-amd64/lib/libzip.so
7fdc8ecf2000-7fdc8ecf6000 r-xp 00002000 07:13 5214                       /usr/lib/jvm/java-13-openjdk-amd64/lib/libzip.so
7fdc8ecf6000-7fdc8ecf8000 r--p 00006000 07:13 5214                       /usr/lib/jvm/java-13-openjdk-amd64/lib/libzip.so
7fdc8ecf8000-7fdc8ecf9000 r--p 00007000 07:13 5214                       /usr/lib/jvm/java-13-openjdk-amd64/lib/libzip.so
7fdc8ecf9000-7fdc8ecfa000 rw-p 00008000 07:13 5214                       /usr/lib/jvm/java-13-openjdk-amd64/lib/libzip.so
7fdc8ecfa000-7fdc8ed02000 rw-s 00000000 08:03 67687802                   /tmp/hsperfdata_rcabanas/2409
7fdc8ed02000-7fdc8ed05000 r--p 00000000 07:13 9108                       /usr/lib/x86_64-linux-gnu/libnss_files-2.31.so
7fdc8ed05000-7fdc8ed0c000 r-xp 00003000 07:13 9108                       /usr/lib/x86_64-linux-gnu/libnss_files-2.31.so
7fdc8ed0c000-7fdc8ed0e000 r--p 0000a000 07:13 9108                       /usr/lib/x86_64-linux-gnu/libnss_files-2.31.so
7fdc8ed0e000-7fdc8ed0f000 r--p 0000b000 07:13 9108                       /usr/lib/x86_64-linux-gnu/libnss_files-2.31.so
7fdc8ed0f000-7fdc8ed10000 rw-p 0000c000 07:13 9108                       /usr/lib/x86_64-linux-gnu/libnss_files-2.31.so
7fdc8ed10000-7fdc8ed16000 rw-p 00000000 00:00 0 
7fdc8ed1c000-7fdc8ed1e000 r--p 00000000 07:13 5195                       /usr/lib/jvm/java-13-openjdk-amd64/lib/libjimage.so
7fdc8ed1e000-7fdc8ed21000 r-xp 00002000 07:13 5195                       /usr/lib/jvm/java-13-openjdk-amd64/lib/libjimage.so
7fdc8ed21000-7fdc8ed22000 r--p 00005000 07:13 5195                       /usr/lib/jvm/java-13-openjdk-amd64/lib/libjimage.so
7fdc8ed22000-7fdc8ed23000 ---p 00006000 07:13 5195                       /usr/lib/jvm/java-13-openjdk-amd64/lib/libjimage.so
7fdc8ed23000-7fdc8ed24000 r--p 00006000 07:13 5195                       /usr/lib/jvm/java-13-openjdk-amd64/lib/libjimage.so
7fdc8ed24000-7fdc8ed25000 rw-p 00007000 07:13 5195                       /usr/lib/jvm/java-13-openjdk-amd64/lib/libjimage.so
7fdc8ed25000-7fdc8ed32000 r--p 00000000 07:13 5191                       /usr/lib/jvm/java-13-openjdk-amd64/lib/libjava.so
7fdc8ed32000-7fdc8ed47000 r-xp 0000d000 07:13 5191                       /usr/lib/jvm/java-13-openjdk-amd64/lib/libjava.so
7fdc8ed47000-7fdc8ed4d000 r--p 00022000 07:13 5191                       /usr/lib/jvm/java-13-openjdk-amd64/lib/libjava.so
7fdc8ed4d000-7fdc8ed4e000 ---p 00028000 07:13 5191                       /usr/lib/jvm/java-13-openjdk-amd64/lib/libjava.so
7fdc8ed4e000-7fdc8ed4f000 r--p 00028000 07:13 5191                       /usr/lib/jvm/java-13-openjdk-amd64/lib/libjava.so
7fdc8ed4f000-7fdc8ed51000 rw-p 00029000 07:13 5191                       /usr/lib/jvm/java-13-openjdk-amd64/lib/libjava.so
7fdc8ed51000-7fdc8ed56000 r--p 00000000 07:13 5213                       /usr/lib/jvm/java-13-openjdk-amd64/lib/libverify.so
7fdc8ed56000-7fdc8ed5d000 r-xp 00005000 07:13 5213                       /usr/lib/jvm/java-13-openjdk-amd64/lib/libverify.so
7fdc8ed5d000-7fdc8ed5f000 r--p 0000c000 07:13 5213                       /usr/lib/jvm/java-13-openjdk-amd64/lib/libverify.so
7fdc8ed5f000-7fdc8ed60000 ---p 0000e000 07:13 5213                       /usr/lib/jvm/java-13-openjdk-amd64/lib/libverify.so
7fdc8ed60000-7fdc8ed62000 r--p 0000e000 07:13 5213                       /usr/lib/jvm/java-13-openjdk-amd64/lib/libverify.so
7fdc8ed62000-7fdc8ed63000 rw-p 00010000 07:13 5213                       /usr/lib/jvm/java-13-openjdk-amd64/lib/libverify.so
7fdc8ed63000-7fdc8ed67000 ---p 00000000 00:00 0 
7fdc8ed67000-7fdc8ee64000 rw-p 00000000 00:00 0 
7fdc8ee64000-7fdc8ee67000 r--p 00000000 07:13 8948                       /usr/lib/x86_64-linux-gnu/libgcc_s.so.1
7fdc8ee67000-7fdc8ee79000 r-xp 00003000 07:13 8948                       /usr/lib/x86_64-linux-gnu/libgcc_s.so.1
7fdc8ee79000-7fdc8ee7d000 r--p 00015000 07:13 8948                       /usr/lib/x86_64-linux-gnu/libgcc_s.so.1
7fdc8ee7d000-7fdc8ee7e000 r--p 00018000 07:13 8948                       /usr/lib/x86_64-linux-gnu/libgcc_s.so.1
7fdc8ee7e000-7fdc8ee7f000 rw-p 00019000 07:13 8948                       /usr/lib/x86_64-linux-gnu/libgcc_s.so.1
7fdc8ee7f000-7fdc8ee8c000 r--p 00000000 07:13 9062                       /usr/lib/x86_64-linux-gnu/libm-2.31.so
7fdc8ee8c000-7fdc8ef33000 r-xp 0000d000 07:13 9062                       /usr/lib/x86_64-linux-gnu/libm-2.31.so
7fdc8ef33000-7fdc8efcc000 r--p 000b4000 07:13 9062                       /usr/lib/x86_64-linux-gnu/libm-2.31.so
7fdc8efcc000-7fdc8efcd000 r--p 0014c000 07:13 9062                       /usr/lib/x86_64-linux-gnu/libm-2.31.so
7fdc8efcd000-7fdc8efce000 rw-p 0014d000 07:13 9062                       /usr/lib/x86_64-linux-gnu/libm-2.31.so
7fdc8efce000-7fdc8f064000 r--p 00000000 07:13 9213                       /usr/lib/x86_64-linux-gnu/libstdc++.so.6.0.28
7fdc8f064000-7fdc8f155000 r-xp 00096000 07:13 9213                       /usr/lib/x86_64-linux-gnu/libstdc++.so.6.0.28
7fdc8f155000-7fdc8f19e000 r--p 00187000 07:13 9213                       /usr/lib/x86_64-linux-gnu/libstdc++.so.6.0.28
7fdc8f19e000-7fdc8f19f000 ---p 001d0000 07:13 9213                       /usr/lib/x86_64-linux-gnu/libstdc++.so.6.0.28
7fdc8f19f000-7fdc8f1aa000 r--p 001d0000 07:13 9213                       /usr/lib/x86_64-linux-gnu/libstdc++.so.6.0.28
7fdc8f1aa000-7fdc8f1ad000 rw-p 001db000 07:13 9213                       /usr/lib/x86_64-linux-gnu/libstdc++.so.6.0.28
7fdc8f1ad000-7fdc8f1b0000 rw-p 00000000 00:00 0 
7fdc8f1b0000-7fdc8f436000 r--p 00000000 07:13 5226                       /usr/lib/jvm/java-13-openjdk-amd64/lib/server/libjvm.so
7fdc8f436000-7fdc901b3000 r-xp 00286000 07:13 5226                       /usr/lib/jvm/java-13-openjdk-amd64/lib/server/libjvm.so
7fdc901b3000-7fdc9042e000 r--p 01003000 07:13 5226                       /usr/lib/jvm/java-13-openjdk-amd64/lib/server/libjvm.so
7fdc9042e000-7fdc904f3000 r--p 0127d000 07:13 5226                       /usr/lib/jvm/java-13-openjdk-amd64/lib/server/libjvm.so
7fdc904f3000-7fdc9052e000 rw-p 01342000 07:13 5226                       /usr/lib/jvm/java-13-openjdk-amd64/lib/server/libjvm.so
7fdc9052e000-7fdc905b4000 rw-p 00000000 00:00 0 
7fdc905b4000-7fdc905ba000 r--p 00000000 07:13 9166                       /usr/lib/x86_64-linux-gnu/libpthread-2.31.so
7fdc905ba000-7fdc905cb000 r-xp 00006000 07:13 9166                       /usr/lib/x86_64-linux-gnu/libpthread-2.31.so
7fdc905cb000-7fdc905d1000 r--p 00017000 07:13 9166                       /usr/lib/x86_64-linux-gnu/libpthread-2.31.so
7fdc905d1000-7fdc905d2000 r--p 0001c000 07:13 9166                       /usr/lib/x86_64-linux-gnu/libpthread-2.31.so
7fdc905d2000-7fdc905d3000 rw-p 0001d000 07:13 9166                       /usr/lib/x86_64-linux-gnu/libpthread-2.31.so
7fdc905d3000-7fdc905d7000 rw-p 00000000 00:00 0 
7fdc905d7000-7fdc905d8000 r--p 00000000 07:13 8893                       /usr/lib/x86_64-linux-gnu/libdl-2.31.so
7fdc905d8000-7fdc905da000 r-xp 00001000 07:13 8893                       /usr/lib/x86_64-linux-gnu/libdl-2.31.so
7fdc905da000-7fdc905db000 r--p 00003000 07:13 8893                       /usr/lib/x86_64-linux-gnu/libdl-2.31.so
7fdc905db000-7fdc905dc000 r--p 00003000 07:13 8893                       /usr/lib/x86_64-linux-gnu/libdl-2.31.so
7fdc905dc000-7fdc905dd000 rw-p 00004000 07:13 8893                       /usr/lib/x86_64-linux-gnu/libdl-2.31.so
7fdc905dd000-7fdc905df000 r--p 00000000 07:13 9290                       /usr/lib/x86_64-linux-gnu/libz.so.1.2.11
7fdc905df000-7fdc905f0000 r-xp 00002000 07:13 9290                       /usr/lib/x86_64-linux-gnu/libz.so.1.2.11
7fdc905f0000-7fdc905f6000 r--p 00013000 07:13 9290                       /usr/lib/x86_64-linux-gnu/libz.so.1.2.11
7fdc905f6000-7fdc905f7000 ---p 00019000 07:13 9290                       /usr/lib/x86_64-linux-gnu/libz.so.1.2.11
7fdc905f7000-7fdc905f8000 r--p 00019000 07:13 9290                       /usr/lib/x86_64-linux-gnu/libz.so.1.2.11
7fdc905f8000-7fdc905f9000 rw-p 0001a000 07:13 9290                       /usr/lib/x86_64-linux-gnu/libz.so.1.2.11
7fdc905f9000-7fdc9061b000 r--p 00000000 07:13 8851                       /usr/lib/x86_64-linux-gnu/libc-2.31.so
7fdc9061b000-7fdc90793000 r-xp 00022000 07:13 8851                       /usr/lib/x86_64-linux-gnu/libc-2.31.so
7fdc90793000-7fdc907e1000 r--p 0019a000 07:13 8851                       /usr/lib/x86_64-linux-gnu/libc-2.31.so
7fdc907e1000-7fdc907e5000 r--p 001e7000 07:13 8851                       /usr/lib/x86_64-linux-gnu/libc-2.31.so
7fdc907e5000-7fdc907e7000 rw-p 001eb000 07:13 8851                       /usr/lib/x86_64-linux-gnu/libc-2.31.so
7fdc907e7000-7fdc907eb000 rw-p 00000000 00:00 0 
7fdc907ed000-7fdc907ef000 r--s 0000c000 07:13 20930                      /usr/share/java/java-atk-wrapper.jar
7fdc907ef000-7fdc907f0000 ---p 00000000 00:00 0 
7fdc907f0000-7fdc907f1000 r--p 00000000 00:00 0 
7fdc907f1000-7fdc907f4000 r--p 00000000 07:13 5196                       /usr/lib/jvm/java-13-openjdk-amd64/lib/libjli.so
7fdc907f4000-7fdc907fe000 r-xp 00003000 07:13 5196                       /usr/lib/jvm/java-13-openjdk-amd64/lib/libjli.so
7fdc907fe000-7fdc90801000 r--p 0000d000 07:13 5196                       /usr/lib/jvm/java-13-openjdk-amd64/lib/libjli.so
7fdc90801000-7fdc90802000 r--p 0000f000 07:13 5196                       /usr/lib/jvm/java-13-openjdk-amd64/lib/libjli.so
7fdc90802000-7fdc90803000 rw-p 00010000 07:13 5196                       /usr/lib/jvm/java-13-openjdk-amd64/lib/libjli.so
7fdc90803000-7fdc90805000 rw-p 00000000 00:00 0 
7fdc90805000-7fdc90806000 r--p 00000000 07:13 8572                       /usr/lib/x86_64-linux-gnu/ld-2.31.so
7fdc90806000-7fdc90829000 r-xp 00001000 07:13 8572                       /usr/lib/x86_64-linux-gnu/ld-2.31.so
7fdc90829000-7fdc90831000 r--p 00024000 07:13 8572                       /usr/lib/x86_64-linux-gnu/ld-2.31.so
7fdc90831000-7fdc90832000 ---p 00000000 00:00 0 
7fdc90832000-7fdc90833000 r--p 0002c000 07:13 8572                       /usr/lib/x86_64-linux-gnu/ld-2.31.so
7fdc90833000-7fdc90834000 rw-p 0002d000 07:13 8572                       /usr/lib/x86_64-linux-gnu/ld-2.31.so
7fdc90834000-7fdc90835000 rw-p 00000000 00:00 0 
7ffe47167000-7ffe47188000 rw-p 00000000 00:00 0                          [stack]
7ffe471b0000-7ffe471b2000 r-xp 00000000 00:00 0                          [vdso]
ffffffffff600000-ffffffffff601000 r-xp 00000000 00:00 0                  [vsyscall]


VM Arguments:
jvm_args: -Xmx128g --add-modules=ALL-DEFAULT 
java_command: jdk.compiler/com.sun.tools.javac.launcher.Main /mnt/beegfs/rcabanas/dev/credici/papers/journalEM/code/LearnAndCalculatePNS.java -w -x 100 -m 500 -sc KL -th 0.0 -a EMCC --seed 97 --output /mnt/beegfs/rcabanas/dev/credici/papers/journalEM/output/triangolo --cause 3 --effect 0 /mnt/beegfs/rcabanas/dev/credici/papers/journalEM/models/triangolo/triangolo_causal.uai
java_class_path (initial): /mnt/beegfs/rcabanas/dev/credici/target/credici-0.1.3-jar-with-dependencies.jar
Launcher Type: SUN_STANDARD

[Global flags]
     intx CICompilerCount                          = 2                                         {product} {ergonomic}
   size_t InitialHeapSize                          = 2147483648                                {product} {ergonomic}
   size_t MaxHeapSize                              = 137438953472                              {product} {command line}
   size_t MaxNewSize                               = 45812940800                               {product} {ergonomic}
   size_t MinHeapDeltaBytes                        = 196608                                    {product} {ergonomic}
   size_t MinHeapSize                              = 8388608                                   {product} {ergonomic}
   size_t NewSize                                  = 715784192                                 {product} {ergonomic}
    uintx NonNMethodCodeHeapSize                   = 5826188                                {pd product} {ergonomic}
    uintx NonProfiledCodeHeapSize                  = 122916026                              {pd product} {ergonomic}
   size_t OldSize                                  = 1431699456                                {product} {ergonomic}
    uintx ProfiledCodeHeapSize                     = 122916026                              {pd product} {ergonomic}
    uintx ReservedCodeCacheSize                    = 251658240                              {pd product} {ergonomic}
     bool SegmentedCodeCache                       = true                                      {product} {ergonomic}
   size_t SoftMaxHeapSize                          = 137438953472                           {manageable} {ergonomic}
     bool UseSerialGC                              = true                                      {product} {ergonomic}

Logging:
Log output configuration:
 #0: stdout all=warning uptime,level,tags
 #1: stderr all=off uptime,level,tags

Environment Variables:
PATH=/usr/local/sbin:/usr/local/bin:/usr/sbin:/usr/bin:/sbin:/bin
LD_LIBRARY_PATH=/.singularity.d/libs

Signal Handlers:
SIGSEGV: [libjvm.so+0xf8fcf0], sa_mask[0]=11111111011111111101111111111110, sa_flags=SA_RESTART|SA_SIGINFO
SIGBUS: [libjvm.so+0xf8fcf0], sa_mask[0]=11111111011111111101111111111110, sa_flags=SA_RESTART|SA_SIGINFO
SIGFPE: [libjvm.so+0xf8fcf0], sa_mask[0]=11111111011111111101111111111110, sa_flags=SA_RESTART|SA_SIGINFO
SIGPIPE: [libjvm.so+0xc3ffa0], sa_mask[0]=11111111011111111101111111111110, sa_flags=SA_RESTART|SA_SIGINFO
SIGXFSZ: [libjvm.so+0xc3ffa0], sa_mask[0]=11111111011111111101111111111110, sa_flags=SA_RESTART|SA_SIGINFO
SIGILL: [libjvm.so+0xf8fcf0], sa_mask[0]=11111111011111111101111111111110, sa_flags=SA_RESTART|SA_SIGINFO
SIGUSR2: [libjvm.so+0xc3fe40], sa_mask[0]=00000000000000000000000000000000, sa_flags=SA_RESTART|SA_SIGINFO
SIGHUP: [libjvm.so+0xc40580], sa_mask[0]=11111111011111111101111111111110, sa_flags=SA_RESTART|SA_SIGINFO
SIGINT: [libjvm.so+0xc40580], sa_mask[0]=11111111011111111101111111111110, sa_flags=SA_RESTART|SA_SIGINFO
SIGTERM: [libjvm.so+0xc40580], sa_mask[0]=11111111011111111101111111111110, sa_flags=SA_RESTART|SA_SIGINFO
SIGQUIT: [libjvm.so+0xc40580], sa_mask[0]=11111111011111111101111111111110, sa_flags=SA_RESTART|SA_SIGINFO


---------------  S Y S T E M  ---------------

OS:DISTRIB_ID=Ubuntu
DISTRIB_RELEASE=20.04
DISTRIB_CODENAME=focal
DISTRIB_DESCRIPTION="Ubuntu 20.04.4 LTS"
uname:Linux 3.10.0-1160.15.2.el7.x86_64 #1 SMP Wed Feb 3 15:06:38 UTC 2021 x86_64
OS uptime: 480 days 1:13 hours
libc:glibc 2.31 NPTL 2.31 
rlimit (soft/hard): STACK 8192k/infinity , CORE 0k/infinity , NPROC 4096/1030217 , NOFILE 131072/131072 , AS infinity/infinity , CPU infinity/infinity , DATA infinity/infinity , FSIZE infinity/infinity , MEMLOCK infinity/infinity
load average:25.75 25.69 25.59

/proc/meminfo:
MemTotal:       263895364 kB
MemFree:         5350784 kB
MemAvailable:    5218184 kB
Buffers:          143060 kB
Cached:          1253408 kB
SwapCached:        74948 kB
Active:         240752496 kB
Inactive:        8492468 kB
Active(anon):   240598128 kB
Inactive(anon):  8099428 kB
Active(file):     154368 kB
Inactive(file):   393040 kB
Unevictable:       18928 kB
Mlocked:           18928 kB
SwapTotal:       4194300 kB
SwapFree:          62552 kB
Dirty:               312 kB
Writeback:             0 kB
AnonPages:      247793696 kB
Mapped:           181504 kB
Shmem:            845164 kB
Slab:             735964 kB
SReclaimable:     180940 kB
SUnreclaim:       555024 kB
KernelStack:       26160 kB
PageTables:       513064 kB
NFS_Unstable:          0 kB
Bounce:                0 kB
WritebackTmp:          0 kB
CommitLimit:    136141980 kB
Committed_AS:   315222104 kB
VmallocTotal:   34359738367 kB
VmallocUsed:      876700 kB
VmallocChunk:   34222550588 kB
Percpu:            29696 kB
HardwareCorrupted:     0 kB
AnonHugePages:  56965120 kB
CmaTotal:              0 kB
CmaFree:               0 kB
HugePages_Total:       0
HugePages_Free:        0
HugePages_Rsvd:        0
HugePages_Surp:        0
Hugepagesize:       2048 kB
DirectMap4k:      601704 kB
DirectMap2M:    25475072 kB
DirectMap1G:    242221056 kB

/sys/kernel/mm/transparent_hugepage/enabled:
[always] madvise never

/sys/kernel/mm/transparent_hugepage/defrag (defrag/compaction efforts parameter):
[always] madvise never


/proc/sys/kernel/threads-max (system-wide limit on the number of threads):
2060435


/proc/sys/vm/max_map_count (maximum number of memory map areas a process may have):
65530


/proc/sys/kernel/pid_max (system-wide limit on number of process identifiers):
65536



Steal ticks since vm start: 0
Steal ticks percentage since vm start:  0.000

CPU:total 64 (initial active 1) (32 cores per cpu, 1 threads per core) family 23 model 49 stepping 0, cmov, cx8, fxsr, mmx, sse, sse2, sse3, ssse3, sse4.1, sse4.2, popcnt, avx, avx2, aes, clmul, mmxext, 3dnowpref, lzcnt, sse4a, tsc, tscinvbit, tscinv, bmi1, bmi2, adx, sha, fma
CPU Model and flags from /proc/cpuinfo:
model name	: AMD EPYC 7542 32-Core Processor
flags		: fpu vme de pse tsc msr pae mce cx8 apic sep mtrr pge mca cmov pat pse36 clflush mmx fxsr sse sse2 ht syscall nx mmxext fxsr_opt pdpe1gb rdtscp lm constant_tsc art rep_good nopl nonstop_tsc extd_apicid aperfmperf eagerfpu pni pclmulqdq monitor ssse3 fma cx16 sse4_1 sse4_2 movbe popcnt aes xsave avx f16c rdrand lahf_lm cmp_legacy svm extapic cr8_legacy abm sse4a misalignsse 3dnowprefetch osvw ibs skinit wdt tce topoext perfctr_core perfctr_nb bpext perfctr_l2 cpb cat_l3 cdp_l3 hw_pstate sme retpoline_amd ssbd ibrs ibpb stibp vmmcall fsgsbase bmi1 avx2 smep bmi2 cqm rdt_a rdseed adx smap clflushopt clwb sha_ni xsaveopt xsavec xgetbv1 cqm_llc cqm_occup_llc cqm_mbm_total cqm_mbm_local clzero irperf xsaveerptr arat npt lbrv svm_lock nrip_save tsc_scale vmcb_clean flushbyasid decodeassists pausefilter pfthreshold avic v_vmsave_vmload vgif umip overflow_recov succor smca
Online cpus:0-63
Offline cpus:
BIOS frequency limitation:2900000
Frequency switch latency (ns):0
Available cpu frequencies:2900000 2400000 1500000 
Current governor:conservative
Core performance/turbo boost:1

Memory: 4k page, physical 263895364k(5350164k free), swap 4194300k(62552k free)

vm_info: OpenJDK 64-Bit Server VM (13.0.7+5-Ubuntu-0ubuntu120.04) for linux-amd64 JRE (13.0.7+5-Ubuntu-0ubuntu120.04), built on Apr 21 2021 05:36:19 by "unknown" with gcc 9.3.0

END.
