#
# There is insufficient memory for the Java Runtime Environment to continue.
# Native memory allocation (mmap) failed to map 1300430848 bytes for committing reserved memory.
# Possible reasons:
#   The system is out of physical RAM or swap space
#   The process is running with CompressedOops enabled, and the Java Heap may be blocking the growth of the native heap
# Possible solutions:
#   Reduce memory load on the system
#   Increase physical memory or swap space
#   Check if swap backing store is full
#   Decrease Java heap size (-Xmx/-Xms)
#   Decrease number of Java threads
#   Decrease Java thread stack sizes (-Xss)
#   Set larger code cache with -XX:ReservedCodeCacheSize=
#   JVM is running with Zero Based Compressed Oops mode in which the Java heap is
#     placed in the first 32GB address space. The Java Heap base address is the
#     maximum limit for the native heap growth. Please use -XX:HeapBaseMinAddress
#     to set the Java Heap base and to place the Java Heap above 32GB virtual address.
# This output file may be truncated or incomplete.
#
#  Out of Memory Error (os_linux.cpp:2899), pid=22946, tid=23014
#
# JRE version: OpenJDK Runtime Environment (13.0.7+5) (build 13.0.7+5-Ubuntu-0ubuntu120.04)
# Java VM: OpenJDK 64-Bit Server VM (13.0.7+5-Ubuntu-0ubuntu120.04, mixed mode, tiered, compressed oops, serial gc, linux-amd64)
# No core dump will be written. Core dumps have been disabled. To enable core dumping, try "ulimit -c unlimited" before starting Java again
#

---------------  S U M M A R Y ------------

Command Line: --add-modules=ALL-DEFAULT jdk.compiler/com.sun.tools.javac.launcher.Main /mnt/beegfs/rcabanas/dev/credici/papers/journalEM/code/RunSingleEM.java --maxiter 300 -w --seed 196 --output /mnt/beegfs/rcabanas/dev/credici/papers/journalEM/output/triangolo/1000 -d /mnt/beegfs/rcabanas/dev/credici/papers/journalEM/data/triangolo_data_d1000.csv /mnt/beegfs/rcabanas/dev/credici/papers/journalEM/models/triangolo_causal.uai

Host: AMD EPYC 7542 32-Core Processor, 64 cores, 251G, Ubuntu 20.04.4 LTS
Time: Thu Aug 11 11:04:16 2022 CEST elapsed time: 714.693338 seconds (0d 0h 11m 54s)

---------------  T H R E A D  ---------------

Current thread (0x00007f8a4c098000):  VMThread "VM Thread" [stack: 0x00007f8a50554000,0x00007f8a50654000] [id=23014]

Stack: [0x00007f8a50554000,0x00007f8a50654000],  sp=0x00007f8a50652160,  free space=1016k
Native frames: (J=compiled Java code, A=aot compiled Java code, j=interpreted, Vv=VM code, C=native code)
V  [libjvm.so+0xf8f092]
V  [libjvm.so+0xf8fc91]
V  [libjvm.so+0x66ee5a]
V  [libjvm.so+0xc44a41]
V  [libjvm.so+0xc3b263]
V  [libjvm.so+0xf87f4b]
V  [libjvm.so+0x557506]
V  [libjvm.so+0x557723]
V  [libjvm.so+0xf18b0c]
V  [libjvm.so+0x557e65]
V  [libjvm.so+0x7e2edb]
V  [libjvm.so+0x7e39bd]
V  [libjvm.so+0x7d8b48]
V  [libjvm.so+0xf90940]
V  [libjvm.so+0xf96657]
V  [libjvm.so+0xf96d2b]
V  [libjvm.so+0xf9706a]
V  [libjvm.so+0xf2208f]
V  [libjvm.so+0xc493ff]

VM_Operation (0x00007f8a50b062a0): GenCollectForAllocation, mode: safepoint, requested by thread 0x00007f8a4c018000


---------------  P R O C E S S  ---------------

Threads class SMR info:
_java_thread_list=0x00007f8a4c136e30, length=9, elements={
0x00007f8a4c018000, 0x00007f8a4c0a4800, 0x00007f8a4c0a7800, 0x00007f8a4c0cc000,
0x00007f8a4c0cd800, 0x00007f8a4c0cf800, 0x00007f8a4c0d1800, 0x00007f8a4c0d3800,
0x00007f8a4c135800
}

Java Threads: ( => current thread )
  0x00007f8a4c018000 JavaThread "main" [_thread_blocked, id=22971, stack(0x00007f8a50a08000,0x00007f8a50b09000)]
  0x00007f8a4c0a4800 JavaThread "Reference Handler" daemon [_thread_blocked, id=23049, stack(0x00007f8a50451000,0x00007f8a50552000)]
  0x00007f8a4c0a7800 JavaThread "Finalizer" daemon [_thread_blocked, id=23051, stack(0x00007f8a50350000,0x00007f8a50451000)]
  0x00007f8a4c0cc000 JavaThread "Signal Dispatcher" daemon [_thread_blocked, id=23154, stack(0x00007f8a50216000,0x00007f8a50317000)]
  0x00007f8a4c0cd800 JavaThread "Service Thread" daemon [_thread_blocked, id=23155, stack(0x00007f8a50115000,0x00007f8a50216000)]
  0x00007f8a4c0cf800 JavaThread "C2 CompilerThread0" daemon [_thread_blocked, id=23156, stack(0x00007f8a50014000,0x00007f8a50115000)]
  0x00007f8a4c0d1800 JavaThread "C1 CompilerThread0" daemon [_thread_blocked, id=23158, stack(0x00007f8a2da89000,0x00007f8a2db8a000)]
  0x00007f8a4c0d3800 JavaThread "Sweeper thread" daemon [_thread_blocked, id=23250, stack(0x00007f8a2d988000,0x00007f8a2da89000)]
  0x00007f8a4c135800 JavaThread "Common-Cleaner" daemon [_thread_blocked, id=23411, stack(0x00007f8a2d887000,0x00007f8a2d988000)]

Other Threads:
=>0x00007f8a4c098000 VMThread "VM Thread" [stack: 0x00007f8a50554000,0x00007f8a50654000] [id=23014]
  0x00007f8a4c182800 WatcherThread [stack: 0x00007f8a2d787000,0x00007f8a2d887000] [id=23461]

Threads with active compile tasks:

VM state:at safepoint (normal execution)

VM Mutex/Monitor currently owned by a thread:  ([mutex/lock_event])
[0x00007f8a4c0141e0] Threads_lock - owner thread: 0x00007f8a4c098000
[0x00007f8a4c014de0] Heap_lock - owner thread: 0x00007f8a4c018000

Heap address: 0x0000000080200000, size: 30718 MB, Compressed Oops mode: Zero based, Oop shift amount: 3
Narrow klass base: 0x0000000800000000, Narrow klass shift: 0
Compressed class space size: 1073741824 Address: 0x0000000800000000

Heap:
 def new generation   total 2374144K, used 0K [0x0000000080200000, 0x0000000121210000, 0x0000000300150000)
  eden space 2110400K,   0% used [0x0000000080200000, 0x0000000080200000, 0x0000000100ef0000)
  from space 263744K,   0% used [0x0000000111080000, 0x0000000111080000, 0x0000000121210000)
  to   space 263744K,   0% used [0x0000000100ef0000, 0x0000000100ef0000, 0x0000000111080000)
 tenured generation   total 5373728K, used 3986206K [0x0000000300150000, 0x0000000448118000, 0x0000000800000000)
   the space 5373728K,  74% used [0x0000000300150000, 0x00000003f3617a08, 0x00000003f3617c00, 0x0000000448118000)
 Metaspace       used 22730K, capacity 23231K, committed 23424K, reserved 1071104K
  class space    used 2354K, capacity 2568K, committed 2688K, reserved 1048576K

Card table byte_map: [0x00007f8a30b8a000,0x00007f8a3478a000] _byte_map_base: 0x00007f8a30789000

Polling page: 0x00007f8a52494000

Metaspace:

Usage:
  Non-class:     20.18 MB capacity,    19.90 MB ( 99%) used,   222.09 KB (  1%) free+waste,    64.62 KB ( <1%) overhead. 
      Class:      2.51 MB capacity,     2.30 MB ( 92%) used,   184.46 KB (  7%) free+waste,    29.19 KB (  1%) overhead. 
       Both:     22.69 MB capacity,    22.20 MB ( 98%) used,   406.55 KB (  2%) free+waste,    93.81 KB ( <1%) overhead. 

Virtual space:
  Non-class space:       22.00 MB reserved,      20.25 MB ( 92%) committed 
      Class space:        1.00 GB reserved,       2.62 MB ( <1%) committed 
             Both:        1.02 GB reserved,      22.88 MB (  2%) committed 

Chunk freelists:
   Non-Class:  17.00 KB
       Class:  0 bytes
        Both:  17.00 KB

MaxMetaspaceSize: unlimited
CompressedClassSpaceSize: 1.00 GB

CodeHeap 'non-profiled nmethods': size=120036Kb used=1519Kb max_used=1543Kb free=118516Kb
 bounds [0x00007f8a3c251000, 0x00007f8a3c4c1000, 0x00007f8a4378a000]
CodeHeap 'profiled nmethods': size=120032Kb used=3991Kb max_used=5719Kb free=116040Kb
 bounds [0x00007f8a34d19000, 0x00007f8a352b9000, 0x00007f8a3c251000]
CodeHeap 'non-nmethods': size=5692Kb used=1193Kb max_used=1244Kb free=4498Kb
 bounds [0x00007f8a3478a000, 0x00007f8a349fa000, 0x00007f8a34d19000]
 total_blobs=2993 nmethods=2531 adapters=376
 compilation: enabled
              stopped_count=0, restarted_count=0
 full_count=0

Compilation events (20 events):
Event: 535.422 Thread 0x00007f8a4c0cf800 3252       4       org.jgrapht.graph.AbstractGraph::removeAllEdges (40 bytes)
Event: 535.482 Thread 0x00007f8a4c0cf800 nmethod 3252 0x00007f8a3c320f90 code [0x00007f8a3c321180, 0x00007f8a3c321968]
Event: 582.961 Thread 0x00007f8a4c0cf800 3253       4       org.jgrapht.graph.DefaultGraphType$Builder::allowMultipleEdges (7 bytes)
Event: 582.999 Thread 0x00007f8a4c0cf800 nmethod 3253 0x00007f8a3c313010 code [0x00007f8a3c313180, 0x00007f8a3c3131f8]
Event: 582.999 Thread 0x00007f8a4c0cf800 3254       4       org.jgrapht.graph.DefaultGraphType$Builder::allowSelfLoops (7 bytes)
Event: 582.999 Thread 0x00007f8a4c0cf800 nmethod 3254 0x00007f8a3c31af10 code [0x00007f8a3c31b080, 0x00007f8a3c31b0f8]
Event: 582.999 Thread 0x00007f8a4c0cf800 3255       4       org.jgrapht.graph.DefaultGraphType$Builder::weighted (7 bytes)
Event: 582.999 Thread 0x00007f8a4c0cf800 nmethod 3255 0x00007f8a3c31ab90 code [0x00007f8a3c31ad00, 0x00007f8a3c31ad78]
Event: 592.085 Thread 0x00007f8a4c0cf800 3256       4       org.apache.commons.lang3.ArrayUtils::indexOf (37 bytes)
Event: 592.090 Thread 0x00007f8a4c0cf800 nmethod 3256 0x00007f8a3c31a510 code [0x00007f8a3c31a680, 0x00007f8a3c31a738]
Event: 645.352 Thread 0x00007f8a4c0cf800 3257       4       ch.idsia.crema.model.graphical.GenericSparseModel::setFactor (45 bytes)
Event: 645.462 Thread 0x00007f8a4c0cf800 nmethod 3257 0x00007f8a3c316c10 code [0x00007f8a3c316e00, 0x00007f8a3c317888]
Event: 670.055 Thread 0x00007f8a4c0d1800 3258       3       ch.idsia.credici.learning.FrequentistCausalEM::maximization (155 bytes)
Event: 670.092 Thread 0x00007f8a4c0d1800 nmethod 3258 0x00007f8a35130f90 code [0x00007f8a351312a0, 0x00007f8a35132870]
Event: 679.476 Thread 0x00007f8a4c0d1800 3259       3       java.util.HashMap::treeifyBin (110 bytes)
Event: 679.498 Thread 0x00007f8a4c0d1800 nmethod 3259 0x00007f8a34d9d910 code [0x00007f8a34d9db00, 0x00007f8a34d9e180]
Event: 708.777 Thread 0x00007f8a4c0cf800 3260       4       gnu.trove.map.hash.TIntObjectHashMap::rehash (98 bytes)
Event: 708.870 Thread 0x00007f8a4c0cf800 nmethod 3260 0x00007f8a3c2b4890 code [0x00007f8a3c2b4a40, 0x00007f8a3c2b5388]
Event: 711.743 Thread 0x00007f8a4c0d1800 3261       3       java.util.Arrays$ArrayList::size (6 bytes)
Event: 711.744 Thread 0x00007f8a4c0d1800 nmethod 3261 0x00007f8a34d89c10 code [0x00007f8a34d89da0, 0x00007f8a34d89eb0]

GC Heap History (20 events):
Event: 702.254 GC heap after
{Heap after GC invocations=769 (full 24):
 def new generation   total 2374144K, used 217302K [0x0000000080200000, 0x0000000121210000, 0x0000000300150000)
  eden space 2110400K,   0% used [0x0000000080200000, 0x0000000080200000, 0x0000000100ef0000)
  from space 263744K,  82% used [0x0000000100ef0000, 0x000000010e325930, 0x0000000111080000)
  to   space 263744K,   0% used [0x0000000111080000, 0x0000000111080000, 0x0000000121210000)
 tenured generation   total 5275744K, used 4971074K [0x0000000300150000, 0x0000000442168000, 0x0000000800000000)
   the space 5275744K,  94% used [0x0000000300150000, 0x000000042f7e0bc8, 0x000000042f7e0c00, 0x0000000442168000)
 Metaspace       used 22730K, capacity 23231K, committed 23424K, reserved 1071104K
  class space    used 2354K, capacity 2568K, committed 2688K, reserved 1048576K
}
Event: 703.525 GC heap before
{Heap before GC invocations=769 (full 24):
 def new generation   total 2374144K, used 2327702K [0x0000000080200000, 0x0000000121210000, 0x0000000300150000)
  eden space 2110400K, 100% used [0x0000000080200000, 0x0000000100ef0000, 0x0000000100ef0000)
  from space 263744K,  82% used [0x0000000100ef0000, 0x000000010e325930, 0x0000000111080000)
  to   space 263744K,   0% used [0x0000000111080000, 0x0000000111080000, 0x0000000121210000)
 tenured generation   total 5275744K, used 4971074K [0x0000000300150000, 0x0000000442168000, 0x0000000800000000)
   the space 5275744K,  94% used [0x0000000300150000, 0x000000042f7e0bc8, 0x000000042f7e0c00, 0x0000000442168000)
 Metaspace       used 22730K, capacity 23231K, committed 23424K, reserved 1071104K
  class space    used 2354K, capacity 2568K, committed 2688K, reserved 1048576K
}
Event: 703.545 GC heap after
{Heap after GC invocations=770 (full 24):
 def new generation   total 2374144K, used 72227K [0x0000000080200000, 0x0000000121210000, 0x0000000300150000)
  eden space 2110400K,   0% used [0x0000000080200000, 0x0000000080200000, 0x0000000100ef0000)
  from space 263744K,  27% used [0x0000000111080000, 0x0000000115708c80, 0x0000000121210000)
  to   space 263744K,   0% used [0x0000000100ef0000, 0x0000000100ef0000, 0x0000000111080000)
 tenured generation   total 5275744K, used 4988025K [0x0000000300150000, 0x0000000442168000, 0x0000000800000000)
   the space 5275744K,  94% used [0x0000000300150000, 0x000000043086e730, 0x000000043086e800, 0x0000000442168000)
 Metaspace       used 22730K, capacity 23231K, committed 23424K, reserved 1071104K
  class space    used 2354K, capacity 2568K, committed 2688K, reserved 1048576K
}
Event: 704.837 GC heap before
{Heap before GC invocations=770 (full 24):
 def new generation   total 2374144K, used 2182627K [0x0000000080200000, 0x0000000121210000, 0x0000000300150000)
  eden space 2110400K, 100% used [0x0000000080200000, 0x0000000100ef0000, 0x0000000100ef0000)
  from space 263744K,  27% used [0x0000000111080000, 0x0000000115708c80, 0x0000000121210000)
  to   space 263744K,   0% used [0x0000000100ef0000, 0x0000000100ef0000, 0x0000000111080000)
 tenured generation   total 5275744K, used 4988025K [0x0000000300150000, 0x0000000442168000, 0x0000000800000000)
   the space 5275744K,  94% used [0x0000000300150000, 0x000000043086e730, 0x000000043086e800, 0x0000000442168000)
 Metaspace       used 22730K, capacity 23231K, committed 23424K, reserved 1071104K
  class space    used 2354K, capacity 2568K, committed 2688K, reserved 1048576K
}
Event: 704.877 GC heap after
{Heap after GC invocations=771 (full 24):
 def new generation   total 2374144K, used 198131K [0x0000000080200000, 0x0000000121210000, 0x0000000300150000)
  eden space 2110400K,   0% used [0x0000000080200000, 0x0000000080200000, 0x0000000100ef0000)
  from space 263744K,  75% used [0x0000000100ef0000, 0x000000010d06ce28, 0x0000000111080000)
  to   space 263744K,   0% used [0x0000000111080000, 0x0000000111080000, 0x0000000121210000)
 tenured generation   total 5275744K, used 4988025K [0x0000000300150000, 0x0000000442168000, 0x0000000800000000)
   the space 5275744K,  94% used [0x0000000300150000, 0x000000043086e730, 0x000000043086e800, 0x0000000442168000)
 Metaspace       used 22730K, capacity 23231K, committed 23424K, reserved 1071104K
  class space    used 2354K, capacity 2568K, committed 2688K, reserved 1048576K
}
Event: 706.147 GC heap before
{Heap before GC invocations=771 (full 24):
 def new generation   total 2374144K, used 2308531K [0x0000000080200000, 0x0000000121210000, 0x0000000300150000)
  eden space 2110400K, 100% used [0x0000000080200000, 0x0000000100ef0000, 0x0000000100ef0000)
  from space 263744K,  75% used [0x0000000100ef0000, 0x000000010d06ce28, 0x0000000111080000)
  to   space 263744K,   0% used [0x0000000111080000, 0x0000000111080000, 0x0000000121210000)
 tenured generation   total 5275744K, used 4988025K [0x0000000300150000, 0x0000000442168000, 0x0000000800000000)
   the space 5275744K,  94% used [0x0000000300150000, 0x000000043086e730, 0x000000043086e800, 0x0000000442168000)
 Metaspace       used 22730K, capacity 23231K, committed 23424K, reserved 1071104K
  class space    used 2354K, capacity 2568K, committed 2688K, reserved 1048576K
}
Event: 706.161 GC heap after
{Heap after GC invocations=772 (full 24):
 def new generation   total 2374144K, used 53056K [0x0000000080200000, 0x0000000121210000, 0x0000000300150000)
  eden space 2110400K,   0% used [0x0000000080200000, 0x0000000080200000, 0x0000000100ef0000)
  from space 263744K,  20% used [0x0000000111080000, 0x00000001144502b0, 0x0000000121210000)
  to   space 263744K,   0% used [0x0000000100ef0000, 0x0000000100ef0000, 0x0000000111080000)
 tenured generation   total 5275744K, used 5004976K [0x0000000300150000, 0x0000000442168000, 0x0000000800000000)
   the space 5275744K,  94% used [0x0000000300150000, 0x00000004318fc298, 0x00000004318fc400, 0x0000000442168000)
 Metaspace       used 22730K, capacity 23231K, committed 23424K, reserved 1071104K
  class space    used 2354K, capacity 2568K, committed 2688K, reserved 1048576K
}
Event: 707.452 GC heap before
{Heap before GC invocations=772 (full 24):
 def new generation   total 2374144K, used 2163456K [0x0000000080200000, 0x0000000121210000, 0x0000000300150000)
  eden space 2110400K, 100% used [0x0000000080200000, 0x0000000100ef0000, 0x0000000100ef0000)
  from space 263744K,  20% used [0x0000000111080000, 0x00000001144502b0, 0x0000000121210000)
  to   space 263744K,   0% used [0x0000000100ef0000, 0x0000000100ef0000, 0x0000000111080000)
 tenured generation   total 5275744K, used 5004976K [0x0000000300150000, 0x0000000442168000, 0x0000000800000000)
   the space 5275744K,  94% used [0x0000000300150000, 0x00000004318fc298, 0x00000004318fc400, 0x0000000442168000)
 Metaspace       used 22730K, capacity 23231K, committed 23424K, reserved 1071104K
  class space    used 2354K, capacity 2568K, committed 2688K, reserved 1048576K
}
Event: 707.491 GC heap after
{Heap after GC invocations=773 (full 24):
 def new generation   total 2374144K, used 178960K [0x0000000080200000, 0x0000000121210000, 0x0000000300150000)
  eden space 2110400K,   0% used [0x0000000080200000, 0x0000000080200000, 0x0000000100ef0000)
  from space 263744K,  67% used [0x0000000100ef0000, 0x000000010bdb4380, 0x0000000111080000)
  to   space 263744K,   0% used [0x0000000111080000, 0x0000000111080000, 0x0000000121210000)
 tenured generation   total 5275744K, used 5004976K [0x0000000300150000, 0x0000000442168000, 0x0000000800000000)
   the space 5275744K,  94% used [0x0000000300150000, 0x00000004318fc298, 0x00000004318fc400, 0x0000000442168000)
 Metaspace       used 22730K, capacity 23231K, committed 23424K, reserved 1071104K
  class space    used 2354K, capacity 2568K, committed 2688K, reserved 1048576K
}
Event: 708.787 GC heap before
{Heap before GC invocations=773 (full 24):
 def new generation   total 2374144K, used 2289360K [0x0000000080200000, 0x0000000121210000, 0x0000000300150000)
  eden space 2110400K, 100% used [0x0000000080200000, 0x0000000100ef0000, 0x0000000100ef0000)
  from space 263744K,  67% used [0x0000000100ef0000, 0x000000010bdb4380, 0x0000000111080000)
  to   space 263744K,   0% used [0x0000000111080000, 0x0000000111080000, 0x0000000121210000)
 tenured generation   total 5275744K, used 5004976K [0x0000000300150000, 0x0000000442168000, 0x0000000800000000)
   the space 5275744K,  94% used [0x0000000300150000, 0x00000004318fc298, 0x00000004318fc400, 0x0000000442168000)
 Metaspace       used 22730K, capacity 23231K, committed 23424K, reserved 1071104K
  class space    used 2354K, capacity 2568K, committed 2688K, reserved 1048576K
}
Event: 708.860 GC heap after
{Heap after GC invocations=774 (full 24):
 def new generation   total 2374144K, used 263627K [0x0000000080200000, 0x0000000121210000, 0x0000000300150000)
  eden space 2110400K,   0% used [0x0000000080200000, 0x0000000080200000, 0x0000000100ef0000)
  from space 263744K,  99% used [0x0000000111080000, 0x00000001211f2d28, 0x0000000121210000)
  to   space 263744K,   0% used [0x0000000100ef0000, 0x0000000100ef0000, 0x0000000111080000)
 tenured generation   total 5275744K, used 5044675K [0x0000000300150000, 0x0000000442168000, 0x0000000800000000)
   the space 5275744K,  95% used [0x0000000300150000, 0x0000000433fc0c68, 0x0000000433fc0e00, 0x0000000442168000)
 Metaspace       used 22730K, capacity 23231K, committed 23424K, reserved 1071104K
  class space    used 2354K, capacity 2568K, committed 2688K, reserved 1048576K
}
Event: 710.154 GC heap before
{Heap before GC invocations=774 (full 24):
 def new generation   total 2374144K, used 2374027K [0x0000000080200000, 0x0000000121210000, 0x0000000300150000)
  eden space 2110400K, 100% used [0x0000000080200000, 0x0000000100ef0000, 0x0000000100ef0000)
  from space 263744K,  99% used [0x0000000111080000, 0x00000001211f2d28, 0x0000000121210000)
  to   space 263744K,   0% used [0x0000000100ef0000, 0x0000000100ef0000, 0x0000000111080000)
 tenured generation   total 5275744K, used 5044675K [0x0000000300150000, 0x0000000442168000, 0x0000000800000000)
   the space 5275744K,  95% used [0x0000000300150000, 0x0000000433fc0c68, 0x0000000433fc0e00, 0x0000000442168000)
 Metaspace       used 22730K, capacity 23231K, committed 23424K, reserved 1071104K
  class space    used 2354K, capacity 2568K, committed 2688K, reserved 1048576K
}
Event: 710.194 GC heap after
{Heap after GC invocations=775 (full 24):
 def new generation   total 2374144K, used 141817K [0x0000000080200000, 0x0000000121210000, 0x0000000300150000)
  eden space 2110400K,   0% used [0x0000000080200000, 0x0000000080200000, 0x0000000100ef0000)
  from space 263744K,  53% used [0x0000000100ef0000, 0x000000010996e6d0, 0x0000000111080000)
  to   space 263744K,   0% used [0x0000000111080000, 0x0000000111080000, 0x0000000121210000)
 tenured generation   total 5275744K, used 5063766K [0x0000000300150000, 0x0000000442168000, 0x0000000800000000)
   the space 5275744K,  95% used [0x0000000300150000, 0x0000000435265860, 0x0000000435265a00, 0x0000000442168000)
 Metaspace       used 22730K, capacity 23231K, committed 23424K, reserved 1071104K
  class space    used 2354K, capacity 2568K, committed 2688K, reserved 1048576K
}
Event: 711.478 GC heap before
{Heap before GC invocations=775 (full 24):
 def new generation   total 2374144K, used 2252040K [0x0000000080200000, 0x0000000121210000, 0x0000000300150000)
  eden space 2110400K,  99% used [0x0000000080200000, 0x0000000100ec3ac0, 0x0000000100ef0000)
  from space 263744K,  53% used [0x0000000100ef0000, 0x000000010996e6d0, 0x0000000111080000)
  to   space 263744K,   0% used [0x0000000111080000, 0x0000000111080000, 0x0000000121210000)
 tenured generation   total 5275744K, used 5063766K [0x0000000300150000, 0x0000000442168000, 0x0000000800000000)
   the space 5275744K,  95% used [0x0000000300150000, 0x0000000435265860, 0x0000000435265a00, 0x0000000442168000)
 Metaspace       used 22730K, capacity 23231K, committed 23424K, reserved 1071104K
  class space    used 2354K, capacity 2568K, committed 2688K, reserved 1048576K
}
Event: 711.547 GC heap after
{Heap after GC invocations=776 (full 24):
 def new generation   total 2374144K, used 126931K [0x0000000080200000, 0x0000000121210000, 0x0000000300150000)
  eden space 2110400K,   0% used [0x0000000080200000, 0x0000000080200000, 0x0000000100ef0000)
  from space 263744K,  48% used [0x0000000111080000, 0x0000000118c74f90, 0x0000000121210000)
  to   space 263744K,   0% used [0x0000000100ef0000, 0x0000000100ef0000, 0x0000000111080000)
 tenured generation   total 5275744K, used 5205055K [0x0000000300150000, 0x0000000442168000, 0x0000000800000000)
   the space 5275744K,  98% used [0x0000000300150000, 0x000000043dc5fd10, 0x000000043dc5fe00, 0x0000000442168000)
 Metaspace       used 22730K, capacity 23231K, committed 23424K, reserved 1071104K
  class space    used 2354K, capacity 2568K, committed 2688K, reserved 1048576K
}
Event: 712.823 GC heap before
{Heap before GC invocations=776 (full 24):
 def new generation   total 2374144K, used 2237331K [0x0000000080200000, 0x0000000121210000, 0x0000000300150000)
  eden space 2110400K, 100% used [0x0000000080200000, 0x0000000100ef0000, 0x0000000100ef0000)
  from space 263744K,  48% used [0x0000000111080000, 0x0000000118c74f90, 0x0000000121210000)
  to   space 263744K,   0% used [0x0000000100ef0000, 0x0000000100ef0000, 0x0000000111080000)
 tenured generation   total 5275744K, used 5205055K [0x0000000300150000, 0x0000000442168000, 0x0000000800000000)
   the space 5275744K,  98% used [0x0000000300150000, 0x000000043dc5fd10, 0x000000043dc5fe00, 0x0000000442168000)
 Metaspace       used 22730K, capacity 23231K, committed 23424K, reserved 1071104K
  class space    used 2354K, capacity 2568K, committed 2688K, reserved 1048576K
}
Event: 712.868 GC heap after
{Heap after GC invocations=777 (full 24):
 def new generation   total 2374144K, used 169048K [0x0000000080200000, 0x0000000121210000, 0x0000000300150000)
  eden space 2110400K,   0% used [0x0000000080200000, 0x0000000080200000, 0x0000000100ef0000)
  from space 263744K,  64% used [0x0000000100ef0000, 0x000000010b406030, 0x0000000111080000)
  to   space 263744K,   0% used [0x0000000111080000, 0x0000000111080000, 0x0000000121210000)
 tenured generation   total 5275744K, used 5205055K [0x0000000300150000, 0x0000000442168000, 0x0000000800000000)
   the space 5275744K,  98% used [0x0000000300150000, 0x000000043dc5fd10, 0x000000043dc5fe00, 0x0000000442168000)
 Metaspace       used 22730K, capacity 23231K, committed 23424K, reserved 1071104K
  class space    used 2354K, capacity 2568K, committed 2688K, reserved 1048576K
}
Event: 714.158 GC heap before
{Heap before GC invocations=777 (full 24):
 def new generation   total 2374144K, used 2279448K [0x0000000080200000, 0x0000000121210000, 0x0000000300150000)
  eden space 2110400K, 100% used [0x0000000080200000, 0x0000000100ef0000, 0x0000000100ef0000)
  from space 263744K,  64% used [0x0000000100ef0000, 0x000000010b406030, 0x0000000111080000)
  to   space 263744K,   0% used [0x0000000111080000, 0x0000000111080000, 0x0000000121210000)
 tenured generation   total 5275744K, used 5205055K [0x0000000300150000, 0x0000000442168000, 0x0000000800000000)
   the space 5275744K,  98% used [0x0000000300150000, 0x000000043dc5fd10, 0x000000043dc5fe00, 0x0000000442168000)
 Metaspace       used 22730K, capacity 23231K, committed 23424K, reserved 1071104K
  class space    used 2354K, capacity 2568K, committed 2688K, reserved 1048576K
}
Event: 714.280 GC heap after
{Heap after GC invocations=778 (full 24):
 def new generation   total 2374144K, used 126424K [0x0000000080200000, 0x0000000121210000, 0x0000000300150000)
  eden space 2110400K,   0% used [0x0000000080200000, 0x0000000080200000, 0x0000000100ef0000)
  from space 263744K,  47% used [0x0000000111080000, 0x0000000118bf6368, 0x0000000121210000)
  to   space 263744K,   0% used [0x0000000100ef0000, 0x0000000100ef0000, 0x0000000111080000)
 tenured generation   total 5373728K, used 5373587K [0x0000000300150000, 0x0000000448118000, 0x0000000800000000)
   the space 5373728K,  99% used [0x0000000300150000, 0x00000004480f4c28, 0x00000004480f4e00, 0x0000000448118000)
 Metaspace       used 22730K, capacity 23231K, committed 23424K, reserved 1071104K
  class space    used 2354K, capacity 2568K, committed 2688K, reserved 1048576K
}
Event: 714.280 GC heap before
{Heap before GC invocations=778 (full 24):
 def new generation   total 2374144K, used 126424K [0x0000000080200000, 0x0000000121210000, 0x0000000300150000)
  eden space 2110400K,   0% used [0x0000000080200000, 0x0000000080200000, 0x0000000100ef0000)
  from space 263744K,  47% used [0x0000000111080000, 0x0000000118bf6368, 0x0000000121210000)
  to   space 263744K,   0% used [0x0000000100ef0000, 0x0000000100ef0000, 0x0000000111080000)
 tenured generation   total 5373728K, used 5373587K [0x0000000300150000, 0x0000000448118000, 0x0000000800000000)
   the space 5373728K,  99% used [0x0000000300150000, 0x00000004480f4c28, 0x00000004480f4e00, 0x0000000448118000)
 Metaspace       used 22730K, capacity 23231K, committed 23424K, reserved 1071104K
  class space    used 2354K, capacity 2568K, committed 2688K, reserved 1048576K
}

Deoptimization events (20 events):
Event: 179.515 Thread 0x00007f8a4c018000 DEOPT PACKING pc=0x00007f8a3c2f451c sp=0x00007f8a50b06390
Event: 179.515 Thread 0x00007f8a4c018000 DEOPT UNPACKING pc=0x00007f8a347d2e25 sp=0x00007f8a50b062c8 mode 2
Event: 179.515 Thread 0x00007f8a4c018000 Uncommon trap: trap_request=0xffffff45 fr.pc=0x00007f8a3c337068 relative=0x00000000000001c8
Event: 179.515 Thread 0x00007f8a4c018000 Uncommon trap: reason=unstable_if action=reinterpret pc=0x00007f8a3c337068 method=java.util.HashMap.getNode(ILjava/lang/Object;)Ljava/util/HashMap$Node; @ 84 c2
Event: 179.515 Thread 0x00007f8a4c018000 DEOPT PACKING pc=0x00007f8a3c337068 sp=0x00007f8a50b06320
Event: 179.515 Thread 0x00007f8a4c018000 DEOPT UNPACKING pc=0x00007f8a347d2e25 sp=0x00007f8a50b062c8 mode 2
Event: 535.395 Thread 0x00007f8a4c018000 Uncommon trap: trap_request=0xffffff45 fr.pc=0x00007f8a3c2b49b0 relative=0x00000000000005b0
Event: 535.396 Thread 0x00007f8a4c018000 Uncommon trap: reason=unstable_if action=reinterpret pc=0x00007f8a3c2b49b0 method=java.util.HashMap.getNode(ILjava/lang/Object;)Ljava/util/HashMap$Node; @ 129 c2
Event: 535.397 Thread 0x00007f8a4c018000 DEOPT PACKING pc=0x00007f8a3c2b49b0 sp=0x00007f8a50b06550
Event: 535.398 Thread 0x00007f8a4c018000 DEOPT UNPACKING pc=0x00007f8a347d2e25 sp=0x00007f8a50b062d8 mode 2
Event: 535.398 Thread 0x00007f8a4c018000 Uncommon trap: trap_request=0xffffffde fr.pc=0x00007f8a3c2eb170 relative=0x0000000000000950
Event: 535.398 Thread 0x00007f8a4c018000 Uncommon trap: reason=class_check action=maybe_recompile pc=0x00007f8a3c2eb170 method=java.util.HashMap.removeNode(ILjava/lang/Object;Ljava/lang/Object;ZZ)Ljava/util/HashMap$Node; @ 143 c2
Event: 535.398 Thread 0x00007f8a4c018000 DEOPT PACKING pc=0x00007f8a3c2eb170 sp=0x00007f8a50b06430
Event: 535.398 Thread 0x00007f8a4c018000 DEOPT UNPACKING pc=0x00007f8a347d2e25 sp=0x00007f8a50b062f0 mode 2
Event: 535.417 Thread 0x00007f8a4c018000 DEOPT PACKING pc=0x00007f8a34eae801 sp=0x00007f8a50b06570
Event: 535.417 Thread 0x00007f8a4c018000 DEOPT UNPACKING pc=0x00007f8a347d333a sp=0x00007f8a50b05a20 mode 0
Event: 535.429 Thread 0x00007f8a4c018000 DEOPT PACKING pc=0x00007f8a34eae801 sp=0x00007f8a50b06570
Event: 535.429 Thread 0x00007f8a4c018000 DEOPT UNPACKING pc=0x00007f8a347d333a sp=0x00007f8a50b05a20 mode 0
Event: 535.444 Thread 0x00007f8a4c018000 DEOPT PACKING pc=0x00007f8a34eae801 sp=0x00007f8a50b06570
Event: 535.444 Thread 0x00007f8a4c018000 DEOPT UNPACKING pc=0x00007f8a347d333a sp=0x00007f8a50b05a20 mode 0

Classes unloaded (0 events):
No events

Classes redefined (0 events):
No events

Internal exceptions (20 events):
Event: 0.919 Thread 0x00007f8a4c018000 Exception <a 'java/lang/NoSuchMethodError'{0x0000000080657b08}: 'int java.lang.invoke.DirectMethodHandle$Holder.invokeVirtual(java.lang.Object, java.lang.Object, java.lang.Object)'> (0x0000000080657b08) 
thrown [src/hotspot/share/interpreter/linkResolver.cpp, line 766]
Event: 1.041 Thread 0x00007f8a4c018000 Exception <a 'java/lang/NoSuchMethodError'{0x000000008079aa40}: 'int java.lang.invoke.DirectMethodHandle$Holder.invokeStaticInit(java.lang.Object, java.lang.Object)'> (0x000000008079aa40) 
thrown [src/hotspot/share/interpreter/linkResolver.cpp, line 766]
Event: 1.085 Thread 0x00007f8a4c018000 Exception <a 'java/lang/NoSuchMethodError'{0x000000008085c8d0}: 'int java.lang.invoke.DirectMethodHandle$Holder.invokeVirtual(java.lang.Object, java.lang.Object)'> (0x000000008085c8d0) 
thrown [src/hotspot/share/interpreter/linkResolver.cpp, line 766]
Event: 1.098 Thread 0x00007f8a4c018000 Exception <a 'java/lang/NoSuchMethodError'{0x000000008088a1b0}: 'java.lang.Object java.lang.invoke.Invokers$Holder.linkToTargetMethod(java.lang.Object, java.lang.Object, java.lang.Object, java.lang.Object, java.lang.Object, java.lang.Object)'> (0x000000008088a1b0) 
thrown [src/hotspot/share/interpreter/linkResolver.cpp, line 766]
Event: 1.245 Thread 0x00007f8a4c018000 Exception <a 'java/lang/NoSuchMethodError'{0x0000000080a4e0c0}: 'java.lang.Object java.lang.invoke.DirectMethodHandle$Holder.invokeVirtual(java.lang.Object, java.lang.Object, java.lang.Object)'> (0x0000000080a4e0c0) 
thrown [src/hotspot/share/interpreter/linkResolver.cpp, line 766]
Event: 1.250 Thread 0x00007f8a4c018000 Exception <a 'java/lang/NoSuchMethodError'{0x0000000080a545f0}: 'int java.lang.invoke.DirectMethodHandle$Holder.invokeInterface(java.lang.Object, java.lang.Object)'> (0x0000000080a545f0) 
thrown [src/hotspot/share/interpreter/linkResolver.cpp, line 766]
Event: 1.269 Thread 0x00007f8a4c018000 Exception <a 'java/lang/NoSuchMethodError'{0x0000000080a85788}: 'int java.lang.invoke.DirectMethodHandle$Holder.invokeSpecial(java.lang.Object, java.lang.Object, java.lang.Object, java.lang.Object)'> (0x0000000080a85788) 
thrown [src/hotspot/share/interpreter/linkResolver.cpp, line 766]
Event: 1.271 Thread 0x00007f8a4c018000 Exception <a 'java/lang/NoSuchMethodError'{0x0000000080a964d8}: 'java.lang.Object java.lang.invoke.DirectMethodHandle$Holder.invokeVirtual(java.lang.Object, java.lang.Object, java.lang.Object, int, int)'> (0x0000000080a964d8) 
thrown [src/hotspot/share/interpreter/linkResolver.cpp, line 766]
Event: 1.271 Thread 0x00007f8a4c018000 Exception <a 'java/lang/NoSuchMethodError'{0x0000000080a9c6c0}: 'java.lang.Object java.lang.invoke.DirectMethodHandle$Holder.invokeVirtual(java.lang.Object, java.lang.Object, int)'> (0x0000000080a9c6c0) 
thrown [src/hotspot/share/interpreter/linkResolver.cpp, line 766]
Event: 1.283 Thread 0x00007f8a4c018000 Exception <a 'java/lang/NoSuchMethodError'{0x0000000080ab2d48}: 'java.lang.Object java.lang.invoke.DirectMethodHandle$Holder.invokeSpecial(java.lang.Object, java.lang.Object, java.lang.Object, int, int)'> (0x0000000080ab2d48) 
thrown [src/hotspot/share/interpreter/linkResolver.cpp, line 766]
Event: 1.640 Thread 0x00007f8a4c018000 Exception <a 'java/lang/NoSuchMethodError'{0x0000000082582d58}: 'int java.lang.invoke.DirectMethodHandle$Holder.invokeSpecial(java.lang.Object, java.lang.Object, java.lang.Object, java.lang.Object, java.lang.Object)'> (0x0000000082582d58) 
thrown [src/hotspot/share/interpreter/linkResolver.cpp, line 766]
Event: 1.724 Thread 0x00007f8a4c018000 Exception <a 'java/lang/NoSuchMethodError'{0x00000000828ba0a0}: 'java.lang.Object java.lang.invoke.DirectMethodHandle$Holder.invokeStatic(java.lang.Object, java.lang.Object, int, int)'> (0x00000000828ba0a0) 
thrown [src/hotspot/share/interpreter/linkResolver.cpp, line 766]
Event: 1.988 Thread 0x00007f8a4c018000 Exception <a 'java/lang/NoSuchMethodError'{0x000000008365daf8}: 'int java.lang.invoke.DirectMethodHandle$Holder.invokeVirtual(java.lang.Object, java.lang.Object, java.lang.Object, java.lang.Object)'> (0x000000008365daf8) 
thrown [src/hotspot/share/interpreter/linkResolver.cpp, line 766]
Event: 1.989 Thread 0x00007f8a4c018000 Exception <a 'java/lang/NoSuchMethodError'{0x00000000836681f0}: 'java.lang.Object java.lang.invoke.DirectMethodHandle$Holder.invokeStatic(java.lang.Object, java.lang.Object, int, java.lang.Object)'> (0x00000000836681f0) 
thrown [src/hotspot/share/interpreter/linkResolver.cpp, line 766]
Event: 1.990 Thread 0x00007f8a4c018000 Exception <a 'java/lang/NoSuchMethodError'{0x000000008366e760}: 'java.lang.Object java.lang.invoke.Invokers$Holder.linkToTargetMethod(java.lang.Object, int, java.lang.Object, java.lang.Object)'> (0x000000008366e760) 
thrown [src/hotspot/share/interpreter/linkResolver.cpp, line 766]
Event: 2.950 Thread 0x00007f8a4c018000 Exception <a 'java/lang/NoSuchMethodError'{0x000000008c364650}: 'java.lang.Object java.lang.invoke.Invokers$Holder.invokeExact_MT(java.lang.Object, java.lang.Object, java.lang.Object, java.lang.Object, java.lang.Object, java.lang.Object)'> (0x000000008c364650) 
thrown [src/hotspot/share/interpreter/linkResolver.cpp, line 766]
Event: 3.312 Thread 0x00007f8a4c0a7800 Implicit null exception at 0x00007f8a3c2a6edc to 0x00007f8a3c2a6fac
Event: 3.454 Thread 0x00007f8a4c018000 Exception <a 'java/lang/NoSuchMethodError'{0x00000000807ad7a8}: 'double java.lang.invoke.DirectMethodHandle$Holder.invokeStatic(java.lang.Object, java.lang.Object)'> (0x00000000807ad7a8) 
thrown [src/hotspot/share/interpreter/linkResolver.cpp, line 766]
Event: 3.478 Thread 0x00007f8a4c018000 Exception <a 'java/lang/NoSuchMethodError'{0x00000000808d6548}: 'int java.lang.invoke.DirectMethodHandle$Holder.invokeStatic(java.lang.Object, java.lang.Object, java.lang.Object, int)'> (0x00000000808d6548) 
thrown [src/hotspot/share/interpreter/linkResolver.cpp, line 766]
Event: 3.484 Thread 0x00007f8a4c018000 Exception <a 'java/lang/NoSuchMethodError'{0x00000000808df170}: 'int java.lang.invoke.DirectMethodHandle$Holder.invokeStatic(java.lang.Object, java.lang.Object, int)'> (0x00000000808df170) 
thrown [src/hotspot/share/interpreter/linkResolver.cpp, line 766]

Events (20 events):
Event: 703.524 Executing VM operation: GenCollectForAllocation
Event: 703.545 Executing VM operation: GenCollectForAllocation done
Event: 704.837 Executing VM operation: GenCollectForAllocation
Event: 704.877 Executing VM operation: GenCollectForAllocation done
Event: 706.147 Executing VM operation: GenCollectForAllocation
Event: 706.161 Executing VM operation: GenCollectForAllocation done
Event: 707.452 Executing VM operation: GenCollectForAllocation
Event: 707.491 Executing VM operation: GenCollectForAllocation done
Event: 708.787 Executing VM operation: GenCollectForAllocation
Event: 708.860 Executing VM operation: GenCollectForAllocation done
Event: 708.882 Executing VM operation: HandshakeAllThreads
Event: 708.902 Executing VM operation: HandshakeAllThreads done
Event: 708.905 Thread 0x00007f8a4c0d3800 flushing nmethod 0x00007f8a34eae210
Event: 710.154 Executing VM operation: GenCollectForAllocation
Event: 710.194 Executing VM operation: GenCollectForAllocation done
Event: 711.478 Executing VM operation: GenCollectForAllocation
Event: 711.547 Executing VM operation: GenCollectForAllocation done
Event: 712.823 Executing VM operation: GenCollectForAllocation
Event: 712.868 Executing VM operation: GenCollectForAllocation done
Event: 714.155 Executing VM operation: GenCollectForAllocation


Dynamic libraries:
80200000-121210000 rw-p 00000000 00:00 0 
121210000-300150000 ---p 00000000 00:00 0 
300150000-448118000 rw-p 00000000 00:00 0 
495948000-800000000 ---p 00000000 00:00 0 
800000000-8002a0000 rw-p 00000000 00:00 0 
8002a0000-840000000 ---p 00000000 00:00 0 
55960986c000-55960986d000 r--p 00000000 07:30 4860                       /usr/lib/jvm/java-13-openjdk-amd64/bin/java
55960986d000-55960986e000 r-xp 00001000 07:30 4860                       /usr/lib/jvm/java-13-openjdk-amd64/bin/java
55960986e000-55960986f000 r--p 00002000 07:30 4860                       /usr/lib/jvm/java-13-openjdk-amd64/bin/java
55960986f000-559609870000 r--p 00002000 07:30 4860                       /usr/lib/jvm/java-13-openjdk-amd64/bin/java
559609870000-559609871000 rw-p 00003000 07:30 4860                       /usr/lib/jvm/java-13-openjdk-amd64/bin/java
55960b1dc000-55960b1fd000 rw-p 00000000 00:00 0                          [heap]
7f8a00000000-7f8a00021000 rw-p 00000000 00:00 0 
7f8a00021000-7f8a04000000 ---p 00000000 00:00 0 
7f8a08000000-7f8a08021000 rw-p 00000000 00:00 0 
7f8a08021000-7f8a0c000000 ---p 00000000 00:00 0 
7f8a0c000000-7f8a0c021000 rw-p 00000000 00:00 0 
7f8a0c021000-7f8a10000000 ---p 00000000 00:00 0 
7f8a10000000-7f8a12186000 rw-p 00000000 00:00 0 
7f8a12186000-7f8a14000000 ---p 00000000 00:00 0 
7f8a14000000-7f8a14650000 rw-p 00000000 00:00 0 
7f8a14650000-7f8a18000000 ---p 00000000 00:00 0 
7f8a18000000-7f8a18021000 rw-p 00000000 00:00 0 
7f8a18021000-7f8a1c000000 ---p 00000000 00:00 0 
7f8a1c000000-7f8a1c021000 rw-p 00000000 00:00 0 
7f8a1c021000-7f8a20000000 ---p 00000000 00:00 0 
7f8a20000000-7f8a20021000 rw-p 00000000 00:00 0 
7f8a20021000-7f8a24000000 ---p 00000000 00:00 0 
7f8a24000000-7f8a24021000 rw-p 00000000 00:00 0 
7f8a24021000-7f8a28000000 ---p 00000000 00:00 0 
7f8a28000000-7f8a28068000 rw-p 00000000 00:00 0 
7f8a28068000-7f8a2c000000 ---p 00000000 00:00 0 
7f8a2c78e000-7f8a2c7ce000 rw-p 00000000 00:00 0 
7f8a2c7ce000-7f8a2c98e000 ---p 00000000 00:00 0 
7f8a2c98e000-7f8a2cb8e000 rw-p 00000000 00:00 0 
7f8a2cb8e000-7f8a2cd8e000 rw-p 00000000 00:00 0 
7f8a2cd8e000-7f8a2cf8e000 rw-p 00000000 00:00 0 
7f8a2cf8e000-7f8a2d326000 rw-p 00000000 00:00 0 
7f8a2d326000-7f8a2d526000 rw-p 00000000 00:00 0 
7f8a2d526000-7f8a2d726000 rw-p 00000000 00:00 0 
7f8a2d726000-7f8a2d757000 rw-p 00000000 00:00 0 
7f8a2d757000-7f8a2d75b000 r--p 00000000 07:30 5204                       /usr/lib/jvm/java-13-openjdk-amd64/lib/libnet.so
7f8a2d75b000-7f8a2d769000 r-xp 00004000 07:30 5204                       /usr/lib/jvm/java-13-openjdk-amd64/lib/libnet.so
7f8a2d769000-7f8a2d76d000 r--p 00012000 07:30 5204                       /usr/lib/jvm/java-13-openjdk-amd64/lib/libnet.so
7f8a2d76d000-7f8a2d76e000 r--p 00015000 07:30 5204                       /usr/lib/jvm/java-13-openjdk-amd64/lib/libnet.so
7f8a2d76e000-7f8a2d76f000 rw-p 00016000 07:30 5204                       /usr/lib/jvm/java-13-openjdk-amd64/lib/libnet.so
7f8a2d76f000-7f8a2d776000 r--p 00000000 07:30 5205                       /usr/lib/jvm/java-13-openjdk-amd64/lib/libnio.so
7f8a2d776000-7f8a2d77f000 r-xp 00007000 07:30 5205                       /usr/lib/jvm/java-13-openjdk-amd64/lib/libnio.so
7f8a2d77f000-7f8a2d783000 r--p 00010000 07:30 5205                       /usr/lib/jvm/java-13-openjdk-amd64/lib/libnio.so
7f8a2d783000-7f8a2d784000 r--p 00013000 07:30 5205                       /usr/lib/jvm/java-13-openjdk-amd64/lib/libnio.so
7f8a2d784000-7f8a2d785000 rw-p 00014000 07:30 5205                       /usr/lib/jvm/java-13-openjdk-amd64/lib/libnio.so
7f8a2d785000-7f8a2d786000 ---p 00000000 00:00 0 
7f8a2d786000-7f8a2d887000 rw-p 00000000 00:00 0 
7f8a2d887000-7f8a2d88b000 ---p 00000000 00:00 0 
7f8a2d88b000-7f8a2d988000 rw-p 00000000 00:00 0 
7f8a2d988000-7f8a2d98c000 ---p 00000000 00:00 0 
7f8a2d98c000-7f8a2da89000 rw-p 00000000 00:00 0 
7f8a2da89000-7f8a2da8d000 ---p 00000000 00:00 0 
7f8a2da8d000-7f8a2edca000 rw-p 00000000 00:00 0 
7f8a2edca000-7f8a30b8a000 ---p 00000000 00:00 0 
7f8a30b8a000-7f8a31093000 rw-p 00000000 00:00 0 
7f8a31093000-7f8a31f89000 ---p 00000000 00:00 0 
7f8a31f89000-7f8a329ca000 rw-p 00000000 00:00 0 
7f8a329ca000-7f8a34789000 ---p 00000000 00:00 0 
7f8a34789000-7f8a3478a000 rw-p 00000000 00:00 0 
7f8a3478a000-7f8a349fa000 rwxp 00000000 00:00 0 
7f8a349fa000-7f8a34d19000 ---p 00000000 00:00 0 
7f8a34d19000-7f8a352b9000 rwxp 00000000 00:00 0 
7f8a352b9000-7f8a3c251000 ---p 00000000 00:00 0 
7f8a3c251000-7f8a3c4c1000 rwxp 00000000 00:00 0 
7f8a3c4c1000-7f8a4378a000 ---p 00000000 00:00 0 
7f8a4378a000-7f8a4c000000 r--s 00000000 07:30 5215                       /usr/lib/jvm/java-13-openjdk-amd64/lib/modules
7f8a4c000000-7f8a4c691000 rw-p 00000000 00:00 0 
7f8a4c691000-7f8a50000000 ---p 00000000 00:00 0 
7f8a50014000-7f8a50018000 ---p 00000000 00:00 0 
7f8a50018000-7f8a50115000 rw-p 00000000 00:00 0 
7f8a50115000-7f8a50119000 ---p 00000000 00:00 0 
7f8a50119000-7f8a50216000 rw-p 00000000 00:00 0 
7f8a50216000-7f8a5021a000 ---p 00000000 00:00 0 
7f8a5021a000-7f8a50317000 rw-p 00000000 00:00 0 
7f8a50317000-7f8a5031e000 r--s 00000000 07:30 8532                       /usr/lib/x86_64-linux-gnu/gconv/gconv-modules.cache
7f8a5031e000-7f8a50350000 r--p 00000000 07:30 5276                       /usr/lib/locale/C.UTF-8/LC_CTYPE
7f8a50350000-7f8a50354000 ---p 00000000 00:00 0 
7f8a50354000-7f8a50451000 rw-p 00000000 00:00 0 
7f8a50451000-7f8a50455000 ---p 00000000 00:00 0 
7f8a50455000-7f8a50552000 rw-p 00000000 00:00 0 
7f8a50552000-7f8a50553000 ---p 00000000 00:00 0 
7f8a50553000-7f8a507b8000 rw-p 00000000 00:00 0 
7f8a507b8000-7f8a5089e000 ---p 00000000 00:00 0 
7f8a5089e000-7f8a508aa000 rw-p 00000000 00:00 0 
7f8a508aa000-7f8a50989000 ---p 00000000 00:00 0 
7f8a50989000-7f8a5098e000 rw-p 00000000 00:00 0 
7f8a5098e000-7f8a50995000 ---p 00000000 00:00 0 
7f8a50995000-7f8a50997000 r--p 00000000 07:30 5214                       /usr/lib/jvm/java-13-openjdk-amd64/lib/libzip.so
7f8a50997000-7f8a5099b000 r-xp 00002000 07:30 5214                       /usr/lib/jvm/java-13-openjdk-amd64/lib/libzip.so
7f8a5099b000-7f8a5099d000 r--p 00006000 07:30 5214                       /usr/lib/jvm/java-13-openjdk-amd64/lib/libzip.so
7f8a5099d000-7f8a5099e000 r--p 00007000 07:30 5214                       /usr/lib/jvm/java-13-openjdk-amd64/lib/libzip.so
7f8a5099e000-7f8a5099f000 rw-p 00008000 07:30 5214                       /usr/lib/jvm/java-13-openjdk-amd64/lib/libzip.so
7f8a5099f000-7f8a509a7000 rw-s 00000000 08:03 68382044                   /tmp/hsperfdata_rcabanas/22946
7f8a509a7000-7f8a509aa000 r--p 00000000 07:30 9108                       /usr/lib/x86_64-linux-gnu/libnss_files-2.31.so
7f8a509aa000-7f8a509b1000 r-xp 00003000 07:30 9108                       /usr/lib/x86_64-linux-gnu/libnss_files-2.31.so
7f8a509b1000-7f8a509b3000 r--p 0000a000 07:30 9108                       /usr/lib/x86_64-linux-gnu/libnss_files-2.31.so
7f8a509b3000-7f8a509b4000 r--p 0000b000 07:30 9108                       /usr/lib/x86_64-linux-gnu/libnss_files-2.31.so
7f8a509b4000-7f8a509b5000 rw-p 0000c000 07:30 9108                       /usr/lib/x86_64-linux-gnu/libnss_files-2.31.so
7f8a509b5000-7f8a509bb000 rw-p 00000000 00:00 0 
7f8a509c1000-7f8a509c3000 r--p 00000000 07:30 5195                       /usr/lib/jvm/java-13-openjdk-amd64/lib/libjimage.so
7f8a509c3000-7f8a509c6000 r-xp 00002000 07:30 5195                       /usr/lib/jvm/java-13-openjdk-amd64/lib/libjimage.so
7f8a509c6000-7f8a509c7000 r--p 00005000 07:30 5195                       /usr/lib/jvm/java-13-openjdk-amd64/lib/libjimage.so
7f8a509c7000-7f8a509c8000 ---p 00006000 07:30 5195                       /usr/lib/jvm/java-13-openjdk-amd64/lib/libjimage.so
7f8a509c8000-7f8a509c9000 r--p 00006000 07:30 5195                       /usr/lib/jvm/java-13-openjdk-amd64/lib/libjimage.so
7f8a509c9000-7f8a509ca000 rw-p 00007000 07:30 5195                       /usr/lib/jvm/java-13-openjdk-amd64/lib/libjimage.so
7f8a509ca000-7f8a509d7000 r--p 00000000 07:30 5191                       /usr/lib/jvm/java-13-openjdk-amd64/lib/libjava.so
7f8a509d7000-7f8a509ec000 r-xp 0000d000 07:30 5191                       /usr/lib/jvm/java-13-openjdk-amd64/lib/libjava.so
7f8a509ec000-7f8a509f2000 r--p 00022000 07:30 5191                       /usr/lib/jvm/java-13-openjdk-amd64/lib/libjava.so
7f8a509f2000-7f8a509f3000 ---p 00028000 07:30 5191                       /usr/lib/jvm/java-13-openjdk-amd64/lib/libjava.so
7f8a509f3000-7f8a509f4000 r--p 00028000 07:30 5191                       /usr/lib/jvm/java-13-openjdk-amd64/lib/libjava.so
7f8a509f4000-7f8a509f6000 rw-p 00029000 07:30 5191                       /usr/lib/jvm/java-13-openjdk-amd64/lib/libjava.so
7f8a509f6000-7f8a509fb000 r--p 00000000 07:30 5213                       /usr/lib/jvm/java-13-openjdk-amd64/lib/libverify.so
7f8a509fb000-7f8a50a02000 r-xp 00005000 07:30 5213                       /usr/lib/jvm/java-13-openjdk-amd64/lib/libverify.so
7f8a50a02000-7f8a50a04000 r--p 0000c000 07:30 5213                       /usr/lib/jvm/java-13-openjdk-amd64/lib/libverify.so
7f8a50a04000-7f8a50a05000 ---p 0000e000 07:30 5213                       /usr/lib/jvm/java-13-openjdk-amd64/lib/libverify.so
7f8a50a05000-7f8a50a07000 r--p 0000e000 07:30 5213                       /usr/lib/jvm/java-13-openjdk-amd64/lib/libverify.so
7f8a50a07000-7f8a50a08000 rw-p 00010000 07:30 5213                       /usr/lib/jvm/java-13-openjdk-amd64/lib/libverify.so
7f8a50a08000-7f8a50a0c000 ---p 00000000 00:00 0 
7f8a50a0c000-7f8a50b09000 rw-p 00000000 00:00 0 
7f8a50b09000-7f8a50b0c000 r--p 00000000 07:30 8948                       /usr/lib/x86_64-linux-gnu/libgcc_s.so.1
7f8a50b0c000-7f8a50b1e000 r-xp 00003000 07:30 8948                       /usr/lib/x86_64-linux-gnu/libgcc_s.so.1
7f8a50b1e000-7f8a50b22000 r--p 00015000 07:30 8948                       /usr/lib/x86_64-linux-gnu/libgcc_s.so.1
7f8a50b22000-7f8a50b23000 r--p 00018000 07:30 8948                       /usr/lib/x86_64-linux-gnu/libgcc_s.so.1
7f8a50b23000-7f8a50b24000 rw-p 00019000 07:30 8948                       /usr/lib/x86_64-linux-gnu/libgcc_s.so.1
7f8a50b24000-7f8a50b31000 r--p 00000000 07:30 9062                       /usr/lib/x86_64-linux-gnu/libm-2.31.so
7f8a50b31000-7f8a50bd8000 r-xp 0000d000 07:30 9062                       /usr/lib/x86_64-linux-gnu/libm-2.31.so
7f8a50bd8000-7f8a50c71000 r--p 000b4000 07:30 9062                       /usr/lib/x86_64-linux-gnu/libm-2.31.so
7f8a50c71000-7f8a50c72000 r--p 0014c000 07:30 9062                       /usr/lib/x86_64-linux-gnu/libm-2.31.so
7f8a50c72000-7f8a50c73000 rw-p 0014d000 07:30 9062                       /usr/lib/x86_64-linux-gnu/libm-2.31.so
7f8a50c73000-7f8a50d09000 r--p 00000000 07:30 9213                       /usr/lib/x86_64-linux-gnu/libstdc++.so.6.0.28
7f8a50d09000-7f8a50dfa000 r-xp 00096000 07:30 9213                       /usr/lib/x86_64-linux-gnu/libstdc++.so.6.0.28
7f8a50dfa000-7f8a50e43000 r--p 00187000 07:30 9213                       /usr/lib/x86_64-linux-gnu/libstdc++.so.6.0.28
7f8a50e43000-7f8a50e44000 ---p 001d0000 07:30 9213                       /usr/lib/x86_64-linux-gnu/libstdc++.so.6.0.28
7f8a50e44000-7f8a50e4f000 r--p 001d0000 07:30 9213                       /usr/lib/x86_64-linux-gnu/libstdc++.so.6.0.28
7f8a50e4f000-7f8a50e52000 rw-p 001db000 07:30 9213                       /usr/lib/x86_64-linux-gnu/libstdc++.so.6.0.28
7f8a50e52000-7f8a50e55000 rw-p 00000000 00:00 0 
7f8a50e55000-7f8a510db000 r--p 00000000 07:30 5226                       /usr/lib/jvm/java-13-openjdk-amd64/lib/server/libjvm.so
7f8a510db000-7f8a51e58000 r-xp 00286000 07:30 5226                       /usr/lib/jvm/java-13-openjdk-amd64/lib/server/libjvm.so
7f8a51e58000-7f8a520d3000 r--p 01003000 07:30 5226                       /usr/lib/jvm/java-13-openjdk-amd64/lib/server/libjvm.so
7f8a520d3000-7f8a52198000 r--p 0127d000 07:30 5226                       /usr/lib/jvm/java-13-openjdk-amd64/lib/server/libjvm.so
7f8a52198000-7f8a521d3000 rw-p 01342000 07:30 5226                       /usr/lib/jvm/java-13-openjdk-amd64/lib/server/libjvm.so
7f8a521d3000-7f8a52259000 rw-p 00000000 00:00 0 
7f8a52259000-7f8a5225f000 r--p 00000000 07:30 9166                       /usr/lib/x86_64-linux-gnu/libpthread-2.31.so
7f8a5225f000-7f8a52270000 r-xp 00006000 07:30 9166                       /usr/lib/x86_64-linux-gnu/libpthread-2.31.so
7f8a52270000-7f8a52276000 r--p 00017000 07:30 9166                       /usr/lib/x86_64-linux-gnu/libpthread-2.31.so
7f8a52276000-7f8a52277000 r--p 0001c000 07:30 9166                       /usr/lib/x86_64-linux-gnu/libpthread-2.31.so
7f8a52277000-7f8a52278000 rw-p 0001d000 07:30 9166                       /usr/lib/x86_64-linux-gnu/libpthread-2.31.so
7f8a52278000-7f8a5227c000 rw-p 00000000 00:00 0 
7f8a5227c000-7f8a5227d000 r--p 00000000 07:30 8893                       /usr/lib/x86_64-linux-gnu/libdl-2.31.so
7f8a5227d000-7f8a5227f000 r-xp 00001000 07:30 8893                       /usr/lib/x86_64-linux-gnu/libdl-2.31.so
7f8a5227f000-7f8a52280000 r--p 00003000 07:30 8893                       /usr/lib/x86_64-linux-gnu/libdl-2.31.so
7f8a52280000-7f8a52281000 r--p 00003000 07:30 8893                       /usr/lib/x86_64-linux-gnu/libdl-2.31.so
7f8a52281000-7f8a52282000 rw-p 00004000 07:30 8893                       /usr/lib/x86_64-linux-gnu/libdl-2.31.so
7f8a52282000-7f8a52284000 r--p 00000000 07:30 9290                       /usr/lib/x86_64-linux-gnu/libz.so.1.2.11
7f8a52284000-7f8a52295000 r-xp 00002000 07:30 9290                       /usr/lib/x86_64-linux-gnu/libz.so.1.2.11
7f8a52295000-7f8a5229b000 r--p 00013000 07:30 9290                       /usr/lib/x86_64-linux-gnu/libz.so.1.2.11
7f8a5229b000-7f8a5229c000 ---p 00019000 07:30 9290                       /usr/lib/x86_64-linux-gnu/libz.so.1.2.11
7f8a5229c000-7f8a5229d000 r--p 00019000 07:30 9290                       /usr/lib/x86_64-linux-gnu/libz.so.1.2.11
7f8a5229d000-7f8a5229e000 rw-p 0001a000 07:30 9290                       /usr/lib/x86_64-linux-gnu/libz.so.1.2.11
7f8a5229e000-7f8a522c0000 r--p 00000000 07:30 8851                       /usr/lib/x86_64-linux-gnu/libc-2.31.so
7f8a522c0000-7f8a52438000 r-xp 00022000 07:30 8851                       /usr/lib/x86_64-linux-gnu/libc-2.31.so
7f8a52438000-7f8a52486000 r--p 0019a000 07:30 8851                       /usr/lib/x86_64-linux-gnu/libc-2.31.so
7f8a52486000-7f8a5248a000 r--p 001e7000 07:30 8851                       /usr/lib/x86_64-linux-gnu/libc-2.31.so
7f8a5248a000-7f8a5248c000 rw-p 001eb000 07:30 8851                       /usr/lib/x86_64-linux-gnu/libc-2.31.so
7f8a5248c000-7f8a52490000 rw-p 00000000 00:00 0 
7f8a52492000-7f8a52494000 r--s 0000c000 07:30 20930                      /usr/share/java/java-atk-wrapper.jar
7f8a52494000-7f8a52495000 ---p 00000000 00:00 0 
7f8a52495000-7f8a52496000 r--p 00000000 00:00 0 
7f8a52496000-7f8a52499000 r--p 00000000 07:30 5196                       /usr/lib/jvm/java-13-openjdk-amd64/lib/libjli.so
7f8a52499000-7f8a524a3000 r-xp 00003000 07:30 5196                       /usr/lib/jvm/java-13-openjdk-amd64/lib/libjli.so
7f8a524a3000-7f8a524a6000 r--p 0000d000 07:30 5196                       /usr/lib/jvm/java-13-openjdk-amd64/lib/libjli.so
7f8a524a6000-7f8a524a7000 r--p 0000f000 07:30 5196                       /usr/lib/jvm/java-13-openjdk-amd64/lib/libjli.so
7f8a524a7000-7f8a524a8000 rw-p 00010000 07:30 5196                       /usr/lib/jvm/java-13-openjdk-amd64/lib/libjli.so
7f8a524a8000-7f8a524aa000 rw-p 00000000 00:00 0 
7f8a524aa000-7f8a524ab000 r--p 00000000 07:30 8572                       /usr/lib/x86_64-linux-gnu/ld-2.31.so
7f8a524ab000-7f8a524ce000 r-xp 00001000 07:30 8572                       /usr/lib/x86_64-linux-gnu/ld-2.31.so
7f8a524ce000-7f8a524d6000 r--p 00024000 07:30 8572                       /usr/lib/x86_64-linux-gnu/ld-2.31.so
7f8a524d6000-7f8a524d7000 ---p 00000000 00:00 0 
7f8a524d7000-7f8a524d8000 r--p 0002c000 07:30 8572                       /usr/lib/x86_64-linux-gnu/ld-2.31.so
7f8a524d8000-7f8a524d9000 rw-p 0002d000 07:30 8572                       /usr/lib/x86_64-linux-gnu/ld-2.31.so
7f8a524d9000-7f8a524da000 rw-p 00000000 00:00 0 
7ffdadece000-7ffdadeef000 rw-p 00000000 00:00 0                          [stack]
7ffdadf34000-7ffdadf36000 r-xp 00000000 00:00 0                          [vdso]
ffffffffff600000-ffffffffff601000 r-xp 00000000 00:00 0                  [vsyscall]


VM Arguments:
jvm_args: --add-modules=ALL-DEFAULT 
java_command: jdk.compiler/com.sun.tools.javac.launcher.Main /mnt/beegfs/rcabanas/dev/credici/papers/journalEM/code/RunSingleEM.java --maxiter 300 -w --seed 196 --output /mnt/beegfs/rcabanas/dev/credici/papers/journalEM/output/triangolo/1000 -d /mnt/beegfs/rcabanas/dev/credici/papers/journalEM/data/triangolo_data_d1000.csv /mnt/beegfs/rcabanas/dev/credici/papers/journalEM/models/triangolo_causal.uai
java_class_path (initial): /mnt/beegfs/rcabanas/dev/credici/target/credici-0.1.3-jar-with-dependencies.jar
Launcher Type: SUN_STANDARD

[Global flags]
     intx CICompilerCount                          = 2                                         {product} {ergonomic}
   size_t InitialHeapSize                          = 2147483648                                {product} {ergonomic}
   size_t MaxHeapSize                              = 32210157568                               {product} {ergonomic}
   size_t MaxNewSize                               = 10736697344                               {product} {ergonomic}
   size_t MinHeapDeltaBytes                        = 196608                                    {product} {ergonomic}
   size_t MinHeapSize                              = 8388608                                   {product} {ergonomic}
   size_t NewSize                                  = 715784192                                 {product} {ergonomic}
    uintx NonNMethodCodeHeapSize                   = 5826188                                {pd product} {ergonomic}
    uintx NonProfiledCodeHeapSize                  = 122916026                              {pd product} {ergonomic}
   size_t OldSize                                  = 1431699456                                {product} {ergonomic}
    uintx ProfiledCodeHeapSize                     = 122916026                              {pd product} {ergonomic}
    uintx ReservedCodeCacheSize                    = 251658240                              {pd product} {ergonomic}
     bool SegmentedCodeCache                       = true                                      {product} {ergonomic}
   size_t SoftMaxHeapSize                          = 32210157568                            {manageable} {ergonomic}
     bool UseCompressedClassPointers               = true                                 {lp64_product} {ergonomic}
     bool UseCompressedOops                        = true                                 {lp64_product} {ergonomic}
     bool UseSerialGC                              = true                                      {product} {ergonomic}

Logging:
Log output configuration:
 #0: stdout all=warning uptime,level,tags
 #1: stderr all=off uptime,level,tags

Environment Variables:
PATH=/usr/local/sbin:/usr/local/bin:/usr/sbin:/usr/bin:/sbin:/bin
LD_LIBRARY_PATH=/.singularity.d/libs

Signal Handlers:
SIGSEGV: [libjvm.so+0xf8fcf0], sa_mask[0]=11111111011111111101111111111110, sa_flags=SA_RESTART|SA_SIGINFO
SIGBUS: [libjvm.so+0xf8fcf0], sa_mask[0]=11111111011111111101111111111110, sa_flags=SA_RESTART|SA_SIGINFO
SIGFPE: [libjvm.so+0xf8fcf0], sa_mask[0]=11111111011111111101111111111110, sa_flags=SA_RESTART|SA_SIGINFO
SIGPIPE: [libjvm.so+0xc3ffa0], sa_mask[0]=11111111011111111101111111111110, sa_flags=SA_RESTART|SA_SIGINFO
SIGXFSZ: [libjvm.so+0xc3ffa0], sa_mask[0]=11111111011111111101111111111110, sa_flags=SA_RESTART|SA_SIGINFO
SIGILL: [libjvm.so+0xf8fcf0], sa_mask[0]=11111111011111111101111111111110, sa_flags=SA_RESTART|SA_SIGINFO
SIGUSR2: [libjvm.so+0xc3fe40], sa_mask[0]=00000000000000000000000000000000, sa_flags=SA_RESTART|SA_SIGINFO
SIGHUP: [libjvm.so+0xc40580], sa_mask[0]=11111111011111111101111111111110, sa_flags=SA_RESTART|SA_SIGINFO
SIGINT: [libjvm.so+0xc40580], sa_mask[0]=11111111011111111101111111111110, sa_flags=SA_RESTART|SA_SIGINFO
SIGTERM: [libjvm.so+0xc40580], sa_mask[0]=11111111011111111101111111111110, sa_flags=SA_RESTART|SA_SIGINFO
SIGQUIT: [libjvm.so+0xc40580], sa_mask[0]=11111111011111111101111111111110, sa_flags=SA_RESTART|SA_SIGINFO


---------------  S Y S T E M  ---------------

OS:DISTRIB_ID=Ubuntu
DISTRIB_RELEASE=20.04
DISTRIB_CODENAME=focal
DISTRIB_DESCRIPTION="Ubuntu 20.04.4 LTS"
uname:Linux 3.10.0-1160.15.2.el7.x86_64 #1 SMP Wed Feb 3 15:06:38 UTC 2021 x86_64
OS uptime: 411 days 16:43 hours
libc:glibc 2.31 NPTL 2.31 
rlimit (soft/hard): STACK 8192k/infinity , CORE 0k/infinity , NPROC 4096/1030217 , NOFILE 131072/131072 , AS infinity/infinity , CPU infinity/infinity , DATA infinity/infinity , FSIZE infinity/infinity , MEMLOCK infinity/infinity
load average:45.66 46.41 27.83

/proc/meminfo:
MemTotal:       263895364 kB
MemFree:          651388 kB
MemAvailable:     135136 kB
Buffers:           54992 kB
Cached:           102696 kB
SwapCached:        59724 kB
Active:         246762580 kB
Inactive:        7139556 kB
Active(anon):   246705100 kB
Inactive(anon):  7078092 kB
Active(file):      57480 kB
Inactive(file):    61464 kB
Unevictable:       15148 kB
Mlocked:           15148 kB
SwapTotal:       4194300 kB
SwapFree:              0 kB
Dirty:               300 kB
Writeback:             0 kB
AnonPages:      253712760 kB
Mapped:            19796 kB
Shmem:             22552 kB
Slab:             735364 kB
SReclaimable:     162616 kB
SUnreclaim:       572748 kB
KernelStack:       35056 kB
PageTables:       540064 kB
NFS_Unstable:          0 kB
Bounce:                0 kB
WritebackTmp:          0 kB
CommitLimit:    136141980 kB
Committed_AS:   282811532 kB
VmallocTotal:   34359738367 kB
VmallocUsed:      862080 kB
VmallocChunk:   34222329616 kB
Percpu:            22016 kB
HardwareCorrupted:     0 kB
AnonHugePages:  172124160 kB
CmaTotal:              0 kB
CmaFree:               0 kB
HugePages_Total:       0
HugePages_Free:        0
HugePages_Rsvd:        0
HugePages_Surp:        0
Hugepagesize:       2048 kB
DirectMap4k:      505448 kB
DirectMap2M:    20328448 kB
DirectMap1G:    247463936 kB

/sys/kernel/mm/transparent_hugepage/enabled:
[always] madvise never

/sys/kernel/mm/transparent_hugepage/defrag (defrag/compaction efforts parameter):
[always] madvise never


/proc/sys/kernel/threads-max (system-wide limit on the number of threads):
2060435


/proc/sys/vm/max_map_count (maximum number of memory map areas a process may have):
65530


/proc/sys/kernel/pid_max (system-wide limit on number of process identifiers):
65536



Steal ticks since vm start: 0
Steal ticks percentage since vm start:  0.000

CPU:total 64 (initial active 1) (32 cores per cpu, 1 threads per core) family 23 model 49 stepping 0, cmov, cx8, fxsr, mmx, sse, sse2, sse3, ssse3, sse4.1, sse4.2, popcnt, avx, avx2, aes, clmul, mmxext, 3dnowpref, lzcnt, sse4a, tsc, tscinvbit, tscinv, bmi1, bmi2, adx, sha, fma
CPU Model and flags from /proc/cpuinfo:
model name	: AMD EPYC 7542 32-Core Processor
flags		: fpu vme de pse tsc msr pae mce cx8 apic sep mtrr pge mca cmov pat pse36 clflush mmx fxsr sse sse2 ht syscall nx mmxext fxsr_opt pdpe1gb rdtscp lm constant_tsc art rep_good nopl nonstop_tsc extd_apicid aperfmperf eagerfpu pni pclmulqdq monitor ssse3 fma cx16 sse4_1 sse4_2 movbe popcnt aes xsave avx f16c rdrand lahf_lm cmp_legacy svm extapic cr8_legacy abm sse4a misalignsse 3dnowprefetch osvw ibs skinit wdt tce topoext perfctr_core perfctr_nb bpext perfctr_l2 cpb cat_l3 cdp_l3 hw_pstate sme retpoline_amd ssbd ibrs ibpb stibp vmmcall fsgsbase bmi1 avx2 smep bmi2 cqm rdt_a rdseed adx smap clflushopt clwb sha_ni xsaveopt xsavec xgetbv1 cqm_llc cqm_occup_llc cqm_mbm_total cqm_mbm_local clzero irperf xsaveerptr arat npt lbrv svm_lock nrip_save tsc_scale vmcb_clean flushbyasid decodeassists pausefilter pfthreshold avic v_vmsave_vmload vgif umip overflow_recov succor smca
Online cpus:0-63
Offline cpus:
BIOS frequency limitation:2900000
Frequency switch latency (ns):0
Available cpu frequencies:2900000 2400000 1500000 
Current governor:conservative
Core performance/turbo boost:1

Memory: 4k page, physical 263895364k(651172k free), swap 4194300k(0k free)

vm_info: OpenJDK 64-Bit Server VM (13.0.7+5-Ubuntu-0ubuntu120.04) for linux-amd64 JRE (13.0.7+5-Ubuntu-0ubuntu120.04), built on Apr 21 2021 05:36:19 by "unknown" with gcc 9.3.0

END.
