#
# There is insufficient memory for the Java Runtime Environment to continue.
# Native memory allocation (mmap) failed to map 715784192 bytes for committing reserved memory.
# Possible reasons:
#   The system is out of physical RAM or swap space
# Possible solutions:
#   Reduce memory load on the system
#   Increase physical memory or swap space
#   Check if swap backing store is full
#   Decrease Java heap size (-Xmx/-Xms)
#   Decrease number of Java threads
#   Decrease Java thread stack sizes (-Xss)
#   Set larger code cache with -XX:ReservedCodeCacheSize=
# This output file may be truncated or incomplete.
#
#  Out of Memory Error (os_linux.cpp:2899), pid=58437, tid=58438
#
# JRE version:  (13.0.7+5) (build )
# Java VM: OpenJDK 64-Bit Server VM (13.0.7+5-Ubuntu-0ubuntu120.04, mixed mode, tiered, serial gc, linux-amd64)
# No core dump will be written. Core dumps have been disabled. To enable core dumping, try "ulimit -c unlimited" before starting Java again
#

---------------  S U M M A R Y ------------

Command Line: -Xmx64g --add-modules=ALL-DEFAULT jdk.compiler/com.sun.tools.javac.launcher.Main /mnt/beegfs/rcabanas/dev/credici/papers/journalEM/code/LearnAndCalculatePNS.java -w -x 200 -m 500 -sc KL -th 1e-07 -a EMCC --seed 0 --output /mnt/beegfs/rcabanas/dev/credici/papers/journalEM/output/synthetic/s3 /mnt/beegfs/rcabanas/dev/credici/papers/journalEM/models/synthetic/s3/random_mc2_n6_mid3_d1000_05_mr098_r10_177.uai

Host: AMD EPYC 7542 32-Core Processor, 64 cores, 251G, Ubuntu 20.04.4 LTS
Time: Mon Jan  9 08:19:40 2023 CET elapsed time: 0.008224 seconds (0d 0h 0m 0s)

---------------  T H R E A D  ---------------

Current thread (0x00007ff280018000):  JavaThread "Unknown thread" [_thread_in_vm, id=58438, stack(0x00007ff285d64000,0x00007ff285e65000)]

Stack: [0x00007ff285d64000,0x00007ff285e65000],  sp=0x00007ff285e634a0,  free space=1021k
Native frames: (J=compiled Java code, A=aot compiled Java code, j=interpreted, Vv=VM code, C=native code)
V  [libjvm.so+0xf8f092]
V  [libjvm.so+0xf8fc91]
V  [libjvm.so+0x66ee5a]
V  [libjvm.so+0xc44a41]
V  [libjvm.so+0xc3b263]
V  [libjvm.so+0xf87f4b]
V  [libjvm.so+0x7f3c35]
V  [libjvm.so+0x673fc9]
V  [libjvm.so+0x7f455d]
V  [libjvm.so+0x7e07d4]
V  [libjvm.so+0xf4d15c]
V  [libjvm.so+0xf4d240]
V  [libjvm.so+0x85273c]
V  [libjvm.so+0xf25add]
V  [libjvm.so+0x908da5]  JNI_CreateJavaVM+0x55
C  [libjli.so+0x4d6f]
C  [libjli.so+0x9d3d]


---------------  P R O C E S S  ---------------

Threads class SMR info:
_java_thread_list=0x00007ff2875a6b40, length=0, elements={
}

Java Threads: ( => current thread )

Other Threads:

=>0x00007ff280018000 (exited) JavaThread "Unknown thread" [_thread_in_vm, id=58438, stack(0x00007ff285d64000,0x00007ff285e65000)]

Threads with active compile tasks:

VM state:not at safepoint (not fully initialized)

VM Mutex/Monitor currently owned by a thread: None

GC Heap History (0 events):
No events

Deoptimization events (0 events):
No events

Classes unloaded (0 events):
No events

Classes redefined (0 events):
No events

Internal exceptions (0 events):
No events

Events (2 events):
Event: 0.005 Protecting memory [0x00007ff285d64000,0x00007ff285d68000] with protection modes 0
Event: 0.006 Loaded shared library /usr/lib/jvm/java-13-openjdk-amd64/lib/libzip.so


Dynamic libraries:
55dee4740000-55dee4741000 r--p 00000000 07:12 4860                       /usr/lib/jvm/java-13-openjdk-amd64/bin/java
55dee4741000-55dee4742000 r-xp 00001000 07:12 4860                       /usr/lib/jvm/java-13-openjdk-amd64/bin/java
55dee4742000-55dee4743000 r--p 00002000 07:12 4860                       /usr/lib/jvm/java-13-openjdk-amd64/bin/java
55dee4743000-55dee4744000 r--p 00002000 07:12 4860                       /usr/lib/jvm/java-13-openjdk-amd64/bin/java
55dee4744000-55dee4745000 rw-p 00003000 07:12 4860                       /usr/lib/jvm/java-13-openjdk-amd64/bin/java
55dee5fe7000-55dee6008000 rw-p 00000000 00:00 0                          [heap]
7fe2605ff000-7fe2685ff000 ---p 00000000 00:00 0 
7fe2685ff000-7fe268600000 rw-p 00000000 00:00 0 
7fe2930a0000-7ff268600000 ---p 00000000 00:00 0 
7ff26878a000-7ff2689fa000 rwxp 00000000 00:00 0 
7ff2689fa000-7ff268d19000 ---p 00000000 00:00 0 
7ff268d19000-7ff268f89000 rwxp 00000000 00:00 0 
7ff268f89000-7ff270251000 ---p 00000000 00:00 0 
7ff270251000-7ff2704c1000 rwxp 00000000 00:00 0 
7ff2704c1000-7ff27778a000 ---p 00000000 00:00 0 
7ff27778a000-7ff280000000 r--s 00000000 07:12 5215                       /usr/lib/jvm/java-13-openjdk-amd64/lib/modules
7ff280000000-7ff280033000 rw-p 00000000 00:00 0 
7ff280033000-7ff284000000 ---p 00000000 00:00 0 
7ff285b0f000-7ff285b14000 rw-p 00000000 00:00 0 
7ff285b14000-7ff285bfa000 ---p 00000000 00:00 0 
7ff285bfa000-7ff285bff000 rw-p 00000000 00:00 0 
7ff285bff000-7ff285ce5000 ---p 00000000 00:00 0 
7ff285ce5000-7ff285cea000 rw-p 00000000 00:00 0 
7ff285cea000-7ff285cf1000 ---p 00000000 00:00 0 
7ff285cf1000-7ff285cf3000 r--p 00000000 07:12 5214                       /usr/lib/jvm/java-13-openjdk-amd64/lib/libzip.so
7ff285cf3000-7ff285cf7000 r-xp 00002000 07:12 5214                       /usr/lib/jvm/java-13-openjdk-amd64/lib/libzip.so
7ff285cf7000-7ff285cf9000 r--p 00006000 07:12 5214                       /usr/lib/jvm/java-13-openjdk-amd64/lib/libzip.so
7ff285cf9000-7ff285cfa000 r--p 00007000 07:12 5214                       /usr/lib/jvm/java-13-openjdk-amd64/lib/libzip.so
7ff285cfa000-7ff285cfb000 rw-p 00008000 07:12 5214                       /usr/lib/jvm/java-13-openjdk-amd64/lib/libzip.so
7ff285cfb000-7ff285d03000 rw-s 00000000 08:03 34981438                   /tmp/hsperfdata_rcabanas/58437
7ff285d03000-7ff285d06000 r--p 00000000 07:12 9108                       /usr/lib/x86_64-linux-gnu/libnss_files-2.31.so
7ff285d06000-7ff285d0d000 r-xp 00003000 07:12 9108                       /usr/lib/x86_64-linux-gnu/libnss_files-2.31.so
7ff285d0d000-7ff285d0f000 r--p 0000a000 07:12 9108                       /usr/lib/x86_64-linux-gnu/libnss_files-2.31.so
7ff285d0f000-7ff285d10000 r--p 0000b000 07:12 9108                       /usr/lib/x86_64-linux-gnu/libnss_files-2.31.so
7ff285d10000-7ff285d11000 rw-p 0000c000 07:12 9108                       /usr/lib/x86_64-linux-gnu/libnss_files-2.31.so
7ff285d11000-7ff285d17000 rw-p 00000000 00:00 0 
7ff285d1d000-7ff285d1f000 r--p 00000000 07:12 5195                       /usr/lib/jvm/java-13-openjdk-amd64/lib/libjimage.so
7ff285d1f000-7ff285d22000 r-xp 00002000 07:12 5195                       /usr/lib/jvm/java-13-openjdk-amd64/lib/libjimage.so
7ff285d22000-7ff285d23000 r--p 00005000 07:12 5195                       /usr/lib/jvm/java-13-openjdk-amd64/lib/libjimage.so
7ff285d23000-7ff285d24000 ---p 00006000 07:12 5195                       /usr/lib/jvm/java-13-openjdk-amd64/lib/libjimage.so
7ff285d24000-7ff285d25000 r--p 00006000 07:12 5195                       /usr/lib/jvm/java-13-openjdk-amd64/lib/libjimage.so
7ff285d25000-7ff285d26000 rw-p 00007000 07:12 5195                       /usr/lib/jvm/java-13-openjdk-amd64/lib/libjimage.so
7ff285d26000-7ff285d33000 r--p 00000000 07:12 5191                       /usr/lib/jvm/java-13-openjdk-amd64/lib/libjava.so
7ff285d33000-7ff285d48000 r-xp 0000d000 07:12 5191                       /usr/lib/jvm/java-13-openjdk-amd64/lib/libjava.so
7ff285d48000-7ff285d4e000 r--p 00022000 07:12 5191                       /usr/lib/jvm/java-13-openjdk-amd64/lib/libjava.so
7ff285d4e000-7ff285d4f000 ---p 00028000 07:12 5191                       /usr/lib/jvm/java-13-openjdk-amd64/lib/libjava.so
7ff285d4f000-7ff285d50000 r--p 00028000 07:12 5191                       /usr/lib/jvm/java-13-openjdk-amd64/lib/libjava.so
7ff285d50000-7ff285d52000 rw-p 00029000 07:12 5191                       /usr/lib/jvm/java-13-openjdk-amd64/lib/libjava.so
7ff285d52000-7ff285d57000 r--p 00000000 07:12 5213                       /usr/lib/jvm/java-13-openjdk-amd64/lib/libverify.so
7ff285d57000-7ff285d5e000 r-xp 00005000 07:12 5213                       /usr/lib/jvm/java-13-openjdk-amd64/lib/libverify.so
7ff285d5e000-7ff285d60000 r--p 0000c000 07:12 5213                       /usr/lib/jvm/java-13-openjdk-amd64/lib/libverify.so
7ff285d60000-7ff285d61000 ---p 0000e000 07:12 5213                       /usr/lib/jvm/java-13-openjdk-amd64/lib/libverify.so
7ff285d61000-7ff285d63000 r--p 0000e000 07:12 5213                       /usr/lib/jvm/java-13-openjdk-amd64/lib/libverify.so
7ff285d63000-7ff285d64000 rw-p 00010000 07:12 5213                       /usr/lib/jvm/java-13-openjdk-amd64/lib/libverify.so
7ff285d64000-7ff285d68000 ---p 00000000 00:00 0 
7ff285d68000-7ff285e65000 rw-p 00000000 00:00 0 
7ff285e65000-7ff285e68000 r--p 00000000 07:12 8948                       /usr/lib/x86_64-linux-gnu/libgcc_s.so.1
7ff285e68000-7ff285e7a000 r-xp 00003000 07:12 8948                       /usr/lib/x86_64-linux-gnu/libgcc_s.so.1
7ff285e7a000-7ff285e7e000 r--p 00015000 07:12 8948                       /usr/lib/x86_64-linux-gnu/libgcc_s.so.1
7ff285e7e000-7ff285e7f000 r--p 00018000 07:12 8948                       /usr/lib/x86_64-linux-gnu/libgcc_s.so.1
7ff285e7f000-7ff285e80000 rw-p 00019000 07:12 8948                       /usr/lib/x86_64-linux-gnu/libgcc_s.so.1
7ff285e80000-7ff285e8d000 r--p 00000000 07:12 9062                       /usr/lib/x86_64-linux-gnu/libm-2.31.so
7ff285e8d000-7ff285f34000 r-xp 0000d000 07:12 9062                       /usr/lib/x86_64-linux-gnu/libm-2.31.so
7ff285f34000-7ff285fcd000 r--p 000b4000 07:12 9062                       /usr/lib/x86_64-linux-gnu/libm-2.31.so
7ff285fcd000-7ff285fce000 r--p 0014c000 07:12 9062                       /usr/lib/x86_64-linux-gnu/libm-2.31.so
7ff285fce000-7ff285fcf000 rw-p 0014d000 07:12 9062                       /usr/lib/x86_64-linux-gnu/libm-2.31.so
7ff285fcf000-7ff286065000 r--p 00000000 07:12 9213                       /usr/lib/x86_64-linux-gnu/libstdc++.so.6.0.28
7ff286065000-7ff286156000 r-xp 00096000 07:12 9213                       /usr/lib/x86_64-linux-gnu/libstdc++.so.6.0.28
7ff286156000-7ff28619f000 r--p 00187000 07:12 9213                       /usr/lib/x86_64-linux-gnu/libstdc++.so.6.0.28
7ff28619f000-7ff2861a0000 ---p 001d0000 07:12 9213                       /usr/lib/x86_64-linux-gnu/libstdc++.so.6.0.28
7ff2861a0000-7ff2861ab000 r--p 001d0000 07:12 9213                       /usr/lib/x86_64-linux-gnu/libstdc++.so.6.0.28
7ff2861ab000-7ff2861ae000 rw-p 001db000 07:12 9213                       /usr/lib/x86_64-linux-gnu/libstdc++.so.6.0.28
7ff2861ae000-7ff2861b1000 rw-p 00000000 00:00 0 
7ff2861b1000-7ff286437000 r--p 00000000 07:12 5226                       /usr/lib/jvm/java-13-openjdk-amd64/lib/server/libjvm.so
7ff286437000-7ff2871b4000 r-xp 00286000 07:12 5226                       /usr/lib/jvm/java-13-openjdk-amd64/lib/server/libjvm.so
7ff2871b4000-7ff28742f000 r--p 01003000 07:12 5226                       /usr/lib/jvm/java-13-openjdk-amd64/lib/server/libjvm.so
7ff28742f000-7ff2874f4000 r--p 0127d000 07:12 5226                       /usr/lib/jvm/java-13-openjdk-amd64/lib/server/libjvm.so
7ff2874f4000-7ff28752f000 rw-p 01342000 07:12 5226                       /usr/lib/jvm/java-13-openjdk-amd64/lib/server/libjvm.so
7ff28752f000-7ff2875b5000 rw-p 00000000 00:00 0 
7ff2875b5000-7ff2875bb000 r--p 00000000 07:12 9166                       /usr/lib/x86_64-linux-gnu/libpthread-2.31.so
7ff2875bb000-7ff2875cc000 r-xp 00006000 07:12 9166                       /usr/lib/x86_64-linux-gnu/libpthread-2.31.so
7ff2875cc000-7ff2875d2000 r--p 00017000 07:12 9166                       /usr/lib/x86_64-linux-gnu/libpthread-2.31.so
7ff2875d2000-7ff2875d3000 r--p 0001c000 07:12 9166                       /usr/lib/x86_64-linux-gnu/libpthread-2.31.so
7ff2875d3000-7ff2875d4000 rw-p 0001d000 07:12 9166                       /usr/lib/x86_64-linux-gnu/libpthread-2.31.so
7ff2875d4000-7ff2875d8000 rw-p 00000000 00:00 0 
7ff2875d8000-7ff2875d9000 r--p 00000000 07:12 8893                       /usr/lib/x86_64-linux-gnu/libdl-2.31.so
7ff2875d9000-7ff2875db000 r-xp 00001000 07:12 8893                       /usr/lib/x86_64-linux-gnu/libdl-2.31.so
7ff2875db000-7ff2875dc000 r--p 00003000 07:12 8893                       /usr/lib/x86_64-linux-gnu/libdl-2.31.so
7ff2875dc000-7ff2875dd000 r--p 00003000 07:12 8893                       /usr/lib/x86_64-linux-gnu/libdl-2.31.so
7ff2875dd000-7ff2875de000 rw-p 00004000 07:12 8893                       /usr/lib/x86_64-linux-gnu/libdl-2.31.so
7ff2875de000-7ff2875e0000 r--p 00000000 07:12 9290                       /usr/lib/x86_64-linux-gnu/libz.so.1.2.11
7ff2875e0000-7ff2875f1000 r-xp 00002000 07:12 9290                       /usr/lib/x86_64-linux-gnu/libz.so.1.2.11
7ff2875f1000-7ff2875f7000 r--p 00013000 07:12 9290                       /usr/lib/x86_64-linux-gnu/libz.so.1.2.11
7ff2875f7000-7ff2875f8000 ---p 00019000 07:12 9290                       /usr/lib/x86_64-linux-gnu/libz.so.1.2.11
7ff2875f8000-7ff2875f9000 r--p 00019000 07:12 9290                       /usr/lib/x86_64-linux-gnu/libz.so.1.2.11
7ff2875f9000-7ff2875fa000 rw-p 0001a000 07:12 9290                       /usr/lib/x86_64-linux-gnu/libz.so.1.2.11
7ff2875fa000-7ff28761c000 r--p 00000000 07:12 8851                       /usr/lib/x86_64-linux-gnu/libc-2.31.so
7ff28761c000-7ff287794000 r-xp 00022000 07:12 8851                       /usr/lib/x86_64-linux-gnu/libc-2.31.so
7ff287794000-7ff2877e2000 r--p 0019a000 07:12 8851                       /usr/lib/x86_64-linux-gnu/libc-2.31.so
7ff2877e2000-7ff2877e6000 r--p 001e7000 07:12 8851                       /usr/lib/x86_64-linux-gnu/libc-2.31.so
7ff2877e6000-7ff2877e8000 rw-p 001eb000 07:12 8851                       /usr/lib/x86_64-linux-gnu/libc-2.31.so
7ff2877e8000-7ff2877ec000 rw-p 00000000 00:00 0 
7ff2877ee000-7ff2877f0000 r--s 0000c000 07:12 20930                      /usr/share/java/java-atk-wrapper.jar
7ff2877f0000-7ff2877f1000 ---p 00000000 00:00 0 
7ff2877f1000-7ff2877f2000 r--p 00000000 00:00 0 
7ff2877f2000-7ff2877f5000 r--p 00000000 07:12 5196                       /usr/lib/jvm/java-13-openjdk-amd64/lib/libjli.so
7ff2877f5000-7ff2877ff000 r-xp 00003000 07:12 5196                       /usr/lib/jvm/java-13-openjdk-amd64/lib/libjli.so
7ff2877ff000-7ff287802000 r--p 0000d000 07:12 5196                       /usr/lib/jvm/java-13-openjdk-amd64/lib/libjli.so
7ff287802000-7ff287803000 r--p 0000f000 07:12 5196                       /usr/lib/jvm/java-13-openjdk-amd64/lib/libjli.so
7ff287803000-7ff287804000 rw-p 00010000 07:12 5196                       /usr/lib/jvm/java-13-openjdk-amd64/lib/libjli.so
7ff287804000-7ff287806000 rw-p 00000000 00:00 0 
7ff287806000-7ff287807000 r--p 00000000 07:12 8572                       /usr/lib/x86_64-linux-gnu/ld-2.31.so
7ff287807000-7ff28782a000 r-xp 00001000 07:12 8572                       /usr/lib/x86_64-linux-gnu/ld-2.31.so
7ff28782a000-7ff287832000 r--p 00024000 07:12 8572                       /usr/lib/x86_64-linux-gnu/ld-2.31.so
7ff287832000-7ff287833000 ---p 00000000 00:00 0 
7ff287833000-7ff287834000 r--p 0002c000 07:12 8572                       /usr/lib/x86_64-linux-gnu/ld-2.31.so
7ff287834000-7ff287835000 rw-p 0002d000 07:12 8572                       /usr/lib/x86_64-linux-gnu/ld-2.31.so
7ff287835000-7ff287836000 rw-p 00000000 00:00 0 
7ffe71b52000-7ffe71b73000 rw-p 00000000 00:00 0                          [stack]
7ffe71bf5000-7ffe71bf7000 r-xp 00000000 00:00 0                          [vdso]
ffffffffff600000-ffffffffff601000 r-xp 00000000 00:00 0                  [vsyscall]


VM Arguments:
jvm_args: -Xmx64g --add-modules=ALL-DEFAULT 
java_command: jdk.compiler/com.sun.tools.javac.launcher.Main /mnt/beegfs/rcabanas/dev/credici/papers/journalEM/code/LearnAndCalculatePNS.java -w -x 200 -m 500 -sc KL -th 1e-07 -a EMCC --seed 0 --output /mnt/beegfs/rcabanas/dev/credici/papers/journalEM/output/synthetic/s3 /mnt/beegfs/rcabanas/dev/credici/papers/journalEM/models/synthetic/s3/random_mc2_n6_mid3_d1000_05_mr098_r10_177.uai
java_class_path (initial): /mnt/beegfs/rcabanas/dev/credici/target/credici-0.1.5-dev-SNAPSHOT-jar-with-dependencies.jar
Launcher Type: SUN_STANDARD

[Global flags]
     intx CICompilerCount                          = 2                                         {product} {ergonomic}
   size_t InitialHeapSize                          = 2147483648                                {product} {ergonomic}
   size_t MaxHeapSize                              = 68719476736                               {product} {command line}
   size_t MaxNewSize                               = 22906470400                               {product} {ergonomic}
   size_t MinHeapDeltaBytes                        = 196608                                    {product} {ergonomic}
   size_t MinHeapSize                              = 8388608                                   {product} {ergonomic}
   size_t NewSize                                  = 715784192                                 {product} {ergonomic}
    uintx NonNMethodCodeHeapSize                   = 5826188                                {pd product} {ergonomic}
    uintx NonProfiledCodeHeapSize                  = 122916026                              {pd product} {ergonomic}
   size_t OldSize                                  = 1431699456                                {product} {ergonomic}
    uintx ProfiledCodeHeapSize                     = 122916026                              {pd product} {ergonomic}
    uintx ReservedCodeCacheSize                    = 251658240                              {pd product} {ergonomic}
     bool SegmentedCodeCache                       = true                                      {product} {ergonomic}
   size_t SoftMaxHeapSize                          = 68719476736                            {manageable} {ergonomic}
     bool UseSerialGC                              = true                                      {product} {ergonomic}

Logging:
Log output configuration:
 #0: stdout all=warning uptime,level,tags
 #1: stderr all=off uptime,level,tags

Environment Variables:
PATH=/usr/local/sbin:/usr/local/bin:/usr/sbin:/usr/bin:/sbin:/bin
LD_LIBRARY_PATH=/.singularity.d/libs

Signal Handlers:
SIGSEGV: [libjvm.so+0xf8fcf0], sa_mask[0]=11111111011111111101111111111110, sa_flags=SA_RESTART|SA_SIGINFO
SIGBUS: [libjvm.so+0xf8fcf0], sa_mask[0]=11111111011111111101111111111110, sa_flags=SA_RESTART|SA_SIGINFO
SIGFPE: [libjvm.so+0xf8fcf0], sa_mask[0]=11111111011111111101111111111110, sa_flags=SA_RESTART|SA_SIGINFO
SIGPIPE: [libjvm.so+0xc3ffa0], sa_mask[0]=11111111011111111101111111111110, sa_flags=SA_RESTART|SA_SIGINFO
SIGXFSZ: [libjvm.so+0xc3ffa0], sa_mask[0]=11111111011111111101111111111110, sa_flags=SA_RESTART|SA_SIGINFO
SIGILL: [libjvm.so+0xf8fcf0], sa_mask[0]=11111111011111111101111111111110, sa_flags=SA_RESTART|SA_SIGINFO
SIGUSR2: [libjvm.so+0xc3fe40], sa_mask[0]=00000000000000000000000000000000, sa_flags=SA_RESTART|SA_SIGINFO
SIGHUP: SIG_DFL, sa_mask[0]=00000000000000000000000000000000, sa_flags=none
SIGINT: SIG_DFL, sa_mask[0]=00000000000000000000000000000000, sa_flags=none
SIGTERM: SIG_DFL, sa_mask[0]=00000000000000000000000000000000, sa_flags=none
SIGQUIT: SIG_DFL, sa_mask[0]=00000000000000000000000000000000, sa_flags=none


---------------  S Y S T E M  ---------------

OS:DISTRIB_ID=Ubuntu
DISTRIB_RELEASE=20.04
DISTRIB_CODENAME=focal
DISTRIB_DESCRIPTION="Ubuntu 20.04.4 LTS"
uname:Linux 3.10.0-1160.15.2.el7.x86_64 #1 SMP Wed Feb 3 15:06:38 UTC 2021 x86_64
OS uptime: 562 days 14:58 hours
libc:glibc 2.31 NPTL 2.31 
rlimit (soft/hard): STACK 8192k/infinity , CORE 0k/infinity , NPROC 4096/1030217 , NOFILE 131072/131072 , AS infinity/infinity , CPU infinity/infinity , DATA infinity/infinity , FSIZE infinity/infinity , MEMLOCK infinity/infinity
load average:65.73 32.62 12.81

/proc/meminfo:
MemTotal:       263895364 kB
MemFree:          617148 kB
MemAvailable:     183900 kB
Buffers:           55504 kB
Cached:           254524 kB
SwapCached:       187172 kB
Active:         246829744 kB
Inactive:        7016772 kB
Active(anon):   246706688 kB
Inactive(anon):  6893704 kB
Active(file):     123056 kB
Inactive(file):   123068 kB
Unevictable:       14144 kB
Mlocked:           14144 kB
SwapTotal:       4194300 kB
SwapFree:              0 kB
Dirty:                 0 kB
Writeback:             0 kB
AnonPages:      253377068 kB
Mapped:           171052 kB
Shmem:             51364 kB
Slab:             785760 kB
SReclaimable:     182352 kB
SUnreclaim:       603408 kB
KernelStack:       44464 kB
PageTables:       575972 kB
NFS_Unstable:          0 kB
Bounce:                0 kB
WritebackTmp:          0 kB
CommitLimit:    136141980 kB
Committed_AS:   405508488 kB
VmallocTotal:   34359738367 kB
VmallocUsed:      862512 kB
VmallocChunk:   34222327428 kB
Percpu:            22016 kB
HardwareCorrupted:     0 kB
AnonHugePages:  142391296 kB
CmaTotal:              0 kB
CmaFree:               0 kB
HugePages_Total:       0
HugePages_Free:        0
HugePages_Rsvd:        0
HugePages_Surp:        0
Hugepagesize:       2048 kB
DirectMap4k:      505448 kB
DirectMap2M:    20328448 kB
DirectMap1G:    247463936 kB

/sys/kernel/mm/transparent_hugepage/enabled:
[always] madvise never

/sys/kernel/mm/transparent_hugepage/defrag (defrag/compaction efforts parameter):
[always] madvise never


/proc/sys/kernel/threads-max (system-wide limit on the number of threads):
2060435


/proc/sys/vm/max_map_count (maximum number of memory map areas a process may have):
65530


/proc/sys/kernel/pid_max (system-wide limit on number of process identifiers):
65536



Steal ticks since vm start: 0
Steal ticks percentage since vm start:  0.000

CPU:total 64 (initial active 1) (32 cores per cpu, 1 threads per core) family 23 model 49 stepping 0, cmov, cx8, fxsr, mmx, sse, sse2, sse3, ssse3, sse4.1, sse4.2, popcnt, avx, avx2, aes, clmul, mmxext, 3dnowpref, lzcnt, sse4a, tsc, tscinvbit, tscinv, bmi1, bmi2, adx, sha, fma
CPU Model and flags from /proc/cpuinfo:
model name	: AMD EPYC 7542 32-Core Processor
flags		: fpu vme de pse tsc msr pae mce cx8 apic sep mtrr pge mca cmov pat pse36 clflush mmx fxsr sse sse2 ht syscall nx mmxext fxsr_opt pdpe1gb rdtscp lm constant_tsc art rep_good nopl nonstop_tsc extd_apicid aperfmperf eagerfpu pni pclmulqdq monitor ssse3 fma cx16 sse4_1 sse4_2 movbe popcnt aes xsave avx f16c rdrand lahf_lm cmp_legacy svm extapic cr8_legacy abm sse4a misalignsse 3dnowprefetch osvw ibs skinit wdt tce topoext perfctr_core perfctr_nb bpext perfctr_l2 cpb cat_l3 cdp_l3 hw_pstate sme retpoline_amd ssbd ibrs ibpb stibp vmmcall fsgsbase bmi1 avx2 smep bmi2 cqm rdt_a rdseed adx smap clflushopt clwb sha_ni xsaveopt xsavec xgetbv1 cqm_llc cqm_occup_llc cqm_mbm_total cqm_mbm_local clzero irperf xsaveerptr arat npt lbrv svm_lock nrip_save tsc_scale vmcb_clean flushbyasid decodeassists pausefilter pfthreshold avic v_vmsave_vmload vgif umip overflow_recov succor smca
Online cpus:0-63
Offline cpus:
BIOS frequency limitation:2900000
Frequency switch latency (ns):0
Available cpu frequencies:2900000 2400000 1500000 
Current governor:conservative
Core performance/turbo boost:1

Memory: 4k page, physical 263895364k(622220k free), swap 4194300k(0k free)

vm_info: OpenJDK 64-Bit Server VM (13.0.7+5-Ubuntu-0ubuntu120.04) for linux-amd64 JRE (13.0.7+5-Ubuntu-0ubuntu120.04), built on Apr 21 2021 05:36:19 by "unknown" with gcc 9.3.0

END.
