#
# There is insufficient memory for the Java Runtime Environment to continue.
# Native memory allocation (mmap) failed to map 4404117504 bytes for committing reserved memory.
# Possible reasons:
#   The system is out of physical RAM or swap space
# Possible solutions:
#   Reduce memory load on the system
#   Increase physical memory or swap space
#   Check if swap backing store is full
#   Decrease Java heap size (-Xmx/-Xms)
#   Decrease number of Java threads
#   Decrease Java thread stack sizes (-Xss)
#   Set larger code cache with -XX:ReservedCodeCacheSize=
# This output file may be truncated or incomplete.
#
#  Out of Memory Error (os_linux.cpp:2899), pid=19628, tid=19926
#
# JRE version: OpenJDK Runtime Environment (13.0.7+5) (build 13.0.7+5-Ubuntu-0ubuntu120.04)
# Java VM: OpenJDK 64-Bit Server VM (13.0.7+5-Ubuntu-0ubuntu120.04, mixed mode, tiered, serial gc, linux-amd64)
# No core dump will be written. Core dumps have been disabled. To enable core dumping, try "ulimit -c unlimited" before starting Java again
#

---------------  S U M M A R Y ------------

Command Line: -Xmx64g --add-modules=ALL-DEFAULT jdk.compiler/com.sun.tools.javac.launcher.Main /mnt/beegfs/rcabanas/dev/credici/papers/journalEM/code/LearnAndCalculatePNS.java -w -x 1000 -m 500 -sc LLratio -th 1.0 -a EMCC --seed 0 --output /mnt/beegfs/rcabanas/dev/credici/papers/journalEM/output/synthetic/s12 /mnt/beegfs/rcabanas/dev/credici/papers/journalEM/models/synthetic/s12/random_mc2_n9_mid3_d1000_05_mr098_r10_49.uai

Host: AMD EPYC 7542 32-Core Processor, 64 cores, 251G, Ubuntu 20.04.4 LTS
Time: Tue Nov 22 00:13:02 2022 CET elapsed time: 19693.673496 seconds (0d 5h 28m 13s)

---------------  T H R E A D  ---------------

Current thread (0x00007f1d44097800):  VMThread "VM Thread" [stack: 0x00007f1d4a47b000,0x00007f1d4a57b000] [id=19926]

Stack: [0x00007f1d4a47b000,0x00007f1d4a57b000],  sp=0x00007f1d4a579160,  free space=1016k
Native frames: (J=compiled Java code, A=aot compiled Java code, j=interpreted, Vv=VM code, C=native code)
V  [libjvm.so+0xf8f092]
V  [libjvm.so+0xf8fc91]
V  [libjvm.so+0x66ee5a]
V  [libjvm.so+0xc44a41]
V  [libjvm.so+0xc3b263]
V  [libjvm.so+0xf87f4b]
V  [libjvm.so+0x557506]
V  [libjvm.so+0x557723]
V  [libjvm.so+0xf18b0c]
V  [libjvm.so+0x557e65]
V  [libjvm.so+0x7e2edb]
V  [libjvm.so+0x7e39bd]
V  [libjvm.so+0x7d8b48]
V  [libjvm.so+0xf90940]
V  [libjvm.so+0xf96657]
V  [libjvm.so+0xf96d2b]
V  [libjvm.so+0xf9706a]
V  [libjvm.so+0xf2208f]
V  [libjvm.so+0xc493ff]

VM_Operation (0x00007f1d4b1eb290): GenCollectForAllocation, mode: safepoint, requested by thread 0x00007f1d44018000


---------------  P R O C E S S  ---------------

Threads class SMR info:
_java_thread_list=0x00007f1d441367c0, length=9, elements={
0x00007f1d44018000, 0x00007f1d440a3800, 0x00007f1d440a7000, 0x00007f1d440cb800,
0x00007f1d440cd000, 0x00007f1d440cf000, 0x00007f1d440d1000, 0x00007f1d440d3000,
0x00007f1d44135000
}

Java Threads: ( => current thread )
  0x00007f1d44018000 JavaThread "main" [_thread_blocked, id=19778, stack(0x00007f1d4b0ed000,0x00007f1d4b1ee000)]
  0x00007f1d440a3800 JavaThread "Reference Handler" daemon [_thread_blocked, id=19940, stack(0x00007f1d4a378000,0x00007f1d4a479000)]
  0x00007f1d440a7000 JavaThread "Finalizer" daemon [_thread_blocked, id=19941, stack(0x00007f1d4a277000,0x00007f1d4a378000)]
  0x00007f1d440cb800 JavaThread "Signal Dispatcher" daemon [_thread_blocked, id=19972, stack(0x00007f1d4a13d000,0x00007f1d4a23e000)]
  0x00007f1d440cd000 JavaThread "Service Thread" daemon [_thread_blocked, id=19973, stack(0x00007f1d4a03c000,0x00007f1d4a13d000)]
  0x00007f1d440cf000 JavaThread "C2 CompilerThread0" daemon [_thread_blocked, id=19974, stack(0x00007f1d49f3b000,0x00007f1d4a03c000)]
  0x00007f1d440d1000 JavaThread "C1 CompilerThread0" daemon [_thread_blocked, id=19975, stack(0x00007f1d49e3a000,0x00007f1d49f3b000)]
  0x00007f1d440d3000 JavaThread "Sweeper thread" daemon [_thread_blocked, id=19982, stack(0x00007f1d49d39000,0x00007f1d49e3a000)]
  0x00007f1d44135000 JavaThread "Common-Cleaner" daemon [_thread_blocked, id=20108, stack(0x00007f1d49c38000,0x00007f1d49d39000)]

Other Threads:
=>0x00007f1d44097800 VMThread "VM Thread" [stack: 0x00007f1d4a47b000,0x00007f1d4a57b000] [id=19926]
  0x00007f1d44182000 WatcherThread [stack: 0x00007f1d49b38000,0x00007f1d49c38000] [id=20235]

Threads with active compile tasks:

VM state:at safepoint (normal execution)

VM Mutex/Monitor currently owned by a thread:  ([mutex/lock_event])
[0x00007f1d44014200] Threads_lock - owner thread: 0x00007f1d44097800
[0x00007f1d44014e00] Heap_lock - owner thread: 0x00007f1d44018000

Heap:
 def new generation   total 2903040K, used 12164K [0x00007f0d2c600000, 0x00007f0df13f0000, 0x00007f1281b50000)
  eden space 2580544K,   0% used [0x00007f0d2c600000, 0x00007f0d2d1e13b0, 0x00007f0dc9e10000)
  from space 322496K,   0% used [0x00007f0ddd900000, 0x00007f0ddd900000, 0x00007f0df13f0000)
  to   space 322496K,   0% used [0x00007f0dc9e10000, 0x00007f0dc9e10000, 0x00007f0ddd900000)
 tenured generation   total 6451344K, used 6451343K [0x00007f1281b50000, 0x00007f140b774000, 0x00007f1d2c600000)
   the space 6451344K,  99% used [0x00007f1281b50000, 0x00007f140b773f90, 0x00007f140b774000, 0x00007f140b774000)
 Metaspace       used 24297K, capacity 24692K, committed 24832K, reserved 26624K

Card table byte_map: [0x00007f0d245ff000,0x00007f0d2c600000] _byte_map_base: 0x00007ecd9dc9c000

Polling page: 0x00007f1d4cb79000

Metaspace:

Usage:
   24.11 MB capacity,    23.73 MB ( 98%) used,   300.68 KB (  1%) free+waste,    93.50 KB ( <1%) overhead. 

Virtual space:
     26.00 MB reserved,      24.25 MB ( 93%) committed 

Chunk freelists:
48.00 KB

MaxMetaspaceSize: unlimited


CodeHeap 'non-profiled nmethods': size=120036Kb used=2895Kb max_used=2895Kb free=117140Kb
 bounds [0x00007f1d34251000, 0x00007f1d34531000, 0x00007f1d3b78a000]
CodeHeap 'profiled nmethods': size=120032Kb used=5359Kb max_used=7924Kb free=114672Kb
 bounds [0x00007f1d2cd19000, 0x00007f1d2d4d9000, 0x00007f1d34251000]
CodeHeap 'non-nmethods': size=5692Kb used=1209Kb max_used=1272Kb free=4482Kb
 bounds [0x00007f1d2c78a000, 0x00007f1d2c9fa000, 0x00007f1d2cd19000]
 total_blobs=3633 nmethods=3152 adapters=396
 compilation: enabled
              stopped_count=0, restarted_count=0
 full_count=0

Compilation events (20 events):
Event: 9960.309 Thread 0x00007f1d440d1000 4306       3       java.util.HashMap::treeifyBin (110 bytes)
Event: 9960.356 Thread 0x00007f1d440d1000 nmethod 4306 0x00007f1d2ce58d10 code [0x00007f1d2ce58f00, 0x00007f1d2ce595a0]
Event: 10044.307 Thread 0x00007f1d440d1000 4307       3       org.jgrapht.graph.SimpleGraph::<init> (32 bytes)
Event: 10044.309 Thread 0x00007f1d440d1000 nmethod 4307 0x00007f1d2d0b9c10 code [0x00007f1d2d0b9e00, 0x00007f1d2d0ba340]
Event: 10074.946 Thread 0x00007f1d440d1000 4308       3       ch.idsia.credici.learning.FrequentistCausalEM::<init> (116 bytes)
Event: 10074.952 Thread 0x00007f1d440d1000 nmethod 4308 0x00007f1d2d35d990 code [0x00007f1d2d35dd60, 0x00007f1d2d35fb80]
Event: 10074.952 Thread 0x00007f1d440d1000 4309       3       ch.idsia.crema.learning.ExpectationMaximization::<init> (40 bytes)
Event: 10074.952 Thread 0x00007f1d440d1000 nmethod 4309 0x00007f1d2cde4d10 code [0x00007f1d2cde4ea0, 0x00007f1d2cde5030]
Event: 11795.507 Thread 0x00007f1d440cf000 4310   !   4       java.util.ArrayList$Itr::remove (68 bytes)
Event: 11795.560 Thread 0x00007f1d440cf000 nmethod 4310 0x00007f1d3435be90 code [0x00007f1d3435c020, 0x00007f1d3435c298]
Event: 11823.049 Thread 0x00007f1d440cf000 4311       4       ch.idsia.credici.model.tools.CausalInfo$$Lambda$311/0x00007f1d48a81858::test (9 bytes)
Event: 11823.060 Thread 0x00007f1d440cf000 nmethod 4311 0x00007f1d342aa290 code [0x00007f1d342aa440, 0x00007f1d342aa758]
Event: 12001.802 Thread 0x00007f1d440d1000 4312       3       gnu.trove.impl.hash.TIntHash::insertKeyRehash (147 bytes)
Event: 12001.805 Thread 0x00007f1d440d1000 nmethod 4312 0x00007f1d2cd67d90 code [0x00007f1d2cd67fa0, 0x00007f1d2cd68860]
Event: 15382.791 Thread 0x00007f1d440cf000 4314 %     4       ch.idsia.crema.inference.ve.order.MinFillOrdering::triangulate @ 46 (420 bytes)
Event: 15383.126 Thread 0x00007f1d440cf000 nmethod 4314% 0x00007f1d3438cb90 code [0x00007f1d3438cf00, 0x00007f1d34390500]
Event: 17968.056 Thread 0x00007f1d440cf000 4315 %     4       ch.idsia.crema.inference.ve.order.MinFillOrdering::triangulate @ 143 (420 bytes)
Event: 17968.323 Thread 0x00007f1d440cf000 nmethod 4315% 0x00007f1d34508090 code [0x00007f1d34508420, 0x00007f1d3450b400]
Event: 18228.152 Thread 0x00007f1d440cf000 4316 %     4       ch.idsia.credici.utility.DataUtil::getCounts @ 19 (88 bytes)
Event: 18228.210 Thread 0x00007f1d440cf000 nmethod 4316% 0x00007f1d34506310 code [0x00007f1d34506520, 0x00007f1d345076e8]

GC Heap History (20 events):
Event: 19648.805 GC heap after
{Heap after GC invocations=17780 (full 4):
 def new generation   total 2903040K, used 13432K [0x00007f0d2c600000, 0x00007f0df13f0000, 0x00007f1281b50000)
  eden space 2580544K,   0% used [0x00007f0d2c600000, 0x00007f0d2c600000, 0x00007f0dc9e10000)
  from space 322496K,   4% used [0x00007f0dc9e10000, 0x00007f0dcab2e3b0, 0x00007f0ddd900000)
  to   space 322496K,   0% used [0x00007f0ddd900000, 0x00007f0ddd900000, 0x00007f0df13f0000)
 tenured generation   total 6450960K, used 6443402K [0x00007f1281b50000, 0x00007f140b714000, 0x00007f1d2c600000)
   the space 6450960K,  99% used [0x00007f1281b50000, 0x00007f140afb2b10, 0x00007f140afb2c00, 0x00007f140b714000)
 Metaspace       used 24297K, capacity 24692K, committed 24832K, reserved 26624K
}
Event: 19651.181 GC heap before
{Heap before GC invocations=17780 (full 4):
 def new generation   total 2903040K, used 2593976K [0x00007f0d2c600000, 0x00007f0df13f0000, 0x00007f1281b50000)
  eden space 2580544K, 100% used [0x00007f0d2c600000, 0x00007f0dc9e10000, 0x00007f0dc9e10000)
  from space 322496K,   4% used [0x00007f0dc9e10000, 0x00007f0dcab2e3b0, 0x00007f0ddd900000)
  to   space 322496K,   0% used [0x00007f0ddd900000, 0x00007f0ddd900000, 0x00007f0df13f0000)
 tenured generation   total 6450960K, used 6443402K [0x00007f1281b50000, 0x00007f140b714000, 0x00007f1d2c600000)
   the space 6450960K,  99% used [0x00007f1281b50000, 0x00007f140afb2b10, 0x00007f140afb2c00, 0x00007f140b714000)
 Metaspace       used 24297K, capacity 24692K, committed 24832K, reserved 26624K
}
Event: 19651.214 GC heap after
{Heap after GC invocations=17781 (full 4):
 def new generation   total 2903040K, used 13036K [0x00007f0d2c600000, 0x00007f0df13f0000, 0x00007f1281b50000)
  eden space 2580544K,   0% used [0x00007f0d2c600000, 0x00007f0d2c600000, 0x00007f0dc9e10000)
  from space 322496K,   4% used [0x00007f0ddd900000, 0x00007f0dde5bb3d8, 0x00007f0df13f0000)
  to   space 322496K,   0% used [0x00007f0dc9e10000, 0x00007f0dc9e10000, 0x00007f0ddd900000)
 tenured generation   total 6450960K, used 6444365K [0x00007f1281b50000, 0x00007f140b714000, 0x00007f1d2c600000)
   the space 6450960K,  99% used [0x00007f1281b50000, 0x00007f140b0a3510, 0x00007f140b0a3600, 0x00007f140b714000)
 Metaspace       used 24297K, capacity 24692K, committed 24832K, reserved 26624K
}
Event: 19653.513 GC heap before
{Heap before GC invocations=17781 (full 4):
 def new generation   total 2903040K, used 2593580K [0x00007f0d2c600000, 0x00007f0df13f0000, 0x00007f1281b50000)
  eden space 2580544K, 100% used [0x00007f0d2c600000, 0x00007f0dc9e10000, 0x00007f0dc9e10000)
  from space 322496K,   4% used [0x00007f0ddd900000, 0x00007f0dde5bb3d8, 0x00007f0df13f0000)
  to   space 322496K,   0% used [0x00007f0dc9e10000, 0x00007f0dc9e10000, 0x00007f0ddd900000)
 tenured generation   total 6450960K, used 6444365K [0x00007f1281b50000, 0x00007f140b714000, 0x00007f1d2c600000)
   the space 6450960K,  99% used [0x00007f1281b50000, 0x00007f140b0a3510, 0x00007f140b0a3600, 0x00007f140b714000)
 Metaspace       used 24297K, capacity 24692K, committed 24832K, reserved 26624K
}
Event: 19653.546 GC heap after
{Heap after GC invocations=17782 (full 4):
 def new generation   total 2903040K, used 12667K [0x00007f0d2c600000, 0x00007f0df13f0000, 0x00007f1281b50000)
  eden space 2580544K,   0% used [0x00007f0d2c600000, 0x00007f0d2c600000, 0x00007f0dc9e10000)
  from space 322496K,   3% used [0x00007f0dc9e10000, 0x00007f0dcaa6ec30, 0x00007f0ddd900000)
  to   space 322496K,   0% used [0x00007f0ddd900000, 0x00007f0ddd900000, 0x00007f0df13f0000)
 tenured generation   total 6450960K, used 6445327K [0x00007f1281b50000, 0x00007f140b714000, 0x00007f1d2c600000)
   the space 6450960K,  99% used [0x00007f1281b50000, 0x00007f140b193f10, 0x00007f140b194000, 0x00007f140b714000)
 Metaspace       used 24297K, capacity 24692K, committed 24832K, reserved 26624K
}
Event: 19655.790 GC heap before
{Heap before GC invocations=17782 (full 4):
 def new generation   total 2903040K, used 2593211K [0x00007f0d2c600000, 0x00007f0df13f0000, 0x00007f1281b50000)
  eden space 2580544K, 100% used [0x00007f0d2c600000, 0x00007f0dc9e10000, 0x00007f0dc9e10000)
  from space 322496K,   3% used [0x00007f0dc9e10000, 0x00007f0dcaa6ec30, 0x00007f0ddd900000)
  to   space 322496K,   0% used [0x00007f0ddd900000, 0x00007f0ddd900000, 0x00007f0df13f0000)
 tenured generation   total 6450960K, used 6445327K [0x00007f1281b50000, 0x00007f140b714000, 0x00007f1d2c600000)
   the space 6450960K,  99% used [0x00007f1281b50000, 0x00007f140b193f10, 0x00007f140b194000, 0x00007f140b714000)
 Metaspace       used 24297K, capacity 24692K, committed 24832K, reserved 26624K
}
Event: 19655.825 GC heap after
{Heap after GC invocations=17783 (full 4):
 def new generation   total 2903040K, used 12287K [0x00007f0d2c600000, 0x00007f0df13f0000, 0x00007f1281b50000)
  eden space 2580544K,   0% used [0x00007f0d2c600000, 0x00007f0d2c600000, 0x00007f0dc9e10000)
  from space 322496K,   3% used [0x00007f0ddd900000, 0x00007f0dde4ffee0, 0x00007f0df13f0000)
  to   space 322496K,   0% used [0x00007f0dc9e10000, 0x00007f0dc9e10000, 0x00007f0ddd900000)
 tenured generation   total 6450960K, used 6446295K [0x00007f1281b50000, 0x00007f140b714000, 0x00007f1d2c600000)
   the space 6450960K,  99% used [0x00007f1281b50000, 0x00007f140b285c00, 0x00007f140b285c00, 0x00007f140b714000)
 Metaspace       used 24297K, capacity 24692K, committed 24832K, reserved 26624K
}
Event: 19658.083 GC heap before
{Heap before GC invocations=17783 (full 4):
 def new generation   total 2903040K, used 2592831K [0x00007f0d2c600000, 0x00007f0df13f0000, 0x00007f1281b50000)
  eden space 2580544K, 100% used [0x00007f0d2c600000, 0x00007f0dc9e10000, 0x00007f0dc9e10000)
  from space 322496K,   3% used [0x00007f0ddd900000, 0x00007f0dde4ffee0, 0x00007f0df13f0000)
  to   space 322496K,   0% used [0x00007f0dc9e10000, 0x00007f0dc9e10000, 0x00007f0ddd900000)
 tenured generation   total 6450960K, used 6446295K [0x00007f1281b50000, 0x00007f140b714000, 0x00007f1d2c600000)
   the space 6450960K,  99% used [0x00007f1281b50000, 0x00007f140b285c00, 0x00007f140b285c00, 0x00007f140b714000)
 Metaspace       used 24297K, capacity 24692K, committed 24832K, reserved 26624K
}
Event: 19658.110 GC heap after
{Heap after GC invocations=17784 (full 4):
 def new generation   total 2903040K, used 11526K [0x00007f0d2c600000, 0x00007f0df13f0000, 0x00007f1281b50000)
  eden space 2580544K,   0% used [0x00007f0d2c600000, 0x00007f0d2c600000, 0x00007f0dc9e10000)
  from space 322496K,   3% used [0x00007f0dc9e10000, 0x00007f0dca951b10, 0x00007f0ddd900000)
  to   space 322496K,   0% used [0x00007f0ddd900000, 0x00007f0ddd900000, 0x00007f0df13f0000)
 tenured generation   total 6450960K, used 6447627K [0x00007f1281b50000, 0x00007f140b714000, 0x00007f1d2c600000)
   the space 6450960K,  99% used [0x00007f1281b50000, 0x00007f140b3d2c30, 0x00007f140b3d2e00, 0x00007f140b714000)
 Metaspace       used 24297K, capacity 24692K, committed 24832K, reserved 26624K
}
Event: 19660.316 GC heap before
{Heap before GC invocations=17784 (full 4):
 def new generation   total 2903040K, used 2592070K [0x00007f0d2c600000, 0x00007f0df13f0000, 0x00007f1281b50000)
  eden space 2580544K, 100% used [0x00007f0d2c600000, 0x00007f0dc9e10000, 0x00007f0dc9e10000)
  from space 322496K,   3% used [0x00007f0dc9e10000, 0x00007f0dca951b10, 0x00007f0ddd900000)
  to   space 322496K,   0% used [0x00007f0ddd900000, 0x00007f0ddd900000, 0x00007f0df13f0000)
 tenured generation   total 6450960K, used 6447627K [0x00007f1281b50000, 0x00007f140b714000, 0x00007f1d2c600000)
   the space 6450960K,  99% used [0x00007f1281b50000, 0x00007f140b3d2c30, 0x00007f140b3d2e00, 0x00007f140b714000)
 Metaspace       used 24297K, capacity 24692K, committed 24832K, reserved 26624K
}
Event: 19660.341 GC heap after
{Heap after GC invocations=17785 (full 4):
 def new generation   total 2903040K, used 11605K [0x00007f0d2c600000, 0x00007f0df13f0000, 0x00007f1281b50000)
  eden space 2580544K,   0% used [0x00007f0d2c600000, 0x00007f0d2c600000, 0x00007f0dc9e10000)
  from space 322496K,   3% used [0x00007f0ddd900000, 0x00007f0dde4556e0, 0x00007f0df13f0000)
  to   space 322496K,   0% used [0x00007f0dc9e10000, 0x00007f0dc9e10000, 0x00007f0ddd900000)
 tenured generation   total 6450960K, used 6448236K [0x00007f1281b50000, 0x00007f140b714000, 0x00007f1d2c600000)
   the space 6450960K,  99% used [0x00007f1281b50000, 0x00007f140b46b1b8, 0x00007f140b46b200, 0x00007f140b714000)
 Metaspace       used 24297K, capacity 24692K, committed 24832K, reserved 26624K
}
Event: 19662.656 GC heap before
{Heap before GC invocations=17785 (full 4):
 def new generation   total 2903040K, used 2592149K [0x00007f0d2c600000, 0x00007f0df13f0000, 0x00007f1281b50000)
  eden space 2580544K, 100% used [0x00007f0d2c600000, 0x00007f0dc9e10000, 0x00007f0dc9e10000)
  from space 322496K,   3% used [0x00007f0ddd900000, 0x00007f0dde4556e0, 0x00007f0df13f0000)
  to   space 322496K,   0% used [0x00007f0dc9e10000, 0x00007f0dc9e10000, 0x00007f0ddd900000)
 tenured generation   total 6450960K, used 6448236K [0x00007f1281b50000, 0x00007f140b714000, 0x00007f1d2c600000)
   the space 6450960K,  99% used [0x00007f1281b50000, 0x00007f140b46b1b8, 0x00007f140b46b200, 0x00007f140b714000)
 Metaspace       used 24297K, capacity 24692K, committed 24832K, reserved 26624K
}
Event: 19662.687 GC heap after
{Heap after GC invocations=17786 (full 4):
 def new generation   total 2903040K, used 11741K [0x00007f0d2c600000, 0x00007f0df13f0000, 0x00007f1281b50000)
  eden space 2580544K,   0% used [0x00007f0d2c600000, 0x00007f0d2c600000, 0x00007f0dc9e10000)
  from space 322496K,   3% used [0x00007f0dc9e10000, 0x00007f0dca987458, 0x00007f0ddd900000)
  to   space 322496K,   0% used [0x00007f0ddd900000, 0x00007f0ddd900000, 0x00007f0df13f0000)
 tenured generation   total 6450960K, used 6448863K [0x00007f1281b50000, 0x00007f140b714000, 0x00007f1d2c600000)
   the space 6450960K,  99% used [0x00007f1281b50000, 0x00007f140b507e78, 0x00007f140b508000, 0x00007f140b714000)
 Metaspace       used 24297K, capacity 24692K, committed 24832K, reserved 26624K
}
Event: 19664.907 GC heap before
{Heap before GC invocations=17786 (full 4):
 def new generation   total 2903040K, used 2592285K [0x00007f0d2c600000, 0x00007f0df13f0000, 0x00007f1281b50000)
  eden space 2580544K, 100% used [0x00007f0d2c600000, 0x00007f0dc9e10000, 0x00007f0dc9e10000)
  from space 322496K,   3% used [0x00007f0dc9e10000, 0x00007f0dca987458, 0x00007f0ddd900000)
  to   space 322496K,   0% used [0x00007f0ddd900000, 0x00007f0ddd900000, 0x00007f0df13f0000)
 tenured generation   total 6450960K, used 6448863K [0x00007f1281b50000, 0x00007f140b714000, 0x00007f1d2c600000)
   the space 6450960K,  99% used [0x00007f1281b50000, 0x00007f140b507e78, 0x00007f140b508000, 0x00007f140b714000)
 Metaspace       used 24297K, capacity 24692K, committed 24832K, reserved 26624K
}
Event: 19664.939 GC heap after
{Heap after GC invocations=17787 (full 4):
 def new generation   total 2903040K, used 11976K [0x00007f0d2c600000, 0x00007f0df13f0000, 0x00007f1281b50000)
  eden space 2580544K,   0% used [0x00007f0d2c600000, 0x00007f0d2c600000, 0x00007f0dc9e10000)
  from space 322496K,   3% used [0x00007f0ddd900000, 0x00007f0dde4b2330, 0x00007f0df13f0000)
  to   space 322496K,   0% used [0x00007f0dc9e10000, 0x00007f0dc9e10000, 0x00007f0ddd900000)
 tenured generation   total 6450960K, used 6449590K [0x00007f1281b50000, 0x00007f140b714000, 0x00007f1d2c600000)
   the space 6450960K,  99% used [0x00007f1281b50000, 0x00007f140b5bdb58, 0x00007f140b5bdc00, 0x00007f140b714000)
 Metaspace       used 24297K, capacity 24692K, committed 24832K, reserved 26624K
}
Event: 19667.222 GC heap before
{Heap before GC invocations=17787 (full 4):
 def new generation   total 2903040K, used 2592520K [0x00007f0d2c600000, 0x00007f0df13f0000, 0x00007f1281b50000)
  eden space 2580544K, 100% used [0x00007f0d2c600000, 0x00007f0dc9e10000, 0x00007f0dc9e10000)
  from space 322496K,   3% used [0x00007f0ddd900000, 0x00007f0dde4b2330, 0x00007f0df13f0000)
  to   space 322496K,   0% used [0x00007f0dc9e10000, 0x00007f0dc9e10000, 0x00007f0ddd900000)
 tenured generation   total 6450960K, used 6449590K [0x00007f1281b50000, 0x00007f140b714000, 0x00007f1d2c600000)
   the space 6450960K,  99% used [0x00007f1281b50000, 0x00007f140b5bdb58, 0x00007f140b5bdc00, 0x00007f140b714000)
 Metaspace       used 24297K, capacity 24692K, committed 24832K, reserved 26624K
}
Event: 19667.254 GC heap after
{Heap after GC invocations=17788 (full 4):
 def new generation   total 2903040K, used 12225K [0x00007f0d2c600000, 0x00007f0df13f0000, 0x00007f1281b50000)
  eden space 2580544K,   0% used [0x00007f0d2c600000, 0x00007f0d2c600000, 0x00007f0dc9e10000)
  from space 322496K,   3% used [0x00007f0dc9e10000, 0x00007f0dcaa00448, 0x00007f0ddd900000)
  to   space 322496K,   0% used [0x00007f0ddd900000, 0x00007f0ddd900000, 0x00007f0df13f0000)
 tenured generation   total 6450960K, used 6450318K [0x00007f1281b50000, 0x00007f140b714000, 0x00007f1d2c600000)
   the space 6450960K,  99% used [0x00007f1281b50000, 0x00007f140b6739e8, 0x00007f140b673a00, 0x00007f140b714000)
 Metaspace       used 24297K, capacity 24692K, committed 24832K, reserved 26624K
}
Event: 19669.466 GC heap before
{Heap before GC invocations=17788 (full 4):
 def new generation   total 2903040K, used 2592769K [0x00007f0d2c600000, 0x00007f0df13f0000, 0x00007f1281b50000)
  eden space 2580544K, 100% used [0x00007f0d2c600000, 0x00007f0dc9e10000, 0x00007f0dc9e10000)
  from space 322496K,   3% used [0x00007f0dc9e10000, 0x00007f0dcaa00448, 0x00007f0ddd900000)
  to   space 322496K,   0% used [0x00007f0ddd900000, 0x00007f0ddd900000, 0x00007f0df13f0000)
 tenured generation   total 6450960K, used 6450318K [0x00007f1281b50000, 0x00007f140b714000, 0x00007f1d2c600000)
   the space 6450960K,  99% used [0x00007f1281b50000, 0x00007f140b6739e8, 0x00007f140b673a00, 0x00007f140b714000)
 Metaspace       used 24297K, capacity 24692K, committed 24832K, reserved 26624K
}
Event: 19669.500 GC heap after
{Heap after GC invocations=17789 (full 4):
 def new generation   total 2903040K, used 12227K [0x00007f0d2c600000, 0x00007f0df13f0000, 0x00007f1281b50000)
  eden space 2580544K,   0% used [0x00007f0d2c600000, 0x00007f0d2c600000, 0x00007f0dc9e10000)
  from space 322496K,   3% used [0x00007f0ddd900000, 0x00007f0dde4f0f58, 0x00007f0df13f0000)
  to   space 322496K,   0% used [0x00007f0dc9e10000, 0x00007f0dc9e10000, 0x00007f0ddd900000)
 tenured generation   total 6451344K, used 6451280K [0x00007f1281b50000, 0x00007f140b774000, 0x00007f1d2c600000)
   the space 6451344K,  99% used [0x00007f1281b50000, 0x00007f140b7643e8, 0x00007f140b764400, 0x00007f140b774000)
 Metaspace       used 24297K, capacity 24692K, committed 24832K, reserved 26624K
}
Event: 19669.500 GC heap before
{Heap before GC invocations=17789 (full 4):
 def new generation   total 2903040K, used 12227K [0x00007f0d2c600000, 0x00007f0df13f0000, 0x00007f1281b50000)
  eden space 2580544K,   0% used [0x00007f0d2c600000, 0x00007f0d2c600000, 0x00007f0dc9e10000)
  from space 322496K,   3% used [0x00007f0ddd900000, 0x00007f0dde4f0f58, 0x00007f0df13f0000)
  to   space 322496K,   0% used [0x00007f0dc9e10000, 0x00007f0dc9e10000, 0x00007f0ddd900000)
 tenured generation   total 6451344K, used 6451280K [0x00007f1281b50000, 0x00007f140b774000, 0x00007f1d2c600000)
   the space 6451344K,  99% used [0x00007f1281b50000, 0x00007f140b7643e8, 0x00007f140b764400, 0x00007f140b774000)
 Metaspace       used 24297K, capacity 24692K, committed 24832K, reserved 26624K
}

Deoptimization events (20 events):
Event: 2692.416 Thread 0x00007f1d44018000 DEOPT PACKING pc=0x00007f1d3434c308 sp=0x00007f1d4b1eb4f0
Event: 2692.416 Thread 0x00007f1d44018000 DEOPT UNPACKING pc=0x00007f1d2c7d2e25 sp=0x00007f1d4b1eb408 mode 2
Event: 2760.530 Thread 0x00007f1d44018000 Uncommon trap: trap_request=0xffffff45 fr.pc=0x00007f1d343b6aa8 relative=0x0000000000002168
Event: 2760.530 Thread 0x00007f1d44018000 Uncommon trap: reason=unstable_if action=reinterpret pc=0x00007f1d343b6aa8 method=java.util.HashMap.getNode(ILjava/lang/Object;)Ljava/util/HashMap$Node; @ 129 c2
Event: 2760.531 Thread 0x00007f1d44018000 DEOPT PACKING pc=0x00007f1d343b6aa8 sp=0x00007f1d4b1eb560
Event: 2760.531 Thread 0x00007f1d44018000 DEOPT UNPACKING pc=0x00007f1d2c7d2e25 sp=0x00007f1d4b1eb3b0 mode 2
Event: 2760.531 Thread 0x00007f1d44018000 Uncommon trap: trap_request=0xffffffc6 fr.pc=0x00007f1d3434c454 relative=0x0000000000000bb4
Event: 2760.531 Thread 0x00007f1d44018000 Uncommon trap: reason=bimorphic_or_optimized_type_check action=maybe_recompile pc=0x00007f1d3434c454 method=java.util.HashMap.removeNode(ILjava/lang/Object;Ljava/lang/Object;ZZ)Ljava/util/HashMap$Node; @ 143 c2
Event: 2760.531 Thread 0x00007f1d44018000 DEOPT PACKING pc=0x00007f1d3434c454 sp=0x00007f1d4b1eb4d0
Event: 2760.531 Thread 0x00007f1d44018000 DEOPT UNPACKING pc=0x00007f1d2c7d2e25 sp=0x00007f1d4b1eb3e8 mode 2
Event: 3328.983 Thread 0x00007f1d44018000 Uncommon trap: trap_request=0xffffffc6 fr.pc=0x00007f1d3434c308 relative=0x0000000000000a68
Event: 3328.983 Thread 0x00007f1d44018000 Uncommon trap: reason=bimorphic_or_optimized_type_check action=maybe_recompile pc=0x00007f1d3434c308 method=java.util.HashMap.removeNode(ILjava/lang/Object;Ljava/lang/Object;ZZ)Ljava/util/HashMap$Node; @ 68 c2
Event: 3328.983 Thread 0x00007f1d44018000 DEOPT PACKING pc=0x00007f1d3434c308 sp=0x00007f1d4b1eb550
Event: 3328.983 Thread 0x00007f1d44018000 DEOPT UNPACKING pc=0x00007f1d2c7d2e25 sp=0x00007f1d4b1eb468 mode 2
Event: 3803.229 Thread 0x00007f1d44018000 Uncommon trap: trap_request=0xffffffc6 fr.pc=0x00007f1d3434e540 relative=0x0000000000000aa0
Event: 3803.229 Thread 0x00007f1d44018000 Uncommon trap: reason=bimorphic_or_optimized_type_check action=maybe_recompile pc=0x00007f1d3434e540 method=java.util.HashMap.removeNode(ILjava/lang/Object;Ljava/lang/Object;ZZ)Ljava/util/HashMap$Node; @ 68 c2
Event: 3803.229 Thread 0x00007f1d44018000 DEOPT PACKING pc=0x00007f1d3434e540 sp=0x00007f1d4b1eb510
Event: 3803.229 Thread 0x00007f1d44018000 DEOPT UNPACKING pc=0x00007f1d2c7d2e25 sp=0x00007f1d4b1eb4a8 mode 2
Event: 5106.011 Thread 0x00007f1d44018000 DEOPT PACKING pc=0x00007f1d2cd38c69 sp=0x00007f1d4b1eba40
Event: 5106.011 Thread 0x00007f1d44018000 DEOPT UNPACKING pc=0x00007f1d2c7d333a sp=0x00007f1d4b1eaf48 mode 0

Classes unloaded (0 events):
No events

Classes redefined (0 events):
No events

Internal exceptions (20 events):
Event: 0.898 Thread 0x00007f1d44018000 Exception <a 'java/lang/NoSuchMethodError'{0x00007f0d2dc42e60}: 'int java.lang.invoke.DirectMethodHandle$Holder.invokeSpecial(java.lang.Object, java.lang.Object, java.lang.Object, java.lang.Object)'> (0x00007f0d2dc42e60) 
thrown [src/hotspot/share/interpreter/linkResolver.cpp, line 766]
Event: 0.901 Thread 0x00007f1d44018000 Exception <a 'java/lang/NoSuchMethodError'{0x00007f0d2dc59980}: 'java.lang.Object java.lang.invoke.DirectMethodHandle$Holder.invokeVirtual(java.lang.Object, java.lang.Object, java.lang.Object, int, int)'> (0x00007f0d2dc59980) 
thrown [src/hotspot/share/interpreter/linkResolver.cpp, line 766]
Event: 0.902 Thread 0x00007f1d44018000 Exception <a 'java/lang/NoSuchMethodError'{0x00007f0d2dc61d30}: 'java.lang.Object java.lang.invoke.DirectMethodHandle$Holder.invokeVirtual(java.lang.Object, java.lang.Object, int)'> (0x00007f0d2dc61d30) 
thrown [src/hotspot/share/interpreter/linkResolver.cpp, line 766]
Event: 0.917 Thread 0x00007f1d44018000 Exception <a 'java/lang/NoSuchMethodError'{0x00007f0d2dc82ac8}: 'java.lang.Object java.lang.invoke.DirectMethodHandle$Holder.invokeSpecial(java.lang.Object, java.lang.Object, java.lang.Object, int, int)'> (0x00007f0d2dc82ac8) 
thrown [src/hotspot/share/interpreter/linkResolver.cpp, line 766]
Event: 1.273 Thread 0x00007f1d44018000 Exception <a 'java/lang/NoSuchMethodError'{0x00007f0d2f2430d8}: 'int java.lang.invoke.DirectMethodHandle$Holder.invokeSpecial(java.lang.Object, java.lang.Object, java.lang.Object, java.lang.Object, java.lang.Object)'> (0x00007f0d2f2430d8) 
thrown [src/hotspot/share/interpreter/linkResolver.cpp, line 766]
Event: 1.359 Thread 0x00007f1d44018000 Exception <a 'java/lang/NoSuchMethodError'{0x00007f0d2f661810}: 'java.lang.Object java.lang.invoke.DirectMethodHandle$Holder.invokeStatic(java.lang.Object, java.lang.Object, int, int)'> (0x00007f0d2f661810) 
thrown [src/hotspot/share/interpreter/linkResolver.cpp, line 766]
Event: 1.722 Thread 0x00007f1d44018000 Exception <a 'java/lang/NoSuchMethodError'{0x00007f0d31c5a710}: 'void java.lang.invoke.DirectMethodHandle$Holder.invokeVirtual(java.lang.Object, java.lang.Object)'> (0x00007f0d31c5a710) 
thrown [src/hotspot/share/interpreter/linkResolver.cpp, line 766]
Event: 1.898 Thread 0x00007f1d44018000 Exception <a 'java/lang/NoSuchMethodError'{0x00007f0d31fe1ce8}: 'int java.lang.invoke.DirectMethodHandle$Holder.invokeVirtual(java.lang.Object, java.lang.Object, java.lang.Object, java.lang.Object)'> (0x00007f0d31fe1ce8) 
thrown [src/hotspot/share/interpreter/linkResolver.cpp, line 766]
Event: 1.899 Thread 0x00007f1d44018000 Exception <a 'java/lang/NoSuchMethodError'{0x00007f0d31fefe30}: 'java.lang.Object java.lang.invoke.DirectMethodHandle$Holder.invokeStatic(java.lang.Object, java.lang.Object, int, java.lang.Object)'> (0x00007f0d31fefe30) 
thrown [src/hotspot/share/interpreter/linkResolver.cpp, line 766]
Event: 1.900 Thread 0x00007f1d44018000 Exception <a 'java/lang/NoSuchMethodError'{0x00007f0d31ff8748}: 'java.lang.Object java.lang.invoke.Invokers$Holder.linkToTargetMethod(java.lang.Object, int, java.lang.Object, java.lang.Object)'> (0x00007f0d31ff8748) 
thrown [src/hotspot/share/interpreter/linkResolver.cpp, line 766]
Event: 2.174 Thread 0x00007f1d44018000 Implicit null exception at 0x00007f1d342b72c5 to 0x00007f1d342b7498
Event: 2.174 Thread 0x00007f1d44018000 Implicit null exception at 0x00007f1d3427ea0f to 0x00007f1d3427ea79
Event: 2.427 Thread 0x00007f1d44018000 Implicit null exception at 0x00007f1d3428ff48 to 0x00007f1d3428ffca
Event: 2.637 Thread 0x00007f1d44018000 Exception <a 'java/lang/NoSuchMethodError'{0x00007f0d2c6223e0}: 'java.lang.Object java.lang.invoke.Invokers$Holder.linkToTargetMethod(java.lang.Object, int, java.lang.Object)'> (0x00007f0d2c6223e0) 
thrown [src/hotspot/share/interpreter/linkResolver.cpp, line 766]
Event: 2.647 Thread 0x00007f1d44018000 Exception <a 'java/lang/NoSuchMethodError'{0x00007f0d2c65c610}: 'java.lang.Object java.lang.invoke.Invokers$Holder.linkToTargetMethod(java.lang.Object, long, java.lang.Object)'> (0x00007f0d2c65c610) 
thrown [src/hotspot/share/interpreter/linkResolver.cpp, line 766]
Event: 2.680 Thread 0x00007f1d440a7000 Implicit null exception at 0x00007f1d342a4fcc to 0x00007f1d342a5080
Event: 2.721 Thread 0x00007f1d44018000 Exception <a 'java/lang/NoSuchMethodError'{0x00007f0d2c77ea48}: 'java.lang.Object java.lang.invoke.Invokers$Holder.invokeExact_MT(java.lang.Object, java.lang.Object, java.lang.Object, java.lang.Object, java.lang.Object, java.lang.Object)'> (0x00007f0d2c77ea48) 
thrown [src/hotspot/share/interpreter/linkResolver.cpp, line 766]
Event: 2.823 Thread 0x00007f1d44018000 Exception <a 'java/lang/NoSuchMethodError'{0x00007f0d2c900db8}: 'int java.lang.invoke.DirectMethodHandle$Holder.invokeStatic(java.lang.Object, java.lang.Object, int)'> (0x00007f0d2c900db8) 
thrown [src/hotspot/share/interpreter/linkResolver.cpp, line 766]
Event: 2.918 Thread 0x00007f1d44018000 Exception <a 'java/lang/NoSuchMethodError'{0x00007f0d2caa2628}: 'double java.lang.invoke.DirectMethodHandle$Holder.invokeStatic(java.lang.Object, java.lang.Object)'> (0x00007f0d2caa2628) 
thrown [src/hotspot/share/interpreter/linkResolver.cpp, line 766]
Event: 2.954 Thread 0x00007f1d44018000 Exception <a 'java/lang/NoSuchMethodError'{0x00007f0d2cba61f0}: 'int java.lang.invoke.DirectMethodHandle$Holder.invokeStatic(java.lang.Object, java.lang.Object, java.lang.Object, int)'> (0x00007f0d2cba61f0) 
thrown [src/hotspot/share/interpreter/linkResolver.cpp, line 766]

Events (20 events):
Event: 19646.433 Executing VM operation: GenCollectForAllocation done
Event: 19648.774 Executing VM operation: GenCollectForAllocation
Event: 19648.805 Executing VM operation: GenCollectForAllocation done
Event: 19651.181 Executing VM operation: GenCollectForAllocation
Event: 19651.214 Executing VM operation: GenCollectForAllocation done
Event: 19653.513 Executing VM operation: GenCollectForAllocation
Event: 19653.546 Executing VM operation: GenCollectForAllocation done
Event: 19655.790 Executing VM operation: GenCollectForAllocation
Event: 19655.825 Executing VM operation: GenCollectForAllocation done
Event: 19658.082 Executing VM operation: GenCollectForAllocation
Event: 19658.110 Executing VM operation: GenCollectForAllocation done
Event: 19660.316 Executing VM operation: GenCollectForAllocation
Event: 19660.341 Executing VM operation: GenCollectForAllocation done
Event: 19662.656 Executing VM operation: GenCollectForAllocation
Event: 19662.687 Executing VM operation: GenCollectForAllocation done
Event: 19664.907 Executing VM operation: GenCollectForAllocation
Event: 19664.939 Executing VM operation: GenCollectForAllocation done
Event: 19667.222 Executing VM operation: GenCollectForAllocation
Event: 19667.254 Executing VM operation: GenCollectForAllocation done
Event: 19669.466 Executing VM operation: GenCollectForAllocation


Dynamic libraries:
55aa56f38000-55aa56f39000 r--p 00000000 07:20 4860                       /usr/lib/jvm/java-13-openjdk-amd64/bin/java
55aa56f39000-55aa56f3a000 r-xp 00001000 07:20 4860                       /usr/lib/jvm/java-13-openjdk-amd64/bin/java
55aa56f3a000-55aa56f3b000 r--p 00002000 07:20 4860                       /usr/lib/jvm/java-13-openjdk-amd64/bin/java
55aa56f3b000-55aa56f3c000 r--p 00002000 07:20 4860                       /usr/lib/jvm/java-13-openjdk-amd64/bin/java
55aa56f3c000-55aa56f3d000 rw-p 00003000 07:20 4860                       /usr/lib/jvm/java-13-openjdk-amd64/bin/java
55aa58def000-55aa58e10000 rw-p 00000000 00:00 0                          [heap]
7f0cf0000000-7f0cf0021000 rw-p 00000000 00:00 0 
7f0cf0021000-7f0cf4000000 ---p 00000000 00:00 0 
7f0cf8000000-7f0cf8021000 rw-p 00000000 00:00 0 
7f0cf8021000-7f0cfc000000 ---p 00000000 00:00 0 
7f0cfc000000-7f0cfc021000 rw-p 00000000 00:00 0 
7f0cfc021000-7f0d00000000 ---p 00000000 00:00 0 
7f0d00000000-7f0d023bb000 rw-p 00000000 00:00 0 
7f0d023bb000-7f0d04000000 ---p 00000000 00:00 0 
7f0d04000000-7f0d049b2000 rw-p 00000000 00:00 0 
7f0d049b2000-7f0d08000000 ---p 00000000 00:00 0 
7f0d08000000-7f0d08021000 rw-p 00000000 00:00 0 
7f0d08021000-7f0d0c000000 ---p 00000000 00:00 0 
7f0d0c000000-7f0d0c021000 rw-p 00000000 00:00 0 
7f0d0c021000-7f0d10000000 ---p 00000000 00:00 0 
7f0d10000000-7f0d10021000 rw-p 00000000 00:00 0 
7f0d10021000-7f0d14000000 ---p 00000000 00:00 0 
7f0d14000000-7f0d14021000 rw-p 00000000 00:00 0 
7f0d14021000-7f0d18000000 ---p 00000000 00:00 0 
7f0d18000000-7f0d18092000 rw-p 00000000 00:00 0 
7f0d18092000-7f0d1c000000 ---p 00000000 00:00 0 
7f0d1f0a9000-7f0d1fcf8000 rw-p 00000000 00:00 0 
7f0d1fcf8000-7f0d245ff000 ---p 00000000 00:00 0 
7f0d245ff000-7f0d24c26000 rw-p 00000000 00:00 0 
7f0d24c26000-7f0d270a9000 ---p 00000000 00:00 0 
7f0d270a9000-7f0d27cf8000 rw-p 00000000 00:00 0 
7f0d27cf8000-7f0d2c5ff000 ---p 00000000 00:00 0 
7f0d2c5ff000-7f0df13f0000 rw-p 00000000 00:00 0 
7f0df13f0000-7f1281b50000 ---p 00000000 00:00 0 
7f1281b50000-7f140b774000 rw-p 00000000 00:00 0 
7f1511f8c000-7f1d2c600000 ---p 00000000 00:00 0 
7f1d2c78a000-7f1d2c9fa000 rwxp 00000000 00:00 0 
7f1d2c9fa000-7f1d2cd19000 ---p 00000000 00:00 0 
7f1d2cd19000-7f1d2d4d9000 rwxp 00000000 00:00 0 
7f1d2d4d9000-7f1d34251000 ---p 00000000 00:00 0 
7f1d34251000-7f1d34531000 rwxp 00000000 00:00 0 
7f1d34531000-7f1d3b78a000 ---p 00000000 00:00 0 
7f1d3b78a000-7f1d44000000 r--s 00000000 07:20 5215                       /usr/lib/jvm/java-13-openjdk-amd64/lib/modules
7f1d44000000-7f1d446b4000 rw-p 00000000 00:00 0 
7f1d446b4000-7f1d48000000 ---p 00000000 00:00 0 
7f1d48737000-7f1d48777000 rw-p 00000000 00:00 0 
7f1d48777000-7f1d48937000 ---p 00000000 00:00 0 
7f1d48937000-7f1d48b37000 rw-p 00000000 00:00 0 
7f1d48b37000-7f1d48d37000 rw-p 00000000 00:00 0 
7f1d48d37000-7f1d48f37000 rw-p 00000000 00:00 0 
7f1d48f37000-7f1d49137000 rw-p 00000000 00:00 0 
7f1d49137000-7f1d494d7000 rw-p 00000000 00:00 0 
7f1d494d7000-7f1d496d7000 rw-p 00000000 00:00 0 
7f1d496d7000-7f1d498d7000 rw-p 00000000 00:00 0 
7f1d498d7000-7f1d49ad7000 rw-p 00000000 00:00 0 
7f1d49ad7000-7f1d49b08000 rw-p 00000000 00:00 0 
7f1d49b08000-7f1d49b0c000 r--p 00000000 07:20 5204                       /usr/lib/jvm/java-13-openjdk-amd64/lib/libnet.so
7f1d49b0c000-7f1d49b1a000 r-xp 00004000 07:20 5204                       /usr/lib/jvm/java-13-openjdk-amd64/lib/libnet.so
7f1d49b1a000-7f1d49b1e000 r--p 00012000 07:20 5204                       /usr/lib/jvm/java-13-openjdk-amd64/lib/libnet.so
7f1d49b1e000-7f1d49b1f000 r--p 00015000 07:20 5204                       /usr/lib/jvm/java-13-openjdk-amd64/lib/libnet.so
7f1d49b1f000-7f1d49b20000 rw-p 00016000 07:20 5204                       /usr/lib/jvm/java-13-openjdk-amd64/lib/libnet.so
7f1d49b20000-7f1d49b27000 r--p 00000000 07:20 5205                       /usr/lib/jvm/java-13-openjdk-amd64/lib/libnio.so
7f1d49b27000-7f1d49b30000 r-xp 00007000 07:20 5205                       /usr/lib/jvm/java-13-openjdk-amd64/lib/libnio.so
7f1d49b30000-7f1d49b34000 r--p 00010000 07:20 5205                       /usr/lib/jvm/java-13-openjdk-amd64/lib/libnio.so
7f1d49b34000-7f1d49b35000 r--p 00013000 07:20 5205                       /usr/lib/jvm/java-13-openjdk-amd64/lib/libnio.so
7f1d49b35000-7f1d49b36000 rw-p 00014000 07:20 5205                       /usr/lib/jvm/java-13-openjdk-amd64/lib/libnio.so
7f1d49b36000-7f1d49b37000 ---p 00000000 00:00 0 
7f1d49b37000-7f1d49c38000 rw-p 00000000 00:00 0 
7f1d49c38000-7f1d49c3c000 ---p 00000000 00:00 0 
7f1d49c3c000-7f1d49d39000 rw-p 00000000 00:00 0 
7f1d49d39000-7f1d49d3d000 ---p 00000000 00:00 0 
7f1d49d3d000-7f1d49e3a000 rw-p 00000000 00:00 0 
7f1d49e3a000-7f1d49e3e000 ---p 00000000 00:00 0 
7f1d49e3e000-7f1d49f3b000 rw-p 00000000 00:00 0 
7f1d49f3b000-7f1d49f3f000 ---p 00000000 00:00 0 
7f1d49f3f000-7f1d4a03c000 rw-p 00000000 00:00 0 
7f1d4a03c000-7f1d4a040000 ---p 00000000 00:00 0 
7f1d4a040000-7f1d4a13d000 rw-p 00000000 00:00 0 
7f1d4a13d000-7f1d4a141000 ---p 00000000 00:00 0 
7f1d4a141000-7f1d4a23e000 rw-p 00000000 00:00 0 
7f1d4a23e000-7f1d4a245000 r--s 00000000 07:20 8532                       /usr/lib/x86_64-linux-gnu/gconv/gconv-modules.cache
7f1d4a245000-7f1d4a277000 r--p 00000000 07:20 5276                       /usr/lib/locale/C.UTF-8/LC_CTYPE
7f1d4a277000-7f1d4a27b000 ---p 00000000 00:00 0 
7f1d4a27b000-7f1d4a378000 rw-p 00000000 00:00 0 
7f1d4a378000-7f1d4a37c000 ---p 00000000 00:00 0 
7f1d4a37c000-7f1d4a479000 rw-p 00000000 00:00 0 
7f1d4a479000-7f1d4a47a000 ---p 00000000 00:00 0 
7f1d4a47a000-7f1d4ae98000 rw-p 00000000 00:00 0 
7f1d4ae98000-7f1d4ae9e000 rw-p 00000000 00:00 0 
7f1d4ae9e000-7f1d4af83000 ---p 00000000 00:00 0 
7f1d4af83000-7f1d4af93000 rw-p 00000000 00:00 0 
7f1d4af93000-7f1d4b06e000 ---p 00000000 00:00 0 
7f1d4b06e000-7f1d4b073000 rw-p 00000000 00:00 0 
7f1d4b073000-7f1d4b07a000 ---p 00000000 00:00 0 
7f1d4b07a000-7f1d4b07c000 r--p 00000000 07:20 5214                       /usr/lib/jvm/java-13-openjdk-amd64/lib/libzip.so
7f1d4b07c000-7f1d4b080000 r-xp 00002000 07:20 5214                       /usr/lib/jvm/java-13-openjdk-amd64/lib/libzip.so
7f1d4b080000-7f1d4b082000 r--p 00006000 07:20 5214                       /usr/lib/jvm/java-13-openjdk-amd64/lib/libzip.so
7f1d4b082000-7f1d4b083000 r--p 00007000 07:20 5214                       /usr/lib/jvm/java-13-openjdk-amd64/lib/libzip.so
7f1d4b083000-7f1d4b084000 rw-p 00008000 07:20 5214                       /usr/lib/jvm/java-13-openjdk-amd64/lib/libzip.so
7f1d4b084000-7f1d4b08c000 rw-s 00000000 08:03 67233384                   /tmp/hsperfdata_rcabanas/19628
7f1d4b08c000-7f1d4b08f000 r--p 00000000 07:20 9108                       /usr/lib/x86_64-linux-gnu/libnss_files-2.31.so
7f1d4b08f000-7f1d4b096000 r-xp 00003000 07:20 9108                       /usr/lib/x86_64-linux-gnu/libnss_files-2.31.so
7f1d4b096000-7f1d4b098000 r--p 0000a000 07:20 9108                       /usr/lib/x86_64-linux-gnu/libnss_files-2.31.so
7f1d4b098000-7f1d4b099000 r--p 0000b000 07:20 9108                       /usr/lib/x86_64-linux-gnu/libnss_files-2.31.so
7f1d4b099000-7f1d4b09a000 rw-p 0000c000 07:20 9108                       /usr/lib/x86_64-linux-gnu/libnss_files-2.31.so
7f1d4b09a000-7f1d4b0a0000 rw-p 00000000 00:00 0 
7f1d4b0a6000-7f1d4b0a8000 r--p 00000000 07:20 5195                       /usr/lib/jvm/java-13-openjdk-amd64/lib/libjimage.so
7f1d4b0a8000-7f1d4b0ab000 r-xp 00002000 07:20 5195                       /usr/lib/jvm/java-13-openjdk-amd64/lib/libjimage.so
7f1d4b0ab000-7f1d4b0ac000 r--p 00005000 07:20 5195                       /usr/lib/jvm/java-13-openjdk-amd64/lib/libjimage.so
7f1d4b0ac000-7f1d4b0ad000 ---p 00006000 07:20 5195                       /usr/lib/jvm/java-13-openjdk-amd64/lib/libjimage.so
7f1d4b0ad000-7f1d4b0ae000 r--p 00006000 07:20 5195                       /usr/lib/jvm/java-13-openjdk-amd64/lib/libjimage.so
7f1d4b0ae000-7f1d4b0af000 rw-p 00007000 07:20 5195                       /usr/lib/jvm/java-13-openjdk-amd64/lib/libjimage.so
7f1d4b0af000-7f1d4b0bc000 r--p 00000000 07:20 5191                       /usr/lib/jvm/java-13-openjdk-amd64/lib/libjava.so
7f1d4b0bc000-7f1d4b0d1000 r-xp 0000d000 07:20 5191                       /usr/lib/jvm/java-13-openjdk-amd64/lib/libjava.so
7f1d4b0d1000-7f1d4b0d7000 r--p 00022000 07:20 5191                       /usr/lib/jvm/java-13-openjdk-amd64/lib/libjava.so
7f1d4b0d7000-7f1d4b0d8000 ---p 00028000 07:20 5191                       /usr/lib/jvm/java-13-openjdk-amd64/lib/libjava.so
7f1d4b0d8000-7f1d4b0d9000 r--p 00028000 07:20 5191                       /usr/lib/jvm/java-13-openjdk-amd64/lib/libjava.so
7f1d4b0d9000-7f1d4b0db000 rw-p 00029000 07:20 5191                       /usr/lib/jvm/java-13-openjdk-amd64/lib/libjava.so
7f1d4b0db000-7f1d4b0e0000 r--p 00000000 07:20 5213                       /usr/lib/jvm/java-13-openjdk-amd64/lib/libverify.so
7f1d4b0e0000-7f1d4b0e7000 r-xp 00005000 07:20 5213                       /usr/lib/jvm/java-13-openjdk-amd64/lib/libverify.so
7f1d4b0e7000-7f1d4b0e9000 r--p 0000c000 07:20 5213                       /usr/lib/jvm/java-13-openjdk-amd64/lib/libverify.so
7f1d4b0e9000-7f1d4b0ea000 ---p 0000e000 07:20 5213                       /usr/lib/jvm/java-13-openjdk-amd64/lib/libverify.so
7f1d4b0ea000-7f1d4b0ec000 r--p 0000e000 07:20 5213                       /usr/lib/jvm/java-13-openjdk-amd64/lib/libverify.so
7f1d4b0ec000-7f1d4b0ed000 rw-p 00010000 07:20 5213                       /usr/lib/jvm/java-13-openjdk-amd64/lib/libverify.so
7f1d4b0ed000-7f1d4b0f1000 ---p 00000000 00:00 0 
7f1d4b0f1000-7f1d4b1ee000 rw-p 00000000 00:00 0 
7f1d4b1ee000-7f1d4b1f1000 r--p 00000000 07:20 8948                       /usr/lib/x86_64-linux-gnu/libgcc_s.so.1
7f1d4b1f1000-7f1d4b203000 r-xp 00003000 07:20 8948                       /usr/lib/x86_64-linux-gnu/libgcc_s.so.1
7f1d4b203000-7f1d4b207000 r--p 00015000 07:20 8948                       /usr/lib/x86_64-linux-gnu/libgcc_s.so.1
7f1d4b207000-7f1d4b208000 r--p 00018000 07:20 8948                       /usr/lib/x86_64-linux-gnu/libgcc_s.so.1
7f1d4b208000-7f1d4b209000 rw-p 00019000 07:20 8948                       /usr/lib/x86_64-linux-gnu/libgcc_s.so.1
7f1d4b209000-7f1d4b216000 r--p 00000000 07:20 9062                       /usr/lib/x86_64-linux-gnu/libm-2.31.so
7f1d4b216000-7f1d4b2bd000 r-xp 0000d000 07:20 9062                       /usr/lib/x86_64-linux-gnu/libm-2.31.so
7f1d4b2bd000-7f1d4b356000 r--p 000b4000 07:20 9062                       /usr/lib/x86_64-linux-gnu/libm-2.31.so
7f1d4b356000-7f1d4b357000 r--p 0014c000 07:20 9062                       /usr/lib/x86_64-linux-gnu/libm-2.31.so
7f1d4b357000-7f1d4b358000 rw-p 0014d000 07:20 9062                       /usr/lib/x86_64-linux-gnu/libm-2.31.so
7f1d4b358000-7f1d4b3ee000 r--p 00000000 07:20 9213                       /usr/lib/x86_64-linux-gnu/libstdc++.so.6.0.28
7f1d4b3ee000-7f1d4b4df000 r-xp 00096000 07:20 9213                       /usr/lib/x86_64-linux-gnu/libstdc++.so.6.0.28
7f1d4b4df000-7f1d4b528000 r--p 00187000 07:20 9213                       /usr/lib/x86_64-linux-gnu/libstdc++.so.6.0.28
7f1d4b528000-7f1d4b529000 ---p 001d0000 07:20 9213                       /usr/lib/x86_64-linux-gnu/libstdc++.so.6.0.28
7f1d4b529000-7f1d4b534000 r--p 001d0000 07:20 9213                       /usr/lib/x86_64-linux-gnu/libstdc++.so.6.0.28
7f1d4b534000-7f1d4b537000 rw-p 001db000 07:20 9213                       /usr/lib/x86_64-linux-gnu/libstdc++.so.6.0.28
7f1d4b537000-7f1d4b53a000 rw-p 00000000 00:00 0 
7f1d4b53a000-7f1d4b7c0000 r--p 00000000 07:20 5226                       /usr/lib/jvm/java-13-openjdk-amd64/lib/server/libjvm.so
7f1d4b7c0000-7f1d4c53d000 r-xp 00286000 07:20 5226                       /usr/lib/jvm/java-13-openjdk-amd64/lib/server/libjvm.so
7f1d4c53d000-7f1d4c7b8000 r--p 01003000 07:20 5226                       /usr/lib/jvm/java-13-openjdk-amd64/lib/server/libjvm.so
7f1d4c7b8000-7f1d4c87d000 r--p 0127d000 07:20 5226                       /usr/lib/jvm/java-13-openjdk-amd64/lib/server/libjvm.so
7f1d4c87d000-7f1d4c8b8000 rw-p 01342000 07:20 5226                       /usr/lib/jvm/java-13-openjdk-amd64/lib/server/libjvm.so
7f1d4c8b8000-7f1d4c93e000 rw-p 00000000 00:00 0 
7f1d4c93e000-7f1d4c944000 r--p 00000000 07:20 9166                       /usr/lib/x86_64-linux-gnu/libpthread-2.31.so
7f1d4c944000-7f1d4c955000 r-xp 00006000 07:20 9166                       /usr/lib/x86_64-linux-gnu/libpthread-2.31.so
7f1d4c955000-7f1d4c95b000 r--p 00017000 07:20 9166                       /usr/lib/x86_64-linux-gnu/libpthread-2.31.so
7f1d4c95b000-7f1d4c95c000 r--p 0001c000 07:20 9166                       /usr/lib/x86_64-linux-gnu/libpthread-2.31.so
7f1d4c95c000-7f1d4c95d000 rw-p 0001d000 07:20 9166                       /usr/lib/x86_64-linux-gnu/libpthread-2.31.so
7f1d4c95d000-7f1d4c961000 rw-p 00000000 00:00 0 
7f1d4c961000-7f1d4c962000 r--p 00000000 07:20 8893                       /usr/lib/x86_64-linux-gnu/libdl-2.31.so
7f1d4c962000-7f1d4c964000 r-xp 00001000 07:20 8893                       /usr/lib/x86_64-linux-gnu/libdl-2.31.so
7f1d4c964000-7f1d4c965000 r--p 00003000 07:20 8893                       /usr/lib/x86_64-linux-gnu/libdl-2.31.so
7f1d4c965000-7f1d4c966000 r--p 00003000 07:20 8893                       /usr/lib/x86_64-linux-gnu/libdl-2.31.so
7f1d4c966000-7f1d4c967000 rw-p 00004000 07:20 8893                       /usr/lib/x86_64-linux-gnu/libdl-2.31.so
7f1d4c967000-7f1d4c969000 r--p 00000000 07:20 9290                       /usr/lib/x86_64-linux-gnu/libz.so.1.2.11
7f1d4c969000-7f1d4c97a000 r-xp 00002000 07:20 9290                       /usr/lib/x86_64-linux-gnu/libz.so.1.2.11
7f1d4c97a000-7f1d4c980000 r--p 00013000 07:20 9290                       /usr/lib/x86_64-linux-gnu/libz.so.1.2.11
7f1d4c980000-7f1d4c981000 ---p 00019000 07:20 9290                       /usr/lib/x86_64-linux-gnu/libz.so.1.2.11
7f1d4c981000-7f1d4c982000 r--p 00019000 07:20 9290                       /usr/lib/x86_64-linux-gnu/libz.so.1.2.11
7f1d4c982000-7f1d4c983000 rw-p 0001a000 07:20 9290                       /usr/lib/x86_64-linux-gnu/libz.so.1.2.11
7f1d4c983000-7f1d4c9a5000 r--p 00000000 07:20 8851                       /usr/lib/x86_64-linux-gnu/libc-2.31.so
7f1d4c9a5000-7f1d4cb1d000 r-xp 00022000 07:20 8851                       /usr/lib/x86_64-linux-gnu/libc-2.31.so
7f1d4cb1d000-7f1d4cb6b000 r--p 0019a000 07:20 8851                       /usr/lib/x86_64-linux-gnu/libc-2.31.so
7f1d4cb6b000-7f1d4cb6f000 r--p 001e7000 07:20 8851                       /usr/lib/x86_64-linux-gnu/libc-2.31.so
7f1d4cb6f000-7f1d4cb71000 rw-p 001eb000 07:20 8851                       /usr/lib/x86_64-linux-gnu/libc-2.31.so
7f1d4cb71000-7f1d4cb75000 rw-p 00000000 00:00 0 
7f1d4cb77000-7f1d4cb79000 r--s 0000c000 07:20 20930                      /usr/share/java/java-atk-wrapper.jar
7f1d4cb79000-7f1d4cb7a000 ---p 00000000 00:00 0 
7f1d4cb7a000-7f1d4cb7b000 r--p 00000000 00:00 0 
7f1d4cb7b000-7f1d4cb7e000 r--p 00000000 07:20 5196                       /usr/lib/jvm/java-13-openjdk-amd64/lib/libjli.so
7f1d4cb7e000-7f1d4cb88000 r-xp 00003000 07:20 5196                       /usr/lib/jvm/java-13-openjdk-amd64/lib/libjli.so
7f1d4cb88000-7f1d4cb8b000 r--p 0000d000 07:20 5196                       /usr/lib/jvm/java-13-openjdk-amd64/lib/libjli.so
7f1d4cb8b000-7f1d4cb8c000 r--p 0000f000 07:20 5196                       /usr/lib/jvm/java-13-openjdk-amd64/lib/libjli.so
7f1d4cb8c000-7f1d4cb8d000 rw-p 00010000 07:20 5196                       /usr/lib/jvm/java-13-openjdk-amd64/lib/libjli.so
7f1d4cb8d000-7f1d4cb8f000 rw-p 00000000 00:00 0 
7f1d4cb8f000-7f1d4cb90000 r--p 00000000 07:20 8572                       /usr/lib/x86_64-linux-gnu/ld-2.31.so
7f1d4cb90000-7f1d4cbb3000 r-xp 00001000 07:20 8572                       /usr/lib/x86_64-linux-gnu/ld-2.31.so
7f1d4cbb3000-7f1d4cbbb000 r--p 00024000 07:20 8572                       /usr/lib/x86_64-linux-gnu/ld-2.31.so
7f1d4cbbb000-7f1d4cbbc000 ---p 00000000 00:00 0 
7f1d4cbbc000-7f1d4cbbd000 r--p 0002c000 07:20 8572                       /usr/lib/x86_64-linux-gnu/ld-2.31.so
7f1d4cbbd000-7f1d4cbbe000 rw-p 0002d000 07:20 8572                       /usr/lib/x86_64-linux-gnu/ld-2.31.so
7f1d4cbbe000-7f1d4cbbf000 rw-p 00000000 00:00 0 
7ffcd6bf6000-7ffcd6c17000 rw-p 00000000 00:00 0                          [stack]
7ffcd6dce000-7ffcd6dd0000 r-xp 00000000 00:00 0                          [vdso]
ffffffffff600000-ffffffffff601000 r-xp 00000000 00:00 0                  [vsyscall]


VM Arguments:
jvm_args: -Xmx64g --add-modules=ALL-DEFAULT 
java_command: jdk.compiler/com.sun.tools.javac.launcher.Main /mnt/beegfs/rcabanas/dev/credici/papers/journalEM/code/LearnAndCalculatePNS.java -w -x 1000 -m 500 -sc LLratio -th 1.0 -a EMCC --seed 0 --output /mnt/beegfs/rcabanas/dev/credici/papers/journalEM/output/synthetic/s12 /mnt/beegfs/rcabanas/dev/credici/papers/journalEM/models/synthetic/s12/random_mc2_n9_mid3_d1000_05_mr098_r10_49.uai
java_class_path (initial): /mnt/beegfs/rcabanas/dev/credici/target/credici-0.1.3-jar-with-dependencies.jar
Launcher Type: SUN_STANDARD

[Global flags]
     intx CICompilerCount                          = 2                                         {product} {ergonomic}
   size_t InitialHeapSize                          = 2147483648                                {product} {ergonomic}
   size_t MaxHeapSize                              = 68719476736                               {product} {command line}
   size_t MaxNewSize                               = 22906470400                               {product} {ergonomic}
   size_t MinHeapDeltaBytes                        = 196608                                    {product} {ergonomic}
   size_t MinHeapSize                              = 8388608                                   {product} {ergonomic}
   size_t NewSize                                  = 715784192                                 {product} {ergonomic}
    uintx NonNMethodCodeHeapSize                   = 5826188                                {pd product} {ergonomic}
    uintx NonProfiledCodeHeapSize                  = 122916026                              {pd product} {ergonomic}
   size_t OldSize                                  = 1431699456                                {product} {ergonomic}
    uintx ProfiledCodeHeapSize                     = 122916026                              {pd product} {ergonomic}
    uintx ReservedCodeCacheSize                    = 251658240                              {pd product} {ergonomic}
     bool SegmentedCodeCache                       = true                                      {product} {ergonomic}
   size_t SoftMaxHeapSize                          = 68719476736                            {manageable} {ergonomic}
     bool UseSerialGC                              = true                                      {product} {ergonomic}

Logging:
Log output configuration:
 #0: stdout all=warning uptime,level,tags
 #1: stderr all=off uptime,level,tags

Environment Variables:
PATH=/usr/local/sbin:/usr/local/bin:/usr/sbin:/usr/bin:/sbin:/bin
LD_LIBRARY_PATH=/.singularity.d/libs

Signal Handlers:
SIGSEGV: [libjvm.so+0xf8fcf0], sa_mask[0]=11111111011111111101111111111110, sa_flags=SA_RESTART|SA_SIGINFO
SIGBUS: [libjvm.so+0xf8fcf0], sa_mask[0]=11111111011111111101111111111110, sa_flags=SA_RESTART|SA_SIGINFO
SIGFPE: [libjvm.so+0xf8fcf0], sa_mask[0]=11111111011111111101111111111110, sa_flags=SA_RESTART|SA_SIGINFO
SIGPIPE: [libjvm.so+0xc3ffa0], sa_mask[0]=11111111011111111101111111111110, sa_flags=SA_RESTART|SA_SIGINFO
SIGXFSZ: [libjvm.so+0xc3ffa0], sa_mask[0]=11111111011111111101111111111110, sa_flags=SA_RESTART|SA_SIGINFO
SIGILL: [libjvm.so+0xf8fcf0], sa_mask[0]=11111111011111111101111111111110, sa_flags=SA_RESTART|SA_SIGINFO
SIGUSR2: [libjvm.so+0xc3fe40], sa_mask[0]=00000000000000000000000000000000, sa_flags=SA_RESTART|SA_SIGINFO
SIGHUP: [libjvm.so+0xc40580], sa_mask[0]=11111111011111111101111111111110, sa_flags=SA_RESTART|SA_SIGINFO
SIGINT: [libjvm.so+0xc40580], sa_mask[0]=11111111011111111101111111111110, sa_flags=SA_RESTART|SA_SIGINFO
SIGTERM: [libjvm.so+0xc40580], sa_mask[0]=11111111011111111101111111111110, sa_flags=SA_RESTART|SA_SIGINFO
SIGQUIT: [libjvm.so+0xc40580], sa_mask[0]=11111111011111111101111111111110, sa_flags=SA_RESTART|SA_SIGINFO


---------------  S Y S T E M  ---------------

OS:DISTRIB_ID=Ubuntu
DISTRIB_RELEASE=20.04
DISTRIB_CODENAME=focal
DISTRIB_DESCRIPTION="Ubuntu 20.04.4 LTS"
uname:Linux 3.10.0-1160.15.2.el7.x86_64 #1 SMP Wed Feb 3 15:06:38 UTC 2021 x86_64
OS uptime: 514 days 6:51 hours
libc:glibc 2.31 NPTL 2.31 
rlimit (soft/hard): STACK 8192k/infinity , CORE 0k/infinity , NPROC 4096/1030217 , NOFILE 131072/131072 , AS infinity/infinity , CPU infinity/infinity , DATA infinity/infinity , FSIZE infinity/infinity , MEMLOCK infinity/infinity
load average:50.59 51.23 51.14

/proc/meminfo:
MemTotal:       263895364 kB
MemFree:         1477652 kB
MemAvailable:    1709064 kB
Buffers:          252296 kB
Cached:           670612 kB
SwapCached:        56132 kB
Active:         244574488 kB
Inactive:        8399616 kB
Active(anon):   244289876 kB
Inactive(anon):  7782660 kB
Active(file):     284612 kB
Inactive(file):   616956 kB
Unevictable:       14300 kB
Mlocked:           14300 kB
SwapTotal:       4194300 kB
SwapFree:          83584 kB
Dirty:               804 kB
Writeback:             0 kB
AnonPages:      252012156 kB
Mapped:           190400 kB
Shmem:             16812 kB
Slab:             794700 kB
SReclaimable:     200648 kB
SUnreclaim:       594052 kB
KernelStack:       44736 kB
PageTables:       579468 kB
NFS_Unstable:          0 kB
Bounce:                0 kB
WritebackTmp:          0 kB
CommitLimit:    136141980 kB
Committed_AS:   335561212 kB
VmallocTotal:   34359738367 kB
VmallocUsed:      862512 kB
VmallocChunk:   34222409240 kB
Percpu:            22016 kB
HardwareCorrupted:     0 kB
AnonHugePages:  122746880 kB
CmaTotal:              0 kB
CmaFree:               0 kB
HugePages_Total:       0
HugePages_Free:        0
HugePages_Rsvd:        0
HugePages_Surp:        0
Hugepagesize:       2048 kB
DirectMap4k:      505448 kB
DirectMap2M:    20328448 kB
DirectMap1G:    247463936 kB

/sys/kernel/mm/transparent_hugepage/enabled:
[always] madvise never

/sys/kernel/mm/transparent_hugepage/defrag (defrag/compaction efforts parameter):
[always] madvise never


/proc/sys/kernel/threads-max (system-wide limit on the number of threads):
2060435


/proc/sys/vm/max_map_count (maximum number of memory map areas a process may have):
65530


/proc/sys/kernel/pid_max (system-wide limit on number of process identifiers):
65536



Steal ticks since vm start: 0
Steal ticks percentage since vm start:  0.000

CPU:total 64 (initial active 1) (32 cores per cpu, 1 threads per core) family 23 model 49 stepping 0, cmov, cx8, fxsr, mmx, sse, sse2, sse3, ssse3, sse4.1, sse4.2, popcnt, avx, avx2, aes, clmul, mmxext, 3dnowpref, lzcnt, sse4a, tsc, tscinvbit, tscinv, bmi1, bmi2, adx, sha, fma
CPU Model and flags from /proc/cpuinfo:
model name	: AMD EPYC 7542 32-Core Processor
flags		: fpu vme de pse tsc msr pae mce cx8 apic sep mtrr pge mca cmov pat pse36 clflush mmx fxsr sse sse2 ht syscall nx mmxext fxsr_opt pdpe1gb rdtscp lm constant_tsc art rep_good nopl nonstop_tsc extd_apicid aperfmperf eagerfpu pni pclmulqdq monitor ssse3 fma cx16 sse4_1 sse4_2 movbe popcnt aes xsave avx f16c rdrand lahf_lm cmp_legacy svm extapic cr8_legacy abm sse4a misalignsse 3dnowprefetch osvw ibs skinit wdt tce topoext perfctr_core perfctr_nb bpext perfctr_l2 cpb cat_l3 cdp_l3 hw_pstate sme retpoline_amd ssbd ibrs ibpb stibp vmmcall fsgsbase bmi1 avx2 smep bmi2 cqm rdt_a rdseed adx smap clflushopt clwb sha_ni xsaveopt xsavec xgetbv1 cqm_llc cqm_occup_llc cqm_mbm_total cqm_mbm_local clzero irperf xsaveerptr arat npt lbrv svm_lock nrip_save tsc_scale vmcb_clean flushbyasid decodeassists pausefilter pfthreshold avic v_vmsave_vmload vgif umip overflow_recov succor smca
Online cpus:0-63
Offline cpus:
BIOS frequency limitation:2900000
Frequency switch latency (ns):0
Available cpu frequencies:2900000 2400000 1500000 
Current governor:conservative
Core performance/turbo boost:1

Memory: 4k page, physical 263895364k(1477124k free), swap 4194300k(83608k free)

vm_info: OpenJDK 64-Bit Server VM (13.0.7+5-Ubuntu-0ubuntu120.04) for linux-amd64 JRE (13.0.7+5-Ubuntu-0ubuntu120.04), built on Apr 21 2021 05:36:19 by "unknown" with gcc 9.3.0

END.
