#
# There is insufficient memory for the Java Runtime Environment to continue.
# Native memory allocation (mmap) failed to map 14061871104 bytes for committing reserved memory.
# Possible reasons:
#   The system is out of physical RAM or swap space
# Possible solutions:
#   Reduce memory load on the system
#   Increase physical memory or swap space
#   Check if swap backing store is full
#   Decrease Java heap size (-Xmx/-Xms)
#   Decrease number of Java threads
#   Decrease Java thread stack sizes (-Xss)
#   Set larger code cache with -XX:ReservedCodeCacheSize=
# This output file may be truncated or incomplete.
#
#  Out of Memory Error (os_linux.cpp:2899), pid=34923, tid=34926
#
# JRE version: OpenJDK Runtime Environment (13.0.7+5) (build 13.0.7+5-Ubuntu-0ubuntu120.04)
# Java VM: OpenJDK 64-Bit Server VM (13.0.7+5-Ubuntu-0ubuntu120.04, mixed mode, tiered, serial gc, linux-amd64)
# No core dump will be written. Core dumps have been disabled. To enable core dumping, try "ulimit -c unlimited" before starting Java again
#

---------------  S U M M A R Y ------------

Command Line: -Xmx64g --add-modules=ALL-DEFAULT jdk.compiler/com.sun.tools.javac.launcher.Main /mnt/beegfs/rcabanas/dev/credici/papers/journalEM/code/GenerateModel.java -n 9 -d 1000 -di 0.5 -mr 0.98 -r 1.0 --seed 30 --output /mnt/beegfs/rcabanas/dev/credici/papers/journalEM/models/synthetic/s1/ --debug

Host: AMD EPYC 7542 32-Core Processor, 64 cores, 251G, Ubuntu 20.04.4 LTS
Time: Mon Oct  3 20:42:54 2022 CEST elapsed time: 2672.720148 seconds (0d 0h 44m 32s)

---------------  T H R E A D  ---------------

Current thread (0x00007f26a0097800):  VMThread "VM Thread" [stack: 0x00007f26a6344000,0x00007f26a6444000] [id=34926]

Stack: [0x00007f26a6344000,0x00007f26a6444000],  sp=0x00007f26a6442160,  free space=1016k
Native frames: (J=compiled Java code, A=aot compiled Java code, j=interpreted, Vv=VM code, C=native code)
V  [libjvm.so+0xf8f092]
V  [libjvm.so+0xf8fc91]
V  [libjvm.so+0x66ee5a]
V  [libjvm.so+0xc44a41]
V  [libjvm.so+0xc3b263]
V  [libjvm.so+0xf87f4b]
V  [libjvm.so+0x557506]
V  [libjvm.so+0x55774d]
V  [libjvm.so+0xf18b0c]
V  [libjvm.so+0x557e65]
V  [libjvm.so+0x7e2edb]
V  [libjvm.so+0x7e39bd]
V  [libjvm.so+0x7d8b48]
V  [libjvm.so+0xf90940]
V  [libjvm.so+0xf96657]
V  [libjvm.so+0xf96d2b]
V  [libjvm.so+0xf9706a]
V  [libjvm.so+0xf2208f]
V  [libjvm.so+0xc493ff]

VM_Operation (0x00007f26a70b3a30): GenCollectForAllocation, mode: safepoint, requested by thread 0x00007f26a0018000


---------------  P R O C E S S  ---------------

Threads class SMR info:
_java_thread_list=0x00007f1650001330, length=9, elements={
0x00007f26a0018000, 0x00007f26a00a3800, 0x00007f26a00a7000, 0x00007f26a00cb800,
0x00007f26a00cd000, 0x00007f26a00cf000, 0x00007f26a00d1000, 0x00007f26a00d3000,
0x00007f26a0135000
}

Java Threads: ( => current thread )
  0x00007f26a0018000 JavaThread "main" [_thread_blocked, id=34925, stack(0x00007f26a6fb6000,0x00007f26a70b7000)]
  0x00007f26a00a3800 JavaThread "Reference Handler" daemon [_thread_blocked, id=34927, stack(0x00007f26a6241000,0x00007f26a6342000)]
  0x00007f26a00a7000 JavaThread "Finalizer" daemon [_thread_blocked, id=34928, stack(0x00007f26a6140000,0x00007f26a6241000)]
  0x00007f26a00cb800 JavaThread "Signal Dispatcher" daemon [_thread_blocked, id=34929, stack(0x00007f26a6006000,0x00007f26a6107000)]
  0x00007f26a00cd000 JavaThread "Service Thread" daemon [_thread_blocked, id=34930, stack(0x00007f26a5f05000,0x00007f26a6006000)]
  0x00007f26a00cf000 JavaThread "C2 CompilerThread0" daemon [_thread_blocked, id=34931, stack(0x00007f26a5e04000,0x00007f26a5f05000)]
  0x00007f26a00d1000 JavaThread "C1 CompilerThread0" daemon [_thread_blocked, id=34932, stack(0x00007f26a5d03000,0x00007f26a5e04000)]
  0x00007f26a00d3000 JavaThread "Sweeper thread" daemon [_thread_blocked, id=34933, stack(0x00007f26a5c02000,0x00007f26a5d03000)]
  0x00007f26a0135000 JavaThread "Common-Cleaner" daemon [_thread_blocked, id=34935, stack(0x00007f26a5b01000,0x00007f26a5c02000)]

Other Threads:
=>0x00007f26a0097800 VMThread "VM Thread" [stack: 0x00007f26a6344000,0x00007f26a6444000] [id=34926]
  0x00007f26a0181800 WatcherThread [stack: 0x00007f26a5a01000,0x00007f26a5b01000] [id=34936]

Threads with active compile tasks:

VM state:at safepoint (normal execution)

VM Mutex/Monitor currently owned by a thread:  ([mutex/lock_event])
[0x00007f26a0014100] Threads_lock - owner thread: 0x00007f26a0097800
[0x00007f26a0014d00] Heap_lock - owner thread: 0x00007f26a0018000

Heap:
 def new generation   total 13812288K, used 433113K [0x00007f1688600000, 0x00007f1a31140000, 0x00007f1bddb50000)
  eden space 12277632K,   3% used [0x00007f1688600000, 0x00007f16a2cf6490, 0x00007f1975be0000)
  from space 1534656K,   0% used [0x00007f1975be0000, 0x00007f1975be0000, 0x00007f19d3690000)
  to   space 1534656K,   0% used [0x00007f19d3690000, 0x00007f19d3690000, 0x00007f1a31140000)
 tenured generation   total 31006968K, used 31006967K [0x00007f1bddb50000, 0x00007f234238e000, 0x00007f2688600000)
   the space 31006968K,  99% used [0x00007f1bddb50000, 0x00007f234238dfd8, 0x00007f234238e000, 0x00007f234238e000)
 Metaspace       used 30530K, capacity 30984K, committed 31232K, reserved 32768K

Card table byte_map: [0x00007f16805ff000,0x00007f1688600000] _byte_map_base: 0x00007ed6f51bc000

Polling page: 0x00007f26a8a42000

Metaspace:

Usage:
   30.26 MB capacity,    29.82 MB ( 99%) used,   339.40 KB (  1%) free+waste,   113.81 KB ( <1%) overhead. 

Virtual space:
     32.00 MB reserved,      30.50 MB ( 95%) committed 

Chunk freelists:
84.00 KB

MaxMetaspaceSize: unlimited


CodeHeap 'non-profiled nmethods': size=120036Kb used=1956Kb max_used=2390Kb free=118079Kb
 bounds [0x00007f2690251000, 0x00007f26904c1000, 0x00007f269778a000]
CodeHeap 'profiled nmethods': size=120032Kb used=7114Kb max_used=9643Kb free=112918Kb
 bounds [0x00007f2688d19000, 0x00007f2689689000, 0x00007f2690251000]
CodeHeap 'non-nmethods': size=5692Kb used=1254Kb max_used=1327Kb free=4437Kb
 bounds [0x00007f268878a000, 0x00007f26889fa000, 0x00007f2688d19000]
 total_blobs=4167 nmethods=3629 adapters=453
 compilation: enabled
              stopped_count=0, restarted_count=0
 full_count=0

Compilation events (20 events):
Event: 120.827 Thread 0x00007f26a00cf000 4722       4       ch.javasoft.metabolic.efm.column.FractionalColumn::columnHome (4 bytes)
Event: 120.827 Thread 0x00007f26a00cf000 nmethod 4722 0x00007f2690262310 code [0x00007f2690262480, 0x00007f26902624d8]
Event: 120.827 Thread 0x00007f26a00d1000 4723       3       ch.javasoft.metabolic.efm.column.FractionalColumn::convert (163 bytes)
Event: 120.828 Thread 0x00007f26a00d1000 nmethod 4723 0x00007f2688de4c90 code [0x00007f2688de4f40, 0x00007f2688de6120]
Event: 120.828 Thread 0x00007f26a00d1000 4724       3       ch.javasoft.metabolic.efm.model.nullspace.NullspaceFractionalColumnInspectorModifier::convertBinary (22 bytes)
Event: 120.828 Thread 0x00007f26a00d1000 nmethod 4724 0x00007f2688f10e10 code [0x00007f2688f10fc0, 0x00007f2688f112e0]
Event: 120.828 Thread 0x00007f26a00d1000 4725       3       ch.javasoft.metabolic.efm.model.nullspace.NullspaceFractionalColumnInspectorModifier::convertBinary (151 bytes)
Event: 120.829 Thread 0x00007f26a00d1000 nmethod 4725 0x00007f268917e610 code [0x00007f268917e940, 0x00007f2689180030]
Event: 120.829 Thread 0x00007f26a00cf000 4726       4       ch.javasoft.metabolic.efm.model.AbstractColumnInspectorModifier::getConvertSizeBinary (15 bytes)
Event: 120.829 Thread 0x00007f26a00cf000 nmethod 4726 0x00007f26902cff90 code [0x00007f26902d0100, 0x00007f26902d01b8]
Event: 120.830 Thread 0x00007f26a00d1000 4727       3       ch.javasoft.metabolic.efm.util.ColumnUtil::partition (119 bytes)
Event: 120.830 Thread 0x00007f26a00d1000 nmethod 4727 0x00007f26891ba390 code [0x00007f26891ba5e0, 0x00007f26891bb140]
Event: 2579.945 Thread 0x00007f26a00d1000 4728       3       java.math.MutableBigInteger::binaryGCD (245 bytes)
Event: 2579.952 Thread 0x00007f26a00d1000 nmethod 4728 0x00007f2689609d10 code [0x00007f2689609fa0, 0x00007f268960aa50]
Event: 2579.952 Thread 0x00007f26a00d1000 4729       3       java.math.MutableBigInteger::getLowestSetBit (74 bytes)
Event: 2579.953 Thread 0x00007f26a00d1000 nmethod 4729 0x00007f2688daee10 code [0x00007f2688daefc0, 0x00007f2688daf2e0]
Event: 2579.954 Thread 0x00007f26a00cf000 4730       4       java.math.MutableBigInteger::getLowestSetBit (74 bytes)
Event: 2579.983 Thread 0x00007f26a00cf000 nmethod 4730 0x00007f2690324290 code [0x00007f2690324400, 0x00007f2690324558]
Event: 2579.983 Thread 0x00007f26a00cf000 4731       4       java.math.MutableBigInteger::binaryGCD (245 bytes)
Event: 2580.056 Thread 0x00007f26a00cf000 nmethod 4731 0x00007f26903efa90 code [0x00007f26903efca0, 0x00007f26903f17b8]

GC Heap History (20 events):
Event: 2571.670 GC heap after
{Heap after GC invocations=72 (full 9):
 def new generation   total 13812288K, used 912670K [0x00007f1688600000, 0x00007f1a31140000, 0x00007f1bddb50000)
  eden space 12277632K,   0% used [0x00007f1688600000, 0x00007f1688600000, 0x00007f1975be0000)
  from space 1534656K,  59% used [0x00007f19d3690000, 0x00007f1a0b1d78e0, 0x00007f1a31140000)
  to   space 1534656K,   0% used [0x00007f1975be0000, 0x00007f1975be0000, 0x00007f19d3690000)
 tenured generation   total 30693816K, used 22467640K [0x00007f1bddb50000, 0x00007f232f1be000, 0x00007f2688600000)
   the space 30693816K,  73% used [0x00007f1bddb50000, 0x00007f213905e398, 0x00007f213905e400, 0x00007f232f1be000)
 Metaspace       used 30530K, capacity 30984K, committed 31232K, reserved 32768K
}
Event: 2575.062 GC heap before
{Heap before GC invocations=72 (full 9):
 def new generation   total 13812288K, used 13190302K [0x00007f1688600000, 0x00007f1a31140000, 0x00007f1bddb50000)
  eden space 12277632K, 100% used [0x00007f1688600000, 0x00007f1975be0000, 0x00007f1975be0000)
  from space 1534656K,  59% used [0x00007f19d3690000, 0x00007f1a0b1d78e0, 0x00007f1a31140000)
  to   space 1534656K,   0% used [0x00007f1975be0000, 0x00007f1975be0000, 0x00007f19d3690000)
 tenured generation   total 30693816K, used 22467640K [0x00007f1bddb50000, 0x00007f232f1be000, 0x00007f2688600000)
   the space 30693816K,  73% used [0x00007f1bddb50000, 0x00007f213905e398, 0x00007f213905e400, 0x00007f232f1be000)
 Metaspace       used 30530K, capacity 30984K, committed 31232K, reserved 32768K
}
Event: 2577.747 GC heap after
{Heap after GC invocations=73 (full 9):
 def new generation   total 13812288K, used 914438K [0x00007f1688600000, 0x00007f1a31140000, 0x00007f1bddb50000)
  eden space 12277632K,   0% used [0x00007f1688600000, 0x00007f1688600000, 0x00007f1975be0000)
  from space 1534656K,  59% used [0x00007f1975be0000, 0x00007f19ad8e1920, 0x00007f19d3690000)
  to   space 1534656K,   0% used [0x00007f19d3690000, 0x00007f19d3690000, 0x00007f1a31140000)
 tenured generation   total 30693816K, used 23380310K [0x00007f1bddb50000, 0x00007f232f1be000, 0x00007f2688600000)
   the space 30693816K,  76% used [0x00007f1bddb50000, 0x00007f2170ba5908, 0x00007f2170ba5a00, 0x00007f232f1be000)
 Metaspace       used 30530K, capacity 30984K, committed 31232K, reserved 32768K
}
Event: 2581.225 GC heap before
{Heap before GC invocations=73 (full 9):
 def new generation   total 13812288K, used 13192070K [0x00007f1688600000, 0x00007f1a31140000, 0x00007f1bddb50000)
  eden space 12277632K, 100% used [0x00007f1688600000, 0x00007f1975be0000, 0x00007f1975be0000)
  from space 1534656K,  59% used [0x00007f1975be0000, 0x00007f19ad8e1920, 0x00007f19d3690000)
  to   space 1534656K,   0% used [0x00007f19d3690000, 0x00007f19d3690000, 0x00007f1a31140000)
 tenured generation   total 30693816K, used 23380310K [0x00007f1bddb50000, 0x00007f232f1be000, 0x00007f2688600000)
   the space 30693816K,  76% used [0x00007f1bddb50000, 0x00007f2170ba5908, 0x00007f2170ba5a00, 0x00007f232f1be000)
 Metaspace       used 30530K, capacity 30984K, committed 31232K, reserved 32768K
}
Event: 2584.064 GC heap after
{Heap after GC invocations=74 (full 9):
 def new generation   total 13812288K, used 952328K [0x00007f1688600000, 0x00007f1a31140000, 0x00007f1bddb50000)
  eden space 12277632K,   0% used [0x00007f1688600000, 0x00007f1688600000, 0x00007f1975be0000)
  from space 1534656K,  62% used [0x00007f19d3690000, 0x00007f1a0d892380, 0x00007f1a31140000)
  to   space 1534656K,   0% used [0x00007f1975be0000, 0x00007f1975be0000, 0x00007f19d3690000)
 tenured generation   total 30693816K, used 24294747K [0x00007f1bddb50000, 0x00007f232f1be000, 0x00007f2688600000)
   the space 30693816K,  79% used [0x00007f1bddb50000, 0x00007f21a88a6f08, 0x00007f21a88a7000, 0x00007f232f1be000)
 Metaspace       used 30530K, capacity 30984K, committed 31232K, reserved 32768K
}
Event: 2587.531 GC heap before
{Heap before GC invocations=74 (full 9):
 def new generation   total 13812288K, used 13229960K [0x00007f1688600000, 0x00007f1a31140000, 0x00007f1bddb50000)
  eden space 12277632K, 100% used [0x00007f1688600000, 0x00007f1975be0000, 0x00007f1975be0000)
  from space 1534656K,  62% used [0x00007f19d3690000, 0x00007f1a0d892380, 0x00007f1a31140000)
  to   space 1534656K,   0% used [0x00007f1975be0000, 0x00007f1975be0000, 0x00007f19d3690000)
 tenured generation   total 30693816K, used 24294747K [0x00007f1bddb50000, 0x00007f232f1be000, 0x00007f2688600000)
   the space 30693816K,  79% used [0x00007f1bddb50000, 0x00007f21a88a6f08, 0x00007f21a88a7000, 0x00007f232f1be000)
 Metaspace       used 30530K, capacity 30984K, committed 31232K, reserved 32768K
}
Event: 2590.664 GC heap after
{Heap after GC invocations=75 (full 9):
 def new generation   total 13812288K, used 1125869K [0x00007f1688600000, 0x00007f1a31140000, 0x00007f1bddb50000)
  eden space 12277632K,   0% used [0x00007f1688600000, 0x00007f1688600000, 0x00007f1975be0000)
  from space 1534656K,  73% used [0x00007f1975be0000, 0x00007f19ba75b4c0, 0x00007f19d3690000)
  to   space 1534656K,   0% used [0x00007f19d3690000, 0x00007f19d3690000, 0x00007f1a31140000)
 tenured generation   total 30693816K, used 25247076K [0x00007f1bddb50000, 0x00007f232f1be000, 0x00007f2688600000)
   the space 30693816K,  82% used [0x00007f1bddb50000, 0x00007f21e2aa90c8, 0x00007f21e2aa9200, 0x00007f232f1be000)
 Metaspace       used 30530K, capacity 30984K, committed 31232K, reserved 32768K
}
Event: 2593.748 GC heap before
{Heap before GC invocations=75 (full 9):
 def new generation   total 13812288K, used 13403501K [0x00007f1688600000, 0x00007f1a31140000, 0x00007f1bddb50000)
  eden space 12277632K, 100% used [0x00007f1688600000, 0x00007f1975be0000, 0x00007f1975be0000)
  from space 1534656K,  73% used [0x00007f1975be0000, 0x00007f19ba75b4c0, 0x00007f19d3690000)
  to   space 1534656K,   0% used [0x00007f19d3690000, 0x00007f19d3690000, 0x00007f1a31140000)
 tenured generation   total 30693816K, used 25247076K [0x00007f1bddb50000, 0x00007f232f1be000, 0x00007f2688600000)
   the space 30693816K,  82% used [0x00007f1bddb50000, 0x00007f21e2aa90c8, 0x00007f21e2aa9200, 0x00007f232f1be000)
 Metaspace       used 30530K, capacity 30984K, committed 31232K, reserved 32768K
}
Event: 2596.631 GC heap after
{Heap after GC invocations=76 (full 9):
 def new generation   total 13812288K, used 929864K [0x00007f1688600000, 0x00007f1a31140000, 0x00007f1bddb50000)
  eden space 12277632K,   0% used [0x00007f1688600000, 0x00007f1688600000, 0x00007f1975be0000)
  from space 1534656K,  60% used [0x00007f19d3690000, 0x00007f1a0c2a2250, 0x00007f1a31140000)
  to   space 1534656K,   0% used [0x00007f1975be0000, 0x00007f1975be0000, 0x00007f19d3690000)
 tenured generation   total 30693816K, used 26372944K [0x00007f1bddb50000, 0x00007f232f1be000, 0x00007f2688600000)
   the space 30693816K,  85% used [0x00007f1bddb50000, 0x00007f2227624158, 0x00007f2227624200, 0x00007f232f1be000)
 Metaspace       used 30530K, capacity 30984K, committed 31232K, reserved 32768K
}
Event: 2599.687 GC heap before
{Heap before GC invocations=76 (full 9):
 def new generation   total 13812288K, used 13207496K [0x00007f1688600000, 0x00007f1a31140000, 0x00007f1bddb50000)
  eden space 12277632K, 100% used [0x00007f1688600000, 0x00007f1975be0000, 0x00007f1975be0000)
  from space 1534656K,  60% used [0x00007f19d3690000, 0x00007f1a0c2a2250, 0x00007f1a31140000)
  to   space 1534656K,   0% used [0x00007f1975be0000, 0x00007f1975be0000, 0x00007f19d3690000)
 tenured generation   total 30693816K, used 26372944K [0x00007f1bddb50000, 0x00007f232f1be000, 0x00007f2688600000)
   the space 30693816K,  85% used [0x00007f1bddb50000, 0x00007f2227624158, 0x00007f2227624200, 0x00007f232f1be000)
 Metaspace       used 30530K, capacity 30984K, committed 31232K, reserved 32768K
}
Event: 2602.227 GC heap after
{Heap after GC invocations=77 (full 9):
 def new generation   total 13812288K, used 928230K [0x00007f1688600000, 0x00007f1a31140000, 0x00007f1bddb50000)
  eden space 12277632K,   0% used [0x00007f1688600000, 0x00007f1688600000, 0x00007f1975be0000)
  from space 1534656K,  60% used [0x00007f1975be0000, 0x00007f19ae6598e0, 0x00007f19d3690000)
  to   space 1534656K,   0% used [0x00007f19d3690000, 0x00007f19d3690000, 0x00007f1a31140000)
 tenured generation   total 30693816K, used 27302808K [0x00007f1bddb50000, 0x00007f232f1be000, 0x00007f2688600000)
   the space 30693816K,  88% used [0x00007f1bddb50000, 0x00007f2260236188, 0x00007f2260236200, 0x00007f232f1be000)
 Metaspace       used 30530K, capacity 30984K, committed 31232K, reserved 32768K
}
Event: 2605.340 GC heap before
{Heap before GC invocations=77 (full 9):
 def new generation   total 13812288K, used 13205862K [0x00007f1688600000, 0x00007f1a31140000, 0x00007f1bddb50000)
  eden space 12277632K, 100% used [0x00007f1688600000, 0x00007f1975be0000, 0x00007f1975be0000)
  from space 1534656K,  60% used [0x00007f1975be0000, 0x00007f19ae6598e0, 0x00007f19d3690000)
  to   space 1534656K,   0% used [0x00007f19d3690000, 0x00007f19d3690000, 0x00007f1a31140000)
 tenured generation   total 30693816K, used 27302808K [0x00007f1bddb50000, 0x00007f232f1be000, 0x00007f2688600000)
   the space 30693816K,  88% used [0x00007f1bddb50000, 0x00007f2260236188, 0x00007f2260236200, 0x00007f232f1be000)
 Metaspace       used 30530K, capacity 30984K, committed 31232K, reserved 32768K
}
Event: 2607.984 GC heap after
{Heap after GC invocations=78 (full 9):
 def new generation   total 13812288K, used 927687K [0x00007f1688600000, 0x00007f1a31140000, 0x00007f1bddb50000)
  eden space 12277632K,   0% used [0x00007f1688600000, 0x00007f1688600000, 0x00007f1975be0000)
  from space 1534656K,  60% used [0x00007f19d3690000, 0x00007f1a0c081e70, 0x00007f1a31140000)
  to   space 1534656K,   0% used [0x00007f1975be0000, 0x00007f1975be0000, 0x00007f19d3690000)
 tenured generation   total 30693816K, used 28231038K [0x00007f1bddb50000, 0x00007f232f1be000, 0x00007f2688600000)
   the space 30693816K,  91% used [0x00007f1bddb50000, 0x00007f2298caf868, 0x00007f2298cafa00, 0x00007f232f1be000)
 Metaspace       used 30530K, capacity 30984K, committed 31232K, reserved 32768K
}
Event: 2611.019 GC heap before
{Heap before GC invocations=78 (full 9):
 def new generation   total 13812288K, used 13205319K [0x00007f1688600000, 0x00007f1a31140000, 0x00007f1bddb50000)
  eden space 12277632K, 100% used [0x00007f1688600000, 0x00007f1975be0000, 0x00007f1975be0000)
  from space 1534656K,  60% used [0x00007f19d3690000, 0x00007f1a0c081e70, 0x00007f1a31140000)
  to   space 1534656K,   0% used [0x00007f1975be0000, 0x00007f1975be0000, 0x00007f19d3690000)
 tenured generation   total 30693816K, used 28231038K [0x00007f1bddb50000, 0x00007f232f1be000, 0x00007f2688600000)
   the space 30693816K,  91% used [0x00007f1bddb50000, 0x00007f2298caf868, 0x00007f2298cafa00, 0x00007f232f1be000)
 Metaspace       used 30530K, capacity 30984K, committed 31232K, reserved 32768K
}
Event: 2613.622 GC heap after
{Heap after GC invocations=79 (full 9):
 def new generation   total 13812288K, used 926924K [0x00007f1688600000, 0x00007f1a31140000, 0x00007f1bddb50000)
  eden space 12277632K,   0% used [0x00007f1688600000, 0x00007f1688600000, 0x00007f1975be0000)
  from space 1534656K,  60% used [0x00007f1975be0000, 0x00007f19ae513320, 0x00007f19d3690000)
  to   space 1534656K,   0% used [0x00007f19d3690000, 0x00007f19d3690000, 0x00007f1a31140000)
 tenured generation   total 30693816K, used 29158724K [0x00007f1bddb50000, 0x00007f232f1be000, 0x00007f2688600000)
   the space 30693816K,  94% used [0x00007f1bddb50000, 0x00007f22d16a12d8, 0x00007f22d16a1400, 0x00007f232f1be000)
 Metaspace       used 30530K, capacity 30984K, committed 31232K, reserved 32768K
}
Event: 2616.667 GC heap before
{Heap before GC invocations=79 (full 9):
 def new generation   total 13812288K, used 13204556K [0x00007f1688600000, 0x00007f1a31140000, 0x00007f1bddb50000)
  eden space 12277632K, 100% used [0x00007f1688600000, 0x00007f1975be0000, 0x00007f1975be0000)
  from space 1534656K,  60% used [0x00007f1975be0000, 0x00007f19ae513320, 0x00007f19d3690000)
  to   space 1534656K,   0% used [0x00007f19d3690000, 0x00007f19d3690000, 0x00007f1a31140000)
 tenured generation   total 30693816K, used 29158724K [0x00007f1bddb50000, 0x00007f232f1be000, 0x00007f2688600000)
   the space 30693816K,  94% used [0x00007f1bddb50000, 0x00007f22d16a12d8, 0x00007f22d16a1400, 0x00007f232f1be000)
 Metaspace       used 30530K, capacity 30984K, committed 31232K, reserved 32768K
}
Event: 2619.231 GC heap after
{Heap after GC invocations=80 (full 9):
 def new generation   total 13812288K, used 921286K [0x00007f1688600000, 0x00007f1a31140000, 0x00007f1bddb50000)
  eden space 12277632K,   0% used [0x00007f1688600000, 0x00007f1688600000, 0x00007f1975be0000)
  from space 1534656K,  60% used [0x00007f19d3690000, 0x00007f1a0ba41bf0, 0x00007f1a31140000)
  to   space 1534656K,   0% used [0x00007f1975be0000, 0x00007f1975be0000, 0x00007f19d3690000)
 tenured generation   total 30693816K, used 30085648K [0x00007f1bddb50000, 0x00007f232f1be000, 0x00007f2688600000)
   the space 30693816K,  98% used [0x00007f1bddb50000, 0x00007f2309fd42b8, 0x00007f2309fd4400, 0x00007f232f1be000)
 Metaspace       used 30530K, capacity 30984K, committed 31232K, reserved 32768K
}
Event: 2622.328 GC heap before
{Heap before GC invocations=80 (full 9):
 def new generation   total 13812288K, used 13198918K [0x00007f1688600000, 0x00007f1a31140000, 0x00007f1bddb50000)
  eden space 12277632K, 100% used [0x00007f1688600000, 0x00007f1975be0000, 0x00007f1975be0000)
  from space 1534656K,  60% used [0x00007f19d3690000, 0x00007f1a0ba41bf0, 0x00007f1a31140000)
  to   space 1534656K,   0% used [0x00007f1975be0000, 0x00007f1975be0000, 0x00007f19d3690000)
 tenured generation   total 30693816K, used 30085648K [0x00007f1bddb50000, 0x00007f232f1be000, 0x00007f2688600000)
   the space 30693816K,  98% used [0x00007f1bddb50000, 0x00007f2309fd42b8, 0x00007f2309fd4400, 0x00007f232f1be000)
 Metaspace       used 30530K, capacity 30984K, committed 31232K, reserved 32768K
}
Event: 2624.928 GC heap after
{Heap after GC invocations=81 (full 9):
 def new generation   total 13812288K, used 920029K [0x00007f1688600000, 0x00007f1a31140000, 0x00007f1bddb50000)
  eden space 12277632K,   0% used [0x00007f1688600000, 0x00007f1688600000, 0x00007f1975be0000)
  from space 1534656K,  59% used [0x00007f1975be0000, 0x00007f19ade575f0, 0x00007f19d3690000)
  to   space 1534656K,   0% used [0x00007f19d3690000, 0x00007f19d3690000, 0x00007f1a31140000)
 tenured generation   total 31006968K, used 31006934K [0x00007f1bddb50000, 0x00007f234238e000, 0x00007f2688600000)
   the space 31006968K,  99% used [0x00007f1bddb50000, 0x00007f2342385a98, 0x00007f2342385c00, 0x00007f234238e000)
 Metaspace       used 30530K, capacity 30984K, committed 31232K, reserved 32768K
}
Event: 2624.928 GC heap before
{Heap before GC invocations=81 (full 9):
 def new generation   total 13812288K, used 920029K [0x00007f1688600000, 0x00007f1a31140000, 0x00007f1bddb50000)
  eden space 12277632K,   0% used [0x00007f1688600000, 0x00007f1688600000, 0x00007f1975be0000)
  from space 1534656K,  59% used [0x00007f1975be0000, 0x00007f19ade575f0, 0x00007f19d3690000)
  to   space 1534656K,   0% used [0x00007f19d3690000, 0x00007f19d3690000, 0x00007f1a31140000)
 tenured generation   total 31006968K, used 31006934K [0x00007f1bddb50000, 0x00007f234238e000, 0x00007f2688600000)
   the space 31006968K,  99% used [0x00007f1bddb50000, 0x00007f2342385a98, 0x00007f2342385c00, 0x00007f234238e000)
 Metaspace       used 30530K, capacity 30984K, committed 31232K, reserved 32768K
}

Deoptimization events (20 events):
Event: 120.826 Thread 0x00007f26a0018000 Uncommon trap: trap_request=0xffffff45 fr.pc=0x00007f2690350320 relative=0x0000000000000b80
Event: 120.826 Thread 0x00007f26a0018000 Uncommon trap: reason=unstable_if action=reinterpret pc=0x00007f2690350320 method=ch.javasoft.metabolic.efm.model.nullspace.NullspaceFractionalColumnInspectorModifier.convertBinary(Lch/javasoft/metabolic/efm/column/ColumnHome;Lch/javasoft/metabolic/efm/mo
Event: 120.826 Thread 0x00007f26a0018000 DEOPT PACKING pc=0x00007f2690350320 sp=0x00007f26a70b3c60
Event: 120.826 Thread 0x00007f26a0018000 DEOPT UNPACKING pc=0x00007f26887d2e25 sp=0x00007f26a70b3b00 mode 2
Event: 120.826 Thread 0x00007f26a0018000 Uncommon trap: trap_request=0xffffff45 fr.pc=0x00007f26902906e8 relative=0x0000000000000328
Event: 120.826 Thread 0x00007f26a0018000 Uncommon trap: reason=unstable_if action=reinterpret pc=0x00007f26902906e8 method=ch.javasoft.metabolic.efm.model.nullspace.NullspaceFractionalColumnInspectorModifier.convertBinary(Lch/javasoft/metabolic/efm/column/ColumnHome;Lch/javasoft/metabolic/efm/mo
Event: 120.826 Thread 0x00007f26a0018000 DEOPT PACKING pc=0x00007f26902906e8 sp=0x00007f26a70b3bd0
Event: 120.826 Thread 0x00007f26a0018000 DEOPT UNPACKING pc=0x00007f26887d2e25 sp=0x00007f26a70b3af0 mode 2
Event: 120.826 Thread 0x00007f26a0018000 Uncommon trap: trap_request=0xffffff45 fr.pc=0x00007f269027811c relative=0x00000000000002fc
Event: 120.826 Thread 0x00007f26a0018000 Uncommon trap: reason=unstable_if action=reinterpret pc=0x00007f269027811c method=ch.javasoft.metabolic.efm.model.nullspace.NullspaceFractionalColumnInspectorModifier.convertBinary(Lch/javasoft/metabolic/efm/column/ColumnHome;Lch/javasoft/metabolic/efm/mo
Event: 120.826 Thread 0x00007f26a0018000 DEOPT PACKING pc=0x00007f269027811c sp=0x00007f26a70b3b30
Event: 120.826 Thread 0x00007f26a0018000 DEOPT UNPACKING pc=0x00007f26887d2e25 sp=0x00007f26a70b3ae8 mode 2
Event: 2579.941 Thread 0x00007f26a0018000 Uncommon trap: trap_request=0xffffff45 fr.pc=0x00007f26902a67d0 relative=0x0000000000000a10
Event: 2579.941 Thread 0x00007f26a0018000 Uncommon trap: reason=unstable_if action=reinterpret pc=0x00007f26902a67d0 method=java.math.MutableBigInteger.getLowestSetBit()I @ 31 c2
Event: 2579.942 Thread 0x00007f26a0018000 DEOPT PACKING pc=0x00007f26902a67d0 sp=0x00007f26a70b3b70
Event: 2579.944 Thread 0x00007f26a0018000 DEOPT UNPACKING pc=0x00007f26887d2e25 sp=0x00007f26a70b3aa8 mode 2
Event: 2579.950 Thread 0x00007f26a0018000 Uncommon trap: trap_request=0xffffff45 fr.pc=0x00007f26903f3590 relative=0x0000000000000090
Event: 2579.950 Thread 0x00007f26a0018000 Uncommon trap: reason=unstable_if action=reinterpret pc=0x00007f26903f3590 method=java.math.MutableBigInteger.getLowestSetBit()I @ 31 c2
Event: 2579.950 Thread 0x00007f26a0018000 DEOPT PACKING pc=0x00007f26903f3590 sp=0x00007f26a70b3ae0
Event: 2579.950 Thread 0x00007f26a0018000 DEOPT UNPACKING pc=0x00007f26887d2e25 sp=0x00007f26a70b3a90 mode 2

Classes unloaded (0 events):
No events

Classes redefined (0 events):
No events

Internal exceptions (20 events):
Event: 2.783 Thread 0x00007f26a00a7000 Implicit null exception at 0x00007f26902a4e4c to 0x00007f26902a4f00
Event: 2.972 Thread 0x00007f26a0018000 Exception <a 'java/lang/NoSuchMethodError'{0x00007f168a9feb68}: 'java.lang.Object java.lang.invoke.DirectMethodHandle$Holder.invokeInterface(java.lang.Object, java.lang.Object, java.lang.Object)'> (0x00007f168a9feb68) 
thrown [src/hotspot/share/interpreter/linkResolver.cpp, line 766]
Event: 2.973 Thread 0x00007f26a0018000 Exception <a 'java/lang/NoSuchMethodError'{0x00007f168aa0d218}: 'void java.lang.invoke.DirectMethodHandle$Holder.invokeStatic(java.lang.Object, java.lang.Object, java.lang.Object, java.lang.Object)'> (0x00007f168aa0d218) 
thrown [src/hotspot/share/interpreter/linkResolver.cpp, line 766]
Event: 3.067 Thread 0x00007f26a0018000 Exception <a 'java/lang/NoSuchMethodError'{0x00007f168aec3c00}: 'int java.lang.invoke.DirectMethodHandle$Holder.invokeStatic(java.lang.Object, int, java.lang.Object, int)'> (0x00007f168aec3c00) 
thrown [src/hotspot/share/interpreter/linkResolver.cpp, line 766]
Event: 3.067 Thread 0x00007f26a0018000 Exception <a 'java/lang/NoSuchMethodError'{0x00007f168aecac40}: 'java.lang.Object java.lang.invoke.DirectMethodHandle$Holder.invokeStatic(java.lang.Object, int, java.lang.Object)'> (0x00007f168aecac40) 
thrown [src/hotspot/share/interpreter/linkResolver.cpp, line 766]
Event: 3.119 Thread 0x00007f26a0018000 Exception <a 'java/lang/NoSuchMethodError'{0x00007f168b018690}: 'void java.lang.invoke.DirectMethodHandle$Holder.invokeStatic(java.lang.Object, java.lang.Object, int)'> (0x00007f168b018690) 
thrown [src/hotspot/share/interpreter/linkResolver.cpp, line 766]
Event: 3.137 Thread 0x00007f26a0018000 Exception <a 'java/lang/NoSuchMethodError'{0x00007f168b0a38e8}: 'void java.lang.invoke.DirectMethodHandle$Holder.invokeInterface(java.lang.Object, java.lang.Object, int)'> (0x00007f168b0a38e8) 
thrown [src/hotspot/share/interpreter/linkResolver.cpp, line 766]
Event: 3.137 Thread 0x00007f26a0018000 Exception <a 'java/lang/IncompatibleClassChangeError'{0x00007f168b0a73b0}: Found class java.lang.Object, but interface was expected> (0x00007f168b0a73b0) 
thrown [src/hotspot/share/interpreter/linkResolver.cpp, line 833]
Event: 4.584 Thread 0x00007f26a0018000 Exception <a 'java/lang/IncompatibleClassChangeError'{0x00007f169726eb98}: Found class java.lang.Object, but interface was expected> (0x00007f169726eb98) 
thrown [src/hotspot/share/interpreter/linkResolver.cpp, line 833]
Event: 12.179 Thread 0x00007f26a0018000 Exception <a 'java/lang/ClassNotFoundException'{0x00007f16abe6c590}: com/sun/org/apache/xerces/internal/impl/msg/spi/SAXMessagesProvider> (0x00007f16abe6c590) 
thrown [src/hotspot/share/classfile/systemDictionary.cpp, line 232]
Event: 12.649 Thread 0x00007f26a0018000 Exception <a 'java/lang/NoSuchMethodError'{0x00007f16acf80560}: 'java.lang.Object java.lang.invoke.DirectMethodHandle$Holder.invokeStaticInit(java.lang.Object, java.lang.Object, java.lang.Object)'> (0x00007f16acf80560) 
thrown [src/hotspot/share/interpreter/linkResolver.cpp, line 766]
Event: 12.650 Thread 0x00007f26a0018000 Exception <a 'java/lang/NoSuchMethodError'{0x00007f16acf8b888}: 'void java.lang.invoke.DirectMethodHandle$Holder.invokeStatic(java.lang.Object, java.lang.Object, java.lang.Object, java.lang.Object, java.lang.Object, java.lang.Object)'> (0x00007f16acf8b888) 
thrown [src/hotspot/share/interpreter/linkResolver.cpp, line 766]
Event: 12.658 Thread 0x00007f26a0018000 Exception <a 'java/lang/NoSuchMethodError'{0x00007f16acfc35e0}: 'void java.lang.invoke.DirectMethodHandle$Holder.invokeStaticInit(java.lang.Object, java.lang.Object, java.lang.Object)'> (0x00007f16acfc35e0) 
thrown [src/hotspot/share/interpreter/linkResolver.cpp, line 766]
Event: 12.670 Thread 0x00007f26a0018000 Exception <a 'java/net/UnknownHostException'{0x00007f16acfe48d8}> (0x00007f16acfe48d8) 
thrown [src/hotspot/share/prims/jni.cpp, line 598]
Event: 12.919 Thread 0x00007f26a0018000 Exception <a 'java/net/UnknownHostException'{0x00007f16afc41220}> (0x00007f16afc41220) 
thrown [src/hotspot/share/prims/jni.cpp, line 598]
Event: 13.028 Thread 0x00007f26a0018000 Exception <a 'java/net/UnknownHostException'{0x00007f16b07bdaa0}> (0x00007f16b07bdaa0) 
thrown [src/hotspot/share/prims/jni.cpp, line 598]
Event: 13.275 Thread 0x00007f26a0018000 Exception <a 'java/net/UnknownHostException'{0x00007f16b1472de0}> (0x00007f16b1472de0) 
thrown [src/hotspot/share/prims/jni.cpp, line 598]
Event: 13.910 Thread 0x00007f26a0018000 Exception <a 'java/net/UnknownHostException'{0x00007f16b7252ff0}> (0x00007f16b7252ff0) 
thrown [src/hotspot/share/prims/jni.cpp, line 598]
Event: 20.702 Thread 0x00007f26a0018000 Implicit null exception at 0x00007f269046124c to 0x00007f26904612d0
Event: 20.713 Thread 0x00007f26a0018000 Implicit null exception at 0x00007f26904682b9 to 0x00007f2690468345

Events (20 events):
Event: 2580.008 Thread 0x00007f26a00d3000 flushing nmethod 0x00007f2689651a90
Event: 2580.008 Thread 0x00007f26a00d3000 flushing nmethod 0x00007f2689652f10
Event: 2580.008 Thread 0x00007f26a00d3000 flushing nmethod 0x00007f2689655a90
Event: 2580.008 Thread 0x00007f26a00d3000 flushing nmethod 0x00007f268966bf10
Event: 2580.008 Thread 0x00007f26a00d3000 flushing nmethod 0x00007f268966c410
Event: 2581.225 Executing VM operation: GenCollectForAllocation
Event: 2584.064 Executing VM operation: GenCollectForAllocation done
Event: 2587.531 Executing VM operation: GenCollectForAllocation
Event: 2590.664 Executing VM operation: GenCollectForAllocation done
Event: 2593.748 Executing VM operation: GenCollectForAllocation
Event: 2596.631 Executing VM operation: GenCollectForAllocation done
Event: 2599.687 Executing VM operation: GenCollectForAllocation
Event: 2602.227 Executing VM operation: GenCollectForAllocation done
Event: 2605.340 Executing VM operation: GenCollectForAllocation
Event: 2607.984 Executing VM operation: GenCollectForAllocation done
Event: 2611.019 Executing VM operation: GenCollectForAllocation
Event: 2613.622 Executing VM operation: GenCollectForAllocation done
Event: 2616.667 Executing VM operation: GenCollectForAllocation
Event: 2619.231 Executing VM operation: GenCollectForAllocation done
Event: 2622.328 Executing VM operation: GenCollectForAllocation


Dynamic libraries:
563ad56c2000-563ad56c3000 r--p 00000000 07:05 4860                       /usr/lib/jvm/java-13-openjdk-amd64/bin/java
563ad56c3000-563ad56c4000 r-xp 00001000 07:05 4860                       /usr/lib/jvm/java-13-openjdk-amd64/bin/java
563ad56c4000-563ad56c5000 r--p 00002000 07:05 4860                       /usr/lib/jvm/java-13-openjdk-amd64/bin/java
563ad56c5000-563ad56c6000 r--p 00002000 07:05 4860                       /usr/lib/jvm/java-13-openjdk-amd64/bin/java
563ad56c6000-563ad56c7000 rw-p 00003000 07:05 4860                       /usr/lib/jvm/java-13-openjdk-amd64/bin/java
563ad6ff3000-563ad7014000 rw-p 00000000 00:00 0                          [heap]
7f15fc000000-7f15fe26c000 rw-p 00000000 00:00 0 
7f15fe26c000-7f1600000000 ---p 00000000 00:00 0 
7f1604000000-7f160c000000 rw-p 00000000 00:00 0 
7f160c000000-7f1614000000 rw-p 00000000 00:00 0 
7f1614000000-7f161c000000 rw-p 00000000 00:00 0 
7f161c000000-7f1624000000 rw-p 00000000 00:00 0 
7f1624000000-7f162c000000 rw-p 00000000 00:00 0 
7f162c000000-7f1634000000 rw-p 00000000 00:00 0 
7f1634000000-7f163c000000 rw-p 00000000 00:00 0 
7f163c000000-7f1644000000 rw-p 00000000 00:00 0 
7f1644000000-7f1648000000 rw-p 00000000 00:00 0 
7f164c000000-7f164c021000 rw-p 00000000 00:00 0 
7f164c021000-7f1650000000 ---p 00000000 00:00 0 
7f1650000000-7f1650021000 rw-p 00000000 00:00 0 
7f1650021000-7f1654000000 ---p 00000000 00:00 0 
7f1654000000-7f1654049000 rw-p 00000000 00:00 0 
7f1654049000-7f1658000000 ---p 00000000 00:00 0 
7f1658000000-7f1658021000 rw-p 00000000 00:00 0 
7f1658021000-7f165c000000 ---p 00000000 00:00 0 
7f165c000000-7f165ea2c000 rw-p 00000000 00:00 0 
7f165ea2c000-7f1660000000 ---p 00000000 00:00 0 
7f1660000000-7f1660e37000 rw-p 00000000 00:00 0 
7f1660e37000-7f1664000000 ---p 00000000 00:00 0 
7f1664000000-7f1664021000 rw-p 00000000 00:00 0 
7f1664021000-7f1668000000 ---p 00000000 00:00 0 
7f1668000000-7f1668021000 rw-p 00000000 00:00 0 
7f1668021000-7f166c000000 ---p 00000000 00:00 0 
7f166c000000-7f166c021000 rw-p 00000000 00:00 0 
7f166c021000-7f1670000000 ---p 00000000 00:00 0 
7f1670000000-7f1670021000 rw-p 00000000 00:00 0 
7f1670021000-7f1674000000 ---p 00000000 00:00 0 
7f1674000000-7f1678000000 rw-p 00000000 00:00 0 
7f167aea9000-7f167af29000 rw-p 00000000 00:00 0 
7f167af29000-7f167b0a9000 ---p 00000000 00:00 0 
7f167b0a9000-7f167ebce000 rw-p 00000000 00:00 0 
7f167ebce000-7f16805ff000 ---p 00000000 00:00 0 
7f16805ff000-7f1682345000 rw-p 00000000 00:00 0 
7f1682345000-7f16830a9000 ---p 00000000 00:00 0 
7f16830a9000-7f1686bce000 rw-p 00000000 00:00 0 
7f1686bce000-7f16885ff000 ---p 00000000 00:00 0 
7f16885ff000-7f1a31140000 rw-p 00000000 00:00 0 
7f1a31140000-7f1bddb50000 ---p 00000000 00:00 0 
7f1bddb50000-7f234238e000 rw-p 00000000 00:00 0 
7f268878a000-7f26889fa000 rwxp 00000000 00:00 0 
7f26889fa000-7f2688d19000 ---p 00000000 00:00 0 
7f2688d19000-7f2689689000 rwxp 00000000 00:00 0 
7f2689689000-7f2690251000 ---p 00000000 00:00 0 
7f2690251000-7f26904c1000 rwxp 00000000 00:00 0 
7f26904c1000-7f269778a000 ---p 00000000 00:00 0 
7f269778a000-7f26a0000000 r--s 00000000 07:05 5215                       /usr/lib/jvm/java-13-openjdk-amd64/lib/modules
7f26a0000000-7f26a0840000 rw-p 00000000 00:00 0 
7f26a0840000-7f26a4000000 ---p 00000000 00:00 0 
7f26a40cb000-7f26a40cf000 ---p 00000000 00:00 0 
7f26a40cf000-7f26a41cc000 rw-p 00000000 00:00 0 
7f26a41cc000-7f26a41d0000 r--p 00000000 07:05 9178                       /usr/lib/x86_64-linux-gnu/libresolv-2.31.so
7f26a41d0000-7f26a41e0000 r-xp 00004000 07:05 9178                       /usr/lib/x86_64-linux-gnu/libresolv-2.31.so
7f26a41e0000-7f26a41e4000 r--p 00014000 07:05 9178                       /usr/lib/x86_64-linux-gnu/libresolv-2.31.so
7f26a41e4000-7f26a41e5000 r--p 00017000 07:05 9178                       /usr/lib/x86_64-linux-gnu/libresolv-2.31.so
7f26a41e5000-7f26a41e6000 rw-p 00018000 07:05 9178                       /usr/lib/x86_64-linux-gnu/libresolv-2.31.so
7f26a41e6000-7f26a41e8000 rw-p 00000000 00:00 0 
7f26a41e8000-7f26a41e9000 r--p 00000000 07:05 9105                       /usr/lib/x86_64-linux-gnu/libnss_dns-2.31.so
7f26a41e9000-7f26a41ed000 r-xp 00001000 07:05 9105                       /usr/lib/x86_64-linux-gnu/libnss_dns-2.31.so
7f26a41ed000-7f26a41ee000 r--p 00005000 07:05 9105                       /usr/lib/x86_64-linux-gnu/libnss_dns-2.31.so
7f26a41ee000-7f26a41ef000 r--p 00005000 07:05 9105                       /usr/lib/x86_64-linux-gnu/libnss_dns-2.31.so
7f26a41ef000-7f26a41f0000 rw-p 00006000 07:05 9105                       /usr/lib/x86_64-linux-gnu/libnss_dns-2.31.so
7f26a41f0000-7f26a43f0000 rw-p 00000000 00:00 0 
7f26a43f0000-7f26a43f2000 r--p 00000000 07:05 5202                       /usr/lib/jvm/java-13-openjdk-amd64/lib/libmanagement_ext.so
7f26a43f2000-7f26a43f5000 r-xp 00002000 07:05 5202                       /usr/lib/jvm/java-13-openjdk-amd64/lib/libmanagement_ext.so
7f26a43f5000-7f26a43f6000 r--p 00005000 07:05 5202                       /usr/lib/jvm/java-13-openjdk-amd64/lib/libmanagement_ext.so
7f26a43f6000-7f26a43f7000 ---p 00006000 07:05 5202                       /usr/lib/jvm/java-13-openjdk-amd64/lib/libmanagement_ext.so
7f26a43f7000-7f26a43f8000 r--p 00006000 07:05 5202                       /usr/lib/jvm/java-13-openjdk-amd64/lib/libmanagement_ext.so
7f26a43f8000-7f26a43f9000 rw-p 00007000 07:05 5202                       /usr/lib/jvm/java-13-openjdk-amd64/lib/libmanagement_ext.so
7f26a43f9000-7f26a43fc000 r--p 00000000 07:05 5200                       /usr/lib/jvm/java-13-openjdk-amd64/lib/libmanagement.so
7f26a43fc000-7f26a43fd000 r-xp 00003000 07:05 5200                       /usr/lib/jvm/java-13-openjdk-amd64/lib/libmanagement.so
7f26a43fd000-7f26a43fe000 r--p 00004000 07:05 5200                       /usr/lib/jvm/java-13-openjdk-amd64/lib/libmanagement.so
7f26a43fe000-7f26a43ff000 r--p 00004000 07:05 5200                       /usr/lib/jvm/java-13-openjdk-amd64/lib/libmanagement.so
7f26a43ff000-7f26a4400000 rw-p 00005000 07:05 5200                       /usr/lib/jvm/java-13-openjdk-amd64/lib/libmanagement.so
7f26a4400000-7f26a4600000 rw-p 00000000 00:00 0 
7f26a4600000-7f26a4800000 rw-p 00000000 00:00 0 
7f26a4800000-7f26a4a00000 rw-p 00000000 00:00 0 
7f26a4a00000-7f26a4c00000 rw-p 00000000 00:00 0 
7f26a4c00000-7f26a4e00000 rw-p 00000000 00:00 0 
7f26a4e00000-7f26a5000000 rw-p 00000000 00:00 0 
7f26a5000000-7f26a53a0000 rw-p 00000000 00:00 0 
7f26a53a0000-7f26a55a0000 rw-p 00000000 00:00 0 
7f26a55a0000-7f26a57a0000 rw-p 00000000 00:00 0 
7f26a57a0000-7f26a59a0000 rw-p 00000000 00:00 0 
7f26a59a0000-7f26a59d1000 rw-p 00000000 00:00 0 
7f26a59d1000-7f26a59d5000 r--p 00000000 07:05 5204                       /usr/lib/jvm/java-13-openjdk-amd64/lib/libnet.so
7f26a59d5000-7f26a59e3000 r-xp 00004000 07:05 5204                       /usr/lib/jvm/java-13-openjdk-amd64/lib/libnet.so
7f26a59e3000-7f26a59e7000 r--p 00012000 07:05 5204                       /usr/lib/jvm/java-13-openjdk-amd64/lib/libnet.so
7f26a59e7000-7f26a59e8000 r--p 00015000 07:05 5204                       /usr/lib/jvm/java-13-openjdk-amd64/lib/libnet.so
7f26a59e8000-7f26a59e9000 rw-p 00016000 07:05 5204                       /usr/lib/jvm/java-13-openjdk-amd64/lib/libnet.so
7f26a59e9000-7f26a59f0000 r--p 00000000 07:05 5205                       /usr/lib/jvm/java-13-openjdk-amd64/lib/libnio.so
7f26a59f0000-7f26a59f9000 r-xp 00007000 07:05 5205                       /usr/lib/jvm/java-13-openjdk-amd64/lib/libnio.so
7f26a59f9000-7f26a59fd000 r--p 00010000 07:05 5205                       /usr/lib/jvm/java-13-openjdk-amd64/lib/libnio.so
7f26a59fd000-7f26a59fe000 r--p 00013000 07:05 5205                       /usr/lib/jvm/java-13-openjdk-amd64/lib/libnio.so
7f26a59fe000-7f26a59ff000 rw-p 00014000 07:05 5205                       /usr/lib/jvm/java-13-openjdk-amd64/lib/libnio.so
7f26a59ff000-7f26a5a00000 ---p 00000000 00:00 0 
7f26a5a00000-7f26a5b01000 rw-p 00000000 00:00 0 
7f26a5b01000-7f26a5b05000 ---p 00000000 00:00 0 
7f26a5b05000-7f26a5c02000 rw-p 00000000 00:00 0 
7f26a5c02000-7f26a5c06000 ---p 00000000 00:00 0 
7f26a5c06000-7f26a5d03000 rw-p 00000000 00:00 0 
7f26a5d03000-7f26a5d07000 ---p 00000000 00:00 0 
7f26a5d07000-7f26a5e04000 rw-p 00000000 00:00 0 
7f26a5e04000-7f26a5e08000 ---p 00000000 00:00 0 
7f26a5e08000-7f26a5f05000 rw-p 00000000 00:00 0 
7f26a5f05000-7f26a5f09000 ---p 00000000 00:00 0 
7f26a5f09000-7f26a6006000 rw-p 00000000 00:00 0 
7f26a6006000-7f26a600a000 ---p 00000000 00:00 0 
7f26a600a000-7f26a6107000 rw-p 00000000 00:00 0 
7f26a6107000-7f26a610e000 r--s 00000000 07:05 8532                       /usr/lib/x86_64-linux-gnu/gconv/gconv-modules.cache
7f26a610e000-7f26a6140000 r--p 00000000 07:05 5276                       /usr/lib/locale/C.UTF-8/LC_CTYPE
7f26a6140000-7f26a6144000 ---p 00000000 00:00 0 
7f26a6144000-7f26a6241000 rw-p 00000000 00:00 0 
7f26a6241000-7f26a6245000 ---p 00000000 00:00 0 
7f26a6245000-7f26a6342000 rw-p 00000000 00:00 0 
7f26a6342000-7f26a6343000 ---p 00000000 00:00 0 
7f26a6343000-7f26a6d61000 rw-p 00000000 00:00 0 
7f26a6d61000-7f26a6d66000 rw-p 00000000 00:00 0 
7f26a6d66000-7f26a6e4c000 ---p 00000000 00:00 0 
7f26a6e4c000-7f26a6e5f000 rw-p 00000000 00:00 0 
7f26a6e5f000-7f26a6f37000 ---p 00000000 00:00 0 
7f26a6f37000-7f26a6f3c000 rw-p 00000000 00:00 0 
7f26a6f3c000-7f26a6f43000 ---p 00000000 00:00 0 
7f26a6f43000-7f26a6f45000 r--p 00000000 07:05 5214                       /usr/lib/jvm/java-13-openjdk-amd64/lib/libzip.so
7f26a6f45000-7f26a6f49000 r-xp 00002000 07:05 5214                       /usr/lib/jvm/java-13-openjdk-amd64/lib/libzip.so
7f26a6f49000-7f26a6f4b000 r--p 00006000 07:05 5214                       /usr/lib/jvm/java-13-openjdk-amd64/lib/libzip.so
7f26a6f4b000-7f26a6f4c000 r--p 00007000 07:05 5214                       /usr/lib/jvm/java-13-openjdk-amd64/lib/libzip.so
7f26a6f4c000-7f26a6f4d000 rw-p 00008000 07:05 5214                       /usr/lib/jvm/java-13-openjdk-amd64/lib/libzip.so
7f26a6f4d000-7f26a6f55000 rw-s 00000000 08:03 67891479                   /tmp/hsperfdata_rcabanas/34923
7f26a6f55000-7f26a6f58000 r--p 00000000 07:05 9108                       /usr/lib/x86_64-linux-gnu/libnss_files-2.31.so
7f26a6f58000-7f26a6f5f000 r-xp 00003000 07:05 9108                       /usr/lib/x86_64-linux-gnu/libnss_files-2.31.so
7f26a6f5f000-7f26a6f61000 r--p 0000a000 07:05 9108                       /usr/lib/x86_64-linux-gnu/libnss_files-2.31.so
7f26a6f61000-7f26a6f62000 r--p 0000b000 07:05 9108                       /usr/lib/x86_64-linux-gnu/libnss_files-2.31.so
7f26a6f62000-7f26a6f63000 rw-p 0000c000 07:05 9108                       /usr/lib/x86_64-linux-gnu/libnss_files-2.31.so
7f26a6f63000-7f26a6f69000 rw-p 00000000 00:00 0 
7f26a6f6f000-7f26a6f71000 r--p 00000000 07:05 5195                       /usr/lib/jvm/java-13-openjdk-amd64/lib/libjimage.so
7f26a6f71000-7f26a6f74000 r-xp 00002000 07:05 5195                       /usr/lib/jvm/java-13-openjdk-amd64/lib/libjimage.so
7f26a6f74000-7f26a6f75000 r--p 00005000 07:05 5195                       /usr/lib/jvm/java-13-openjdk-amd64/lib/libjimage.so
7f26a6f75000-7f26a6f76000 ---p 00006000 07:05 5195                       /usr/lib/jvm/java-13-openjdk-amd64/lib/libjimage.so
7f26a6f76000-7f26a6f77000 r--p 00006000 07:05 5195                       /usr/lib/jvm/java-13-openjdk-amd64/lib/libjimage.so
7f26a6f77000-7f26a6f78000 rw-p 00007000 07:05 5195                       /usr/lib/jvm/java-13-openjdk-amd64/lib/libjimage.so
7f26a6f78000-7f26a6f85000 r--p 00000000 07:05 5191                       /usr/lib/jvm/java-13-openjdk-amd64/lib/libjava.so
7f26a6f85000-7f26a6f9a000 r-xp 0000d000 07:05 5191                       /usr/lib/jvm/java-13-openjdk-amd64/lib/libjava.so
7f26a6f9a000-7f26a6fa0000 r--p 00022000 07:05 5191                       /usr/lib/jvm/java-13-openjdk-amd64/lib/libjava.so
7f26a6fa0000-7f26a6fa1000 ---p 00028000 07:05 5191                       /usr/lib/jvm/java-13-openjdk-amd64/lib/libjava.so
7f26a6fa1000-7f26a6fa2000 r--p 00028000 07:05 5191                       /usr/lib/jvm/java-13-openjdk-amd64/lib/libjava.so
7f26a6fa2000-7f26a6fa4000 rw-p 00029000 07:05 5191                       /usr/lib/jvm/java-13-openjdk-amd64/lib/libjava.so
7f26a6fa4000-7f26a6fa9000 r--p 00000000 07:05 5213                       /usr/lib/jvm/java-13-openjdk-amd64/lib/libverify.so
7f26a6fa9000-7f26a6fb0000 r-xp 00005000 07:05 5213                       /usr/lib/jvm/java-13-openjdk-amd64/lib/libverify.so
7f26a6fb0000-7f26a6fb2000 r--p 0000c000 07:05 5213                       /usr/lib/jvm/java-13-openjdk-amd64/lib/libverify.so
7f26a6fb2000-7f26a6fb3000 ---p 0000e000 07:05 5213                       /usr/lib/jvm/java-13-openjdk-amd64/lib/libverify.so
7f26a6fb3000-7f26a6fb5000 r--p 0000e000 07:05 5213                       /usr/lib/jvm/java-13-openjdk-amd64/lib/libverify.so
7f26a6fb5000-7f26a6fb6000 rw-p 00010000 07:05 5213                       /usr/lib/jvm/java-13-openjdk-amd64/lib/libverify.so
7f26a6fb6000-7f26a6fba000 ---p 00000000 00:00 0 
7f26a6fba000-7f26a70b7000 rw-p 00000000 00:00 0 
7f26a70b7000-7f26a70ba000 r--p 00000000 07:05 8948                       /usr/lib/x86_64-linux-gnu/libgcc_s.so.1
7f26a70ba000-7f26a70cc000 r-xp 00003000 07:05 8948                       /usr/lib/x86_64-linux-gnu/libgcc_s.so.1
7f26a70cc000-7f26a70d0000 r--p 00015000 07:05 8948                       /usr/lib/x86_64-linux-gnu/libgcc_s.so.1
7f26a70d0000-7f26a70d1000 r--p 00018000 07:05 8948                       /usr/lib/x86_64-linux-gnu/libgcc_s.so.1
7f26a70d1000-7f26a70d2000 rw-p 00019000 07:05 8948                       /usr/lib/x86_64-linux-gnu/libgcc_s.so.1
7f26a70d2000-7f26a70df000 r--p 00000000 07:05 9062                       /usr/lib/x86_64-linux-gnu/libm-2.31.so
7f26a70df000-7f26a7186000 r-xp 0000d000 07:05 9062                       /usr/lib/x86_64-linux-gnu/libm-2.31.so
7f26a7186000-7f26a721f000 r--p 000b4000 07:05 9062                       /usr/lib/x86_64-linux-gnu/libm-2.31.so
7f26a721f000-7f26a7220000 r--p 0014c000 07:05 9062                       /usr/lib/x86_64-linux-gnu/libm-2.31.so
7f26a7220000-7f26a7221000 rw-p 0014d000 07:05 9062                       /usr/lib/x86_64-linux-gnu/libm-2.31.so
7f26a7221000-7f26a72b7000 r--p 00000000 07:05 9213                       /usr/lib/x86_64-linux-gnu/libstdc++.so.6.0.28
7f26a72b7000-7f26a73a8000 r-xp 00096000 07:05 9213                       /usr/lib/x86_64-linux-gnu/libstdc++.so.6.0.28
7f26a73a8000-7f26a73f1000 r--p 00187000 07:05 9213                       /usr/lib/x86_64-linux-gnu/libstdc++.so.6.0.28
7f26a73f1000-7f26a73f2000 ---p 001d0000 07:05 9213                       /usr/lib/x86_64-linux-gnu/libstdc++.so.6.0.28
7f26a73f2000-7f26a73fd000 r--p 001d0000 07:05 9213                       /usr/lib/x86_64-linux-gnu/libstdc++.so.6.0.28
7f26a73fd000-7f26a7400000 rw-p 001db000 07:05 9213                       /usr/lib/x86_64-linux-gnu/libstdc++.so.6.0.28
7f26a7400000-7f26a7403000 rw-p 00000000 00:00 0 
7f26a7403000-7f26a7689000 r--p 00000000 07:05 5226                       /usr/lib/jvm/java-13-openjdk-amd64/lib/server/libjvm.so
7f26a7689000-7f26a8406000 r-xp 00286000 07:05 5226                       /usr/lib/jvm/java-13-openjdk-amd64/lib/server/libjvm.so
7f26a8406000-7f26a8681000 r--p 01003000 07:05 5226                       /usr/lib/jvm/java-13-openjdk-amd64/lib/server/libjvm.so
7f26a8681000-7f26a8746000 r--p 0127d000 07:05 5226                       /usr/lib/jvm/java-13-openjdk-amd64/lib/server/libjvm.so
7f26a8746000-7f26a8781000 rw-p 01342000 07:05 5226                       /usr/lib/jvm/java-13-openjdk-amd64/lib/server/libjvm.so
7f26a8781000-7f26a8807000 rw-p 00000000 00:00 0 
7f26a8807000-7f26a880d000 r--p 00000000 07:05 9166                       /usr/lib/x86_64-linux-gnu/libpthread-2.31.so
7f26a880d000-7f26a881e000 r-xp 00006000 07:05 9166                       /usr/lib/x86_64-linux-gnu/libpthread-2.31.so
7f26a881e000-7f26a8824000 r--p 00017000 07:05 9166                       /usr/lib/x86_64-linux-gnu/libpthread-2.31.so
7f26a8824000-7f26a8825000 r--p 0001c000 07:05 9166                       /usr/lib/x86_64-linux-gnu/libpthread-2.31.so
7f26a8825000-7f26a8826000 rw-p 0001d000 07:05 9166                       /usr/lib/x86_64-linux-gnu/libpthread-2.31.so
7f26a8826000-7f26a882a000 rw-p 00000000 00:00 0 
7f26a882a000-7f26a882b000 r--p 00000000 07:05 8893                       /usr/lib/x86_64-linux-gnu/libdl-2.31.so
7f26a882b000-7f26a882d000 r-xp 00001000 07:05 8893                       /usr/lib/x86_64-linux-gnu/libdl-2.31.so
7f26a882d000-7f26a882e000 r--p 00003000 07:05 8893                       /usr/lib/x86_64-linux-gnu/libdl-2.31.so
7f26a882e000-7f26a882f000 r--p 00003000 07:05 8893                       /usr/lib/x86_64-linux-gnu/libdl-2.31.so
7f26a882f000-7f26a8830000 rw-p 00004000 07:05 8893                       /usr/lib/x86_64-linux-gnu/libdl-2.31.so
7f26a8830000-7f26a8832000 r--p 00000000 07:05 9290                       /usr/lib/x86_64-linux-gnu/libz.so.1.2.11
7f26a8832000-7f26a8843000 r-xp 00002000 07:05 9290                       /usr/lib/x86_64-linux-gnu/libz.so.1.2.11
7f26a8843000-7f26a8849000 r--p 00013000 07:05 9290                       /usr/lib/x86_64-linux-gnu/libz.so.1.2.11
7f26a8849000-7f26a884a000 ---p 00019000 07:05 9290                       /usr/lib/x86_64-linux-gnu/libz.so.1.2.11
7f26a884a000-7f26a884b000 r--p 00019000 07:05 9290                       /usr/lib/x86_64-linux-gnu/libz.so.1.2.11
7f26a884b000-7f26a884c000 rw-p 0001a000 07:05 9290                       /usr/lib/x86_64-linux-gnu/libz.so.1.2.11
7f26a884c000-7f26a886e000 r--p 00000000 07:05 8851                       /usr/lib/x86_64-linux-gnu/libc-2.31.so
7f26a886e000-7f26a89e6000 r-xp 00022000 07:05 8851                       /usr/lib/x86_64-linux-gnu/libc-2.31.so
7f26a89e6000-7f26a8a34000 r--p 0019a000 07:05 8851                       /usr/lib/x86_64-linux-gnu/libc-2.31.so
7f26a8a34000-7f26a8a38000 r--p 001e7000 07:05 8851                       /usr/lib/x86_64-linux-gnu/libc-2.31.so
7f26a8a38000-7f26a8a3a000 rw-p 001eb000 07:05 8851                       /usr/lib/x86_64-linux-gnu/libc-2.31.so
7f26a8a3a000-7f26a8a3e000 rw-p 00000000 00:00 0 
7f26a8a40000-7f26a8a42000 r--s 0000c000 07:05 20930                      /usr/share/java/java-atk-wrapper.jar
7f26a8a42000-7f26a8a43000 ---p 00000000 00:00 0 
7f26a8a43000-7f26a8a44000 r--p 00000000 00:00 0 
7f26a8a44000-7f26a8a47000 r--p 00000000 07:05 5196                       /usr/lib/jvm/java-13-openjdk-amd64/lib/libjli.so
7f26a8a47000-7f26a8a51000 r-xp 00003000 07:05 5196                       /usr/lib/jvm/java-13-openjdk-amd64/lib/libjli.so
7f26a8a51000-7f26a8a54000 r--p 0000d000 07:05 5196                       /usr/lib/jvm/java-13-openjdk-amd64/lib/libjli.so
7f26a8a54000-7f26a8a55000 r--p 0000f000 07:05 5196                       /usr/lib/jvm/java-13-openjdk-amd64/lib/libjli.so
7f26a8a55000-7f26a8a56000 rw-p 00010000 07:05 5196                       /usr/lib/jvm/java-13-openjdk-amd64/lib/libjli.so
7f26a8a56000-7f26a8a58000 rw-p 00000000 00:00 0 
7f26a8a58000-7f26a8a59000 r--p 00000000 07:05 8572                       /usr/lib/x86_64-linux-gnu/ld-2.31.so
7f26a8a59000-7f26a8a7c000 r-xp 00001000 07:05 8572                       /usr/lib/x86_64-linux-gnu/ld-2.31.so
7f26a8a7c000-7f26a8a84000 r--p 00024000 07:05 8572                       /usr/lib/x86_64-linux-gnu/ld-2.31.so
7f26a8a84000-7f26a8a85000 ---p 00000000 00:00 0 
7f26a8a85000-7f26a8a86000 r--p 0002c000 07:05 8572                       /usr/lib/x86_64-linux-gnu/ld-2.31.so
7f26a8a86000-7f26a8a87000 rw-p 0002d000 07:05 8572                       /usr/lib/x86_64-linux-gnu/ld-2.31.so
7f26a8a87000-7f26a8a88000 rw-p 00000000 00:00 0 
7ffd1aec5000-7ffd1aee6000 rw-p 00000000 00:00 0                          [stack]
7ffd1af06000-7ffd1af08000 r-xp 00000000 00:00 0                          [vdso]
ffffffffff600000-ffffffffff601000 r-xp 00000000 00:00 0                  [vsyscall]


VM Arguments:
jvm_args: -Xmx64g --add-modules=ALL-DEFAULT 
java_command: jdk.compiler/com.sun.tools.javac.launcher.Main /mnt/beegfs/rcabanas/dev/credici/papers/journalEM/code/GenerateModel.java -n 9 -d 1000 -di 0.5 -mr 0.98 -r 1.0 --seed 30 --output /mnt/beegfs/rcabanas/dev/credici/papers/journalEM/models/synthetic/s1/ --debug
java_class_path (initial): /mnt/beegfs/rcabanas/dev/credici/target/credici-0.1.3-jar-with-dependencies.jar
Launcher Type: SUN_STANDARD

[Global flags]
     intx CICompilerCount                          = 2                                         {product} {ergonomic}
   size_t InitialHeapSize                          = 2147483648                                {product} {ergonomic}
   size_t MaxHeapSize                              = 68719476736                               {product} {command line}
   size_t MaxNewSize                               = 22906470400                               {product} {ergonomic}
   size_t MinHeapDeltaBytes                        = 196608                                    {product} {ergonomic}
   size_t MinHeapSize                              = 8388608                                   {product} {ergonomic}
   size_t NewSize                                  = 715784192                                 {product} {ergonomic}
    uintx NonNMethodCodeHeapSize                   = 5826188                                {pd product} {ergonomic}
    uintx NonProfiledCodeHeapSize                  = 122916026                              {pd product} {ergonomic}
   size_t OldSize                                  = 1431699456                                {product} {ergonomic}
    uintx ProfiledCodeHeapSize                     = 122916026                              {pd product} {ergonomic}
    uintx ReservedCodeCacheSize                    = 251658240                              {pd product} {ergonomic}
     bool SegmentedCodeCache                       = true                                      {product} {ergonomic}
   size_t SoftMaxHeapSize                          = 68719476736                            {manageable} {ergonomic}
     bool UseSerialGC                              = true                                      {product} {ergonomic}

Logging:
Log output configuration:
 #0: stdout all=warning uptime,level,tags
 #1: stderr all=off uptime,level,tags

Environment Variables:
PATH=/usr/local/sbin:/usr/local/bin:/usr/sbin:/usr/bin:/sbin:/bin
LD_LIBRARY_PATH=/.singularity.d/libs

Signal Handlers:
SIGSEGV: [libjvm.so+0xf8fcf0], sa_mask[0]=11111111011111111101111111111110, sa_flags=SA_RESTART|SA_SIGINFO
SIGBUS: [libjvm.so+0xf8fcf0], sa_mask[0]=11111111011111111101111111111110, sa_flags=SA_RESTART|SA_SIGINFO
SIGFPE: [libjvm.so+0xf8fcf0], sa_mask[0]=11111111011111111101111111111110, sa_flags=SA_RESTART|SA_SIGINFO
SIGPIPE: [libjvm.so+0xc3ffa0], sa_mask[0]=11111111011111111101111111111110, sa_flags=SA_RESTART|SA_SIGINFO
SIGXFSZ: [libjvm.so+0xc3ffa0], sa_mask[0]=11111111011111111101111111111110, sa_flags=SA_RESTART|SA_SIGINFO
SIGILL: [libjvm.so+0xf8fcf0], sa_mask[0]=11111111011111111101111111111110, sa_flags=SA_RESTART|SA_SIGINFO
SIGUSR2: [libjvm.so+0xc3fe40], sa_mask[0]=00000000000000000000000000000000, sa_flags=SA_RESTART|SA_SIGINFO
SIGHUP: [libjvm.so+0xc40580], sa_mask[0]=11111111011111111101111111111110, sa_flags=SA_RESTART|SA_SIGINFO
SIGINT: [libjvm.so+0xc40580], sa_mask[0]=11111111011111111101111111111110, sa_flags=SA_RESTART|SA_SIGINFO
SIGTERM: [libjvm.so+0xc40580], sa_mask[0]=11111111011111111101111111111110, sa_flags=SA_RESTART|SA_SIGINFO
SIGQUIT: [libjvm.so+0xc40580], sa_mask[0]=11111111011111111101111111111110, sa_flags=SA_RESTART|SA_SIGINFO


---------------  S Y S T E M  ---------------

OS:DISTRIB_ID=Ubuntu
DISTRIB_RELEASE=20.04
DISTRIB_CODENAME=focal
DISTRIB_DESCRIPTION="Ubuntu 20.04.4 LTS"
uname:Linux 3.10.0-1160.15.2.el7.x86_64 #1 SMP Wed Feb 3 15:06:38 UTC 2021 x86_64
OS uptime: 465 days 2:20 hours
libc:glibc 2.31 NPTL 2.31 
rlimit (soft/hard): STACK 8192k/infinity , CORE 0k/infinity , NPROC 4096/1030217 , NOFILE 131072/131072 , AS infinity/infinity , CPU infinity/infinity , DATA infinity/infinity , FSIZE infinity/infinity , MEMLOCK infinity/infinity
load average:6.08 6.51 7.96

/proc/meminfo:
MemTotal:       263895364 kB
MemFree:         9753228 kB
MemAvailable:    9264572 kB
Buffers:           28752 kB
Cached:           609156 kB
SwapCached:         9544 kB
Active:         239299636 kB
Inactive:        5584300 kB
Active(anon):   239262056 kB
Inactive(anon):  5459100 kB
Active(file):      37580 kB
Inactive(file):   125200 kB
Unevictable:       15972 kB
Mlocked:           15972 kB
SwapTotal:       4194300 kB
SwapFree:         139836 kB
Dirty:                 0 kB
Writeback:             0 kB
AnonPages:      244254328 kB
Mapped:            62304 kB
Shmem:            470268 kB
Slab:             723620 kB
SReclaimable:     175612 kB
SUnreclaim:       548008 kB
KernelStack:       14960 kB
PageTables:       489628 kB
NFS_Unstable:          0 kB
Bounce:                0 kB
WritebackTmp:          0 kB
CommitLimit:    136141980 kB
Committed_AS:   288830864 kB
VmallocTotal:   34359738367 kB
VmallocUsed:      876812 kB
VmallocChunk:   34222396292 kB
Percpu:            28928 kB
HardwareCorrupted:     0 kB
AnonHugePages:  92839936 kB
CmaTotal:              0 kB
CmaFree:               0 kB
HugePages_Total:       0
HugePages_Free:        0
HugePages_Rsvd:        0
HugePages_Surp:        0
Hugepagesize:       2048 kB
DirectMap4k:      644712 kB
DirectMap2M:    18092032 kB
DirectMap1G:    249561088 kB

/sys/kernel/mm/transparent_hugepage/enabled:
[always] madvise never

/sys/kernel/mm/transparent_hugepage/defrag (defrag/compaction efforts parameter):
[always] madvise never


/proc/sys/kernel/threads-max (system-wide limit on the number of threads):
2060435


/proc/sys/vm/max_map_count (maximum number of memory map areas a process may have):
65530


/proc/sys/kernel/pid_max (system-wide limit on number of process identifiers):
65536



Steal ticks since vm start: 0
Steal ticks percentage since vm start:  0.000

CPU:total 64 (initial active 1) (32 cores per cpu, 1 threads per core) family 23 model 49 stepping 0, cmov, cx8, fxsr, mmx, sse, sse2, sse3, ssse3, sse4.1, sse4.2, popcnt, avx, avx2, aes, clmul, mmxext, 3dnowpref, lzcnt, sse4a, tsc, tscinvbit, tscinv, bmi1, bmi2, adx, sha, fma
CPU Model and flags from /proc/cpuinfo:
model name	: AMD EPYC 7542 32-Core Processor
flags		: fpu vme de pse tsc msr pae mce cx8 apic sep mtrr pge mca cmov pat pse36 clflush mmx fxsr sse sse2 ht syscall nx mmxext fxsr_opt pdpe1gb rdtscp lm constant_tsc art rep_good nopl nonstop_tsc extd_apicid aperfmperf eagerfpu pni pclmulqdq monitor ssse3 fma cx16 sse4_1 sse4_2 movbe popcnt aes xsave avx f16c rdrand lahf_lm cmp_legacy svm extapic cr8_legacy abm sse4a misalignsse 3dnowprefetch osvw ibs skinit wdt tce topoext perfctr_core perfctr_nb bpext perfctr_l2 cpb cat_l3 cdp_l3 hw_pstate sme retpoline_amd ssbd ibrs ibpb stibp vmmcall fsgsbase bmi1 avx2 smep bmi2 cqm rdt_a rdseed adx smap clflushopt clwb sha_ni xsaveopt xsavec xgetbv1 cqm_llc cqm_occup_llc cqm_mbm_total cqm_mbm_local clzero irperf xsaveerptr arat npt lbrv svm_lock nrip_save tsc_scale vmcb_clean flushbyasid decodeassists pausefilter pfthreshold avic v_vmsave_vmload vgif umip overflow_recov succor smca
Online cpus:0-63
Offline cpus:
BIOS frequency limitation:2900000
Frequency switch latency (ns):0
Available cpu frequencies:2900000 2400000 1500000 
Current governor:conservative
Core performance/turbo boost:1

Memory: 4k page, physical 263895364k(9753228k free), swap 4194300k(139836k free)

vm_info: OpenJDK 64-Bit Server VM (13.0.7+5-Ubuntu-0ubuntu120.04) for linux-amd64 JRE (13.0.7+5-Ubuntu-0ubuntu120.04), built on Apr 21 2021 05:36:19 by "unknown" with gcc 9.3.0

END.
