#
# There is insufficient memory for the Java Runtime Environment to continue.
# Native memory allocation (mmap) failed to map 2649456640 bytes for committing reserved memory.
# Possible reasons:
#   The system is out of physical RAM or swap space
# Possible solutions:
#   Reduce memory load on the system
#   Increase physical memory or swap space
#   Check if swap backing store is full
#   Decrease Java heap size (-Xmx/-Xms)
#   Decrease number of Java threads
#   Decrease Java thread stack sizes (-Xss)
#   Set larger code cache with -XX:ReservedCodeCacheSize=
# This output file may be truncated or incomplete.
#
#  Out of Memory Error (os_linux.cpp:2899), pid=48270, tid=48272
#
# JRE version: OpenJDK Runtime Environment (13.0.7+5) (build 13.0.7+5-Ubuntu-0ubuntu120.04)
# Java VM: OpenJDK 64-Bit Server VM (13.0.7+5-Ubuntu-0ubuntu120.04, mixed mode, tiered, serial gc, linux-amd64)
# No core dump will be written. Core dumps have been disabled. To enable core dumping, try "ulimit -c unlimited" before starting Java again
#

---------------  S U M M A R Y ------------

Command Line: -Xmx128g --add-modules=ALL-DEFAULT jdk.compiler/com.sun.tools.javac.launcher.Main /mnt/beegfs/rcabanas/dev/credici/papers/journalEM/code/LearnAndCalculatePNS.java -w -x 100 -m 500 -sc KL -th 1e-08 -a EMCC --seed 30 --output /mnt/beegfs/rcabanas/dev/credici/papers/journalEM/output/triangolo --cause 3 --effect 0 /mnt/beegfs/rcabanas/dev/credici/papers/journalEM/models/triangolo/triangolo_causal.uai

Host: AMD EPYC 7542 32-Core Processor, 64 cores, 251G, Ubuntu 20.04.4 LTS
Time: Tue Oct 18 19:14:47 2022 CEST elapsed time: 507.994166 seconds (0d 0h 8m 27s)

---------------  T H R E A D  ---------------

Current thread (0x00007f0a9c097800):  VMThread "VM Thread" [stack: 0x00007f0aa1139000,0x00007f0aa1239000] [id=48272]

Stack: [0x00007f0aa1139000,0x00007f0aa1239000],  sp=0x00007f0aa1237160,  free space=1016k
Native frames: (J=compiled Java code, A=aot compiled Java code, j=interpreted, Vv=VM code, C=native code)
V  [libjvm.so+0xf8f092]
V  [libjvm.so+0xf8fc91]
V  [libjvm.so+0x66ee5a]
V  [libjvm.so+0xc44a41]
V  [libjvm.so+0xc3b263]
V  [libjvm.so+0xf87f4b]
V  [libjvm.so+0x557506]
V  [libjvm.so+0x557723]
V  [libjvm.so+0xf18b0c]
V  [libjvm.so+0x557e65]
V  [libjvm.so+0x7e2edb]
V  [libjvm.so+0x7e39bd]
V  [libjvm.so+0x7d8b48]
V  [libjvm.so+0xf90940]
V  [libjvm.so+0xf96657]
V  [libjvm.so+0xf96d2b]
V  [libjvm.so+0xf9706a]
V  [libjvm.so+0xf2208f]
V  [libjvm.so+0xc493ff]

VM_Operation (0x00007f0aa1ea9630): GenCollectForAllocation, mode: safepoint, requested by thread 0x00007f0a9c018000


---------------  P R O C E S S  ---------------

Threads class SMR info:
_java_thread_list=0x00007f0a9c1364f0, length=9, elements={
0x00007f0a9c018000, 0x00007f0a9c0a3800, 0x00007f0a9c0a7000, 0x00007f0a9c0cb800,
0x00007f0a9c0cd000, 0x00007f0a9c0cf000, 0x00007f0a9c0d1000, 0x00007f0a9c0d3000,
0x00007f0a9c135000
}

Java Threads: ( => current thread )
  0x00007f0a9c018000 JavaThread "main" [_thread_blocked, id=48271, stack(0x00007f0aa1dab000,0x00007f0aa1eac000)]
  0x00007f0a9c0a3800 JavaThread "Reference Handler" daemon [_thread_blocked, id=48273, stack(0x00007f0aa1036000,0x00007f0aa1137000)]
  0x00007f0a9c0a7000 JavaThread "Finalizer" daemon [_thread_blocked, id=48274, stack(0x00007f0aa0f35000,0x00007f0aa1036000)]
  0x00007f0a9c0cb800 JavaThread "Signal Dispatcher" daemon [_thread_blocked, id=48275, stack(0x00007f0aa0dfb000,0x00007f0aa0efc000)]
  0x00007f0a9c0cd000 JavaThread "Service Thread" daemon [_thread_blocked, id=48276, stack(0x00007f0aa0cfa000,0x00007f0aa0dfb000)]
  0x00007f0a9c0cf000 JavaThread "C2 CompilerThread0" daemon [_thread_blocked, id=48277, stack(0x00007f0aa0bf9000,0x00007f0aa0cfa000)]
  0x00007f0a9c0d1000 JavaThread "C1 CompilerThread0" daemon [_thread_blocked, id=48278, stack(0x00007f0aa0af8000,0x00007f0aa0bf9000)]
  0x00007f0a9c0d3000 JavaThread "Sweeper thread" daemon [_thread_blocked, id=48279, stack(0x00007f0aa09f7000,0x00007f0aa0af8000)]
  0x00007f0a9c135000 JavaThread "Common-Cleaner" daemon [_thread_blocked, id=48280, stack(0x00007f0aa08f6000,0x00007f0aa09f7000)]

Other Threads:
=>0x00007f0a9c097800 VMThread "VM Thread" [stack: 0x00007f0aa1139000,0x00007f0aa1239000] [id=48272]
  0x00007f0a9c181800 WatcherThread [stack: 0x00007f0aa07f6000,0x00007f0aa08f6000] [id=48281]

Threads with active compile tasks:

VM state:at safepoint (normal execution)

VM Mutex/Monitor currently owned by a thread:  ([mutex/lock_event])
[0x00007f0a9c0141e0] Threads_lock - owner thread: 0x00007f0a9c097800
[0x00007f0a9c014de0] Heap_lock - owner thread: 0x00007f0a9c018000

Heap:
 def new generation   total 1739520K, used 72425K [0x00007eea84600000, 0x00007eeafa570000, 0x00007ef52f0a0000)
  eden space 1546304K,   4% used [0x00007eea84600000, 0x00007eea88cba6c8, 0x00007eeae2c10000)
  from space 193216K,   0% used [0x00007eeae2c10000, 0x00007eeae2c10000, 0x00007eeaee8c0000)
  to   space 193216K,   0% used [0x00007eeaee8c0000, 0x00007eeaee8c0000, 0x00007eeafa570000)
 tenured generation   total 3881760K, used 3881471K [0x00007ef52f0a0000, 0x00007ef61bf68000, 0x00007f0a84600000)
   the space 3881760K,  99% used [0x00007ef52f0a0000, 0x00007ef61bf1fcc0, 0x00007ef61bf1fe00, 0x00007ef61bf68000)
 Metaspace       used 24213K, capacity 24632K, committed 24832K, reserved 26624K

Card table byte_map: [0x00007eea745ff000,0x00007eea84600000] _byte_map_base: 0x00007eaaff1dc000

Polling page: 0x00007f0aa3837000

Metaspace:

Usage:
   24.05 MB capacity,    23.65 MB ( 98%) used,   328.15 KB (  1%) free+waste,    89.94 KB ( <1%) overhead. 

Virtual space:
     26.00 MB reserved,      24.25 MB ( 93%) committed 

Chunk freelists:
56.00 KB

MaxMetaspaceSize: unlimited


CodeHeap 'non-profiled nmethods': size=120036Kb used=1899Kb max_used=2022Kb free=118137Kb
 bounds [0x00007f0a8c251000, 0x00007f0a8c4c1000, 0x00007f0a9378a000]
CodeHeap 'profiled nmethods': size=120032Kb used=4887Kb max_used=6594Kb free=115144Kb
 bounds [0x00007f0a84d19000, 0x00007f0a85399000, 0x00007f0a8c251000]
CodeHeap 'non-nmethods': size=5692Kb used=1209Kb max_used=1261Kb free=4482Kb
 bounds [0x00007f0a8478a000, 0x00007f0a849fa000, 0x00007f0a84d19000]
 total_blobs=3548 nmethods=3067 adapters=396
 compilation: enabled
              stopped_count=0, restarted_count=0
 full_count=0

Compilation events (20 events):
Event: 399.080 Thread 0x00007f0a9c0cf000 3866       4       gnu.trove.impl.hash.TIntHash::indexRehashed (75 bytes)
Event: 399.083 Thread 0x00007f0a9c0cf000 nmethod 3866 0x00007f0a8c321690 code [0x00007f0a8c321820, 0x00007f0a8c3219f8]
Event: 406.093 Thread 0x00007f0a9c0cf000 3867       4       java.util.stream.Sink$ChainedInt::begin (11 bytes)
Event: 406.095 Thread 0x00007f0a9c0cf000 nmethod 3867 0x00007f0a8c321390 code [0x00007f0a8c321500, 0x00007f0a8c321578]
Event: 441.842 Thread 0x00007f0a9c0cf000 3868       4       com.google.common.collect.RegularImmutableSet::size (6 bytes)
Event: 441.843 Thread 0x00007f0a9c0cf000 nmethod 3868 0x00007f0a8c30e190 code [0x00007f0a8c30e300, 0x00007f0a8c30e358]
Event: 445.259 Thread 0x00007f0a9c0cf000 3869       4       ch.idsia.crema.model.graphical.SparseDirectedAcyclicGraph$$Lambda$321/0x00007eea691394b0::accept (16 bytes)
Event: 445.263 Thread 0x00007f0a9c0cf000 nmethod 3869 0x00007f0a8c322510 code [0x00007f0a8c3226c0, 0x00007f0a8c322a08]
Event: 460.641 Thread 0x00007f0a9c0cf000 3870       4       java.util.AbstractList$Itr::hasNext (20 bytes)
Event: 460.642 Thread 0x00007f0a9c0cf000 nmethod 3870 0x00007f0a8c2c6e10 code [0x00007f0a8c2c6f80, 0x00007f0a8c2c7018]
Event: 462.367 Thread 0x00007f0a9c0d1000 3871       3       org.jgrapht.GraphTests::requireDirected (39 bytes)
Event: 462.368 Thread 0x00007f0a9c0d1000 nmethod 3871 0x00007f0a850e3290 code [0x00007f0a850e3480, 0x00007f0a850e3940]
Event: 472.578 Thread 0x00007f0a9c0d1000 3872       3       ch.idsia.credici.learning.FrequentistCausalEM::maximization (207 bytes)
Event: 472.581 Thread 0x00007f0a9c0d1000 nmethod 3872 0x00007f0a852af390 code [0x00007f0a852af8a0, 0x00007f0a852b2280]
Event: 489.154 Thread 0x00007f0a9c0cf000 3873       4       java.util.stream.ReferencePipeline$StatelessOp::<init> (29 bytes)
Event: 489.157 Thread 0x00007f0a9c0cf000 nmethod 3873 0x00007f0a8c278690 code [0x00007f0a8c278800, 0x00007f0a8c278918]
Event: 499.378 Thread 0x00007f0a9c0cf000 3874       4       org.jgrapht.traverse.AbstractGraphIterator::fireVertexTraversed (40 bytes)
Event: 499.433 Thread 0x00007f0a9c0cf000 nmethod 3874 0x00007f0a8c2f7990 code [0x00007f0a8c2f7be0, 0x00007f0a8c2f8b30]
Event: 499.434 Thread 0x00007f0a9c0cf000 3875       4       org.jgrapht.traverse.AbstractGraphIterator::createEdgeTraversalEvent (30 bytes)
Event: 499.435 Thread 0x00007f0a9c0cf000 nmethod 3875 0x00007f0a8c278110 code [0x00007f0a8c278280, 0x00007f0a8c278358]

GC Heap History (20 events):
Event: 501.766 GC heap after
{Heap after GC invocations=1316 (full 5):
 def new generation   total 1739520K, used 99673K [0x00007eea84600000, 0x00007eeafa570000, 0x00007ef52f0a0000)
  eden space 1546304K,   0% used [0x00007eea84600000, 0x00007eea84600000, 0x00007eeae2c10000)
  from space 193216K,  51% used [0x00007eeaee8c0000, 0x00007eeaf4a16578, 0x00007eeafa570000)
  to   space 193216K,   0% used [0x00007eeae2c10000, 0x00007eeae2c10000, 0x00007eeaee8c0000)
 tenured generation   total 3865372K, used 3783827K [0x00007ef52f0a0000, 0x00007ef61af67000, 0x00007f0a84600000)
   the space 3865372K,  97% used [0x00007ef52f0a0000, 0x00007ef615fc4dd0, 0x00007ef615fc4e00, 0x00007ef61af67000)
 Metaspace       used 24213K, capacity 24632K, committed 24832K, reserved 26624K
}
Event: 502.404 GC heap before
{Heap before GC invocations=1316 (full 5):
 def new generation   total 1739520K, used 1645977K [0x00007eea84600000, 0x00007eeafa570000, 0x00007ef52f0a0000)
  eden space 1546304K, 100% used [0x00007eea84600000, 0x00007eeae2c10000, 0x00007eeae2c10000)
  from space 193216K,  51% used [0x00007eeaee8c0000, 0x00007eeaf4a16578, 0x00007eeafa570000)
  to   space 193216K,   0% used [0x00007eeae2c10000, 0x00007eeae2c10000, 0x00007eeaee8c0000)
 tenured generation   total 3865372K, used 3783827K [0x00007ef52f0a0000, 0x00007ef61af67000, 0x00007f0a84600000)
   the space 3865372K,  97% used [0x00007ef52f0a0000, 0x00007ef615fc4dd0, 0x00007ef615fc4e00, 0x00007ef61af67000)
 Metaspace       used 24213K, capacity 24632K, committed 24832K, reserved 26624K
}
Event: 502.428 GC heap after
{Heap after GC invocations=1317 (full 5):
 def new generation   total 1739520K, used 86848K [0x00007eea84600000, 0x00007eeafa570000, 0x00007ef52f0a0000)
  eden space 1546304K,   0% used [0x00007eea84600000, 0x00007eea84600000, 0x00007eeae2c10000)
  from space 193216K,  44% used [0x00007eeae2c10000, 0x00007eeae80e03c8, 0x00007eeaee8c0000)
  to   space 193216K,   0% used [0x00007eeaee8c0000, 0x00007eeaee8c0000, 0x00007eeafa570000)
 tenured generation   total 3865372K, used 3800786K [0x00007ef52f0a0000, 0x00007ef61af67000, 0x00007f0a84600000)
   the space 3865372K,  98% used [0x00007ef52f0a0000, 0x00007ef617054828, 0x00007ef617054a00, 0x00007ef61af67000)
 Metaspace       used 24213K, capacity 24632K, committed 24832K, reserved 26624K
}
Event: 503.073 GC heap before
{Heap before GC invocations=1317 (full 5):
 def new generation   total 1739520K, used 1633152K [0x00007eea84600000, 0x00007eeafa570000, 0x00007ef52f0a0000)
  eden space 1546304K, 100% used [0x00007eea84600000, 0x00007eeae2c10000, 0x00007eeae2c10000)
  from space 193216K,  44% used [0x00007eeae2c10000, 0x00007eeae80e03c8, 0x00007eeaee8c0000)
  to   space 193216K,   0% used [0x00007eeaee8c0000, 0x00007eeaee8c0000, 0x00007eeafa570000)
 tenured generation   total 3865372K, used 3800786K [0x00007ef52f0a0000, 0x00007ef61af67000, 0x00007f0a84600000)
   the space 3865372K,  98% used [0x00007ef52f0a0000, 0x00007ef617054828, 0x00007ef617054a00, 0x00007ef61af67000)
 Metaspace       used 24213K, capacity 24632K, committed 24832K, reserved 26624K
}
Event: 503.092 GC heap after
{Heap after GC invocations=1318 (full 5):
 def new generation   total 1739520K, used 106900K [0x00007eea84600000, 0x00007eeafa570000, 0x00007ef52f0a0000)
  eden space 1546304K,   0% used [0x00007eea84600000, 0x00007eea84600000, 0x00007eeae2c10000)
  from space 193216K,  55% used [0x00007eeaee8c0000, 0x00007eeaf51253f8, 0x00007eeafa570000)
  to   space 193216K,   0% used [0x00007eeae2c10000, 0x00007eeae2c10000, 0x00007eeaee8c0000)
 tenured generation   total 3865372K, used 3800786K [0x00007ef52f0a0000, 0x00007ef61af67000, 0x00007f0a84600000)
   the space 3865372K,  98% used [0x00007ef52f0a0000, 0x00007ef617054828, 0x00007ef617054a00, 0x00007ef61af67000)
 Metaspace       used 24213K, capacity 24632K, committed 24832K, reserved 26624K
}
Event: 503.757 GC heap before
{Heap before GC invocations=1318 (full 5):
 def new generation   total 1739520K, used 1653204K [0x00007eea84600000, 0x00007eeafa570000, 0x00007ef52f0a0000)
  eden space 1546304K, 100% used [0x00007eea84600000, 0x00007eeae2c10000, 0x00007eeae2c10000)
  from space 193216K,  55% used [0x00007eeaee8c0000, 0x00007eeaf51253f8, 0x00007eeafa570000)
  to   space 193216K,   0% used [0x00007eeae2c10000, 0x00007eeae2c10000, 0x00007eeaee8c0000)
 tenured generation   total 3865372K, used 3800786K [0x00007ef52f0a0000, 0x00007ef61af67000, 0x00007f0a84600000)
   the space 3865372K,  98% used [0x00007ef52f0a0000, 0x00007ef617054828, 0x00007ef617054a00, 0x00007ef61af67000)
 Metaspace       used 24213K, capacity 24632K, committed 24832K, reserved 26624K
}
Event: 503.783 GC heap after
{Heap after GC invocations=1319 (full 5):
 def new generation   total 1739520K, used 84784K [0x00007eea84600000, 0x00007eeafa570000, 0x00007ef52f0a0000)
  eden space 1546304K,   0% used [0x00007eea84600000, 0x00007eea84600000, 0x00007eeae2c10000)
  from space 193216K,  43% used [0x00007eeae2c10000, 0x00007eeae7edc110, 0x00007eeaee8c0000)
  to   space 193216K,   0% used [0x00007eeaee8c0000, 0x00007eeaee8c0000, 0x00007eeafa570000)
 tenured generation   total 3865372K, used 3817744K [0x00007ef52f0a0000, 0x00007ef61af67000, 0x00007f0a84600000)
   the space 3865372K,  98% used [0x00007ef52f0a0000, 0x00007ef6180e4280, 0x00007ef6180e4400, 0x00007ef61af67000)
 Metaspace       used 24213K, capacity 24632K, committed 24832K, reserved 26624K
}
Event: 504.466 GC heap before
{Heap before GC invocations=1319 (full 5):
 def new generation   total 1739520K, used 1630201K [0x00007eea84600000, 0x00007eeafa570000, 0x00007ef52f0a0000)
  eden space 1546304K,  99% used [0x00007eea84600000, 0x00007eeae2b32378, 0x00007eeae2c10000)
  from space 193216K,  43% used [0x00007eeae2c10000, 0x00007eeae7edc110, 0x00007eeaee8c0000)
  to   space 193216K,   0% used [0x00007eeaee8c0000, 0x00007eeaee8c0000, 0x00007eeafa570000)
 tenured generation   total 3865372K, used 3817744K [0x00007ef52f0a0000, 0x00007ef61af67000, 0x00007f0a84600000)
   the space 3865372K,  98% used [0x00007ef52f0a0000, 0x00007ef6180e4280, 0x00007ef6180e4400, 0x00007ef61af67000)
 Metaspace       used 24213K, capacity 24632K, committed 24832K, reserved 26624K
}
Event: 504.484 GC heap after
{Heap after GC invocations=1320 (full 5):
 def new generation   total 1739520K, used 97627K [0x00007eea84600000, 0x00007eeafa570000, 0x00007ef52f0a0000)
  eden space 1546304K,   0% used [0x00007eea84600000, 0x00007eea84600000, 0x00007eeae2c10000)
  from space 193216K,  50% used [0x00007eeaee8c0000, 0x00007eeaf4816de0, 0x00007eeafa570000)
  to   space 193216K,   0% used [0x00007eeae2c10000, 0x00007eeae2c10000, 0x00007eeaee8c0000)
 tenured generation   total 3865372K, used 3817744K [0x00007ef52f0a0000, 0x00007ef61af67000, 0x00007f0a84600000)
   the space 3865372K,  98% used [0x00007ef52f0a0000, 0x00007ef6180e4280, 0x00007ef6180e4400, 0x00007ef61af67000)
 Metaspace       used 24213K, capacity 24632K, committed 24832K, reserved 26624K
}
Event: 505.169 GC heap before
{Heap before GC invocations=1320 (full 5):
 def new generation   total 1739520K, used 1643931K [0x00007eea84600000, 0x00007eeafa570000, 0x00007ef52f0a0000)
  eden space 1546304K, 100% used [0x00007eea84600000, 0x00007eeae2c10000, 0x00007eeae2c10000)
  from space 193216K,  50% used [0x00007eeaee8c0000, 0x00007eeaf4816de0, 0x00007eeafa570000)
  to   space 193216K,   0% used [0x00007eeae2c10000, 0x00007eeae2c10000, 0x00007eeaee8c0000)
 tenured generation   total 3865372K, used 3817744K [0x00007ef52f0a0000, 0x00007ef61af67000, 0x00007f0a84600000)
   the space 3865372K,  98% used [0x00007ef52f0a0000, 0x00007ef6180e4280, 0x00007ef6180e4400, 0x00007ef61af67000)
 Metaspace       used 24213K, capacity 24632K, committed 24832K, reserved 26624K
}
Event: 505.193 GC heap after
{Heap after GC invocations=1321 (full 5):
 def new generation   total 1739520K, used 84763K [0x00007eea84600000, 0x00007eeafa570000, 0x00007ef52f0a0000)
  eden space 1546304K,   0% used [0x00007eea84600000, 0x00007eea84600000, 0x00007eeae2c10000)
  from space 193216K,  43% used [0x00007eeae2c10000, 0x00007eeae7ed6f88, 0x00007eeaee8c0000)
  to   space 193216K,   0% used [0x00007eeaee8c0000, 0x00007eeaee8c0000, 0x00007eeafa570000)
 tenured generation   total 3865372K, used 3834703K [0x00007ef52f0a0000, 0x00007ef61af67000, 0x00007f0a84600000)
   the space 3865372K,  99% used [0x00007ef52f0a0000, 0x00007ef619173e28, 0x00007ef619174000, 0x00007ef61af67000)
 Metaspace       used 24213K, capacity 24632K, committed 24832K, reserved 26624K
}
Event: 505.822 GC heap before
{Heap before GC invocations=1321 (full 5):
 def new generation   total 1739520K, used 1631067K [0x00007eea84600000, 0x00007eeafa570000, 0x00007ef52f0a0000)
  eden space 1546304K, 100% used [0x00007eea84600000, 0x00007eeae2c10000, 0x00007eeae2c10000)
  from space 193216K,  43% used [0x00007eeae2c10000, 0x00007eeae7ed6f88, 0x00007eeaee8c0000)
  to   space 193216K,   0% used [0x00007eeaee8c0000, 0x00007eeaee8c0000, 0x00007eeafa570000)
 tenured generation   total 3865372K, used 3834703K [0x00007ef52f0a0000, 0x00007ef61af67000, 0x00007f0a84600000)
   the space 3865372K,  99% used [0x00007ef52f0a0000, 0x00007ef619173e28, 0x00007ef619174000, 0x00007ef61af67000)
 Metaspace       used 24213K, capacity 24632K, committed 24832K, reserved 26624K
}
Event: 505.838 GC heap after
{Heap after GC invocations=1322 (full 5):
 def new generation   total 1739520K, used 95069K [0x00007eea84600000, 0x00007eeafa570000, 0x00007ef52f0a0000)
  eden space 1546304K,   0% used [0x00007eea84600000, 0x00007eea84600000, 0x00007eeae2c10000)
  from space 193216K,  49% used [0x00007eeaee8c0000, 0x00007eeaf4597638, 0x00007eeafa570000)
  to   space 193216K,   0% used [0x00007eeae2c10000, 0x00007eeae2c10000, 0x00007eeaee8c0000)
 tenured generation   total 3865372K, used 3834703K [0x00007ef52f0a0000, 0x00007ef61af67000, 0x00007f0a84600000)
   the space 3865372K,  99% used [0x00007ef52f0a0000, 0x00007ef619173e28, 0x00007ef619174000, 0x00007ef61af67000)
 Metaspace       used 24213K, capacity 24632K, committed 24832K, reserved 26624K
}
Event: 506.516 GC heap before
{Heap before GC invocations=1322 (full 5):
 def new generation   total 1739520K, used 1641373K [0x00007eea84600000, 0x00007eeafa570000, 0x00007ef52f0a0000)
  eden space 1546304K, 100% used [0x00007eea84600000, 0x00007eeae2c10000, 0x00007eeae2c10000)
  from space 193216K,  49% used [0x00007eeaee8c0000, 0x00007eeaf4597638, 0x00007eeafa570000)
  to   space 193216K,   0% used [0x00007eeae2c10000, 0x00007eeae2c10000, 0x00007eeaee8c0000)
 tenured generation   total 3865372K, used 3834703K [0x00007ef52f0a0000, 0x00007ef61af67000, 0x00007f0a84600000)
   the space 3865372K,  99% used [0x00007ef52f0a0000, 0x00007ef619173e28, 0x00007ef619174000, 0x00007ef61af67000)
 Metaspace       used 24213K, capacity 24632K, committed 24832K, reserved 26624K
}
Event: 506.534 GC heap after
{Heap after GC invocations=1323 (full 5):
 def new generation   total 1739520K, used 101722K [0x00007eea84600000, 0x00007eeafa570000, 0x00007ef52f0a0000)
  eden space 1546304K,   0% used [0x00007eea84600000, 0x00007eea84600000, 0x00007eeae2c10000)
  from space 193216K,  52% used [0x00007eeae2c10000, 0x00007eeae8f669e0, 0x00007eeaee8c0000)
  to   space 193216K,   0% used [0x00007eeaee8c0000, 0x00007eeaee8c0000, 0x00007eeafa570000)
 tenured generation   total 3865372K, used 3834703K [0x00007ef52f0a0000, 0x00007ef61af67000, 0x00007f0a84600000)
   the space 3865372K,  99% used [0x00007ef52f0a0000, 0x00007ef619173e28, 0x00007ef619174000, 0x00007ef61af67000)
 Metaspace       used 24213K, capacity 24632K, committed 24832K, reserved 26624K
}
Event: 507.147 GC heap before
{Heap before GC invocations=1323 (full 5):
 def new generation   total 1739520K, used 1648026K [0x00007eea84600000, 0x00007eeafa570000, 0x00007ef52f0a0000)
  eden space 1546304K, 100% used [0x00007eea84600000, 0x00007eeae2c10000, 0x00007eeae2c10000)
  from space 193216K,  52% used [0x00007eeae2c10000, 0x00007eeae8f669e0, 0x00007eeaee8c0000)
  to   space 193216K,   0% used [0x00007eeaee8c0000, 0x00007eeaee8c0000, 0x00007eeafa570000)
 tenured generation   total 3865372K, used 3834703K [0x00007ef52f0a0000, 0x00007ef61af67000, 0x00007f0a84600000)
   the space 3865372K,  99% used [0x00007ef52f0a0000, 0x00007ef619173e28, 0x00007ef619174000, 0x00007ef61af67000)
 Metaspace       used 24213K, capacity 24632K, committed 24832K, reserved 26624K
}
Event: 507.176 GC heap after
{Heap after GC invocations=1324 (full 5):
 def new generation   total 1739520K, used 110452K [0x00007eea84600000, 0x00007eeafa570000, 0x00007ef52f0a0000)
  eden space 1546304K,   0% used [0x00007eea84600000, 0x00007eea84600000, 0x00007eeae2c10000)
  from space 193216K,  57% used [0x00007eeaee8c0000, 0x00007eeaf549d250, 0x00007eeafa570000)
  to   space 193216K,   0% used [0x00007eeae2c10000, 0x00007eeae2c10000, 0x00007eeaee8c0000)
 tenured generation   total 3865372K, used 3851662K [0x00007ef52f0a0000, 0x00007ef61af67000, 0x00007f0a84600000)
   the space 3865372K,  99% used [0x00007ef52f0a0000, 0x00007ef61a203880, 0x00007ef61a203a00, 0x00007ef61af67000)
 Metaspace       used 24213K, capacity 24632K, committed 24832K, reserved 26624K
}
Event: 507.875 GC heap before
{Heap before GC invocations=1324 (full 5):
 def new generation   total 1739520K, used 1656756K [0x00007eea84600000, 0x00007eeafa570000, 0x00007ef52f0a0000)
  eden space 1546304K, 100% used [0x00007eea84600000, 0x00007eeae2c10000, 0x00007eeae2c10000)
  from space 193216K,  57% used [0x00007eeaee8c0000, 0x00007eeaf549d250, 0x00007eeafa570000)
  to   space 193216K,   0% used [0x00007eeae2c10000, 0x00007eeae2c10000, 0x00007eeaee8c0000)
 tenured generation   total 3865372K, used 3851662K [0x00007ef52f0a0000, 0x00007ef61af67000, 0x00007f0a84600000)
   the space 3865372K,  99% used [0x00007ef52f0a0000, 0x00007ef61a203880, 0x00007ef61a203a00, 0x00007ef61af67000)
 Metaspace       used 24213K, capacity 24632K, committed 24832K, reserved 26624K
}
Event: 507.900 GC heap after
{Heap after GC invocations=1325 (full 5):
 def new generation   total 1739520K, used 85276K [0x00007eea84600000, 0x00007eeafa570000, 0x00007ef52f0a0000)
  eden space 1546304K,   0% used [0x00007eea84600000, 0x00007eea84600000, 0x00007eeae2c10000)
  from space 193216K,  44% used [0x00007eeae2c10000, 0x00007eeae7f570b0, 0x00007eeaee8c0000)
  to   space 193216K,   0% used [0x00007eeaee8c0000, 0x00007eeaee8c0000, 0x00007eeafa570000)
 tenured generation   total 3881760K, used 3868620K [0x00007ef52f0a0000, 0x00007ef61bf68000, 0x00007f0a84600000)
   the space 3881760K,  99% used [0x00007ef52f0a0000, 0x00007ef61b2932d8, 0x00007ef61b293400, 0x00007ef61bf68000)
 Metaspace       used 24213K, capacity 24632K, committed 24832K, reserved 26624K
}
Event: 507.900 GC heap before
{Heap before GC invocations=1325 (full 5):
 def new generation   total 1739520K, used 85276K [0x00007eea84600000, 0x00007eeafa570000, 0x00007ef52f0a0000)
  eden space 1546304K,   0% used [0x00007eea84600000, 0x00007eea84600000, 0x00007eeae2c10000)
  from space 193216K,  44% used [0x00007eeae2c10000, 0x00007eeae7f570b0, 0x00007eeaee8c0000)
  to   space 193216K,   0% used [0x00007eeaee8c0000, 0x00007eeaee8c0000, 0x00007eeafa570000)
 tenured generation   total 3881760K, used 3868620K [0x00007ef52f0a0000, 0x00007ef61bf68000, 0x00007f0a84600000)
   the space 3881760K,  99% used [0x00007ef52f0a0000, 0x00007ef61b2932d8, 0x00007ef61b293400, 0x00007ef61bf68000)
 Metaspace       used 24213K, capacity 24632K, committed 24832K, reserved 26624K
}

Deoptimization events (20 events):
Event: 58.043 Thread 0x00007f0a9c018000 DEOPT PACKING pc=0x00007f0a8538eca4 sp=0x00007f0aa1ea9740
Event: 58.044 Thread 0x00007f0a9c018000 DEOPT UNPACKING pc=0x00007f0a847d333a sp=0x00007f0aa1ea8d68 mode 0
Event: 63.142 Thread 0x00007f0a9c018000 DEOPT PACKING pc=0x00007f0a8538eca4 sp=0x00007f0aa1ea9740
Event: 63.142 Thread 0x00007f0a9c018000 DEOPT UNPACKING pc=0x00007f0a847d333a sp=0x00007f0aa1ea8d68 mode 0
Event: 67.199 Thread 0x00007f0a9c018000 Uncommon trap: trap_request=0xffffffc6 fr.pc=0x00007f0a8c3d2438 relative=0x0000000000000af8
Event: 67.199 Thread 0x00007f0a9c018000 Uncommon trap: reason=bimorphic_or_optimized_type_check action=maybe_recompile pc=0x00007f0a8c3d2438 method=java.util.HashMap.removeNode(ILjava/lang/Object;Ljava/lang/Object;ZZ)Ljava/util/HashMap$Node; @ 68 c2
Event: 67.199 Thread 0x00007f0a9c018000 DEOPT PACKING pc=0x00007f0a8c3d2438 sp=0x00007f0aa1ea92e0
Event: 67.199 Thread 0x00007f0a9c018000 DEOPT UNPACKING pc=0x00007f0a847d2e25 sp=0x00007f0aa1ea9278 mode 2
Event: 67.622 Thread 0x00007f0a9c018000 DEOPT PACKING pc=0x00007f0a8538eca4 sp=0x00007f0aa1ea9740
Event: 67.622 Thread 0x00007f0a9c018000 DEOPT UNPACKING pc=0x00007f0a847d333a sp=0x00007f0aa1ea8d68 mode 0
Event: 73.482 Thread 0x00007f0a9c018000 DEOPT PACKING pc=0x00007f0a8538eca4 sp=0x00007f0aa1ea9740
Event: 73.482 Thread 0x00007f0a9c018000 DEOPT UNPACKING pc=0x00007f0a847d333a sp=0x00007f0aa1ea8d68 mode 0
Event: 114.782 Thread 0x00007f0a9c018000 Uncommon trap: trap_request=0xffffffc6 fr.pc=0x00007f0a8c3d2438 relative=0x0000000000000af8
Event: 114.782 Thread 0x00007f0a9c018000 Uncommon trap: reason=bimorphic_or_optimized_type_check action=maybe_recompile pc=0x00007f0a8c3d2438 method=java.util.HashMap.removeNode(ILjava/lang/Object;Ljava/lang/Object;ZZ)Ljava/util/HashMap$Node; @ 68 c2
Event: 114.782 Thread 0x00007f0a9c018000 DEOPT PACKING pc=0x00007f0a8c3d2438 sp=0x00007f0aa1ea9450
Event: 114.782 Thread 0x00007f0a9c018000 DEOPT UNPACKING pc=0x00007f0a847d2e25 sp=0x00007f0aa1ea93e8 mode 2
Event: 434.878 Thread 0x00007f0a9c018000 Uncommon trap: trap_request=0xffffffc6 fr.pc=0x00007f0a8c3d2438 relative=0x0000000000000af8
Event: 434.878 Thread 0x00007f0a9c018000 Uncommon trap: reason=bimorphic_or_optimized_type_check action=maybe_recompile pc=0x00007f0a8c3d2438 method=java.util.HashMap.removeNode(ILjava/lang/Object;Ljava/lang/Object;ZZ)Ljava/util/HashMap$Node; @ 68 c2
Event: 434.878 Thread 0x00007f0a9c018000 DEOPT PACKING pc=0x00007f0a8c3d2438 sp=0x00007f0aa1ea9450
Event: 434.878 Thread 0x00007f0a9c018000 DEOPT UNPACKING pc=0x00007f0a847d2e25 sp=0x00007f0aa1ea93e8 mode 2

Classes unloaded (0 events):
No events

Classes redefined (0 events):
No events

Internal exceptions (20 events):
Event: 0.867 Thread 0x00007f0a9c018000 Exception <a 'java/lang/NoSuchMethodError'{0x00007eea85bfe248}: 'int java.lang.invoke.DirectMethodHandle$Holder.invokeInterface(java.lang.Object, java.lang.Object)'> (0x00007eea85bfe248) 
thrown [src/hotspot/share/interpreter/linkResolver.cpp, line 766]
Event: 0.883 Thread 0x00007f0a9c018000 Exception <a 'java/lang/NoSuchMethodError'{0x00007eea85c41220}: 'int java.lang.invoke.DirectMethodHandle$Holder.invokeSpecial(java.lang.Object, java.lang.Object, java.lang.Object, java.lang.Object)'> (0x00007eea85c41220) 
thrown [src/hotspot/share/interpreter/linkResolver.cpp, line 766]
Event: 0.886 Thread 0x00007f0a9c018000 Exception <a 'java/lang/NoSuchMethodError'{0x00007eea85c58330}: 'java.lang.Object java.lang.invoke.DirectMethodHandle$Holder.invokeVirtual(java.lang.Object, java.lang.Object, java.lang.Object, int, int)'> (0x00007eea85c58330) 
thrown [src/hotspot/share/interpreter/linkResolver.cpp, line 766]
Event: 0.886 Thread 0x00007f0a9c018000 Exception <a 'java/lang/NoSuchMethodError'{0x00007eea85c606e0}: 'java.lang.Object java.lang.invoke.DirectMethodHandle$Holder.invokeVirtual(java.lang.Object, java.lang.Object, int)'> (0x00007eea85c606e0) 
thrown [src/hotspot/share/interpreter/linkResolver.cpp, line 766]
Event: 0.893 Thread 0x00007f0a9c018000 Exception <a 'java/lang/NoSuchMethodError'{0x00007eea85c7ed98}: 'java.lang.Object java.lang.invoke.DirectMethodHandle$Holder.invokeSpecial(java.lang.Object, java.lang.Object, java.lang.Object, int, int)'> (0x00007eea85c7ed98) 
thrown [src/hotspot/share/interpreter/linkResolver.cpp, line 766]
Event: 1.249 Thread 0x00007f0a9c018000 Exception <a 'java/lang/NoSuchMethodError'{0x00007eea87240dd0}: 'int java.lang.invoke.DirectMethodHandle$Holder.invokeSpecial(java.lang.Object, java.lang.Object, java.lang.Object, java.lang.Object, java.lang.Object)'> (0x00007eea87240dd0) 
thrown [src/hotspot/share/interpreter/linkResolver.cpp, line 766]
Event: 1.336 Thread 0x00007f0a9c018000 Exception <a 'java/lang/NoSuchMethodError'{0x00007eea8765f990}: 'java.lang.Object java.lang.invoke.DirectMethodHandle$Holder.invokeStatic(java.lang.Object, java.lang.Object, int, int)'> (0x00007eea8765f990) 
thrown [src/hotspot/share/interpreter/linkResolver.cpp, line 766]
Event: 1.709 Thread 0x00007f0a9c018000 Exception <a 'java/lang/NoSuchMethodError'{0x00007eea891a5680}: 'void java.lang.invoke.DirectMethodHandle$Holder.invokeVirtual(java.lang.Object, java.lang.Object)'> (0x00007eea891a5680) 
thrown [src/hotspot/share/interpreter/linkResolver.cpp, line 766]
Event: 1.834 Thread 0x00007f0a9c018000 Exception <a 'java/lang/NoSuchMethodError'{0x00007eea8952bb20}: 'int java.lang.invoke.DirectMethodHandle$Holder.invokeVirtual(java.lang.Object, java.lang.Object, java.lang.Object, java.lang.Object)'> (0x00007eea8952bb20) 
thrown [src/hotspot/share/interpreter/linkResolver.cpp, line 766]
Event: 1.843 Thread 0x00007f0a9c018000 Exception <a 'java/lang/NoSuchMethodError'{0x00007eea89539c68}: 'java.lang.Object java.lang.invoke.DirectMethodHandle$Holder.invokeStatic(java.lang.Object, java.lang.Object, int, java.lang.Object)'> (0x00007eea89539c68) 
thrown [src/hotspot/share/interpreter/linkResolver.cpp, line 766]
Event: 1.844 Thread 0x00007f0a9c018000 Exception <a 'java/lang/NoSuchMethodError'{0x00007eea89542580}: 'java.lang.Object java.lang.invoke.Invokers$Holder.linkToTargetMethod(java.lang.Object, int, java.lang.Object, java.lang.Object)'> (0x00007eea89542580) 
thrown [src/hotspot/share/interpreter/linkResolver.cpp, line 766]
Event: 2.140 Thread 0x00007f0a9c018000 Implicit null exception at 0x00007f0a8c2c96c5 to 0x00007f0a8c2c9898
Event: 2.140 Thread 0x00007f0a9c018000 Implicit null exception at 0x00007f0a8c27eb8f to 0x00007f0a8c27ebf9
Event: 2.595 Thread 0x00007f0a9c018000 Exception <a 'java/lang/NoSuchMethodError'{0x00007eea8a30e468}: 'java.lang.Object java.lang.invoke.Invokers$Holder.linkToTargetMethod(java.lang.Object, int, java.lang.Object)'> (0x00007eea8a30e468) 
thrown [src/hotspot/share/interpreter/linkResolver.cpp, line 766]
Event: 2.601 Thread 0x00007f0a9c018000 Exception <a 'java/lang/NoSuchMethodError'{0x00007eea8a34aeb8}: 'java.lang.Object java.lang.invoke.Invokers$Holder.linkToTargetMethod(java.lang.Object, long, java.lang.Object)'> (0x00007eea8a34aeb8) 
thrown [src/hotspot/share/interpreter/linkResolver.cpp, line 766]
Event: 2.767 Thread 0x00007f0a9c0a7000 Implicit null exception at 0x00007f0a8c2a5b4c to 0x00007f0a8c2a5c00
Event: 3.183 Thread 0x00007f0a9c018000 Exception <a 'java/lang/NoSuchMethodError'{0x00007eea90ec7520}: 'java.lang.Object java.lang.invoke.Invokers$Holder.invokeExact_MT(java.lang.Object, java.lang.Object, java.lang.Object, java.lang.Object, java.lang.Object, java.lang.Object)'> (0x00007eea90ec7520) 
thrown [src/hotspot/share/interpreter/linkResolver.cpp, line 766]
Event: 3.296 Thread 0x00007f0a9c018000 Exception <a 'java/lang/NoSuchMethodError'{0x00007eea914617a0}: 'int java.lang.invoke.DirectMethodHandle$Holder.invokeStatic(java.lang.Object, java.lang.Object, int)'> (0x00007eea914617a0) 
thrown [src/hotspot/share/interpreter/linkResolver.cpp, line 766]
Event: 3.393 Thread 0x00007f0a9c018000 Exception <a 'java/lang/NoSuchMethodError'{0x00007eea91665ad8}: 'double java.lang.invoke.DirectMethodHandle$Holder.invokeStatic(java.lang.Object, java.lang.Object)'> (0x00007eea91665ad8) 
thrown [src/hotspot/share/interpreter/linkResolver.cpp, line 766]
Event: 3.437 Thread 0x00007f0a9c018000 Exception <a 'java/lang/NoSuchMethodError'{0x00007eea917cf860}: 'int java.lang.invoke.DirectMethodHandle$Holder.invokeStatic(java.lang.Object, java.lang.Object, java.lang.Object, int)'> (0x00007eea917cf860) 
thrown [src/hotspot/share/interpreter/linkResolver.cpp, line 766]

Events (20 events):
Event: 501.075 Executing VM operation: GenCollectForAllocation done
Event: 501.749 Executing VM operation: GenCollectForAllocation
Event: 501.766 Executing VM operation: GenCollectForAllocation done
Event: 502.404 Executing VM operation: GenCollectForAllocation
Event: 502.428 Executing VM operation: GenCollectForAllocation done
Event: 503.073 Executing VM operation: GenCollectForAllocation
Event: 503.092 Executing VM operation: GenCollectForAllocation done
Event: 503.757 Executing VM operation: GenCollectForAllocation
Event: 503.783 Executing VM operation: GenCollectForAllocation done
Event: 504.466 Executing VM operation: GenCollectForAllocation
Event: 504.484 Executing VM operation: GenCollectForAllocation done
Event: 505.169 Executing VM operation: GenCollectForAllocation
Event: 505.193 Executing VM operation: GenCollectForAllocation done
Event: 505.821 Executing VM operation: GenCollectForAllocation
Event: 505.838 Executing VM operation: GenCollectForAllocation done
Event: 506.515 Executing VM operation: GenCollectForAllocation
Event: 506.534 Executing VM operation: GenCollectForAllocation done
Event: 507.147 Executing VM operation: GenCollectForAllocation
Event: 507.176 Executing VM operation: GenCollectForAllocation done
Event: 507.875 Executing VM operation: GenCollectForAllocation


Dynamic libraries:
56507711c000-56507711d000 r--p 00000000 07:18 4860                       /usr/lib/jvm/java-13-openjdk-amd64/bin/java
56507711d000-56507711e000 r-xp 00001000 07:18 4860                       /usr/lib/jvm/java-13-openjdk-amd64/bin/java
56507711e000-56507711f000 r--p 00002000 07:18 4860                       /usr/lib/jvm/java-13-openjdk-amd64/bin/java
56507711f000-565077120000 r--p 00002000 07:18 4860                       /usr/lib/jvm/java-13-openjdk-amd64/bin/java
565077120000-565077121000 rw-p 00003000 07:18 4860                       /usr/lib/jvm/java-13-openjdk-amd64/bin/java
565077eb5000-565077ed6000 rw-p 00000000 00:00 0                          [heap]
7eea3c000000-7eea3c021000 rw-p 00000000 00:00 0 
7eea3c021000-7eea40000000 ---p 00000000 00:00 0 
7eea44000000-7eea44021000 rw-p 00000000 00:00 0 
7eea44021000-7eea48000000 ---p 00000000 00:00 0 
7eea48000000-7eea48021000 rw-p 00000000 00:00 0 
7eea48021000-7eea4c000000 ---p 00000000 00:00 0 
7eea4c000000-7eea4e0d7000 rw-p 00000000 00:00 0 
7eea4e0d7000-7eea50000000 ---p 00000000 00:00 0 
7eea50000000-7eea50bc4000 rw-p 00000000 00:00 0 
7eea50bc4000-7eea54000000 ---p 00000000 00:00 0 
7eea54000000-7eea54021000 rw-p 00000000 00:00 0 
7eea54021000-7eea58000000 ---p 00000000 00:00 0 
7eea58000000-7eea58021000 rw-p 00000000 00:00 0 
7eea58021000-7eea5c000000 ---p 00000000 00:00 0 
7eea5c000000-7eea5c021000 rw-p 00000000 00:00 0 
7eea5c021000-7eea60000000 ---p 00000000 00:00 0 
7eea60000000-7eea60021000 rw-p 00000000 00:00 0 
7eea60021000-7eea64000000 ---p 00000000 00:00 0 
7eea64000000-7eea6404b000 rw-p 00000000 00:00 0 
7eea6404b000-7eea68000000 ---p 00000000 00:00 0 
7eea68db4000-7eea68df4000 rw-p 00000000 00:00 0 
7eea68df4000-7eea68fb4000 ---p 00000000 00:00 0 
7eea68fb4000-7eea691b4000 rw-p 00000000 00:00 0 
7eea691b4000-7eea693b4000 rw-p 00000000 00:00 0 
7eea693b4000-7eea695b4000 rw-p 00000000 00:00 0 
7eea695b4000-7eea697b4000 rw-p 00000000 00:00 0 
7eea697b4000-7eea6a2bc000 rw-p 00000000 00:00 0 
7eea6a2bc000-7eea745ff000 ---p 00000000 00:00 0 
7eea745ff000-7eea749af000 rw-p 00000000 00:00 0 
7eea749af000-7eea79b54000 ---p 00000000 00:00 0 
7eea79b54000-7eea7a2bc000 rw-p 00000000 00:00 0 
7eea7a2bc000-7eea845ff000 ---p 00000000 00:00 0 
7eea845ff000-7eeafa570000 rw-p 00000000 00:00 0 
7eeafa570000-7ef52f0a0000 ---p 00000000 00:00 0 
7ef52f0a0000-7ef61bf68000 rw-p 00000000 00:00 0 
7ef6b9e20000-7f0a84600000 ---p 00000000 00:00 0 
7f0a8478a000-7f0a849fa000 rwxp 00000000 00:00 0 
7f0a849fa000-7f0a84d19000 ---p 00000000 00:00 0 
7f0a84d19000-7f0a85399000 rwxp 00000000 00:00 0 
7f0a85399000-7f0a8c251000 ---p 00000000 00:00 0 
7f0a8c251000-7f0a8c4c1000 rwxp 00000000 00:00 0 
7f0a8c4c1000-7f0a9378a000 ---p 00000000 00:00 0 
7f0a9378a000-7f0a9c000000 r--s 00000000 07:18 5215                       /usr/lib/jvm/java-13-openjdk-amd64/lib/modules
7f0a9c000000-7f0a9c6fb000 rw-p 00000000 00:00 0 
7f0a9c6fb000-7f0aa0000000 ---p 00000000 00:00 0 
7f0aa0195000-7f0aa0395000 rw-p 00000000 00:00 0 
7f0aa0395000-7f0aa0595000 rw-p 00000000 00:00 0 
7f0aa0595000-7f0aa0795000 rw-p 00000000 00:00 0 
7f0aa0795000-7f0aa07c6000 rw-p 00000000 00:00 0 
7f0aa07c6000-7f0aa07ca000 r--p 00000000 07:18 5204                       /usr/lib/jvm/java-13-openjdk-amd64/lib/libnet.so
7f0aa07ca000-7f0aa07d8000 r-xp 00004000 07:18 5204                       /usr/lib/jvm/java-13-openjdk-amd64/lib/libnet.so
7f0aa07d8000-7f0aa07dc000 r--p 00012000 07:18 5204                       /usr/lib/jvm/java-13-openjdk-amd64/lib/libnet.so
7f0aa07dc000-7f0aa07dd000 r--p 00015000 07:18 5204                       /usr/lib/jvm/java-13-openjdk-amd64/lib/libnet.so
7f0aa07dd000-7f0aa07de000 rw-p 00016000 07:18 5204                       /usr/lib/jvm/java-13-openjdk-amd64/lib/libnet.so
7f0aa07de000-7f0aa07e5000 r--p 00000000 07:18 5205                       /usr/lib/jvm/java-13-openjdk-amd64/lib/libnio.so
7f0aa07e5000-7f0aa07ee000 r-xp 00007000 07:18 5205                       /usr/lib/jvm/java-13-openjdk-amd64/lib/libnio.so
7f0aa07ee000-7f0aa07f2000 r--p 00010000 07:18 5205                       /usr/lib/jvm/java-13-openjdk-amd64/lib/libnio.so
7f0aa07f2000-7f0aa07f3000 r--p 00013000 07:18 5205                       /usr/lib/jvm/java-13-openjdk-amd64/lib/libnio.so
7f0aa07f3000-7f0aa07f4000 rw-p 00014000 07:18 5205                       /usr/lib/jvm/java-13-openjdk-amd64/lib/libnio.so
7f0aa07f4000-7f0aa07f5000 ---p 00000000 00:00 0 
7f0aa07f5000-7f0aa08f6000 rw-p 00000000 00:00 0 
7f0aa08f6000-7f0aa08fa000 ---p 00000000 00:00 0 
7f0aa08fa000-7f0aa09f7000 rw-p 00000000 00:00 0 
7f0aa09f7000-7f0aa09fb000 ---p 00000000 00:00 0 
7f0aa09fb000-7f0aa0af8000 rw-p 00000000 00:00 0 
7f0aa0af8000-7f0aa0afc000 ---p 00000000 00:00 0 
7f0aa0afc000-7f0aa0bf9000 rw-p 00000000 00:00 0 
7f0aa0bf9000-7f0aa0bfd000 ---p 00000000 00:00 0 
7f0aa0bfd000-7f0aa0cfa000 rw-p 00000000 00:00 0 
7f0aa0cfa000-7f0aa0cfe000 ---p 00000000 00:00 0 
7f0aa0cfe000-7f0aa0dfb000 rw-p 00000000 00:00 0 
7f0aa0dfb000-7f0aa0dff000 ---p 00000000 00:00 0 
7f0aa0dff000-7f0aa0efc000 rw-p 00000000 00:00 0 
7f0aa0efc000-7f0aa0f03000 r--s 00000000 07:18 8532                       /usr/lib/x86_64-linux-gnu/gconv/gconv-modules.cache
7f0aa0f03000-7f0aa0f35000 r--p 00000000 07:18 5276                       /usr/lib/locale/C.UTF-8/LC_CTYPE
7f0aa0f35000-7f0aa0f39000 ---p 00000000 00:00 0 
7f0aa0f39000-7f0aa1036000 rw-p 00000000 00:00 0 
7f0aa1036000-7f0aa103a000 ---p 00000000 00:00 0 
7f0aa103a000-7f0aa1137000 rw-p 00000000 00:00 0 
7f0aa1137000-7f0aa1138000 ---p 00000000 00:00 0 
7f0aa1138000-7f0aa1b56000 rw-p 00000000 00:00 0 
7f0aa1b56000-7f0aa1b5b000 rw-p 00000000 00:00 0 
7f0aa1b5b000-7f0aa1c41000 ---p 00000000 00:00 0 
7f0aa1c41000-7f0aa1c4e000 rw-p 00000000 00:00 0 
7f0aa1c4e000-7f0aa1d2c000 ---p 00000000 00:00 0 
7f0aa1d2c000-7f0aa1d31000 rw-p 00000000 00:00 0 
7f0aa1d31000-7f0aa1d38000 ---p 00000000 00:00 0 
7f0aa1d38000-7f0aa1d3a000 r--p 00000000 07:18 5214                       /usr/lib/jvm/java-13-openjdk-amd64/lib/libzip.so
7f0aa1d3a000-7f0aa1d3e000 r-xp 00002000 07:18 5214                       /usr/lib/jvm/java-13-openjdk-amd64/lib/libzip.so
7f0aa1d3e000-7f0aa1d40000 r--p 00006000 07:18 5214                       /usr/lib/jvm/java-13-openjdk-amd64/lib/libzip.so
7f0aa1d40000-7f0aa1d41000 r--p 00007000 07:18 5214                       /usr/lib/jvm/java-13-openjdk-amd64/lib/libzip.so
7f0aa1d41000-7f0aa1d42000 rw-p 00008000 07:18 5214                       /usr/lib/jvm/java-13-openjdk-amd64/lib/libzip.so
7f0aa1d42000-7f0aa1d4a000 rw-s 00000000 08:03 101772058                  /tmp/hsperfdata_rcabanas/48270
7f0aa1d4a000-7f0aa1d4d000 r--p 00000000 07:18 9108                       /usr/lib/x86_64-linux-gnu/libnss_files-2.31.so
7f0aa1d4d000-7f0aa1d54000 r-xp 00003000 07:18 9108                       /usr/lib/x86_64-linux-gnu/libnss_files-2.31.so
7f0aa1d54000-7f0aa1d56000 r--p 0000a000 07:18 9108                       /usr/lib/x86_64-linux-gnu/libnss_files-2.31.so
7f0aa1d56000-7f0aa1d57000 r--p 0000b000 07:18 9108                       /usr/lib/x86_64-linux-gnu/libnss_files-2.31.so
7f0aa1d57000-7f0aa1d58000 rw-p 0000c000 07:18 9108                       /usr/lib/x86_64-linux-gnu/libnss_files-2.31.so
7f0aa1d58000-7f0aa1d5e000 rw-p 00000000 00:00 0 
7f0aa1d64000-7f0aa1d66000 r--p 00000000 07:18 5195                       /usr/lib/jvm/java-13-openjdk-amd64/lib/libjimage.so
7f0aa1d66000-7f0aa1d69000 r-xp 00002000 07:18 5195                       /usr/lib/jvm/java-13-openjdk-amd64/lib/libjimage.so
7f0aa1d69000-7f0aa1d6a000 r--p 00005000 07:18 5195                       /usr/lib/jvm/java-13-openjdk-amd64/lib/libjimage.so
7f0aa1d6a000-7f0aa1d6b000 ---p 00006000 07:18 5195                       /usr/lib/jvm/java-13-openjdk-amd64/lib/libjimage.so
7f0aa1d6b000-7f0aa1d6c000 r--p 00006000 07:18 5195                       /usr/lib/jvm/java-13-openjdk-amd64/lib/libjimage.so
7f0aa1d6c000-7f0aa1d6d000 rw-p 00007000 07:18 5195                       /usr/lib/jvm/java-13-openjdk-amd64/lib/libjimage.so
7f0aa1d6d000-7f0aa1d7a000 r--p 00000000 07:18 5191                       /usr/lib/jvm/java-13-openjdk-amd64/lib/libjava.so
7f0aa1d7a000-7f0aa1d8f000 r-xp 0000d000 07:18 5191                       /usr/lib/jvm/java-13-openjdk-amd64/lib/libjava.so
7f0aa1d8f000-7f0aa1d95000 r--p 00022000 07:18 5191                       /usr/lib/jvm/java-13-openjdk-amd64/lib/libjava.so
7f0aa1d95000-7f0aa1d96000 ---p 00028000 07:18 5191                       /usr/lib/jvm/java-13-openjdk-amd64/lib/libjava.so
7f0aa1d96000-7f0aa1d97000 r--p 00028000 07:18 5191                       /usr/lib/jvm/java-13-openjdk-amd64/lib/libjava.so
7f0aa1d97000-7f0aa1d99000 rw-p 00029000 07:18 5191                       /usr/lib/jvm/java-13-openjdk-amd64/lib/libjava.so
7f0aa1d99000-7f0aa1d9e000 r--p 00000000 07:18 5213                       /usr/lib/jvm/java-13-openjdk-amd64/lib/libverify.so
7f0aa1d9e000-7f0aa1da5000 r-xp 00005000 07:18 5213                       /usr/lib/jvm/java-13-openjdk-amd64/lib/libverify.so
7f0aa1da5000-7f0aa1da7000 r--p 0000c000 07:18 5213                       /usr/lib/jvm/java-13-openjdk-amd64/lib/libverify.so
7f0aa1da7000-7f0aa1da8000 ---p 0000e000 07:18 5213                       /usr/lib/jvm/java-13-openjdk-amd64/lib/libverify.so
7f0aa1da8000-7f0aa1daa000 r--p 0000e000 07:18 5213                       /usr/lib/jvm/java-13-openjdk-amd64/lib/libverify.so
7f0aa1daa000-7f0aa1dab000 rw-p 00010000 07:18 5213                       /usr/lib/jvm/java-13-openjdk-amd64/lib/libverify.so
7f0aa1dab000-7f0aa1daf000 ---p 00000000 00:00 0 
7f0aa1daf000-7f0aa1eac000 rw-p 00000000 00:00 0 
7f0aa1eac000-7f0aa1eaf000 r--p 00000000 07:18 8948                       /usr/lib/x86_64-linux-gnu/libgcc_s.so.1
7f0aa1eaf000-7f0aa1ec1000 r-xp 00003000 07:18 8948                       /usr/lib/x86_64-linux-gnu/libgcc_s.so.1
7f0aa1ec1000-7f0aa1ec5000 r--p 00015000 07:18 8948                       /usr/lib/x86_64-linux-gnu/libgcc_s.so.1
7f0aa1ec5000-7f0aa1ec6000 r--p 00018000 07:18 8948                       /usr/lib/x86_64-linux-gnu/libgcc_s.so.1
7f0aa1ec6000-7f0aa1ec7000 rw-p 00019000 07:18 8948                       /usr/lib/x86_64-linux-gnu/libgcc_s.so.1
7f0aa1ec7000-7f0aa1ed4000 r--p 00000000 07:18 9062                       /usr/lib/x86_64-linux-gnu/libm-2.31.so
7f0aa1ed4000-7f0aa1f7b000 r-xp 0000d000 07:18 9062                       /usr/lib/x86_64-linux-gnu/libm-2.31.so
7f0aa1f7b000-7f0aa2014000 r--p 000b4000 07:18 9062                       /usr/lib/x86_64-linux-gnu/libm-2.31.so
7f0aa2014000-7f0aa2015000 r--p 0014c000 07:18 9062                       /usr/lib/x86_64-linux-gnu/libm-2.31.so
7f0aa2015000-7f0aa2016000 rw-p 0014d000 07:18 9062                       /usr/lib/x86_64-linux-gnu/libm-2.31.so
7f0aa2016000-7f0aa20ac000 r--p 00000000 07:18 9213                       /usr/lib/x86_64-linux-gnu/libstdc++.so.6.0.28
7f0aa20ac000-7f0aa219d000 r-xp 00096000 07:18 9213                       /usr/lib/x86_64-linux-gnu/libstdc++.so.6.0.28
7f0aa219d000-7f0aa21e6000 r--p 00187000 07:18 9213                       /usr/lib/x86_64-linux-gnu/libstdc++.so.6.0.28
7f0aa21e6000-7f0aa21e7000 ---p 001d0000 07:18 9213                       /usr/lib/x86_64-linux-gnu/libstdc++.so.6.0.28
7f0aa21e7000-7f0aa21f2000 r--p 001d0000 07:18 9213                       /usr/lib/x86_64-linux-gnu/libstdc++.so.6.0.28
7f0aa21f2000-7f0aa21f5000 rw-p 001db000 07:18 9213                       /usr/lib/x86_64-linux-gnu/libstdc++.so.6.0.28
7f0aa21f5000-7f0aa21f8000 rw-p 00000000 00:00 0 
7f0aa21f8000-7f0aa247e000 r--p 00000000 07:18 5226                       /usr/lib/jvm/java-13-openjdk-amd64/lib/server/libjvm.so
7f0aa247e000-7f0aa31fb000 r-xp 00286000 07:18 5226                       /usr/lib/jvm/java-13-openjdk-amd64/lib/server/libjvm.so
7f0aa31fb000-7f0aa3476000 r--p 01003000 07:18 5226                       /usr/lib/jvm/java-13-openjdk-amd64/lib/server/libjvm.so
7f0aa3476000-7f0aa353b000 r--p 0127d000 07:18 5226                       /usr/lib/jvm/java-13-openjdk-amd64/lib/server/libjvm.so
7f0aa353b000-7f0aa3576000 rw-p 01342000 07:18 5226                       /usr/lib/jvm/java-13-openjdk-amd64/lib/server/libjvm.so
7f0aa3576000-7f0aa35fc000 rw-p 00000000 00:00 0 
7f0aa35fc000-7f0aa3602000 r--p 00000000 07:18 9166                       /usr/lib/x86_64-linux-gnu/libpthread-2.31.so
7f0aa3602000-7f0aa3613000 r-xp 00006000 07:18 9166                       /usr/lib/x86_64-linux-gnu/libpthread-2.31.so
7f0aa3613000-7f0aa3619000 r--p 00017000 07:18 9166                       /usr/lib/x86_64-linux-gnu/libpthread-2.31.so
7f0aa3619000-7f0aa361a000 r--p 0001c000 07:18 9166                       /usr/lib/x86_64-linux-gnu/libpthread-2.31.so
7f0aa361a000-7f0aa361b000 rw-p 0001d000 07:18 9166                       /usr/lib/x86_64-linux-gnu/libpthread-2.31.so
7f0aa361b000-7f0aa361f000 rw-p 00000000 00:00 0 
7f0aa361f000-7f0aa3620000 r--p 00000000 07:18 8893                       /usr/lib/x86_64-linux-gnu/libdl-2.31.so
7f0aa3620000-7f0aa3622000 r-xp 00001000 07:18 8893                       /usr/lib/x86_64-linux-gnu/libdl-2.31.so
7f0aa3622000-7f0aa3623000 r--p 00003000 07:18 8893                       /usr/lib/x86_64-linux-gnu/libdl-2.31.so
7f0aa3623000-7f0aa3624000 r--p 00003000 07:18 8893                       /usr/lib/x86_64-linux-gnu/libdl-2.31.so
7f0aa3624000-7f0aa3625000 rw-p 00004000 07:18 8893                       /usr/lib/x86_64-linux-gnu/libdl-2.31.so
7f0aa3625000-7f0aa3627000 r--p 00000000 07:18 9290                       /usr/lib/x86_64-linux-gnu/libz.so.1.2.11
7f0aa3627000-7f0aa3638000 r-xp 00002000 07:18 9290                       /usr/lib/x86_64-linux-gnu/libz.so.1.2.11
7f0aa3638000-7f0aa363e000 r--p 00013000 07:18 9290                       /usr/lib/x86_64-linux-gnu/libz.so.1.2.11
7f0aa363e000-7f0aa363f000 ---p 00019000 07:18 9290                       /usr/lib/x86_64-linux-gnu/libz.so.1.2.11
7f0aa363f000-7f0aa3640000 r--p 00019000 07:18 9290                       /usr/lib/x86_64-linux-gnu/libz.so.1.2.11
7f0aa3640000-7f0aa3641000 rw-p 0001a000 07:18 9290                       /usr/lib/x86_64-linux-gnu/libz.so.1.2.11
7f0aa3641000-7f0aa3663000 r--p 00000000 07:18 8851                       /usr/lib/x86_64-linux-gnu/libc-2.31.so
7f0aa3663000-7f0aa37db000 r-xp 00022000 07:18 8851                       /usr/lib/x86_64-linux-gnu/libc-2.31.so
7f0aa37db000-7f0aa3829000 r--p 0019a000 07:18 8851                       /usr/lib/x86_64-linux-gnu/libc-2.31.so
7f0aa3829000-7f0aa382d000 r--p 001e7000 07:18 8851                       /usr/lib/x86_64-linux-gnu/libc-2.31.so
7f0aa382d000-7f0aa382f000 rw-p 001eb000 07:18 8851                       /usr/lib/x86_64-linux-gnu/libc-2.31.so
7f0aa382f000-7f0aa3833000 rw-p 00000000 00:00 0 
7f0aa3835000-7f0aa3837000 r--s 0000c000 07:18 20930                      /usr/share/java/java-atk-wrapper.jar
7f0aa3837000-7f0aa3838000 ---p 00000000 00:00 0 
7f0aa3838000-7f0aa3839000 r--p 00000000 00:00 0 
7f0aa3839000-7f0aa383c000 r--p 00000000 07:18 5196                       /usr/lib/jvm/java-13-openjdk-amd64/lib/libjli.so
7f0aa383c000-7f0aa3846000 r-xp 00003000 07:18 5196                       /usr/lib/jvm/java-13-openjdk-amd64/lib/libjli.so
7f0aa3846000-7f0aa3849000 r--p 0000d000 07:18 5196                       /usr/lib/jvm/java-13-openjdk-amd64/lib/libjli.so
7f0aa3849000-7f0aa384a000 r--p 0000f000 07:18 5196                       /usr/lib/jvm/java-13-openjdk-amd64/lib/libjli.so
7f0aa384a000-7f0aa384b000 rw-p 00010000 07:18 5196                       /usr/lib/jvm/java-13-openjdk-amd64/lib/libjli.so
7f0aa384b000-7f0aa384d000 rw-p 00000000 00:00 0 
7f0aa384d000-7f0aa384e000 r--p 00000000 07:18 8572                       /usr/lib/x86_64-linux-gnu/ld-2.31.so
7f0aa384e000-7f0aa3871000 r-xp 00001000 07:18 8572                       /usr/lib/x86_64-linux-gnu/ld-2.31.so
7f0aa3871000-7f0aa3879000 r--p 00024000 07:18 8572                       /usr/lib/x86_64-linux-gnu/ld-2.31.so
7f0aa3879000-7f0aa387a000 ---p 00000000 00:00 0 
7f0aa387a000-7f0aa387b000 r--p 0002c000 07:18 8572                       /usr/lib/x86_64-linux-gnu/ld-2.31.so
7f0aa387b000-7f0aa387c000 rw-p 0002d000 07:18 8572                       /usr/lib/x86_64-linux-gnu/ld-2.31.so
7f0aa387c000-7f0aa387d000 rw-p 00000000 00:00 0 
7ffc8b9f9000-7ffc8ba1a000 rw-p 00000000 00:00 0                          [stack]
7ffc8ba1d000-7ffc8ba1f000 r-xp 00000000 00:00 0                          [vdso]
ffffffffff600000-ffffffffff601000 r-xp 00000000 00:00 0                  [vsyscall]


VM Arguments:
jvm_args: -Xmx128g --add-modules=ALL-DEFAULT 
java_command: jdk.compiler/com.sun.tools.javac.launcher.Main /mnt/beegfs/rcabanas/dev/credici/papers/journalEM/code/LearnAndCalculatePNS.java -w -x 100 -m 500 -sc KL -th 1e-08 -a EMCC --seed 30 --output /mnt/beegfs/rcabanas/dev/credici/papers/journalEM/output/triangolo --cause 3 --effect 0 /mnt/beegfs/rcabanas/dev/credici/papers/journalEM/models/triangolo/triangolo_causal.uai
java_class_path (initial): /mnt/beegfs/rcabanas/dev/credici/target/credici-0.1.3-jar-with-dependencies.jar
Launcher Type: SUN_STANDARD

[Global flags]
     intx CICompilerCount                          = 2                                         {product} {ergonomic}
   size_t InitialHeapSize                          = 2147483648                                {product} {ergonomic}
   size_t MaxHeapSize                              = 137438953472                              {product} {command line}
   size_t MaxNewSize                               = 45812940800                               {product} {ergonomic}
   size_t MinHeapDeltaBytes                        = 196608                                    {product} {ergonomic}
   size_t MinHeapSize                              = 8388608                                   {product} {ergonomic}
   size_t NewSize                                  = 715784192                                 {product} {ergonomic}
    uintx NonNMethodCodeHeapSize                   = 5826188                                {pd product} {ergonomic}
    uintx NonProfiledCodeHeapSize                  = 122916026                              {pd product} {ergonomic}
   size_t OldSize                                  = 1431699456                                {product} {ergonomic}
    uintx ProfiledCodeHeapSize                     = 122916026                              {pd product} {ergonomic}
    uintx ReservedCodeCacheSize                    = 251658240                              {pd product} {ergonomic}
     bool SegmentedCodeCache                       = true                                      {product} {ergonomic}
   size_t SoftMaxHeapSize                          = 137438953472                           {manageable} {ergonomic}
     bool UseSerialGC                              = true                                      {product} {ergonomic}

Logging:
Log output configuration:
 #0: stdout all=warning uptime,level,tags
 #1: stderr all=off uptime,level,tags

Environment Variables:
PATH=/usr/local/sbin:/usr/local/bin:/usr/sbin:/usr/bin:/sbin:/bin
LD_LIBRARY_PATH=/.singularity.d/libs

Signal Handlers:
SIGSEGV: [libjvm.so+0xf8fcf0], sa_mask[0]=11111111011111111101111111111110, sa_flags=SA_RESTART|SA_SIGINFO
SIGBUS: [libjvm.so+0xf8fcf0], sa_mask[0]=11111111011111111101111111111110, sa_flags=SA_RESTART|SA_SIGINFO
SIGFPE: [libjvm.so+0xf8fcf0], sa_mask[0]=11111111011111111101111111111110, sa_flags=SA_RESTART|SA_SIGINFO
SIGPIPE: [libjvm.so+0xc3ffa0], sa_mask[0]=11111111011111111101111111111110, sa_flags=SA_RESTART|SA_SIGINFO
SIGXFSZ: [libjvm.so+0xc3ffa0], sa_mask[0]=11111111011111111101111111111110, sa_flags=SA_RESTART|SA_SIGINFO
SIGILL: [libjvm.so+0xf8fcf0], sa_mask[0]=11111111011111111101111111111110, sa_flags=SA_RESTART|SA_SIGINFO
SIGUSR2: [libjvm.so+0xc3fe40], sa_mask[0]=00000000000000000000000000000000, sa_flags=SA_RESTART|SA_SIGINFO
SIGHUP: [libjvm.so+0xc40580], sa_mask[0]=11111111011111111101111111111110, sa_flags=SA_RESTART|SA_SIGINFO
SIGINT: [libjvm.so+0xc40580], sa_mask[0]=11111111011111111101111111111110, sa_flags=SA_RESTART|SA_SIGINFO
SIGTERM: [libjvm.so+0xc40580], sa_mask[0]=11111111011111111101111111111110, sa_flags=SA_RESTART|SA_SIGINFO
SIGQUIT: [libjvm.so+0xc40580], sa_mask[0]=11111111011111111101111111111110, sa_flags=SA_RESTART|SA_SIGINFO


---------------  S Y S T E M  ---------------

OS:DISTRIB_ID=Ubuntu
DISTRIB_RELEASE=20.04
DISTRIB_CODENAME=focal
DISTRIB_DESCRIPTION="Ubuntu 20.04.4 LTS"
uname:Linux 3.10.0-1160.15.2.el7.x86_64 #1 SMP Wed Feb 3 15:06:38 UTC 2021 x86_64
OS uptime: 480 days 0:53 hours
libc:glibc 2.31 NPTL 2.31 
rlimit (soft/hard): STACK 8192k/infinity , CORE 0k/infinity , NPROC 4096/1030217 , NOFILE 131072/131072 , AS infinity/infinity , CPU infinity/infinity , DATA infinity/infinity , FSIZE infinity/infinity , MEMLOCK infinity/infinity
load average:26.52 26.87 26.84

/proc/meminfo:
MemTotal:       263895368 kB
MemFree:         1168128 kB
MemAvailable:    1092856 kB
Buffers:          159984 kB
Cached:           478608 kB
SwapCached:        19232 kB
Active:         245690464 kB
Inactive:        7717092 kB
Active(anon):   245522368 kB
Inactive(anon):  7278852 kB
Active(file):     168096 kB
Inactive(file):   438240 kB
Unevictable:       21564 kB
Mlocked:           21564 kB
SwapTotal:       4194300 kB
SwapFree:          75676 kB
Dirty:                 0 kB
Writeback:             0 kB
AnonPages:      252776312 kB
Mapped:           157908 kB
Shmem:             25832 kB
Slab:             728276 kB
SReclaimable:     177740 kB
SUnreclaim:       550536 kB
KernelStack:       27168 kB
PageTables:       519872 kB
NFS_Unstable:          0 kB
Bounce:                0 kB
WritebackTmp:          0 kB
CommitLimit:    136141984 kB
Committed_AS:   312740508 kB
VmallocTotal:   34359738367 kB
VmallocUsed:      877772 kB
VmallocChunk:   34222444160 kB
Percpu:            30464 kB
HardwareCorrupted:     0 kB
AnonHugePages:  81330176 kB
CmaTotal:              0 kB
CmaFree:               0 kB
HugePages_Total:       0
HugePages_Free:        0
HugePages_Rsvd:        0
HugePages_Surp:        0
Hugepagesize:       2048 kB
DirectMap4k:      595560 kB
DirectMap2M:    24432640 kB
DirectMap1G:    243269632 kB

/sys/kernel/mm/transparent_hugepage/enabled:
[always] madvise never

/sys/kernel/mm/transparent_hugepage/defrag (defrag/compaction efforts parameter):
[always] madvise never


/proc/sys/kernel/threads-max (system-wide limit on the number of threads):
2060435


/proc/sys/vm/max_map_count (maximum number of memory map areas a process may have):
65530


/proc/sys/kernel/pid_max (system-wide limit on number of process identifiers):
65536



Steal ticks since vm start: 0
Steal ticks percentage since vm start:  0.000

CPU:total 64 (initial active 1) (32 cores per cpu, 1 threads per core) family 23 model 49 stepping 0, cmov, cx8, fxsr, mmx, sse, sse2, sse3, ssse3, sse4.1, sse4.2, popcnt, avx, avx2, aes, clmul, mmxext, 3dnowpref, lzcnt, sse4a, tsc, tscinvbit, tscinv, bmi1, bmi2, adx, sha, fma
CPU Model and flags from /proc/cpuinfo:
model name	: AMD EPYC 7542 32-Core Processor
flags		: fpu vme de pse tsc msr pae mce cx8 apic sep mtrr pge mca cmov pat pse36 clflush mmx fxsr sse sse2 ht syscall nx mmxext fxsr_opt pdpe1gb rdtscp lm constant_tsc art rep_good nopl nonstop_tsc extd_apicid aperfmperf eagerfpu pni pclmulqdq monitor ssse3 fma cx16 sse4_1 sse4_2 movbe popcnt aes xsave avx f16c rdrand lahf_lm cmp_legacy svm extapic cr8_legacy abm sse4a misalignsse 3dnowprefetch osvw ibs skinit wdt tce topoext perfctr_core perfctr_nb bpext perfctr_l2 cpb cat_l3 cdp_l3 hw_pstate sme retpoline_amd ssbd ibrs ibpb stibp vmmcall fsgsbase bmi1 avx2 smep bmi2 cqm rdt_a rdseed adx smap clflushopt clwb sha_ni xsaveopt xsavec xgetbv1 cqm_llc cqm_occup_llc cqm_mbm_total cqm_mbm_local clzero irperf xsaveerptr arat npt lbrv svm_lock nrip_save tsc_scale vmcb_clean flushbyasid decodeassists pausefilter pfthreshold avic v_vmsave_vmload vgif umip overflow_recov succor smca
Online cpus:0-63
Offline cpus:
BIOS frequency limitation:2900000
Frequency switch latency (ns):0
Available cpu frequencies:2900000 2400000 1500000 
Current governor:conservative
Core performance/turbo boost:1

Memory: 4k page, physical 263895368k(1168128k free), swap 4194300k(75680k free)

vm_info: OpenJDK 64-Bit Server VM (13.0.7+5-Ubuntu-0ubuntu120.04) for linux-amd64 JRE (13.0.7+5-Ubuntu-0ubuntu120.04), built on Apr 21 2021 05:36:19 by "unknown" with gcc 9.3.0

END.
