#
# There is insufficient memory for the Java Runtime Environment to continue.
# Native memory allocation (mmap) failed to map 2147487744 bytes for committing reserved memory.
# Possible reasons:
#   The system is out of physical RAM or swap space
# Possible solutions:
#   Reduce memory load on the system
#   Increase physical memory or swap space
#   Check if swap backing store is full
#   Decrease Java heap size (-Xmx/-Xms)
#   Decrease number of Java threads
#   Decrease Java thread stack sizes (-Xss)
#   Set larger code cache with -XX:ReservedCodeCacheSize=
# This output file may be truncated or incomplete.
#
#  Out of Memory Error (os_linux.cpp:2899), pid=44013, tid=44391
#
# JRE version: OpenJDK Runtime Environment (13.0.7+5) (build 13.0.7+5-Ubuntu-0ubuntu120.04)
# Java VM: OpenJDK 64-Bit Server VM (13.0.7+5-Ubuntu-0ubuntu120.04, mixed mode, tiered, serial gc, linux-amd64)
# No core dump will be written. Core dumps have been disabled. To enable core dumping, try "ulimit -c unlimited" before starting Java again
#

---------------  S U M M A R Y ------------

Command Line: -Xmx64g --add-modules=ALL-DEFAULT jdk.compiler/com.sun.tools.javac.launcher.Main /mnt/beegfs/rcabanas/dev/credici/papers/journalEM/code/GenerateModel.java -n 15 -d 1000 -di 0.5 -mr 0.98 -r 1.0 --seed 90 --output /mnt/beegfs/rcabanas/dev/credici/papers/journalEM/models/synthetic/s2/ --debug

Host: AMD EPYC 7542 32-Core Processor, 64 cores, 251G, Ubuntu 20.04.4 LTS
Time: Wed Oct 12 21:24:18 2022 CEST elapsed time: 28.821582 seconds (0d 0h 0m 28s)

---------------  T H R E A D  ---------------

Current thread (0x00007f2fc4097800):  VMThread "VM Thread" [stack: 0x00007f2fcb117000,0x00007f2fcb217000] [id=44391]

Stack: [0x00007f2fcb117000,0x00007f2fcb217000],  sp=0x00007f2fcb2153c0,  free space=1016k
Native frames: (J=compiled Java code, A=aot compiled Java code, j=interpreted, Vv=VM code, C=native code)
V  [libjvm.so+0xf8f092]
V  [libjvm.so+0xf8fc91]
V  [libjvm.so+0x66ee5a]
V  [libjvm.so+0xc44a41]
V  [libjvm.so+0xc3b263]
V  [libjvm.so+0xf87f4b]
V  [libjvm.so+0x557506]
V  [libjvm.so+0x557723]
V  [libjvm.so+0xf18c5e]
V  [libjvm.so+0x7e0bd4]
V  [libjvm.so+0x7e3a96]
V  [libjvm.so+0x7d8b48]
V  [libjvm.so+0xf90940]
V  [libjvm.so+0xf96657]
V  [libjvm.so+0xf96d2b]
V  [libjvm.so+0xf9706a]
V  [libjvm.so+0xf2208f]
V  [libjvm.so+0xc493ff]

VM_Operation (0x00007f2fcbe874d0): GenCollectForAllocation, mode: safepoint, requested by thread 0x00007f2fc4018000


---------------  P R O C E S S  ---------------

Threads class SMR info:
_java_thread_list=0x00007f2fc4136770, length=9, elements={
0x00007f2fc4018000, 0x00007f2fc40a3800, 0x00007f2fc40a7000, 0x00007f2fc40cb800,
0x00007f2fc40cd000, 0x00007f2fc40cf000, 0x00007f2fc40d1000, 0x00007f2fc40d3000,
0x00007f2fc4135000
}

Java Threads: ( => current thread )
  0x00007f2fc4018000 JavaThread "main" [_thread_blocked, id=44151, stack(0x00007f2fcbd89000,0x00007f2fcbe8a000)]
  0x00007f2fc40a3800 JavaThread "Reference Handler" daemon [_thread_blocked, id=44400, stack(0x00007f2fcb014000,0x00007f2fcb115000)]
  0x00007f2fc40a7000 JavaThread "Finalizer" daemon [_thread_blocked, id=44403, stack(0x00007f2fcaf13000,0x00007f2fcb014000)]
  0x00007f2fc40cb800 JavaThread "Signal Dispatcher" daemon [_thread_blocked, id=44454, stack(0x00007f2fcadd9000,0x00007f2fcaeda000)]
  0x00007f2fc40cd000 JavaThread "Service Thread" daemon [_thread_blocked, id=44455, stack(0x00007f2fcacd8000,0x00007f2fcadd9000)]
  0x00007f2fc40cf000 JavaThread "C2 CompilerThread0" daemon [_thread_blocked, id=44456, stack(0x00007f2fcabd7000,0x00007f2fcacd8000)]
  0x00007f2fc40d1000 JavaThread "C1 CompilerThread0" daemon [_thread_blocked, id=44458, stack(0x00007f2fcaad6000,0x00007f2fcabd7000)]
  0x00007f2fc40d3000 JavaThread "Sweeper thread" daemon [_thread_blocked, id=44480, stack(0x00007f2fca9d5000,0x00007f2fcaad6000)]
  0x00007f2fc4135000 JavaThread "Common-Cleaner" daemon [_thread_blocked, id=44795, stack(0x00007f2fca8d4000,0x00007f2fca9d5000)]

Other Threads:
=>0x00007f2fc4097800 VMThread "VM Thread" [stack: 0x00007f2fcb117000,0x00007f2fcb217000] [id=44391]
  0x00007f2fc4182000 WatcherThread [stack: 0x00007f2fca7d4000,0x00007f2fca8d4000] [id=44981]

Threads with active compile tasks:

VM state:at safepoint (normal execution)

VM Mutex/Monitor currently owned by a thread:  ([mutex/lock_event])
[0x00007f2fc4014100] Threads_lock - owner thread: 0x00007f2fc4097800
[0x00007f2fc4014d00] Heap_lock - owner thread: 0x00007f2fc4018000

Heap:
 def new generation   total 2044800K, used 0K [0x00007f1fac600000, 0x00007f20370c0000, 0x00007f2501b50000)
  eden space 1817600K,   0% used [0x00007f1fac600000, 0x00007f1fac600000, 0x00007f201b500000)
  from space 227200K,   0% used [0x00007f201b500000, 0x00007f201b500000, 0x00007f20292e0000)
  to   space 227200K,   0% used [0x00007f20292e0000, 0x00007f20292e0000, 0x00007f20370c0000)
 tenured generation   total 4543880K, used 2630980K [0x00007f2501b50000, 0x00007f26170b2000, 0x00007f2fac600000)
   the space 4543880K,  57% used [0x00007f2501b50000, 0x00007f25a24a1398, 0x00007f25a24a1400, 0x00007f26170b2000)
 Metaspace       used 23290K, capacity 23680K, committed 23808K, reserved 24576K

Card table byte_map: [0x00007f1fa45ff000,0x00007f1fac600000] _byte_map_base: 0x00007ee01489c000

Polling page: 0x00007f2fcd815000

Metaspace:

Usage:
   23.12 MB capacity,    22.74 MB ( 98%) used,   295.02 KB (  1%) free+waste,    94.38 KB ( <1%) overhead. 

Virtual space:
     24.00 MB reserved,      23.25 MB ( 97%) committed 

Chunk freelists:
0 bytes

MaxMetaspaceSize: unlimited


CodeHeap 'non-profiled nmethods': size=120036Kb used=1501Kb max_used=1501Kb free=118535Kb
 bounds [0x00007f2fb4251000, 0x00007f2fb44c1000, 0x00007f2fbb78a000]
CodeHeap 'profiled nmethods': size=120032Kb used=5969Kb max_used=5969Kb free=114062Kb
 bounds [0x00007f2facd19000, 0x00007f2fad2f9000, 0x00007f2fb4251000]
CodeHeap 'non-nmethods': size=5692Kb used=1199Kb max_used=1235Kb free=4492Kb
 bounds [0x00007f2fac78a000, 0x00007f2fac9fa000, 0x00007f2facd19000]
 total_blobs=3797 nmethods=3331 adapters=380
 compilation: enabled
              stopped_count=0, restarted_count=0
 full_count=0

Compilation events (20 events):
Event: 14.791 Thread 0x00007f2fc40d1000 nmethod 3353 0x00007f2fad2eb010 code [0x00007f2fad2eb1e0, 0x00007f2fad2eb430]
Event: 14.794 Thread 0x00007f2fc40d1000 3354       3       ch.idsia.credici.model.StructuralCausalModel$$Lambda$337/0x00007f2fc9667cb0::test (12 bytes)
Event: 14.794 Thread 0x00007f2fc40d1000 nmethod 3354 0x00007f2fad2eb590 code [0x00007f2fad2eb740, 0x00007f2fad2eb9c0]
Event: 14.797 Thread 0x00007f2fc40d1000 3355       3       java.util.LinkedHashMap$LinkedKeySet::forEach (70 bytes)
Event: 14.798 Thread 0x00007f2fc40d1000 nmethod 3355 0x00007f2fad2eba90 code [0x00007f2fad2ebc80, 0x00007f2fad2ec120]
Event: 14.810 Thread 0x00007f2fc40d1000 3356       3       ch.idsia.crema.preprocess.RemoveBarren$1::visitChildren (51 bytes)
Event: 14.811 Thread 0x00007f2fc40d1000 nmethod 3356 0x00007f2fad2ec310 code [0x00007f2fad2ec520, 0x00007f2fad2ecd60]
Event: 14.815 Thread 0x00007f2fc40d1000 3357       3       java.util.Arrays::copyOf (19 bytes)
Event: 14.816 Thread 0x00007f2fc40d1000 nmethod 3357 0x00007f2fad2ed010 code [0x00007f2fad2ed1c0, 0x00007f2fad2ed480]
Event: 14.992 Thread 0x00007f2fc40cf000 nmethod 3349% 0x00007f2fb43c3510 code [0x00007f2fb43c3820, 0x00007f2fb43c5558]
Event: 14.992 Thread 0x00007f2fc40cf000 3345       4       ch.idsia.crema.utility.ArraysUtil$$Lambda$250/0x00007f2fc986c458::test (9 bytes)
Event: 14.994 Thread 0x00007f2fc40cf000 nmethod 3345 0x00007f2fb43c7110 code [0x00007f2fb43c7280, 0x00007f2fb43c72d8]
Event: 14.994 Thread 0x00007f2fc40cf000 3350       4       java.util.BitSet::get (69 bytes)
Event: 14.995 Thread 0x00007f2fc40cf000 nmethod 3350 0x00007f2fb43c7410 code [0x00007f2fb43c7580, 0x00007f2fb43c7638]
Event: 14.995 Thread 0x00007f2fc40cf000 3351       4       java.util.HashMap::containsKey (18 bytes)
Event: 15.010 Thread 0x00007f2fc40cf000 nmethod 3351 0x00007f2fb43c7710 code [0x00007f2fb43c78a0, 0x00007f2fb43c7ab8]
Event: 15.010 Thread 0x00007f2fc40cf000 3339       4       java.util.ArrayList::<init> (61 bytes)
Event: 15.013 Thread 0x00007f2fc40cf000 nmethod 3339 0x00007f2fb43c7c90 code [0x00007f2fb43c7e00, 0x00007f2fb43c7fd8]
Event: 15.013 Thread 0x00007f2fc40cf000 3346       4       java.util.ArrayDeque::addFirst (51 bytes)
Event: 15.015 Thread 0x00007f2fc40cf000 nmethod 3346 0x00007f2fb43c8090 code [0x00007f2fb43c8200, 0x00007f2fb43c8318]

GC Heap History (20 events):
Event: 9.642 GC heap before
{Heap before GC invocations=8 (full 2):
 def new generation   total 629248K, used 535338K [0x00007f1fac600000, 0x00007f1fd70c0000, 0x00007f2501b50000)
  eden space 559360K,  95% used [0x00007f1fac600000, 0x00007f1fcd0ca6d0, 0x00007f1fce840000)
  from space 69888K,   0% used [0x00007f1fd2c80000, 0x00007f1fd2c80198, 0x00007f1fd70c0000)
  to   space 69888K,   0% used [0x00007f1fce840000, 0x00007f1fce840000, 0x00007f1fd2c80000)
 tenured generation   total 2446724K, used 2111999K [0x00007f2501b50000, 0x00007f25970b1000, 0x00007f2fac600000)
   the space 2446724K,  86% used [0x00007f2501b50000, 0x00007f25829cfcb0, 0x00007f25829cfe00, 0x00007f25970b1000)
 Metaspace       used 23226K, capacity 23594K, committed 23808K, reserved 24576K
}
Event: 9.934 GC heap after
{Heap after GC invocations=9 (full 2):
 def new generation   total 629248K, used 0K [0x00007f1fac600000, 0x00007f1fd70c0000, 0x00007f2501b50000)
  eden space 559360K,   0% used [0x00007f1fac600000, 0x00007f1fac600000, 0x00007f1fce840000)
  from space 69888K,   0% used [0x00007f1fce840000, 0x00007f1fce8403c8, 0x00007f1fd2c80000)
  to   space 69888K,   0% used [0x00007f1fd2c80000, 0x00007f1fd2c80000, 0x00007f1fd70c0000)
 tenured generation   total 2971016K, used 2636287K [0x00007f2501b50000, 0x00007f25b70b2000, 0x00007f2fac600000)
   the space 2971016K,  88% used [0x00007f2501b50000, 0x00007f25a29cfcc8, 0x00007f25a29cfe00, 0x00007f25b70b2000)
 Metaspace       used 23226K, capacity 23594K, committed 23808K, reserved 24576K
}
Event: 9.934 GC heap before
{Heap before GC invocations=9 (full 2):
 def new generation   total 629248K, used 0K [0x00007f1fac600000, 0x00007f1fd70c0000, 0x00007f2501b50000)
  eden space 559360K,   0% used [0x00007f1fac600000, 0x00007f1fac600000, 0x00007f1fce840000)
  from space 69888K,   0% used [0x00007f1fce840000, 0x00007f1fce8403c8, 0x00007f1fd2c80000)
  to   space 69888K,   0% used [0x00007f1fd2c80000, 0x00007f1fd2c80000, 0x00007f1fd70c0000)
 tenured generation   total 2971016K, used 2636287K [0x00007f2501b50000, 0x00007f25b70b2000, 0x00007f2fac600000)
   the space 2971016K,  88% used [0x00007f2501b50000, 0x00007f25a29cfcc8, 0x00007f25a29cfe00, 0x00007f25b70b2000)
 Metaspace       used 23226K, capacity 23594K, committed 23808K, reserved 24576K
}
Event: 10.371 GC heap after
{Heap after GC invocations=9 (full 3):
 def new generation   total 1101120K, used 0K [0x00007f1fac600000, 0x00007f1ff70c0000, 0x00007f2501b50000)
  eden space 978816K,   0% used [0x00007f1fac600000, 0x00007f1fac600000, 0x00007f1fe81e0000)
  from space 122304K,   0% used [0x00007f1fe81e0000, 0x00007f1fe81e0000, 0x00007f1fef950000)
  to   space 122304K,   0% used [0x00007f1fef950000, 0x00007f1fef950000, 0x00007f1ff70c0000)
 tenured generation   total 2446724K, used 1063422K [0x00007f2501b50000, 0x00007f25970b1000, 0x00007f2fac600000)
   the space 2446724K,  43% used [0x00007f2501b50000, 0x00007f25429cfbd0, 0x00007f25429cfc00, 0x00007f25970b1000)
 Metaspace       used 23226K, capacity 23594K, committed 23808K, reserved 24576K
}
Event: 11.563 GC heap before
{Heap before GC invocations=9 (full 3):
 def new generation   total 1101120K, used 805710K [0x00007f1fac600000, 0x00007f1ff70c0000, 0x00007f2501b50000)
  eden space 978816K,  82% used [0x00007f1fac600000, 0x00007f1fdd8d39f8, 0x00007f1fe81e0000)
  from space 122304K,   0% used [0x00007f1fe81e0000, 0x00007f1fe81e0000, 0x00007f1fef950000)
  to   space 122304K,   0% used [0x00007f1fef950000, 0x00007f1fef950000, 0x00007f1ff70c0000)
 tenured generation   total 2446724K, used 1063422K [0x00007f2501b50000, 0x00007f25970b1000, 0x00007f2fac600000)
   the space 2446724K,  43% used [0x00007f2501b50000, 0x00007f25429cfbd0, 0x00007f25429cfc00, 0x00007f25970b1000)
 Metaspace       used 23226K, capacity 23594K, committed 23808K, reserved 24576K
}
Event: 11.716 GC heap after
{Heap after GC invocations=10 (full 3):
 def new generation   total 1101120K, used 0K [0x00007f1fac600000, 0x00007f1ff70c0000, 0x00007f2501b50000)
  eden space 978816K,   0% used [0x00007f1fac600000, 0x00007f1fac600000, 0x00007f1fe81e0000)
  from space 122304K,   0% used [0x00007f1fef950000, 0x00007f1fef9501e8, 0x00007f1ff70c0000)
  to   space 122304K,   0% used [0x00007f1fe81e0000, 0x00007f1fe81e0000, 0x00007f1fef950000)
 tenured generation   total 2446724K, used 1325566K [0x00007f2501b50000, 0x00007f25970b1000, 0x00007f2fac600000)
   the space 2446724K,  54% used [0x00007f2501b50000, 0x00007f25529cfbe8, 0x00007f25529cfc00, 0x00007f25970b1000)
 Metaspace       used 23226K, capacity 23594K, committed 23808K, reserved 24576K
}
Event: 12.653 GC heap before
{Heap before GC invocations=10 (full 3):
 def new generation   total 1101120K, used 644646K [0x00007f1fac600000, 0x00007f1ff70c0000, 0x00007f2501b50000)
  eden space 978816K,  65% used [0x00007f1fac600000, 0x00007f1fd3b896e0, 0x00007f1fe81e0000)
  from space 122304K,   0% used [0x00007f1fef950000, 0x00007f1fef9501e8, 0x00007f1ff70c0000)
  to   space 122304K,   0% used [0x00007f1fe81e0000, 0x00007f1fe81e0000, 0x00007f1fef950000)
 tenured generation   total 2446724K, used 1325566K [0x00007f2501b50000, 0x00007f25970b1000, 0x00007f2fac600000)
   the space 2446724K,  54% used [0x00007f2501b50000, 0x00007f25529cfbe8, 0x00007f25529cfc00, 0x00007f25970b1000)
 Metaspace       used 23227K, capacity 23594K, committed 23808K, reserved 24576K
}
Event: 12.674 GC heap after
{Heap after GC invocations=11 (full 3):
 def new generation   total 1101120K, used 16588K [0x00007f1fac600000, 0x00007f1ff70c0000, 0x00007f2501b50000)
  eden space 978816K,   0% used [0x00007f1fac600000, 0x00007f1fac600000, 0x00007f1fe81e0000)
  from space 122304K,  13% used [0x00007f1fe81e0000, 0x00007f1fe92131b8, 0x00007f1fef950000)
  to   space 122304K,   0% used [0x00007f1fef950000, 0x00007f1fef950000, 0x00007f1ff70c0000)
 tenured generation   total 2446724K, used 1325566K [0x00007f2501b50000, 0x00007f25970b1000, 0x00007f2fac600000)
   the space 2446724K,  54% used [0x00007f2501b50000, 0x00007f25529cfbe8, 0x00007f25529cfc00, 0x00007f25970b1000)
 Metaspace       used 23227K, capacity 23594K, committed 23808K, reserved 24576K
}
Event: 14.030 GC heap before
{Heap before GC invocations=11 (full 3):
 def new generation   total 1101120K, used 995404K [0x00007f1fac600000, 0x00007f1ff70c0000, 0x00007f2501b50000)
  eden space 978816K, 100% used [0x00007f1fac600000, 0x00007f1fe81e0000, 0x00007f1fe81e0000)
  from space 122304K,  13% used [0x00007f1fe81e0000, 0x00007f1fe92131b8, 0x00007f1fef950000)
  to   space 122304K,   0% used [0x00007f1fef950000, 0x00007f1fef950000, 0x00007f1ff70c0000)
 tenured generation   total 2446724K, used 1325566K [0x00007f2501b50000, 0x00007f25970b1000, 0x00007f2fac600000)
   the space 2446724K,  54% used [0x00007f2501b50000, 0x00007f25529cfbe8, 0x00007f25529cfc00, 0x00007f25970b1000)
 Metaspace       used 23281K, capacity 23678K, committed 23808K, reserved 24576K
}
Event: 14.066 GC heap after
{Heap after GC invocations=12 (full 3):
 def new generation   total 1101120K, used 16856K [0x00007f1fac600000, 0x00007f1ff70c0000, 0x00007f2501b50000)
  eden space 978816K,   0% used [0x00007f1fac600000, 0x00007f1fac600000, 0x00007f1fe81e0000)
  from space 122304K,  13% used [0x00007f1fef950000, 0x00007f1ff09c6118, 0x00007f1ff70c0000)
  to   space 122304K,   0% used [0x00007f1fe81e0000, 0x00007f1fe81e0000, 0x00007f1fef950000)
 tenured generation   total 2446724K, used 1325566K [0x00007f2501b50000, 0x00007f25970b1000, 0x00007f2fac600000)
   the space 2446724K,  54% used [0x00007f2501b50000, 0x00007f25529cfbe8, 0x00007f25529cfc00, 0x00007f25970b1000)
 Metaspace       used 23281K, capacity 23678K, committed 23808K, reserved 24576K
}
Event: 15.513 GC heap before
{Heap before GC invocations=12 (full 3):
 def new generation   total 1101120K, used 964779K [0x00007f1fac600000, 0x00007f1ff70c0000, 0x00007f2501b50000)
  eden space 978816K,  96% used [0x00007f1fac600000, 0x00007f1fe63b4e30, 0x00007f1fe81e0000)
  from space 122304K,  13% used [0x00007f1fef950000, 0x00007f1ff09c6118, 0x00007f1ff70c0000)
  to   space 122304K,   0% used [0x00007f1fe81e0000, 0x00007f1fe81e0000, 0x00007f1fef950000)
 tenured generation   total 2446724K, used 1325566K [0x00007f2501b50000, 0x00007f25970b1000, 0x00007f2fac600000)
   the space 2446724K,  54% used [0x00007f2501b50000, 0x00007f25529cfbe8, 0x00007f25529cfc00, 0x00007f25970b1000)
 Metaspace       used 23290K, capacity 23680K, committed 23808K, reserved 24576K
}
Event: 15.789 GC heap after
{Heap after GC invocations=13 (full 3):
 def new generation   total 1101120K, used 17261K [0x00007f1fac600000, 0x00007f1ff70c0000, 0x00007f2501b50000)
  eden space 978816K,   0% used [0x00007f1fac600000, 0x00007f1fac600000, 0x00007f1fe81e0000)
  from space 122304K,  14% used [0x00007f1fe81e0000, 0x00007f1fe92bb718, 0x00007f1fef950000)
  to   space 122304K,   0% used [0x00007f1fef950000, 0x00007f1fef950000, 0x00007f1ff70c0000)
 tenured generation   total 2446724K, used 1849855K [0x00007f2501b50000, 0x00007f25970b1000, 0x00007f2fac600000)
   the space 2446724K,  75% used [0x00007f2501b50000, 0x00007f25729cfc00, 0x00007f25729cfc00, 0x00007f25970b1000)
 Metaspace       used 23290K, capacity 23680K, committed 23808K, reserved 24576K
}
Event: 16.131 GC heap before
{Heap before GC invocations=13 (full 3):
 def new generation   total 1101120K, used 560775K [0x00007f1fac600000, 0x00007f1ff70c0000, 0x00007f2501b50000)
  eden space 978816K,  55% used [0x00007f1fac600000, 0x00007f1fcd8c6838, 0x00007f1fe81e0000)
  from space 122304K,  14% used [0x00007f1fe81e0000, 0x00007f1fe92bb718, 0x00007f1fef950000)
  to   space 122304K,   0% used [0x00007f1fef950000, 0x00007f1fef950000, 0x00007f1ff70c0000)
 tenured generation   total 2446724K, used 1849855K [0x00007f2501b50000, 0x00007f25970b1000, 0x00007f2fac600000)
   the space 2446724K,  75% used [0x00007f2501b50000, 0x00007f25729cfc00, 0x00007f25729cfc00, 0x00007f25970b1000)
 Metaspace       used 23290K, capacity 23680K, committed 23808K, reserved 24576K
}
Event: 16.324 GC heap after
{Heap after GC invocations=14 (full 3):
 def new generation   total 1101120K, used 17262K [0x00007f1fac600000, 0x00007f1ff70c0000, 0x00007f2501b50000)
  eden space 978816K,   0% used [0x00007f1fac600000, 0x00007f1fac600000, 0x00007f1fe81e0000)
  from space 122304K,  14% used [0x00007f1fef950000, 0x00007f1ff0a2b9a8, 0x00007f1ff70c0000)
  to   space 122304K,   0% used [0x00007f1fe81e0000, 0x00007f1fe81e0000, 0x00007f1fef950000)
 tenured generation   total 2446724K, used 2374143K [0x00007f2501b50000, 0x00007f25970b1000, 0x00007f2fac600000)
   the space 2446724K,  97% used [0x00007f2501b50000, 0x00007f25929cfc18, 0x00007f25929cfe00, 0x00007f25970b1000)
 Metaspace       used 23290K, capacity 23680K, committed 23808K, reserved 24576K
}
Event: 16.324 GC heap before
{Heap before GC invocations=14 (full 3):
 def new generation   total 1101120K, used 17262K [0x00007f1fac600000, 0x00007f1ff70c0000, 0x00007f2501b50000)
  eden space 978816K,   0% used [0x00007f1fac600000, 0x00007f1fac600000, 0x00007f1fe81e0000)
  from space 122304K,  14% used [0x00007f1fef950000, 0x00007f1ff0a2b9a8, 0x00007f1ff70c0000)
  to   space 122304K,   0% used [0x00007f1fe81e0000, 0x00007f1fe81e0000, 0x00007f1fef950000)
 tenured generation   total 2446724K, used 2374143K [0x00007f2501b50000, 0x00007f25970b1000, 0x00007f2fac600000)
   the space 2446724K,  97% used [0x00007f2501b50000, 0x00007f25929cfc18, 0x00007f25929cfe00, 0x00007f25970b1000)
 Metaspace       used 23290K, capacity 23680K, committed 23808K, reserved 24576K
}
Event: 16.644 GC heap after
{Heap after GC invocations=14 (full 4):
 def new generation   total 1101120K, used 0K [0x00007f1fac600000, 0x00007f1ff70c0000, 0x00007f2501b50000)
  eden space 978816K,   0% used [0x00007f1fac600000, 0x00007f1fac600000, 0x00007f1fe81e0000)
  from space 122304K,   0% used [0x00007f1fef950000, 0x00007f1fef950000, 0x00007f1ff70c0000)
  to   space 122304K,   0% used [0x00007f1fe81e0000, 0x00007f1fe81e0000, 0x00007f1fef950000)
 tenured generation   total 2446724K, used 1058116K [0x00007f2501b50000, 0x00007f25970b1000, 0x00007f2fac600000)
   the space 2446724K,  43% used [0x00007f2501b50000, 0x00007f25424a1238, 0x00007f25424a1400, 0x00007f25970b1000)
 Metaspace       used 23290K, capacity 23680K, committed 23808K, reserved 24576K
}
Event: 27.193 GC heap before
{Heap before GC invocations=14 (full 4):
 def new generation   total 1101120K, used 19284K [0x00007f1fac600000, 0x00007f1ff70c0000, 0x00007f2501b50000)
  eden space 978816K,   1% used [0x00007f1fac600000, 0x00007f1fad8d52d8, 0x00007f1fe81e0000)
  from space 122304K,   0% used [0x00007f1fef950000, 0x00007f1fef950000, 0x00007f1ff70c0000)
  to   space 122304K,   0% used [0x00007f1fe81e0000, 0x00007f1fe81e0000, 0x00007f1fef950000)
 tenured generation   total 4543880K, used 3155268K [0x00007f2501b50000, 0x00007f26170b2000, 0x00007f2fac600000)
   the space 4543880K,  69% used [0x00007f2501b50000, 0x00007f25c24a1250, 0x00007f25c24a1400, 0x00007f26170b2000)
 Metaspace       used 23290K, capacity 23680K, committed 23808K, reserved 24576K
}
Event: 27.232 GC heap after
{Heap after GC invocations=15 (full 4):
 def new generation   total 1101120K, used 0K [0x00007f1fac600000, 0x00007f1ff70c0000, 0x00007f2501b50000)
  eden space 978816K,   0% used [0x00007f1fac600000, 0x00007f1fac600000, 0x00007f1fe81e0000)
  from space 122304K,   0% used [0x00007f1fe81e0000, 0x00007f1fe81e0308, 0x00007f1fef950000)
  to   space 122304K,   0% used [0x00007f1fef950000, 0x00007f1fef950000, 0x00007f1ff70c0000)
 tenured generation   total 4543880K, used 3155268K [0x00007f2501b50000, 0x00007f26170b2000, 0x00007f2fac600000)
   the space 4543880K,  69% used [0x00007f2501b50000, 0x00007f25c24a1250, 0x00007f25c24a1400, 0x00007f26170b2000)
 Metaspace       used 23290K, capacity 23680K, committed 23808K, reserved 24576K
}
Event: 27.232 GC heap before
{Heap before GC invocations=15 (full 4):
 def new generation   total 1101120K, used 0K [0x00007f1fac600000, 0x00007f1ff70c0000, 0x00007f2501b50000)
  eden space 978816K,   0% used [0x00007f1fac600000, 0x00007f1fac600000, 0x00007f1fe81e0000)
  from space 122304K,   0% used [0x00007f1fe81e0000, 0x00007f1fe81e0308, 0x00007f1fef950000)
  to   space 122304K,   0% used [0x00007f1fef950000, 0x00007f1fef950000, 0x00007f1ff70c0000)
 tenured generation   total 4543880K, used 3155268K [0x00007f2501b50000, 0x00007f26170b2000, 0x00007f2fac600000)
   the space 4543880K,  69% used [0x00007f2501b50000, 0x00007f25c24a1250, 0x00007f25c24a1400, 0x00007f26170b2000)
 Metaspace       used 23290K, capacity 23680K, committed 23808K, reserved 24576K
}
Event: 28.404 GC heap after
{Heap after GC invocations=15 (full 5):
 def new generation   total 2044800K, used 0K [0x00007f1fac600000, 0x00007f20370c0000, 0x00007f2501b50000)
  eden space 1817600K,   0% used [0x00007f1fac600000, 0x00007f1fac600000, 0x00007f201b500000)
  from space 227200K,   0% used [0x00007f201b500000, 0x00007f201b500000, 0x00007f20292e0000)
  to   space 227200K,   0% used [0x00007f20292e0000, 0x00007f20292e0000, 0x00007f20370c0000)
 tenured generation   total 4543880K, used 2630980K [0x00007f2501b50000, 0x00007f26170b2000, 0x00007f2fac600000)
   the space 4543880K,  57% used [0x00007f2501b50000, 0x00007f25a24a1398, 0x00007f25a24a1400, 0x00007f26170b2000)
 Metaspace       used 23290K, capacity 23680K, committed 23808K, reserved 24576K
}

Deoptimization events (20 events):
Event: 14.318 Thread 0x00007f2fc4018000 DEOPT PACKING pc=0x00007f2fad2da591 sp=0x00007f2fcbe87430
Event: 14.318 Thread 0x00007f2fc4018000 DEOPT UNPACKING pc=0x00007f2fac7d333a sp=0x00007f2fcbe86930 mode 0
Event: 14.340 Thread 0x00007f2fc4018000 DEOPT PACKING pc=0x00007f2fad2da591 sp=0x00007f2fcbe87430
Event: 14.340 Thread 0x00007f2fc4018000 DEOPT UNPACKING pc=0x00007f2fac7d333a sp=0x00007f2fcbe86930 mode 0
Event: 14.345 Thread 0x00007f2fc4018000 DEOPT PACKING pc=0x00007f2fad2da591 sp=0x00007f2fcbe87430
Event: 14.345 Thread 0x00007f2fc4018000 DEOPT UNPACKING pc=0x00007f2fac7d333a sp=0x00007f2fcbe86930 mode 0
Event: 14.369 Thread 0x00007f2fc4018000 DEOPT PACKING pc=0x00007f2fad25ea48 sp=0x00007f2fcbe875d0
Event: 14.369 Thread 0x00007f2fc4018000 DEOPT UNPACKING pc=0x00007f2fac7d333a sp=0x00007f2fcbe86ad0 mode 0
Event: 14.380 Thread 0x00007f2fc4018000 DEOPT PACKING pc=0x00007f2fad2dcb7c sp=0x00007f2fcbe874f0
Event: 14.380 Thread 0x00007f2fc4018000 DEOPT UNPACKING pc=0x00007f2fac7d333a sp=0x00007f2fcbe86980 mode 0
Event: 14.431 Thread 0x00007f2fc4018000 DEOPT PACKING pc=0x00007f2fad2e448c sp=0x00007f2fcbe877f0
Event: 14.431 Thread 0x00007f2fc4018000 DEOPT UNPACKING pc=0x00007f2fac7d333a sp=0x00007f2fcbe86d78 mode 0
Event: 14.455 Thread 0x00007f2fc4018000 DEOPT PACKING pc=0x00007f2fad265949 sp=0x00007f2fcbe87580
Event: 14.455 Thread 0x00007f2fc4018000 DEOPT UNPACKING pc=0x00007f2fac7d333a sp=0x00007f2fcbe86a58 mode 0
Event: 14.481 Thread 0x00007f2fc4018000 DEOPT PACKING pc=0x00007f2fad25ea48 sp=0x00007f2fcbe875d0
Event: 14.481 Thread 0x00007f2fc4018000 DEOPT UNPACKING pc=0x00007f2fac7d333a sp=0x00007f2fcbe86ad0 mode 0
Event: 14.602 Thread 0x00007f2fc4018000 DEOPT PACKING pc=0x00007f2fad2e448c sp=0x00007f2fcbe877f0
Event: 14.602 Thread 0x00007f2fc4018000 DEOPT UNPACKING pc=0x00007f2fac7d333a sp=0x00007f2fcbe86d78 mode 0
Event: 14.770 Thread 0x00007f2fc4018000 DEOPT PACKING pc=0x00007f2fad25ea48 sp=0x00007f2fcbe87550
Event: 14.770 Thread 0x00007f2fc4018000 DEOPT UNPACKING pc=0x00007f2fac7d333a sp=0x00007f2fcbe86a50 mode 0

Classes unloaded (0 events):
No events

Classes redefined (0 events):
No events

Internal exceptions (20 events):
Event: 1.330 Thread 0x00007f2fc4018000 Exception <a 'java/lang/NoSuchMethodError'{0x00007f1faf5f4f28}: 'java.lang.Object java.lang.invoke.DirectMethodHandle$Holder.invokeStatic(java.lang.Object, java.lang.Object, int, int)'> (0x00007f1faf5f4f28) 
thrown [src/hotspot/share/interpreter/linkResolver.cpp, line 766]
Event: 1.668 Thread 0x00007f2fc4018000 Exception <a 'java/lang/NoSuchMethodError'{0x00007f1fb1418058}: 'int java.lang.invoke.DirectMethodHandle$Holder.invokeVirtual(java.lang.Object, java.lang.Object, java.lang.Object, java.lang.Object)'> (0x00007f1fb1418058) 
thrown [src/hotspot/share/interpreter/linkResolver.cpp, line 766]
Event: 1.670 Thread 0x00007f2fc4018000 Exception <a 'java/lang/NoSuchMethodError'{0x00007f1fb14261a0}: 'java.lang.Object java.lang.invoke.DirectMethodHandle$Holder.invokeStatic(java.lang.Object, java.lang.Object, int, java.lang.Object)'> (0x00007f1fb14261a0) 
thrown [src/hotspot/share/interpreter/linkResolver.cpp, line 766]
Event: 1.676 Thread 0x00007f2fc4018000 Exception <a 'java/lang/NoSuchMethodError'{0x00007f1fb142eab8}: 'java.lang.Object java.lang.invoke.Invokers$Holder.linkToTargetMethod(java.lang.Object, int, java.lang.Object, java.lang.Object)'> (0x00007f1fb142eab8) 
thrown [src/hotspot/share/interpreter/linkResolver.cpp, line 766]
Event: 2.038 Thread 0x00007f2fc4018000 Exception <a 'java/lang/NoSuchMethodError'{0x00007f1fb1ce3620}: 'java.lang.Object java.lang.invoke.Invokers$Holder.linkToTargetMethod(java.lang.Object, int, java.lang.Object)'> (0x00007f1fb1ce3620) 
thrown [src/hotspot/share/interpreter/linkResolver.cpp, line 766]
Event: 2.072 Thread 0x00007f2fc4018000 Exception <a 'java/lang/NoSuchMethodError'{0x00007f1fb1d79038}: 'java.lang.Object java.lang.invoke.Invokers$Holder.linkToTargetMethod(java.lang.Object, long, java.lang.Object)'> (0x00007f1fb1d79038) 
thrown [src/hotspot/share/interpreter/linkResolver.cpp, line 766]
Event: 2.091 Thread 0x00007f2fc4018000 Exception <a 'java/lang/NoSuchMethodError'{0x00007f1fb1de2a58}: 'java.lang.Object java.lang.invoke.Invokers$Holder.linkToTargetMethod(double, java.lang.Object)'> (0x00007f1fb1de2a58) 
thrown [src/hotspot/share/interpreter/linkResolver.cpp, line 766]
Event: 2.269 Thread 0x00007f2fc4018000 Exception <a 'java/lang/NoSuchMethodError'{0x00007f1fb2ba0708}: 'java.lang.Object java.lang.invoke.Invokers$Holder.invokeExact_MT(java.lang.Object, java.lang.Object, java.lang.Object, java.lang.Object, java.lang.Object, java.lang.Object)'> (0x00007f1fb2ba0708) 
thrown [src/hotspot/share/interpreter/linkResolver.cpp, line 766]
Event: 2.343 Thread 0x00007f2fc4018000 Exception <a 'java/lang/NoSuchMethodError'{0x00007f1fb2c58c88}: 'int java.lang.invoke.DirectMethodHandle$Holder.invokeStatic(java.lang.Object, java.lang.Object, int)'> (0x00007f1fb2c58c88) 
thrown [src/hotspot/share/interpreter/linkResolver.cpp, line 766]
Event: 2.346 Thread 0x00007f2fc4018000 Exception <a 'java/lang/NoSuchMethodError'{0x00007f1fb2c6cb70}: 'int java.lang.invoke.DirectMethodHandle$Holder.invokeStatic(java.lang.Object, java.lang.Object, java.lang.Object, int)'> (0x00007f1fb2c6cb70) 
thrown [src/hotspot/share/interpreter/linkResolver.cpp, line 766]
Event: 2.428 Thread 0x00007f2fc40a7000 Implicit null exception at 0x00007f2fb42a4fcc to 0x00007f2fb42a5080
Event: 2.534 Thread 0x00007f2fc4018000 Exception <a 'java/lang/NoSuchMethodError'{0x00007f1fac7ddf40}: 'java.lang.Object java.lang.invoke.DirectMethodHandle$Holder.invokeInterface(java.lang.Object, java.lang.Object, java.lang.Object)'> (0x00007f1fac7ddf40) 
thrown [src/hotspot/share/interpreter/linkResolver.cpp, line 766]
Event: 2.535 Thread 0x00007f2fc4018000 Exception <a 'java/lang/NoSuchMethodError'{0x00007f1fac7ed9b0}: 'void java.lang.invoke.DirectMethodHandle$Holder.invokeStatic(java.lang.Object, java.lang.Object, java.lang.Object, java.lang.Object)'> (0x00007f1fac7ed9b0) 
thrown [src/hotspot/share/interpreter/linkResolver.cpp, line 766]
Event: 2.663 Thread 0x00007f2fc4018000 Exception <a 'java/lang/NoSuchMethodError'{0x00007f1fad0982a8}: 'int java.lang.invoke.DirectMethodHandle$Holder.invokeStatic(java.lang.Object, int, java.lang.Object, int)'> (0x00007f1fad0982a8) 
thrown [src/hotspot/share/interpreter/linkResolver.cpp, line 766]
Event: 2.664 Thread 0x00007f2fc4018000 Exception <a 'java/lang/NoSuchMethodError'{0x00007f1fad09f2e8}: 'java.lang.Object java.lang.invoke.DirectMethodHandle$Holder.invokeStatic(java.lang.Object, int, java.lang.Object)'> (0x00007f1fad09f2e8) 
thrown [src/hotspot/share/interpreter/linkResolver.cpp, line 766]
Event: 2.727 Thread 0x00007f2fc4018000 Exception <a 'java/lang/NoSuchMethodError'{0x00007f1fae82c830}: 'void java.lang.invoke.DirectMethodHandle$Holder.invokeStatic(java.lang.Object, java.lang.Object, int)'> (0x00007f1fae82c830) 
thrown [src/hotspot/share/interpreter/linkResolver.cpp, line 766]
Event: 2.738 Thread 0x00007f2fc4018000 Exception <a 'java/lang/NoSuchMethodError'{0x00007f1fae8c00a0}: 'void java.lang.invoke.DirectMethodHandle$Holder.invokeInterface(java.lang.Object, java.lang.Object, int)'> (0x00007f1fae8c00a0) 
thrown [src/hotspot/share/interpreter/linkResolver.cpp, line 766]
Event: 2.738 Thread 0x00007f2fc4018000 Exception <a 'java/lang/IncompatibleClassChangeError'{0x00007f1fae8c3b68}: Found class java.lang.Object, but interface was expected> (0x00007f1fae8c3b68) 
thrown [src/hotspot/share/interpreter/linkResolver.cpp, line 833]
Event: 4.472 Thread 0x00007f2fc4018000 Exception <a 'java/lang/IncompatibleClassChangeError'{0x00007f1fcb695c58}: Found class java.lang.Object, but interface was expected> (0x00007f1fcb695c58) 
thrown [src/hotspot/share/interpreter/linkResolver.cpp, line 833]
Event: 12.919 Thread 0x00007f2fc4018000 Exception <a 'java/lang/ArrayIndexOutOfBoundsException'{0x00007f1fcc6000b8}: Index 0 out of bounds for length 0> (0x00007f1fcc6000b8) 
thrown [src/hotspot/share/interpreter/interpreterRuntime.cpp, line 458]

Events (20 events):
Event: 7.392 Executing VM operation: GenCollectForAllocation done
Event: 9.049 Executing VM operation: GenCollectForAllocation
Event: 9.406 Executing VM operation: GenCollectForAllocation done
Event: 9.642 Executing VM operation: GenCollectForAllocation
Event: 10.372 Executing VM operation: GenCollectForAllocation done
Event: 11.563 Executing VM operation: GenCollectForAllocation
Event: 11.716 Executing VM operation: GenCollectForAllocation done
Event: 12.653 Executing VM operation: GenCollectForAllocation
Event: 12.674 Executing VM operation: GenCollectForAllocation done
Event: 13.431 loading class ch/idsia/crema/model/Strides
Event: 13.431 loading class ch/idsia/crema/model/Strides done
Event: 13.432 loading class ch/idsia/crema/model/Strides
Event: 13.432 loading class ch/idsia/crema/model/Strides done
Event: 14.030 Executing VM operation: GenCollectForAllocation
Event: 14.066 Executing VM operation: GenCollectForAllocation done
Event: 15.513 Executing VM operation: GenCollectForAllocation
Event: 15.789 Executing VM operation: GenCollectForAllocation done
Event: 16.131 Executing VM operation: GenCollectForAllocation
Event: 16.660 Executing VM operation: GenCollectForAllocation done
Event: 27.183 Executing VM operation: GenCollectForAllocation


Dynamic libraries:
5622a05e7000-5622a05e8000 r--p 00000000 07:12 4860                       /usr/lib/jvm/java-13-openjdk-amd64/bin/java
5622a05e8000-5622a05e9000 r-xp 00001000 07:12 4860                       /usr/lib/jvm/java-13-openjdk-amd64/bin/java
5622a05e9000-5622a05ea000 r--p 00002000 07:12 4860                       /usr/lib/jvm/java-13-openjdk-amd64/bin/java
5622a05ea000-5622a05eb000 r--p 00002000 07:12 4860                       /usr/lib/jvm/java-13-openjdk-amd64/bin/java
5622a05eb000-5622a05ec000 rw-p 00003000 07:12 4860                       /usr/lib/jvm/java-13-openjdk-amd64/bin/java
5622a127d000-5622a129e000 rw-p 00000000 00:00 0                          [heap]
7f1f70000000-7f1f70021000 rw-p 00000000 00:00 0 
7f1f70021000-7f1f74000000 ---p 00000000 00:00 0 
7f1f78000000-7f1f78021000 rw-p 00000000 00:00 0 
7f1f78021000-7f1f7c000000 ---p 00000000 00:00 0 
7f1f7c000000-7f1f7c021000 rw-p 00000000 00:00 0 
7f1f7c021000-7f1f80000000 ---p 00000000 00:00 0 
7f1f80000000-7f1f81581000 rw-p 00000000 00:00 0 
7f1f81581000-7f1f84000000 ---p 00000000 00:00 0 
7f1f84000000-7f1f84655000 rw-p 00000000 00:00 0 
7f1f84655000-7f1f88000000 ---p 00000000 00:00 0 
7f1f88000000-7f1f88021000 rw-p 00000000 00:00 0 
7f1f88021000-7f1f8c000000 ---p 00000000 00:00 0 
7f1f8c000000-7f1f8c021000 rw-p 00000000 00:00 0 
7f1f8c021000-7f1f90000000 ---p 00000000 00:00 0 
7f1f90000000-7f1f90021000 rw-p 00000000 00:00 0 
7f1f90021000-7f1f94000000 ---p 00000000 00:00 0 
7f1f94000000-7f1f94021000 rw-p 00000000 00:00 0 
7f1f94021000-7f1f98000000 ---p 00000000 00:00 0 
7f1f98000000-7f1f98045000 rw-p 00000000 00:00 0 
7f1f98045000-7f1f9c000000 ---p 00000000 00:00 0 
7f1f9f0a9000-7f1f9f954000 rw-p 00000000 00:00 0 
7f1f9f954000-7f1fa45ff000 ---p 00000000 00:00 0 
7f1fa45ff000-7f1fa4a55000 rw-p 00000000 00:00 0 
7f1fa4a55000-7f1fa70a9000 ---p 00000000 00:00 0 
7f1fa70a9000-7f1fa7955000 rw-p 00000000 00:00 0 
7f1fa7955000-7f1fac5ff000 ---p 00000000 00:00 0 
7f1fac5ff000-7f20370c0000 rw-p 00000000 00:00 0 
7f20370c0000-7f2501b50000 ---p 00000000 00:00 0 
7f2501b50000-7f26170b2000 rw-p 00000000 00:00 0 
7f26970b3000-7f2fac600000 ---p 00000000 00:00 0 
7f2fac78a000-7f2fac9fa000 rwxp 00000000 00:00 0 
7f2fac9fa000-7f2facd19000 ---p 00000000 00:00 0 
7f2facd19000-7f2fad2f9000 rwxp 00000000 00:00 0 
7f2fad2f9000-7f2fb4251000 ---p 00000000 00:00 0 
7f2fb4251000-7f2fb44c1000 rwxp 00000000 00:00 0 
7f2fb44c1000-7f2fbb78a000 ---p 00000000 00:00 0 
7f2fbb78a000-7f2fc4000000 r--s 00000000 07:12 5215                       /usr/lib/jvm/java-13-openjdk-amd64/lib/modules
7f2fc4000000-7f2fc4668000 rw-p 00000000 00:00 0 
7f2fc4668000-7f2fc8000000 ---p 00000000 00:00 0 
7f2fc95d3000-7f2fc9713000 rw-p 00000000 00:00 0 
7f2fc9713000-7f2fc97d3000 ---p 00000000 00:00 0 
7f2fc97d3000-7f2fc99d3000 rw-p 00000000 00:00 0 
7f2fc99d3000-7f2fc9bd3000 rw-p 00000000 00:00 0 
7f2fc9bd3000-7f2fc9dd3000 rw-p 00000000 00:00 0 
7f2fc9dd3000-7f2fca173000 rw-p 00000000 00:00 0 
7f2fca173000-7f2fca373000 rw-p 00000000 00:00 0 
7f2fca373000-7f2fca573000 rw-p 00000000 00:00 0 
7f2fca573000-7f2fca773000 rw-p 00000000 00:00 0 
7f2fca773000-7f2fca7a4000 rw-p 00000000 00:00 0 
7f2fca7a4000-7f2fca7a8000 r--p 00000000 07:12 5204                       /usr/lib/jvm/java-13-openjdk-amd64/lib/libnet.so
7f2fca7a8000-7f2fca7b6000 r-xp 00004000 07:12 5204                       /usr/lib/jvm/java-13-openjdk-amd64/lib/libnet.so
7f2fca7b6000-7f2fca7ba000 r--p 00012000 07:12 5204                       /usr/lib/jvm/java-13-openjdk-amd64/lib/libnet.so
7f2fca7ba000-7f2fca7bb000 r--p 00015000 07:12 5204                       /usr/lib/jvm/java-13-openjdk-amd64/lib/libnet.so
7f2fca7bb000-7f2fca7bc000 rw-p 00016000 07:12 5204                       /usr/lib/jvm/java-13-openjdk-amd64/lib/libnet.so
7f2fca7bc000-7f2fca7c3000 r--p 00000000 07:12 5205                       /usr/lib/jvm/java-13-openjdk-amd64/lib/libnio.so
7f2fca7c3000-7f2fca7cc000 r-xp 00007000 07:12 5205                       /usr/lib/jvm/java-13-openjdk-amd64/lib/libnio.so
7f2fca7cc000-7f2fca7d0000 r--p 00010000 07:12 5205                       /usr/lib/jvm/java-13-openjdk-amd64/lib/libnio.so
7f2fca7d0000-7f2fca7d1000 r--p 00013000 07:12 5205                       /usr/lib/jvm/java-13-openjdk-amd64/lib/libnio.so
7f2fca7d1000-7f2fca7d2000 rw-p 00014000 07:12 5205                       /usr/lib/jvm/java-13-openjdk-amd64/lib/libnio.so
7f2fca7d2000-7f2fca7d3000 ---p 00000000 00:00 0 
7f2fca7d3000-7f2fca8d4000 rw-p 00000000 00:00 0 
7f2fca8d4000-7f2fca8d8000 ---p 00000000 00:00 0 
7f2fca8d8000-7f2fca9d5000 rw-p 00000000 00:00 0 
7f2fca9d5000-7f2fca9d9000 ---p 00000000 00:00 0 
7f2fca9d9000-7f2fcaad6000 rw-p 00000000 00:00 0 
7f2fcaad6000-7f2fcaada000 ---p 00000000 00:00 0 
7f2fcaada000-7f2fcabd7000 rw-p 00000000 00:00 0 
7f2fcabd7000-7f2fcabdb000 ---p 00000000 00:00 0 
7f2fcabdb000-7f2fcacd8000 rw-p 00000000 00:00 0 
7f2fcacd8000-7f2fcacdc000 ---p 00000000 00:00 0 
7f2fcacdc000-7f2fcadd9000 rw-p 00000000 00:00 0 
7f2fcadd9000-7f2fcaddd000 ---p 00000000 00:00 0 
7f2fcaddd000-7f2fcaeda000 rw-p 00000000 00:00 0 
7f2fcaeda000-7f2fcaee1000 r--s 00000000 07:12 8532                       /usr/lib/x86_64-linux-gnu/gconv/gconv-modules.cache
7f2fcaee1000-7f2fcaf13000 r--p 00000000 07:12 5276                       /usr/lib/locale/C.UTF-8/LC_CTYPE
7f2fcaf13000-7f2fcaf17000 ---p 00000000 00:00 0 
7f2fcaf17000-7f2fcb014000 rw-p 00000000 00:00 0 
7f2fcb014000-7f2fcb018000 ---p 00000000 00:00 0 
7f2fcb018000-7f2fcb115000 rw-p 00000000 00:00 0 
7f2fcb115000-7f2fcb116000 ---p 00000000 00:00 0 
7f2fcb116000-7f2fcbb34000 rw-p 00000000 00:00 0 
7f2fcbb34000-7f2fcbb39000 rw-p 00000000 00:00 0 
7f2fcbb39000-7f2fcbc1f000 ---p 00000000 00:00 0 
7f2fcbc1f000-7f2fcbc2b000 rw-p 00000000 00:00 0 
7f2fcbc2b000-7f2fcbd0a000 ---p 00000000 00:00 0 
7f2fcbd0a000-7f2fcbd0f000 rw-p 00000000 00:00 0 
7f2fcbd0f000-7f2fcbd16000 ---p 00000000 00:00 0 
7f2fcbd16000-7f2fcbd18000 r--p 00000000 07:12 5214                       /usr/lib/jvm/java-13-openjdk-amd64/lib/libzip.so
7f2fcbd18000-7f2fcbd1c000 r-xp 00002000 07:12 5214                       /usr/lib/jvm/java-13-openjdk-amd64/lib/libzip.so
7f2fcbd1c000-7f2fcbd1e000 r--p 00006000 07:12 5214                       /usr/lib/jvm/java-13-openjdk-amd64/lib/libzip.so
7f2fcbd1e000-7f2fcbd1f000 r--p 00007000 07:12 5214                       /usr/lib/jvm/java-13-openjdk-amd64/lib/libzip.so
7f2fcbd1f000-7f2fcbd20000 rw-p 00008000 07:12 5214                       /usr/lib/jvm/java-13-openjdk-amd64/lib/libzip.so
7f2fcbd20000-7f2fcbd28000 rw-s 00000000 08:03 101772061                  /tmp/hsperfdata_rcabanas/44013
7f2fcbd28000-7f2fcbd2b000 r--p 00000000 07:12 9108                       /usr/lib/x86_64-linux-gnu/libnss_files-2.31.so
7f2fcbd2b000-7f2fcbd32000 r-xp 00003000 07:12 9108                       /usr/lib/x86_64-linux-gnu/libnss_files-2.31.so
7f2fcbd32000-7f2fcbd34000 r--p 0000a000 07:12 9108                       /usr/lib/x86_64-linux-gnu/libnss_files-2.31.so
7f2fcbd34000-7f2fcbd35000 r--p 0000b000 07:12 9108                       /usr/lib/x86_64-linux-gnu/libnss_files-2.31.so
7f2fcbd35000-7f2fcbd36000 rw-p 0000c000 07:12 9108                       /usr/lib/x86_64-linux-gnu/libnss_files-2.31.so
7f2fcbd36000-7f2fcbd3c000 rw-p 00000000 00:00 0 
7f2fcbd42000-7f2fcbd44000 r--p 00000000 07:12 5195                       /usr/lib/jvm/java-13-openjdk-amd64/lib/libjimage.so
7f2fcbd44000-7f2fcbd47000 r-xp 00002000 07:12 5195                       /usr/lib/jvm/java-13-openjdk-amd64/lib/libjimage.so
7f2fcbd47000-7f2fcbd48000 r--p 00005000 07:12 5195                       /usr/lib/jvm/java-13-openjdk-amd64/lib/libjimage.so
7f2fcbd48000-7f2fcbd49000 ---p 00006000 07:12 5195                       /usr/lib/jvm/java-13-openjdk-amd64/lib/libjimage.so
7f2fcbd49000-7f2fcbd4a000 r--p 00006000 07:12 5195                       /usr/lib/jvm/java-13-openjdk-amd64/lib/libjimage.so
7f2fcbd4a000-7f2fcbd4b000 rw-p 00007000 07:12 5195                       /usr/lib/jvm/java-13-openjdk-amd64/lib/libjimage.so
7f2fcbd4b000-7f2fcbd58000 r--p 00000000 07:12 5191                       /usr/lib/jvm/java-13-openjdk-amd64/lib/libjava.so
7f2fcbd58000-7f2fcbd6d000 r-xp 0000d000 07:12 5191                       /usr/lib/jvm/java-13-openjdk-amd64/lib/libjava.so
7f2fcbd6d000-7f2fcbd73000 r--p 00022000 07:12 5191                       /usr/lib/jvm/java-13-openjdk-amd64/lib/libjava.so
7f2fcbd73000-7f2fcbd74000 ---p 00028000 07:12 5191                       /usr/lib/jvm/java-13-openjdk-amd64/lib/libjava.so
7f2fcbd74000-7f2fcbd75000 r--p 00028000 07:12 5191                       /usr/lib/jvm/java-13-openjdk-amd64/lib/libjava.so
7f2fcbd75000-7f2fcbd77000 rw-p 00029000 07:12 5191                       /usr/lib/jvm/java-13-openjdk-amd64/lib/libjava.so
7f2fcbd77000-7f2fcbd7c000 r--p 00000000 07:12 5213                       /usr/lib/jvm/java-13-openjdk-amd64/lib/libverify.so
7f2fcbd7c000-7f2fcbd83000 r-xp 00005000 07:12 5213                       /usr/lib/jvm/java-13-openjdk-amd64/lib/libverify.so
7f2fcbd83000-7f2fcbd85000 r--p 0000c000 07:12 5213                       /usr/lib/jvm/java-13-openjdk-amd64/lib/libverify.so
7f2fcbd85000-7f2fcbd86000 ---p 0000e000 07:12 5213                       /usr/lib/jvm/java-13-openjdk-amd64/lib/libverify.so
7f2fcbd86000-7f2fcbd88000 r--p 0000e000 07:12 5213                       /usr/lib/jvm/java-13-openjdk-amd64/lib/libverify.so
7f2fcbd88000-7f2fcbd89000 rw-p 00010000 07:12 5213                       /usr/lib/jvm/java-13-openjdk-amd64/lib/libverify.so
7f2fcbd89000-7f2fcbd8d000 ---p 00000000 00:00 0 
7f2fcbd8d000-7f2fcbe8a000 rw-p 00000000 00:00 0 
7f2fcbe8a000-7f2fcbe8d000 r--p 00000000 07:12 8948                       /usr/lib/x86_64-linux-gnu/libgcc_s.so.1
7f2fcbe8d000-7f2fcbe9f000 r-xp 00003000 07:12 8948                       /usr/lib/x86_64-linux-gnu/libgcc_s.so.1
7f2fcbe9f000-7f2fcbea3000 r--p 00015000 07:12 8948                       /usr/lib/x86_64-linux-gnu/libgcc_s.so.1
7f2fcbea3000-7f2fcbea4000 r--p 00018000 07:12 8948                       /usr/lib/x86_64-linux-gnu/libgcc_s.so.1
7f2fcbea4000-7f2fcbea5000 rw-p 00019000 07:12 8948                       /usr/lib/x86_64-linux-gnu/libgcc_s.so.1
7f2fcbea5000-7f2fcbeb2000 r--p 00000000 07:12 9062                       /usr/lib/x86_64-linux-gnu/libm-2.31.so
7f2fcbeb2000-7f2fcbf59000 r-xp 0000d000 07:12 9062                       /usr/lib/x86_64-linux-gnu/libm-2.31.so
7f2fcbf59000-7f2fcbff2000 r--p 000b4000 07:12 9062                       /usr/lib/x86_64-linux-gnu/libm-2.31.so
7f2fcbff2000-7f2fcbff3000 r--p 0014c000 07:12 9062                       /usr/lib/x86_64-linux-gnu/libm-2.31.so
7f2fcbff3000-7f2fcbff4000 rw-p 0014d000 07:12 9062                       /usr/lib/x86_64-linux-gnu/libm-2.31.so
7f2fcbff4000-7f2fcc08a000 r--p 00000000 07:12 9213                       /usr/lib/x86_64-linux-gnu/libstdc++.so.6.0.28
7f2fcc08a000-7f2fcc17b000 r-xp 00096000 07:12 9213                       /usr/lib/x86_64-linux-gnu/libstdc++.so.6.0.28
7f2fcc17b000-7f2fcc1c4000 r--p 00187000 07:12 9213                       /usr/lib/x86_64-linux-gnu/libstdc++.so.6.0.28
7f2fcc1c4000-7f2fcc1c5000 ---p 001d0000 07:12 9213                       /usr/lib/x86_64-linux-gnu/libstdc++.so.6.0.28
7f2fcc1c5000-7f2fcc1d0000 r--p 001d0000 07:12 9213                       /usr/lib/x86_64-linux-gnu/libstdc++.so.6.0.28
7f2fcc1d0000-7f2fcc1d3000 rw-p 001db000 07:12 9213                       /usr/lib/x86_64-linux-gnu/libstdc++.so.6.0.28
7f2fcc1d3000-7f2fcc1d6000 rw-p 00000000 00:00 0 
7f2fcc1d6000-7f2fcc45c000 r--p 00000000 07:12 5226                       /usr/lib/jvm/java-13-openjdk-amd64/lib/server/libjvm.so
7f2fcc45c000-7f2fcd1d9000 r-xp 00286000 07:12 5226                       /usr/lib/jvm/java-13-openjdk-amd64/lib/server/libjvm.so
7f2fcd1d9000-7f2fcd454000 r--p 01003000 07:12 5226                       /usr/lib/jvm/java-13-openjdk-amd64/lib/server/libjvm.so
7f2fcd454000-7f2fcd519000 r--p 0127d000 07:12 5226                       /usr/lib/jvm/java-13-openjdk-amd64/lib/server/libjvm.so
7f2fcd519000-7f2fcd554000 rw-p 01342000 07:12 5226                       /usr/lib/jvm/java-13-openjdk-amd64/lib/server/libjvm.so
7f2fcd554000-7f2fcd5da000 rw-p 00000000 00:00 0 
7f2fcd5da000-7f2fcd5e0000 r--p 00000000 07:12 9166                       /usr/lib/x86_64-linux-gnu/libpthread-2.31.so
7f2fcd5e0000-7f2fcd5f1000 r-xp 00006000 07:12 9166                       /usr/lib/x86_64-linux-gnu/libpthread-2.31.so
7f2fcd5f1000-7f2fcd5f7000 r--p 00017000 07:12 9166                       /usr/lib/x86_64-linux-gnu/libpthread-2.31.so
7f2fcd5f7000-7f2fcd5f8000 r--p 0001c000 07:12 9166                       /usr/lib/x86_64-linux-gnu/libpthread-2.31.so
7f2fcd5f8000-7f2fcd5f9000 rw-p 0001d000 07:12 9166                       /usr/lib/x86_64-linux-gnu/libpthread-2.31.so
7f2fcd5f9000-7f2fcd5fd000 rw-p 00000000 00:00 0 
7f2fcd5fd000-7f2fcd5fe000 r--p 00000000 07:12 8893                       /usr/lib/x86_64-linux-gnu/libdl-2.31.so
7f2fcd5fe000-7f2fcd600000 r-xp 00001000 07:12 8893                       /usr/lib/x86_64-linux-gnu/libdl-2.31.so
7f2fcd600000-7f2fcd601000 r--p 00003000 07:12 8893                       /usr/lib/x86_64-linux-gnu/libdl-2.31.so
7f2fcd601000-7f2fcd602000 r--p 00003000 07:12 8893                       /usr/lib/x86_64-linux-gnu/libdl-2.31.so
7f2fcd602000-7f2fcd603000 rw-p 00004000 07:12 8893                       /usr/lib/x86_64-linux-gnu/libdl-2.31.so
7f2fcd603000-7f2fcd605000 r--p 00000000 07:12 9290                       /usr/lib/x86_64-linux-gnu/libz.so.1.2.11
7f2fcd605000-7f2fcd616000 r-xp 00002000 07:12 9290                       /usr/lib/x86_64-linux-gnu/libz.so.1.2.11
7f2fcd616000-7f2fcd61c000 r--p 00013000 07:12 9290                       /usr/lib/x86_64-linux-gnu/libz.so.1.2.11
7f2fcd61c000-7f2fcd61d000 ---p 00019000 07:12 9290                       /usr/lib/x86_64-linux-gnu/libz.so.1.2.11
7f2fcd61d000-7f2fcd61e000 r--p 00019000 07:12 9290                       /usr/lib/x86_64-linux-gnu/libz.so.1.2.11
7f2fcd61e000-7f2fcd61f000 rw-p 0001a000 07:12 9290                       /usr/lib/x86_64-linux-gnu/libz.so.1.2.11
7f2fcd61f000-7f2fcd641000 r--p 00000000 07:12 8851                       /usr/lib/x86_64-linux-gnu/libc-2.31.so
7f2fcd641000-7f2fcd7b9000 r-xp 00022000 07:12 8851                       /usr/lib/x86_64-linux-gnu/libc-2.31.so
7f2fcd7b9000-7f2fcd807000 r--p 0019a000 07:12 8851                       /usr/lib/x86_64-linux-gnu/libc-2.31.so
7f2fcd807000-7f2fcd80b000 r--p 001e7000 07:12 8851                       /usr/lib/x86_64-linux-gnu/libc-2.31.so
7f2fcd80b000-7f2fcd80d000 rw-p 001eb000 07:12 8851                       /usr/lib/x86_64-linux-gnu/libc-2.31.so
7f2fcd80d000-7f2fcd811000 rw-p 00000000 00:00 0 
7f2fcd813000-7f2fcd815000 r--s 0000c000 07:12 20930                      /usr/share/java/java-atk-wrapper.jar
7f2fcd815000-7f2fcd816000 ---p 00000000 00:00 0 
7f2fcd816000-7f2fcd817000 r--p 00000000 00:00 0 
7f2fcd817000-7f2fcd81a000 r--p 00000000 07:12 5196                       /usr/lib/jvm/java-13-openjdk-amd64/lib/libjli.so
7f2fcd81a000-7f2fcd824000 r-xp 00003000 07:12 5196                       /usr/lib/jvm/java-13-openjdk-amd64/lib/libjli.so
7f2fcd824000-7f2fcd827000 r--p 0000d000 07:12 5196                       /usr/lib/jvm/java-13-openjdk-amd64/lib/libjli.so
7f2fcd827000-7f2fcd828000 r--p 0000f000 07:12 5196                       /usr/lib/jvm/java-13-openjdk-amd64/lib/libjli.so
7f2fcd828000-7f2fcd829000 rw-p 00010000 07:12 5196                       /usr/lib/jvm/java-13-openjdk-amd64/lib/libjli.so
7f2fcd829000-7f2fcd82b000 rw-p 00000000 00:00 0 
7f2fcd82b000-7f2fcd82c000 r--p 00000000 07:12 8572                       /usr/lib/x86_64-linux-gnu/ld-2.31.so
7f2fcd82c000-7f2fcd84f000 r-xp 00001000 07:12 8572                       /usr/lib/x86_64-linux-gnu/ld-2.31.so
7f2fcd84f000-7f2fcd857000 r--p 00024000 07:12 8572                       /usr/lib/x86_64-linux-gnu/ld-2.31.so
7f2fcd857000-7f2fcd858000 ---p 00000000 00:00 0 
7f2fcd858000-7f2fcd859000 r--p 0002c000 07:12 8572                       /usr/lib/x86_64-linux-gnu/ld-2.31.so
7f2fcd859000-7f2fcd85a000 rw-p 0002d000 07:12 8572                       /usr/lib/x86_64-linux-gnu/ld-2.31.so
7f2fcd85a000-7f2fcd85b000 rw-p 00000000 00:00 0 
7ffe676c8000-7ffe676e9000 rw-p 00000000 00:00 0                          [stack]
7ffe6778d000-7ffe6778f000 r-xp 00000000 00:00 0                          [vdso]
ffffffffff600000-ffffffffff601000 r-xp 00000000 00:00 0                  [vsyscall]


VM Arguments:
jvm_args: -Xmx64g --add-modules=ALL-DEFAULT 
java_command: jdk.compiler/com.sun.tools.javac.launcher.Main /mnt/beegfs/rcabanas/dev/credici/papers/journalEM/code/GenerateModel.java -n 15 -d 1000 -di 0.5 -mr 0.98 -r 1.0 --seed 90 --output /mnt/beegfs/rcabanas/dev/credici/papers/journalEM/models/synthetic/s2/ --debug
java_class_path (initial): /mnt/beegfs/rcabanas/dev/credici/target/credici-0.1.3-jar-with-dependencies.jar
Launcher Type: SUN_STANDARD

[Global flags]
     intx CICompilerCount                          = 2                                         {product} {ergonomic}
   size_t InitialHeapSize                          = 2147483648                                {product} {ergonomic}
   size_t MaxHeapSize                              = 68719476736                               {product} {command line}
   size_t MaxNewSize                               = 22906470400                               {product} {ergonomic}
   size_t MinHeapDeltaBytes                        = 196608                                    {product} {ergonomic}
   size_t MinHeapSize                              = 8388608                                   {product} {ergonomic}
   size_t NewSize                                  = 715784192                                 {product} {ergonomic}
    uintx NonNMethodCodeHeapSize                   = 5826188                                {pd product} {ergonomic}
    uintx NonProfiledCodeHeapSize                  = 122916026                              {pd product} {ergonomic}
   size_t OldSize                                  = 1431699456                                {product} {ergonomic}
    uintx ProfiledCodeHeapSize                     = 122916026                              {pd product} {ergonomic}
    uintx ReservedCodeCacheSize                    = 251658240                              {pd product} {ergonomic}
     bool SegmentedCodeCache                       = true                                      {product} {ergonomic}
   size_t SoftMaxHeapSize                          = 68719476736                            {manageable} {ergonomic}
     bool UseSerialGC                              = true                                      {product} {ergonomic}

Logging:
Log output configuration:
 #0: stdout all=warning uptime,level,tags
 #1: stderr all=off uptime,level,tags

Environment Variables:
PATH=/usr/local/sbin:/usr/local/bin:/usr/sbin:/usr/bin:/sbin:/bin
LD_LIBRARY_PATH=/.singularity.d/libs

Signal Handlers:
SIGSEGV: [libjvm.so+0xf8fcf0], sa_mask[0]=11111111011111111101111111111110, sa_flags=SA_RESTART|SA_SIGINFO
SIGBUS: [libjvm.so+0xf8fcf0], sa_mask[0]=11111111011111111101111111111110, sa_flags=SA_RESTART|SA_SIGINFO
SIGFPE: [libjvm.so+0xf8fcf0], sa_mask[0]=11111111011111111101111111111110, sa_flags=SA_RESTART|SA_SIGINFO
SIGPIPE: [libjvm.so+0xc3ffa0], sa_mask[0]=11111111011111111101111111111110, sa_flags=SA_RESTART|SA_SIGINFO
SIGXFSZ: [libjvm.so+0xc3ffa0], sa_mask[0]=11111111011111111101111111111110, sa_flags=SA_RESTART|SA_SIGINFO
SIGILL: [libjvm.so+0xf8fcf0], sa_mask[0]=11111111011111111101111111111110, sa_flags=SA_RESTART|SA_SIGINFO
SIGUSR2: [libjvm.so+0xc3fe40], sa_mask[0]=00000000000000000000000000000000, sa_flags=SA_RESTART|SA_SIGINFO
SIGHUP: [libjvm.so+0xc40580], sa_mask[0]=11111111011111111101111111111110, sa_flags=SA_RESTART|SA_SIGINFO
SIGINT: [libjvm.so+0xc40580], sa_mask[0]=11111111011111111101111111111110, sa_flags=SA_RESTART|SA_SIGINFO
SIGTERM: [libjvm.so+0xc40580], sa_mask[0]=11111111011111111101111111111110, sa_flags=SA_RESTART|SA_SIGINFO
SIGQUIT: [libjvm.so+0xc40580], sa_mask[0]=11111111011111111101111111111110, sa_flags=SA_RESTART|SA_SIGINFO


---------------  S Y S T E M  ---------------

OS:DISTRIB_ID=Ubuntu
DISTRIB_RELEASE=20.04
DISTRIB_CODENAME=focal
DISTRIB_DESCRIPTION="Ubuntu 20.04.4 LTS"
uname:Linux 3.10.0-1160.15.2.el7.x86_64 #1 SMP Wed Feb 3 15:06:38 UTC 2021 x86_64
OS uptime: 474 days 3:02 hours
libc:glibc 2.31 NPTL 2.31 
rlimit (soft/hard): STACK 8192k/infinity , CORE 0k/infinity , NPROC 4096/1030217 , NOFILE 131072/131072 , AS infinity/infinity , CPU infinity/infinity , DATA infinity/infinity , FSIZE infinity/infinity , MEMLOCK infinity/infinity
load average:26.04 6.34 2.14

/proc/meminfo:
MemTotal:       263895368 kB
MemFree:         1463740 kB
MemAvailable:    1049244 kB
Buffers:           64456 kB
Cached:           343672 kB
SwapCached:       770916 kB
Active:         245222592 kB
Inactive:        7872724 kB
Active(anon):   245094272 kB
Inactive(anon):  7720524 kB
Active(file):     128320 kB
Inactive(file):   152200 kB
Unevictable:       13732 kB
Mlocked:           13732 kB
SwapTotal:       4194300 kB
SwapFree:          31320 kB
Dirty:                 0 kB
Writeback:             4 kB
AnonPages:      251637616 kB
Mapped:           114624 kB
Shmem:            119988 kB
Slab:             743144 kB
SReclaimable:     178588 kB
SUnreclaim:       564556 kB
KernelStack:       37648 kB
PageTables:       543360 kB
NFS_Unstable:          0 kB
Bounce:                0 kB
WritebackTmp:          0 kB
CommitLimit:    136141984 kB
Committed_AS:   406478680 kB
VmallocTotal:   34359738367 kB
VmallocUsed:      878588 kB
VmallocChunk:   34222472672 kB
Percpu:            30464 kB
HardwareCorrupted:     0 kB
AnonHugePages:  208896000 kB
CmaTotal:              0 kB
CmaFree:               0 kB
HugePages_Total:       0
HugePages_Free:        0
HugePages_Rsvd:        0
HugePages_Surp:        0
Hugepagesize:       2048 kB
DirectMap4k:      595560 kB
DirectMap2M:    24432640 kB
DirectMap1G:    243269632 kB

/sys/kernel/mm/transparent_hugepage/enabled:
[always] madvise never

/sys/kernel/mm/transparent_hugepage/defrag (defrag/compaction efforts parameter):
[always] madvise never


/proc/sys/kernel/threads-max (system-wide limit on the number of threads):
2060435


/proc/sys/vm/max_map_count (maximum number of memory map areas a process may have):
65530


/proc/sys/kernel/pid_max (system-wide limit on number of process identifiers):
65536



Steal ticks since vm start: 0
Steal ticks percentage since vm start:  0.000

CPU:total 64 (initial active 1) (32 cores per cpu, 1 threads per core) family 23 model 49 stepping 0, cmov, cx8, fxsr, mmx, sse, sse2, sse3, ssse3, sse4.1, sse4.2, popcnt, avx, avx2, aes, clmul, mmxext, 3dnowpref, lzcnt, sse4a, tsc, tscinvbit, tscinv, bmi1, bmi2, adx, sha, fma
CPU Model and flags from /proc/cpuinfo:
model name	: AMD EPYC 7542 32-Core Processor
flags		: fpu vme de pse tsc msr pae mce cx8 apic sep mtrr pge mca cmov pat pse36 clflush mmx fxsr sse sse2 ht syscall nx mmxext fxsr_opt pdpe1gb rdtscp lm constant_tsc art rep_good nopl nonstop_tsc extd_apicid aperfmperf eagerfpu pni pclmulqdq monitor ssse3 fma cx16 sse4_1 sse4_2 movbe popcnt aes xsave avx f16c rdrand lahf_lm cmp_legacy svm extapic cr8_legacy abm sse4a misalignsse 3dnowprefetch osvw ibs skinit wdt tce topoext perfctr_core perfctr_nb bpext perfctr_l2 cpb cat_l3 cdp_l3 hw_pstate sme retpoline_amd ssbd ibrs ibpb stibp vmmcall fsgsbase bmi1 avx2 smep bmi2 cqm rdt_a rdseed adx smap clflushopt clwb sha_ni xsaveopt xsavec xgetbv1 cqm_llc cqm_occup_llc cqm_mbm_total cqm_mbm_local clzero irperf xsaveerptr arat npt lbrv svm_lock nrip_save tsc_scale vmcb_clean flushbyasid decodeassists pausefilter pfthreshold avic v_vmsave_vmload vgif umip overflow_recov succor smca
Online cpus:0-63
Offline cpus:
BIOS frequency limitation:2900000
Frequency switch latency (ns):0
Available cpu frequencies:2900000 2400000 1500000 
Current governor:conservative
Core performance/turbo boost:1

Memory: 4k page, physical 263895368k(1411400k free), swap 4194300k(31124k free)

vm_info: OpenJDK 64-Bit Server VM (13.0.7+5-Ubuntu-0ubuntu120.04) for linux-amd64 JRE (13.0.7+5-Ubuntu-0ubuntu120.04), built on Apr 21 2021 05:36:19 by "unknown" with gcc 9.3.0

END.
