#
# There is insufficient memory for the Java Runtime Environment to continue.
# Native memory allocation (mmap) failed to map 4504862720 bytes for committing reserved memory.
# Possible reasons:
#   The system is out of physical RAM or swap space
# Possible solutions:
#   Reduce memory load on the system
#   Increase physical memory or swap space
#   Check if swap backing store is full
#   Decrease Java heap size (-Xmx/-Xms)
#   Decrease number of Java threads
#   Decrease Java thread stack sizes (-Xss)
#   Set larger code cache with -XX:ReservedCodeCacheSize=
# This output file may be truncated or incomplete.
#
#  Out of Memory Error (os_linux.cpp:2899), pid=7789, tid=8094
#
# JRE version: OpenJDK Runtime Environment (13.0.7+5) (build 13.0.7+5-Ubuntu-0ubuntu120.04)
# Java VM: OpenJDK 64-Bit Server VM (13.0.7+5-Ubuntu-0ubuntu120.04, mixed mode, tiered, serial gc, linux-amd64)
# No core dump will be written. Core dumps have been disabled. To enable core dumping, try "ulimit -c unlimited" before starting Java again
#

---------------  S U M M A R Y ------------

Command Line: -Xmx64g --add-modules=ALL-DEFAULT jdk.compiler/com.sun.tools.javac.launcher.Main /mnt/beegfs/rcabanas/dev/credici/papers/journalEM/code/GenerateModel.java -n 8 -d 1000 -di 0.5 -mr 0.98 -r 1.0 --seed 10 --output /mnt/beegfs/rcabanas/dev/credici/papers/journalEM/models/synthetic/s1/ --debug

Host: AMD EPYC 7542 32-Core Processor, 64 cores, 251G, Ubuntu 20.04.4 LTS
Time: Sun Oct  2 18:53:28 2022 CEST elapsed time: 228.696129 seconds (0d 0h 3m 48s)

---------------  T H R E A D  ---------------

Current thread (0x00007f401c097800):  VMThread "VM Thread" [stack: 0x00007f4020407000,0x00007f4020507000] [id=8094]

Stack: [0x00007f4020407000,0x00007f4020507000],  sp=0x00007f4020505160,  free space=1016k
Native frames: (J=compiled Java code, A=aot compiled Java code, j=interpreted, Vv=VM code, C=native code)
V  [libjvm.so+0xf8f092]
V  [libjvm.so+0xf8fc91]
V  [libjvm.so+0x66ee5a]
V  [libjvm.so+0xc44a41]
V  [libjvm.so+0xc3b263]
V  [libjvm.so+0xf87f4b]
V  [libjvm.so+0x557506]
V  [libjvm.so+0x557723]
V  [libjvm.so+0xf18b0c]
V  [libjvm.so+0x557e65]
V  [libjvm.so+0x7e2edb]
V  [libjvm.so+0x7e39bd]
V  [libjvm.so+0x7d8b48]
V  [libjvm.so+0xf90940]
V  [libjvm.so+0xf96657]
V  [libjvm.so+0xf96d2b]
V  [libjvm.so+0xf9706a]
V  [libjvm.so+0xf2208f]
V  [libjvm.so+0xc493ff]

VM_Operation (0x00007f40211769c0): GenCollectForAllocation, mode: safepoint, requested by thread 0x00007f401c018000


---------------  P R O C E S S  ---------------

Threads class SMR info:
_java_thread_list=0x00007f2fcc004e60, length=9, elements={
0x00007f401c018000, 0x00007f401c0a3800, 0x00007f401c0a7000, 0x00007f401c0cb800,
0x00007f401c0cd000, 0x00007f401c0cf000, 0x00007f401c0d1000, 0x00007f401c0d3000,
0x00007f401c135000
}

Java Threads: ( => current thread )
  0x00007f401c018000 JavaThread "main" [_thread_blocked, id=7855, stack(0x00007f4021079000,0x00007f402117a000)]
  0x00007f401c0a3800 JavaThread "Reference Handler" daemon [_thread_blocked, id=8111, stack(0x00007f4020304000,0x00007f4020405000)]
  0x00007f401c0a7000 JavaThread "Finalizer" daemon [_thread_blocked, id=8112, stack(0x00007f4020203000,0x00007f4020304000)]
  0x00007f401c0cb800 JavaThread "Signal Dispatcher" daemon [_thread_blocked, id=8129, stack(0x00007f40200c9000,0x00007f40201ca000)]
  0x00007f401c0cd000 JavaThread "Service Thread" daemon [_thread_blocked, id=8131, stack(0x00007f4004689000,0x00007f400478a000)]
  0x00007f401c0cf000 JavaThread "C2 CompilerThread0" daemon [_thread_blocked, id=8135, stack(0x00007f2ff6fa8000,0x00007f2ff70a9000)]
  0x00007f401c0d1000 JavaThread "C1 CompilerThread0" daemon [_thread_blocked, id=8136, stack(0x00007f2ff6ea7000,0x00007f2ff6fa8000)]
  0x00007f401c0d3000 JavaThread "Sweeper thread" daemon [_thread_blocked, id=8145, stack(0x00007f2ff6da6000,0x00007f2ff6ea7000)]
  0x00007f401c135000 JavaThread "Common-Cleaner" daemon [_thread_blocked, id=8303, stack(0x00007f2ff6ca5000,0x00007f2ff6da6000)]

Other Threads:
=>0x00007f401c097800 VMThread "VM Thread" [stack: 0x00007f4020407000,0x00007f4020507000] [id=8094]
  0x00007f401c181800 WatcherThread [stack: 0x00007f2ff6ba5000,0x00007f2ff6ca5000] [id=8511]

Threads with active compile tasks:

VM state:at safepoint (normal execution)

VM Mutex/Monitor currently owned by a thread:  ([mutex/lock_event])
[0x00007f401c014100] Threads_lock - owner thread: 0x00007f401c097800
[0x00007f401c014d00] Heap_lock - owner thread: 0x00007f401c018000

Heap:
 def new generation   total 2963008K, used 191659K [0x00007f3004600000, 0x00007f30cd510000, 0x00007f3559b50000)
  eden space 2633792K,   7% used [0x00007f3004600000, 0x00007f301012ad00, 0x00007f30a5210000)
  from space 329216K,   0% used [0x00007f30a5210000, 0x00007f30a5210000, 0x00007f30b9390000)
  to   space 329216K,   0% used [0x00007f30b9390000, 0x00007f30b9390000, 0x00007f30cd510000)
 tenured generation   total 6598916K, used 6598915K [0x00007f3559b50000, 0x00007f36ec791000, 0x00007f4004600000)
   the space 6598916K,  99% used [0x00007f3559b50000, 0x00007f36ec790ff8, 0x00007f36ec791000, 0x00007f36ec791000)
 Metaspace       used 30605K, capacity 30995K, committed 31232K, reserved 32768K

Card table byte_map: [0x00007f2ffc5ff000,0x00007f3004600000] _byte_map_base: 0x00007ef0645dc000

Polling page: 0x00007f4022b05000

Metaspace:

Usage:
   30.27 MB capacity,    29.89 MB ( 99%) used,   275.16 KB ( <1%) free+waste,   114.31 KB ( <1%) overhead. 

Virtual space:
     32.00 MB reserved,      30.50 MB ( 95%) committed 

Chunk freelists:
165.00 KB

MaxMetaspaceSize: unlimited


CodeHeap 'non-profiled nmethods': size=120036Kb used=2359Kb max_used=2539Kb free=117676Kb
 bounds [0x00007f400c251000, 0x00007f400c4d1000, 0x00007f401378a000]
CodeHeap 'profiled nmethods': size=120032Kb used=7227Kb max_used=9705Kb free=112804Kb
 bounds [0x00007f4004d19000, 0x00007f4005699000, 0x00007f400c251000]
CodeHeap 'non-nmethods': size=5692Kb used=1253Kb max_used=1324Kb free=4438Kb
 bounds [0x00007f400478a000, 0x00007f40049fa000, 0x00007f4004d19000]
 total_blobs=4299 nmethods=3761 adapters=453
 compilation: enabled
              stopped_count=0, restarted_count=0
 full_count=0

Compilation events (20 events):
Event: 54.878 Thread 0x00007f401c0cf000 4818       4       ch.javasoft.metabolic.efm.adj.incore.tree.InterNode::addAdjacentPairs (174 bytes)
Event: 55.579 Thread 0x00007f401c0cf000 nmethod 4818 0x00007f400c3c4790 code [0x00007f400c3c4fc0, 0x00007f400c3ce0b0]
Event: 55.580 Thread 0x00007f401c0cf000 4819       4       ch.javasoft.metabolic.efm.adj.incore.tree.UnaryLeaf::addAdjacentPairs (147 bytes)
Event: 55.608 Thread 0x00007f401c0cf000 nmethod 4819 0x00007f400c325110 code [0x00007f400c3252e0, 0x00007f400c325b98]
Event: 55.609 Thread 0x00007f401c0cf000 4820       4       ch.javasoft.metabolic.efm.adj.incore.tree.AbstractRoot::leave (1 bytes)
Event: 55.609 Thread 0x00007f401c0cf000 nmethod 4820 0x00007f400c27b110 code [0x00007f400c27b280, 0x00007f400c27b2d8]
Event: 144.919 Thread 0x00007f401c0cf000 4821       4       java.util.concurrent.ConcurrentLinkedQueue::poll (84 bytes)
Event: 144.963 Thread 0x00007f401c0cf000 nmethod 4821 0x00007f400c27e890 code [0x00007f400c27ea00, 0x00007f400c27eab8]
Event: 144.966 Thread 0x00007f401c0cf000 4822       4       ch.javasoft.metabolic.efm.column.FractionalColumn::mergeWith (18 bytes)
Event: 144.968 Thread 0x00007f401c0cf000 nmethod 4822 0x00007f400c3e7910 code [0x00007f400c3e7aa0, 0x00007f400c3e7ba8]
Event: 145.606 Thread 0x00007f401c0cf000 4823 %     4       ch.javasoft.metabolic.efm.adj.incore.AbstractAdjacencyEnumerator::adjacentPairs @ 40 (115 bytes)
Event: 145.623 Thread 0x00007f401c0cf000 nmethod 4823% 0x00007f400c44d790 code [0x00007f400c44d960, 0x00007f400c44e148]
Event: 145.623 Thread 0x00007f401c0cf000 4824       4       java.util.Arrays::copyOfRange (64 bytes)
Event: 145.641 Thread 0x00007f401c0cf000 nmethod 4824 0x00007f400c351890 code [0x00007f400c351a00, 0x00007f400c351cf8]
Event: 145.668 Thread 0x00007f401c0cf000 4825       4       ch.javasoft.metabolic.efm.adj.incore.AbstractAdjacencyEnumerator::adjacentPairs (115 bytes)
Event: 145.687 Thread 0x00007f401c0cf000 nmethod 4825 0x00007f400c359f90 code [0x00007f400c35a180, 0x00007f400c35abf8]
Event: 145.687 Thread 0x00007f401c0cf000 4826       4       java.util.concurrent.ConcurrentLinkedQueue::isEmpty (13 bytes)
Event: 145.690 Thread 0x00007f401c0cf000 nmethod 4826 0x00007f400c378f10 code [0x00007f400c379080, 0x00007f400c3791d8]
Event: 147.490 Thread 0x00007f401c0cf000 4827       4       ch.javasoft.math.BigFraction::valueOf (71 bytes)
Event: 147.495 Thread 0x00007f401c0cf000 nmethod 4827 0x00007f400c315110 code [0x00007f400c3152c0, 0x00007f400c3156f8]

GC Heap History (20 events):
Event: 204.495 GC heap after
{Heap after GC invocations=129 (full 4):
 def new generation   total 2963008K, used 203969K [0x00007f3004600000, 0x00007f30cd510000, 0x00007f3559b50000)
  eden space 2633792K,   0% used [0x00007f3004600000, 0x00007f3004600000, 0x00007f30a5210000)
  from space 329216K,  61% used [0x00007f30b9390000, 0x00007f30c5ac0420, 0x00007f30cd510000)
  to   space 329216K,   0% used [0x00007f30a5210000, 0x00007f30a5210000, 0x00007f30b9390000)
 tenured generation   total 6584324K, used 4753805K [0x00007f3559b50000, 0x00007f36eb951000, 0x00007f4004600000)
   the space 6584324K,  72% used [0x00007f3559b50000, 0x00007f367bdb3690, 0x00007f367bdb3800, 0x00007f36eb951000)
 Metaspace       used 30605K, capacity 30995K, committed 31232K, reserved 32768K
}
Event: 205.231 GC heap before
{Heap before GC invocations=129 (full 4):
 def new generation   total 2963008K, used 2837761K [0x00007f3004600000, 0x00007f30cd510000, 0x00007f3559b50000)
  eden space 2633792K, 100% used [0x00007f3004600000, 0x00007f30a5210000, 0x00007f30a5210000)
  from space 329216K,  61% used [0x00007f30b9390000, 0x00007f30c5ac0420, 0x00007f30cd510000)
  to   space 329216K,   0% used [0x00007f30a5210000, 0x00007f30a5210000, 0x00007f30b9390000)
 tenured generation   total 6584324K, used 4753805K [0x00007f3559b50000, 0x00007f36eb951000, 0x00007f4004600000)
   the space 6584324K,  72% used [0x00007f3559b50000, 0x00007f367bdb3690, 0x00007f367bdb3800, 0x00007f36eb951000)
 Metaspace       used 30605K, capacity 30995K, committed 31232K, reserved 32768K
}
Event: 205.961 GC heap after
{Heap after GC invocations=130 (full 4):
 def new generation   total 2963008K, used 201911K [0x00007f3004600000, 0x00007f30cd510000, 0x00007f3559b50000)
  eden space 2633792K,   0% used [0x00007f3004600000, 0x00007f3004600000, 0x00007f30a5210000)
  from space 329216K,  61% used [0x00007f30a5210000, 0x00007f30b173dd98, 0x00007f30b9390000)
  to   space 329216K,   0% used [0x00007f30b9390000, 0x00007f30b9390000, 0x00007f30cd510000)
 tenured generation   total 6584324K, used 4957773K [0x00007f3559b50000, 0x00007f36eb951000, 0x00007f4004600000)
   the space 6584324K,  75% used [0x00007f3559b50000, 0x00007f36884e37b0, 0x00007f36884e3800, 0x00007f36eb951000)
 Metaspace       used 30605K, capacity 30995K, committed 31232K, reserved 32768K
}
Event: 206.664 GC heap before
{Heap before GC invocations=130 (full 4):
 def new generation   total 2963008K, used 2835703K [0x00007f3004600000, 0x00007f30cd510000, 0x00007f3559b50000)
  eden space 2633792K, 100% used [0x00007f3004600000, 0x00007f30a5210000, 0x00007f30a5210000)
  from space 329216K,  61% used [0x00007f30a5210000, 0x00007f30b173dd98, 0x00007f30b9390000)
  to   space 329216K,   0% used [0x00007f30b9390000, 0x00007f30b9390000, 0x00007f30cd510000)
 tenured generation   total 6584324K, used 4957773K [0x00007f3559b50000, 0x00007f36eb951000, 0x00007f4004600000)
   the space 6584324K,  75% used [0x00007f3559b50000, 0x00007f36884e37b0, 0x00007f36884e3800, 0x00007f36eb951000)
 Metaspace       used 30605K, capacity 30995K, committed 31232K, reserved 32768K
}
Event: 207.354 GC heap after
{Heap after GC invocations=131 (full 4):
 def new generation   total 2963008K, used 207294K [0x00007f3004600000, 0x00007f30cd510000, 0x00007f3559b50000)
  eden space 2633792K,   0% used [0x00007f3004600000, 0x00007f3004600000, 0x00007f30a5210000)
  from space 329216K,  62% used [0x00007f30b9390000, 0x00007f30c5dffb38, 0x00007f30cd510000)
  to   space 329216K,   0% used [0x00007f30a5210000, 0x00007f30a5210000, 0x00007f30b9390000)
 tenured generation   total 6584324K, used 5159684K [0x00007f3559b50000, 0x00007f36eb951000, 0x00007f4004600000)
   the space 6584324K,  78% used [0x00007f3559b50000, 0x00007f3694a113a8, 0x00007f3694a11400, 0x00007f36eb951000)
 Metaspace       used 30605K, capacity 30995K, committed 31232K, reserved 32768K
}
Event: 208.077 GC heap before
{Heap before GC invocations=131 (full 4):
 def new generation   total 2963008K, used 2841086K [0x00007f3004600000, 0x00007f30cd510000, 0x00007f3559b50000)
  eden space 2633792K, 100% used [0x00007f3004600000, 0x00007f30a5210000, 0x00007f30a5210000)
  from space 329216K,  62% used [0x00007f30b9390000, 0x00007f30c5dffb38, 0x00007f30cd510000)
  to   space 329216K,   0% used [0x00007f30a5210000, 0x00007f30a5210000, 0x00007f30b9390000)
 tenured generation   total 6584324K, used 5159684K [0x00007f3559b50000, 0x00007f36eb951000, 0x00007f4004600000)
   the space 6584324K,  78% used [0x00007f3559b50000, 0x00007f3694a113a8, 0x00007f3694a11400, 0x00007f36eb951000)
 Metaspace       used 30605K, capacity 30995K, committed 31232K, reserved 32768K
}
Event: 208.816 GC heap after
{Heap after GC invocations=132 (full 4):
 def new generation   total 2963008K, used 212952K [0x00007f3004600000, 0x00007f30cd510000, 0x00007f3559b50000)
  eden space 2633792K,   0% used [0x00007f3004600000, 0x00007f3004600000, 0x00007f30a5210000)
  from space 329216K,  64% used [0x00007f30a5210000, 0x00007f30b22060d8, 0x00007f30b9390000)
  to   space 329216K,   0% used [0x00007f30b9390000, 0x00007f30b9390000, 0x00007f30cd510000)
 tenured generation   total 6584324K, used 5366979K [0x00007f3559b50000, 0x00007f36eb951000, 0x00007f4004600000)
   the space 6584324K,  81% used [0x00007f3559b50000, 0x00007f36a1480c60, 0x00007f36a1480e00, 0x00007f36eb951000)
 Metaspace       used 30605K, capacity 30995K, committed 31232K, reserved 32768K
}
Event: 209.557 GC heap before
{Heap before GC invocations=132 (full 4):
 def new generation   total 2963008K, used 2846744K [0x00007f3004600000, 0x00007f30cd510000, 0x00007f3559b50000)
  eden space 2633792K, 100% used [0x00007f3004600000, 0x00007f30a5210000, 0x00007f30a5210000)
  from space 329216K,  64% used [0x00007f30a5210000, 0x00007f30b22060d8, 0x00007f30b9390000)
  to   space 329216K,   0% used [0x00007f30b9390000, 0x00007f30b9390000, 0x00007f30cd510000)
 tenured generation   total 6584324K, used 5366979K [0x00007f3559b50000, 0x00007f36eb951000, 0x00007f4004600000)
   the space 6584324K,  81% used [0x00007f3559b50000, 0x00007f36a1480c60, 0x00007f36a1480e00, 0x00007f36eb951000)
 Metaspace       used 30605K, capacity 30995K, committed 31232K, reserved 32768K
}
Event: 210.255 GC heap after
{Heap after GC invocations=133 (full 4):
 def new generation   total 2963008K, used 186699K [0x00007f3004600000, 0x00007f30cd510000, 0x00007f3559b50000)
  eden space 2633792K,   0% used [0x00007f3004600000, 0x00007f3004600000, 0x00007f30a5210000)
  from space 329216K,  56% used [0x00007f30b9390000, 0x00007f30c49e2d10, 0x00007f30cd510000)
  to   space 329216K,   0% used [0x00007f30a5210000, 0x00007f30a5210000, 0x00007f30b9390000)
 tenured generation   total 6584324K, used 5579931K [0x00007f3559b50000, 0x00007f36eb951000, 0x00007f4004600000)
   the space 6584324K,  84% used [0x00007f3559b50000, 0x00007f36ae476d38, 0x00007f36ae476e00, 0x00007f36eb951000)
 Metaspace       used 30605K, capacity 30995K, committed 31232K, reserved 32768K
}
Event: 211.011 GC heap before
{Heap before GC invocations=133 (full 4):
 def new generation   total 2963008K, used 2820491K [0x00007f3004600000, 0x00007f30cd510000, 0x00007f3559b50000)
  eden space 2633792K, 100% used [0x00007f3004600000, 0x00007f30a5210000, 0x00007f30a5210000)
  from space 329216K,  56% used [0x00007f30b9390000, 0x00007f30c49e2d10, 0x00007f30cd510000)
  to   space 329216K,   0% used [0x00007f30a5210000, 0x00007f30a5210000, 0x00007f30b9390000)
 tenured generation   total 6584324K, used 5579931K [0x00007f3559b50000, 0x00007f36eb951000, 0x00007f4004600000)
   the space 6584324K,  84% used [0x00007f3559b50000, 0x00007f36ae476d38, 0x00007f36ae476e00, 0x00007f36eb951000)
 Metaspace       used 30605K, capacity 30995K, committed 31232K, reserved 32768K
}
Event: 211.719 GC heap after
{Heap after GC invocations=134 (full 4):
 def new generation   total 2963008K, used 211642K [0x00007f3004600000, 0x00007f30cd510000, 0x00007f3559b50000)
  eden space 2633792K,   0% used [0x00007f3004600000, 0x00007f3004600000, 0x00007f30a5210000)
  from space 329216K,  64% used [0x00007f30a5210000, 0x00007f30b20be820, 0x00007f30b9390000)
  to   space 329216K,   0% used [0x00007f30b9390000, 0x00007f30b9390000, 0x00007f30cd510000)
 tenured generation   total 6584324K, used 5766629K [0x00007f3559b50000, 0x00007f36eb951000, 0x00007f4004600000)
   the space 6584324K,  87% used [0x00007f3559b50000, 0x00007f36b9ac97c8, 0x00007f36b9ac9800, 0x00007f36eb951000)
 Metaspace       used 30605K, capacity 30995K, committed 31232K, reserved 32768K
}
Event: 212.396 GC heap before
{Heap before GC invocations=134 (full 4):
 def new generation   total 2963008K, used 2845434K [0x00007f3004600000, 0x00007f30cd510000, 0x00007f3559b50000)
  eden space 2633792K, 100% used [0x00007f3004600000, 0x00007f30a5210000, 0x00007f30a5210000)
  from space 329216K,  64% used [0x00007f30a5210000, 0x00007f30b20be820, 0x00007f30b9390000)
  to   space 329216K,   0% used [0x00007f30b9390000, 0x00007f30b9390000, 0x00007f30cd510000)
 tenured generation   total 6584324K, used 5766629K [0x00007f3559b50000, 0x00007f36eb951000, 0x00007f4004600000)
   the space 6584324K,  87% used [0x00007f3559b50000, 0x00007f36b9ac97c8, 0x00007f36b9ac9800, 0x00007f36eb951000)
 Metaspace       used 30605K, capacity 30995K, committed 31232K, reserved 32768K
}
Event: 213.089 GC heap after
{Heap after GC invocations=135 (full 4):
 def new generation   total 2963008K, used 192582K [0x00007f3004600000, 0x00007f30cd510000, 0x00007f3559b50000)
  eden space 2633792K,   0% used [0x00007f3004600000, 0x00007f3004600000, 0x00007f30a5210000)
  from space 329216K,  58% used [0x00007f30b9390000, 0x00007f30c4fa1b88, 0x00007f30cd510000)
  to   space 329216K,   0% used [0x00007f30a5210000, 0x00007f30a5210000, 0x00007f30b9390000)
 tenured generation   total 6584324K, used 5978270K [0x00007f3559b50000, 0x00007f36eb951000, 0x00007f4004600000)
   the space 6584324K,  90% used [0x00007f3559b50000, 0x00007f36c6977b88, 0x00007f36c6977c00, 0x00007f36eb951000)
 Metaspace       used 30605K, capacity 30995K, committed 31232K, reserved 32768K
}
Event: 213.831 GC heap before
{Heap before GC invocations=135 (full 4):
 def new generation   total 2963008K, used 2826374K [0x00007f3004600000, 0x00007f30cd510000, 0x00007f3559b50000)
  eden space 2633792K, 100% used [0x00007f3004600000, 0x00007f30a5210000, 0x00007f30a5210000)
  from space 329216K,  58% used [0x00007f30b9390000, 0x00007f30c4fa1b88, 0x00007f30cd510000)
  to   space 329216K,   0% used [0x00007f30a5210000, 0x00007f30a5210000, 0x00007f30b9390000)
 tenured generation   total 6584324K, used 5978270K [0x00007f3559b50000, 0x00007f36eb951000, 0x00007f4004600000)
   the space 6584324K,  90% used [0x00007f3559b50000, 0x00007f36c6977b88, 0x00007f36c6977c00, 0x00007f36eb951000)
 Metaspace       used 30605K, capacity 30995K, committed 31232K, reserved 32768K
}
Event: 214.552 GC heap after
{Heap after GC invocations=136 (full 4):
 def new generation   total 2963008K, used 220307K [0x00007f3004600000, 0x00007f30cd510000, 0x00007f3559b50000)
  eden space 2633792K,   0% used [0x00007f3004600000, 0x00007f3004600000, 0x00007f30a5210000)
  from space 329216K,  66% used [0x00007f30a5210000, 0x00007f30b2934ed0, 0x00007f30b9390000)
  to   space 329216K,   0% used [0x00007f30b9390000, 0x00007f30b9390000, 0x00007f30cd510000)
 tenured generation   total 6584324K, used 6170853K [0x00007f3559b50000, 0x00007f36eb951000, 0x00007f4004600000)
   the space 6584324K,  93% used [0x00007f3559b50000, 0x00007f36d2589480, 0x00007f36d2589600, 0x00007f36eb951000)
 Metaspace       used 30605K, capacity 30995K, committed 31232K, reserved 32768K
}
Event: 215.243 GC heap before
{Heap before GC invocations=136 (full 4):
 def new generation   total 2963008K, used 2854099K [0x00007f3004600000, 0x00007f30cd510000, 0x00007f3559b50000)
  eden space 2633792K, 100% used [0x00007f3004600000, 0x00007f30a5210000, 0x00007f30a5210000)
  from space 329216K,  66% used [0x00007f30a5210000, 0x00007f30b2934ed0, 0x00007f30b9390000)
  to   space 329216K,   0% used [0x00007f30b9390000, 0x00007f30b9390000, 0x00007f30cd510000)
 tenured generation   total 6584324K, used 6170853K [0x00007f3559b50000, 0x00007f36eb951000, 0x00007f4004600000)
   the space 6584324K,  93% used [0x00007f3559b50000, 0x00007f36d2589480, 0x00007f36d2589600, 0x00007f36eb951000)
 Metaspace       used 30605K, capacity 30995K, committed 31232K, reserved 32768K
}
Event: 215.944 GC heap after
{Heap after GC invocations=137 (full 4):
 def new generation   total 2963008K, used 207572K [0x00007f3004600000, 0x00007f30cd510000, 0x00007f3559b50000)
  eden space 2633792K,   0% used [0x00007f3004600000, 0x00007f3004600000, 0x00007f30a5210000)
  from space 329216K,  63% used [0x00007f30b9390000, 0x00007f30c5e452e8, 0x00007f30cd510000)
  to   space 329216K,   0% used [0x00007f30a5210000, 0x00007f30a5210000, 0x00007f30b9390000)
 tenured generation   total 6584324K, used 6391160K [0x00007f3559b50000, 0x00007f36eb951000, 0x00007f4004600000)
   the space 6584324K,  97% used [0x00007f3559b50000, 0x00007f36dfcae1f0, 0x00007f36dfcae200, 0x00007f36eb951000)
 Metaspace       used 30605K, capacity 30995K, committed 31232K, reserved 32768K
}
Event: 216.627 GC heap before
{Heap before GC invocations=137 (full 4):
 def new generation   total 2963008K, used 2841364K [0x00007f3004600000, 0x00007f30cd510000, 0x00007f3559b50000)
  eden space 2633792K, 100% used [0x00007f3004600000, 0x00007f30a5210000, 0x00007f30a5210000)
  from space 329216K,  63% used [0x00007f30b9390000, 0x00007f30c5e452e8, 0x00007f30cd510000)
  to   space 329216K,   0% used [0x00007f30a5210000, 0x00007f30a5210000, 0x00007f30b9390000)
 tenured generation   total 6584324K, used 6391160K [0x00007f3559b50000, 0x00007f36eb951000, 0x00007f4004600000)
   the space 6584324K,  97% used [0x00007f3559b50000, 0x00007f36dfcae1f0, 0x00007f36dfcae200, 0x00007f36eb951000)
 Metaspace       used 30605K, capacity 30995K, committed 31232K, reserved 32768K
}
Event: 217.268 GC heap after
{Heap after GC invocations=138 (full 4):
 def new generation   total 2963008K, used 191843K [0x00007f3004600000, 0x00007f30cd510000, 0x00007f3559b50000)
  eden space 2633792K,   0% used [0x00007f3004600000, 0x00007f3004600000, 0x00007f30a5210000)
  from space 329216K,  58% used [0x00007f30a5210000, 0x00007f30b0d68c20, 0x00007f30b9390000)
  to   space 329216K,   0% used [0x00007f30b9390000, 0x00007f30b9390000, 0x00007f30cd510000)
 tenured generation   total 6598916K, used 6598732K [0x00007f3559b50000, 0x00007f36ec791000, 0x00007f4004600000)
   the space 6598916K,  99% used [0x00007f3559b50000, 0x00007f36ec7630d8, 0x00007f36ec763200, 0x00007f36ec791000)
 Metaspace       used 30605K, capacity 30995K, committed 31232K, reserved 32768K
}
Event: 217.268 GC heap before
{Heap before GC invocations=138 (full 4):
 def new generation   total 2963008K, used 191843K [0x00007f3004600000, 0x00007f30cd510000, 0x00007f3559b50000)
  eden space 2633792K,   0% used [0x00007f3004600000, 0x00007f3004600000, 0x00007f30a5210000)
  from space 329216K,  58% used [0x00007f30a5210000, 0x00007f30b0d68c20, 0x00007f30b9390000)
  to   space 329216K,   0% used [0x00007f30b9390000, 0x00007f30b9390000, 0x00007f30cd510000)
 tenured generation   total 6598916K, used 6598732K [0x00007f3559b50000, 0x00007f36ec791000, 0x00007f4004600000)
   the space 6598916K,  99% used [0x00007f3559b50000, 0x00007f36ec7630d8, 0x00007f36ec763200, 0x00007f36ec791000)
 Metaspace       used 30605K, capacity 30995K, committed 31232K, reserved 32768K
}

Deoptimization events (20 events):
Event: 49.384 Thread 0x00007f401c018000 DEOPT PACKING pc=0x00007f4004db9b3e sp=0x00007f4021176720
Event: 49.384 Thread 0x00007f401c018000 DEOPT UNPACKING pc=0x00007f40047d333a sp=0x00007f4021175bd8 mode 0
Event: 49.386 Thread 0x00007f401c018000 DEOPT PACKING pc=0x00007f4004db9b3e sp=0x00007f40211765f0
Event: 49.386 Thread 0x00007f401c018000 DEOPT UNPACKING pc=0x00007f40047d333a sp=0x00007f4021175aa8 mode 0
Event: 49.386 Thread 0x00007f401c018000 DEOPT PACKING pc=0x00007f4004db9b3e sp=0x00007f40211752f0
Event: 49.386 Thread 0x00007f401c018000 DEOPT UNPACKING pc=0x00007f40047d333a sp=0x00007f40211747a8 mode 0
Event: 49.387 Thread 0x00007f401c018000 DEOPT PACKING pc=0x00007f4004db9b3e sp=0x00007f4021174bd0
Event: 49.387 Thread 0x00007f401c018000 DEOPT UNPACKING pc=0x00007f40047d333a sp=0x00007f4021174088 mode 0
Event: 49.394 Thread 0x00007f401c018000 DEOPT PACKING pc=0x00007f4004db9b3e sp=0x00007f40211744b0
Event: 49.394 Thread 0x00007f401c018000 DEOPT UNPACKING pc=0x00007f40047d333a sp=0x00007f4021173968 mode 0
Event: 54.875 Thread 0x00007f401c018000 Uncommon trap: trap_request=0xffffff45 fr.pc=0x00007f400c49bc7c relative=0x0000000000002b3c
Event: 54.875 Thread 0x00007f401c018000 Uncommon trap: reason=unstable_if action=reinterpret pc=0x00007f400c49bc7c method=ch.javasoft.metabolic.efm.adj.incore.tree.InterNode.addAdjacentPairs(Ljava/lang/Object;Lch/javasoft/metabolic/efm/adj/incore/tree/Root;Lch/javasoft/metabolic/efm/memory/Sort
Event: 54.875 Thread 0x00007f401c018000 DEOPT PACKING pc=0x00007f400c49bc7c sp=0x00007f4021176910
Event: 54.875 Thread 0x00007f401c018000 DEOPT UNPACKING pc=0x00007f40047d2e25 sp=0x00007f4021176830 mode 2
Event: 54.875 Thread 0x00007f401c018000 Uncommon trap: trap_request=0xffffff45 fr.pc=0x00007f400c4a0f40 relative=0x00000000000024a0
Event: 54.875 Thread 0x00007f401c018000 Uncommon trap: reason=unstable_if action=reinterpret pc=0x00007f400c4a0f40 method=ch.javasoft.metabolic.efm.adj.incore.tree.InterNode.addAdjacentPairs(Ljava/lang/Object;Lch/javasoft/metabolic/efm/adj/incore/tree/Root;Lch/javasoft/metabolic/efm/memory/Sort
Event: 54.875 Thread 0x00007f401c018000 DEOPT PACKING pc=0x00007f400c4a0f40 sp=0x00007f40211767b0
Event: 54.875 Thread 0x00007f401c018000 DEOPT UNPACKING pc=0x00007f40047d2e25 sp=0x00007f4021176760 mode 2
Event: 145.669 Thread 0x00007f401c018000 DEOPT PACKING pc=0x00007f400569302f sp=0x00007f4021176d80
Event: 145.669 Thread 0x00007f401c018000 DEOPT UNPACKING pc=0x00007f40047d333a sp=0x00007f4021176290 mode 0

Classes unloaded (0 events):
No events

Classes redefined (0 events):
No events

Internal exceptions (20 events):
Event: 2.319 Thread 0x00007f401c018000 Exception <a 'java/lang/NoSuchMethodError'{0x00007f30096af260}: 'java.lang.Object java.lang.invoke.Invokers$Holder.invokeExact_MT(java.lang.Object, java.lang.Object, java.lang.Object, java.lang.Object, java.lang.Object, java.lang.Object)'> (0x00007f30096af260) 
thrown [src/hotspot/share/interpreter/linkResolver.cpp, line 766]
Event: 2.368 Thread 0x00007f401c018000 Exception <a 'java/lang/NoSuchMethodError'{0x00007f300975caa0}: 'int java.lang.invoke.DirectMethodHandle$Holder.invokeStatic(java.lang.Object, java.lang.Object, int)'> (0x00007f300975caa0) 
thrown [src/hotspot/share/interpreter/linkResolver.cpp, line 766]
Event: 2.371 Thread 0x00007f401c018000 Exception <a 'java/lang/NoSuchMethodError'{0x00007f300976edb8}: 'int java.lang.invoke.DirectMethodHandle$Holder.invokeStatic(java.lang.Object, java.lang.Object, java.lang.Object, int)'> (0x00007f300976edb8) 
thrown [src/hotspot/share/interpreter/linkResolver.cpp, line 766]
Event: 2.521 Thread 0x00007f401c0a7000 Implicit null exception at 0x00007f400c2a5e4c to 0x00007f400c2a5f00
Event: 2.615 Thread 0x00007f401c018000 Exception <a 'java/lang/NoSuchMethodError'{0x00007f3004973a48}: 'java.lang.Object java.lang.invoke.DirectMethodHandle$Holder.invokeInterface(java.lang.Object, java.lang.Object, java.lang.Object)'> (0x00007f3004973a48) 
thrown [src/hotspot/share/interpreter/linkResolver.cpp, line 766]
Event: 2.616 Thread 0x00007f401c018000 Exception <a 'java/lang/NoSuchMethodError'{0x00007f3004981e68}: 'void java.lang.invoke.DirectMethodHandle$Holder.invokeStatic(java.lang.Object, java.lang.Object, java.lang.Object, java.lang.Object)'> (0x00007f3004981e68) 
thrown [src/hotspot/share/interpreter/linkResolver.cpp, line 766]
Event: 2.737 Thread 0x00007f401c018000 Exception <a 'java/lang/NoSuchMethodError'{0x00007f3004df9b10}: 'int java.lang.invoke.DirectMethodHandle$Holder.invokeStatic(java.lang.Object, int, java.lang.Object, int)'> (0x00007f3004df9b10) 
thrown [src/hotspot/share/interpreter/linkResolver.cpp, line 766]
Event: 2.738 Thread 0x00007f401c018000 Exception <a 'java/lang/NoSuchMethodError'{0x00007f3004e00b50}: 'java.lang.Object java.lang.invoke.DirectMethodHandle$Holder.invokeStatic(java.lang.Object, int, java.lang.Object)'> (0x00007f3004e00b50) 
thrown [src/hotspot/share/interpreter/linkResolver.cpp, line 766]
Event: 2.815 Thread 0x00007f401c018000 Exception <a 'java/lang/NoSuchMethodError'{0x00007f3004f35be0}: 'void java.lang.invoke.DirectMethodHandle$Holder.invokeStatic(java.lang.Object, java.lang.Object, int)'> (0x00007f3004f35be0) 
thrown [src/hotspot/share/interpreter/linkResolver.cpp, line 766]
Event: 2.825 Thread 0x00007f401c018000 Exception <a 'java/lang/NoSuchMethodError'{0x00007f3004fac8b8}: 'void java.lang.invoke.DirectMethodHandle$Holder.invokeInterface(java.lang.Object, java.lang.Object, int)'> (0x00007f3004fac8b8) 
thrown [src/hotspot/share/interpreter/linkResolver.cpp, line 766]
Event: 2.826 Thread 0x00007f401c018000 Exception <a 'java/lang/IncompatibleClassChangeError'{0x00007f3004fb0380}: Found class java.lang.Object, but interface was expected> (0x00007f3004fb0380) 
thrown [src/hotspot/share/interpreter/linkResolver.cpp, line 833]
Event: 3.923 Thread 0x00007f401c018000 Exception <a 'java/lang/IncompatibleClassChangeError'{0x00007f30110467a0}: Found class java.lang.Object, but interface was expected> (0x00007f30110467a0) 
thrown [src/hotspot/share/interpreter/linkResolver.cpp, line 833]
Event: 30.366 Thread 0x00007f401c018000 Exception <a 'java/lang/ClassNotFoundException'{0x00007f301f235080}: com/sun/org/apache/xerces/internal/impl/msg/spi/SAXMessagesProvider> (0x00007f301f235080) 
thrown [src/hotspot/share/classfile/systemDictionary.cpp, line 232]
Event: 31.271 Thread 0x00007f401c018000 Exception <a 'java/lang/NoSuchMethodError'{0x00007f3020337e78}: 'java.lang.Object java.lang.invoke.DirectMethodHandle$Holder.invokeStaticInit(java.lang.Object, java.lang.Object, java.lang.Object)'> (0x00007f3020337e78) 
thrown [src/hotspot/share/interpreter/linkResolver.cpp, line 766]
Event: 31.273 Thread 0x00007f401c018000 Exception <a 'java/lang/NoSuchMethodError'{0x00007f30203431a0}: 'void java.lang.invoke.DirectMethodHandle$Holder.invokeStatic(java.lang.Object, java.lang.Object, java.lang.Object, java.lang.Object, java.lang.Object, java.lang.Object)'> (0x00007f30203431a0) 
thrown [src/hotspot/share/interpreter/linkResolver.cpp, line 766]
Event: 31.280 Thread 0x00007f401c018000 Exception <a 'java/lang/NoSuchMethodError'{0x00007f302037aef8}: 'void java.lang.invoke.DirectMethodHandle$Holder.invokeStaticInit(java.lang.Object, java.lang.Object, java.lang.Object)'> (0x00007f302037aef8) 
thrown [src/hotspot/share/interpreter/linkResolver.cpp, line 766]
Event: 31.298 Thread 0x00007f401c018000 Exception <a 'java/net/UnknownHostException'{0x00007f302039c210}> (0x00007f302039c210) 
thrown [src/hotspot/share/prims/jni.cpp, line 598]
Event: 31.527 Thread 0x00007f401c018000 Exception <a 'java/net/UnknownHostException'{0x00007f3022ca78a0}> (0x00007f3022ca78a0) 
thrown [src/hotspot/share/prims/jni.cpp, line 598]
Event: 31.612 Thread 0x00007f401c018000 Exception <a 'java/net/UnknownHostException'{0x00007f3023822110}> (0x00007f3023822110) 
thrown [src/hotspot/share/prims/jni.cpp, line 598]
Event: 32.774 Thread 0x00007f401c018000 Exception <a 'java/net/UnknownHostException'{0x00007f30063183b0}> (0x00007f30063183b0) 
thrown [src/hotspot/share/prims/jni.cpp, line 598]

Events (20 events):
Event: 201.533 Executing VM operation: GenCollectForAllocation done
Event: 202.285 Executing VM operation: GenCollectForAllocation
Event: 204.500 Executing VM operation: GenCollectForAllocation done
Event: 205.228 Executing VM operation: GenCollectForAllocation
Event: 205.961 Executing VM operation: GenCollectForAllocation done
Event: 206.664 Executing VM operation: GenCollectForAllocation
Event: 207.354 Executing VM operation: GenCollectForAllocation done
Event: 208.077 Executing VM operation: GenCollectForAllocation
Event: 208.816 Executing VM operation: GenCollectForAllocation done
Event: 209.557 Executing VM operation: GenCollectForAllocation
Event: 210.255 Executing VM operation: GenCollectForAllocation done
Event: 211.011 Executing VM operation: GenCollectForAllocation
Event: 211.719 Executing VM operation: GenCollectForAllocation done
Event: 212.396 Executing VM operation: GenCollectForAllocation
Event: 213.089 Executing VM operation: GenCollectForAllocation done
Event: 213.831 Executing VM operation: GenCollectForAllocation
Event: 214.552 Executing VM operation: GenCollectForAllocation done
Event: 215.243 Executing VM operation: GenCollectForAllocation
Event: 215.944 Executing VM operation: GenCollectForAllocation done
Event: 216.627 Executing VM operation: GenCollectForAllocation


Dynamic libraries:
559d75c28000-559d75c29000 r--p 00000000 07:1a 4860                       /usr/lib/jvm/java-13-openjdk-amd64/bin/java
559d75c29000-559d75c2a000 r-xp 00001000 07:1a 4860                       /usr/lib/jvm/java-13-openjdk-amd64/bin/java
559d75c2a000-559d75c2b000 r--p 00002000 07:1a 4860                       /usr/lib/jvm/java-13-openjdk-amd64/bin/java
559d75c2b000-559d75c2c000 r--p 00002000 07:1a 4860                       /usr/lib/jvm/java-13-openjdk-amd64/bin/java
559d75c2c000-559d75c2d000 rw-p 00003000 07:1a 4860                       /usr/lib/jvm/java-13-openjdk-amd64/bin/java
559d77a25000-559d77a46000 rw-p 00000000 00:00 0                          [heap]
7f2fc8000000-7f2fc8021000 rw-p 00000000 00:00 0 
7f2fc8021000-7f2fcc000000 ---p 00000000 00:00 0 
7f2fcc000000-7f2fcc021000 rw-p 00000000 00:00 0 
7f2fcc021000-7f2fd0000000 ---p 00000000 00:00 0 
7f2fd0000000-7f2fd0021000 rw-p 00000000 00:00 0 
7f2fd0021000-7f2fd4000000 ---p 00000000 00:00 0 
7f2fd4000000-7f2fd4021000 rw-p 00000000 00:00 0 
7f2fd4021000-7f2fd8000000 ---p 00000000 00:00 0 
7f2fd8000000-7f2fdade1000 rw-p 00000000 00:00 0 
7f2fdade1000-7f2fdc000000 ---p 00000000 00:00 0 
7f2fdc000000-7f2fdcc0f000 rw-p 00000000 00:00 0 
7f2fdcc0f000-7f2fe0000000 ---p 00000000 00:00 0 
7f2fe0000000-7f2fe0021000 rw-p 00000000 00:00 0 
7f2fe0021000-7f2fe4000000 ---p 00000000 00:00 0 
7f2fe4000000-7f2fe4021000 rw-p 00000000 00:00 0 
7f2fe4021000-7f2fe8000000 ---p 00000000 00:00 0 
7f2fe8000000-7f2fe8021000 rw-p 00000000 00:00 0 
7f2fe8021000-7f2fec000000 ---p 00000000 00:00 0 
7f2fec000000-7f2fec021000 rw-p 00000000 00:00 0 
7f2fec021000-7f2ff0000000 ---p 00000000 00:00 0 
7f2ff0000000-7f2ff4000000 rw-p 00000000 00:00 0 
7f2ff5102000-7f2ff5182000 rw-p 00000000 00:00 0 
7f2ff5182000-7f2ff5306000 ---p 00000000 00:00 0 
7f2ff5306000-7f2ff5603000 rw-p 00000000 00:00 0 
7f2ff5603000-7f2ff5803000 rw-p 00000000 00:00 0 
7f2ff5803000-7f2ff5a03000 rw-p 00000000 00:00 0 
7f2ff5a03000-7f2ff5c03000 rw-p 00000000 00:00 0 
7f2ff5c03000-7f2ff5e03000 rw-p 00000000 00:00 0 
7f2ff5e03000-7f2ff6003000 rw-p 00000000 00:00 0 
7f2ff6003000-7f2ff6203000 rw-p 00000000 00:00 0 
7f2ff6203000-7f2ff65a3000 rw-p 00000000 00:00 0 
7f2ff65a3000-7f2ff67a3000 rw-p 00000000 00:00 0 
7f2ff67a3000-7f2ff69a3000 rw-p 00000000 00:00 0 
7f2ff69a3000-7f2ff6ba3000 rw-p 00000000 00:00 0 
7f2ff6ba3000-7f2ff6ba4000 ---p 00000000 00:00 0 
7f2ff6ba4000-7f2ff6ca5000 rw-p 00000000 00:00 0 
7f2ff6ca5000-7f2ff6ca9000 ---p 00000000 00:00 0 
7f2ff6ca9000-7f2ff6da6000 rw-p 00000000 00:00 0 
7f2ff6da6000-7f2ff6daa000 ---p 00000000 00:00 0 
7f2ff6daa000-7f2ff6ea7000 rw-p 00000000 00:00 0 
7f2ff6ea7000-7f2ff6eab000 ---p 00000000 00:00 0 
7f2ff6eab000-7f2ff6fa8000 rw-p 00000000 00:00 0 
7f2ff6fa8000-7f2ff6fac000 ---p 00000000 00:00 0 
7f2ff6fac000-7f2ff7d40000 rw-p 00000000 00:00 0 
7f2ff7d40000-7f2ffc5ff000 ---p 00000000 00:00 0 
7f2ffc5ff000-7f2ffcc47000 rw-p 00000000 00:00 0 
7f2ffcc47000-7f2fff0a9000 ---p 00000000 00:00 0 
7f2fff0a9000-7f2fffd40000 rw-p 00000000 00:00 0 
7f2fffd40000-7f30045ff000 ---p 00000000 00:00 0 
7f30045ff000-7f30cd510000 rw-p 00000000 00:00 0 
7f30cd510000-7f3559b50000 ---p 00000000 00:00 0 
7f3559b50000-7f36ec791000 rw-p 00000000 00:00 0 
7f37f8fbd000-7f4004600000 ---p 00000000 00:00 0 
7f4004689000-7f400468d000 ---p 00000000 00:00 0 
7f400468d000-7f400478a000 rw-p 00000000 00:00 0 
7f400478a000-7f40049fa000 rwxp 00000000 00:00 0 
7f40049fa000-7f4004d19000 ---p 00000000 00:00 0 
7f4004d19000-7f4005699000 rwxp 00000000 00:00 0 
7f4005699000-7f400c251000 ---p 00000000 00:00 0 
7f400c251000-7f400c4d1000 rwxp 00000000 00:00 0 
7f400c4d1000-7f401378a000 ---p 00000000 00:00 0 
7f401378a000-7f401c000000 r--s 00000000 07:1a 5215                       /usr/lib/jvm/java-13-openjdk-amd64/lib/modules
7f401c000000-7f401c7ff000 rw-p 00000000 00:00 0 
7f401c7ff000-7f4020000000 ---p 00000000 00:00 0 
7f4020036000-7f402003a000 r--p 00000000 07:1a 9178                       /usr/lib/x86_64-linux-gnu/libresolv-2.31.so
7f402003a000-7f402004a000 r-xp 00004000 07:1a 9178                       /usr/lib/x86_64-linux-gnu/libresolv-2.31.so
7f402004a000-7f402004e000 r--p 00014000 07:1a 9178                       /usr/lib/x86_64-linux-gnu/libresolv-2.31.so
7f402004e000-7f402004f000 r--p 00017000 07:1a 9178                       /usr/lib/x86_64-linux-gnu/libresolv-2.31.so
7f402004f000-7f4020050000 rw-p 00018000 07:1a 9178                       /usr/lib/x86_64-linux-gnu/libresolv-2.31.so
7f4020050000-7f4020052000 rw-p 00000000 00:00 0 
7f4020052000-7f4020053000 r--p 00000000 07:1a 9105                       /usr/lib/x86_64-linux-gnu/libnss_dns-2.31.so
7f4020053000-7f4020057000 r-xp 00001000 07:1a 9105                       /usr/lib/x86_64-linux-gnu/libnss_dns-2.31.so
7f4020057000-7f4020058000 r--p 00005000 07:1a 9105                       /usr/lib/x86_64-linux-gnu/libnss_dns-2.31.so
7f4020058000-7f4020059000 r--p 00005000 07:1a 9105                       /usr/lib/x86_64-linux-gnu/libnss_dns-2.31.so
7f4020059000-7f402005a000 rw-p 00006000 07:1a 9105                       /usr/lib/x86_64-linux-gnu/libnss_dns-2.31.so
7f402005a000-7f402005c000 r--p 00000000 07:1a 5202                       /usr/lib/jvm/java-13-openjdk-amd64/lib/libmanagement_ext.so
7f402005c000-7f402005f000 r-xp 00002000 07:1a 5202                       /usr/lib/jvm/java-13-openjdk-amd64/lib/libmanagement_ext.so
7f402005f000-7f4020060000 r--p 00005000 07:1a 5202                       /usr/lib/jvm/java-13-openjdk-amd64/lib/libmanagement_ext.so
7f4020060000-7f4020061000 ---p 00006000 07:1a 5202                       /usr/lib/jvm/java-13-openjdk-amd64/lib/libmanagement_ext.so
7f4020061000-7f4020062000 r--p 00006000 07:1a 5202                       /usr/lib/jvm/java-13-openjdk-amd64/lib/libmanagement_ext.so
7f4020062000-7f4020063000 rw-p 00007000 07:1a 5202                       /usr/lib/jvm/java-13-openjdk-amd64/lib/libmanagement_ext.so
7f4020063000-7f4020066000 r--p 00000000 07:1a 5200                       /usr/lib/jvm/java-13-openjdk-amd64/lib/libmanagement.so
7f4020066000-7f4020067000 r-xp 00003000 07:1a 5200                       /usr/lib/jvm/java-13-openjdk-amd64/lib/libmanagement.so
7f4020067000-7f4020068000 r--p 00004000 07:1a 5200                       /usr/lib/jvm/java-13-openjdk-amd64/lib/libmanagement.so
7f4020068000-7f4020069000 r--p 00004000 07:1a 5200                       /usr/lib/jvm/java-13-openjdk-amd64/lib/libmanagement.so
7f4020069000-7f402006a000 rw-p 00005000 07:1a 5200                       /usr/lib/jvm/java-13-openjdk-amd64/lib/libmanagement.so
7f402006a000-7f402009b000 rw-p 00000000 00:00 0 
7f402009b000-7f402009f000 r--p 00000000 07:1a 5204                       /usr/lib/jvm/java-13-openjdk-amd64/lib/libnet.so
7f402009f000-7f40200ad000 r-xp 00004000 07:1a 5204                       /usr/lib/jvm/java-13-openjdk-amd64/lib/libnet.so
7f40200ad000-7f40200b1000 r--p 00012000 07:1a 5204                       /usr/lib/jvm/java-13-openjdk-amd64/lib/libnet.so
7f40200b1000-7f40200b2000 r--p 00015000 07:1a 5204                       /usr/lib/jvm/java-13-openjdk-amd64/lib/libnet.so
7f40200b2000-7f40200b3000 rw-p 00016000 07:1a 5204                       /usr/lib/jvm/java-13-openjdk-amd64/lib/libnet.so
7f40200b3000-7f40200ba000 r--p 00000000 07:1a 5205                       /usr/lib/jvm/java-13-openjdk-amd64/lib/libnio.so
7f40200ba000-7f40200c3000 r-xp 00007000 07:1a 5205                       /usr/lib/jvm/java-13-openjdk-amd64/lib/libnio.so
7f40200c3000-7f40200c7000 r--p 00010000 07:1a 5205                       /usr/lib/jvm/java-13-openjdk-amd64/lib/libnio.so
7f40200c7000-7f40200c8000 r--p 00013000 07:1a 5205                       /usr/lib/jvm/java-13-openjdk-amd64/lib/libnio.so
7f40200c8000-7f40200c9000 rw-p 00014000 07:1a 5205                       /usr/lib/jvm/java-13-openjdk-amd64/lib/libnio.so
7f40200c9000-7f40200cd000 ---p 00000000 00:00 0 
7f40200cd000-7f40201ca000 rw-p 00000000 00:00 0 
7f40201ca000-7f40201d1000 r--s 00000000 07:1a 8532                       /usr/lib/x86_64-linux-gnu/gconv/gconv-modules.cache
7f40201d1000-7f4020203000 r--p 00000000 07:1a 5276                       /usr/lib/locale/C.UTF-8/LC_CTYPE
7f4020203000-7f4020207000 ---p 00000000 00:00 0 
7f4020207000-7f4020304000 rw-p 00000000 00:00 0 
7f4020304000-7f4020308000 ---p 00000000 00:00 0 
7f4020308000-7f4020405000 rw-p 00000000 00:00 0 
7f4020405000-7f4020406000 ---p 00000000 00:00 0 
7f4020406000-7f4020e24000 rw-p 00000000 00:00 0 
7f4020e24000-7f4020e29000 rw-p 00000000 00:00 0 
7f4020e29000-7f4020f0f000 ---p 00000000 00:00 0 
7f4020f0f000-7f4020f22000 rw-p 00000000 00:00 0 
7f4020f22000-7f4020ffa000 ---p 00000000 00:00 0 
7f4020ffa000-7f4020fff000 rw-p 00000000 00:00 0 
7f4020fff000-7f4021006000 ---p 00000000 00:00 0 
7f4021006000-7f4021008000 r--p 00000000 07:1a 5214                       /usr/lib/jvm/java-13-openjdk-amd64/lib/libzip.so
7f4021008000-7f402100c000 r-xp 00002000 07:1a 5214                       /usr/lib/jvm/java-13-openjdk-amd64/lib/libzip.so
7f402100c000-7f402100e000 r--p 00006000 07:1a 5214                       /usr/lib/jvm/java-13-openjdk-amd64/lib/libzip.so
7f402100e000-7f402100f000 r--p 00007000 07:1a 5214                       /usr/lib/jvm/java-13-openjdk-amd64/lib/libzip.so
7f402100f000-7f4021010000 rw-p 00008000 07:1a 5214                       /usr/lib/jvm/java-13-openjdk-amd64/lib/libzip.so
7f4021010000-7f4021018000 rw-s 00000000 08:03 67915676                   /tmp/hsperfdata_rcabanas/7789
7f4021018000-7f402101b000 r--p 00000000 07:1a 9108                       /usr/lib/x86_64-linux-gnu/libnss_files-2.31.so
7f402101b000-7f4021022000 r-xp 00003000 07:1a 9108                       /usr/lib/x86_64-linux-gnu/libnss_files-2.31.so
7f4021022000-7f4021024000 r--p 0000a000 07:1a 9108                       /usr/lib/x86_64-linux-gnu/libnss_files-2.31.so
7f4021024000-7f4021025000 r--p 0000b000 07:1a 9108                       /usr/lib/x86_64-linux-gnu/libnss_files-2.31.so
7f4021025000-7f4021026000 rw-p 0000c000 07:1a 9108                       /usr/lib/x86_64-linux-gnu/libnss_files-2.31.so
7f4021026000-7f402102c000 rw-p 00000000 00:00 0 
7f4021032000-7f4021034000 r--p 00000000 07:1a 5195                       /usr/lib/jvm/java-13-openjdk-amd64/lib/libjimage.so
7f4021034000-7f4021037000 r-xp 00002000 07:1a 5195                       /usr/lib/jvm/java-13-openjdk-amd64/lib/libjimage.so
7f4021037000-7f4021038000 r--p 00005000 07:1a 5195                       /usr/lib/jvm/java-13-openjdk-amd64/lib/libjimage.so
7f4021038000-7f4021039000 ---p 00006000 07:1a 5195                       /usr/lib/jvm/java-13-openjdk-amd64/lib/libjimage.so
7f4021039000-7f402103a000 r--p 00006000 07:1a 5195                       /usr/lib/jvm/java-13-openjdk-amd64/lib/libjimage.so
7f402103a000-7f402103b000 rw-p 00007000 07:1a 5195                       /usr/lib/jvm/java-13-openjdk-amd64/lib/libjimage.so
7f402103b000-7f4021048000 r--p 00000000 07:1a 5191                       /usr/lib/jvm/java-13-openjdk-amd64/lib/libjava.so
7f4021048000-7f402105d000 r-xp 0000d000 07:1a 5191                       /usr/lib/jvm/java-13-openjdk-amd64/lib/libjava.so
7f402105d000-7f4021063000 r--p 00022000 07:1a 5191                       /usr/lib/jvm/java-13-openjdk-amd64/lib/libjava.so
7f4021063000-7f4021064000 ---p 00028000 07:1a 5191                       /usr/lib/jvm/java-13-openjdk-amd64/lib/libjava.so
7f4021064000-7f4021065000 r--p 00028000 07:1a 5191                       /usr/lib/jvm/java-13-openjdk-amd64/lib/libjava.so
7f4021065000-7f4021067000 rw-p 00029000 07:1a 5191                       /usr/lib/jvm/java-13-openjdk-amd64/lib/libjava.so
7f4021067000-7f402106c000 r--p 00000000 07:1a 5213                       /usr/lib/jvm/java-13-openjdk-amd64/lib/libverify.so
7f402106c000-7f4021073000 r-xp 00005000 07:1a 5213                       /usr/lib/jvm/java-13-openjdk-amd64/lib/libverify.so
7f4021073000-7f4021075000 r--p 0000c000 07:1a 5213                       /usr/lib/jvm/java-13-openjdk-amd64/lib/libverify.so
7f4021075000-7f4021076000 ---p 0000e000 07:1a 5213                       /usr/lib/jvm/java-13-openjdk-amd64/lib/libverify.so
7f4021076000-7f4021078000 r--p 0000e000 07:1a 5213                       /usr/lib/jvm/java-13-openjdk-amd64/lib/libverify.so
7f4021078000-7f4021079000 rw-p 00010000 07:1a 5213                       /usr/lib/jvm/java-13-openjdk-amd64/lib/libverify.so
7f4021079000-7f402107d000 ---p 00000000 00:00 0 
7f402107d000-7f402117a000 rw-p 00000000 00:00 0 
7f402117a000-7f402117d000 r--p 00000000 07:1a 8948                       /usr/lib/x86_64-linux-gnu/libgcc_s.so.1
7f402117d000-7f402118f000 r-xp 00003000 07:1a 8948                       /usr/lib/x86_64-linux-gnu/libgcc_s.so.1
7f402118f000-7f4021193000 r--p 00015000 07:1a 8948                       /usr/lib/x86_64-linux-gnu/libgcc_s.so.1
7f4021193000-7f4021194000 r--p 00018000 07:1a 8948                       /usr/lib/x86_64-linux-gnu/libgcc_s.so.1
7f4021194000-7f4021195000 rw-p 00019000 07:1a 8948                       /usr/lib/x86_64-linux-gnu/libgcc_s.so.1
7f4021195000-7f40211a2000 r--p 00000000 07:1a 9062                       /usr/lib/x86_64-linux-gnu/libm-2.31.so
7f40211a2000-7f4021249000 r-xp 0000d000 07:1a 9062                       /usr/lib/x86_64-linux-gnu/libm-2.31.so
7f4021249000-7f40212e2000 r--p 000b4000 07:1a 9062                       /usr/lib/x86_64-linux-gnu/libm-2.31.so
7f40212e2000-7f40212e3000 r--p 0014c000 07:1a 9062                       /usr/lib/x86_64-linux-gnu/libm-2.31.so
7f40212e3000-7f40212e4000 rw-p 0014d000 07:1a 9062                       /usr/lib/x86_64-linux-gnu/libm-2.31.so
7f40212e4000-7f402137a000 r--p 00000000 07:1a 9213                       /usr/lib/x86_64-linux-gnu/libstdc++.so.6.0.28
7f402137a000-7f402146b000 r-xp 00096000 07:1a 9213                       /usr/lib/x86_64-linux-gnu/libstdc++.so.6.0.28
7f402146b000-7f40214b4000 r--p 00187000 07:1a 9213                       /usr/lib/x86_64-linux-gnu/libstdc++.so.6.0.28
7f40214b4000-7f40214b5000 ---p 001d0000 07:1a 9213                       /usr/lib/x86_64-linux-gnu/libstdc++.so.6.0.28
7f40214b5000-7f40214c0000 r--p 001d0000 07:1a 9213                       /usr/lib/x86_64-linux-gnu/libstdc++.so.6.0.28
7f40214c0000-7f40214c3000 rw-p 001db000 07:1a 9213                       /usr/lib/x86_64-linux-gnu/libstdc++.so.6.0.28
7f40214c3000-7f40214c6000 rw-p 00000000 00:00 0 
7f40214c6000-7f402174c000 r--p 00000000 07:1a 5226                       /usr/lib/jvm/java-13-openjdk-amd64/lib/server/libjvm.so
7f402174c000-7f40224c9000 r-xp 00286000 07:1a 5226                       /usr/lib/jvm/java-13-openjdk-amd64/lib/server/libjvm.so
7f40224c9000-7f4022744000 r--p 01003000 07:1a 5226                       /usr/lib/jvm/java-13-openjdk-amd64/lib/server/libjvm.so
7f4022744000-7f4022809000 r--p 0127d000 07:1a 5226                       /usr/lib/jvm/java-13-openjdk-amd64/lib/server/libjvm.so
7f4022809000-7f4022844000 rw-p 01342000 07:1a 5226                       /usr/lib/jvm/java-13-openjdk-amd64/lib/server/libjvm.so
7f4022844000-7f40228ca000 rw-p 00000000 00:00 0 
7f40228ca000-7f40228d0000 r--p 00000000 07:1a 9166                       /usr/lib/x86_64-linux-gnu/libpthread-2.31.so
7f40228d0000-7f40228e1000 r-xp 00006000 07:1a 9166                       /usr/lib/x86_64-linux-gnu/libpthread-2.31.so
7f40228e1000-7f40228e7000 r--p 00017000 07:1a 9166                       /usr/lib/x86_64-linux-gnu/libpthread-2.31.so
7f40228e7000-7f40228e8000 r--p 0001c000 07:1a 9166                       /usr/lib/x86_64-linux-gnu/libpthread-2.31.so
7f40228e8000-7f40228e9000 rw-p 0001d000 07:1a 9166                       /usr/lib/x86_64-linux-gnu/libpthread-2.31.so
7f40228e9000-7f40228ed000 rw-p 00000000 00:00 0 
7f40228ed000-7f40228ee000 r--p 00000000 07:1a 8893                       /usr/lib/x86_64-linux-gnu/libdl-2.31.so
7f40228ee000-7f40228f0000 r-xp 00001000 07:1a 8893                       /usr/lib/x86_64-linux-gnu/libdl-2.31.so
7f40228f0000-7f40228f1000 r--p 00003000 07:1a 8893                       /usr/lib/x86_64-linux-gnu/libdl-2.31.so
7f40228f1000-7f40228f2000 r--p 00003000 07:1a 8893                       /usr/lib/x86_64-linux-gnu/libdl-2.31.so
7f40228f2000-7f40228f3000 rw-p 00004000 07:1a 8893                       /usr/lib/x86_64-linux-gnu/libdl-2.31.so
7f40228f3000-7f40228f5000 r--p 00000000 07:1a 9290                       /usr/lib/x86_64-linux-gnu/libz.so.1.2.11
7f40228f5000-7f4022906000 r-xp 00002000 07:1a 9290                       /usr/lib/x86_64-linux-gnu/libz.so.1.2.11
7f4022906000-7f402290c000 r--p 00013000 07:1a 9290                       /usr/lib/x86_64-linux-gnu/libz.so.1.2.11
7f402290c000-7f402290d000 ---p 00019000 07:1a 9290                       /usr/lib/x86_64-linux-gnu/libz.so.1.2.11
7f402290d000-7f402290e000 r--p 00019000 07:1a 9290                       /usr/lib/x86_64-linux-gnu/libz.so.1.2.11
7f402290e000-7f402290f000 rw-p 0001a000 07:1a 9290                       /usr/lib/x86_64-linux-gnu/libz.so.1.2.11
7f402290f000-7f4022931000 r--p 00000000 07:1a 8851                       /usr/lib/x86_64-linux-gnu/libc-2.31.so
7f4022931000-7f4022aa9000 r-xp 00022000 07:1a 8851                       /usr/lib/x86_64-linux-gnu/libc-2.31.so
7f4022aa9000-7f4022af7000 r--p 0019a000 07:1a 8851                       /usr/lib/x86_64-linux-gnu/libc-2.31.so
7f4022af7000-7f4022afb000 r--p 001e7000 07:1a 8851                       /usr/lib/x86_64-linux-gnu/libc-2.31.so
7f4022afb000-7f4022afd000 rw-p 001eb000 07:1a 8851                       /usr/lib/x86_64-linux-gnu/libc-2.31.so
7f4022afd000-7f4022b01000 rw-p 00000000 00:00 0 
7f4022b03000-7f4022b05000 r--s 0000c000 07:1a 20930                      /usr/share/java/java-atk-wrapper.jar
7f4022b05000-7f4022b06000 ---p 00000000 00:00 0 
7f4022b06000-7f4022b07000 r--p 00000000 00:00 0 
7f4022b07000-7f4022b0a000 r--p 00000000 07:1a 5196                       /usr/lib/jvm/java-13-openjdk-amd64/lib/libjli.so
7f4022b0a000-7f4022b14000 r-xp 00003000 07:1a 5196                       /usr/lib/jvm/java-13-openjdk-amd64/lib/libjli.so
7f4022b14000-7f4022b17000 r--p 0000d000 07:1a 5196                       /usr/lib/jvm/java-13-openjdk-amd64/lib/libjli.so
7f4022b17000-7f4022b18000 r--p 0000f000 07:1a 5196                       /usr/lib/jvm/java-13-openjdk-amd64/lib/libjli.so
7f4022b18000-7f4022b19000 rw-p 00010000 07:1a 5196                       /usr/lib/jvm/java-13-openjdk-amd64/lib/libjli.so
7f4022b19000-7f4022b1b000 rw-p 00000000 00:00 0 
7f4022b1b000-7f4022b1c000 r--p 00000000 07:1a 8572                       /usr/lib/x86_64-linux-gnu/ld-2.31.so
7f4022b1c000-7f4022b3f000 r-xp 00001000 07:1a 8572                       /usr/lib/x86_64-linux-gnu/ld-2.31.so
7f4022b3f000-7f4022b47000 r--p 00024000 07:1a 8572                       /usr/lib/x86_64-linux-gnu/ld-2.31.so
7f4022b47000-7f4022b48000 ---p 00000000 00:00 0 
7f4022b48000-7f4022b49000 r--p 0002c000 07:1a 8572                       /usr/lib/x86_64-linux-gnu/ld-2.31.so
7f4022b49000-7f4022b4a000 rw-p 0002d000 07:1a 8572                       /usr/lib/x86_64-linux-gnu/ld-2.31.so
7f4022b4a000-7f4022b4b000 rw-p 00000000 00:00 0 
7fff50bac000-7fff50bcd000 rw-p 00000000 00:00 0                          [stack]
7fff50bdd000-7fff50bdf000 r-xp 00000000 00:00 0                          [vdso]
ffffffffff600000-ffffffffff601000 r-xp 00000000 00:00 0                  [vsyscall]


VM Arguments:
jvm_args: -Xmx64g --add-modules=ALL-DEFAULT 
java_command: jdk.compiler/com.sun.tools.javac.launcher.Main /mnt/beegfs/rcabanas/dev/credici/papers/journalEM/code/GenerateModel.java -n 8 -d 1000 -di 0.5 -mr 0.98 -r 1.0 --seed 10 --output /mnt/beegfs/rcabanas/dev/credici/papers/journalEM/models/synthetic/s1/ --debug
java_class_path (initial): /mnt/beegfs/rcabanas/dev/credici/target/credici-0.1.3-jar-with-dependencies.jar
Launcher Type: SUN_STANDARD

[Global flags]
     intx CICompilerCount                          = 2                                         {product} {ergonomic}
   size_t InitialHeapSize                          = 2147483648                                {product} {ergonomic}
   size_t MaxHeapSize                              = 68719476736                               {product} {command line}
   size_t MaxNewSize                               = 22906470400                               {product} {ergonomic}
   size_t MinHeapDeltaBytes                        = 196608                                    {product} {ergonomic}
   size_t MinHeapSize                              = 8388608                                   {product} {ergonomic}
   size_t NewSize                                  = 715784192                                 {product} {ergonomic}
    uintx NonNMethodCodeHeapSize                   = 5826188                                {pd product} {ergonomic}
    uintx NonProfiledCodeHeapSize                  = 122916026                              {pd product} {ergonomic}
   size_t OldSize                                  = 1431699456                                {product} {ergonomic}
    uintx ProfiledCodeHeapSize                     = 122916026                              {pd product} {ergonomic}
    uintx ReservedCodeCacheSize                    = 251658240                              {pd product} {ergonomic}
     bool SegmentedCodeCache                       = true                                      {product} {ergonomic}
   size_t SoftMaxHeapSize                          = 68719476736                            {manageable} {ergonomic}
     bool UseSerialGC                              = true                                      {product} {ergonomic}

Logging:
Log output configuration:
 #0: stdout all=warning uptime,level,tags
 #1: stderr all=off uptime,level,tags

Environment Variables:
PATH=/usr/local/sbin:/usr/local/bin:/usr/sbin:/usr/bin:/sbin:/bin
LD_LIBRARY_PATH=/.singularity.d/libs

Signal Handlers:
SIGSEGV: [libjvm.so+0xf8fcf0], sa_mask[0]=11111111011111111101111111111110, sa_flags=SA_RESTART|SA_SIGINFO
SIGBUS: [libjvm.so+0xf8fcf0], sa_mask[0]=11111111011111111101111111111110, sa_flags=SA_RESTART|SA_SIGINFO
SIGFPE: [libjvm.so+0xf8fcf0], sa_mask[0]=11111111011111111101111111111110, sa_flags=SA_RESTART|SA_SIGINFO
SIGPIPE: [libjvm.so+0xc3ffa0], sa_mask[0]=11111111011111111101111111111110, sa_flags=SA_RESTART|SA_SIGINFO
SIGXFSZ: [libjvm.so+0xc3ffa0], sa_mask[0]=11111111011111111101111111111110, sa_flags=SA_RESTART|SA_SIGINFO
SIGILL: [libjvm.so+0xf8fcf0], sa_mask[0]=11111111011111111101111111111110, sa_flags=SA_RESTART|SA_SIGINFO
SIGUSR2: [libjvm.so+0xc3fe40], sa_mask[0]=00000000000000000000000000000000, sa_flags=SA_RESTART|SA_SIGINFO
SIGHUP: [libjvm.so+0xc40580], sa_mask[0]=11111111011111111101111111111110, sa_flags=SA_RESTART|SA_SIGINFO
SIGINT: [libjvm.so+0xc40580], sa_mask[0]=11111111011111111101111111111110, sa_flags=SA_RESTART|SA_SIGINFO
SIGTERM: [libjvm.so+0xc40580], sa_mask[0]=11111111011111111101111111111110, sa_flags=SA_RESTART|SA_SIGINFO
SIGQUIT: [libjvm.so+0xc40580], sa_mask[0]=11111111011111111101111111111110, sa_flags=SA_RESTART|SA_SIGINFO


---------------  S Y S T E M  ---------------

OS:DISTRIB_ID=Ubuntu
DISTRIB_RELEASE=20.04
DISTRIB_CODENAME=focal
DISTRIB_DESCRIPTION="Ubuntu 20.04.4 LTS"
uname:Linux 3.10.0-1160.15.2.el7.x86_64 #1 SMP Wed Feb 3 15:06:38 UTC 2021 x86_64
OS uptime: 464 days 0:32 hours
libc:glibc 2.31 NPTL 2.31 
rlimit (soft/hard): STACK 8192k/infinity , CORE 0k/infinity , NPROC 4096/1030217 , NOFILE 131072/131072 , AS infinity/infinity , CPU infinity/infinity , DATA infinity/infinity , FSIZE infinity/infinity , MEMLOCK infinity/infinity
load average:29.24 19.68 8.55

/proc/meminfo:
MemTotal:       263895364 kB
MemFree:         3622688 kB
MemAvailable:    3331648 kB
Buffers:          128872 kB
Cached:           317700 kB
SwapCached:       171300 kB
Active:         242784992 kB
Inactive:        8150652 kB
Active(anon):   242606536 kB
Inactive(anon):  7943968 kB
Active(file):     178456 kB
Inactive(file):   206684 kB
Unevictable:       17732 kB
Mlocked:           17732 kB
SwapTotal:       4194300 kB
SwapFree:         466496 kB
Dirty:               344 kB
Writeback:             0 kB
AnonPages:      250350036 kB
Mapped:            83784 kB
Shmem:             55744 kB
Slab:             749196 kB
SReclaimable:     188600 kB
SUnreclaim:       560596 kB
KernelStack:       26576 kB
PageTables:       520560 kB
NFS_Unstable:          0 kB
Bounce:                0 kB
WritebackTmp:          0 kB
CommitLimit:    136141980 kB
Committed_AS:   300570192 kB
VmallocTotal:   34359738367 kB
VmallocUsed:      861312 kB
VmallocChunk:   34222409240 kB
Percpu:            22016 kB
HardwareCorrupted:     0 kB
AnonHugePages:  158957568 kB
CmaTotal:              0 kB
CmaFree:               0 kB
HugePages_Total:       0
HugePages_Free:        0
HugePages_Rsvd:        0
HugePages_Surp:        0
Hugepagesize:       2048 kB
DirectMap4k:      505448 kB
DirectMap2M:    20328448 kB
DirectMap1G:    247463936 kB

/sys/kernel/mm/transparent_hugepage/enabled:
[always] madvise never

/sys/kernel/mm/transparent_hugepage/defrag (defrag/compaction efforts parameter):
[always] madvise never


/proc/sys/kernel/threads-max (system-wide limit on the number of threads):
2060435


/proc/sys/vm/max_map_count (maximum number of memory map areas a process may have):
65530


/proc/sys/kernel/pid_max (system-wide limit on number of process identifiers):
65536



Steal ticks since vm start: 0
Steal ticks percentage since vm start:  0.000

CPU:total 64 (initial active 1) (32 cores per cpu, 1 threads per core) family 23 model 49 stepping 0, cmov, cx8, fxsr, mmx, sse, sse2, sse3, ssse3, sse4.1, sse4.2, popcnt, avx, avx2, aes, clmul, mmxext, 3dnowpref, lzcnt, sse4a, tsc, tscinvbit, tscinv, bmi1, bmi2, adx, sha, fma
CPU Model and flags from /proc/cpuinfo:
model name	: AMD EPYC 7542 32-Core Processor
flags		: fpu vme de pse tsc msr pae mce cx8 apic sep mtrr pge mca cmov pat pse36 clflush mmx fxsr sse sse2 ht syscall nx mmxext fxsr_opt pdpe1gb rdtscp lm constant_tsc art rep_good nopl nonstop_tsc extd_apicid aperfmperf eagerfpu pni pclmulqdq monitor ssse3 fma cx16 sse4_1 sse4_2 movbe popcnt aes xsave avx f16c rdrand lahf_lm cmp_legacy svm extapic cr8_legacy abm sse4a misalignsse 3dnowprefetch osvw ibs skinit wdt tce topoext perfctr_core perfctr_nb bpext perfctr_l2 cpb cat_l3 cdp_l3 hw_pstate sme retpoline_amd ssbd ibrs ibpb stibp vmmcall fsgsbase bmi1 avx2 smep bmi2 cqm rdt_a rdseed adx smap clflushopt clwb sha_ni xsaveopt xsavec xgetbv1 cqm_llc cqm_occup_llc cqm_mbm_total cqm_mbm_local clzero irperf xsaveerptr arat npt lbrv svm_lock nrip_save tsc_scale vmcb_clean flushbyasid decodeassists pausefilter pfthreshold avic v_vmsave_vmload vgif umip overflow_recov succor smca
Online cpus:0-63
Offline cpus:
BIOS frequency limitation:2900000
Frequency switch latency (ns):0
Available cpu frequencies:2900000 2400000 1500000 
Current governor:conservative
Core performance/turbo boost:1

Memory: 4k page, physical 263895364k(3622688k free), swap 4194300k(466496k free)

vm_info: OpenJDK 64-Bit Server VM (13.0.7+5-Ubuntu-0ubuntu120.04) for linux-amd64 JRE (13.0.7+5-Ubuntu-0ubuntu120.04), built on Apr 21 2021 05:36:19 by "unknown" with gcc 9.3.0

END.
