#
# There is insufficient memory for the Java Runtime Environment to continue.
# Native memory allocation (mmap) failed to map 17002450944 bytes for committing reserved memory.
# Possible reasons:
#   The system is out of physical RAM or swap space
# Possible solutions:
#   Reduce memory load on the system
#   Increase physical memory or swap space
#   Check if swap backing store is full
#   Decrease Java heap size (-Xmx/-Xms)
#   Decrease number of Java threads
#   Decrease Java thread stack sizes (-Xss)
#   Set larger code cache with -XX:ReservedCodeCacheSize=
# This output file may be truncated or incomplete.
#
#  Out of Memory Error (os_linux.cpp:2899), pid=56376, tid=56541
#
# JRE version: OpenJDK Runtime Environment (13.0.7+5) (build 13.0.7+5-Ubuntu-0ubuntu120.04)
# Java VM: OpenJDK 64-Bit Server VM (13.0.7+5-Ubuntu-0ubuntu120.04, mixed mode, tiered, serial gc, linux-amd64)
# No core dump will be written. Core dumps have been disabled. To enable core dumping, try "ulimit -c unlimited" before starting Java again
#

---------------  S U M M A R Y ------------

Command Line: -Xmx64g --add-modules=ALL-DEFAULT jdk.compiler/com.sun.tools.javac.launcher.Main /mnt/beegfs/rcabanas/dev/credici/papers/journalEM/code/LearnAndCalculatePNS.java -w -x 100 -m 500 -sc KL -th 1e-05 -a CCVE --seed 0 --output /mnt/beegfs/rcabanas/dev/credici/papers/journalEM/output/synthetic/s1 /mnt/beegfs/rcabanas/dev/credici/papers/journalEM/models/synthetic/s1/random_mc2_n8_mid3_d1000_05_mr098_r10_87.uai

Host: AMD EPYC 7542 32-Core Processor, 64 cores, 251G, Ubuntu 20.04.4 LTS
Time: Wed Oct 12 20:47:16 2022 CEST elapsed time: 205.820296 seconds (0d 0h 3m 25s)

---------------  T H R E A D  ---------------

Current thread (0x00007f7364097800):  VMThread "VM Thread" [stack: 0x00007f7368b90000,0x00007f7368c90000] [id=56541]

Stack: [0x00007f7368b90000,0x00007f7368c90000],  sp=0x00007f7368c8e160,  free space=1016k
Native frames: (J=compiled Java code, A=aot compiled Java code, j=interpreted, Vv=VM code, C=native code)
V  [libjvm.so+0xf8f092]
V  [libjvm.so+0xf8fc91]
V  [libjvm.so+0x66ee5a]
V  [libjvm.so+0xc44a41]
V  [libjvm.so+0xc3b263]
V  [libjvm.so+0xf87f4b]
V  [libjvm.so+0x557506]
V  [libjvm.so+0x557723]
V  [libjvm.so+0xf18b0c]
V  [libjvm.so+0x557e65]
V  [libjvm.so+0x7e2edb]
V  [libjvm.so+0x7e39bd]
V  [libjvm.so+0x7d8b48]
V  [libjvm.so+0xf90940]
V  [libjvm.so+0xf96657]
V  [libjvm.so+0xf96d2b]
V  [libjvm.so+0xf9706a]
V  [libjvm.so+0xf2208f]
V  [libjvm.so+0xc493ff]

VM_Operation (0x00007f7369900340): GenCollectForAllocation, mode: safepoint, requested by thread 0x00007f7364018000


---------------  P R O C E S S  ---------------

Threads class SMR info:
_java_thread_list=0x00007f63140008d0, length=9, elements={
0x00007f7364018000, 0x00007f73640a3800, 0x00007f73640a7000, 0x00007f73640cb800,
0x00007f73640cd000, 0x00007f73640cf000, 0x00007f73640d1000, 0x00007f73640d3000,
0x00007f7364135000
}

Java Threads: ( => current thread )
  0x00007f7364018000 JavaThread "main" [_thread_blocked, id=56479, stack(0x00007f7369802000,0x00007f7369903000)]
  0x00007f73640a3800 JavaThread "Reference Handler" daemon [_thread_blocked, id=56544, stack(0x00007f7368a8d000,0x00007f7368b8e000)]
  0x00007f73640a7000 JavaThread "Finalizer" daemon [_thread_blocked, id=56545, stack(0x00007f736898c000,0x00007f7368a8d000)]
  0x00007f73640cb800 JavaThread "Signal Dispatcher" daemon [_thread_blocked, id=56555, stack(0x00007f7368852000,0x00007f7368953000)]
  0x00007f73640cd000 JavaThread "Service Thread" daemon [_thread_blocked, id=56558, stack(0x00007f7368751000,0x00007f7368852000)]
  0x00007f73640cf000 JavaThread "C2 CompilerThread0" daemon [_thread_blocked, id=56559, stack(0x00007f7368650000,0x00007f7368751000)]
  0x00007f73640d1000 JavaThread "C1 CompilerThread0" daemon [_thread_blocked, id=56560, stack(0x00007f736854f000,0x00007f7368650000)]
  0x00007f73640d3000 JavaThread "Sweeper thread" daemon [_thread_blocked, id=56570, stack(0x00007f736844e000,0x00007f736854f000)]
  0x00007f7364135000 JavaThread "Common-Cleaner" daemon [_thread_blocked, id=56625, stack(0x00007f736834d000,0x00007f736844e000)]

Other Threads:
=>0x00007f7364097800 VMThread "VM Thread" [stack: 0x00007f7368b90000,0x00007f7368c90000] [id=56541]
  0x00007f7364182000 WatcherThread [stack: 0x00007f736824d000,0x00007f736834d000] [id=56637]

Threads with active compile tasks:

VM state:at safepoint (normal execution)

VM Mutex/Monitor currently owned by a thread:  ([mutex/lock_event])
[0x00007f73640141e0] Threads_lock - owner thread: 0x00007f7364097800
[0x00007f7364014de0] Heap_lock - owner thread: 0x00007f7364018000

Heap:
 def new generation   total 11034496K, used 1226047K [0x00007f634c600000, 0x00007f6638b30000, 0x00007f68a1b50000)
  eden space 9808448K,  12% used [0x00007f634c600000, 0x00007f639734fe38, 0x00007f65a3090000)
  from space 1226048K,   0% used [0x00007f65a3090000, 0x00007f65a3090000, 0x00007f65edde0000)
  to   space 1226048K,   0% used [0x00007f65edde0000, 0x00007f65edde0000, 0x00007f6638b30000)
 tenured generation   total 24906320K, used 24906164K [0x00007f68a1b50000, 0x00007f6e91de4000, 0x00007f734c600000)
   the space 24906320K,  99% used [0x00007f68a1b50000, 0x00007f6e91dbd3c0, 0x00007f6e91dbd400, 0x00007f6e91de4000)
 Metaspace       used 30857K, capacity 31313K, committed 31488K, reserved 32768K

Card table byte_map: [0x00007f63445ff000,0x00007f634c600000] _byte_map_base: 0x00007f2392b9c000

Polling page: 0x00007f736b28e000

Metaspace:

Usage:
   30.58 MB capacity,    30.13 MB ( 99%) used,   352.23 KB (  1%) free+waste,   102.88 KB ( <1%) overhead. 

Virtual space:
     32.00 MB reserved,      30.75 MB ( 96%) committed 

Chunk freelists:
75.00 KB

MaxMetaspaceSize: unlimited


CodeHeap 'non-profiled nmethods': size=120036Kb used=1423Kb max_used=1423Kb free=118612Kb
 bounds [0x00007f7354251000, 0x00007f73544c1000, 0x00007f735b78a000]
CodeHeap 'profiled nmethods': size=120032Kb used=8343Kb max_used=8343Kb free=111688Kb
 bounds [0x00007f734cd19000, 0x00007f734d549000, 0x00007f7354251000]
CodeHeap 'non-nmethods': size=5692Kb used=1251Kb max_used=1300Kb free=4440Kb
 bounds [0x00007f734c78a000, 0x00007f734c9fa000, 0x00007f734cd19000]
 total_blobs=4683 nmethods=4148 adapters=450
 compilation: enabled
              stopped_count=0, restarted_count=0
 full_count=0

Compilation events (20 events):
Event: 7.735 Thread 0x00007f73640cf000 4035       4       ch.idsia.crema.utility.IndexIterator::hasNext (13 bytes)
Event: 7.736 Thread 0x00007f73640cf000 nmethod 4035 0x00007f73543b0790 code [0x00007f73543b0900, 0x00007f73543b0958]
Event: 7.736 Thread 0x00007f73640cf000 4167       4       org.apache.commons.math3.optim.linear.SimplexTableau::getArtificialVariableOffset (15 bytes)
Event: 7.736 Thread 0x00007f73640cf000 nmethod 4167 0x00007f73543b0a90 code [0x00007f73543b0c00, 0x00007f73543b0c78]
Event: 7.736 Thread 0x00007f73640cf000 3710       4       java.util.Collections$UnmodifiableCollection$1::hasNext (10 bytes)
Event: 7.736 Thread 0x00007f73640cf000 nmethod 3710 0x00007f73543b0d90 code [0x00007f73543b0f00, 0x00007f73543b0f78]
Event: 7.736 Thread 0x00007f73640cf000 3981       4       org.apache.commons.math3.linear.ArrayRealVector::getDimension (6 bytes)
Event: 7.737 Thread 0x00007f73640cf000 nmethod 3981 0x00007f73543b1090 code [0x00007f73543b1200, 0x00007f73543b1258]
Event: 7.737 Thread 0x00007f73640cf000 3737       4       java.util.Collections$UnmodifiableCollection$1::next (10 bytes)
Event: 7.737 Thread 0x00007f73640cf000 nmethod 3737 0x00007f73543b1390 code [0x00007f73543b1500, 0x00007f73543b1578]
Event: 7.737 Thread 0x00007f73640cf000 4016       4       java.util.Collections$UnmodifiableCollection::size (10 bytes)
Event: 7.737 Thread 0x00007f73640cf000 nmethod 4016 0x00007f73543b1690 code [0x00007f73543b1800, 0x00007f73543b1878]
Event: 7.737 Thread 0x00007f73640cf000 4018       4       org.apache.commons.math3.util.Incrementor::resetCount (6 bytes)
Event: 7.737 Thread 0x00007f73640cf000 nmethod 4018 0x00007f73543b1990 code [0x00007f73543b1b00, 0x00007f73543b1b58]
Event: 7.737 Thread 0x00007f73640cf000 4040       4       java.util.TreeSet::size (10 bytes)
Event: 7.738 Thread 0x00007f73640cf000 nmethod 4040 0x00007f73543b1c90 code [0x00007f73543b1e00, 0x00007f73543b1e78]
Event: 7.738 Thread 0x00007f73640cf000 4168       4       java.util.ArrayList::remove (26 bytes)
Event: 7.739 Thread 0x00007f73640cf000 nmethod 4168 0x00007f73543b1f90 code [0x00007f73543b2100, 0x00007f73543b22b8]
Event: 8.344 Thread 0x00007f73640cf000 4181       4       ch.idsia.crema.factor.credal.vertex.VertexFactor::combine (347 bytes)
Event: 8.427 Thread 0x00007f73640cf000 nmethod 4181 0x00007f73543b2410 code [0x00007f73543b26a0, 0x00007f73543b3dc8]

GC Heap History (20 events):
Event: 21.939 GC heap after
{Heap after GC invocations=8 (full 3):
 def new generation   total 3205184K, used 158181K [0x00007f634c600000, 0x00007f6425bd0000, 0x00007f68a1b50000)
  eden space 2849088K,   5% used [0x00007f634c600000, 0x00007f6356079710, 0x00007f63fa450000)
  from space 356096K,   0% used [0x00007f63fa450000, 0x00007f63fa450000, 0x00007f6410010000)
  to   space 356096K,   0% used [0x00007f6410010000, 0x00007f6410010000, 0x00007f6425bd0000)
 tenured generation   total 7122456K, used 4273471K [0x00007f68a1b50000, 0x00007f6a546d6000, 0x00007f734c600000)
   the space 7122456K,  59% used [0x00007f68a1b50000, 0x00007f69a689fec0, 0x00007f69a68a0000, 0x00007f6a546d6000)
 Metaspace       used 30857K, capacity 31313K, committed 31488K, reserved 32768K
}
Event: 29.230 GC heap before
{Heap before GC invocations=8 (full 3):
 def new generation   total 3205184K, used 2849088K [0x00007f634c600000, 0x00007f6425bd0000, 0x00007f68a1b50000)
  eden space 2849088K, 100% used [0x00007f634c600000, 0x00007f63fa450000, 0x00007f63fa450000)
  from space 356096K,   0% used [0x00007f63fa450000, 0x00007f63fa450000, 0x00007f6410010000)
  to   space 356096K,   0% used [0x00007f6410010000, 0x00007f6410010000, 0x00007f6425bd0000)
 tenured generation   total 7122456K, used 4273471K [0x00007f68a1b50000, 0x00007f6a546d6000, 0x00007f734c600000)
   the space 7122456K,  59% used [0x00007f68a1b50000, 0x00007f69a689fec0, 0x00007f69a68a0000, 0x00007f6a546d6000)
 Metaspace       used 30857K, capacity 31313K, committed 31488K, reserved 32768K
}
Event: 32.265 GC heap after
{Heap after GC invocations=9 (full 3):
 def new generation   total 3205184K, used 356095K [0x00007f634c600000, 0x00007f6425bd0000, 0x00007f68a1b50000)
  eden space 2849088K,   0% used [0x00007f634c600000, 0x00007f634c600000, 0x00007f63fa450000)
  from space 356096K,  99% used [0x00007f6410010000, 0x00007f6425bcff28, 0x00007f6425bd0000)
  to   space 356096K,   0% used [0x00007f63fa450000, 0x00007f63fa450000, 0x00007f6410010000)
 tenured generation   total 7122456K, used 5515054K [0x00007f68a1b50000, 0x00007f6a546d6000, 0x00007f734c600000)
   the space 7122456K,  77% used [0x00007f68a1b50000, 0x00007f69f251bbe0, 0x00007f69f251bc00, 0x00007f6a546d6000)
 Metaspace       used 30857K, capacity 31313K, committed 31488K, reserved 32768K
}
Event: 44.071 GC heap before
{Heap before GC invocations=9 (full 3):
 def new generation   total 3205184K, used 3205183K [0x00007f634c600000, 0x00007f6425bd0000, 0x00007f68a1b50000)
  eden space 2849088K, 100% used [0x00007f634c600000, 0x00007f63fa450000, 0x00007f63fa450000)
  from space 356096K,  99% used [0x00007f6410010000, 0x00007f6425bcff28, 0x00007f6425bd0000)
  to   space 356096K,   0% used [0x00007f63fa450000, 0x00007f63fa450000, 0x00007f6410010000)
 tenured generation   total 7122456K, used 5515054K [0x00007f68a1b50000, 0x00007f6a546d6000, 0x00007f734c600000)
   the space 7122456K,  77% used [0x00007f68a1b50000, 0x00007f69f251bbe0, 0x00007f69f251bc00, 0x00007f6a546d6000)
 Metaspace       used 30857K, capacity 31313K, committed 31488K, reserved 32768K
}
Event: 44.760 GC heap after
{Heap after GC invocations=10 (full 3):
 def new generation   total 3205184K, used 1445K [0x00007f634c600000, 0x00007f6425bd0000, 0x00007f68a1b50000)
  eden space 2849088K,   0% used [0x00007f634c600000, 0x00007f634c600000, 0x00007f63fa450000)
  from space 356096K,   0% used [0x00007f63fa450000, 0x00007f63fa5b9430, 0x00007f6410010000)
  to   space 356096K,   0% used [0x00007f6410010000, 0x00007f6410010000, 0x00007f6425bd0000)
 tenured generation   total 7122456K, used 5871150K [0x00007f68a1b50000, 0x00007f6a546d6000, 0x00007f734c600000)
   the space 7122456K,  82% used [0x00007f68a1b50000, 0x00007f6a080dba30, 0x00007f6a080dbc00, 0x00007f6a546d6000)
 Metaspace       used 30857K, capacity 31313K, committed 31488K, reserved 32768K
}
Event: 47.246 GC heap before
{Heap before GC invocations=10 (full 3):
 def new generation   total 3205184K, used 2850533K [0x00007f634c600000, 0x00007f6425bd0000, 0x00007f68a1b50000)
  eden space 2849088K, 100% used [0x00007f634c600000, 0x00007f63fa450000, 0x00007f63fa450000)
  from space 356096K,   0% used [0x00007f63fa450000, 0x00007f63fa5b9430, 0x00007f6410010000)
  to   space 356096K,   0% used [0x00007f6410010000, 0x00007f6410010000, 0x00007f6425bd0000)
 tenured generation   total 7122456K, used 5871150K [0x00007f68a1b50000, 0x00007f6a546d6000, 0x00007f734c600000)
   the space 7122456K,  82% used [0x00007f68a1b50000, 0x00007f6a080dba30, 0x00007f6a080dbc00, 0x00007f6a546d6000)
 Metaspace       used 30857K, capacity 31313K, committed 31488K, reserved 32768K
}
Event: 52.370 GC heap after
{Heap after GC invocations=11 (full 3):
 def new generation   total 3205184K, used 356095K [0x00007f634c600000, 0x00007f6425bd0000, 0x00007f68a1b50000)
  eden space 2849088K,   0% used [0x00007f634c600000, 0x00007f634c600000, 0x00007f63fa450000)
  from space 356096K,  99% used [0x00007f6410010000, 0x00007f6425bcff98, 0x00007f6425bd0000)
  to   space 356096K,   0% used [0x00007f63fa450000, 0x00007f63fa450000, 0x00007f6410010000)
 tenured generation   total 8365656K, used 8365538K [0x00007f68a1b50000, 0x00007f6aa04e6000, 0x00007f734c600000)
   the space 8365656K,  99% used [0x00007f68a1b50000, 0x00007f6aa04c8a40, 0x00007f6aa04c8c00, 0x00007f6aa04e6000)
 Metaspace       used 30857K, capacity 31313K, committed 31488K, reserved 32768K
}
Event: 52.370 GC heap before
{Heap before GC invocations=11 (full 3):
 def new generation   total 3205184K, used 356095K [0x00007f634c600000, 0x00007f6425bd0000, 0x00007f68a1b50000)
  eden space 2849088K,   0% used [0x00007f634c600000, 0x00007f634c600000, 0x00007f63fa450000)
  from space 356096K,  99% used [0x00007f6410010000, 0x00007f6425bcff98, 0x00007f6425bd0000)
  to   space 356096K,   0% used [0x00007f63fa450000, 0x00007f63fa450000, 0x00007f6410010000)
 tenured generation   total 8365656K, used 8365538K [0x00007f68a1b50000, 0x00007f6aa04e6000, 0x00007f734c600000)
   the space 8365656K,  99% used [0x00007f68a1b50000, 0x00007f6aa04c8a40, 0x00007f6aa04c8c00, 0x00007f6aa04e6000)
 Metaspace       used 30857K, capacity 31313K, committed 31488K, reserved 32768K
}
Event: 63.603 GC heap after
{Heap after GC invocations=11 (full 4):
 def new generation   total 6270208K, used 356095K [0x00007f634c600000, 0x00007f64f5990000, 0x00007f68a1b50000)
  eden space 5573568K,   6% used [0x00007f634c600000, 0x00007f63621bff98, 0x00007f64a08f0000)
  from space 696640K,   0% used [0x00007f64a08f0000, 0x00007f64a08f0000, 0x00007f64cb140000)
  to   space 696640K,   0% used [0x00007f64cb140000, 0x00007f64cb140000, 0x00007f64f5990000)
 tenured generation   total 13933600K, used 8360158K [0x00007f68a1b50000, 0x00007f6bf4258000, 0x00007f734c600000)
   the space 13933600K,  59% used [0x00007f68a1b50000, 0x00007f6a9ff87aa0, 0x00007f6a9ff87c00, 0x00007f6bf4258000)
 Metaspace       used 30857K, capacity 31313K, committed 31488K, reserved 32768K
}
Event: 84.550 GC heap before
{Heap before GC invocations=11 (full 4):
 def new generation   total 6270208K, used 5573568K [0x00007f634c600000, 0x00007f64f5990000, 0x00007f68a1b50000)
  eden space 5573568K, 100% used [0x00007f634c600000, 0x00007f64a08f0000, 0x00007f64a08f0000)
  from space 696640K,   0% used [0x00007f64a08f0000, 0x00007f64a08f0000, 0x00007f64cb140000)
  to   space 696640K,   0% used [0x00007f64cb140000, 0x00007f64cb140000, 0x00007f64f5990000)
 tenured generation   total 13933600K, used 8360158K [0x00007f68a1b50000, 0x00007f6bf4258000, 0x00007f734c600000)
   the space 13933600K,  59% used [0x00007f68a1b50000, 0x00007f6a9ff87aa0, 0x00007f6a9ff87c00, 0x00007f6bf4258000)
 Metaspace       used 30857K, capacity 31313K, committed 31488K, reserved 32768K
}
Event: 89.956 GC heap after
{Heap after GC invocations=12 (full 4):
 def new generation   total 6270208K, used 696639K [0x00007f634c600000, 0x00007f64f5990000, 0x00007f68a1b50000)
  eden space 5573568K,   0% used [0x00007f634c600000, 0x00007f634c600000, 0x00007f64a08f0000)
  from space 696640K,  99% used [0x00007f64cb140000, 0x00007f64f598ff08, 0x00007f64f5990000)
  to   space 696640K,   0% used [0x00007f64a08f0000, 0x00007f64a08f0000, 0x00007f64cb140000)
 tenured generation   total 13933600K, used 10741136K [0x00007f68a1b50000, 0x00007f6bf4258000, 0x00007f734c600000)
   the space 13933600K,  77% used [0x00007f68a1b50000, 0x00007f6b314b4058, 0x00007f6b314b4200, 0x00007f6bf4258000)
 Metaspace       used 30857K, capacity 31313K, committed 31488K, reserved 32768K
}
Event: 99.782 GC heap before
{Heap before GC invocations=12 (full 4):
 def new generation   total 6270208K, used 6270207K [0x00007f634c600000, 0x00007f64f5990000, 0x00007f68a1b50000)
  eden space 5573568K, 100% used [0x00007f634c600000, 0x00007f64a08f0000, 0x00007f64a08f0000)
  from space 696640K,  99% used [0x00007f64cb140000, 0x00007f64f598ff08, 0x00007f64f5990000)
  to   space 696640K,   0% used [0x00007f64a08f0000, 0x00007f64a08f0000, 0x00007f64cb140000)
 tenured generation   total 13933600K, used 10741136K [0x00007f68a1b50000, 0x00007f6bf4258000, 0x00007f734c600000)
   the space 13933600K,  77% used [0x00007f68a1b50000, 0x00007f6b314b4058, 0x00007f6b314b4200, 0x00007f6bf4258000)
 Metaspace       used 30857K, capacity 31313K, committed 31488K, reserved 32768K
}
Event: 108.752 GC heap after
{Heap after GC invocations=13 (full 4):
 def new generation   total 6270208K, used 696639K [0x00007f634c600000, 0x00007f64f5990000, 0x00007f68a1b50000)
  eden space 5573568K,   0% used [0x00007f634c600000, 0x00007f634c600000, 0x00007f64a08f0000)
  from space 696640K,  99% used [0x00007f64a08f0000, 0x00007f64cb13fe20, 0x00007f64cb140000)
  to   space 696640K,   0% used [0x00007f64cb140000, 0x00007f64cb140000, 0x00007f64f5990000)
 tenured generation   total 14712736K, used 14712584K [0x00007f68a1b50000, 0x00007f6c23b38000, 0x00007f734c600000)
   the space 14712736K,  99% used [0x00007f68a1b50000, 0x00007f6c23b123d8, 0x00007f6c23b12400, 0x00007f6c23b38000)
 Metaspace       used 30857K, capacity 31313K, committed 31488K, reserved 32768K
}
Event: 108.752 GC heap before
{Heap before GC invocations=13 (full 4):
 def new generation   total 6270208K, used 696639K [0x00007f634c600000, 0x00007f64f5990000, 0x00007f68a1b50000)
  eden space 5573568K,   0% used [0x00007f634c600000, 0x00007f634c600000, 0x00007f64a08f0000)
  from space 696640K,  99% used [0x00007f64a08f0000, 0x00007f64cb13fe20, 0x00007f64cb140000)
  to   space 696640K,   0% used [0x00007f64cb140000, 0x00007f64cb140000, 0x00007f64f5990000)
 tenured generation   total 14712736K, used 14712584K [0x00007f68a1b50000, 0x00007f6c23b38000, 0x00007f734c600000)
   the space 14712736K,  99% used [0x00007f68a1b50000, 0x00007f6c23b123d8, 0x00007f6c23b12400, 0x00007f6c23b38000)
 Metaspace       used 30857K, capacity 31313K, committed 31488K, reserved 32768K
}
Event: 119.280 GC heap after
{Heap after GC invocations=13 (full 5):
 def new generation   total 11034496K, used 696639K [0x00007f634c600000, 0x00007f6638b30000, 0x00007f68a1b50000)
  eden space 9808448K,   7% used [0x00007f634c600000, 0x00007f6376e4fe20, 0x00007f65a3090000)
  from space 1226048K,   0% used [0x00007f65a3090000, 0x00007f65a3090000, 0x00007f65edde0000)
  to   space 1226048K,   0% used [0x00007f65edde0000, 0x00007f65edde0000, 0x00007f6638b30000)
 tenured generation   total 24520976K, used 14712584K [0x00007f68a1b50000, 0x00007f6e7a594000, 0x00007f734c600000)
   the space 24520976K,  59% used [0x00007f68a1b50000, 0x00007f6c23b123d8, 0x00007f6c23b12400, 0x00007f6e7a594000)
 Metaspace       used 30857K, capacity 31313K, committed 31488K, reserved 32768K
}
Event: 141.319 GC heap before
{Heap before GC invocations=13 (full 5):
 def new generation   total 11034496K, used 9808448K [0x00007f634c600000, 0x00007f6638b30000, 0x00007f68a1b50000)
  eden space 9808448K, 100% used [0x00007f634c600000, 0x00007f65a3090000, 0x00007f65a3090000)
  from space 1226048K,   0% used [0x00007f65a3090000, 0x00007f65a3090000, 0x00007f65edde0000)
  to   space 1226048K,   0% used [0x00007f65edde0000, 0x00007f65edde0000, 0x00007f6638b30000)
 tenured generation   total 24520976K, used 14712584K [0x00007f68a1b50000, 0x00007f6e7a594000, 0x00007f734c600000)
   the space 24520976K,  59% used [0x00007f68a1b50000, 0x00007f6c23b123d8, 0x00007f6c23b12400, 0x00007f6e7a594000)
 Metaspace       used 30857K, capacity 31313K, committed 31488K, reserved 32768K
}
Event: 154.109 GC heap after
{Heap after GC invocations=14 (full 5):
 def new generation   total 11034496K, used 1226047K [0x00007f634c600000, 0x00007f6638b30000, 0x00007f68a1b50000)
  eden space 9808448K,   0% used [0x00007f634c600000, 0x00007f634c600000, 0x00007f65a3090000)
  from space 1226048K,  99% used [0x00007f65edde0000, 0x00007f6638b2feb8, 0x00007f6638b30000)
  to   space 1226048K,   0% used [0x00007f65a3090000, 0x00007f65a3090000, 0x00007f65edde0000)
 tenured generation   total 24520976K, used 19197886K [0x00007f68a1b50000, 0x00007f6e7a594000, 0x00007f734c600000)
   the space 24520976K,  78% used [0x00007f68a1b50000, 0x00007f6d3573fb80, 0x00007f6d3573fc00, 0x00007f6e7a594000)
 Metaspace       used 30857K, capacity 31313K, committed 31488K, reserved 32768K
}
Event: 175.395 GC heap before
{Heap before GC invocations=14 (full 5):
 def new generation   total 11034496K, used 11034495K [0x00007f634c600000, 0x00007f6638b30000, 0x00007f68a1b50000)
  eden space 9808448K, 100% used [0x00007f634c600000, 0x00007f65a3090000, 0x00007f65a3090000)
  from space 1226048K,  99% used [0x00007f65edde0000, 0x00007f6638b2feb8, 0x00007f6638b30000)
  to   space 1226048K,   0% used [0x00007f65a3090000, 0x00007f65a3090000, 0x00007f65edde0000)
 tenured generation   total 24520976K, used 19197886K [0x00007f68a1b50000, 0x00007f6e7a594000, 0x00007f734c600000)
   the space 24520976K,  78% used [0x00007f68a1b50000, 0x00007f6d3573fb80, 0x00007f6d3573fc00, 0x00007f6e7a594000)
 Metaspace       used 30857K, capacity 31313K, committed 31488K, reserved 32768K
}
Event: 188.651 GC heap after
{Heap after GC invocations=15 (full 5):
 def new generation   total 11034496K, used 1226047K [0x00007f634c600000, 0x00007f6638b30000, 0x00007f68a1b50000)
  eden space 9808448K,   0% used [0x00007f634c600000, 0x00007f634c600000, 0x00007f65a3090000)
  from space 1226048K,  99% used [0x00007f65a3090000, 0x00007f65edddfe38, 0x00007f65edde0000)
  to   space 1226048K,   0% used [0x00007f65edde0000, 0x00007f65edde0000, 0x00007f6638b30000)
 tenured generation   total 24906320K, used 24906164K [0x00007f68a1b50000, 0x00007f6e91de4000, 0x00007f734c600000)
   the space 24906320K,  99% used [0x00007f68a1b50000, 0x00007f6e91dbd3c0, 0x00007f6e91dbd400, 0x00007f6e91de4000)
 Metaspace       used 30857K, capacity 31313K, committed 31488K, reserved 32768K
}
Event: 188.651 GC heap before
{Heap before GC invocations=15 (full 5):
 def new generation   total 11034496K, used 1226047K [0x00007f634c600000, 0x00007f6638b30000, 0x00007f68a1b50000)
  eden space 9808448K,   0% used [0x00007f634c600000, 0x00007f634c600000, 0x00007f65a3090000)
  from space 1226048K,  99% used [0x00007f65a3090000, 0x00007f65edddfe38, 0x00007f65edde0000)
  to   space 1226048K,   0% used [0x00007f65edde0000, 0x00007f65edde0000, 0x00007f6638b30000)
 tenured generation   total 24906320K, used 24906164K [0x00007f68a1b50000, 0x00007f6e91de4000, 0x00007f734c600000)
   the space 24906320K,  99% used [0x00007f68a1b50000, 0x00007f6e91dbd3c0, 0x00007f6e91dbd400, 0x00007f6e91de4000)
 Metaspace       used 30857K, capacity 31313K, committed 31488K, reserved 32768K
}

Deoptimization events (20 events):
Event: 7.149 Thread 0x00007f7364018000 DEOPT PACKING pc=0x00007f734d53799e sp=0x00007f73699003f0
Event: 7.149 Thread 0x00007f7364018000 DEOPT UNPACKING pc=0x00007f734c7d333a sp=0x00007f73698ffa20 mode 0
Event: 7.149 Thread 0x00007f7364018000 DEOPT PACKING pc=0x00007f734d53799e sp=0x00007f73699003f0
Event: 7.149 Thread 0x00007f7364018000 DEOPT UNPACKING pc=0x00007f734c7d333a sp=0x00007f73698ffa20 mode 0
Event: 7.149 Thread 0x00007f7364018000 DEOPT PACKING pc=0x00007f734d53799e sp=0x00007f73699003f0
Event: 7.149 Thread 0x00007f7364018000 DEOPT UNPACKING pc=0x00007f734c7d333a sp=0x00007f73698ffa20 mode 0
Event: 7.150 Thread 0x00007f7364018000 DEOPT PACKING pc=0x00007f734d53799e sp=0x00007f73699003f0
Event: 7.150 Thread 0x00007f7364018000 DEOPT UNPACKING pc=0x00007f734c7d333a sp=0x00007f73698ffa20 mode 0
Event: 7.150 Thread 0x00007f7364018000 DEOPT PACKING pc=0x00007f734d53799e sp=0x00007f73699003f0
Event: 7.150 Thread 0x00007f7364018000 DEOPT UNPACKING pc=0x00007f734c7d333a sp=0x00007f73698ffa20 mode 0
Event: 7.150 Thread 0x00007f7364018000 DEOPT PACKING pc=0x00007f734d53799e sp=0x00007f73699003f0
Event: 7.150 Thread 0x00007f7364018000 DEOPT UNPACKING pc=0x00007f734c7d333a sp=0x00007f73698ffa20 mode 0
Event: 7.150 Thread 0x00007f7364018000 DEOPT PACKING pc=0x00007f734d53799e sp=0x00007f73699003f0
Event: 7.150 Thread 0x00007f7364018000 DEOPT UNPACKING pc=0x00007f734c7d333a sp=0x00007f73698ffa20 mode 0
Event: 7.151 Thread 0x00007f7364018000 DEOPT PACKING pc=0x00007f734d53799e sp=0x00007f73699003f0
Event: 7.151 Thread 0x00007f7364018000 DEOPT UNPACKING pc=0x00007f734c7d333a sp=0x00007f73698ffa20 mode 0
Event: 7.211 Thread 0x00007f7364018000 DEOPT PACKING pc=0x00007f734d53799e sp=0x00007f73699003f0
Event: 7.211 Thread 0x00007f7364018000 DEOPT UNPACKING pc=0x00007f734c7d333a sp=0x00007f73698ffa20 mode 0
Event: 8.341 Thread 0x00007f7364018000 DEOPT PACKING pc=0x00007f734d4afee7 sp=0x00007f7369900670
Event: 8.341 Thread 0x00007f7364018000 DEOPT UNPACKING pc=0x00007f734c7d333a sp=0x00007f73698ffb78 mode 0

Classes unloaded (0 events):
No events

Classes redefined (0 events):
No events

Internal exceptions (20 events):
Event: 1.885 Thread 0x00007f7364018000 Exception <a 'java/lang/NoSuchMethodError'{0x00007f6351fdb4a8}: 'java.lang.Object java.lang.invoke.Invokers$Holder.linkToTargetMethod(java.lang.Object, int, java.lang.Object, java.lang.Object)'> (0x00007f6351fdb4a8) 
thrown [src/hotspot/share/interpreter/linkResolver.cpp, line 766]
Event: 2.119 Thread 0x00007f7364018000 Implicit null exception at 0x00007f73542b8845 to 0x00007f73542b8a18
Event: 2.119 Thread 0x00007f7364018000 Implicit null exception at 0x00007f735427ee8f to 0x00007f735427eef9
Event: 2.628 Thread 0x00007f73640a7000 Implicit null exception at 0x00007f73542a5ecc to 0x00007f73542a5f80
Event: 2.642 Thread 0x00007f7364018000 Exception <a 'java/lang/NoSuchMethodError'{0x00007f634c63f318}: 'java.lang.Object java.lang.invoke.Invokers$Holder.invokeExact_MT(java.lang.Object, java.lang.Object, java.lang.Object, java.lang.Object, java.lang.Object, java.lang.Object)'> (0x00007f634c63f318) 
thrown [src/hotspot/share/interpreter/linkResolver.cpp, line 766]
Event: 2.812 Thread 0x00007f7364018000 Exception <a 'java/lang/NoSuchMethodError'{0x00007f634c9f70e8}: 'double java.lang.invoke.DirectMethodHandle$Holder.invokeStatic(java.lang.Object, java.lang.Object)'> (0x00007f634c9f70e8) 
thrown [src/hotspot/share/interpreter/linkResolver.cpp, line 766]
Event: 2.857 Thread 0x00007f7364018000 Exception <a 'java/lang/NoSuchMethodError'{0x00007f634cbcfa28}: 'int java.lang.invoke.DirectMethodHandle$Holder.invokeStatic(java.lang.Object, java.lang.Object, java.lang.Object, int)'> (0x00007f634cbcfa28) 
thrown [src/hotspot/share/interpreter/linkResolver.cpp, line 766]
Event: 2.861 Thread 0x00007f7364018000 Exception <a 'java/lang/NoSuchMethodError'{0x00007f634cbdbc38}: 'int java.lang.invoke.DirectMethodHandle$Holder.invokeStatic(java.lang.Object, java.lang.Object, int)'> (0x00007f634cbdbc38) 
thrown [src/hotspot/share/interpreter/linkResolver.cpp, line 766]
Event: 3.463 Thread 0x00007f7364018000 Exception <a 'java/lang/ClassNotFoundException'{0x00007f6350c02df0}: com/sun/org/apache/xerces/internal/impl/msg/spi/SAXMessagesProvider> (0x00007f6350c02df0) 
thrown [src/hotspot/share/classfile/systemDictionary.cpp, line 232]
Event: 4.131 Thread 0x00007f7364018000 Exception <a 'java/lang/NoSuchMethodError'{0x00007f6351d5bc08}: 'java.lang.Object java.lang.invoke.DirectMethodHandle$Holder.invokeStaticInit(java.lang.Object, java.lang.Object, java.lang.Object)'> (0x00007f6351d5bc08) 
thrown [src/hotspot/share/interpreter/linkResolver.cpp, line 766]
Event: 4.132 Thread 0x00007f7364018000 Exception <a 'java/lang/NoSuchMethodError'{0x00007f6351d66bd0}: 'void java.lang.invoke.DirectMethodHandle$Holder.invokeStatic(java.lang.Object, java.lang.Object, java.lang.Object, java.lang.Object, java.lang.Object, java.lang.Object)'> (0x00007f6351d66bd0) 
thrown [src/hotspot/share/interpreter/linkResolver.cpp, line 766]
Event: 4.138 Thread 0x00007f7364018000 Exception <a 'java/lang/NoSuchMethodError'{0x00007f6351d9e908}: 'void java.lang.invoke.DirectMethodHandle$Holder.invokeStaticInit(java.lang.Object, java.lang.Object, java.lang.Object)'> (0x00007f6351d9e908) 
thrown [src/hotspot/share/interpreter/linkResolver.cpp, line 766]
Event: 4.150 Thread 0x00007f7364018000 Exception <a 'java/net/UnknownHostException'{0x00007f6351dbfc20}> (0x00007f6351dbfc20) 
thrown [src/hotspot/share/prims/jni.cpp, line 598]
Event: 4.412 Thread 0x00007f7364018000 Exception <a 'java/net/UnknownHostException'{0x00007f635310d8a0}> (0x00007f635310d8a0) 
thrown [src/hotspot/share/prims/jni.cpp, line 598]
Event: 4.500 Thread 0x00007f7364018000 Exception <a 'java/net/UnknownHostException'{0x00007f6353c7cc50}> (0x00007f6353c7cc50) 
thrown [src/hotspot/share/prims/jni.cpp, line 598]
Event: 4.735 Thread 0x00007f7364018000 Exception <a 'java/net/UnknownHostException'{0x00007f63554e8078}> (0x00007f63554e8078) 
thrown [src/hotspot/share/prims/jni.cpp, line 598]
Event: 4.874 Thread 0x00007f7364018000 Exception <a 'java/net/UnknownHostException'{0x00007f63566f11d0}> (0x00007f63566f11d0) 
thrown [src/hotspot/share/prims/jni.cpp, line 598]
Event: 4.898 Thread 0x00007f7364018000 Exception <a 'java/lang/NoSuchMethodError'{0x00007f6356739598}: 'java.lang.Object java.lang.invoke.Invokers$Holder.linkToTargetMethod(java.lang.Object, long, java.lang.Object)'> (0x00007f6356739598) 
thrown [src/hotspot/share/interpreter/linkResolver.cpp, line 766]
Event: 4.906 Thread 0x00007f7364018000 Exception <a 'java/lang/NoSuchMethodError'{0x00007f63567afd68}: 'void java.lang.invoke.DirectMethodHandle$Holder.invokeStatic(java.lang.Object, java.lang.Object, int)'> (0x00007f63567afd68) 
thrown [src/hotspot/share/interpreter/linkResolver.cpp, line 766]
Event: 4.912 Thread 0x00007f7364018000 Exception <a 'java/lang/NoSuchMethodError'{0x00007f63567db218}: 'java.lang.Object java.lang.invoke.Invokers$Holder.linkToTargetMethod(java.lang.Object, int, java.lang.Object)'> (0x00007f63567db218) 
thrown [src/hotspot/share/interpreter/linkResolver.cpp, line 766]

Events (20 events):
Event: 10.759 Executing VM operation: GenCollectForAllocation done
Event: 11.139 Executing VM operation: GenCollectForAllocation
Event: 13.110 Executing VM operation: GenCollectForAllocation done
Event: 13.852 Executing VM operation: GenCollectForAllocation
Event: 15.712 Executing VM operation: GenCollectForAllocation done
Event: 16.643 Executing VM operation: GenCollectForAllocation
Event: 21.939 Executing VM operation: GenCollectForAllocation done
Event: 29.230 Executing VM operation: GenCollectForAllocation
Event: 32.265 Executing VM operation: GenCollectForAllocation done
Event: 44.071 Executing VM operation: GenCollectForAllocation
Event: 44.760 Executing VM operation: GenCollectForAllocation done
Event: 47.245 Executing VM operation: GenCollectForAllocation
Event: 63.604 Executing VM operation: GenCollectForAllocation done
Event: 84.538 Executing VM operation: GenCollectForAllocation
Event: 89.957 Executing VM operation: GenCollectForAllocation done
Event: 99.781 Executing VM operation: GenCollectForAllocation
Event: 119.294 Executing VM operation: GenCollectForAllocation done
Event: 141.316 Executing VM operation: GenCollectForAllocation
Event: 154.115 Executing VM operation: GenCollectForAllocation done
Event: 175.391 Executing VM operation: GenCollectForAllocation


Dynamic libraries:
5643c05e4000-5643c05e5000 r--p 00000000 07:1e 4860                       /usr/lib/jvm/java-13-openjdk-amd64/bin/java
5643c05e5000-5643c05e6000 r-xp 00001000 07:1e 4860                       /usr/lib/jvm/java-13-openjdk-amd64/bin/java
5643c05e6000-5643c05e7000 r--p 00002000 07:1e 4860                       /usr/lib/jvm/java-13-openjdk-amd64/bin/java
5643c05e7000-5643c05e8000 r--p 00002000 07:1e 4860                       /usr/lib/jvm/java-13-openjdk-amd64/bin/java
5643c05e8000-5643c05e9000 rw-p 00003000 07:1e 4860                       /usr/lib/jvm/java-13-openjdk-amd64/bin/java
5643c1fd5000-5643c1ff6000 rw-p 00000000 00:00 0                          [heap]
7f6310000000-7f6310021000 rw-p 00000000 00:00 0 
7f6310021000-7f6314000000 ---p 00000000 00:00 0 
7f6314000000-7f6314021000 rw-p 00000000 00:00 0 
7f6314021000-7f6318000000 ---p 00000000 00:00 0 
7f6318000000-7f6318021000 rw-p 00000000 00:00 0 
7f6318021000-7f631c000000 ---p 00000000 00:00 0 
7f631c000000-7f631c021000 rw-p 00000000 00:00 0 
7f631c021000-7f6320000000 ---p 00000000 00:00 0 
7f6320000000-7f63217de000 rw-p 00000000 00:00 0 
7f63217de000-7f6324000000 ---p 00000000 00:00 0 
7f6324000000-7f6324d4e000 rw-p 00000000 00:00 0 
7f6324d4e000-7f6328000000 ---p 00000000 00:00 0 
7f6328000000-7f6328021000 rw-p 00000000 00:00 0 
7f6328021000-7f632c000000 ---p 00000000 00:00 0 
7f632c000000-7f632c021000 rw-p 00000000 00:00 0 
7f632c021000-7f6330000000 ---p 00000000 00:00 0 
7f6330000000-7f6330021000 rw-p 00000000 00:00 0 
7f6330021000-7f6334000000 ---p 00000000 00:00 0 
7f6334000000-7f6334021000 rw-p 00000000 00:00 0 
7f6334021000-7f6338000000 ---p 00000000 00:00 0 
7f6338000000-7f6338048000 rw-p 00000000 00:00 0 
7f6338048000-7f633c000000 ---p 00000000 00:00 0 
7f633d8a9000-7f633d969000 rw-p 00000000 00:00 0 
7f633d969000-7f633daa9000 ---p 00000000 00:00 0 
7f633daa9000-7f633dca9000 rw-p 00000000 00:00 0 
7f633dca9000-7f633dea9000 rw-p 00000000 00:00 0 
7f633dea9000-7f633e0a9000 rw-p 00000000 00:00 0 
7f633e0a9000-7f633e2a9000 rw-p 00000000 00:00 0 
7f633e2a9000-7f633e4a9000 rw-p 00000000 00:00 0 
7f633e4a9000-7f633e6a9000 rw-p 00000000 00:00 0 
7f633e6a9000-7f633e8a9000 rw-p 00000000 00:00 0 
7f633e8a9000-7f633eaa9000 rw-p 00000000 00:00 0 
7f633eaa9000-7f633eca9000 rw-p 00000000 00:00 0 
7f633eca9000-7f633eea9000 rw-p 00000000 00:00 0 
7f633eea9000-7f634202b000 rw-p 00000000 00:00 0 
7f634202b000-7f63445ff000 ---p 00000000 00:00 0 
7f63445ff000-7f6345d62000 rw-p 00000000 00:00 0 
7f6345d62000-7f63470a9000 ---p 00000000 00:00 0 
7f63470a9000-7f634a02b000 rw-p 00000000 00:00 0 
7f634a02b000-7f634c5ff000 ---p 00000000 00:00 0 
7f634c5ff000-7f6638b30000 rw-p 00000000 00:00 0 
7f6638b30000-7f68a1b50000 ---p 00000000 00:00 0 
7f68a1b50000-7f6e91de4000 rw-p 00000000 00:00 0 
7f72874b1000-7f734c600000 ---p 00000000 00:00 0 
7f734c689000-7f734c68d000 ---p 00000000 00:00 0 
7f734c68d000-7f734c78a000 rw-p 00000000 00:00 0 
7f734c78a000-7f734c9fa000 rwxp 00000000 00:00 0 
7f734c9fa000-7f734cd19000 ---p 00000000 00:00 0 
7f734cd19000-7f734d549000 rwxp 00000000 00:00 0 
7f734d549000-7f7354251000 ---p 00000000 00:00 0 
7f7354251000-7f73544c1000 rwxp 00000000 00:00 0 
7f73544c1000-7f735b78a000 ---p 00000000 00:00 0 
7f735b78a000-7f7364000000 r--s 00000000 07:1e 5215                       /usr/lib/jvm/java-13-openjdk-amd64/lib/modules
7f7364000000-7f7364819000 rw-p 00000000 00:00 0 
7f7364819000-7f7368000000 ---p 00000000 00:00 0 
7f7368018000-7f736801c000 r--p 00000000 07:1e 9178                       /usr/lib/x86_64-linux-gnu/libresolv-2.31.so
7f736801c000-7f736802c000 r-xp 00004000 07:1e 9178                       /usr/lib/x86_64-linux-gnu/libresolv-2.31.so
7f736802c000-7f7368030000 r--p 00014000 07:1e 9178                       /usr/lib/x86_64-linux-gnu/libresolv-2.31.so
7f7368030000-7f7368031000 r--p 00017000 07:1e 9178                       /usr/lib/x86_64-linux-gnu/libresolv-2.31.so
7f7368031000-7f7368032000 rw-p 00018000 07:1e 9178                       /usr/lib/x86_64-linux-gnu/libresolv-2.31.so
7f7368032000-7f7368034000 rw-p 00000000 00:00 0 
7f7368034000-7f7368035000 r--p 00000000 07:1e 9105                       /usr/lib/x86_64-linux-gnu/libnss_dns-2.31.so
7f7368035000-7f7368039000 r-xp 00001000 07:1e 9105                       /usr/lib/x86_64-linux-gnu/libnss_dns-2.31.so
7f7368039000-7f736803a000 r--p 00005000 07:1e 9105                       /usr/lib/x86_64-linux-gnu/libnss_dns-2.31.so
7f736803a000-7f736803b000 r--p 00005000 07:1e 9105                       /usr/lib/x86_64-linux-gnu/libnss_dns-2.31.so
7f736803b000-7f736803c000 rw-p 00006000 07:1e 9105                       /usr/lib/x86_64-linux-gnu/libnss_dns-2.31.so
7f736803c000-7f736803e000 r--p 00000000 07:1e 5202                       /usr/lib/jvm/java-13-openjdk-amd64/lib/libmanagement_ext.so
7f736803e000-7f7368041000 r-xp 00002000 07:1e 5202                       /usr/lib/jvm/java-13-openjdk-amd64/lib/libmanagement_ext.so
7f7368041000-7f7368042000 r--p 00005000 07:1e 5202                       /usr/lib/jvm/java-13-openjdk-amd64/lib/libmanagement_ext.so
7f7368042000-7f7368043000 ---p 00006000 07:1e 5202                       /usr/lib/jvm/java-13-openjdk-amd64/lib/libmanagement_ext.so
7f7368043000-7f7368044000 r--p 00006000 07:1e 5202                       /usr/lib/jvm/java-13-openjdk-amd64/lib/libmanagement_ext.so
7f7368044000-7f7368045000 rw-p 00007000 07:1e 5202                       /usr/lib/jvm/java-13-openjdk-amd64/lib/libmanagement_ext.so
7f7368045000-7f7368048000 r--p 00000000 07:1e 5200                       /usr/lib/jvm/java-13-openjdk-amd64/lib/libmanagement.so
7f7368048000-7f7368049000 r-xp 00003000 07:1e 5200                       /usr/lib/jvm/java-13-openjdk-amd64/lib/libmanagement.so
7f7368049000-7f736804a000 r--p 00004000 07:1e 5200                       /usr/lib/jvm/java-13-openjdk-amd64/lib/libmanagement.so
7f736804a000-7f736804b000 r--p 00004000 07:1e 5200                       /usr/lib/jvm/java-13-openjdk-amd64/lib/libmanagement.so
7f736804b000-7f736804c000 rw-p 00005000 07:1e 5200                       /usr/lib/jvm/java-13-openjdk-amd64/lib/libmanagement.so
7f736804c000-7f736821d000 rw-p 00000000 00:00 0 
7f736821d000-7f7368221000 r--p 00000000 07:1e 5204                       /usr/lib/jvm/java-13-openjdk-amd64/lib/libnet.so
7f7368221000-7f736822f000 r-xp 00004000 07:1e 5204                       /usr/lib/jvm/java-13-openjdk-amd64/lib/libnet.so
7f736822f000-7f7368233000 r--p 00012000 07:1e 5204                       /usr/lib/jvm/java-13-openjdk-amd64/lib/libnet.so
7f7368233000-7f7368234000 r--p 00015000 07:1e 5204                       /usr/lib/jvm/java-13-openjdk-amd64/lib/libnet.so
7f7368234000-7f7368235000 rw-p 00016000 07:1e 5204                       /usr/lib/jvm/java-13-openjdk-amd64/lib/libnet.so
7f7368235000-7f736823c000 r--p 00000000 07:1e 5205                       /usr/lib/jvm/java-13-openjdk-amd64/lib/libnio.so
7f736823c000-7f7368245000 r-xp 00007000 07:1e 5205                       /usr/lib/jvm/java-13-openjdk-amd64/lib/libnio.so
7f7368245000-7f7368249000 r--p 00010000 07:1e 5205                       /usr/lib/jvm/java-13-openjdk-amd64/lib/libnio.so
7f7368249000-7f736824a000 r--p 00013000 07:1e 5205                       /usr/lib/jvm/java-13-openjdk-amd64/lib/libnio.so
7f736824a000-7f736824b000 rw-p 00014000 07:1e 5205                       /usr/lib/jvm/java-13-openjdk-amd64/lib/libnio.so
7f736824b000-7f736824c000 ---p 00000000 00:00 0 
7f736824c000-7f736834d000 rw-p 00000000 00:00 0 
7f736834d000-7f7368351000 ---p 00000000 00:00 0 
7f7368351000-7f736844e000 rw-p 00000000 00:00 0 
7f736844e000-7f7368452000 ---p 00000000 00:00 0 
7f7368452000-7f736854f000 rw-p 00000000 00:00 0 
7f736854f000-7f7368553000 ---p 00000000 00:00 0 
7f7368553000-7f7368650000 rw-p 00000000 00:00 0 
7f7368650000-7f7368654000 ---p 00000000 00:00 0 
7f7368654000-7f7368751000 rw-p 00000000 00:00 0 
7f7368751000-7f7368755000 ---p 00000000 00:00 0 
7f7368755000-7f7368852000 rw-p 00000000 00:00 0 
7f7368852000-7f7368856000 ---p 00000000 00:00 0 
7f7368856000-7f7368953000 rw-p 00000000 00:00 0 
7f7368953000-7f736895a000 r--s 00000000 07:1e 8532                       /usr/lib/x86_64-linux-gnu/gconv/gconv-modules.cache
7f736895a000-7f736898c000 r--p 00000000 07:1e 5276                       /usr/lib/locale/C.UTF-8/LC_CTYPE
7f736898c000-7f7368990000 ---p 00000000 00:00 0 
7f7368990000-7f7368a8d000 rw-p 00000000 00:00 0 
7f7368a8d000-7f7368a91000 ---p 00000000 00:00 0 
7f7368a91000-7f7368b8e000 rw-p 00000000 00:00 0 
7f7368b8e000-7f7368b8f000 ---p 00000000 00:00 0 
7f7368b8f000-7f73695ad000 rw-p 00000000 00:00 0 
7f73695ad000-7f73695b2000 rw-p 00000000 00:00 0 
7f73695b2000-7f7369698000 ---p 00000000 00:00 0 
7f7369698000-7f73696a9000 rw-p 00000000 00:00 0 
7f73696a9000-7f7369783000 ---p 00000000 00:00 0 
7f7369783000-7f7369788000 rw-p 00000000 00:00 0 
7f7369788000-7f736978f000 ---p 00000000 00:00 0 
7f736978f000-7f7369791000 r--p 00000000 07:1e 5214                       /usr/lib/jvm/java-13-openjdk-amd64/lib/libzip.so
7f7369791000-7f7369795000 r-xp 00002000 07:1e 5214                       /usr/lib/jvm/java-13-openjdk-amd64/lib/libzip.so
7f7369795000-7f7369797000 r--p 00006000 07:1e 5214                       /usr/lib/jvm/java-13-openjdk-amd64/lib/libzip.so
7f7369797000-7f7369798000 r--p 00007000 07:1e 5214                       /usr/lib/jvm/java-13-openjdk-amd64/lib/libzip.so
7f7369798000-7f7369799000 rw-p 00008000 07:1e 5214                       /usr/lib/jvm/java-13-openjdk-amd64/lib/libzip.so
7f7369799000-7f73697a1000 rw-s 00000000 08:03 67915685                   /tmp/hsperfdata_rcabanas/56376
7f73697a1000-7f73697a4000 r--p 00000000 07:1e 9108                       /usr/lib/x86_64-linux-gnu/libnss_files-2.31.so
7f73697a4000-7f73697ab000 r-xp 00003000 07:1e 9108                       /usr/lib/x86_64-linux-gnu/libnss_files-2.31.so
7f73697ab000-7f73697ad000 r--p 0000a000 07:1e 9108                       /usr/lib/x86_64-linux-gnu/libnss_files-2.31.so
7f73697ad000-7f73697ae000 r--p 0000b000 07:1e 9108                       /usr/lib/x86_64-linux-gnu/libnss_files-2.31.so
7f73697ae000-7f73697af000 rw-p 0000c000 07:1e 9108                       /usr/lib/x86_64-linux-gnu/libnss_files-2.31.so
7f73697af000-7f73697b5000 rw-p 00000000 00:00 0 
7f73697bb000-7f73697bd000 r--p 00000000 07:1e 5195                       /usr/lib/jvm/java-13-openjdk-amd64/lib/libjimage.so
7f73697bd000-7f73697c0000 r-xp 00002000 07:1e 5195                       /usr/lib/jvm/java-13-openjdk-amd64/lib/libjimage.so
7f73697c0000-7f73697c1000 r--p 00005000 07:1e 5195                       /usr/lib/jvm/java-13-openjdk-amd64/lib/libjimage.so
7f73697c1000-7f73697c2000 ---p 00006000 07:1e 5195                       /usr/lib/jvm/java-13-openjdk-amd64/lib/libjimage.so
7f73697c2000-7f73697c3000 r--p 00006000 07:1e 5195                       /usr/lib/jvm/java-13-openjdk-amd64/lib/libjimage.so
7f73697c3000-7f73697c4000 rw-p 00007000 07:1e 5195                       /usr/lib/jvm/java-13-openjdk-amd64/lib/libjimage.so
7f73697c4000-7f73697d1000 r--p 00000000 07:1e 5191                       /usr/lib/jvm/java-13-openjdk-amd64/lib/libjava.so
7f73697d1000-7f73697e6000 r-xp 0000d000 07:1e 5191                       /usr/lib/jvm/java-13-openjdk-amd64/lib/libjava.so
7f73697e6000-7f73697ec000 r--p 00022000 07:1e 5191                       /usr/lib/jvm/java-13-openjdk-amd64/lib/libjava.so
7f73697ec000-7f73697ed000 ---p 00028000 07:1e 5191                       /usr/lib/jvm/java-13-openjdk-amd64/lib/libjava.so
7f73697ed000-7f73697ee000 r--p 00028000 07:1e 5191                       /usr/lib/jvm/java-13-openjdk-amd64/lib/libjava.so
7f73697ee000-7f73697f0000 rw-p 00029000 07:1e 5191                       /usr/lib/jvm/java-13-openjdk-amd64/lib/libjava.so
7f73697f0000-7f73697f5000 r--p 00000000 07:1e 5213                       /usr/lib/jvm/java-13-openjdk-amd64/lib/libverify.so
7f73697f5000-7f73697fc000 r-xp 00005000 07:1e 5213                       /usr/lib/jvm/java-13-openjdk-amd64/lib/libverify.so
7f73697fc000-7f73697fe000 r--p 0000c000 07:1e 5213                       /usr/lib/jvm/java-13-openjdk-amd64/lib/libverify.so
7f73697fe000-7f73697ff000 ---p 0000e000 07:1e 5213                       /usr/lib/jvm/java-13-openjdk-amd64/lib/libverify.so
7f73697ff000-7f7369801000 r--p 0000e000 07:1e 5213                       /usr/lib/jvm/java-13-openjdk-amd64/lib/libverify.so
7f7369801000-7f7369802000 rw-p 00010000 07:1e 5213                       /usr/lib/jvm/java-13-openjdk-amd64/lib/libverify.so
7f7369802000-7f7369806000 ---p 00000000 00:00 0 
7f7369806000-7f7369903000 rw-p 00000000 00:00 0 
7f7369903000-7f7369906000 r--p 00000000 07:1e 8948                       /usr/lib/x86_64-linux-gnu/libgcc_s.so.1
7f7369906000-7f7369918000 r-xp 00003000 07:1e 8948                       /usr/lib/x86_64-linux-gnu/libgcc_s.so.1
7f7369918000-7f736991c000 r--p 00015000 07:1e 8948                       /usr/lib/x86_64-linux-gnu/libgcc_s.so.1
7f736991c000-7f736991d000 r--p 00018000 07:1e 8948                       /usr/lib/x86_64-linux-gnu/libgcc_s.so.1
7f736991d000-7f736991e000 rw-p 00019000 07:1e 8948                       /usr/lib/x86_64-linux-gnu/libgcc_s.so.1
7f736991e000-7f736992b000 r--p 00000000 07:1e 9062                       /usr/lib/x86_64-linux-gnu/libm-2.31.so
7f736992b000-7f73699d2000 r-xp 0000d000 07:1e 9062                       /usr/lib/x86_64-linux-gnu/libm-2.31.so
7f73699d2000-7f7369a6b000 r--p 000b4000 07:1e 9062                       /usr/lib/x86_64-linux-gnu/libm-2.31.so
7f7369a6b000-7f7369a6c000 r--p 0014c000 07:1e 9062                       /usr/lib/x86_64-linux-gnu/libm-2.31.so
7f7369a6c000-7f7369a6d000 rw-p 0014d000 07:1e 9062                       /usr/lib/x86_64-linux-gnu/libm-2.31.so
7f7369a6d000-7f7369b03000 r--p 00000000 07:1e 9213                       /usr/lib/x86_64-linux-gnu/libstdc++.so.6.0.28
7f7369b03000-7f7369bf4000 r-xp 00096000 07:1e 9213                       /usr/lib/x86_64-linux-gnu/libstdc++.so.6.0.28
7f7369bf4000-7f7369c3d000 r--p 00187000 07:1e 9213                       /usr/lib/x86_64-linux-gnu/libstdc++.so.6.0.28
7f7369c3d000-7f7369c3e000 ---p 001d0000 07:1e 9213                       /usr/lib/x86_64-linux-gnu/libstdc++.so.6.0.28
7f7369c3e000-7f7369c49000 r--p 001d0000 07:1e 9213                       /usr/lib/x86_64-linux-gnu/libstdc++.so.6.0.28
7f7369c49000-7f7369c4c000 rw-p 001db000 07:1e 9213                       /usr/lib/x86_64-linux-gnu/libstdc++.so.6.0.28
7f7369c4c000-7f7369c4f000 rw-p 00000000 00:00 0 
7f7369c4f000-7f7369ed5000 r--p 00000000 07:1e 5226                       /usr/lib/jvm/java-13-openjdk-amd64/lib/server/libjvm.so
7f7369ed5000-7f736ac52000 r-xp 00286000 07:1e 5226                       /usr/lib/jvm/java-13-openjdk-amd64/lib/server/libjvm.so
7f736ac52000-7f736aecd000 r--p 01003000 07:1e 5226                       /usr/lib/jvm/java-13-openjdk-amd64/lib/server/libjvm.so
7f736aecd000-7f736af92000 r--p 0127d000 07:1e 5226                       /usr/lib/jvm/java-13-openjdk-amd64/lib/server/libjvm.so
7f736af92000-7f736afcd000 rw-p 01342000 07:1e 5226                       /usr/lib/jvm/java-13-openjdk-amd64/lib/server/libjvm.so
7f736afcd000-7f736b053000 rw-p 00000000 00:00 0 
7f736b053000-7f736b059000 r--p 00000000 07:1e 9166                       /usr/lib/x86_64-linux-gnu/libpthread-2.31.so
7f736b059000-7f736b06a000 r-xp 00006000 07:1e 9166                       /usr/lib/x86_64-linux-gnu/libpthread-2.31.so
7f736b06a000-7f736b070000 r--p 00017000 07:1e 9166                       /usr/lib/x86_64-linux-gnu/libpthread-2.31.so
7f736b070000-7f736b071000 r--p 0001c000 07:1e 9166                       /usr/lib/x86_64-linux-gnu/libpthread-2.31.so
7f736b071000-7f736b072000 rw-p 0001d000 07:1e 9166                       /usr/lib/x86_64-linux-gnu/libpthread-2.31.so
7f736b072000-7f736b076000 rw-p 00000000 00:00 0 
7f736b076000-7f736b077000 r--p 00000000 07:1e 8893                       /usr/lib/x86_64-linux-gnu/libdl-2.31.so
7f736b077000-7f736b079000 r-xp 00001000 07:1e 8893                       /usr/lib/x86_64-linux-gnu/libdl-2.31.so
7f736b079000-7f736b07a000 r--p 00003000 07:1e 8893                       /usr/lib/x86_64-linux-gnu/libdl-2.31.so
7f736b07a000-7f736b07b000 r--p 00003000 07:1e 8893                       /usr/lib/x86_64-linux-gnu/libdl-2.31.so
7f736b07b000-7f736b07c000 rw-p 00004000 07:1e 8893                       /usr/lib/x86_64-linux-gnu/libdl-2.31.so
7f736b07c000-7f736b07e000 r--p 00000000 07:1e 9290                       /usr/lib/x86_64-linux-gnu/libz.so.1.2.11
7f736b07e000-7f736b08f000 r-xp 00002000 07:1e 9290                       /usr/lib/x86_64-linux-gnu/libz.so.1.2.11
7f736b08f000-7f736b095000 r--p 00013000 07:1e 9290                       /usr/lib/x86_64-linux-gnu/libz.so.1.2.11
7f736b095000-7f736b096000 ---p 00019000 07:1e 9290                       /usr/lib/x86_64-linux-gnu/libz.so.1.2.11
7f736b096000-7f736b097000 r--p 00019000 07:1e 9290                       /usr/lib/x86_64-linux-gnu/libz.so.1.2.11
7f736b097000-7f736b098000 rw-p 0001a000 07:1e 9290                       /usr/lib/x86_64-linux-gnu/libz.so.1.2.11
7f736b098000-7f736b0ba000 r--p 00000000 07:1e 8851                       /usr/lib/x86_64-linux-gnu/libc-2.31.so
7f736b0ba000-7f736b232000 r-xp 00022000 07:1e 8851                       /usr/lib/x86_64-linux-gnu/libc-2.31.so
7f736b232000-7f736b280000 r--p 0019a000 07:1e 8851                       /usr/lib/x86_64-linux-gnu/libc-2.31.so
7f736b280000-7f736b284000 r--p 001e7000 07:1e 8851                       /usr/lib/x86_64-linux-gnu/libc-2.31.so
7f736b284000-7f736b286000 rw-p 001eb000 07:1e 8851                       /usr/lib/x86_64-linux-gnu/libc-2.31.so
7f736b286000-7f736b28a000 rw-p 00000000 00:00 0 
7f736b28c000-7f736b28e000 r--s 0000c000 07:1e 20930                      /usr/share/java/java-atk-wrapper.jar
7f736b28e000-7f736b28f000 ---p 00000000 00:00 0 
7f736b28f000-7f736b290000 r--p 00000000 00:00 0 
7f736b290000-7f736b293000 r--p 00000000 07:1e 5196                       /usr/lib/jvm/java-13-openjdk-amd64/lib/libjli.so
7f736b293000-7f736b29d000 r-xp 00003000 07:1e 5196                       /usr/lib/jvm/java-13-openjdk-amd64/lib/libjli.so
7f736b29d000-7f736b2a0000 r--p 0000d000 07:1e 5196                       /usr/lib/jvm/java-13-openjdk-amd64/lib/libjli.so
7f736b2a0000-7f736b2a1000 r--p 0000f000 07:1e 5196                       /usr/lib/jvm/java-13-openjdk-amd64/lib/libjli.so
7f736b2a1000-7f736b2a2000 rw-p 00010000 07:1e 5196                       /usr/lib/jvm/java-13-openjdk-amd64/lib/libjli.so
7f736b2a2000-7f736b2a4000 rw-p 00000000 00:00 0 
7f736b2a4000-7f736b2a5000 r--p 00000000 07:1e 8572                       /usr/lib/x86_64-linux-gnu/ld-2.31.so
7f736b2a5000-7f736b2c8000 r-xp 00001000 07:1e 8572                       /usr/lib/x86_64-linux-gnu/ld-2.31.so
7f736b2c8000-7f736b2d0000 r--p 00024000 07:1e 8572                       /usr/lib/x86_64-linux-gnu/ld-2.31.so
7f736b2d0000-7f736b2d1000 ---p 00000000 00:00 0 
7f736b2d1000-7f736b2d2000 r--p 0002c000 07:1e 8572                       /usr/lib/x86_64-linux-gnu/ld-2.31.so
7f736b2d2000-7f736b2d3000 rw-p 0002d000 07:1e 8572                       /usr/lib/x86_64-linux-gnu/ld-2.31.so
7f736b2d3000-7f736b2d4000 rw-p 00000000 00:00 0 
7fff596cb000-7fff596ec000 rw-p 00000000 00:00 0                          [stack]
7fff597f6000-7fff597f8000 r-xp 00000000 00:00 0                          [vdso]
ffffffffff600000-ffffffffff601000 r-xp 00000000 00:00 0                  [vsyscall]


VM Arguments:
jvm_args: -Xmx64g --add-modules=ALL-DEFAULT 
java_command: jdk.compiler/com.sun.tools.javac.launcher.Main /mnt/beegfs/rcabanas/dev/credici/papers/journalEM/code/LearnAndCalculatePNS.java -w -x 100 -m 500 -sc KL -th 1e-05 -a CCVE --seed 0 --output /mnt/beegfs/rcabanas/dev/credici/papers/journalEM/output/synthetic/s1 /mnt/beegfs/rcabanas/dev/credici/papers/journalEM/models/synthetic/s1/random_mc2_n8_mid3_d1000_05_mr098_r10_87.uai
java_class_path (initial): /mnt/beegfs/rcabanas/dev/credici/target/credici-0.1.3-jar-with-dependencies.jar
Launcher Type: SUN_STANDARD

[Global flags]
     intx CICompilerCount                          = 2                                         {product} {ergonomic}
   size_t InitialHeapSize                          = 2147483648                                {product} {ergonomic}
   size_t MaxHeapSize                              = 68719476736                               {product} {command line}
   size_t MaxNewSize                               = 22906470400                               {product} {ergonomic}
   size_t MinHeapDeltaBytes                        = 196608                                    {product} {ergonomic}
   size_t MinHeapSize                              = 8388608                                   {product} {ergonomic}
   size_t NewSize                                  = 715784192                                 {product} {ergonomic}
    uintx NonNMethodCodeHeapSize                   = 5826188                                {pd product} {ergonomic}
    uintx NonProfiledCodeHeapSize                  = 122916026                              {pd product} {ergonomic}
   size_t OldSize                                  = 1431699456                                {product} {ergonomic}
    uintx ProfiledCodeHeapSize                     = 122916026                              {pd product} {ergonomic}
    uintx ReservedCodeCacheSize                    = 251658240                              {pd product} {ergonomic}
     bool SegmentedCodeCache                       = true                                      {product} {ergonomic}
   size_t SoftMaxHeapSize                          = 68719476736                            {manageable} {ergonomic}
     bool UseSerialGC                              = true                                      {product} {ergonomic}

Logging:
Log output configuration:
 #0: stdout all=warning uptime,level,tags
 #1: stderr all=off uptime,level,tags

Environment Variables:
PATH=/usr/local/sbin:/usr/local/bin:/usr/sbin:/usr/bin:/sbin:/bin
LD_LIBRARY_PATH=/.singularity.d/libs

Signal Handlers:
SIGSEGV: [libjvm.so+0xf8fcf0], sa_mask[0]=11111111011111111101111111111110, sa_flags=SA_RESTART|SA_SIGINFO
SIGBUS: [libjvm.so+0xf8fcf0], sa_mask[0]=11111111011111111101111111111110, sa_flags=SA_RESTART|SA_SIGINFO
SIGFPE: [libjvm.so+0xf8fcf0], sa_mask[0]=11111111011111111101111111111110, sa_flags=SA_RESTART|SA_SIGINFO
SIGPIPE: [libjvm.so+0xc3ffa0], sa_mask[0]=11111111011111111101111111111110, sa_flags=SA_RESTART|SA_SIGINFO
SIGXFSZ: [libjvm.so+0xc3ffa0], sa_mask[0]=11111111011111111101111111111110, sa_flags=SA_RESTART|SA_SIGINFO
SIGILL: [libjvm.so+0xf8fcf0], sa_mask[0]=11111111011111111101111111111110, sa_flags=SA_RESTART|SA_SIGINFO
SIGUSR2: [libjvm.so+0xc3fe40], sa_mask[0]=00000000000000000000000000000000, sa_flags=SA_RESTART|SA_SIGINFO
SIGHUP: [libjvm.so+0xc40580], sa_mask[0]=11111111011111111101111111111110, sa_flags=SA_RESTART|SA_SIGINFO
SIGINT: [libjvm.so+0xc40580], sa_mask[0]=11111111011111111101111111111110, sa_flags=SA_RESTART|SA_SIGINFO
SIGTERM: [libjvm.so+0xc40580], sa_mask[0]=11111111011111111101111111111110, sa_flags=SA_RESTART|SA_SIGINFO
SIGQUIT: [libjvm.so+0xc40580], sa_mask[0]=11111111011111111101111111111110, sa_flags=SA_RESTART|SA_SIGINFO


---------------  S Y S T E M  ---------------

OS:DISTRIB_ID=Ubuntu
DISTRIB_RELEASE=20.04
DISTRIB_CODENAME=focal
DISTRIB_DESCRIPTION="Ubuntu 20.04.4 LTS"
uname:Linux 3.10.0-1160.15.2.el7.x86_64 #1 SMP Wed Feb 3 15:06:38 UTC 2021 x86_64
OS uptime: 474 days 2:26 hours
libc:glibc 2.31 NPTL 2.31 
rlimit (soft/hard): STACK 8192k/infinity , CORE 0k/infinity , NPROC 4096/1030217 , NOFILE 131072/131072 , AS infinity/infinity , CPU infinity/infinity , DATA infinity/infinity , FSIZE infinity/infinity , MEMLOCK infinity/infinity
load average:40.97 25.03 20.49

/proc/meminfo:
MemTotal:       263895364 kB
MemFree:        12505072 kB
MemAvailable:   12932044 kB
Buffers:          296808 kB
Cached:           826352 kB
SwapCached:       290752 kB
Active:         234602188 kB
Inactive:        7440256 kB
Active(anon):   234241972 kB
Inactive(anon):  6697908 kB
Active(file):     360216 kB
Inactive(file):   742348 kB
Unevictable:       21384 kB
Mlocked:           21384 kB
SwapTotal:       4194300 kB
SwapFree:          98196 kB
Dirty:               504 kB
Writeback:             0 kB
AnonPages:      240657700 kB
Mapped:           289136 kB
Shmem:             12916 kB
Slab:             762404 kB
SReclaimable:     191016 kB
SUnreclaim:       571388 kB
KernelStack:       34432 kB
PageTables:       512676 kB
NFS_Unstable:          0 kB
Bounce:                0 kB
WritebackTmp:          0 kB
CommitLimit:    136141980 kB
Committed_AS:   361999720 kB
VmallocTotal:   34359738367 kB
VmallocUsed:      861984 kB
VmallocChunk:   34222409240 kB
Percpu:            22016 kB
HardwareCorrupted:     0 kB
AnonHugePages:  127479808 kB
CmaTotal:              0 kB
CmaFree:               0 kB
HugePages_Total:       0
HugePages_Free:        0
HugePages_Rsvd:        0
HugePages_Surp:        0
Hugepagesize:       2048 kB
DirectMap4k:      505448 kB
DirectMap2M:    20328448 kB
DirectMap1G:    247463936 kB

/sys/kernel/mm/transparent_hugepage/enabled:
[always] madvise never

/sys/kernel/mm/transparent_hugepage/defrag (defrag/compaction efforts parameter):
[always] madvise never


/proc/sys/kernel/threads-max (system-wide limit on the number of threads):
2060435


/proc/sys/vm/max_map_count (maximum number of memory map areas a process may have):
65530


/proc/sys/kernel/pid_max (system-wide limit on number of process identifiers):
65536



Steal ticks since vm start: 0
Steal ticks percentage since vm start:  0.000

CPU:total 64 (initial active 1) (32 cores per cpu, 1 threads per core) family 23 model 49 stepping 0, cmov, cx8, fxsr, mmx, sse, sse2, sse3, ssse3, sse4.1, sse4.2, popcnt, avx, avx2, aes, clmul, mmxext, 3dnowpref, lzcnt, sse4a, tsc, tscinvbit, tscinv, bmi1, bmi2, adx, sha, fma
CPU Model and flags from /proc/cpuinfo:
model name	: AMD EPYC 7542 32-Core Processor
flags		: fpu vme de pse tsc msr pae mce cx8 apic sep mtrr pge mca cmov pat pse36 clflush mmx fxsr sse sse2 ht syscall nx mmxext fxsr_opt pdpe1gb rdtscp lm constant_tsc art rep_good nopl nonstop_tsc extd_apicid aperfmperf eagerfpu pni pclmulqdq monitor ssse3 fma cx16 sse4_1 sse4_2 movbe popcnt aes xsave avx f16c rdrand lahf_lm cmp_legacy svm extapic cr8_legacy abm sse4a misalignsse 3dnowprefetch osvw ibs skinit wdt tce topoext perfctr_core perfctr_nb bpext perfctr_l2 cpb cat_l3 cdp_l3 hw_pstate sme retpoline_amd ssbd ibrs ibpb stibp vmmcall fsgsbase bmi1 avx2 smep bmi2 cqm rdt_a rdseed adx smap clflushopt clwb sha_ni xsaveopt xsavec xgetbv1 cqm_llc cqm_occup_llc cqm_mbm_total cqm_mbm_local clzero irperf xsaveerptr arat npt lbrv svm_lock nrip_save tsc_scale vmcb_clean flushbyasid decodeassists pausefilter pfthreshold avic v_vmsave_vmload vgif umip overflow_recov succor smca
Online cpus:0-63
Offline cpus:
BIOS frequency limitation:2900000
Frequency switch latency (ns):0
Available cpu frequencies:2900000 2400000 1500000 
Current governor:conservative
Core performance/turbo boost:1

Memory: 4k page, physical 263895364k(12501444k free), swap 4194300k(98200k free)

vm_info: OpenJDK 64-Bit Server VM (13.0.7+5-Ubuntu-0ubuntu120.04) for linux-amd64 JRE (13.0.7+5-Ubuntu-0ubuntu120.04), built on Apr 21 2021 05:36:19 by "unknown" with gcc 9.3.0

END.
