#
# There is insufficient memory for the Java Runtime Environment to continue.
# Native memory allocation (mmap) failed to map 4294963200 bytes for committing reserved memory.
# Possible reasons:
#   The system is out of physical RAM or swap space
# Possible solutions:
#   Reduce memory load on the system
#   Increase physical memory or swap space
#   Check if swap backing store is full
#   Decrease Java heap size (-Xmx/-Xms)
#   Decrease number of Java threads
#   Decrease Java thread stack sizes (-Xss)
#   Set larger code cache with -XX:ReservedCodeCacheSize=
# This output file may be truncated or incomplete.
#
#  Out of Memory Error (os_linux.cpp:2899), pid=8952, tid=8954
#
# JRE version: OpenJDK Runtime Environment (13.0.7+5) (build 13.0.7+5-Ubuntu-0ubuntu120.04)
# Java VM: OpenJDK 64-Bit Server VM (13.0.7+5-Ubuntu-0ubuntu120.04, mixed mode, tiered, serial gc, linux-amd64)
# No core dump will be written. Core dumps have been disabled. To enable core dumping, try "ulimit -c unlimited" before starting Java again
#

---------------  S U M M A R Y ------------

Command Line: -Xmx64g --add-modules=ALL-DEFAULT jdk.compiler/com.sun.tools.javac.launcher.Main /mnt/beegfs/rcabanas/dev/credici/papers/journalEM/code/GenerateModel.java -n 14 -d 1000 -di 0.5 -mr 0.98 -r 1.0 --seed 47 --output /mnt/beegfs/rcabanas/dev/credici/papers/journalEM/models/synthetic/s2/ --debug

Host: AMD EPYC 7542 32-Core Processor, 64 cores, 251G, Ubuntu 20.04.4 LTS
Time: Wed Oct 12 21:30:15 2022 CEST elapsed time: 41.552133 seconds (0d 0h 0m 41s)

---------------  T H R E A D  ---------------

Current thread (0x00007feeb4097800):  VMThread "VM Thread" [stack: 0x00007fde8e7a9000,0x00007fde8e8a9000] [id=8954]

Stack: [0x00007fde8e7a9000,0x00007fde8e8a9000],  sp=0x00007fde8e8a7160,  free space=1016k
Native frames: (J=compiled Java code, A=aot compiled Java code, j=interpreted, Vv=VM code, C=native code)
V  [libjvm.so+0xf8f092]
V  [libjvm.so+0xf8fc91]
V  [libjvm.so+0x66ee5a]
V  [libjvm.so+0xc44a41]
V  [libjvm.so+0xc3b263]
V  [libjvm.so+0xf87f4b]
V  [libjvm.so+0x557506]
V  [libjvm.so+0x557723]
V  [libjvm.so+0xf18b0c]
V  [libjvm.so+0x557e65]
V  [libjvm.so+0x7e2edb]
V  [libjvm.so+0x7e39bd]
V  [libjvm.so+0x7d8b48]
V  [libjvm.so+0xf90940]
V  [libjvm.so+0xf96657]
V  [libjvm.so+0xf96d2b]
V  [libjvm.so+0xf9706a]
V  [libjvm.so+0xf2208f]
V  [libjvm.so+0xc493ff]

VM_Operation (0x00007feeb83824d0): GenCollectForAllocation, mode: safepoint, requested by thread 0x00007feeb4018000


---------------  P R O C E S S  ---------------

Threads class SMR info:
_java_thread_list=0x00007feeb4135b60, length=9, elements={
0x00007feeb4018000, 0x00007feeb40a3800, 0x00007feeb40a7000, 0x00007feeb40cb800,
0x00007feeb40cd000, 0x00007feeb40cf000, 0x00007feeb40d1000, 0x00007feeb40d3000,
0x00007feeb4134800
}

Java Threads: ( => current thread )
  0x00007feeb4018000 JavaThread "main" [_thread_blocked, id=8953, stack(0x00007feeb8284000,0x00007feeb8385000)]
  0x00007feeb40a3800 JavaThread "Reference Handler" daemon [_thread_blocked, id=8955, stack(0x00007fde8e6a6000,0x00007fde8e7a7000)]
  0x00007feeb40a7000 JavaThread "Finalizer" daemon [_thread_blocked, id=8956, stack(0x00007fde8e5a5000,0x00007fde8e6a6000)]
  0x00007feeb40cb800 JavaThread "Signal Dispatcher" daemon [_thread_blocked, id=8957, stack(0x00007fde8e4a4000,0x00007fde8e5a5000)]
  0x00007feeb40cd000 JavaThread "Service Thread" daemon [_thread_blocked, id=8958, stack(0x00007fde8e3a3000,0x00007fde8e4a4000)]
  0x00007feeb40cf000 JavaThread "C2 CompilerThread0" daemon [_thread_blocked, id=8959, stack(0x00007fde8e2a2000,0x00007fde8e3a3000)]
  0x00007feeb40d1000 JavaThread "C1 CompilerThread0" daemon [_thread_blocked, id=8960, stack(0x00007fde8e1a1000,0x00007fde8e2a2000)]
  0x00007feeb40d3000 JavaThread "Sweeper thread" daemon [_thread_blocked, id=8961, stack(0x00007fde8e0a0000,0x00007fde8e1a1000)]
  0x00007feeb4134800 JavaThread "Common-Cleaner" daemon [_thread_blocked, id=8962, stack(0x00007fde8df9f000,0x00007fde8e0a0000)]

Other Threads:
=>0x00007feeb4097800 VMThread "VM Thread" [stack: 0x00007fde8e7a9000,0x00007fde8e8a9000] [id=8954]
  0x00007feeb4181800 WatcherThread [stack: 0x00007fde8de9f000,0x00007fde8df9f000] [id=8963]

Threads with active compile tasks:

VM state:at safepoint (normal execution)

VM Mutex/Monitor currently owned by a thread:  ([mutex/lock_event])
[0x00007feeb4014100] Threads_lock - owner thread: 0x00007feeb4097800
[0x00007feeb4014d00] Heap_lock - owner thread: 0x00007feeb4018000

Heap:
 def new generation   total 4725824K, used 0K [0x00007fde9c600000, 0x00007fdfdcdd0000, 0x00007fe3f1b50000)
  eden space 4200768K,   0% used [0x00007fde9c600000, 0x00007fde9c600000, 0x00007fdf9cc50000)
  from space 525056K,   0% used [0x00007fdf9cc50000, 0x00007fdf9cc50000, 0x00007fdfbcd10000)
  to   space 525056K,   0% used [0x00007fdfbcd10000, 0x00007fdfbcd10000, 0x00007fdfdcdd0000)
 tenured generation   total 16793096K, used 12592435K [0x00007fe3f1b50000, 0x00007fe7f2ad2000, 0x00007fee9c600000)
   the space 16793096K,  74% used [0x00007fe3f1b50000, 0x00007fe6f249cff0, 0x00007fe6f249d000, 0x00007fe7f2ad2000)
 Metaspace       used 23182K, capacity 23543K, committed 23808K, reserved 24576K

Card table byte_map: [0x00007fde945ff000,0x00007fde9c600000] _byte_map_base: 0x00007f9ea511c000

Polling page: 0x00007feeb9d10000

Metaspace:

Usage:
   22.99 MB capacity,    22.64 MB ( 98%) used,   267.13 KB (  1%) free+waste,    93.69 KB ( <1%) overhead. 

Virtual space:
     24.00 MB reserved,      23.25 MB ( 97%) committed 

Chunk freelists:
25.00 KB

MaxMetaspaceSize: unlimited


CodeHeap 'non-profiled nmethods': size=120036Kb used=1283Kb max_used=1283Kb free=118752Kb
 bounds [0x00007feea4251000, 0x00007feea44c1000, 0x00007feeab78a000]
CodeHeap 'profiled nmethods': size=120032Kb used=5921Kb max_used=5921Kb free=114110Kb
 bounds [0x00007fee9cd19000, 0x00007fee9d2e9000, 0x00007feea4251000]
CodeHeap 'non-nmethods': size=5692Kb used=1198Kb max_used=1237Kb free=4493Kb
 bounds [0x00007fee9c78a000, 0x00007fee9c9fa000, 0x00007fee9cd19000]
 total_blobs=3719 nmethods=3253 adapters=380
 compilation: enabled
              stopped_count=0, restarted_count=0
 full_count=0

Compilation events (20 events):
Event: 10.182 Thread 0x00007feeb40cf000 3218       4       java.util.ArrayList$ArrayListSpliterator::forEachRemaining (127 bytes)
Event: 10.191 Thread 0x00007feeb40cf000 nmethod 3218 0x00007feea4388d90 code [0x00007feea4388f20, 0x00007feea4389218]
Event: 10.191 Thread 0x00007feeb40cf000 3196       4       java.util.stream.SpinedBuffer$OfPrimitive::ensureCapacity (139 bytes)
Event: 10.228 Thread 0x00007feeb40cf000 nmethod 3196 0x00007feea4389510 code [0x00007feea43896e0, 0x00007feea438ac78]
Event: 10.228 Thread 0x00007feeb40cf000 3221       4       java.util.Spliterator$OfInt::forEachRemaining (53 bytes)
Event: 10.250 Thread 0x00007feeb40cf000 nmethod 3221 0x00007feea438b290 code [0x00007feea438b440, 0x00007feea438b9b8]
Event: 10.250 Thread 0x00007feeb40cf000 3279 %     4       ch.idsia.crema.factor.bayesian.BayesianFactor::combine @ 228 (394 bytes)
Event: 10.258 Thread 0x00007feeb40cf000 nmethod 3279% 0x00007feea438bd90 code [0x00007feea438bf20, 0x00007feea438c678]
Event: 10.258 Thread 0x00007feeb40cf000 3278       4       java.util.stream.IntPipeline$4$1::accept (23 bytes)
Event: 10.260 Thread 0x00007feeb40cf000 nmethod 3278 0x00007feea438ca10 code [0x00007feea438cba0, 0x00007feea438ccb8]
Event: 11.625 Thread 0x00007feeb40cf000 3282 %     4       ch.idsia.crema.factor.bayesian.BayesianFactor::combine @ 307 (394 bytes)
Event: 11.631 Thread 0x00007feeb40cf000 nmethod 3282% 0x00007feea438ce90 code [0x00007feea438d040, 0x00007feea438d6d8]
Event: 11.631 Thread 0x00007feeb40cf000 3283       4       ch.idsia.crema.factor.bayesian.BayesianFactor::combine (394 bytes)
Event: 11.661 Thread 0x00007feeb40cf000 nmethod 3283 0x00007feea438dc10 code [0x00007feea438de00, 0x00007feea438eee8]
Event: 22.843 Thread 0x00007feeb40cf000 3284       4       ch.idsia.crema.model.vertex.Marginal::collect (36 bytes)
Event: 22.856 Thread 0x00007feeb40cf000 nmethod 3284 0x00007feea438f690 code [0x00007feea438f800, 0x00007feea438f9b8]
Event: 22.856 Thread 0x00007feeb40cf000 3285 %     4       ch.idsia.crema.factor.bayesian.BayesianFactor::collect @ 160 (233 bytes)
Event: 22.877 Thread 0x00007feeb40cf000 nmethod 3285% 0x00007feea438fa90 code [0x00007feea438fc20, 0x00007feea4390178]
Event: 22.877 Thread 0x00007feeb40cf000 3286       4       ch.idsia.crema.factor.bayesian.BayesianFactor::collect (233 bytes)
Event: 22.908 Thread 0x00007feeb40cf000 nmethod 3286 0x00007feea4390490 code [0x00007feea4390660, 0x00007feea4391638]

GC Heap History (20 events):
Event: 13.138 GC heap after
{Heap after GC invocations=6 (full 2):
 def new generation   total 629248K, used 0K [0x00007fde9c600000, 0x00007fdec70c0000, 0x00007fe3f1b50000)
  eden space 559360K,   0% used [0x00007fde9c600000, 0x00007fde9c600000, 0x00007fdebe840000)
  from space 69888K,   0% used [0x00007fdec2c80000, 0x00007fdec2c801c8, 0x00007fdec70c0000)
  to   space 69888K,   0% used [0x00007fdebe840000, 0x00007fdebe840000, 0x00007fdec2c80000)
 tenured generation   total 4543876K, used 3166786K [0x00007fe3f1b50000, 0x00007fe5070b1000, 0x00007fee9c600000)
   the space 4543876K,  69% used [0x00007fe3f1b50000, 0x00007fe4b2fe0bd8, 0x00007fe4b2fe0c00, 0x00007fe5070b1000)
 Metaspace       used 23182K, capacity 23543K, committed 23808K, reserved 24576K
}
Event: 13.138 GC heap before
{Heap before GC invocations=6 (full 2):
 def new generation   total 629248K, used 0K [0x00007fde9c600000, 0x00007fdec70c0000, 0x00007fe3f1b50000)
  eden space 559360K,   0% used [0x00007fde9c600000, 0x00007fde9c600000, 0x00007fdebe840000)
  from space 69888K,   0% used [0x00007fdec2c80000, 0x00007fdec2c801c8, 0x00007fdec70c0000)
  to   space 69888K,   0% used [0x00007fdebe840000, 0x00007fdebe840000, 0x00007fdec2c80000)
 tenured generation   total 4543876K, used 3166786K [0x00007fe3f1b50000, 0x00007fe5070b1000, 0x00007fee9c600000)
   the space 4543876K,  69% used [0x00007fe3f1b50000, 0x00007fe4b2fe0bd8, 0x00007fe4b2fe0c00, 0x00007fe5070b1000)
 Metaspace       used 23182K, capacity 23543K, committed 23808K, reserved 24576K
}
Event: 13.168 GC heap after
{Heap after GC invocations=6 (full 3):
 def new generation   total 2375168K, used 0K [0x00007fde9c600000, 0x00007fdf3d730000, 0x00007fe3f1b50000)
  eden space 2111296K,   0% used [0x00007fde9c600000, 0x00007fde9c600000, 0x00007fdf1d3d0000)
  from space 263872K,   0% used [0x00007fdf1d3d0000, 0x00007fdf1d3d0000, 0x00007fdf2d580000)
  to   space 263872K,   0% used [0x00007fdf2d580000, 0x00007fdf2d580000, 0x00007fdf3d730000)
 tenured generation   total 5277980K, used 3166787K [0x00007fe3f1b50000, 0x00007fe533d97000, 0x00007fee9c600000)
   the space 5277980K,  59% used [0x00007fe3f1b50000, 0x00007fe4b2fe0da0, 0x00007fe4b2fe0e00, 0x00007fe533d97000)
 Metaspace       used 23182K, capacity 23543K, committed 23808K, reserved 24576K
}
Event: 15.898 GC heap before
{Heap before GC invocations=6 (full 3):
 def new generation   total 2375168K, used 41687K [0x00007fde9c600000, 0x00007fdf3d730000, 0x00007fe3f1b50000)
  eden space 2111296K,   1% used [0x00007fde9c600000, 0x00007fde9eeb5f30, 0x00007fdf1d3d0000)
  from space 263872K,   0% used [0x00007fdf1d3d0000, 0x00007fdf1d3d0000, 0x00007fdf2d580000)
  to   space 263872K,   0% used [0x00007fdf2d580000, 0x00007fdf2d580000, 0x00007fdf3d730000)
 tenured generation   total 8423712K, used 6312515K [0x00007fe3f1b50000, 0x00007fe5f3d98000, 0x00007fee9c600000)
   the space 8423712K,  74% used [0x00007fe3f1b50000, 0x00007fe572fe0db8, 0x00007fe572fe0e00, 0x00007fe5f3d98000)
 Metaspace       used 23182K, capacity 23543K, committed 23808K, reserved 24576K
}
Event: 15.901 GC heap after
{Heap after GC invocations=7 (full 3):
 def new generation   total 2375168K, used 0K [0x00007fde9c600000, 0x00007fdf3d730000, 0x00007fe3f1b50000)
  eden space 2111296K,   0% used [0x00007fde9c600000, 0x00007fde9c600000, 0x00007fdf1d3d0000)
  from space 263872K,   0% used [0x00007fdf2d580000, 0x00007fdf2d580290, 0x00007fdf3d730000)
  to   space 263872K,   0% used [0x00007fdf1d3d0000, 0x00007fdf1d3d0000, 0x00007fdf2d580000)
 tenured generation   total 8423712K, used 6312515K [0x00007fe3f1b50000, 0x00007fe5f3d98000, 0x00007fee9c600000)
   the space 8423712K,  74% used [0x00007fe3f1b50000, 0x00007fe572fe0db8, 0x00007fe572fe0e00, 0x00007fe5f3d98000)
 Metaspace       used 23182K, capacity 23543K, committed 23808K, reserved 24576K
}
Event: 15.901 GC heap before
{Heap before GC invocations=7 (full 3):
 def new generation   total 2375168K, used 0K [0x00007fde9c600000, 0x00007fdf3d730000, 0x00007fe3f1b50000)
  eden space 2111296K,   0% used [0x00007fde9c600000, 0x00007fde9c600000, 0x00007fdf1d3d0000)
  from space 263872K,   0% used [0x00007fdf2d580000, 0x00007fdf2d580290, 0x00007fdf3d730000)
  to   space 263872K,   0% used [0x00007fdf1d3d0000, 0x00007fdf1d3d0000, 0x00007fdf2d580000)
 tenured generation   total 8423712K, used 6312515K [0x00007fe3f1b50000, 0x00007fe5f3d98000, 0x00007fee9c600000)
   the space 8423712K,  74% used [0x00007fe3f1b50000, 0x00007fe572fe0db8, 0x00007fe572fe0e00, 0x00007fe5f3d98000)
 Metaspace       used 23182K, capacity 23543K, committed 23808K, reserved 24576K
}
Event: 18.278 GC heap after
{Heap after GC invocations=7 (full 4):
 def new generation   total 4725824K, used 0K [0x00007fde9c600000, 0x00007fdfdcdd0000, 0x00007fe3f1b50000)
  eden space 4200768K,   0% used [0x00007fde9c600000, 0x00007fde9c600000, 0x00007fdf9cc50000)
  from space 525056K,   0% used [0x00007fdf9cc50000, 0x00007fdf9cc50000, 0x00007fdfbcd10000)
  to   space 525056K,   0% used [0x00007fdfbcd10000, 0x00007fdfbcd10000, 0x00007fdfdcdd0000)
 tenured generation   total 10501636K, used 6300979K [0x00007fe3f1b50000, 0x00007fe672ad1000, 0x00007fee9c600000)
   the space 10501636K,  59% used [0x00007fe3f1b50000, 0x00007fe57249cee8, 0x00007fe57249d000, 0x00007fe672ad1000)
 Metaspace       used 23182K, capacity 23543K, committed 23808K, reserved 24576K
}
Event: 21.493 GC heap before
{Heap before GC invocations=7 (full 4):
 def new generation   total 4725824K, used 3228672K [0x00007fde9c600000, 0x00007fdfdcdd0000, 0x00007fe3f1b50000)
  eden space 4200768K,  76% used [0x00007fde9c600000, 0x00007fdf61700250, 0x00007fdf9cc50000)
  from space 525056K,   0% used [0x00007fdf9cc50000, 0x00007fdf9cc50000, 0x00007fdfbcd10000)
  to   space 525056K,   0% used [0x00007fdfbcd10000, 0x00007fdfbcd10000, 0x00007fdfdcdd0000)
 tenured generation   total 10501636K, used 6300979K [0x00007fe3f1b50000, 0x00007fe672ad1000, 0x00007fee9c600000)
   the space 10501636K,  59% used [0x00007fe3f1b50000, 0x00007fe57249cee8, 0x00007fe57249d000, 0x00007fe672ad1000)
 Metaspace       used 23182K, capacity 23543K, committed 23808K, reserved 24576K
}
Event: 22.508 GC heap after
{Heap after GC invocations=8 (full 4):
 def new generation   total 4725824K, used 0K [0x00007fde9c600000, 0x00007fdfdcdd0000, 0x00007fe3f1b50000)
  eden space 4200768K,   0% used [0x00007fde9c600000, 0x00007fde9c600000, 0x00007fdf9cc50000)
  from space 525056K,   0% used [0x00007fdfbcd10000, 0x00007fdfbcd10170, 0x00007fdfdcdd0000)
  to   space 525056K,   0% used [0x00007fdf9cc50000, 0x00007fdf9cc50000, 0x00007fdfbcd10000)
 tenured generation   total 10501636K, used 9446707K [0x00007fe3f1b50000, 0x00007fe672ad1000, 0x00007fee9c600000)
   the space 10501636K,  89% used [0x00007fe3f1b50000, 0x00007fe63249cf00, 0x00007fe63249d000, 0x00007fe672ad1000)
 Metaspace       used 23182K, capacity 23543K, committed 23808K, reserved 24576K
}
Event: 24.598 GC heap before
{Heap before GC invocations=8 (full 4):
 def new generation   total 4725824K, used 3228292K [0x00007fde9c600000, 0x00007fdfdcdd0000, 0x00007fe3f1b50000)
  eden space 4200768K,  76% used [0x00007fde9c600000, 0x00007fdf616a0fe8, 0x00007fdf9cc50000)
  from space 525056K,   0% used [0x00007fdfbcd10000, 0x00007fdfbcd10170, 0x00007fdfdcdd0000)
  to   space 525056K,   0% used [0x00007fdf9cc50000, 0x00007fdf9cc50000, 0x00007fdfbcd10000)
 tenured generation   total 10501636K, used 9446707K [0x00007fe3f1b50000, 0x00007fe672ad1000, 0x00007fee9c600000)
   the space 10501636K,  89% used [0x00007fe3f1b50000, 0x00007fe63249cf00, 0x00007fe63249d000, 0x00007fe672ad1000)
 Metaspace       used 23182K, capacity 23543K, committed 23808K, reserved 24576K
}
Event: 26.078 GC heap after
{Heap after GC invocations=9 (full 4):
 def new generation   total 4725824K, used 1K [0x00007fde9c600000, 0x00007fdfdcdd0000, 0x00007fe3f1b50000)
  eden space 4200768K,   0% used [0x00007fde9c600000, 0x00007fde9c600000, 0x00007fdf9cc50000)
  from space 525056K,   0% used [0x00007fdf9cc50000, 0x00007fdf9cc50448, 0x00007fdfbcd10000)
  to   space 525056K,   0% used [0x00007fdfbcd10000, 0x00007fdfbcd10000, 0x00007fdfdcdd0000)
 tenured generation   total 13647372K, used 12592435K [0x00007fe3f1b50000, 0x00007fe732ad3000, 0x00007fee9c600000)
   the space 13647372K,  92% used [0x00007fe3f1b50000, 0x00007fe6f249cf30, 0x00007fe6f249d000, 0x00007fe732ad3000)
 Metaspace       used 23182K, capacity 23543K, committed 23808K, reserved 24576K
}
Event: 26.078 GC heap before
{Heap before GC invocations=9 (full 4):
 def new generation   total 4725824K, used 1K [0x00007fde9c600000, 0x00007fdfdcdd0000, 0x00007fe3f1b50000)
  eden space 4200768K,   0% used [0x00007fde9c600000, 0x00007fde9c600000, 0x00007fdf9cc50000)
  from space 525056K,   0% used [0x00007fdf9cc50000, 0x00007fdf9cc50448, 0x00007fdfbcd10000)
  to   space 525056K,   0% used [0x00007fdfbcd10000, 0x00007fdfbcd10000, 0x00007fdfdcdd0000)
 tenured generation   total 13647372K, used 12592435K [0x00007fe3f1b50000, 0x00007fe732ad3000, 0x00007fee9c600000)
   the space 13647372K,  92% used [0x00007fe3f1b50000, 0x00007fe6f249cf30, 0x00007fe6f249d000, 0x00007fe732ad3000)
 Metaspace       used 23182K, capacity 23543K, committed 23808K, reserved 24576K
}
Event: 28.948 GC heap after
{Heap after GC invocations=9 (full 5):
 def new generation   total 4725824K, used 0K [0x00007fde9c600000, 0x00007fdfdcdd0000, 0x00007fe3f1b50000)
  eden space 4200768K,   0% used [0x00007fde9c600000, 0x00007fde9c600000, 0x00007fdf9cc50000)
  from space 525056K,   0% used [0x00007fdf9cc50000, 0x00007fdf9cc50000, 0x00007fdfbcd10000)
  to   space 525056K,   0% used [0x00007fdfbcd10000, 0x00007fdfbcd10000, 0x00007fdfdcdd0000)
 tenured generation   total 10501636K, used 3155251K [0x00007fe3f1b50000, 0x00007fe672ad1000, 0x00007fee9c600000)
   the space 10501636K,  30% used [0x00007fe3f1b50000, 0x00007fe4b249cfe8, 0x00007fe4b249d000, 0x00007fe672ad1000)
 Metaspace       used 23182K, capacity 23543K, committed 23808K, reserved 24576K
}
Event: 35.489 GC heap before
{Heap before GC invocations=9 (full 5):
 def new generation   total 4725824K, used 82319K [0x00007fde9c600000, 0x00007fdfdcdd0000, 0x00007fe3f1b50000)
  eden space 4200768K,   1% used [0x00007fde9c600000, 0x00007fdea1663f98, 0x00007fdf9cc50000)
  from space 525056K,   0% used [0x00007fdf9cc50000, 0x00007fdf9cc50000, 0x00007fdfbcd10000)
  to   space 525056K,   0% used [0x00007fdfbcd10000, 0x00007fdfbcd10000, 0x00007fdfdcdd0000)
 tenured generation   total 10501636K, used 9446708K [0x00007fe3f1b50000, 0x00007fe672ad1000, 0x00007fee9c600000)
   the space 10501636K,  89% used [0x00007fe3f1b50000, 0x00007fe63249d000, 0x00007fe63249d000, 0x00007fe672ad1000)
 Metaspace       used 23182K, capacity 23543K, committed 23808K, reserved 24576K
}
Event: 35.494 GC heap after
{Heap after GC invocations=10 (full 5):
 def new generation   total 4725824K, used 0K [0x00007fde9c600000, 0x00007fdfdcdd0000, 0x00007fe3f1b50000)
  eden space 4200768K,   0% used [0x00007fde9c600000, 0x00007fde9c600000, 0x00007fdf9cc50000)
  from space 525056K,   0% used [0x00007fdfbcd10000, 0x00007fdfbcd100b0, 0x00007fdfdcdd0000)
  to   space 525056K,   0% used [0x00007fdf9cc50000, 0x00007fdf9cc50000, 0x00007fdfbcd10000)
 tenured generation   total 10501636K, used 9446708K [0x00007fe3f1b50000, 0x00007fe672ad1000, 0x00007fee9c600000)
   the space 10501636K,  89% used [0x00007fe3f1b50000, 0x00007fe63249d000, 0x00007fe63249d000, 0x00007fe672ad1000)
 Metaspace       used 23182K, capacity 23543K, committed 23808K, reserved 24576K
}
Event: 35.494 GC heap before
{Heap before GC invocations=10 (full 5):
 def new generation   total 4725824K, used 0K [0x00007fde9c600000, 0x00007fdfdcdd0000, 0x00007fe3f1b50000)
  eden space 4200768K,   0% used [0x00007fde9c600000, 0x00007fde9c600000, 0x00007fdf9cc50000)
  from space 525056K,   0% used [0x00007fdfbcd10000, 0x00007fdfbcd100b0, 0x00007fdfdcdd0000)
  to   space 525056K,   0% used [0x00007fdf9cc50000, 0x00007fdf9cc50000, 0x00007fdfbcd10000)
 tenured generation   total 10501636K, used 9446708K [0x00007fe3f1b50000, 0x00007fe672ad1000, 0x00007fee9c600000)
   the space 10501636K,  89% used [0x00007fe3f1b50000, 0x00007fe63249d000, 0x00007fe63249d000, 0x00007fe672ad1000)
 Metaspace       used 23182K, capacity 23543K, committed 23808K, reserved 24576K
}
Event: 37.935 GC heap after
{Heap after GC invocations=10 (full 6):
 def new generation   total 4725824K, used 0K [0x00007fde9c600000, 0x00007fdfdcdd0000, 0x00007fe3f1b50000)
  eden space 4200768K,   0% used [0x00007fde9c600000, 0x00007fde9c600000, 0x00007fdf9cc50000)
  from space 525056K,   0% used [0x00007fdfbcd10000, 0x00007fdfbcd10000, 0x00007fdfdcdd0000)
  to   space 525056K,   0% used [0x00007fdf9cc50000, 0x00007fdf9cc50000, 0x00007fdfbcd10000)
 tenured generation   total 10501636K, used 6300979K [0x00007fe3f1b50000, 0x00007fe672ad1000, 0x00007fee9c600000)
   the space 10501636K,  59% used [0x00007fe3f1b50000, 0x00007fe57249cd48, 0x00007fe57249ce00, 0x00007fe672ad1000)
 Metaspace       used 23182K, capacity 23543K, committed 23808K, reserved 24576K
}
Event: 41.499 GC heap before
{Heap before GC invocations=10 (full 6):
 def new generation   total 4725824K, used 82319K [0x00007fde9c600000, 0x00007fdfdcdd0000, 0x00007fe3f1b50000)
  eden space 4200768K,   1% used [0x00007fde9c600000, 0x00007fdea1663fc0, 0x00007fdf9cc50000)
  from space 525056K,   0% used [0x00007fdfbcd10000, 0x00007fdfbcd10000, 0x00007fdfdcdd0000)
  to   space 525056K,   0% used [0x00007fdf9cc50000, 0x00007fdf9cc50000, 0x00007fdfbcd10000)
 tenured generation   total 16793096K, used 12592435K [0x00007fe3f1b50000, 0x00007fe7f2ad2000, 0x00007fee9c600000)
   the space 16793096K,  74% used [0x00007fe3f1b50000, 0x00007fe6f249cd60, 0x00007fe6f249ce00, 0x00007fe7f2ad2000)
 Metaspace       used 23182K, capacity 23543K, committed 23808K, reserved 24576K
}
Event: 41.504 GC heap after
{Heap after GC invocations=11 (full 6):
 def new generation   total 4725824K, used 0K [0x00007fde9c600000, 0x00007fdfdcdd0000, 0x00007fe3f1b50000)
  eden space 4200768K,   0% used [0x00007fde9c600000, 0x00007fde9c600000, 0x00007fdf9cc50000)
  from space 525056K,   0% used [0x00007fdf9cc50000, 0x00007fdf9cc50290, 0x00007fdfbcd10000)
  to   space 525056K,   0% used [0x00007fdfbcd10000, 0x00007fdfbcd10000, 0x00007fdfdcdd0000)
 tenured generation   total 16793096K, used 12592435K [0x00007fe3f1b50000, 0x00007fe7f2ad2000, 0x00007fee9c600000)
   the space 16793096K,  74% used [0x00007fe3f1b50000, 0x00007fe6f249cd60, 0x00007fe6f249ce00, 0x00007fe7f2ad2000)
 Metaspace       used 23182K, capacity 23543K, committed 23808K, reserved 24576K
}
Event: 41.504 GC heap before
{Heap before GC invocations=11 (full 6):
 def new generation   total 4725824K, used 0K [0x00007fde9c600000, 0x00007fdfdcdd0000, 0x00007fe3f1b50000)
  eden space 4200768K,   0% used [0x00007fde9c600000, 0x00007fde9c600000, 0x00007fdf9cc50000)
  from space 525056K,   0% used [0x00007fdf9cc50000, 0x00007fdf9cc50290, 0x00007fdfbcd10000)
  to   space 525056K,   0% used [0x00007fdfbcd10000, 0x00007fdfbcd10000, 0x00007fdfdcdd0000)
 tenured generation   total 16793096K, used 12592435K [0x00007fe3f1b50000, 0x00007fe7f2ad2000, 0x00007fee9c600000)
   the space 16793096K,  74% used [0x00007fe3f1b50000, 0x00007fe6f249cd60, 0x00007fe6f249ce00, 0x00007fe7f2ad2000)
 Metaspace       used 23182K, capacity 23543K, committed 23808K, reserved 24576K
}

Deoptimization events (20 events):
Event: 22.844 Thread 0x00007feeb4018000 DEOPT PACKING pc=0x00007fee9d2dcf54 sp=0x00007feeb8382630
Event: 22.844 Thread 0x00007feeb4018000 DEOPT UNPACKING pc=0x00007fee9c7d333a sp=0x00007feeb8381ad8 mode 0
Event: 22.844 Thread 0x00007feeb4018000 DEOPT PACKING pc=0x00007fee9d2dcf54 sp=0x00007feeb8382630
Event: 22.844 Thread 0x00007feeb4018000 DEOPT UNPACKING pc=0x00007fee9c7d333a sp=0x00007feeb8381ad8 mode 0
Event: 22.846 Thread 0x00007feeb4018000 DEOPT PACKING pc=0x00007fee9d2dcf54 sp=0x00007feeb8382630
Event: 22.846 Thread 0x00007feeb4018000 DEOPT UNPACKING pc=0x00007fee9c7d333a sp=0x00007feeb8381ad8 mode 0
Event: 22.847 Thread 0x00007feeb4018000 DEOPT PACKING pc=0x00007fee9d2dcf54 sp=0x00007feeb8382630
Event: 22.847 Thread 0x00007feeb4018000 DEOPT UNPACKING pc=0x00007fee9c7d333a sp=0x00007feeb8381ad8 mode 0
Event: 22.850 Thread 0x00007feeb4018000 DEOPT PACKING pc=0x00007fee9d2dcf54 sp=0x00007feeb8382630
Event: 22.850 Thread 0x00007feeb4018000 DEOPT UNPACKING pc=0x00007fee9c7d333a sp=0x00007feeb8381ad8 mode 0
Event: 22.850 Thread 0x00007feeb4018000 DEOPT PACKING pc=0x00007fee9d2dcf54 sp=0x00007feeb8382630
Event: 22.850 Thread 0x00007feeb4018000 DEOPT UNPACKING pc=0x00007fee9c7d333a sp=0x00007feeb8381ad8 mode 0
Event: 22.852 Thread 0x00007feeb4018000 DEOPT PACKING pc=0x00007fee9d2dcf54 sp=0x00007feeb8382630
Event: 22.852 Thread 0x00007feeb4018000 DEOPT UNPACKING pc=0x00007fee9c7d333a sp=0x00007feeb8381ad8 mode 0
Event: 22.852 Thread 0x00007feeb4018000 DEOPT PACKING pc=0x00007fee9d2dcf54 sp=0x00007feeb8382630
Event: 22.852 Thread 0x00007feeb4018000 DEOPT UNPACKING pc=0x00007fee9c7d333a sp=0x00007feeb8381ad8 mode 0
Event: 22.852 Thread 0x00007feeb4018000 DEOPT PACKING pc=0x00007fee9d2dcf54 sp=0x00007feeb8382630
Event: 22.852 Thread 0x00007feeb4018000 DEOPT UNPACKING pc=0x00007fee9c7d333a sp=0x00007feeb8381ad8 mode 0
Event: 22.886 Thread 0x00007feeb4018000 DEOPT PACKING pc=0x00007fee9d2d493f sp=0x00007feeb8382680
Event: 22.886 Thread 0x00007feeb4018000 DEOPT UNPACKING pc=0x00007fee9c7d333a sp=0x00007feeb8381b80 mode 0

Classes unloaded (0 events):
No events

Classes redefined (0 events):
No events

Internal exceptions (20 events):
Event: 2.331 Thread 0x00007feeb4018000 Exception <a 'java/lang/NoSuchMethodError'{0x00007fde9f5f3348}: 'java.lang.Object java.lang.invoke.DirectMethodHandle$Holder.invokeStatic(java.lang.Object, java.lang.Object, int, int)'> (0x00007fde9f5f3348) 
thrown [src/hotspot/share/interpreter/linkResolver.cpp, line 766]
Event: 2.929 Thread 0x00007feeb4018000 Exception <a 'java/lang/NoSuchMethodError'{0x00007fdea091e830}: 'int java.lang.invoke.DirectMethodHandle$Holder.invokeVirtual(java.lang.Object, java.lang.Object, java.lang.Object, java.lang.Object)'> (0x00007fdea091e830) 
thrown [src/hotspot/share/interpreter/linkResolver.cpp, line 766]
Event: 2.931 Thread 0x00007feeb4018000 Exception <a 'java/lang/NoSuchMethodError'{0x00007fdea092c978}: 'java.lang.Object java.lang.invoke.DirectMethodHandle$Holder.invokeStatic(java.lang.Object, java.lang.Object, int, java.lang.Object)'> (0x00007fdea092c978) 
thrown [src/hotspot/share/interpreter/linkResolver.cpp, line 766]
Event: 2.946 Thread 0x00007feeb4018000 Exception <a 'java/lang/NoSuchMethodError'{0x00007fdea0935290}: 'java.lang.Object java.lang.invoke.Invokers$Holder.linkToTargetMethod(java.lang.Object, int, java.lang.Object, java.lang.Object)'> (0x00007fdea0935290) 
thrown [src/hotspot/share/interpreter/linkResolver.cpp, line 766]
Event: 3.626 Thread 0x00007feeb4018000 Implicit null exception at 0x00007feea427eb8f to 0x00007feea427ebf9
Event: 4.094 Thread 0x00007feeb4018000 Exception <a 'java/lang/NoSuchMethodError'{0x00007fdea11e9328}: 'java.lang.Object java.lang.invoke.Invokers$Holder.linkToTargetMethod(java.lang.Object, int, java.lang.Object)'> (0x00007fdea11e9328) 
thrown [src/hotspot/share/interpreter/linkResolver.cpp, line 766]
Event: 4.180 Thread 0x00007feeb4018000 Exception <a 'java/lang/NoSuchMethodError'{0x00007fdea127ed28}: 'java.lang.Object java.lang.invoke.Invokers$Holder.linkToTargetMethod(java.lang.Object, long, java.lang.Object)'> (0x00007fdea127ed28) 
thrown [src/hotspot/share/interpreter/linkResolver.cpp, line 766]
Event: 4.215 Thread 0x00007feeb4018000 Exception <a 'java/lang/NoSuchMethodError'{0x00007fdea12e8748}: 'java.lang.Object java.lang.invoke.Invokers$Holder.linkToTargetMethod(double, java.lang.Object)'> (0x00007fdea12e8748) 
thrown [src/hotspot/share/interpreter/linkResolver.cpp, line 766]
Event: 4.453 Thread 0x00007feeb4018000 Exception <a 'java/lang/NoSuchMethodError'{0x00007fdea1e7deb8}: 'java.lang.Object java.lang.invoke.Invokers$Holder.invokeExact_MT(java.lang.Object, java.lang.Object, java.lang.Object, java.lang.Object, java.lang.Object, java.lang.Object)'> (0x00007fdea1e7deb8) 
thrown [src/hotspot/share/interpreter/linkResolver.cpp, line 766]
Event: 4.534 Thread 0x00007feeb4018000 Exception <a 'java/lang/NoSuchMethodError'{0x00007fdea1f349d0}: 'int java.lang.invoke.DirectMethodHandle$Holder.invokeStatic(java.lang.Object, java.lang.Object, int)'> (0x00007fdea1f349d0) 
thrown [src/hotspot/share/interpreter/linkResolver.cpp, line 766]
Event: 4.540 Thread 0x00007feeb4018000 Exception <a 'java/lang/NoSuchMethodError'{0x00007fdea1f48478}: 'int java.lang.invoke.DirectMethodHandle$Holder.invokeStatic(java.lang.Object, java.lang.Object, java.lang.Object, int)'> (0x00007fdea1f48478) 
thrown [src/hotspot/share/interpreter/linkResolver.cpp, line 766]
Event: 5.050 Thread 0x00007feeb40a7000 Implicit null exception at 0x00007feea42ade4c to 0x00007feea42adf00
Event: 5.660 Thread 0x00007feeb4018000 Exception <a 'java/lang/NoSuchMethodError'{0x00007fde9f2d22e8}: 'java.lang.Object java.lang.invoke.DirectMethodHandle$Holder.invokeInterface(java.lang.Object, java.lang.Object, java.lang.Object)'> (0x00007fde9f2d22e8) 
thrown [src/hotspot/share/interpreter/linkResolver.cpp, line 766]
Event: 5.665 Thread 0x00007feeb4018000 Exception <a 'java/lang/NoSuchMethodError'{0x00007fde9f2e1718}: 'void java.lang.invoke.DirectMethodHandle$Holder.invokeStatic(java.lang.Object, java.lang.Object, java.lang.Object, java.lang.Object)'> (0x00007fde9f2e1718) 
thrown [src/hotspot/share/interpreter/linkResolver.cpp, line 766]
Event: 5.906 Thread 0x00007feeb4018000 Exception <a 'java/lang/NoSuchMethodError'{0x00007fde9fc09eb0}: 'int java.lang.invoke.DirectMethodHandle$Holder.invokeStatic(java.lang.Object, int, java.lang.Object, int)'> (0x00007fde9fc09eb0) 
thrown [src/hotspot/share/interpreter/linkResolver.cpp, line 766]
Event: 5.907 Thread 0x00007feeb4018000 Exception <a 'java/lang/NoSuchMethodError'{0x00007fde9fc10ef0}: 'java.lang.Object java.lang.invoke.DirectMethodHandle$Holder.invokeStatic(java.lang.Object, int, java.lang.Object)'> (0x00007fde9fc10ef0) 
thrown [src/hotspot/share/interpreter/linkResolver.cpp, line 766]
Event: 6.073 Thread 0x00007feeb4018000 Exception <a 'java/lang/NoSuchMethodError'{0x00007fde9feb5880}: 'void java.lang.invoke.DirectMethodHandle$Holder.invokeStatic(java.lang.Object, java.lang.Object, int)'> (0x00007fde9feb5880) 
thrown [src/hotspot/share/interpreter/linkResolver.cpp, line 766]
Event: 6.348 Thread 0x00007feeb4018000 Exception <a 'java/lang/NoSuchMethodError'{0x00007fdea69c1a98}: 'void java.lang.invoke.DirectMethodHandle$Holder.invokeInterface(java.lang.Object, java.lang.Object, int)'> (0x00007fdea69c1a98) 
thrown [src/hotspot/share/interpreter/linkResolver.cpp, line 766]
Event: 6.348 Thread 0x00007feeb4018000 Exception <a 'java/lang/IncompatibleClassChangeError'{0x00007fdea69c5560}: Found class java.lang.Object, but interface was expected> (0x00007fdea69c5560) 
thrown [src/hotspot/share/interpreter/linkResolver.cpp, line 833]
Event: 9.332 Thread 0x00007feeb4018000 Exception <a 'java/lang/IncompatibleClassChangeError'{0x00007fdea669d6b8}: Found class java.lang.Object, but interface was expected> (0x00007fdea669d6b8) 
thrown [src/hotspot/share/interpreter/linkResolver.cpp, line 833]

Events (20 events):
Event: 9.395 loading class java/util/LinkedList$ListItr done
Event: 9.395 loading class ch/idsia/crema/factor/FactorUtil
Event: 9.395 loading class ch/idsia/crema/factor/FactorUtil done
Event: 9.396 loading class ch/idsia/crema/model/vertex/Marginal
Event: 9.396 loading class ch/idsia/crema/model/vertex/Marginal done
Event: 9.405 Executing VM operation: Deoptimize
Event: 9.406 Executing VM operation: Deoptimize done
Event: 9.490 Executing VM operation: GenCollectForAllocation
Event: 9.569 Executing VM operation: GenCollectForAllocation done
Event: 13.135 Executing VM operation: GenCollectForAllocation
Event: 13.175 Executing VM operation: GenCollectForAllocation done
Event: 15.897 Executing VM operation: GenCollectForAllocation
Event: 18.278 Executing VM operation: GenCollectForAllocation done
Event: 21.481 Executing VM operation: GenCollectForAllocation
Event: 22.508 Executing VM operation: GenCollectForAllocation done
Event: 24.598 Executing VM operation: GenCollectForAllocation
Event: 28.951 Executing VM operation: GenCollectForAllocation done
Event: 35.489 Executing VM operation: GenCollectForAllocation
Event: 37.947 Executing VM operation: GenCollectForAllocation done
Event: 41.499 Executing VM operation: GenCollectForAllocation


Dynamic libraries:
55eb4cbda000-55eb4cbdb000 r--p 00000000 07:01 4860                       /usr/lib/jvm/java-13-openjdk-amd64/bin/java
55eb4cbdb000-55eb4cbdc000 r-xp 00001000 07:01 4860                       /usr/lib/jvm/java-13-openjdk-amd64/bin/java
55eb4cbdc000-55eb4cbdd000 r--p 00002000 07:01 4860                       /usr/lib/jvm/java-13-openjdk-amd64/bin/java
55eb4cbdd000-55eb4cbde000 r--p 00002000 07:01 4860                       /usr/lib/jvm/java-13-openjdk-amd64/bin/java
55eb4cbde000-55eb4cbdf000 rw-p 00003000 07:01 4860                       /usr/lib/jvm/java-13-openjdk-amd64/bin/java
55eb4daa4000-55eb4dac5000 rw-p 00000000 00:00 0                          [heap]
7fde60000000-7fde60021000 rw-p 00000000 00:00 0 
7fde60021000-7fde64000000 ---p 00000000 00:00 0 
7fde68000000-7fde68021000 rw-p 00000000 00:00 0 
7fde68021000-7fde6c000000 ---p 00000000 00:00 0 
7fde6c000000-7fde6c021000 rw-p 00000000 00:00 0 
7fde6c021000-7fde70000000 ---p 00000000 00:00 0 
7fde70000000-7fde71b33000 rw-p 00000000 00:00 0 
7fde71b33000-7fde74000000 ---p 00000000 00:00 0 
7fde74000000-7fde74963000 rw-p 00000000 00:00 0 
7fde74963000-7fde78000000 ---p 00000000 00:00 0 
7fde78000000-7fde78021000 rw-p 00000000 00:00 0 
7fde78021000-7fde7c000000 ---p 00000000 00:00 0 
7fde7c000000-7fde7c021000 rw-p 00000000 00:00 0 
7fde7c021000-7fde80000000 ---p 00000000 00:00 0 
7fde80000000-7fde80021000 rw-p 00000000 00:00 0 
7fde80021000-7fde84000000 ---p 00000000 00:00 0 
7fde84000000-7fde84021000 rw-p 00000000 00:00 0 
7fde84021000-7fde88000000 ---p 00000000 00:00 0 
7fde88000000-7fde88045000 rw-p 00000000 00:00 0 
7fde88045000-7fde8c000000 ---p 00000000 00:00 0 
7fde8caf0000-7fde8ccf0000 rw-p 00000000 00:00 0 
7fde8cecc000-7fde8d00c000 rw-p 00000000 00:00 0 
7fde8d00c000-7fde8d0cc000 ---p 00000000 00:00 0 
7fde8d0cc000-7fde8d2cc000 rw-p 00000000 00:00 0 
7fde8d2cc000-7fde8d4cc000 rw-p 00000000 00:00 0 
7fde8d4cc000-7fde8d86c000 rw-p 00000000 00:00 0 
7fde8d86c000-7fde8da6c000 rw-p 00000000 00:00 0 
7fde8da6c000-7fde8dc6c000 rw-p 00000000 00:00 0 
7fde8dc6c000-7fde8de6c000 rw-p 00000000 00:00 0 
7fde8de6c000-7fde8de9d000 rw-p 00000000 00:00 0 
7fde8de9d000-7fde8de9e000 ---p 00000000 00:00 0 
7fde8de9e000-7fde8df9f000 rw-p 00000000 00:00 0 
7fde8df9f000-7fde8dfa3000 ---p 00000000 00:00 0 
7fde8dfa3000-7fde8e0a0000 rw-p 00000000 00:00 0 
7fde8e0a0000-7fde8e0a4000 ---p 00000000 00:00 0 
7fde8e0a4000-7fde8e1a1000 rw-p 00000000 00:00 0 
7fde8e1a1000-7fde8e1a5000 ---p 00000000 00:00 0 
7fde8e1a5000-7fde8e2a2000 rw-p 00000000 00:00 0 
7fde8e2a2000-7fde8e2a6000 ---p 00000000 00:00 0 
7fde8e2a6000-7fde8e3a3000 rw-p 00000000 00:00 0 
7fde8e3a3000-7fde8e3a7000 ---p 00000000 00:00 0 
7fde8e3a7000-7fde8e4a4000 rw-p 00000000 00:00 0 
7fde8e4a4000-7fde8e4a8000 ---p 00000000 00:00 0 
7fde8e4a8000-7fde8e5a5000 rw-p 00000000 00:00 0 
7fde8e5a5000-7fde8e5a9000 ---p 00000000 00:00 0 
7fde8e5a9000-7fde8e6a6000 rw-p 00000000 00:00 0 
7fde8e6a6000-7fde8e6aa000 ---p 00000000 00:00 0 
7fde8e6aa000-7fde8e7a7000 rw-p 00000000 00:00 0 
7fde8e7a7000-7fde8e7a8000 ---p 00000000 00:00 0 
7fde8e7a8000-7fde910b1000 rw-p 00000000 00:00 0 
7fde910b1000-7fde945ff000 ---p 00000000 00:00 0 
7fde945ff000-7fde95003000 rw-p 00000000 00:00 0 
7fde95003000-7fde970a9000 ---p 00000000 00:00 0 
7fde970a9000-7fde990b2000 rw-p 00000000 00:00 0 
7fde990b2000-7fde9c5ff000 ---p 00000000 00:00 0 
7fde9c5ff000-7fdfdcdd0000 rw-p 00000000 00:00 0 
7fdfdcdd0000-7fe3f1b50000 ---p 00000000 00:00 0 
7fe3f1b50000-7fe7f2ad2000 rw-p 00000000 00:00 0 
7fe8f2ad1000-7fee9c600000 ---p 00000000 00:00 0 
7fee9c623000-7fee9c627000 r--p 00000000 07:01 5204                       /usr/lib/jvm/java-13-openjdk-amd64/lib/libnet.so
7fee9c627000-7fee9c635000 r-xp 00004000 07:01 5204                       /usr/lib/jvm/java-13-openjdk-amd64/lib/libnet.so
7fee9c635000-7fee9c639000 r--p 00012000 07:01 5204                       /usr/lib/jvm/java-13-openjdk-amd64/lib/libnet.so
7fee9c639000-7fee9c63a000 r--p 00015000 07:01 5204                       /usr/lib/jvm/java-13-openjdk-amd64/lib/libnet.so
7fee9c63a000-7fee9c63b000 rw-p 00016000 07:01 5204                       /usr/lib/jvm/java-13-openjdk-amd64/lib/libnet.so
7fee9c63b000-7fee9c66d000 r--p 00000000 07:01 5276                       /usr/lib/locale/C.UTF-8/LC_CTYPE
7fee9c66d000-7fee9c78a000 rw-p 00000000 00:00 0 
7fee9c78a000-7fee9c9fa000 rwxp 00000000 00:00 0 
7fee9c9fa000-7fee9cd19000 ---p 00000000 00:00 0 
7fee9cd19000-7fee9d2e9000 rwxp 00000000 00:00 0 
7fee9d2e9000-7feea4251000 ---p 00000000 00:00 0 
7feea4251000-7feea44c1000 rwxp 00000000 00:00 0 
7feea44c1000-7feeab78a000 ---p 00000000 00:00 0 
7feeab78a000-7feeb4000000 r--s 00000000 07:01 5215                       /usr/lib/jvm/java-13-openjdk-amd64/lib/modules
7feeb4000000-7feeb466b000 rw-p 00000000 00:00 0 
7feeb466b000-7feeb8000000 ---p 00000000 00:00 0 
7feeb8012000-7feeb8019000 r--p 00000000 07:01 5205                       /usr/lib/jvm/java-13-openjdk-amd64/lib/libnio.so
7feeb8019000-7feeb8022000 r-xp 00007000 07:01 5205                       /usr/lib/jvm/java-13-openjdk-amd64/lib/libnio.so
7feeb8022000-7feeb8026000 r--p 00010000 07:01 5205                       /usr/lib/jvm/java-13-openjdk-amd64/lib/libnio.so
7feeb8026000-7feeb8027000 r--p 00013000 07:01 5205                       /usr/lib/jvm/java-13-openjdk-amd64/lib/libnio.so
7feeb8027000-7feeb8028000 rw-p 00014000 07:01 5205                       /usr/lib/jvm/java-13-openjdk-amd64/lib/libnio.so
7feeb8028000-7feeb802f000 r--s 00000000 07:01 8532                       /usr/lib/x86_64-linux-gnu/gconv/gconv-modules.cache
7feeb802f000-7feeb8034000 rw-p 00000000 00:00 0 
7feeb8034000-7feeb811a000 ---p 00000000 00:00 0 
7feeb811a000-7feeb8126000 rw-p 00000000 00:00 0 
7feeb8126000-7feeb8205000 ---p 00000000 00:00 0 
7feeb8205000-7feeb820a000 rw-p 00000000 00:00 0 
7feeb820a000-7feeb8211000 ---p 00000000 00:00 0 
7feeb8211000-7feeb8213000 r--p 00000000 07:01 5214                       /usr/lib/jvm/java-13-openjdk-amd64/lib/libzip.so
7feeb8213000-7feeb8217000 r-xp 00002000 07:01 5214                       /usr/lib/jvm/java-13-openjdk-amd64/lib/libzip.so
7feeb8217000-7feeb8219000 r--p 00006000 07:01 5214                       /usr/lib/jvm/java-13-openjdk-amd64/lib/libzip.so
7feeb8219000-7feeb821a000 r--p 00007000 07:01 5214                       /usr/lib/jvm/java-13-openjdk-amd64/lib/libzip.so
7feeb821a000-7feeb821b000 rw-p 00008000 07:01 5214                       /usr/lib/jvm/java-13-openjdk-amd64/lib/libzip.so
7feeb821b000-7feeb8223000 rw-s 00000000 08:03 100676708                  /tmp/hsperfdata_rcabanas/8952
7feeb8223000-7feeb8226000 r--p 00000000 07:01 9108                       /usr/lib/x86_64-linux-gnu/libnss_files-2.31.so
7feeb8226000-7feeb822d000 r-xp 00003000 07:01 9108                       /usr/lib/x86_64-linux-gnu/libnss_files-2.31.so
7feeb822d000-7feeb822f000 r--p 0000a000 07:01 9108                       /usr/lib/x86_64-linux-gnu/libnss_files-2.31.so
7feeb822f000-7feeb8230000 r--p 0000b000 07:01 9108                       /usr/lib/x86_64-linux-gnu/libnss_files-2.31.so
7feeb8230000-7feeb8231000 rw-p 0000c000 07:01 9108                       /usr/lib/x86_64-linux-gnu/libnss_files-2.31.so
7feeb8231000-7feeb8237000 rw-p 00000000 00:00 0 
7feeb823d000-7feeb823f000 r--p 00000000 07:01 5195                       /usr/lib/jvm/java-13-openjdk-amd64/lib/libjimage.so
7feeb823f000-7feeb8242000 r-xp 00002000 07:01 5195                       /usr/lib/jvm/java-13-openjdk-amd64/lib/libjimage.so
7feeb8242000-7feeb8243000 r--p 00005000 07:01 5195                       /usr/lib/jvm/java-13-openjdk-amd64/lib/libjimage.so
7feeb8243000-7feeb8244000 ---p 00006000 07:01 5195                       /usr/lib/jvm/java-13-openjdk-amd64/lib/libjimage.so
7feeb8244000-7feeb8245000 r--p 00006000 07:01 5195                       /usr/lib/jvm/java-13-openjdk-amd64/lib/libjimage.so
7feeb8245000-7feeb8246000 rw-p 00007000 07:01 5195                       /usr/lib/jvm/java-13-openjdk-amd64/lib/libjimage.so
7feeb8246000-7feeb8253000 r--p 00000000 07:01 5191                       /usr/lib/jvm/java-13-openjdk-amd64/lib/libjava.so
7feeb8253000-7feeb8268000 r-xp 0000d000 07:01 5191                       /usr/lib/jvm/java-13-openjdk-amd64/lib/libjava.so
7feeb8268000-7feeb826e000 r--p 00022000 07:01 5191                       /usr/lib/jvm/java-13-openjdk-amd64/lib/libjava.so
7feeb826e000-7feeb826f000 ---p 00028000 07:01 5191                       /usr/lib/jvm/java-13-openjdk-amd64/lib/libjava.so
7feeb826f000-7feeb8270000 r--p 00028000 07:01 5191                       /usr/lib/jvm/java-13-openjdk-amd64/lib/libjava.so
7feeb8270000-7feeb8272000 rw-p 00029000 07:01 5191                       /usr/lib/jvm/java-13-openjdk-amd64/lib/libjava.so
7feeb8272000-7feeb8277000 r--p 00000000 07:01 5213                       /usr/lib/jvm/java-13-openjdk-amd64/lib/libverify.so
7feeb8277000-7feeb827e000 r-xp 00005000 07:01 5213                       /usr/lib/jvm/java-13-openjdk-amd64/lib/libverify.so
7feeb827e000-7feeb8280000 r--p 0000c000 07:01 5213                       /usr/lib/jvm/java-13-openjdk-amd64/lib/libverify.so
7feeb8280000-7feeb8281000 ---p 0000e000 07:01 5213                       /usr/lib/jvm/java-13-openjdk-amd64/lib/libverify.so
7feeb8281000-7feeb8283000 r--p 0000e000 07:01 5213                       /usr/lib/jvm/java-13-openjdk-amd64/lib/libverify.so
7feeb8283000-7feeb8284000 rw-p 00010000 07:01 5213                       /usr/lib/jvm/java-13-openjdk-amd64/lib/libverify.so
7feeb8284000-7feeb8288000 ---p 00000000 00:00 0 
7feeb8288000-7feeb8385000 rw-p 00000000 00:00 0 
7feeb8385000-7feeb8388000 r--p 00000000 07:01 8948                       /usr/lib/x86_64-linux-gnu/libgcc_s.so.1
7feeb8388000-7feeb839a000 r-xp 00003000 07:01 8948                       /usr/lib/x86_64-linux-gnu/libgcc_s.so.1
7feeb839a000-7feeb839e000 r--p 00015000 07:01 8948                       /usr/lib/x86_64-linux-gnu/libgcc_s.so.1
7feeb839e000-7feeb839f000 r--p 00018000 07:01 8948                       /usr/lib/x86_64-linux-gnu/libgcc_s.so.1
7feeb839f000-7feeb83a0000 rw-p 00019000 07:01 8948                       /usr/lib/x86_64-linux-gnu/libgcc_s.so.1
7feeb83a0000-7feeb83ad000 r--p 00000000 07:01 9062                       /usr/lib/x86_64-linux-gnu/libm-2.31.so
7feeb83ad000-7feeb8454000 r-xp 0000d000 07:01 9062                       /usr/lib/x86_64-linux-gnu/libm-2.31.so
7feeb8454000-7feeb84ed000 r--p 000b4000 07:01 9062                       /usr/lib/x86_64-linux-gnu/libm-2.31.so
7feeb84ed000-7feeb84ee000 r--p 0014c000 07:01 9062                       /usr/lib/x86_64-linux-gnu/libm-2.31.so
7feeb84ee000-7feeb84ef000 rw-p 0014d000 07:01 9062                       /usr/lib/x86_64-linux-gnu/libm-2.31.so
7feeb84ef000-7feeb8585000 r--p 00000000 07:01 9213                       /usr/lib/x86_64-linux-gnu/libstdc++.so.6.0.28
7feeb8585000-7feeb8676000 r-xp 00096000 07:01 9213                       /usr/lib/x86_64-linux-gnu/libstdc++.so.6.0.28
7feeb8676000-7feeb86bf000 r--p 00187000 07:01 9213                       /usr/lib/x86_64-linux-gnu/libstdc++.so.6.0.28
7feeb86bf000-7feeb86c0000 ---p 001d0000 07:01 9213                       /usr/lib/x86_64-linux-gnu/libstdc++.so.6.0.28
7feeb86c0000-7feeb86cb000 r--p 001d0000 07:01 9213                       /usr/lib/x86_64-linux-gnu/libstdc++.so.6.0.28
7feeb86cb000-7feeb86ce000 rw-p 001db000 07:01 9213                       /usr/lib/x86_64-linux-gnu/libstdc++.so.6.0.28
7feeb86ce000-7feeb86d1000 rw-p 00000000 00:00 0 
7feeb86d1000-7feeb8957000 r--p 00000000 07:01 5226                       /usr/lib/jvm/java-13-openjdk-amd64/lib/server/libjvm.so
7feeb8957000-7feeb96d4000 r-xp 00286000 07:01 5226                       /usr/lib/jvm/java-13-openjdk-amd64/lib/server/libjvm.so
7feeb96d4000-7feeb994f000 r--p 01003000 07:01 5226                       /usr/lib/jvm/java-13-openjdk-amd64/lib/server/libjvm.so
7feeb994f000-7feeb9a14000 r--p 0127d000 07:01 5226                       /usr/lib/jvm/java-13-openjdk-amd64/lib/server/libjvm.so
7feeb9a14000-7feeb9a4f000 rw-p 01342000 07:01 5226                       /usr/lib/jvm/java-13-openjdk-amd64/lib/server/libjvm.so
7feeb9a4f000-7feeb9ad5000 rw-p 00000000 00:00 0 
7feeb9ad5000-7feeb9adb000 r--p 00000000 07:01 9166                       /usr/lib/x86_64-linux-gnu/libpthread-2.31.so
7feeb9adb000-7feeb9aec000 r-xp 00006000 07:01 9166                       /usr/lib/x86_64-linux-gnu/libpthread-2.31.so
7feeb9aec000-7feeb9af2000 r--p 00017000 07:01 9166                       /usr/lib/x86_64-linux-gnu/libpthread-2.31.so
7feeb9af2000-7feeb9af3000 r--p 0001c000 07:01 9166                       /usr/lib/x86_64-linux-gnu/libpthread-2.31.so
7feeb9af3000-7feeb9af4000 rw-p 0001d000 07:01 9166                       /usr/lib/x86_64-linux-gnu/libpthread-2.31.so
7feeb9af4000-7feeb9af8000 rw-p 00000000 00:00 0 
7feeb9af8000-7feeb9af9000 r--p 00000000 07:01 8893                       /usr/lib/x86_64-linux-gnu/libdl-2.31.so
7feeb9af9000-7feeb9afb000 r-xp 00001000 07:01 8893                       /usr/lib/x86_64-linux-gnu/libdl-2.31.so
7feeb9afb000-7feeb9afc000 r--p 00003000 07:01 8893                       /usr/lib/x86_64-linux-gnu/libdl-2.31.so
7feeb9afc000-7feeb9afd000 r--p 00003000 07:01 8893                       /usr/lib/x86_64-linux-gnu/libdl-2.31.so
7feeb9afd000-7feeb9afe000 rw-p 00004000 07:01 8893                       /usr/lib/x86_64-linux-gnu/libdl-2.31.so
7feeb9afe000-7feeb9b00000 r--p 00000000 07:01 9290                       /usr/lib/x86_64-linux-gnu/libz.so.1.2.11
7feeb9b00000-7feeb9b11000 r-xp 00002000 07:01 9290                       /usr/lib/x86_64-linux-gnu/libz.so.1.2.11
7feeb9b11000-7feeb9b17000 r--p 00013000 07:01 9290                       /usr/lib/x86_64-linux-gnu/libz.so.1.2.11
7feeb9b17000-7feeb9b18000 ---p 00019000 07:01 9290                       /usr/lib/x86_64-linux-gnu/libz.so.1.2.11
7feeb9b18000-7feeb9b19000 r--p 00019000 07:01 9290                       /usr/lib/x86_64-linux-gnu/libz.so.1.2.11
7feeb9b19000-7feeb9b1a000 rw-p 0001a000 07:01 9290                       /usr/lib/x86_64-linux-gnu/libz.so.1.2.11
7feeb9b1a000-7feeb9b3c000 r--p 00000000 07:01 8851                       /usr/lib/x86_64-linux-gnu/libc-2.31.so
7feeb9b3c000-7feeb9cb4000 r-xp 00022000 07:01 8851                       /usr/lib/x86_64-linux-gnu/libc-2.31.so
7feeb9cb4000-7feeb9d02000 r--p 0019a000 07:01 8851                       /usr/lib/x86_64-linux-gnu/libc-2.31.so
7feeb9d02000-7feeb9d06000 r--p 001e7000 07:01 8851                       /usr/lib/x86_64-linux-gnu/libc-2.31.so
7feeb9d06000-7feeb9d08000 rw-p 001eb000 07:01 8851                       /usr/lib/x86_64-linux-gnu/libc-2.31.so
7feeb9d08000-7feeb9d0c000 rw-p 00000000 00:00 0 
7feeb9d0e000-7feeb9d10000 r--s 0000c000 07:01 20930                      /usr/share/java/java-atk-wrapper.jar
7feeb9d10000-7feeb9d11000 ---p 00000000 00:00 0 
7feeb9d11000-7feeb9d12000 r--p 00000000 00:00 0 
7feeb9d12000-7feeb9d15000 r--p 00000000 07:01 5196                       /usr/lib/jvm/java-13-openjdk-amd64/lib/libjli.so
7feeb9d15000-7feeb9d1f000 r-xp 00003000 07:01 5196                       /usr/lib/jvm/java-13-openjdk-amd64/lib/libjli.so
7feeb9d1f000-7feeb9d22000 r--p 0000d000 07:01 5196                       /usr/lib/jvm/java-13-openjdk-amd64/lib/libjli.so
7feeb9d22000-7feeb9d23000 r--p 0000f000 07:01 5196                       /usr/lib/jvm/java-13-openjdk-amd64/lib/libjli.so
7feeb9d23000-7feeb9d24000 rw-p 00010000 07:01 5196                       /usr/lib/jvm/java-13-openjdk-amd64/lib/libjli.so
7feeb9d24000-7feeb9d26000 rw-p 00000000 00:00 0 
7feeb9d26000-7feeb9d27000 r--p 00000000 07:01 8572                       /usr/lib/x86_64-linux-gnu/ld-2.31.so
7feeb9d27000-7feeb9d4a000 r-xp 00001000 07:01 8572                       /usr/lib/x86_64-linux-gnu/ld-2.31.so
7feeb9d4a000-7feeb9d52000 r--p 00024000 07:01 8572                       /usr/lib/x86_64-linux-gnu/ld-2.31.so
7feeb9d52000-7feeb9d53000 ---p 00000000 00:00 0 
7feeb9d53000-7feeb9d54000 r--p 0002c000 07:01 8572                       /usr/lib/x86_64-linux-gnu/ld-2.31.so
7feeb9d54000-7feeb9d55000 rw-p 0002d000 07:01 8572                       /usr/lib/x86_64-linux-gnu/ld-2.31.so
7feeb9d55000-7feeb9d56000 rw-p 00000000 00:00 0 
7fffd3063000-7fffd3084000 rw-p 00000000 00:00 0                          [stack]
7fffd30e2000-7fffd30e4000 r-xp 00000000 00:00 0                          [vdso]
ffffffffff600000-ffffffffff601000 r-xp 00000000 00:00 0                  [vsyscall]


VM Arguments:
jvm_args: -Xmx64g --add-modules=ALL-DEFAULT 
java_command: jdk.compiler/com.sun.tools.javac.launcher.Main /mnt/beegfs/rcabanas/dev/credici/papers/journalEM/code/GenerateModel.java -n 14 -d 1000 -di 0.5 -mr 0.98 -r 1.0 --seed 47 --output /mnt/beegfs/rcabanas/dev/credici/papers/journalEM/models/synthetic/s2/ --debug
java_class_path (initial): /mnt/beegfs/rcabanas/dev/credici/target/credici-0.1.3-jar-with-dependencies.jar
Launcher Type: SUN_STANDARD

[Global flags]
     intx CICompilerCount                          = 2                                         {product} {ergonomic}
   size_t InitialHeapSize                          = 2147483648                                {product} {ergonomic}
   size_t MaxHeapSize                              = 68719476736                               {product} {command line}
   size_t MaxNewSize                               = 22906470400                               {product} {ergonomic}
   size_t MinHeapDeltaBytes                        = 196608                                    {product} {ergonomic}
   size_t MinHeapSize                              = 8388608                                   {product} {ergonomic}
   size_t NewSize                                  = 715784192                                 {product} {ergonomic}
    uintx NonNMethodCodeHeapSize                   = 5826188                                {pd product} {ergonomic}
    uintx NonProfiledCodeHeapSize                  = 122916026                              {pd product} {ergonomic}
   size_t OldSize                                  = 1431699456                                {product} {ergonomic}
    uintx ProfiledCodeHeapSize                     = 122916026                              {pd product} {ergonomic}
    uintx ReservedCodeCacheSize                    = 251658240                              {pd product} {ergonomic}
     bool SegmentedCodeCache                       = true                                      {product} {ergonomic}
   size_t SoftMaxHeapSize                          = 68719476736                            {manageable} {ergonomic}
     bool UseSerialGC                              = true                                      {product} {ergonomic}

Logging:
Log output configuration:
 #0: stdout all=warning uptime,level,tags
 #1: stderr all=off uptime,level,tags

Environment Variables:
PATH=/usr/local/sbin:/usr/local/bin:/usr/sbin:/usr/bin:/sbin:/bin
LD_LIBRARY_PATH=/.singularity.d/libs

Signal Handlers:
SIGSEGV: [libjvm.so+0xf8fcf0], sa_mask[0]=11111111011111111101111111111110, sa_flags=SA_RESTART|SA_SIGINFO
SIGBUS: [libjvm.so+0xf8fcf0], sa_mask[0]=11111111011111111101111111111110, sa_flags=SA_RESTART|SA_SIGINFO
SIGFPE: [libjvm.so+0xf8fcf0], sa_mask[0]=11111111011111111101111111111110, sa_flags=SA_RESTART|SA_SIGINFO
SIGPIPE: [libjvm.so+0xc3ffa0], sa_mask[0]=11111111011111111101111111111110, sa_flags=SA_RESTART|SA_SIGINFO
SIGXFSZ: [libjvm.so+0xc3ffa0], sa_mask[0]=11111111011111111101111111111110, sa_flags=SA_RESTART|SA_SIGINFO
SIGILL: [libjvm.so+0xf8fcf0], sa_mask[0]=11111111011111111101111111111110, sa_flags=SA_RESTART|SA_SIGINFO
SIGUSR2: [libjvm.so+0xc3fe40], sa_mask[0]=00000000000000000000000000000000, sa_flags=SA_RESTART|SA_SIGINFO
SIGHUP: [libjvm.so+0xc40580], sa_mask[0]=11111111011111111101111111111110, sa_flags=SA_RESTART|SA_SIGINFO
SIGINT: [libjvm.so+0xc40580], sa_mask[0]=11111111011111111101111111111110, sa_flags=SA_RESTART|SA_SIGINFO
SIGTERM: [libjvm.so+0xc40580], sa_mask[0]=11111111011111111101111111111110, sa_flags=SA_RESTART|SA_SIGINFO
SIGQUIT: [libjvm.so+0xc40580], sa_mask[0]=11111111011111111101111111111110, sa_flags=SA_RESTART|SA_SIGINFO


---------------  S Y S T E M  ---------------

OS:DISTRIB_ID=Ubuntu
DISTRIB_RELEASE=20.04
DISTRIB_CODENAME=focal
DISTRIB_DESCRIPTION="Ubuntu 20.04.4 LTS"
uname:Linux 3.10.0-1160.15.2.el7.x86_64 #1 SMP Wed Feb 3 15:06:38 UTC 2021 x86_64
OS uptime: 474 days 3:08 hours
libc:glibc 2.31 NPTL 2.31 
rlimit (soft/hard): STACK 8192k/infinity , CORE 0k/infinity , NPROC 4096/1030217 , NOFILE 131072/131072 , AS infinity/infinity , CPU infinity/infinity , DATA infinity/infinity , FSIZE infinity/infinity , MEMLOCK infinity/infinity
load average:21.94 16.98 8.15

/proc/meminfo:
MemTotal:       263895368 kB
MemFree:         3054744 kB
MemAvailable:    2985260 kB
Buffers:          145224 kB
Cached:           494216 kB
SwapCached:       545500 kB
Active:         245219572 kB
Inactive:        6356412 kB
Active(anon):   245052348 kB
Inactive(anon):  5907516 kB
Active(file):     167224 kB
Inactive(file):   448896 kB
Unevictable:       16048 kB
Mlocked:           16048 kB
SwapTotal:       4194300 kB
SwapFree:         110816 kB
Dirty:               440 kB
Writeback:             0 kB
AnonPages:      250406708 kB
Mapped:           139536 kB
Shmem:             17504 kB
Slab:             708612 kB
SReclaimable:     170988 kB
SUnreclaim:       537624 kB
KernelStack:       23520 kB
PageTables:       518236 kB
NFS_Unstable:          0 kB
Bounce:                0 kB
WritebackTmp:          0 kB
CommitLimit:    136141984 kB
Committed_AS:   297022180 kB
VmallocTotal:   34359738367 kB
VmallocUsed:      860048 kB
VmallocChunk:   34222458156 kB
Percpu:            21248 kB
HardwareCorrupted:     0 kB
AnonHugePages:  78927872 kB
CmaTotal:              0 kB
CmaFree:               0 kB
HugePages_Total:       0
HugePages_Free:        0
HugePages_Rsvd:        0
HugePages_Surp:        0
Hugepagesize:       2048 kB
DirectMap4k:      650856 kB
DirectMap2M:    19134464 kB
DirectMap1G:    248512512 kB

/sys/kernel/mm/transparent_hugepage/enabled:
[always] madvise never

/sys/kernel/mm/transparent_hugepage/defrag (defrag/compaction efforts parameter):
[always] madvise never


/proc/sys/kernel/threads-max (system-wide limit on the number of threads):
2060435


/proc/sys/vm/max_map_count (maximum number of memory map areas a process may have):
65530


/proc/sys/kernel/pid_max (system-wide limit on number of process identifiers):
65536



Steal ticks since vm start: 0
Steal ticks percentage since vm start:  0.000

CPU:total 64 (initial active 1) (32 cores per cpu, 1 threads per core) family 23 model 49 stepping 0, cmov, cx8, fxsr, mmx, sse, sse2, sse3, ssse3, sse4.1, sse4.2, popcnt, avx, avx2, aes, clmul, mmxext, 3dnowpref, lzcnt, sse4a, tsc, tscinvbit, tscinv, bmi1, bmi2, adx, sha, fma
CPU Model and flags from /proc/cpuinfo:
model name	: AMD EPYC 7542 32-Core Processor
flags		: fpu vme de pse tsc msr pae mce cx8 apic sep mtrr pge mca cmov pat pse36 clflush mmx fxsr sse sse2 ht syscall nx mmxext fxsr_opt pdpe1gb rdtscp lm constant_tsc art rep_good nopl nonstop_tsc extd_apicid aperfmperf eagerfpu pni pclmulqdq monitor ssse3 fma cx16 sse4_1 sse4_2 movbe popcnt aes xsave avx f16c rdrand lahf_lm cmp_legacy svm extapic cr8_legacy abm sse4a misalignsse 3dnowprefetch osvw ibs skinit wdt tce topoext perfctr_core perfctr_nb bpext perfctr_l2 cpb cat_l3 cdp_l3 hw_pstate sme retpoline_amd ssbd ibrs ibpb stibp vmmcall fsgsbase bmi1 avx2 smep bmi2 cqm rdt_a rdseed adx smap clflushopt clwb sha_ni xsaveopt xsavec xgetbv1 cqm_llc cqm_occup_llc cqm_mbm_total cqm_mbm_local clzero irperf xsaveerptr arat npt lbrv svm_lock nrip_save tsc_scale vmcb_clean flushbyasid decodeassists pausefilter pfthreshold avic v_vmsave_vmload vgif umip overflow_recov succor smca
Online cpus:0-63
Offline cpus:
BIOS frequency limitation:2900000
Frequency switch latency (ns):0
Available cpu frequencies:2900000 2400000 1500000 
Current governor:conservative
Core performance/turbo boost:1

Memory: 4k page, physical 263895368k(3051736k free), swap 4194300k(110816k free)

vm_info: OpenJDK 64-Bit Server VM (13.0.7+5-Ubuntu-0ubuntu120.04) for linux-amd64 JRE (13.0.7+5-Ubuntu-0ubuntu120.04), built on Apr 21 2021 05:36:19 by "unknown" with gcc 9.3.0

END.
