#
# There is insufficient memory for the Java Runtime Environment to continue.
# Native memory allocation (mmap) failed to map 8589938688 bytes for committing reserved memory.
# Possible reasons:
#   The system is out of physical RAM or swap space
# Possible solutions:
#   Reduce memory load on the system
#   Increase physical memory or swap space
#   Check if swap backing store is full
#   Decrease Java heap size (-Xmx/-Xms)
#   Decrease number of Java threads
#   Decrease Java thread stack sizes (-Xss)
#   Set larger code cache with -XX:ReservedCodeCacheSize=
# This output file may be truncated or incomplete.
#
#  Out of Memory Error (os_linux.cpp:2899), pid=7811, tid=7814
#
# JRE version: OpenJDK Runtime Environment (13.0.7+5) (build 13.0.7+5-Ubuntu-0ubuntu120.04)
# Java VM: OpenJDK 64-Bit Server VM (13.0.7+5-Ubuntu-0ubuntu120.04, mixed mode, tiered, serial gc, linux-amd64)
# No core dump will be written. Core dumps have been disabled. To enable core dumping, try "ulimit -c unlimited" before starting Java again
#

---------------  S U M M A R Y ------------

Command Line: -Xmx64g --add-modules=ALL-DEFAULT jdk.compiler/com.sun.tools.javac.launcher.Main /mnt/beegfs/rcabanas/dev/credici/papers/journalEM/code/GenerateModel.java -n 14 -d 1000 -di 0.5 -mr 0.98 -r 1.0 --seed 90 --output /mnt/beegfs/rcabanas/dev/credici/papers/journalEM/models/synthetic/s2/ --debug

Host: AMD EPYC 7542 32-Core Processor, 64 cores, 251G, Ubuntu 20.04.4 LTS
Time: Wed Oct 12 21:27:39 2022 CEST elapsed time: 12.689081 seconds (0d 0h 0m 12s)

---------------  T H R E A D  ---------------

Current thread (0x00007fb91c097800):  VMThread "VM Thread" [stack: 0x00007fb921e6c000,0x00007fb921f6c000] [id=7814]

Stack: [0x00007fb921e6c000,0x00007fb921f6c000],  sp=0x00007fb921f6a3c0,  free space=1016k
Native frames: (J=compiled Java code, A=aot compiled Java code, j=interpreted, Vv=VM code, C=native code)
V  [libjvm.so+0xf8f092]
V  [libjvm.so+0xf8fc91]
V  [libjvm.so+0x66ee5a]
V  [libjvm.so+0xc44a41]
V  [libjvm.so+0xc3b263]
V  [libjvm.so+0xf87f4b]
V  [libjvm.so+0x557506]
V  [libjvm.so+0x557723]
V  [libjvm.so+0xf18c5e]
V  [libjvm.so+0x7e0bd4]
V  [libjvm.so+0x7e3a96]
V  [libjvm.so+0x7d8b48]
V  [libjvm.so+0xf90940]
V  [libjvm.so+0xf96657]
V  [libjvm.so+0xf96d2b]
V  [libjvm.so+0xf9706a]
V  [libjvm.so+0xf2208f]
V  [libjvm.so+0xc493ff]

VM_Operation (0x00007fb922bdc4d0): GenCollectForAllocation, mode: safepoint, requested by thread 0x00007fb91c018000


---------------  P R O C E S S  ---------------

Threads class SMR info:
_java_thread_list=0x00007fb91c13e490, length=9, elements={
0x00007fb91c018000, 0x00007fb91c0a3800, 0x00007fb91c0a7000, 0x00007fb91c0d3800,
0x00007fb91c0d5000, 0x00007fb91c0d7000, 0x00007fb91c0d9000, 0x00007fb91c0db000,
0x00007fb91c13d000
}

Java Threads: ( => current thread )
  0x00007fb91c018000 JavaThread "main" [_thread_blocked, id=7812, stack(0x00007fb922ade000,0x00007fb922bdf000)]
  0x00007fb91c0a3800 JavaThread "Reference Handler" daemon [_thread_blocked, id=7815, stack(0x00007fb921d69000,0x00007fb921e6a000)]
  0x00007fb91c0a7000 JavaThread "Finalizer" daemon [_thread_blocked, id=7816, stack(0x00007fb921c68000,0x00007fb921d69000)]
  0x00007fb91c0d3800 JavaThread "Signal Dispatcher" daemon [_thread_blocked, id=7817, stack(0x00007fb921b2e000,0x00007fb921c2f000)]
  0x00007fb91c0d5000 JavaThread "Service Thread" daemon [_thread_blocked, id=7818, stack(0x00007fb921a2d000,0x00007fb921b2e000)]
  0x00007fb91c0d7000 JavaThread "C2 CompilerThread0" daemon [_thread_blocked, id=7819, stack(0x00007fb92192c000,0x00007fb921a2d000)]
  0x00007fb91c0d9000 JavaThread "C1 CompilerThread0" daemon [_thread_blocked, id=7820, stack(0x00007fb92182b000,0x00007fb92192c000)]
  0x00007fb91c0db000 JavaThread "Sweeper thread" daemon [_thread_blocked, id=7821, stack(0x00007fb92172a000,0x00007fb92182b000)]
  0x00007fb91c13d000 JavaThread "Common-Cleaner" daemon [_thread_blocked, id=7823, stack(0x00007fb921629000,0x00007fb92172a000)]

Other Threads:
=>0x00007fb91c097800 VMThread "VM Thread" [stack: 0x00007fb921e6c000,0x00007fb921f6c000] [id=7814]
  0x00007fb91c18a000 WatcherThread [stack: 0x00007fb921529000,0x00007fb921629000] [id=7832]

Threads with active compile tasks:

VM state:at safepoint (normal execution)

VM Mutex/Monitor currently owned by a thread:  ([mutex/lock_event])
[0x00007fb91c014100] Threads_lock - owner thread: 0x00007fb91c097800
[0x00007fb91c014d00] Heap_lock - owner thread: 0x00007fb91c018000

Heap:
 def new generation   total 2516672K, used 0K [0x00007fa904600000, 0x00007fa9af0c0000, 0x00007fae59b50000)
  eden space 2237056K,   0% used [0x00007fa904600000, 0x00007fa904600000, 0x00007fa98cea0000)
  from space 279616K,   0% used [0x00007fa98cea0000, 0x00007fa98cea0000, 0x00007fa99dfb0000)
  to   space 279616K,   0% used [0x00007fa99dfb0000, 0x00007fa99dfb0000, 0x00007fa9af0c0000)
 tenured generation   total 5592452K, used 539696K [0x00007fae59b50000, 0x00007fafaf0b1000, 0x00007fb904600000)
   the space 5592452K,   9% used [0x00007fae59b50000, 0x00007fae7aa5c178, 0x00007fae7aa5c200, 0x00007fafaf0b1000)
 Metaspace       used 23278K, capacity 23682K, committed 23808K, reserved 24576K

Card table byte_map: [0x00007fa8fc5ff000,0x00007fa904600000] _byte_map_base: 0x00007f6927ddc000

Polling page: 0x00007fb92456a000

Metaspace:

Usage:
   23.13 MB capacity,    22.73 MB ( 98%) used,   308.90 KB (  1%) free+waste,    94.50 KB ( <1%) overhead. 

Virtual space:
     24.00 MB reserved,      23.25 MB ( 97%) committed 

Chunk freelists:
22.00 KB

MaxMetaspaceSize: unlimited


CodeHeap 'non-profiled nmethods': size=120036Kb used=1426Kb max_used=1426Kb free=118609Kb
 bounds [0x00007fb90c251000, 0x00007fb90c4c1000, 0x00007fb91378a000]
CodeHeap 'profiled nmethods': size=120032Kb used=5786Kb max_used=5786Kb free=114245Kb
 bounds [0x00007fb904d19000, 0x00007fb9052c9000, 0x00007fb90c251000]
CodeHeap 'non-nmethods': size=5692Kb used=1199Kb max_used=1230Kb free=4492Kb
 bounds [0x00007fb90478a000, 0x00007fb9049fa000, 0x00007fb904d19000]
 total_blobs=3759 nmethods=3293 adapters=380
 compilation: enabled
              stopped_count=0, restarted_count=0
 full_count=0

Compilation events (20 events):
Event: 10.378 Thread 0x00007fb91c0d9000 nmethod 3320 0x00007fb9052bdb90 code [0x00007fb9052bdd40, 0x00007fb9052bdf00]
Event: 10.378 Thread 0x00007fb91c0d9000 3321       2       org.jgrapht.graph.DirectedAcyclicGraph::removeVertex (133 bytes)
Event: 10.379 Thread 0x00007fb91c0d9000 nmethod 3321 0x00007fb9052be090 code [0x00007fb9052be2a0, 0x00007fb9052be840]
Event: 10.379 Thread 0x00007fb91c0d9000 3322       2       org.jgrapht.graph.AbstractGraph::removeAllEdges (40 bytes)
Event: 10.379 Thread 0x00007fb91c0d9000 nmethod 3322 0x00007fb9052beb90 code [0x00007fb9052bed60, 0x00007fb9052bef70]
Event: 10.383 Thread 0x00007fb91c0d9000 3323       2       java.util.LinkedList$ListItr::checkForComodification (23 bytes)
Event: 10.383 Thread 0x00007fb91c0d9000 nmethod 3323 0x00007fb9052bf110 code [0x00007fb9052bf2c0, 0x00007fb9052bf480]
Event: 10.384 Thread 0x00007fb91c0d9000 3324       2       ch.idsia.crema.model.Strides::contains (14 bytes)
Event: 10.384 Thread 0x00007fb91c0d9000 nmethod 3324 0x00007fb9052bf590 code [0x00007fb9052bf720, 0x00007fb9052bf8b0]
Event: 10.448 Thread 0x00007fb91c0d7000 nmethod 3291% 0x00007fb90c3af310 code [0x00007fb90c3af680, 0x00007fb90c3b1f98]
Event: 10.448 Thread 0x00007fb91c0d7000 3284       4       java.util.AbstractCollection::toArray (70 bytes)
Event: 10.494 Thread 0x00007fb91c0d7000 nmethod 3284 0x00007fb90c3b3f90 code [0x00007fb90c3b4120, 0x00007fb90c3b43d8]
Event: 10.494 Thread 0x00007fb91c0d7000 3287       4       org.jgrapht.graph.specifics.DirectedSpecifics::incomingEdgesOf (9 bytes)
Event: 10.499 Thread 0x00007fb91c0d7000 nmethod 3287 0x00007fb90c3b4610 code [0x00007fb90c3b47c0, 0x00007fb90c3b4c18]
Event: 10.499 Thread 0x00007fb91c0d7000 3285       4       org.jgrapht.traverse.TopologicalOrderIterator::hasNext (56 bytes)
Event: 10.500 Thread 0x00007fb91c0d7000 nmethod 3285 0x00007fb90c3b5090 code [0x00007fb90c3b5220, 0x00007fb90c3b52e8]
Event: 10.501 Thread 0x00007fb91c0d7000 3288       4       java.util.stream.DoublePipeline$3::opWrapSink (10 bytes)
Event: 10.502 Thread 0x00007fb91c0d7000 nmethod 3288 0x00007fb90c3b5390 code [0x00007fb90c3b5500, 0x00007fb90c3b5638]
Event: 10.502 Thread 0x00007fb91c0d7000 3289       4       java.util.Spliterator$OfDouble::forEachRemaining (53 bytes)
Event: 10.502 Thread 0x00007fb91c0d7000 nmethod 3289 0x00007fb90c3b5790 code [0x00007fb90c3b5920, 0x00007fb90c3b59e8]

GC Heap History (18 events):
Event: 3.076 GC heap before
{Heap before GC invocations=0 (full 0):
 def new generation   total 629120K, used 100662K [0x00007fa904600000, 0x00007fa92f0a0000, 0x00007fae59b50000)
  eden space 559232K,  18% used [0x00007fa904600000, 0x00007fa90a84d8c8, 0x00007fa926820000)
  from space 69888K,   0% used [0x00007fa926820000, 0x00007fa926820000, 0x00007fa92ac60000)
  to   space 69888K,   0% used [0x00007fa92ac60000, 0x00007fa92ac60000, 0x00007fa92f0a0000)
 tenured generation   total 1398144K, used 0K [0x00007fae59b50000, 0x00007faeaf0b0000, 0x00007fb904600000)
   the space 1398144K,   0% used [0x00007fae59b50000, 0x00007fae59b50000, 0x00007fae59b50200, 0x00007faeaf0b0000)
 Metaspace       used 20899K, capacity 21207K, committed 21248K, reserved 22528K
}
Event: 3.173 GC heap after
{Heap after GC invocations=1 (full 1):
 def new generation   total 629248K, used 0K [0x00007fa904600000, 0x00007fa92f0c0000, 0x00007fae59b50000)
  eden space 559360K,   0% used [0x00007fa904600000, 0x00007fa904600000, 0x00007fa926840000)
  from space 69888K,   0% used [0x00007fa926840000, 0x00007fa926840000, 0x00007fa92ac80000)
  to   space 69888K,   0% used [0x00007fa92ac80000, 0x00007fa92ac80000, 0x00007fa92f0c0000)
 tenured generation   total 1398144K, used 13608K [0x00007fae59b50000, 0x00007faeaf0b0000, 0x00007fb904600000)
   the space 1398144K,   0% used [0x00007fae59b50000, 0x00007fae5a89a2f0, 0x00007fae5a89a400, 0x00007faeaf0b0000)
 Metaspace       used 20899K, capacity 21207K, committed 21248K, reserved 22528K
}
Event: 5.056 GC heap before
{Heap before GC invocations=1 (full 1):
 def new generation   total 629248K, used 559360K [0x00007fa904600000, 0x00007fa92f0c0000, 0x00007fae59b50000)
  eden space 559360K, 100% used [0x00007fa904600000, 0x00007fa926840000, 0x00007fa926840000)
  from space 69888K,   0% used [0x00007fa926840000, 0x00007fa926840000, 0x00007fa92ac80000)
  to   space 69888K,   0% used [0x00007fa92ac80000, 0x00007fa92ac80000, 0x00007fa92f0c0000)
 tenured generation   total 1398144K, used 13608K [0x00007fae59b50000, 0x00007faeaf0b0000, 0x00007fb904600000)
   the space 1398144K,   0% used [0x00007fae59b50000, 0x00007fae5a89a2f0, 0x00007fae5a89a400, 0x00007faeaf0b0000)
 Metaspace       used 23051K, capacity 23404K, committed 23552K, reserved 24576K
}
Event: 5.061 GC heap after
{Heap after GC invocations=2 (full 1):
 def new generation   total 629248K, used 727K [0x00007fa904600000, 0x00007fa92f0c0000, 0x00007fae59b50000)
  eden space 559360K,   0% used [0x00007fa904600000, 0x00007fa904600000, 0x00007fa926840000)
  from space 69888K,   1% used [0x00007fa92ac80000, 0x00007fa92ad35de0, 0x00007fa92f0c0000)
  to   space 69888K,   0% used [0x00007fa926840000, 0x00007fa926840000, 0x00007fa92ac80000)
 tenured generation   total 1398144K, used 13608K [0x00007fae59b50000, 0x00007faeaf0b0000, 0x00007fb904600000)
   the space 1398144K,   0% used [0x00007fae59b50000, 0x00007fae5a89a2f0, 0x00007fae5a89a400, 0x00007faeaf0b0000)
 Metaspace       used 23051K, capacity 23404K, committed 23552K, reserved 24576K
}
Event: 6.014 GC heap before
{Heap before GC invocations=2 (full 1):
 def new generation   total 629248K, used 457042K [0x00007fa904600000, 0x00007fa92f0c0000, 0x00007fae59b50000)
  eden space 559360K,  81% used [0x00007fa904600000, 0x00007fa92039ed30, 0x00007fa926840000)
  from space 69888K,   1% used [0x00007fa92ac80000, 0x00007fa92ad35de0, 0x00007fa92f0c0000)
  to   space 69888K,   0% used [0x00007fa926840000, 0x00007fa926840000, 0x00007fa92ac80000)
 tenured generation   total 1398144K, used 13608K [0x00007fae59b50000, 0x00007faeaf0b0000, 0x00007fb904600000)
   the space 1398144K,   0% used [0x00007fae59b50000, 0x00007fae5a89a2f0, 0x00007fae5a89a400, 0x00007faeaf0b0000)
 Metaspace       used 23216K, capacity 23609K, committed 23808K, reserved 24576K
}
Event: 6.017 GC heap after
{Heap after GC invocations=3 (full 1):
 def new generation   total 629248K, used 1073K [0x00007fa904600000, 0x00007fa92f0c0000, 0x00007fae59b50000)
  eden space 559360K,   0% used [0x00007fa904600000, 0x00007fa904600000, 0x00007fa926840000)
  from space 69888K,   1% used [0x00007fa926840000, 0x00007fa92694c698, 0x00007fa92ac80000)
  to   space 69888K,   0% used [0x00007fa92ac80000, 0x00007fa92ac80000, 0x00007fa92f0c0000)
 tenured generation   total 1398144K, used 13608K [0x00007fae59b50000, 0x00007faeaf0b0000, 0x00007fb904600000)
   the space 1398144K,   0% used [0x00007fae59b50000, 0x00007fae5a89a2f0, 0x00007fae5a89a400, 0x00007faeaf0b0000)
 Metaspace       used 23216K, capacity 23609K, committed 23808K, reserved 24576K
}
Event: 6.017 GC heap before
{Heap before GC invocations=3 (full 1):
 def new generation   total 629248K, used 1073K [0x00007fa904600000, 0x00007fa92f0c0000, 0x00007fae59b50000)
  eden space 559360K,   0% used [0x00007fa904600000, 0x00007fa904600000, 0x00007fa926840000)
  from space 69888K,   1% used [0x00007fa926840000, 0x00007fa92694c698, 0x00007fa92ac80000)
  to   space 69888K,   0% used [0x00007fa92ac80000, 0x00007fa92ac80000, 0x00007fa92f0c0000)
 tenured generation   total 1398144K, used 13608K [0x00007fae59b50000, 0x00007faeaf0b0000, 0x00007fb904600000)
   the space 1398144K,   0% used [0x00007fae59b50000, 0x00007fae5a89a2f0, 0x00007fae5a89a400, 0x00007faeaf0b0000)
 Metaspace       used 23216K, capacity 23609K, committed 23808K, reserved 24576K
}
Event: 6.053 GC heap after
{Heap after GC invocations=3 (full 2):
 def new generation   total 629248K, used 0K [0x00007fa904600000, 0x00007fa92f0c0000, 0x00007fae59b50000)
  eden space 559360K,   0% used [0x00007fa904600000, 0x00007fa904600000, 0x00007fa926840000)
  from space 69888K,   0% used [0x00007fa926840000, 0x00007fa926840000, 0x00007fa92ac80000)
  to   space 69888K,   0% used [0x00007fa92ac80000, 0x00007fa92ac80000, 0x00007fa92f0c0000)
 tenured generation   total 1398144K, used 14673K [0x00007fae59b50000, 0x00007faeaf0b0000, 0x00007fb904600000)
   the space 1398144K,   1% used [0x00007fae59b50000, 0x00007fae5a9a44a8, 0x00007fae5a9a4600, 0x00007faeaf0b0000)
 Metaspace       used 23216K, capacity 23609K, committed 23808K, reserved 24576K
}
Event: 9.951 GC heap before
{Heap before GC invocations=3 (full 2):
 def new generation   total 629248K, used 559360K [0x00007fa904600000, 0x00007fa92f0c0000, 0x00007fae59b50000)
  eden space 559360K, 100% used [0x00007fa904600000, 0x00007fa926840000, 0x00007fa926840000)
  from space 69888K,   0% used [0x00007fa926840000, 0x00007fa926840000, 0x00007fa92ac80000)
  to   space 69888K,   0% used [0x00007fa92ac80000, 0x00007fa92ac80000, 0x00007fa92f0c0000)
 tenured generation   total 5592452K, used 4208977K [0x00007fae59b50000, 0x00007fafaf0b1000, 0x00007fb904600000)
   the space 5592452K,  75% used [0x00007fae59b50000, 0x00007faf5a9a44c0, 0x00007faf5a9a4600, 0x00007fafaf0b1000)
 Metaspace       used 23270K, capacity 23680K, committed 23808K, reserved 24576K
}
Event: 9.958 GC heap after
{Heap after GC invocations=4 (full 2):
 def new generation   total 629248K, used 450K [0x00007fa904600000, 0x00007fa92f0c0000, 0x00007fae59b50000)
  eden space 559360K,   0% used [0x00007fa904600000, 0x00007fa904600000, 0x00007fa926840000)
  from space 69888K,   0% used [0x00007fa92ac80000, 0x00007fa92acf0ac8, 0x00007fa92f0c0000)
  to   space 69888K,   0% used [0x00007fa926840000, 0x00007fa926840000, 0x00007fa92ac80000)
 tenured generation   total 5592452K, used 4208977K [0x00007fae59b50000, 0x00007fafaf0b1000, 0x00007fb904600000)
   the space 5592452K,  75% used [0x00007fae59b50000, 0x00007faf5a9a44c0, 0x00007faf5a9a4600, 0x00007fafaf0b1000)
 Metaspace       used 23270K, capacity 23680K, committed 23808K, reserved 24576K
}
Event: 10.451 GC heap before
{Heap before GC invocations=4 (full 2):
 def new generation   total 629248K, used 351455K [0x00007fa904600000, 0x00007fa92f0c0000, 0x00007fae59b50000)
  eden space 559360K,  62% used [0x00007fa904600000, 0x00007fa919cc71c8, 0x00007fa926840000)
  from space 69888K,   0% used [0x00007fa92ac80000, 0x00007fa92acf0ac8, 0x00007fa92f0c0000)
  to   space 69888K,   0% used [0x00007fa926840000, 0x00007fa926840000, 0x00007fa92ac80000)
 tenured generation   total 5592452K, used 4208977K [0x00007fae59b50000, 0x00007fafaf0b1000, 0x00007fb904600000)
   the space 5592452K,  75% used [0x00007fae59b50000, 0x00007faf5a9a44c0, 0x00007faf5a9a4600, 0x00007fafaf0b1000)
 Metaspace       used 23278K, capacity 23682K, committed 23808K, reserved 24576K
}
Event: 10.493 GC heap after
{Heap after GC invocations=5 (full 2):
 def new generation   total 629248K, used 33504K [0x00007fa904600000, 0x00007fa92f0c0000, 0x00007fae59b50000)
  eden space 559360K,   0% used [0x00007fa904600000, 0x00007fa904600000, 0x00007fa926840000)
  from space 69888K,  47% used [0x00007fa926840000, 0x00007fa9288f8210, 0x00007fa92ac80000)
  to   space 69888K,   0% used [0x00007fa92ac80000, 0x00007fa92ac80000, 0x00007fa92f0c0000)
 tenured generation   total 5592452K, used 4208977K [0x00007fae59b50000, 0x00007fafaf0b1000, 0x00007fb904600000)
   the space 5592452K,  75% used [0x00007fae59b50000, 0x00007faf5a9a44c0, 0x00007faf5a9a4600, 0x00007fafaf0b1000)
 Metaspace       used 23278K, capacity 23682K, committed 23808K, reserved 24576K
}
Event: 10.919 GC heap before
{Heap before GC invocations=5 (full 2):
 def new generation   total 629248K, used 568626K [0x00007fa904600000, 0x00007fa92f0c0000, 0x00007fae59b50000)
  eden space 559360K,  95% used [0x00007fa904600000, 0x00007fa9250948a0, 0x00007fa926840000)
  from space 69888K,  47% used [0x00007fa926840000, 0x00007fa9288f8210, 0x00007fa92ac80000)
  to   space 69888K,   0% used [0x00007fa92ac80000, 0x00007fa92ac80000, 0x00007fa92f0c0000)
 tenured generation   total 5592452K, used 4208977K [0x00007fae59b50000, 0x00007fafaf0b1000, 0x00007fb904600000)
   the space 5592452K,  75% used [0x00007fae59b50000, 0x00007faf5a9a44c0, 0x00007faf5a9a4600, 0x00007fafaf0b1000)
 Metaspace       used 23278K, capacity 23682K, committed 23808K, reserved 24576K
}
Event: 11.433 GC heap after
{Heap after GC invocations=6 (full 2):
 def new generation   total 629248K, used 735K [0x00007fa904600000, 0x00007fa92f0c0000, 0x00007fae59b50000)
  eden space 559360K,   0% used [0x00007fa904600000, 0x00007fa904600000, 0x00007fa926840000)
  from space 69888K,   1% used [0x00007fa92ac80000, 0x00007fa92ad37e60, 0x00007fa92f0c0000)
  to   space 69888K,   0% used [0x00007fa926840000, 0x00007fa926840000, 0x00007fa92ac80000)
 tenured generation   total 5592452K, used 4733265K [0x00007fae59b50000, 0x00007fafaf0b1000, 0x00007fb904600000)
   the space 5592452K,  84% used [0x00007fae59b50000, 0x00007faf7a9a44d8, 0x00007faf7a9a4600, 0x00007fafaf0b1000)
 Metaspace       used 23278K, capacity 23682K, committed 23808K, reserved 24576K
}
Event: 11.866 GC heap before
{Heap before GC invocations=6 (full 2):
 def new generation   total 629248K, used 535974K [0x00007fa904600000, 0x00007fa92f0c0000, 0x00007fae59b50000)
  eden space 559360K,  95% used [0x00007fa904600000, 0x00007fa9250b1cb0, 0x00007fa926840000)
  from space 69888K,   1% used [0x00007fa92ac80000, 0x00007fa92ad37e60, 0x00007fa92f0c0000)
  to   space 69888K,   0% used [0x00007fa926840000, 0x00007fa926840000, 0x00007fa92ac80000)
 tenured generation   total 5592452K, used 4733265K [0x00007fae59b50000, 0x00007fafaf0b1000, 0x00007fb904600000)
   the space 5592452K,  84% used [0x00007fae59b50000, 0x00007faf7a9a44d8, 0x00007faf7a9a4600, 0x00007fafaf0b1000)
 Metaspace       used 23278K, capacity 23682K, committed 23808K, reserved 24576K
}
Event: 12.433 GC heap after
{Heap after GC invocations=7 (full 2):
 def new generation   total 629248K, used 735K [0x00007fa904600000, 0x00007fa92f0c0000, 0x00007fae59b50000)
  eden space 559360K,   0% used [0x00007fa904600000, 0x00007fa904600000, 0x00007fa926840000)
  from space 69888K,   1% used [0x00007fa926840000, 0x00007fa9268f7ca0, 0x00007fa92ac80000)
  to   space 69888K,   0% used [0x00007fa92ac80000, 0x00007fa92ac80000, 0x00007fa92f0c0000)
 tenured generation   total 5592452K, used 5257553K [0x00007fae59b50000, 0x00007fafaf0b1000, 0x00007fb904600000)
   the space 5592452K,  94% used [0x00007fae59b50000, 0x00007faf9a9a4508, 0x00007faf9a9a4600, 0x00007fafaf0b1000)
 Metaspace       used 23278K, capacity 23682K, committed 23808K, reserved 24576K
}
Event: 12.434 GC heap before
{Heap before GC invocations=7 (full 2):
 def new generation   total 629248K, used 735K [0x00007fa904600000, 0x00007fa92f0c0000, 0x00007fae59b50000)
  eden space 559360K,   0% used [0x00007fa904600000, 0x00007fa904600000, 0x00007fa926840000)
  from space 69888K,   1% used [0x00007fa926840000, 0x00007fa9268f7ca0, 0x00007fa92ac80000)
  to   space 69888K,   0% used [0x00007fa92ac80000, 0x00007fa92ac80000, 0x00007fa92f0c0000)
 tenured generation   total 5592452K, used 5257553K [0x00007fae59b50000, 0x00007fafaf0b1000, 0x00007fb904600000)
   the space 5592452K,  94% used [0x00007fae59b50000, 0x00007faf9a9a4508, 0x00007faf9a9a4600, 0x00007fafaf0b1000)
 Metaspace       used 23278K, capacity 23682K, committed 23808K, reserved 24576K
}
Event: 12.685 GC heap after
{Heap after GC invocations=7 (full 3):
 def new generation   total 2516672K, used 0K [0x00007fa904600000, 0x00007fa9af0c0000, 0x00007fae59b50000)
  eden space 2237056K,   0% used [0x00007fa904600000, 0x00007fa904600000, 0x00007fa98cea0000)
  from space 279616K,   0% used [0x00007fa98cea0000, 0x00007fa98cea0000, 0x00007fa99dfb0000)
  to   space 279616K,   0% used [0x00007fa99dfb0000, 0x00007fa99dfb0000, 0x00007fa9af0c0000)
 tenured generation   total 5592452K, used 539696K [0x00007fae59b50000, 0x00007fafaf0b1000, 0x00007fb904600000)
   the space 5592452K,   9% used [0x00007fae59b50000, 0x00007fae7aa5c178, 0x00007fae7aa5c200, 0x00007fafaf0b1000)
 Metaspace       used 23278K, capacity 23682K, committed 23808K, reserved 24576K
}

Deoptimization events (20 events):
Event: 10.244 Thread 0x00007fb91c018000 DEOPT PACKING pc=0x00007fb905252449 sp=0x00007fb922bdc5a0
Event: 10.244 Thread 0x00007fb91c018000 DEOPT UNPACKING pc=0x00007fb9047d333a sp=0x00007fb922bdba78 mode 0
Event: 10.271 Thread 0x00007fb91c018000 DEOPT PACKING pc=0x00007fb90523e26b sp=0x00007fb922bdc810
Event: 10.271 Thread 0x00007fb91c018000 DEOPT UNPACKING pc=0x00007fb9047d333a sp=0x00007fb922bdbd98 mode 0
Event: 10.296 Thread 0x00007fb91c018000 DEOPT PACKING pc=0x00007fb90524f166 sp=0x00007fb922bdc5f0
Event: 10.296 Thread 0x00007fb91c018000 DEOPT UNPACKING pc=0x00007fb9047d333a sp=0x00007fb922bdbad8 mode 0
Event: 10.364 Thread 0x00007fb91c018000 DEOPT PACKING pc=0x00007fb9052498c8 sp=0x00007fb922bdc4e0
Event: 10.364 Thread 0x00007fb91c018000 DEOPT UNPACKING pc=0x00007fb9047d333a sp=0x00007fb922bdb9e0 mode 0
Event: 10.377 Thread 0x00007fb91c018000 Uncommon trap: trap_request=0xffffffc6 fr.pc=0x00007fb90c32fd00 relative=0x0000000000000240
Event: 10.377 Thread 0x00007fb91c018000 Uncommon trap: reason=bimorphic_or_optimized_type_check action=maybe_recompile pc=0x00007fb90c32fd00 method=gnu.trove.impl.hash.THash.postInsertHook(Z)V @ 51 c2
Event: 10.377 Thread 0x00007fb91c018000 DEOPT PACKING pc=0x00007fb90c32fd00 sp=0x00007fb922bdc0e0
Event: 10.377 Thread 0x00007fb91c018000 DEOPT UNPACKING pc=0x00007fb9047d2e25 sp=0x00007fb922bdc0a8 mode 2
Event: 10.377 Thread 0x00007fb91c018000 Uncommon trap: trap_request=0xffffff45 fr.pc=0x00007fb90c39e604 relative=0x00000000000000e4
Event: 10.377 Thread 0x00007fb91c018000 Uncommon trap: reason=unstable_if action=reinterpret pc=0x00007fb90c39e604 method=gnu.trove.impl.hash.TIntHash.index(I)I @ 57 c2
Event: 10.377 Thread 0x00007fb91c018000 DEOPT PACKING pc=0x00007fb90c39e604 sp=0x00007fb922bdc1a0
Event: 10.377 Thread 0x00007fb91c018000 DEOPT UNPACKING pc=0x00007fb9047d2e25 sp=0x00007fb922bdc120 mode 2
Event: 10.377 Thread 0x00007fb91c018000 Uncommon trap: trap_request=0xffffffc6 fr.pc=0x00007fb90c32fd00 relative=0x0000000000000240
Event: 10.377 Thread 0x00007fb91c018000 Uncommon trap: reason=bimorphic_or_optimized_type_check action=maybe_recompile pc=0x00007fb90c32fd00 method=gnu.trove.impl.hash.THash.postInsertHook(Z)V @ 51 c2
Event: 10.377 Thread 0x00007fb91c018000 DEOPT PACKING pc=0x00007fb90c32fd00 sp=0x00007fb922bdc470
Event: 10.377 Thread 0x00007fb91c018000 DEOPT UNPACKING pc=0x00007fb9047d2e25 sp=0x00007fb922bdc438 mode 2

Classes unloaded (0 events):
No events

Classes redefined (0 events):
No events

Internal exceptions (20 events):
Event: 2.210 Thread 0x00007fb91c018000 Exception <a 'java/lang/NoSuchMethodError'{0x00007fa908939bc8}: 'java.lang.Object java.lang.invoke.DirectMethodHandle$Holder.invokeStatic(java.lang.Object, java.lang.Object, int, java.lang.Object)'> (0x00007fa908939bc8) 
thrown [src/hotspot/share/interpreter/linkResolver.cpp, line 766]
Event: 2.211 Thread 0x00007fb91c018000 Exception <a 'java/lang/NoSuchMethodError'{0x00007fa9089424e0}: 'java.lang.Object java.lang.invoke.Invokers$Holder.linkToTargetMethod(java.lang.Object, int, java.lang.Object, java.lang.Object)'> (0x00007fa9089424e0) 
thrown [src/hotspot/share/interpreter/linkResolver.cpp, line 766]
Event: 2.558 Thread 0x00007fb91c018000 Implicit null exception at 0x00007fb90c28f748 to 0x00007fb90c28f7ca
Event: 2.558 Thread 0x00007fb91c018000 Implicit null exception at 0x00007fb90c27e60f to 0x00007fb90c27e679
Event: 2.713 Thread 0x00007fb91c018000 Exception <a 'java/lang/NoSuchMethodError'{0x00007fa9091f6a38}: 'java.lang.Object java.lang.invoke.Invokers$Holder.linkToTargetMethod(java.lang.Object, int, java.lang.Object)'> (0x00007fa9091f6a38) 
thrown [src/hotspot/share/interpreter/linkResolver.cpp, line 766]
Event: 2.746 Thread 0x00007fb91c018000 Exception <a 'java/lang/NoSuchMethodError'{0x00007fa90928c428}: 'java.lang.Object java.lang.invoke.Invokers$Holder.linkToTargetMethod(java.lang.Object, long, java.lang.Object)'> (0x00007fa90928c428) 
thrown [src/hotspot/share/interpreter/linkResolver.cpp, line 766]
Event: 2.766 Thread 0x00007fb91c018000 Exception <a 'java/lang/NoSuchMethodError'{0x00007fa9092f5e48}: 'java.lang.Object java.lang.invoke.Invokers$Holder.linkToTargetMethod(double, java.lang.Object)'> (0x00007fa9092f5e48) 
thrown [src/hotspot/share/interpreter/linkResolver.cpp, line 766]
Event: 2.978 Thread 0x00007fb91c018000 Exception <a 'java/lang/NoSuchMethodError'{0x00007fa909fc1bf8}: 'java.lang.Object java.lang.invoke.Invokers$Holder.invokeExact_MT(java.lang.Object, java.lang.Object, java.lang.Object, java.lang.Object, java.lang.Object, java.lang.Object)'> (0x00007fa909fc1bf8) 
thrown [src/hotspot/share/interpreter/linkResolver.cpp, line 766]
Event: 3.034 Thread 0x00007fb91c018000 Exception <a 'java/lang/NoSuchMethodError'{0x00007fa90a078e20}: 'int java.lang.invoke.DirectMethodHandle$Holder.invokeStatic(java.lang.Object, java.lang.Object, int)'> (0x00007fa90a078e20) 
thrown [src/hotspot/share/interpreter/linkResolver.cpp, line 766]
Event: 3.037 Thread 0x00007fb91c018000 Exception <a 'java/lang/NoSuchMethodError'{0x00007fa90a08c930}: 'int java.lang.invoke.DirectMethodHandle$Holder.invokeStatic(java.lang.Object, java.lang.Object, java.lang.Object, int)'> (0x00007fa90a08c930) 
thrown [src/hotspot/share/interpreter/linkResolver.cpp, line 766]
Event: 3.190 Thread 0x00007fb91c0a7000 Implicit null exception at 0x00007fb90c2a404c to 0x00007fb90c2a4100
Event: 3.541 Thread 0x00007fb91c018000 Exception <a 'java/lang/NoSuchMethodError'{0x00007fa909321128}: 'java.lang.Object java.lang.invoke.DirectMethodHandle$Holder.invokeInterface(java.lang.Object, java.lang.Object, java.lang.Object)'> (0x00007fa909321128) 
thrown [src/hotspot/share/interpreter/linkResolver.cpp, line 766]
Event: 3.542 Thread 0x00007fb91c018000 Exception <a 'java/lang/NoSuchMethodError'{0x00007fa909330878}: 'void java.lang.invoke.DirectMethodHandle$Holder.invokeStatic(java.lang.Object, java.lang.Object, java.lang.Object, java.lang.Object)'> (0x00007fa909330878) 
thrown [src/hotspot/share/interpreter/linkResolver.cpp, line 766]
Event: 3.697 Thread 0x00007fb91c018000 Exception <a 'java/lang/NoSuchMethodError'{0x00007fa90992f0a8}: 'int java.lang.invoke.DirectMethodHandle$Holder.invokeStatic(java.lang.Object, int, java.lang.Object, int)'> (0x00007fa90992f0a8) 
thrown [src/hotspot/share/interpreter/linkResolver.cpp, line 766]
Event: 3.697 Thread 0x00007fb91c018000 Exception <a 'java/lang/NoSuchMethodError'{0x00007fa9099360e8}: 'java.lang.Object java.lang.invoke.DirectMethodHandle$Holder.invokeStatic(java.lang.Object, int, java.lang.Object)'> (0x00007fa9099360e8) 
thrown [src/hotspot/share/interpreter/linkResolver.cpp, line 766]
Event: 3.793 Thread 0x00007fb91c018000 Exception <a 'java/lang/NoSuchMethodError'{0x00007fa909adc698}: 'void java.lang.invoke.DirectMethodHandle$Holder.invokeStatic(java.lang.Object, java.lang.Object, int)'> (0x00007fa909adc698) 
thrown [src/hotspot/share/interpreter/linkResolver.cpp, line 766]
Event: 3.824 Thread 0x00007fb91c018000 Exception <a 'java/lang/NoSuchMethodError'{0x00007fa909bb3870}: 'void java.lang.invoke.DirectMethodHandle$Holder.invokeInterface(java.lang.Object, java.lang.Object, int)'> (0x00007fa909bb3870) 
thrown [src/hotspot/share/interpreter/linkResolver.cpp, line 766]
Event: 3.825 Thread 0x00007fb91c018000 Exception <a 'java/lang/IncompatibleClassChangeError'{0x00007fa909bb7338}: Found class java.lang.Object, but interface was expected> (0x00007fa909bb7338) 
thrown [src/hotspot/share/interpreter/linkResolver.cpp, line 833]
Event: 5.799 Thread 0x00007fb91c018000 Exception <a 'java/lang/IncompatibleClassChangeError'{0x00007fa91d1f2ee0}: Found class java.lang.Object, but interface was expected> (0x00007fa91d1f2ee0) 
thrown [src/hotspot/share/interpreter/linkResolver.cpp, line 833]
Event: 9.178 Thread 0x00007fb91c018000 Exception <a 'java/lang/ArrayIndexOutOfBoundsException'{0x00007fa9046000a0}> (0x00007fa9046000a0) 
thrown [src/hotspot/share/runtime/sharedRuntime.cpp, line 585]

Events (20 events):
Event: 5.897 loading class ch/idsia/crema/model/math/FactorOperation done
Event: 5.901 loading class ch/idsia/crema/inference/ve/FactorQueue
Event: 5.901 loading class ch/idsia/crema/inference/ve/FactorQueue done
Event: 5.905 loading class java/util/LinkedList$ListItr
Event: 5.906 loading class java/util/LinkedList$ListItr done
Event: 5.907 loading class ch/idsia/crema/factor/FactorUtil
Event: 5.907 loading class ch/idsia/crema/factor/FactorUtil done
Event: 5.910 loading class ch/idsia/crema/model/vertex/Marginal
Event: 5.910 loading class ch/idsia/crema/model/vertex/Marginal done
Event: 5.912 Executing VM operation: Deoptimize
Event: 5.914 Executing VM operation: Deoptimize done
Event: 6.014 Executing VM operation: GenCollectForAllocation
Event: 6.065 Executing VM operation: GenCollectForAllocation done
Event: 9.950 Executing VM operation: GenCollectForAllocation
Event: 9.958 Executing VM operation: GenCollectForAllocation done
Event: 10.451 Executing VM operation: GenCollectForAllocation
Event: 10.502 Executing VM operation: GenCollectForAllocation done
Event: 10.919 Executing VM operation: GenCollectForAllocation
Event: 11.433 Executing VM operation: GenCollectForAllocation done
Event: 11.866 Executing VM operation: GenCollectForAllocation


Dynamic libraries:
55b5c7970000-55b5c7971000 r--p 00000000 07:00 4860                       /usr/lib/jvm/java-13-openjdk-amd64/bin/java
55b5c7971000-55b5c7972000 r-xp 00001000 07:00 4860                       /usr/lib/jvm/java-13-openjdk-amd64/bin/java
55b5c7972000-55b5c7973000 r--p 00002000 07:00 4860                       /usr/lib/jvm/java-13-openjdk-amd64/bin/java
55b5c7973000-55b5c7974000 r--p 00002000 07:00 4860                       /usr/lib/jvm/java-13-openjdk-amd64/bin/java
55b5c7974000-55b5c7975000 rw-p 00003000 07:00 4860                       /usr/lib/jvm/java-13-openjdk-amd64/bin/java
55b5c85f9000-55b5c861a000 rw-p 00000000 00:00 0                          [heap]
7fa8c8000000-7fa8c8021000 rw-p 00000000 00:00 0 
7fa8c8021000-7fa8cc000000 ---p 00000000 00:00 0 
7fa8d0000000-7fa8d0021000 rw-p 00000000 00:00 0 
7fa8d0021000-7fa8d4000000 ---p 00000000 00:00 0 
7fa8d4000000-7fa8d4021000 rw-p 00000000 00:00 0 
7fa8d4021000-7fa8d8000000 ---p 00000000 00:00 0 
7fa8d8000000-7fa8d906f000 rw-p 00000000 00:00 0 
7fa8d906f000-7fa8dc000000 ---p 00000000 00:00 0 
7fa8dc000000-7fa8dc7cd000 rw-p 00000000 00:00 0 
7fa8dc7cd000-7fa8e0000000 ---p 00000000 00:00 0 
7fa8e0000000-7fa8e0021000 rw-p 00000000 00:00 0 
7fa8e0021000-7fa8e4000000 ---p 00000000 00:00 0 
7fa8e4000000-7fa8e4021000 rw-p 00000000 00:00 0 
7fa8e4021000-7fa8e8000000 ---p 00000000 00:00 0 
7fa8e8000000-7fa8e8021000 rw-p 00000000 00:00 0 
7fa8e8021000-7fa8ec000000 ---p 00000000 00:00 0 
7fa8ec000000-7fa8ec021000 rw-p 00000000 00:00 0 
7fa8ec021000-7fa8f0000000 ---p 00000000 00:00 0 
7fa8f0000000-7fa8f002b000 rw-p 00000000 00:00 0 
7fa8f002b000-7fa8f4000000 ---p 00000000 00:00 0 
7fa8f70a9000-7fa8f7b54000 rw-p 00000000 00:00 0 
7fa8f7b54000-7fa8fc5ff000 ---p 00000000 00:00 0 
7fa8fc5ff000-7fa8fcb55000 rw-p 00000000 00:00 0 
7fa8fcb55000-7fa8ff0a9000 ---p 00000000 00:00 0 
7fa8ff0a9000-7fa8ffb55000 rw-p 00000000 00:00 0 
7fa8ffb55000-7fa9045ff000 ---p 00000000 00:00 0 
7fa9045ff000-7fa9af0c0000 rw-p 00000000 00:00 0 
7fa9af0c0000-7fae59b50000 ---p 00000000 00:00 0 
7fae59b50000-7fafaf0b1000 rw-p 00000000 00:00 0 
7fb1af0b2000-7fb904600000 ---p 00000000 00:00 0 
7fb90478a000-7fb9049fa000 rwxp 00000000 00:00 0 
7fb9049fa000-7fb904d19000 ---p 00000000 00:00 0 
7fb904d19000-7fb9052c9000 rwxp 00000000 00:00 0 
7fb9052c9000-7fb90c251000 ---p 00000000 00:00 0 
7fb90c251000-7fb90c4c1000 rwxp 00000000 00:00 0 
7fb90c4c1000-7fb91378a000 ---p 00000000 00:00 0 
7fb91378a000-7fb91c000000 r--s 00000000 07:00 5215                       /usr/lib/jvm/java-13-openjdk-amd64/lib/modules
7fb91c000000-7fb91c678000 rw-p 00000000 00:00 0 
7fb91c678000-7fb920000000 ---p 00000000 00:00 0 
7fb9202ea000-7fb92042a000 rw-p 00000000 00:00 0 
7fb92042a000-7fb9204ea000 ---p 00000000 00:00 0 
7fb9204ea000-7fb9206ea000 rw-p 00000000 00:00 0 
7fb920728000-7fb920928000 rw-p 00000000 00:00 0 
7fb920928000-7fb920b28000 rw-p 00000000 00:00 0 
7fb920b28000-7fb920ec8000 rw-p 00000000 00:00 0 
7fb920ec8000-7fb9210c8000 rw-p 00000000 00:00 0 
7fb9210c8000-7fb9212c8000 rw-p 00000000 00:00 0 
7fb9212c8000-7fb9214c8000 rw-p 00000000 00:00 0 
7fb9214c8000-7fb9214f9000 rw-p 00000000 00:00 0 
7fb9214f9000-7fb9214fd000 r--p 00000000 07:00 5204                       /usr/lib/jvm/java-13-openjdk-amd64/lib/libnet.so
7fb9214fd000-7fb92150b000 r-xp 00004000 07:00 5204                       /usr/lib/jvm/java-13-openjdk-amd64/lib/libnet.so
7fb92150b000-7fb92150f000 r--p 00012000 07:00 5204                       /usr/lib/jvm/java-13-openjdk-amd64/lib/libnet.so
7fb92150f000-7fb921510000 r--p 00015000 07:00 5204                       /usr/lib/jvm/java-13-openjdk-amd64/lib/libnet.so
7fb921510000-7fb921511000 rw-p 00016000 07:00 5204                       /usr/lib/jvm/java-13-openjdk-amd64/lib/libnet.so
7fb921511000-7fb921518000 r--p 00000000 07:00 5205                       /usr/lib/jvm/java-13-openjdk-amd64/lib/libnio.so
7fb921518000-7fb921521000 r-xp 00007000 07:00 5205                       /usr/lib/jvm/java-13-openjdk-amd64/lib/libnio.so
7fb921521000-7fb921525000 r--p 00010000 07:00 5205                       /usr/lib/jvm/java-13-openjdk-amd64/lib/libnio.so
7fb921525000-7fb921526000 r--p 00013000 07:00 5205                       /usr/lib/jvm/java-13-openjdk-amd64/lib/libnio.so
7fb921526000-7fb921527000 rw-p 00014000 07:00 5205                       /usr/lib/jvm/java-13-openjdk-amd64/lib/libnio.so
7fb921527000-7fb921528000 ---p 00000000 00:00 0 
7fb921528000-7fb921629000 rw-p 00000000 00:00 0 
7fb921629000-7fb92162d000 ---p 00000000 00:00 0 
7fb92162d000-7fb92172a000 rw-p 00000000 00:00 0 
7fb92172a000-7fb92172e000 ---p 00000000 00:00 0 
7fb92172e000-7fb92182b000 rw-p 00000000 00:00 0 
7fb92182b000-7fb92182f000 ---p 00000000 00:00 0 
7fb92182f000-7fb92192c000 rw-p 00000000 00:00 0 
7fb92192c000-7fb921930000 ---p 00000000 00:00 0 
7fb921930000-7fb921a2d000 rw-p 00000000 00:00 0 
7fb921a2d000-7fb921a31000 ---p 00000000 00:00 0 
7fb921a31000-7fb921b2e000 rw-p 00000000 00:00 0 
7fb921b2e000-7fb921b32000 ---p 00000000 00:00 0 
7fb921b32000-7fb921c2f000 rw-p 00000000 00:00 0 
7fb921c2f000-7fb921c36000 r--s 00000000 07:00 8532                       /usr/lib/x86_64-linux-gnu/gconv/gconv-modules.cache
7fb921c36000-7fb921c68000 r--p 00000000 07:00 5276                       /usr/lib/locale/C.UTF-8/LC_CTYPE
7fb921c68000-7fb921c6c000 ---p 00000000 00:00 0 
7fb921c6c000-7fb921d69000 rw-p 00000000 00:00 0 
7fb921d69000-7fb921d6d000 ---p 00000000 00:00 0 
7fb921d6d000-7fb921e6a000 rw-p 00000000 00:00 0 
7fb921e6a000-7fb921e6b000 ---p 00000000 00:00 0 
7fb921e6b000-7fb922889000 rw-p 00000000 00:00 0 
7fb922889000-7fb92288e000 rw-p 00000000 00:00 0 
7fb92288e000-7fb922974000 ---p 00000000 00:00 0 
7fb922974000-7fb922980000 rw-p 00000000 00:00 0 
7fb922980000-7fb922a5f000 ---p 00000000 00:00 0 
7fb922a5f000-7fb922a64000 rw-p 00000000 00:00 0 
7fb922a64000-7fb922a6b000 ---p 00000000 00:00 0 
7fb922a6b000-7fb922a6d000 r--p 00000000 07:00 5214                       /usr/lib/jvm/java-13-openjdk-amd64/lib/libzip.so
7fb922a6d000-7fb922a71000 r-xp 00002000 07:00 5214                       /usr/lib/jvm/java-13-openjdk-amd64/lib/libzip.so
7fb922a71000-7fb922a73000 r--p 00006000 07:00 5214                       /usr/lib/jvm/java-13-openjdk-amd64/lib/libzip.so
7fb922a73000-7fb922a74000 r--p 00007000 07:00 5214                       /usr/lib/jvm/java-13-openjdk-amd64/lib/libzip.so
7fb922a74000-7fb922a75000 rw-p 00008000 07:00 5214                       /usr/lib/jvm/java-13-openjdk-amd64/lib/libzip.so
7fb922a75000-7fb922a7d000 rw-s 00000000 08:03 100675998                  /tmp/hsperfdata_rcabanas/7811
7fb922a7d000-7fb922a80000 r--p 00000000 07:00 9108                       /usr/lib/x86_64-linux-gnu/libnss_files-2.31.so
7fb922a80000-7fb922a87000 r-xp 00003000 07:00 9108                       /usr/lib/x86_64-linux-gnu/libnss_files-2.31.so
7fb922a87000-7fb922a89000 r--p 0000a000 07:00 9108                       /usr/lib/x86_64-linux-gnu/libnss_files-2.31.so
7fb922a89000-7fb922a8a000 r--p 0000b000 07:00 9108                       /usr/lib/x86_64-linux-gnu/libnss_files-2.31.so
7fb922a8a000-7fb922a8b000 rw-p 0000c000 07:00 9108                       /usr/lib/x86_64-linux-gnu/libnss_files-2.31.so
7fb922a8b000-7fb922a91000 rw-p 00000000 00:00 0 
7fb922a97000-7fb922a99000 r--p 00000000 07:00 5195                       /usr/lib/jvm/java-13-openjdk-amd64/lib/libjimage.so
7fb922a99000-7fb922a9c000 r-xp 00002000 07:00 5195                       /usr/lib/jvm/java-13-openjdk-amd64/lib/libjimage.so
7fb922a9c000-7fb922a9d000 r--p 00005000 07:00 5195                       /usr/lib/jvm/java-13-openjdk-amd64/lib/libjimage.so
7fb922a9d000-7fb922a9e000 ---p 00006000 07:00 5195                       /usr/lib/jvm/java-13-openjdk-amd64/lib/libjimage.so
7fb922a9e000-7fb922a9f000 r--p 00006000 07:00 5195                       /usr/lib/jvm/java-13-openjdk-amd64/lib/libjimage.so
7fb922a9f000-7fb922aa0000 rw-p 00007000 07:00 5195                       /usr/lib/jvm/java-13-openjdk-amd64/lib/libjimage.so
7fb922aa0000-7fb922aad000 r--p 00000000 07:00 5191                       /usr/lib/jvm/java-13-openjdk-amd64/lib/libjava.so
7fb922aad000-7fb922ac2000 r-xp 0000d000 07:00 5191                       /usr/lib/jvm/java-13-openjdk-amd64/lib/libjava.so
7fb922ac2000-7fb922ac8000 r--p 00022000 07:00 5191                       /usr/lib/jvm/java-13-openjdk-amd64/lib/libjava.so
7fb922ac8000-7fb922ac9000 ---p 00028000 07:00 5191                       /usr/lib/jvm/java-13-openjdk-amd64/lib/libjava.so
7fb922ac9000-7fb922aca000 r--p 00028000 07:00 5191                       /usr/lib/jvm/java-13-openjdk-amd64/lib/libjava.so
7fb922aca000-7fb922acc000 rw-p 00029000 07:00 5191                       /usr/lib/jvm/java-13-openjdk-amd64/lib/libjava.so
7fb922acc000-7fb922ad1000 r--p 00000000 07:00 5213                       /usr/lib/jvm/java-13-openjdk-amd64/lib/libverify.so
7fb922ad1000-7fb922ad8000 r-xp 00005000 07:00 5213                       /usr/lib/jvm/java-13-openjdk-amd64/lib/libverify.so
7fb922ad8000-7fb922ada000 r--p 0000c000 07:00 5213                       /usr/lib/jvm/java-13-openjdk-amd64/lib/libverify.so
7fb922ada000-7fb922adb000 ---p 0000e000 07:00 5213                       /usr/lib/jvm/java-13-openjdk-amd64/lib/libverify.so
7fb922adb000-7fb922add000 r--p 0000e000 07:00 5213                       /usr/lib/jvm/java-13-openjdk-amd64/lib/libverify.so
7fb922add000-7fb922ade000 rw-p 00010000 07:00 5213                       /usr/lib/jvm/java-13-openjdk-amd64/lib/libverify.so
7fb922ade000-7fb922ae2000 ---p 00000000 00:00 0 
7fb922ae2000-7fb922bdf000 rw-p 00000000 00:00 0 
7fb922bdf000-7fb922be2000 r--p 00000000 07:00 8948                       /usr/lib/x86_64-linux-gnu/libgcc_s.so.1
7fb922be2000-7fb922bf4000 r-xp 00003000 07:00 8948                       /usr/lib/x86_64-linux-gnu/libgcc_s.so.1
7fb922bf4000-7fb922bf8000 r--p 00015000 07:00 8948                       /usr/lib/x86_64-linux-gnu/libgcc_s.so.1
7fb922bf8000-7fb922bf9000 r--p 00018000 07:00 8948                       /usr/lib/x86_64-linux-gnu/libgcc_s.so.1
7fb922bf9000-7fb922bfa000 rw-p 00019000 07:00 8948                       /usr/lib/x86_64-linux-gnu/libgcc_s.so.1
7fb922bfa000-7fb922c07000 r--p 00000000 07:00 9062                       /usr/lib/x86_64-linux-gnu/libm-2.31.so
7fb922c07000-7fb922cae000 r-xp 0000d000 07:00 9062                       /usr/lib/x86_64-linux-gnu/libm-2.31.so
7fb922cae000-7fb922d47000 r--p 000b4000 07:00 9062                       /usr/lib/x86_64-linux-gnu/libm-2.31.so
7fb922d47000-7fb922d48000 r--p 0014c000 07:00 9062                       /usr/lib/x86_64-linux-gnu/libm-2.31.so
7fb922d48000-7fb922d49000 rw-p 0014d000 07:00 9062                       /usr/lib/x86_64-linux-gnu/libm-2.31.so
7fb922d49000-7fb922ddf000 r--p 00000000 07:00 9213                       /usr/lib/x86_64-linux-gnu/libstdc++.so.6.0.28
7fb922ddf000-7fb922ed0000 r-xp 00096000 07:00 9213                       /usr/lib/x86_64-linux-gnu/libstdc++.so.6.0.28
7fb922ed0000-7fb922f19000 r--p 00187000 07:00 9213                       /usr/lib/x86_64-linux-gnu/libstdc++.so.6.0.28
7fb922f19000-7fb922f1a000 ---p 001d0000 07:00 9213                       /usr/lib/x86_64-linux-gnu/libstdc++.so.6.0.28
7fb922f1a000-7fb922f25000 r--p 001d0000 07:00 9213                       /usr/lib/x86_64-linux-gnu/libstdc++.so.6.0.28
7fb922f25000-7fb922f28000 rw-p 001db000 07:00 9213                       /usr/lib/x86_64-linux-gnu/libstdc++.so.6.0.28
7fb922f28000-7fb922f2b000 rw-p 00000000 00:00 0 
7fb922f2b000-7fb9231b1000 r--p 00000000 07:00 5226                       /usr/lib/jvm/java-13-openjdk-amd64/lib/server/libjvm.so
7fb9231b1000-7fb923f2e000 r-xp 00286000 07:00 5226                       /usr/lib/jvm/java-13-openjdk-amd64/lib/server/libjvm.so
7fb923f2e000-7fb9241a9000 r--p 01003000 07:00 5226                       /usr/lib/jvm/java-13-openjdk-amd64/lib/server/libjvm.so
7fb9241a9000-7fb92426e000 r--p 0127d000 07:00 5226                       /usr/lib/jvm/java-13-openjdk-amd64/lib/server/libjvm.so
7fb92426e000-7fb9242a9000 rw-p 01342000 07:00 5226                       /usr/lib/jvm/java-13-openjdk-amd64/lib/server/libjvm.so
7fb9242a9000-7fb92432f000 rw-p 00000000 00:00 0 
7fb92432f000-7fb924335000 r--p 00000000 07:00 9166                       /usr/lib/x86_64-linux-gnu/libpthread-2.31.so
7fb924335000-7fb924346000 r-xp 00006000 07:00 9166                       /usr/lib/x86_64-linux-gnu/libpthread-2.31.so
7fb924346000-7fb92434c000 r--p 00017000 07:00 9166                       /usr/lib/x86_64-linux-gnu/libpthread-2.31.so
7fb92434c000-7fb92434d000 r--p 0001c000 07:00 9166                       /usr/lib/x86_64-linux-gnu/libpthread-2.31.so
7fb92434d000-7fb92434e000 rw-p 0001d000 07:00 9166                       /usr/lib/x86_64-linux-gnu/libpthread-2.31.so
7fb92434e000-7fb924352000 rw-p 00000000 00:00 0 
7fb924352000-7fb924353000 r--p 00000000 07:00 8893                       /usr/lib/x86_64-linux-gnu/libdl-2.31.so
7fb924353000-7fb924355000 r-xp 00001000 07:00 8893                       /usr/lib/x86_64-linux-gnu/libdl-2.31.so
7fb924355000-7fb924356000 r--p 00003000 07:00 8893                       /usr/lib/x86_64-linux-gnu/libdl-2.31.so
7fb924356000-7fb924357000 r--p 00003000 07:00 8893                       /usr/lib/x86_64-linux-gnu/libdl-2.31.so
7fb924357000-7fb924358000 rw-p 00004000 07:00 8893                       /usr/lib/x86_64-linux-gnu/libdl-2.31.so
7fb924358000-7fb92435a000 r--p 00000000 07:00 9290                       /usr/lib/x86_64-linux-gnu/libz.so.1.2.11
7fb92435a000-7fb92436b000 r-xp 00002000 07:00 9290                       /usr/lib/x86_64-linux-gnu/libz.so.1.2.11
7fb92436b000-7fb924371000 r--p 00013000 07:00 9290                       /usr/lib/x86_64-linux-gnu/libz.so.1.2.11
7fb924371000-7fb924372000 ---p 00019000 07:00 9290                       /usr/lib/x86_64-linux-gnu/libz.so.1.2.11
7fb924372000-7fb924373000 r--p 00019000 07:00 9290                       /usr/lib/x86_64-linux-gnu/libz.so.1.2.11
7fb924373000-7fb924374000 rw-p 0001a000 07:00 9290                       /usr/lib/x86_64-linux-gnu/libz.so.1.2.11
7fb924374000-7fb924396000 r--p 00000000 07:00 8851                       /usr/lib/x86_64-linux-gnu/libc-2.31.so
7fb924396000-7fb92450e000 r-xp 00022000 07:00 8851                       /usr/lib/x86_64-linux-gnu/libc-2.31.so
7fb92450e000-7fb92455c000 r--p 0019a000 07:00 8851                       /usr/lib/x86_64-linux-gnu/libc-2.31.so
7fb92455c000-7fb924560000 r--p 001e7000 07:00 8851                       /usr/lib/x86_64-linux-gnu/libc-2.31.so
7fb924560000-7fb924562000 rw-p 001eb000 07:00 8851                       /usr/lib/x86_64-linux-gnu/libc-2.31.so
7fb924562000-7fb924566000 rw-p 00000000 00:00 0 
7fb924568000-7fb92456a000 r--s 0000c000 07:00 20930                      /usr/share/java/java-atk-wrapper.jar
7fb92456a000-7fb92456b000 ---p 00000000 00:00 0 
7fb92456b000-7fb92456c000 r--p 00000000 00:00 0 
7fb92456c000-7fb92456f000 r--p 00000000 07:00 5196                       /usr/lib/jvm/java-13-openjdk-amd64/lib/libjli.so
7fb92456f000-7fb924579000 r-xp 00003000 07:00 5196                       /usr/lib/jvm/java-13-openjdk-amd64/lib/libjli.so
7fb924579000-7fb92457c000 r--p 0000d000 07:00 5196                       /usr/lib/jvm/java-13-openjdk-amd64/lib/libjli.so
7fb92457c000-7fb92457d000 r--p 0000f000 07:00 5196                       /usr/lib/jvm/java-13-openjdk-amd64/lib/libjli.so
7fb92457d000-7fb92457e000 rw-p 00010000 07:00 5196                       /usr/lib/jvm/java-13-openjdk-amd64/lib/libjli.so
7fb92457e000-7fb924580000 rw-p 00000000 00:00 0 
7fb924580000-7fb924581000 r--p 00000000 07:00 8572                       /usr/lib/x86_64-linux-gnu/ld-2.31.so
7fb924581000-7fb9245a4000 r-xp 00001000 07:00 8572                       /usr/lib/x86_64-linux-gnu/ld-2.31.so
7fb9245a4000-7fb9245ac000 r--p 00024000 07:00 8572                       /usr/lib/x86_64-linux-gnu/ld-2.31.so
7fb9245ac000-7fb9245ad000 ---p 00000000 00:00 0 
7fb9245ad000-7fb9245ae000 r--p 0002c000 07:00 8572                       /usr/lib/x86_64-linux-gnu/ld-2.31.so
7fb9245ae000-7fb9245af000 rw-p 0002d000 07:00 8572                       /usr/lib/x86_64-linux-gnu/ld-2.31.so
7fb9245af000-7fb9245b0000 rw-p 00000000 00:00 0 
7fff459a6000-7fff459c7000 rw-p 00000000 00:00 0                          [stack]
7fff459da000-7fff459dc000 r-xp 00000000 00:00 0                          [vdso]
ffffffffff600000-ffffffffff601000 r-xp 00000000 00:00 0                  [vsyscall]


VM Arguments:
jvm_args: -Xmx64g --add-modules=ALL-DEFAULT 
java_command: jdk.compiler/com.sun.tools.javac.launcher.Main /mnt/beegfs/rcabanas/dev/credici/papers/journalEM/code/GenerateModel.java -n 14 -d 1000 -di 0.5 -mr 0.98 -r 1.0 --seed 90 --output /mnt/beegfs/rcabanas/dev/credici/papers/journalEM/models/synthetic/s2/ --debug
java_class_path (initial): /mnt/beegfs/rcabanas/dev/credici/target/credici-0.1.3-jar-with-dependencies.jar
Launcher Type: SUN_STANDARD

[Global flags]
     intx CICompilerCount                          = 2                                         {product} {ergonomic}
   size_t InitialHeapSize                          = 2147483648                                {product} {ergonomic}
   size_t MaxHeapSize                              = 68719476736                               {product} {command line}
   size_t MaxNewSize                               = 22906470400                               {product} {ergonomic}
   size_t MinHeapDeltaBytes                        = 196608                                    {product} {ergonomic}
   size_t MinHeapSize                              = 8388608                                   {product} {ergonomic}
   size_t NewSize                                  = 715784192                                 {product} {ergonomic}
    uintx NonNMethodCodeHeapSize                   = 5826188                                {pd product} {ergonomic}
    uintx NonProfiledCodeHeapSize                  = 122916026                              {pd product} {ergonomic}
   size_t OldSize                                  = 1431699456                                {product} {ergonomic}
    uintx ProfiledCodeHeapSize                     = 122916026                              {pd product} {ergonomic}
    uintx ReservedCodeCacheSize                    = 251658240                              {pd product} {ergonomic}
     bool SegmentedCodeCache                       = true                                      {product} {ergonomic}
   size_t SoftMaxHeapSize                          = 68719476736                            {manageable} {ergonomic}
     bool UseSerialGC                              = true                                      {product} {ergonomic}

Logging:
Log output configuration:
 #0: stdout all=warning uptime,level,tags
 #1: stderr all=off uptime,level,tags

Environment Variables:
PATH=/usr/local/sbin:/usr/local/bin:/usr/sbin:/usr/bin:/sbin:/bin
LD_LIBRARY_PATH=/.singularity.d/libs

Signal Handlers:
SIGSEGV: [libjvm.so+0xf8fcf0], sa_mask[0]=11111111011111111101111111111110, sa_flags=SA_RESTART|SA_SIGINFO
SIGBUS: [libjvm.so+0xf8fcf0], sa_mask[0]=11111111011111111101111111111110, sa_flags=SA_RESTART|SA_SIGINFO
SIGFPE: [libjvm.so+0xf8fcf0], sa_mask[0]=11111111011111111101111111111110, sa_flags=SA_RESTART|SA_SIGINFO
SIGPIPE: [libjvm.so+0xc3ffa0], sa_mask[0]=11111111011111111101111111111110, sa_flags=SA_RESTART|SA_SIGINFO
SIGXFSZ: [libjvm.so+0xc3ffa0], sa_mask[0]=11111111011111111101111111111110, sa_flags=SA_RESTART|SA_SIGINFO
SIGILL: [libjvm.so+0xf8fcf0], sa_mask[0]=11111111011111111101111111111110, sa_flags=SA_RESTART|SA_SIGINFO
SIGUSR2: [libjvm.so+0xc3fe40], sa_mask[0]=00000000000000000000000000000000, sa_flags=SA_RESTART|SA_SIGINFO
SIGHUP: [libjvm.so+0xc40580], sa_mask[0]=11111111011111111101111111111110, sa_flags=SA_RESTART|SA_SIGINFO
SIGINT: [libjvm.so+0xc40580], sa_mask[0]=11111111011111111101111111111110, sa_flags=SA_RESTART|SA_SIGINFO
SIGTERM: [libjvm.so+0xc40580], sa_mask[0]=11111111011111111101111111111110, sa_flags=SA_RESTART|SA_SIGINFO
SIGQUIT: [libjvm.so+0xc40580], sa_mask[0]=11111111011111111101111111111110, sa_flags=SA_RESTART|SA_SIGINFO


---------------  S Y S T E M  ---------------

OS:DISTRIB_ID=Ubuntu
DISTRIB_RELEASE=20.04
DISTRIB_CODENAME=focal
DISTRIB_DESCRIPTION="Ubuntu 20.04.4 LTS"
uname:Linux 3.10.0-1160.15.2.el7.x86_64 #1 SMP Wed Feb 3 15:06:38 UTC 2021 x86_64
OS uptime: 474 days 3:06 hours
libc:glibc 2.31 NPTL 2.31 
rlimit (soft/hard): STACK 8192k/infinity , CORE 0k/infinity , NPROC 4096/1030217 , NOFILE 131072/131072 , AS infinity/infinity , CPU infinity/infinity , DATA infinity/infinity , FSIZE infinity/infinity , MEMLOCK infinity/infinity
load average:23.33 13.73 5.69

/proc/meminfo:
MemTotal:       263895368 kB
MemFree:         6049552 kB
MemAvailable:    6039660 kB
Buffers:          184956 kB
Cached:           527164 kB
SwapCached:       489460 kB
Active:         242432240 kB
Inactive:        6141592 kB
Active(anon):   242180696 kB
Inactive(anon):  5714724 kB
Active(file):     251544 kB
Inactive(file):   426868 kB
Unevictable:       13228 kB
Mlocked:           13228 kB
SwapTotal:       4194300 kB
SwapFree:         364464 kB
Dirty:               404 kB
Writeback:             0 kB
AnonPages:      246473564 kB
Mapped:           206384 kB
Shmem:             23172 kB
Slab:             710748 kB
SReclaimable:     173028 kB
SUnreclaim:       537720 kB
KernelStack:       24304 kB
PageTables:       511136 kB
NFS_Unstable:          0 kB
Bounce:                0 kB
WritebackTmp:          0 kB
CommitLimit:    136141984 kB
Committed_AS:   282468560 kB
VmallocTotal:   34359738367 kB
VmallocUsed:      860048 kB
VmallocChunk:   34222458828 kB
Percpu:            21248 kB
HardwareCorrupted:     0 kB
AnonHugePages:  92858368 kB
CmaTotal:              0 kB
CmaFree:               0 kB
HugePages_Total:       0
HugePages_Free:        0
HugePages_Rsvd:        0
HugePages_Surp:        0
Hugepagesize:       2048 kB
DirectMap4k:      650856 kB
DirectMap2M:    19134464 kB
DirectMap1G:    248512512 kB

/sys/kernel/mm/transparent_hugepage/enabled:
[always] madvise never

/sys/kernel/mm/transparent_hugepage/defrag (defrag/compaction efforts parameter):
[always] madvise never


/proc/sys/kernel/threads-max (system-wide limit on the number of threads):
2060435


/proc/sys/vm/max_map_count (maximum number of memory map areas a process may have):
65530


/proc/sys/kernel/pid_max (system-wide limit on number of process identifiers):
65536



Steal ticks since vm start: 0
Steal ticks percentage since vm start:  0.000

CPU:total 64 (initial active 1) (32 cores per cpu, 1 threads per core) family 23 model 49 stepping 0, cmov, cx8, fxsr, mmx, sse, sse2, sse3, ssse3, sse4.1, sse4.2, popcnt, avx, avx2, aes, clmul, mmxext, 3dnowpref, lzcnt, sse4a, tsc, tscinvbit, tscinv, bmi1, bmi2, adx, sha, fma
CPU Model and flags from /proc/cpuinfo:
model name	: AMD EPYC 7542 32-Core Processor
flags		: fpu vme de pse tsc msr pae mce cx8 apic sep mtrr pge mca cmov pat pse36 clflush mmx fxsr sse sse2 ht syscall nx mmxext fxsr_opt pdpe1gb rdtscp lm constant_tsc art rep_good nopl nonstop_tsc extd_apicid aperfmperf eagerfpu pni pclmulqdq monitor ssse3 fma cx16 sse4_1 sse4_2 movbe popcnt aes xsave avx f16c rdrand lahf_lm cmp_legacy svm extapic cr8_legacy abm sse4a misalignsse 3dnowprefetch osvw ibs skinit wdt tce topoext perfctr_core perfctr_nb bpext perfctr_l2 cpb cat_l3 cdp_l3 hw_pstate sme retpoline_amd ssbd ibrs ibpb stibp vmmcall fsgsbase bmi1 avx2 smep bmi2 cqm rdt_a rdseed adx smap clflushopt clwb sha_ni xsaveopt xsavec xgetbv1 cqm_llc cqm_occup_llc cqm_mbm_total cqm_mbm_local clzero irperf xsaveerptr arat npt lbrv svm_lock nrip_save tsc_scale vmcb_clean flushbyasid decodeassists pausefilter pfthreshold avic v_vmsave_vmload vgif umip overflow_recov succor smca
Online cpus:0-63
Offline cpus:
BIOS frequency limitation:2900000
Frequency switch latency (ns):0
Available cpu frequencies:2900000 2400000 1500000 
Current governor:conservative
Core performance/turbo boost:1

Memory: 4k page, physical 263895368k(6042112k free), swap 4194300k(364464k free)

vm_info: OpenJDK 64-Bit Server VM (13.0.7+5-Ubuntu-0ubuntu120.04) for linux-amd64 JRE (13.0.7+5-Ubuntu-0ubuntu120.04), built on Apr 21 2021 05:36:19 by "unknown" with gcc 9.3.0

END.
