#
# There is insufficient memory for the Java Runtime Environment to continue.
# Native memory allocation (mmap) failed to map 2524954624 bytes for committing reserved memory.
# Possible reasons:
#   The system is out of physical RAM or swap space
# Possible solutions:
#   Reduce memory load on the system
#   Increase physical memory or swap space
#   Check if swap backing store is full
#   Decrease Java heap size (-Xmx/-Xms)
#   Decrease number of Java threads
#   Decrease Java thread stack sizes (-Xss)
#   Set larger code cache with -XX:ReservedCodeCacheSize=
# This output file may be truncated or incomplete.
#
#  Out of Memory Error (os_linux.cpp:2899), pid=15398, tid=15400
#
# JRE version: OpenJDK Runtime Environment (13.0.7+5) (build 13.0.7+5-Ubuntu-0ubuntu120.04)
# Java VM: OpenJDK 64-Bit Server VM (13.0.7+5-Ubuntu-0ubuntu120.04, mixed mode, tiered, serial gc, linux-amd64)
# No core dump will be written. Core dumps have been disabled. To enable core dumping, try "ulimit -c unlimited" before starting Java again
#

---------------  S U M M A R Y ------------

Command Line: -Xmx128g --add-modules=ALL-DEFAULT jdk.compiler/com.sun.tools.javac.launcher.Main /mnt/beegfs/rcabanas/dev/credici/papers/journalEM/code/LearnAndCalculatePNS.java -w -x 100 -m 500 -sc KL -th 1e-08 -a EMCC --seed 82 --output /mnt/beegfs/rcabanas/dev/credici/papers/journalEM/output/triangolo --cause 3 --effect 0 /mnt/beegfs/rcabanas/dev/credici/papers/journalEM/models/triangolo/triangolo_causal.uai

Host: AMD EPYC 7542 32-Core Processor, 64 cores, 251G, Ubuntu 20.04.4 LTS
Time: Tue Oct 18 20:06:15 2022 CEST elapsed time: 1093.852643 seconds (0d 0h 18m 13s)

---------------  T H R E A D  ---------------

Current thread (0x00007f7edc097800):  VMThread "VM Thread" [stack: 0x00007f7ee3125000,0x00007f7ee3225000] [id=15400]

Stack: [0x00007f7ee3125000,0x00007f7ee3225000],  sp=0x00007f7ee3223160,  free space=1016k
Native frames: (J=compiled Java code, A=aot compiled Java code, j=interpreted, Vv=VM code, C=native code)
V  [libjvm.so+0xf8f092]
V  [libjvm.so+0xf8fc91]
V  [libjvm.so+0x66ee5a]
V  [libjvm.so+0xc44a41]
V  [libjvm.so+0xc3b263]
V  [libjvm.so+0xf87f4b]
V  [libjvm.so+0x557506]
V  [libjvm.so+0x557723]
V  [libjvm.so+0xf18b0c]
V  [libjvm.so+0x557e65]
V  [libjvm.so+0x7e2edb]
V  [libjvm.so+0x7e39bd]
V  [libjvm.so+0x7d8b48]
V  [libjvm.so+0xf90940]
V  [libjvm.so+0xf96657]
V  [libjvm.so+0xf96d2b]
V  [libjvm.so+0xf9706a]
V  [libjvm.so+0xf2208f]
V  [libjvm.so+0xc493ff]

VM_Operation (0x00007f7ee3e95210): GenCollectForAllocation, mode: safepoint, requested by thread 0x00007f7edc018000


---------------  P R O C E S S  ---------------

Threads class SMR info:
_java_thread_list=0x00007f7edc135df0, length=9, elements={
0x00007f7edc018000, 0x00007f7edc0a3800, 0x00007f7edc0a7000, 0x00007f7edc0cb800,
0x00007f7edc0cd000, 0x00007f7edc0cf000, 0x00007f7edc0d1000, 0x00007f7edc0d3000,
0x00007f7edc134800
}

Java Threads: ( => current thread )
  0x00007f7edc018000 JavaThread "main" [_thread_blocked, id=15399, stack(0x00007f7ee3d97000,0x00007f7ee3e98000)]
  0x00007f7edc0a3800 JavaThread "Reference Handler" daemon [_thread_blocked, id=15401, stack(0x00007f7ee3022000,0x00007f7ee3123000)]
  0x00007f7edc0a7000 JavaThread "Finalizer" daemon [_thread_blocked, id=15402, stack(0x00007f7ee2f21000,0x00007f7ee3022000)]
  0x00007f7edc0cb800 JavaThread "Signal Dispatcher" daemon [_thread_blocked, id=15403, stack(0x00007f7ee2de7000,0x00007f7ee2ee8000)]
  0x00007f7edc0cd000 JavaThread "Service Thread" daemon [_thread_blocked, id=15404, stack(0x00007f7ee2ce6000,0x00007f7ee2de7000)]
  0x00007f7edc0cf000 JavaThread "C2 CompilerThread0" daemon [_thread_blocked, id=15405, stack(0x00007f7ee2be5000,0x00007f7ee2ce6000)]
  0x00007f7edc0d1000 JavaThread "C1 CompilerThread0" daemon [_thread_blocked, id=15406, stack(0x00007f7ee2ae4000,0x00007f7ee2be5000)]
  0x00007f7edc0d3000 JavaThread "Sweeper thread" daemon [_thread_blocked, id=15407, stack(0x00007f7ee29e3000,0x00007f7ee2ae4000)]
  0x00007f7edc134800 JavaThread "Common-Cleaner" daemon [_thread_blocked, id=15408, stack(0x00007f7ee28e2000,0x00007f7ee29e3000)]

Other Threads:
=>0x00007f7edc097800 VMThread "VM Thread" [stack: 0x00007f7ee3125000,0x00007f7ee3225000] [id=15400]
  0x00007f7edc181000 WatcherThread [stack: 0x00007f7ee27e2000,0x00007f7ee28e2000] [id=15409]

Threads with active compile tasks:

VM state:at safepoint (normal execution)

VM Mutex/Monitor currently owned by a thread:  ([mutex/lock_event])
[0x00007f7edc0141e0] Threads_lock - owner thread: 0x00007f7edc097800
[0x00007f7edc014de0] Heap_lock - owner thread: 0x00007f7edc018000

Heap:
 def new generation   total 1660416K, used 70904K [0x00007f5ec4600000, 0x00007f5f34fa0000, 0x00007f696f0a0000)
  eden space 1475968K,   4% used [0x00007f5ec4600000, 0x00007f5ec8b3e190, 0x00007f5f1e760000)
  from space 184448K,   0% used [0x00007f5f29b80000, 0x00007f5f29b80000, 0x00007f5f34fa0000)
  to   space 184448K,   0% used [0x00007f5f1e760000, 0x00007f5f1e760000, 0x00007f5f29b80000)
 tenured generation   total 3706036K, used 3703086K [0x00007f696f0a0000, 0x00007f6a513cd000, 0x00007f7ec4600000)
   the space 3706036K,  99% used [0x00007f696f0a0000, 0x00007f6a510ebbf0, 0x00007f6a510ebc00, 0x00007f6a513cd000)
 Metaspace       used 24273K, capacity 24635K, committed 24832K, reserved 26624K

Card table byte_map: [0x00007f5eb45ff000,0x00007f5ec4600000] _byte_map_base: 0x00007f1f04fdc000

Polling page: 0x00007f7ee5823000

Metaspace:

Usage:
   24.06 MB capacity,    23.70 MB ( 99%) used,   271.18 KB (  1%) free+waste,    90.12 KB ( <1%) overhead. 

Virtual space:
     26.00 MB reserved,      24.25 MB ( 93%) committed 

Chunk freelists:
65.00 KB

MaxMetaspaceSize: unlimited


CodeHeap 'non-profiled nmethods': size=120036Kb used=1879Kb max_used=1911Kb free=118156Kb
 bounds [0x00007f7ecc251000, 0x00007f7ecc4c1000, 0x00007f7ed378a000]
CodeHeap 'profiled nmethods': size=120032Kb used=4950Kb max_used=6635Kb free=115081Kb
 bounds [0x00007f7ec4d19000, 0x00007f7ec5399000, 0x00007f7ecc251000]
CodeHeap 'non-nmethods': size=5692Kb used=1209Kb max_used=1261Kb free=4482Kb
 bounds [0x00007f7ec478a000, 0x00007f7ec49fa000, 0x00007f7ec4d19000]
 total_blobs=3584 nmethods=3103 adapters=396
 compilation: enabled
              stopped_count=0, restarted_count=0
 full_count=0

Compilation events (20 events):
Event: 787.216 Thread 0x00007f7edc0d1000 3907       3       java.util.stream.Nodes::flatten (70 bytes)
Event: 787.216 Thread 0x00007f7edc0d1000 nmethod 3907 0x00007f7ec500cc90 code [0x00007f7ec500cec0, 0x00007f7ec500d670]
Event: 836.748 Thread 0x00007f7edc0d1000 3908       3       java.util.Arrays$ArrayList::size (6 bytes)
Event: 836.766 Thread 0x00007f7edc0d1000 nmethod 3908 0x00007f7ec4f86310 code [0x00007f7ec4f864a0, 0x00007f7ec4f865b0]
Event: 841.586 Thread 0x00007f7edc0cf000 3909       4       org.jgrapht.graph.GraphDelegator::getEdgeSource (11 bytes)
Event: 841.625 Thread 0x00007f7edc0cf000 nmethod 3909 0x00007f7ecc278310 code [0x00007f7ecc2784a0, 0x00007f7ecc278598]
Event: 841.625 Thread 0x00007f7edc0cf000 3910       4       org.jgrapht.graph.GraphDelegator::getEdgeTarget (11 bytes)
Event: 841.627 Thread 0x00007f7edc0cf000 nmethod 3910 0x00007f7ecc277e10 code [0x00007f7ecc277fa0, 0x00007f7ecc278098]
Event: 862.180 Thread 0x00007f7edc0cf000 3911       4       gnu.trove.impl.hash.TIntHash::indexRehashed (75 bytes)
Event: 862.184 Thread 0x00007f7edc0cf000 nmethod 3911 0x00007f7ecc303790 code [0x00007f7ecc303920, 0x00007f7ecc303af8]
Event: 964.614 Thread 0x00007f7edc0cf000 3912       4       com.google.common.collect.RegularImmutableSet::size (6 bytes)
Event: 964.615 Thread 0x00007f7edc0cf000 nmethod 3912 0x00007f7ecc303310 code [0x00007f7ecc303480, 0x00007f7ecc3034d8]
Event: 972.858 Thread 0x00007f7edc0cf000 3913       4       ch.idsia.crema.model.graphical.SparseDirectedAcyclicGraph$$Lambda$321/0x00007f7ee17798b0::accept (16 bytes)
Event: 972.889 Thread 0x00007f7edc0cf000 nmethod 3913 0x00007f7ecc319110 code [0x00007f7ecc3192c0, 0x00007f7ecc319608]
Event: 977.702 Thread 0x00007f7edc0cf000 3914       4       java.util.stream.Sink$ChainedInt::begin (11 bytes)
Event: 977.726 Thread 0x00007f7edc0cf000 nmethod 3914 0x00007f7ecc285810 code [0x00007f7ecc285980, 0x00007f7ecc2859f8]
Event: 1011.472 Thread 0x00007f7edc0cf000 3915       4       java.util.AbstractList$Itr::hasNext (20 bytes)
Event: 1011.475 Thread 0x00007f7edc0cf000 nmethod 3915 0x00007f7ecc285510 code [0x00007f7ecc285680, 0x00007f7ecc285718]
Event: 1064.776 Thread 0x00007f7edc0cf000 3916       4       java.util.HashMap::removeNode (291 bytes)
Event: 1064.818 Thread 0x00007f7edc0cf000 nmethod 3916 0x00007f7ecc38a010 code [0x00007f7ecc38a220, 0x00007f7ecc38b578]

GC Heap History (20 events):
Event: 1079.782 GC heap after
{Heap after GC invocations=1239 (full 5):
 def new generation   total 1660416K, used 90964K [0x00007f5ec4600000, 0x00007f5f34fa0000, 0x00007f696f0a0000)
  eden space 1475968K,   0% used [0x00007f5ec4600000, 0x00007f5ec4600000, 0x00007f5f1e760000)
  from space 184448K,  49% used [0x00007f5f1e760000, 0x00007f5f24035188, 0x00007f5f29b80000)
  to   space 184448K,   0% used [0x00007f5f29b80000, 0x00007f5f29b80000, 0x00007f5f34fa0000)
 tenured generation   total 3689648K, used 3623420K [0x00007f696f0a0000, 0x00007f6a503cc000, 0x00007f7ec4600000)
   the space 3689648K,  98% used [0x00007f696f0a0000, 0x00007f6a4c31f060, 0x00007f6a4c31f200, 0x00007f6a503cc000)
 Metaspace       used 24273K, capacity 24635K, committed 24832K, reserved 26624K
}
Event: 1081.388 GC heap before
{Heap before GC invocations=1239 (full 5):
 def new generation   total 1660416K, used 1558034K [0x00007f5ec4600000, 0x00007f5f34fa0000, 0x00007f696f0a0000)
  eden space 1475968K,  99% used [0x00007f5ec4600000, 0x00007f5f1deaf6d0, 0x00007f5f1e760000)
  from space 184448K,  49% used [0x00007f5f1e760000, 0x00007f5f24035188, 0x00007f5f29b80000)
  to   space 184448K,   0% used [0x00007f5f29b80000, 0x00007f5f29b80000, 0x00007f5f34fa0000)
 tenured generation   total 3689648K, used 3623420K [0x00007f696f0a0000, 0x00007f6a503cc000, 0x00007f7ec4600000)
   the space 3689648K,  98% used [0x00007f696f0a0000, 0x00007f6a4c31f060, 0x00007f6a4c31f200, 0x00007f6a503cc000)
 Metaspace       used 24273K, capacity 24635K, committed 24832K, reserved 26624K
}
Event: 1081.451 GC heap after
{Heap after GC invocations=1240 (full 5):
 def new generation   total 1660416K, used 99692K [0x00007f5ec4600000, 0x00007f5f34fa0000, 0x00007f696f0a0000)
  eden space 1475968K,   0% used [0x00007f5ec4600000, 0x00007f5ec4600000, 0x00007f5f1e760000)
  from space 184448K,  54% used [0x00007f5f29b80000, 0x00007f5f2fcdb1c8, 0x00007f5f34fa0000)
  to   space 184448K,   0% used [0x00007f5f1e760000, 0x00007f5f1e760000, 0x00007f5f29b80000)
 tenured generation   total 3689648K, used 3623420K [0x00007f696f0a0000, 0x00007f6a503cc000, 0x00007f7ec4600000)
   the space 3689648K,  98% used [0x00007f696f0a0000, 0x00007f6a4c31f060, 0x00007f6a4c31f200, 0x00007f6a503cc000)
 Metaspace       used 24273K, capacity 24635K, committed 24832K, reserved 26624K
}
Event: 1082.720 GC heap before
{Heap before GC invocations=1240 (full 5):
 def new generation   total 1660416K, used 1575660K [0x00007f5ec4600000, 0x00007f5f34fa0000, 0x00007f696f0a0000)
  eden space 1475968K, 100% used [0x00007f5ec4600000, 0x00007f5f1e760000, 0x00007f5f1e760000)
  from space 184448K,  54% used [0x00007f5f29b80000, 0x00007f5f2fcdb1c8, 0x00007f5f34fa0000)
  to   space 184448K,   0% used [0x00007f5f1e760000, 0x00007f5f1e760000, 0x00007f5f29b80000)
 tenured generation   total 3689648K, used 3623420K [0x00007f696f0a0000, 0x00007f6a503cc000, 0x00007f7ec4600000)
   the space 3689648K,  98% used [0x00007f696f0a0000, 0x00007f6a4c31f060, 0x00007f6a4c31f200, 0x00007f6a503cc000)
 Metaspace       used 24273K, capacity 24635K, committed 24832K, reserved 26624K
}
Event: 1082.837 GC heap after
{Heap after GC invocations=1241 (full 5):
 def new generation   total 1660416K, used 84770K [0x00007f5ec4600000, 0x00007f5f34fa0000, 0x00007f696f0a0000)
  eden space 1475968K,   0% used [0x00007f5ec4600000, 0x00007f5ec4600000, 0x00007f5f1e760000)
  from space 184448K,  45% used [0x00007f5f1e760000, 0x00007f5f23a28b68, 0x00007f5f29b80000)
  to   space 184448K,   0% used [0x00007f5f29b80000, 0x00007f5f29b80000, 0x00007f5f34fa0000)
 tenured generation   total 3689648K, used 3640378K [0x00007f696f0a0000, 0x00007f6a503cc000, 0x00007f7ec4600000)
   the space 3689648K,  98% used [0x00007f696f0a0000, 0x00007f6a4d3aeb48, 0x00007f6a4d3aec00, 0x00007f6a503cc000)
 Metaspace       used 24273K, capacity 24635K, committed 24832K, reserved 26624K
}
Event: 1084.456 GC heap before
{Heap before GC invocations=1241 (full 5):
 def new generation   total 1660416K, used 1548724K [0x00007f5ec4600000, 0x00007f5f34fa0000, 0x00007f696f0a0000)
  eden space 1475968K,  99% used [0x00007f5ec4600000, 0x00007f5f1dba4750, 0x00007f5f1e760000)
  from space 184448K,  45% used [0x00007f5f1e760000, 0x00007f5f23a28b68, 0x00007f5f29b80000)
  to   space 184448K,   0% used [0x00007f5f29b80000, 0x00007f5f29b80000, 0x00007f5f34fa0000)
 tenured generation   total 3689648K, used 3640378K [0x00007f696f0a0000, 0x00007f6a503cc000, 0x00007f7ec4600000)
   the space 3689648K,  98% used [0x00007f696f0a0000, 0x00007f6a4d3aeb48, 0x00007f6a4d3aec00, 0x00007f6a503cc000)
 Metaspace       used 24273K, capacity 24635K, committed 24832K, reserved 26624K
}
Event: 1084.531 GC heap after
{Heap after GC invocations=1242 (full 5):
 def new generation   total 1660416K, used 110974K [0x00007f5ec4600000, 0x00007f5f34fa0000, 0x00007f696f0a0000)
  eden space 1475968K,   0% used [0x00007f5ec4600000, 0x00007f5ec4600000, 0x00007f5f1e760000)
  from space 184448K,  60% used [0x00007f5f29b80000, 0x00007f5f307df980, 0x00007f5f34fa0000)
  to   space 184448K,   0% used [0x00007f5f1e760000, 0x00007f5f1e760000, 0x00007f5f29b80000)
 tenured generation   total 3689648K, used 3640378K [0x00007f696f0a0000, 0x00007f6a503cc000, 0x00007f7ec4600000)
   the space 3689648K,  98% used [0x00007f696f0a0000, 0x00007f6a4d3aeb48, 0x00007f6a4d3aec00, 0x00007f6a503cc000)
 Metaspace       used 24273K, capacity 24635K, committed 24832K, reserved 26624K
}
Event: 1086.062 GC heap before
{Heap before GC invocations=1242 (full 5):
 def new generation   total 1660416K, used 1586942K [0x00007f5ec4600000, 0x00007f5f34fa0000, 0x00007f696f0a0000)
  eden space 1475968K, 100% used [0x00007f5ec4600000, 0x00007f5f1e760000, 0x00007f5f1e760000)
  from space 184448K,  60% used [0x00007f5f29b80000, 0x00007f5f307df980, 0x00007f5f34fa0000)
  to   space 184448K,   0% used [0x00007f5f1e760000, 0x00007f5f1e760000, 0x00007f5f29b80000)
 tenured generation   total 3689648K, used 3640378K [0x00007f696f0a0000, 0x00007f6a503cc000, 0x00007f7ec4600000)
   the space 3689648K,  98% used [0x00007f696f0a0000, 0x00007f6a4d3aeb48, 0x00007f6a4d3aec00, 0x00007f6a503cc000)
 Metaspace       used 24273K, capacity 24635K, committed 24832K, reserved 26624K
}
Event: 1086.155 GC heap after
{Heap after GC invocations=1243 (full 5):
 def new generation   total 1660416K, used 67821K [0x00007f5ec4600000, 0x00007f5f34fa0000, 0x00007f696f0a0000)
  eden space 1475968K,   0% used [0x00007f5ec4600000, 0x00007f5ec4600000, 0x00007f5f1e760000)
  from space 184448K,  36% used [0x00007f5f1e760000, 0x00007f5f2299b610, 0x00007f5f29b80000)
  to   space 184448K,   0% used [0x00007f5f29b80000, 0x00007f5f29b80000, 0x00007f5f34fa0000)
 tenured generation   total 3689648K, used 3674296K [0x00007f696f0a0000, 0x00007f6a503cc000, 0x00007f7ec4600000)
   the space 3689648K,  99% used [0x00007f696f0a0000, 0x00007f6a4f4ce118, 0x00007f6a4f4ce200, 0x00007f6a503cc000)
 Metaspace       used 24273K, capacity 24635K, committed 24832K, reserved 26624K
}
Event: 1087.412 GC heap before
{Heap before GC invocations=1243 (full 5):
 def new generation   total 1660416K, used 1543789K [0x00007f5ec4600000, 0x00007f5f34fa0000, 0x00007f696f0a0000)
  eden space 1475968K, 100% used [0x00007f5ec4600000, 0x00007f5f1e760000, 0x00007f5f1e760000)
  from space 184448K,  36% used [0x00007f5f1e760000, 0x00007f5f2299b610, 0x00007f5f29b80000)
  to   space 184448K,   0% used [0x00007f5f29b80000, 0x00007f5f29b80000, 0x00007f5f34fa0000)
 tenured generation   total 3689648K, used 3674296K [0x00007f696f0a0000, 0x00007f6a503cc000, 0x00007f7ec4600000)
   the space 3689648K,  99% used [0x00007f696f0a0000, 0x00007f6a4f4ce118, 0x00007f6a4f4ce200, 0x00007f6a503cc000)
 Metaspace       used 24273K, capacity 24635K, committed 24832K, reserved 26624K
}
Event: 1087.462 GC heap after
{Heap after GC invocations=1244 (full 5):
 def new generation   total 1660416K, used 70919K [0x00007f5ec4600000, 0x00007f5f34fa0000, 0x00007f696f0a0000)
  eden space 1475968K,   0% used [0x00007f5ec4600000, 0x00007f5ec4600000, 0x00007f5f1e760000)
  from space 184448K,  38% used [0x00007f5f29b80000, 0x00007f5f2e0c1f60, 0x00007f5f34fa0000)
  to   space 184448K,   0% used [0x00007f5f1e760000, 0x00007f5f1e760000, 0x00007f5f29b80000)
 tenured generation   total 3689648K, used 3674296K [0x00007f696f0a0000, 0x00007f6a503cc000, 0x00007f7ec4600000)
   the space 3689648K,  99% used [0x00007f696f0a0000, 0x00007f6a4f4ce118, 0x00007f6a4f4ce200, 0x00007f6a503cc000)
 Metaspace       used 24273K, capacity 24635K, committed 24832K, reserved 26624K
}
Event: 1089.093 GC heap before
{Heap before GC invocations=1244 (full 5):
 def new generation   total 1660416K, used 1543923K [0x00007f5ec4600000, 0x00007f5f34fa0000, 0x00007f696f0a0000)
  eden space 1475968K,  99% used [0x00007f5ec4600000, 0x00007f5f1e47ae68, 0x00007f5f1e760000)
  from space 184448K,  38% used [0x00007f5f29b80000, 0x00007f5f2e0c1f60, 0x00007f5f34fa0000)
  to   space 184448K,   0% used [0x00007f5f1e760000, 0x00007f5f1e760000, 0x00007f5f29b80000)
 tenured generation   total 3689648K, used 3674296K [0x00007f696f0a0000, 0x00007f6a503cc000, 0x00007f7ec4600000)
   the space 3689648K,  99% used [0x00007f696f0a0000, 0x00007f6a4f4ce118, 0x00007f6a4f4ce200, 0x00007f6a503cc000)
 Metaspace       used 24273K, capacity 24635K, committed 24832K, reserved 26624K
}
Event: 1089.151 GC heap after
{Heap after GC invocations=1245 (full 5):
 def new generation   total 1660416K, used 88919K [0x00007f5ec4600000, 0x00007f5f34fa0000, 0x00007f696f0a0000)
  eden space 1475968K,   0% used [0x00007f5ec4600000, 0x00007f5ec4600000, 0x00007f5f1e760000)
  from space 184448K,  48% used [0x00007f5f1e760000, 0x00007f5f23e35eb0, 0x00007f5f29b80000)
  to   space 184448K,   0% used [0x00007f5f29b80000, 0x00007f5f29b80000, 0x00007f5f34fa0000)
 tenured generation   total 3689648K, used 3674296K [0x00007f696f0a0000, 0x00007f6a503cc000, 0x00007f7ec4600000)
   the space 3689648K,  99% used [0x00007f696f0a0000, 0x00007f6a4f4ce118, 0x00007f6a4f4ce200, 0x00007f6a503cc000)
 Metaspace       used 24273K, capacity 24635K, committed 24832K, reserved 26624K
}
Event: 1090.437 GC heap before
{Heap before GC invocations=1245 (full 5):
 def new generation   total 1660416K, used 1564887K [0x00007f5ec4600000, 0x00007f5f34fa0000, 0x00007f696f0a0000)
  eden space 1475968K, 100% used [0x00007f5ec4600000, 0x00007f5f1e760000, 0x00007f5f1e760000)
  from space 184448K,  48% used [0x00007f5f1e760000, 0x00007f5f23e35eb0, 0x00007f5f29b80000)
  to   space 184448K,   0% used [0x00007f5f29b80000, 0x00007f5f29b80000, 0x00007f5f34fa0000)
 tenured generation   total 3689648K, used 3674296K [0x00007f696f0a0000, 0x00007f6a503cc000, 0x00007f7ec4600000)
   the space 3689648K,  99% used [0x00007f696f0a0000, 0x00007f6a4f4ce118, 0x00007f6a4f4ce200, 0x00007f6a503cc000)
 Metaspace       used 24273K, capacity 24635K, committed 24832K, reserved 26624K
}
Event: 1090.500 GC heap after
{Heap after GC invocations=1246 (full 5):
 def new generation   total 1660416K, used 84784K [0x00007f5ec4600000, 0x00007f5f34fa0000, 0x00007f696f0a0000)
  eden space 1475968K,   0% used [0x00007f5ec4600000, 0x00007f5ec4600000, 0x00007f5f1e760000)
  from space 184448K,  45% used [0x00007f5f29b80000, 0x00007f5f2ee4c0f8, 0x00007f5f34fa0000)
  to   space 184448K,   0% used [0x00007f5f1e760000, 0x00007f5f1e760000, 0x00007f5f29b80000)
 tenured generation   total 3689648K, used 3674296K [0x00007f696f0a0000, 0x00007f6a503cc000, 0x00007f7ec4600000)
   the space 3689648K,  99% used [0x00007f696f0a0000, 0x00007f6a4f4ce118, 0x00007f6a4f4ce200, 0x00007f6a503cc000)
 Metaspace       used 24273K, capacity 24635K, committed 24832K, reserved 26624K
}
Event: 1092.048 GC heap before
{Heap before GC invocations=1246 (full 5):
 def new generation   total 1660416K, used 1560752K [0x00007f5ec4600000, 0x00007f5f34fa0000, 0x00007f696f0a0000)
  eden space 1475968K, 100% used [0x00007f5ec4600000, 0x00007f5f1e760000, 0x00007f5f1e760000)
  from space 184448K,  45% used [0x00007f5f29b80000, 0x00007f5f2ee4c0f8, 0x00007f5f34fa0000)
  to   space 184448K,   0% used [0x00007f5f1e760000, 0x00007f5f1e760000, 0x00007f5f29b80000)
 tenured generation   total 3689648K, used 3674296K [0x00007f696f0a0000, 0x00007f6a503cc000, 0x00007f7ec4600000)
   the space 3689648K,  99% used [0x00007f696f0a0000, 0x00007f6a4f4ce118, 0x00007f6a4f4ce200, 0x00007f6a503cc000)
 Metaspace       used 24273K, capacity 24635K, committed 24832K, reserved 26624K
}
Event: 1092.111 GC heap after
{Heap after GC invocations=1247 (full 5):
 def new generation   total 1660416K, used 106879K [0x00007f5ec4600000, 0x00007f5f34fa0000, 0x00007f696f0a0000)
  eden space 1475968K,   0% used [0x00007f5ec4600000, 0x00007f5ec4600000, 0x00007f5f1e760000)
  from space 184448K,  57% used [0x00007f5f1e760000, 0x00007f5f24fbfdc0, 0x00007f5f29b80000)
  to   space 184448K,   0% used [0x00007f5f29b80000, 0x00007f5f29b80000, 0x00007f5f34fa0000)
 tenured generation   total 3689648K, used 3674296K [0x00007f696f0a0000, 0x00007f6a503cc000, 0x00007f7ec4600000)
   the space 3689648K,  99% used [0x00007f696f0a0000, 0x00007f6a4f4ce118, 0x00007f6a4f4ce200, 0x00007f6a503cc000)
 Metaspace       used 24273K, capacity 24635K, committed 24832K, reserved 26624K
}
Event: 1093.627 GC heap before
{Heap before GC invocations=1247 (full 5):
 def new generation   total 1660416K, used 1582847K [0x00007f5ec4600000, 0x00007f5f34fa0000, 0x00007f696f0a0000)
  eden space 1475968K, 100% used [0x00007f5ec4600000, 0x00007f5f1e760000, 0x00007f5f1e760000)
  from space 184448K,  57% used [0x00007f5f1e760000, 0x00007f5f24fbfdc0, 0x00007f5f29b80000)
  to   space 184448K,   0% used [0x00007f5f29b80000, 0x00007f5f29b80000, 0x00007f5f34fa0000)
 tenured generation   total 3689648K, used 3674296K [0x00007f696f0a0000, 0x00007f6a503cc000, 0x00007f7ec4600000)
   the space 3689648K,  99% used [0x00007f696f0a0000, 0x00007f6a4f4ce118, 0x00007f6a4f4ce200, 0x00007f6a503cc000)
 Metaspace       used 24273K, capacity 24635K, committed 24832K, reserved 26624K
}
Event: 1093.704 GC heap after
{Heap after GC invocations=1248 (full 5):
 def new generation   total 1660416K, used 82736K [0x00007f5ec4600000, 0x00007f5f34fa0000, 0x00007f696f0a0000)
  eden space 1475968K,   0% used [0x00007f5ec4600000, 0x00007f5ec4600000, 0x00007f5f1e760000)
  from space 184448K,  44% used [0x00007f5f29b80000, 0x00007f5f2ec4c180, 0x00007f5f34fa0000)
  to   space 184448K,   0% used [0x00007f5f1e760000, 0x00007f5f1e760000, 0x00007f5f29b80000)
 tenured generation   total 3706036K, used 3691255K [0x00007f696f0a0000, 0x00007f6a513cd000, 0x00007f7ec4600000)
   the space 3706036K,  99% used [0x00007f696f0a0000, 0x00007f6a5055dc00, 0x00007f6a5055dc00, 0x00007f6a513cd000)
 Metaspace       used 24273K, capacity 24635K, committed 24832K, reserved 26624K
}
Event: 1093.704 GC heap before
{Heap before GC invocations=1248 (full 5):
 def new generation   total 1660416K, used 82736K [0x00007f5ec4600000, 0x00007f5f34fa0000, 0x00007f696f0a0000)
  eden space 1475968K,   0% used [0x00007f5ec4600000, 0x00007f5ec4600000, 0x00007f5f1e760000)
  from space 184448K,  44% used [0x00007f5f29b80000, 0x00007f5f2ec4c180, 0x00007f5f34fa0000)
  to   space 184448K,   0% used [0x00007f5f1e760000, 0x00007f5f1e760000, 0x00007f5f29b80000)
 tenured generation   total 3706036K, used 3691255K [0x00007f696f0a0000, 0x00007f6a513cd000, 0x00007f7ec4600000)
   the space 3706036K,  99% used [0x00007f696f0a0000, 0x00007f6a5055dc00, 0x00007f6a5055dc00, 0x00007f6a513cd000)
 Metaspace       used 24273K, capacity 24635K, committed 24832K, reserved 26624K
}

Deoptimization events (20 events):
Event: 141.623 Thread 0x00007f7edc018000 DEOPT PACKING pc=0x00007f7ec5303ca4 sp=0x00007f7ee3e95740
Event: 141.623 Thread 0x00007f7edc018000 DEOPT UNPACKING pc=0x00007f7ec47d333a sp=0x00007f7ee3e94d68 mode 0
Event: 154.904 Thread 0x00007f7edc018000 DEOPT PACKING pc=0x00007f7ec5303ca4 sp=0x00007f7ee3e95740
Event: 154.904 Thread 0x00007f7edc018000 DEOPT UNPACKING pc=0x00007f7ec47d333a sp=0x00007f7ee3e94d68 mode 0
Event: 448.621 Thread 0x00007f7edc018000 Uncommon trap: trap_request=0xffffffc6 fr.pc=0x00007f7ecc3d9364 relative=0x0000000000000b24
Event: 448.621 Thread 0x00007f7edc018000 Uncommon trap: reason=bimorphic_or_optimized_type_check action=maybe_recompile pc=0x00007f7ecc3d9364 method=java.util.HashMap.removeNode(ILjava/lang/Object;Ljava/lang/Object;ZZ)Ljava/util/HashMap$Node; @ 68 c2
Event: 448.621 Thread 0x00007f7edc018000 DEOPT PACKING pc=0x00007f7ecc3d9364 sp=0x00007f7ee3e95420
Event: 448.621 Thread 0x00007f7edc018000 DEOPT UNPACKING pc=0x00007f7ec47d2e25 sp=0x00007f7ee3e953b8 mode 2
Event: 521.285 Thread 0x00007f7edc018000 Uncommon trap: trap_request=0xffffffc6 fr.pc=0x00007f7ecc3d9364 relative=0x0000000000000b24
Event: 521.286 Thread 0x00007f7edc018000 Uncommon trap: reason=bimorphic_or_optimized_type_check action=maybe_recompile pc=0x00007f7ecc3d9364 method=java.util.HashMap.removeNode(ILjava/lang/Object;Ljava/lang/Object;ZZ)Ljava/util/HashMap$Node; @ 68 c2
Event: 521.286 Thread 0x00007f7edc018000 DEOPT PACKING pc=0x00007f7ecc3d9364 sp=0x00007f7ee3e95420
Event: 521.286 Thread 0x00007f7edc018000 DEOPT UNPACKING pc=0x00007f7ec47d2e25 sp=0x00007f7ee3e953b8 mode 2
Event: 633.375 Thread 0x00007f7edc018000 DEOPT PACKING pc=0x00007f7ec509854a sp=0x00007f7ee3e95800
Event: 633.375 Thread 0x00007f7edc018000 DEOPT UNPACKING pc=0x00007f7ec47d333a sp=0x00007f7ee3e94cb8 mode 0
Event: 935.991 Thread 0x00007f7edc018000 DEOPT PACKING pc=0x00007f7ec507e220 sp=0x00007f7ee3e95800
Event: 935.991 Thread 0x00007f7edc018000 DEOPT UNPACKING pc=0x00007f7ec47d333a sp=0x00007f7ee3e94cb8 mode 0
Event: 1064.775 Thread 0x00007f7edc018000 Uncommon trap: trap_request=0xffffffc6 fr.pc=0x00007f7ecc3d9364 relative=0x0000000000000b24
Event: 1064.775 Thread 0x00007f7edc018000 Uncommon trap: reason=bimorphic_or_optimized_type_check action=maybe_recompile pc=0x00007f7ecc3d9364 method=java.util.HashMap.removeNode(ILjava/lang/Object;Ljava/lang/Object;ZZ)Ljava/util/HashMap$Node; @ 68 c2
Event: 1064.775 Thread 0x00007f7edc018000 DEOPT PACKING pc=0x00007f7ecc3d9364 sp=0x00007f7ee3e95420
Event: 1064.775 Thread 0x00007f7edc018000 DEOPT UNPACKING pc=0x00007f7ec47d2e25 sp=0x00007f7ee3e953b8 mode 2

Classes unloaded (0 events):
No events

Classes redefined (0 events):
No events

Internal exceptions (20 events):
Event: 1.434 Thread 0x00007f7edc018000 Exception <a 'java/lang/NoSuchMethodError'{0x00007f5ec5c41220}: 'int java.lang.invoke.DirectMethodHandle$Holder.invokeSpecial(java.lang.Object, java.lang.Object, java.lang.Object, java.lang.Object)'> (0x00007f5ec5c41220) 
thrown [src/hotspot/share/interpreter/linkResolver.cpp, line 766]
Event: 1.438 Thread 0x00007f7edc018000 Exception <a 'java/lang/NoSuchMethodError'{0x00007f5ec5c58330}: 'java.lang.Object java.lang.invoke.DirectMethodHandle$Holder.invokeVirtual(java.lang.Object, java.lang.Object, java.lang.Object, int, int)'> (0x00007f5ec5c58330) 
thrown [src/hotspot/share/interpreter/linkResolver.cpp, line 766]
Event: 1.439 Thread 0x00007f7edc018000 Exception <a 'java/lang/NoSuchMethodError'{0x00007f5ec5c606e0}: 'java.lang.Object java.lang.invoke.DirectMethodHandle$Holder.invokeVirtual(java.lang.Object, java.lang.Object, int)'> (0x00007f5ec5c606e0) 
thrown [src/hotspot/share/interpreter/linkResolver.cpp, line 766]
Event: 1.458 Thread 0x00007f7edc018000 Exception <a 'java/lang/NoSuchMethodError'{0x00007f5ec5c7ed98}: 'java.lang.Object java.lang.invoke.DirectMethodHandle$Holder.invokeSpecial(java.lang.Object, java.lang.Object, java.lang.Object, int, int)'> (0x00007f5ec5c7ed98) 
thrown [src/hotspot/share/interpreter/linkResolver.cpp, line 766]
Event: 1.997 Thread 0x00007f7edc018000 Implicit null exception at 0x00007f7ecc2aa9dd to 0x00007f7ecc2ab590
Event: 2.031 Thread 0x00007f7edc018000 Exception <a 'java/lang/NoSuchMethodError'{0x00007f5ec7240c30}: 'int java.lang.invoke.DirectMethodHandle$Holder.invokeSpecial(java.lang.Object, java.lang.Object, java.lang.Object, java.lang.Object, java.lang.Object)'> (0x00007f5ec7240c30) 
thrown [src/hotspot/share/interpreter/linkResolver.cpp, line 766]
Event: 2.167 Thread 0x00007f7edc018000 Exception <a 'java/lang/NoSuchMethodError'{0x00007f5ec765f550}: 'java.lang.Object java.lang.invoke.DirectMethodHandle$Holder.invokeStatic(java.lang.Object, java.lang.Object, int, int)'> (0x00007f5ec765f550) 
thrown [src/hotspot/share/interpreter/linkResolver.cpp, line 766]
Event: 2.931 Thread 0x00007f7edc018000 Exception <a 'java/lang/NoSuchMethodError'{0x00007f5ec9c94100}: 'void java.lang.invoke.DirectMethodHandle$Holder.invokeVirtual(java.lang.Object, java.lang.Object)'> (0x00007f5ec9c94100) 
thrown [src/hotspot/share/interpreter/linkResolver.cpp, line 766]
Event: 3.231 Thread 0x00007f7edc018000 Exception <a 'java/lang/NoSuchMethodError'{0x00007f5eca01a6e0}: 'int java.lang.invoke.DirectMethodHandle$Holder.invokeVirtual(java.lang.Object, java.lang.Object, java.lang.Object, java.lang.Object)'> (0x00007f5eca01a6e0) 
thrown [src/hotspot/share/interpreter/linkResolver.cpp, line 766]
Event: 3.236 Thread 0x00007f7edc018000 Exception <a 'java/lang/NoSuchMethodError'{0x00007f5eca028828}: 'java.lang.Object java.lang.invoke.DirectMethodHandle$Holder.invokeStatic(java.lang.Object, java.lang.Object, int, java.lang.Object)'> (0x00007f5eca028828) 
thrown [src/hotspot/share/interpreter/linkResolver.cpp, line 766]
Event: 3.237 Thread 0x00007f7edc018000 Exception <a 'java/lang/NoSuchMethodError'{0x00007f5eca031140}: 'java.lang.Object java.lang.invoke.Invokers$Holder.linkToTargetMethod(java.lang.Object, int, java.lang.Object, java.lang.Object)'> (0x00007f5eca031140) 
thrown [src/hotspot/share/interpreter/linkResolver.cpp, line 766]
Event: 3.695 Thread 0x00007f7edc018000 Implicit null exception at 0x00007f7ecc2ca9c5 to 0x00007f7ecc2cab98
Event: 3.695 Thread 0x00007f7edc018000 Implicit null exception at 0x00007f7ecc27eb8f to 0x00007f7ecc27ebf9
Event: 4.348 Thread 0x00007f7edc018000 Exception <a 'java/lang/NoSuchMethodError'{0x00007f5ecadfd128}: 'java.lang.Object java.lang.invoke.Invokers$Holder.linkToTargetMethod(java.lang.Object, int, java.lang.Object)'> (0x00007f5ecadfd128) 
thrown [src/hotspot/share/interpreter/linkResolver.cpp, line 766]
Event: 4.611 Thread 0x00007f7edc018000 Exception <a 'java/lang/NoSuchMethodError'{0x00007f5ec46074a8}: 'java.lang.Object java.lang.invoke.Invokers$Holder.linkToTargetMethod(java.lang.Object, long, java.lang.Object)'> (0x00007f5ec46074a8) 
thrown [src/hotspot/share/interpreter/linkResolver.cpp, line 766]
Event: 4.644 Thread 0x00007f7edc0a7000 Implicit null exception at 0x00007f7ecc2a5bcc to 0x00007f7ecc2a5c80
Event: 5.273 Thread 0x00007f7edc018000 Exception <a 'java/lang/NoSuchMethodError'{0x00007f5ed0ef7010}: 'java.lang.Object java.lang.invoke.Invokers$Holder.invokeExact_MT(java.lang.Object, java.lang.Object, java.lang.Object, java.lang.Object, java.lang.Object, java.lang.Object)'> (0x00007f5ed0ef7010) 
thrown [src/hotspot/share/interpreter/linkResolver.cpp, line 766]
Event: 5.463 Thread 0x00007f7edc018000 Exception <a 'java/lang/NoSuchMethodError'{0x00007f5ed1091018}: 'int java.lang.invoke.DirectMethodHandle$Holder.invokeStatic(java.lang.Object, java.lang.Object, int)'> (0x00007f5ed1091018) 
thrown [src/hotspot/share/interpreter/linkResolver.cpp, line 766]
Event: 5.584 Thread 0x00007f7edc018000 Exception <a 'java/lang/NoSuchMethodError'{0x00007f5ed1295300}: 'double java.lang.invoke.DirectMethodHandle$Holder.invokeStatic(java.lang.Object, java.lang.Object)'> (0x00007f5ed1295300) 
thrown [src/hotspot/share/interpreter/linkResolver.cpp, line 766]
Event: 5.644 Thread 0x00007f7edc018000 Exception <a 'java/lang/NoSuchMethodError'{0x00007f5ed13fefe8}: 'int java.lang.invoke.DirectMethodHandle$Holder.invokeStatic(java.lang.Object, java.lang.Object, java.lang.Object, int)'> (0x00007f5ed13fefe8) 
thrown [src/hotspot/share/interpreter/linkResolver.cpp, line 766]

Events (20 events):
Event: 1078.304 Executing VM operation: GenCollectForAllocation done
Event: 1079.717 Executing VM operation: GenCollectForAllocation
Event: 1079.783 Executing VM operation: GenCollectForAllocation done
Event: 1081.388 Executing VM operation: GenCollectForAllocation
Event: 1081.451 Executing VM operation: GenCollectForAllocation done
Event: 1082.720 Executing VM operation: GenCollectForAllocation
Event: 1082.837 Executing VM operation: GenCollectForAllocation done
Event: 1084.455 Executing VM operation: GenCollectForAllocation
Event: 1084.531 Executing VM operation: GenCollectForAllocation done
Event: 1086.061 Executing VM operation: GenCollectForAllocation
Event: 1086.155 Executing VM operation: GenCollectForAllocation done
Event: 1087.412 Executing VM operation: GenCollectForAllocation
Event: 1087.462 Executing VM operation: GenCollectForAllocation done
Event: 1089.093 Executing VM operation: GenCollectForAllocation
Event: 1089.151 Executing VM operation: GenCollectForAllocation done
Event: 1090.436 Executing VM operation: GenCollectForAllocation
Event: 1090.500 Executing VM operation: GenCollectForAllocation done
Event: 1092.048 Executing VM operation: GenCollectForAllocation
Event: 1092.112 Executing VM operation: GenCollectForAllocation done
Event: 1093.627 Executing VM operation: GenCollectForAllocation


Dynamic libraries:
5616753f6000-5616753f7000 r--p 00000000 07:11 4860                       /usr/lib/jvm/java-13-openjdk-amd64/bin/java
5616753f7000-5616753f8000 r-xp 00001000 07:11 4860                       /usr/lib/jvm/java-13-openjdk-amd64/bin/java
5616753f8000-5616753f9000 r--p 00002000 07:11 4860                       /usr/lib/jvm/java-13-openjdk-amd64/bin/java
5616753f9000-5616753fa000 r--p 00002000 07:11 4860                       /usr/lib/jvm/java-13-openjdk-amd64/bin/java
5616753fa000-5616753fb000 rw-p 00003000 07:11 4860                       /usr/lib/jvm/java-13-openjdk-amd64/bin/java
561675b82000-561675ba3000 rw-p 00000000 00:00 0                          [heap]
7f5e7c000000-7f5e7c021000 rw-p 00000000 00:00 0 
7f5e7c021000-7f5e80000000 ---p 00000000 00:00 0 
7f5e84000000-7f5e84021000 rw-p 00000000 00:00 0 
7f5e84021000-7f5e88000000 ---p 00000000 00:00 0 
7f5e88000000-7f5e88021000 rw-p 00000000 00:00 0 
7f5e88021000-7f5e8c000000 ---p 00000000 00:00 0 
7f5e8c000000-7f5e8dfe1000 rw-p 00000000 00:00 0 
7f5e8dfe1000-7f5e90000000 ---p 00000000 00:00 0 
7f5e90000000-7f5e90c4f000 rw-p 00000000 00:00 0 
7f5e90c4f000-7f5e94000000 ---p 00000000 00:00 0 
7f5e94000000-7f5e94021000 rw-p 00000000 00:00 0 
7f5e94021000-7f5e98000000 ---p 00000000 00:00 0 
7f5e98000000-7f5e98021000 rw-p 00000000 00:00 0 
7f5e98021000-7f5e9c000000 ---p 00000000 00:00 0 
7f5e9c000000-7f5e9c021000 rw-p 00000000 00:00 0 
7f5e9c021000-7f5ea0000000 ---p 00000000 00:00 0 
7f5ea0000000-7f5ea0021000 rw-p 00000000 00:00 0 
7f5ea0021000-7f5ea4000000 ---p 00000000 00:00 0 
7f5ea4000000-7f5ea4062000 rw-p 00000000 00:00 0 
7f5ea4062000-7f5ea8000000 ---p 00000000 00:00 0 
7f5ea9b54000-7f5eaa266000 rw-p 00000000 00:00 0 
7f5eaa266000-7f5eb45ff000 ---p 00000000 00:00 0 
7f5eb45ff000-7f5eb4984000 rw-p 00000000 00:00 0 
7f5eb4984000-7f5eb9b54000 ---p 00000000 00:00 0 
7f5eb9b54000-7f5eba266000 rw-p 00000000 00:00 0 
7f5eba266000-7f5ec45ff000 ---p 00000000 00:00 0 
7f5ec45ff000-7f5f34fa0000 rw-p 00000000 00:00 0 
7f5f34fa0000-7f696f0a0000 ---p 00000000 00:00 0 
7f696f0a0000-7f6a513cd000 rw-p 00000000 00:00 0 
7f6ae7bc9000-7f7ec4600000 ---p 00000000 00:00 0 
7f7ec478a000-7f7ec49fa000 rwxp 00000000 00:00 0 
7f7ec49fa000-7f7ec4d19000 ---p 00000000 00:00 0 
7f7ec4d19000-7f7ec5399000 rwxp 00000000 00:00 0 
7f7ec5399000-7f7ecc251000 ---p 00000000 00:00 0 
7f7ecc251000-7f7ecc4c1000 rwxp 00000000 00:00 0 
7f7ecc4c1000-7f7ed378a000 ---p 00000000 00:00 0 
7f7ed378a000-7f7edc000000 r--s 00000000 07:11 5215                       /usr/lib/jvm/java-13-openjdk-amd64/lib/modules
7f7edc000000-7f7edc6a4000 rw-p 00000000 00:00 0 
7f7edc6a4000-7f7ee0000000 ---p 00000000 00:00 0 
7f7ee13e1000-7f7ee1421000 rw-p 00000000 00:00 0 
7f7ee1421000-7f7ee15e1000 ---p 00000000 00:00 0 
7f7ee15e1000-7f7ee17e1000 rw-p 00000000 00:00 0 
7f7ee17e1000-7f7ee19e1000 rw-p 00000000 00:00 0 
7f7ee19e1000-7f7ee1be1000 rw-p 00000000 00:00 0 
7f7ee1be1000-7f7ee1de1000 rw-p 00000000 00:00 0 
7f7ee1de1000-7f7ee2181000 rw-p 00000000 00:00 0 
7f7ee2181000-7f7ee2381000 rw-p 00000000 00:00 0 
7f7ee2381000-7f7ee2581000 rw-p 00000000 00:00 0 
7f7ee2581000-7f7ee2781000 rw-p 00000000 00:00 0 
7f7ee2781000-7f7ee27b2000 rw-p 00000000 00:00 0 
7f7ee27b2000-7f7ee27b6000 r--p 00000000 07:11 5204                       /usr/lib/jvm/java-13-openjdk-amd64/lib/libnet.so
7f7ee27b6000-7f7ee27c4000 r-xp 00004000 07:11 5204                       /usr/lib/jvm/java-13-openjdk-amd64/lib/libnet.so
7f7ee27c4000-7f7ee27c8000 r--p 00012000 07:11 5204                       /usr/lib/jvm/java-13-openjdk-amd64/lib/libnet.so
7f7ee27c8000-7f7ee27c9000 r--p 00015000 07:11 5204                       /usr/lib/jvm/java-13-openjdk-amd64/lib/libnet.so
7f7ee27c9000-7f7ee27ca000 rw-p 00016000 07:11 5204                       /usr/lib/jvm/java-13-openjdk-amd64/lib/libnet.so
7f7ee27ca000-7f7ee27d1000 r--p 00000000 07:11 5205                       /usr/lib/jvm/java-13-openjdk-amd64/lib/libnio.so
7f7ee27d1000-7f7ee27da000 r-xp 00007000 07:11 5205                       /usr/lib/jvm/java-13-openjdk-amd64/lib/libnio.so
7f7ee27da000-7f7ee27de000 r--p 00010000 07:11 5205                       /usr/lib/jvm/java-13-openjdk-amd64/lib/libnio.so
7f7ee27de000-7f7ee27df000 r--p 00013000 07:11 5205                       /usr/lib/jvm/java-13-openjdk-amd64/lib/libnio.so
7f7ee27df000-7f7ee27e0000 rw-p 00014000 07:11 5205                       /usr/lib/jvm/java-13-openjdk-amd64/lib/libnio.so
7f7ee27e0000-7f7ee27e1000 ---p 00000000 00:00 0 
7f7ee27e1000-7f7ee28e2000 rw-p 00000000 00:00 0 
7f7ee28e2000-7f7ee28e6000 ---p 00000000 00:00 0 
7f7ee28e6000-7f7ee29e3000 rw-p 00000000 00:00 0 
7f7ee29e3000-7f7ee29e7000 ---p 00000000 00:00 0 
7f7ee29e7000-7f7ee2ae4000 rw-p 00000000 00:00 0 
7f7ee2ae4000-7f7ee2ae8000 ---p 00000000 00:00 0 
7f7ee2ae8000-7f7ee2be5000 rw-p 00000000 00:00 0 
7f7ee2be5000-7f7ee2be9000 ---p 00000000 00:00 0 
7f7ee2be9000-7f7ee2ce6000 rw-p 00000000 00:00 0 
7f7ee2ce6000-7f7ee2cea000 ---p 00000000 00:00 0 
7f7ee2cea000-7f7ee2de7000 rw-p 00000000 00:00 0 
7f7ee2de7000-7f7ee2deb000 ---p 00000000 00:00 0 
7f7ee2deb000-7f7ee2ee8000 rw-p 00000000 00:00 0 
7f7ee2ee8000-7f7ee2eef000 r--s 00000000 07:11 8532                       /usr/lib/x86_64-linux-gnu/gconv/gconv-modules.cache
7f7ee2eef000-7f7ee2f21000 r--p 00000000 07:11 5276                       /usr/lib/locale/C.UTF-8/LC_CTYPE
7f7ee2f21000-7f7ee2f25000 ---p 00000000 00:00 0 
7f7ee2f25000-7f7ee3022000 rw-p 00000000 00:00 0 
7f7ee3022000-7f7ee3026000 ---p 00000000 00:00 0 
7f7ee3026000-7f7ee3123000 rw-p 00000000 00:00 0 
7f7ee3123000-7f7ee3124000 ---p 00000000 00:00 0 
7f7ee3124000-7f7ee3b42000 rw-p 00000000 00:00 0 
7f7ee3b42000-7f7ee3b47000 rw-p 00000000 00:00 0 
7f7ee3b47000-7f7ee3c2d000 ---p 00000000 00:00 0 
7f7ee3c2d000-7f7ee3c3a000 rw-p 00000000 00:00 0 
7f7ee3c3a000-7f7ee3d18000 ---p 00000000 00:00 0 
7f7ee3d18000-7f7ee3d1d000 rw-p 00000000 00:00 0 
7f7ee3d1d000-7f7ee3d24000 ---p 00000000 00:00 0 
7f7ee3d24000-7f7ee3d26000 r--p 00000000 07:11 5214                       /usr/lib/jvm/java-13-openjdk-amd64/lib/libzip.so
7f7ee3d26000-7f7ee3d2a000 r-xp 00002000 07:11 5214                       /usr/lib/jvm/java-13-openjdk-amd64/lib/libzip.so
7f7ee3d2a000-7f7ee3d2c000 r--p 00006000 07:11 5214                       /usr/lib/jvm/java-13-openjdk-amd64/lib/libzip.so
7f7ee3d2c000-7f7ee3d2d000 r--p 00007000 07:11 5214                       /usr/lib/jvm/java-13-openjdk-amd64/lib/libzip.so
7f7ee3d2d000-7f7ee3d2e000 rw-p 00008000 07:11 5214                       /usr/lib/jvm/java-13-openjdk-amd64/lib/libzip.so
7f7ee3d2e000-7f7ee3d36000 rw-s 00000000 08:03 67673382                   /tmp/hsperfdata_rcabanas/15398
7f7ee3d36000-7f7ee3d39000 r--p 00000000 07:11 9108                       /usr/lib/x86_64-linux-gnu/libnss_files-2.31.so
7f7ee3d39000-7f7ee3d40000 r-xp 00003000 07:11 9108                       /usr/lib/x86_64-linux-gnu/libnss_files-2.31.so
7f7ee3d40000-7f7ee3d42000 r--p 0000a000 07:11 9108                       /usr/lib/x86_64-linux-gnu/libnss_files-2.31.so
7f7ee3d42000-7f7ee3d43000 r--p 0000b000 07:11 9108                       /usr/lib/x86_64-linux-gnu/libnss_files-2.31.so
7f7ee3d43000-7f7ee3d44000 rw-p 0000c000 07:11 9108                       /usr/lib/x86_64-linux-gnu/libnss_files-2.31.so
7f7ee3d44000-7f7ee3d4a000 rw-p 00000000 00:00 0 
7f7ee3d50000-7f7ee3d52000 r--p 00000000 07:11 5195                       /usr/lib/jvm/java-13-openjdk-amd64/lib/libjimage.so
7f7ee3d52000-7f7ee3d55000 r-xp 00002000 07:11 5195                       /usr/lib/jvm/java-13-openjdk-amd64/lib/libjimage.so
7f7ee3d55000-7f7ee3d56000 r--p 00005000 07:11 5195                       /usr/lib/jvm/java-13-openjdk-amd64/lib/libjimage.so
7f7ee3d56000-7f7ee3d57000 ---p 00006000 07:11 5195                       /usr/lib/jvm/java-13-openjdk-amd64/lib/libjimage.so
7f7ee3d57000-7f7ee3d58000 r--p 00006000 07:11 5195                       /usr/lib/jvm/java-13-openjdk-amd64/lib/libjimage.so
7f7ee3d58000-7f7ee3d59000 rw-p 00007000 07:11 5195                       /usr/lib/jvm/java-13-openjdk-amd64/lib/libjimage.so
7f7ee3d59000-7f7ee3d66000 r--p 00000000 07:11 5191                       /usr/lib/jvm/java-13-openjdk-amd64/lib/libjava.so
7f7ee3d66000-7f7ee3d7b000 r-xp 0000d000 07:11 5191                       /usr/lib/jvm/java-13-openjdk-amd64/lib/libjava.so
7f7ee3d7b000-7f7ee3d81000 r--p 00022000 07:11 5191                       /usr/lib/jvm/java-13-openjdk-amd64/lib/libjava.so
7f7ee3d81000-7f7ee3d82000 ---p 00028000 07:11 5191                       /usr/lib/jvm/java-13-openjdk-amd64/lib/libjava.so
7f7ee3d82000-7f7ee3d83000 r--p 00028000 07:11 5191                       /usr/lib/jvm/java-13-openjdk-amd64/lib/libjava.so
7f7ee3d83000-7f7ee3d85000 rw-p 00029000 07:11 5191                       /usr/lib/jvm/java-13-openjdk-amd64/lib/libjava.so
7f7ee3d85000-7f7ee3d8a000 r--p 00000000 07:11 5213                       /usr/lib/jvm/java-13-openjdk-amd64/lib/libverify.so
7f7ee3d8a000-7f7ee3d91000 r-xp 00005000 07:11 5213                       /usr/lib/jvm/java-13-openjdk-amd64/lib/libverify.so
7f7ee3d91000-7f7ee3d93000 r--p 0000c000 07:11 5213                       /usr/lib/jvm/java-13-openjdk-amd64/lib/libverify.so
7f7ee3d93000-7f7ee3d94000 ---p 0000e000 07:11 5213                       /usr/lib/jvm/java-13-openjdk-amd64/lib/libverify.so
7f7ee3d94000-7f7ee3d96000 r--p 0000e000 07:11 5213                       /usr/lib/jvm/java-13-openjdk-amd64/lib/libverify.so
7f7ee3d96000-7f7ee3d97000 rw-p 00010000 07:11 5213                       /usr/lib/jvm/java-13-openjdk-amd64/lib/libverify.so
7f7ee3d97000-7f7ee3d9b000 ---p 00000000 00:00 0 
7f7ee3d9b000-7f7ee3e98000 rw-p 00000000 00:00 0 
7f7ee3e98000-7f7ee3e9b000 r--p 00000000 07:11 8948                       /usr/lib/x86_64-linux-gnu/libgcc_s.so.1
7f7ee3e9b000-7f7ee3ead000 r-xp 00003000 07:11 8948                       /usr/lib/x86_64-linux-gnu/libgcc_s.so.1
7f7ee3ead000-7f7ee3eb1000 r--p 00015000 07:11 8948                       /usr/lib/x86_64-linux-gnu/libgcc_s.so.1
7f7ee3eb1000-7f7ee3eb2000 r--p 00018000 07:11 8948                       /usr/lib/x86_64-linux-gnu/libgcc_s.so.1
7f7ee3eb2000-7f7ee3eb3000 rw-p 00019000 07:11 8948                       /usr/lib/x86_64-linux-gnu/libgcc_s.so.1
7f7ee3eb3000-7f7ee3ec0000 r--p 00000000 07:11 9062                       /usr/lib/x86_64-linux-gnu/libm-2.31.so
7f7ee3ec0000-7f7ee3f67000 r-xp 0000d000 07:11 9062                       /usr/lib/x86_64-linux-gnu/libm-2.31.so
7f7ee3f67000-7f7ee4000000 r--p 000b4000 07:11 9062                       /usr/lib/x86_64-linux-gnu/libm-2.31.so
7f7ee4000000-7f7ee4001000 r--p 0014c000 07:11 9062                       /usr/lib/x86_64-linux-gnu/libm-2.31.so
7f7ee4001000-7f7ee4002000 rw-p 0014d000 07:11 9062                       /usr/lib/x86_64-linux-gnu/libm-2.31.so
7f7ee4002000-7f7ee4098000 r--p 00000000 07:11 9213                       /usr/lib/x86_64-linux-gnu/libstdc++.so.6.0.28
7f7ee4098000-7f7ee4189000 r-xp 00096000 07:11 9213                       /usr/lib/x86_64-linux-gnu/libstdc++.so.6.0.28
7f7ee4189000-7f7ee41d2000 r--p 00187000 07:11 9213                       /usr/lib/x86_64-linux-gnu/libstdc++.so.6.0.28
7f7ee41d2000-7f7ee41d3000 ---p 001d0000 07:11 9213                       /usr/lib/x86_64-linux-gnu/libstdc++.so.6.0.28
7f7ee41d3000-7f7ee41de000 r--p 001d0000 07:11 9213                       /usr/lib/x86_64-linux-gnu/libstdc++.so.6.0.28
7f7ee41de000-7f7ee41e1000 rw-p 001db000 07:11 9213                       /usr/lib/x86_64-linux-gnu/libstdc++.so.6.0.28
7f7ee41e1000-7f7ee41e4000 rw-p 00000000 00:00 0 
7f7ee41e4000-7f7ee446a000 r--p 00000000 07:11 5226                       /usr/lib/jvm/java-13-openjdk-amd64/lib/server/libjvm.so
7f7ee446a000-7f7ee51e7000 r-xp 00286000 07:11 5226                       /usr/lib/jvm/java-13-openjdk-amd64/lib/server/libjvm.so
7f7ee51e7000-7f7ee5462000 r--p 01003000 07:11 5226                       /usr/lib/jvm/java-13-openjdk-amd64/lib/server/libjvm.so
7f7ee5462000-7f7ee5527000 r--p 0127d000 07:11 5226                       /usr/lib/jvm/java-13-openjdk-amd64/lib/server/libjvm.so
7f7ee5527000-7f7ee5562000 rw-p 01342000 07:11 5226                       /usr/lib/jvm/java-13-openjdk-amd64/lib/server/libjvm.so
7f7ee5562000-7f7ee55e8000 rw-p 00000000 00:00 0 
7f7ee55e8000-7f7ee55ee000 r--p 00000000 07:11 9166                       /usr/lib/x86_64-linux-gnu/libpthread-2.31.so
7f7ee55ee000-7f7ee55ff000 r-xp 00006000 07:11 9166                       /usr/lib/x86_64-linux-gnu/libpthread-2.31.so
7f7ee55ff000-7f7ee5605000 r--p 00017000 07:11 9166                       /usr/lib/x86_64-linux-gnu/libpthread-2.31.so
7f7ee5605000-7f7ee5606000 r--p 0001c000 07:11 9166                       /usr/lib/x86_64-linux-gnu/libpthread-2.31.so
7f7ee5606000-7f7ee5607000 rw-p 0001d000 07:11 9166                       /usr/lib/x86_64-linux-gnu/libpthread-2.31.so
7f7ee5607000-7f7ee560b000 rw-p 00000000 00:00 0 
7f7ee560b000-7f7ee560c000 r--p 00000000 07:11 8893                       /usr/lib/x86_64-linux-gnu/libdl-2.31.so
7f7ee560c000-7f7ee560e000 r-xp 00001000 07:11 8893                       /usr/lib/x86_64-linux-gnu/libdl-2.31.so
7f7ee560e000-7f7ee560f000 r--p 00003000 07:11 8893                       /usr/lib/x86_64-linux-gnu/libdl-2.31.so
7f7ee560f000-7f7ee5610000 r--p 00003000 07:11 8893                       /usr/lib/x86_64-linux-gnu/libdl-2.31.so
7f7ee5610000-7f7ee5611000 rw-p 00004000 07:11 8893                       /usr/lib/x86_64-linux-gnu/libdl-2.31.so
7f7ee5611000-7f7ee5613000 r--p 00000000 07:11 9290                       /usr/lib/x86_64-linux-gnu/libz.so.1.2.11
7f7ee5613000-7f7ee5624000 r-xp 00002000 07:11 9290                       /usr/lib/x86_64-linux-gnu/libz.so.1.2.11
7f7ee5624000-7f7ee562a000 r--p 00013000 07:11 9290                       /usr/lib/x86_64-linux-gnu/libz.so.1.2.11
7f7ee562a000-7f7ee562b000 ---p 00019000 07:11 9290                       /usr/lib/x86_64-linux-gnu/libz.so.1.2.11
7f7ee562b000-7f7ee562c000 r--p 00019000 07:11 9290                       /usr/lib/x86_64-linux-gnu/libz.so.1.2.11
7f7ee562c000-7f7ee562d000 rw-p 0001a000 07:11 9290                       /usr/lib/x86_64-linux-gnu/libz.so.1.2.11
7f7ee562d000-7f7ee564f000 r--p 00000000 07:11 8851                       /usr/lib/x86_64-linux-gnu/libc-2.31.so
7f7ee564f000-7f7ee57c7000 r-xp 00022000 07:11 8851                       /usr/lib/x86_64-linux-gnu/libc-2.31.so
7f7ee57c7000-7f7ee5815000 r--p 0019a000 07:11 8851                       /usr/lib/x86_64-linux-gnu/libc-2.31.so
7f7ee5815000-7f7ee5819000 r--p 001e7000 07:11 8851                       /usr/lib/x86_64-linux-gnu/libc-2.31.so
7f7ee5819000-7f7ee581b000 rw-p 001eb000 07:11 8851                       /usr/lib/x86_64-linux-gnu/libc-2.31.so
7f7ee581b000-7f7ee581f000 rw-p 00000000 00:00 0 
7f7ee5821000-7f7ee5823000 r--s 0000c000 07:11 20930                      /usr/share/java/java-atk-wrapper.jar
7f7ee5823000-7f7ee5824000 ---p 00000000 00:00 0 
7f7ee5824000-7f7ee5825000 r--p 00000000 00:00 0 
7f7ee5825000-7f7ee5828000 r--p 00000000 07:11 5196                       /usr/lib/jvm/java-13-openjdk-amd64/lib/libjli.so
7f7ee5828000-7f7ee5832000 r-xp 00003000 07:11 5196                       /usr/lib/jvm/java-13-openjdk-amd64/lib/libjli.so
7f7ee5832000-7f7ee5835000 r--p 0000d000 07:11 5196                       /usr/lib/jvm/java-13-openjdk-amd64/lib/libjli.so
7f7ee5835000-7f7ee5836000 r--p 0000f000 07:11 5196                       /usr/lib/jvm/java-13-openjdk-amd64/lib/libjli.so
7f7ee5836000-7f7ee5837000 rw-p 00010000 07:11 5196                       /usr/lib/jvm/java-13-openjdk-amd64/lib/libjli.so
7f7ee5837000-7f7ee5839000 rw-p 00000000 00:00 0 
7f7ee5839000-7f7ee583a000 r--p 00000000 07:11 8572                       /usr/lib/x86_64-linux-gnu/ld-2.31.so
7f7ee583a000-7f7ee585d000 r-xp 00001000 07:11 8572                       /usr/lib/x86_64-linux-gnu/ld-2.31.so
7f7ee585d000-7f7ee5865000 r--p 00024000 07:11 8572                       /usr/lib/x86_64-linux-gnu/ld-2.31.so
7f7ee5865000-7f7ee5866000 ---p 00000000 00:00 0 
7f7ee5866000-7f7ee5867000 r--p 0002c000 07:11 8572                       /usr/lib/x86_64-linux-gnu/ld-2.31.so
7f7ee5867000-7f7ee5868000 rw-p 0002d000 07:11 8572                       /usr/lib/x86_64-linux-gnu/ld-2.31.so
7f7ee5868000-7f7ee5869000 rw-p 00000000 00:00 0 
7ffc0ca5f000-7ffc0ca80000 rw-p 00000000 00:00 0                          [stack]
7ffc0cb68000-7ffc0cb6a000 r-xp 00000000 00:00 0                          [vdso]
ffffffffff600000-ffffffffff601000 r-xp 00000000 00:00 0                  [vsyscall]


VM Arguments:
jvm_args: -Xmx128g --add-modules=ALL-DEFAULT 
java_command: jdk.compiler/com.sun.tools.javac.launcher.Main /mnt/beegfs/rcabanas/dev/credici/papers/journalEM/code/LearnAndCalculatePNS.java -w -x 100 -m 500 -sc KL -th 1e-08 -a EMCC --seed 82 --output /mnt/beegfs/rcabanas/dev/credici/papers/journalEM/output/triangolo --cause 3 --effect 0 /mnt/beegfs/rcabanas/dev/credici/papers/journalEM/models/triangolo/triangolo_causal.uai
java_class_path (initial): /mnt/beegfs/rcabanas/dev/credici/target/credici-0.1.3-jar-with-dependencies.jar
Launcher Type: SUN_STANDARD

[Global flags]
     intx CICompilerCount                          = 2                                         {product} {ergonomic}
   size_t InitialHeapSize                          = 2147483648                                {product} {ergonomic}
   size_t MaxHeapSize                              = 137438953472                              {product} {command line}
   size_t MaxNewSize                               = 45812940800                               {product} {ergonomic}
   size_t MinHeapDeltaBytes                        = 196608                                    {product} {ergonomic}
   size_t MinHeapSize                              = 8388608                                   {product} {ergonomic}
   size_t NewSize                                  = 715784192                                 {product} {ergonomic}
    uintx NonNMethodCodeHeapSize                   = 5826188                                {pd product} {ergonomic}
    uintx NonProfiledCodeHeapSize                  = 122916026                              {pd product} {ergonomic}
   size_t OldSize                                  = 1431699456                                {product} {ergonomic}
    uintx ProfiledCodeHeapSize                     = 122916026                              {pd product} {ergonomic}
    uintx ReservedCodeCacheSize                    = 251658240                              {pd product} {ergonomic}
     bool SegmentedCodeCache                       = true                                      {product} {ergonomic}
   size_t SoftMaxHeapSize                          = 137438953472                           {manageable} {ergonomic}
     bool UseSerialGC                              = true                                      {product} {ergonomic}

Logging:
Log output configuration:
 #0: stdout all=warning uptime,level,tags
 #1: stderr all=off uptime,level,tags

Environment Variables:
PATH=/usr/local/sbin:/usr/local/bin:/usr/sbin:/usr/bin:/sbin:/bin
LD_LIBRARY_PATH=/.singularity.d/libs

Signal Handlers:
SIGSEGV: [libjvm.so+0xf8fcf0], sa_mask[0]=11111111011111111101111111111110, sa_flags=SA_RESTART|SA_SIGINFO
SIGBUS: [libjvm.so+0xf8fcf0], sa_mask[0]=11111111011111111101111111111110, sa_flags=SA_RESTART|SA_SIGINFO
SIGFPE: [libjvm.so+0xf8fcf0], sa_mask[0]=11111111011111111101111111111110, sa_flags=SA_RESTART|SA_SIGINFO
SIGPIPE: [libjvm.so+0xc3ffa0], sa_mask[0]=11111111011111111101111111111110, sa_flags=SA_RESTART|SA_SIGINFO
SIGXFSZ: [libjvm.so+0xc3ffa0], sa_mask[0]=11111111011111111101111111111110, sa_flags=SA_RESTART|SA_SIGINFO
SIGILL: [libjvm.so+0xf8fcf0], sa_mask[0]=11111111011111111101111111111110, sa_flags=SA_RESTART|SA_SIGINFO
SIGUSR2: [libjvm.so+0xc3fe40], sa_mask[0]=00000000000000000000000000000000, sa_flags=SA_RESTART|SA_SIGINFO
SIGHUP: [libjvm.so+0xc40580], sa_mask[0]=11111111011111111101111111111110, sa_flags=SA_RESTART|SA_SIGINFO
SIGINT: [libjvm.so+0xc40580], sa_mask[0]=11111111011111111101111111111110, sa_flags=SA_RESTART|SA_SIGINFO
SIGTERM: [libjvm.so+0xc40580], sa_mask[0]=11111111011111111101111111111110, sa_flags=SA_RESTART|SA_SIGINFO
SIGQUIT: [libjvm.so+0xc40580], sa_mask[0]=11111111011111111101111111111110, sa_flags=SA_RESTART|SA_SIGINFO


---------------  S Y S T E M  ---------------

OS:DISTRIB_ID=Ubuntu
DISTRIB_RELEASE=20.04
DISTRIB_CODENAME=focal
DISTRIB_DESCRIPTION="Ubuntu 20.04.4 LTS"
uname:Linux 3.10.0-1160.15.2.el7.x86_64 #1 SMP Wed Feb 3 15:06:38 UTC 2021 x86_64
OS uptime: 480 days 1:43 hours
libc:glibc 2.31 NPTL 2.31 
rlimit (soft/hard): STACK 8192k/infinity , CORE 0k/infinity , NPROC 4096/1030217 , NOFILE 131072/131072 , AS infinity/infinity , CPU infinity/infinity , DATA infinity/infinity , FSIZE infinity/infinity , MEMLOCK infinity/infinity
load average:25.98 25.86 25.66

/proc/meminfo:
MemTotal:       263895364 kB
MemFree:          737296 kB
MemAvailable:     643476 kB
Buffers:          152160 kB
Cached:           959048 kB
SwapCached:         3624 kB
Active:         245684096 kB
Inactive:        8168852 kB
Active(anon):   245515964 kB
Inactive(anon):  7751072 kB
Active(file):     168132 kB
Inactive(file):   417780 kB
Unevictable:       18928 kB
Mlocked:           18928 kB
SwapTotal:       4194300 kB
SwapFree:          34540 kB
Dirty:               408 kB
Writeback:             0 kB
AnonPages:      252757852 kB
Mapped:           149804 kB
Shmem:            521308 kB
Slab:             735896 kB
SReclaimable:     181492 kB
SUnreclaim:       554404 kB
KernelStack:       25696 kB
PageTables:       522140 kB
NFS_Unstable:          0 kB
Bounce:                0 kB
WritebackTmp:          0 kB
CommitLimit:    136141980 kB
Committed_AS:   312581552 kB
VmallocTotal:   34359738367 kB
VmallocUsed:      876700 kB
VmallocChunk:   34222550588 kB
Percpu:            29696 kB
HardwareCorrupted:     0 kB
AnonHugePages:  44183552 kB
CmaTotal:              0 kB
CmaFree:               0 kB
HugePages_Total:       0
HugePages_Free:        0
HugePages_Rsvd:        0
HugePages_Surp:        0
Hugepagesize:       2048 kB
DirectMap4k:      601704 kB
DirectMap2M:    25475072 kB
DirectMap1G:    242221056 kB

/sys/kernel/mm/transparent_hugepage/enabled:
[always] madvise never

/sys/kernel/mm/transparent_hugepage/defrag (defrag/compaction efforts parameter):
[always] madvise never


/proc/sys/kernel/threads-max (system-wide limit on the number of threads):
2060435


/proc/sys/vm/max_map_count (maximum number of memory map areas a process may have):
65530


/proc/sys/kernel/pid_max (system-wide limit on number of process identifiers):
65536



Steal ticks since vm start: 0
Steal ticks percentage since vm start:  0.000

CPU:total 64 (initial active 1) (32 cores per cpu, 1 threads per core) family 23 model 49 stepping 0, cmov, cx8, fxsr, mmx, sse, sse2, sse3, ssse3, sse4.1, sse4.2, popcnt, avx, avx2, aes, clmul, mmxext, 3dnowpref, lzcnt, sse4a, tsc, tscinvbit, tscinv, bmi1, bmi2, adx, sha, fma
CPU Model and flags from /proc/cpuinfo:
model name	: AMD EPYC 7542 32-Core Processor
flags		: fpu vme de pse tsc msr pae mce cx8 apic sep mtrr pge mca cmov pat pse36 clflush mmx fxsr sse sse2 ht syscall nx mmxext fxsr_opt pdpe1gb rdtscp lm constant_tsc art rep_good nopl nonstop_tsc extd_apicid aperfmperf eagerfpu pni pclmulqdq monitor ssse3 fma cx16 sse4_1 sse4_2 movbe popcnt aes xsave avx f16c rdrand lahf_lm cmp_legacy svm extapic cr8_legacy abm sse4a misalignsse 3dnowprefetch osvw ibs skinit wdt tce topoext perfctr_core perfctr_nb bpext perfctr_l2 cpb cat_l3 cdp_l3 hw_pstate sme retpoline_amd ssbd ibrs ibpb stibp vmmcall fsgsbase bmi1 avx2 smep bmi2 cqm rdt_a rdseed adx smap clflushopt clwb sha_ni xsaveopt xsavec xgetbv1 cqm_llc cqm_occup_llc cqm_mbm_total cqm_mbm_local clzero irperf xsaveerptr arat npt lbrv svm_lock nrip_save tsc_scale vmcb_clean flushbyasid decodeassists pausefilter pfthreshold avic v_vmsave_vmload vgif umip overflow_recov succor smca
Online cpus:0-63
Offline cpus:
BIOS frequency limitation:2900000
Frequency switch latency (ns):0
Available cpu frequencies:2900000 2400000 1500000 
Current governor:conservative
Core performance/turbo boost:1

Memory: 4k page, physical 263895364k(737296k free), swap 4194300k(34540k free)

vm_info: OpenJDK 64-Bit Server VM (13.0.7+5-Ubuntu-0ubuntu120.04) for linux-amd64 JRE (13.0.7+5-Ubuntu-0ubuntu120.04), built on Apr 21 2021 05:36:19 by "unknown" with gcc 9.3.0

END.
