#
# There is insufficient memory for the Java Runtime Environment to continue.
# Native memory allocation (mmap) failed to map 4367679488 bytes for committing reserved memory.
# Possible reasons:
#   The system is out of physical RAM or swap space
# Possible solutions:
#   Reduce memory load on the system
#   Increase physical memory or swap space
#   Check if swap backing store is full
#   Decrease Java heap size (-Xmx/-Xms)
#   Decrease number of Java threads
#   Decrease Java thread stack sizes (-Xss)
#   Set larger code cache with -XX:ReservedCodeCacheSize=
# This output file may be truncated or incomplete.
#
#  Out of Memory Error (os_linux.cpp:2899), pid=47737, tid=47739
#
# JRE version: OpenJDK Runtime Environment (13.0.7+5) (build 13.0.7+5-Ubuntu-0ubuntu120.04)
# Java VM: OpenJDK 64-Bit Server VM (13.0.7+5-Ubuntu-0ubuntu120.04, mixed mode, tiered, serial gc, linux-amd64)
# No core dump will be written. Core dumps have been disabled. To enable core dumping, try "ulimit -c unlimited" before starting Java again
#

---------------  S U M M A R Y ------------

Command Line: -Xmx128g --add-modules=ALL-DEFAULT jdk.compiler/com.sun.tools.javac.launcher.Main /mnt/beegfs/rcabanas/dev/credici/papers/journalEM/code/LearnAndCalculatePNS.java -w -x 100 -m 500 -sc KL -th 1e-08 -a EMCC --seed 26 --output /mnt/beegfs/rcabanas/dev/credici/papers/journalEM/output/triangolo --cause 3 --effect 0 /mnt/beegfs/rcabanas/dev/credici/papers/journalEM/models/triangolo/triangolo_causal.uai

Host: AMD EPYC 7542 32-Core Processor, 64 cores, 251G, Ubuntu 20.04.4 LTS
Time: Tue Oct 18 19:15:13 2022 CEST elapsed time: 768.320770 seconds (0d 0h 12m 48s)

---------------  T H R E A D  ---------------

Current thread (0x00007fb540097800):  VMThread "VM Thread" [stack: 0x00007fb546a80000,0x00007fb546b80000] [id=47739]

Stack: [0x00007fb546a80000,0x00007fb546b80000],  sp=0x00007fb546b7e160,  free space=1016k
Native frames: (J=compiled Java code, A=aot compiled Java code, j=interpreted, Vv=VM code, C=native code)
V  [libjvm.so+0xf8f092]
V  [libjvm.so+0xf8fc91]
V  [libjvm.so+0x66ee5a]
V  [libjvm.so+0xc44a41]
V  [libjvm.so+0xc3b263]
V  [libjvm.so+0xf87f4b]
V  [libjvm.so+0x557506]
V  [libjvm.so+0x557723]
V  [libjvm.so+0xf18b0c]
V  [libjvm.so+0x557e65]
V  [libjvm.so+0x7e2edb]
V  [libjvm.so+0x7e39bd]
V  [libjvm.so+0x7d8b48]
V  [libjvm.so+0xf90940]
V  [libjvm.so+0xf96657]
V  [libjvm.so+0xf96d2b]
V  [libjvm.so+0xf9706a]
V  [libjvm.so+0xf2208f]
V  [libjvm.so+0xc493ff]

VM_Operation (0x00007fb5477f0560): GenCollectForAllocation, mode: safepoint, requested by thread 0x00007fb540018000


---------------  P R O C E S S  ---------------

Threads class SMR info:
_java_thread_list=0x00007fb5401364a0, length=9, elements={
0x00007fb540018000, 0x00007fb5400a3800, 0x00007fb5400a7000, 0x00007fb5400cb800,
0x00007fb5400cd000, 0x00007fb5400cf000, 0x00007fb5400d1000, 0x00007fb5400d3000,
0x00007fb540135000
}

Java Threads: ( => current thread )
  0x00007fb540018000 JavaThread "main" [_thread_blocked, id=47738, stack(0x00007fb5476f2000,0x00007fb5477f3000)]
  0x00007fb5400a3800 JavaThread "Reference Handler" daemon [_thread_blocked, id=47740, stack(0x00007fb54697d000,0x00007fb546a7e000)]
  0x00007fb5400a7000 JavaThread "Finalizer" daemon [_thread_blocked, id=47741, stack(0x00007fb54687c000,0x00007fb54697d000)]
  0x00007fb5400cb800 JavaThread "Signal Dispatcher" daemon [_thread_blocked, id=47742, stack(0x00007fb546742000,0x00007fb546843000)]
  0x00007fb5400cd000 JavaThread "Service Thread" daemon [_thread_blocked, id=47743, stack(0x00007fb546641000,0x00007fb546742000)]
  0x00007fb5400cf000 JavaThread "C2 CompilerThread0" daemon [_thread_blocked, id=47744, stack(0x00007fb546540000,0x00007fb546641000)]
  0x00007fb5400d1000 JavaThread "C1 CompilerThread0" daemon [_thread_blocked, id=47745, stack(0x00007fb54643f000,0x00007fb546540000)]
  0x00007fb5400d3000 JavaThread "Sweeper thread" daemon [_thread_blocked, id=47746, stack(0x00007fb54633e000,0x00007fb54643f000)]
  0x00007fb540135000 JavaThread "Common-Cleaner" daemon [_thread_blocked, id=47747, stack(0x00007fb54623d000,0x00007fb54633e000)]

Other Threads:
=>0x00007fb540097800 VMThread "VM Thread" [stack: 0x00007fb546a80000,0x00007fb546b80000] [id=47739]
  0x00007fb540181800 WatcherThread [stack: 0x00007fb54613d000,0x00007fb54623d000] [id=47748]

Threads with active compile tasks:

VM state:at safepoint (normal execution)

VM Mutex/Monitor currently owned by a thread:  ([mutex/lock_event])
[0x00007fb5400141e0] Threads_lock - owner thread: 0x00007fb540097800
[0x00007fb540014de0] Heap_lock - owner thread: 0x00007fb540018000

Heap:
 def new generation   total 2871872K, used 158775K [0x00007f9528600000, 0x00007f95eb220000, 0x00007f9fd30a0000)
  eden space 2552832K,   6% used [0x00007f9528600000, 0x00007f953210de98, 0x00007f95c4300000)
  from space 319040K,   0% used [0x00007f95d7a90000, 0x00007f95d7a90000, 0x00007f95eb220000)
  to   space 319040K,   0% used [0x00007f95c4300000, 0x00007f95c4300000, 0x00007f95d7a90000)
 tenured generation   total 6398172K, used 6398090K [0x00007f9fd30a0000, 0x00007fa1598d7000, 0x00007fb528600000)
   the space 6398172K,  99% used [0x00007f9fd30a0000, 0x00007fa1598c2970, 0x00007fa1598c2a00, 0x00007fa1598d7000)
 Metaspace       used 24252K, capacity 24685K, committed 24832K, reserved 26624K

Card table byte_map: [0x00007f95185ff000,0x00007f9528600000] _byte_map_base: 0x00007f554dcbc000

Polling page: 0x00007fb54917e000

Metaspace:

Usage:
   24.11 MB capacity,    23.68 MB ( 98%) used,   342.93 KB (  1%) free+waste,    89.88 KB ( <1%) overhead. 

Virtual space:
     26.00 MB reserved,      24.25 MB ( 93%) committed 

Chunk freelists:
99.00 KB

MaxMetaspaceSize: unlimited


CodeHeap 'non-profiled nmethods': size=120036Kb used=1855Kb max_used=1937Kb free=118180Kb
 bounds [0x00007fb530251000, 0x00007fb5304c1000, 0x00007fb53778a000]
CodeHeap 'profiled nmethods': size=120032Kb used=5065Kb max_used=6906Kb free=114966Kb
 bounds [0x00007fb528d19000, 0x00007fb5293d9000, 0x00007fb530251000]
CodeHeap 'non-nmethods': size=5692Kb used=1210Kb max_used=1263Kb free=4481Kb
 bounds [0x00007fb52878a000, 0x00007fb5289fa000, 0x00007fb528d19000]
 total_blobs=3529 nmethods=3048 adapters=396
 compilation: enabled
              stopped_count=0, restarted_count=0
 full_count=0

Compilation events (20 events):
Event: 573.970 Thread 0x00007fb5400cf000 3886       4       org.jgrapht.traverse.AbstractGraphIterator::fireEdgeTraversed (40 bytes)
Event: 573.978 Thread 0x00007fb5400cf000 nmethod 3886 0x00007fb530370d10 code [0x00007fb530370ee0, 0x00007fb530371638]
Event: 573.979 Thread 0x00007fb5400d1000 3887       3       ch.idsia.credici.learning.FrequentistCausalEM$$Lambda$325/0x00007fb5451218b0::get$Lambda (9 bytes)
Event: 573.979 Thread 0x00007fb5400d1000 nmethod 3887 0x00007fb529120b10 code [0x00007fb529120ca0, 0x00007fb529120e90]
Event: 586.015 Thread 0x00007fb5400d1000 3888       3       java.util.LinkedHashMap::replacementNode (37 bytes)
Event: 586.015 Thread 0x00007fb5400d1000 nmethod 3888 0x00007fb5290be110 code [0x00007fb5290be2e0, 0x00007fb5290be6e0]
Event: 591.762 Thread 0x00007fb5400d1000 3889       3       ch.idsia.credici.learning.FrequentistCausalEM::clearPosteriorCache (8 bytes)
Event: 591.762 Thread 0x00007fb5400d1000 nmethod 3889 0x00007fb528fa0e90 code [0x00007fb528fa1020, 0x00007fb528fa11e0]
Event: 605.109 Thread 0x00007fb5400cf000 3890       4       gnu.trove.impl.hash.TIntIntHash::insertKeyRehash (147 bytes)
Event: 605.243 Thread 0x00007fb5400cf000 nmethod 3890 0x00007fb530299710 code [0x00007fb5302998a0, 0x00007fb530299a98]
Event: 647.880 Thread 0x00007fb5400cf000 3891   !   4       java.util.AbstractList$Itr::next (45 bytes)
Event: 647.922 Thread 0x00007fb5400cf000 nmethod 3891 0x00007fb530307810 code [0x00007fb5303079a0, 0x00007fb530307c08]
Event: 647.922 Thread 0x00007fb5400cf000 3892       4       com.google.common.primitives.Ints$IntArrayAsList::get (6 bytes)
Event: 647.923 Thread 0x00007fb5400cf000 nmethod 3892 0x00007fb530307110 code [0x00007fb5303072a0, 0x00007fb530307418]
Event: 653.262 Thread 0x00007fb5400cf000 3893       4       ch.idsia.credici.model.StructuralCausalModel$$Lambda$286/0x00007fb544fb1058::test (9 bytes)
Event: 653.263 Thread 0x00007fb5400cf000 nmethod 3893 0x00007fb530299390 code [0x00007fb530299500, 0x00007fb5302995b8]
Event: 714.307 Thread 0x00007fb5400d1000 3894       3       ch.idsia.credici.learning.FrequentistCausalEM::getTrainableExoCC (38 bytes)
Event: 714.310 Thread 0x00007fb5400d1000 nmethod 3894 0x00007fb529294190 code [0x00007fb5292945c0, 0x00007fb529296710]
Event: 751.137 Thread 0x00007fb5400cf000 3895       4       java.util.LinkedHashMap$LinkedKeySet::forEach (70 bytes)
Event: 751.155 Thread 0x00007fb5400cf000 nmethod 3895 0x00007fb5302a7610 code [0x00007fb5302a77e0, 0x00007fb5302a7e98]

GC Heap History (20 events):
Event: 757.849 GC heap after
{Heap after GC invocations=1517 (full 6):
 def new generation   total 2871872K, used 166997K [0x00007f9528600000, 0x00007f95eb220000, 0x00007f9fd30a0000)
  eden space 2552832K,   0% used [0x00007f9528600000, 0x00007f9528600000, 0x00007f95c4300000)
  from space 319040K,  52% used [0x00007f95c4300000, 0x00007f95ce615700, 0x00007f95d7a90000)
  to   space 319040K,   0% used [0x00007f95d7a90000, 0x00007f95d7a90000, 0x00007f95eb220000)
 tenured generation   total 6381784K, used 6274220K [0x00007f9fd30a0000, 0x00007fa1588d6000, 0x00007fb528600000)
   the space 6381784K,  98% used [0x00007f9fd30a0000, 0x00007fa151fcb2a8, 0x00007fa151fcb400, 0x00007fa1588d6000)
 Metaspace       used 24252K, capacity 24685K, committed 24832K, reserved 26624K
}
Event: 758.975 GC heap before
{Heap before GC invocations=1517 (full 6):
 def new generation   total 2871872K, used 2719829K [0x00007f9528600000, 0x00007f95eb220000, 0x00007f9fd30a0000)
  eden space 2552832K, 100% used [0x00007f9528600000, 0x00007f95c4300000, 0x00007f95c4300000)
  from space 319040K,  52% used [0x00007f95c4300000, 0x00007f95ce615700, 0x00007f95d7a90000)
  to   space 319040K,   0% used [0x00007f95d7a90000, 0x00007f95d7a90000, 0x00007f95eb220000)
 tenured generation   total 6381784K, used 6274220K [0x00007f9fd30a0000, 0x00007fa1588d6000, 0x00007fb528600000)
   the space 6381784K,  98% used [0x00007f9fd30a0000, 0x00007fa151fcb2a8, 0x00007fa151fcb400, 0x00007fa1588d6000)
 Metaspace       used 24252K, capacity 24685K, committed 24832K, reserved 26624K
}
Event: 759.014 GC heap after
{Heap after GC invocations=1518 (full 6):
 def new generation   total 2871872K, used 177264K [0x00007f9528600000, 0x00007f95eb220000, 0x00007f9fd30a0000)
  eden space 2552832K,   0% used [0x00007f9528600000, 0x00007f9528600000, 0x00007f95c4300000)
  from space 319040K,  55% used [0x00007f95d7a90000, 0x00007f95e27ac0d0, 0x00007f95eb220000)
  to   space 319040K,   0% used [0x00007f95c4300000, 0x00007f95c4300000, 0x00007f95d7a90000)
 tenured generation   total 6381784K, used 6291179K [0x00007f9fd30a0000, 0x00007fa1588d6000, 0x00007fb528600000)
   the space 6381784K,  98% used [0x00007f9fd30a0000, 0x00007fa15305ad00, 0x00007fa15305ae00, 0x00007fa1588d6000)
 Metaspace       used 24252K, capacity 24685K, committed 24832K, reserved 26624K
}
Event: 760.166 GC heap before
{Heap before GC invocations=1518 (full 6):
 def new generation   total 2871872K, used 2730096K [0x00007f9528600000, 0x00007f95eb220000, 0x00007f9fd30a0000)
  eden space 2552832K, 100% used [0x00007f9528600000, 0x00007f95c4300000, 0x00007f95c4300000)
  from space 319040K,  55% used [0x00007f95d7a90000, 0x00007f95e27ac0d0, 0x00007f95eb220000)
  to   space 319040K,   0% used [0x00007f95c4300000, 0x00007f95c4300000, 0x00007f95d7a90000)
 tenured generation   total 6381784K, used 6291179K [0x00007f9fd30a0000, 0x00007fa1588d6000, 0x00007fb528600000)
   the space 6381784K,  98% used [0x00007f9fd30a0000, 0x00007fa15305ad00, 0x00007fa15305ae00, 0x00007fa1588d6000)
 Metaspace       used 24252K, capacity 24685K, committed 24832K, reserved 26624K
}
Event: 760.212 GC heap after
{Heap after GC invocations=1519 (full 6):
 def new generation   total 2871872K, used 137216K [0x00007f9528600000, 0x00007f95eb220000, 0x00007f9fd30a0000)
  eden space 2552832K,   0% used [0x00007f9528600000, 0x00007f9528600000, 0x00007f95c4300000)
  from space 319040K,  43% used [0x00007f95c4300000, 0x00007f95cc900160, 0x00007f95d7a90000)
  to   space 319040K,   0% used [0x00007f95d7a90000, 0x00007f95d7a90000, 0x00007f95eb220000)
 tenured generation   total 6381784K, used 6325096K [0x00007f9fd30a0000, 0x00007fa1588d6000, 0x00007fb528600000)
   the space 6381784K,  99% used [0x00007f9fd30a0000, 0x00007fa15517a1b0, 0x00007fa15517a200, 0x00007fa1588d6000)
 Metaspace       used 24252K, capacity 24685K, committed 24832K, reserved 26624K
}
Event: 761.344 GC heap before
{Heap before GC invocations=1519 (full 6):
 def new generation   total 2871872K, used 2690048K [0x00007f9528600000, 0x00007f95eb220000, 0x00007f9fd30a0000)
  eden space 2552832K, 100% used [0x00007f9528600000, 0x00007f95c4300000, 0x00007f95c4300000)
  from space 319040K,  43% used [0x00007f95c4300000, 0x00007f95cc900160, 0x00007f95d7a90000)
  to   space 319040K,   0% used [0x00007f95d7a90000, 0x00007f95d7a90000, 0x00007f95eb220000)
 tenured generation   total 6381784K, used 6325096K [0x00007f9fd30a0000, 0x00007fa1588d6000, 0x00007fb528600000)
   the space 6381784K,  99% used [0x00007f9fd30a0000, 0x00007fa15517a1b0, 0x00007fa15517a200, 0x00007fa1588d6000)
 Metaspace       used 24252K, capacity 24685K, committed 24832K, reserved 26624K
}
Event: 761.371 GC heap after
{Heap after GC invocations=1520 (full 6):
 def new generation   total 2871872K, used 152602K [0x00007f9528600000, 0x00007f95eb220000, 0x00007f9fd30a0000)
  eden space 2552832K,   0% used [0x00007f9528600000, 0x00007f9528600000, 0x00007f95c4300000)
  from space 319040K,  47% used [0x00007f95d7a90000, 0x00007f95e0f96a28, 0x00007f95eb220000)
  to   space 319040K,   0% used [0x00007f95c4300000, 0x00007f95c4300000, 0x00007f95d7a90000)
 tenured generation   total 6381784K, used 6325096K [0x00007f9fd30a0000, 0x00007fa1588d6000, 0x00007fb528600000)
   the space 6381784K,  99% used [0x00007f9fd30a0000, 0x00007fa15517a1b0, 0x00007fa15517a200, 0x00007fa1588d6000)
 Metaspace       used 24252K, capacity 24685K, committed 24832K, reserved 26624K
}
Event: 762.424 GC heap before
{Heap before GC invocations=1520 (full 6):
 def new generation   total 2871872K, used 2705434K [0x00007f9528600000, 0x00007f95eb220000, 0x00007f9fd30a0000)
  eden space 2552832K, 100% used [0x00007f9528600000, 0x00007f95c4300000, 0x00007f95c4300000)
  from space 319040K,  47% used [0x00007f95d7a90000, 0x00007f95e0f96a28, 0x00007f95eb220000)
  to   space 319040K,   0% used [0x00007f95c4300000, 0x00007f95c4300000, 0x00007f95d7a90000)
 tenured generation   total 6381784K, used 6325096K [0x00007f9fd30a0000, 0x00007fa1588d6000, 0x00007fb528600000)
   the space 6381784K,  99% used [0x00007f9fd30a0000, 0x00007fa15517a1b0, 0x00007fa15517a200, 0x00007fa1588d6000)
 Metaspace       used 24252K, capacity 24685K, committed 24832K, reserved 26624K
}
Event: 762.452 GC heap after
{Heap after GC invocations=1521 (full 6):
 def new generation   total 2871872K, used 166999K [0x00007f9528600000, 0x00007f95eb220000, 0x00007f9fd30a0000)
  eden space 2552832K,   0% used [0x00007f9528600000, 0x00007f9528600000, 0x00007f95c4300000)
  from space 319040K,  52% used [0x00007f95c4300000, 0x00007f95ce615da0, 0x00007f95d7a90000)
  to   space 319040K,   0% used [0x00007f95d7a90000, 0x00007f95d7a90000, 0x00007f95eb220000)
 tenured generation   total 6381784K, used 6325096K [0x00007f9fd30a0000, 0x00007fa1588d6000, 0x00007fb528600000)
   the space 6381784K,  99% used [0x00007f9fd30a0000, 0x00007fa15517a1b0, 0x00007fa15517a200, 0x00007fa1588d6000)
 Metaspace       used 24252K, capacity 24685K, committed 24832K, reserved 26624K
}
Event: 763.543 GC heap before
{Heap before GC invocations=1521 (full 6):
 def new generation   total 2871872K, used 2719831K [0x00007f9528600000, 0x00007f95eb220000, 0x00007f9fd30a0000)
  eden space 2552832K, 100% used [0x00007f9528600000, 0x00007f95c4300000, 0x00007f95c4300000)
  from space 319040K,  52% used [0x00007f95c4300000, 0x00007f95ce615da0, 0x00007f95d7a90000)
  to   space 319040K,   0% used [0x00007f95d7a90000, 0x00007f95d7a90000, 0x00007f95eb220000)
 tenured generation   total 6381784K, used 6325096K [0x00007f9fd30a0000, 0x00007fa1588d6000, 0x00007fb528600000)
   the space 6381784K,  99% used [0x00007f9fd30a0000, 0x00007fa15517a1b0, 0x00007fa15517a200, 0x00007fa1588d6000)
 Metaspace       used 24252K, capacity 24685K, committed 24832K, reserved 26624K
}
Event: 763.588 GC heap after
{Heap after GC invocations=1522 (full 6):
 def new generation   total 2871872K, used 178827K [0x00007f9528600000, 0x00007f95eb220000, 0x00007f9fd30a0000)
  eden space 2552832K,   0% used [0x00007f9528600000, 0x00007f9528600000, 0x00007f95c4300000)
  from space 319040K,  56% used [0x00007f95d7a90000, 0x00007f95e2932fd0, 0x00007f95eb220000)
  to   space 319040K,   0% used [0x00007f95c4300000, 0x00007f95c4300000, 0x00007f95d7a90000)
 tenured generation   total 6381784K, used 6342055K [0x00007f9fd30a0000, 0x00007fa1588d6000, 0x00007fb528600000)
   the space 6381784K,  99% used [0x00007f9fd30a0000, 0x00007fa156209c08, 0x00007fa156209e00, 0x00007fa1588d6000)
 Metaspace       used 24252K, capacity 24685K, committed 24832K, reserved 26624K
}
Event: 764.700 GC heap before
{Heap before GC invocations=1522 (full 6):
 def new generation   total 2871872K, used 2715566K [0x00007f9528600000, 0x00007f95eb220000, 0x00007f9fd30a0000)
  eden space 2552832K,  99% used [0x00007f9528600000, 0x00007f95c3348bf8, 0x00007f95c4300000)
  from space 319040K,  56% used [0x00007f95d7a90000, 0x00007f95e2932fd0, 0x00007f95eb220000)
  to   space 319040K,   0% used [0x00007f95c4300000, 0x00007f95c4300000, 0x00007f95d7a90000)
 tenured generation   total 6381784K, used 6342055K [0x00007f9fd30a0000, 0x00007fa1588d6000, 0x00007fb528600000)
   the space 6381784K,  99% used [0x00007f9fd30a0000, 0x00007fa156209c08, 0x00007fa156209e00, 0x00007fa1588d6000)
 Metaspace       used 24252K, capacity 24685K, committed 24832K, reserved 26624K
}
Event: 764.741 GC heap after
{Heap after GC invocations=1523 (full 6):
 def new generation   total 2871872K, used 139272K [0x00007f9528600000, 0x00007f95eb220000, 0x00007f9fd30a0000)
  eden space 2552832K,   0% used [0x00007f9528600000, 0x00007f9528600000, 0x00007f95c4300000)
  from space 319040K,  43% used [0x00007f95c4300000, 0x00007f95ccb02300, 0x00007f95d7a90000)
  to   space 319040K,   0% used [0x00007f95d7a90000, 0x00007f95d7a90000, 0x00007f95eb220000)
 tenured generation   total 6381784K, used 6375972K [0x00007f9fd30a0000, 0x00007fa1588d6000, 0x00007fb528600000)
   the space 6381784K,  99% used [0x00007f9fd30a0000, 0x00007fa1583290b8, 0x00007fa158329200, 0x00007fa1588d6000)
 Metaspace       used 24252K, capacity 24685K, committed 24832K, reserved 26624K
}
Event: 765.845 GC heap before
{Heap before GC invocations=1523 (full 6):
 def new generation   total 2871872K, used 2692104K [0x00007f9528600000, 0x00007f95eb220000, 0x00007f9fd30a0000)
  eden space 2552832K, 100% used [0x00007f9528600000, 0x00007f95c4300000, 0x00007f95c4300000)
  from space 319040K,  43% used [0x00007f95c4300000, 0x00007f95ccb02300, 0x00007f95d7a90000)
  to   space 319040K,   0% used [0x00007f95d7a90000, 0x00007f95d7a90000, 0x00007f95eb220000)
 tenured generation   total 6381784K, used 6375972K [0x00007f9fd30a0000, 0x00007fa1588d6000, 0x00007fb528600000)
   the space 6381784K,  99% used [0x00007f9fd30a0000, 0x00007fa1583290b8, 0x00007fa158329200, 0x00007fa1588d6000)
 Metaspace       used 24252K, capacity 24685K, committed 24832K, reserved 26624K
}
Event: 765.871 GC heap after
{Heap after GC invocations=1524 (full 6):
 def new generation   total 2871872K, used 153114K [0x00007f9528600000, 0x00007f95eb220000, 0x00007f9fd30a0000)
  eden space 2552832K,   0% used [0x00007f9528600000, 0x00007f9528600000, 0x00007f95c4300000)
  from space 319040K,  47% used [0x00007f95d7a90000, 0x00007f95e1016a68, 0x00007f95eb220000)
  to   space 319040K,   0% used [0x00007f95c4300000, 0x00007f95c4300000, 0x00007f95d7a90000)
 tenured generation   total 6381784K, used 6375972K [0x00007f9fd30a0000, 0x00007fa1588d6000, 0x00007fb528600000)
   the space 6381784K,  99% used [0x00007f9fd30a0000, 0x00007fa1583290b8, 0x00007fa158329200, 0x00007fa1588d6000)
 Metaspace       used 24252K, capacity 24685K, committed 24832K, reserved 26624K
}
Event: 766.967 GC heap before
{Heap before GC invocations=1524 (full 6):
 def new generation   total 2871872K, used 2705946K [0x00007f9528600000, 0x00007f95eb220000, 0x00007f9fd30a0000)
  eden space 2552832K, 100% used [0x00007f9528600000, 0x00007f95c4300000, 0x00007f95c4300000)
  from space 319040K,  47% used [0x00007f95d7a90000, 0x00007f95e1016a68, 0x00007f95eb220000)
  to   space 319040K,   0% used [0x00007f95c4300000, 0x00007f95c4300000, 0x00007f95d7a90000)
 tenured generation   total 6381784K, used 6375972K [0x00007f9fd30a0000, 0x00007fa1588d6000, 0x00007fb528600000)
   the space 6381784K,  99% used [0x00007f9fd30a0000, 0x00007fa1583290b8, 0x00007fa158329200, 0x00007fa1588d6000)
 Metaspace       used 24252K, capacity 24685K, committed 24832K, reserved 26624K
}
Event: 767.041 GC heap after
{Heap after GC invocations=1525 (full 6):
 def new generation   total 2871872K, used 168536K [0x00007f9528600000, 0x00007f95eb220000, 0x00007f9fd30a0000)
  eden space 2552832K,   0% used [0x00007f9528600000, 0x00007f9528600000, 0x00007f95c4300000)
  from space 319040K,  52% used [0x00007f95c4300000, 0x00007f95ce7961c0, 0x00007f95d7a90000)
  to   space 319040K,   0% used [0x00007f95d7a90000, 0x00007f95d7a90000, 0x00007f95eb220000)
 tenured generation   total 6381784K, used 6375972K [0x00007f9fd30a0000, 0x00007fa1588d6000, 0x00007fb528600000)
   the space 6381784K,  99% used [0x00007f9fd30a0000, 0x00007fa1583290b8, 0x00007fa158329200, 0x00007fa1588d6000)
 Metaspace       used 24252K, capacity 24685K, committed 24832K, reserved 26624K
}
Event: 768.150 GC heap before
{Heap before GC invocations=1525 (full 6):
 def new generation   total 2871872K, used 2721368K [0x00007f9528600000, 0x00007f95eb220000, 0x00007f9fd30a0000)
  eden space 2552832K, 100% used [0x00007f9528600000, 0x00007f95c4300000, 0x00007f95c4300000)
  from space 319040K,  52% used [0x00007f95c4300000, 0x00007f95ce7961c0, 0x00007f95d7a90000)
  to   space 319040K,   0% used [0x00007f95d7a90000, 0x00007f95d7a90000, 0x00007f95eb220000)
 tenured generation   total 6381784K, used 6375972K [0x00007f9fd30a0000, 0x00007fa1588d6000, 0x00007fb528600000)
   the space 6381784K,  99% used [0x00007f9fd30a0000, 0x00007fa1583290b8, 0x00007fa158329200, 0x00007fa1588d6000)
 Metaspace       used 24252K, capacity 24685K, committed 24832K, reserved 26624K
}
Event: 768.202 GC heap after
{Heap after GC invocations=1526 (full 6):
 def new generation   total 2871872K, used 163935K [0x00007f9528600000, 0x00007f95eb220000, 0x00007f9fd30a0000)
  eden space 2552832K,   0% used [0x00007f9528600000, 0x00007f9528600000, 0x00007f95c4300000)
  from space 319040K,  51% used [0x00007f95d7a90000, 0x00007f95e1aa7cf8, 0x00007f95eb220000)
  to   space 319040K,   0% used [0x00007f95c4300000, 0x00007f95c4300000, 0x00007f95d7a90000)
 tenured generation   total 6398172K, used 6392930K [0x00007f9fd30a0000, 0x00007fa1598d7000, 0x00007fb528600000)
   the space 6398172K,  99% used [0x00007f9fd30a0000, 0x00007fa1593b8b10, 0x00007fa1593b8c00, 0x00007fa1598d7000)
 Metaspace       used 24252K, capacity 24685K, committed 24832K, reserved 26624K
}
Event: 768.202 GC heap before
{Heap before GC invocations=1526 (full 6):
 def new generation   total 2871872K, used 163935K [0x00007f9528600000, 0x00007f95eb220000, 0x00007f9fd30a0000)
  eden space 2552832K,   0% used [0x00007f9528600000, 0x00007f9528600000, 0x00007f95c4300000)
  from space 319040K,  51% used [0x00007f95d7a90000, 0x00007f95e1aa7cf8, 0x00007f95eb220000)
  to   space 319040K,   0% used [0x00007f95c4300000, 0x00007f95c4300000, 0x00007f95d7a90000)
 tenured generation   total 6398172K, used 6392930K [0x00007f9fd30a0000, 0x00007fa1598d7000, 0x00007fb528600000)
   the space 6398172K,  99% used [0x00007f9fd30a0000, 0x00007fa1593b8b10, 0x00007fa1593b8c00, 0x00007fa1598d7000)
 Metaspace       used 24252K, capacity 24685K, committed 24832K, reserved 26624K
}

Deoptimization events (20 events):
Event: 654.767 Thread 0x00007fb540018000 DEOPT PACKING pc=0x00007fb528eda3a0 sp=0x00007fb5477f0880
Event: 654.767 Thread 0x00007fb540018000 DEOPT UNPACKING pc=0x00007fb5287d333a sp=0x00007fb5477efd30 mode 0
Event: 751.165 Thread 0x00007fb540018000 Uncommon trap: trap_request=0xffffffbe fr.pc=0x00007fb5302a7c94 relative=0x00000000000004b4
Event: 751.165 Thread 0x00007fb540018000 Uncommon trap: reason=profile_predicate action=maybe_recompile pc=0x00007fb5302a7c94 method=java.util.LinkedHashMap$LinkedKeySet.forEach(Ljava/util/function/Consumer;)V @ 29 c2
Event: 751.165 Thread 0x00007fb540018000 DEOPT PACKING pc=0x00007fb5302a7c94 sp=0x00007fb5477f0460
Event: 751.165 Thread 0x00007fb540018000 DEOPT UNPACKING pc=0x00007fb5287d2e25 sp=0x00007fb5477f0430 mode 2
Event: 752.634 Thread 0x00007fb540018000 Uncommon trap: trap_request=0xffffffbe fr.pc=0x00007fb5302a7c94 relative=0x00000000000004b4
Event: 752.634 Thread 0x00007fb540018000 Uncommon trap: reason=profile_predicate action=maybe_recompile pc=0x00007fb5302a7c94 method=java.util.LinkedHashMap$LinkedKeySet.forEach(Ljava/util/function/Consumer;)V @ 29 c2
Event: 752.634 Thread 0x00007fb540018000 DEOPT PACKING pc=0x00007fb5302a7c94 sp=0x00007fb5477f0460
Event: 752.634 Thread 0x00007fb540018000 DEOPT UNPACKING pc=0x00007fb5287d2e25 sp=0x00007fb5477f0430 mode 2
Event: 754.031 Thread 0x00007fb540018000 Uncommon trap: trap_request=0xffffffbe fr.pc=0x00007fb5302a7c94 relative=0x00000000000004b4
Event: 754.031 Thread 0x00007fb540018000 Uncommon trap: reason=profile_predicate action=maybe_recompile pc=0x00007fb5302a7c94 method=java.util.LinkedHashMap$LinkedKeySet.forEach(Ljava/util/function/Consumer;)V @ 29 c2
Event: 754.031 Thread 0x00007fb540018000 DEOPT PACKING pc=0x00007fb5302a7c94 sp=0x00007fb5477f0460
Event: 754.031 Thread 0x00007fb540018000 DEOPT UNPACKING pc=0x00007fb5287d2e25 sp=0x00007fb5477f0430 mode 2
Event: 754.041 Thread 0x00007fb540018000 DEOPT PACKING pc=0x00007fb528eda3a0 sp=0x00007fb5477f0880
Event: 754.041 Thread 0x00007fb540018000 DEOPT UNPACKING pc=0x00007fb5287d333a sp=0x00007fb5477efd30 mode 0
Event: 755.602 Thread 0x00007fb540018000 Uncommon trap: trap_request=0xffffffbe fr.pc=0x00007fb5302a7c94 relative=0x00000000000004b4
Event: 755.602 Thread 0x00007fb540018000 Uncommon trap: reason=profile_predicate action=maybe_recompile pc=0x00007fb5302a7c94 method=java.util.LinkedHashMap$LinkedKeySet.forEach(Ljava/util/function/Consumer;)V @ 29 c2
Event: 755.602 Thread 0x00007fb540018000 DEOPT PACKING pc=0x00007fb5302a7c94 sp=0x00007fb5477f0460
Event: 755.602 Thread 0x00007fb540018000 DEOPT UNPACKING pc=0x00007fb5287d2e25 sp=0x00007fb5477f0430 mode 2

Classes unloaded (0 events):
No events

Classes redefined (0 events):
No events

Internal exceptions (20 events):
Event: 0.904 Thread 0x00007fb540018000 Exception <a 'java/lang/NoSuchMethodError'{0x00007f9529bfe2f8}: 'int java.lang.invoke.DirectMethodHandle$Holder.invokeInterface(java.lang.Object, java.lang.Object)'> (0x00007f9529bfe2f8) 
thrown [src/hotspot/share/interpreter/linkResolver.cpp, line 766]
Event: 0.927 Thread 0x00007fb540018000 Exception <a 'java/lang/NoSuchMethodError'{0x00007f9529c412d0}: 'int java.lang.invoke.DirectMethodHandle$Holder.invokeSpecial(java.lang.Object, java.lang.Object, java.lang.Object, java.lang.Object)'> (0x00007f9529c412d0) 
thrown [src/hotspot/share/interpreter/linkResolver.cpp, line 766]
Event: 0.929 Thread 0x00007fb540018000 Exception <a 'java/lang/NoSuchMethodError'{0x00007f9529c583e0}: 'java.lang.Object java.lang.invoke.DirectMethodHandle$Holder.invokeVirtual(java.lang.Object, java.lang.Object, java.lang.Object, int, int)'> (0x00007f9529c583e0) 
thrown [src/hotspot/share/interpreter/linkResolver.cpp, line 766]
Event: 0.930 Thread 0x00007fb540018000 Exception <a 'java/lang/NoSuchMethodError'{0x00007f9529c60790}: 'java.lang.Object java.lang.invoke.DirectMethodHandle$Holder.invokeVirtual(java.lang.Object, java.lang.Object, int)'> (0x00007f9529c60790) 
thrown [src/hotspot/share/interpreter/linkResolver.cpp, line 766]
Event: 0.947 Thread 0x00007fb540018000 Exception <a 'java/lang/NoSuchMethodError'{0x00007f9529c7ee48}: 'java.lang.Object java.lang.invoke.DirectMethodHandle$Holder.invokeSpecial(java.lang.Object, java.lang.Object, java.lang.Object, int, int)'> (0x00007f9529c7ee48) 
thrown [src/hotspot/share/interpreter/linkResolver.cpp, line 766]
Event: 1.359 Thread 0x00007fb540018000 Exception <a 'java/lang/NoSuchMethodError'{0x00007f952b240df0}: 'int java.lang.invoke.DirectMethodHandle$Holder.invokeSpecial(java.lang.Object, java.lang.Object, java.lang.Object, java.lang.Object, java.lang.Object)'> (0x00007f952b240df0) 
thrown [src/hotspot/share/interpreter/linkResolver.cpp, line 766]
Event: 1.452 Thread 0x00007fb540018000 Exception <a 'java/lang/NoSuchMethodError'{0x00007f952b65ed60}: 'java.lang.Object java.lang.invoke.DirectMethodHandle$Holder.invokeStatic(java.lang.Object, java.lang.Object, int, int)'> (0x00007f952b65ed60) 
thrown [src/hotspot/share/interpreter/linkResolver.cpp, line 766]
Event: 1.877 Thread 0x00007fb540018000 Exception <a 'java/lang/NoSuchMethodError'{0x00007f952d1ae150}: 'void java.lang.invoke.DirectMethodHandle$Holder.invokeVirtual(java.lang.Object, java.lang.Object)'> (0x00007f952d1ae150) 
thrown [src/hotspot/share/interpreter/linkResolver.cpp, line 766]
Event: 2.022 Thread 0x00007fb540018000 Exception <a 'java/lang/NoSuchMethodError'{0x00007f952d53c610}: 'int java.lang.invoke.DirectMethodHandle$Holder.invokeVirtual(java.lang.Object, java.lang.Object, java.lang.Object, java.lang.Object)'> (0x00007f952d53c610) 
thrown [src/hotspot/share/interpreter/linkResolver.cpp, line 766]
Event: 2.024 Thread 0x00007fb540018000 Exception <a 'java/lang/NoSuchMethodError'{0x00007f952d54a758}: 'java.lang.Object java.lang.invoke.DirectMethodHandle$Holder.invokeStatic(java.lang.Object, java.lang.Object, int, java.lang.Object)'> (0x00007f952d54a758) 
thrown [src/hotspot/share/interpreter/linkResolver.cpp, line 766]
Event: 2.024 Thread 0x00007fb540018000 Exception <a 'java/lang/NoSuchMethodError'{0x00007f952d553070}: 'java.lang.Object java.lang.invoke.Invokers$Holder.linkToTargetMethod(java.lang.Object, int, java.lang.Object, java.lang.Object)'> (0x00007f952d553070) 
thrown [src/hotspot/share/interpreter/linkResolver.cpp, line 766]
Event: 2.298 Thread 0x00007fb540018000 Implicit null exception at 0x00007fb5302c28c5 to 0x00007fb5302c2a98
Event: 2.298 Thread 0x00007fb540018000 Implicit null exception at 0x00007fb53027eb8f to 0x00007fb53027ebf9
Event: 2.676 Thread 0x00007fb540018000 Implicit null exception at 0x00007fb5302a6a43 to 0x00007fb5302a6ac4
Event: 2.684 Thread 0x00007fb540018000 Exception <a 'java/lang/NoSuchMethodError'{0x00007f952e3201e0}: 'java.lang.Object java.lang.invoke.Invokers$Holder.linkToTargetMethod(java.lang.Object, int, java.lang.Object)'> (0x00007f952e3201e0) 
thrown [src/hotspot/share/interpreter/linkResolver.cpp, line 766]
Event: 2.700 Thread 0x00007fb540018000 Exception <a 'java/lang/NoSuchMethodError'{0x00007f952e35cc30}: 'java.lang.Object java.lang.invoke.Invokers$Holder.linkToTargetMethod(java.lang.Object, long, java.lang.Object)'> (0x00007f952e35cc30) 
thrown [src/hotspot/share/interpreter/linkResolver.cpp, line 766]
Event: 3.106 Thread 0x00007fb540018000 Exception <a 'java/lang/NoSuchMethodError'{0x00007f9534ec74d0}: 'java.lang.Object java.lang.invoke.Invokers$Holder.invokeExact_MT(java.lang.Object, java.lang.Object, java.lang.Object, java.lang.Object, java.lang.Object, java.lang.Object)'> (0x00007f9534ec74d0) 
thrown [src/hotspot/share/interpreter/linkResolver.cpp, line 766]
Event: 3.211 Thread 0x00007fb540018000 Exception <a 'java/lang/NoSuchMethodError'{0x00007f9535461748}: 'int java.lang.invoke.DirectMethodHandle$Holder.invokeStatic(java.lang.Object, java.lang.Object, int)'> (0x00007f9535461748) 
thrown [src/hotspot/share/interpreter/linkResolver.cpp, line 766]
Event: 3.296 Thread 0x00007fb540018000 Exception <a 'java/lang/NoSuchMethodError'{0x00007f9535665a30}: 'double java.lang.invoke.DirectMethodHandle$Holder.invokeStatic(java.lang.Object, java.lang.Object)'> (0x00007f9535665a30) 
thrown [src/hotspot/share/interpreter/linkResolver.cpp, line 766]
Event: 3.333 Thread 0x00007fb540018000 Exception <a 'java/lang/NoSuchMethodError'{0x00007f95357cf728}: 'int java.lang.invoke.DirectMethodHandle$Holder.invokeStatic(java.lang.Object, java.lang.Object, java.lang.Object, int)'> (0x00007f95357cf728) 
thrown [src/hotspot/share/interpreter/linkResolver.cpp, line 766]

Events (20 events):
Event: 756.746 Executing VM operation: GenCollectForAllocation done
Event: 757.813 Executing VM operation: GenCollectForAllocation
Event: 757.849 Executing VM operation: GenCollectForAllocation done
Event: 758.975 Executing VM operation: GenCollectForAllocation
Event: 759.014 Executing VM operation: GenCollectForAllocation done
Event: 760.166 Executing VM operation: GenCollectForAllocation
Event: 760.212 Executing VM operation: GenCollectForAllocation done
Event: 761.344 Executing VM operation: GenCollectForAllocation
Event: 761.371 Executing VM operation: GenCollectForAllocation done
Event: 762.424 Executing VM operation: GenCollectForAllocation
Event: 762.452 Executing VM operation: GenCollectForAllocation done
Event: 763.543 Executing VM operation: GenCollectForAllocation
Event: 763.588 Executing VM operation: GenCollectForAllocation done
Event: 764.700 Executing VM operation: GenCollectForAllocation
Event: 764.741 Executing VM operation: GenCollectForAllocation done
Event: 765.845 Executing VM operation: GenCollectForAllocation
Event: 765.871 Executing VM operation: GenCollectForAllocation done
Event: 766.967 Executing VM operation: GenCollectForAllocation
Event: 767.042 Executing VM operation: GenCollectForAllocation done
Event: 768.149 Executing VM operation: GenCollectForAllocation


Dynamic libraries:
55aa52b18000-55aa52b19000 r--p 00000000 07:17 4860                       /usr/lib/jvm/java-13-openjdk-amd64/bin/java
55aa52b19000-55aa52b1a000 r-xp 00001000 07:17 4860                       /usr/lib/jvm/java-13-openjdk-amd64/bin/java
55aa52b1a000-55aa52b1b000 r--p 00002000 07:17 4860                       /usr/lib/jvm/java-13-openjdk-amd64/bin/java
55aa52b1b000-55aa52b1c000 r--p 00002000 07:17 4860                       /usr/lib/jvm/java-13-openjdk-amd64/bin/java
55aa52b1c000-55aa52b1d000 rw-p 00003000 07:17 4860                       /usr/lib/jvm/java-13-openjdk-amd64/bin/java
55aa54164000-55aa54185000 rw-p 00000000 00:00 0                          [heap]
7f94e0000000-7f94e0021000 rw-p 00000000 00:00 0 
7f94e0021000-7f94e4000000 ---p 00000000 00:00 0 
7f94e8000000-7f94e8021000 rw-p 00000000 00:00 0 
7f94e8021000-7f94ec000000 ---p 00000000 00:00 0 
7f94ec000000-7f94ec021000 rw-p 00000000 00:00 0 
7f94ec021000-7f94f0000000 ---p 00000000 00:00 0 
7f94f0000000-7f94f222e000 rw-p 00000000 00:00 0 
7f94f222e000-7f94f4000000 ---p 00000000 00:00 0 
7f94f4000000-7f94f4c37000 rw-p 00000000 00:00 0 
7f94f4c37000-7f94f8000000 ---p 00000000 00:00 0 
7f94f8000000-7f94f8021000 rw-p 00000000 00:00 0 
7f94f8021000-7f94fc000000 ---p 00000000 00:00 0 
7f94fc000000-7f94fc021000 rw-p 00000000 00:00 0 
7f94fc021000-7f9500000000 ---p 00000000 00:00 0 
7f9500000000-7f9500021000 rw-p 00000000 00:00 0 
7f9500021000-7f9504000000 ---p 00000000 00:00 0 
7f9504000000-7f9504021000 rw-p 00000000 00:00 0 
7f9504021000-7f9508000000 ---p 00000000 00:00 0 
7f9508000000-7f9508075000 rw-p 00000000 00:00 0 
7f9508075000-7f950c000000 ---p 00000000 00:00 0 
7f950db54000-7f950e789000 rw-p 00000000 00:00 0 
7f950e789000-7f95185ff000 ---p 00000000 00:00 0 
7f95185ff000-7f9518c16000 rw-p 00000000 00:00 0 
7f9518c16000-7f951db54000 ---p 00000000 00:00 0 
7f951db54000-7f951e789000 rw-p 00000000 00:00 0 
7f951e789000-7f95285ff000 ---p 00000000 00:00 0 
7f95285ff000-7f95eb220000 rw-p 00000000 00:00 0 
7f95eb220000-7f9fd30a0000 ---p 00000000 00:00 0 
7f9fd30a0000-7fa1598d7000 rw-p 00000000 00:00 0 
7fa25de2f000-7fb528600000 ---p 00000000 00:00 0 
7fb52878a000-7fb5289fa000 rwxp 00000000 00:00 0 
7fb5289fa000-7fb528d19000 ---p 00000000 00:00 0 
7fb528d19000-7fb5293d9000 rwxp 00000000 00:00 0 
7fb5293d9000-7fb530251000 ---p 00000000 00:00 0 
7fb530251000-7fb5304c1000 rwxp 00000000 00:00 0 
7fb5304c1000-7fb53778a000 ---p 00000000 00:00 0 
7fb53778a000-7fb540000000 r--s 00000000 07:17 5215                       /usr/lib/jvm/java-13-openjdk-amd64/lib/modules
7fb540000000-7fb5406b3000 rw-p 00000000 00:00 0 
7fb5406b3000-7fb544000000 ---p 00000000 00:00 0 
7fb544d3c000-7fb544d7c000 rw-p 00000000 00:00 0 
7fb544d7c000-7fb544f3c000 ---p 00000000 00:00 0 
7fb544f3c000-7fb54513c000 rw-p 00000000 00:00 0 
7fb54513c000-7fb54533c000 rw-p 00000000 00:00 0 
7fb54533c000-7fb54553c000 rw-p 00000000 00:00 0 
7fb54553c000-7fb54573c000 rw-p 00000000 00:00 0 
7fb54573c000-7fb545adc000 rw-p 00000000 00:00 0 
7fb545adc000-7fb545cdc000 rw-p 00000000 00:00 0 
7fb545cdc000-7fb545edc000 rw-p 00000000 00:00 0 
7fb545edc000-7fb5460dc000 rw-p 00000000 00:00 0 
7fb5460dc000-7fb54610d000 rw-p 00000000 00:00 0 
7fb54610d000-7fb546111000 r--p 00000000 07:17 5204                       /usr/lib/jvm/java-13-openjdk-amd64/lib/libnet.so
7fb546111000-7fb54611f000 r-xp 00004000 07:17 5204                       /usr/lib/jvm/java-13-openjdk-amd64/lib/libnet.so
7fb54611f000-7fb546123000 r--p 00012000 07:17 5204                       /usr/lib/jvm/java-13-openjdk-amd64/lib/libnet.so
7fb546123000-7fb546124000 r--p 00015000 07:17 5204                       /usr/lib/jvm/java-13-openjdk-amd64/lib/libnet.so
7fb546124000-7fb546125000 rw-p 00016000 07:17 5204                       /usr/lib/jvm/java-13-openjdk-amd64/lib/libnet.so
7fb546125000-7fb54612c000 r--p 00000000 07:17 5205                       /usr/lib/jvm/java-13-openjdk-amd64/lib/libnio.so
7fb54612c000-7fb546135000 r-xp 00007000 07:17 5205                       /usr/lib/jvm/java-13-openjdk-amd64/lib/libnio.so
7fb546135000-7fb546139000 r--p 00010000 07:17 5205                       /usr/lib/jvm/java-13-openjdk-amd64/lib/libnio.so
7fb546139000-7fb54613a000 r--p 00013000 07:17 5205                       /usr/lib/jvm/java-13-openjdk-amd64/lib/libnio.so
7fb54613a000-7fb54613b000 rw-p 00014000 07:17 5205                       /usr/lib/jvm/java-13-openjdk-amd64/lib/libnio.so
7fb54613b000-7fb54613c000 ---p 00000000 00:00 0 
7fb54613c000-7fb54623d000 rw-p 00000000 00:00 0 
7fb54623d000-7fb546241000 ---p 00000000 00:00 0 
7fb546241000-7fb54633e000 rw-p 00000000 00:00 0 
7fb54633e000-7fb546342000 ---p 00000000 00:00 0 
7fb546342000-7fb54643f000 rw-p 00000000 00:00 0 
7fb54643f000-7fb546443000 ---p 00000000 00:00 0 
7fb546443000-7fb546540000 rw-p 00000000 00:00 0 
7fb546540000-7fb546544000 ---p 00000000 00:00 0 
7fb546544000-7fb546641000 rw-p 00000000 00:00 0 
7fb546641000-7fb546645000 ---p 00000000 00:00 0 
7fb546645000-7fb546742000 rw-p 00000000 00:00 0 
7fb546742000-7fb546746000 ---p 00000000 00:00 0 
7fb546746000-7fb546843000 rw-p 00000000 00:00 0 
7fb546843000-7fb54684a000 r--s 00000000 07:17 8532                       /usr/lib/x86_64-linux-gnu/gconv/gconv-modules.cache
7fb54684a000-7fb54687c000 r--p 00000000 07:17 5276                       /usr/lib/locale/C.UTF-8/LC_CTYPE
7fb54687c000-7fb546880000 ---p 00000000 00:00 0 
7fb546880000-7fb54697d000 rw-p 00000000 00:00 0 
7fb54697d000-7fb546981000 ---p 00000000 00:00 0 
7fb546981000-7fb546a7e000 rw-p 00000000 00:00 0 
7fb546a7e000-7fb546a7f000 ---p 00000000 00:00 0 
7fb546a7f000-7fb54749d000 rw-p 00000000 00:00 0 
7fb54749d000-7fb5474a2000 rw-p 00000000 00:00 0 
7fb5474a2000-7fb547588000 ---p 00000000 00:00 0 
7fb547588000-7fb547596000 rw-p 00000000 00:00 0 
7fb547596000-7fb547673000 ---p 00000000 00:00 0 
7fb547673000-7fb547678000 rw-p 00000000 00:00 0 
7fb547678000-7fb54767f000 ---p 00000000 00:00 0 
7fb54767f000-7fb547681000 r--p 00000000 07:17 5214                       /usr/lib/jvm/java-13-openjdk-amd64/lib/libzip.so
7fb547681000-7fb547685000 r-xp 00002000 07:17 5214                       /usr/lib/jvm/java-13-openjdk-amd64/lib/libzip.so
7fb547685000-7fb547687000 r--p 00006000 07:17 5214                       /usr/lib/jvm/java-13-openjdk-amd64/lib/libzip.so
7fb547687000-7fb547688000 r--p 00007000 07:17 5214                       /usr/lib/jvm/java-13-openjdk-amd64/lib/libzip.so
7fb547688000-7fb547689000 rw-p 00008000 07:17 5214                       /usr/lib/jvm/java-13-openjdk-amd64/lib/libzip.so
7fb547689000-7fb547691000 rw-s 00000000 08:03 101772059                  /tmp/hsperfdata_rcabanas/47737
7fb547691000-7fb547694000 r--p 00000000 07:17 9108                       /usr/lib/x86_64-linux-gnu/libnss_files-2.31.so
7fb547694000-7fb54769b000 r-xp 00003000 07:17 9108                       /usr/lib/x86_64-linux-gnu/libnss_files-2.31.so
7fb54769b000-7fb54769d000 r--p 0000a000 07:17 9108                       /usr/lib/x86_64-linux-gnu/libnss_files-2.31.so
7fb54769d000-7fb54769e000 r--p 0000b000 07:17 9108                       /usr/lib/x86_64-linux-gnu/libnss_files-2.31.so
7fb54769e000-7fb54769f000 rw-p 0000c000 07:17 9108                       /usr/lib/x86_64-linux-gnu/libnss_files-2.31.so
7fb54769f000-7fb5476a5000 rw-p 00000000 00:00 0 
7fb5476ab000-7fb5476ad000 r--p 00000000 07:17 5195                       /usr/lib/jvm/java-13-openjdk-amd64/lib/libjimage.so
7fb5476ad000-7fb5476b0000 r-xp 00002000 07:17 5195                       /usr/lib/jvm/java-13-openjdk-amd64/lib/libjimage.so
7fb5476b0000-7fb5476b1000 r--p 00005000 07:17 5195                       /usr/lib/jvm/java-13-openjdk-amd64/lib/libjimage.so
7fb5476b1000-7fb5476b2000 ---p 00006000 07:17 5195                       /usr/lib/jvm/java-13-openjdk-amd64/lib/libjimage.so
7fb5476b2000-7fb5476b3000 r--p 00006000 07:17 5195                       /usr/lib/jvm/java-13-openjdk-amd64/lib/libjimage.so
7fb5476b3000-7fb5476b4000 rw-p 00007000 07:17 5195                       /usr/lib/jvm/java-13-openjdk-amd64/lib/libjimage.so
7fb5476b4000-7fb5476c1000 r--p 00000000 07:17 5191                       /usr/lib/jvm/java-13-openjdk-amd64/lib/libjava.so
7fb5476c1000-7fb5476d6000 r-xp 0000d000 07:17 5191                       /usr/lib/jvm/java-13-openjdk-amd64/lib/libjava.so
7fb5476d6000-7fb5476dc000 r--p 00022000 07:17 5191                       /usr/lib/jvm/java-13-openjdk-amd64/lib/libjava.so
7fb5476dc000-7fb5476dd000 ---p 00028000 07:17 5191                       /usr/lib/jvm/java-13-openjdk-amd64/lib/libjava.so
7fb5476dd000-7fb5476de000 r--p 00028000 07:17 5191                       /usr/lib/jvm/java-13-openjdk-amd64/lib/libjava.so
7fb5476de000-7fb5476e0000 rw-p 00029000 07:17 5191                       /usr/lib/jvm/java-13-openjdk-amd64/lib/libjava.so
7fb5476e0000-7fb5476e5000 r--p 00000000 07:17 5213                       /usr/lib/jvm/java-13-openjdk-amd64/lib/libverify.so
7fb5476e5000-7fb5476ec000 r-xp 00005000 07:17 5213                       /usr/lib/jvm/java-13-openjdk-amd64/lib/libverify.so
7fb5476ec000-7fb5476ee000 r--p 0000c000 07:17 5213                       /usr/lib/jvm/java-13-openjdk-amd64/lib/libverify.so
7fb5476ee000-7fb5476ef000 ---p 0000e000 07:17 5213                       /usr/lib/jvm/java-13-openjdk-amd64/lib/libverify.so
7fb5476ef000-7fb5476f1000 r--p 0000e000 07:17 5213                       /usr/lib/jvm/java-13-openjdk-amd64/lib/libverify.so
7fb5476f1000-7fb5476f2000 rw-p 00010000 07:17 5213                       /usr/lib/jvm/java-13-openjdk-amd64/lib/libverify.so
7fb5476f2000-7fb5476f6000 ---p 00000000 00:00 0 
7fb5476f6000-7fb5477f3000 rw-p 00000000 00:00 0 
7fb5477f3000-7fb5477f6000 r--p 00000000 07:17 8948                       /usr/lib/x86_64-linux-gnu/libgcc_s.so.1
7fb5477f6000-7fb547808000 r-xp 00003000 07:17 8948                       /usr/lib/x86_64-linux-gnu/libgcc_s.so.1
7fb547808000-7fb54780c000 r--p 00015000 07:17 8948                       /usr/lib/x86_64-linux-gnu/libgcc_s.so.1
7fb54780c000-7fb54780d000 r--p 00018000 07:17 8948                       /usr/lib/x86_64-linux-gnu/libgcc_s.so.1
7fb54780d000-7fb54780e000 rw-p 00019000 07:17 8948                       /usr/lib/x86_64-linux-gnu/libgcc_s.so.1
7fb54780e000-7fb54781b000 r--p 00000000 07:17 9062                       /usr/lib/x86_64-linux-gnu/libm-2.31.so
7fb54781b000-7fb5478c2000 r-xp 0000d000 07:17 9062                       /usr/lib/x86_64-linux-gnu/libm-2.31.so
7fb5478c2000-7fb54795b000 r--p 000b4000 07:17 9062                       /usr/lib/x86_64-linux-gnu/libm-2.31.so
7fb54795b000-7fb54795c000 r--p 0014c000 07:17 9062                       /usr/lib/x86_64-linux-gnu/libm-2.31.so
7fb54795c000-7fb54795d000 rw-p 0014d000 07:17 9062                       /usr/lib/x86_64-linux-gnu/libm-2.31.so
7fb54795d000-7fb5479f3000 r--p 00000000 07:17 9213                       /usr/lib/x86_64-linux-gnu/libstdc++.so.6.0.28
7fb5479f3000-7fb547ae4000 r-xp 00096000 07:17 9213                       /usr/lib/x86_64-linux-gnu/libstdc++.so.6.0.28
7fb547ae4000-7fb547b2d000 r--p 00187000 07:17 9213                       /usr/lib/x86_64-linux-gnu/libstdc++.so.6.0.28
7fb547b2d000-7fb547b2e000 ---p 001d0000 07:17 9213                       /usr/lib/x86_64-linux-gnu/libstdc++.so.6.0.28
7fb547b2e000-7fb547b39000 r--p 001d0000 07:17 9213                       /usr/lib/x86_64-linux-gnu/libstdc++.so.6.0.28
7fb547b39000-7fb547b3c000 rw-p 001db000 07:17 9213                       /usr/lib/x86_64-linux-gnu/libstdc++.so.6.0.28
7fb547b3c000-7fb547b3f000 rw-p 00000000 00:00 0 
7fb547b3f000-7fb547dc5000 r--p 00000000 07:17 5226                       /usr/lib/jvm/java-13-openjdk-amd64/lib/server/libjvm.so
7fb547dc5000-7fb548b42000 r-xp 00286000 07:17 5226                       /usr/lib/jvm/java-13-openjdk-amd64/lib/server/libjvm.so
7fb548b42000-7fb548dbd000 r--p 01003000 07:17 5226                       /usr/lib/jvm/java-13-openjdk-amd64/lib/server/libjvm.so
7fb548dbd000-7fb548e82000 r--p 0127d000 07:17 5226                       /usr/lib/jvm/java-13-openjdk-amd64/lib/server/libjvm.so
7fb548e82000-7fb548ebd000 rw-p 01342000 07:17 5226                       /usr/lib/jvm/java-13-openjdk-amd64/lib/server/libjvm.so
7fb548ebd000-7fb548f43000 rw-p 00000000 00:00 0 
7fb548f43000-7fb548f49000 r--p 00000000 07:17 9166                       /usr/lib/x86_64-linux-gnu/libpthread-2.31.so
7fb548f49000-7fb548f5a000 r-xp 00006000 07:17 9166                       /usr/lib/x86_64-linux-gnu/libpthread-2.31.so
7fb548f5a000-7fb548f60000 r--p 00017000 07:17 9166                       /usr/lib/x86_64-linux-gnu/libpthread-2.31.so
7fb548f60000-7fb548f61000 r--p 0001c000 07:17 9166                       /usr/lib/x86_64-linux-gnu/libpthread-2.31.so
7fb548f61000-7fb548f62000 rw-p 0001d000 07:17 9166                       /usr/lib/x86_64-linux-gnu/libpthread-2.31.so
7fb548f62000-7fb548f66000 rw-p 00000000 00:00 0 
7fb548f66000-7fb548f67000 r--p 00000000 07:17 8893                       /usr/lib/x86_64-linux-gnu/libdl-2.31.so
7fb548f67000-7fb548f69000 r-xp 00001000 07:17 8893                       /usr/lib/x86_64-linux-gnu/libdl-2.31.so
7fb548f69000-7fb548f6a000 r--p 00003000 07:17 8893                       /usr/lib/x86_64-linux-gnu/libdl-2.31.so
7fb548f6a000-7fb548f6b000 r--p 00003000 07:17 8893                       /usr/lib/x86_64-linux-gnu/libdl-2.31.so
7fb548f6b000-7fb548f6c000 rw-p 00004000 07:17 8893                       /usr/lib/x86_64-linux-gnu/libdl-2.31.so
7fb548f6c000-7fb548f6e000 r--p 00000000 07:17 9290                       /usr/lib/x86_64-linux-gnu/libz.so.1.2.11
7fb548f6e000-7fb548f7f000 r-xp 00002000 07:17 9290                       /usr/lib/x86_64-linux-gnu/libz.so.1.2.11
7fb548f7f000-7fb548f85000 r--p 00013000 07:17 9290                       /usr/lib/x86_64-linux-gnu/libz.so.1.2.11
7fb548f85000-7fb548f86000 ---p 00019000 07:17 9290                       /usr/lib/x86_64-linux-gnu/libz.so.1.2.11
7fb548f86000-7fb548f87000 r--p 00019000 07:17 9290                       /usr/lib/x86_64-linux-gnu/libz.so.1.2.11
7fb548f87000-7fb548f88000 rw-p 0001a000 07:17 9290                       /usr/lib/x86_64-linux-gnu/libz.so.1.2.11
7fb548f88000-7fb548faa000 r--p 00000000 07:17 8851                       /usr/lib/x86_64-linux-gnu/libc-2.31.so
7fb548faa000-7fb549122000 r-xp 00022000 07:17 8851                       /usr/lib/x86_64-linux-gnu/libc-2.31.so
7fb549122000-7fb549170000 r--p 0019a000 07:17 8851                       /usr/lib/x86_64-linux-gnu/libc-2.31.so
7fb549170000-7fb549174000 r--p 001e7000 07:17 8851                       /usr/lib/x86_64-linux-gnu/libc-2.31.so
7fb549174000-7fb549176000 rw-p 001eb000 07:17 8851                       /usr/lib/x86_64-linux-gnu/libc-2.31.so
7fb549176000-7fb54917a000 rw-p 00000000 00:00 0 
7fb54917c000-7fb54917e000 r--s 0000c000 07:17 20930                      /usr/share/java/java-atk-wrapper.jar
7fb54917e000-7fb54917f000 ---p 00000000 00:00 0 
7fb54917f000-7fb549180000 r--p 00000000 00:00 0 
7fb549180000-7fb549183000 r--p 00000000 07:17 5196                       /usr/lib/jvm/java-13-openjdk-amd64/lib/libjli.so
7fb549183000-7fb54918d000 r-xp 00003000 07:17 5196                       /usr/lib/jvm/java-13-openjdk-amd64/lib/libjli.so
7fb54918d000-7fb549190000 r--p 0000d000 07:17 5196                       /usr/lib/jvm/java-13-openjdk-amd64/lib/libjli.so
7fb549190000-7fb549191000 r--p 0000f000 07:17 5196                       /usr/lib/jvm/java-13-openjdk-amd64/lib/libjli.so
7fb549191000-7fb549192000 rw-p 00010000 07:17 5196                       /usr/lib/jvm/java-13-openjdk-amd64/lib/libjli.so
7fb549192000-7fb549194000 rw-p 00000000 00:00 0 
7fb549194000-7fb549195000 r--p 00000000 07:17 8572                       /usr/lib/x86_64-linux-gnu/ld-2.31.so
7fb549195000-7fb5491b8000 r-xp 00001000 07:17 8572                       /usr/lib/x86_64-linux-gnu/ld-2.31.so
7fb5491b8000-7fb5491c0000 r--p 00024000 07:17 8572                       /usr/lib/x86_64-linux-gnu/ld-2.31.so
7fb5491c0000-7fb5491c1000 ---p 00000000 00:00 0 
7fb5491c1000-7fb5491c2000 r--p 0002c000 07:17 8572                       /usr/lib/x86_64-linux-gnu/ld-2.31.so
7fb5491c2000-7fb5491c3000 rw-p 0002d000 07:17 8572                       /usr/lib/x86_64-linux-gnu/ld-2.31.so
7fb5491c3000-7fb5491c4000 rw-p 00000000 00:00 0 
7ffdaddf4000-7ffdade15000 rw-p 00000000 00:00 0                          [stack]
7ffdadeb7000-7ffdadeb9000 r-xp 00000000 00:00 0                          [vdso]
ffffffffff600000-ffffffffff601000 r-xp 00000000 00:00 0                  [vsyscall]


VM Arguments:
jvm_args: -Xmx128g --add-modules=ALL-DEFAULT 
java_command: jdk.compiler/com.sun.tools.javac.launcher.Main /mnt/beegfs/rcabanas/dev/credici/papers/journalEM/code/LearnAndCalculatePNS.java -w -x 100 -m 500 -sc KL -th 1e-08 -a EMCC --seed 26 --output /mnt/beegfs/rcabanas/dev/credici/papers/journalEM/output/triangolo --cause 3 --effect 0 /mnt/beegfs/rcabanas/dev/credici/papers/journalEM/models/triangolo/triangolo_causal.uai
java_class_path (initial): /mnt/beegfs/rcabanas/dev/credici/target/credici-0.1.3-jar-with-dependencies.jar
Launcher Type: SUN_STANDARD

[Global flags]
     intx CICompilerCount                          = 2                                         {product} {ergonomic}
   size_t InitialHeapSize                          = 2147483648                                {product} {ergonomic}
   size_t MaxHeapSize                              = 137438953472                              {product} {command line}
   size_t MaxNewSize                               = 45812940800                               {product} {ergonomic}
   size_t MinHeapDeltaBytes                        = 196608                                    {product} {ergonomic}
   size_t MinHeapSize                              = 8388608                                   {product} {ergonomic}
   size_t NewSize                                  = 715784192                                 {product} {ergonomic}
    uintx NonNMethodCodeHeapSize                   = 5826188                                {pd product} {ergonomic}
    uintx NonProfiledCodeHeapSize                  = 122916026                              {pd product} {ergonomic}
   size_t OldSize                                  = 1431699456                                {product} {ergonomic}
    uintx ProfiledCodeHeapSize                     = 122916026                              {pd product} {ergonomic}
    uintx ReservedCodeCacheSize                    = 251658240                              {pd product} {ergonomic}
     bool SegmentedCodeCache                       = true                                      {product} {ergonomic}
   size_t SoftMaxHeapSize                          = 137438953472                           {manageable} {ergonomic}
     bool UseSerialGC                              = true                                      {product} {ergonomic}

Logging:
Log output configuration:
 #0: stdout all=warning uptime,level,tags
 #1: stderr all=off uptime,level,tags

Environment Variables:
PATH=/usr/local/sbin:/usr/local/bin:/usr/sbin:/usr/bin:/sbin:/bin
LD_LIBRARY_PATH=/.singularity.d/libs

Signal Handlers:
SIGSEGV: [libjvm.so+0xf8fcf0], sa_mask[0]=11111111011111111101111111111110, sa_flags=SA_RESTART|SA_SIGINFO
SIGBUS: [libjvm.so+0xf8fcf0], sa_mask[0]=11111111011111111101111111111110, sa_flags=SA_RESTART|SA_SIGINFO
SIGFPE: [libjvm.so+0xf8fcf0], sa_mask[0]=11111111011111111101111111111110, sa_flags=SA_RESTART|SA_SIGINFO
SIGPIPE: [libjvm.so+0xc3ffa0], sa_mask[0]=11111111011111111101111111111110, sa_flags=SA_RESTART|SA_SIGINFO
SIGXFSZ: [libjvm.so+0xc3ffa0], sa_mask[0]=11111111011111111101111111111110, sa_flags=SA_RESTART|SA_SIGINFO
SIGILL: [libjvm.so+0xf8fcf0], sa_mask[0]=11111111011111111101111111111110, sa_flags=SA_RESTART|SA_SIGINFO
SIGUSR2: [libjvm.so+0xc3fe40], sa_mask[0]=00000000000000000000000000000000, sa_flags=SA_RESTART|SA_SIGINFO
SIGHUP: [libjvm.so+0xc40580], sa_mask[0]=11111111011111111101111111111110, sa_flags=SA_RESTART|SA_SIGINFO
SIGINT: [libjvm.so+0xc40580], sa_mask[0]=11111111011111111101111111111110, sa_flags=SA_RESTART|SA_SIGINFO
SIGTERM: [libjvm.so+0xc40580], sa_mask[0]=11111111011111111101111111111110, sa_flags=SA_RESTART|SA_SIGINFO
SIGQUIT: [libjvm.so+0xc40580], sa_mask[0]=11111111011111111101111111111110, sa_flags=SA_RESTART|SA_SIGINFO


---------------  S Y S T E M  ---------------

OS:DISTRIB_ID=Ubuntu
DISTRIB_RELEASE=20.04
DISTRIB_CODENAME=focal
DISTRIB_DESCRIPTION="Ubuntu 20.04.4 LTS"
uname:Linux 3.10.0-1160.15.2.el7.x86_64 #1 SMP Wed Feb 3 15:06:38 UTC 2021 x86_64
OS uptime: 480 days 0:53 hours
libc:glibc 2.31 NPTL 2.31 
rlimit (soft/hard): STACK 8192k/infinity , CORE 0k/infinity , NPROC 4096/1030217 , NOFILE 131072/131072 , AS infinity/infinity , CPU infinity/infinity , DATA infinity/infinity , FSIZE infinity/infinity , MEMLOCK infinity/infinity
load average:26.65 26.88 26.84

/proc/meminfo:
MemTotal:       263895368 kB
MemFree:         3896764 kB
MemAvailable:    3880652 kB
Buffers:          174944 kB
Cached:           522144 kB
SwapCached:        19440 kB
Active:         242916176 kB
Inactive:        7764508 kB
Active(anon):   242731484 kB
Inactive(anon):  7284388 kB
Active(file):     184692 kB
Inactive(file):   480120 kB
Unevictable:       21564 kB
Mlocked:           21564 kB
SwapTotal:       4194300 kB
SwapFree:          81408 kB
Dirty:               464 kB
Writeback:             0 kB
AnonPages:      249992160 kB
Mapped:           182356 kB
Shmem:             25844 kB
Slab:             729708 kB
SReclaimable:     179108 kB
SUnreclaim:       550600 kB
KernelStack:       27168 kB
PageTables:       517540 kB
NFS_Unstable:          0 kB
Bounce:                0 kB
WritebackTmp:          0 kB
CommitLimit:    136141984 kB
Committed_AS:   309029256 kB
VmallocTotal:   34359738367 kB
VmallocUsed:      877772 kB
VmallocChunk:   34222444160 kB
Percpu:            30464 kB
HardwareCorrupted:     0 kB
AnonHugePages:  80599040 kB
CmaTotal:              0 kB
CmaFree:               0 kB
HugePages_Total:       0
HugePages_Free:        0
HugePages_Rsvd:        0
HugePages_Surp:        0
Hugepagesize:       2048 kB
DirectMap4k:      595560 kB
DirectMap2M:    24432640 kB
DirectMap1G:    243269632 kB

/sys/kernel/mm/transparent_hugepage/enabled:
[always] madvise never

/sys/kernel/mm/transparent_hugepage/defrag (defrag/compaction efforts parameter):
[always] madvise never


/proc/sys/kernel/threads-max (system-wide limit on the number of threads):
2060435


/proc/sys/vm/max_map_count (maximum number of memory map areas a process may have):
65530


/proc/sys/kernel/pid_max (system-wide limit on number of process identifiers):
65536



Steal ticks since vm start: 0
Steal ticks percentage since vm start:  0.000

CPU:total 64 (initial active 1) (32 cores per cpu, 1 threads per core) family 23 model 49 stepping 0, cmov, cx8, fxsr, mmx, sse, sse2, sse3, ssse3, sse4.1, sse4.2, popcnt, avx, avx2, aes, clmul, mmxext, 3dnowpref, lzcnt, sse4a, tsc, tscinvbit, tscinv, bmi1, bmi2, adx, sha, fma
CPU Model and flags from /proc/cpuinfo:
model name	: AMD EPYC 7542 32-Core Processor
flags		: fpu vme de pse tsc msr pae mce cx8 apic sep mtrr pge mca cmov pat pse36 clflush mmx fxsr sse sse2 ht syscall nx mmxext fxsr_opt pdpe1gb rdtscp lm constant_tsc art rep_good nopl nonstop_tsc extd_apicid aperfmperf eagerfpu pni pclmulqdq monitor ssse3 fma cx16 sse4_1 sse4_2 movbe popcnt aes xsave avx f16c rdrand lahf_lm cmp_legacy svm extapic cr8_legacy abm sse4a misalignsse 3dnowprefetch osvw ibs skinit wdt tce topoext perfctr_core perfctr_nb bpext perfctr_l2 cpb cat_l3 cdp_l3 hw_pstate sme retpoline_amd ssbd ibrs ibpb stibp vmmcall fsgsbase bmi1 avx2 smep bmi2 cqm rdt_a rdseed adx smap clflushopt clwb sha_ni xsaveopt xsavec xgetbv1 cqm_llc cqm_occup_llc cqm_mbm_total cqm_mbm_local clzero irperf xsaveerptr arat npt lbrv svm_lock nrip_save tsc_scale vmcb_clean flushbyasid decodeassists pausefilter pfthreshold avic v_vmsave_vmload vgif umip overflow_recov succor smca
Online cpus:0-63
Offline cpus:
BIOS frequency limitation:2900000
Frequency switch latency (ns):0
Available cpu frequencies:2900000 2400000 1500000 
Current governor:conservative
Core performance/turbo boost:1

Memory: 4k page, physical 263895368k(3896236k free), swap 4194300k(81408k free)

vm_info: OpenJDK 64-Bit Server VM (13.0.7+5-Ubuntu-0ubuntu120.04) for linux-amd64 JRE (13.0.7+5-Ubuntu-0ubuntu120.04), built on Apr 21 2021 05:36:19 by "unknown" with gcc 9.3.0

END.
