#
# There is insufficient memory for the Java Runtime Environment to continue.
# Native memory allocation (mmap) failed to map 4417990656 bytes for committing reserved memory.
# Possible reasons:
#   The system is out of physical RAM or swap space
# Possible solutions:
#   Reduce memory load on the system
#   Increase physical memory or swap space
#   Check if swap backing store is full
#   Decrease Java heap size (-Xmx/-Xms)
#   Decrease number of Java threads
#   Decrease Java thread stack sizes (-Xss)
#   Set larger code cache with -XX:ReservedCodeCacheSize=
# This output file may be truncated or incomplete.
#
#  Out of Memory Error (os_linux.cpp:2899), pid=46657, tid=46659
#
# JRE version: OpenJDK Runtime Environment (13.0.7+5) (build 13.0.7+5-Ubuntu-0ubuntu120.04)
# Java VM: OpenJDK 64-Bit Server VM (13.0.7+5-Ubuntu-0ubuntu120.04, mixed mode, tiered, serial gc, linux-amd64)
# No core dump will be written. Core dumps have been disabled. To enable core dumping, try "ulimit -c unlimited" before starting Java again
#

---------------  S U M M A R Y ------------

Command Line: -Xmx64g --add-modules=ALL-DEFAULT jdk.compiler/com.sun.tools.javac.launcher.Main /mnt/beegfs/rcabanas/dev/credici/papers/journalEM/code/LearnAndCalculatePNS.java -w -x 1000 -m 500 -sc LLratio -th 0.99 -a EMCC --seed 0 --output /mnt/beegfs/rcabanas/dev/credici/papers/journalEM/output/synthetic/s12 /mnt/beegfs/rcabanas/dev/credici/papers/journalEM/models/synthetic/s12/random_mc2_n10_mid3_d1000_05_mr098_r10_52.uai

Host: AMD EPYC 7542 32-Core Processor, 64 cores, 251G, Ubuntu 20.04.4 LTS
Time: Tue Nov 22 12:40:49 2022 CET elapsed time: 8018.473606 seconds (0d 2h 13m 38s)

---------------  T H R E A D  ---------------

Current thread (0x00007f78c8097800):  VMThread "VM Thread" [stack: 0x00007f78cc1db000,0x00007f78cc2db000] [id=46659]

Stack: [0x00007f78cc1db000,0x00007f78cc2db000],  sp=0x00007f78cc2d9160,  free space=1016k
Native frames: (J=compiled Java code, A=aot compiled Java code, j=interpreted, Vv=VM code, C=native code)
V  [libjvm.so+0xf8f092]
V  [libjvm.so+0xf8fc91]
V  [libjvm.so+0x66ee5a]
V  [libjvm.so+0xc44a41]
V  [libjvm.so+0xc3b263]
V  [libjvm.so+0xf87f4b]
V  [libjvm.so+0x557506]
V  [libjvm.so+0x557723]
V  [libjvm.so+0xf18b0c]
V  [libjvm.so+0x557e65]
V  [libjvm.so+0x7e2edb]
V  [libjvm.so+0x7e39bd]
V  [libjvm.so+0x7d8b48]
V  [libjvm.so+0xf90940]
V  [libjvm.so+0xf96657]
V  [libjvm.so+0xf96d2b]
V  [libjvm.so+0xf9706a]
V  [libjvm.so+0xf2208f]
V  [libjvm.so+0xc493ff]

VM_Operation (0x00007f78cc74b410): GenCollectForAllocation, mode: safepoint, requested by thread 0x00007f78c8018000


---------------  P R O C E S S  ---------------

Threads class SMR info:
_java_thread_list=0x00007f78c8135cd0, length=9, elements={
0x00007f78c8018000, 0x00007f78c80a3800, 0x00007f78c80a7000, 0x00007f78c80cb800,
0x00007f78c80cd000, 0x00007f78c80cf000, 0x00007f78c80d1000, 0x00007f78c80d3000,
0x00007f78c8134800
}

Java Threads: ( => current thread )
  0x00007f78c8018000 JavaThread "main" [_thread_blocked, id=46658, stack(0x00007f78cc64d000,0x00007f78cc74e000)]
  0x00007f78c80a3800 JavaThread "Reference Handler" daemon [_thread_blocked, id=46660, stack(0x00007f78cc0d8000,0x00007f78cc1d9000)]
  0x00007f78c80a7000 JavaThread "Finalizer" daemon [_thread_blocked, id=46661, stack(0x00007f78b0689000,0x00007f78b078a000)]
  0x00007f78c80cb800 JavaThread "Signal Dispatcher" daemon [_thread_blocked, id=46662, stack(0x00007f68a27a8000,0x00007f68a28a9000)]
  0x00007f78c80cd000 JavaThread "Service Thread" daemon [_thread_blocked, id=46663, stack(0x00007f68a26a7000,0x00007f68a27a8000)]
  0x00007f78c80cf000 JavaThread "C2 CompilerThread0" daemon [_thread_blocked, id=46664, stack(0x00007f68a25a6000,0x00007f68a26a7000)]
  0x00007f78c80d1000 JavaThread "C1 CompilerThread0" daemon [_thread_blocked, id=46665, stack(0x00007f68a24a5000,0x00007f68a25a6000)]
  0x00007f78c80d3000 JavaThread "Sweeper thread" daemon [_thread_blocked, id=46666, stack(0x00007f68a23a4000,0x00007f68a24a5000)]
  0x00007f78c8134800 JavaThread "Common-Cleaner" daemon [_thread_blocked, id=46667, stack(0x00007f68a22a3000,0x00007f68a23a4000)]

Other Threads:
=>0x00007f78c8097800 VMThread "VM Thread" [stack: 0x00007f78cc1db000,0x00007f78cc2db000] [id=46659]
  0x00007f78c8181800 WatcherThread [stack: 0x00007f68a21a3000,0x00007f68a22a3000] [id=46668]

Threads with active compile tasks:

VM state:at safepoint (normal execution)

VM Mutex/Monitor currently owned by a thread:  ([mutex/lock_event])
[0x00007f78c8014200] Threads_lock - owner thread: 0x00007f78c8097800
[0x00007f78c8014e00] Heap_lock - owner thread: 0x00007f78c8018000

Heap:
 def new generation   total 2911744K, used 18697K [0x00007f68b0600000, 0x00007f6975d70000, 0x00007f6e05b50000)
  eden space 2588224K,   0% used [0x00007f68b0600000, 0x00007f68b1842538, 0x00007f694e590000)
  from space 323520K,   0% used [0x00007f694e590000, 0x00007f694e590000, 0x00007f6962180000)
  to   space 323520K,   0% used [0x00007f6962180000, 0x00007f6962180000, 0x00007f6975d70000)
 tenured generation   total 6471664K, used 6471663K [0x00007f6e05b50000, 0x00007f6f90b4c000, 0x00007f78b0600000)
   the space 6471664K,  99% used [0x00007f6e05b50000, 0x00007f6f90b4bfe0, 0x00007f6f90b4c000, 0x00007f6f90b4c000)
 Metaspace       used 24333K, capacity 24776K, committed 24832K, reserved 26624K

Card table byte_map: [0x00007f68a85ff000,0x00007f68b0600000] _byte_map_base: 0x00007f28f407c000

Polling page: 0x00007f78ce0d9000

Metaspace:

Usage:
   24.20 MB capacity,    23.76 MB ( 98%) used,   348.06 KB (  1%) free+waste,    94.62 KB ( <1%) overhead. 

Virtual space:
     26.00 MB reserved,      24.25 MB ( 93%) committed 

Chunk freelists:
52.00 KB

MaxMetaspaceSize: unlimited


CodeHeap 'non-profiled nmethods': size=120036Kb used=2891Kb max_used=2891Kb free=117144Kb
 bounds [0x00007f78b8251000, 0x00007f78b8531000, 0x00007f78bf78a000]
CodeHeap 'profiled nmethods': size=120032Kb used=4775Kb max_used=7311Kb free=115256Kb
 bounds [0x00007f78b0d19000, 0x00007f78b1449000, 0x00007f78b8251000]
CodeHeap 'non-nmethods': size=5692Kb used=1211Kb max_used=1261Kb free=4480Kb
 bounds [0x00007f78b078a000, 0x00007f78b09fa000, 0x00007f78b0d19000]
 total_blobs=3664 nmethods=3183 adapters=396
 compilation: enabled
              stopped_count=0, restarted_count=0
 full_count=0

Compilation events (20 events):
Event: 4409.603 Thread 0x00007f78c80cf000 4319 %     4       ch.idsia.crema.inference.ve.order.MinFillOrdering::triangulate @ 226 (420 bytes)
Event: 4409.809 Thread 0x00007f78c80cf000 nmethod 4319% 0x00007f78b851ba10 code [0x00007f78b851bd20, 0x00007f78b851e430]
Event: 4477.205 Thread 0x00007f78c80cf000 4320       4       ch.idsia.credici.utility.DataUtil::getJointProb (14 bytes)
Event: 4477.225 Thread 0x00007f78c80cf000 nmethod 4320 0x00007f78b83eef90 code [0x00007f78b83ef140, 0x00007f78b83ef4c8]
Event: 5015.959 Thread 0x00007f78c80cf000 4321       4       ch.idsia.crema.inference.ve.order.MinFillOrdering::triangulate (420 bytes)
Event: 5016.141 Thread 0x00007f78c80cf000 nmethod 4321 0x00007f78b8520610 code [0x00007f78b8520940, 0x00007f78b85235b0]
Event: 6116.885 Thread 0x00007f78c80d1000 4322       3       java.util.HashMap::treeifyBin (110 bytes)
Event: 6116.911 Thread 0x00007f78c80d1000 nmethod 4322 0x00007f78b0db5390 code [0x00007f78b0db5580, 0x00007f78b0db5bc0]
Event: 6161.719 Thread 0x00007f78c80cf000 4323       4       ch.idsia.credici.utility.DataUtil::getCounts (88 bytes)
Event: 6161.829 Thread 0x00007f78c80cf000 nmethod 4323 0x00007f78b8526190 code [0x00007f78b8526400, 0x00007f78b8527c48]
Event: 6516.345 Thread 0x00007f78c80cf000 4324       4       ch.idsia.credici.model.tools.CausalInfo::of (42 bytes)
Event: 6516.405 Thread 0x00007f78c80cf000 nmethod 4324 0x00007f78b8529590 code [0x00007f78b85297a0, 0x00007f78b852a558]
Event: 6937.346 Thread 0x00007f78c80cf000 4325 %     4       ch.idsia.crema.inference.ve.order.MinFillOrdering::loadMoralized @ 135 (193 bytes)
Event: 6937.426 Thread 0x00007f78c80cf000 nmethod 4325% 0x00007f78b852b210 code [0x00007f78b852b4e0, 0x00007f78b852d110]
Event: 7478.927 Thread 0x00007f78c80cf000 4326       4       java.util.Arrays::copyOfRange (64 bytes)
Event: 7478.996 Thread 0x00007f78c80cf000 nmethod 4326 0x00007f78b8516a10 code [0x00007f78b8516b80, 0x00007f78b8516e58]
Event: 7493.879 Thread 0x00007f78c80cf000 4327       4       com.google.common.primitives.Doubles::concat (90 bytes)
Event: 7493.883 Thread 0x00007f78c80cf000 nmethod 4327 0x00007f78b83a1310 code [0x00007f78b83a14a0, 0x00007f78b83a1778]
Event: 7504.599 Thread 0x00007f78c80cf000 4328       4       ch.idsia.crema.factor.bayesian.BayesianFactor::random (59 bytes)
Event: 7504.605 Thread 0x00007f78c80cf000 nmethod 4328 0x00007f78b83a9190 code [0x00007f78b83a9340, 0x00007f78b83a9998]

GC Heap History (20 events):
Event: 7988.232 GC heap after
{Heap after GC invocations=10831 (full 4):
 def new generation   total 2911744K, used 22241K [0x00007f68b0600000, 0x00007f6975d70000, 0x00007f6e05b50000)
  eden space 2588224K,   0% used [0x00007f68b0600000, 0x00007f68b0600000, 0x00007f694e590000)
  from space 323520K,   6% used [0x00007f6962180000, 0x00007f6963738660, 0x00007f6975d70000)
  to   space 323520K,   0% used [0x00007f694e590000, 0x00007f694e590000, 0x00007f6962180000)
 tenured generation   total 6470512K, used 6456298K [0x00007f6e05b50000, 0x00007f6f90a2c000, 0x00007f78b0600000)
   the space 6470512K,  99% used [0x00007f6e05b50000, 0x00007f6f8fc4a9d0, 0x00007f6f8fc4aa00, 0x00007f6f90a2c000)
 Metaspace       used 24333K, capacity 24776K, committed 24832K, reserved 26624K
}
Event: 7989.714 GC heap before
{Heap before GC invocations=10831 (full 4):
 def new generation   total 2911744K, used 2610465K [0x00007f68b0600000, 0x00007f6975d70000, 0x00007f6e05b50000)
  eden space 2588224K, 100% used [0x00007f68b0600000, 0x00007f694e590000, 0x00007f694e590000)
  from space 323520K,   6% used [0x00007f6962180000, 0x00007f6963738660, 0x00007f6975d70000)
  to   space 323520K,   0% used [0x00007f694e590000, 0x00007f694e590000, 0x00007f6962180000)
 tenured generation   total 6470512K, used 6456298K [0x00007f6e05b50000, 0x00007f6f90a2c000, 0x00007f78b0600000)
   the space 6470512K,  99% used [0x00007f6e05b50000, 0x00007f6f8fc4a9d0, 0x00007f6f8fc4aa00, 0x00007f6f90a2c000)
 Metaspace       used 24333K, capacity 24776K, committed 24832K, reserved 26624K
}
Event: 7989.750 GC heap after
{Heap after GC invocations=10832 (full 4):
 def new generation   total 2911744K, used 20296K [0x00007f68b0600000, 0x00007f6975d70000, 0x00007f6e05b50000)
  eden space 2588224K,   0% used [0x00007f68b0600000, 0x00007f68b0600000, 0x00007f694e590000)
  from space 323520K,   6% used [0x00007f694e590000, 0x00007f694f962398, 0x00007f6962180000)
  to   space 323520K,   0% used [0x00007f6962180000, 0x00007f6962180000, 0x00007f6975d70000)
 tenured generation   total 6470512K, used 6459056K [0x00007f6e05b50000, 0x00007f6f90a2c000, 0x00007f78b0600000)
   the space 6470512K,  99% used [0x00007f6e05b50000, 0x00007f6f8fefc2a0, 0x00007f6f8fefc400, 0x00007f6f90a2c000)
 Metaspace       used 24333K, capacity 24776K, committed 24832K, reserved 26624K
}
Event: 7991.219 GC heap before
{Heap before GC invocations=10832 (full 4):
 def new generation   total 2911744K, used 2608520K [0x00007f68b0600000, 0x00007f6975d70000, 0x00007f6e05b50000)
  eden space 2588224K, 100% used [0x00007f68b0600000, 0x00007f694e590000, 0x00007f694e590000)
  from space 323520K,   6% used [0x00007f694e590000, 0x00007f694f962398, 0x00007f6962180000)
  to   space 323520K,   0% used [0x00007f6962180000, 0x00007f6962180000, 0x00007f6975d70000)
 tenured generation   total 6470512K, used 6459056K [0x00007f6e05b50000, 0x00007f6f90a2c000, 0x00007f78b0600000)
   the space 6470512K,  99% used [0x00007f6e05b50000, 0x00007f6f8fefc2a0, 0x00007f6f8fefc400, 0x00007f6f90a2c000)
 Metaspace       used 24333K, capacity 24776K, committed 24832K, reserved 26624K
}
Event: 7991.247 GC heap after
{Heap after GC invocations=10833 (full 4):
 def new generation   total 2911744K, used 18217K [0x00007f68b0600000, 0x00007f6975d70000, 0x00007f6e05b50000)
  eden space 2588224K,   0% used [0x00007f68b0600000, 0x00007f68b0600000, 0x00007f694e590000)
  from space 323520K,   5% used [0x00007f6962180000, 0x00007f696334a6f0, 0x00007f6975d70000)
  to   space 323520K,   0% used [0x00007f694e590000, 0x00007f694e590000, 0x00007f6962180000)
 tenured generation   total 6470512K, used 6461934K [0x00007f6e05b50000, 0x00007f6f90a2c000, 0x00007f78b0600000)
   the space 6470512K,  99% used [0x00007f6e05b50000, 0x00007f6f901cb810, 0x00007f6f901cba00, 0x00007f6f90a2c000)
 Metaspace       used 24333K, capacity 24776K, committed 24832K, reserved 26624K
}
Event: 7992.749 GC heap before
{Heap before GC invocations=10833 (full 4):
 def new generation   total 2911744K, used 2606441K [0x00007f68b0600000, 0x00007f6975d70000, 0x00007f6e05b50000)
  eden space 2588224K, 100% used [0x00007f68b0600000, 0x00007f694e590000, 0x00007f694e590000)
  from space 323520K,   5% used [0x00007f6962180000, 0x00007f696334a6f0, 0x00007f6975d70000)
  to   space 323520K,   0% used [0x00007f694e590000, 0x00007f694e590000, 0x00007f6962180000)
 tenured generation   total 6470512K, used 6461934K [0x00007f6e05b50000, 0x00007f6f90a2c000, 0x00007f78b0600000)
   the space 6470512K,  99% used [0x00007f6e05b50000, 0x00007f6f901cb810, 0x00007f6f901cba00, 0x00007f6f90a2c000)
 Metaspace       used 24333K, capacity 24776K, committed 24832K, reserved 26624K
}
Event: 7992.781 GC heap after
{Heap after GC invocations=10834 (full 4):
 def new generation   total 2911744K, used 18088K [0x00007f68b0600000, 0x00007f6975d70000, 0x00007f6e05b50000)
  eden space 2588224K,   0% used [0x00007f68b0600000, 0x00007f68b0600000, 0x00007f694e590000)
  from space 323520K,   5% used [0x00007f694e590000, 0x00007f694f73a1b0, 0x00007f6962180000)
  to   space 323520K,   0% used [0x00007f6962180000, 0x00007f6962180000, 0x00007f6975d70000)
 tenured generation   total 6470512K, used 6463868K [0x00007f6e05b50000, 0x00007f6f90a2c000, 0x00007f78b0600000)
   the space 6470512K,  99% used [0x00007f6e05b50000, 0x00007f6f903af3e0, 0x00007f6f903af400, 0x00007f6f90a2c000)
 Metaspace       used 24333K, capacity 24776K, committed 24832K, reserved 26624K
}
Event: 7994.269 GC heap before
{Heap before GC invocations=10834 (full 4):
 def new generation   total 2911744K, used 2606312K [0x00007f68b0600000, 0x00007f6975d70000, 0x00007f6e05b50000)
  eden space 2588224K, 100% used [0x00007f68b0600000, 0x00007f694e590000, 0x00007f694e590000)
  from space 323520K,   5% used [0x00007f694e590000, 0x00007f694f73a1b0, 0x00007f6962180000)
  to   space 323520K,   0% used [0x00007f6962180000, 0x00007f6962180000, 0x00007f6975d70000)
 tenured generation   total 6470512K, used 6463868K [0x00007f6e05b50000, 0x00007f6f90a2c000, 0x00007f78b0600000)
   the space 6470512K,  99% used [0x00007f6e05b50000, 0x00007f6f903af3e0, 0x00007f6f903af400, 0x00007f6f90a2c000)
 Metaspace       used 24333K, capacity 24776K, committed 24832K, reserved 26624K
}
Event: 7994.304 GC heap after
{Heap after GC invocations=10835 (full 4):
 def new generation   total 2911744K, used 19686K [0x00007f68b0600000, 0x00007f6975d70000, 0x00007f6e05b50000)
  eden space 2588224K,   0% used [0x00007f68b0600000, 0x00007f68b0600000, 0x00007f694e590000)
  from space 323520K,   6% used [0x00007f6962180000, 0x00007f69634b9840, 0x00007f6975d70000)
  to   space 323520K,   0% used [0x00007f694e590000, 0x00007f694e590000, 0x00007f6962180000)
 tenured generation   total 6470512K, used 6465136K [0x00007f6e05b50000, 0x00007f6f90a2c000, 0x00007f78b0600000)
   the space 6470512K,  99% used [0x00007f6e05b50000, 0x00007f6f904ec310, 0x00007f6f904ec400, 0x00007f6f90a2c000)
 Metaspace       used 24333K, capacity 24776K, committed 24832K, reserved 26624K
}
Event: 7995.761 GC heap before
{Heap before GC invocations=10835 (full 4):
 def new generation   total 2911744K, used 2607910K [0x00007f68b0600000, 0x00007f6975d70000, 0x00007f6e05b50000)
  eden space 2588224K, 100% used [0x00007f68b0600000, 0x00007f694e590000, 0x00007f694e590000)
  from space 323520K,   6% used [0x00007f6962180000, 0x00007f69634b9840, 0x00007f6975d70000)
  to   space 323520K,   0% used [0x00007f694e590000, 0x00007f694e590000, 0x00007f6962180000)
 tenured generation   total 6470512K, used 6465136K [0x00007f6e05b50000, 0x00007f6f90a2c000, 0x00007f78b0600000)
   the space 6470512K,  99% used [0x00007f6e05b50000, 0x00007f6f904ec310, 0x00007f6f904ec400, 0x00007f6f90a2c000)
 Metaspace       used 24333K, capacity 24776K, committed 24832K, reserved 26624K
}
Event: 7995.791 GC heap after
{Heap after GC invocations=10836 (full 4):
 def new generation   total 2911744K, used 20824K [0x00007f68b0600000, 0x00007f6975d70000, 0x00007f6e05b50000)
  eden space 2588224K,   0% used [0x00007f68b0600000, 0x00007f68b0600000, 0x00007f694e590000)
  from space 323520K,   6% used [0x00007f694e590000, 0x00007f694f9e6030, 0x00007f6962180000)
  to   space 323520K,   0% used [0x00007f6962180000, 0x00007f6962180000, 0x00007f6975d70000)
 tenured generation   total 6470512K, used 6466134K [0x00007f6e05b50000, 0x00007f6f90a2c000, 0x00007f78b0600000)
   the space 6470512K,  99% used [0x00007f6e05b50000, 0x00007f6f905e5990, 0x00007f6f905e5a00, 0x00007f6f90a2c000)
 Metaspace       used 24333K, capacity 24776K, committed 24832K, reserved 26624K
}
Event: 7997.273 GC heap before
{Heap before GC invocations=10836 (full 4):
 def new generation   total 2911744K, used 2609048K [0x00007f68b0600000, 0x00007f6975d70000, 0x00007f6e05b50000)
  eden space 2588224K, 100% used [0x00007f68b0600000, 0x00007f694e590000, 0x00007f694e590000)
  from space 323520K,   6% used [0x00007f694e590000, 0x00007f694f9e6030, 0x00007f6962180000)
  to   space 323520K,   0% used [0x00007f6962180000, 0x00007f6962180000, 0x00007f6975d70000)
 tenured generation   total 6470512K, used 6466134K [0x00007f6e05b50000, 0x00007f6f90a2c000, 0x00007f78b0600000)
   the space 6470512K,  99% used [0x00007f6e05b50000, 0x00007f6f905e5990, 0x00007f6f905e5a00, 0x00007f6f90a2c000)
 Metaspace       used 24333K, capacity 24776K, committed 24832K, reserved 26624K
}
Event: 7997.310 GC heap after
{Heap after GC invocations=10837 (full 4):
 def new generation   total 2911744K, used 20528K [0x00007f68b0600000, 0x00007f6975d70000, 0x00007f6e05b50000)
  eden space 2588224K,   0% used [0x00007f68b0600000, 0x00007f68b0600000, 0x00007f694e590000)
  from space 323520K,   6% used [0x00007f6962180000, 0x00007f696358c158, 0x00007f6975d70000)
  to   space 323520K,   0% used [0x00007f694e590000, 0x00007f694e590000, 0x00007f6962180000)
 tenured generation   total 6470512K, used 6467210K [0x00007f6e05b50000, 0x00007f6f90a2c000, 0x00007f78b0600000)
   the space 6470512K,  99% used [0x00007f6e05b50000, 0x00007f6f906f28c0, 0x00007f6f906f2a00, 0x00007f6f90a2c000)
 Metaspace       used 24333K, capacity 24776K, committed 24832K, reserved 26624K
}
Event: 7998.837 GC heap before
{Heap before GC invocations=10837 (full 4):
 def new generation   total 2911744K, used 2608752K [0x00007f68b0600000, 0x00007f6975d70000, 0x00007f6e05b50000)
  eden space 2588224K, 100% used [0x00007f68b0600000, 0x00007f694e590000, 0x00007f694e590000)
  from space 323520K,   6% used [0x00007f6962180000, 0x00007f696358c158, 0x00007f6975d70000)
  to   space 323520K,   0% used [0x00007f694e590000, 0x00007f694e590000, 0x00007f6962180000)
 tenured generation   total 6470512K, used 6467210K [0x00007f6e05b50000, 0x00007f6f90a2c000, 0x00007f78b0600000)
   the space 6470512K,  99% used [0x00007f6e05b50000, 0x00007f6f906f28c0, 0x00007f6f906f2a00, 0x00007f6f90a2c000)
 Metaspace       used 24333K, capacity 24776K, committed 24832K, reserved 26624K
}
Event: 7998.866 GC heap after
{Heap after GC invocations=10838 (full 4):
 def new generation   total 2911744K, used 20260K [0x00007f68b0600000, 0x00007f6975d70000, 0x00007f6e05b50000)
  eden space 2588224K,   0% used [0x00007f68b0600000, 0x00007f68b0600000, 0x00007f694e590000)
  from space 323520K,   6% used [0x00007f694e590000, 0x00007f694f9593e0, 0x00007f6962180000)
  to   space 323520K,   0% used [0x00007f6962180000, 0x00007f6962180000, 0x00007f6975d70000)
 tenured generation   total 6470512K, used 6468266K [0x00007f6e05b50000, 0x00007f6f90a2c000, 0x00007f78b0600000)
   the space 6470512K,  99% used [0x00007f6e05b50000, 0x00007f6f907fabf0, 0x00007f6f907fac00, 0x00007f6f90a2c000)
 Metaspace       used 24333K, capacity 24776K, committed 24832K, reserved 26624K
}
Event: 8000.378 GC heap before
{Heap before GC invocations=10838 (full 4):
 def new generation   total 2911744K, used 2608484K [0x00007f68b0600000, 0x00007f6975d70000, 0x00007f6e05b50000)
  eden space 2588224K, 100% used [0x00007f68b0600000, 0x00007f694e590000, 0x00007f694e590000)
  from space 323520K,   6% used [0x00007f694e590000, 0x00007f694f9593e0, 0x00007f6962180000)
  to   space 323520K,   0% used [0x00007f6962180000, 0x00007f6962180000, 0x00007f6975d70000)
 tenured generation   total 6470512K, used 6468266K [0x00007f6e05b50000, 0x00007f6f90a2c000, 0x00007f78b0600000)
   the space 6470512K,  99% used [0x00007f6e05b50000, 0x00007f6f907fabf0, 0x00007f6f907fac00, 0x00007f6f90a2c000)
 Metaspace       used 24333K, capacity 24776K, committed 24832K, reserved 26624K
}
Event: 8000.413 GC heap after
{Heap after GC invocations=10839 (full 4):
 def new generation   total 2911744K, used 19498K [0x00007f68b0600000, 0x00007f6975d70000, 0x00007f6e05b50000)
  eden space 2588224K,   0% used [0x00007f68b0600000, 0x00007f68b0600000, 0x00007f694e590000)
  from space 323520K,   6% used [0x00007f6962180000, 0x00007f696348a910, 0x00007f6975d70000)
  to   space 323520K,   0% used [0x00007f694e590000, 0x00007f694e590000, 0x00007f6962180000)
 tenured generation   total 6470512K, used 6469822K [0x00007f6e05b50000, 0x00007f6f90a2c000, 0x00007f78b0600000)
   the space 6470512K,  99% used [0x00007f6e05b50000, 0x00007f6f9097f890, 0x00007f6f9097fa00, 0x00007f6f90a2c000)
 Metaspace       used 24333K, capacity 24776K, committed 24832K, reserved 26624K
}
Event: 8001.978 GC heap before
{Heap before GC invocations=10839 (full 4):
 def new generation   total 2911744K, used 2607722K [0x00007f68b0600000, 0x00007f6975d70000, 0x00007f6e05b50000)
  eden space 2588224K, 100% used [0x00007f68b0600000, 0x00007f694e590000, 0x00007f694e590000)
  from space 323520K,   6% used [0x00007f6962180000, 0x00007f696348a910, 0x00007f6975d70000)
  to   space 323520K,   0% used [0x00007f694e590000, 0x00007f694e590000, 0x00007f6962180000)
 tenured generation   total 6470512K, used 6469822K [0x00007f6e05b50000, 0x00007f6f90a2c000, 0x00007f78b0600000)
   the space 6470512K,  99% used [0x00007f6e05b50000, 0x00007f6f9097f890, 0x00007f6f9097fa00, 0x00007f6f90a2c000)
 Metaspace       used 24333K, capacity 24776K, committed 24832K, reserved 26624K
}
Event: 8002.008 GC heap after
{Heap after GC invocations=10840 (full 4):
 def new generation   total 2911744K, used 18868K [0x00007f68b0600000, 0x00007f6975d70000, 0x00007f6e05b50000)
  eden space 2588224K,   0% used [0x00007f68b0600000, 0x00007f68b0600000, 0x00007f694e590000)
  from space 323520K,   5% used [0x00007f694e590000, 0x00007f694f7fd368, 0x00007f6962180000)
  to   space 323520K,   0% used [0x00007f6962180000, 0x00007f6962180000, 0x00007f6975d70000)
 tenured generation   total 6471664K, used 6471492K [0x00007f6e05b50000, 0x00007f6f90b4c000, 0x00007f78b0600000)
   the space 6471664K,  99% used [0x00007f6e05b50000, 0x00007f6f90b211b0, 0x00007f6f90b21200, 0x00007f6f90b4c000)
 Metaspace       used 24333K, capacity 24776K, committed 24832K, reserved 26624K
}
Event: 8002.008 GC heap before
{Heap before GC invocations=10840 (full 4):
 def new generation   total 2911744K, used 18868K [0x00007f68b0600000, 0x00007f6975d70000, 0x00007f6e05b50000)
  eden space 2588224K,   0% used [0x00007f68b0600000, 0x00007f68b0600000, 0x00007f694e590000)
  from space 323520K,   5% used [0x00007f694e590000, 0x00007f694f7fd368, 0x00007f6962180000)
  to   space 323520K,   0% used [0x00007f6962180000, 0x00007f6962180000, 0x00007f6975d70000)
 tenured generation   total 6471664K, used 6471492K [0x00007f6e05b50000, 0x00007f6f90b4c000, 0x00007f78b0600000)
   the space 6471664K,  99% used [0x00007f6e05b50000, 0x00007f6f90b211b0, 0x00007f6f90b21200, 0x00007f6f90b4c000)
 Metaspace       used 24333K, capacity 24776K, committed 24832K, reserved 26624K
}

Deoptimization events (20 events):
Event: 1558.349 Thread 0x00007f78c8018000 Uncommon trap: trap_request=0xffffff45 fr.pc=0x00007f78b8343114 relative=0x00000000000001f4
Event: 1558.349 Thread 0x00007f78c8018000 Uncommon trap: reason=unstable_if action=reinterpret pc=0x00007f78b8343114 method=java.util.HashMap.getNode(ILjava/lang/Object;)Ljava/util/HashMap$Node; @ 84 c2
Event: 1558.349 Thread 0x00007f78c8018000 DEOPT PACKING pc=0x00007f78b8343114 sp=0x00007f78cc74b480
Event: 1558.349 Thread 0x00007f78c8018000 DEOPT UNPACKING pc=0x00007f78b07d2e25 sp=0x00007f78cc74b3a8 mode 2
Event: 1558.349 Thread 0x00007f78c8018000 Uncommon trap: trap_request=0xffffff45 fr.pc=0x00007f78b833d3f8 relative=0x0000000000000158
Event: 1558.349 Thread 0x00007f78c8018000 Uncommon trap: reason=unstable_if action=reinterpret pc=0x00007f78b833d3f8 method=java.util.HashMap.getNode(ILjava/lang/Object;)Ljava/util/HashMap$Node; @ 84 c2
Event: 1558.349 Thread 0x00007f78c8018000 DEOPT PACKING pc=0x00007f78b833d3f8 sp=0x00007f78cc74b3f0
Event: 1558.349 Thread 0x00007f78c8018000 DEOPT UNPACKING pc=0x00007f78b07d2e25 sp=0x00007f78cc74b398 mode 2
Event: 1866.808 Thread 0x00007f78c8018000 Uncommon trap: trap_request=0xffffffc6 fr.pc=0x00007f78b82b8a78 relative=0x00000000000009d8
Event: 1866.808 Thread 0x00007f78c8018000 Uncommon trap: reason=bimorphic_or_optimized_type_check action=maybe_recompile pc=0x00007f78b82b8a78 method=java.util.HashMap.removeNode(ILjava/lang/Object;Ljava/lang/Object;ZZ)Ljava/util/HashMap$Node; @ 68 c2
Event: 1866.808 Thread 0x00007f78c8018000 DEOPT PACKING pc=0x00007f78b82b8a78 sp=0x00007f78cc74b4e0
Event: 1866.808 Thread 0x00007f78c8018000 DEOPT UNPACKING pc=0x00007f78b07d2e25 sp=0x00007f78cc74b478 mode 2
Event: 2095.908 Thread 0x00007f78c8018000 Uncommon trap: trap_request=0xffffffc6 fr.pc=0x00007f78b82b8a78 relative=0x00000000000009d8
Event: 2095.909 Thread 0x00007f78c8018000 Uncommon trap: reason=bimorphic_or_optimized_type_check action=maybe_recompile pc=0x00007f78b82b8a78 method=java.util.HashMap.removeNode(ILjava/lang/Object;Ljava/lang/Object;ZZ)Ljava/util/HashMap$Node; @ 68 c2
Event: 2095.909 Thread 0x00007f78c8018000 DEOPT PACKING pc=0x00007f78b82b8a78 sp=0x00007f78cc74b4e0
Event: 2095.909 Thread 0x00007f78c8018000 DEOPT UNPACKING pc=0x00007f78b07d2e25 sp=0x00007f78cc74b478 mode 2
Event: 2230.910 Thread 0x00007f78c8018000 DEOPT PACKING pc=0x00007f78b1318769 sp=0x00007f78cc74ba40
Event: 2230.910 Thread 0x00007f78c8018000 DEOPT UNPACKING pc=0x00007f78b07d333a sp=0x00007f78cc74af48 mode 0
Event: 5015.973 Thread 0x00007f78c8018000 DEOPT PACKING pc=0x00007f78b0d57a9e sp=0x00007f78cc74b920
Event: 5015.973 Thread 0x00007f78c8018000 DEOPT UNPACKING pc=0x00007f78b07d333a sp=0x00007f78cc74ae90 mode 0

Classes unloaded (0 events):
No events

Classes redefined (0 events):
No events

Internal exceptions (20 events):
Event: 0.992 Thread 0x00007f78c8018000 Exception <a 'java/lang/NoSuchMethodError'{0x00007f68b1c59980}: 'java.lang.Object java.lang.invoke.DirectMethodHandle$Holder.invokeVirtual(java.lang.Object, java.lang.Object, java.lang.Object, int, int)'> (0x00007f68b1c59980) 
thrown [src/hotspot/share/interpreter/linkResolver.cpp, line 766]
Event: 0.993 Thread 0x00007f78c8018000 Exception <a 'java/lang/NoSuchMethodError'{0x00007f68b1c61d30}: 'java.lang.Object java.lang.invoke.DirectMethodHandle$Holder.invokeVirtual(java.lang.Object, java.lang.Object, int)'> (0x00007f68b1c61d30) 
thrown [src/hotspot/share/interpreter/linkResolver.cpp, line 766]
Event: 1.011 Thread 0x00007f78c8018000 Exception <a 'java/lang/NoSuchMethodError'{0x00007f68b1c82ac8}: 'java.lang.Object java.lang.invoke.DirectMethodHandle$Holder.invokeSpecial(java.lang.Object, java.lang.Object, java.lang.Object, int, int)'> (0x00007f68b1c82ac8) 
thrown [src/hotspot/share/interpreter/linkResolver.cpp, line 766]
Event: 1.465 Thread 0x00007f78c8018000 Implicit null exception at 0x00007f78b82ae1dd to 0x00007f78b82aed90
Event: 1.501 Thread 0x00007f78c8018000 Exception <a 'java/lang/NoSuchMethodError'{0x00007f68b3243110}: 'int java.lang.invoke.DirectMethodHandle$Holder.invokeSpecial(java.lang.Object, java.lang.Object, java.lang.Object, java.lang.Object, java.lang.Object)'> (0x00007f68b3243110) 
thrown [src/hotspot/share/interpreter/linkResolver.cpp, line 766]
Event: 1.614 Thread 0x00007f78c8018000 Exception <a 'java/lang/NoSuchMethodError'{0x00007f68b3661848}: 'java.lang.Object java.lang.invoke.DirectMethodHandle$Holder.invokeStatic(java.lang.Object, java.lang.Object, int, int)'> (0x00007f68b3661848) 
thrown [src/hotspot/share/interpreter/linkResolver.cpp, line 766]
Event: 2.123 Thread 0x00007f78c8018000 Exception <a 'java/lang/NoSuchMethodError'{0x00007f68b5c5bea0}: 'void java.lang.invoke.DirectMethodHandle$Holder.invokeVirtual(java.lang.Object, java.lang.Object)'> (0x00007f68b5c5bea0) 
thrown [src/hotspot/share/interpreter/linkResolver.cpp, line 766]
Event: 2.315 Thread 0x00007f78c8018000 Exception <a 'java/lang/NoSuchMethodError'{0x00007f68b5fe5700}: 'int java.lang.invoke.DirectMethodHandle$Holder.invokeVirtual(java.lang.Object, java.lang.Object, java.lang.Object, java.lang.Object)'> (0x00007f68b5fe5700) 
thrown [src/hotspot/share/interpreter/linkResolver.cpp, line 766]
Event: 2.316 Thread 0x00007f78c8018000 Exception <a 'java/lang/NoSuchMethodError'{0x00007f68b5ff3968}: 'java.lang.Object java.lang.invoke.DirectMethodHandle$Holder.invokeStatic(java.lang.Object, java.lang.Object, int, java.lang.Object)'> (0x00007f68b5ff3968) 
thrown [src/hotspot/share/interpreter/linkResolver.cpp, line 766]
Event: 2.317 Thread 0x00007f78c8018000 Exception <a 'java/lang/NoSuchMethodError'{0x00007f68b5ffc280}: 'java.lang.Object java.lang.invoke.Invokers$Holder.linkToTargetMethod(java.lang.Object, int, java.lang.Object, java.lang.Object)'> (0x00007f68b5ffc280) 
thrown [src/hotspot/share/interpreter/linkResolver.cpp, line 766]
Event: 2.655 Thread 0x00007f78c8018000 Implicit null exception at 0x00007f78b82be2c5 to 0x00007f78b82be498
Event: 2.656 Thread 0x00007f78c8018000 Implicit null exception at 0x00007f78b827eb8f to 0x00007f78b827ebf9
Event: 3.131 Thread 0x00007f78c8018000 Implicit null exception at 0x00007f78b82a72c3 to 0x00007f78b82a7344
Event: 3.139 Thread 0x00007f78c8018000 Exception <a 'java/lang/NoSuchMethodError'{0x00007f68b6ded3a8}: 'java.lang.Object java.lang.invoke.Invokers$Holder.linkToTargetMethod(java.lang.Object, int, java.lang.Object)'> (0x00007f68b6ded3a8) 
thrown [src/hotspot/share/interpreter/linkResolver.cpp, line 766]
Event: 3.150 Thread 0x00007f78c8018000 Exception <a 'java/lang/NoSuchMethodError'{0x00007f68b6e273e0}: 'java.lang.Object java.lang.invoke.Invokers$Holder.linkToTargetMethod(java.lang.Object, long, java.lang.Object)'> (0x00007f68b6e273e0) 
thrown [src/hotspot/share/interpreter/linkResolver.cpp, line 766]
Event: 3.289 Thread 0x00007f78c80a7000 Implicit null exception at 0x00007f78b82a6f40 to 0x00007f78b82a6fac
Event: 3.313 Thread 0x00007f78c8018000 Exception <a 'java/lang/NoSuchMethodError'{0x00007f68b06977e0}: 'java.lang.Object java.lang.invoke.Invokers$Holder.invokeExact_MT(java.lang.Object, java.lang.Object, java.lang.Object, java.lang.Object, java.lang.Object, java.lang.Object)'> (0x00007f68b06977e0) 
thrown [src/hotspot/share/interpreter/linkResolver.cpp, line 766]
Event: 3.367 Thread 0x00007f78c8018000 Exception <a 'java/lang/NoSuchMethodError'{0x00007f68b081a770}: 'int java.lang.invoke.DirectMethodHandle$Holder.invokeStatic(java.lang.Object, java.lang.Object, int)'> (0x00007f68b081a770) 
thrown [src/hotspot/share/interpreter/linkResolver.cpp, line 766]
Event: 3.467 Thread 0x00007f78c8018000 Exception <a 'java/lang/NoSuchMethodError'{0x00007f68b0a44188}: 'double java.lang.invoke.DirectMethodHandle$Holder.invokeStatic(java.lang.Object, java.lang.Object)'> (0x00007f68b0a44188) 
thrown [src/hotspot/share/interpreter/linkResolver.cpp, line 766]
Event: 3.536 Thread 0x00007f78c8018000 Exception <a 'java/lang/NoSuchMethodError'{0x00007f68b0bb2d48}: 'int java.lang.invoke.DirectMethodHandle$Holder.invokeStatic(java.lang.Object, java.lang.Object, java.lang.Object, int)'> (0x00007f68b0bb2d48) 
thrown [src/hotspot/share/interpreter/linkResolver.cpp, line 766]

Events (20 events):
Event: 7986.711 Executing VM operation: GenCollectForAllocation done
Event: 7988.193 Executing VM operation: GenCollectForAllocation
Event: 7988.232 Executing VM operation: GenCollectForAllocation done
Event: 7989.714 Executing VM operation: GenCollectForAllocation
Event: 7989.750 Executing VM operation: GenCollectForAllocation done
Event: 7991.218 Executing VM operation: GenCollectForAllocation
Event: 7991.247 Executing VM operation: GenCollectForAllocation done
Event: 7992.749 Executing VM operation: GenCollectForAllocation
Event: 7992.781 Executing VM operation: GenCollectForAllocation done
Event: 7994.269 Executing VM operation: GenCollectForAllocation
Event: 7994.304 Executing VM operation: GenCollectForAllocation done
Event: 7995.761 Executing VM operation: GenCollectForAllocation
Event: 7995.791 Executing VM operation: GenCollectForAllocation done
Event: 7997.273 Executing VM operation: GenCollectForAllocation
Event: 7997.310 Executing VM operation: GenCollectForAllocation done
Event: 7998.837 Executing VM operation: GenCollectForAllocation
Event: 7998.866 Executing VM operation: GenCollectForAllocation done
Event: 8000.378 Executing VM operation: GenCollectForAllocation
Event: 8000.413 Executing VM operation: GenCollectForAllocation done
Event: 8001.978 Executing VM operation: GenCollectForAllocation


Dynamic libraries:
55f6c167e000-55f6c167f000 r--p 00000000 07:28 4860                       /usr/lib/jvm/java-13-openjdk-amd64/bin/java
55f6c167f000-55f6c1680000 r-xp 00001000 07:28 4860                       /usr/lib/jvm/java-13-openjdk-amd64/bin/java
55f6c1680000-55f6c1681000 r--p 00002000 07:28 4860                       /usr/lib/jvm/java-13-openjdk-amd64/bin/java
55f6c1681000-55f6c1682000 r--p 00002000 07:28 4860                       /usr/lib/jvm/java-13-openjdk-amd64/bin/java
55f6c1682000-55f6c1683000 rw-p 00003000 07:28 4860                       /usr/lib/jvm/java-13-openjdk-amd64/bin/java
55f6c1acc000-55f6c1aed000 rw-p 00000000 00:00 0                          [heap]
7f6874000000-7f6874021000 rw-p 00000000 00:00 0 
7f6874021000-7f6878000000 ---p 00000000 00:00 0 
7f687c000000-7f687c021000 rw-p 00000000 00:00 0 
7f687c021000-7f6880000000 ---p 00000000 00:00 0 
7f6880000000-7f6880021000 rw-p 00000000 00:00 0 
7f6880021000-7f6884000000 ---p 00000000 00:00 0 
7f6884000000-7f68863ec000 rw-p 00000000 00:00 0 
7f68863ec000-7f6888000000 ---p 00000000 00:00 0 
7f6888000000-7f6888a2a000 rw-p 00000000 00:00 0 
7f6888a2a000-7f688c000000 ---p 00000000 00:00 0 
7f688c000000-7f688c021000 rw-p 00000000 00:00 0 
7f688c021000-7f6890000000 ---p 00000000 00:00 0 
7f6890000000-7f6890021000 rw-p 00000000 00:00 0 
7f6890021000-7f6894000000 ---p 00000000 00:00 0 
7f6894000000-7f6894021000 rw-p 00000000 00:00 0 
7f6894021000-7f6898000000 ---p 00000000 00:00 0 
7f6898000000-7f6898021000 rw-p 00000000 00:00 0 
7f6898021000-7f689c000000 ---p 00000000 00:00 0 
7f689c000000-7f689c08c000 rw-p 00000000 00:00 0 
7f689c08c000-7f68a0000000 ---p 00000000 00:00 0 
7f68a0e01000-7f68a0e41000 rw-p 00000000 00:00 0 
7f68a0e41000-7f68a1001000 ---p 00000000 00:00 0 
7f68a1001000-7f68a1201000 rw-p 00000000 00:00 0 
7f68a1201000-7f68a1401000 rw-p 00000000 00:00 0 
7f68a1401000-7f68a1601000 rw-p 00000000 00:00 0 
7f68a1601000-7f68a1801000 rw-p 00000000 00:00 0 
7f68a1801000-7f68a1ba1000 rw-p 00000000 00:00 0 
7f68a1ba1000-7f68a1da1000 rw-p 00000000 00:00 0 
7f68a1da1000-7f68a1fa1000 rw-p 00000000 00:00 0 
7f68a1fa1000-7f68a21a1000 rw-p 00000000 00:00 0 
7f68a21a1000-7f68a21a2000 ---p 00000000 00:00 0 
7f68a21a2000-7f68a22a3000 rw-p 00000000 00:00 0 
7f68a22a3000-7f68a22a7000 ---p 00000000 00:00 0 
7f68a22a7000-7f68a23a4000 rw-p 00000000 00:00 0 
7f68a23a4000-7f68a23a8000 ---p 00000000 00:00 0 
7f68a23a8000-7f68a24a5000 rw-p 00000000 00:00 0 
7f68a24a5000-7f68a24a9000 ---p 00000000 00:00 0 
7f68a24a9000-7f68a25a6000 rw-p 00000000 00:00 0 
7f68a25a6000-7f68a25aa000 ---p 00000000 00:00 0 
7f68a25aa000-7f68a26a7000 rw-p 00000000 00:00 0 
7f68a26a7000-7f68a26ab000 ---p 00000000 00:00 0 
7f68a26ab000-7f68a27a8000 rw-p 00000000 00:00 0 
7f68a27a8000-7f68a27ac000 ---p 00000000 00:00 0 
7f68a27ac000-7f68a3d01000 rw-p 00000000 00:00 0 
7f68a3d01000-7f68a85ff000 ---p 00000000 00:00 0 
7f68a85ff000-7f68a8c2b000 rw-p 00000000 00:00 0 
7f68a8c2b000-7f68ab0a9000 ---p 00000000 00:00 0 
7f68ab0a9000-7f68abd02000 rw-p 00000000 00:00 0 
7f68abd02000-7f68b05ff000 ---p 00000000 00:00 0 
7f68b05ff000-7f6975d70000 rw-p 00000000 00:00 0 
7f6975d70000-7f6e05b50000 ---p 00000000 00:00 0 
7f6e05b50000-7f6f90b4c000 rw-p 00000000 00:00 0 
7f709809f000-7f78b0600000 ---p 00000000 00:00 0 
7f78b0689000-7f78b068d000 ---p 00000000 00:00 0 
7f78b068d000-7f78b078a000 rw-p 00000000 00:00 0 
7f78b078a000-7f78b09fa000 rwxp 00000000 00:00 0 
7f78b09fa000-7f78b0d19000 ---p 00000000 00:00 0 
7f78b0d19000-7f78b1449000 rwxp 00000000 00:00 0 
7f78b1449000-7f78b8251000 ---p 00000000 00:00 0 
7f78b8251000-7f78b8531000 rwxp 00000000 00:00 0 
7f78b8531000-7f78bf78a000 ---p 00000000 00:00 0 
7f78bf78a000-7f78c8000000 r--s 00000000 07:28 5215                       /usr/lib/jvm/java-13-openjdk-amd64/lib/modules
7f78c8000000-7f78c86cd000 rw-p 00000000 00:00 0 
7f78c86cd000-7f78cc000000 ---p 00000000 00:00 0 
7f78cc040000-7f78cc071000 rw-p 00000000 00:00 0 
7f78cc071000-7f78cc075000 r--p 00000000 07:28 5204                       /usr/lib/jvm/java-13-openjdk-amd64/lib/libnet.so
7f78cc075000-7f78cc083000 r-xp 00004000 07:28 5204                       /usr/lib/jvm/java-13-openjdk-amd64/lib/libnet.so
7f78cc083000-7f78cc087000 r--p 00012000 07:28 5204                       /usr/lib/jvm/java-13-openjdk-amd64/lib/libnet.so
7f78cc087000-7f78cc088000 r--p 00015000 07:28 5204                       /usr/lib/jvm/java-13-openjdk-amd64/lib/libnet.so
7f78cc088000-7f78cc089000 rw-p 00016000 07:28 5204                       /usr/lib/jvm/java-13-openjdk-amd64/lib/libnet.so
7f78cc089000-7f78cc090000 r--p 00000000 07:28 5205                       /usr/lib/jvm/java-13-openjdk-amd64/lib/libnio.so
7f78cc090000-7f78cc099000 r-xp 00007000 07:28 5205                       /usr/lib/jvm/java-13-openjdk-amd64/lib/libnio.so
7f78cc099000-7f78cc09d000 r--p 00010000 07:28 5205                       /usr/lib/jvm/java-13-openjdk-amd64/lib/libnio.so
7f78cc09d000-7f78cc09e000 r--p 00013000 07:28 5205                       /usr/lib/jvm/java-13-openjdk-amd64/lib/libnio.so
7f78cc09e000-7f78cc09f000 rw-p 00014000 07:28 5205                       /usr/lib/jvm/java-13-openjdk-amd64/lib/libnio.so
7f78cc09f000-7f78cc0a6000 r--s 00000000 07:28 8532                       /usr/lib/x86_64-linux-gnu/gconv/gconv-modules.cache
7f78cc0a6000-7f78cc0d8000 r--p 00000000 07:28 5276                       /usr/lib/locale/C.UTF-8/LC_CTYPE
7f78cc0d8000-7f78cc0dc000 ---p 00000000 00:00 0 
7f78cc0dc000-7f78cc1d9000 rw-p 00000000 00:00 0 
7f78cc1d9000-7f78cc1da000 ---p 00000000 00:00 0 
7f78cc1da000-7f78cc3fe000 rw-p 00000000 00:00 0 
7f78cc3fe000-7f78cc4e3000 ---p 00000000 00:00 0 
7f78cc4e3000-7f78cc4f2000 rw-p 00000000 00:00 0 
7f78cc4f2000-7f78cc5ce000 ---p 00000000 00:00 0 
7f78cc5ce000-7f78cc5d3000 rw-p 00000000 00:00 0 
7f78cc5d3000-7f78cc5da000 ---p 00000000 00:00 0 
7f78cc5da000-7f78cc5dc000 r--p 00000000 07:28 5214                       /usr/lib/jvm/java-13-openjdk-amd64/lib/libzip.so
7f78cc5dc000-7f78cc5e0000 r-xp 00002000 07:28 5214                       /usr/lib/jvm/java-13-openjdk-amd64/lib/libzip.so
7f78cc5e0000-7f78cc5e2000 r--p 00006000 07:28 5214                       /usr/lib/jvm/java-13-openjdk-amd64/lib/libzip.so
7f78cc5e2000-7f78cc5e3000 r--p 00007000 07:28 5214                       /usr/lib/jvm/java-13-openjdk-amd64/lib/libzip.so
7f78cc5e3000-7f78cc5e4000 rw-p 00008000 07:28 5214                       /usr/lib/jvm/java-13-openjdk-amd64/lib/libzip.so
7f78cc5e4000-7f78cc5ec000 rw-s 00000000 08:03 67232195                   /tmp/hsperfdata_rcabanas/46657
7f78cc5ec000-7f78cc5ef000 r--p 00000000 07:28 9108                       /usr/lib/x86_64-linux-gnu/libnss_files-2.31.so
7f78cc5ef000-7f78cc5f6000 r-xp 00003000 07:28 9108                       /usr/lib/x86_64-linux-gnu/libnss_files-2.31.so
7f78cc5f6000-7f78cc5f8000 r--p 0000a000 07:28 9108                       /usr/lib/x86_64-linux-gnu/libnss_files-2.31.so
7f78cc5f8000-7f78cc5f9000 r--p 0000b000 07:28 9108                       /usr/lib/x86_64-linux-gnu/libnss_files-2.31.so
7f78cc5f9000-7f78cc5fa000 rw-p 0000c000 07:28 9108                       /usr/lib/x86_64-linux-gnu/libnss_files-2.31.so
7f78cc5fa000-7f78cc600000 rw-p 00000000 00:00 0 
7f78cc606000-7f78cc608000 r--p 00000000 07:28 5195                       /usr/lib/jvm/java-13-openjdk-amd64/lib/libjimage.so
7f78cc608000-7f78cc60b000 r-xp 00002000 07:28 5195                       /usr/lib/jvm/java-13-openjdk-amd64/lib/libjimage.so
7f78cc60b000-7f78cc60c000 r--p 00005000 07:28 5195                       /usr/lib/jvm/java-13-openjdk-amd64/lib/libjimage.so
7f78cc60c000-7f78cc60d000 ---p 00006000 07:28 5195                       /usr/lib/jvm/java-13-openjdk-amd64/lib/libjimage.so
7f78cc60d000-7f78cc60e000 r--p 00006000 07:28 5195                       /usr/lib/jvm/java-13-openjdk-amd64/lib/libjimage.so
7f78cc60e000-7f78cc60f000 rw-p 00007000 07:28 5195                       /usr/lib/jvm/java-13-openjdk-amd64/lib/libjimage.so
7f78cc60f000-7f78cc61c000 r--p 00000000 07:28 5191                       /usr/lib/jvm/java-13-openjdk-amd64/lib/libjava.so
7f78cc61c000-7f78cc631000 r-xp 0000d000 07:28 5191                       /usr/lib/jvm/java-13-openjdk-amd64/lib/libjava.so
7f78cc631000-7f78cc637000 r--p 00022000 07:28 5191                       /usr/lib/jvm/java-13-openjdk-amd64/lib/libjava.so
7f78cc637000-7f78cc638000 ---p 00028000 07:28 5191                       /usr/lib/jvm/java-13-openjdk-amd64/lib/libjava.so
7f78cc638000-7f78cc639000 r--p 00028000 07:28 5191                       /usr/lib/jvm/java-13-openjdk-amd64/lib/libjava.so
7f78cc639000-7f78cc63b000 rw-p 00029000 07:28 5191                       /usr/lib/jvm/java-13-openjdk-amd64/lib/libjava.so
7f78cc63b000-7f78cc640000 r--p 00000000 07:28 5213                       /usr/lib/jvm/java-13-openjdk-amd64/lib/libverify.so
7f78cc640000-7f78cc647000 r-xp 00005000 07:28 5213                       /usr/lib/jvm/java-13-openjdk-amd64/lib/libverify.so
7f78cc647000-7f78cc649000 r--p 0000c000 07:28 5213                       /usr/lib/jvm/java-13-openjdk-amd64/lib/libverify.so
7f78cc649000-7f78cc64a000 ---p 0000e000 07:28 5213                       /usr/lib/jvm/java-13-openjdk-amd64/lib/libverify.so
7f78cc64a000-7f78cc64c000 r--p 0000e000 07:28 5213                       /usr/lib/jvm/java-13-openjdk-amd64/lib/libverify.so
7f78cc64c000-7f78cc64d000 rw-p 00010000 07:28 5213                       /usr/lib/jvm/java-13-openjdk-amd64/lib/libverify.so
7f78cc64d000-7f78cc651000 ---p 00000000 00:00 0 
7f78cc651000-7f78cc74e000 rw-p 00000000 00:00 0 
7f78cc74e000-7f78cc751000 r--p 00000000 07:28 8948                       /usr/lib/x86_64-linux-gnu/libgcc_s.so.1
7f78cc751000-7f78cc763000 r-xp 00003000 07:28 8948                       /usr/lib/x86_64-linux-gnu/libgcc_s.so.1
7f78cc763000-7f78cc767000 r--p 00015000 07:28 8948                       /usr/lib/x86_64-linux-gnu/libgcc_s.so.1
7f78cc767000-7f78cc768000 r--p 00018000 07:28 8948                       /usr/lib/x86_64-linux-gnu/libgcc_s.so.1
7f78cc768000-7f78cc769000 rw-p 00019000 07:28 8948                       /usr/lib/x86_64-linux-gnu/libgcc_s.so.1
7f78cc769000-7f78cc776000 r--p 00000000 07:28 9062                       /usr/lib/x86_64-linux-gnu/libm-2.31.so
7f78cc776000-7f78cc81d000 r-xp 0000d000 07:28 9062                       /usr/lib/x86_64-linux-gnu/libm-2.31.so
7f78cc81d000-7f78cc8b6000 r--p 000b4000 07:28 9062                       /usr/lib/x86_64-linux-gnu/libm-2.31.so
7f78cc8b6000-7f78cc8b7000 r--p 0014c000 07:28 9062                       /usr/lib/x86_64-linux-gnu/libm-2.31.so
7f78cc8b7000-7f78cc8b8000 rw-p 0014d000 07:28 9062                       /usr/lib/x86_64-linux-gnu/libm-2.31.so
7f78cc8b8000-7f78cc94e000 r--p 00000000 07:28 9213                       /usr/lib/x86_64-linux-gnu/libstdc++.so.6.0.28
7f78cc94e000-7f78cca3f000 r-xp 00096000 07:28 9213                       /usr/lib/x86_64-linux-gnu/libstdc++.so.6.0.28
7f78cca3f000-7f78cca88000 r--p 00187000 07:28 9213                       /usr/lib/x86_64-linux-gnu/libstdc++.so.6.0.28
7f78cca88000-7f78cca89000 ---p 001d0000 07:28 9213                       /usr/lib/x86_64-linux-gnu/libstdc++.so.6.0.28
7f78cca89000-7f78cca94000 r--p 001d0000 07:28 9213                       /usr/lib/x86_64-linux-gnu/libstdc++.so.6.0.28
7f78cca94000-7f78cca97000 rw-p 001db000 07:28 9213                       /usr/lib/x86_64-linux-gnu/libstdc++.so.6.0.28
7f78cca97000-7f78cca9a000 rw-p 00000000 00:00 0 
7f78cca9a000-7f78ccd20000 r--p 00000000 07:28 5226                       /usr/lib/jvm/java-13-openjdk-amd64/lib/server/libjvm.so
7f78ccd20000-7f78cda9d000 r-xp 00286000 07:28 5226                       /usr/lib/jvm/java-13-openjdk-amd64/lib/server/libjvm.so
7f78cda9d000-7f78cdd18000 r--p 01003000 07:28 5226                       /usr/lib/jvm/java-13-openjdk-amd64/lib/server/libjvm.so
7f78cdd18000-7f78cdddd000 r--p 0127d000 07:28 5226                       /usr/lib/jvm/java-13-openjdk-amd64/lib/server/libjvm.so
7f78cdddd000-7f78cde18000 rw-p 01342000 07:28 5226                       /usr/lib/jvm/java-13-openjdk-amd64/lib/server/libjvm.so
7f78cde18000-7f78cde9e000 rw-p 00000000 00:00 0 
7f78cde9e000-7f78cdea4000 r--p 00000000 07:28 9166                       /usr/lib/x86_64-linux-gnu/libpthread-2.31.so
7f78cdea4000-7f78cdeb5000 r-xp 00006000 07:28 9166                       /usr/lib/x86_64-linux-gnu/libpthread-2.31.so
7f78cdeb5000-7f78cdebb000 r--p 00017000 07:28 9166                       /usr/lib/x86_64-linux-gnu/libpthread-2.31.so
7f78cdebb000-7f78cdebc000 r--p 0001c000 07:28 9166                       /usr/lib/x86_64-linux-gnu/libpthread-2.31.so
7f78cdebc000-7f78cdebd000 rw-p 0001d000 07:28 9166                       /usr/lib/x86_64-linux-gnu/libpthread-2.31.so
7f78cdebd000-7f78cdec1000 rw-p 00000000 00:00 0 
7f78cdec1000-7f78cdec2000 r--p 00000000 07:28 8893                       /usr/lib/x86_64-linux-gnu/libdl-2.31.so
7f78cdec2000-7f78cdec4000 r-xp 00001000 07:28 8893                       /usr/lib/x86_64-linux-gnu/libdl-2.31.so
7f78cdec4000-7f78cdec5000 r--p 00003000 07:28 8893                       /usr/lib/x86_64-linux-gnu/libdl-2.31.so
7f78cdec5000-7f78cdec6000 r--p 00003000 07:28 8893                       /usr/lib/x86_64-linux-gnu/libdl-2.31.so
7f78cdec6000-7f78cdec7000 rw-p 00004000 07:28 8893                       /usr/lib/x86_64-linux-gnu/libdl-2.31.so
7f78cdec7000-7f78cdec9000 r--p 00000000 07:28 9290                       /usr/lib/x86_64-linux-gnu/libz.so.1.2.11
7f78cdec9000-7f78cdeda000 r-xp 00002000 07:28 9290                       /usr/lib/x86_64-linux-gnu/libz.so.1.2.11
7f78cdeda000-7f78cdee0000 r--p 00013000 07:28 9290                       /usr/lib/x86_64-linux-gnu/libz.so.1.2.11
7f78cdee0000-7f78cdee1000 ---p 00019000 07:28 9290                       /usr/lib/x86_64-linux-gnu/libz.so.1.2.11
7f78cdee1000-7f78cdee2000 r--p 00019000 07:28 9290                       /usr/lib/x86_64-linux-gnu/libz.so.1.2.11
7f78cdee2000-7f78cdee3000 rw-p 0001a000 07:28 9290                       /usr/lib/x86_64-linux-gnu/libz.so.1.2.11
7f78cdee3000-7f78cdf05000 r--p 00000000 07:28 8851                       /usr/lib/x86_64-linux-gnu/libc-2.31.so
7f78cdf05000-7f78ce07d000 r-xp 00022000 07:28 8851                       /usr/lib/x86_64-linux-gnu/libc-2.31.so
7f78ce07d000-7f78ce0cb000 r--p 0019a000 07:28 8851                       /usr/lib/x86_64-linux-gnu/libc-2.31.so
7f78ce0cb000-7f78ce0cf000 r--p 001e7000 07:28 8851                       /usr/lib/x86_64-linux-gnu/libc-2.31.so
7f78ce0cf000-7f78ce0d1000 rw-p 001eb000 07:28 8851                       /usr/lib/x86_64-linux-gnu/libc-2.31.so
7f78ce0d1000-7f78ce0d5000 rw-p 00000000 00:00 0 
7f78ce0d7000-7f78ce0d9000 r--s 0000c000 07:28 20930                      /usr/share/java/java-atk-wrapper.jar
7f78ce0d9000-7f78ce0da000 ---p 00000000 00:00 0 
7f78ce0da000-7f78ce0db000 r--p 00000000 00:00 0 
7f78ce0db000-7f78ce0de000 r--p 00000000 07:28 5196                       /usr/lib/jvm/java-13-openjdk-amd64/lib/libjli.so
7f78ce0de000-7f78ce0e8000 r-xp 00003000 07:28 5196                       /usr/lib/jvm/java-13-openjdk-amd64/lib/libjli.so
7f78ce0e8000-7f78ce0eb000 r--p 0000d000 07:28 5196                       /usr/lib/jvm/java-13-openjdk-amd64/lib/libjli.so
7f78ce0eb000-7f78ce0ec000 r--p 0000f000 07:28 5196                       /usr/lib/jvm/java-13-openjdk-amd64/lib/libjli.so
7f78ce0ec000-7f78ce0ed000 rw-p 00010000 07:28 5196                       /usr/lib/jvm/java-13-openjdk-amd64/lib/libjli.so
7f78ce0ed000-7f78ce0ef000 rw-p 00000000 00:00 0 
7f78ce0ef000-7f78ce0f0000 r--p 00000000 07:28 8572                       /usr/lib/x86_64-linux-gnu/ld-2.31.so
7f78ce0f0000-7f78ce113000 r-xp 00001000 07:28 8572                       /usr/lib/x86_64-linux-gnu/ld-2.31.so
7f78ce113000-7f78ce11b000 r--p 00024000 07:28 8572                       /usr/lib/x86_64-linux-gnu/ld-2.31.so
7f78ce11b000-7f78ce11c000 ---p 00000000 00:00 0 
7f78ce11c000-7f78ce11d000 r--p 0002c000 07:28 8572                       /usr/lib/x86_64-linux-gnu/ld-2.31.so
7f78ce11d000-7f78ce11e000 rw-p 0002d000 07:28 8572                       /usr/lib/x86_64-linux-gnu/ld-2.31.so
7f78ce11e000-7f78ce11f000 rw-p 00000000 00:00 0 
7ffccf43f000-7ffccf460000 rw-p 00000000 00:00 0                          [stack]
7ffccf490000-7ffccf492000 r-xp 00000000 00:00 0                          [vdso]
ffffffffff600000-ffffffffff601000 r-xp 00000000 00:00 0                  [vsyscall]


VM Arguments:
jvm_args: -Xmx64g --add-modules=ALL-DEFAULT 
java_command: jdk.compiler/com.sun.tools.javac.launcher.Main /mnt/beegfs/rcabanas/dev/credici/papers/journalEM/code/LearnAndCalculatePNS.java -w -x 1000 -m 500 -sc LLratio -th 0.99 -a EMCC --seed 0 --output /mnt/beegfs/rcabanas/dev/credici/papers/journalEM/output/synthetic/s12 /mnt/beegfs/rcabanas/dev/credici/papers/journalEM/models/synthetic/s12/random_mc2_n10_mid3_d1000_05_mr098_r10_52.uai
java_class_path (initial): /mnt/beegfs/rcabanas/dev/credici/target/credici-0.1.3-jar-with-dependencies.jar
Launcher Type: SUN_STANDARD

[Global flags]
     intx CICompilerCount                          = 2                                         {product} {ergonomic}
   size_t InitialHeapSize                          = 2147483648                                {product} {ergonomic}
   size_t MaxHeapSize                              = 68719476736                               {product} {command line}
   size_t MaxNewSize                               = 22906470400                               {product} {ergonomic}
   size_t MinHeapDeltaBytes                        = 196608                                    {product} {ergonomic}
   size_t MinHeapSize                              = 8388608                                   {product} {ergonomic}
   size_t NewSize                                  = 715784192                                 {product} {ergonomic}
    uintx NonNMethodCodeHeapSize                   = 5826188                                {pd product} {ergonomic}
    uintx NonProfiledCodeHeapSize                  = 122916026                              {pd product} {ergonomic}
   size_t OldSize                                  = 1431699456                                {product} {ergonomic}
    uintx ProfiledCodeHeapSize                     = 122916026                              {pd product} {ergonomic}
    uintx ReservedCodeCacheSize                    = 251658240                              {pd product} {ergonomic}
     bool SegmentedCodeCache                       = true                                      {product} {ergonomic}
   size_t SoftMaxHeapSize                          = 68719476736                            {manageable} {ergonomic}
     bool UseSerialGC                              = true                                      {product} {ergonomic}

Logging:
Log output configuration:
 #0: stdout all=warning uptime,level,tags
 #1: stderr all=off uptime,level,tags

Environment Variables:
PATH=/usr/local/sbin:/usr/local/bin:/usr/sbin:/usr/bin:/sbin:/bin
LD_LIBRARY_PATH=/.singularity.d/libs

Signal Handlers:
SIGSEGV: [libjvm.so+0xf8fcf0], sa_mask[0]=11111111011111111101111111111110, sa_flags=SA_RESTART|SA_SIGINFO
SIGBUS: [libjvm.so+0xf8fcf0], sa_mask[0]=11111111011111111101111111111110, sa_flags=SA_RESTART|SA_SIGINFO
SIGFPE: [libjvm.so+0xf8fcf0], sa_mask[0]=11111111011111111101111111111110, sa_flags=SA_RESTART|SA_SIGINFO
SIGPIPE: [libjvm.so+0xc3ffa0], sa_mask[0]=11111111011111111101111111111110, sa_flags=SA_RESTART|SA_SIGINFO
SIGXFSZ: [libjvm.so+0xc3ffa0], sa_mask[0]=11111111011111111101111111111110, sa_flags=SA_RESTART|SA_SIGINFO
SIGILL: [libjvm.so+0xf8fcf0], sa_mask[0]=11111111011111111101111111111110, sa_flags=SA_RESTART|SA_SIGINFO
SIGUSR2: [libjvm.so+0xc3fe40], sa_mask[0]=00000000000000000000000000000000, sa_flags=SA_RESTART|SA_SIGINFO
SIGHUP: [libjvm.so+0xc40580], sa_mask[0]=11111111011111111101111111111110, sa_flags=SA_RESTART|SA_SIGINFO
SIGINT: [libjvm.so+0xc40580], sa_mask[0]=11111111011111111101111111111110, sa_flags=SA_RESTART|SA_SIGINFO
SIGTERM: [libjvm.so+0xc40580], sa_mask[0]=11111111011111111101111111111110, sa_flags=SA_RESTART|SA_SIGINFO
SIGQUIT: [libjvm.so+0xc40580], sa_mask[0]=11111111011111111101111111111110, sa_flags=SA_RESTART|SA_SIGINFO


---------------  S Y S T E M  ---------------

OS:DISTRIB_ID=Ubuntu
DISTRIB_RELEASE=20.04
DISTRIB_CODENAME=focal
DISTRIB_DESCRIPTION="Ubuntu 20.04.4 LTS"
uname:Linux 3.10.0-1160.15.2.el7.x86_64 #1 SMP Wed Feb 3 15:06:38 UTC 2021 x86_64
OS uptime: 514 days 19:19 hours
libc:glibc 2.31 NPTL 2.31 
rlimit (soft/hard): STACK 8192k/infinity , CORE 0k/infinity , NPROC 4096/1030217 , NOFILE 131072/131072 , AS infinity/infinity , CPU infinity/infinity , DATA infinity/infinity , FSIZE infinity/infinity , MEMLOCK infinity/infinity
load average:47.43 47.37 47.52

/proc/meminfo:
MemTotal:       263895364 kB
MemFree:         3470016 kB
MemAvailable:    4002332 kB
Buffers:          309944 kB
Cached:           941244 kB
SwapCached:        41912 kB
Active:         242622084 kB
Inactive:        8390172 kB
Active(anon):   242227300 kB
Inactive(anon):  7583868 kB
Active(file):     394784 kB
Inactive(file):   806304 kB
Unevictable:       20864 kB
Mlocked:           20864 kB
SwapTotal:       4194300 kB
SwapFree:          54588 kB
Dirty:               740 kB
Writeback:             0 kB
AnonPages:      249744312 kB
Mapped:           322516 kB
Shmem:             45704 kB
Slab:             792544 kB
SReclaimable:     203416 kB
SUnreclaim:       589128 kB
KernelStack:       39328 kB
PageTables:       551212 kB
NFS_Unstable:          0 kB
Bounce:                0 kB
WritebackTmp:          0 kB
CommitLimit:    136141980 kB
Committed_AS:   328528276 kB
VmallocTotal:   34359738367 kB
VmallocUsed:      862368 kB
VmallocChunk:   34222409240 kB
Percpu:            22016 kB
HardwareCorrupted:     0 kB
AnonHugePages:  85252096 kB
CmaTotal:              0 kB
CmaFree:               0 kB
HugePages_Total:       0
HugePages_Free:        0
HugePages_Rsvd:        0
HugePages_Surp:        0
Hugepagesize:       2048 kB
DirectMap4k:      505448 kB
DirectMap2M:    20328448 kB
DirectMap1G:    247463936 kB

/sys/kernel/mm/transparent_hugepage/enabled:
[always] madvise never

/sys/kernel/mm/transparent_hugepage/defrag (defrag/compaction efforts parameter):
[always] madvise never


/proc/sys/kernel/threads-max (system-wide limit on the number of threads):
2060435


/proc/sys/vm/max_map_count (maximum number of memory map areas a process may have):
65530


/proc/sys/kernel/pid_max (system-wide limit on number of process identifiers):
65536



Steal ticks since vm start: 0
Steal ticks percentage since vm start:  0.000

CPU:total 64 (initial active 1) (32 cores per cpu, 1 threads per core) family 23 model 49 stepping 0, cmov, cx8, fxsr, mmx, sse, sse2, sse3, ssse3, sse4.1, sse4.2, popcnt, avx, avx2, aes, clmul, mmxext, 3dnowpref, lzcnt, sse4a, tsc, tscinvbit, tscinv, bmi1, bmi2, adx, sha, fma
CPU Model and flags from /proc/cpuinfo:
model name	: AMD EPYC 7542 32-Core Processor
flags		: fpu vme de pse tsc msr pae mce cx8 apic sep mtrr pge mca cmov pat pse36 clflush mmx fxsr sse sse2 ht syscall nx mmxext fxsr_opt pdpe1gb rdtscp lm constant_tsc art rep_good nopl nonstop_tsc extd_apicid aperfmperf eagerfpu pni pclmulqdq monitor ssse3 fma cx16 sse4_1 sse4_2 movbe popcnt aes xsave avx f16c rdrand lahf_lm cmp_legacy svm extapic cr8_legacy abm sse4a misalignsse 3dnowprefetch osvw ibs skinit wdt tce topoext perfctr_core perfctr_nb bpext perfctr_l2 cpb cat_l3 cdp_l3 hw_pstate sme retpoline_amd ssbd ibrs ibpb stibp vmmcall fsgsbase bmi1 avx2 smep bmi2 cqm rdt_a rdseed adx smap clflushopt clwb sha_ni xsaveopt xsavec xgetbv1 cqm_llc cqm_occup_llc cqm_mbm_total cqm_mbm_local clzero irperf xsaveerptr arat npt lbrv svm_lock nrip_save tsc_scale vmcb_clean flushbyasid decodeassists pausefilter pfthreshold avic v_vmsave_vmload vgif umip overflow_recov succor smca
Online cpus:0-63
Offline cpus:
BIOS frequency limitation:2900000
Frequency switch latency (ns):0
Available cpu frequencies:2900000 2400000 1500000 
Current governor:conservative
Core performance/turbo boost:1

Memory: 4k page, physical 263895364k(3469488k free), swap 4194300k(54600k free)

vm_info: OpenJDK 64-Bit Server VM (13.0.7+5-Ubuntu-0ubuntu120.04) for linux-amd64 JRE (13.0.7+5-Ubuntu-0ubuntu120.04), built on Apr 21 2021 05:36:19 by "unknown" with gcc 9.3.0

END.
