#
# There is insufficient memory for the Java Runtime Environment to continue.
# Native memory allocation (mmap) failed to map 4401094656 bytes for committing reserved memory.
# Possible reasons:
#   The system is out of physical RAM or swap space
# Possible solutions:
#   Reduce memory load on the system
#   Increase physical memory or swap space
#   Check if swap backing store is full
#   Decrease Java heap size (-Xmx/-Xms)
#   Decrease number of Java threads
#   Decrease Java thread stack sizes (-Xss)
#   Set larger code cache with -XX:ReservedCodeCacheSize=
# This output file may be truncated or incomplete.
#
#  Out of Memory Error (os_linux.cpp:2899), pid=36263, tid=36265
#
# JRE version: OpenJDK Runtime Environment (13.0.7+5) (build 13.0.7+5-Ubuntu-0ubuntu120.04)
# Java VM: OpenJDK 64-Bit Server VM (13.0.7+5-Ubuntu-0ubuntu120.04, mixed mode, tiered, serial gc, linux-amd64)
# No core dump will be written. Core dumps have been disabled. To enable core dumping, try "ulimit -c unlimited" before starting Java again
#

---------------  S U M M A R Y ------------

Command Line: -Xmx64g --add-modules=ALL-DEFAULT jdk.compiler/com.sun.tools.javac.launcher.Main /mnt/beegfs/rcabanas/dev/credici/papers/journalEM/code/LearnAndCalculatePNS.java -w -x 1000 -m 500 -sc LLratio -th 0.9999999 -a EMCC --seed 0 --output /mnt/beegfs/rcabanas/dev/credici/papers/journalEM/output/synthetic/s12 /mnt/beegfs/rcabanas/dev/credici/papers/journalEM/models/synthetic/s12/random_mc2_n10_mid3_d1000_05_mr098_r10_34.uai

Host: AMD EPYC 7542 32-Core Processor, 64 cores, 251G, Ubuntu 20.04.4 LTS
Time: Wed Nov 23 09:53:36 2022 CET elapsed time: 32868.420954 seconds (0d 9h 7m 48s)

---------------  T H R E A D  ---------------

Current thread (0x00007fd2e4097800):  VMThread "VM Thread" [stack: 0x00007fd2e89f4000,0x00007fd2e8af4000] [id=36265]

Stack: [0x00007fd2e89f4000,0x00007fd2e8af4000],  sp=0x00007fd2e8af2160,  free space=1016k
Native frames: (J=compiled Java code, A=aot compiled Java code, j=interpreted, Vv=VM code, C=native code)
V  [libjvm.so+0xf8f092]
V  [libjvm.so+0xf8fc91]
V  [libjvm.so+0x66ee5a]
V  [libjvm.so+0xc44a41]
V  [libjvm.so+0xc3b263]
V  [libjvm.so+0xf87f4b]
V  [libjvm.so+0x557506]
V  [libjvm.so+0x557723]
V  [libjvm.so+0xf18b0c]
V  [libjvm.so+0x557e65]
V  [libjvm.so+0x7e2edb]
V  [libjvm.so+0x7e39bd]
V  [libjvm.so+0x7d8b48]
V  [libjvm.so+0xf90940]
V  [libjvm.so+0xf96657]
V  [libjvm.so+0xf96d2b]
V  [libjvm.so+0xf9706a]
V  [libjvm.so+0xf2208f]
V  [libjvm.so+0xc493ff]

VM_Operation (0x00007fd2e9764230): GenCollectForAllocation, mode: safepoint, requested by thread 0x00007fd2e4018000


---------------  P R O C E S S  ---------------

Threads class SMR info:
_java_thread_list=0x00007fd2e41363a0, length=9, elements={
0x00007fd2e4018000, 0x00007fd2e40a3800, 0x00007fd2e40a7000, 0x00007fd2e40cb800,
0x00007fd2e40cd000, 0x00007fd2e40cf000, 0x00007fd2e40d1000, 0x00007fd2e40d3000,
0x00007fd2e4135000
}

Java Threads: ( => current thread )
  0x00007fd2e4018000 JavaThread "main" [_thread_blocked, id=36264, stack(0x00007fd2e9666000,0x00007fd2e9767000)]
  0x00007fd2e40a3800 JavaThread "Reference Handler" daemon [_thread_blocked, id=36266, stack(0x00007fd2e88f1000,0x00007fd2e89f2000)]
  0x00007fd2e40a7000 JavaThread "Finalizer" daemon [_thread_blocked, id=36267, stack(0x00007fd2e87f0000,0x00007fd2e88f1000)]
  0x00007fd2e40cb800 JavaThread "Signal Dispatcher" daemon [_thread_blocked, id=36268, stack(0x00007fd2e86b6000,0x00007fd2e87b7000)]
  0x00007fd2e40cd000 JavaThread "Service Thread" daemon [_thread_blocked, id=36269, stack(0x00007fd2e85b5000,0x00007fd2e86b6000)]
  0x00007fd2e40cf000 JavaThread "C2 CompilerThread0" daemon [_thread_blocked, id=36270, stack(0x00007fd2e84b4000,0x00007fd2e85b5000)]
  0x00007fd2e40d1000 JavaThread "C1 CompilerThread0" daemon [_thread_blocked, id=36271, stack(0x00007fd2e83b3000,0x00007fd2e84b4000)]
  0x00007fd2e40d3000 JavaThread "Sweeper thread" daemon [_thread_blocked, id=36272, stack(0x00007fd2e82b2000,0x00007fd2e83b3000)]
  0x00007fd2e4135000 JavaThread "Common-Cleaner" daemon [_thread_blocked, id=36273, stack(0x00007fd2e81b1000,0x00007fd2e82b2000)]

Other Threads:
=>0x00007fd2e4097800 VMThread "VM Thread" [stack: 0x00007fd2e89f4000,0x00007fd2e8af4000] [id=36265]
  0x00007fd2e4181800 WatcherThread [stack: 0x00007fd2e80b1000,0x00007fd2e81b1000] [id=36274]

Threads with active compile tasks:

VM state:at safepoint (normal execution)

VM Mutex/Monitor currently owned by a thread:  ([mutex/lock_event])
[0x00007fd2e4014200] Threads_lock - owner thread: 0x00007fd2e4097800
[0x00007fd2e4014e00] Heap_lock - owner thread: 0x00007fd2e4018000

Heap:
 def new generation   total 2900672K, used 7086K [0x00007fc2cc600000, 0x00007fc391160000, 0x00007fc821b50000)
  eden space 2578432K,   0% used [0x00007fc2cc600000, 0x00007fc2ccceb8a8, 0x00007fc369c00000)
  from space 322240K,   0% used [0x00007fc37d6b0000, 0x00007fc37d6b0000, 0x00007fc391160000)
  to   space 322240K,   0% used [0x00007fc369c00000, 0x00007fc369c00000, 0x00007fc37d6b0000)
 tenured generation   total 6446916K, used 6446915K [0x00007fc821b50000, 0x00007fc9ab321000, 0x00007fd2cc600000)
   the space 6446916K,  99% used [0x00007fc821b50000, 0x00007fc9ab320fa8, 0x00007fc9ab321000, 0x00007fc9ab321000)
 Metaspace       used 24342K, capacity 24752K, committed 24832K, reserved 26624K

Card table byte_map: [0x00007fc2c45ff000,0x00007fc2cc600000] _byte_map_base: 0x00007f82e2f9c000

Polling page: 0x00007fd2eb0f2000

Metaspace:

Usage:
   24.17 MB capacity,    23.77 MB ( 98%) used,   315.73 KB (  1%) free+waste,    93.50 KB ( <1%) overhead. 

Virtual space:
     26.00 MB reserved,      24.25 MB ( 93%) committed 

Chunk freelists:
44.00 KB

MaxMetaspaceSize: unlimited


CodeHeap 'non-profiled nmethods': size=120036Kb used=2736Kb max_used=2736Kb free=117299Kb
 bounds [0x00007fd2d4251000, 0x00007fd2d4511000, 0x00007fd2db78a000]
CodeHeap 'profiled nmethods': size=120032Kb used=4913Kb max_used=7276Kb free=115119Kb
 bounds [0x00007fd2ccd19000, 0x00007fd2cd439000, 0x00007fd2d4251000]
CodeHeap 'non-nmethods': size=5692Kb used=1210Kb max_used=1265Kb free=4482Kb
 bounds [0x00007fd2cc78a000, 0x00007fd2cc9fa000, 0x00007fd2ccd19000]
 total_blobs=3698 nmethods=3217 adapters=396
 compilation: enabled
              stopped_count=0, restarted_count=0
 full_count=0

Compilation events (20 events):
Event: 19711.672 Thread 0x00007fd2e40d1000 4336       3       ch.idsia.crema.factor.bayesian.BayesianFactor::randomModel (104 bytes)
Event: 19711.675 Thread 0x00007fd2e40d1000 nmethod 4336 0x00007fd2cce75e90 code [0x00007fd2cce76120, 0x00007fd2cce76ef0]
Event: 19711.675 Thread 0x00007fd2e40d1000 4337       3       ch.idsia.credici.learning.FrequentistCausalEM::<init> (116 bytes)
Event: 19711.678 Thread 0x00007fd2e40d1000 nmethod 4337 0x00007fd2cd268190 code [0x00007fd2cd268560, 0x00007fd2cd26a380]
Event: 19711.678 Thread 0x00007fd2e40d1000 4338       3       ch.idsia.crema.learning.ExpectationMaximization::<init> (40 bytes)
Event: 19711.678 Thread 0x00007fd2e40d1000 nmethod 4338 0x00007fd2cce8ea10 code [0x00007fd2cce8eba0, 0x00007fd2cce8ed30]
Event: 19711.678 Thread 0x00007fd2e40d1000 4339       3       ch.idsia.credici.learning.FrequentistCausalEM::setTrainableVars (80 bytes)
Event: 19711.678 Thread 0x00007fd2e40d1000 nmethod 4339 0x00007fd2cd1c3b10 code [0x00007fd2cd1c3d20, 0x00007fd2cd1c4340]
Event: 21759.444 Thread 0x00007fd2e40cf000 4340       4       ch.idsia.crema.inference.ve.order.MinFillOrdering::triangulate (420 bytes)
Event: 21759.661 Thread 0x00007fd2e40cf000 nmethod 4340 0x00007fd2d44fad90 code [0x00007fd2d44fb160, 0x00007fd2d44fedb8]
Event: 22630.317 Thread 0x00007fd2e40cf000 4341 %     4       ch.idsia.credici.utility.DataUtil::getCounts @ 19 (88 bytes)
Event: 22630.470 Thread 0x00007fd2e40cf000 nmethod 4341% 0x00007fd2d445c090 code [0x00007fd2d445c2e0, 0x00007fd2d445d9e8]
Event: 26099.371 Thread 0x00007fd2e40cf000 4342       4       ch.idsia.credici.utility.DataUtil::getCounts (88 bytes)
Event: 26099.501 Thread 0x00007fd2e40cf000 nmethod 4342 0x00007fd2d42ac990 code [0x00007fd2d42acbe0, 0x00007fd2d42ae178]
Event: 30747.398 Thread 0x00007fd2e40cf000 4343       4       ch.idsia.credici.model.tools.CausalInfo::of (42 bytes)
Event: 30747.481 Thread 0x00007fd2e40cf000 nmethod 4343 0x00007fd2d445ae10 code [0x00007fd2d445b000, 0x00007fd2d445b7e8]
Event: 32176.154 Thread 0x00007fd2e40cf000 4344       4       ch.idsia.crema.model.Strides::intersection (157 bytes)
Event: 32176.242 Thread 0x00007fd2e40cf000 nmethod 4344 0x00007fd2d42ab490 code [0x00007fd2d42ab640, 0x00007fd2d42ac418]
Event: 32400.242 Thread 0x00007fd2e40cf000 4345 %     4       ch.idsia.crema.inference.ve.order.MinFillOrdering::loadMoralized @ 14 (193 bytes)
Event: 32400.319 Thread 0x00007fd2e40cf000 nmethod 4345% 0x00007fd2d4502d90 code [0x00007fd2d4503020, 0x00007fd2d4504400]

GC Heap History (20 events):
Event: 32827.089 GC heap after
{Heap after GC invocations=29195 (full 4):
 def new generation   total 2900672K, used 7421K [0x00007fc2cc600000, 0x00007fc391160000, 0x00007fc821b50000)
  eden space 2578432K,   0% used [0x00007fc2cc600000, 0x00007fc2cc600000, 0x00007fc369c00000)
  from space 322240K,   2% used [0x00007fc369c00000, 0x00007fc36a33f730, 0x00007fc37d6b0000)
  to   space 322240K,   0% used [0x00007fc37d6b0000, 0x00007fc37d6b0000, 0x00007fc391160000)
 tenured generation   total 6445764K, used 6442062K [0x00007fc821b50000, 0x00007fc9ab201000, 0x00007fd2cc600000)
   the space 6445764K,  99% used [0x00007fc821b50000, 0x00007fc9aae63be8, 0x00007fc9aae63c00, 0x00007fc9ab201000)
 Metaspace       used 24342K, capacity 24752K, committed 24832K, reserved 26624K
}
Event: 32829.540 GC heap before
{Heap before GC invocations=29195 (full 4):
 def new generation   total 2900672K, used 2585853K [0x00007fc2cc600000, 0x00007fc391160000, 0x00007fc821b50000)
  eden space 2578432K, 100% used [0x00007fc2cc600000, 0x00007fc369c00000, 0x00007fc369c00000)
  from space 322240K,   2% used [0x00007fc369c00000, 0x00007fc36a33f730, 0x00007fc37d6b0000)
  to   space 322240K,   0% used [0x00007fc37d6b0000, 0x00007fc37d6b0000, 0x00007fc391160000)
 tenured generation   total 6445764K, used 6442062K [0x00007fc821b50000, 0x00007fc9ab201000, 0x00007fd2cc600000)
   the space 6445764K,  99% used [0x00007fc821b50000, 0x00007fc9aae63be8, 0x00007fc9aae63c00, 0x00007fc9ab201000)
 Metaspace       used 24342K, capacity 24752K, committed 24832K, reserved 26624K
}
Event: 32829.562 GC heap after
{Heap after GC invocations=29196 (full 4):
 def new generation   total 2900672K, used 7359K [0x00007fc2cc600000, 0x00007fc391160000, 0x00007fc821b50000)
  eden space 2578432K,   0% used [0x00007fc2cc600000, 0x00007fc2cc600000, 0x00007fc369c00000)
  from space 322240K,   2% used [0x00007fc37d6b0000, 0x00007fc37dddff78, 0x00007fc391160000)
  to   space 322240K,   0% used [0x00007fc369c00000, 0x00007fc369c00000, 0x00007fc37d6b0000)
 tenured generation   total 6445764K, used 6442400K [0x00007fc821b50000, 0x00007fc9ab201000, 0x00007fd2cc600000)
   the space 6445764K,  99% used [0x00007fc821b50000, 0x00007fc9aaeb80b8, 0x00007fc9aaeb8200, 0x00007fc9ab201000)
 Metaspace       used 24342K, capacity 24752K, committed 24832K, reserved 26624K
}
Event: 32831.998 GC heap before
{Heap before GC invocations=29196 (full 4):
 def new generation   total 2900672K, used 2585791K [0x00007fc2cc600000, 0x00007fc391160000, 0x00007fc821b50000)
  eden space 2578432K, 100% used [0x00007fc2cc600000, 0x00007fc369c00000, 0x00007fc369c00000)
  from space 322240K,   2% used [0x00007fc37d6b0000, 0x00007fc37dddff78, 0x00007fc391160000)
  to   space 322240K,   0% used [0x00007fc369c00000, 0x00007fc369c00000, 0x00007fc37d6b0000)
 tenured generation   total 6445764K, used 6442400K [0x00007fc821b50000, 0x00007fc9ab201000, 0x00007fd2cc600000)
   the space 6445764K,  99% used [0x00007fc821b50000, 0x00007fc9aaeb80b8, 0x00007fc9aaeb8200, 0x00007fc9ab201000)
 Metaspace       used 24342K, capacity 24752K, committed 24832K, reserved 26624K
}
Event: 32832.017 GC heap after
{Heap after GC invocations=29197 (full 4):
 def new generation   total 2900672K, used 7309K [0x00007fc2cc600000, 0x00007fc391160000, 0x00007fc821b50000)
  eden space 2578432K,   0% used [0x00007fc2cc600000, 0x00007fc2cc600000, 0x00007fc369c00000)
  from space 322240K,   2% used [0x00007fc369c00000, 0x00007fc36a323688, 0x00007fc37d6b0000)
  to   space 322240K,   0% used [0x00007fc37d6b0000, 0x00007fc37d6b0000, 0x00007fc391160000)
 tenured generation   total 6445764K, used 6442713K [0x00007fc821b50000, 0x00007fc9ab201000, 0x00007fd2cc600000)
   the space 6445764K,  99% used [0x00007fc821b50000, 0x00007fc9aaf06530, 0x00007fc9aaf06600, 0x00007fc9ab201000)
 Metaspace       used 24342K, capacity 24752K, committed 24832K, reserved 26624K
}
Event: 32834.485 GC heap before
{Heap before GC invocations=29197 (full 4):
 def new generation   total 2900672K, used 2585741K [0x00007fc2cc600000, 0x00007fc391160000, 0x00007fc821b50000)
  eden space 2578432K, 100% used [0x00007fc2cc600000, 0x00007fc369c00000, 0x00007fc369c00000)
  from space 322240K,   2% used [0x00007fc369c00000, 0x00007fc36a323688, 0x00007fc37d6b0000)
  to   space 322240K,   0% used [0x00007fc37d6b0000, 0x00007fc37d6b0000, 0x00007fc391160000)
 tenured generation   total 6445764K, used 6442713K [0x00007fc821b50000, 0x00007fc9ab201000, 0x00007fd2cc600000)
   the space 6445764K,  99% used [0x00007fc821b50000, 0x00007fc9aaf06530, 0x00007fc9aaf06600, 0x00007fc9ab201000)
 Metaspace       used 24342K, capacity 24752K, committed 24832K, reserved 26624K
}
Event: 32834.506 GC heap after
{Heap after GC invocations=29198 (full 4):
 def new generation   total 2900672K, used 7257K [0x00007fc2cc600000, 0x00007fc391160000, 0x00007fc821b50000)
  eden space 2578432K,   0% used [0x00007fc2cc600000, 0x00007fc2cc600000, 0x00007fc369c00000)
  from space 322240K,   2% used [0x00007fc37d6b0000, 0x00007fc37ddc6548, 0x00007fc391160000)
  to   space 322240K,   0% used [0x00007fc369c00000, 0x00007fc369c00000, 0x00007fc37d6b0000)
 tenured generation   total 6445764K, used 6443050K [0x00007fc821b50000, 0x00007fc9ab201000, 0x00007fd2cc600000)
   the space 6445764K,  99% used [0x00007fc821b50000, 0x00007fc9aaf5aa00, 0x00007fc9aaf5aa00, 0x00007fc9ab201000)
 Metaspace       used 24342K, capacity 24752K, committed 24832K, reserved 26624K
}
Event: 32836.839 GC heap before
{Heap before GC invocations=29198 (full 4):
 def new generation   total 2900672K, used 2585689K [0x00007fc2cc600000, 0x00007fc391160000, 0x00007fc821b50000)
  eden space 2578432K, 100% used [0x00007fc2cc600000, 0x00007fc369c00000, 0x00007fc369c00000)
  from space 322240K,   2% used [0x00007fc37d6b0000, 0x00007fc37ddc6548, 0x00007fc391160000)
  to   space 322240K,   0% used [0x00007fc369c00000, 0x00007fc369c00000, 0x00007fc37d6b0000)
 tenured generation   total 6445764K, used 6443050K [0x00007fc821b50000, 0x00007fc9ab201000, 0x00007fd2cc600000)
   the space 6445764K,  99% used [0x00007fc821b50000, 0x00007fc9aaf5aa00, 0x00007fc9aaf5aa00, 0x00007fc9ab201000)
 Metaspace       used 24342K, capacity 24752K, committed 24832K, reserved 26624K
}
Event: 32836.860 GC heap after
{Heap after GC invocations=29199 (full 4):
 def new generation   total 2900672K, used 7220K [0x00007fc2cc600000, 0x00007fc391160000, 0x00007fc821b50000)
  eden space 2578432K,   0% used [0x00007fc2cc600000, 0x00007fc2cc600000, 0x00007fc369c00000)
  from space 322240K,   2% used [0x00007fc369c00000, 0x00007fc36a30d2b0, 0x00007fc37d6b0000)
  to   space 322240K,   0% used [0x00007fc37d6b0000, 0x00007fc37d6b0000, 0x00007fc391160000)
 tenured generation   total 6445764K, used 6443387K [0x00007fc821b50000, 0x00007fc9ab201000, 0x00007fd2cc600000)
   the space 6445764K,  99% used [0x00007fc821b50000, 0x00007fc9aafaeed0, 0x00007fc9aafaf000, 0x00007fc9ab201000)
 Metaspace       used 24342K, capacity 24752K, committed 24832K, reserved 26624K
}
Event: 32839.209 GC heap before
{Heap before GC invocations=29199 (full 4):
 def new generation   total 2900672K, used 2585652K [0x00007fc2cc600000, 0x00007fc391160000, 0x00007fc821b50000)
  eden space 2578432K, 100% used [0x00007fc2cc600000, 0x00007fc369c00000, 0x00007fc369c00000)
  from space 322240K,   2% used [0x00007fc369c00000, 0x00007fc36a30d2b0, 0x00007fc37d6b0000)
  to   space 322240K,   0% used [0x00007fc37d6b0000, 0x00007fc37d6b0000, 0x00007fc391160000)
 tenured generation   total 6445764K, used 6443387K [0x00007fc821b50000, 0x00007fc9ab201000, 0x00007fd2cc600000)
   the space 6445764K,  99% used [0x00007fc821b50000, 0x00007fc9aafaeed0, 0x00007fc9aafaf000, 0x00007fc9ab201000)
 Metaspace       used 24342K, capacity 24752K, committed 24832K, reserved 26624K
}
Event: 32839.232 GC heap after
{Heap after GC invocations=29200 (full 4):
 def new generation   total 2900672K, used 7249K [0x00007fc2cc600000, 0x00007fc391160000, 0x00007fc821b50000)
  eden space 2578432K,   0% used [0x00007fc2cc600000, 0x00007fc2cc600000, 0x00007fc369c00000)
  from space 322240K,   2% used [0x00007fc37d6b0000, 0x00007fc37ddc4600, 0x00007fc391160000)
  to   space 322240K,   0% used [0x00007fc369c00000, 0x00007fc369c00000, 0x00007fc37d6b0000)
 tenured generation   total 6445764K, used 6443795K [0x00007fc821b50000, 0x00007fc9ab201000, 0x00007fd2cc600000)
   the space 6445764K,  99% used [0x00007fc821b50000, 0x00007fc9ab014f88, 0x00007fc9ab015000, 0x00007fc9ab201000)
 Metaspace       used 24342K, capacity 24752K, committed 24832K, reserved 26624K
}
Event: 32841.609 GC heap before
{Heap before GC invocations=29200 (full 4):
 def new generation   total 2900672K, used 2585681K [0x00007fc2cc600000, 0x00007fc391160000, 0x00007fc821b50000)
  eden space 2578432K, 100% used [0x00007fc2cc600000, 0x00007fc369c00000, 0x00007fc369c00000)
  from space 322240K,   2% used [0x00007fc37d6b0000, 0x00007fc37ddc4600, 0x00007fc391160000)
  to   space 322240K,   0% used [0x00007fc369c00000, 0x00007fc369c00000, 0x00007fc37d6b0000)
 tenured generation   total 6445764K, used 6443795K [0x00007fc821b50000, 0x00007fc9ab201000, 0x00007fd2cc600000)
   the space 6445764K,  99% used [0x00007fc821b50000, 0x00007fc9ab014f88, 0x00007fc9ab015000, 0x00007fc9ab201000)
 Metaspace       used 24342K, capacity 24752K, committed 24832K, reserved 26624K
}
Event: 32841.631 GC heap after
{Heap after GC invocations=29201 (full 4):
 def new generation   total 2900672K, used 7211K [0x00007fc2cc600000, 0x00007fc391160000, 0x00007fc821b50000)
  eden space 2578432K,   0% used [0x00007fc2cc600000, 0x00007fc2cc600000, 0x00007fc369c00000)
  from space 322240K,   2% used [0x00007fc369c00000, 0x00007fc36a30ae08, 0x00007fc37d6b0000)
  to   space 322240K,   0% used [0x00007fc37d6b0000, 0x00007fc37d6b0000, 0x00007fc391160000)
 tenured generation   total 6445764K, used 6444391K [0x00007fc821b50000, 0x00007fc9ab201000, 0x00007fd2cc600000)
   the space 6445764K,  99% used [0x00007fc821b50000, 0x00007fc9ab0a9f90, 0x00007fc9ab0aa000, 0x00007fc9ab201000)
 Metaspace       used 24342K, capacity 24752K, committed 24832K, reserved 26624K
}
Event: 32843.977 GC heap before
{Heap before GC invocations=29201 (full 4):
 def new generation   total 2900672K, used 2585643K [0x00007fc2cc600000, 0x00007fc391160000, 0x00007fc821b50000)
  eden space 2578432K, 100% used [0x00007fc2cc600000, 0x00007fc369c00000, 0x00007fc369c00000)
  from space 322240K,   2% used [0x00007fc369c00000, 0x00007fc36a30ae08, 0x00007fc37d6b0000)
  to   space 322240K,   0% used [0x00007fc37d6b0000, 0x00007fc37d6b0000, 0x00007fc391160000)
 tenured generation   total 6445764K, used 6444391K [0x00007fc821b50000, 0x00007fc9ab201000, 0x00007fd2cc600000)
   the space 6445764K,  99% used [0x00007fc821b50000, 0x00007fc9ab0a9f90, 0x00007fc9ab0aa000, 0x00007fc9ab201000)
 Metaspace       used 24342K, capacity 24752K, committed 24832K, reserved 26624K
}
Event: 32843.998 GC heap after
{Heap after GC invocations=29202 (full 4):
 def new generation   total 2900672K, used 7168K [0x00007fc2cc600000, 0x00007fc391160000, 0x00007fc821b50000)
  eden space 2578432K,   0% used [0x00007fc2cc600000, 0x00007fc2cc600000, 0x00007fc369c00000)
  from space 322240K,   2% used [0x00007fc37d6b0000, 0x00007fc37ddb0148, 0x00007fc391160000)
  to   space 322240K,   0% used [0x00007fc369c00000, 0x00007fc369c00000, 0x00007fc37d6b0000)
 tenured generation   total 6445764K, used 6445058K [0x00007fc821b50000, 0x00007fc9ab201000, 0x00007fd2cc600000)
   the space 6445764K,  99% used [0x00007fc821b50000, 0x00007fc9ab1509b0, 0x00007fc9ab150a00, 0x00007fc9ab201000)
 Metaspace       used 24342K, capacity 24752K, committed 24832K, reserved 26624K
}
Event: 32846.373 GC heap before
{Heap before GC invocations=29202 (full 4):
 def new generation   total 2900672K, used 2585600K [0x00007fc2cc600000, 0x00007fc391160000, 0x00007fc821b50000)
  eden space 2578432K, 100% used [0x00007fc2cc600000, 0x00007fc369c00000, 0x00007fc369c00000)
  from space 322240K,   2% used [0x00007fc37d6b0000, 0x00007fc37ddb0148, 0x00007fc391160000)
  to   space 322240K,   0% used [0x00007fc369c00000, 0x00007fc369c00000, 0x00007fc37d6b0000)
 tenured generation   total 6445764K, used 6445058K [0x00007fc821b50000, 0x00007fc9ab201000, 0x00007fd2cc600000)
   the space 6445764K,  99% used [0x00007fc821b50000, 0x00007fc9ab1509b0, 0x00007fc9ab150a00, 0x00007fc9ab201000)
 Metaspace       used 24342K, capacity 24752K, committed 24832K, reserved 26624K
}
Event: 32846.393 GC heap after
{Heap after GC invocations=29203 (full 4):
 def new generation   total 2900672K, used 7151K [0x00007fc2cc600000, 0x00007fc391160000, 0x00007fc821b50000)
  eden space 2578432K,   0% used [0x00007fc2cc600000, 0x00007fc2cc600000, 0x00007fc369c00000)
  from space 322240K,   2% used [0x00007fc369c00000, 0x00007fc36a2fbeb8, 0x00007fc37d6b0000)
  to   space 322240K,   0% used [0x00007fc37d6b0000, 0x00007fc37d6b0000, 0x00007fc391160000)
 tenured generation   total 6445764K, used 6445724K [0x00007fc821b50000, 0x00007fc9ab201000, 0x00007fd2cc600000)
   the space 6445764K,  99% used [0x00007fc821b50000, 0x00007fc9ab1f73d0, 0x00007fc9ab1f7400, 0x00007fc9ab201000)
 Metaspace       used 24342K, capacity 24752K, committed 24832K, reserved 26624K
}
Event: 32848.756 GC heap before
{Heap before GC invocations=29203 (full 4):
 def new generation   total 2900672K, used 2585583K [0x00007fc2cc600000, 0x00007fc391160000, 0x00007fc821b50000)
  eden space 2578432K, 100% used [0x00007fc2cc600000, 0x00007fc369c00000, 0x00007fc369c00000)
  from space 322240K,   2% used [0x00007fc369c00000, 0x00007fc36a2fbeb8, 0x00007fc37d6b0000)
  to   space 322240K,   0% used [0x00007fc37d6b0000, 0x00007fc37d6b0000, 0x00007fc391160000)
 tenured generation   total 6445764K, used 6445724K [0x00007fc821b50000, 0x00007fc9ab201000, 0x00007fd2cc600000)
   the space 6445764K,  99% used [0x00007fc821b50000, 0x00007fc9ab1f73d0, 0x00007fc9ab1f7400, 0x00007fc9ab201000)
 Metaspace       used 24342K, capacity 24752K, committed 24832K, reserved 26624K
}
Event: 32848.782 GC heap after
{Heap after GC invocations=29204 (full 4):
 def new generation   total 2900672K, used 7167K [0x00007fc2cc600000, 0x00007fc391160000, 0x00007fc821b50000)
  eden space 2578432K,   0% used [0x00007fc2cc600000, 0x00007fc2cc600000, 0x00007fc369c00000)
  from space 322240K,   2% used [0x00007fc37d6b0000, 0x00007fc37ddaff90, 0x00007fc391160000)
  to   space 322240K,   0% used [0x00007fc369c00000, 0x00007fc369c00000, 0x00007fc37d6b0000)
 tenured generation   total 6446916K, used 6446838K [0x00007fc821b50000, 0x00007fc9ab321000, 0x00007fd2cc600000)
   the space 6446916K,  99% used [0x00007fc821b50000, 0x00007fc9ab30db08, 0x00007fc9ab30dc00, 0x00007fc9ab321000)
 Metaspace       used 24342K, capacity 24752K, committed 24832K, reserved 26624K
}
Event: 32848.782 GC heap before
{Heap before GC invocations=29204 (full 4):
 def new generation   total 2900672K, used 7167K [0x00007fc2cc600000, 0x00007fc391160000, 0x00007fc821b50000)
  eden space 2578432K,   0% used [0x00007fc2cc600000, 0x00007fc2cc600000, 0x00007fc369c00000)
  from space 322240K,   2% used [0x00007fc37d6b0000, 0x00007fc37ddaff90, 0x00007fc391160000)
  to   space 322240K,   0% used [0x00007fc369c00000, 0x00007fc369c00000, 0x00007fc37d6b0000)
 tenured generation   total 6446916K, used 6446838K [0x00007fc821b50000, 0x00007fc9ab321000, 0x00007fd2cc600000)
   the space 6446916K,  99% used [0x00007fc821b50000, 0x00007fc9ab30db08, 0x00007fc9ab30dc00, 0x00007fc9ab321000)
 Metaspace       used 24342K, capacity 24752K, committed 24832K, reserved 26624K
}

Deoptimization events (20 events):
Event: 4795.628 Thread 0x00007fd2e4018000 DEOPT PACKING pc=0x00007fd2cd2443bb sp=0x00007fd2e9764920
Event: 4795.628 Thread 0x00007fd2e4018000 DEOPT UNPACKING pc=0x00007fd2cc7d333a sp=0x00007fd2e9763ed0 mode 0
Event: 5209.598 Thread 0x00007fd2e4018000 DEOPT PACKING pc=0x00007fd2cd2443bb sp=0x00007fd2e9764920
Event: 5209.598 Thread 0x00007fd2e4018000 DEOPT UNPACKING pc=0x00007fd2cc7d333a sp=0x00007fd2e9763ed0 mode 0
Event: 5303.271 Thread 0x00007fd2e4018000 DEOPT PACKING pc=0x00007fd2cd23f743 sp=0x00007fd2e97644d0
Event: 5303.271 Thread 0x00007fd2e4018000 DEOPT UNPACKING pc=0x00007fd2cc7d333a sp=0x00007fd2e9763ac8 mode 0
Event: 6255.455 Thread 0x00007fd2e4018000 Uncommon trap: trap_request=0xffffffc6 fr.pc=0x00007fd2d44d5fe8 relative=0x0000000000000cc8
Event: 6255.455 Thread 0x00007fd2e4018000 Uncommon trap: reason=bimorphic_or_optimized_type_check action=maybe_recompile pc=0x00007fd2d44d5fe8 method=java.util.HashMap.removeNode(ILjava/lang/Object;Ljava/lang/Object;ZZ)Ljava/util/HashMap$Node; @ 143 c2
Event: 6255.456 Thread 0x00007fd2e4018000 DEOPT PACKING pc=0x00007fd2d44d5fe8 sp=0x00007fd2e97644b0
Event: 6255.456 Thread 0x00007fd2e4018000 DEOPT UNPACKING pc=0x00007fd2cc7d2e25 sp=0x00007fd2e9764448 mode 2
Event: 6356.487 Thread 0x00007fd2e4018000 Uncommon trap: trap_request=0xffffffc6 fr.pc=0x00007fd2d44d5fe8 relative=0x0000000000000cc8
Event: 6356.487 Thread 0x00007fd2e4018000 Uncommon trap: reason=bimorphic_or_optimized_type_check action=maybe_recompile pc=0x00007fd2d44d5fe8 method=java.util.HashMap.removeNode(ILjava/lang/Object;Ljava/lang/Object;ZZ)Ljava/util/HashMap$Node; @ 143 c2
Event: 6356.487 Thread 0x00007fd2e4018000 DEOPT PACKING pc=0x00007fd2d44d5fe8 sp=0x00007fd2e97644b0
Event: 6356.487 Thread 0x00007fd2e4018000 DEOPT UNPACKING pc=0x00007fd2cc7d2e25 sp=0x00007fd2e9764448 mode 2
Event: 11265.217 Thread 0x00007fd2e4018000 DEOPT PACKING pc=0x00007fd2cce76e69 sp=0x00007fd2e9764a40
Event: 11265.217 Thread 0x00007fd2e4018000 DEOPT UNPACKING pc=0x00007fd2cc7d333a sp=0x00007fd2e9763f48 mode 0
Event: 21759.458 Thread 0x00007fd2e4018000 DEOPT PACKING pc=0x00007fd2cd2aa99e sp=0x00007fd2e9764920
Event: 21759.458 Thread 0x00007fd2e4018000 DEOPT UNPACKING pc=0x00007fd2cc7d333a sp=0x00007fd2e9763e90 mode 0
Event: 26099.389 Thread 0x00007fd2e4018000 DEOPT PACKING pc=0x00007fd2cd303eae sp=0x00007fd2e9764860
Event: 26099.389 Thread 0x00007fd2e4018000 DEOPT UNPACKING pc=0x00007fd2cc7d333a sp=0x00007fd2e9763e28 mode 0

Classes unloaded (0 events):
No events

Classes redefined (0 events):
No events

Internal exceptions (20 events):
Event: 0.774 Thread 0x00007fd2e4018000 Exception <a 'java/lang/NoSuchMethodError'{0x00007fc2cdc59980}: 'java.lang.Object java.lang.invoke.DirectMethodHandle$Holder.invokeVirtual(java.lang.Object, java.lang.Object, java.lang.Object, int, int)'> (0x00007fc2cdc59980) 
thrown [src/hotspot/share/interpreter/linkResolver.cpp, line 766]
Event: 0.775 Thread 0x00007fd2e4018000 Exception <a 'java/lang/NoSuchMethodError'{0x00007fc2cdc61d30}: 'java.lang.Object java.lang.invoke.DirectMethodHandle$Holder.invokeVirtual(java.lang.Object, java.lang.Object, int)'> (0x00007fc2cdc61d30) 
thrown [src/hotspot/share/interpreter/linkResolver.cpp, line 766]
Event: 0.792 Thread 0x00007fd2e4018000 Exception <a 'java/lang/NoSuchMethodError'{0x00007fc2cdc82ac8}: 'java.lang.Object java.lang.invoke.DirectMethodHandle$Holder.invokeSpecial(java.lang.Object, java.lang.Object, java.lang.Object, int, int)'> (0x00007fc2cdc82ac8) 
thrown [src/hotspot/share/interpreter/linkResolver.cpp, line 766]
Event: 1.230 Thread 0x00007fd2e4018000 Exception <a 'java/lang/NoSuchMethodError'{0x00007fc2cf242be0}: 'int java.lang.invoke.DirectMethodHandle$Holder.invokeSpecial(java.lang.Object, java.lang.Object, java.lang.Object, java.lang.Object, java.lang.Object)'> (0x00007fc2cf242be0) 
thrown [src/hotspot/share/interpreter/linkResolver.cpp, line 766]
Event: 1.350 Thread 0x00007fd2e4018000 Exception <a 'java/lang/NoSuchMethodError'{0x00007fc2cf6608b8}: 'java.lang.Object java.lang.invoke.DirectMethodHandle$Holder.invokeStatic(java.lang.Object, java.lang.Object, int, int)'> (0x00007fc2cf6608b8) 
thrown [src/hotspot/share/interpreter/linkResolver.cpp, line 766]
Event: 1.813 Thread 0x00007fd2e4018000 Exception <a 'java/lang/NoSuchMethodError'{0x00007fc2d116ba30}: 'void java.lang.invoke.DirectMethodHandle$Holder.invokeVirtual(java.lang.Object, java.lang.Object)'> (0x00007fc2d116ba30) 
thrown [src/hotspot/share/interpreter/linkResolver.cpp, line 766]
Event: 1.980 Thread 0x00007fd2e4018000 Exception <a 'java/lang/NoSuchMethodError'{0x00007fc2d14f4958}: 'int java.lang.invoke.DirectMethodHandle$Holder.invokeVirtual(java.lang.Object, java.lang.Object, java.lang.Object, java.lang.Object)'> (0x00007fc2d14f4958) 
thrown [src/hotspot/share/interpreter/linkResolver.cpp, line 766]
Event: 1.982 Thread 0x00007fd2e4018000 Exception <a 'java/lang/NoSuchMethodError'{0x00007fc2d1502bc0}: 'java.lang.Object java.lang.invoke.DirectMethodHandle$Holder.invokeStatic(java.lang.Object, java.lang.Object, int, java.lang.Object)'> (0x00007fc2d1502bc0) 
thrown [src/hotspot/share/interpreter/linkResolver.cpp, line 766]
Event: 1.982 Thread 0x00007fd2e4018000 Exception <a 'java/lang/NoSuchMethodError'{0x00007fc2d150b4d8}: 'java.lang.Object java.lang.invoke.Invokers$Holder.linkToTargetMethod(java.lang.Object, int, java.lang.Object, java.lang.Object)'> (0x00007fc2d150b4d8) 
thrown [src/hotspot/share/interpreter/linkResolver.cpp, line 766]
Event: 2.311 Thread 0x00007fd2e4018000 Implicit null exception at 0x00007fd2d42c9345 to 0x00007fd2d42c951c
Event: 2.311 Thread 0x00007fd2e4018000 Implicit null exception at 0x00007fd2d427ea0f to 0x00007fd2d427ea79
Event: 2.768 Thread 0x00007fd2e4018000 Exception <a 'java/lang/NoSuchMethodError'{0x00007fc2d22fd248}: 'java.lang.Object java.lang.invoke.Invokers$Holder.linkToTargetMethod(java.lang.Object, int, java.lang.Object)'> (0x00007fc2d22fd248) 
thrown [src/hotspot/share/interpreter/linkResolver.cpp, line 766]
Event: 2.778 Thread 0x00007fd2e4018000 Exception <a 'java/lang/NoSuchMethodError'{0x00007fc2d2337290}: 'java.lang.Object java.lang.invoke.Invokers$Holder.linkToTargetMethod(java.lang.Object, long, java.lang.Object)'> (0x00007fc2d2337290) 
thrown [src/hotspot/share/interpreter/linkResolver.cpp, line 766]
Event: 2.941 Thread 0x00007fd2e40a7000 Implicit null exception at 0x00007fd2d42a654c to 0x00007fd2d42a6600
Event: 2.989 Thread 0x00007fd2e4018000 Exception <a 'java/lang/NoSuchMethodError'{0x00007fc2cc726ce8}: 'java.lang.Object java.lang.invoke.Invokers$Holder.invokeExact_MT(java.lang.Object, java.lang.Object, java.lang.Object, java.lang.Object, java.lang.Object, java.lang.Object)'> (0x00007fc2cc726ce8) 
thrown [src/hotspot/share/interpreter/linkResolver.cpp, line 766]
Event: 3.052 Thread 0x00007fd2e4018000 Exception <a 'java/lang/NoSuchMethodError'{0x00007fc2cc8af668}: 'int java.lang.invoke.DirectMethodHandle$Holder.invokeStatic(java.lang.Object, java.lang.Object, int)'> (0x00007fc2cc8af668) 
thrown [src/hotspot/share/interpreter/linkResolver.cpp, line 766]
Event: 3.129 Thread 0x00007fd2e4018000 Exception <a 'java/lang/NoSuchMethodError'{0x00007fc2cca7eca0}: 'double java.lang.invoke.DirectMethodHandle$Holder.invokeStatic(java.lang.Object, java.lang.Object)'> (0x00007fc2cca7eca0) 
thrown [src/hotspot/share/interpreter/linkResolver.cpp, line 766]
Event: 3.164 Thread 0x00007fd2e4018000 Exception <a 'java/lang/NoSuchMethodError'{0x00007fc2ccba0660}: 'int java.lang.invoke.DirectMethodHandle$Holder.invokeStatic(java.lang.Object, java.lang.Object, java.lang.Object, int)'> (0x00007fc2ccba0660) 
thrown [src/hotspot/share/interpreter/linkResolver.cpp, line 766]
Event: 68.154 Thread 0x00007fd2e4018000 Implicit null exception at 0x00007fd2d44a8e26 to 0x00007fd2d44a8f20
Event: 68.517 Thread 0x00007fd2e4018000 Implicit null exception at 0x00007fd2d445ade0 to 0x00007fd2d445c890

Events (20 events):
Event: 32824.594 Executing VM operation: GenCollectForAllocation done
Event: 32827.068 Executing VM operation: GenCollectForAllocation
Event: 32827.089 Executing VM operation: GenCollectForAllocation done
Event: 32829.540 Executing VM operation: GenCollectForAllocation
Event: 32829.562 Executing VM operation: GenCollectForAllocation done
Event: 32831.998 Executing VM operation: GenCollectForAllocation
Event: 32832.017 Executing VM operation: GenCollectForAllocation done
Event: 32834.485 Executing VM operation: GenCollectForAllocation
Event: 32834.506 Executing VM operation: GenCollectForAllocation done
Event: 32836.839 Executing VM operation: GenCollectForAllocation
Event: 32836.860 Executing VM operation: GenCollectForAllocation done
Event: 32839.208 Executing VM operation: GenCollectForAllocation
Event: 32839.232 Executing VM operation: GenCollectForAllocation done
Event: 32841.609 Executing VM operation: GenCollectForAllocation
Event: 32841.631 Executing VM operation: GenCollectForAllocation done
Event: 32843.977 Executing VM operation: GenCollectForAllocation
Event: 32843.998 Executing VM operation: GenCollectForAllocation done
Event: 32846.373 Executing VM operation: GenCollectForAllocation
Event: 32846.394 Executing VM operation: GenCollectForAllocation done
Event: 32848.756 Executing VM operation: GenCollectForAllocation


Dynamic libraries:
55fd2f79b000-55fd2f79c000 r--p 00000000 07:09 4860                       /usr/lib/jvm/java-13-openjdk-amd64/bin/java
55fd2f79c000-55fd2f79d000 r-xp 00001000 07:09 4860                       /usr/lib/jvm/java-13-openjdk-amd64/bin/java
55fd2f79d000-55fd2f79e000 r--p 00002000 07:09 4860                       /usr/lib/jvm/java-13-openjdk-amd64/bin/java
55fd2f79e000-55fd2f79f000 r--p 00002000 07:09 4860                       /usr/lib/jvm/java-13-openjdk-amd64/bin/java
55fd2f79f000-55fd2f7a0000 rw-p 00003000 07:09 4860                       /usr/lib/jvm/java-13-openjdk-amd64/bin/java
55fd2fa30000-55fd2fa51000 rw-p 00000000 00:00 0                          [heap]
7fc290000000-7fc290021000 rw-p 00000000 00:00 0 
7fc290021000-7fc294000000 ---p 00000000 00:00 0 
7fc298000000-7fc298021000 rw-p 00000000 00:00 0 
7fc298021000-7fc29c000000 ---p 00000000 00:00 0 
7fc29c000000-7fc29c021000 rw-p 00000000 00:00 0 
7fc29c021000-7fc2a0000000 ---p 00000000 00:00 0 
7fc2a0000000-7fc2a1dda000 rw-p 00000000 00:00 0 
7fc2a1dda000-7fc2a4000000 ---p 00000000 00:00 0 
7fc2a4000000-7fc2a4bee000 rw-p 00000000 00:00 0 
7fc2a4bee000-7fc2a8000000 ---p 00000000 00:00 0 
7fc2a8000000-7fc2a8021000 rw-p 00000000 00:00 0 
7fc2a8021000-7fc2ac000000 ---p 00000000 00:00 0 
7fc2ac000000-7fc2ac021000 rw-p 00000000 00:00 0 
7fc2ac021000-7fc2b0000000 ---p 00000000 00:00 0 
7fc2b0000000-7fc2b0021000 rw-p 00000000 00:00 0 
7fc2b0021000-7fc2b4000000 ---p 00000000 00:00 0 
7fc2b4000000-7fc2b4021000 rw-p 00000000 00:00 0 
7fc2b4021000-7fc2b8000000 ---p 00000000 00:00 0 
7fc2b8000000-7fc2b809d000 rw-p 00000000 00:00 0 
7fc2b809d000-7fc2bc000000 ---p 00000000 00:00 0 
7fc2bdd09000-7fc2bdd49000 rw-p 00000000 00:00 0 
7fc2bdd49000-7fc2bdf09000 ---p 00000000 00:00 0 
7fc2bdf09000-7fc2be109000 rw-p 00000000 00:00 0 
7fc2be109000-7fc2be309000 rw-p 00000000 00:00 0 
7fc2be309000-7fc2be509000 rw-p 00000000 00:00 0 
7fc2be509000-7fc2be709000 rw-p 00000000 00:00 0 
7fc2be709000-7fc2beaa9000 rw-p 00000000 00:00 0 
7fc2beaa9000-7fc2beca9000 rw-p 00000000 00:00 0 
7fc2beca9000-7fc2beea9000 rw-p 00000000 00:00 0 
7fc2beea9000-7fc2bfcf5000 rw-p 00000000 00:00 0 
7fc2bfcf5000-7fc2c45ff000 ---p 00000000 00:00 0 
7fc2c45ff000-7fc2c4c25000 rw-p 00000000 00:00 0 
7fc2c4c25000-7fc2c70a9000 ---p 00000000 00:00 0 
7fc2c70a9000-7fc2c7cf6000 rw-p 00000000 00:00 0 
7fc2c7cf6000-7fc2cc5ff000 ---p 00000000 00:00 0 
7fc2cc5ff000-7fc391160000 rw-p 00000000 00:00 0 
7fc391160000-7fc821b50000 ---p 00000000 00:00 0 
7fc821b50000-7fc9ab321000 rw-p 00000000 00:00 0 
7fcab1857000-7fd2cc600000 ---p 00000000 00:00 0 
7fd2cc78a000-7fd2cc9fa000 rwxp 00000000 00:00 0 
7fd2cc9fa000-7fd2ccd19000 ---p 00000000 00:00 0 
7fd2ccd19000-7fd2cd439000 rwxp 00000000 00:00 0 
7fd2cd439000-7fd2d4251000 ---p 00000000 00:00 0 
7fd2d4251000-7fd2d4511000 rwxp 00000000 00:00 0 
7fd2d4511000-7fd2db78a000 ---p 00000000 00:00 0 
7fd2db78a000-7fd2e4000000 r--s 00000000 07:09 5215                       /usr/lib/jvm/java-13-openjdk-amd64/lib/modules
7fd2e4000000-7fd2e4735000 rw-p 00000000 00:00 0 
7fd2e4735000-7fd2e8000000 ---p 00000000 00:00 0 
7fd2e8050000-7fd2e8081000 rw-p 00000000 00:00 0 
7fd2e8081000-7fd2e8085000 r--p 00000000 07:09 5204                       /usr/lib/jvm/java-13-openjdk-amd64/lib/libnet.so
7fd2e8085000-7fd2e8093000 r-xp 00004000 07:09 5204                       /usr/lib/jvm/java-13-openjdk-amd64/lib/libnet.so
7fd2e8093000-7fd2e8097000 r--p 00012000 07:09 5204                       /usr/lib/jvm/java-13-openjdk-amd64/lib/libnet.so
7fd2e8097000-7fd2e8098000 r--p 00015000 07:09 5204                       /usr/lib/jvm/java-13-openjdk-amd64/lib/libnet.so
7fd2e8098000-7fd2e8099000 rw-p 00016000 07:09 5204                       /usr/lib/jvm/java-13-openjdk-amd64/lib/libnet.so
7fd2e8099000-7fd2e80a0000 r--p 00000000 07:09 5205                       /usr/lib/jvm/java-13-openjdk-amd64/lib/libnio.so
7fd2e80a0000-7fd2e80a9000 r-xp 00007000 07:09 5205                       /usr/lib/jvm/java-13-openjdk-amd64/lib/libnio.so
7fd2e80a9000-7fd2e80ad000 r--p 00010000 07:09 5205                       /usr/lib/jvm/java-13-openjdk-amd64/lib/libnio.so
7fd2e80ad000-7fd2e80ae000 r--p 00013000 07:09 5205                       /usr/lib/jvm/java-13-openjdk-amd64/lib/libnio.so
7fd2e80ae000-7fd2e80af000 rw-p 00014000 07:09 5205                       /usr/lib/jvm/java-13-openjdk-amd64/lib/libnio.so
7fd2e80af000-7fd2e80b0000 ---p 00000000 00:00 0 
7fd2e80b0000-7fd2e81b1000 rw-p 00000000 00:00 0 
7fd2e81b1000-7fd2e81b5000 ---p 00000000 00:00 0 
7fd2e81b5000-7fd2e82b2000 rw-p 00000000 00:00 0 
7fd2e82b2000-7fd2e82b6000 ---p 00000000 00:00 0 
7fd2e82b6000-7fd2e83b3000 rw-p 00000000 00:00 0 
7fd2e83b3000-7fd2e83b7000 ---p 00000000 00:00 0 
7fd2e83b7000-7fd2e84b4000 rw-p 00000000 00:00 0 
7fd2e84b4000-7fd2e84b8000 ---p 00000000 00:00 0 
7fd2e84b8000-7fd2e85b5000 rw-p 00000000 00:00 0 
7fd2e85b5000-7fd2e85b9000 ---p 00000000 00:00 0 
7fd2e85b9000-7fd2e86b6000 rw-p 00000000 00:00 0 
7fd2e86b6000-7fd2e86ba000 ---p 00000000 00:00 0 
7fd2e86ba000-7fd2e87b7000 rw-p 00000000 00:00 0 
7fd2e87b7000-7fd2e87be000 r--s 00000000 07:09 8532                       /usr/lib/x86_64-linux-gnu/gconv/gconv-modules.cache
7fd2e87be000-7fd2e87f0000 r--p 00000000 07:09 5276                       /usr/lib/locale/C.UTF-8/LC_CTYPE
7fd2e87f0000-7fd2e87f4000 ---p 00000000 00:00 0 
7fd2e87f4000-7fd2e88f1000 rw-p 00000000 00:00 0 
7fd2e88f1000-7fd2e88f5000 ---p 00000000 00:00 0 
7fd2e88f5000-7fd2e89f2000 rw-p 00000000 00:00 0 
7fd2e89f2000-7fd2e89f3000 ---p 00000000 00:00 0 
7fd2e89f3000-7fd2e9411000 rw-p 00000000 00:00 0 
7fd2e9411000-7fd2e9417000 rw-p 00000000 00:00 0 
7fd2e9417000-7fd2e94fc000 ---p 00000000 00:00 0 
7fd2e94fc000-7fd2e950b000 rw-p 00000000 00:00 0 
7fd2e950b000-7fd2e95e7000 ---p 00000000 00:00 0 
7fd2e95e7000-7fd2e95ec000 rw-p 00000000 00:00 0 
7fd2e95ec000-7fd2e95f3000 ---p 00000000 00:00 0 
7fd2e95f3000-7fd2e95f5000 r--p 00000000 07:09 5214                       /usr/lib/jvm/java-13-openjdk-amd64/lib/libzip.so
7fd2e95f5000-7fd2e95f9000 r-xp 00002000 07:09 5214                       /usr/lib/jvm/java-13-openjdk-amd64/lib/libzip.so
7fd2e95f9000-7fd2e95fb000 r--p 00006000 07:09 5214                       /usr/lib/jvm/java-13-openjdk-amd64/lib/libzip.so
7fd2e95fb000-7fd2e95fc000 r--p 00007000 07:09 5214                       /usr/lib/jvm/java-13-openjdk-amd64/lib/libzip.so
7fd2e95fc000-7fd2e95fd000 rw-p 00008000 07:09 5214                       /usr/lib/jvm/java-13-openjdk-amd64/lib/libzip.so
7fd2e95fd000-7fd2e9605000 rw-s 00000000 08:03 67233385                   /tmp/hsperfdata_rcabanas/36263
7fd2e9605000-7fd2e9608000 r--p 00000000 07:09 9108                       /usr/lib/x86_64-linux-gnu/libnss_files-2.31.so
7fd2e9608000-7fd2e960f000 r-xp 00003000 07:09 9108                       /usr/lib/x86_64-linux-gnu/libnss_files-2.31.so
7fd2e960f000-7fd2e9611000 r--p 0000a000 07:09 9108                       /usr/lib/x86_64-linux-gnu/libnss_files-2.31.so
7fd2e9611000-7fd2e9612000 r--p 0000b000 07:09 9108                       /usr/lib/x86_64-linux-gnu/libnss_files-2.31.so
7fd2e9612000-7fd2e9613000 rw-p 0000c000 07:09 9108                       /usr/lib/x86_64-linux-gnu/libnss_files-2.31.so
7fd2e9613000-7fd2e9619000 rw-p 00000000 00:00 0 
7fd2e961f000-7fd2e9621000 r--p 00000000 07:09 5195                       /usr/lib/jvm/java-13-openjdk-amd64/lib/libjimage.so
7fd2e9621000-7fd2e9624000 r-xp 00002000 07:09 5195                       /usr/lib/jvm/java-13-openjdk-amd64/lib/libjimage.so
7fd2e9624000-7fd2e9625000 r--p 00005000 07:09 5195                       /usr/lib/jvm/java-13-openjdk-amd64/lib/libjimage.so
7fd2e9625000-7fd2e9626000 ---p 00006000 07:09 5195                       /usr/lib/jvm/java-13-openjdk-amd64/lib/libjimage.so
7fd2e9626000-7fd2e9627000 r--p 00006000 07:09 5195                       /usr/lib/jvm/java-13-openjdk-amd64/lib/libjimage.so
7fd2e9627000-7fd2e9628000 rw-p 00007000 07:09 5195                       /usr/lib/jvm/java-13-openjdk-amd64/lib/libjimage.so
7fd2e9628000-7fd2e9635000 r--p 00000000 07:09 5191                       /usr/lib/jvm/java-13-openjdk-amd64/lib/libjava.so
7fd2e9635000-7fd2e964a000 r-xp 0000d000 07:09 5191                       /usr/lib/jvm/java-13-openjdk-amd64/lib/libjava.so
7fd2e964a000-7fd2e9650000 r--p 00022000 07:09 5191                       /usr/lib/jvm/java-13-openjdk-amd64/lib/libjava.so
7fd2e9650000-7fd2e9651000 ---p 00028000 07:09 5191                       /usr/lib/jvm/java-13-openjdk-amd64/lib/libjava.so
7fd2e9651000-7fd2e9652000 r--p 00028000 07:09 5191                       /usr/lib/jvm/java-13-openjdk-amd64/lib/libjava.so
7fd2e9652000-7fd2e9654000 rw-p 00029000 07:09 5191                       /usr/lib/jvm/java-13-openjdk-amd64/lib/libjava.so
7fd2e9654000-7fd2e9659000 r--p 00000000 07:09 5213                       /usr/lib/jvm/java-13-openjdk-amd64/lib/libverify.so
7fd2e9659000-7fd2e9660000 r-xp 00005000 07:09 5213                       /usr/lib/jvm/java-13-openjdk-amd64/lib/libverify.so
7fd2e9660000-7fd2e9662000 r--p 0000c000 07:09 5213                       /usr/lib/jvm/java-13-openjdk-amd64/lib/libverify.so
7fd2e9662000-7fd2e9663000 ---p 0000e000 07:09 5213                       /usr/lib/jvm/java-13-openjdk-amd64/lib/libverify.so
7fd2e9663000-7fd2e9665000 r--p 0000e000 07:09 5213                       /usr/lib/jvm/java-13-openjdk-amd64/lib/libverify.so
7fd2e9665000-7fd2e9666000 rw-p 00010000 07:09 5213                       /usr/lib/jvm/java-13-openjdk-amd64/lib/libverify.so
7fd2e9666000-7fd2e966a000 ---p 00000000 00:00 0 
7fd2e966a000-7fd2e9767000 rw-p 00000000 00:00 0 
7fd2e9767000-7fd2e976a000 r--p 00000000 07:09 8948                       /usr/lib/x86_64-linux-gnu/libgcc_s.so.1
7fd2e976a000-7fd2e977c000 r-xp 00003000 07:09 8948                       /usr/lib/x86_64-linux-gnu/libgcc_s.so.1
7fd2e977c000-7fd2e9780000 r--p 00015000 07:09 8948                       /usr/lib/x86_64-linux-gnu/libgcc_s.so.1
7fd2e9780000-7fd2e9781000 r--p 00018000 07:09 8948                       /usr/lib/x86_64-linux-gnu/libgcc_s.so.1
7fd2e9781000-7fd2e9782000 rw-p 00019000 07:09 8948                       /usr/lib/x86_64-linux-gnu/libgcc_s.so.1
7fd2e9782000-7fd2e978f000 r--p 00000000 07:09 9062                       /usr/lib/x86_64-linux-gnu/libm-2.31.so
7fd2e978f000-7fd2e9836000 r-xp 0000d000 07:09 9062                       /usr/lib/x86_64-linux-gnu/libm-2.31.so
7fd2e9836000-7fd2e98cf000 r--p 000b4000 07:09 9062                       /usr/lib/x86_64-linux-gnu/libm-2.31.so
7fd2e98cf000-7fd2e98d0000 r--p 0014c000 07:09 9062                       /usr/lib/x86_64-linux-gnu/libm-2.31.so
7fd2e98d0000-7fd2e98d1000 rw-p 0014d000 07:09 9062                       /usr/lib/x86_64-linux-gnu/libm-2.31.so
7fd2e98d1000-7fd2e9967000 r--p 00000000 07:09 9213                       /usr/lib/x86_64-linux-gnu/libstdc++.so.6.0.28
7fd2e9967000-7fd2e9a58000 r-xp 00096000 07:09 9213                       /usr/lib/x86_64-linux-gnu/libstdc++.so.6.0.28
7fd2e9a58000-7fd2e9aa1000 r--p 00187000 07:09 9213                       /usr/lib/x86_64-linux-gnu/libstdc++.so.6.0.28
7fd2e9aa1000-7fd2e9aa2000 ---p 001d0000 07:09 9213                       /usr/lib/x86_64-linux-gnu/libstdc++.so.6.0.28
7fd2e9aa2000-7fd2e9aad000 r--p 001d0000 07:09 9213                       /usr/lib/x86_64-linux-gnu/libstdc++.so.6.0.28
7fd2e9aad000-7fd2e9ab0000 rw-p 001db000 07:09 9213                       /usr/lib/x86_64-linux-gnu/libstdc++.so.6.0.28
7fd2e9ab0000-7fd2e9ab3000 rw-p 00000000 00:00 0 
7fd2e9ab3000-7fd2e9d39000 r--p 00000000 07:09 5226                       /usr/lib/jvm/java-13-openjdk-amd64/lib/server/libjvm.so
7fd2e9d39000-7fd2eaab6000 r-xp 00286000 07:09 5226                       /usr/lib/jvm/java-13-openjdk-amd64/lib/server/libjvm.so
7fd2eaab6000-7fd2ead31000 r--p 01003000 07:09 5226                       /usr/lib/jvm/java-13-openjdk-amd64/lib/server/libjvm.so
7fd2ead31000-7fd2eadf6000 r--p 0127d000 07:09 5226                       /usr/lib/jvm/java-13-openjdk-amd64/lib/server/libjvm.so
7fd2eadf6000-7fd2eae31000 rw-p 01342000 07:09 5226                       /usr/lib/jvm/java-13-openjdk-amd64/lib/server/libjvm.so
7fd2eae31000-7fd2eaeb7000 rw-p 00000000 00:00 0 
7fd2eaeb7000-7fd2eaebd000 r--p 00000000 07:09 9166                       /usr/lib/x86_64-linux-gnu/libpthread-2.31.so
7fd2eaebd000-7fd2eaece000 r-xp 00006000 07:09 9166                       /usr/lib/x86_64-linux-gnu/libpthread-2.31.so
7fd2eaece000-7fd2eaed4000 r--p 00017000 07:09 9166                       /usr/lib/x86_64-linux-gnu/libpthread-2.31.so
7fd2eaed4000-7fd2eaed5000 r--p 0001c000 07:09 9166                       /usr/lib/x86_64-linux-gnu/libpthread-2.31.so
7fd2eaed5000-7fd2eaed6000 rw-p 0001d000 07:09 9166                       /usr/lib/x86_64-linux-gnu/libpthread-2.31.so
7fd2eaed6000-7fd2eaeda000 rw-p 00000000 00:00 0 
7fd2eaeda000-7fd2eaedb000 r--p 00000000 07:09 8893                       /usr/lib/x86_64-linux-gnu/libdl-2.31.so
7fd2eaedb000-7fd2eaedd000 r-xp 00001000 07:09 8893                       /usr/lib/x86_64-linux-gnu/libdl-2.31.so
7fd2eaedd000-7fd2eaede000 r--p 00003000 07:09 8893                       /usr/lib/x86_64-linux-gnu/libdl-2.31.so
7fd2eaede000-7fd2eaedf000 r--p 00003000 07:09 8893                       /usr/lib/x86_64-linux-gnu/libdl-2.31.so
7fd2eaedf000-7fd2eaee0000 rw-p 00004000 07:09 8893                       /usr/lib/x86_64-linux-gnu/libdl-2.31.so
7fd2eaee0000-7fd2eaee2000 r--p 00000000 07:09 9290                       /usr/lib/x86_64-linux-gnu/libz.so.1.2.11
7fd2eaee2000-7fd2eaef3000 r-xp 00002000 07:09 9290                       /usr/lib/x86_64-linux-gnu/libz.so.1.2.11
7fd2eaef3000-7fd2eaef9000 r--p 00013000 07:09 9290                       /usr/lib/x86_64-linux-gnu/libz.so.1.2.11
7fd2eaef9000-7fd2eaefa000 ---p 00019000 07:09 9290                       /usr/lib/x86_64-linux-gnu/libz.so.1.2.11
7fd2eaefa000-7fd2eaefb000 r--p 00019000 07:09 9290                       /usr/lib/x86_64-linux-gnu/libz.so.1.2.11
7fd2eaefb000-7fd2eaefc000 rw-p 0001a000 07:09 9290                       /usr/lib/x86_64-linux-gnu/libz.so.1.2.11
7fd2eaefc000-7fd2eaf1e000 r--p 00000000 07:09 8851                       /usr/lib/x86_64-linux-gnu/libc-2.31.so
7fd2eaf1e000-7fd2eb096000 r-xp 00022000 07:09 8851                       /usr/lib/x86_64-linux-gnu/libc-2.31.so
7fd2eb096000-7fd2eb0e4000 r--p 0019a000 07:09 8851                       /usr/lib/x86_64-linux-gnu/libc-2.31.so
7fd2eb0e4000-7fd2eb0e8000 r--p 001e7000 07:09 8851                       /usr/lib/x86_64-linux-gnu/libc-2.31.so
7fd2eb0e8000-7fd2eb0ea000 rw-p 001eb000 07:09 8851                       /usr/lib/x86_64-linux-gnu/libc-2.31.so
7fd2eb0ea000-7fd2eb0ee000 rw-p 00000000 00:00 0 
7fd2eb0f0000-7fd2eb0f2000 r--s 0000c000 07:09 20930                      /usr/share/java/java-atk-wrapper.jar
7fd2eb0f2000-7fd2eb0f3000 ---p 00000000 00:00 0 
7fd2eb0f3000-7fd2eb0f4000 r--p 00000000 00:00 0 
7fd2eb0f4000-7fd2eb0f7000 r--p 00000000 07:09 5196                       /usr/lib/jvm/java-13-openjdk-amd64/lib/libjli.so
7fd2eb0f7000-7fd2eb101000 r-xp 00003000 07:09 5196                       /usr/lib/jvm/java-13-openjdk-amd64/lib/libjli.so
7fd2eb101000-7fd2eb104000 r--p 0000d000 07:09 5196                       /usr/lib/jvm/java-13-openjdk-amd64/lib/libjli.so
7fd2eb104000-7fd2eb105000 r--p 0000f000 07:09 5196                       /usr/lib/jvm/java-13-openjdk-amd64/lib/libjli.so
7fd2eb105000-7fd2eb106000 rw-p 00010000 07:09 5196                       /usr/lib/jvm/java-13-openjdk-amd64/lib/libjli.so
7fd2eb106000-7fd2eb108000 rw-p 00000000 00:00 0 
7fd2eb108000-7fd2eb109000 r--p 00000000 07:09 8572                       /usr/lib/x86_64-linux-gnu/ld-2.31.so
7fd2eb109000-7fd2eb12c000 r-xp 00001000 07:09 8572                       /usr/lib/x86_64-linux-gnu/ld-2.31.so
7fd2eb12c000-7fd2eb134000 r--p 00024000 07:09 8572                       /usr/lib/x86_64-linux-gnu/ld-2.31.so
7fd2eb134000-7fd2eb135000 ---p 00000000 00:00 0 
7fd2eb135000-7fd2eb136000 r--p 0002c000 07:09 8572                       /usr/lib/x86_64-linux-gnu/ld-2.31.so
7fd2eb136000-7fd2eb137000 rw-p 0002d000 07:09 8572                       /usr/lib/x86_64-linux-gnu/ld-2.31.so
7fd2eb137000-7fd2eb138000 rw-p 00000000 00:00 0 
7ffd14f00000-7ffd14f21000 rw-p 00000000 00:00 0                          [stack]
7ffd14f58000-7ffd14f5a000 r-xp 00000000 00:00 0                          [vdso]
ffffffffff600000-ffffffffff601000 r-xp 00000000 00:00 0                  [vsyscall]


VM Arguments:
jvm_args: -Xmx64g --add-modules=ALL-DEFAULT 
java_command: jdk.compiler/com.sun.tools.javac.launcher.Main /mnt/beegfs/rcabanas/dev/credici/papers/journalEM/code/LearnAndCalculatePNS.java -w -x 1000 -m 500 -sc LLratio -th 0.9999999 -a EMCC --seed 0 --output /mnt/beegfs/rcabanas/dev/credici/papers/journalEM/output/synthetic/s12 /mnt/beegfs/rcabanas/dev/credici/papers/journalEM/models/synthetic/s12/random_mc2_n10_mid3_d1000_05_mr098_r10_34.uai
java_class_path (initial): /mnt/beegfs/rcabanas/dev/credici/target/credici-0.1.3-jar-with-dependencies.jar
Launcher Type: SUN_STANDARD

[Global flags]
     intx CICompilerCount                          = 2                                         {product} {ergonomic}
   size_t InitialHeapSize                          = 2147483648                                {product} {ergonomic}
   size_t MaxHeapSize                              = 68719476736                               {product} {command line}
   size_t MaxNewSize                               = 22906470400                               {product} {ergonomic}
   size_t MinHeapDeltaBytes                        = 196608                                    {product} {ergonomic}
   size_t MinHeapSize                              = 8388608                                   {product} {ergonomic}
   size_t NewSize                                  = 715784192                                 {product} {ergonomic}
    uintx NonNMethodCodeHeapSize                   = 5826188                                {pd product} {ergonomic}
    uintx NonProfiledCodeHeapSize                  = 122916026                              {pd product} {ergonomic}
   size_t OldSize                                  = 1431699456                                {product} {ergonomic}
    uintx ProfiledCodeHeapSize                     = 122916026                              {pd product} {ergonomic}
    uintx ReservedCodeCacheSize                    = 251658240                              {pd product} {ergonomic}
     bool SegmentedCodeCache                       = true                                      {product} {ergonomic}
   size_t SoftMaxHeapSize                          = 68719476736                            {manageable} {ergonomic}
     bool UseSerialGC                              = true                                      {product} {ergonomic}

Logging:
Log output configuration:
 #0: stdout all=warning uptime,level,tags
 #1: stderr all=off uptime,level,tags

Environment Variables:
PATH=/usr/local/sbin:/usr/local/bin:/usr/sbin:/usr/bin:/sbin:/bin
LD_LIBRARY_PATH=/.singularity.d/libs

Signal Handlers:
SIGSEGV: [libjvm.so+0xf8fcf0], sa_mask[0]=11111111011111111101111111111110, sa_flags=SA_RESTART|SA_SIGINFO
SIGBUS: [libjvm.so+0xf8fcf0], sa_mask[0]=11111111011111111101111111111110, sa_flags=SA_RESTART|SA_SIGINFO
SIGFPE: [libjvm.so+0xf8fcf0], sa_mask[0]=11111111011111111101111111111110, sa_flags=SA_RESTART|SA_SIGINFO
SIGPIPE: [libjvm.so+0xc3ffa0], sa_mask[0]=11111111011111111101111111111110, sa_flags=SA_RESTART|SA_SIGINFO
SIGXFSZ: [libjvm.so+0xc3ffa0], sa_mask[0]=11111111011111111101111111111110, sa_flags=SA_RESTART|SA_SIGINFO
SIGILL: [libjvm.so+0xf8fcf0], sa_mask[0]=11111111011111111101111111111110, sa_flags=SA_RESTART|SA_SIGINFO
SIGUSR2: [libjvm.so+0xc3fe40], sa_mask[0]=00000000000000000000000000000000, sa_flags=SA_RESTART|SA_SIGINFO
SIGHUP: [libjvm.so+0xc40580], sa_mask[0]=11111111011111111101111111111110, sa_flags=SA_RESTART|SA_SIGINFO
SIGINT: [libjvm.so+0xc40580], sa_mask[0]=11111111011111111101111111111110, sa_flags=SA_RESTART|SA_SIGINFO
SIGTERM: [libjvm.so+0xc40580], sa_mask[0]=11111111011111111101111111111110, sa_flags=SA_RESTART|SA_SIGINFO
SIGQUIT: [libjvm.so+0xc40580], sa_mask[0]=11111111011111111101111111111110, sa_flags=SA_RESTART|SA_SIGINFO


---------------  S Y S T E M  ---------------

OS:DISTRIB_ID=Ubuntu
DISTRIB_RELEASE=20.04
DISTRIB_CODENAME=focal
DISTRIB_DESCRIPTION="Ubuntu 20.04.4 LTS"
uname:Linux 3.10.0-1160.15.2.el7.x86_64 #1 SMP Wed Feb 3 15:06:38 UTC 2021 x86_64
OS uptime: 515 days 16:32 hours
libc:glibc 2.31 NPTL 2.31 
rlimit (soft/hard): STACK 8192k/infinity , CORE 0k/infinity , NPROC 4096/1030217 , NOFILE 131072/131072 , AS infinity/infinity , CPU infinity/infinity , DATA infinity/infinity , FSIZE infinity/infinity , MEMLOCK infinity/infinity
load average:36.20 36.33 36.39

/proc/meminfo:
MemTotal:       263895364 kB
MemFree:         3317176 kB
MemAvailable:    3569644 kB
Buffers:          247492 kB
Cached:           702216 kB
SwapCached:       149616 kB
Active:         243409580 kB
Inactive:        7822904 kB
Active(anon):   243107876 kB
Inactive(anon):  7198676 kB
Active(file):     301704 kB
Inactive(file):   624228 kB
Unevictable:       17984 kB
Mlocked:           17984 kB
SwapTotal:       4194300 kB
SwapFree:         239244 kB
Dirty:               592 kB
Writeback:             0 kB
AnonPages:      250155432 kB
Mapped:           245212 kB
Shmem:             18968 kB
Slab:             767492 kB
SReclaimable:     194028 kB
SUnreclaim:       573464 kB
KernelStack:       31616 kB
PageTables:       529172 kB
NFS_Unstable:          0 kB
Bounce:                0 kB
WritebackTmp:          0 kB
CommitLimit:    136141980 kB
Committed_AS:   335724488 kB
VmallocTotal:   34359738367 kB
VmallocUsed:      861840 kB
VmallocChunk:   34222409240 kB
Percpu:            22016 kB
HardwareCorrupted:     0 kB
AnonHugePages:  56369152 kB
CmaTotal:              0 kB
CmaFree:               0 kB
HugePages_Total:       0
HugePages_Free:        0
HugePages_Rsvd:        0
HugePages_Surp:        0
Hugepagesize:       2048 kB
DirectMap4k:      505448 kB
DirectMap2M:    20328448 kB
DirectMap1G:    247463936 kB

/sys/kernel/mm/transparent_hugepage/enabled:
[always] madvise never

/sys/kernel/mm/transparent_hugepage/defrag (defrag/compaction efforts parameter):
[always] madvise never


/proc/sys/kernel/threads-max (system-wide limit on the number of threads):
2060435


/proc/sys/vm/max_map_count (maximum number of memory map areas a process may have):
65530


/proc/sys/kernel/pid_max (system-wide limit on number of process identifiers):
65536



Steal ticks since vm start: 0
Steal ticks percentage since vm start:  0.000

CPU:total 64 (initial active 1) (32 cores per cpu, 1 threads per core) family 23 model 49 stepping 0, cmov, cx8, fxsr, mmx, sse, sse2, sse3, ssse3, sse4.1, sse4.2, popcnt, avx, avx2, aes, clmul, mmxext, 3dnowpref, lzcnt, sse4a, tsc, tscinvbit, tscinv, bmi1, bmi2, adx, sha, fma
CPU Model and flags from /proc/cpuinfo:
model name	: AMD EPYC 7542 32-Core Processor
flags		: fpu vme de pse tsc msr pae mce cx8 apic sep mtrr pge mca cmov pat pse36 clflush mmx fxsr sse sse2 ht syscall nx mmxext fxsr_opt pdpe1gb rdtscp lm constant_tsc art rep_good nopl nonstop_tsc extd_apicid aperfmperf eagerfpu pni pclmulqdq monitor ssse3 fma cx16 sse4_1 sse4_2 movbe popcnt aes xsave avx f16c rdrand lahf_lm cmp_legacy svm extapic cr8_legacy abm sse4a misalignsse 3dnowprefetch osvw ibs skinit wdt tce topoext perfctr_core perfctr_nb bpext perfctr_l2 cpb cat_l3 cdp_l3 hw_pstate sme retpoline_amd ssbd ibrs ibpb stibp vmmcall fsgsbase bmi1 avx2 smep bmi2 cqm rdt_a rdseed adx smap clflushopt clwb sha_ni xsaveopt xsavec xgetbv1 cqm_llc cqm_occup_llc cqm_mbm_total cqm_mbm_local clzero irperf xsaveerptr arat npt lbrv svm_lock nrip_save tsc_scale vmcb_clean flushbyasid decodeassists pausefilter pfthreshold avic v_vmsave_vmload vgif umip overflow_recov succor smca
Online cpus:0-63
Offline cpus:
BIOS frequency limitation:2900000
Frequency switch latency (ns):0
Available cpu frequencies:2900000 2400000 1500000 
Current governor:conservative
Core performance/turbo boost:1

Memory: 4k page, physical 263895364k(3316648k free), swap 4194300k(239244k free)

vm_info: OpenJDK 64-Bit Server VM (13.0.7+5-Ubuntu-0ubuntu120.04) for linux-amd64 JRE (13.0.7+5-Ubuntu-0ubuntu120.04), built on Apr 21 2021 05:36:19 by "unknown" with gcc 9.3.0

END.
