#
# There is insufficient memory for the Java Runtime Environment to continue.
# Native memory allocation (mmap) failed to map 8966078464 bytes for committing reserved memory.
# Possible reasons:
#   The system is out of physical RAM or swap space
# Possible solutions:
#   Reduce memory load on the system
#   Increase physical memory or swap space
#   Check if swap backing store is full
#   Decrease Java heap size (-Xmx/-Xms)
#   Decrease number of Java threads
#   Decrease Java thread stack sizes (-Xss)
#   Set larger code cache with -XX:ReservedCodeCacheSize=
# This output file may be truncated or incomplete.
#
#  Out of Memory Error (os_linux.cpp:2899), pid=4444, tid=4557
#
# JRE version: OpenJDK Runtime Environment (13.0.7+5) (build 13.0.7+5-Ubuntu-0ubuntu120.04)
# Java VM: OpenJDK 64-Bit Server VM (13.0.7+5-Ubuntu-0ubuntu120.04, mixed mode, tiered, serial gc, linux-amd64)
# No core dump will be written. Core dumps have been disabled. To enable core dumping, try "ulimit -c unlimited" before starting Java again
#

---------------  S U M M A R Y ------------

Command Line: -Xmx64g --add-modules=ALL-DEFAULT jdk.compiler/com.sun.tools.javac.launcher.Main /mnt/beegfs/rcabanas/dev/credici/papers/journalEM/code/GenerateModel.java -n 14 -d 1000 -di 0.5 -mr 0.98 -r 1.0 --seed 65 --output /mnt/beegfs/rcabanas/dev/credici/papers/journalEM/models/synthetic/s2/ --debug

Host: AMD EPYC 7542 32-Core Processor, 64 cores, 251G, Ubuntu 20.04.4 LTS
Time: Wed Oct 12 21:31:05 2022 CEST elapsed time: 437.401603 seconds (0d 0h 7m 17s)

---------------  T H R E A D  ---------------

Current thread (0x00007fdb9c097800):  VMThread "VM Thread" [stack: 0x00007fdba0f20000,0x00007fdba1020000] [id=4557]

Stack: [0x00007fdba0f20000,0x00007fdba1020000],  sp=0x00007fdba101e160,  free space=1016k
Native frames: (J=compiled Java code, A=aot compiled Java code, j=interpreted, Vv=VM code, C=native code)
V  [libjvm.so+0xf8f092]
V  [libjvm.so+0xf8fc91]
V  [libjvm.so+0x66ee5a]
V  [libjvm.so+0xc44a41]
V  [libjvm.so+0xc3b263]
V  [libjvm.so+0xf87f4b]
V  [libjvm.so+0x557506]
V  [libjvm.so+0x557723]
V  [libjvm.so+0xf18b0c]
V  [libjvm.so+0x557e65]
V  [libjvm.so+0x7e2edb]
V  [libjvm.so+0x7e39bd]
V  [libjvm.so+0x7d8b48]
V  [libjvm.so+0xf90940]
V  [libjvm.so+0xf96657]
V  [libjvm.so+0xf96d2b]
V  [libjvm.so+0xf9706a]
V  [libjvm.so+0xf2208f]
V  [libjvm.so+0xc493ff]

VM_Operation (0x00007fdba1c8fa10): GenCollectForAllocation, mode: safepoint, requested by thread 0x00007fdb9c018000


---------------  P R O C E S S  ---------------

Threads class SMR info:
_java_thread_list=0x00007fcb4c000b60, length=9, elements={
0x00007fdb9c018000, 0x00007fdb9c0a3800, 0x00007fdb9c0a7000, 0x00007fdb9c0cb800,
0x00007fdb9c0cd000, 0x00007fdb9c0cf000, 0x00007fdb9c0d1000, 0x00007fdb9c0d3000,
0x00007fdb9c135000
}

Java Threads: ( => current thread )
  0x00007fdb9c018000 JavaThread "main" [_thread_blocked, id=4509, stack(0x00007fdba1b92000,0x00007fdba1c93000)]
  0x00007fdb9c0a3800 JavaThread "Reference Handler" daemon [_thread_blocked, id=4561, stack(0x00007fdba0e1d000,0x00007fdba0f1e000)]
  0x00007fdb9c0a7000 JavaThread "Finalizer" daemon [_thread_blocked, id=4562, stack(0x00007fdba0d1c000,0x00007fdba0e1d000)]
  0x00007fdb9c0cb800 JavaThread "Signal Dispatcher" daemon [_thread_blocked, id=4566, stack(0x00007fdba0be2000,0x00007fdba0ce3000)]
  0x00007fdb9c0cd000 JavaThread "Service Thread" daemon [_thread_blocked, id=4569, stack(0x00007fdba0ae1000,0x00007fdba0be2000)]
  0x00007fdb9c0cf000 JavaThread "C2 CompilerThread0" daemon [_thread_blocked, id=4571, stack(0x00007fdba09e0000,0x00007fdba0ae1000)]
  0x00007fdb9c0d1000 JavaThread "C1 CompilerThread0" daemon [_thread_blocked, id=4572, stack(0x00007fdba08df000,0x00007fdba09e0000)]
  0x00007fdb9c0d3000 JavaThread "Sweeper thread" daemon [_thread_blocked, id=4573, stack(0x00007fdba07de000,0x00007fdba08df000)]
  0x00007fdb9c135000 JavaThread "Common-Cleaner" daemon [_thread_blocked, id=4635, stack(0x00007fdba06dd000,0x00007fdba07de000)]

Other Threads:
=>0x00007fdb9c097800 VMThread "VM Thread" [stack: 0x00007fdba0f20000,0x00007fdba1020000] [id=4557]
  0x00007fdb9c181800 WatcherThread [stack: 0x00007fdba05dd000,0x00007fdba06dd000] [id=4666]

Threads with active compile tasks:

VM state:at safepoint (normal execution)

VM Mutex/Monitor currently owned by a thread:  ([mutex/lock_event])
[0x00007fdb9c014100] Threads_lock - owner thread: 0x00007fdb9c097800
[0x00007fdb9c014d00] Heap_lock - owner thread: 0x00007fdb9c018000

Heap:
 def new generation   total 5889856K, used 414500K [0x00007fcb84600000, 0x00007fcd13ce0000, 0x00007fd0d9b50000)
  eden space 5235456K,   7% used [0x00007fcb84600000, 0x00007fcb9dac9378, 0x00007fccc3ec0000)
  from space 654400K,   0% used [0x00007fccc3ec0000, 0x00007fccc3ec0000, 0x00007fccebdd0000)
  to   space 654400K,   0% used [0x00007fccebdd0000, 0x00007fccebdd0000, 0x00007fcd13ce0000)
 tenured generation   total 13133904K, used 13133903K [0x00007fd0d9b50000, 0x00007fd3fb564000, 0x00007fdb84600000)
   the space 13133904K,  99% used [0x00007fd0d9b50000, 0x00007fd3fb563ff8, 0x00007fd3fb564000, 0x00007fd3fb564000)
 Metaspace       used 30683K, capacity 31070K, committed 31232K, reserved 32768K

Card table byte_map: [0x00007fcb7c5ff000,0x00007fcb84600000] _byte_map_base: 0x00007f8b969dc000

Polling page: 0x00007fdba361e000

Metaspace:

Usage:
   30.34 MB capacity,    29.96 MB ( 99%) used,   271.98 KB ( <1%) free+waste,   114.88 KB ( <1%) overhead. 

Virtual space:
     32.00 MB reserved,      30.50 MB ( 95%) committed 

Chunk freelists:
126.00 KB

MaxMetaspaceSize: unlimited


CodeHeap 'non-profiled nmethods': size=120036Kb used=2511Kb max_used=2511Kb free=117525Kb
 bounds [0x00007fdb8c251000, 0x00007fdb8c4d1000, 0x00007fdb9378a000]
CodeHeap 'profiled nmethods': size=120032Kb used=7583Kb max_used=9476Kb free=112449Kb
 bounds [0x00007fdb84d19000, 0x00007fdb85669000, 0x00007fdb8c251000]
CodeHeap 'non-nmethods': size=5692Kb used=1254Kb max_used=1311Kb free=4437Kb
 bounds [0x00007fdb8478a000, 0x00007fdb849fa000, 0x00007fdb84d19000]
 total_blobs=4611 nmethods=4072 adapters=453
 compilation: enabled
              stopped_count=0, restarted_count=0
 full_count=0

Compilation events (20 events):
Event: 90.487 Thread 0x00007fdb9c0cf000 5177       4       ch.javasoft.metabolic.efm.adj.incore.tree.AbstractTreeFactory::createInterNode (16 bytes)
Event: 90.877 Thread 0x00007fdb9c0cf000 nmethod 5177 0x00007fdb8c4b2f10 code [0x00007fdb8c4b33a0, 0x00007fdb8c4b8fb0]
Event: 90.877 Thread 0x00007fdb9c0cf000 5178       4       ch.javasoft.metabolic.efm.adj.incore.tree.InterNode::<init> (80 bytes)
Event: 90.968 Thread 0x00007fdb9c0cf000 nmethod 5178 0x00007fdb8c4bd390 code [0x00007fdb8c4bd620, 0x00007fdb8c4bf298]
Event: 97.823 Thread 0x00007fdb9c0d1000 5179       3       ch.javasoft.metabolic.efm.adj.incore.tree.InterNode::addAdjacentPairs (174 bytes)
Event: 97.825 Thread 0x00007fdb9c0d1000 nmethod 5179 0x00007fdb8513f710 code [0x00007fdb8513f9a0, 0x00007fdb85140a20]
Event: 97.826 Thread 0x00007fdb9c0cf000 5180       4       ch.javasoft.metabolic.efm.adj.incore.tree.InterNode::addAdjacentPairs (174 bytes)
Event: 98.116 Thread 0x00007fdb9c0cf000 nmethod 5180 0x00007fdb8c4c0890 code [0x00007fdb8c4c0d20, 0x00007fdb8c4c3d88]
Event: 213.708 Thread 0x00007fdb9c0cf000 5181 %     4       ch.javasoft.metabolic.efm.adj.incore.AbstractAdjacencyEnumerator::adjacentPairs @ 40 (115 bytes)
Event: 213.803 Thread 0x00007fdb9c0cf000 nmethod 5181% 0x00007fdb8c31d190 code [0x00007fdb8c31d360, 0x00007fdb8c31db88]
Event: 213.831 Thread 0x00007fdb9c0cf000 5182       4       ch.javasoft.metabolic.efm.adj.incore.AbstractAdjacencyEnumerator::adjacentPairs (115 bytes)
Event: 213.865 Thread 0x00007fdb9c0cf000 nmethod 5182 0x00007fdb8c3d9790 code [0x00007fdb8c3d9980, 0x00007fdb8c3da3b8]
Event: 235.170 Thread 0x00007fdb9c0d1000 5183       3       ch.javasoft.math.BigFraction::reduce (93 bytes)
Event: 235.173 Thread 0x00007fdb9c0d1000 nmethod 5183 0x00007fdb85076990 code [0x00007fdb85076bc0, 0x00007fdb85077100]
Event: 235.173 Thread 0x00007fdb9c0d1000 5184       3       ch.javasoft.math.BigFraction::valueOf (71 bytes)
Event: 235.174 Thread 0x00007fdb9c0d1000 nmethod 5184 0x00007fdb851c1a10 code [0x00007fdb851c1c00, 0x00007fdb851c2040]
Event: 235.177 Thread 0x00007fdb9c0cf000 5185       4       ch.javasoft.math.BigFraction::valueOf (71 bytes)
Event: 235.186 Thread 0x00007fdb9c0cf000 nmethod 5185 0x00007fdb8c3d8c90 code [0x00007fdb8c3d8e40, 0x00007fdb8c3d9278]
Event: 235.188 Thread 0x00007fdb9c0cf000 5186       4       ch.javasoft.math.BigFraction::reduce (93 bytes)
Event: 235.307 Thread 0x00007fdb9c0cf000 nmethod 5186 0x00007fdb8c41fd90 code [0x00007fdb8c420000, 0x00007fdb8c4216c8]

GC Heap History (20 events):
Event: 353.343 GC heap after
{Heap after GC invocations=59 (full 8):
 def new generation   total 5889856K, used 398506K [0x00007fcb84600000, 0x00007fcd13ce0000, 0x00007fd0d9b50000)
  eden space 5235456K,   0% used [0x00007fcb84600000, 0x00007fcb84600000, 0x00007fccc3ec0000)
  from space 654400K,  60% used [0x00007fccebdd0000, 0x00007fcd042fa998, 0x00007fcd13ce0000)
  to   space 654400K,   0% used [0x00007fccc3ec0000, 0x00007fccc3ec0000, 0x00007fccebdd0000)
 tenured generation   total 13088400K, used 9471698K [0x00007fd0d9b50000, 0x00007fd3f88f4000, 0x00007fdb84600000)
   the space 13088400K,  72% used [0x00007fd0d9b50000, 0x00007fd31bd049c0, 0x00007fd31bd04a00, 0x00007fd3f88f4000)
 Metaspace       used 30683K, capacity 31070K, committed 31232K, reserved 32768K
}
Event: 355.367 GC heap before
{Heap before GC invocations=59 (full 8):
 def new generation   total 5889856K, used 5633962K [0x00007fcb84600000, 0x00007fcd13ce0000, 0x00007fd0d9b50000)
  eden space 5235456K, 100% used [0x00007fcb84600000, 0x00007fccc3ec0000, 0x00007fccc3ec0000)
  from space 654400K,  60% used [0x00007fccebdd0000, 0x00007fcd042fa998, 0x00007fcd13ce0000)
  to   space 654400K,   0% used [0x00007fccc3ec0000, 0x00007fccc3ec0000, 0x00007fccebdd0000)
 tenured generation   total 13088400K, used 9471698K [0x00007fd0d9b50000, 0x00007fd3f88f4000, 0x00007fdb84600000)
   the space 13088400K,  72% used [0x00007fd0d9b50000, 0x00007fd31bd049c0, 0x00007fd31bd04a00, 0x00007fd3f88f4000)
 Metaspace       used 30683K, capacity 31070K, committed 31232K, reserved 32768K
}
Event: 357.162 GC heap after
{Heap after GC invocations=60 (full 8):
 def new generation   total 5889856K, used 406989K [0x00007fcb84600000, 0x00007fcd13ce0000, 0x00007fd0d9b50000)
  eden space 5235456K,   0% used [0x00007fcb84600000, 0x00007fcb84600000, 0x00007fccc3ec0000)
  from space 654400K,  62% used [0x00007fccc3ec0000, 0x00007fccdcc33760, 0x00007fccebdd0000)
  to   space 654400K,   0% used [0x00007fccebdd0000, 0x00007fccebdd0000, 0x00007fcd13ce0000)
 tenured generation   total 13088400K, used 9870204K [0x00007fd0d9b50000, 0x00007fd3f88f4000, 0x00007fdb84600000)
   the space 13088400K,  75% used [0x00007fd0d9b50000, 0x00007fd33422f198, 0x00007fd33422f200, 0x00007fd3f88f4000)
 Metaspace       used 30683K, capacity 31070K, committed 31232K, reserved 32768K
}
Event: 359.141 GC heap before
{Heap before GC invocations=60 (full 8):
 def new generation   total 5889856K, used 5642445K [0x00007fcb84600000, 0x00007fcd13ce0000, 0x00007fd0d9b50000)
  eden space 5235456K, 100% used [0x00007fcb84600000, 0x00007fccc3ec0000, 0x00007fccc3ec0000)
  from space 654400K,  62% used [0x00007fccc3ec0000, 0x00007fccdcc33760, 0x00007fccebdd0000)
  to   space 654400K,   0% used [0x00007fccebdd0000, 0x00007fccebdd0000, 0x00007fcd13ce0000)
 tenured generation   total 13088400K, used 9870204K [0x00007fd0d9b50000, 0x00007fd3f88f4000, 0x00007fdb84600000)
   the space 13088400K,  75% used [0x00007fd0d9b50000, 0x00007fd33422f198, 0x00007fd33422f200, 0x00007fd3f88f4000)
 Metaspace       used 30683K, capacity 31070K, committed 31232K, reserved 32768K
}
Event: 361.283 GC heap after
{Heap after GC invocations=61 (full 8):
 def new generation   total 5889856K, used 405667K [0x00007fcb84600000, 0x00007fcd13ce0000, 0x00007fd0d9b50000)
  eden space 5235456K,   0% used [0x00007fcb84600000, 0x00007fcb84600000, 0x00007fccc3ec0000)
  from space 654400K,  61% used [0x00007fccebdd0000, 0x00007fcd049f8c90, 0x00007fcd13ce0000)
  to   space 654400K,   0% used [0x00007fccc3ec0000, 0x00007fccc3ec0000, 0x00007fccebdd0000)
 tenured generation   total 13088400K, used 10277193K [0x00007fd0d9b50000, 0x00007fd3f88f4000, 0x00007fdb84600000)
   the space 13088400K,  78% used [0x00007fd0d9b50000, 0x00007fd34cfa26c8, 0x00007fd34cfa2800, 0x00007fd3f88f4000)
 Metaspace       used 30683K, capacity 31070K, committed 31232K, reserved 32768K
}
Event: 363.417 GC heap before
{Heap before GC invocations=61 (full 8):
 def new generation   total 5889856K, used 5641123K [0x00007fcb84600000, 0x00007fcd13ce0000, 0x00007fd0d9b50000)
  eden space 5235456K, 100% used [0x00007fcb84600000, 0x00007fccc3ec0000, 0x00007fccc3ec0000)
  from space 654400K,  61% used [0x00007fccebdd0000, 0x00007fcd049f8c90, 0x00007fcd13ce0000)
  to   space 654400K,   0% used [0x00007fccc3ec0000, 0x00007fccc3ec0000, 0x00007fccebdd0000)
 tenured generation   total 13088400K, used 10277193K [0x00007fd0d9b50000, 0x00007fd3f88f4000, 0x00007fdb84600000)
   the space 13088400K,  78% used [0x00007fd0d9b50000, 0x00007fd34cfa26c8, 0x00007fd34cfa2800, 0x00007fd3f88f4000)
 Metaspace       used 30683K, capacity 31070K, committed 31232K, reserved 32768K
}
Event: 365.451 GC heap after
{Heap after GC invocations=62 (full 8):
 def new generation   total 5889856K, used 411117K [0x00007fcb84600000, 0x00007fcd13ce0000, 0x00007fd0d9b50000)
  eden space 5235456K,   0% used [0x00007fcb84600000, 0x00007fcb84600000, 0x00007fccc3ec0000)
  from space 654400K,  62% used [0x00007fccc3ec0000, 0x00007fccdd03b400, 0x00007fccebdd0000)
  to   space 654400K,   0% used [0x00007fccebdd0000, 0x00007fccebdd0000, 0x00007fcd13ce0000)
 tenured generation   total 13088400K, used 10682859K [0x00007fd0d9b50000, 0x00007fd3f88f4000, 0x00007fdb84600000)
   the space 13088400K,  81% used [0x00007fd0d9b50000, 0x00007fd365bcaf28, 0x00007fd365bcb000, 0x00007fd3f88f4000)
 Metaspace       used 30683K, capacity 31070K, committed 31232K, reserved 32768K
}
Event: 367.843 GC heap before
{Heap before GC invocations=62 (full 8):
 def new generation   total 5889856K, used 5646573K [0x00007fcb84600000, 0x00007fcd13ce0000, 0x00007fd0d9b50000)
  eden space 5235456K, 100% used [0x00007fcb84600000, 0x00007fccc3ec0000, 0x00007fccc3ec0000)
  from space 654400K,  62% used [0x00007fccc3ec0000, 0x00007fccdd03b400, 0x00007fccebdd0000)
  to   space 654400K,   0% used [0x00007fccebdd0000, 0x00007fccebdd0000, 0x00007fcd13ce0000)
 tenured generation   total 13088400K, used 10682859K [0x00007fd0d9b50000, 0x00007fd3f88f4000, 0x00007fdb84600000)
   the space 13088400K,  81% used [0x00007fd0d9b50000, 0x00007fd365bcaf28, 0x00007fd365bcb000, 0x00007fd3f88f4000)
 Metaspace       used 30683K, capacity 31070K, committed 31232K, reserved 32768K
}
Event: 370.033 GC heap after
{Heap after GC invocations=63 (full 8):
 def new generation   total 5889856K, used 418043K [0x00007fcb84600000, 0x00007fcd13ce0000, 0x00007fd0d9b50000)
  eden space 5235456K,   0% used [0x00007fcb84600000, 0x00007fcb84600000, 0x00007fccc3ec0000)
  from space 654400K,  63% used [0x00007fccebdd0000, 0x00007fcd0560ef80, 0x00007fcd13ce0000)
  to   space 654400K,   0% used [0x00007fccc3ec0000, 0x00007fccc3ec0000, 0x00007fccebdd0000)
 tenured generation   total 13088400K, used 11093975K [0x00007fd0d9b50000, 0x00007fd3f88f4000, 0x00007fdb84600000)
   the space 13088400K,  84% used [0x00007fd0d9b50000, 0x00007fd37ed45ed8, 0x00007fd37ed46000, 0x00007fd3f88f4000)
 Metaspace       used 30683K, capacity 31070K, committed 31232K, reserved 32768K
}
Event: 372.340 GC heap before
{Heap before GC invocations=63 (full 8):
 def new generation   total 5889856K, used 5653499K [0x00007fcb84600000, 0x00007fcd13ce0000, 0x00007fd0d9b50000)
  eden space 5235456K, 100% used [0x00007fcb84600000, 0x00007fccc3ec0000, 0x00007fccc3ec0000)
  from space 654400K,  63% used [0x00007fccebdd0000, 0x00007fcd0560ef80, 0x00007fcd13ce0000)
  to   space 654400K,   0% used [0x00007fccc3ec0000, 0x00007fccc3ec0000, 0x00007fccebdd0000)
 tenured generation   total 13088400K, used 11093975K [0x00007fd0d9b50000, 0x00007fd3f88f4000, 0x00007fdb84600000)
   the space 13088400K,  84% used [0x00007fd0d9b50000, 0x00007fd37ed45ed8, 0x00007fd37ed46000, 0x00007fd3f88f4000)
 Metaspace       used 30683K, capacity 31070K, committed 31232K, reserved 32768K
}
Event: 374.113 GC heap after
{Heap after GC invocations=64 (full 8):
 def new generation   total 5889856K, used 402741K [0x00007fcb84600000, 0x00007fcd13ce0000, 0x00007fd0d9b50000)
  eden space 5235456K,   0% used [0x00007fcb84600000, 0x00007fcb84600000, 0x00007fccc3ec0000)
  from space 654400K,  61% used [0x00007fccc3ec0000, 0x00007fccdc80d510, 0x00007fccebdd0000)
  to   space 654400K,   0% used [0x00007fccebdd0000, 0x00007fccebdd0000, 0x00007fcd13ce0000)
 tenured generation   total 13088400K, used 11512019K [0x00007fd0d9b50000, 0x00007fd3f88f4000, 0x00007fdb84600000)
   the space 13088400K,  87% used [0x00007fd0d9b50000, 0x00007fd398584c18, 0x00007fd398584e00, 0x00007fd3f88f4000)
 Metaspace       used 30683K, capacity 31070K, committed 31232K, reserved 32768K
}
Event: 376.736 GC heap before
{Heap before GC invocations=64 (full 8):
 def new generation   total 5889856K, used 5638197K [0x00007fcb84600000, 0x00007fcd13ce0000, 0x00007fd0d9b50000)
  eden space 5235456K, 100% used [0x00007fcb84600000, 0x00007fccc3ec0000, 0x00007fccc3ec0000)
  from space 654400K,  61% used [0x00007fccc3ec0000, 0x00007fccdc80d510, 0x00007fccebdd0000)
  to   space 654400K,   0% used [0x00007fccebdd0000, 0x00007fccebdd0000, 0x00007fcd13ce0000)
 tenured generation   total 13088400K, used 11512019K [0x00007fd0d9b50000, 0x00007fd3f88f4000, 0x00007fdb84600000)
   the space 13088400K,  87% used [0x00007fd0d9b50000, 0x00007fd398584c18, 0x00007fd398584e00, 0x00007fd3f88f4000)
 Metaspace       used 30683K, capacity 31070K, committed 31232K, reserved 32768K
}
Event: 379.362 GC heap after
{Heap after GC invocations=65 (full 8):
 def new generation   total 5889856K, used 408514K [0x00007fcb84600000, 0x00007fcd13ce0000, 0x00007fd0d9b50000)
  eden space 5235456K,   0% used [0x00007fcb84600000, 0x00007fcb84600000, 0x00007fccc3ec0000)
  from space 654400K,  62% used [0x00007fccebdd0000, 0x00007fcd04cc0870, 0x00007fcd13ce0000)
  to   space 654400K,   0% used [0x00007fccc3ec0000, 0x00007fccc3ec0000, 0x00007fccebdd0000)
 tenured generation   total 13088400K, used 11914759K [0x00007fd0d9b50000, 0x00007fd3f88f4000, 0x00007fdb84600000)
   the space 13088400K,  91% used [0x00007fd0d9b50000, 0x00007fd3b0ed1e08, 0x00007fd3b0ed2000, 0x00007fd3f88f4000)
 Metaspace       used 30683K, capacity 31070K, committed 31232K, reserved 32768K
}
Event: 381.707 GC heap before
{Heap before GC invocations=65 (full 8):
 def new generation   total 5889856K, used 5643970K [0x00007fcb84600000, 0x00007fcd13ce0000, 0x00007fd0d9b50000)
  eden space 5235456K, 100% used [0x00007fcb84600000, 0x00007fccc3ec0000, 0x00007fccc3ec0000)
  from space 654400K,  62% used [0x00007fccebdd0000, 0x00007fcd04cc0870, 0x00007fcd13ce0000)
  to   space 654400K,   0% used [0x00007fccc3ec0000, 0x00007fccc3ec0000, 0x00007fccebdd0000)
 tenured generation   total 13088400K, used 11914759K [0x00007fd0d9b50000, 0x00007fd3f88f4000, 0x00007fdb84600000)
   the space 13088400K,  91% used [0x00007fd0d9b50000, 0x00007fd3b0ed1e08, 0x00007fd3b0ed2000, 0x00007fd3f88f4000)
 Metaspace       used 30683K, capacity 31070K, committed 31232K, reserved 32768K
}
Event: 384.096 GC heap after
{Heap after GC invocations=66 (full 8):
 def new generation   total 5889856K, used 407662K [0x00007fcb84600000, 0x00007fcd13ce0000, 0x00007fd0d9b50000)
  eden space 5235456K,   0% used [0x00007fcb84600000, 0x00007fcb84600000, 0x00007fccc3ec0000)
  from space 654400K,  62% used [0x00007fccc3ec0000, 0x00007fccdccdbaf8, 0x00007fccebdd0000)
  to   space 654400K,   0% used [0x00007fccebdd0000, 0x00007fccebdd0000, 0x00007fcd13ce0000)
 tenured generation   total 13088400K, used 12323273K [0x00007fd0d9b50000, 0x00007fd3f88f4000, 0x00007fdb84600000)
   the space 13088400K,  94% used [0x00007fd0d9b50000, 0x00007fd3c9dc2418, 0x00007fd3c9dc2600, 0x00007fd3f88f4000)
 Metaspace       used 30683K, capacity 31070K, committed 31232K, reserved 32768K
}
Event: 386.511 GC heap before
{Heap before GC invocations=66 (full 8):
 def new generation   total 5889856K, used 5643118K [0x00007fcb84600000, 0x00007fcd13ce0000, 0x00007fd0d9b50000)
  eden space 5235456K, 100% used [0x00007fcb84600000, 0x00007fccc3ec0000, 0x00007fccc3ec0000)
  from space 654400K,  62% used [0x00007fccc3ec0000, 0x00007fccdccdbaf8, 0x00007fccebdd0000)
  to   space 654400K,   0% used [0x00007fccebdd0000, 0x00007fccebdd0000, 0x00007fcd13ce0000)
 tenured generation   total 13088400K, used 12323273K [0x00007fd0d9b50000, 0x00007fd3f88f4000, 0x00007fdb84600000)
   the space 13088400K,  94% used [0x00007fd0d9b50000, 0x00007fd3c9dc2418, 0x00007fd3c9dc2600, 0x00007fd3f88f4000)
 Metaspace       used 30683K, capacity 31070K, committed 31232K, reserved 32768K
}
Event: 388.801 GC heap after
{Heap after GC invocations=67 (full 8):
 def new generation   total 5889856K, used 402946K [0x00007fcb84600000, 0x00007fcd13ce0000, 0x00007fd0d9b50000)
  eden space 5235456K,   0% used [0x00007fcb84600000, 0x00007fcb84600000, 0x00007fccc3ec0000)
  from space 654400K,  61% used [0x00007fccebdd0000, 0x00007fcd04750b68, 0x00007fcd13ce0000)
  to   space 654400K,   0% used [0x00007fccc3ec0000, 0x00007fccc3ec0000, 0x00007fccebdd0000)
 tenured generation   total 13088400K, used 12730935K [0x00007fd0d9b50000, 0x00007fd3f88f4000, 0x00007fdb84600000)
   the space 13088400K,  97% used [0x00007fd0d9b50000, 0x00007fd3e2bddc10, 0x00007fd3e2bdde00, 0x00007fd3f88f4000)
 Metaspace       used 30683K, capacity 31070K, committed 31232K, reserved 32768K
}
Event: 391.010 GC heap before
{Heap before GC invocations=67 (full 8):
 def new generation   total 5889856K, used 5638402K [0x00007fcb84600000, 0x00007fcd13ce0000, 0x00007fd0d9b50000)
  eden space 5235456K, 100% used [0x00007fcb84600000, 0x00007fccc3ec0000, 0x00007fccc3ec0000)
  from space 654400K,  61% used [0x00007fccebdd0000, 0x00007fcd04750b68, 0x00007fcd13ce0000)
  to   space 654400K,   0% used [0x00007fccc3ec0000, 0x00007fccc3ec0000, 0x00007fccebdd0000)
 tenured generation   total 13088400K, used 12730935K [0x00007fd0d9b50000, 0x00007fd3f88f4000, 0x00007fdb84600000)
   the space 13088400K,  97% used [0x00007fd0d9b50000, 0x00007fd3e2bddc10, 0x00007fd3e2bdde00, 0x00007fd3f88f4000)
 Metaspace       used 30683K, capacity 31070K, committed 31232K, reserved 32768K
}
Event: 393.224 GC heap after
{Heap after GC invocations=68 (full 8):
 def new generation   total 5889856K, used 414524K [0x00007fcb84600000, 0x00007fcd13ce0000, 0x00007fd0d9b50000)
  eden space 5235456K,   0% used [0x00007fcb84600000, 0x00007fcb84600000, 0x00007fccc3ec0000)
  from space 654400K,  63% used [0x00007fccc3ec0000, 0x00007fccdd38f1c8, 0x00007fccebdd0000)
  to   space 654400K,   0% used [0x00007fccebdd0000, 0x00007fccebdd0000, 0x00007fcd13ce0000)
 tenured generation   total 13133904K, used 13133880K [0x00007fd0d9b50000, 0x00007fd3fb564000, 0x00007fdb84600000)
   the space 13133904K,  99% used [0x00007fd0d9b50000, 0x00007fd3fb55e1a8, 0x00007fd3fb55e200, 0x00007fd3fb564000)
 Metaspace       used 30683K, capacity 31070K, committed 31232K, reserved 32768K
}
Event: 393.224 GC heap before
{Heap before GC invocations=68 (full 8):
 def new generation   total 5889856K, used 414524K [0x00007fcb84600000, 0x00007fcd13ce0000, 0x00007fd0d9b50000)
  eden space 5235456K,   0% used [0x00007fcb84600000, 0x00007fcb84600000, 0x00007fccc3ec0000)
  from space 654400K,  63% used [0x00007fccc3ec0000, 0x00007fccdd38f1c8, 0x00007fccebdd0000)
  to   space 654400K,   0% used [0x00007fccebdd0000, 0x00007fccebdd0000, 0x00007fcd13ce0000)
 tenured generation   total 13133904K, used 13133880K [0x00007fd0d9b50000, 0x00007fd3fb564000, 0x00007fdb84600000)
   the space 13133904K,  99% used [0x00007fd0d9b50000, 0x00007fd3fb55e1a8, 0x00007fd3fb55e200, 0x00007fd3fb564000)
 Metaspace       used 30683K, capacity 31070K, committed 31232K, reserved 32768K
}

Deoptimization events (20 events):
Event: 89.680 Thread 0x00007fdb9c018000 DEOPT PACKING pc=0x00007fdb84f09201 sp=0x00007fdba1c8fd70
Event: 89.680 Thread 0x00007fdb9c018000 DEOPT UNPACKING pc=0x00007fdb847d333a sp=0x00007fdba1c8f230 mode 0
Event: 89.739 Thread 0x00007fdb9c018000 DEOPT PACKING pc=0x00007fdb8553f1dc sp=0x00007fdba1c8fa20
Event: 89.739 Thread 0x00007fdb9c018000 DEOPT UNPACKING pc=0x00007fdb847d333a sp=0x00007fdba1c8efd0 mode 0
Event: 90.266 Thread 0x00007fdb9c018000 DEOPT PACKING pc=0x00007fdb850d6741 sp=0x00007fdba1c8f920
Event: 90.266 Thread 0x00007fdb9c018000 DEOPT UNPACKING pc=0x00007fdb847d333a sp=0x00007fdba1c8ee30 mode 0
Event: 97.823 Thread 0x00007fdb9c018000 Uncommon trap: trap_request=0xffffff45 fr.pc=0x00007fdb8c3243b4 relative=0x0000000000002514
Event: 97.823 Thread 0x00007fdb9c018000 Uncommon trap: reason=unstable_if action=reinterpret pc=0x00007fdb8c3243b4 method=ch.javasoft.metabolic.efm.adj.incore.tree.InterNode.addAdjacentPairs(Ljava/lang/Object;Lch/javasoft/metabolic/efm/adj/incore/tree/Root;Lch/javasoft/metabolic/efm/memory/Sort
Event: 97.823 Thread 0x00007fdb9c018000 DEOPT PACKING pc=0x00007fdb8c3243b4 sp=0x00007fdba1c8f8d0
Event: 97.823 Thread 0x00007fdb9c018000 DEOPT UNPACKING pc=0x00007fdb847d2e25 sp=0x00007fdba1c8f838 mode 2
Event: 213.844 Thread 0x00007fdb9c018000 DEOPT PACKING pc=0x00007fdb85147faf sp=0x00007fdba1c8fd80
Event: 213.844 Thread 0x00007fdb9c018000 DEOPT UNPACKING pc=0x00007fdb847d333a sp=0x00007fdba1c8f290 mode 0
Event: 235.169 Thread 0x00007fdb9c018000 Uncommon trap: trap_request=0xffffff45 fr.pc=0x00007fdb8c3c4f90 relative=0x0000000000000eb0
Event: 235.169 Thread 0x00007fdb9c018000 Uncommon trap: reason=unstable_if action=reinterpret pc=0x00007fdb8c3c4f90 method=ch.javasoft.math.BigFraction.valueOf(Ljava/math/BigInteger;Ljava/math/BigInteger;)Lch/javasoft/math/BigFraction; @ 42 c2
Event: 235.169 Thread 0x00007fdb9c018000 DEOPT PACKING pc=0x00007fdb8c3c4f90 sp=0x00007fdba1c8fc00
Event: 235.169 Thread 0x00007fdb9c018000 DEOPT UNPACKING pc=0x00007fdb847d2e25 sp=0x00007fdba1c8fb80 mode 2
Event: 235.169 Thread 0x00007fdb9c018000 Uncommon trap: trap_request=0xffffff45 fr.pc=0x00007fdb8c3310e8 relative=0x00000000000002a8
Event: 235.169 Thread 0x00007fdb9c018000 Uncommon trap: reason=unstable_if action=reinterpret pc=0x00007fdb8c3310e8 method=ch.javasoft.math.BigFraction.valueOf(Ljava/math/BigInteger;Ljava/math/BigInteger;)Lch/javasoft/math/BigFraction; @ 42 c2
Event: 235.169 Thread 0x00007fdb9c018000 DEOPT PACKING pc=0x00007fdb8c3310e8 sp=0x00007fdba1c8fba0
Event: 235.169 Thread 0x00007fdb9c018000 DEOPT UNPACKING pc=0x00007fdb847d2e25 sp=0x00007fdba1c8fb70 mode 2

Classes unloaded (0 events):
No events

Classes redefined (0 events):
No events

Internal exceptions (20 events):
Event: 2.534 Thread 0x00007fdb9c018000 Exception <a 'java/lang/NoSuchMethodError'{0x00007fcb84d48d90}: 'int java.lang.invoke.DirectMethodHandle$Holder.invokeStatic(java.lang.Object, int, java.lang.Object, int)'> (0x00007fcb84d48d90) 
thrown [src/hotspot/share/interpreter/linkResolver.cpp, line 766]
Event: 2.534 Thread 0x00007fdb9c018000 Exception <a 'java/lang/NoSuchMethodError'{0x00007fcb84d4fdd0}: 'java.lang.Object java.lang.invoke.DirectMethodHandle$Holder.invokeStatic(java.lang.Object, int, java.lang.Object)'> (0x00007fcb84d4fdd0) 
thrown [src/hotspot/share/interpreter/linkResolver.cpp, line 766]
Event: 2.634 Thread 0x00007fdb9c018000 Exception <a 'java/lang/NoSuchMethodError'{0x00007fcb86716590}: 'void java.lang.invoke.DirectMethodHandle$Holder.invokeStatic(java.lang.Object, java.lang.Object, int)'> (0x00007fcb86716590) 
thrown [src/hotspot/share/interpreter/linkResolver.cpp, line 766]
Event: 2.646 Thread 0x00007fdb9c018000 Exception <a 'java/lang/NoSuchMethodError'{0x00007fcb867e40b8}: 'void java.lang.invoke.DirectMethodHandle$Holder.invokeInterface(java.lang.Object, java.lang.Object, int)'> (0x00007fcb867e40b8) 
thrown [src/hotspot/share/interpreter/linkResolver.cpp, line 766]
Event: 2.646 Thread 0x00007fdb9c018000 Exception <a 'java/lang/IncompatibleClassChangeError'{0x00007fcb867e7b80}: Found class java.lang.Object, but interface was expected> (0x00007fcb867e7b80) 
thrown [src/hotspot/share/interpreter/linkResolver.cpp, line 833]
Event: 3.798 Thread 0x00007fdb9c018000 Exception <a 'java/lang/IncompatibleClassChangeError'{0x00007fcb95fac838}: Found class java.lang.Object, but interface was expected> (0x00007fcb95fac838) 
thrown [src/hotspot/share/interpreter/linkResolver.cpp, line 833]
Event: 22.300 Thread 0x00007fdb9c018000 Exception <a 'java/lang/NegativeArraySizeException'{0x00007fcc04600448}: -2147483648> (0x00007fcc04600448) 
thrown [src/hotspot/share/oops/klass.cpp, line 674]
Event: 26.180 Thread 0x00007fdb9c018000 Exception <a 'java/lang/NegativeArraySizeException'{0x00007fcb92b527c0}: -2147483648> (0x00007fcb92b527c0) 
thrown [src/hotspot/share/oops/klass.cpp, line 674]
Event: 32.214 Thread 0x00007fdb9c018000 Exception <a 'java/lang/NegativeArraySizeException'{0x00007fcb9821fda0}: -2147483648> (0x00007fcb9821fda0) 
thrown [src/hotspot/share/oops/klass.cpp, line 674]
Event: 75.641 Thread 0x00007fdb9c018000 Exception <a 'java/lang/ClassNotFoundException'{0x00007fcbe90d49b8}: com/sun/org/apache/xerces/internal/impl/msg/spi/SAXMessagesProvider> (0x00007fcbe90d49b8) 
thrown [src/hotspot/share/classfile/systemDictionary.cpp, line 232]
Event: 76.340 Thread 0x00007fdb9c018000 Exception <a 'java/lang/NoSuchMethodError'{0x00007fcbea1f5aa8}: 'java.lang.Object java.lang.invoke.DirectMethodHandle$Holder.invokeStaticInit(java.lang.Object, java.lang.Object, java.lang.Object)'> (0x00007fcbea1f5aa8) 
thrown [src/hotspot/share/interpreter/linkResolver.cpp, line 766]
Event: 76.343 Thread 0x00007fdb9c018000 Exception <a 'java/lang/NoSuchMethodError'{0x00007fcbea200dd0}: 'void java.lang.invoke.DirectMethodHandle$Holder.invokeStatic(java.lang.Object, java.lang.Object, java.lang.Object, java.lang.Object, java.lang.Object, java.lang.Object)'> (0x00007fcbea200dd0) 
thrown [src/hotspot/share/interpreter/linkResolver.cpp, line 766]
Event: 76.356 Thread 0x00007fdb9c018000 Exception <a 'java/lang/NoSuchMethodError'{0x00007fcbea238b28}: 'void java.lang.invoke.DirectMethodHandle$Holder.invokeStaticInit(java.lang.Object, java.lang.Object, java.lang.Object)'> (0x00007fcbea238b28) 
thrown [src/hotspot/share/interpreter/linkResolver.cpp, line 766]
Event: 76.382 Thread 0x00007fdb9c018000 Exception <a 'java/net/UnknownHostException'{0x00007fcbea259e10}> (0x00007fcbea259e10) 
thrown [src/hotspot/share/prims/jni.cpp, line 598]
Event: 76.786 Thread 0x00007fdb9c018000 Exception <a 'java/net/UnknownHostException'{0x00007fcbf1ce95e8}> (0x00007fcbf1ce95e8) 
thrown [src/hotspot/share/prims/jni.cpp, line 598]
Event: 76.919 Thread 0x00007fdb9c018000 Exception <a 'java/net/UnknownHostException'{0x00007fcbf27e5240}> (0x00007fcbf27e5240) 
thrown [src/hotspot/share/prims/jni.cpp, line 598]
Event: 77.026 Thread 0x00007fdb9c018000 Exception <a 'java/net/UnknownHostException'{0x00007fcbf3351ad0}> (0x00007fcbf3351ad0) 
thrown [src/hotspot/share/prims/jni.cpp, line 598]
Event: 77.436 Thread 0x00007fdb9c018000 Exception <a 'java/net/UnknownHostException'{0x00007fcbf4132838}> (0x00007fcbf4132838) 
thrown [src/hotspot/share/prims/jni.cpp, line 598]
Event: 78.212 Thread 0x00007fdb9c018000 Exception <a 'java/net/UnknownHostException'{0x00007fcbfff63d60}> (0x00007fcbfff63d60) 
thrown [src/hotspot/share/prims/jni.cpp, line 598]
Event: 89.586 Thread 0x00007fdb9c018000 Implicit null exception at 0x00007fdb8c3181b9 to 0x00007fdb8c318245

Events (20 events):
Event: 348.934 Executing VM operation: GenCollectForAllocation done
Event: 351.359 Executing VM operation: GenCollectForAllocation
Event: 353.343 Executing VM operation: GenCollectForAllocation done
Event: 355.367 Executing VM operation: GenCollectForAllocation
Event: 357.162 Executing VM operation: GenCollectForAllocation done
Event: 359.140 Executing VM operation: GenCollectForAllocation
Event: 361.283 Executing VM operation: GenCollectForAllocation done
Event: 363.417 Executing VM operation: GenCollectForAllocation
Event: 365.451 Executing VM operation: GenCollectForAllocation done
Event: 367.834 Executing VM operation: GenCollectForAllocation
Event: 370.033 Executing VM operation: GenCollectForAllocation done
Event: 372.339 Executing VM operation: GenCollectForAllocation
Event: 374.113 Executing VM operation: GenCollectForAllocation done
Event: 376.736 Executing VM operation: GenCollectForAllocation
Event: 379.362 Executing VM operation: GenCollectForAllocation done
Event: 381.706 Executing VM operation: GenCollectForAllocation
Event: 384.096 Executing VM operation: GenCollectForAllocation done
Event: 386.510 Executing VM operation: GenCollectForAllocation
Event: 388.801 Executing VM operation: GenCollectForAllocation done
Event: 391.010 Executing VM operation: GenCollectForAllocation


Dynamic libraries:
557bb8b9a000-557bb8b9b000 r--p 00000000 07:06 4860                       /usr/lib/jvm/java-13-openjdk-amd64/bin/java
557bb8b9b000-557bb8b9c000 r-xp 00001000 07:06 4860                       /usr/lib/jvm/java-13-openjdk-amd64/bin/java
557bb8b9c000-557bb8b9d000 r--p 00002000 07:06 4860                       /usr/lib/jvm/java-13-openjdk-amd64/bin/java
557bb8b9d000-557bb8b9e000 r--p 00002000 07:06 4860                       /usr/lib/jvm/java-13-openjdk-amd64/bin/java
557bb8b9e000-557bb8b9f000 rw-p 00003000 07:06 4860                       /usr/lib/jvm/java-13-openjdk-amd64/bin/java
557bb9f19000-557bb9f3a000 rw-p 00000000 00:00 0                          [heap]
7fcb40000000-7fcb474b7000 rw-p 00000000 00:00 0 
7fcb474b7000-7fcb48000000 ---p 00000000 00:00 0 
7fcb48000000-7fcb48021000 rw-p 00000000 00:00 0 
7fcb48021000-7fcb4c000000 ---p 00000000 00:00 0 
7fcb4c000000-7fcb4c021000 rw-p 00000000 00:00 0 
7fcb4c021000-7fcb50000000 ---p 00000000 00:00 0 
7fcb50000000-7fcb50021000 rw-p 00000000 00:00 0 
7fcb50021000-7fcb54000000 ---p 00000000 00:00 0 
7fcb54000000-7fcb54021000 rw-p 00000000 00:00 0 
7fcb54021000-7fcb58000000 ---p 00000000 00:00 0 
7fcb58000000-7fcb59efe000 rw-p 00000000 00:00 0 
7fcb59efe000-7fcb5c000000 ---p 00000000 00:00 0 
7fcb5c000000-7fcb5cb34000 rw-p 00000000 00:00 0 
7fcb5cb34000-7fcb60000000 ---p 00000000 00:00 0 
7fcb60000000-7fcb60021000 rw-p 00000000 00:00 0 
7fcb60021000-7fcb64000000 ---p 00000000 00:00 0 
7fcb64000000-7fcb64021000 rw-p 00000000 00:00 0 
7fcb64021000-7fcb68000000 ---p 00000000 00:00 0 
7fcb68000000-7fcb68021000 rw-p 00000000 00:00 0 
7fcb68021000-7fcb6c000000 ---p 00000000 00:00 0 
7fcb6c000000-7fcb6c021000 rw-p 00000000 00:00 0 
7fcb6c021000-7fcb70000000 ---p 00000000 00:00 0 
7fcb70000000-7fcb74000000 rw-p 00000000 00:00 0 
7fcb75b09000-7fcb75b89000 rw-p 00000000 00:00 0 
7fcb75b89000-7fcb75d09000 ---p 00000000 00:00 0 
7fcb75d09000-7fcb75f09000 rw-p 00000000 00:00 0 
7fcb75f09000-7fcb76109000 rw-p 00000000 00:00 0 
7fcb76109000-7fcb76309000 rw-p 00000000 00:00 0 
7fcb76309000-7fcb76509000 rw-p 00000000 00:00 0 
7fcb76509000-7fcb76709000 rw-p 00000000 00:00 0 
7fcb76709000-7fcb76909000 rw-p 00000000 00:00 0 
7fcb76909000-7fcb76b09000 rw-p 00000000 00:00 0 
7fcb76b09000-7fcb76ea9000 rw-p 00000000 00:00 0 
7fcb76ea9000-7fcb789b7000 rw-p 00000000 00:00 0 
7fcb789b7000-7fcb7c5ff000 ---p 00000000 00:00 0 
7fcb7c5ff000-7fcb7d27b000 rw-p 00000000 00:00 0 
7fcb7d27b000-7fcb7f0a9000 ---p 00000000 00:00 0 
7fcb7f0a9000-7fcb809b7000 rw-p 00000000 00:00 0 
7fcb809b7000-7fcb845ff000 ---p 00000000 00:00 0 
7fcb845ff000-7fcd13ce0000 rw-p 00000000 00:00 0 
7fcd13ce0000-7fd0d9b50000 ---p 00000000 00:00 0 
7fd0d9b50000-7fd3fb564000 rw-p 00000000 00:00 0 
7fd611c1c000-7fdb84600000 ---p 00000000 00:00 0 
7fdb8478a000-7fdb849fa000 rwxp 00000000 00:00 0 
7fdb849fa000-7fdb84d19000 ---p 00000000 00:00 0 
7fdb84d19000-7fdb85669000 rwxp 00000000 00:00 0 
7fdb85669000-7fdb8c251000 ---p 00000000 00:00 0 
7fdb8c251000-7fdb8c4d1000 rwxp 00000000 00:00 0 
7fdb8c4d1000-7fdb9378a000 ---p 00000000 00:00 0 
7fdb9378a000-7fdb9c000000 r--s 00000000 07:06 5215                       /usr/lib/jvm/java-13-openjdk-amd64/lib/modules
7fdb9c000000-7fdb9c8f0000 rw-p 00000000 00:00 0 
7fdb9c8f0000-7fdba0000000 ---p 00000000 00:00 0 
7fdba0047000-7fdba004b000 ---p 00000000 00:00 0 
7fdba004b000-7fdba0148000 rw-p 00000000 00:00 0 
7fdba0148000-7fdba014c000 r--p 00000000 07:06 9178                       /usr/lib/x86_64-linux-gnu/libresolv-2.31.so
7fdba014c000-7fdba015c000 r-xp 00004000 07:06 9178                       /usr/lib/x86_64-linux-gnu/libresolv-2.31.so
7fdba015c000-7fdba0160000 r--p 00014000 07:06 9178                       /usr/lib/x86_64-linux-gnu/libresolv-2.31.so
7fdba0160000-7fdba0161000 r--p 00017000 07:06 9178                       /usr/lib/x86_64-linux-gnu/libresolv-2.31.so
7fdba0161000-7fdba0162000 rw-p 00018000 07:06 9178                       /usr/lib/x86_64-linux-gnu/libresolv-2.31.so
7fdba0162000-7fdba0164000 rw-p 00000000 00:00 0 
7fdba0164000-7fdba0165000 r--p 00000000 07:06 9105                       /usr/lib/x86_64-linux-gnu/libnss_dns-2.31.so
7fdba0165000-7fdba0169000 r-xp 00001000 07:06 9105                       /usr/lib/x86_64-linux-gnu/libnss_dns-2.31.so
7fdba0169000-7fdba016a000 r--p 00005000 07:06 9105                       /usr/lib/x86_64-linux-gnu/libnss_dns-2.31.so
7fdba016a000-7fdba016b000 r--p 00005000 07:06 9105                       /usr/lib/x86_64-linux-gnu/libnss_dns-2.31.so
7fdba016b000-7fdba016c000 rw-p 00006000 07:06 9105                       /usr/lib/x86_64-linux-gnu/libnss_dns-2.31.so
7fdba016c000-7fdba016e000 r--p 00000000 07:06 5202                       /usr/lib/jvm/java-13-openjdk-amd64/lib/libmanagement_ext.so
7fdba016e000-7fdba0171000 r-xp 00002000 07:06 5202                       /usr/lib/jvm/java-13-openjdk-amd64/lib/libmanagement_ext.so
7fdba0171000-7fdba0172000 r--p 00005000 07:06 5202                       /usr/lib/jvm/java-13-openjdk-amd64/lib/libmanagement_ext.so
7fdba0172000-7fdba0173000 ---p 00006000 07:06 5202                       /usr/lib/jvm/java-13-openjdk-amd64/lib/libmanagement_ext.so
7fdba0173000-7fdba0174000 r--p 00006000 07:06 5202                       /usr/lib/jvm/java-13-openjdk-amd64/lib/libmanagement_ext.so
7fdba0174000-7fdba0175000 rw-p 00007000 07:06 5202                       /usr/lib/jvm/java-13-openjdk-amd64/lib/libmanagement_ext.so
7fdba0175000-7fdba0178000 r--p 00000000 07:06 5200                       /usr/lib/jvm/java-13-openjdk-amd64/lib/libmanagement.so
7fdba0178000-7fdba0179000 r-xp 00003000 07:06 5200                       /usr/lib/jvm/java-13-openjdk-amd64/lib/libmanagement.so
7fdba0179000-7fdba017a000 r--p 00004000 07:06 5200                       /usr/lib/jvm/java-13-openjdk-amd64/lib/libmanagement.so
7fdba017a000-7fdba017b000 r--p 00004000 07:06 5200                       /usr/lib/jvm/java-13-openjdk-amd64/lib/libmanagement.so
7fdba017b000-7fdba017c000 rw-p 00005000 07:06 5200                       /usr/lib/jvm/java-13-openjdk-amd64/lib/libmanagement.so
7fdba017c000-7fdba037c000 rw-p 00000000 00:00 0 
7fdba037c000-7fdba057c000 rw-p 00000000 00:00 0 
7fdba057c000-7fdba05ad000 rw-p 00000000 00:00 0 
7fdba05ad000-7fdba05b1000 r--p 00000000 07:06 5204                       /usr/lib/jvm/java-13-openjdk-amd64/lib/libnet.so
7fdba05b1000-7fdba05bf000 r-xp 00004000 07:06 5204                       /usr/lib/jvm/java-13-openjdk-amd64/lib/libnet.so
7fdba05bf000-7fdba05c3000 r--p 00012000 07:06 5204                       /usr/lib/jvm/java-13-openjdk-amd64/lib/libnet.so
7fdba05c3000-7fdba05c4000 r--p 00015000 07:06 5204                       /usr/lib/jvm/java-13-openjdk-amd64/lib/libnet.so
7fdba05c4000-7fdba05c5000 rw-p 00016000 07:06 5204                       /usr/lib/jvm/java-13-openjdk-amd64/lib/libnet.so
7fdba05c5000-7fdba05cc000 r--p 00000000 07:06 5205                       /usr/lib/jvm/java-13-openjdk-amd64/lib/libnio.so
7fdba05cc000-7fdba05d5000 r-xp 00007000 07:06 5205                       /usr/lib/jvm/java-13-openjdk-amd64/lib/libnio.so
7fdba05d5000-7fdba05d9000 r--p 00010000 07:06 5205                       /usr/lib/jvm/java-13-openjdk-amd64/lib/libnio.so
7fdba05d9000-7fdba05da000 r--p 00013000 07:06 5205                       /usr/lib/jvm/java-13-openjdk-amd64/lib/libnio.so
7fdba05da000-7fdba05db000 rw-p 00014000 07:06 5205                       /usr/lib/jvm/java-13-openjdk-amd64/lib/libnio.so
7fdba05db000-7fdba05dc000 ---p 00000000 00:00 0 
7fdba05dc000-7fdba06dd000 rw-p 00000000 00:00 0 
7fdba06dd000-7fdba06e1000 ---p 00000000 00:00 0 
7fdba06e1000-7fdba07de000 rw-p 00000000 00:00 0 
7fdba07de000-7fdba07e2000 ---p 00000000 00:00 0 
7fdba07e2000-7fdba08df000 rw-p 00000000 00:00 0 
7fdba08df000-7fdba08e3000 ---p 00000000 00:00 0 
7fdba08e3000-7fdba09e0000 rw-p 00000000 00:00 0 
7fdba09e0000-7fdba09e4000 ---p 00000000 00:00 0 
7fdba09e4000-7fdba0ae1000 rw-p 00000000 00:00 0 
7fdba0ae1000-7fdba0ae5000 ---p 00000000 00:00 0 
7fdba0ae5000-7fdba0be2000 rw-p 00000000 00:00 0 
7fdba0be2000-7fdba0be6000 ---p 00000000 00:00 0 
7fdba0be6000-7fdba0ce3000 rw-p 00000000 00:00 0 
7fdba0ce3000-7fdba0cea000 r--s 00000000 07:06 8532                       /usr/lib/x86_64-linux-gnu/gconv/gconv-modules.cache
7fdba0cea000-7fdba0d1c000 r--p 00000000 07:06 5276                       /usr/lib/locale/C.UTF-8/LC_CTYPE
7fdba0d1c000-7fdba0d20000 ---p 00000000 00:00 0 
7fdba0d20000-7fdba0e1d000 rw-p 00000000 00:00 0 
7fdba0e1d000-7fdba0e21000 ---p 00000000 00:00 0 
7fdba0e21000-7fdba0f1e000 rw-p 00000000 00:00 0 
7fdba0f1e000-7fdba0f1f000 ---p 00000000 00:00 0 
7fdba0f1f000-7fdba193d000 rw-p 00000000 00:00 0 
7fdba193d000-7fdba1942000 rw-p 00000000 00:00 0 
7fdba1942000-7fdba1a28000 ---p 00000000 00:00 0 
7fdba1a28000-7fdba1a3b000 rw-p 00000000 00:00 0 
7fdba1a3b000-7fdba1b13000 ---p 00000000 00:00 0 
7fdba1b13000-7fdba1b18000 rw-p 00000000 00:00 0 
7fdba1b18000-7fdba1b1f000 ---p 00000000 00:00 0 
7fdba1b1f000-7fdba1b21000 r--p 00000000 07:06 5214                       /usr/lib/jvm/java-13-openjdk-amd64/lib/libzip.so
7fdba1b21000-7fdba1b25000 r-xp 00002000 07:06 5214                       /usr/lib/jvm/java-13-openjdk-amd64/lib/libzip.so
7fdba1b25000-7fdba1b27000 r--p 00006000 07:06 5214                       /usr/lib/jvm/java-13-openjdk-amd64/lib/libzip.so
7fdba1b27000-7fdba1b28000 r--p 00007000 07:06 5214                       /usr/lib/jvm/java-13-openjdk-amd64/lib/libzip.so
7fdba1b28000-7fdba1b29000 rw-p 00008000 07:06 5214                       /usr/lib/jvm/java-13-openjdk-amd64/lib/libzip.so
7fdba1b29000-7fdba1b31000 rw-s 00000000 08:03 100676025                  /tmp/hsperfdata_rcabanas/4444
7fdba1b31000-7fdba1b34000 r--p 00000000 07:06 9108                       /usr/lib/x86_64-linux-gnu/libnss_files-2.31.so
7fdba1b34000-7fdba1b3b000 r-xp 00003000 07:06 9108                       /usr/lib/x86_64-linux-gnu/libnss_files-2.31.so
7fdba1b3b000-7fdba1b3d000 r--p 0000a000 07:06 9108                       /usr/lib/x86_64-linux-gnu/libnss_files-2.31.so
7fdba1b3d000-7fdba1b3e000 r--p 0000b000 07:06 9108                       /usr/lib/x86_64-linux-gnu/libnss_files-2.31.so
7fdba1b3e000-7fdba1b3f000 rw-p 0000c000 07:06 9108                       /usr/lib/x86_64-linux-gnu/libnss_files-2.31.so
7fdba1b3f000-7fdba1b45000 rw-p 00000000 00:00 0 
7fdba1b4b000-7fdba1b4d000 r--p 00000000 07:06 5195                       /usr/lib/jvm/java-13-openjdk-amd64/lib/libjimage.so
7fdba1b4d000-7fdba1b50000 r-xp 00002000 07:06 5195                       /usr/lib/jvm/java-13-openjdk-amd64/lib/libjimage.so
7fdba1b50000-7fdba1b51000 r--p 00005000 07:06 5195                       /usr/lib/jvm/java-13-openjdk-amd64/lib/libjimage.so
7fdba1b51000-7fdba1b52000 ---p 00006000 07:06 5195                       /usr/lib/jvm/java-13-openjdk-amd64/lib/libjimage.so
7fdba1b52000-7fdba1b53000 r--p 00006000 07:06 5195                       /usr/lib/jvm/java-13-openjdk-amd64/lib/libjimage.so
7fdba1b53000-7fdba1b54000 rw-p 00007000 07:06 5195                       /usr/lib/jvm/java-13-openjdk-amd64/lib/libjimage.so
7fdba1b54000-7fdba1b61000 r--p 00000000 07:06 5191                       /usr/lib/jvm/java-13-openjdk-amd64/lib/libjava.so
7fdba1b61000-7fdba1b76000 r-xp 0000d000 07:06 5191                       /usr/lib/jvm/java-13-openjdk-amd64/lib/libjava.so
7fdba1b76000-7fdba1b7c000 r--p 00022000 07:06 5191                       /usr/lib/jvm/java-13-openjdk-amd64/lib/libjava.so
7fdba1b7c000-7fdba1b7d000 ---p 00028000 07:06 5191                       /usr/lib/jvm/java-13-openjdk-amd64/lib/libjava.so
7fdba1b7d000-7fdba1b7e000 r--p 00028000 07:06 5191                       /usr/lib/jvm/java-13-openjdk-amd64/lib/libjava.so
7fdba1b7e000-7fdba1b80000 rw-p 00029000 07:06 5191                       /usr/lib/jvm/java-13-openjdk-amd64/lib/libjava.so
7fdba1b80000-7fdba1b85000 r--p 00000000 07:06 5213                       /usr/lib/jvm/java-13-openjdk-amd64/lib/libverify.so
7fdba1b85000-7fdba1b8c000 r-xp 00005000 07:06 5213                       /usr/lib/jvm/java-13-openjdk-amd64/lib/libverify.so
7fdba1b8c000-7fdba1b8e000 r--p 0000c000 07:06 5213                       /usr/lib/jvm/java-13-openjdk-amd64/lib/libverify.so
7fdba1b8e000-7fdba1b8f000 ---p 0000e000 07:06 5213                       /usr/lib/jvm/java-13-openjdk-amd64/lib/libverify.so
7fdba1b8f000-7fdba1b91000 r--p 0000e000 07:06 5213                       /usr/lib/jvm/java-13-openjdk-amd64/lib/libverify.so
7fdba1b91000-7fdba1b92000 rw-p 00010000 07:06 5213                       /usr/lib/jvm/java-13-openjdk-amd64/lib/libverify.so
7fdba1b92000-7fdba1b96000 ---p 00000000 00:00 0 
7fdba1b96000-7fdba1c93000 rw-p 00000000 00:00 0 
7fdba1c93000-7fdba1c96000 r--p 00000000 07:06 8948                       /usr/lib/x86_64-linux-gnu/libgcc_s.so.1
7fdba1c96000-7fdba1ca8000 r-xp 00003000 07:06 8948                       /usr/lib/x86_64-linux-gnu/libgcc_s.so.1
7fdba1ca8000-7fdba1cac000 r--p 00015000 07:06 8948                       /usr/lib/x86_64-linux-gnu/libgcc_s.so.1
7fdba1cac000-7fdba1cad000 r--p 00018000 07:06 8948                       /usr/lib/x86_64-linux-gnu/libgcc_s.so.1
7fdba1cad000-7fdba1cae000 rw-p 00019000 07:06 8948                       /usr/lib/x86_64-linux-gnu/libgcc_s.so.1
7fdba1cae000-7fdba1cbb000 r--p 00000000 07:06 9062                       /usr/lib/x86_64-linux-gnu/libm-2.31.so
7fdba1cbb000-7fdba1d62000 r-xp 0000d000 07:06 9062                       /usr/lib/x86_64-linux-gnu/libm-2.31.so
7fdba1d62000-7fdba1dfb000 r--p 000b4000 07:06 9062                       /usr/lib/x86_64-linux-gnu/libm-2.31.so
7fdba1dfb000-7fdba1dfc000 r--p 0014c000 07:06 9062                       /usr/lib/x86_64-linux-gnu/libm-2.31.so
7fdba1dfc000-7fdba1dfd000 rw-p 0014d000 07:06 9062                       /usr/lib/x86_64-linux-gnu/libm-2.31.so
7fdba1dfd000-7fdba1e93000 r--p 00000000 07:06 9213                       /usr/lib/x86_64-linux-gnu/libstdc++.so.6.0.28
7fdba1e93000-7fdba1f84000 r-xp 00096000 07:06 9213                       /usr/lib/x86_64-linux-gnu/libstdc++.so.6.0.28
7fdba1f84000-7fdba1fcd000 r--p 00187000 07:06 9213                       /usr/lib/x86_64-linux-gnu/libstdc++.so.6.0.28
7fdba1fcd000-7fdba1fce000 ---p 001d0000 07:06 9213                       /usr/lib/x86_64-linux-gnu/libstdc++.so.6.0.28
7fdba1fce000-7fdba1fd9000 r--p 001d0000 07:06 9213                       /usr/lib/x86_64-linux-gnu/libstdc++.so.6.0.28
7fdba1fd9000-7fdba1fdc000 rw-p 001db000 07:06 9213                       /usr/lib/x86_64-linux-gnu/libstdc++.so.6.0.28
7fdba1fdc000-7fdba1fdf000 rw-p 00000000 00:00 0 
7fdba1fdf000-7fdba2265000 r--p 00000000 07:06 5226                       /usr/lib/jvm/java-13-openjdk-amd64/lib/server/libjvm.so
7fdba2265000-7fdba2fe2000 r-xp 00286000 07:06 5226                       /usr/lib/jvm/java-13-openjdk-amd64/lib/server/libjvm.so
7fdba2fe2000-7fdba325d000 r--p 01003000 07:06 5226                       /usr/lib/jvm/java-13-openjdk-amd64/lib/server/libjvm.so
7fdba325d000-7fdba3322000 r--p 0127d000 07:06 5226                       /usr/lib/jvm/java-13-openjdk-amd64/lib/server/libjvm.so
7fdba3322000-7fdba335d000 rw-p 01342000 07:06 5226                       /usr/lib/jvm/java-13-openjdk-amd64/lib/server/libjvm.so
7fdba335d000-7fdba33e3000 rw-p 00000000 00:00 0 
7fdba33e3000-7fdba33e9000 r--p 00000000 07:06 9166                       /usr/lib/x86_64-linux-gnu/libpthread-2.31.so
7fdba33e9000-7fdba33fa000 r-xp 00006000 07:06 9166                       /usr/lib/x86_64-linux-gnu/libpthread-2.31.so
7fdba33fa000-7fdba3400000 r--p 00017000 07:06 9166                       /usr/lib/x86_64-linux-gnu/libpthread-2.31.so
7fdba3400000-7fdba3401000 r--p 0001c000 07:06 9166                       /usr/lib/x86_64-linux-gnu/libpthread-2.31.so
7fdba3401000-7fdba3402000 rw-p 0001d000 07:06 9166                       /usr/lib/x86_64-linux-gnu/libpthread-2.31.so
7fdba3402000-7fdba3406000 rw-p 00000000 00:00 0 
7fdba3406000-7fdba3407000 r--p 00000000 07:06 8893                       /usr/lib/x86_64-linux-gnu/libdl-2.31.so
7fdba3407000-7fdba3409000 r-xp 00001000 07:06 8893                       /usr/lib/x86_64-linux-gnu/libdl-2.31.so
7fdba3409000-7fdba340a000 r--p 00003000 07:06 8893                       /usr/lib/x86_64-linux-gnu/libdl-2.31.so
7fdba340a000-7fdba340b000 r--p 00003000 07:06 8893                       /usr/lib/x86_64-linux-gnu/libdl-2.31.so
7fdba340b000-7fdba340c000 rw-p 00004000 07:06 8893                       /usr/lib/x86_64-linux-gnu/libdl-2.31.so
7fdba340c000-7fdba340e000 r--p 00000000 07:06 9290                       /usr/lib/x86_64-linux-gnu/libz.so.1.2.11
7fdba340e000-7fdba341f000 r-xp 00002000 07:06 9290                       /usr/lib/x86_64-linux-gnu/libz.so.1.2.11
7fdba341f000-7fdba3425000 r--p 00013000 07:06 9290                       /usr/lib/x86_64-linux-gnu/libz.so.1.2.11
7fdba3425000-7fdba3426000 ---p 00019000 07:06 9290                       /usr/lib/x86_64-linux-gnu/libz.so.1.2.11
7fdba3426000-7fdba3427000 r--p 00019000 07:06 9290                       /usr/lib/x86_64-linux-gnu/libz.so.1.2.11
7fdba3427000-7fdba3428000 rw-p 0001a000 07:06 9290                       /usr/lib/x86_64-linux-gnu/libz.so.1.2.11
7fdba3428000-7fdba344a000 r--p 00000000 07:06 8851                       /usr/lib/x86_64-linux-gnu/libc-2.31.so
7fdba344a000-7fdba35c2000 r-xp 00022000 07:06 8851                       /usr/lib/x86_64-linux-gnu/libc-2.31.so
7fdba35c2000-7fdba3610000 r--p 0019a000 07:06 8851                       /usr/lib/x86_64-linux-gnu/libc-2.31.so
7fdba3610000-7fdba3614000 r--p 001e7000 07:06 8851                       /usr/lib/x86_64-linux-gnu/libc-2.31.so
7fdba3614000-7fdba3616000 rw-p 001eb000 07:06 8851                       /usr/lib/x86_64-linux-gnu/libc-2.31.so
7fdba3616000-7fdba361a000 rw-p 00000000 00:00 0 
7fdba361c000-7fdba361e000 r--s 0000c000 07:06 20930                      /usr/share/java/java-atk-wrapper.jar
7fdba361e000-7fdba361f000 ---p 00000000 00:00 0 
7fdba361f000-7fdba3620000 r--p 00000000 00:00 0 
7fdba3620000-7fdba3623000 r--p 00000000 07:06 5196                       /usr/lib/jvm/java-13-openjdk-amd64/lib/libjli.so
7fdba3623000-7fdba362d000 r-xp 00003000 07:06 5196                       /usr/lib/jvm/java-13-openjdk-amd64/lib/libjli.so
7fdba362d000-7fdba3630000 r--p 0000d000 07:06 5196                       /usr/lib/jvm/java-13-openjdk-amd64/lib/libjli.so
7fdba3630000-7fdba3631000 r--p 0000f000 07:06 5196                       /usr/lib/jvm/java-13-openjdk-amd64/lib/libjli.so
7fdba3631000-7fdba3632000 rw-p 00010000 07:06 5196                       /usr/lib/jvm/java-13-openjdk-amd64/lib/libjli.so
7fdba3632000-7fdba3634000 rw-p 00000000 00:00 0 
7fdba3634000-7fdba3635000 r--p 00000000 07:06 8572                       /usr/lib/x86_64-linux-gnu/ld-2.31.so
7fdba3635000-7fdba3658000 r-xp 00001000 07:06 8572                       /usr/lib/x86_64-linux-gnu/ld-2.31.so
7fdba3658000-7fdba3660000 r--p 00024000 07:06 8572                       /usr/lib/x86_64-linux-gnu/ld-2.31.so
7fdba3660000-7fdba3661000 ---p 00000000 00:00 0 
7fdba3661000-7fdba3662000 r--p 0002c000 07:06 8572                       /usr/lib/x86_64-linux-gnu/ld-2.31.so
7fdba3662000-7fdba3663000 rw-p 0002d000 07:06 8572                       /usr/lib/x86_64-linux-gnu/ld-2.31.so
7fdba3663000-7fdba3664000 rw-p 00000000 00:00 0 
7ffc90007000-7ffc90028000 rw-p 00000000 00:00 0                          [stack]
7ffc90133000-7ffc90135000 r-xp 00000000 00:00 0                          [vdso]
ffffffffff600000-ffffffffff601000 r-xp 00000000 00:00 0                  [vsyscall]


VM Arguments:
jvm_args: -Xmx64g --add-modules=ALL-DEFAULT 
java_command: jdk.compiler/com.sun.tools.javac.launcher.Main /mnt/beegfs/rcabanas/dev/credici/papers/journalEM/code/GenerateModel.java -n 14 -d 1000 -di 0.5 -mr 0.98 -r 1.0 --seed 65 --output /mnt/beegfs/rcabanas/dev/credici/papers/journalEM/models/synthetic/s2/ --debug
java_class_path (initial): /mnt/beegfs/rcabanas/dev/credici/target/credici-0.1.3-jar-with-dependencies.jar
Launcher Type: SUN_STANDARD

[Global flags]
     intx CICompilerCount                          = 2                                         {product} {ergonomic}
   size_t InitialHeapSize                          = 2147483648                                {product} {ergonomic}
   size_t MaxHeapSize                              = 68719476736                               {product} {command line}
   size_t MaxNewSize                               = 22906470400                               {product} {ergonomic}
   size_t MinHeapDeltaBytes                        = 196608                                    {product} {ergonomic}
   size_t MinHeapSize                              = 8388608                                   {product} {ergonomic}
   size_t NewSize                                  = 715784192                                 {product} {ergonomic}
    uintx NonNMethodCodeHeapSize                   = 5826188                                {pd product} {ergonomic}
    uintx NonProfiledCodeHeapSize                  = 122916026                              {pd product} {ergonomic}
   size_t OldSize                                  = 1431699456                                {product} {ergonomic}
    uintx ProfiledCodeHeapSize                     = 122916026                              {pd product} {ergonomic}
    uintx ReservedCodeCacheSize                    = 251658240                              {pd product} {ergonomic}
     bool SegmentedCodeCache                       = true                                      {product} {ergonomic}
   size_t SoftMaxHeapSize                          = 68719476736                            {manageable} {ergonomic}
     bool UseSerialGC                              = true                                      {product} {ergonomic}

Logging:
Log output configuration:
 #0: stdout all=warning uptime,level,tags
 #1: stderr all=off uptime,level,tags

Environment Variables:
PATH=/usr/local/sbin:/usr/local/bin:/usr/sbin:/usr/bin:/sbin:/bin
LD_LIBRARY_PATH=/.singularity.d/libs

Signal Handlers:
SIGSEGV: [libjvm.so+0xf8fcf0], sa_mask[0]=11111111011111111101111111111110, sa_flags=SA_RESTART|SA_SIGINFO
SIGBUS: [libjvm.so+0xf8fcf0], sa_mask[0]=11111111011111111101111111111110, sa_flags=SA_RESTART|SA_SIGINFO
SIGFPE: [libjvm.so+0xf8fcf0], sa_mask[0]=11111111011111111101111111111110, sa_flags=SA_RESTART|SA_SIGINFO
SIGPIPE: [libjvm.so+0xc3ffa0], sa_mask[0]=11111111011111111101111111111110, sa_flags=SA_RESTART|SA_SIGINFO
SIGXFSZ: [libjvm.so+0xc3ffa0], sa_mask[0]=11111111011111111101111111111110, sa_flags=SA_RESTART|SA_SIGINFO
SIGILL: [libjvm.so+0xf8fcf0], sa_mask[0]=11111111011111111101111111111110, sa_flags=SA_RESTART|SA_SIGINFO
SIGUSR2: [libjvm.so+0xc3fe40], sa_mask[0]=00000000000000000000000000000000, sa_flags=SA_RESTART|SA_SIGINFO
SIGHUP: [libjvm.so+0xc40580], sa_mask[0]=11111111011111111101111111111110, sa_flags=SA_RESTART|SA_SIGINFO
SIGINT: [libjvm.so+0xc40580], sa_mask[0]=11111111011111111101111111111110, sa_flags=SA_RESTART|SA_SIGINFO
SIGTERM: [libjvm.so+0xc40580], sa_mask[0]=11111111011111111101111111111110, sa_flags=SA_RESTART|SA_SIGINFO
SIGQUIT: [libjvm.so+0xc40580], sa_mask[0]=11111111011111111101111111111110, sa_flags=SA_RESTART|SA_SIGINFO


---------------  S Y S T E M  ---------------

OS:DISTRIB_ID=Ubuntu
DISTRIB_RELEASE=20.04
DISTRIB_CODENAME=focal
DISTRIB_DESCRIPTION="Ubuntu 20.04.4 LTS"
uname:Linux 3.10.0-1160.15.2.el7.x86_64 #1 SMP Wed Feb 3 15:06:38 UTC 2021 x86_64
OS uptime: 474 days 3:09 hours
libc:glibc 2.31 NPTL 2.31 
rlimit (soft/hard): STACK 8192k/infinity , CORE 0k/infinity , NPROC 4096/1030217 , NOFILE 131072/131072 , AS infinity/infinity , CPU infinity/infinity , DATA infinity/infinity , FSIZE infinity/infinity , MEMLOCK infinity/infinity
load average:21.83 17.72 8.87

/proc/meminfo:
MemTotal:       263895368 kB
MemFree:         5298836 kB
MemAvailable:    5237744 kB
Buffers:          154936 kB
Cached:           496996 kB
SwapCached:       357876 kB
Active:         243165876 kB
Inactive:        6170348 kB
Active(anon):   242994056 kB
Inactive(anon):  5715244 kB
Active(file):     171820 kB
Inactive(file):   455104 kB
Unevictable:       16048 kB
Mlocked:           16048 kB
SwapTotal:       4194300 kB
SwapFree:          22300 kB
Dirty:               360 kB
Writeback:             0 kB
AnonPages:      248274252 kB
Mapped:           147060 kB
Shmem:             16568 kB
Slab:             702808 kB
SReclaimable:     164924 kB
SUnreclaim:       537884 kB
KernelStack:       23728 kB
PageTables:       513996 kB
NFS_Unstable:          0 kB
Bounce:                0 kB
WritebackTmp:          0 kB
CommitLimit:    136141984 kB
Committed_AS:   301278484 kB
VmallocTotal:   34359738367 kB
VmallocUsed:      860048 kB
VmallocChunk:   34222458012 kB
Percpu:            21248 kB
HardwareCorrupted:     0 kB
AnonHugePages:  72404992 kB
CmaTotal:              0 kB
CmaFree:               0 kB
HugePages_Total:       0
HugePages_Free:        0
HugePages_Rsvd:        0
HugePages_Surp:        0
Hugepagesize:       2048 kB
DirectMap4k:      650856 kB
DirectMap2M:    19134464 kB
DirectMap1G:    248512512 kB

/sys/kernel/mm/transparent_hugepage/enabled:
[always] madvise never

/sys/kernel/mm/transparent_hugepage/defrag (defrag/compaction efforts parameter):
[always] madvise never


/proc/sys/kernel/threads-max (system-wide limit on the number of threads):
2060435


/proc/sys/vm/max_map_count (maximum number of memory map areas a process may have):
65530


/proc/sys/kernel/pid_max (system-wide limit on number of process identifiers):
65536



Steal ticks since vm start: 0
Steal ticks percentage since vm start:  0.000

CPU:total 64 (initial active 1) (32 cores per cpu, 1 threads per core) family 23 model 49 stepping 0, cmov, cx8, fxsr, mmx, sse, sse2, sse3, ssse3, sse4.1, sse4.2, popcnt, avx, avx2, aes, clmul, mmxext, 3dnowpref, lzcnt, sse4a, tsc, tscinvbit, tscinv, bmi1, bmi2, adx, sha, fma
CPU Model and flags from /proc/cpuinfo:
model name	: AMD EPYC 7542 32-Core Processor
flags		: fpu vme de pse tsc msr pae mce cx8 apic sep mtrr pge mca cmov pat pse36 clflush mmx fxsr sse sse2 ht syscall nx mmxext fxsr_opt pdpe1gb rdtscp lm constant_tsc art rep_good nopl nonstop_tsc extd_apicid aperfmperf eagerfpu pni pclmulqdq monitor ssse3 fma cx16 sse4_1 sse4_2 movbe popcnt aes xsave avx f16c rdrand lahf_lm cmp_legacy svm extapic cr8_legacy abm sse4a misalignsse 3dnowprefetch osvw ibs skinit wdt tce topoext perfctr_core perfctr_nb bpext perfctr_l2 cpb cat_l3 cdp_l3 hw_pstate sme retpoline_amd ssbd ibrs ibpb stibp vmmcall fsgsbase bmi1 avx2 smep bmi2 cqm rdt_a rdseed adx smap clflushopt clwb sha_ni xsaveopt xsavec xgetbv1 cqm_llc cqm_occup_llc cqm_mbm_total cqm_mbm_local clzero irperf xsaveerptr arat npt lbrv svm_lock nrip_save tsc_scale vmcb_clean flushbyasid decodeassists pausefilter pfthreshold avic v_vmsave_vmload vgif umip overflow_recov succor smca
Online cpus:0-63
Offline cpus:
BIOS frequency limitation:2900000
Frequency switch latency (ns):0
Available cpu frequencies:2900000 2400000 1500000 
Current governor:conservative
Core performance/turbo boost:1

Memory: 4k page, physical 263895368k(5297688k free), swap 4194300k(22300k free)

vm_info: OpenJDK 64-Bit Server VM (13.0.7+5-Ubuntu-0ubuntu120.04) for linux-amd64 JRE (13.0.7+5-Ubuntu-0ubuntu120.04), built on Apr 21 2021 05:36:19 by "unknown" with gcc 9.3.0

END.
