#
# There is insufficient memory for the Java Runtime Environment to continue.
# Native memory allocation (mmap) failed to map 715784192 bytes for committing reserved memory.
# Possible reasons:
#   The system is out of physical RAM or swap space
# Possible solutions:
#   Reduce memory load on the system
#   Increase physical memory or swap space
#   Check if swap backing store is full
#   Decrease Java heap size (-Xmx/-Xms)
#   Decrease number of Java threads
#   Decrease Java thread stack sizes (-Xss)
#   Set larger code cache with -XX:ReservedCodeCacheSize=
# This output file may be truncated or incomplete.
#
#  Out of Memory Error (os_linux.cpp:2899), pid=31060, tid=31061
#
# JRE version:  (13.0.7+5) (build )
# Java VM: OpenJDK 64-Bit Server VM (13.0.7+5-Ubuntu-0ubuntu120.04, mixed mode, tiered, serial gc, linux-amd64)
# No core dump will be written. Core dumps have been disabled. To enable core dumping, try "ulimit -c unlimited" before starting Java again
#

---------------  S U M M A R Y ------------

Command Line: -Xmx64g --add-modules=ALL-DEFAULT jdk.compiler/com.sun.tools.javac.launcher.Main /mnt/beegfs/rcabanas/dev/credici/papers/journalEM/code/LearnAndCalculatePNS.java -w -x 1000 -m 500 -sc LLratio -th 0.999999 -a EMCC --seed 0 --output /mnt/beegfs/rcabanas/dev/credici/papers/journalEM/output/synthetic/s12 /mnt/beegfs/rcabanas/dev/credici/papers/journalEM/models/synthetic/s12/random_mc2_n5_mid3_d1000_05_mr098_r10_68.uai

Host: AMD EPYC 7542 32-Core Processor, 64 cores, 251G, Ubuntu 20.04.4 LTS
Time: Tue Nov 22 01:32:14 2022 CET elapsed time: 0.005059 seconds (0d 0h 0m 0s)

---------------  T H R E A D  ---------------

Current thread (0x00007f3ad8018000):  JavaThread "Unknown thread" [_thread_in_vm, id=31061, stack(0x00007f3adff00000,0x00007f3ae0001000)]

Stack: [0x00007f3adff00000,0x00007f3ae0001000],  sp=0x00007f3adffff4a0,  free space=1021k
Native frames: (J=compiled Java code, A=aot compiled Java code, j=interpreted, Vv=VM code, C=native code)
V  [libjvm.so+0xf8f092]
V  [libjvm.so+0xf8fc91]
V  [libjvm.so+0x66ee5a]
V  [libjvm.so+0xc44a41]
V  [libjvm.so+0xc3b263]
V  [libjvm.so+0xf87f4b]
V  [libjvm.so+0x7f3c35]
V  [libjvm.so+0x673fc9]
V  [libjvm.so+0x7f455d]
V  [libjvm.so+0x7e07d4]
V  [libjvm.so+0xf4d15c]
V  [libjvm.so+0xf4d240]
V  [libjvm.so+0x85273c]
V  [libjvm.so+0xf25add]
V  [libjvm.so+0x908da5]  JNI_CreateJavaVM+0x55
C  [libjli.so+0x4d6f]
C  [libjli.so+0x9d3d]


---------------  P R O C E S S  ---------------

Threads class SMR info:
_java_thread_list=0x00007f3ae1742b40, length=0, elements={
}

Java Threads: ( => current thread )

Other Threads:

=>0x00007f3ad8018000 (exited) JavaThread "Unknown thread" [_thread_in_vm, id=31061, stack(0x00007f3adff00000,0x00007f3ae0001000)]

Threads with active compile tasks:

VM state:not at safepoint (not fully initialized)

VM Mutex/Monitor currently owned by a thread: None

GC Heap History (0 events):
No events

Deoptimization events (0 events):
No events

Classes unloaded (0 events):
No events

Classes redefined (0 events):
No events

Internal exceptions (0 events):
No events

Events (2 events):
Event: 0.002 Protecting memory [0x00007f3adff00000,0x00007f3adff04000] with protection modes 0
Event: 0.002 Loaded shared library /usr/lib/jvm/java-13-openjdk-amd64/lib/libzip.so


Dynamic libraries:
55faf7aea000-55faf7aeb000 r--p 00000000 07:0c 4860                       /usr/lib/jvm/java-13-openjdk-amd64/bin/java
55faf7aeb000-55faf7aec000 r-xp 00001000 07:0c 4860                       /usr/lib/jvm/java-13-openjdk-amd64/bin/java
55faf7aec000-55faf7aed000 r--p 00002000 07:0c 4860                       /usr/lib/jvm/java-13-openjdk-amd64/bin/java
55faf7aed000-55faf7aee000 r--p 00002000 07:0c 4860                       /usr/lib/jvm/java-13-openjdk-amd64/bin/java
55faf7aee000-55faf7aef000 rw-p 00003000 07:0c 4860                       /usr/lib/jvm/java-13-openjdk-amd64/bin/java
55faf8512000-55faf8533000 rw-p 00000000 00:00 0                          [heap]
7f2ab85ff000-7f2ac05ff000 ---p 00000000 00:00 0 
7f2ac05ff000-7f2ac0600000 rw-p 00000000 00:00 0 
7f2aeb0a0000-7f3ac0600000 ---p 00000000 00:00 0 
7f3ac078a000-7f3ac09fa000 rwxp 00000000 00:00 0 
7f3ac09fa000-7f3ac0d19000 ---p 00000000 00:00 0 
7f3ac0d19000-7f3ac0f89000 rwxp 00000000 00:00 0 
7f3ac0f89000-7f3ac8251000 ---p 00000000 00:00 0 
7f3ac8251000-7f3ac84c1000 rwxp 00000000 00:00 0 
7f3ac84c1000-7f3acf78a000 ---p 00000000 00:00 0 
7f3acf78a000-7f3ad8000000 r--s 00000000 07:0c 5215                       /usr/lib/jvm/java-13-openjdk-amd64/lib/modules
7f3ad8000000-7f3ad8033000 rw-p 00000000 00:00 0 
7f3ad8033000-7f3adc000000 ---p 00000000 00:00 0 
7f3adfcab000-7f3adfcb0000 rw-p 00000000 00:00 0 
7f3adfcb0000-7f3adfd96000 ---p 00000000 00:00 0 
7f3adfd96000-7f3adfd9b000 rw-p 00000000 00:00 0 
7f3adfd9b000-7f3adfe81000 ---p 00000000 00:00 0 
7f3adfe81000-7f3adfe86000 rw-p 00000000 00:00 0 
7f3adfe86000-7f3adfe8d000 ---p 00000000 00:00 0 
7f3adfe8d000-7f3adfe8f000 r--p 00000000 07:0c 5214                       /usr/lib/jvm/java-13-openjdk-amd64/lib/libzip.so
7f3adfe8f000-7f3adfe93000 r-xp 00002000 07:0c 5214                       /usr/lib/jvm/java-13-openjdk-amd64/lib/libzip.so
7f3adfe93000-7f3adfe95000 r--p 00006000 07:0c 5214                       /usr/lib/jvm/java-13-openjdk-amd64/lib/libzip.so
7f3adfe95000-7f3adfe96000 r--p 00007000 07:0c 5214                       /usr/lib/jvm/java-13-openjdk-amd64/lib/libzip.so
7f3adfe96000-7f3adfe97000 rw-p 00008000 07:0c 5214                       /usr/lib/jvm/java-13-openjdk-amd64/lib/libzip.so
7f3adfe97000-7f3adfe9f000 rw-s 00000000 08:03 67233388                   /tmp/hsperfdata_rcabanas/31060
7f3adfe9f000-7f3adfea2000 r--p 00000000 07:0c 9108                       /usr/lib/x86_64-linux-gnu/libnss_files-2.31.so
7f3adfea2000-7f3adfea9000 r-xp 00003000 07:0c 9108                       /usr/lib/x86_64-linux-gnu/libnss_files-2.31.so
7f3adfea9000-7f3adfeab000 r--p 0000a000 07:0c 9108                       /usr/lib/x86_64-linux-gnu/libnss_files-2.31.so
7f3adfeab000-7f3adfeac000 r--p 0000b000 07:0c 9108                       /usr/lib/x86_64-linux-gnu/libnss_files-2.31.so
7f3adfeac000-7f3adfead000 rw-p 0000c000 07:0c 9108                       /usr/lib/x86_64-linux-gnu/libnss_files-2.31.so
7f3adfead000-7f3adfeb3000 rw-p 00000000 00:00 0 
7f3adfeb9000-7f3adfebb000 r--p 00000000 07:0c 5195                       /usr/lib/jvm/java-13-openjdk-amd64/lib/libjimage.so
7f3adfebb000-7f3adfebe000 r-xp 00002000 07:0c 5195                       /usr/lib/jvm/java-13-openjdk-amd64/lib/libjimage.so
7f3adfebe000-7f3adfebf000 r--p 00005000 07:0c 5195                       /usr/lib/jvm/java-13-openjdk-amd64/lib/libjimage.so
7f3adfebf000-7f3adfec0000 ---p 00006000 07:0c 5195                       /usr/lib/jvm/java-13-openjdk-amd64/lib/libjimage.so
7f3adfec0000-7f3adfec1000 r--p 00006000 07:0c 5195                       /usr/lib/jvm/java-13-openjdk-amd64/lib/libjimage.so
7f3adfec1000-7f3adfec2000 rw-p 00007000 07:0c 5195                       /usr/lib/jvm/java-13-openjdk-amd64/lib/libjimage.so
7f3adfec2000-7f3adfecf000 r--p 00000000 07:0c 5191                       /usr/lib/jvm/java-13-openjdk-amd64/lib/libjava.so
7f3adfecf000-7f3adfee4000 r-xp 0000d000 07:0c 5191                       /usr/lib/jvm/java-13-openjdk-amd64/lib/libjava.so
7f3adfee4000-7f3adfeea000 r--p 00022000 07:0c 5191                       /usr/lib/jvm/java-13-openjdk-amd64/lib/libjava.so
7f3adfeea000-7f3adfeeb000 ---p 00028000 07:0c 5191                       /usr/lib/jvm/java-13-openjdk-amd64/lib/libjava.so
7f3adfeeb000-7f3adfeec000 r--p 00028000 07:0c 5191                       /usr/lib/jvm/java-13-openjdk-amd64/lib/libjava.so
7f3adfeec000-7f3adfeee000 rw-p 00029000 07:0c 5191                       /usr/lib/jvm/java-13-openjdk-amd64/lib/libjava.so
7f3adfeee000-7f3adfef3000 r--p 00000000 07:0c 5213                       /usr/lib/jvm/java-13-openjdk-amd64/lib/libverify.so
7f3adfef3000-7f3adfefa000 r-xp 00005000 07:0c 5213                       /usr/lib/jvm/java-13-openjdk-amd64/lib/libverify.so
7f3adfefa000-7f3adfefc000 r--p 0000c000 07:0c 5213                       /usr/lib/jvm/java-13-openjdk-amd64/lib/libverify.so
7f3adfefc000-7f3adfefd000 ---p 0000e000 07:0c 5213                       /usr/lib/jvm/java-13-openjdk-amd64/lib/libverify.so
7f3adfefd000-7f3adfeff000 r--p 0000e000 07:0c 5213                       /usr/lib/jvm/java-13-openjdk-amd64/lib/libverify.so
7f3adfeff000-7f3adff00000 rw-p 00010000 07:0c 5213                       /usr/lib/jvm/java-13-openjdk-amd64/lib/libverify.so
7f3adff00000-7f3adff04000 ---p 00000000 00:00 0 
7f3adff04000-7f3ae0001000 rw-p 00000000 00:00 0 
7f3ae0001000-7f3ae0004000 r--p 00000000 07:0c 8948                       /usr/lib/x86_64-linux-gnu/libgcc_s.so.1
7f3ae0004000-7f3ae0016000 r-xp 00003000 07:0c 8948                       /usr/lib/x86_64-linux-gnu/libgcc_s.so.1
7f3ae0016000-7f3ae001a000 r--p 00015000 07:0c 8948                       /usr/lib/x86_64-linux-gnu/libgcc_s.so.1
7f3ae001a000-7f3ae001b000 r--p 00018000 07:0c 8948                       /usr/lib/x86_64-linux-gnu/libgcc_s.so.1
7f3ae001b000-7f3ae001c000 rw-p 00019000 07:0c 8948                       /usr/lib/x86_64-linux-gnu/libgcc_s.so.1
7f3ae001c000-7f3ae0029000 r--p 00000000 07:0c 9062                       /usr/lib/x86_64-linux-gnu/libm-2.31.so
7f3ae0029000-7f3ae00d0000 r-xp 0000d000 07:0c 9062                       /usr/lib/x86_64-linux-gnu/libm-2.31.so
7f3ae00d0000-7f3ae0169000 r--p 000b4000 07:0c 9062                       /usr/lib/x86_64-linux-gnu/libm-2.31.so
7f3ae0169000-7f3ae016a000 r--p 0014c000 07:0c 9062                       /usr/lib/x86_64-linux-gnu/libm-2.31.so
7f3ae016a000-7f3ae016b000 rw-p 0014d000 07:0c 9062                       /usr/lib/x86_64-linux-gnu/libm-2.31.so
7f3ae016b000-7f3ae0201000 r--p 00000000 07:0c 9213                       /usr/lib/x86_64-linux-gnu/libstdc++.so.6.0.28
7f3ae0201000-7f3ae02f2000 r-xp 00096000 07:0c 9213                       /usr/lib/x86_64-linux-gnu/libstdc++.so.6.0.28
7f3ae02f2000-7f3ae033b000 r--p 00187000 07:0c 9213                       /usr/lib/x86_64-linux-gnu/libstdc++.so.6.0.28
7f3ae033b000-7f3ae033c000 ---p 001d0000 07:0c 9213                       /usr/lib/x86_64-linux-gnu/libstdc++.so.6.0.28
7f3ae033c000-7f3ae0347000 r--p 001d0000 07:0c 9213                       /usr/lib/x86_64-linux-gnu/libstdc++.so.6.0.28
7f3ae0347000-7f3ae034a000 rw-p 001db000 07:0c 9213                       /usr/lib/x86_64-linux-gnu/libstdc++.so.6.0.28
7f3ae034a000-7f3ae034d000 rw-p 00000000 00:00 0 
7f3ae034d000-7f3ae05d3000 r--p 00000000 07:0c 5226                       /usr/lib/jvm/java-13-openjdk-amd64/lib/server/libjvm.so
7f3ae05d3000-7f3ae1350000 r-xp 00286000 07:0c 5226                       /usr/lib/jvm/java-13-openjdk-amd64/lib/server/libjvm.so
7f3ae1350000-7f3ae15cb000 r--p 01003000 07:0c 5226                       /usr/lib/jvm/java-13-openjdk-amd64/lib/server/libjvm.so
7f3ae15cb000-7f3ae1690000 r--p 0127d000 07:0c 5226                       /usr/lib/jvm/java-13-openjdk-amd64/lib/server/libjvm.so
7f3ae1690000-7f3ae16cb000 rw-p 01342000 07:0c 5226                       /usr/lib/jvm/java-13-openjdk-amd64/lib/server/libjvm.so
7f3ae16cb000-7f3ae1751000 rw-p 00000000 00:00 0 
7f3ae1751000-7f3ae1757000 r--p 00000000 07:0c 9166                       /usr/lib/x86_64-linux-gnu/libpthread-2.31.so
7f3ae1757000-7f3ae1768000 r-xp 00006000 07:0c 9166                       /usr/lib/x86_64-linux-gnu/libpthread-2.31.so
7f3ae1768000-7f3ae176e000 r--p 00017000 07:0c 9166                       /usr/lib/x86_64-linux-gnu/libpthread-2.31.so
7f3ae176e000-7f3ae176f000 r--p 0001c000 07:0c 9166                       /usr/lib/x86_64-linux-gnu/libpthread-2.31.so
7f3ae176f000-7f3ae1770000 rw-p 0001d000 07:0c 9166                       /usr/lib/x86_64-linux-gnu/libpthread-2.31.so
7f3ae1770000-7f3ae1774000 rw-p 00000000 00:00 0 
7f3ae1774000-7f3ae1775000 r--p 00000000 07:0c 8893                       /usr/lib/x86_64-linux-gnu/libdl-2.31.so
7f3ae1775000-7f3ae1777000 r-xp 00001000 07:0c 8893                       /usr/lib/x86_64-linux-gnu/libdl-2.31.so
7f3ae1777000-7f3ae1778000 r--p 00003000 07:0c 8893                       /usr/lib/x86_64-linux-gnu/libdl-2.31.so
7f3ae1778000-7f3ae1779000 r--p 00003000 07:0c 8893                       /usr/lib/x86_64-linux-gnu/libdl-2.31.so
7f3ae1779000-7f3ae177a000 rw-p 00004000 07:0c 8893                       /usr/lib/x86_64-linux-gnu/libdl-2.31.so
7f3ae177a000-7f3ae177c000 r--p 00000000 07:0c 9290                       /usr/lib/x86_64-linux-gnu/libz.so.1.2.11
7f3ae177c000-7f3ae178d000 r-xp 00002000 07:0c 9290                       /usr/lib/x86_64-linux-gnu/libz.so.1.2.11
7f3ae178d000-7f3ae1793000 r--p 00013000 07:0c 9290                       /usr/lib/x86_64-linux-gnu/libz.so.1.2.11
7f3ae1793000-7f3ae1794000 ---p 00019000 07:0c 9290                       /usr/lib/x86_64-linux-gnu/libz.so.1.2.11
7f3ae1794000-7f3ae1795000 r--p 00019000 07:0c 9290                       /usr/lib/x86_64-linux-gnu/libz.so.1.2.11
7f3ae1795000-7f3ae1796000 rw-p 0001a000 07:0c 9290                       /usr/lib/x86_64-linux-gnu/libz.so.1.2.11
7f3ae1796000-7f3ae17b8000 r--p 00000000 07:0c 8851                       /usr/lib/x86_64-linux-gnu/libc-2.31.so
7f3ae17b8000-7f3ae1930000 r-xp 00022000 07:0c 8851                       /usr/lib/x86_64-linux-gnu/libc-2.31.so
7f3ae1930000-7f3ae197e000 r--p 0019a000 07:0c 8851                       /usr/lib/x86_64-linux-gnu/libc-2.31.so
7f3ae197e000-7f3ae1982000 r--p 001e7000 07:0c 8851                       /usr/lib/x86_64-linux-gnu/libc-2.31.so
7f3ae1982000-7f3ae1984000 rw-p 001eb000 07:0c 8851                       /usr/lib/x86_64-linux-gnu/libc-2.31.so
7f3ae1984000-7f3ae1988000 rw-p 00000000 00:00 0 
7f3ae198a000-7f3ae198c000 r--s 0000c000 07:0c 20930                      /usr/share/java/java-atk-wrapper.jar
7f3ae198c000-7f3ae198d000 ---p 00000000 00:00 0 
7f3ae198d000-7f3ae198e000 r--p 00000000 00:00 0 
7f3ae198e000-7f3ae1991000 r--p 00000000 07:0c 5196                       /usr/lib/jvm/java-13-openjdk-amd64/lib/libjli.so
7f3ae1991000-7f3ae199b000 r-xp 00003000 07:0c 5196                       /usr/lib/jvm/java-13-openjdk-amd64/lib/libjli.so
7f3ae199b000-7f3ae199e000 r--p 0000d000 07:0c 5196                       /usr/lib/jvm/java-13-openjdk-amd64/lib/libjli.so
7f3ae199e000-7f3ae199f000 r--p 0000f000 07:0c 5196                       /usr/lib/jvm/java-13-openjdk-amd64/lib/libjli.so
7f3ae199f000-7f3ae19a0000 rw-p 00010000 07:0c 5196                       /usr/lib/jvm/java-13-openjdk-amd64/lib/libjli.so
7f3ae19a0000-7f3ae19a2000 rw-p 00000000 00:00 0 
7f3ae19a2000-7f3ae19a3000 r--p 00000000 07:0c 8572                       /usr/lib/x86_64-linux-gnu/ld-2.31.so
7f3ae19a3000-7f3ae19c6000 r-xp 00001000 07:0c 8572                       /usr/lib/x86_64-linux-gnu/ld-2.31.so
7f3ae19c6000-7f3ae19ce000 r--p 00024000 07:0c 8572                       /usr/lib/x86_64-linux-gnu/ld-2.31.so
7f3ae19ce000-7f3ae19cf000 ---p 00000000 00:00 0 
7f3ae19cf000-7f3ae19d0000 r--p 0002c000 07:0c 8572                       /usr/lib/x86_64-linux-gnu/ld-2.31.so
7f3ae19d0000-7f3ae19d1000 rw-p 0002d000 07:0c 8572                       /usr/lib/x86_64-linux-gnu/ld-2.31.so
7f3ae19d1000-7f3ae19d2000 rw-p 00000000 00:00 0 
7ffc1c52b000-7ffc1c54c000 rw-p 00000000 00:00 0                          [stack]
7ffc1c599000-7ffc1c59b000 r-xp 00000000 00:00 0                          [vdso]
ffffffffff600000-ffffffffff601000 r-xp 00000000 00:00 0                  [vsyscall]


VM Arguments:
jvm_args: -Xmx64g --add-modules=ALL-DEFAULT 
java_command: jdk.compiler/com.sun.tools.javac.launcher.Main /mnt/beegfs/rcabanas/dev/credici/papers/journalEM/code/LearnAndCalculatePNS.java -w -x 1000 -m 500 -sc LLratio -th 0.999999 -a EMCC --seed 0 --output /mnt/beegfs/rcabanas/dev/credici/papers/journalEM/output/synthetic/s12 /mnt/beegfs/rcabanas/dev/credici/papers/journalEM/models/synthetic/s12/random_mc2_n5_mid3_d1000_05_mr098_r10_68.uai
java_class_path (initial): /mnt/beegfs/rcabanas/dev/credici/target/credici-0.1.3-jar-with-dependencies.jar
Launcher Type: SUN_STANDARD

[Global flags]
     intx CICompilerCount                          = 2                                         {product} {ergonomic}
   size_t InitialHeapSize                          = 2147483648                                {product} {ergonomic}
   size_t MaxHeapSize                              = 68719476736                               {product} {command line}
   size_t MaxNewSize                               = 22906470400                               {product} {ergonomic}
   size_t MinHeapDeltaBytes                        = 196608                                    {product} {ergonomic}
   size_t MinHeapSize                              = 8388608                                   {product} {ergonomic}
   size_t NewSize                                  = 715784192                                 {product} {ergonomic}
    uintx NonNMethodCodeHeapSize                   = 5826188                                {pd product} {ergonomic}
    uintx NonProfiledCodeHeapSize                  = 122916026                              {pd product} {ergonomic}
   size_t OldSize                                  = 1431699456                                {product} {ergonomic}
    uintx ProfiledCodeHeapSize                     = 122916026                              {pd product} {ergonomic}
    uintx ReservedCodeCacheSize                    = 251658240                              {pd product} {ergonomic}
     bool SegmentedCodeCache                       = true                                      {product} {ergonomic}
   size_t SoftMaxHeapSize                          = 68719476736                            {manageable} {ergonomic}
     bool UseSerialGC                              = true                                      {product} {ergonomic}

Logging:
Log output configuration:
 #0: stdout all=warning uptime,level,tags
 #1: stderr all=off uptime,level,tags

Environment Variables:
PATH=/usr/local/sbin:/usr/local/bin:/usr/sbin:/usr/bin:/sbin:/bin
LD_LIBRARY_PATH=/.singularity.d/libs

Signal Handlers:
SIGSEGV: [libjvm.so+0xf8fcf0], sa_mask[0]=11111111011111111101111111111110, sa_flags=SA_RESTART|SA_SIGINFO
SIGBUS: [libjvm.so+0xf8fcf0], sa_mask[0]=11111111011111111101111111111110, sa_flags=SA_RESTART|SA_SIGINFO
SIGFPE: [libjvm.so+0xf8fcf0], sa_mask[0]=11111111011111111101111111111110, sa_flags=SA_RESTART|SA_SIGINFO
SIGPIPE: [libjvm.so+0xc3ffa0], sa_mask[0]=11111111011111111101111111111110, sa_flags=SA_RESTART|SA_SIGINFO
SIGXFSZ: [libjvm.so+0xc3ffa0], sa_mask[0]=11111111011111111101111111111110, sa_flags=SA_RESTART|SA_SIGINFO
SIGILL: [libjvm.so+0xf8fcf0], sa_mask[0]=11111111011111111101111111111110, sa_flags=SA_RESTART|SA_SIGINFO
SIGUSR2: [libjvm.so+0xc3fe40], sa_mask[0]=00000000000000000000000000000000, sa_flags=SA_RESTART|SA_SIGINFO
SIGHUP: SIG_DFL, sa_mask[0]=00000000000000000000000000000000, sa_flags=none
SIGINT: SIG_DFL, sa_mask[0]=00000000000000000000000000000000, sa_flags=none
SIGTERM: SIG_DFL, sa_mask[0]=00000000000000000000000000000000, sa_flags=none
SIGQUIT: SIG_DFL, sa_mask[0]=00000000000000000000000000000000, sa_flags=none


---------------  S Y S T E M  ---------------

OS:DISTRIB_ID=Ubuntu
DISTRIB_RELEASE=20.04
DISTRIB_CODENAME=focal
DISTRIB_DESCRIPTION="Ubuntu 20.04.4 LTS"
uname:Linux 3.10.0-1160.15.2.el7.x86_64 #1 SMP Wed Feb 3 15:06:38 UTC 2021 x86_64
OS uptime: 514 days 8:11 hours
libc:glibc 2.31 NPTL 2.31 
rlimit (soft/hard): STACK 8192k/infinity , CORE 0k/infinity , NPROC 4096/1030217 , NOFILE 131072/131072 , AS infinity/infinity , CPU infinity/infinity , DATA infinity/infinity , FSIZE infinity/infinity , MEMLOCK infinity/infinity
load average:50.90 51.22 51.19

/proc/meminfo:
MemTotal:       263895364 kB
MemFree:          648068 kB
MemAvailable:     205184 kB
Buffers:           24484 kB
Cached:           238184 kB
SwapCached:        34856 kB
Active:         246048956 kB
Inactive:        7786200 kB
Active(anon):   245926960 kB
Inactive(anon):  7665016 kB
Active(file):     121996 kB
Inactive(file):   121184 kB
Unevictable:       14200 kB
Mlocked:           14200 kB
SwapTotal:       4194300 kB
SwapFree:              0 kB
Dirty:               784 kB
Writeback:             0 kB
AnonPages:      253556428 kB
Mapped:           147296 kB
Shmem:             15384 kB
Slab:             762732 kB
SReclaimable:     168828 kB
SUnreclaim:       593904 kB
KernelStack:       43184 kB
PageTables:       575944 kB
NFS_Unstable:          0 kB
Bounce:                0 kB
WritebackTmp:          0 kB
CommitLimit:    136141980 kB
Committed_AS:   337944056 kB
VmallocTotal:   34359738367 kB
VmallocUsed:      862512 kB
VmallocChunk:   34222409240 kB
Percpu:            22016 kB
HardwareCorrupted:     0 kB
AnonHugePages:  122562560 kB
CmaTotal:              0 kB
CmaFree:               0 kB
HugePages_Total:       0
HugePages_Free:        0
HugePages_Rsvd:        0
HugePages_Surp:        0
Hugepagesize:       2048 kB
DirectMap4k:      505448 kB
DirectMap2M:    20328448 kB
DirectMap1G:    247463936 kB

/sys/kernel/mm/transparent_hugepage/enabled:
[always] madvise never

/sys/kernel/mm/transparent_hugepage/defrag (defrag/compaction efforts parameter):
[always] madvise never


/proc/sys/kernel/threads-max (system-wide limit on the number of threads):
2060435


/proc/sys/vm/max_map_count (maximum number of memory map areas a process may have):
65530


/proc/sys/kernel/pid_max (system-wide limit on number of process identifiers):
65536



Steal ticks since vm start: 0
Steal ticks percentage since vm start:  0.000

CPU:total 64 (initial active 1) (32 cores per cpu, 1 threads per core) family 23 model 49 stepping 0, cmov, cx8, fxsr, mmx, sse, sse2, sse3, ssse3, sse4.1, sse4.2, popcnt, avx, avx2, aes, clmul, mmxext, 3dnowpref, lzcnt, sse4a, tsc, tscinvbit, tscinv, bmi1, bmi2, adx, sha, fma
CPU Model and flags from /proc/cpuinfo:
model name	: AMD EPYC 7542 32-Core Processor
flags		: fpu vme de pse tsc msr pae mce cx8 apic sep mtrr pge mca cmov pat pse36 clflush mmx fxsr sse sse2 ht syscall nx mmxext fxsr_opt pdpe1gb rdtscp lm constant_tsc art rep_good nopl nonstop_tsc extd_apicid aperfmperf eagerfpu pni pclmulqdq monitor ssse3 fma cx16 sse4_1 sse4_2 movbe popcnt aes xsave avx f16c rdrand lahf_lm cmp_legacy svm extapic cr8_legacy abm sse4a misalignsse 3dnowprefetch osvw ibs skinit wdt tce topoext perfctr_core perfctr_nb bpext perfctr_l2 cpb cat_l3 cdp_l3 hw_pstate sme retpoline_amd ssbd ibrs ibpb stibp vmmcall fsgsbase bmi1 avx2 smep bmi2 cqm rdt_a rdseed adx smap clflushopt clwb sha_ni xsaveopt xsavec xgetbv1 cqm_llc cqm_occup_llc cqm_mbm_total cqm_mbm_local clzero irperf xsaveerptr arat npt lbrv svm_lock nrip_save tsc_scale vmcb_clean flushbyasid decodeassists pausefilter pfthreshold avic v_vmsave_vmload vgif umip overflow_recov succor smca
Online cpus:0-63
Offline cpus:
BIOS frequency limitation:2900000
Frequency switch latency (ns):0
Available cpu frequencies:2900000 2400000 1500000 
Current governor:conservative
Core performance/turbo boost:1

Memory: 4k page, physical 263895364k(648068k free), swap 4194300k(0k free)

vm_info: OpenJDK 64-Bit Server VM (13.0.7+5-Ubuntu-0ubuntu120.04) for linux-amd64 JRE (13.0.7+5-Ubuntu-0ubuntu120.04), built on Apr 21 2021 05:36:19 by "unknown" with gcc 9.3.0

END.
