#
# There is insufficient memory for the Java Runtime Environment to continue.
# Native memory allocation (mmap) failed to map 453877760 bytes for committing reserved memory.
# Possible reasons:
#   The system is out of physical RAM or swap space
# Possible solutions:
#   Reduce memory load on the system
#   Increase physical memory or swap space
#   Check if swap backing store is full
#   Decrease Java heap size (-Xmx/-Xms)
#   Decrease number of Java threads
#   Decrease Java thread stack sizes (-Xss)
#   Set larger code cache with -XX:ReservedCodeCacheSize=
# This output file may be truncated or incomplete.
#
#  Out of Memory Error (os_linux.cpp:2899), pid=34237, tid=34239
#
# JRE version: OpenJDK Runtime Environment (13.0.7+5) (build 13.0.7+5-Ubuntu-0ubuntu120.04)
# Java VM: OpenJDK 64-Bit Server VM (13.0.7+5-Ubuntu-0ubuntu120.04, mixed mode, tiered, serial gc, linux-amd64)
# No core dump will be written. Core dumps have been disabled. To enable core dumping, try "ulimit -c unlimited" before starting Java again
#

---------------  S U M M A R Y ------------

Command Line: -Xmx128g --add-modules=ALL-DEFAULT jdk.compiler/com.sun.tools.javac.launcher.Main /mnt/beegfs/rcabanas/dev/credici/papers/journalEM/code/LearnAndCalculatePNS.java -w -x 100 -m 500 -sc KL -th 1e-06 -a EMCC --seed 58 --output /mnt/beegfs/rcabanas/dev/credici/papers/journalEM/output/triangolo --cause 3 --effect 0 /mnt/beegfs/rcabanas/dev/credici/papers/journalEM/models/triangolo/triangolo_causal.uai

Host: AMD EPYC 7542 32-Core Processor, 64 cores, 251G, Ubuntu 20.04.4 LTS
Time: Tue Oct 18 20:38:40 2022 CEST elapsed time: 512.730133 seconds (0d 0h 8m 32s)

---------------  T H R E A D  ---------------

Current thread (0x00007f3f44097800):  VMThread "VM Thread" [stack: 0x00007f3f48295000,0x00007f3f48395000] [id=34239]

Stack: [0x00007f3f48295000,0x00007f3f48395000],  sp=0x00007f3f48393160,  free space=1016k
Native frames: (J=compiled Java code, A=aot compiled Java code, j=interpreted, Vv=VM code, C=native code)
V  [libjvm.so+0xf8f092]
V  [libjvm.so+0xf8fc91]
V  [libjvm.so+0x66ee5a]
V  [libjvm.so+0xc44a41]
V  [libjvm.so+0xc3b263]
V  [libjvm.so+0xf87f4b]
V  [libjvm.so+0x557506]
V  [libjvm.so+0x557723]
V  [libjvm.so+0xf18b0c]
V  [libjvm.so+0x557e65]
V  [libjvm.so+0x7e2edb]
V  [libjvm.so+0x7e39bd]
V  [libjvm.so+0x7d8b48]
V  [libjvm.so+0xf90940]
V  [libjvm.so+0xf96657]
V  [libjvm.so+0xf96d2b]
V  [libjvm.so+0xf9706a]
V  [libjvm.so+0xf2208f]
V  [libjvm.so+0xc493ff]

VM_Operation (0x00007f3f48805510): GenCollectForAllocation, mode: safepoint, requested by thread 0x00007f3f44018000


---------------  P R O C E S S  ---------------

Threads class SMR info:
_java_thread_list=0x00007f3f44136370, length=9, elements={
0x00007f3f44018000, 0x00007f3f440a3800, 0x00007f3f440a7000, 0x00007f3f440cb800,
0x00007f3f440cd000, 0x00007f3f440cf000, 0x00007f3f440d1000, 0x00007f3f440d3000,
0x00007f3f44135000
}

Java Threads: ( => current thread )
  0x00007f3f44018000 JavaThread "main" [_thread_blocked, id=34238, stack(0x00007f3f48707000,0x00007f3f48808000)]
  0x00007f3f440a3800 JavaThread "Reference Handler" daemon [_thread_blocked, id=34240, stack(0x00007f3f48192000,0x00007f3f48293000)]
  0x00007f3f440a7000 JavaThread "Finalizer" daemon [_thread_blocked, id=34241, stack(0x00007f3f48091000,0x00007f3f48192000)]
  0x00007f3f440cb800 JavaThread "Signal Dispatcher" daemon [_thread_blocked, id=34242, stack(0x00007f3f2c689000,0x00007f3f2c78a000)]
  0x00007f3f440cd000 JavaThread "Service Thread" daemon [_thread_blocked, id=34243, stack(0x00007f1f11253000,0x00007f1f11354000)]
  0x00007f3f440cf000 JavaThread "C2 CompilerThread0" daemon [_thread_blocked, id=34244, stack(0x00007f1f11152000,0x00007f1f11253000)]
  0x00007f3f440d1000 JavaThread "C1 CompilerThread0" daemon [_thread_blocked, id=34245, stack(0x00007f1f11051000,0x00007f1f11152000)]
  0x00007f3f440d3000 JavaThread "Sweeper thread" daemon [_thread_blocked, id=34246, stack(0x00007f1f10f50000,0x00007f1f11051000)]
  0x00007f3f44135000 JavaThread "Common-Cleaner" daemon [_thread_blocked, id=34247, stack(0x00007f1f10e4f000,0x00007f1f10f50000)]

Other Threads:
=>0x00007f3f44097800 VMThread "VM Thread" [stack: 0x00007f3f48295000,0x00007f3f48395000] [id=34239]
  0x00007f3f44181800 WatcherThread [stack: 0x00007f1f10d4f000,0x00007f1f10e4f000] [id=34248]

Threads with active compile tasks:

VM state:at safepoint (normal execution)

VM Mutex/Monitor currently owned by a thread:  ([mutex/lock_event])
[0x00007f3f440141e0] Threads_lock - owner thread: 0x00007f3f44097800
[0x00007f3f44014de0] Heap_lock - owner thread: 0x00007f3f44018000

Heap:
 def new generation   total 809984K, used 0K [0x00007f1f2c600000, 0x00007f1f634e0000, 0x00007f29d70a0000)
  eden space 720000K,   0% used [0x00007f1f2c600000, 0x00007f1f2c600000, 0x00007f1f58520000)
  from space 89984K,   0% used [0x00007f1f58520000, 0x00007f1f58520000, 0x00007f1f5dd00000)
  to   space 89984K,   0% used [0x00007f1f5dd00000, 0x00007f1f5dd00000, 0x00007f1f634e0000)
 tenured generation   total 1816272K, used 1355705K [0x00007f29d70a0000, 0x00007f2a45e54000, 0x00007f3f2c600000)
   the space 1816272K,  74% used [0x00007f29d70a0000, 0x00007f2a29c8e658, 0x00007f2a29c8e800, 0x00007f2a45e54000)
 Metaspace       used 24250K, capacity 24691K, committed 24832K, reserved 26624K

Card table byte_map: [0x00007f1f1c5ff000,0x00007f1f2c600000] _byte_map_base: 0x00007edf8cc9c000

Polling page: 0x00007f3f4a193000

Metaspace:

Usage:
   24.11 MB capacity,    23.68 MB ( 98%) used,   350.54 KB (  1%) free+waste,    89.88 KB ( <1%) overhead. 

Virtual space:
     26.00 MB reserved,      24.25 MB ( 93%) committed 

Chunk freelists:
13.00 KB

MaxMetaspaceSize: unlimited


CodeHeap 'non-profiled nmethods': size=120036Kb used=1871Kb max_used=1910Kb free=118165Kb
 bounds [0x00007f3f34251000, 0x00007f3f344c1000, 0x00007f3f3b78a000]
CodeHeap 'profiled nmethods': size=120032Kb used=4999Kb max_used=6798Kb free=115032Kb
 bounds [0x00007f3f2cd19000, 0x00007f3f2d3c9000, 0x00007f3f34251000]
CodeHeap 'non-nmethods': size=5692Kb used=1210Kb max_used=1265Kb free=4481Kb
 bounds [0x00007f3f2c78a000, 0x00007f3f2c9fa000, 0x00007f3f2cd19000]
 total_blobs=3547 nmethods=3066 adapters=396
 compilation: enabled
              stopped_count=0, restarted_count=0
 full_count=0

Compilation events (20 events):
Event: 457.496 Thread 0x00007f3f440cf000 3854       4       org.jgrapht.traverse.BreadthFirstIterator::encounterVertex (57 bytes)
Event: 457.535 Thread 0x00007f3f440cf000 nmethod 3854 0x00007f3f34390610 code [0x00007f3f34390860, 0x00007f3f34391760]
Event: 467.935 Thread 0x00007f3f440cf000 3855       4       org.jgrapht.traverse.CrossComponentIterator::addUnseenChildrenOf (84 bytes)
Event: 468.073 Thread 0x00007f3f440cf000 nmethod 3855 0x00007f3f342b1610 code [0x00007f3f342b1940, 0x00007f3f342b3a70]
Event: 468.073 Thread 0x00007f3f440cf000 3856       4       org.jgrapht.traverse.CrossComponentIterator::next (82 bytes)
Event: 468.177 Thread 0x00007f3f440cf000 nmethod 3856 0x00007f3f342bc610 code [0x00007f3f342bc940, 0x00007f3f342be228]
Event: 473.246 Thread 0x00007f3f440d1000 3857       3       java.util.stream.Collectors$$Lambda$139/0x00007f1f106aa840::accept (11 bytes)
Event: 473.247 Thread 0x00007f3f440d1000 nmethod 3857 0x00007f3f2cf31310 code [0x00007f3f2cf314c0, 0x00007f3f2cf31760]
Event: 493.721 Thread 0x00007f3f440d1000 3858       3       java.util.stream.ReduceOps::makeRef (42 bytes)
Event: 493.723 Thread 0x00007f3f440d1000 nmethod 3858 0x00007f3f2cd9b810 code [0x00007f3f2cd9ba00, 0x00007f3f2cd9c000]
Event: 494.248 Thread 0x00007f3f440cf000 3859       4       java.util.LinkedList::addAll (182 bytes)
Event: 494.274 Thread 0x00007f3f440cf000 nmethod 3859 0x00007f3f34291610 code [0x00007f3f342917a0, 0x00007f3f34291c58]
Event: 495.045 Thread 0x00007f3f440cf000 3860       4       ch.idsia.crema.factor.FactorUtil::marginal (52 bytes)
Event: 495.071 Thread 0x00007f3f440cf000 nmethod 3860 0x00007f3f34394b90 code [0x00007f3f34394d40, 0x00007f3f34395448]
Event: 504.612 Thread 0x00007f3f440d1000 3861       3       com.google.common.collect.ImmutableSet::hashFloodingDetected (134 bytes)
Event: 504.613 Thread 0x00007f3f440d1000 nmethod 3861 0x00007f3f2cf18410 code [0x00007f3f2cf18600, 0x00007f3f2cf18c80]
Event: 506.382 Thread 0x00007f3f440cf000 3862       4       gnu.trove.map.hash.TIntObjectHashMap$MapBackedView::toArray (41 bytes)
Event: 506.404 Thread 0x00007f3f440cf000 nmethod 3862 0x00007f3f3431da10 code [0x00007f3f3431dba0, 0x00007f3f3431e078]
Event: 506.404 Thread 0x00007f3f440cf000 3863       4       gnu.trove.map.hash.TIntObjectHashMap$ValueView::iterator (13 bytes)
Event: 506.406 Thread 0x00007f3f440cf000 nmethod 3863 0x00007f3f342b1090 code [0x00007f3f342b1200, 0x00007f3f342b1318]

GC Heap History (20 events):
Event: 503.945 GC heap after
{Heap after GC invocations=707 (full 3):
 def new generation   total 809984K, used 15940K [0x00007f1f2c600000, 0x00007f1f634e0000, 0x00007f29d70a0000)
  eden space 720000K,   0% used [0x00007f1f2c600000, 0x00007f1f2c600000, 0x00007f1f58520000)
  from space 89984K,  17% used [0x00007f1f5dd00000, 0x00007f1f5ec91088, 0x00007f1f634e0000)
  to   space 89984K,   0% used [0x00007f1f58520000, 0x00007f1f58520000, 0x00007f1f5dd00000)
 tenured generation   total 1799884K, used 1741593K [0x00007f29d70a0000, 0x00007f2a44e53000, 0x00007f3f2c600000)
   the space 1799884K,  96% used [0x00007f29d70a0000, 0x00007f2a41566470, 0x00007f2a41566600, 0x00007f2a44e53000)
 Metaspace       used 24250K, capacity 24691K, committed 24832K, reserved 26624K
}
Event: 504.531 GC heap before
{Heap before GC invocations=707 (full 3):
 def new generation   total 809984K, used 735940K [0x00007f1f2c600000, 0x00007f1f634e0000, 0x00007f29d70a0000)
  eden space 720000K, 100% used [0x00007f1f2c600000, 0x00007f1f58520000, 0x00007f1f58520000)
  from space 89984K,  17% used [0x00007f1f5dd00000, 0x00007f1f5ec91088, 0x00007f1f634e0000)
  to   space 89984K,   0% used [0x00007f1f58520000, 0x00007f1f58520000, 0x00007f1f5dd00000)
 tenured generation   total 1799884K, used 1741593K [0x00007f29d70a0000, 0x00007f2a44e53000, 0x00007f3f2c600000)
   the space 1799884K,  96% used [0x00007f29d70a0000, 0x00007f2a41566470, 0x00007f2a41566600, 0x00007f2a44e53000)
 Metaspace       used 24250K, capacity 24691K, committed 24832K, reserved 26624K
}
Event: 504.548 GC heap after
{Heap after GC invocations=708 (full 3):
 def new generation   total 809984K, used 15943K [0x00007f1f2c600000, 0x00007f1f634e0000, 0x00007f29d70a0000)
  eden space 720000K,   0% used [0x00007f1f2c600000, 0x00007f1f2c600000, 0x00007f1f58520000)
  from space 89984K,  17% used [0x00007f1f58520000, 0x00007f1f594b1e08, 0x00007f1f5dd00000)
  to   space 89984K,   0% used [0x00007f1f5dd00000, 0x00007f1f5dd00000, 0x00007f1f634e0000)
 tenured generation   total 1799884K, used 1741593K [0x00007f29d70a0000, 0x00007f2a44e53000, 0x00007f3f2c600000)
   the space 1799884K,  96% used [0x00007f29d70a0000, 0x00007f2a41566470, 0x00007f2a41566600, 0x00007f2a44e53000)
 Metaspace       used 24250K, capacity 24691K, committed 24832K, reserved 26624K
}
Event: 505.302 GC heap before
{Heap before GC invocations=708 (full 3):
 def new generation   total 809984K, used 723834K [0x00007f1f2c600000, 0x00007f1f634e0000, 0x00007f29d70a0000)
  eden space 720000K,  98% used [0x00007f1f2c600000, 0x00007f1f5794cca8, 0x00007f1f58520000)
  from space 89984K,  17% used [0x00007f1f58520000, 0x00007f1f594b1e08, 0x00007f1f5dd00000)
  to   space 89984K,   0% used [0x00007f1f5dd00000, 0x00007f1f5dd00000, 0x00007f1f634e0000)
 tenured generation   total 1799884K, used 1741593K [0x00007f29d70a0000, 0x00007f2a44e53000, 0x00007f3f2c600000)
   the space 1799884K,  96% used [0x00007f29d70a0000, 0x00007f2a41566470, 0x00007f2a41566600, 0x00007f2a44e53000)
 Metaspace       used 24250K, capacity 24691K, committed 24832K, reserved 26624K
}
Event: 505.340 GC heap after
{Heap after GC invocations=709 (full 3):
 def new generation   total 809984K, used 37520K [0x00007f1f2c600000, 0x00007f1f634e0000, 0x00007f29d70a0000)
  eden space 720000K,   0% used [0x00007f1f2c600000, 0x00007f1f2c600000, 0x00007f1f58520000)
  from space 89984K,  41% used [0x00007f1f5dd00000, 0x00007f1f601a41d0, 0x00007f1f634e0000)
  to   space 89984K,   0% used [0x00007f1f58520000, 0x00007f1f58520000, 0x00007f1f5dd00000)
 tenured generation   total 1799884K, used 1741593K [0x00007f29d70a0000, 0x00007f2a44e53000, 0x00007f3f2c600000)
   the space 1799884K,  96% used [0x00007f29d70a0000, 0x00007f2a41566470, 0x00007f2a41566600, 0x00007f2a44e53000)
 Metaspace       used 24250K, capacity 24691K, committed 24832K, reserved 26624K
}
Event: 506.237 GC heap before
{Heap before GC invocations=709 (full 3):
 def new generation   total 809984K, used 756971K [0x00007f1f2c600000, 0x00007f1f634e0000, 0x00007f29d70a0000)
  eden space 720000K,  99% used [0x00007f1f2c600000, 0x00007f1f58496be0, 0x00007f1f58520000)
  from space 89984K,  41% used [0x00007f1f5dd00000, 0x00007f1f601a41d0, 0x00007f1f634e0000)
  to   space 89984K,   0% used [0x00007f1f58520000, 0x00007f1f58520000, 0x00007f1f5dd00000)
 tenured generation   total 1799884K, used 1741593K [0x00007f29d70a0000, 0x00007f2a44e53000, 0x00007f3f2c600000)
   the space 1799884K,  96% used [0x00007f29d70a0000, 0x00007f2a41566470, 0x00007f2a41566600, 0x00007f2a44e53000)
 Metaspace       used 24250K, capacity 24691K, committed 24832K, reserved 26624K
}
Event: 506.266 GC heap after
{Heap after GC invocations=710 (full 3):
 def new generation   total 809984K, used 43160K [0x00007f1f2c600000, 0x00007f1f634e0000, 0x00007f29d70a0000)
  eden space 720000K,   0% used [0x00007f1f2c600000, 0x00007f1f2c600000, 0x00007f1f58520000)
  from space 89984K,  47% used [0x00007f1f58520000, 0x00007f1f5af462b0, 0x00007f1f5dd00000)
  to   space 89984K,   0% used [0x00007f1f5dd00000, 0x00007f1f5dd00000, 0x00007f1f634e0000)
 tenured generation   total 1799884K, used 1741593K [0x00007f29d70a0000, 0x00007f2a44e53000, 0x00007f3f2c600000)
   the space 1799884K,  96% used [0x00007f29d70a0000, 0x00007f2a41566470, 0x00007f2a41566600, 0x00007f2a44e53000)
 Metaspace       used 24250K, capacity 24691K, committed 24832K, reserved 26624K
}
Event: 507.147 GC heap before
{Heap before GC invocations=710 (full 3):
 def new generation   total 809984K, used 753258K [0x00007f1f2c600000, 0x00007f1f634e0000, 0x00007f29d70a0000)
  eden space 720000K,  98% used [0x00007f1f2c600000, 0x00007f1f57b74738, 0x00007f1f58520000)
  from space 89984K,  47% used [0x00007f1f58520000, 0x00007f1f5af462b0, 0x00007f1f5dd00000)
  to   space 89984K,   0% used [0x00007f1f5dd00000, 0x00007f1f5dd00000, 0x00007f1f634e0000)
 tenured generation   total 1799884K, used 1741593K [0x00007f29d70a0000, 0x00007f2a44e53000, 0x00007f3f2c600000)
   the space 1799884K,  96% used [0x00007f29d70a0000, 0x00007f2a41566470, 0x00007f2a41566600, 0x00007f2a44e53000)
 Metaspace       used 24250K, capacity 24691K, committed 24832K, reserved 26624K
}
Event: 507.188 GC heap after
{Heap after GC invocations=711 (full 3):
 def new generation   total 809984K, used 45230K [0x00007f1f2c600000, 0x00007f1f634e0000, 0x00007f29d70a0000)
  eden space 720000K,   0% used [0x00007f1f2c600000, 0x00007f1f2c600000, 0x00007f1f58520000)
  from space 89984K,  50% used [0x00007f1f5dd00000, 0x00007f1f6092b990, 0x00007f1f634e0000)
  to   space 89984K,   0% used [0x00007f1f58520000, 0x00007f1f58520000, 0x00007f1f5dd00000)
 tenured generation   total 1799884K, used 1741593K [0x00007f29d70a0000, 0x00007f2a44e53000, 0x00007f3f2c600000)
   the space 1799884K,  96% used [0x00007f29d70a0000, 0x00007f2a41566470, 0x00007f2a41566600, 0x00007f2a44e53000)
 Metaspace       used 24250K, capacity 24691K, committed 24832K, reserved 26624K
}
Event: 508.027 GC heap before
{Heap before GC invocations=711 (full 3):
 def new generation   total 809984K, used 765230K [0x00007f1f2c600000, 0x00007f1f634e0000, 0x00007f29d70a0000)
  eden space 720000K, 100% used [0x00007f1f2c600000, 0x00007f1f58520000, 0x00007f1f58520000)
  from space 89984K,  50% used [0x00007f1f5dd00000, 0x00007f1f6092b990, 0x00007f1f634e0000)
  to   space 89984K,   0% used [0x00007f1f58520000, 0x00007f1f58520000, 0x00007f1f5dd00000)
 tenured generation   total 1799884K, used 1741593K [0x00007f29d70a0000, 0x00007f2a44e53000, 0x00007f3f2c600000)
   the space 1799884K,  96% used [0x00007f29d70a0000, 0x00007f2a41566470, 0x00007f2a41566600, 0x00007f2a44e53000)
 Metaspace       used 24250K, capacity 24691K, committed 24832K, reserved 26624K
}
Event: 508.065 GC heap after
{Heap after GC invocations=712 (full 3):
 def new generation   total 809984K, used 48828K [0x00007f1f2c600000, 0x00007f1f634e0000, 0x00007f29d70a0000)
  eden space 720000K,   0% used [0x00007f1f2c600000, 0x00007f1f2c600000, 0x00007f1f58520000)
  from space 89984K,  54% used [0x00007f1f58520000, 0x00007f1f5b4cf3c8, 0x00007f1f5dd00000)
  to   space 89984K,   0% used [0x00007f1f5dd00000, 0x00007f1f5dd00000, 0x00007f1f634e0000)
 tenured generation   total 1799884K, used 1742105K [0x00007f29d70a0000, 0x00007f2a44e53000, 0x00007f3f2c600000)
   the space 1799884K,  96% used [0x00007f29d70a0000, 0x00007f2a415e65d0, 0x00007f2a415e6600, 0x00007f2a44e53000)
 Metaspace       used 24250K, capacity 24691K, committed 24832K, reserved 26624K
}
Event: 508.815 GC heap before
{Heap before GC invocations=712 (full 3):
 def new generation   total 809984K, used 768828K [0x00007f1f2c600000, 0x00007f1f634e0000, 0x00007f29d70a0000)
  eden space 720000K, 100% used [0x00007f1f2c600000, 0x00007f1f58520000, 0x00007f1f58520000)
  from space 89984K,  54% used [0x00007f1f58520000, 0x00007f1f5b4cf3c8, 0x00007f1f5dd00000)
  to   space 89984K,   0% used [0x00007f1f5dd00000, 0x00007f1f5dd00000, 0x00007f1f634e0000)
 tenured generation   total 1799884K, used 1742105K [0x00007f29d70a0000, 0x00007f2a44e53000, 0x00007f3f2c600000)
   the space 1799884K,  96% used [0x00007f29d70a0000, 0x00007f2a415e65d0, 0x00007f2a415e6600, 0x00007f2a44e53000)
 Metaspace       used 24250K, capacity 24691K, committed 24832K, reserved 26624K
}
Event: 508.880 GC heap after
{Heap after GC invocations=713 (full 3):
 def new generation   total 809984K, used 14399K [0x00007f1f2c600000, 0x00007f1f634e0000, 0x00007f29d70a0000)
  eden space 720000K,   0% used [0x00007f1f2c600000, 0x00007f1f2c600000, 0x00007f1f58520000)
  from space 89984K,  16% used [0x00007f1f5dd00000, 0x00007f1f5eb0fe18, 0x00007f1f634e0000)
  to   space 89984K,   0% used [0x00007f1f58520000, 0x00007f1f58520000, 0x00007f1f5dd00000)
 tenured generation   total 1799884K, used 1778583K [0x00007f29d70a0000, 0x00007f2a44e53000, 0x00007f3f2c600000)
   the space 1799884K,  98% used [0x00007f29d70a0000, 0x00007f2a43985fe0, 0x00007f2a43986000, 0x00007f2a44e53000)
 Metaspace       used 24250K, capacity 24691K, committed 24832K, reserved 26624K
}
Event: 509.530 GC heap before
{Heap before GC invocations=713 (full 3):
 def new generation   total 809984K, used 734399K [0x00007f1f2c600000, 0x00007f1f634e0000, 0x00007f29d70a0000)
  eden space 720000K, 100% used [0x00007f1f2c600000, 0x00007f1f58520000, 0x00007f1f58520000)
  from space 89984K,  16% used [0x00007f1f5dd00000, 0x00007f1f5eb0fe18, 0x00007f1f634e0000)
  to   space 89984K,   0% used [0x00007f1f58520000, 0x00007f1f58520000, 0x00007f1f5dd00000)
 tenured generation   total 1799884K, used 1778583K [0x00007f29d70a0000, 0x00007f2a44e53000, 0x00007f3f2c600000)
   the space 1799884K,  98% used [0x00007f29d70a0000, 0x00007f2a43985fe0, 0x00007f2a43986000, 0x00007f2a44e53000)
 Metaspace       used 24250K, capacity 24691K, committed 24832K, reserved 26624K
}
Event: 509.545 GC heap after
{Heap after GC invocations=714 (full 3):
 def new generation   total 809984K, used 14394K [0x00007f1f2c600000, 0x00007f1f634e0000, 0x00007f29d70a0000)
  eden space 720000K,   0% used [0x00007f1f2c600000, 0x00007f1f2c600000, 0x00007f1f58520000)
  from space 89984K,  15% used [0x00007f1f58520000, 0x00007f1f5932eb48, 0x00007f1f5dd00000)
  to   space 89984K,   0% used [0x00007f1f5dd00000, 0x00007f1f5dd00000, 0x00007f1f634e0000)
 tenured generation   total 1799884K, used 1778583K [0x00007f29d70a0000, 0x00007f2a44e53000, 0x00007f3f2c600000)
   the space 1799884K,  98% used [0x00007f29d70a0000, 0x00007f2a43985fe0, 0x00007f2a43986000, 0x00007f2a44e53000)
 Metaspace       used 24250K, capacity 24691K, committed 24832K, reserved 26624K
}
Event: 510.314 GC heap before
{Heap before GC invocations=714 (full 3):
 def new generation   total 809984K, used 727972K [0x00007f1f2c600000, 0x00007f1f634e0000, 0x00007f29d70a0000)
  eden space 720000K,  99% used [0x00007f1f2c600000, 0x00007f1f57eda4c8, 0x00007f1f58520000)
  from space 89984K,  15% used [0x00007f1f58520000, 0x00007f1f5932eb48, 0x00007f1f5dd00000)
  to   space 89984K,   0% used [0x00007f1f5dd00000, 0x00007f1f5dd00000, 0x00007f1f634e0000)
 tenured generation   total 1799884K, used 1778583K [0x00007f29d70a0000, 0x00007f2a44e53000, 0x00007f3f2c600000)
   the space 1799884K,  98% used [0x00007f29d70a0000, 0x00007f2a43985fe0, 0x00007f2a43986000, 0x00007f2a44e53000)
 Metaspace       used 24250K, capacity 24691K, committed 24832K, reserved 26624K
}
Event: 510.355 GC heap after
{Heap after GC invocations=715 (full 3):
 def new generation   total 809984K, used 54952K [0x00007f1f2c600000, 0x00007f1f634e0000, 0x00007f29d70a0000)
  eden space 720000K,   0% used [0x00007f1f2c600000, 0x00007f1f2c600000, 0x00007f1f58520000)
  from space 89984K,  61% used [0x00007f1f5dd00000, 0x00007f1f612aa3c0, 0x00007f1f634e0000)
  to   space 89984K,   0% used [0x00007f1f58520000, 0x00007f1f58520000, 0x00007f1f5dd00000)
 tenured generation   total 1799884K, used 1778583K [0x00007f29d70a0000, 0x00007f2a44e53000, 0x00007f3f2c600000)
   the space 1799884K,  98% used [0x00007f29d70a0000, 0x00007f2a43985fe0, 0x00007f2a43986000, 0x00007f2a44e53000)
 Metaspace       used 24250K, capacity 24691K, committed 24832K, reserved 26624K
}
Event: 511.226 GC heap before
{Heap before GC invocations=715 (full 3):
 def new generation   total 809984K, used 774697K [0x00007f1f2c600000, 0x00007f1f634e0000, 0x00007f29d70a0000)
  eden space 720000K,  99% used [0x00007f1f2c600000, 0x00007f1f584e0188, 0x00007f1f58520000)
  from space 89984K,  61% used [0x00007f1f5dd00000, 0x00007f1f612aa3c0, 0x00007f1f634e0000)
  to   space 89984K,   0% used [0x00007f1f58520000, 0x00007f1f58520000, 0x00007f1f5dd00000)
 tenured generation   total 1799884K, used 1778583K [0x00007f29d70a0000, 0x00007f2a44e53000, 0x00007f3f2c600000)
   the space 1799884K,  98% used [0x00007f29d70a0000, 0x00007f2a43985fe0, 0x00007f2a43986000, 0x00007f2a44e53000)
 Metaspace       used 24250K, capacity 24691K, committed 24832K, reserved 26624K
}
Event: 511.278 GC heap after
{Heap after GC invocations=716 (full 3):
 def new generation   total 809984K, used 5771K [0x00007f1f2c600000, 0x00007f1f634e0000, 0x00007f29d70a0000)
  eden space 720000K,   0% used [0x00007f1f2c600000, 0x00007f1f2c600000, 0x00007f1f58520000)
  from space 89984K,   6% used [0x00007f1f58520000, 0x00007f1f58ac2e38, 0x00007f1f5dd00000)
  to   space 89984K,   0% used [0x00007f1f5dd00000, 0x00007f1f5dd00000, 0x00007f1f634e0000)
 tenured generation   total 1816272K, used 1816080K [0x00007f29d70a0000, 0x00007f2a45e54000, 0x00007f3f2c600000)
   the space 1816272K,  99% used [0x00007f29d70a0000, 0x00007f2a45e240e8, 0x00007f2a45e24200, 0x00007f2a45e54000)
 Metaspace       used 24250K, capacity 24691K, committed 24832K, reserved 26624K
}
Event: 511.278 GC heap before
{Heap before GC invocations=716 (full 3):
 def new generation   total 809984K, used 5771K [0x00007f1f2c600000, 0x00007f1f634e0000, 0x00007f29d70a0000)
  eden space 720000K,   0% used [0x00007f1f2c600000, 0x00007f1f2c600000, 0x00007f1f58520000)
  from space 89984K,   6% used [0x00007f1f58520000, 0x00007f1f58ac2e38, 0x00007f1f5dd00000)
  to   space 89984K,   0% used [0x00007f1f5dd00000, 0x00007f1f5dd00000, 0x00007f1f634e0000)
 tenured generation   total 1816272K, used 1816080K [0x00007f29d70a0000, 0x00007f2a45e54000, 0x00007f3f2c600000)
   the space 1816272K,  99% used [0x00007f29d70a0000, 0x00007f2a45e240e8, 0x00007f2a45e24200, 0x00007f2a45e54000)
 Metaspace       used 24250K, capacity 24691K, committed 24832K, reserved 26624K
}

Deoptimization events (20 events):
Event: 51.193 Thread 0x00007f3f44018000 DEOPT PACKING pc=0x00007f3f343da01c sp=0x00007f3f48805430
Event: 51.193 Thread 0x00007f3f44018000 DEOPT UNPACKING pc=0x00007f3f2c7d2e25 sp=0x00007f3f488051f8 mode 2
Event: 81.753 Thread 0x00007f3f44018000 DEOPT PACKING pc=0x00007f3f2d3980cb sp=0x00007f3f488052c0
Event: 81.753 Thread 0x00007f3f44018000 DEOPT UNPACKING pc=0x00007f3f2c7d333a sp=0x00007f3f488046d0 mode 0
Event: 102.216 Thread 0x00007f3f44018000 Uncommon trap: trap_request=0xffffff45 fr.pc=0x00007f3f3441f658 relative=0x00000000000010d8
Event: 102.216 Thread 0x00007f3f44018000 Uncommon trap: reason=unstable_if action=reinterpret pc=0x00007f3f3441f658 method=java.util.HashMap.putVal(ILjava/lang/Object;Ljava/lang/Object;ZZ)Ljava/lang/Object; @ 94 c2
Event: 102.216 Thread 0x00007f3f44018000 DEOPT PACKING pc=0x00007f3f3441f658 sp=0x00007f3f48805420
Event: 102.217 Thread 0x00007f3f44018000 DEOPT UNPACKING pc=0x00007f3f2c7d2e25 sp=0x00007f3f488051f8 mode 2
Event: 123.325 Thread 0x00007f3f44018000 DEOPT PACKING pc=0x00007f3f2d1812a4 sp=0x00007f3f48805740
Event: 123.325 Thread 0x00007f3f44018000 DEOPT UNPACKING pc=0x00007f3f2c7d333a sp=0x00007f3f48804d68 mode 0
Event: 136.460 Thread 0x00007f3f44018000 DEOPT PACKING pc=0x00007f3f2d1812a4 sp=0x00007f3f48805740
Event: 136.460 Thread 0x00007f3f44018000 DEOPT UNPACKING pc=0x00007f3f2c7d333a sp=0x00007f3f48804d68 mode 0
Event: 148.610 Thread 0x00007f3f44018000 DEOPT PACKING pc=0x00007f3f2d1812a4 sp=0x00007f3f48805740
Event: 148.610 Thread 0x00007f3f44018000 DEOPT UNPACKING pc=0x00007f3f2c7d333a sp=0x00007f3f48804d68 mode 0
Event: 158.823 Thread 0x00007f3f44018000 DEOPT PACKING pc=0x00007f3f2d1812a4 sp=0x00007f3f48805740
Event: 158.823 Thread 0x00007f3f44018000 DEOPT UNPACKING pc=0x00007f3f2c7d333a sp=0x00007f3f48804d68 mode 0
Event: 173.285 Thread 0x00007f3f44018000 DEOPT PACKING pc=0x00007f3f2d1812a4 sp=0x00007f3f48805740
Event: 173.285 Thread 0x00007f3f44018000 DEOPT UNPACKING pc=0x00007f3f2c7d333a sp=0x00007f3f48804d68 mode 0
Event: 188.881 Thread 0x00007f3f44018000 DEOPT PACKING pc=0x00007f3f2d1812a4 sp=0x00007f3f48805740
Event: 188.881 Thread 0x00007f3f44018000 DEOPT UNPACKING pc=0x00007f3f2c7d333a sp=0x00007f3f48804d68 mode 0

Classes unloaded (0 events):
No events

Classes redefined (0 events):
No events

Internal exceptions (20 events):
Event: 1.332 Thread 0x00007f3f44018000 Exception <a 'java/lang/NoSuchMethodError'{0x00007f1f2dbf5aa0}: 'java.lang.Object java.lang.invoke.DirectMethodHandle$Holder.invokeVirtual(java.lang.Object, java.lang.Object, java.lang.Object)'> (0x00007f1f2dbf5aa0) 
thrown [src/hotspot/share/interpreter/linkResolver.cpp, line 766]
Event: 1.335 Thread 0x00007f3f44018000 Exception <a 'java/lang/NoSuchMethodError'{0x00007f1f2dbfe1f8}: 'int java.lang.invoke.DirectMethodHandle$Holder.invokeInterface(java.lang.Object, java.lang.Object)'> (0x00007f1f2dbfe1f8) 
thrown [src/hotspot/share/interpreter/linkResolver.cpp, line 766]
Event: 1.364 Thread 0x00007f3f44018000 Exception <a 'java/lang/NoSuchMethodError'{0x00007f1f2dc411d0}: 'int java.lang.invoke.DirectMethodHandle$Holder.invokeSpecial(java.lang.Object, java.lang.Object, java.lang.Object, java.lang.Object)'> (0x00007f1f2dc411d0) 
thrown [src/hotspot/share/interpreter/linkResolver.cpp, line 766]
Event: 1.372 Thread 0x00007f3f44018000 Exception <a 'java/lang/NoSuchMethodError'{0x00007f1f2dc582e0}: 'java.lang.Object java.lang.invoke.DirectMethodHandle$Holder.invokeVirtual(java.lang.Object, java.lang.Object, java.lang.Object, int, int)'> (0x00007f1f2dc582e0) 
thrown [src/hotspot/share/interpreter/linkResolver.cpp, line 766]
Event: 1.373 Thread 0x00007f3f44018000 Exception <a 'java/lang/NoSuchMethodError'{0x00007f1f2dc60690}: 'java.lang.Object java.lang.invoke.DirectMethodHandle$Holder.invokeVirtual(java.lang.Object, java.lang.Object, int)'> (0x00007f1f2dc60690) 
thrown [src/hotspot/share/interpreter/linkResolver.cpp, line 766]
Event: 1.398 Thread 0x00007f3f44018000 Exception <a 'java/lang/NoSuchMethodError'{0x00007f1f2dc7ed48}: 'java.lang.Object java.lang.invoke.DirectMethodHandle$Holder.invokeSpecial(java.lang.Object, java.lang.Object, java.lang.Object, int, int)'> (0x00007f1f2dc7ed48) 
thrown [src/hotspot/share/interpreter/linkResolver.cpp, line 766]
Event: 1.932 Thread 0x00007f3f44018000 Implicit null exception at 0x00007f3f342a9edd to 0x00007f3f342aaa90
Event: 1.965 Thread 0x00007f3f44018000 Exception <a 'java/lang/NoSuchMethodError'{0x00007f1f2f240f50}: 'int java.lang.invoke.DirectMethodHandle$Holder.invokeSpecial(java.lang.Object, java.lang.Object, java.lang.Object, java.lang.Object, java.lang.Object)'> (0x00007f1f2f240f50) 
thrown [src/hotspot/share/interpreter/linkResolver.cpp, line 766]
Event: 2.129 Thread 0x00007f3f44018000 Exception <a 'java/lang/NoSuchMethodError'{0x00007f1f2f65ea98}: 'java.lang.Object java.lang.invoke.DirectMethodHandle$Holder.invokeStatic(java.lang.Object, java.lang.Object, int, int)'> (0x00007f1f2f65ea98) 
thrown [src/hotspot/share/interpreter/linkResolver.cpp, line 766]
Event: 2.910 Thread 0x00007f3f44018000 Exception <a 'java/lang/NoSuchMethodError'{0x00007f1f31164d70}: 'void java.lang.invoke.DirectMethodHandle$Holder.invokeVirtual(java.lang.Object, java.lang.Object)'> (0x00007f1f31164d70) 
thrown [src/hotspot/share/interpreter/linkResolver.cpp, line 766]
Event: 3.210 Thread 0x00007f3f44018000 Exception <a 'java/lang/NoSuchMethodError'{0x00007f1f314eba58}: 'int java.lang.invoke.DirectMethodHandle$Holder.invokeVirtual(java.lang.Object, java.lang.Object, java.lang.Object, java.lang.Object)'> (0x00007f1f314eba58) 
thrown [src/hotspot/share/interpreter/linkResolver.cpp, line 766]
Event: 3.213 Thread 0x00007f3f44018000 Exception <a 'java/lang/NoSuchMethodError'{0x00007f1f314f9cc0}: 'java.lang.Object java.lang.invoke.DirectMethodHandle$Holder.invokeStatic(java.lang.Object, java.lang.Object, int, java.lang.Object)'> (0x00007f1f314f9cc0) 
thrown [src/hotspot/share/interpreter/linkResolver.cpp, line 766]
Event: 3.227 Thread 0x00007f3f44018000 Exception <a 'java/lang/NoSuchMethodError'{0x00007f1f315025d8}: 'java.lang.Object java.lang.invoke.Invokers$Holder.linkToTargetMethod(java.lang.Object, int, java.lang.Object, java.lang.Object)'> (0x00007f1f315025d8) 
thrown [src/hotspot/share/interpreter/linkResolver.cpp, line 766]
Event: 4.423 Thread 0x00007f3f44018000 Exception <a 'java/lang/NoSuchMethodError'{0x00007f1f322ce728}: 'java.lang.Object java.lang.invoke.Invokers$Holder.linkToTargetMethod(java.lang.Object, int, java.lang.Object)'> (0x00007f1f322ce728) 
thrown [src/hotspot/share/interpreter/linkResolver.cpp, line 766]
Event: 4.445 Thread 0x00007f3f44018000 Exception <a 'java/lang/NoSuchMethodError'{0x00007f1f3230b178}: 'java.lang.Object java.lang.invoke.Invokers$Holder.linkToTargetMethod(java.lang.Object, long, java.lang.Object)'> (0x00007f1f3230b178) 
thrown [src/hotspot/share/interpreter/linkResolver.cpp, line 766]
Event: 4.773 Thread 0x00007f3f440a7000 Implicit null exception at 0x00007f3f342a70cc to 0x00007f3f342a7180
Event: 5.409 Thread 0x00007f3f44018000 Exception <a 'java/lang/NoSuchMethodError'{0x00007f1f38e93440}: 'java.lang.Object java.lang.invoke.Invokers$Holder.invokeExact_MT(java.lang.Object, java.lang.Object, java.lang.Object, java.lang.Object, java.lang.Object, java.lang.Object)'> (0x00007f1f38e93440) 
thrown [src/hotspot/share/interpreter/linkResolver.cpp, line 766]
Event: 5.598 Thread 0x00007f3f44018000 Exception <a 'java/lang/NoSuchMethodError'{0x00007f1f3a44be60}: 'int java.lang.invoke.DirectMethodHandle$Holder.invokeStatic(java.lang.Object, java.lang.Object, int)'> (0x00007f1f3a44be60) 
thrown [src/hotspot/share/interpreter/linkResolver.cpp, line 766]
Event: 5.740 Thread 0x00007f3f44018000 Exception <a 'java/lang/NoSuchMethodError'{0x00007f1f3a6507a8}: 'double java.lang.invoke.DirectMethodHandle$Holder.invokeStatic(java.lang.Object, java.lang.Object)'> (0x00007f1f3a6507a8) 
thrown [src/hotspot/share/interpreter/linkResolver.cpp, line 766]
Event: 5.812 Thread 0x00007f3f44018000 Exception <a 'java/lang/NoSuchMethodError'{0x00007f1f3a7ba4d8}: 'int java.lang.invoke.DirectMethodHandle$Holder.invokeStatic(java.lang.Object, java.lang.Object, java.lang.Object, int)'> (0x00007f1f3a7ba4d8) 
thrown [src/hotspot/share/interpreter/linkResolver.cpp, line 766]

Events (20 events):
Event: 504.548 Executing VM operation: GenCollectForAllocation done
Event: 505.302 Executing VM operation: GenCollectForAllocation
Event: 505.340 Executing VM operation: GenCollectForAllocation done
Event: 506.237 Executing VM operation: GenCollectForAllocation
Event: 506.266 Executing VM operation: GenCollectForAllocation done
Event: 506.390 Executing VM operation: HandshakeAllThreads
Event: 506.413 Executing VM operation: HandshakeAllThreads done
Event: 506.421 Thread 0x00007f3f440d3000 flushing nmethod 0x00007f3f2d390510
Event: 506.421 Thread 0x00007f3f440d3000 flushing nmethod 0x00007f3f2d3bad90
Event: 507.147 Executing VM operation: GenCollectForAllocation
Event: 507.188 Executing VM operation: GenCollectForAllocation done
Event: 508.026 Executing VM operation: GenCollectForAllocation
Event: 508.065 Executing VM operation: GenCollectForAllocation done
Event: 508.815 Executing VM operation: GenCollectForAllocation
Event: 508.880 Executing VM operation: GenCollectForAllocation done
Event: 509.529 Executing VM operation: GenCollectForAllocation
Event: 509.545 Executing VM operation: GenCollectForAllocation done
Event: 510.314 Executing VM operation: GenCollectForAllocation
Event: 510.355 Executing VM operation: GenCollectForAllocation done
Event: 511.225 Executing VM operation: GenCollectForAllocation


Dynamic libraries:
55b87b9cf000-55b87b9d0000 r--p 00000000 07:14 4860                       /usr/lib/jvm/java-13-openjdk-amd64/bin/java
55b87b9d0000-55b87b9d1000 r-xp 00001000 07:14 4860                       /usr/lib/jvm/java-13-openjdk-amd64/bin/java
55b87b9d1000-55b87b9d2000 r--p 00002000 07:14 4860                       /usr/lib/jvm/java-13-openjdk-amd64/bin/java
55b87b9d2000-55b87b9d3000 r--p 00002000 07:14 4860                       /usr/lib/jvm/java-13-openjdk-amd64/bin/java
55b87b9d3000-55b87b9d4000 rw-p 00003000 07:14 4860                       /usr/lib/jvm/java-13-openjdk-amd64/bin/java
55b87ceca000-55b87ceeb000 rw-p 00000000 00:00 0                          [heap]
7f1ee4000000-7f1ee4021000 rw-p 00000000 00:00 0 
7f1ee4021000-7f1ee8000000 ---p 00000000 00:00 0 
7f1eeb800000-7f1eeb840000 rw-p 00000000 00:00 0 
7f1eeb840000-7f1eeba00000 ---p 00000000 00:00 0 
7f1eeba00000-7f1eebc00000 rw-p 00000000 00:00 0 
7f1eebc00000-7f1eebe00000 rw-p 00000000 00:00 0 
7f1eebe00000-7f1eec000000 rw-p 00000000 00:00 0 
7f1eec000000-7f1eec021000 rw-p 00000000 00:00 0 
7f1eec021000-7f1ef0000000 ---p 00000000 00:00 0 
7f1ef0000000-7f1ef0021000 rw-p 00000000 00:00 0 
7f1ef0021000-7f1ef4000000 ---p 00000000 00:00 0 
7f1ef4000000-7f1ef644a000 rw-p 00000000 00:00 0 
7f1ef644a000-7f1ef8000000 ---p 00000000 00:00 0 
7f1ef8000000-7f1ef8a9c000 rw-p 00000000 00:00 0 
7f1ef8a9c000-7f1efc000000 ---p 00000000 00:00 0 
7f1efc000000-7f1efc021000 rw-p 00000000 00:00 0 
7f1efc021000-7f1f00000000 ---p 00000000 00:00 0 
7f1f00000000-7f1f00021000 rw-p 00000000 00:00 0 
7f1f00021000-7f1f04000000 ---p 00000000 00:00 0 
7f1f04000000-7f1f04021000 rw-p 00000000 00:00 0 
7f1f04021000-7f1f08000000 ---p 00000000 00:00 0 
7f1f08000000-7f1f08021000 rw-p 00000000 00:00 0 
7f1f08021000-7f1f0c000000 ---p 00000000 00:00 0 
7f1f0c000000-7f1f0c033000 rw-p 00000000 00:00 0 
7f1f0c033000-7f1f10000000 ---p 00000000 00:00 0 
7f1f101ad000-7f1f103ad000 rw-p 00000000 00:00 0 
7f1f103ad000-7f1f1074d000 rw-p 00000000 00:00 0 
7f1f1074d000-7f1f1094d000 rw-p 00000000 00:00 0 
7f1f1094d000-7f1f10b4d000 rw-p 00000000 00:00 0 
7f1f10b4d000-7f1f10d4d000 rw-p 00000000 00:00 0 
7f1f10d4d000-7f1f10d4e000 ---p 00000000 00:00 0 
7f1f10d4e000-7f1f10e4f000 rw-p 00000000 00:00 0 
7f1f10e4f000-7f1f10e53000 ---p 00000000 00:00 0 
7f1f10e53000-7f1f10f50000 rw-p 00000000 00:00 0 
7f1f10f50000-7f1f10f54000 ---p 00000000 00:00 0 
7f1f10f54000-7f1f11051000 rw-p 00000000 00:00 0 
7f1f11051000-7f1f11055000 ---p 00000000 00:00 0 
7f1f11055000-7f1f11152000 rw-p 00000000 00:00 0 
7f1f11152000-7f1f11156000 ---p 00000000 00:00 0 
7f1f11156000-7f1f11253000 rw-p 00000000 00:00 0 
7f1f11253000-7f1f11257000 ---p 00000000 00:00 0 
7f1f11257000-7f1f11ecb000 rw-p 00000000 00:00 0 
7f1f11ecb000-7f1f1c5ff000 ---p 00000000 00:00 0 
7f1f1c5ff000-7f1f1c7b7000 rw-p 00000000 00:00 0 
7f1f1c7b7000-7f1f21b54000 ---p 00000000 00:00 0 
7f1f21b54000-7f1f21ecc000 rw-p 00000000 00:00 0 
7f1f21ecc000-7f1f2c5ff000 ---p 00000000 00:00 0 
7f1f2c5ff000-7f1f634e0000 rw-p 00000000 00:00 0 
7f1f634e0000-7f29d70a0000 ---p 00000000 00:00 0 
7f29d70a0000-7f2a45e54000 rw-p 00000000 00:00 0 
7f2a60f2e000-7f3f2c600000 ---p 00000000 00:00 0 
7f3f2c658000-7f3f2c689000 rw-p 00000000 00:00 0 
7f3f2c689000-7f3f2c68d000 ---p 00000000 00:00 0 
7f3f2c68d000-7f3f2c78a000 rw-p 00000000 00:00 0 
7f3f2c78a000-7f3f2c9fa000 rwxp 00000000 00:00 0 
7f3f2c9fa000-7f3f2cd19000 ---p 00000000 00:00 0 
7f3f2cd19000-7f3f2d3c9000 rwxp 00000000 00:00 0 
7f3f2d3c9000-7f3f34251000 ---p 00000000 00:00 0 
7f3f34251000-7f3f344c1000 rwxp 00000000 00:00 0 
7f3f344c1000-7f3f3b78a000 ---p 00000000 00:00 0 
7f3f3b78a000-7f3f44000000 r--s 00000000 07:14 5215                       /usr/lib/jvm/java-13-openjdk-amd64/lib/modules
7f3f44000000-7f3f446a2000 rw-p 00000000 00:00 0 
7f3f446a2000-7f3f48000000 ---p 00000000 00:00 0 
7f3f4802a000-7f3f4802e000 r--p 00000000 07:14 5204                       /usr/lib/jvm/java-13-openjdk-amd64/lib/libnet.so
7f3f4802e000-7f3f4803c000 r-xp 00004000 07:14 5204                       /usr/lib/jvm/java-13-openjdk-amd64/lib/libnet.so
7f3f4803c000-7f3f48040000 r--p 00012000 07:14 5204                       /usr/lib/jvm/java-13-openjdk-amd64/lib/libnet.so
7f3f48040000-7f3f48041000 r--p 00015000 07:14 5204                       /usr/lib/jvm/java-13-openjdk-amd64/lib/libnet.so
7f3f48041000-7f3f48042000 rw-p 00016000 07:14 5204                       /usr/lib/jvm/java-13-openjdk-amd64/lib/libnet.so
7f3f48042000-7f3f48049000 r--p 00000000 07:14 5205                       /usr/lib/jvm/java-13-openjdk-amd64/lib/libnio.so
7f3f48049000-7f3f48052000 r-xp 00007000 07:14 5205                       /usr/lib/jvm/java-13-openjdk-amd64/lib/libnio.so
7f3f48052000-7f3f48056000 r--p 00010000 07:14 5205                       /usr/lib/jvm/java-13-openjdk-amd64/lib/libnio.so
7f3f48056000-7f3f48057000 r--p 00013000 07:14 5205                       /usr/lib/jvm/java-13-openjdk-amd64/lib/libnio.so
7f3f48057000-7f3f48058000 rw-p 00014000 07:14 5205                       /usr/lib/jvm/java-13-openjdk-amd64/lib/libnio.so
7f3f48058000-7f3f4805f000 r--s 00000000 07:14 8532                       /usr/lib/x86_64-linux-gnu/gconv/gconv-modules.cache
7f3f4805f000-7f3f48091000 r--p 00000000 07:14 5276                       /usr/lib/locale/C.UTF-8/LC_CTYPE
7f3f48091000-7f3f48095000 ---p 00000000 00:00 0 
7f3f48095000-7f3f48192000 rw-p 00000000 00:00 0 
7f3f48192000-7f3f48196000 ---p 00000000 00:00 0 
7f3f48196000-7f3f48293000 rw-p 00000000 00:00 0 
7f3f48293000-7f3f48294000 ---p 00000000 00:00 0 
7f3f48294000-7f3f484b7000 rw-p 00000000 00:00 0 
7f3f484b7000-7f3f4859d000 ---p 00000000 00:00 0 
7f3f4859d000-7f3f485ab000 rw-p 00000000 00:00 0 
7f3f485ab000-7f3f48688000 ---p 00000000 00:00 0 
7f3f48688000-7f3f4868d000 rw-p 00000000 00:00 0 
7f3f4868d000-7f3f48694000 ---p 00000000 00:00 0 
7f3f48694000-7f3f48696000 r--p 00000000 07:14 5214                       /usr/lib/jvm/java-13-openjdk-amd64/lib/libzip.so
7f3f48696000-7f3f4869a000 r-xp 00002000 07:14 5214                       /usr/lib/jvm/java-13-openjdk-amd64/lib/libzip.so
7f3f4869a000-7f3f4869c000 r--p 00006000 07:14 5214                       /usr/lib/jvm/java-13-openjdk-amd64/lib/libzip.so
7f3f4869c000-7f3f4869d000 r--p 00007000 07:14 5214                       /usr/lib/jvm/java-13-openjdk-amd64/lib/libzip.so
7f3f4869d000-7f3f4869e000 rw-p 00008000 07:14 5214                       /usr/lib/jvm/java-13-openjdk-amd64/lib/libzip.so
7f3f4869e000-7f3f486a6000 rw-s 00000000 08:03 67831763                   /tmp/hsperfdata_rcabanas/34237
7f3f486a6000-7f3f486a9000 r--p 00000000 07:14 9108                       /usr/lib/x86_64-linux-gnu/libnss_files-2.31.so
7f3f486a9000-7f3f486b0000 r-xp 00003000 07:14 9108                       /usr/lib/x86_64-linux-gnu/libnss_files-2.31.so
7f3f486b0000-7f3f486b2000 r--p 0000a000 07:14 9108                       /usr/lib/x86_64-linux-gnu/libnss_files-2.31.so
7f3f486b2000-7f3f486b3000 r--p 0000b000 07:14 9108                       /usr/lib/x86_64-linux-gnu/libnss_files-2.31.so
7f3f486b3000-7f3f486b4000 rw-p 0000c000 07:14 9108                       /usr/lib/x86_64-linux-gnu/libnss_files-2.31.so
7f3f486b4000-7f3f486ba000 rw-p 00000000 00:00 0 
7f3f486c0000-7f3f486c2000 r--p 00000000 07:14 5195                       /usr/lib/jvm/java-13-openjdk-amd64/lib/libjimage.so
7f3f486c2000-7f3f486c5000 r-xp 00002000 07:14 5195                       /usr/lib/jvm/java-13-openjdk-amd64/lib/libjimage.so
7f3f486c5000-7f3f486c6000 r--p 00005000 07:14 5195                       /usr/lib/jvm/java-13-openjdk-amd64/lib/libjimage.so
7f3f486c6000-7f3f486c7000 ---p 00006000 07:14 5195                       /usr/lib/jvm/java-13-openjdk-amd64/lib/libjimage.so
7f3f486c7000-7f3f486c8000 r--p 00006000 07:14 5195                       /usr/lib/jvm/java-13-openjdk-amd64/lib/libjimage.so
7f3f486c8000-7f3f486c9000 rw-p 00007000 07:14 5195                       /usr/lib/jvm/java-13-openjdk-amd64/lib/libjimage.so
7f3f486c9000-7f3f486d6000 r--p 00000000 07:14 5191                       /usr/lib/jvm/java-13-openjdk-amd64/lib/libjava.so
7f3f486d6000-7f3f486eb000 r-xp 0000d000 07:14 5191                       /usr/lib/jvm/java-13-openjdk-amd64/lib/libjava.so
7f3f486eb000-7f3f486f1000 r--p 00022000 07:14 5191                       /usr/lib/jvm/java-13-openjdk-amd64/lib/libjava.so
7f3f486f1000-7f3f486f2000 ---p 00028000 07:14 5191                       /usr/lib/jvm/java-13-openjdk-amd64/lib/libjava.so
7f3f486f2000-7f3f486f3000 r--p 00028000 07:14 5191                       /usr/lib/jvm/java-13-openjdk-amd64/lib/libjava.so
7f3f486f3000-7f3f486f5000 rw-p 00029000 07:14 5191                       /usr/lib/jvm/java-13-openjdk-amd64/lib/libjava.so
7f3f486f5000-7f3f486fa000 r--p 00000000 07:14 5213                       /usr/lib/jvm/java-13-openjdk-amd64/lib/libverify.so
7f3f486fa000-7f3f48701000 r-xp 00005000 07:14 5213                       /usr/lib/jvm/java-13-openjdk-amd64/lib/libverify.so
7f3f48701000-7f3f48703000 r--p 0000c000 07:14 5213                       /usr/lib/jvm/java-13-openjdk-amd64/lib/libverify.so
7f3f48703000-7f3f48704000 ---p 0000e000 07:14 5213                       /usr/lib/jvm/java-13-openjdk-amd64/lib/libverify.so
7f3f48704000-7f3f48706000 r--p 0000e000 07:14 5213                       /usr/lib/jvm/java-13-openjdk-amd64/lib/libverify.so
7f3f48706000-7f3f48707000 rw-p 00010000 07:14 5213                       /usr/lib/jvm/java-13-openjdk-amd64/lib/libverify.so
7f3f48707000-7f3f4870b000 ---p 00000000 00:00 0 
7f3f4870b000-7f3f48808000 rw-p 00000000 00:00 0 
7f3f48808000-7f3f4880b000 r--p 00000000 07:14 8948                       /usr/lib/x86_64-linux-gnu/libgcc_s.so.1
7f3f4880b000-7f3f4881d000 r-xp 00003000 07:14 8948                       /usr/lib/x86_64-linux-gnu/libgcc_s.so.1
7f3f4881d000-7f3f48821000 r--p 00015000 07:14 8948                       /usr/lib/x86_64-linux-gnu/libgcc_s.so.1
7f3f48821000-7f3f48822000 r--p 00018000 07:14 8948                       /usr/lib/x86_64-linux-gnu/libgcc_s.so.1
7f3f48822000-7f3f48823000 rw-p 00019000 07:14 8948                       /usr/lib/x86_64-linux-gnu/libgcc_s.so.1
7f3f48823000-7f3f48830000 r--p 00000000 07:14 9062                       /usr/lib/x86_64-linux-gnu/libm-2.31.so
7f3f48830000-7f3f488d7000 r-xp 0000d000 07:14 9062                       /usr/lib/x86_64-linux-gnu/libm-2.31.so
7f3f488d7000-7f3f48970000 r--p 000b4000 07:14 9062                       /usr/lib/x86_64-linux-gnu/libm-2.31.so
7f3f48970000-7f3f48971000 r--p 0014c000 07:14 9062                       /usr/lib/x86_64-linux-gnu/libm-2.31.so
7f3f48971000-7f3f48972000 rw-p 0014d000 07:14 9062                       /usr/lib/x86_64-linux-gnu/libm-2.31.so
7f3f48972000-7f3f48a08000 r--p 00000000 07:14 9213                       /usr/lib/x86_64-linux-gnu/libstdc++.so.6.0.28
7f3f48a08000-7f3f48af9000 r-xp 00096000 07:14 9213                       /usr/lib/x86_64-linux-gnu/libstdc++.so.6.0.28
7f3f48af9000-7f3f48b42000 r--p 00187000 07:14 9213                       /usr/lib/x86_64-linux-gnu/libstdc++.so.6.0.28
7f3f48b42000-7f3f48b43000 ---p 001d0000 07:14 9213                       /usr/lib/x86_64-linux-gnu/libstdc++.so.6.0.28
7f3f48b43000-7f3f48b4e000 r--p 001d0000 07:14 9213                       /usr/lib/x86_64-linux-gnu/libstdc++.so.6.0.28
7f3f48b4e000-7f3f48b51000 rw-p 001db000 07:14 9213                       /usr/lib/x86_64-linux-gnu/libstdc++.so.6.0.28
7f3f48b51000-7f3f48b54000 rw-p 00000000 00:00 0 
7f3f48b54000-7f3f48dda000 r--p 00000000 07:14 5226                       /usr/lib/jvm/java-13-openjdk-amd64/lib/server/libjvm.so
7f3f48dda000-7f3f49b57000 r-xp 00286000 07:14 5226                       /usr/lib/jvm/java-13-openjdk-amd64/lib/server/libjvm.so
7f3f49b57000-7f3f49dd2000 r--p 01003000 07:14 5226                       /usr/lib/jvm/java-13-openjdk-amd64/lib/server/libjvm.so
7f3f49dd2000-7f3f49e97000 r--p 0127d000 07:14 5226                       /usr/lib/jvm/java-13-openjdk-amd64/lib/server/libjvm.so
7f3f49e97000-7f3f49ed2000 rw-p 01342000 07:14 5226                       /usr/lib/jvm/java-13-openjdk-amd64/lib/server/libjvm.so
7f3f49ed2000-7f3f49f58000 rw-p 00000000 00:00 0 
7f3f49f58000-7f3f49f5e000 r--p 00000000 07:14 9166                       /usr/lib/x86_64-linux-gnu/libpthread-2.31.so
7f3f49f5e000-7f3f49f6f000 r-xp 00006000 07:14 9166                       /usr/lib/x86_64-linux-gnu/libpthread-2.31.so
7f3f49f6f000-7f3f49f75000 r--p 00017000 07:14 9166                       /usr/lib/x86_64-linux-gnu/libpthread-2.31.so
7f3f49f75000-7f3f49f76000 r--p 0001c000 07:14 9166                       /usr/lib/x86_64-linux-gnu/libpthread-2.31.so
7f3f49f76000-7f3f49f77000 rw-p 0001d000 07:14 9166                       /usr/lib/x86_64-linux-gnu/libpthread-2.31.so
7f3f49f77000-7f3f49f7b000 rw-p 00000000 00:00 0 
7f3f49f7b000-7f3f49f7c000 r--p 00000000 07:14 8893                       /usr/lib/x86_64-linux-gnu/libdl-2.31.so
7f3f49f7c000-7f3f49f7e000 r-xp 00001000 07:14 8893                       /usr/lib/x86_64-linux-gnu/libdl-2.31.so
7f3f49f7e000-7f3f49f7f000 r--p 00003000 07:14 8893                       /usr/lib/x86_64-linux-gnu/libdl-2.31.so
7f3f49f7f000-7f3f49f80000 r--p 00003000 07:14 8893                       /usr/lib/x86_64-linux-gnu/libdl-2.31.so
7f3f49f80000-7f3f49f81000 rw-p 00004000 07:14 8893                       /usr/lib/x86_64-linux-gnu/libdl-2.31.so
7f3f49f81000-7f3f49f83000 r--p 00000000 07:14 9290                       /usr/lib/x86_64-linux-gnu/libz.so.1.2.11
7f3f49f83000-7f3f49f94000 r-xp 00002000 07:14 9290                       /usr/lib/x86_64-linux-gnu/libz.so.1.2.11
7f3f49f94000-7f3f49f9a000 r--p 00013000 07:14 9290                       /usr/lib/x86_64-linux-gnu/libz.so.1.2.11
7f3f49f9a000-7f3f49f9b000 ---p 00019000 07:14 9290                       /usr/lib/x86_64-linux-gnu/libz.so.1.2.11
7f3f49f9b000-7f3f49f9c000 r--p 00019000 07:14 9290                       /usr/lib/x86_64-linux-gnu/libz.so.1.2.11
7f3f49f9c000-7f3f49f9d000 rw-p 0001a000 07:14 9290                       /usr/lib/x86_64-linux-gnu/libz.so.1.2.11
7f3f49f9d000-7f3f49fbf000 r--p 00000000 07:14 8851                       /usr/lib/x86_64-linux-gnu/libc-2.31.so
7f3f49fbf000-7f3f4a137000 r-xp 00022000 07:14 8851                       /usr/lib/x86_64-linux-gnu/libc-2.31.so
7f3f4a137000-7f3f4a185000 r--p 0019a000 07:14 8851                       /usr/lib/x86_64-linux-gnu/libc-2.31.so
7f3f4a185000-7f3f4a189000 r--p 001e7000 07:14 8851                       /usr/lib/x86_64-linux-gnu/libc-2.31.so
7f3f4a189000-7f3f4a18b000 rw-p 001eb000 07:14 8851                       /usr/lib/x86_64-linux-gnu/libc-2.31.so
7f3f4a18b000-7f3f4a18f000 rw-p 00000000 00:00 0 
7f3f4a191000-7f3f4a193000 r--s 0000c000 07:14 20930                      /usr/share/java/java-atk-wrapper.jar
7f3f4a193000-7f3f4a194000 ---p 00000000 00:00 0 
7f3f4a194000-7f3f4a195000 r--p 00000000 00:00 0 
7f3f4a195000-7f3f4a198000 r--p 00000000 07:14 5196                       /usr/lib/jvm/java-13-openjdk-amd64/lib/libjli.so
7f3f4a198000-7f3f4a1a2000 r-xp 00003000 07:14 5196                       /usr/lib/jvm/java-13-openjdk-amd64/lib/libjli.so
7f3f4a1a2000-7f3f4a1a5000 r--p 0000d000 07:14 5196                       /usr/lib/jvm/java-13-openjdk-amd64/lib/libjli.so
7f3f4a1a5000-7f3f4a1a6000 r--p 0000f000 07:14 5196                       /usr/lib/jvm/java-13-openjdk-amd64/lib/libjli.so
7f3f4a1a6000-7f3f4a1a7000 rw-p 00010000 07:14 5196                       /usr/lib/jvm/java-13-openjdk-amd64/lib/libjli.so
7f3f4a1a7000-7f3f4a1a9000 rw-p 00000000 00:00 0 
7f3f4a1a9000-7f3f4a1aa000 r--p 00000000 07:14 8572                       /usr/lib/x86_64-linux-gnu/ld-2.31.so
7f3f4a1aa000-7f3f4a1cd000 r-xp 00001000 07:14 8572                       /usr/lib/x86_64-linux-gnu/ld-2.31.so
7f3f4a1cd000-7f3f4a1d5000 r--p 00024000 07:14 8572                       /usr/lib/x86_64-linux-gnu/ld-2.31.so
7f3f4a1d5000-7f3f4a1d6000 ---p 00000000 00:00 0 
7f3f4a1d6000-7f3f4a1d7000 r--p 0002c000 07:14 8572                       /usr/lib/x86_64-linux-gnu/ld-2.31.so
7f3f4a1d7000-7f3f4a1d8000 rw-p 0002d000 07:14 8572                       /usr/lib/x86_64-linux-gnu/ld-2.31.so
7f3f4a1d8000-7f3f4a1d9000 rw-p 00000000 00:00 0 
7ffc7c82f000-7ffc7c850000 rw-p 00000000 00:00 0                          [stack]
7ffc7c9ec000-7ffc7c9ee000 r-xp 00000000 00:00 0                          [vdso]
ffffffffff600000-ffffffffff601000 r-xp 00000000 00:00 0                  [vsyscall]


VM Arguments:
jvm_args: -Xmx128g --add-modules=ALL-DEFAULT 
java_command: jdk.compiler/com.sun.tools.javac.launcher.Main /mnt/beegfs/rcabanas/dev/credici/papers/journalEM/code/LearnAndCalculatePNS.java -w -x 100 -m 500 -sc KL -th 1e-06 -a EMCC --seed 58 --output /mnt/beegfs/rcabanas/dev/credici/papers/journalEM/output/triangolo --cause 3 --effect 0 /mnt/beegfs/rcabanas/dev/credici/papers/journalEM/models/triangolo/triangolo_causal.uai
java_class_path (initial): /mnt/beegfs/rcabanas/dev/credici/target/credici-0.1.3-jar-with-dependencies.jar
Launcher Type: SUN_STANDARD

[Global flags]
     intx CICompilerCount                          = 2                                         {product} {ergonomic}
   size_t InitialHeapSize                          = 2147483648                                {product} {ergonomic}
   size_t MaxHeapSize                              = 137438953472                              {product} {command line}
   size_t MaxNewSize                               = 45812940800                               {product} {ergonomic}
   size_t MinHeapDeltaBytes                        = 196608                                    {product} {ergonomic}
   size_t MinHeapSize                              = 8388608                                   {product} {ergonomic}
   size_t NewSize                                  = 715784192                                 {product} {ergonomic}
    uintx NonNMethodCodeHeapSize                   = 5826188                                {pd product} {ergonomic}
    uintx NonProfiledCodeHeapSize                  = 122916026                              {pd product} {ergonomic}
   size_t OldSize                                  = 1431699456                                {product} {ergonomic}
    uintx ProfiledCodeHeapSize                     = 122916026                              {pd product} {ergonomic}
    uintx ReservedCodeCacheSize                    = 251658240                              {pd product} {ergonomic}
     bool SegmentedCodeCache                       = true                                      {product} {ergonomic}
   size_t SoftMaxHeapSize                          = 137438953472                           {manageable} {ergonomic}
     bool UseSerialGC                              = true                                      {product} {ergonomic}

Logging:
Log output configuration:
 #0: stdout all=warning uptime,level,tags
 #1: stderr all=off uptime,level,tags

Environment Variables:
PATH=/usr/local/sbin:/usr/local/bin:/usr/sbin:/usr/bin:/sbin:/bin
LD_LIBRARY_PATH=/.singularity.d/libs

Signal Handlers:
SIGSEGV: [libjvm.so+0xf8fcf0], sa_mask[0]=11111111011111111101111111111110, sa_flags=SA_RESTART|SA_SIGINFO
SIGBUS: [libjvm.so+0xf8fcf0], sa_mask[0]=11111111011111111101111111111110, sa_flags=SA_RESTART|SA_SIGINFO
SIGFPE: [libjvm.so+0xf8fcf0], sa_mask[0]=11111111011111111101111111111110, sa_flags=SA_RESTART|SA_SIGINFO
SIGPIPE: [libjvm.so+0xc3ffa0], sa_mask[0]=11111111011111111101111111111110, sa_flags=SA_RESTART|SA_SIGINFO
SIGXFSZ: [libjvm.so+0xc3ffa0], sa_mask[0]=11111111011111111101111111111110, sa_flags=SA_RESTART|SA_SIGINFO
SIGILL: [libjvm.so+0xf8fcf0], sa_mask[0]=11111111011111111101111111111110, sa_flags=SA_RESTART|SA_SIGINFO
SIGUSR2: [libjvm.so+0xc3fe40], sa_mask[0]=00000000000000000000000000000000, sa_flags=SA_RESTART|SA_SIGINFO
SIGHUP: [libjvm.so+0xc40580], sa_mask[0]=11111111011111111101111111111110, sa_flags=SA_RESTART|SA_SIGINFO
SIGINT: [libjvm.so+0xc40580], sa_mask[0]=11111111011111111101111111111110, sa_flags=SA_RESTART|SA_SIGINFO
SIGTERM: [libjvm.so+0xc40580], sa_mask[0]=11111111011111111101111111111110, sa_flags=SA_RESTART|SA_SIGINFO
SIGQUIT: [libjvm.so+0xc40580], sa_mask[0]=11111111011111111101111111111110, sa_flags=SA_RESTART|SA_SIGINFO


---------------  S Y S T E M  ---------------

OS:DISTRIB_ID=Ubuntu
DISTRIB_RELEASE=20.04
DISTRIB_CODENAME=focal
DISTRIB_DESCRIPTION="Ubuntu 20.04.4 LTS"
uname:Linux 3.10.0-1160.15.2.el7.x86_64 #1 SMP Wed Feb 3 15:06:38 UTC 2021 x86_64
OS uptime: 480 days 2:16 hours
libc:glibc 2.31 NPTL 2.31 
rlimit (soft/hard): STACK 8192k/infinity , CORE 0k/infinity , NPROC 4096/1030217 , NOFILE 131072/131072 , AS infinity/infinity , CPU infinity/infinity , DATA infinity/infinity , FSIZE infinity/infinity , MEMLOCK infinity/infinity
load average:26.85 26.76 26.69

/proc/meminfo:
MemTotal:       263895364 kB
MemFree:          676012 kB
MemAvailable:     200000 kB
Buffers:           53580 kB
Cached:           557244 kB
SwapCached:         6664 kB
Active:         247294832 kB
Inactive:        6603564 kB
Active(anon):   247202684 kB
Inactive(anon):  6509740 kB
Active(file):      92148 kB
Inactive(file):    93824 kB
Unevictable:       19624 kB
Mlocked:           19624 kB
SwapTotal:       4194300 kB
SwapFree:              8 kB
Dirty:               452 kB
Writeback:             0 kB
AnonPages:      253310056 kB
Mapped:           151768 kB
Shmem:            414588 kB
Slab:             739220 kB
SReclaimable:     178188 kB
SUnreclaim:       561032 kB
KernelStack:       25824 kB
PageTables:       520376 kB
NFS_Unstable:          0 kB
Bounce:                0 kB
WritebackTmp:          0 kB
CommitLimit:    136141980 kB
Committed_AS:   322090568 kB
VmallocTotal:   34359738367 kB
VmallocUsed:      877772 kB
VmallocChunk:   34222376464 kB
Percpu:            28928 kB
HardwareCorrupted:     0 kB
AnonHugePages:  44789760 kB
CmaTotal:              0 kB
CmaFree:               0 kB
HugePages_Total:       0
HugePages_Free:        0
HugePages_Rsvd:        0
HugePages_Surp:        0
Hugepagesize:       2048 kB
DirectMap4k:      644712 kB
DirectMap2M:    18092032 kB
DirectMap1G:    249561088 kB

/sys/kernel/mm/transparent_hugepage/enabled:
[always] madvise never

/sys/kernel/mm/transparent_hugepage/defrag (defrag/compaction efforts parameter):
[always] madvise never


/proc/sys/kernel/threads-max (system-wide limit on the number of threads):
2060435


/proc/sys/vm/max_map_count (maximum number of memory map areas a process may have):
65530


/proc/sys/kernel/pid_max (system-wide limit on number of process identifiers):
65536



Steal ticks since vm start: 0
Steal ticks percentage since vm start:  0.000

CPU:total 64 (initial active 1) (32 cores per cpu, 1 threads per core) family 23 model 49 stepping 0, cmov, cx8, fxsr, mmx, sse, sse2, sse3, ssse3, sse4.1, sse4.2, popcnt, avx, avx2, aes, clmul, mmxext, 3dnowpref, lzcnt, sse4a, tsc, tscinvbit, tscinv, bmi1, bmi2, adx, sha, fma
CPU Model and flags from /proc/cpuinfo:
model name	: AMD EPYC 7542 32-Core Processor
flags		: fpu vme de pse tsc msr pae mce cx8 apic sep mtrr pge mca cmov pat pse36 clflush mmx fxsr sse sse2 ht syscall nx mmxext fxsr_opt pdpe1gb rdtscp lm constant_tsc art rep_good nopl nonstop_tsc extd_apicid aperfmperf eagerfpu pni pclmulqdq monitor ssse3 fma cx16 sse4_1 sse4_2 movbe popcnt aes xsave avx f16c rdrand lahf_lm cmp_legacy svm extapic cr8_legacy abm sse4a misalignsse 3dnowprefetch osvw ibs skinit wdt tce topoext perfctr_core perfctr_nb bpext perfctr_l2 cpb cat_l3 cdp_l3 hw_pstate sme retpoline_amd ssbd ibrs ibpb stibp vmmcall fsgsbase bmi1 avx2 smep bmi2 cqm rdt_a rdseed adx smap clflushopt clwb sha_ni xsaveopt xsavec xgetbv1 cqm_llc cqm_occup_llc cqm_mbm_total cqm_mbm_local clzero irperf xsaveerptr arat npt lbrv svm_lock nrip_save tsc_scale vmcb_clean flushbyasid decodeassists pausefilter pfthreshold avic v_vmsave_vmload vgif umip overflow_recov succor smca
Online cpus:0-63
Offline cpus:
BIOS frequency limitation:2900000
Frequency switch latency (ns):0
Available cpu frequencies:2900000 2400000 1500000 
Current governor:conservative
Core performance/turbo boost:1

Memory: 4k page, physical 263895364k(676532k free), swap 4194300k(8k free)

vm_info: OpenJDK 64-Bit Server VM (13.0.7+5-Ubuntu-0ubuntu120.04) for linux-amd64 JRE (13.0.7+5-Ubuntu-0ubuntu120.04), built on Apr 21 2021 05:36:19 by "unknown" with gcc 9.3.0

END.
