#
# There is insufficient memory for the Java Runtime Environment to continue.
# Native memory allocation (mmap) failed to map 4425846784 bytes for committing reserved memory.
# Possible reasons:
#   The system is out of physical RAM or swap space
# Possible solutions:
#   Reduce memory load on the system
#   Increase physical memory or swap space
#   Check if swap backing store is full
#   Decrease Java heap size (-Xmx/-Xms)
#   Decrease number of Java threads
#   Decrease Java thread stack sizes (-Xss)
#   Set larger code cache with -XX:ReservedCodeCacheSize=
# This output file may be truncated or incomplete.
#
#  Out of Memory Error (os_linux.cpp:2899), pid=53133, tid=53135
#
# JRE version: OpenJDK Runtime Environment (13.0.7+5) (build 13.0.7+5-Ubuntu-0ubuntu120.04)
# Java VM: OpenJDK 64-Bit Server VM (13.0.7+5-Ubuntu-0ubuntu120.04, mixed mode, tiered, serial gc, linux-amd64)
# No core dump will be written. Core dumps have been disabled. To enable core dumping, try "ulimit -c unlimited" before starting Java again
#

---------------  S U M M A R Y ------------

Command Line: -Xmx64g --add-modules=ALL-DEFAULT jdk.compiler/com.sun.tools.javac.launcher.Main /mnt/beegfs/rcabanas/dev/credici/papers/journalEM/code/LearnAndCalculatePNS.java -w -x 1000 -m 500 -sc LLratio -th 0.999999 -a EMCC --seed 0 --output /mnt/beegfs/rcabanas/dev/credici/papers/journalEM/output/synthetic/s12 /mnt/beegfs/rcabanas/dev/credici/papers/journalEM/models/synthetic/s12/random_mc2_n8_mid3_d1000_05_mr098_r10_71.uai

Host: AMD EPYC 7542 32-Core Processor, 64 cores, 251G, Ubuntu 20.04.4 LTS
Time: Tue Nov 22 12:19:07 2022 CET elapsed time: 4304.096855 seconds (0d 1h 11m 44s)

---------------  T H R E A D  ---------------

Current thread (0x00007f0e70097800):  VMThread "VM Thread" [stack: 0x00007f0e74917000,0x00007f0e74a17000] [id=53135]

Stack: [0x00007f0e74917000,0x00007f0e74a17000],  sp=0x00007f0e74a15160,  free space=1016k
Native frames: (J=compiled Java code, A=aot compiled Java code, j=interpreted, Vv=VM code, C=native code)
V  [libjvm.so+0xf8f092]
V  [libjvm.so+0xf8fc91]
V  [libjvm.so+0x66ee5a]
V  [libjvm.so+0xc44a41]
V  [libjvm.so+0xc3b263]
V  [libjvm.so+0xf87f4b]
V  [libjvm.so+0x557506]
V  [libjvm.so+0x557723]
V  [libjvm.so+0xf18b0c]
V  [libjvm.so+0x557e65]
V  [libjvm.so+0x7e2edb]
V  [libjvm.so+0x7e39bd]
V  [libjvm.so+0x7d8b48]
V  [libjvm.so+0xf90940]
V  [libjvm.so+0xf96657]
V  [libjvm.so+0xf96d2b]
V  [libjvm.so+0xf9706a]
V  [libjvm.so+0xf2208f]
V  [libjvm.so+0xc493ff]

VM_Operation (0x00007f0e756874d0): GenCollectForAllocation, mode: safepoint, requested by thread 0x00007f0e70018000


---------------  P R O C E S S  ---------------

Threads class SMR info:
_java_thread_list=0x00007f0e70136530, length=9, elements={
0x00007f0e70018000, 0x00007f0e700a3800, 0x00007f0e700a7000, 0x00007f0e700cb800,
0x00007f0e700cd000, 0x00007f0e700cf000, 0x00007f0e700d1000, 0x00007f0e700d3000,
0x00007f0e70135000
}

Java Threads: ( => current thread )
  0x00007f0e70018000 JavaThread "main" [_thread_blocked, id=53134, stack(0x00007f0e75589000,0x00007f0e7568a000)]
  0x00007f0e700a3800 JavaThread "Reference Handler" daemon [_thread_blocked, id=53136, stack(0x00007f0e74814000,0x00007f0e74915000)]
  0x00007f0e700a7000 JavaThread "Finalizer" daemon [_thread_blocked, id=53137, stack(0x00007f0e74713000,0x00007f0e74814000)]
  0x00007f0e700cb800 JavaThread "Signal Dispatcher" daemon [_thread_blocked, id=53138, stack(0x00007f0e745d9000,0x00007f0e746da000)]
  0x00007f0e700cd000 JavaThread "Service Thread" daemon [_thread_blocked, id=53139, stack(0x00007f0e744d8000,0x00007f0e745d9000)]
  0x00007f0e700cf000 JavaThread "C2 CompilerThread0" daemon [_thread_blocked, id=53140, stack(0x00007f0e743d7000,0x00007f0e744d8000)]
  0x00007f0e700d1000 JavaThread "C1 CompilerThread0" daemon [_thread_blocked, id=53141, stack(0x00007f0e742d6000,0x00007f0e743d7000)]
  0x00007f0e700d3000 JavaThread "Sweeper thread" daemon [_thread_blocked, id=53142, stack(0x00007f0e741d5000,0x00007f0e742d6000)]
  0x00007f0e70135000 JavaThread "Common-Cleaner" daemon [_thread_blocked, id=53143, stack(0x00007f0e740d4000,0x00007f0e741d5000)]

Other Threads:
=>0x00007f0e70097800 VMThread "VM Thread" [stack: 0x00007f0e74917000,0x00007f0e74a17000] [id=53135]
  0x00007f0e70181800 WatcherThread [stack: 0x00007f0e5868a000,0x00007f0e5878a000] [id=53144]

Threads with active compile tasks:

VM state:at safepoint (normal execution)

VM Mutex/Monitor currently owned by a thread:  ([mutex/lock_event])
[0x00007f0e70014200] Threads_lock - owner thread: 0x00007f0e70097800
[0x00007f0e70014e00] Heap_lock - owner thread: 0x00007f0e70018000

Heap:
 def new generation   total 2917248K, used 50069K [0x00007efe58600000, 0x00007eff1e360000, 0x00007f03adb50000)
  eden space 2593152K,   1% used [0x00007efe58600000, 0x00007efe5b6e5598, 0x00007efef6a60000)
  from space 324096K,   0% used [0x00007eff0a6e0000, 0x00007eff0a6e0000, 0x00007eff1e360000)
  to   space 324096K,   0% used [0x00007efef6a60000, 0x00007efef6a60000, 0x00007eff0a6e0000)
 tenured generation   total 6483528K, used 6483385K [0x00007f03adb50000, 0x00007f05396e2000, 0x00007f0e58600000)
   the space 6483528K,  99% used [0x00007f03adb50000, 0x00007f05396be578, 0x00007f05396be600, 0x00007f05396e2000)
 Metaspace       used 24263K, capacity 24646K, committed 24832K, reserved 26624K

Card table byte_map: [0x00007efe505ff000,0x00007efe58600000] _byte_map_base: 0x00007ebed133c000

Polling page: 0x00007f0e77015000

Metaspace:

Usage:
   24.07 MB capacity,    23.70 MB ( 98%) used,   287.63 KB (  1%) free+waste,    94.38 KB ( <1%) overhead. 

Virtual space:
     26.00 MB reserved,      24.25 MB ( 93%) committed 

Chunk freelists:
22.00 KB

MaxMetaspaceSize: unlimited


CodeHeap 'non-profiled nmethods': size=120036Kb used=2682Kb max_used=2682Kb free=117353Kb
 bounds [0x00007f0e60251000, 0x00007f0e60501000, 0x00007f0e6778a000]
CodeHeap 'profiled nmethods': size=120032Kb used=4895Kb max_used=7363Kb free=115136Kb
 bounds [0x00007f0e58d19000, 0x00007f0e59459000, 0x00007f0e60251000]
CodeHeap 'non-nmethods': size=5692Kb used=1210Kb max_used=1275Kb free=4481Kb
 bounds [0x00007f0e5878a000, 0x00007f0e589fa000, 0x00007f0e58d19000]
 total_blobs=3636 nmethods=3155 adapters=396
 compilation: enabled
              stopped_count=0, restarted_count=0
 full_count=0

Compilation events (20 events):
Event: 3983.362 Thread 0x00007f0e700d1000 4264       3       ch.idsia.crema.inference.ve.order.MinFillOrdering::apply (27 bytes)
Event: 3983.362 Thread 0x00007f0e700d1000 nmethod 4264 0x00007f0e58d19d90 code [0x00007f0e58d19f60, 0x00007f0e58d1a230]
Event: 3983.362 Thread 0x00007f0e700d1000 4265       3       org.jgrapht.graph.SimpleGraph::<init> (11 bytes)
Event: 3983.363 Thread 0x00007f0e700d1000 nmethod 4265 0x00007f0e58efa790 code [0x00007f0e58efa9a0, 0x00007f0e58efaf90]
Event: 4011.395 Thread 0x00007f0e700d1000 4266       3       ch.idsia.credici.model.builder.EMCredalBuilder::runEM (216 bytes)
Event: 4011.400 Thread 0x00007f0e700d1000 nmethod 4266 0x00007f0e58ff6c90 code [0x00007f0e58ff7100, 0x00007f0e58ff9730]
Event: 4011.401 Thread 0x00007f0e700d1000 4267       3       ch.idsia.crema.learning.DiscreteEM::<init> (5 bytes)
Event: 4011.401 Thread 0x00007f0e700d1000 nmethod 4267 0x00007f0e58d9cc10 code [0x00007f0e58d9cda0, 0x00007f0e58d9cec0]
Event: 4011.401 Thread 0x00007f0e700d1000 4268       3       ch.idsia.crema.learning.DiscreteEM::getDefaultInference (7 bytes)
Event: 4011.406 Thread 0x00007f0e700d1000 nmethod 4268 0x00007f0e58d5b290 code [0x00007f0e58d5b460, 0x00007f0e58d5b970]
Event: 4011.406 Thread 0x00007f0e700d1000 4269       3       ch.idsia.credici.model.tools.CausalInfo::getExogenousVars (27 bytes)
Event: 4011.407 Thread 0x00007f0e700d1000 nmethod 4269 0x00007f0e58d26790 code [0x00007f0e58d26aa0, 0x00007f0e58d27d40]
Event: 4011.407 Thread 0x00007f0e700d1000 4270       3       ch.idsia.credici.learning.FrequentistCausalEM::setTrainableVars (6 bytes)
Event: 4011.407 Thread 0x00007f0e700d1000 nmethod 4270 0x00007f0e58de3d10 code [0x00007f0e58de3ea0, 0x00007f0e58de4040]
Event: 4011.407 Thread 0x00007f0e700d1000 4271       3       ch.idsia.crema.learning.ExpectationMaximization::setTrainableVars (7 bytes)
Event: 4011.407 Thread 0x00007f0e700d1000 nmethod 4271 0x00007f0e58d9f290 code [0x00007f0e58d9f420, 0x00007f0e58d9f530]
Event: 4011.407 Thread 0x00007f0e700d1000 4272       3       ch.idsia.credici.learning.WeightedCausalEM::run (36 bytes)
Event: 4011.407 Thread 0x00007f0e700d1000 nmethod 4272 0x00007f0e58d62810 code [0x00007f0e58d62a40, 0x00007f0e58d63350]
Event: 4011.407 Thread 0x00007f0e700d1000 4273       3       ch.idsia.credici.learning.WeightedCausalEM$$Lambda$312/0x00007efe4a05e040::apply (5 bytes)
Event: 4011.408 Thread 0x00007f0e700d1000 nmethod 4273 0x00007f0e58d19010 code [0x00007f0e58d191a0, 0x00007f0e58d19390]

GC Heap History (20 events):
Event: 4289.312 GC heap after
{Heap after GC invocations=7268 (full 4):
 def new generation   total 2917248K, used 43177K [0x00007efe58600000, 0x00007eff1e360000, 0x00007f03adb50000)
  eden space 2593152K,   0% used [0x00007efe58600000, 0x00007efe58600000, 0x00007efef6a60000)
  from space 324096K,  13% used [0x00007efef6a60000, 0x00007efef948a4e8, 0x00007eff0a6e0000)
  to   space 324096K,   0% used [0x00007eff0a6e0000, 0x00007eff0a6e0000, 0x00007eff1e360000)
 tenured generation   total 6482568K, used 6457393K [0x00007f03adb50000, 0x00007f05395f2000, 0x00007f0e58600000)
   the space 6482568K,  99% used [0x00007f03adb50000, 0x00007f0537d5c550, 0x00007f0537d5c600, 0x00007f05395f2000)
 Metaspace       used 24263K, capacity 24646K, committed 24832K, reserved 26624K
}
Event: 4290.405 GC heap before
{Heap before GC invocations=7268 (full 4):
 def new generation   total 2917248K, used 2636329K [0x00007efe58600000, 0x00007eff1e360000, 0x00007f03adb50000)
  eden space 2593152K, 100% used [0x00007efe58600000, 0x00007efef6a60000, 0x00007efef6a60000)
  from space 324096K,  13% used [0x00007efef6a60000, 0x00007efef948a4e8, 0x00007eff0a6e0000)
  to   space 324096K,   0% used [0x00007eff0a6e0000, 0x00007eff0a6e0000, 0x00007eff1e360000)
 tenured generation   total 6482568K, used 6457393K [0x00007f03adb50000, 0x00007f05395f2000, 0x00007f0e58600000)
   the space 6482568K,  99% used [0x00007f03adb50000, 0x00007f0537d5c550, 0x00007f0537d5c600, 0x00007f05395f2000)
 Metaspace       used 24263K, capacity 24646K, committed 24832K, reserved 26624K
}
Event: 4290.441 GC heap after
{Heap after GC invocations=7269 (full 4):
 def new generation   total 2917248K, used 46861K [0x00007efe58600000, 0x00007eff1e360000, 0x00007f03adb50000)
  eden space 2593152K,   0% used [0x00007efe58600000, 0x00007efe58600000, 0x00007efef6a60000)
  from space 324096K,  14% used [0x00007eff0a6e0000, 0x00007eff0d4a3460, 0x00007eff1e360000)
  to   space 324096K,   0% used [0x00007efef6a60000, 0x00007efef6a60000, 0x00007eff0a6e0000)
 tenured generation   total 6482568K, used 6458319K [0x00007f03adb50000, 0x00007f05395f2000, 0x00007f0e58600000)
   the space 6482568K,  99% used [0x00007f03adb50000, 0x00007f0537e43d20, 0x00007f0537e43e00, 0x00007f05395f2000)
 Metaspace       used 24263K, capacity 24646K, committed 24832K, reserved 26624K
}
Event: 4291.627 GC heap before
{Heap before GC invocations=7269 (full 4):
 def new generation   total 2917248K, used 2637527K [0x00007efe58600000, 0x00007eff1e360000, 0x00007f03adb50000)
  eden space 2593152K,  99% used [0x00007efe58600000, 0x00007efef67f2860, 0x00007efef6a60000)
  from space 324096K,  14% used [0x00007eff0a6e0000, 0x00007eff0d4a3460, 0x00007eff1e360000)
  to   space 324096K,   0% used [0x00007efef6a60000, 0x00007efef6a60000, 0x00007eff0a6e0000)
 tenured generation   total 6482568K, used 6458319K [0x00007f03adb50000, 0x00007f05395f2000, 0x00007f0e58600000)
   the space 6482568K,  99% used [0x00007f03adb50000, 0x00007f0537e43d20, 0x00007f0537e43e00, 0x00007f05395f2000)
 Metaspace       used 24263K, capacity 24646K, committed 24832K, reserved 26624K
}
Event: 4291.654 GC heap after
{Heap after GC invocations=7270 (full 4):
 def new generation   total 2917248K, used 55034K [0x00007efe58600000, 0x00007eff1e360000, 0x00007f03adb50000)
  eden space 2593152K,   0% used [0x00007efe58600000, 0x00007efe58600000, 0x00007efef6a60000)
  from space 324096K,  16% used [0x00007efef6a60000, 0x00007efefa01eb20, 0x00007eff0a6e0000)
  to   space 324096K,   0% used [0x00007eff0a6e0000, 0x00007eff0a6e0000, 0x00007eff1e360000)
 tenured generation   total 6482568K, used 6459292K [0x00007f03adb50000, 0x00007f05395f2000, 0x00007f0e58600000)
   the space 6482568K,  99% used [0x00007f03adb50000, 0x00007f0537f37000, 0x00007f0537f37000, 0x00007f05395f2000)
 Metaspace       used 24263K, capacity 24646K, committed 24832K, reserved 26624K
}
Event: 4292.857 GC heap before
{Heap before GC invocations=7270 (full 4):
 def new generation   total 2917248K, used 2648186K [0x00007efe58600000, 0x00007eff1e360000, 0x00007f03adb50000)
  eden space 2593152K, 100% used [0x00007efe58600000, 0x00007efef6a60000, 0x00007efef6a60000)
  from space 324096K,  16% used [0x00007efef6a60000, 0x00007efefa01eb20, 0x00007eff0a6e0000)
  to   space 324096K,   0% used [0x00007eff0a6e0000, 0x00007eff0a6e0000, 0x00007eff1e360000)
 tenured generation   total 6482568K, used 6459292K [0x00007f03adb50000, 0x00007f05395f2000, 0x00007f0e58600000)
   the space 6482568K,  99% used [0x00007f03adb50000, 0x00007f0537f37000, 0x00007f0537f37000, 0x00007f05395f2000)
 Metaspace       used 24263K, capacity 24646K, committed 24832K, reserved 26624K
}
Event: 4292.893 GC heap after
{Heap after GC invocations=7271 (full 4):
 def new generation   total 2917248K, used 45728K [0x00007efe58600000, 0x00007eff1e360000, 0x00007f03adb50000)
  eden space 2593152K,   0% used [0x00007efe58600000, 0x00007efe58600000, 0x00007efef6a60000)
  from space 324096K,  14% used [0x00007eff0a6e0000, 0x00007eff0d388180, 0x00007eff1e360000)
  to   space 324096K,   0% used [0x00007efef6a60000, 0x00007efef6a60000, 0x00007eff0a6e0000)
 tenured generation   total 6482568K, used 6461422K [0x00007f03adb50000, 0x00007f05395f2000, 0x00007f0e58600000)
   the space 6482568K,  99% used [0x00007f03adb50000, 0x00007f053814b870, 0x00007f053814ba00, 0x00007f05395f2000)
 Metaspace       used 24263K, capacity 24646K, committed 24832K, reserved 26624K
}
Event: 4294.092 GC heap before
{Heap before GC invocations=7271 (full 4):
 def new generation   total 2917248K, used 2633948K [0x00007efe58600000, 0x00007eff1e360000, 0x00007f03adb50000)
  eden space 2593152K,  99% used [0x00007efe58600000, 0x00007efef658f248, 0x00007efef6a60000)
  from space 324096K,  14% used [0x00007eff0a6e0000, 0x00007eff0d388180, 0x00007eff1e360000)
  to   space 324096K,   0% used [0x00007efef6a60000, 0x00007efef6a60000, 0x00007eff0a6e0000)
 tenured generation   total 6482568K, used 6461422K [0x00007f03adb50000, 0x00007f05395f2000, 0x00007f0e58600000)
   the space 6482568K,  99% used [0x00007f03adb50000, 0x00007f053814b870, 0x00007f053814ba00, 0x00007f05395f2000)
 Metaspace       used 24263K, capacity 24646K, committed 24832K, reserved 26624K
}
Event: 4294.120 GC heap after
{Heap after GC invocations=7272 (full 4):
 def new generation   total 2917248K, used 56325K [0x00007efe58600000, 0x00007eff1e360000, 0x00007f03adb50000)
  eden space 2593152K,   0% used [0x00007efe58600000, 0x00007efe58600000, 0x00007efef6a60000)
  from space 324096K,  17% used [0x00007efef6a60000, 0x00007efefa161588, 0x00007eff0a6e0000)
  to   space 324096K,   0% used [0x00007eff0a6e0000, 0x00007eff0a6e0000, 0x00007eff1e360000)
 tenured generation   total 6482568K, used 6468185K [0x00007f03adb50000, 0x00007f05395f2000, 0x00007f0e58600000)
   the space 6482568K,  99% used [0x00007f03adb50000, 0x00007f05387e6770, 0x00007f05387e6800, 0x00007f05395f2000)
 Metaspace       used 24263K, capacity 24646K, committed 24832K, reserved 26624K
}
Event: 4295.332 GC heap before
{Heap before GC invocations=7272 (full 4):
 def new generation   total 2917248K, used 2647193K [0x00007efe58600000, 0x00007eff1e360000, 0x00007f03adb50000)
  eden space 2593152K,  99% used [0x00007efe58600000, 0x00007efef6825210, 0x00007efef6a60000)
  from space 324096K,  17% used [0x00007efef6a60000, 0x00007efefa161588, 0x00007eff0a6e0000)
  to   space 324096K,   0% used [0x00007eff0a6e0000, 0x00007eff0a6e0000, 0x00007eff1e360000)
 tenured generation   total 6482568K, used 6468185K [0x00007f03adb50000, 0x00007f05395f2000, 0x00007f0e58600000)
   the space 6482568K,  99% used [0x00007f03adb50000, 0x00007f05387e6770, 0x00007f05387e6800, 0x00007f05395f2000)
 Metaspace       used 24263K, capacity 24646K, committed 24832K, reserved 26624K
}
Event: 4295.355 GC heap after
{Heap after GC invocations=7273 (full 4):
 def new generation   total 2917248K, used 38338K [0x00007efe58600000, 0x00007eff1e360000, 0x00007f03adb50000)
  eden space 2593152K,   0% used [0x00007efe58600000, 0x00007efe58600000, 0x00007efef6a60000)
  from space 324096K,  11% used [0x00007eff0a6e0000, 0x00007eff0cc50a50, 0x00007eff1e360000)
  to   space 324096K,   0% used [0x00007efef6a60000, 0x00007efef6a60000, 0x00007eff0a6e0000)
 tenured generation   total 6482568K, used 6474905K [0x00007f03adb50000, 0x00007f05395f2000, 0x00007f0e58600000)
   the space 6482568K,  99% used [0x00007f03adb50000, 0x00007f0538e76700, 0x00007f0538e76800, 0x00007f05395f2000)
 Metaspace       used 24263K, capacity 24646K, committed 24832K, reserved 26624K
}
Event: 4296.543 GC heap before
{Heap before GC invocations=7273 (full 4):
 def new generation   total 2917248K, used 2631490K [0x00007efe58600000, 0x00007eff1e360000, 0x00007f03adb50000)
  eden space 2593152K, 100% used [0x00007efe58600000, 0x00007efef6a60000, 0x00007efef6a60000)
  from space 324096K,  11% used [0x00007eff0a6e0000, 0x00007eff0cc50a50, 0x00007eff1e360000)
  to   space 324096K,   0% used [0x00007efef6a60000, 0x00007efef6a60000, 0x00007eff0a6e0000)
 tenured generation   total 6482568K, used 6474905K [0x00007f03adb50000, 0x00007f05395f2000, 0x00007f0e58600000)
   the space 6482568K,  99% used [0x00007f03adb50000, 0x00007f0538e76700, 0x00007f0538e76800, 0x00007f05395f2000)
 Metaspace       used 24263K, capacity 24646K, committed 24832K, reserved 26624K
}
Event: 4296.563 GC heap after
{Heap after GC invocations=7274 (full 4):
 def new generation   total 2917248K, used 29849K [0x00007efe58600000, 0x00007eff1e360000, 0x00007f03adb50000)
  eden space 2593152K,   0% used [0x00007efe58600000, 0x00007efe58600000, 0x00007efef6a60000)
  from space 324096K,   9% used [0x00007efef6a60000, 0x00007efef87866a8, 0x00007eff0a6e0000)
  to   space 324096K,   0% used [0x00007eff0a6e0000, 0x00007eff0a6e0000, 0x00007eff1e360000)
 tenured generation   total 6482568K, used 6480560K [0x00007f03adb50000, 0x00007f05395f2000, 0x00007f0e58600000)
   the space 6482568K,  99% used [0x00007f03adb50000, 0x00007f05393fc268, 0x00007f05393fc400, 0x00007f05395f2000)
 Metaspace       used 24263K, capacity 24646K, committed 24832K, reserved 26624K
}
Event: 4297.645 GC heap before
{Heap before GC invocations=7274 (full 4):
 def new generation   total 2917248K, used 2623001K [0x00007efe58600000, 0x00007eff1e360000, 0x00007f03adb50000)
  eden space 2593152K, 100% used [0x00007efe58600000, 0x00007efef6a60000, 0x00007efef6a60000)
  from space 324096K,   9% used [0x00007efef6a60000, 0x00007efef87866a8, 0x00007eff0a6e0000)
  to   space 324096K,   0% used [0x00007eff0a6e0000, 0x00007eff0a6e0000, 0x00007eff1e360000)
 tenured generation   total 6482568K, used 6480560K [0x00007f03adb50000, 0x00007f05395f2000, 0x00007f0e58600000)
   the space 6482568K,  99% used [0x00007f03adb50000, 0x00007f05393fc268, 0x00007f05393fc400, 0x00007f05395f2000)
 Metaspace       used 24263K, capacity 24646K, committed 24832K, reserved 26624K
}
Event: 4297.668 GC heap after
{Heap after GC invocations=7275 (full 4):
 def new generation   total 2917248K, used 35721K [0x00007efe58600000, 0x00007eff1e360000, 0x00007f03adb50000)
  eden space 2593152K,   0% used [0x00007efe58600000, 0x00007efe58600000, 0x00007efef6a60000)
  from space 324096K,  11% used [0x00007eff0a6e0000, 0x00007eff0c9c2788, 0x00007eff1e360000)
  to   space 324096K,   0% used [0x00007efef6a60000, 0x00007efef6a60000, 0x00007eff0a6e0000)
 tenured generation   total 6482568K, used 6481440K [0x00007f03adb50000, 0x00007f05395f2000, 0x00007f0e58600000)
   the space 6482568K,  99% used [0x00007f03adb50000, 0x00007f05394d8288, 0x00007f05394d8400, 0x00007f05395f2000)
 Metaspace       used 24263K, capacity 24646K, committed 24832K, reserved 26624K
}
Event: 4298.720 GC heap before
{Heap before GC invocations=7275 (full 4):
 def new generation   total 2917248K, used 2628873K [0x00007efe58600000, 0x00007eff1e360000, 0x00007f03adb50000)
  eden space 2593152K, 100% used [0x00007efe58600000, 0x00007efef6a60000, 0x00007efef6a60000)
  from space 324096K,  11% used [0x00007eff0a6e0000, 0x00007eff0c9c2788, 0x00007eff1e360000)
  to   space 324096K,   0% used [0x00007efef6a60000, 0x00007efef6a60000, 0x00007eff0a6e0000)
 tenured generation   total 6482568K, used 6481440K [0x00007f03adb50000, 0x00007f05395f2000, 0x00007f0e58600000)
   the space 6482568K,  99% used [0x00007f03adb50000, 0x00007f05394d8288, 0x00007f05394d8400, 0x00007f05395f2000)
 Metaspace       used 24263K, capacity 24646K, committed 24832K, reserved 26624K
}
Event: 4298.745 GC heap after
{Heap after GC invocations=7276 (full 4):
 def new generation   total 2917248K, used 41434K [0x00007efe58600000, 0x00007eff1e360000, 0x00007f03adb50000)
  eden space 2593152K,   0% used [0x00007efe58600000, 0x00007efe58600000, 0x00007efef6a60000)
  from space 324096K,  12% used [0x00007efef6a60000, 0x00007efef92d69b0, 0x00007eff0a6e0000)
  to   space 324096K,   0% used [0x00007eff0a6e0000, 0x00007eff0a6e0000, 0x00007eff1e360000)
 tenured generation   total 6482568K, used 6482413K [0x00007f03adb50000, 0x00007f05395f2000, 0x00007f0e58600000)
   the space 6482568K,  99% used [0x00007f03adb50000, 0x00007f05395cb5f8, 0x00007f05395cb600, 0x00007f05395f2000)
 Metaspace       used 24263K, capacity 24646K, committed 24832K, reserved 26624K
}
Event: 4299.811 GC heap before
{Heap before GC invocations=7276 (full 4):
 def new generation   total 2917248K, used 2634586K [0x00007efe58600000, 0x00007eff1e360000, 0x00007f03adb50000)
  eden space 2593152K, 100% used [0x00007efe58600000, 0x00007efef6a60000, 0x00007efef6a60000)
  from space 324096K,  12% used [0x00007efef6a60000, 0x00007efef92d69b0, 0x00007eff0a6e0000)
  to   space 324096K,   0% used [0x00007eff0a6e0000, 0x00007eff0a6e0000, 0x00007eff1e360000)
 tenured generation   total 6482568K, used 6482413K [0x00007f03adb50000, 0x00007f05395f2000, 0x00007f0e58600000)
   the space 6482568K,  99% used [0x00007f03adb50000, 0x00007f05395cb5f8, 0x00007f05395cb600, 0x00007f05395f2000)
 Metaspace       used 24263K, capacity 24646K, committed 24832K, reserved 26624K
}
Event: 4299.841 GC heap after
{Heap after GC invocations=7277 (full 4):
 def new generation   total 2917248K, used 50069K [0x00007efe58600000, 0x00007eff1e360000, 0x00007f03adb50000)
  eden space 2593152K,   0% used [0x00007efe58600000, 0x00007efe58600000, 0x00007efef6a60000)
  from space 324096K,  15% used [0x00007eff0a6e0000, 0x00007eff0d7c5598, 0x00007eff1e360000)
  to   space 324096K,   0% used [0x00007efef6a60000, 0x00007efef6a60000, 0x00007eff0a6e0000)
 tenured generation   total 6483528K, used 6483385K [0x00007f03adb50000, 0x00007f05396e2000, 0x00007f0e58600000)
   the space 6483528K,  99% used [0x00007f03adb50000, 0x00007f05396be578, 0x00007f05396be600, 0x00007f05396e2000)
 Metaspace       used 24263K, capacity 24646K, committed 24832K, reserved 26624K
}
Event: 4299.841 GC heap before
{Heap before GC invocations=7277 (full 4):
 def new generation   total 2917248K, used 50069K [0x00007efe58600000, 0x00007eff1e360000, 0x00007f03adb50000)
  eden space 2593152K,   0% used [0x00007efe58600000, 0x00007efe58600000, 0x00007efef6a60000)
  from space 324096K,  15% used [0x00007eff0a6e0000, 0x00007eff0d7c5598, 0x00007eff1e360000)
  to   space 324096K,   0% used [0x00007efef6a60000, 0x00007efef6a60000, 0x00007eff0a6e0000)
 tenured generation   total 6483528K, used 6483385K [0x00007f03adb50000, 0x00007f05396e2000, 0x00007f0e58600000)
   the space 6483528K,  99% used [0x00007f03adb50000, 0x00007f05396be578, 0x00007f05396be600, 0x00007f05396e2000)
 Metaspace       used 24263K, capacity 24646K, committed 24832K, reserved 26624K
}

Deoptimization events (20 events):
Event: 1278.042 Thread 0x00007f0e70018000 DEOPT PACKING pc=0x00007f0e59356abb sp=0x00007f0e75687920
Event: 1278.042 Thread 0x00007f0e70018000 DEOPT UNPACKING pc=0x00007f0e587d333a sp=0x00007f0e75686ed0 mode 0
Event: 1417.294 Thread 0x00007f0e70018000 DEOPT PACKING pc=0x00007f0e59356abb sp=0x00007f0e75687920
Event: 1417.294 Thread 0x00007f0e70018000 DEOPT UNPACKING pc=0x00007f0e587d333a sp=0x00007f0e75686ed0 mode 0
Event: 1426.870 Thread 0x00007f0e70018000 Uncommon trap: trap_request=0xffffff45 fr.pc=0x00007f0e6038603c relative=0x0000000000002adc
Event: 1426.870 Thread 0x00007f0e70018000 Uncommon trap: reason=unstable_if action=reinterpret pc=0x00007f0e6038603c method=java.util.HashMap.getNode(ILjava/lang/Object;)Ljava/util/HashMap$Node; @ 129 c2
Event: 1426.870 Thread 0x00007f0e70018000 DEOPT PACKING pc=0x00007f0e6038603c sp=0x00007f0e75687500
Event: 1426.870 Thread 0x00007f0e70018000 DEOPT UNPACKING pc=0x00007f0e587d2e25 sp=0x00007f0e75687350 mode 2
Event: 1426.870 Thread 0x00007f0e70018000 Uncommon trap: trap_request=0xffffffc6 fr.pc=0x00007f0e60349344 relative=0x0000000000000c24
Event: 1426.870 Thread 0x00007f0e70018000 Uncommon trap: reason=bimorphic_or_optimized_type_check action=maybe_recompile pc=0x00007f0e60349344 method=java.util.HashMap.removeNode(ILjava/lang/Object;Ljava/lang/Object;ZZ)Ljava/util/HashMap$Node; @ 143 c2
Event: 1426.870 Thread 0x00007f0e70018000 DEOPT PACKING pc=0x00007f0e60349344 sp=0x00007f0e75687470
Event: 1426.870 Thread 0x00007f0e70018000 DEOPT UNPACKING pc=0x00007f0e587d2e25 sp=0x00007f0e75687408 mode 2
Event: 1563.458 Thread 0x00007f0e70018000 DEOPT PACKING pc=0x00007f0e59356abb sp=0x00007f0e75687920
Event: 1563.458 Thread 0x00007f0e70018000 DEOPT UNPACKING pc=0x00007f0e587d333a sp=0x00007f0e75686ed0 mode 0
Event: 1655.314 Thread 0x00007f0e70018000 DEOPT PACKING pc=0x00007f0e58d8236a sp=0x00007f0e75687900
Event: 1655.314 Thread 0x00007f0e70018000 DEOPT UNPACKING pc=0x00007f0e587d333a sp=0x00007f0e75686e58 mode 0
Event: 1677.353 Thread 0x00007f0e70018000 DEOPT PACKING pc=0x00007f0e59356abb sp=0x00007f0e75687830
Event: 1677.353 Thread 0x00007f0e70018000 DEOPT UNPACKING pc=0x00007f0e587d333a sp=0x00007f0e75686dd8 mode 0
Event: 3168.755 Thread 0x00007f0e70018000 DEOPT PACKING pc=0x00007f0e58f7a669 sp=0x00007f0e75687a40
Event: 3168.755 Thread 0x00007f0e70018000 DEOPT UNPACKING pc=0x00007f0e587d333a sp=0x00007f0e75686f48 mode 0

Classes unloaded (0 events):
No events

Classes redefined (0 events):
No events

Internal exceptions (20 events):
Event: 0.849 Thread 0x00007f0e70018000 Exception <a 'java/lang/NoSuchMethodError'{0x00007efe59c42c28}: 'int java.lang.invoke.DirectMethodHandle$Holder.invokeSpecial(java.lang.Object, java.lang.Object, java.lang.Object, java.lang.Object)'> (0x00007efe59c42c28) 
thrown [src/hotspot/share/interpreter/linkResolver.cpp, line 766]
Event: 0.851 Thread 0x00007f0e70018000 Exception <a 'java/lang/NoSuchMethodError'{0x00007efe59c59748}: 'java.lang.Object java.lang.invoke.DirectMethodHandle$Holder.invokeVirtual(java.lang.Object, java.lang.Object, java.lang.Object, int, int)'> (0x00007efe59c59748) 
thrown [src/hotspot/share/interpreter/linkResolver.cpp, line 766]
Event: 0.852 Thread 0x00007f0e70018000 Exception <a 'java/lang/NoSuchMethodError'{0x00007efe59c61af8}: 'java.lang.Object java.lang.invoke.DirectMethodHandle$Holder.invokeVirtual(java.lang.Object, java.lang.Object, int)'> (0x00007efe59c61af8) 
thrown [src/hotspot/share/interpreter/linkResolver.cpp, line 766]
Event: 0.856 Thread 0x00007f0e70018000 Exception <a 'java/lang/NoSuchMethodError'{0x00007efe59c82890}: 'java.lang.Object java.lang.invoke.DirectMethodHandle$Holder.invokeSpecial(java.lang.Object, java.lang.Object, java.lang.Object, int, int)'> (0x00007efe59c82890) 
thrown [src/hotspot/share/interpreter/linkResolver.cpp, line 766]
Event: 1.230 Thread 0x00007f0e70018000 Exception <a 'java/lang/NoSuchMethodError'{0x00007efe5b242e88}: 'int java.lang.invoke.DirectMethodHandle$Holder.invokeSpecial(java.lang.Object, java.lang.Object, java.lang.Object, java.lang.Object, java.lang.Object)'> (0x00007efe5b242e88) 
thrown [src/hotspot/share/interpreter/linkResolver.cpp, line 766]
Event: 1.312 Thread 0x00007f0e70018000 Exception <a 'java/lang/NoSuchMethodError'{0x00007efe5b660af8}: 'java.lang.Object java.lang.invoke.DirectMethodHandle$Holder.invokeStatic(java.lang.Object, java.lang.Object, int, int)'> (0x00007efe5b660af8) 
thrown [src/hotspot/share/interpreter/linkResolver.cpp, line 766]
Event: 1.701 Thread 0x00007f0e70018000 Exception <a 'java/lang/NoSuchMethodError'{0x00007efe5dc58538}: 'void java.lang.invoke.DirectMethodHandle$Holder.invokeVirtual(java.lang.Object, java.lang.Object)'> (0x00007efe5dc58538) 
thrown [src/hotspot/share/interpreter/linkResolver.cpp, line 766]
Event: 1.830 Thread 0x00007f0e70018000 Exception <a 'java/lang/NoSuchMethodError'{0x00007efe5dfe1460}: 'int java.lang.invoke.DirectMethodHandle$Holder.invokeVirtual(java.lang.Object, java.lang.Object, java.lang.Object, java.lang.Object)'> (0x00007efe5dfe1460) 
thrown [src/hotspot/share/interpreter/linkResolver.cpp, line 766]
Event: 1.831 Thread 0x00007f0e70018000 Exception <a 'java/lang/NoSuchMethodError'{0x00007efe5dfef5a8}: 'java.lang.Object java.lang.invoke.DirectMethodHandle$Holder.invokeStatic(java.lang.Object, java.lang.Object, int, java.lang.Object)'> (0x00007efe5dfef5a8) 
thrown [src/hotspot/share/interpreter/linkResolver.cpp, line 766]
Event: 1.832 Thread 0x00007f0e70018000 Exception <a 'java/lang/NoSuchMethodError'{0x00007efe5dff7ec0}: 'java.lang.Object java.lang.invoke.Invokers$Holder.linkToTargetMethod(java.lang.Object, int, java.lang.Object, java.lang.Object)'> (0x00007efe5dff7ec0) 
thrown [src/hotspot/share/interpreter/linkResolver.cpp, line 766]
Event: 2.118 Thread 0x00007f0e70018000 Implicit null exception at 0x00007f0e602dc5c5 to 0x00007f0e602dc79c
Event: 2.118 Thread 0x00007f0e70018000 Implicit null exception at 0x00007f0e6027ea0f to 0x00007f0e6027ea79
Event: 2.496 Thread 0x00007f0e70018000 Exception <a 'java/lang/NoSuchMethodError'{0x00007efe5edea4e8}: 'java.lang.Object java.lang.invoke.Invokers$Holder.linkToTargetMethod(java.lang.Object, int, java.lang.Object)'> (0x00007efe5edea4e8) 
thrown [src/hotspot/share/interpreter/linkResolver.cpp, line 766]
Event: 2.509 Thread 0x00007f0e70018000 Exception <a 'java/lang/NoSuchMethodError'{0x00007efe5ee24858}: 'java.lang.Object java.lang.invoke.Invokers$Holder.linkToTargetMethod(java.lang.Object, long, java.lang.Object)'> (0x00007efe5ee24858) 
thrown [src/hotspot/share/interpreter/linkResolver.cpp, line 766]
Event: 2.605 Thread 0x00007f0e700a7000 Implicit null exception at 0x00007f0e602a4fcc to 0x00007f0e602a5080
Event: 2.666 Thread 0x00007f0e70018000 Exception <a 'java/lang/NoSuchMethodError'{0x00007efe5874c248}: 'java.lang.Object java.lang.invoke.Invokers$Holder.invokeExact_MT(java.lang.Object, java.lang.Object, java.lang.Object, java.lang.Object, java.lang.Object, java.lang.Object)'> (0x00007efe5874c248) 
thrown [src/hotspot/share/interpreter/linkResolver.cpp, line 766]
Event: 2.716 Thread 0x00007f0e70018000 Exception <a 'java/lang/NoSuchMethodError'{0x00007efe588d7258}: 'int java.lang.invoke.DirectMethodHandle$Holder.invokeStatic(java.lang.Object, java.lang.Object, int)'> (0x00007efe588d7258) 
thrown [src/hotspot/share/interpreter/linkResolver.cpp, line 766]
Event: 2.787 Thread 0x00007f0e70018000 Exception <a 'java/lang/NoSuchMethodError'{0x00007efe58a60ec8}: 'double java.lang.invoke.DirectMethodHandle$Holder.invokeStatic(java.lang.Object, java.lang.Object)'> (0x00007efe58a60ec8) 
thrown [src/hotspot/share/interpreter/linkResolver.cpp, line 766]
Event: 2.804 Thread 0x00007f0e70018000 Exception <a 'java/lang/NoSuchMethodError'{0x00007efe58b4a9c0}: 'int java.lang.invoke.DirectMethodHandle$Holder.invokeStatic(java.lang.Object, java.lang.Object, java.lang.Object, int)'> (0x00007efe58b4a9c0) 
thrown [src/hotspot/share/interpreter/linkResolver.cpp, line 766]
Event: 41.939 Thread 0x00007f0e70018000 Implicit null exception at 0x00007f0e604a8f14 to 0x00007f0e604a98ec

Events (20 events):
Event: 4288.214 Executing VM operation: GenCollectForAllocation done
Event: 4289.286 Executing VM operation: GenCollectForAllocation
Event: 4289.312 Executing VM operation: GenCollectForAllocation done
Event: 4290.405 Executing VM operation: GenCollectForAllocation
Event: 4290.441 Executing VM operation: GenCollectForAllocation done
Event: 4291.627 Executing VM operation: GenCollectForAllocation
Event: 4291.654 Executing VM operation: GenCollectForAllocation done
Event: 4292.857 Executing VM operation: GenCollectForAllocation
Event: 4292.893 Executing VM operation: GenCollectForAllocation done
Event: 4294.092 Executing VM operation: GenCollectForAllocation
Event: 4294.120 Executing VM operation: GenCollectForAllocation done
Event: 4295.332 Executing VM operation: GenCollectForAllocation
Event: 4295.355 Executing VM operation: GenCollectForAllocation done
Event: 4296.543 Executing VM operation: GenCollectForAllocation
Event: 4296.563 Executing VM operation: GenCollectForAllocation done
Event: 4297.645 Executing VM operation: GenCollectForAllocation
Event: 4297.668 Executing VM operation: GenCollectForAllocation done
Event: 4298.720 Executing VM operation: GenCollectForAllocation
Event: 4298.745 Executing VM operation: GenCollectForAllocation done
Event: 4299.811 Executing VM operation: GenCollectForAllocation


Dynamic libraries:
5613576ce000-5613576cf000 r--p 00000000 07:01 4860                       /usr/lib/jvm/java-13-openjdk-amd64/bin/java
5613576cf000-5613576d0000 r-xp 00001000 07:01 4860                       /usr/lib/jvm/java-13-openjdk-amd64/bin/java
5613576d0000-5613576d1000 r--p 00002000 07:01 4860                       /usr/lib/jvm/java-13-openjdk-amd64/bin/java
5613576d1000-5613576d2000 r--p 00002000 07:01 4860                       /usr/lib/jvm/java-13-openjdk-amd64/bin/java
5613576d2000-5613576d3000 rw-p 00003000 07:01 4860                       /usr/lib/jvm/java-13-openjdk-amd64/bin/java
561358c87000-561358ca8000 rw-p 00000000 00:00 0                          [heap]
7efe1c000000-7efe1c021000 rw-p 00000000 00:00 0 
7efe1c021000-7efe20000000 ---p 00000000 00:00 0 
7efe24000000-7efe24021000 rw-p 00000000 00:00 0 
7efe24021000-7efe28000000 ---p 00000000 00:00 0 
7efe28000000-7efe28021000 rw-p 00000000 00:00 0 
7efe28021000-7efe2c000000 ---p 00000000 00:00 0 
7efe2c000000-7efe2eaf6000 rw-p 00000000 00:00 0 
7efe2eaf6000-7efe30000000 ---p 00000000 00:00 0 
7efe30000000-7efe30788000 rw-p 00000000 00:00 0 
7efe30788000-7efe34000000 ---p 00000000 00:00 0 
7efe34000000-7efe34021000 rw-p 00000000 00:00 0 
7efe34021000-7efe38000000 ---p 00000000 00:00 0 
7efe38000000-7efe38021000 rw-p 00000000 00:00 0 
7efe38021000-7efe3c000000 ---p 00000000 00:00 0 
7efe3c000000-7efe3c021000 rw-p 00000000 00:00 0 
7efe3c021000-7efe40000000 ---p 00000000 00:00 0 
7efe40000000-7efe40021000 rw-p 00000000 00:00 0 
7efe40021000-7efe44000000 ---p 00000000 00:00 0 
7efe44000000-7efe44071000 rw-p 00000000 00:00 0 
7efe44071000-7efe48000000 ---p 00000000 00:00 0 
7efe49d09000-7efe49d49000 rw-p 00000000 00:00 0 
7efe49d49000-7efe49f09000 ---p 00000000 00:00 0 
7efe49f09000-7efe4a109000 rw-p 00000000 00:00 0 
7efe4a109000-7efe4a309000 rw-p 00000000 00:00 0 
7efe4a309000-7efe4a509000 rw-p 00000000 00:00 0 
7efe4a509000-7efe4a709000 rw-p 00000000 00:00 0 
7efe4a709000-7efe4aaa9000 rw-p 00000000 00:00 0 
7efe4aaa9000-7efe4aca9000 rw-p 00000000 00:00 0 
7efe4aca9000-7efe4aea9000 rw-p 00000000 00:00 0 
7efe4aea9000-7efe4bd07000 rw-p 00000000 00:00 0 
7efe4bd07000-7efe505ff000 ---p 00000000 00:00 0 
7efe505ff000-7efe50c2e000 rw-p 00000000 00:00 0 
7efe50c2e000-7efe530a9000 ---p 00000000 00:00 0 
7efe530a9000-7efe53d08000 rw-p 00000000 00:00 0 
7efe53d08000-7efe585ff000 ---p 00000000 00:00 0 
7efe585ff000-7eff1e360000 rw-p 00000000 00:00 0 
7eff1e360000-7f03adb50000 ---p 00000000 00:00 0 
7f03adb50000-7f05396e2000 rw-p 00000000 00:00 0 
7f06413b3000-7f0e58600000 ---p 00000000 00:00 0 
7f0e58688000-7f0e58689000 ---p 00000000 00:00 0 
7f0e58689000-7f0e5878a000 rw-p 00000000 00:00 0 
7f0e5878a000-7f0e589fa000 rwxp 00000000 00:00 0 
7f0e589fa000-7f0e58d19000 ---p 00000000 00:00 0 
7f0e58d19000-7f0e59459000 rwxp 00000000 00:00 0 
7f0e59459000-7f0e60251000 ---p 00000000 00:00 0 
7f0e60251000-7f0e60501000 rwxp 00000000 00:00 0 
7f0e60501000-7f0e6778a000 ---p 00000000 00:00 0 
7f0e6778a000-7f0e70000000 r--s 00000000 07:01 5215                       /usr/lib/jvm/java-13-openjdk-amd64/lib/modules
7f0e70000000-7f0e706b4000 rw-p 00000000 00:00 0 
7f0e706b4000-7f0e74000000 ---p 00000000 00:00 0 
7f0e74075000-7f0e740a6000 rw-p 00000000 00:00 0 
7f0e740a6000-7f0e740aa000 r--p 00000000 07:01 5204                       /usr/lib/jvm/java-13-openjdk-amd64/lib/libnet.so
7f0e740aa000-7f0e740b8000 r-xp 00004000 07:01 5204                       /usr/lib/jvm/java-13-openjdk-amd64/lib/libnet.so
7f0e740b8000-7f0e740bc000 r--p 00012000 07:01 5204                       /usr/lib/jvm/java-13-openjdk-amd64/lib/libnet.so
7f0e740bc000-7f0e740bd000 r--p 00015000 07:01 5204                       /usr/lib/jvm/java-13-openjdk-amd64/lib/libnet.so
7f0e740bd000-7f0e740be000 rw-p 00016000 07:01 5204                       /usr/lib/jvm/java-13-openjdk-amd64/lib/libnet.so
7f0e740be000-7f0e740c5000 r--p 00000000 07:01 5205                       /usr/lib/jvm/java-13-openjdk-amd64/lib/libnio.so
7f0e740c5000-7f0e740ce000 r-xp 00007000 07:01 5205                       /usr/lib/jvm/java-13-openjdk-amd64/lib/libnio.so
7f0e740ce000-7f0e740d2000 r--p 00010000 07:01 5205                       /usr/lib/jvm/java-13-openjdk-amd64/lib/libnio.so
7f0e740d2000-7f0e740d3000 r--p 00013000 07:01 5205                       /usr/lib/jvm/java-13-openjdk-amd64/lib/libnio.so
7f0e740d3000-7f0e740d4000 rw-p 00014000 07:01 5205                       /usr/lib/jvm/java-13-openjdk-amd64/lib/libnio.so
7f0e740d4000-7f0e740d8000 ---p 00000000 00:00 0 
7f0e740d8000-7f0e741d5000 rw-p 00000000 00:00 0 
7f0e741d5000-7f0e741d9000 ---p 00000000 00:00 0 
7f0e741d9000-7f0e742d6000 rw-p 00000000 00:00 0 
7f0e742d6000-7f0e742da000 ---p 00000000 00:00 0 
7f0e742da000-7f0e743d7000 rw-p 00000000 00:00 0 
7f0e743d7000-7f0e743db000 ---p 00000000 00:00 0 
7f0e743db000-7f0e744d8000 rw-p 00000000 00:00 0 
7f0e744d8000-7f0e744dc000 ---p 00000000 00:00 0 
7f0e744dc000-7f0e745d9000 rw-p 00000000 00:00 0 
7f0e745d9000-7f0e745dd000 ---p 00000000 00:00 0 
7f0e745dd000-7f0e746da000 rw-p 00000000 00:00 0 
7f0e746da000-7f0e746e1000 r--s 00000000 07:01 8532                       /usr/lib/x86_64-linux-gnu/gconv/gconv-modules.cache
7f0e746e1000-7f0e74713000 r--p 00000000 07:01 5276                       /usr/lib/locale/C.UTF-8/LC_CTYPE
7f0e74713000-7f0e74717000 ---p 00000000 00:00 0 
7f0e74717000-7f0e74814000 rw-p 00000000 00:00 0 
7f0e74814000-7f0e74818000 ---p 00000000 00:00 0 
7f0e74818000-7f0e74915000 rw-p 00000000 00:00 0 
7f0e74915000-7f0e74916000 ---p 00000000 00:00 0 
7f0e74916000-7f0e75334000 rw-p 00000000 00:00 0 
7f0e75334000-7f0e7533a000 rw-p 00000000 00:00 0 
7f0e7533a000-7f0e7541f000 ---p 00000000 00:00 0 
7f0e7541f000-7f0e7542e000 rw-p 00000000 00:00 0 
7f0e7542e000-7f0e7550a000 ---p 00000000 00:00 0 
7f0e7550a000-7f0e7550f000 rw-p 00000000 00:00 0 
7f0e7550f000-7f0e75516000 ---p 00000000 00:00 0 
7f0e75516000-7f0e75518000 r--p 00000000 07:01 5214                       /usr/lib/jvm/java-13-openjdk-amd64/lib/libzip.so
7f0e75518000-7f0e7551c000 r-xp 00002000 07:01 5214                       /usr/lib/jvm/java-13-openjdk-amd64/lib/libzip.so
7f0e7551c000-7f0e7551e000 r--p 00006000 07:01 5214                       /usr/lib/jvm/java-13-openjdk-amd64/lib/libzip.so
7f0e7551e000-7f0e7551f000 r--p 00007000 07:01 5214                       /usr/lib/jvm/java-13-openjdk-amd64/lib/libzip.so
7f0e7551f000-7f0e75520000 rw-p 00008000 07:01 5214                       /usr/lib/jvm/java-13-openjdk-amd64/lib/libzip.so
7f0e75520000-7f0e75528000 rw-s 00000000 08:03 67232221                   /tmp/hsperfdata_rcabanas/53133
7f0e75528000-7f0e7552b000 r--p 00000000 07:01 9108                       /usr/lib/x86_64-linux-gnu/libnss_files-2.31.so
7f0e7552b000-7f0e75532000 r-xp 00003000 07:01 9108                       /usr/lib/x86_64-linux-gnu/libnss_files-2.31.so
7f0e75532000-7f0e75534000 r--p 0000a000 07:01 9108                       /usr/lib/x86_64-linux-gnu/libnss_files-2.31.so
7f0e75534000-7f0e75535000 r--p 0000b000 07:01 9108                       /usr/lib/x86_64-linux-gnu/libnss_files-2.31.so
7f0e75535000-7f0e75536000 rw-p 0000c000 07:01 9108                       /usr/lib/x86_64-linux-gnu/libnss_files-2.31.so
7f0e75536000-7f0e7553c000 rw-p 00000000 00:00 0 
7f0e75542000-7f0e75544000 r--p 00000000 07:01 5195                       /usr/lib/jvm/java-13-openjdk-amd64/lib/libjimage.so
7f0e75544000-7f0e75547000 r-xp 00002000 07:01 5195                       /usr/lib/jvm/java-13-openjdk-amd64/lib/libjimage.so
7f0e75547000-7f0e75548000 r--p 00005000 07:01 5195                       /usr/lib/jvm/java-13-openjdk-amd64/lib/libjimage.so
7f0e75548000-7f0e75549000 ---p 00006000 07:01 5195                       /usr/lib/jvm/java-13-openjdk-amd64/lib/libjimage.so
7f0e75549000-7f0e7554a000 r--p 00006000 07:01 5195                       /usr/lib/jvm/java-13-openjdk-amd64/lib/libjimage.so
7f0e7554a000-7f0e7554b000 rw-p 00007000 07:01 5195                       /usr/lib/jvm/java-13-openjdk-amd64/lib/libjimage.so
7f0e7554b000-7f0e75558000 r--p 00000000 07:01 5191                       /usr/lib/jvm/java-13-openjdk-amd64/lib/libjava.so
7f0e75558000-7f0e7556d000 r-xp 0000d000 07:01 5191                       /usr/lib/jvm/java-13-openjdk-amd64/lib/libjava.so
7f0e7556d000-7f0e75573000 r--p 00022000 07:01 5191                       /usr/lib/jvm/java-13-openjdk-amd64/lib/libjava.so
7f0e75573000-7f0e75574000 ---p 00028000 07:01 5191                       /usr/lib/jvm/java-13-openjdk-amd64/lib/libjava.so
7f0e75574000-7f0e75575000 r--p 00028000 07:01 5191                       /usr/lib/jvm/java-13-openjdk-amd64/lib/libjava.so
7f0e75575000-7f0e75577000 rw-p 00029000 07:01 5191                       /usr/lib/jvm/java-13-openjdk-amd64/lib/libjava.so
7f0e75577000-7f0e7557c000 r--p 00000000 07:01 5213                       /usr/lib/jvm/java-13-openjdk-amd64/lib/libverify.so
7f0e7557c000-7f0e75583000 r-xp 00005000 07:01 5213                       /usr/lib/jvm/java-13-openjdk-amd64/lib/libverify.so
7f0e75583000-7f0e75585000 r--p 0000c000 07:01 5213                       /usr/lib/jvm/java-13-openjdk-amd64/lib/libverify.so
7f0e75585000-7f0e75586000 ---p 0000e000 07:01 5213                       /usr/lib/jvm/java-13-openjdk-amd64/lib/libverify.so
7f0e75586000-7f0e75588000 r--p 0000e000 07:01 5213                       /usr/lib/jvm/java-13-openjdk-amd64/lib/libverify.so
7f0e75588000-7f0e75589000 rw-p 00010000 07:01 5213                       /usr/lib/jvm/java-13-openjdk-amd64/lib/libverify.so
7f0e75589000-7f0e7558d000 ---p 00000000 00:00 0 
7f0e7558d000-7f0e7568a000 rw-p 00000000 00:00 0 
7f0e7568a000-7f0e7568d000 r--p 00000000 07:01 8948                       /usr/lib/x86_64-linux-gnu/libgcc_s.so.1
7f0e7568d000-7f0e7569f000 r-xp 00003000 07:01 8948                       /usr/lib/x86_64-linux-gnu/libgcc_s.so.1
7f0e7569f000-7f0e756a3000 r--p 00015000 07:01 8948                       /usr/lib/x86_64-linux-gnu/libgcc_s.so.1
7f0e756a3000-7f0e756a4000 r--p 00018000 07:01 8948                       /usr/lib/x86_64-linux-gnu/libgcc_s.so.1
7f0e756a4000-7f0e756a5000 rw-p 00019000 07:01 8948                       /usr/lib/x86_64-linux-gnu/libgcc_s.so.1
7f0e756a5000-7f0e756b2000 r--p 00000000 07:01 9062                       /usr/lib/x86_64-linux-gnu/libm-2.31.so
7f0e756b2000-7f0e75759000 r-xp 0000d000 07:01 9062                       /usr/lib/x86_64-linux-gnu/libm-2.31.so
7f0e75759000-7f0e757f2000 r--p 000b4000 07:01 9062                       /usr/lib/x86_64-linux-gnu/libm-2.31.so
7f0e757f2000-7f0e757f3000 r--p 0014c000 07:01 9062                       /usr/lib/x86_64-linux-gnu/libm-2.31.so
7f0e757f3000-7f0e757f4000 rw-p 0014d000 07:01 9062                       /usr/lib/x86_64-linux-gnu/libm-2.31.so
7f0e757f4000-7f0e7588a000 r--p 00000000 07:01 9213                       /usr/lib/x86_64-linux-gnu/libstdc++.so.6.0.28
7f0e7588a000-7f0e7597b000 r-xp 00096000 07:01 9213                       /usr/lib/x86_64-linux-gnu/libstdc++.so.6.0.28
7f0e7597b000-7f0e759c4000 r--p 00187000 07:01 9213                       /usr/lib/x86_64-linux-gnu/libstdc++.so.6.0.28
7f0e759c4000-7f0e759c5000 ---p 001d0000 07:01 9213                       /usr/lib/x86_64-linux-gnu/libstdc++.so.6.0.28
7f0e759c5000-7f0e759d0000 r--p 001d0000 07:01 9213                       /usr/lib/x86_64-linux-gnu/libstdc++.so.6.0.28
7f0e759d0000-7f0e759d3000 rw-p 001db000 07:01 9213                       /usr/lib/x86_64-linux-gnu/libstdc++.so.6.0.28
7f0e759d3000-7f0e759d6000 rw-p 00000000 00:00 0 
7f0e759d6000-7f0e75c5c000 r--p 00000000 07:01 5226                       /usr/lib/jvm/java-13-openjdk-amd64/lib/server/libjvm.so
7f0e75c5c000-7f0e769d9000 r-xp 00286000 07:01 5226                       /usr/lib/jvm/java-13-openjdk-amd64/lib/server/libjvm.so
7f0e769d9000-7f0e76c54000 r--p 01003000 07:01 5226                       /usr/lib/jvm/java-13-openjdk-amd64/lib/server/libjvm.so
7f0e76c54000-7f0e76d19000 r--p 0127d000 07:01 5226                       /usr/lib/jvm/java-13-openjdk-amd64/lib/server/libjvm.so
7f0e76d19000-7f0e76d54000 rw-p 01342000 07:01 5226                       /usr/lib/jvm/java-13-openjdk-amd64/lib/server/libjvm.so
7f0e76d54000-7f0e76dda000 rw-p 00000000 00:00 0 
7f0e76dda000-7f0e76de0000 r--p 00000000 07:01 9166                       /usr/lib/x86_64-linux-gnu/libpthread-2.31.so
7f0e76de0000-7f0e76df1000 r-xp 00006000 07:01 9166                       /usr/lib/x86_64-linux-gnu/libpthread-2.31.so
7f0e76df1000-7f0e76df7000 r--p 00017000 07:01 9166                       /usr/lib/x86_64-linux-gnu/libpthread-2.31.so
7f0e76df7000-7f0e76df8000 r--p 0001c000 07:01 9166                       /usr/lib/x86_64-linux-gnu/libpthread-2.31.so
7f0e76df8000-7f0e76df9000 rw-p 0001d000 07:01 9166                       /usr/lib/x86_64-linux-gnu/libpthread-2.31.so
7f0e76df9000-7f0e76dfd000 rw-p 00000000 00:00 0 
7f0e76dfd000-7f0e76dfe000 r--p 00000000 07:01 8893                       /usr/lib/x86_64-linux-gnu/libdl-2.31.so
7f0e76dfe000-7f0e76e00000 r-xp 00001000 07:01 8893                       /usr/lib/x86_64-linux-gnu/libdl-2.31.so
7f0e76e00000-7f0e76e01000 r--p 00003000 07:01 8893                       /usr/lib/x86_64-linux-gnu/libdl-2.31.so
7f0e76e01000-7f0e76e02000 r--p 00003000 07:01 8893                       /usr/lib/x86_64-linux-gnu/libdl-2.31.so
7f0e76e02000-7f0e76e03000 rw-p 00004000 07:01 8893                       /usr/lib/x86_64-linux-gnu/libdl-2.31.so
7f0e76e03000-7f0e76e05000 r--p 00000000 07:01 9290                       /usr/lib/x86_64-linux-gnu/libz.so.1.2.11
7f0e76e05000-7f0e76e16000 r-xp 00002000 07:01 9290                       /usr/lib/x86_64-linux-gnu/libz.so.1.2.11
7f0e76e16000-7f0e76e1c000 r--p 00013000 07:01 9290                       /usr/lib/x86_64-linux-gnu/libz.so.1.2.11
7f0e76e1c000-7f0e76e1d000 ---p 00019000 07:01 9290                       /usr/lib/x86_64-linux-gnu/libz.so.1.2.11
7f0e76e1d000-7f0e76e1e000 r--p 00019000 07:01 9290                       /usr/lib/x86_64-linux-gnu/libz.so.1.2.11
7f0e76e1e000-7f0e76e1f000 rw-p 0001a000 07:01 9290                       /usr/lib/x86_64-linux-gnu/libz.so.1.2.11
7f0e76e1f000-7f0e76e41000 r--p 00000000 07:01 8851                       /usr/lib/x86_64-linux-gnu/libc-2.31.so
7f0e76e41000-7f0e76fb9000 r-xp 00022000 07:01 8851                       /usr/lib/x86_64-linux-gnu/libc-2.31.so
7f0e76fb9000-7f0e77007000 r--p 0019a000 07:01 8851                       /usr/lib/x86_64-linux-gnu/libc-2.31.so
7f0e77007000-7f0e7700b000 r--p 001e7000 07:01 8851                       /usr/lib/x86_64-linux-gnu/libc-2.31.so
7f0e7700b000-7f0e7700d000 rw-p 001eb000 07:01 8851                       /usr/lib/x86_64-linux-gnu/libc-2.31.so
7f0e7700d000-7f0e77011000 rw-p 00000000 00:00 0 
7f0e77013000-7f0e77015000 r--s 0000c000 07:01 20930                      /usr/share/java/java-atk-wrapper.jar
7f0e77015000-7f0e77016000 ---p 00000000 00:00 0 
7f0e77016000-7f0e77017000 r--p 00000000 00:00 0 
7f0e77017000-7f0e7701a000 r--p 00000000 07:01 5196                       /usr/lib/jvm/java-13-openjdk-amd64/lib/libjli.so
7f0e7701a000-7f0e77024000 r-xp 00003000 07:01 5196                       /usr/lib/jvm/java-13-openjdk-amd64/lib/libjli.so
7f0e77024000-7f0e77027000 r--p 0000d000 07:01 5196                       /usr/lib/jvm/java-13-openjdk-amd64/lib/libjli.so
7f0e77027000-7f0e77028000 r--p 0000f000 07:01 5196                       /usr/lib/jvm/java-13-openjdk-amd64/lib/libjli.so
7f0e77028000-7f0e77029000 rw-p 00010000 07:01 5196                       /usr/lib/jvm/java-13-openjdk-amd64/lib/libjli.so
7f0e77029000-7f0e7702b000 rw-p 00000000 00:00 0 
7f0e7702b000-7f0e7702c000 r--p 00000000 07:01 8572                       /usr/lib/x86_64-linux-gnu/ld-2.31.so
7f0e7702c000-7f0e7704f000 r-xp 00001000 07:01 8572                       /usr/lib/x86_64-linux-gnu/ld-2.31.so
7f0e7704f000-7f0e77057000 r--p 00024000 07:01 8572                       /usr/lib/x86_64-linux-gnu/ld-2.31.so
7f0e77057000-7f0e77058000 ---p 00000000 00:00 0 
7f0e77058000-7f0e77059000 r--p 0002c000 07:01 8572                       /usr/lib/x86_64-linux-gnu/ld-2.31.so
7f0e77059000-7f0e7705a000 rw-p 0002d000 07:01 8572                       /usr/lib/x86_64-linux-gnu/ld-2.31.so
7f0e7705a000-7f0e7705b000 rw-p 00000000 00:00 0 
7ffc6c79d000-7ffc6c7be000 rw-p 00000000 00:00 0                          [stack]
7ffc6c7e8000-7ffc6c7ea000 r-xp 00000000 00:00 0                          [vdso]
ffffffffff600000-ffffffffff601000 r-xp 00000000 00:00 0                  [vsyscall]


VM Arguments:
jvm_args: -Xmx64g --add-modules=ALL-DEFAULT 
java_command: jdk.compiler/com.sun.tools.javac.launcher.Main /mnt/beegfs/rcabanas/dev/credici/papers/journalEM/code/LearnAndCalculatePNS.java -w -x 1000 -m 500 -sc LLratio -th 0.999999 -a EMCC --seed 0 --output /mnt/beegfs/rcabanas/dev/credici/papers/journalEM/output/synthetic/s12 /mnt/beegfs/rcabanas/dev/credici/papers/journalEM/models/synthetic/s12/random_mc2_n8_mid3_d1000_05_mr098_r10_71.uai
java_class_path (initial): /mnt/beegfs/rcabanas/dev/credici/target/credici-0.1.3-jar-with-dependencies.jar
Launcher Type: SUN_STANDARD

[Global flags]
     intx CICompilerCount                          = 2                                         {product} {ergonomic}
   size_t InitialHeapSize                          = 2147483648                                {product} {ergonomic}
   size_t MaxHeapSize                              = 68719476736                               {product} {command line}
   size_t MaxNewSize                               = 22906470400                               {product} {ergonomic}
   size_t MinHeapDeltaBytes                        = 196608                                    {product} {ergonomic}
   size_t MinHeapSize                              = 8388608                                   {product} {ergonomic}
   size_t NewSize                                  = 715784192                                 {product} {ergonomic}
    uintx NonNMethodCodeHeapSize                   = 5826188                                {pd product} {ergonomic}
    uintx NonProfiledCodeHeapSize                  = 122916026                              {pd product} {ergonomic}
   size_t OldSize                                  = 1431699456                                {product} {ergonomic}
    uintx ProfiledCodeHeapSize                     = 122916026                              {pd product} {ergonomic}
    uintx ReservedCodeCacheSize                    = 251658240                              {pd product} {ergonomic}
     bool SegmentedCodeCache                       = true                                      {product} {ergonomic}
   size_t SoftMaxHeapSize                          = 68719476736                            {manageable} {ergonomic}
     bool UseSerialGC                              = true                                      {product} {ergonomic}

Logging:
Log output configuration:
 #0: stdout all=warning uptime,level,tags
 #1: stderr all=off uptime,level,tags

Environment Variables:
PATH=/usr/local/sbin:/usr/local/bin:/usr/sbin:/usr/bin:/sbin:/bin
LD_LIBRARY_PATH=/.singularity.d/libs

Signal Handlers:
SIGSEGV: [libjvm.so+0xf8fcf0], sa_mask[0]=11111111011111111101111111111110, sa_flags=SA_RESTART|SA_SIGINFO
SIGBUS: [libjvm.so+0xf8fcf0], sa_mask[0]=11111111011111111101111111111110, sa_flags=SA_RESTART|SA_SIGINFO
SIGFPE: [libjvm.so+0xf8fcf0], sa_mask[0]=11111111011111111101111111111110, sa_flags=SA_RESTART|SA_SIGINFO
SIGPIPE: [libjvm.so+0xc3ffa0], sa_mask[0]=11111111011111111101111111111110, sa_flags=SA_RESTART|SA_SIGINFO
SIGXFSZ: [libjvm.so+0xc3ffa0], sa_mask[0]=11111111011111111101111111111110, sa_flags=SA_RESTART|SA_SIGINFO
SIGILL: [libjvm.so+0xf8fcf0], sa_mask[0]=11111111011111111101111111111110, sa_flags=SA_RESTART|SA_SIGINFO
SIGUSR2: [libjvm.so+0xc3fe40], sa_mask[0]=00000000000000000000000000000000, sa_flags=SA_RESTART|SA_SIGINFO
SIGHUP: [libjvm.so+0xc40580], sa_mask[0]=11111111011111111101111111111110, sa_flags=SA_RESTART|SA_SIGINFO
SIGINT: [libjvm.so+0xc40580], sa_mask[0]=11111111011111111101111111111110, sa_flags=SA_RESTART|SA_SIGINFO
SIGTERM: [libjvm.so+0xc40580], sa_mask[0]=11111111011111111101111111111110, sa_flags=SA_RESTART|SA_SIGINFO
SIGQUIT: [libjvm.so+0xc40580], sa_mask[0]=11111111011111111101111111111110, sa_flags=SA_RESTART|SA_SIGINFO


---------------  S Y S T E M  ---------------

OS:DISTRIB_ID=Ubuntu
DISTRIB_RELEASE=20.04
DISTRIB_CODENAME=focal
DISTRIB_DESCRIPTION="Ubuntu 20.04.4 LTS"
uname:Linux 3.10.0-1160.15.2.el7.x86_64 #1 SMP Wed Feb 3 15:06:38 UTC 2021 x86_64
OS uptime: 514 days 18:57 hours
libc:glibc 2.31 NPTL 2.31 
rlimit (soft/hard): STACK 8192k/infinity , CORE 0k/infinity , NPROC 4096/1030217 , NOFILE 131072/131072 , AS infinity/infinity , CPU infinity/infinity , DATA infinity/infinity , FSIZE infinity/infinity , MEMLOCK infinity/infinity
load average:47.57 47.69 47.85

/proc/meminfo:
MemTotal:       263895364 kB
MemFree:         1049360 kB
MemAvailable:    1548412 kB
Buffers:          352560 kB
Cached:           865108 kB
SwapCached:        22640 kB
Active:         245877756 kB
Inactive:        7544148 kB
Active(anon):   245337652 kB
Inactive(anon):  6919056 kB
Active(file):     540104 kB
Inactive(file):   625092 kB
Unevictable:       23040 kB
Mlocked:           23040 kB
SwapTotal:       4194300 kB
SwapFree:          94192 kB
Dirty:               836 kB
Writeback:             0 kB
AnonPages:      252207832 kB
Mapped:           384204 kB
Shmem:             48000 kB
Slab:             797948 kB
SReclaimable:     208668 kB
SUnreclaim:       589280 kB
KernelStack:       39504 kB
PageTables:       556388 kB
NFS_Unstable:          0 kB
Bounce:                0 kB
WritebackTmp:          0 kB
CommitLimit:    136141980 kB
Committed_AS:   336350024 kB
VmallocTotal:   34359738367 kB
VmallocUsed:      862368 kB
VmallocChunk:   34222409240 kB
Percpu:            22016 kB
HardwareCorrupted:     0 kB
AnonHugePages:  86040576 kB
CmaTotal:              0 kB
CmaFree:               0 kB
HugePages_Total:       0
HugePages_Free:        0
HugePages_Rsvd:        0
HugePages_Surp:        0
Hugepagesize:       2048 kB
DirectMap4k:      505448 kB
DirectMap2M:    20328448 kB
DirectMap1G:    247463936 kB

/sys/kernel/mm/transparent_hugepage/enabled:
[always] madvise never

/sys/kernel/mm/transparent_hugepage/defrag (defrag/compaction efforts parameter):
[always] madvise never


/proc/sys/kernel/threads-max (system-wide limit on the number of threads):
2060435


/proc/sys/vm/max_map_count (maximum number of memory map areas a process may have):
65530


/proc/sys/kernel/pid_max (system-wide limit on number of process identifiers):
65536



Steal ticks since vm start: 0
Steal ticks percentage since vm start:  0.000

CPU:total 64 (initial active 1) (32 cores per cpu, 1 threads per core) family 23 model 49 stepping 0, cmov, cx8, fxsr, mmx, sse, sse2, sse3, ssse3, sse4.1, sse4.2, popcnt, avx, avx2, aes, clmul, mmxext, 3dnowpref, lzcnt, sse4a, tsc, tscinvbit, tscinv, bmi1, bmi2, adx, sha, fma
CPU Model and flags from /proc/cpuinfo:
model name	: AMD EPYC 7542 32-Core Processor
flags		: fpu vme de pse tsc msr pae mce cx8 apic sep mtrr pge mca cmov pat pse36 clflush mmx fxsr sse sse2 ht syscall nx mmxext fxsr_opt pdpe1gb rdtscp lm constant_tsc art rep_good nopl nonstop_tsc extd_apicid aperfmperf eagerfpu pni pclmulqdq monitor ssse3 fma cx16 sse4_1 sse4_2 movbe popcnt aes xsave avx f16c rdrand lahf_lm cmp_legacy svm extapic cr8_legacy abm sse4a misalignsse 3dnowprefetch osvw ibs skinit wdt tce topoext perfctr_core perfctr_nb bpext perfctr_l2 cpb cat_l3 cdp_l3 hw_pstate sme retpoline_amd ssbd ibrs ibpb stibp vmmcall fsgsbase bmi1 avx2 smep bmi2 cqm rdt_a rdseed adx smap clflushopt clwb sha_ni xsaveopt xsavec xgetbv1 cqm_llc cqm_occup_llc cqm_mbm_total cqm_mbm_local clzero irperf xsaveerptr arat npt lbrv svm_lock nrip_save tsc_scale vmcb_clean flushbyasid decodeassists pausefilter pfthreshold avic v_vmsave_vmload vgif umip overflow_recov succor smca
Online cpus:0-63
Offline cpus:
BIOS frequency limitation:2900000
Frequency switch latency (ns):0
Available cpu frequencies:2900000 2400000 1500000 
Current governor:conservative
Core performance/turbo boost:1

Memory: 4k page, physical 263895364k(1048832k free), swap 4194300k(94192k free)

vm_info: OpenJDK 64-Bit Server VM (13.0.7+5-Ubuntu-0ubuntu120.04) for linux-amd64 JRE (13.0.7+5-Ubuntu-0ubuntu120.04), built on Apr 21 2021 05:36:19 by "unknown" with gcc 9.3.0

END.
