#
# There is insufficient memory for the Java Runtime Environment to continue.
# Native memory allocation (mmap) failed to map 17330774016 bytes for committing reserved memory.
# Possible reasons:
#   The system is out of physical RAM or swap space
# Possible solutions:
#   Reduce memory load on the system
#   Increase physical memory or swap space
#   Check if swap backing store is full
#   Decrease Java heap size (-Xmx/-Xms)
#   Decrease number of Java threads
#   Decrease Java thread stack sizes (-Xss)
#   Set larger code cache with -XX:ReservedCodeCacheSize=
# This output file may be truncated or incomplete.
#
#  Out of Memory Error (os_linux.cpp:2899), pid=34848, tid=35059
#
# JRE version: OpenJDK Runtime Environment (13.0.7+5) (build 13.0.7+5-Ubuntu-0ubuntu120.04)
# Java VM: OpenJDK 64-Bit Server VM (13.0.7+5-Ubuntu-0ubuntu120.04, mixed mode, tiered, serial gc, linux-amd64)
# No core dump will be written. Core dumps have been disabled. To enable core dumping, try "ulimit -c unlimited" before starting Java again
#

---------------  S U M M A R Y ------------

Command Line: -Xmx64g --add-modules=ALL-DEFAULT jdk.compiler/com.sun.tools.javac.launcher.Main /mnt/beegfs/rcabanas/dev/credici/papers/journalEM/code/GenerateModel.java -n 11 -d 1000 -di 0.5 -mr 0.98 -r 1.0 --seed 93 --output /mnt/beegfs/rcabanas/dev/credici/papers/journalEM/models/synthetic/s1/ --debug

Host: AMD EPYC 7542 32-Core Processor, 64 cores, 251G, Ubuntu 20.04.4 LTS
Time: Tue Oct  4 09:30:38 2022 CEST elapsed time: 1978.091295 seconds (0d 0h 32m 58s)

---------------  T H R E A D  ---------------

Current thread (0x00007fb160097800):  VMThread "VM Thread" [stack: 0x00007fb166d58000,0x00007fb166e58000] [id=35059]

Stack: [0x00007fb166d58000,0x00007fb166e58000],  sp=0x00007fb166e56160,  free space=1016k
Native frames: (J=compiled Java code, A=aot compiled Java code, j=interpreted, Vv=VM code, C=native code)
V  [libjvm.so+0xf8f092]
V  [libjvm.so+0xf8fc91]
V  [libjvm.so+0x66ee5a]
V  [libjvm.so+0xc44a41]
V  [libjvm.so+0xc3b263]
V  [libjvm.so+0xf87f4b]
V  [libjvm.so+0x557506]
V  [libjvm.so+0x557723]
V  [libjvm.so+0xf18b0c]
V  [libjvm.so+0x557e65]
V  [libjvm.so+0x7e2edb]
V  [libjvm.so+0x7e39bd]
V  [libjvm.so+0x7d8b48]
V  [libjvm.so+0xf90940]
V  [libjvm.so+0xf96657]
V  [libjvm.so+0xf96d2b]
V  [libjvm.so+0xf9706a]
V  [libjvm.so+0xf2208f]
V  [libjvm.so+0xc493ff]

VM_Operation (0x00007fb167ac7830): GenCollectForAllocation, mode: safepoint, requested by thread 0x00007fb160018000


---------------  P R O C E S S  ---------------

Threads class SMR info:
_java_thread_list=0x00007fa110001730, length=9, elements={
0x00007fb160018000, 0x00007fb1600a3800, 0x00007fb1600a7000, 0x00007fb1600cb800,
0x00007fb1600cd000, 0x00007fb1600cf000, 0x00007fb1600d1000, 0x00007fb1600d3000,
0x00007fb160135000
}

Java Threads: ( => current thread )
  0x00007fb160018000 JavaThread "main" [_thread_blocked, id=34919, stack(0x00007fb1679ca000,0x00007fb167acb000)]
  0x00007fb1600a3800 JavaThread "Reference Handler" daemon [_thread_blocked, id=35069, stack(0x00007fb166c55000,0x00007fb166d56000)]
  0x00007fb1600a7000 JavaThread "Finalizer" daemon [_thread_blocked, id=35070, stack(0x00007fb166b54000,0x00007fb166c55000)]
  0x00007fb1600cb800 JavaThread "Signal Dispatcher" daemon [_thread_blocked, id=35085, stack(0x00007fb166a1a000,0x00007fb166b1b000)]
  0x00007fb1600cd000 JavaThread "Service Thread" daemon [_thread_blocked, id=35086, stack(0x00007fb166919000,0x00007fb166a1a000)]
  0x00007fb1600cf000 JavaThread "C2 CompilerThread0" daemon [_thread_blocked, id=35087, stack(0x00007fb166818000,0x00007fb166919000)]
  0x00007fb1600d1000 JavaThread "C1 CompilerThread0" daemon [_thread_blocked, id=35089, stack(0x00007fb166717000,0x00007fb166818000)]
  0x00007fb1600d3000 JavaThread "Sweeper thread" daemon [_thread_blocked, id=35094, stack(0x00007fb166616000,0x00007fb166717000)]
  0x00007fb160135000 JavaThread "Common-Cleaner" daemon [_thread_blocked, id=35188, stack(0x00007fb166515000,0x00007fb166616000)]

Other Threads:
=>0x00007fb160097800 VMThread "VM Thread" [stack: 0x00007fb166d58000,0x00007fb166e58000] [id=35059]
  0x00007fb160182000 WatcherThread [stack: 0x00007fb166415000,0x00007fb166515000] [id=35211]

Threads with active compile tasks:

VM state:at safepoint (normal execution)

VM Mutex/Monitor currently owned by a thread:  ([mutex/lock_event])
[0x00007fb160014100] Threads_lock - owner thread: 0x00007fb160097800
[0x00007fb160014d00] Heap_lock - owner thread: 0x00007fb160018000

Heap:
 def new generation   total 12214016K, used 0K [0x00007fa148600000, 0x00007fa484b00000, 0x00007fa69db50000)
  eden space 10856960K,   0% used [0x00007fa148600000, 0x00007fa148600000, 0x00007fa3df080000)
  from space 1357056K,   0% used [0x00007fa431dc0000, 0x00007fa431dc0000, 0x00007fa484b00000)
  to   space 1357056K,   0% used [0x00007fa3df080000, 0x00007fa3df080000, 0x00007fa431dc0000)
 tenured generation   total 27781584K, used 26823700K [0x00007fa69db50000, 0x00007fad3d5c4000, 0x00007fb148600000)
   the space 27781584K,  96% used [0x00007fa69db50000, 0x00007fad02e55318, 0x00007fad02e55400, 0x00007fad3d5c4000)
 Metaspace       used 31407K, capacity 31805K, committed 32000K, reserved 32768K

Card table byte_map: [0x00007fa1405ff000,0x00007fa148600000] _byte_map_base: 0x00007f616fbbc000

Polling page: 0x00007fb169456000

Metaspace:

Usage:
   31.06 MB capacity,    30.67 MB ( 99%) used,   276.75 KB ( <1%) free+waste,   120.31 KB ( <1%) overhead. 

Virtual space:
     32.00 MB reserved,      31.25 MB ( 98%) committed 

Chunk freelists:
7.00 KB

MaxMetaspaceSize: unlimited


CodeHeap 'non-profiled nmethods': size=120036Kb used=4612Kb max_used=4630Kb free=115423Kb
 bounds [0x00007fb150251000, 0x00007fb1506e1000, 0x00007fb15778a000]
CodeHeap 'profiled nmethods': size=120032Kb used=8297Kb max_used=9135Kb free=111734Kb
 bounds [0x00007fb148d19000, 0x00007fb149639000, 0x00007fb150251000]
CodeHeap 'non-nmethods': size=5692Kb used=1254Kb max_used=1312Kb free=4437Kb
 bounds [0x00007fb14878a000, 0x00007fb1489fa000, 0x00007fb148d19000]
 total_blobs=5251 nmethods=4713 adapters=453
 compilation: enabled
              stopped_count=0, restarted_count=0
 full_count=0

Compilation events (20 events):
Event: 546.717 Thread 0x00007fb1600cf000 6384       4       ch.javasoft.metabolic.efm.column.AdjCandidates::size (8 bytes)
Event: 546.717 Thread 0x00007fb1600cf000 nmethod 6384 0x00007fb1506cfb90 code [0x00007fb1506cfd00, 0x00007fb1506cfd58]
Event: 546.717 Thread 0x00007fb1600cf000 6385       4       ch.javasoft.metabolic.efm.column.AdjCandidates::getIntersectionCardinality (30 bytes)
Event: 546.721 Thread 0x00007fb1600cf000 nmethod 6385 0x00007fb1506cfe90 code [0x00007fb1506d0060, 0x00007fb1506d05d8]
Event: 546.721 Thread 0x00007fb1600d1000 6386       3       ch.javasoft.metabolic.efm.adj.incore.tree.UnaryLeaf::addAdjacentPairs (154 bytes)
Event: 546.723 Thread 0x00007fb1600d1000 nmethod 6386 0x00007fb149422d90 code [0x00007fb149423360, 0x00007fb149426360]
Event: 546.765 Thread 0x00007fb1600cf000 6387       4       ch.javasoft.metabolic.efm.adj.incore.tree.UnaryLeaf::addAdjacentPairs (154 bytes)
Event: 546.793 Thread 0x00007fb1600cf000 nmethod 6387 0x00007fb1506d0c90 code [0x00007fb1506d0ee0, 0x00007fb1506d2168]
Event: 612.889 Thread 0x00007fb1600d1000 6388       3       ch.javasoft.math.BigFraction::subtract (102 bytes)
Event: 612.890 Thread 0x00007fb1600d1000 nmethod 6388 0x00007fb148d1f810 code [0x00007fb148d1fa80, 0x00007fb148d20200]
Event: 1812.843 Thread 0x00007fb1600d1000 6389       3       ch.javasoft.math.BigFraction::gcd (151 bytes)
Event: 1812.859 Thread 0x00007fb1600cf000 6391       4       ch.javasoft.math.BigFraction::subtract (102 bytes)
Event: 1812.891 Thread 0x00007fb1600d1000 nmethod 6389 0x00007fb1495ebe90 code [0x00007fb1495ec100, 0x00007fb1495eca40]
Event: 1812.891 Thread 0x00007fb1600d1000 6390       2       ch.javasoft.math.ops.BigFractionOperations::reduceVector (67 bytes)
Event: 1812.892 Thread 0x00007fb1600d1000 nmethod 6390 0x00007fb1495eb590 code [0x00007fb1495eb780, 0x00007fb1495ebb50]
Event: 1812.969 Thread 0x00007fb1600cf000 nmethod 6391 0x00007fb1506d3310 code [0x00007fb1506d35e0, 0x00007fb1506d5470]
Event: 1812.970 Thread 0x00007fb1600cf000 6393       4       ch.javasoft.math.ops.BigFractionOperations::reduceVector (67 bytes)
Event: 1813.021 Thread 0x00007fb1600cf000 nmethod 6393 0x00007fb1506ab890 code [0x00007fb1506abb20, 0x00007fb1506acf30]
Event: 1813.021 Thread 0x00007fb1600cf000 6392       4       ch.javasoft.math.BigFraction::gcd (151 bytes)
Event: 1813.049 Thread 0x00007fb1600cf000 nmethod 6392 0x00007fb1503f2e90 code [0x00007fb1503f30c0, 0x00007fb1503f3e78]

GC Heap History (20 events):
Event: 1873.169 GC heap after
{Heap after GC invocations=326 (full 19):
 def new generation   total 12214016K, used 813549K [0x00007fa148600000, 0x00007fa484b00000, 0x00007fa69db50000)
  eden space 10856960K,   0% used [0x00007fa148600000, 0x00007fa148600000, 0x00007fa3df080000)
  from space 1357056K,  59% used [0x00007fa3df080000, 0x00007fa410afb6c8, 0x00007fa431dc0000)
  to   space 1357056K,   0% used [0x00007fa431dc0000, 0x00007fa431dc0000, 0x00007fa484b00000)
 tenured generation   total 27142032K, used 20328474K [0x00007fa69db50000, 0x00007fad16534000, 0x00007fb148600000)
   the space 27142032K,  74% used [0x00007fa69db50000, 0x00007fab767568b8, 0x00007fab76756a00, 0x00007fad16534000)
 Metaspace       used 31407K, capacity 31805K, committed 32000K, reserved 32768K
}
Event: 1875.864 GC heap before
{Heap before GC invocations=326 (full 19):
 def new generation   total 12214016K, used 11670509K [0x00007fa148600000, 0x00007fa484b00000, 0x00007fa69db50000)
  eden space 10856960K, 100% used [0x00007fa148600000, 0x00007fa3df080000, 0x00007fa3df080000)
  from space 1357056K,  59% used [0x00007fa3df080000, 0x00007fa410afb6c8, 0x00007fa431dc0000)
  to   space 1357056K,   0% used [0x00007fa431dc0000, 0x00007fa431dc0000, 0x00007fa484b00000)
 tenured generation   total 27142032K, used 20328474K [0x00007fa69db50000, 0x00007fad16534000, 0x00007fb148600000)
   the space 27142032K,  74% used [0x00007fa69db50000, 0x00007fab767568b8, 0x00007fab76756a00, 0x00007fad16534000)
 Metaspace       used 31407K, capacity 31805K, committed 32000K, reserved 32768K
}
Event: 1878.206 GC heap after
{Heap after GC invocations=327 (full 19):
 def new generation   total 12214016K, used 814491K [0x00007fa148600000, 0x00007fa484b00000, 0x00007fa69db50000)
  eden space 10856960K,   0% used [0x00007fa148600000, 0x00007fa148600000, 0x00007fa3df080000)
  from space 1357056K,  60% used [0x00007fa431dc0000, 0x00007fa463926dd0, 0x00007fa484b00000)
  to   space 1357056K,   0% used [0x00007fa3df080000, 0x00007fa3df080000, 0x00007fa431dc0000)
 tenured generation   total 27142032K, used 21142023K [0x00007fa69db50000, 0x00007fad16534000, 0x00007fb148600000)
   the space 27142032K,  77% used [0x00007fa69db50000, 0x00007faba81d1cb0, 0x00007faba81d1e00, 0x00007fad16534000)
 Metaspace       used 31407K, capacity 31805K, committed 32000K, reserved 32768K
}
Event: 1880.868 GC heap before
{Heap before GC invocations=327 (full 19):
 def new generation   total 12214016K, used 11671451K [0x00007fa148600000, 0x00007fa484b00000, 0x00007fa69db50000)
  eden space 10856960K, 100% used [0x00007fa148600000, 0x00007fa3df080000, 0x00007fa3df080000)
  from space 1357056K,  60% used [0x00007fa431dc0000, 0x00007fa463926dd0, 0x00007fa484b00000)
  to   space 1357056K,   0% used [0x00007fa3df080000, 0x00007fa3df080000, 0x00007fa431dc0000)
 tenured generation   total 27142032K, used 21142023K [0x00007fa69db50000, 0x00007fad16534000, 0x00007fb148600000)
   the space 27142032K,  77% used [0x00007fa69db50000, 0x00007faba81d1cb0, 0x00007faba81d1e00, 0x00007fad16534000)
 Metaspace       used 31407K, capacity 31805K, committed 32000K, reserved 32768K
}
Event: 1883.207 GC heap after
{Heap after GC invocations=328 (full 19):
 def new generation   total 12214016K, used 820141K [0x00007fa148600000, 0x00007fa484b00000, 0x00007fa69db50000)
  eden space 10856960K,   0% used [0x00007fa148600000, 0x00007fa148600000, 0x00007fa3df080000)
  from space 1357056K,  60% used [0x00007fa3df080000, 0x00007fa41116b630, 0x00007fa431dc0000)
  to   space 1357056K,   0% used [0x00007fa431dc0000, 0x00007fa431dc0000, 0x00007fa484b00000)
 tenured generation   total 27142032K, used 21956514K [0x00007fa69db50000, 0x00007fad16534000, 0x00007fb148600000)
   the space 27142032K,  80% used [0x00007fa69db50000, 0x00007fabd9d389c0, 0x00007fabd9d38a00, 0x00007fad16534000)
 Metaspace       used 31407K, capacity 31805K, committed 32000K, reserved 32768K
}
Event: 1886.252 GC heap before
{Heap before GC invocations=328 (full 19):
 def new generation   total 12214016K, used 11677101K [0x00007fa148600000, 0x00007fa484b00000, 0x00007fa69db50000)
  eden space 10856960K, 100% used [0x00007fa148600000, 0x00007fa3df080000, 0x00007fa3df080000)
  from space 1357056K,  60% used [0x00007fa3df080000, 0x00007fa41116b630, 0x00007fa431dc0000)
  to   space 1357056K,   0% used [0x00007fa431dc0000, 0x00007fa431dc0000, 0x00007fa484b00000)
 tenured generation   total 27142032K, used 21956514K [0x00007fa69db50000, 0x00007fad16534000, 0x00007fb148600000)
   the space 27142032K,  80% used [0x00007fa69db50000, 0x00007fabd9d389c0, 0x00007fabd9d38a00, 0x00007fad16534000)
 Metaspace       used 31407K, capacity 31805K, committed 32000K, reserved 32768K
}
Event: 1888.911 GC heap after
{Heap after GC invocations=329 (full 19):
 def new generation   total 12214016K, used 971612K [0x00007fa148600000, 0x00007fa484b00000, 0x00007fa69db50000)
  eden space 10856960K,   0% used [0x00007fa148600000, 0x00007fa148600000, 0x00007fa3df080000)
  from space 1357056K,  71% used [0x00007fa431dc0000, 0x00007fa46d297090, 0x00007fa484b00000)
  to   space 1357056K,   0% used [0x00007fa3df080000, 0x00007fa3df080000, 0x00007fa431dc0000)
 tenured generation   total 27142032K, used 22776655K [0x00007fa69db50000, 0x00007fad16534000, 0x00007fb148600000)
   the space 27142032K,  83% used [0x00007fa69db50000, 0x00007fac0be23db0, 0x00007fac0be23e00, 0x00007fad16534000)
 Metaspace       used 31407K, capacity 31805K, committed 32000K, reserved 32768K
}
Event: 1891.980 GC heap before
{Heap before GC invocations=329 (full 19):
 def new generation   total 12214016K, used 11828572K [0x00007fa148600000, 0x00007fa484b00000, 0x00007fa69db50000)
  eden space 10856960K, 100% used [0x00007fa148600000, 0x00007fa3df080000, 0x00007fa3df080000)
  from space 1357056K,  71% used [0x00007fa431dc0000, 0x00007fa46d297090, 0x00007fa484b00000)
  to   space 1357056K,   0% used [0x00007fa3df080000, 0x00007fa3df080000, 0x00007fa431dc0000)
 tenured generation   total 27142032K, used 22776655K [0x00007fa69db50000, 0x00007fad16534000, 0x00007fb148600000)
   the space 27142032K,  83% used [0x00007fa69db50000, 0x00007fac0be23db0, 0x00007fac0be23e00, 0x00007fad16534000)
 Metaspace       used 31407K, capacity 31805K, committed 32000K, reserved 32768K
}
Event: 1894.541 GC heap after
{Heap after GC invocations=330 (full 19):
 def new generation   total 12214016K, used 802820K [0x00007fa148600000, 0x00007fa484b00000, 0x00007fa69db50000)
  eden space 10856960K,   0% used [0x00007fa148600000, 0x00007fa148600000, 0x00007fa3df080000)
  from space 1357056K,  59% used [0x00007fa3df080000, 0x00007fa410081210, 0x00007fa431dc0000)
  to   space 1357056K,   0% used [0x00007fa431dc0000, 0x00007fa431dc0000, 0x00007fa484b00000)
 tenured generation   total 27142032K, used 23748266K [0x00007fa69db50000, 0x00007fad16534000, 0x00007fb148600000)
   the space 27142032K,  87% used [0x00007fa69db50000, 0x00007fac472fa920, 0x00007fac472faa00, 0x00007fad16534000)
 Metaspace       used 31407K, capacity 31805K, committed 32000K, reserved 32768K
}
Event: 1897.802 GC heap before
{Heap before GC invocations=330 (full 19):
 def new generation   total 12214016K, used 11659780K [0x00007fa148600000, 0x00007fa484b00000, 0x00007fa69db50000)
  eden space 10856960K, 100% used [0x00007fa148600000, 0x00007fa3df080000, 0x00007fa3df080000)
  from space 1357056K,  59% used [0x00007fa3df080000, 0x00007fa410081210, 0x00007fa431dc0000)
  to   space 1357056K,   0% used [0x00007fa431dc0000, 0x00007fa431dc0000, 0x00007fa484b00000)
 tenured generation   total 27142032K, used 23748266K [0x00007fa69db50000, 0x00007fad16534000, 0x00007fb148600000)
   the space 27142032K,  87% used [0x00007fa69db50000, 0x00007fac472fa920, 0x00007fac472faa00, 0x00007fad16534000)
 Metaspace       used 31407K, capacity 31805K, committed 32000K, reserved 32768K
}
Event: 1900.315 GC heap after
{Heap after GC invocations=331 (full 19):
 def new generation   total 12214016K, used 802297K [0x00007fa148600000, 0x00007fa484b00000, 0x00007fa69db50000)
  eden space 10856960K,   0% used [0x00007fa148600000, 0x00007fa148600000, 0x00007fa3df080000)
  from space 1357056K,  59% used [0x00007fa431dc0000, 0x00007fa462d3e5c0, 0x00007fa484b00000)
  to   space 1357056K,   0% used [0x00007fa3df080000, 0x00007fa3df080000, 0x00007fa431dc0000)
 tenured generation   total 27142032K, used 24551086K [0x00007fa69db50000, 0x00007fad16534000, 0x00007fb148600000)
   the space 27142032K,  90% used [0x00007fa69db50000, 0x00007fac782fb990, 0x00007fac782fba00, 0x00007fad16534000)
 Metaspace       used 31407K, capacity 31805K, committed 32000K, reserved 32768K
}
Event: 1903.295 GC heap before
{Heap before GC invocations=331 (full 19):
 def new generation   total 12214016K, used 11659257K [0x00007fa148600000, 0x00007fa484b00000, 0x00007fa69db50000)
  eden space 10856960K, 100% used [0x00007fa148600000, 0x00007fa3df080000, 0x00007fa3df080000)
  from space 1357056K,  59% used [0x00007fa431dc0000, 0x00007fa462d3e5c0, 0x00007fa484b00000)
  to   space 1357056K,   0% used [0x00007fa3df080000, 0x00007fa3df080000, 0x00007fa431dc0000)
 tenured generation   total 27142032K, used 24551086K [0x00007fa69db50000, 0x00007fad16534000, 0x00007fb148600000)
   the space 27142032K,  90% used [0x00007fa69db50000, 0x00007fac782fb990, 0x00007fac782fba00, 0x00007fad16534000)
 Metaspace       used 31407K, capacity 31805K, committed 32000K, reserved 32768K
}
Event: 1905.794 GC heap after
{Heap after GC invocations=332 (full 19):
 def new generation   total 12214016K, used 805540K [0x00007fa148600000, 0x00007fa484b00000, 0x00007fa69db50000)
  eden space 10856960K,   0% used [0x00007fa148600000, 0x00007fa148600000, 0x00007fa3df080000)
  from space 1357056K,  59% used [0x00007fa3df080000, 0x00007fa4103293c0, 0x00007fa431dc0000)
  to   space 1357056K,   0% used [0x00007fa431dc0000, 0x00007fa431dc0000, 0x00007fa484b00000)
 tenured generation   total 27142032K, used 25353382K [0x00007fa69db50000, 0x00007fad16534000, 0x00007fb148600000)
   the space 27142032K,  93% used [0x00007fa69db50000, 0x00007faca9279bc0, 0x00007faca9279c00, 0x00007fad16534000)
 Metaspace       used 31407K, capacity 31805K, committed 32000K, reserved 32768K
}
Event: 1908.871 GC heap before
{Heap before GC invocations=332 (full 19):
 def new generation   total 12214016K, used 11662500K [0x00007fa148600000, 0x00007fa484b00000, 0x00007fa69db50000)
  eden space 10856960K, 100% used [0x00007fa148600000, 0x00007fa3df080000, 0x00007fa3df080000)
  from space 1357056K,  59% used [0x00007fa3df080000, 0x00007fa4103293c0, 0x00007fa431dc0000)
  to   space 1357056K,   0% used [0x00007fa431dc0000, 0x00007fa431dc0000, 0x00007fa484b00000)
 tenured generation   total 27142032K, used 25353382K [0x00007fa69db50000, 0x00007fad16534000, 0x00007fb148600000)
   the space 27142032K,  93% used [0x00007fa69db50000, 0x00007faca9279bc0, 0x00007faca9279c00, 0x00007fad16534000)
 Metaspace       used 31407K, capacity 31805K, committed 32000K, reserved 32768K
}
Event: 1911.241 GC heap after
{Heap after GC invocations=333 (full 19):
 def new generation   total 12214016K, used 809346K [0x00007fa148600000, 0x00007fa484b00000, 0x00007fa69db50000)
  eden space 10856960K,   0% used [0x00007fa148600000, 0x00007fa148600000, 0x00007fa3df080000)
  from space 1357056K,  59% used [0x00007fa431dc0000, 0x00007fa463420990, 0x00007fa484b00000)
  to   space 1357056K,   0% used [0x00007fa3df080000, 0x00007fa3df080000, 0x00007fa431dc0000)
 tenured generation   total 27142032K, used 26158923K [0x00007fa69db50000, 0x00007fad16534000, 0x00007fb148600000)
   the space 27142032K,  96% used [0x00007fa69db50000, 0x00007facda522c40, 0x00007facda522e00, 0x00007fad16534000)
 Metaspace       used 31407K, capacity 31805K, committed 32000K, reserved 32768K
}
Event: 1913.975 GC heap before
{Heap before GC invocations=333 (full 19):
 def new generation   total 12214016K, used 11666306K [0x00007fa148600000, 0x00007fa484b00000, 0x00007fa69db50000)
  eden space 10856960K, 100% used [0x00007fa148600000, 0x00007fa3df080000, 0x00007fa3df080000)
  from space 1357056K,  59% used [0x00007fa431dc0000, 0x00007fa463420990, 0x00007fa484b00000)
  to   space 1357056K,   0% used [0x00007fa3df080000, 0x00007fa3df080000, 0x00007fa431dc0000)
 tenured generation   total 27142032K, used 26158923K [0x00007fa69db50000, 0x00007fad16534000, 0x00007fb148600000)
   the space 27142032K,  96% used [0x00007fa69db50000, 0x00007facda522c40, 0x00007facda522e00, 0x00007fad16534000)
 Metaspace       used 31407K, capacity 31805K, committed 32000K, reserved 32768K
}
Event: 1916.585 GC heap after
{Heap after GC invocations=334 (full 19):
 def new generation   total 12214016K, used 813192K [0x00007fa148600000, 0x00007fa484b00000, 0x00007fa69db50000)
  eden space 10856960K,   0% used [0x00007fa148600000, 0x00007fa148600000, 0x00007fa3df080000)
  from space 1357056K,  59% used [0x00007fa3df080000, 0x00007fa410aa2040, 0x00007fa431dc0000)
  to   space 1357056K,   0% used [0x00007fa431dc0000, 0x00007fa431dc0000, 0x00007fa484b00000)
 tenured generation   total 27142032K, used 26968269K [0x00007fa69db50000, 0x00007fad16534000, 0x00007fb148600000)
   the space 27142032K,  99% used [0x00007fa69db50000, 0x00007fad0bb83540, 0x00007fad0bb83600, 0x00007fad16534000)
 Metaspace       used 31407K, capacity 31805K, committed 32000K, reserved 32768K
}
Event: 1919.308 GC heap before
{Heap before GC invocations=334 (full 19):
 def new generation   total 12214016K, used 11670152K [0x00007fa148600000, 0x00007fa484b00000, 0x00007fa69db50000)
  eden space 10856960K, 100% used [0x00007fa148600000, 0x00007fa3df080000, 0x00007fa3df080000)
  from space 1357056K,  59% used [0x00007fa3df080000, 0x00007fa410aa2040, 0x00007fa431dc0000)
  to   space 1357056K,   0% used [0x00007fa431dc0000, 0x00007fa431dc0000, 0x00007fa484b00000)
 tenured generation   total 27142032K, used 26968269K [0x00007fa69db50000, 0x00007fad16534000, 0x00007fb148600000)
   the space 27142032K,  99% used [0x00007fa69db50000, 0x00007fad0bb83540, 0x00007fad0bb83600, 0x00007fad16534000)
 Metaspace       used 31407K, capacity 31805K, committed 32000K, reserved 32768K
}
Event: 1921.728 GC heap after
{Heap after GC invocations=335 (full 19):
 def new generation   total 12214016K, used 811118K [0x00007fa148600000, 0x00007fa484b00000, 0x00007fa69db50000)
  eden space 10856960K,   0% used [0x00007fa148600000, 0x00007fa148600000, 0x00007fa3df080000)
  from space 1357056K,  59% used [0x00007fa431dc0000, 0x00007fa4635db800, 0x00007fa484b00000)
  to   space 1357056K,   0% used [0x00007fa3df080000, 0x00007fa3df080000, 0x00007fa431dc0000)
 tenured generation   total 27781584K, used 27781461K [0x00007fa69db50000, 0x00007fad3d5c4000, 0x00007fb148600000)
   the space 27781584K,  99% used [0x00007fa69db50000, 0x00007fad3d5a5450, 0x00007fad3d5a5600, 0x00007fad3d5c4000)
 Metaspace       used 31407K, capacity 31805K, committed 32000K, reserved 32768K
}
Event: 1921.728 GC heap before
{Heap before GC invocations=335 (full 19):
 def new generation   total 12214016K, used 811118K [0x00007fa148600000, 0x00007fa484b00000, 0x00007fa69db50000)
  eden space 10856960K,   0% used [0x00007fa148600000, 0x00007fa148600000, 0x00007fa3df080000)
  from space 1357056K,  59% used [0x00007fa431dc0000, 0x00007fa4635db800, 0x00007fa484b00000)
  to   space 1357056K,   0% used [0x00007fa3df080000, 0x00007fa3df080000, 0x00007fa431dc0000)
 tenured generation   total 27781584K, used 27781461K [0x00007fa69db50000, 0x00007fad3d5c4000, 0x00007fb148600000)
   the space 27781584K,  99% used [0x00007fa69db50000, 0x00007fad3d5a5450, 0x00007fad3d5a5600, 0x00007fad3d5c4000)
 Metaspace       used 31407K, capacity 31805K, committed 32000K, reserved 32768K
}

Deoptimization events (20 events):
Event: 612.890 Thread 0x00007fb160018000 Uncommon trap: trap_request=0xffffff45 fr.pc=0x00007fb15068e45c relative=0x0000000000000ebc
Event: 612.890 Thread 0x00007fb160018000 Uncommon trap: reason=unstable_if action=reinterpret pc=0x00007fb15068e45c method=ch.javasoft.math.BigFraction.gcd([Lch/javasoft/math/BigFraction;)Lch/javasoft/math/BigFraction; @ 101 c2
Event: 612.890 Thread 0x00007fb160018000 DEOPT PACKING pc=0x00007fb15068e45c sp=0x00007fb167ac7ad0
Event: 612.890 Thread 0x00007fb160018000 DEOPT UNPACKING pc=0x00007fb1487d2e25 sp=0x00007fb167ac7a20 mode 2
Event: 612.890 Thread 0x00007fb160018000 Uncommon trap: trap_request=0xffffff45 fr.pc=0x00007fb1506905a0 relative=0x0000000000000a60
Event: 612.890 Thread 0x00007fb160018000 Uncommon trap: reason=unstable_if action=reinterpret pc=0x00007fb1506905a0 method=ch.javasoft.math.BigFraction.gcd([Lch/javasoft/math/BigFraction;)Lch/javasoft/math/BigFraction; @ 101 c2
Event: 612.890 Thread 0x00007fb160018000 DEOPT PACKING pc=0x00007fb1506905a0 sp=0x00007fb167ac7a50
Event: 612.890 Thread 0x00007fb160018000 DEOPT UNPACKING pc=0x00007fb1487d2e25 sp=0x00007fb167ac7a18 mode 2
Event: 1812.904 Thread 0x00007fb160018000 DEOPT PACKING pc=0x00007fb1495ec8ad sp=0x00007fb167ac7a20
Event: 1812.904 Thread 0x00007fb160018000 DEOPT UNPACKING pc=0x00007fb1487d333a sp=0x00007fb167ac6f08 mode 0
Event: 1812.919 Thread 0x00007fb160018000 DEOPT PACKING pc=0x00007fb1495ec8ad sp=0x00007fb167ac7a20
Event: 1812.919 Thread 0x00007fb160018000 DEOPT UNPACKING pc=0x00007fb1487d333a sp=0x00007fb167ac6f08 mode 0
Event: 1812.921 Thread 0x00007fb160018000 DEOPT PACKING pc=0x00007fb1495eba71 sp=0x00007fb167ac7ac0
Event: 1812.921 Thread 0x00007fb160018000 DEOPT UNPACKING pc=0x00007fb1487d333a sp=0x00007fb167ac6f90 mode 0
Event: 1812.943 Thread 0x00007fb160018000 DEOPT PACKING pc=0x00007fb1495ec8ad sp=0x00007fb167ac7a20
Event: 1812.943 Thread 0x00007fb160018000 DEOPT UNPACKING pc=0x00007fb1487d333a sp=0x00007fb167ac6f08 mode 0
Event: 1812.993 Thread 0x00007fb160018000 DEOPT PACKING pc=0x00007fb1495eba71 sp=0x00007fb167ac7ac0
Event: 1812.993 Thread 0x00007fb160018000 DEOPT UNPACKING pc=0x00007fb1487d333a sp=0x00007fb167ac6f90 mode 0
Event: 1813.009 Thread 0x00007fb160018000 DEOPT PACKING pc=0x00007fb1495ec8ad sp=0x00007fb167ac7a20
Event: 1813.009 Thread 0x00007fb160018000 DEOPT UNPACKING pc=0x00007fb1487d333a sp=0x00007fb167ac6f08 mode 0

Classes unloaded (0 events):
No events

Classes redefined (0 events):
No events

Internal exceptions (20 events):
Event: 76.590 Thread 0x00007fb160018000 Exception <a 'java/net/UnknownHostException'{0x00007fa1581927e8}> (0x00007fa1581927e8) 
thrown [src/hotspot/share/prims/jni.cpp, line 598]
Event: 78.079 Thread 0x00007fb160018000 Exception <a 'java/net/UnknownHostException'{0x00007fa161a5ad38}> (0x00007fa161a5ad38) 
thrown [src/hotspot/share/prims/jni.cpp, line 598]
Event: 79.501 Thread 0x00007fb160018000 Exception <a 'java/net/UnknownHostException'{0x00007fa15b2dad28}> (0x00007fa15b2dad28) 
thrown [src/hotspot/share/prims/jni.cpp, line 598]
Event: 80.884 Thread 0x00007fb160018000 Exception <a 'java/net/UnknownHostException'{0x00007fa15cba6080}> (0x00007fa15cba6080) 
thrown [src/hotspot/share/prims/jni.cpp, line 598]
Event: 82.335 Thread 0x00007fb160018000 Exception <a 'java/net/UnknownHostException'{0x00007fa166456db0}> (0x00007fa166456db0) 
thrown [src/hotspot/share/prims/jni.cpp, line 598]
Event: 83.965 Thread 0x00007fb160018000 Exception <a 'java/net/UnknownHostException'{0x00007fa15fcd15b8}> (0x00007fa15fcd15b8) 
thrown [src/hotspot/share/prims/jni.cpp, line 598]
Event: 84.894 Thread 0x00007fb160018000 Exception <a 'java/net/UnknownHostException'{0x00007fa155edddc8}> (0x00007fa155edddc8) 
thrown [src/hotspot/share/prims/jni.cpp, line 598]
Event: 86.017 Thread 0x00007fb160018000 Exception <a 'java/net/UnknownHostException'{0x00007fa15376e0f8}> (0x00007fa15376e0f8) 
thrown [src/hotspot/share/prims/jni.cpp, line 598]
Event: 88.134 Thread 0x00007fb160018000 Exception <a 'java/net/UnknownHostException'{0x00007fa1568efdb0}> (0x00007fa1568efdb0) 
thrown [src/hotspot/share/prims/jni.cpp, line 598]
Event: 92.301 Thread 0x00007fb160018000 Exception <a 'java/net/UnknownHostException'{0x00007fa1490bc990}> (0x00007fa1490bc990) 
thrown [src/hotspot/share/prims/jni.cpp, line 598]
Event: 93.884 Thread 0x00007fb160018000 Exception <a 'java/net/UnknownHostException'{0x00007fa14a9453d0}> (0x00007fa14a9453d0) 
thrown [src/hotspot/share/prims/jni.cpp, line 598]
Event: 95.402 Thread 0x00007fb160018000 Exception <a 'java/net/UnknownHostException'{0x00007fa15e42fb28}> (0x00007fa15e42fb28) 
thrown [src/hotspot/share/prims/jni.cpp, line 598]
Event: 105.073 Thread 0x00007fb160018000 Exception <a 'java/lang/ArrayIndexOutOfBoundsException'{0x00007fa1486000a0}: Index 0 out of bounds for length 0> (0x00007fa1486000a0) 
thrown [src/hotspot/share/interpreter/interpreterRuntime.cpp, line 458]
Event: 106.847 Thread 0x00007fb160018000 Exception <a 'java/lang/NegativeArraySizeException'{0x00007fa168603ad8}: -2147483648> (0x00007fa168603ad8) 
thrown [src/hotspot/share/oops/klass.cpp, line 674]
Event: 109.735 Thread 0x00007fb160018000 Exception <a 'java/net/UnknownHostException'{0x00007fa1dbc2f1c8}> (0x00007fa1dbc2f1c8) 
thrown [src/hotspot/share/prims/jni.cpp, line 598]
Event: 110.067 Thread 0x00007fb160018000 Exception <a 'java/net/UnknownHostException'{0x00007fa1e7a474b8}> (0x00007fa1e7a474b8) 
thrown [src/hotspot/share/prims/jni.cpp, line 598]
Event: 116.035 Thread 0x00007fb160018000 Implicit null exception at 0x00007fb150665739 to 0x00007fb1506657c5
Event: 542.848 Thread 0x00007fb160018000 Exception <a 'java/net/UnknownHostException'{0x00007fa19db7a700}> (0x00007fa19db7a700) 
thrown [src/hotspot/share/prims/jni.cpp, line 598]
Event: 542.863 Thread 0x00007fb160018000 Exception <a 'java/net/UnknownHostException'{0x00007fa19e5517c0}> (0x00007fa19e5517c0) 
thrown [src/hotspot/share/prims/jni.cpp, line 598]
Event: 542.988 Thread 0x00007fb160018000 Exception <a 'java/net/UnknownHostException'{0x00007fa1a26e79c8}> (0x00007fa1a26e79c8) 
thrown [src/hotspot/share/prims/jni.cpp, line 598]

Events (20 events):
Event: 1868.049 Executing VM operation: GenCollectForAllocation done
Event: 1870.748 Executing VM operation: GenCollectForAllocation
Event: 1873.169 Executing VM operation: GenCollectForAllocation done
Event: 1875.864 Executing VM operation: GenCollectForAllocation
Event: 1878.206 Executing VM operation: GenCollectForAllocation done
Event: 1880.868 Executing VM operation: GenCollectForAllocation
Event: 1883.207 Executing VM operation: GenCollectForAllocation done
Event: 1886.252 Executing VM operation: GenCollectForAllocation
Event: 1888.911 Executing VM operation: GenCollectForAllocation done
Event: 1891.980 Executing VM operation: GenCollectForAllocation
Event: 1894.541 Executing VM operation: GenCollectForAllocation done
Event: 1897.802 Executing VM operation: GenCollectForAllocation
Event: 1900.315 Executing VM operation: GenCollectForAllocation done
Event: 1903.295 Executing VM operation: GenCollectForAllocation
Event: 1905.794 Executing VM operation: GenCollectForAllocation done
Event: 1908.871 Executing VM operation: GenCollectForAllocation
Event: 1911.241 Executing VM operation: GenCollectForAllocation done
Event: 1913.975 Executing VM operation: GenCollectForAllocation
Event: 1916.585 Executing VM operation: GenCollectForAllocation done
Event: 1919.308 Executing VM operation: GenCollectForAllocation


Dynamic libraries:
5609e1ace000-5609e1acf000 r--p 00000000 07:30 4860                       /usr/lib/jvm/java-13-openjdk-amd64/bin/java
5609e1acf000-5609e1ad0000 r-xp 00001000 07:30 4860                       /usr/lib/jvm/java-13-openjdk-amd64/bin/java
5609e1ad0000-5609e1ad1000 r--p 00002000 07:30 4860                       /usr/lib/jvm/java-13-openjdk-amd64/bin/java
5609e1ad1000-5609e1ad2000 r--p 00002000 07:30 4860                       /usr/lib/jvm/java-13-openjdk-amd64/bin/java
5609e1ad2000-5609e1ad3000 rw-p 00003000 07:30 4860                       /usr/lib/jvm/java-13-openjdk-amd64/bin/java
5609e36bb000-5609e36dc000 rw-p 00000000 00:00 0                          [heap]
7fa10c000000-7fa10c021000 rw-p 00000000 00:00 0 
7fa10c021000-7fa110000000 ---p 00000000 00:00 0 
7fa110000000-7fa110058000 rw-p 00000000 00:00 0 
7fa110058000-7fa114000000 ---p 00000000 00:00 0 
7fa114000000-7fa114031000 rw-p 00000000 00:00 0 
7fa114031000-7fa118000000 ---p 00000000 00:00 0 
7fa118000000-7fa118021000 rw-p 00000000 00:00 0 
7fa118021000-7fa11c000000 ---p 00000000 00:00 0 
7fa11c000000-7fa11e5cc000 rw-p 00000000 00:00 0 
7fa11e5cc000-7fa120000000 ---p 00000000 00:00 0 
7fa120000000-7fa12063a000 rw-p 00000000 00:00 0 
7fa12063a000-7fa124000000 ---p 00000000 00:00 0 
7fa124000000-7fa124021000 rw-p 00000000 00:00 0 
7fa124021000-7fa128000000 ---p 00000000 00:00 0 
7fa128000000-7fa128021000 rw-p 00000000 00:00 0 
7fa128021000-7fa12c000000 ---p 00000000 00:00 0 
7fa12c000000-7fa12c021000 rw-p 00000000 00:00 0 
7fa12c021000-7fa130000000 ---p 00000000 00:00 0 
7fa130000000-7fa130021000 rw-p 00000000 00:00 0 
7fa130021000-7fa134000000 ---p 00000000 00:00 0 
7fa134000000-7fa138000000 rw-p 00000000 00:00 0 
7fa13b0a9000-7fa13e5a7000 rw-p 00000000 00:00 0 
7fa13e5a7000-7fa1405ff000 ---p 00000000 00:00 0 
7fa1405ff000-7fa141fe2000 rw-p 00000000 00:00 0 
7fa141fe2000-7fa1430a9000 ---p 00000000 00:00 0 
7fa1430a9000-7fa1465a7000 rw-p 00000000 00:00 0 
7fa1465a7000-7fa1485ff000 ---p 00000000 00:00 0 
7fa1485ff000-7fa484b00000 rw-p 00000000 00:00 0 
7fa484b00000-7fa69db50000 ---p 00000000 00:00 0 
7fa69db50000-7fad3d5c4000 rw-p 00000000 00:00 0 
7fb1465ae000-7fb148600000 ---p 00000000 00:00 0 
7fb14878a000-7fb1489fa000 rwxp 00000000 00:00 0 
7fb1489fa000-7fb148d19000 ---p 00000000 00:00 0 
7fb148d19000-7fb149639000 rwxp 00000000 00:00 0 
7fb149639000-7fb150251000 ---p 00000000 00:00 0 
7fb150251000-7fb1506e1000 rwxp 00000000 00:00 0 
7fb1506e1000-7fb15778a000 ---p 00000000 00:00 0 
7fb15778a000-7fb160000000 r--s 00000000 07:30 5215                       /usr/lib/jvm/java-13-openjdk-amd64/lib/modules
7fb160000000-7fb16081d000 rw-p 00000000 00:00 0 
7fb16081d000-7fb164000000 ---p 00000000 00:00 0 
7fb1648df000-7fb164a1f000 rw-p 00000000 00:00 0 
7fb164a1f000-7fb164ae3000 ---p 00000000 00:00 0 
7fb164ae3000-7fb164be0000 rw-p 00000000 00:00 0 
7fb164be0000-7fb164be4000 r--p 00000000 07:30 9178                       /usr/lib/x86_64-linux-gnu/libresolv-2.31.so
7fb164be4000-7fb164bf4000 r-xp 00004000 07:30 9178                       /usr/lib/x86_64-linux-gnu/libresolv-2.31.so
7fb164bf4000-7fb164bf8000 r--p 00014000 07:30 9178                       /usr/lib/x86_64-linux-gnu/libresolv-2.31.so
7fb164bf8000-7fb164bf9000 r--p 00017000 07:30 9178                       /usr/lib/x86_64-linux-gnu/libresolv-2.31.so
7fb164bf9000-7fb164bfa000 rw-p 00018000 07:30 9178                       /usr/lib/x86_64-linux-gnu/libresolv-2.31.so
7fb164bfa000-7fb164bfc000 rw-p 00000000 00:00 0 
7fb164bfc000-7fb164bfd000 r--p 00000000 07:30 9105                       /usr/lib/x86_64-linux-gnu/libnss_dns-2.31.so
7fb164bfd000-7fb164c01000 r-xp 00001000 07:30 9105                       /usr/lib/x86_64-linux-gnu/libnss_dns-2.31.so
7fb164c01000-7fb164c02000 r--p 00005000 07:30 9105                       /usr/lib/x86_64-linux-gnu/libnss_dns-2.31.so
7fb164c02000-7fb164c03000 r--p 00005000 07:30 9105                       /usr/lib/x86_64-linux-gnu/libnss_dns-2.31.so
7fb164c03000-7fb164c04000 rw-p 00006000 07:30 9105                       /usr/lib/x86_64-linux-gnu/libnss_dns-2.31.so
7fb164c04000-7fb164c06000 r--p 00000000 07:30 5202                       /usr/lib/jvm/java-13-openjdk-amd64/lib/libmanagement_ext.so
7fb164c06000-7fb164c09000 r-xp 00002000 07:30 5202                       /usr/lib/jvm/java-13-openjdk-amd64/lib/libmanagement_ext.so
7fb164c09000-7fb164c0a000 r--p 00005000 07:30 5202                       /usr/lib/jvm/java-13-openjdk-amd64/lib/libmanagement_ext.so
7fb164c0a000-7fb164c0b000 ---p 00006000 07:30 5202                       /usr/lib/jvm/java-13-openjdk-amd64/lib/libmanagement_ext.so
7fb164c0b000-7fb164c0c000 r--p 00006000 07:30 5202                       /usr/lib/jvm/java-13-openjdk-amd64/lib/libmanagement_ext.so
7fb164c0c000-7fb164c0d000 rw-p 00007000 07:30 5202                       /usr/lib/jvm/java-13-openjdk-amd64/lib/libmanagement_ext.so
7fb164c0d000-7fb164c10000 r--p 00000000 07:30 5200                       /usr/lib/jvm/java-13-openjdk-amd64/lib/libmanagement.so
7fb164c10000-7fb164c11000 r-xp 00003000 07:30 5200                       /usr/lib/jvm/java-13-openjdk-amd64/lib/libmanagement.so
7fb164c11000-7fb164c12000 r--p 00004000 07:30 5200                       /usr/lib/jvm/java-13-openjdk-amd64/lib/libmanagement.so
7fb164c12000-7fb164c13000 r--p 00004000 07:30 5200                       /usr/lib/jvm/java-13-openjdk-amd64/lib/libmanagement.so
7fb164c13000-7fb164c14000 rw-p 00005000 07:30 5200                       /usr/lib/jvm/java-13-openjdk-amd64/lib/libmanagement.so
7fb164c14000-7fb164e14000 rw-p 00000000 00:00 0 
7fb164e14000-7fb165014000 rw-p 00000000 00:00 0 
7fb165014000-7fb165214000 rw-p 00000000 00:00 0 
7fb165214000-7fb165414000 rw-p 00000000 00:00 0 
7fb165414000-7fb165614000 rw-p 00000000 00:00 0 
7fb165614000-7fb165814000 rw-p 00000000 00:00 0 
7fb165814000-7fb165a14000 rw-p 00000000 00:00 0 
7fb165a14000-7fb165db4000 rw-p 00000000 00:00 0 
7fb165db4000-7fb165fb4000 rw-p 00000000 00:00 0 
7fb165fb4000-7fb1661b4000 rw-p 00000000 00:00 0 
7fb1661b4000-7fb1663b4000 rw-p 00000000 00:00 0 
7fb1663b4000-7fb1663e5000 rw-p 00000000 00:00 0 
7fb1663e5000-7fb1663e9000 r--p 00000000 07:30 5204                       /usr/lib/jvm/java-13-openjdk-amd64/lib/libnet.so
7fb1663e9000-7fb1663f7000 r-xp 00004000 07:30 5204                       /usr/lib/jvm/java-13-openjdk-amd64/lib/libnet.so
7fb1663f7000-7fb1663fb000 r--p 00012000 07:30 5204                       /usr/lib/jvm/java-13-openjdk-amd64/lib/libnet.so
7fb1663fb000-7fb1663fc000 r--p 00015000 07:30 5204                       /usr/lib/jvm/java-13-openjdk-amd64/lib/libnet.so
7fb1663fc000-7fb1663fd000 rw-p 00016000 07:30 5204                       /usr/lib/jvm/java-13-openjdk-amd64/lib/libnet.so
7fb1663fd000-7fb166404000 r--p 00000000 07:30 5205                       /usr/lib/jvm/java-13-openjdk-amd64/lib/libnio.so
7fb166404000-7fb16640d000 r-xp 00007000 07:30 5205                       /usr/lib/jvm/java-13-openjdk-amd64/lib/libnio.so
7fb16640d000-7fb166411000 r--p 00010000 07:30 5205                       /usr/lib/jvm/java-13-openjdk-amd64/lib/libnio.so
7fb166411000-7fb166412000 r--p 00013000 07:30 5205                       /usr/lib/jvm/java-13-openjdk-amd64/lib/libnio.so
7fb166412000-7fb166413000 rw-p 00014000 07:30 5205                       /usr/lib/jvm/java-13-openjdk-amd64/lib/libnio.so
7fb166413000-7fb166414000 ---p 00000000 00:00 0 
7fb166414000-7fb166515000 rw-p 00000000 00:00 0 
7fb166515000-7fb166519000 ---p 00000000 00:00 0 
7fb166519000-7fb166616000 rw-p 00000000 00:00 0 
7fb166616000-7fb16661a000 ---p 00000000 00:00 0 
7fb16661a000-7fb166717000 rw-p 00000000 00:00 0 
7fb166717000-7fb16671b000 ---p 00000000 00:00 0 
7fb16671b000-7fb166818000 rw-p 00000000 00:00 0 
7fb166818000-7fb16681c000 ---p 00000000 00:00 0 
7fb16681c000-7fb166919000 rw-p 00000000 00:00 0 
7fb166919000-7fb16691d000 ---p 00000000 00:00 0 
7fb16691d000-7fb166a1a000 rw-p 00000000 00:00 0 
7fb166a1a000-7fb166a1e000 ---p 00000000 00:00 0 
7fb166a1e000-7fb166b1b000 rw-p 00000000 00:00 0 
7fb166b1b000-7fb166b22000 r--s 00000000 07:30 8532                       /usr/lib/x86_64-linux-gnu/gconv/gconv-modules.cache
7fb166b22000-7fb166b54000 r--p 00000000 07:30 5276                       /usr/lib/locale/C.UTF-8/LC_CTYPE
7fb166b54000-7fb166b58000 ---p 00000000 00:00 0 
7fb166b58000-7fb166c55000 rw-p 00000000 00:00 0 
7fb166c55000-7fb166c59000 ---p 00000000 00:00 0 
7fb166c59000-7fb166d56000 rw-p 00000000 00:00 0 
7fb166d56000-7fb166d57000 ---p 00000000 00:00 0 
7fb166d57000-7fb167775000 rw-p 00000000 00:00 0 
7fb167775000-7fb16777f000 rw-p 00000000 00:00 0 
7fb16777f000-7fb167860000 ---p 00000000 00:00 0 
7fb167860000-7fb167873000 rw-p 00000000 00:00 0 
7fb167873000-7fb16794b000 ---p 00000000 00:00 0 
7fb16794b000-7fb167950000 rw-p 00000000 00:00 0 
7fb167950000-7fb167957000 ---p 00000000 00:00 0 
7fb167957000-7fb167959000 r--p 00000000 07:30 5214                       /usr/lib/jvm/java-13-openjdk-amd64/lib/libzip.so
7fb167959000-7fb16795d000 r-xp 00002000 07:30 5214                       /usr/lib/jvm/java-13-openjdk-amd64/lib/libzip.so
7fb16795d000-7fb16795f000 r--p 00006000 07:30 5214                       /usr/lib/jvm/java-13-openjdk-amd64/lib/libzip.so
7fb16795f000-7fb167960000 r--p 00007000 07:30 5214                       /usr/lib/jvm/java-13-openjdk-amd64/lib/libzip.so
7fb167960000-7fb167961000 rw-p 00008000 07:30 5214                       /usr/lib/jvm/java-13-openjdk-amd64/lib/libzip.so
7fb167961000-7fb167969000 rw-s 00000000 08:03 68251578                   /tmp/hsperfdata_rcabanas/34848
7fb167969000-7fb16796c000 r--p 00000000 07:30 9108                       /usr/lib/x86_64-linux-gnu/libnss_files-2.31.so
7fb16796c000-7fb167973000 r-xp 00003000 07:30 9108                       /usr/lib/x86_64-linux-gnu/libnss_files-2.31.so
7fb167973000-7fb167975000 r--p 0000a000 07:30 9108                       /usr/lib/x86_64-linux-gnu/libnss_files-2.31.so
7fb167975000-7fb167976000 r--p 0000b000 07:30 9108                       /usr/lib/x86_64-linux-gnu/libnss_files-2.31.so
7fb167976000-7fb167977000 rw-p 0000c000 07:30 9108                       /usr/lib/x86_64-linux-gnu/libnss_files-2.31.so
7fb167977000-7fb16797d000 rw-p 00000000 00:00 0 
7fb167983000-7fb167985000 r--p 00000000 07:30 5195                       /usr/lib/jvm/java-13-openjdk-amd64/lib/libjimage.so
7fb167985000-7fb167988000 r-xp 00002000 07:30 5195                       /usr/lib/jvm/java-13-openjdk-amd64/lib/libjimage.so
7fb167988000-7fb167989000 r--p 00005000 07:30 5195                       /usr/lib/jvm/java-13-openjdk-amd64/lib/libjimage.so
7fb167989000-7fb16798a000 ---p 00006000 07:30 5195                       /usr/lib/jvm/java-13-openjdk-amd64/lib/libjimage.so
7fb16798a000-7fb16798b000 r--p 00006000 07:30 5195                       /usr/lib/jvm/java-13-openjdk-amd64/lib/libjimage.so
7fb16798b000-7fb16798c000 rw-p 00007000 07:30 5195                       /usr/lib/jvm/java-13-openjdk-amd64/lib/libjimage.so
7fb16798c000-7fb167999000 r--p 00000000 07:30 5191                       /usr/lib/jvm/java-13-openjdk-amd64/lib/libjava.so
7fb167999000-7fb1679ae000 r-xp 0000d000 07:30 5191                       /usr/lib/jvm/java-13-openjdk-amd64/lib/libjava.so
7fb1679ae000-7fb1679b4000 r--p 00022000 07:30 5191                       /usr/lib/jvm/java-13-openjdk-amd64/lib/libjava.so
7fb1679b4000-7fb1679b5000 ---p 00028000 07:30 5191                       /usr/lib/jvm/java-13-openjdk-amd64/lib/libjava.so
7fb1679b5000-7fb1679b6000 r--p 00028000 07:30 5191                       /usr/lib/jvm/java-13-openjdk-amd64/lib/libjava.so
7fb1679b6000-7fb1679b8000 rw-p 00029000 07:30 5191                       /usr/lib/jvm/java-13-openjdk-amd64/lib/libjava.so
7fb1679b8000-7fb1679bd000 r--p 00000000 07:30 5213                       /usr/lib/jvm/java-13-openjdk-amd64/lib/libverify.so
7fb1679bd000-7fb1679c4000 r-xp 00005000 07:30 5213                       /usr/lib/jvm/java-13-openjdk-amd64/lib/libverify.so
7fb1679c4000-7fb1679c6000 r--p 0000c000 07:30 5213                       /usr/lib/jvm/java-13-openjdk-amd64/lib/libverify.so
7fb1679c6000-7fb1679c7000 ---p 0000e000 07:30 5213                       /usr/lib/jvm/java-13-openjdk-amd64/lib/libverify.so
7fb1679c7000-7fb1679c9000 r--p 0000e000 07:30 5213                       /usr/lib/jvm/java-13-openjdk-amd64/lib/libverify.so
7fb1679c9000-7fb1679ca000 rw-p 00010000 07:30 5213                       /usr/lib/jvm/java-13-openjdk-amd64/lib/libverify.so
7fb1679ca000-7fb1679ce000 ---p 00000000 00:00 0 
7fb1679ce000-7fb167acb000 rw-p 00000000 00:00 0 
7fb167acb000-7fb167ace000 r--p 00000000 07:30 8948                       /usr/lib/x86_64-linux-gnu/libgcc_s.so.1
7fb167ace000-7fb167ae0000 r-xp 00003000 07:30 8948                       /usr/lib/x86_64-linux-gnu/libgcc_s.so.1
7fb167ae0000-7fb167ae4000 r--p 00015000 07:30 8948                       /usr/lib/x86_64-linux-gnu/libgcc_s.so.1
7fb167ae4000-7fb167ae5000 r--p 00018000 07:30 8948                       /usr/lib/x86_64-linux-gnu/libgcc_s.so.1
7fb167ae5000-7fb167ae6000 rw-p 00019000 07:30 8948                       /usr/lib/x86_64-linux-gnu/libgcc_s.so.1
7fb167ae6000-7fb167af3000 r--p 00000000 07:30 9062                       /usr/lib/x86_64-linux-gnu/libm-2.31.so
7fb167af3000-7fb167b9a000 r-xp 0000d000 07:30 9062                       /usr/lib/x86_64-linux-gnu/libm-2.31.so
7fb167b9a000-7fb167c33000 r--p 000b4000 07:30 9062                       /usr/lib/x86_64-linux-gnu/libm-2.31.so
7fb167c33000-7fb167c34000 r--p 0014c000 07:30 9062                       /usr/lib/x86_64-linux-gnu/libm-2.31.so
7fb167c34000-7fb167c35000 rw-p 0014d000 07:30 9062                       /usr/lib/x86_64-linux-gnu/libm-2.31.so
7fb167c35000-7fb167ccb000 r--p 00000000 07:30 9213                       /usr/lib/x86_64-linux-gnu/libstdc++.so.6.0.28
7fb167ccb000-7fb167dbc000 r-xp 00096000 07:30 9213                       /usr/lib/x86_64-linux-gnu/libstdc++.so.6.0.28
7fb167dbc000-7fb167e05000 r--p 00187000 07:30 9213                       /usr/lib/x86_64-linux-gnu/libstdc++.so.6.0.28
7fb167e05000-7fb167e06000 ---p 001d0000 07:30 9213                       /usr/lib/x86_64-linux-gnu/libstdc++.so.6.0.28
7fb167e06000-7fb167e11000 r--p 001d0000 07:30 9213                       /usr/lib/x86_64-linux-gnu/libstdc++.so.6.0.28
7fb167e11000-7fb167e14000 rw-p 001db000 07:30 9213                       /usr/lib/x86_64-linux-gnu/libstdc++.so.6.0.28
7fb167e14000-7fb167e17000 rw-p 00000000 00:00 0 
7fb167e17000-7fb16809d000 r--p 00000000 07:30 5226                       /usr/lib/jvm/java-13-openjdk-amd64/lib/server/libjvm.so
7fb16809d000-7fb168e1a000 r-xp 00286000 07:30 5226                       /usr/lib/jvm/java-13-openjdk-amd64/lib/server/libjvm.so
7fb168e1a000-7fb169095000 r--p 01003000 07:30 5226                       /usr/lib/jvm/java-13-openjdk-amd64/lib/server/libjvm.so
7fb169095000-7fb16915a000 r--p 0127d000 07:30 5226                       /usr/lib/jvm/java-13-openjdk-amd64/lib/server/libjvm.so
7fb16915a000-7fb169195000 rw-p 01342000 07:30 5226                       /usr/lib/jvm/java-13-openjdk-amd64/lib/server/libjvm.so
7fb169195000-7fb16921b000 rw-p 00000000 00:00 0 
7fb16921b000-7fb169221000 r--p 00000000 07:30 9166                       /usr/lib/x86_64-linux-gnu/libpthread-2.31.so
7fb169221000-7fb169232000 r-xp 00006000 07:30 9166                       /usr/lib/x86_64-linux-gnu/libpthread-2.31.so
7fb169232000-7fb169238000 r--p 00017000 07:30 9166                       /usr/lib/x86_64-linux-gnu/libpthread-2.31.so
7fb169238000-7fb169239000 r--p 0001c000 07:30 9166                       /usr/lib/x86_64-linux-gnu/libpthread-2.31.so
7fb169239000-7fb16923a000 rw-p 0001d000 07:30 9166                       /usr/lib/x86_64-linux-gnu/libpthread-2.31.so
7fb16923a000-7fb16923e000 rw-p 00000000 00:00 0 
7fb16923e000-7fb16923f000 r--p 00000000 07:30 8893                       /usr/lib/x86_64-linux-gnu/libdl-2.31.so
7fb16923f000-7fb169241000 r-xp 00001000 07:30 8893                       /usr/lib/x86_64-linux-gnu/libdl-2.31.so
7fb169241000-7fb169242000 r--p 00003000 07:30 8893                       /usr/lib/x86_64-linux-gnu/libdl-2.31.so
7fb169242000-7fb169243000 r--p 00003000 07:30 8893                       /usr/lib/x86_64-linux-gnu/libdl-2.31.so
7fb169243000-7fb169244000 rw-p 00004000 07:30 8893                       /usr/lib/x86_64-linux-gnu/libdl-2.31.so
7fb169244000-7fb169246000 r--p 00000000 07:30 9290                       /usr/lib/x86_64-linux-gnu/libz.so.1.2.11
7fb169246000-7fb169257000 r-xp 00002000 07:30 9290                       /usr/lib/x86_64-linux-gnu/libz.so.1.2.11
7fb169257000-7fb16925d000 r--p 00013000 07:30 9290                       /usr/lib/x86_64-linux-gnu/libz.so.1.2.11
7fb16925d000-7fb16925e000 ---p 00019000 07:30 9290                       /usr/lib/x86_64-linux-gnu/libz.so.1.2.11
7fb16925e000-7fb16925f000 r--p 00019000 07:30 9290                       /usr/lib/x86_64-linux-gnu/libz.so.1.2.11
7fb16925f000-7fb169260000 rw-p 0001a000 07:30 9290                       /usr/lib/x86_64-linux-gnu/libz.so.1.2.11
7fb169260000-7fb169282000 r--p 00000000 07:30 8851                       /usr/lib/x86_64-linux-gnu/libc-2.31.so
7fb169282000-7fb1693fa000 r-xp 00022000 07:30 8851                       /usr/lib/x86_64-linux-gnu/libc-2.31.so
7fb1693fa000-7fb169448000 r--p 0019a000 07:30 8851                       /usr/lib/x86_64-linux-gnu/libc-2.31.so
7fb169448000-7fb16944c000 r--p 001e7000 07:30 8851                       /usr/lib/x86_64-linux-gnu/libc-2.31.so
7fb16944c000-7fb16944e000 rw-p 001eb000 07:30 8851                       /usr/lib/x86_64-linux-gnu/libc-2.31.so
7fb16944e000-7fb169452000 rw-p 00000000 00:00 0 
7fb169454000-7fb169456000 r--s 0000c000 07:30 20930                      /usr/share/java/java-atk-wrapper.jar
7fb169456000-7fb169457000 ---p 00000000 00:00 0 
7fb169457000-7fb169458000 r--p 00000000 00:00 0 
7fb169458000-7fb16945b000 r--p 00000000 07:30 5196                       /usr/lib/jvm/java-13-openjdk-amd64/lib/libjli.so
7fb16945b000-7fb169465000 r-xp 00003000 07:30 5196                       /usr/lib/jvm/java-13-openjdk-amd64/lib/libjli.so
7fb169465000-7fb169468000 r--p 0000d000 07:30 5196                       /usr/lib/jvm/java-13-openjdk-amd64/lib/libjli.so
7fb169468000-7fb169469000 r--p 0000f000 07:30 5196                       /usr/lib/jvm/java-13-openjdk-amd64/lib/libjli.so
7fb169469000-7fb16946a000 rw-p 00010000 07:30 5196                       /usr/lib/jvm/java-13-openjdk-amd64/lib/libjli.so
7fb16946a000-7fb16946c000 rw-p 00000000 00:00 0 
7fb16946c000-7fb16946d000 r--p 00000000 07:30 8572                       /usr/lib/x86_64-linux-gnu/ld-2.31.so
7fb16946d000-7fb169490000 r-xp 00001000 07:30 8572                       /usr/lib/x86_64-linux-gnu/ld-2.31.so
7fb169490000-7fb169498000 r--p 00024000 07:30 8572                       /usr/lib/x86_64-linux-gnu/ld-2.31.so
7fb169498000-7fb169499000 ---p 00000000 00:00 0 
7fb169499000-7fb16949a000 r--p 0002c000 07:30 8572                       /usr/lib/x86_64-linux-gnu/ld-2.31.so
7fb16949a000-7fb16949b000 rw-p 0002d000 07:30 8572                       /usr/lib/x86_64-linux-gnu/ld-2.31.so
7fb16949b000-7fb16949c000 rw-p 00000000 00:00 0 
7ffd5b33d000-7ffd5b35e000 rw-p 00000000 00:00 0                          [stack]
7ffd5b3f5000-7ffd5b3f7000 r-xp 00000000 00:00 0                          [vdso]
ffffffffff600000-ffffffffff601000 r-xp 00000000 00:00 0                  [vsyscall]


VM Arguments:
jvm_args: -Xmx64g --add-modules=ALL-DEFAULT 
java_command: jdk.compiler/com.sun.tools.javac.launcher.Main /mnt/beegfs/rcabanas/dev/credici/papers/journalEM/code/GenerateModel.java -n 11 -d 1000 -di 0.5 -mr 0.98 -r 1.0 --seed 93 --output /mnt/beegfs/rcabanas/dev/credici/papers/journalEM/models/synthetic/s1/ --debug
java_class_path (initial): /mnt/beegfs/rcabanas/dev/credici/target/credici-0.1.3-jar-with-dependencies.jar
Launcher Type: SUN_STANDARD

[Global flags]
     intx CICompilerCount                          = 2                                         {product} {ergonomic}
   size_t InitialHeapSize                          = 2147483648                                {product} {ergonomic}
   size_t MaxHeapSize                              = 68719476736                               {product} {command line}
   size_t MaxNewSize                               = 22906470400                               {product} {ergonomic}
   size_t MinHeapDeltaBytes                        = 196608                                    {product} {ergonomic}
   size_t MinHeapSize                              = 8388608                                   {product} {ergonomic}
   size_t NewSize                                  = 715784192                                 {product} {ergonomic}
    uintx NonNMethodCodeHeapSize                   = 5826188                                {pd product} {ergonomic}
    uintx NonProfiledCodeHeapSize                  = 122916026                              {pd product} {ergonomic}
   size_t OldSize                                  = 1431699456                                {product} {ergonomic}
    uintx ProfiledCodeHeapSize                     = 122916026                              {pd product} {ergonomic}
    uintx ReservedCodeCacheSize                    = 251658240                              {pd product} {ergonomic}
     bool SegmentedCodeCache                       = true                                      {product} {ergonomic}
   size_t SoftMaxHeapSize                          = 68719476736                            {manageable} {ergonomic}
     bool UseSerialGC                              = true                                      {product} {ergonomic}

Logging:
Log output configuration:
 #0: stdout all=warning uptime,level,tags
 #1: stderr all=off uptime,level,tags

Environment Variables:
PATH=/usr/local/sbin:/usr/local/bin:/usr/sbin:/usr/bin:/sbin:/bin
LD_LIBRARY_PATH=/.singularity.d/libs

Signal Handlers:
SIGSEGV: [libjvm.so+0xf8fcf0], sa_mask[0]=11111111011111111101111111111110, sa_flags=SA_RESTART|SA_SIGINFO
SIGBUS: [libjvm.so+0xf8fcf0], sa_mask[0]=11111111011111111101111111111110, sa_flags=SA_RESTART|SA_SIGINFO
SIGFPE: [libjvm.so+0xf8fcf0], sa_mask[0]=11111111011111111101111111111110, sa_flags=SA_RESTART|SA_SIGINFO
SIGPIPE: [libjvm.so+0xc3ffa0], sa_mask[0]=11111111011111111101111111111110, sa_flags=SA_RESTART|SA_SIGINFO
SIGXFSZ: [libjvm.so+0xc3ffa0], sa_mask[0]=11111111011111111101111111111110, sa_flags=SA_RESTART|SA_SIGINFO
SIGILL: [libjvm.so+0xf8fcf0], sa_mask[0]=11111111011111111101111111111110, sa_flags=SA_RESTART|SA_SIGINFO
SIGUSR2: [libjvm.so+0xc3fe40], sa_mask[0]=00000000000000000000000000000000, sa_flags=SA_RESTART|SA_SIGINFO
SIGHUP: [libjvm.so+0xc40580], sa_mask[0]=11111111011111111101111111111110, sa_flags=SA_RESTART|SA_SIGINFO
SIGINT: [libjvm.so+0xc40580], sa_mask[0]=11111111011111111101111111111110, sa_flags=SA_RESTART|SA_SIGINFO
SIGTERM: [libjvm.so+0xc40580], sa_mask[0]=11111111011111111101111111111110, sa_flags=SA_RESTART|SA_SIGINFO
SIGQUIT: [libjvm.so+0xc40580], sa_mask[0]=11111111011111111101111111111110, sa_flags=SA_RESTART|SA_SIGINFO


---------------  S Y S T E M  ---------------

OS:DISTRIB_ID=Ubuntu
DISTRIB_RELEASE=20.04
DISTRIB_CODENAME=focal
DISTRIB_DESCRIPTION="Ubuntu 20.04.4 LTS"
uname:Linux 3.10.0-1160.15.2.el7.x86_64 #1 SMP Wed Feb 3 15:06:38 UTC 2021 x86_64
OS uptime: 465 days 15:08 hours
libc:glibc 2.31 NPTL 2.31 
rlimit (soft/hard): STACK 8192k/infinity , CORE 0k/infinity , NPROC 4096/1030217 , NOFILE 131072/131072 , AS infinity/infinity , CPU infinity/infinity , DATA infinity/infinity , FSIZE infinity/infinity , MEMLOCK infinity/infinity
load average:7.24 8.34 9.58

/proc/meminfo:
MemTotal:       263895368 kB
MemFree:        14014612 kB
MemAvailable:   13521212 kB
Buffers:           29088 kB
Cached:           649700 kB
SwapCached:         2476 kB
Active:         233945640 kB
Inactive:        6753116 kB
Active(anon):   233906452 kB
Inactive(anon):  6627876 kB
Active(file):      39188 kB
Inactive(file):   125240 kB
Unevictable:       16956 kB
Mlocked:           16956 kB
SwapTotal:       4194300 kB
SwapFree:          57624 kB
Dirty:                 0 kB
Writeback:             0 kB
AnonPages:      240035148 kB
Mapped:            33632 kB
Shmem:            510196 kB
Slab:             684740 kB
SReclaimable:     164480 kB
SUnreclaim:       520260 kB
KernelStack:       15456 kB
PageTables:       481800 kB
NFS_Unstable:          0 kB
Bounce:                0 kB
WritebackTmp:          0 kB
CommitLimit:    136141984 kB
Committed_AS:   272882152 kB
VmallocTotal:   34359738367 kB
VmallocUsed:      860448 kB
VmallocChunk:   34222546388 kB
Percpu:            18176 kB
HardwareCorrupted:     0 kB
AnonHugePages:  70189056 kB
CmaTotal:              0 kB
CmaFree:               0 kB
HugePages_Total:       0
HugePages_Free:        0
HugePages_Rsvd:        0
HugePages_Surp:        0
Hugepagesize:       2048 kB
DirectMap4k:      609896 kB
DirectMap2M:    20224000 kB
DirectMap1G:    247463936 kB

/sys/kernel/mm/transparent_hugepage/enabled:
[always] madvise never

/sys/kernel/mm/transparent_hugepage/defrag (defrag/compaction efforts parameter):
[always] madvise never


/proc/sys/kernel/threads-max (system-wide limit on the number of threads):
2060435


/proc/sys/vm/max_map_count (maximum number of memory map areas a process may have):
65530


/proc/sys/kernel/pid_max (system-wide limit on number of process identifiers):
65536



Steal ticks since vm start: 0
Steal ticks percentage since vm start:  0.000

CPU:total 64 (initial active 1) (32 cores per cpu, 1 threads per core) family 23 model 49 stepping 0, cmov, cx8, fxsr, mmx, sse, sse2, sse3, ssse3, sse4.1, sse4.2, popcnt, avx, avx2, aes, clmul, mmxext, 3dnowpref, lzcnt, sse4a, tsc, tscinvbit, tscinv, bmi1, bmi2, adx, sha, fma
CPU Model and flags from /proc/cpuinfo:
model name	: AMD EPYC 7542 32-Core Processor
flags		: fpu vme de pse tsc msr pae mce cx8 apic sep mtrr pge mca cmov pat pse36 clflush mmx fxsr sse sse2 ht syscall nx mmxext fxsr_opt pdpe1gb rdtscp lm constant_tsc art rep_good nopl nonstop_tsc extd_apicid aperfmperf eagerfpu pni pclmulqdq monitor ssse3 fma cx16 sse4_1 sse4_2 movbe popcnt aes xsave avx f16c rdrand lahf_lm cmp_legacy svm extapic cr8_legacy abm sse4a misalignsse 3dnowprefetch osvw ibs skinit wdt tce topoext perfctr_core perfctr_nb bpext perfctr_l2 cpb cat_l3 cdp_l3 hw_pstate sme retpoline_amd ssbd ibrs ibpb stibp vmmcall fsgsbase bmi1 avx2 smep bmi2 cqm rdt_a rdseed adx smap clflushopt clwb sha_ni xsaveopt xsavec xgetbv1 cqm_llc cqm_occup_llc cqm_mbm_total cqm_mbm_local clzero irperf xsaveerptr arat npt lbrv svm_lock nrip_save tsc_scale vmcb_clean flushbyasid decodeassists pausefilter pfthreshold avic v_vmsave_vmload vgif umip overflow_recov succor smca
Online cpus:0-63
Offline cpus:
BIOS frequency limitation:2900000
Frequency switch latency (ns):0
Available cpu frequencies:2900000 2400000 1500000 
Current governor:conservative
Core performance/turbo boost:1

Memory: 4k page, physical 263895368k(14014612k free), swap 4194300k(57636k free)

vm_info: OpenJDK 64-Bit Server VM (13.0.7+5-Ubuntu-0ubuntu120.04) for linux-amd64 JRE (13.0.7+5-Ubuntu-0ubuntu120.04), built on Apr 21 2021 05:36:19 by "unknown" with gcc 9.3.0

END.
