#
# There is insufficient memory for the Java Runtime Environment to continue.
# Native memory allocation (mmap) failed to map 3570073600 bytes for committing reserved memory.
# Possible reasons:
#   The system is out of physical RAM or swap space
# Possible solutions:
#   Reduce memory load on the system
#   Increase physical memory or swap space
#   Check if swap backing store is full
#   Decrease Java heap size (-Xmx/-Xms)
#   Decrease number of Java threads
#   Decrease Java thread stack sizes (-Xss)
#   Set larger code cache with -XX:ReservedCodeCacheSize=
# This output file may be truncated or incomplete.
#
#  Out of Memory Error (os_linux.cpp:2899), pid=5980, tid=5982
#
# JRE version: OpenJDK Runtime Environment (13.0.7+5) (build 13.0.7+5-Ubuntu-0ubuntu120.04)
# Java VM: OpenJDK 64-Bit Server VM (13.0.7+5-Ubuntu-0ubuntu120.04, mixed mode, tiered, serial gc, linux-amd64)
# No core dump will be written. Core dumps have been disabled. To enable core dumping, try "ulimit -c unlimited" before starting Java again
#

---------------  S U M M A R Y ------------

Command Line: -Xmx64g --add-modules=ALL-DEFAULT jdk.compiler/com.sun.tools.javac.launcher.Main /mnt/beegfs/rcabanas/dev/credici/papers/journalEM/code/GenerateModel.java -n 14 -d 1000 -di 0.5 -mr 0.98 -r 1.0 --seed 76 --output /mnt/beegfs/rcabanas/dev/credici/papers/journalEM/models/synthetic/s2/ --debug

Host: AMD EPYC 7542 32-Core Processor, 64 cores, 251G, Ubuntu 20.04.4 LTS
Time: Wed Oct 12 21:27:25 2022 CEST elapsed time: 145.083064 seconds (0d 0h 2m 25s)

---------------  T H R E A D  ---------------

Current thread (0x00007f4178097800):  VMThread "VM Thread" [stack: 0x00007f417c359000,0x00007f417c459000] [id=5982]

Stack: [0x00007f417c359000,0x00007f417c459000],  sp=0x00007f417c457240,  free space=1016k
Native frames: (J=compiled Java code, A=aot compiled Java code, j=interpreted, Vv=VM code, C=native code)
V  [libjvm.so+0xf8f092]
V  [libjvm.so+0xf8fc91]
V  [libjvm.so+0x66ee5a]
V  [libjvm.so+0xc44a41]
V  [libjvm.so+0xc3b263]
V  [libjvm.so+0xf87f4b]
V  [libjvm.so+0x674ecf]
V  [libjvm.so+0x7e2ee8]
V  [libjvm.so+0x7e39bd]
V  [libjvm.so+0x7d8b48]
V  [libjvm.so+0xf90940]
V  [libjvm.so+0xf96657]
V  [libjvm.so+0xf96d2b]
V  [libjvm.so+0xf9706a]
V  [libjvm.so+0xf2208f]
V  [libjvm.so+0xc493ff]

VM_Operation (0x00007f417d0c94d0): GenCollectForAllocation, mode: safepoint, requested by thread 0x00007f4178018000


---------------  P R O C E S S  ---------------

Threads class SMR info:
_java_thread_list=0x00007f4178136440, length=9, elements={
0x00007f4178018000, 0x00007f41780a3800, 0x00007f41780a7000, 0x00007f41780cb800,
0x00007f41780cd000, 0x00007f41780cf000, 0x00007f41780d1000, 0x00007f41780d3000,
0x00007f4178135000
}

Java Threads: ( => current thread )
  0x00007f4178018000 JavaThread "main" [_thread_blocked, id=5981, stack(0x00007f417cfcb000,0x00007f417d0cc000)]
  0x00007f41780a3800 JavaThread "Reference Handler" daemon [_thread_blocked, id=5983, stack(0x00007f417c256000,0x00007f417c357000)]
  0x00007f41780a7000 JavaThread "Finalizer" daemon [_thread_blocked, id=5984, stack(0x00007f417c155000,0x00007f417c256000)]
  0x00007f41780cb800 JavaThread "Signal Dispatcher" daemon [_thread_blocked, id=5985, stack(0x00007f417c01b000,0x00007f417c11c000)]
  0x00007f41780cd000 JavaThread "Service Thread" daemon [_thread_blocked, id=5986, stack(0x00007f4160689000,0x00007f416078a000)]
  0x00007f41780cf000 JavaThread "C2 CompilerThread0" daemon [_thread_blocked, id=5987, stack(0x00007f3152fa8000,0x00007f31530a9000)]
  0x00007f41780d1000 JavaThread "C1 CompilerThread0" daemon [_thread_blocked, id=5988, stack(0x00007f3152ea7000,0x00007f3152fa8000)]
  0x00007f41780d3000 JavaThread "Sweeper thread" daemon [_thread_blocked, id=5989, stack(0x00007f3152da6000,0x00007f3152ea7000)]
  0x00007f4178135000 JavaThread "Common-Cleaner" daemon [_thread_blocked, id=5990, stack(0x00007f3152ca5000,0x00007f3152da6000)]

Other Threads:
=>0x00007f4178097800 VMThread "VM Thread" [stack: 0x00007f417c359000,0x00007f417c459000] [id=5982]
  0x00007f4178181800 WatcherThread [stack: 0x00007f3152ba5000,0x00007f3152ca5000] [id=5991]

Threads with active compile tasks:

VM state:at safepoint (normal execution)

VM Mutex/Monitor currently owned by a thread:  ([mutex/lock_event])
[0x00007f41780138c0] ExpandHeap_lock - owner thread: 0x00007f4178097800
[0x00007f4178014100] Threads_lock - owner thread: 0x00007f4178097800
[0x00007f4178014d00] Heap_lock - owner thread: 0x00007f4178018000

Heap:
 def new generation   total 3161728K, used 0K [0x00007f3160600000, 0x00007f3236cb0000, 0x00007f36b5b50000)
  eden space 2810432K,   0% used [0x00007f3160600000, 0x00007f3160600000, 0x00007f320be90000)
  from space 351296K,   0% used [0x00007f320be90000, 0x00007f320be90000, 0x00007f32215a0000)
  to   space 351296K,   0% used [0x00007f32215a0000, 0x00007f32215a0000, 0x00007f3236cb0000)
 tenured generation   total 13998720K, used 8399229K [0x00007f36b5b50000, 0x00007f3a0c1f0000, 0x00007f4160600000)
   the space 13998720K,  59% used [0x00007f36b5b50000, 0x00007f38b65af6b8, 0x00007f38b65af800, 0x00007f3a0c1f0000)
 Metaspace       used 23348K, capacity 23677K, committed 23808K, reserved 24576K

Card table byte_map: [0x00007f31585ff000,0x00007f3160600000] _byte_map_base: 0x00007ef1bfafc000

Polling page: 0x00007f417ea57000

Metaspace:

Usage:
   23.12 MB capacity,    22.80 MB ( 99%) used,   234.20 KB ( <1%) free+waste,    94.19 KB ( <1%) overhead. 

Virtual space:
     24.00 MB reserved,      23.25 MB ( 97%) committed 

Chunk freelists:
23.00 KB

MaxMetaspaceSize: unlimited


CodeHeap 'non-profiled nmethods': size=120036Kb used=1734Kb max_used=1734Kb free=118301Kb
 bounds [0x00007f4168251000, 0x00007f41684c1000, 0x00007f416f78a000]
CodeHeap 'profiled nmethods': size=120032Kb used=6053Kb max_used=6053Kb free=113978Kb
 bounds [0x00007f4160d19000, 0x00007f4161309000, 0x00007f4168251000]
CodeHeap 'non-nmethods': size=5692Kb used=1199Kb max_used=1234Kb free=4492Kb
 bounds [0x00007f416078a000, 0x00007f41609fa000, 0x00007f4160d19000]
 total_blobs=4064 nmethods=3599 adapters=379
 compilation: enabled
              stopped_count=0, restarted_count=0
 full_count=0

Compilation events (20 events):
Event: 132.051 Thread 0x00007f41780d1000 3628       3       gnu.trove.list.array.TIntArrayList::add (29 bytes)
Event: 132.051 Thread 0x00007f41780d1000 nmethod 3628 0x00007f41612fdb10 code [0x00007f41612fdcc0, 0x00007f41612fdec0]
Event: 132.051 Thread 0x00007f41780d1000 3629       3       gnu.trove.list.array.TIntArrayList::ensureCapacity (46 bytes)
Event: 132.052 Thread 0x00007f41780d1000 nmethod 3629 0x00007f41612fe010 code [0x00007f41612fe1c0, 0x00007f41612fe4e0]
Event: 132.052 Thread 0x00007f41780cf000 3630       4       ch.idsia.crema.model.graphical.GenericSparseModel::getFactor (14 bytes)
Event: 132.054 Thread 0x00007f41780cf000 nmethod 3630 0x00007f4168401610 code [0x00007f41684017a0, 0x00007f4168401988]
Event: 132.055 Thread 0x00007f41780d1000 3631       3       gnu.trove.map.hash.TIntObjectHashMap$ValueView$TIntObjectValueHashIterator::next (17 bytes)
Event: 132.055 Thread 0x00007f41780d1000 nmethod 3631 0x00007f41612fe610 code [0x00007f41612fe7e0, 0x00007f41612feab0]
Event: 132.055 Thread 0x00007f41780d1000 3632       3       java.util.TreeMap::successor (66 bytes)
Event: 132.056 Thread 0x00007f41780d1000 nmethod 3632 0x00007f41612fec90 code [0x00007f41612fee40, 0x00007f41612ff170]
Event: 132.056 Thread 0x00007f41780d1000 3633       3       java.util.BitSet::set (58 bytes)
Event: 132.056 Thread 0x00007f41780d1000 nmethod 3633 0x00007f41612ff310 code [0x00007f41612ff580, 0x00007f41612fff70]
Event: 132.056 Thread 0x00007f41780d1000 3634       3       java.util.BitSet::clear (70 bytes)
Event: 132.057 Thread 0x00007f41780d1000 nmethod 3634 0x00007f4161300390 code [0x00007f4161300600, 0x00007f4161300f90]
Event: 132.058 Thread 0x00007f41780cf000 3635       4       java.util.HashMap::putIfAbsent (13 bytes)
Event: 132.066 Thread 0x00007f41780cf000 nmethod 3635 0x00007f4168401c10 code [0x00007f4168401de0, 0x00007f4168402538]
Event: 132.066 Thread 0x00007f41780d1000 3636       3       gnu.trove.impl.hash.TIntHash::contains (14 bytes)
Event: 132.067 Thread 0x00007f41780d1000 nmethod 3636 0x00007f4161301390 code [0x00007f4161301520, 0x00007f4161301720]
Event: 132.138 Thread 0x00007f41780d1000 3637       3       java.util.LinkedList::checkPositionIndex (22 bytes)
Event: 132.139 Thread 0x00007f41780d1000 nmethod 3637 0x00007f4161301810 code [0x00007f4161301a60, 0x00007f4161302180]

GC Heap History (20 events):
Event: 113.576 GC heap after
{Heap after GC invocations=24 (full 7):
 def new generation   total 6298944K, used 1K [0x00007f3160600000, 0x00007f330b8c0000, 0x00007f36b5b50000)
  eden space 5599104K,   0% used [0x00007f3160600000, 0x00007f3160600000, 0x00007f32b61e0000)
  from space 699840K,   0% used [0x00007f32e0d50000, 0x00007f32e0d50410, 0x00007f330b8c0000)
  to   space 699840K,   0% used [0x00007f32b61e0000, 0x00007f32b61e0000, 0x00007f32e0d50000)
 tenured generation   total 16094604K, used 15345885K [0x00007f36b5b50000, 0x00007f3a8c0b3000, 0x00007f4160600000)
   the space 16094604K,  95% used [0x00007f36b5b50000, 0x00007f3a5e5876a8, 0x00007f3a5e587800, 0x00007f3a8c0b3000)
 Metaspace       used 23286K, capacity 23667K, committed 23808K, reserved 24576K
}
Event: 113.576 GC heap before
{Heap before GC invocations=24 (full 7):
 def new generation   total 6298944K, used 1K [0x00007f3160600000, 0x00007f330b8c0000, 0x00007f36b5b50000)
  eden space 5599104K,   0% used [0x00007f3160600000, 0x00007f3160600000, 0x00007f32b61e0000)
  from space 699840K,   0% used [0x00007f32e0d50000, 0x00007f32e0d50410, 0x00007f330b8c0000)
  to   space 699840K,   0% used [0x00007f32b61e0000, 0x00007f32b61e0000, 0x00007f32e0d50000)
 tenured generation   total 16094604K, used 15345885K [0x00007f36b5b50000, 0x00007f3a8c0b3000, 0x00007f4160600000)
   the space 16094604K,  95% used [0x00007f36b5b50000, 0x00007f3a5e5876a8, 0x00007f3a5e587800, 0x00007f3a8c0b3000)
 Metaspace       used 23286K, capacity 23667K, committed 23808K, reserved 24576K
}
Event: 115.286 GC heap after
{Heap after GC invocations=24 (full 8):
 def new generation   total 5609792K, used 0K [0x00007f3160600000, 0x00007f32dcd00000, 0x00007f36b5b50000)
  eden space 4986496K,   0% used [0x00007f3160600000, 0x00007f3160600000, 0x00007f3290ba0000)
  from space 623296K,   0% used [0x00007f3290ba0000, 0x00007f3290ba0000, 0x00007f32b6c50000)
  to   space 623296K,   0% used [0x00007f32b6c50000, 0x00007f32b6c50000, 0x00007f32dcd00000)
 tenured generation   total 12466112K, used 2107010K [0x00007f36b5b50000, 0x00007f39ae940000, 0x00007f4160600000)
   the space 12466112K,  16% used [0x00007f36b5b50000, 0x00007f37364f0a80, 0x00007f37364f0c00, 0x00007f39ae940000)
 Metaspace       used 23286K, capacity 23667K, committed 23808K, reserved 24576K
}
Event: 118.885 GC heap before
{Heap before GC invocations=24 (full 8):
 def new generation   total 5609792K, used 4291833K [0x00007f3160600000, 0x00007f32dcd00000, 0x00007f36b5b50000)
  eden space 4986496K,  86% used [0x00007f3160600000, 0x00007f326653e5e0, 0x00007f3290ba0000)
  from space 623296K,   0% used [0x00007f3290ba0000, 0x00007f3290ba0000, 0x00007f32b6c50000)
  to   space 623296K,   0% used [0x00007f32b6c50000, 0x00007f32b6c50000, 0x00007f32dcd00000)
 tenured generation   total 12466112K, used 2107010K [0x00007f36b5b50000, 0x00007f39ae940000, 0x00007f4160600000)
   the space 12466112K,  16% used [0x00007f36b5b50000, 0x00007f37364f0a80, 0x00007f37364f0c00, 0x00007f39ae940000)
 Metaspace       used 23286K, capacity 23667K, committed 23808K, reserved 24576K
}
Event: 121.462 GC heap after
{Heap after GC invocations=25 (full 8):
 def new generation   total 5609792K, used 0K [0x00007f3160600000, 0x00007f32dcd00000, 0x00007f36b5b50000)
  eden space 4986496K,   0% used [0x00007f3160600000, 0x00007f3160600000, 0x00007f3290ba0000)
  from space 623296K,   0% used [0x00007f32b6c50000, 0x00007f32b6c501f0, 0x00007f32dcd00000)
  to   space 623296K,   0% used [0x00007f3290ba0000, 0x00007f3290ba0000, 0x00007f32b6c50000)
 tenured generation   total 12466112K, used 6301314K [0x00007f36b5b50000, 0x00007f39ae940000, 0x00007f4160600000)
   the space 12466112K,  50% used [0x00007f36b5b50000, 0x00007f38364f0a98, 0x00007f38364f0c00, 0x00007f39ae940000)
 Metaspace       used 23286K, capacity 23667K, committed 23808K, reserved 24576K
}
Event: 124.456 GC heap before
{Heap before GC invocations=25 (full 8):
 def new generation   total 5609792K, used 4291810K [0x00007f3160600000, 0x00007f32dcd00000, 0x00007f36b5b50000)
  eden space 4986496K,  86% used [0x00007f3160600000, 0x00007f32665389e0, 0x00007f3290ba0000)
  from space 623296K,   0% used [0x00007f32b6c50000, 0x00007f32b6c501f0, 0x00007f32dcd00000)
  to   space 623296K,   0% used [0x00007f3290ba0000, 0x00007f3290ba0000, 0x00007f32b6c50000)
 tenured generation   total 12466112K, used 6301314K [0x00007f36b5b50000, 0x00007f39ae940000, 0x00007f4160600000)
   the space 12466112K,  50% used [0x00007f36b5b50000, 0x00007f38364f0a98, 0x00007f38364f0c00, 0x00007f39ae940000)
 Metaspace       used 23286K, capacity 23667K, committed 23808K, reserved 24576K
}
Event: 126.051 GC heap after
{Heap after GC invocations=26 (full 8):
 def new generation   total 5609792K, used 1K [0x00007f3160600000, 0x00007f32dcd00000, 0x00007f36b5b50000)
  eden space 4986496K,   0% used [0x00007f3160600000, 0x00007f3160600000, 0x00007f3290ba0000)
  from space 623296K,   0% used [0x00007f3290ba0000, 0x00007f3290ba04b8, 0x00007f32b6c50000)
  to   space 623296K,   0% used [0x00007f32b6c50000, 0x00007f32b6c50000, 0x00007f32dcd00000)
 tenured generation   total 12466112K, used 10495618K [0x00007f36b5b50000, 0x00007f39ae940000, 0x00007f4160600000)
   the space 12466112K,  84% used [0x00007f36b5b50000, 0x00007f39364f0ac8, 0x00007f39364f0c00, 0x00007f39ae940000)
 Metaspace       used 23286K, capacity 23667K, committed 23808K, reserved 24576K
}
Event: 130.805 GC heap before
{Heap before GC invocations=26 (full 8):
 def new generation   total 5609792K, used 4862280K [0x00007f3160600000, 0x00007f32dcd00000, 0x00007f36b5b50000)
  eden space 4986496K,  97% used [0x00007f3160600000, 0x00007f3289251bb8, 0x00007f3290ba0000)
  from space 623296K,   0% used [0x00007f3290ba0000, 0x00007f3290ba04b8, 0x00007f32b6c50000)
  to   space 623296K,   0% used [0x00007f32b6c50000, 0x00007f32b6c50000, 0x00007f32dcd00000)
 tenured generation   total 12466112K, used 10495618K [0x00007f36b5b50000, 0x00007f39ae940000, 0x00007f4160600000)
   the space 12466112K,  84% used [0x00007f36b5b50000, 0x00007f39364f0ac8, 0x00007f39364f0c00, 0x00007f39ae940000)
 Metaspace       used 23334K, capacity 23674K, committed 23808K, reserved 24576K
}
Event: 131.220 GC heap after
{Heap after GC invocations=27 (full 8):
 def new generation   total 5609792K, used 339282K [0x00007f3160600000, 0x00007f32dcd00000, 0x00007f36b5b50000)
  eden space 4986496K,   0% used [0x00007f3160600000, 0x00007f3160600000, 0x00007f3290ba0000)
  from space 623296K,  54% used [0x00007f32b6c50000, 0x00007f32cb7a4a48, 0x00007f32dcd00000)
  to   space 623296K,   0% used [0x00007f3290ba0000, 0x00007f3290ba0000, 0x00007f32b6c50000)
 tenured generation   total 12466112K, used 10495618K [0x00007f36b5b50000, 0x00007f39ae940000, 0x00007f4160600000)
   the space 12466112K,  84% used [0x00007f36b5b50000, 0x00007f39364f0ac8, 0x00007f39364f0c00, 0x00007f39ae940000)
 Metaspace       used 23334K, capacity 23674K, committed 23808K, reserved 24576K
}
Event: 134.320 GC heap before
{Heap before GC invocations=27 (full 8):
 def new generation   total 5609792K, used 4126624K [0x00007f3160600000, 0x00007f32dcd00000, 0x00007f36b5b50000)
  eden space 4986496K,  75% used [0x00007f3160600000, 0x00007f3247893780, 0x00007f3290ba0000)
  from space 623296K,  54% used [0x00007f32b6c50000, 0x00007f32cb7a4a48, 0x00007f32dcd00000)
  to   space 623296K,   0% used [0x00007f3290ba0000, 0x00007f3290ba0000, 0x00007f32b6c50000)
 tenured generation   total 12466112K, used 10495618K [0x00007f36b5b50000, 0x00007f39ae940000, 0x00007f4160600000)
   the space 12466112K,  84% used [0x00007f36b5b50000, 0x00007f39364f0ac8, 0x00007f39364f0c00, 0x00007f39ae940000)
 Metaspace       used 23348K, capacity 23677K, committed 23808K, reserved 24576K
}
Event: 135.557 GC heap after
{Heap after GC invocations=28 (full 8):
 def new generation   total 5609792K, used 91K [0x00007f3160600000, 0x00007f32dcd00000, 0x00007f36b5b50000)
  eden space 4986496K,   0% used [0x00007f3160600000, 0x00007f3160600000, 0x00007f3290ba0000)
  from space 623296K,   0% used [0x00007f3290ba0000, 0x00007f3290bb6ec8, 0x00007f32b6c50000)
  to   space 623296K,   0% used [0x00007f32b6c50000, 0x00007f32b6c50000, 0x00007f32dcd00000)
 tenured generation   total 14563268K, used 12604318K [0x00007f36b5b50000, 0x00007f3a2e941000, 0x00007f4160600000)
   the space 14563268K,  86% used [0x00007f36b5b50000, 0x00007f39b7037bf0, 0x00007f39b7037c00, 0x00007f3a2e941000)
 Metaspace       used 23348K, capacity 23677K, committed 23808K, reserved 24576K
}
Event: 135.557 GC heap before
{Heap before GC invocations=28 (full 8):
 def new generation   total 5609792K, used 91K [0x00007f3160600000, 0x00007f32dcd00000, 0x00007f36b5b50000)
  eden space 4986496K,   0% used [0x00007f3160600000, 0x00007f3160600000, 0x00007f3290ba0000)
  from space 623296K,   0% used [0x00007f3290ba0000, 0x00007f3290bb6ec8, 0x00007f32b6c50000)
  to   space 623296K,   0% used [0x00007f32b6c50000, 0x00007f32b6c50000, 0x00007f32dcd00000)
 tenured generation   total 14563268K, used 12604318K [0x00007f36b5b50000, 0x00007f3a2e941000, 0x00007f4160600000)
   the space 14563268K,  86% used [0x00007f36b5b50000, 0x00007f39b7037bf0, 0x00007f39b7037c00, 0x00007f3a2e941000)
 Metaspace       used 23348K, capacity 23677K, committed 23808K, reserved 24576K
}
Event: 137.385 GC heap after
{Heap after GC invocations=28 (full 9):
 def new generation   total 3161728K, used 0K [0x00007f3160600000, 0x00007f3236cb0000, 0x00007f36b5b50000)
  eden space 2810432K,   0% used [0x00007f3160600000, 0x00007f3160600000, 0x00007f320be90000)
  from space 351296K,   0% used [0x00007f320be90000, 0x00007f320be90000, 0x00007f32215a0000)
  to   space 351296K,   0% used [0x00007f32215a0000, 0x00007f32215a0000, 0x00007f3236cb0000)
 tenured generation   total 7025916K, used 2107773K [0x00007f36b5b50000, 0x00007f386288f000, 0x00007f4160600000)
   the space 7025916K,  29% used [0x00007f36b5b50000, 0x00007f37365af788, 0x00007f37365af800, 0x00007f386288f000)
 Metaspace       used 23348K, capacity 23677K, committed 23808K, reserved 24576K
}
Event: 141.099 GC heap before
{Heap before GC invocations=28 (full 9):
 def new generation   total 3161728K, used 55280K [0x00007f3160600000, 0x00007f3236cb0000, 0x00007f36b5b50000)
  eden space 2810432K,   1% used [0x00007f3160600000, 0x00007f3163bfc288, 0x00007f320be90000)
  from space 351296K,   0% used [0x00007f320be90000, 0x00007f320be90000, 0x00007f32215a0000)
  to   space 351296K,   0% used [0x00007f32215a0000, 0x00007f32215a0000, 0x00007f3236cb0000)
 tenured generation   total 7025916K, used 6302077K [0x00007f36b5b50000, 0x00007f386288f000, 0x00007f4160600000)
   the space 7025916K,  89% used [0x00007f36b5b50000, 0x00007f38365af7a0, 0x00007f38365af800, 0x00007f386288f000)
 Metaspace       used 23348K, capacity 23677K, committed 23808K, reserved 24576K
}
Event: 141.104 GC heap after
{Heap after GC invocations=29 (full 9):
 def new generation   total 3161728K, used 0K [0x00007f3160600000, 0x00007f3236cb0000, 0x00007f36b5b50000)
  eden space 2810432K,   0% used [0x00007f3160600000, 0x00007f3160600000, 0x00007f320be90000)
  from space 351296K,   0% used [0x00007f32215a0000, 0x00007f32215a0120, 0x00007f3236cb0000)
  to   space 351296K,   0% used [0x00007f320be90000, 0x00007f320be90000, 0x00007f32215a0000)
 tenured generation   total 7025916K, used 6302077K [0x00007f36b5b50000, 0x00007f386288f000, 0x00007f4160600000)
   the space 7025916K,  89% used [0x00007f36b5b50000, 0x00007f38365af7a0, 0x00007f38365af800, 0x00007f386288f000)
 Metaspace       used 23348K, capacity 23677K, committed 23808K, reserved 24576K
}
Event: 141.104 GC heap before
{Heap before GC invocations=29 (full 9):
 def new generation   total 3161728K, used 0K [0x00007f3160600000, 0x00007f3236cb0000, 0x00007f36b5b50000)
  eden space 2810432K,   0% used [0x00007f3160600000, 0x00007f3160600000, 0x00007f320be90000)
  from space 351296K,   0% used [0x00007f32215a0000, 0x00007f32215a0120, 0x00007f3236cb0000)
  to   space 351296K,   0% used [0x00007f320be90000, 0x00007f320be90000, 0x00007f32215a0000)
 tenured generation   total 7025916K, used 6302077K [0x00007f36b5b50000, 0x00007f386288f000, 0x00007f4160600000)
   the space 7025916K,  89% used [0x00007f36b5b50000, 0x00007f38365af7a0, 0x00007f38365af800, 0x00007f386288f000)
 Metaspace       used 23348K, capacity 23677K, committed 23808K, reserved 24576K
}
Event: 143.152 GC heap after
{Heap after GC invocations=29 (full 10):
 def new generation   total 3161728K, used 0K [0x00007f3160600000, 0x00007f3236cb0000, 0x00007f36b5b50000)
  eden space 2810432K,   0% used [0x00007f3160600000, 0x00007f3160600000, 0x00007f320be90000)
  from space 351296K,   0% used [0x00007f32215a0000, 0x00007f32215a0000, 0x00007f3236cb0000)
  to   space 351296K,   0% used [0x00007f320be90000, 0x00007f320be90000, 0x00007f32215a0000)
 tenured generation   total 7025916K, used 4204925K [0x00007f36b5b50000, 0x00007f386288f000, 0x00007f4160600000)
   the space 7025916K,  59% used [0x00007f36b5b50000, 0x00007f37b65af428, 0x00007f37b65af600, 0x00007f386288f000)
 Metaspace       used 23348K, capacity 23677K, committed 23808K, reserved 24576K
}
Event: 145.028 GC heap before
{Heap before GC invocations=29 (full 10):
 def new generation   total 3161728K, used 55280K [0x00007f3160600000, 0x00007f3236cb0000, 0x00007f36b5b50000)
  eden space 2810432K,   1% used [0x00007f3160600000, 0x00007f3163bfc2a8, 0x00007f320be90000)
  from space 351296K,   0% used [0x00007f32215a0000, 0x00007f32215a0000, 0x00007f3236cb0000)
  to   space 351296K,   0% used [0x00007f320be90000, 0x00007f320be90000, 0x00007f32215a0000)
 tenured generation   total 11220224K, used 8399229K [0x00007f36b5b50000, 0x00007f3962890000, 0x00007f4160600000)
   the space 11220224K,  74% used [0x00007f36b5b50000, 0x00007f38b65af440, 0x00007f38b65af600, 0x00007f3962890000)
 Metaspace       used 23348K, capacity 23677K, committed 23808K, reserved 24576K
}
Event: 145.030 GC heap after
{Heap after GC invocations=30 (full 10):
 def new generation   total 3161728K, used 0K [0x00007f3160600000, 0x00007f3236cb0000, 0x00007f36b5b50000)
  eden space 2810432K,   0% used [0x00007f3160600000, 0x00007f3160600000, 0x00007f320be90000)
  from space 351296K,   0% used [0x00007f320be90000, 0x00007f320be90278, 0x00007f32215a0000)
  to   space 351296K,   0% used [0x00007f32215a0000, 0x00007f32215a0000, 0x00007f3236cb0000)
 tenured generation   total 11220224K, used 8399229K [0x00007f36b5b50000, 0x00007f3962890000, 0x00007f4160600000)
   the space 11220224K,  74% used [0x00007f36b5b50000, 0x00007f38b65af440, 0x00007f38b65af600, 0x00007f3962890000)
 Metaspace       used 23348K, capacity 23677K, committed 23808K, reserved 24576K
}
Event: 145.030 GC heap before
{Heap before GC invocations=30 (full 10):
 def new generation   total 3161728K, used 0K [0x00007f3160600000, 0x00007f3236cb0000, 0x00007f36b5b50000)
  eden space 2810432K,   0% used [0x00007f3160600000, 0x00007f3160600000, 0x00007f320be90000)
  from space 351296K,   0% used [0x00007f320be90000, 0x00007f320be90278, 0x00007f32215a0000)
  to   space 351296K,   0% used [0x00007f32215a0000, 0x00007f32215a0000, 0x00007f3236cb0000)
 tenured generation   total 11220224K, used 8399229K [0x00007f36b5b50000, 0x00007f3962890000, 0x00007f4160600000)
   the space 11220224K,  74% used [0x00007f36b5b50000, 0x00007f38b65af440, 0x00007f38b65af600, 0x00007f3962890000)
 Metaspace       used 23348K, capacity 23677K, committed 23808K, reserved 24576K
}

Deoptimization events (20 events):
Event: 128.801 Thread 0x00007f4178018000 Uncommon trap: trap_request=0xffffffc6 fr.pc=0x00007f4168390c40 relative=0x00000000000003e0
Event: 128.801 Thread 0x00007f4178018000 Uncommon trap: reason=bimorphic_or_optimized_type_check action=maybe_recompile pc=0x00007f4168390c40 method=java.util.Spliterators$ArraySpliterator.forEachRemaining(Ljava/util/function/Consumer;)V @ 53 c2
Event: 128.801 Thread 0x00007f4178018000 DEOPT PACKING pc=0x00007f4168390c40 sp=0x00007f417d0c9710
Event: 128.801 Thread 0x00007f4178018000 DEOPT UNPACKING pc=0x00007f41607d2e25 sp=0x00007f417d0c96c0 mode 2
Event: 128.801 Thread 0x00007f4178018000 Uncommon trap: trap_request=0xffffffc6 fr.pc=0x00007f4168390c40 relative=0x00000000000003e0
Event: 128.801 Thread 0x00007f4178018000 Uncommon trap: reason=bimorphic_or_optimized_type_check action=maybe_recompile pc=0x00007f4168390c40 method=java.util.Spliterators$ArraySpliterator.forEachRemaining(Ljava/util/function/Consumer;)V @ 53 c2
Event: 128.801 Thread 0x00007f4178018000 DEOPT PACKING pc=0x00007f4168390c40 sp=0x00007f417d0c9710
Event: 128.801 Thread 0x00007f4178018000 DEOPT UNPACKING pc=0x00007f41607d2e25 sp=0x00007f417d0c96c0 mode 2
Event: 128.901 Thread 0x00007f4178018000 Uncommon trap: trap_request=0xffffff45 fr.pc=0x00007f41683b483c relative=0x000000000000013c
Event: 128.901 Thread 0x00007f4178018000 Uncommon trap: reason=unstable_if action=reinterpret pc=0x00007f41683b483c method=java.util.Arrays.equals([I[I)Z @ 2 c2
Event: 128.901 Thread 0x00007f4178018000 DEOPT PACKING pc=0x00007f41683b483c sp=0x00007f417d0c98b0
Event: 128.901 Thread 0x00007f4178018000 DEOPT UNPACKING pc=0x00007f41607d2e25 sp=0x00007f417d0c9870 mode 2
Event: 128.905 Thread 0x00007f4178018000 Uncommon trap: trap_request=0xffffff45 fr.pc=0x00007f416836d598 relative=0x00000000000001d8
Event: 128.905 Thread 0x00007f4178018000 Uncommon trap: reason=unstable_if action=reinterpret pc=0x00007f416836d598 method=jdk.internal.math.FloatingDecimal.getBinaryToASCIIConverter(DZ)Ljdk/internal/math/FloatingDecimal$BinaryToASCIIConverter; @ 12 c2
Event: 128.905 Thread 0x00007f4178018000 DEOPT PACKING pc=0x00007f416836d598 sp=0x00007f417d0c98f0
Event: 128.905 Thread 0x00007f4178018000 DEOPT UNPACKING pc=0x00007f41607d2e25 sp=0x00007f417d0c9870 mode 2
Event: 129.255 Thread 0x00007f4178018000 Uncommon trap: trap_request=0xffffff45 fr.pc=0x00007f4168378930 relative=0x0000000000000130
Event: 129.255 Thread 0x00007f4178018000 Uncommon trap: reason=unstable_if action=reinterpret pc=0x00007f4168378930 method=java.util.Random.nextInt(I)I @ 58 c2
Event: 129.255 Thread 0x00007f4178018000 DEOPT PACKING pc=0x00007f4168378930 sp=0x00007f417d0c97d0
Event: 129.255 Thread 0x00007f4178018000 DEOPT UNPACKING pc=0x00007f41607d2e25 sp=0x00007f417d0c9778 mode 2

Classes unloaded (0 events):
No events

Classes redefined (0 events):
No events

Internal exceptions (20 events):
Event: 2.818 Thread 0x00007f4178018000 Exception <a 'java/lang/NoSuchMethodError'{0x00007f3164929600}: 'int java.lang.invoke.DirectMethodHandle$Holder.invokeVirtual(java.lang.Object, java.lang.Object, java.lang.Object, java.lang.Object)'> (0x00007f3164929600) 
thrown [src/hotspot/share/interpreter/linkResolver.cpp, line 766]
Event: 2.825 Thread 0x00007f4178018000 Exception <a 'java/lang/NoSuchMethodError'{0x00007f3164937748}: 'java.lang.Object java.lang.invoke.DirectMethodHandle$Holder.invokeStatic(java.lang.Object, java.lang.Object, int, java.lang.Object)'> (0x00007f3164937748) 
thrown [src/hotspot/share/interpreter/linkResolver.cpp, line 766]
Event: 2.825 Thread 0x00007f4178018000 Exception <a 'java/lang/NoSuchMethodError'{0x00007f3164940060}: 'java.lang.Object java.lang.invoke.Invokers$Holder.linkToTargetMethod(java.lang.Object, int, java.lang.Object, java.lang.Object)'> (0x00007f3164940060) 
thrown [src/hotspot/share/interpreter/linkResolver.cpp, line 766]
Event: 3.333 Thread 0x00007f4178018000 Implicit null exception at 0x00007f416827eb8f to 0x00007f416827ebf9
Event: 3.490 Thread 0x00007f4178018000 Exception <a 'java/lang/NoSuchMethodError'{0x00007f31651f5b20}: 'java.lang.Object java.lang.invoke.Invokers$Holder.linkToTargetMethod(java.lang.Object, int, java.lang.Object)'> (0x00007f31651f5b20) 
thrown [src/hotspot/share/interpreter/linkResolver.cpp, line 766]
Event: 3.524 Thread 0x00007f4178018000 Exception <a 'java/lang/NoSuchMethodError'{0x00007f316528b520}: 'java.lang.Object java.lang.invoke.Invokers$Holder.linkToTargetMethod(java.lang.Object, long, java.lang.Object)'> (0x00007f316528b520) 
thrown [src/hotspot/share/interpreter/linkResolver.cpp, line 766]
Event: 3.543 Thread 0x00007f4178018000 Exception <a 'java/lang/NoSuchMethodError'{0x00007f31652f5330}: 'java.lang.Object java.lang.invoke.Invokers$Holder.linkToTargetMethod(double, java.lang.Object)'> (0x00007f31652f5330) 
thrown [src/hotspot/share/interpreter/linkResolver.cpp, line 766]
Event: 3.763 Thread 0x00007f4178018000 Exception <a 'java/lang/NoSuchMethodError'{0x00007f3165f1bfd8}: 'java.lang.Object java.lang.invoke.Invokers$Holder.invokeExact_MT(java.lang.Object, java.lang.Object, java.lang.Object, java.lang.Object, java.lang.Object, java.lang.Object)'> (0x00007f3165f1bfd8) 
thrown [src/hotspot/share/interpreter/linkResolver.cpp, line 766]
Event: 3.811 Thread 0x00007f4178018000 Exception <a 'java/lang/NoSuchMethodError'{0x00007f3165fd3af8}: 'int java.lang.invoke.DirectMethodHandle$Holder.invokeStatic(java.lang.Object, java.lang.Object, int)'> (0x00007f3165fd3af8) 
thrown [src/hotspot/share/interpreter/linkResolver.cpp, line 766]
Event: 3.815 Thread 0x00007f4178018000 Exception <a 'java/lang/NoSuchMethodError'{0x00007f3165fe75f0}: 'int java.lang.invoke.DirectMethodHandle$Holder.invokeStatic(java.lang.Object, java.lang.Object, java.lang.Object, int)'> (0x00007f3165fe75f0) 
thrown [src/hotspot/share/interpreter/linkResolver.cpp, line 766]
Event: 3.938 Thread 0x00007f41780a7000 Implicit null exception at 0x00007f41682a1b4c to 0x00007f41682a1c00
Event: 4.307 Thread 0x00007f4178018000 Exception <a 'java/lang/NoSuchMethodError'{0x00007f3165def820}: 'java.lang.Object java.lang.invoke.DirectMethodHandle$Holder.invokeInterface(java.lang.Object, java.lang.Object, java.lang.Object)'> (0x00007f3165def820) 
thrown [src/hotspot/share/interpreter/linkResolver.cpp, line 766]
Event: 4.308 Thread 0x00007f4178018000 Exception <a 'java/lang/NoSuchMethodError'{0x00007f3165dfefa0}: 'void java.lang.invoke.DirectMethodHandle$Holder.invokeStatic(java.lang.Object, java.lang.Object, java.lang.Object, java.lang.Object)'> (0x00007f3165dfefa0) 
thrown [src/hotspot/share/interpreter/linkResolver.cpp, line 766]
Event: 4.445 Thread 0x00007f4178018000 Exception <a 'java/lang/NoSuchMethodError'{0x00007f31667af818}: 'int java.lang.invoke.DirectMethodHandle$Holder.invokeStatic(java.lang.Object, int, java.lang.Object, int)'> (0x00007f31667af818) 
thrown [src/hotspot/share/interpreter/linkResolver.cpp, line 766]
Event: 4.446 Thread 0x00007f4178018000 Exception <a 'java/lang/NoSuchMethodError'{0x00007f31667b6858}: 'java.lang.Object java.lang.invoke.DirectMethodHandle$Holder.invokeStatic(java.lang.Object, int, java.lang.Object)'> (0x00007f31667b6858) 
thrown [src/hotspot/share/interpreter/linkResolver.cpp, line 766]
Event: 4.535 Thread 0x00007f4178018000 Exception <a 'java/lang/NoSuchMethodError'{0x00007f3166975360}: 'void java.lang.invoke.DirectMethodHandle$Holder.invokeStatic(java.lang.Object, java.lang.Object, int)'> (0x00007f3166975360) 
thrown [src/hotspot/share/interpreter/linkResolver.cpp, line 766]
Event: 4.727 Thread 0x00007f4178018000 Exception <a 'java/lang/NoSuchMethodError'{0x00007f316d493f18}: 'void java.lang.invoke.DirectMethodHandle$Holder.invokeInterface(java.lang.Object, java.lang.Object, int)'> (0x00007f316d493f18) 
thrown [src/hotspot/share/interpreter/linkResolver.cpp, line 766]
Event: 4.727 Thread 0x00007f4178018000 Exception <a 'java/lang/IncompatibleClassChangeError'{0x00007f316d4979e0}: Found class java.lang.Object, but interface was expected> (0x00007f316d4979e0) 
thrown [src/hotspot/share/interpreter/linkResolver.cpp, line 833]
Event: 6.917 Thread 0x00007f4178018000 Exception <a 'java/lang/IncompatibleClassChangeError'{0x00007f316e59c5b0}: Found class java.lang.Object, but interface was expected> (0x00007f316e59c5b0) 
thrown [src/hotspot/share/interpreter/linkResolver.cpp, line 833]
Event: 7.778 Thread 0x00007f4178018000 Exception <a 'java/lang/NegativeArraySizeException'{0x00007f3171f34bc8}: -2147483648> (0x00007f3171f34bc8) 
thrown [src/hotspot/share/oops/klass.cpp, line 674]

Events (20 events):
Event: 128.779 loading class gnu/trove/map/TIntIntMap done
Event: 128.779 loading class gnu/trove/map/TIntIntMap
Event: 128.779 loading class gnu/trove/map/TIntIntMap done
Event: 128.779 loading class gnu/trove/map/TIntIntMap
Event: 128.779 loading class gnu/trove/map/TIntIntMap done
Event: 128.784 loading class gnu/trove/map/TIntIntMap
Event: 128.784 loading class gnu/trove/map/TIntIntMap done
Event: 128.784 loading class gnu/trove/map/TIntIntMap
Event: 128.784 loading class gnu/trove/map/TIntIntMap done
Event: 128.895 loading class ch/idsia/credici/utility/Probability
Event: 128.895 loading class ch/idsia/credici/utility/Probability done
Event: 128.899 loading class com/opencsv/exceptions/CsvException
Event: 128.899 loading class com/opencsv/exceptions/CsvException done
Event: 130.804 Executing VM operation: GenCollectForAllocation
Event: 131.220 Executing VM operation: GenCollectForAllocation done
Event: 134.320 Executing VM operation: GenCollectForAllocation
Event: 137.401 Executing VM operation: GenCollectForAllocation done
Event: 141.099 Executing VM operation: GenCollectForAllocation
Event: 143.158 Executing VM operation: GenCollectForAllocation done
Event: 145.028 Executing VM operation: GenCollectForAllocation


Dynamic libraries:
560de8b2d000-560de8b2e000 r--p 00000000 07:00 4860                       /usr/lib/jvm/java-13-openjdk-amd64/bin/java
560de8b2e000-560de8b2f000 r-xp 00001000 07:00 4860                       /usr/lib/jvm/java-13-openjdk-amd64/bin/java
560de8b2f000-560de8b30000 r--p 00002000 07:00 4860                       /usr/lib/jvm/java-13-openjdk-amd64/bin/java
560de8b30000-560de8b31000 r--p 00002000 07:00 4860                       /usr/lib/jvm/java-13-openjdk-amd64/bin/java
560de8b31000-560de8b32000 rw-p 00003000 07:00 4860                       /usr/lib/jvm/java-13-openjdk-amd64/bin/java
560de9bd6000-560de9bf7000 rw-p 00000000 00:00 0                          [heap]
7f3124000000-7f3124021000 rw-p 00000000 00:00 0 
7f3124021000-7f3128000000 ---p 00000000 00:00 0 
7f312c000000-7f312c021000 rw-p 00000000 00:00 0 
7f312c021000-7f3130000000 ---p 00000000 00:00 0 
7f3130000000-7f3130021000 rw-p 00000000 00:00 0 
7f3130021000-7f3134000000 ---p 00000000 00:00 0 
7f3134000000-7f3135019000 rw-p 00000000 00:00 0 
7f3135019000-7f3138000000 ---p 00000000 00:00 0 
7f3138000000-7f3138a73000 rw-p 00000000 00:00 0 
7f3138a73000-7f313c000000 ---p 00000000 00:00 0 
7f313c000000-7f313c021000 rw-p 00000000 00:00 0 
7f313c021000-7f3140000000 ---p 00000000 00:00 0 
7f3140000000-7f3140021000 rw-p 00000000 00:00 0 
7f3140021000-7f3144000000 ---p 00000000 00:00 0 
7f3144000000-7f3144021000 rw-p 00000000 00:00 0 
7f3144021000-7f3148000000 ---p 00000000 00:00 0 
7f3148000000-7f3148021000 rw-p 00000000 00:00 0 
7f3148021000-7f314c000000 ---p 00000000 00:00 0 
7f314c000000-7f314c047000 rw-p 00000000 00:00 0 
7f314c047000-7f3150000000 ---p 00000000 00:00 0 
7f315180b000-7f315194b000 rw-p 00000000 00:00 0 
7f315194b000-7f3151a0b000 ---p 00000000 00:00 0 
7f3151a0b000-7f3151c0b000 rw-p 00000000 00:00 0 
7f3151c0b000-7f3151e0b000 rw-p 00000000 00:00 0 
7f3152003000-7f3152203000 rw-p 00000000 00:00 0 
7f3152203000-7f31525a3000 rw-p 00000000 00:00 0 
7f31525a3000-7f31527a3000 rw-p 00000000 00:00 0 
7f31527a3000-7f31529a3000 rw-p 00000000 00:00 0 
7f31529a3000-7f3152ba3000 rw-p 00000000 00:00 0 
7f3152ba3000-7f3152ba4000 ---p 00000000 00:00 0 
7f3152ba4000-7f3152ca5000 rw-p 00000000 00:00 0 
7f3152ca5000-7f3152ca9000 ---p 00000000 00:00 0 
7f3152ca9000-7f3152da6000 rw-p 00000000 00:00 0 
7f3152da6000-7f3152daa000 ---p 00000000 00:00 0 
7f3152daa000-7f3152ea7000 rw-p 00000000 00:00 0 
7f3152ea7000-7f3152eab000 ---p 00000000 00:00 0 
7f3152eab000-7f3152fa8000 rw-p 00000000 00:00 0 
7f3152fa8000-7f3152fac000 ---p 00000000 00:00 0 
7f3152fac000-7f3154b5d000 rw-p 00000000 00:00 0 
7f3154b5d000-7f31585ff000 ---p 00000000 00:00 0 
7f31585ff000-7f3158cb3000 rw-p 00000000 00:00 0 
7f3158cb3000-7f315b0a9000 ---p 00000000 00:00 0 
7f315b0a9000-7f315cb5d000 rw-p 00000000 00:00 0 
7f315cb5d000-7f31605ff000 ---p 00000000 00:00 0 
7f31605ff000-7f3236cb0000 rw-p 00000000 00:00 0 
7f330b960000-7f36b5b50000 ---p 00000000 00:00 0 
7f36b5b50000-7f3a0c1f0000 rw-p 00000000 00:00 0 
7f3a0c1f0000-7f4160600000 ---p 00000000 00:00 0 
7f4160640000-7f4160671000 rw-p 00000000 00:00 0 
7f4160671000-7f4160675000 r--p 00000000 07:00 5204                       /usr/lib/jvm/java-13-openjdk-amd64/lib/libnet.so
7f4160675000-7f4160683000 r-xp 00004000 07:00 5204                       /usr/lib/jvm/java-13-openjdk-amd64/lib/libnet.so
7f4160683000-7f4160687000 r--p 00012000 07:00 5204                       /usr/lib/jvm/java-13-openjdk-amd64/lib/libnet.so
7f4160687000-7f4160688000 r--p 00015000 07:00 5204                       /usr/lib/jvm/java-13-openjdk-amd64/lib/libnet.so
7f4160688000-7f4160689000 rw-p 00016000 07:00 5204                       /usr/lib/jvm/java-13-openjdk-amd64/lib/libnet.so
7f4160689000-7f416068d000 ---p 00000000 00:00 0 
7f416068d000-7f416078a000 rw-p 00000000 00:00 0 
7f416078a000-7f41609fa000 rwxp 00000000 00:00 0 
7f41609fa000-7f4160d19000 ---p 00000000 00:00 0 
7f4160d19000-7f4161309000 rwxp 00000000 00:00 0 
7f4161309000-7f4168251000 ---p 00000000 00:00 0 
7f4168251000-7f41684c1000 rwxp 00000000 00:00 0 
7f41684c1000-7f416f78a000 ---p 00000000 00:00 0 
7f416f78a000-7f4178000000 r--s 00000000 07:00 5215                       /usr/lib/jvm/java-13-openjdk-amd64/lib/modules
7f4178000000-7f41786af000 rw-p 00000000 00:00 0 
7f41786af000-7f417c000000 ---p 00000000 00:00 0 
7f417c005000-7f417c00c000 r--p 00000000 07:00 5205                       /usr/lib/jvm/java-13-openjdk-amd64/lib/libnio.so
7f417c00c000-7f417c015000 r-xp 00007000 07:00 5205                       /usr/lib/jvm/java-13-openjdk-amd64/lib/libnio.so
7f417c015000-7f417c019000 r--p 00010000 07:00 5205                       /usr/lib/jvm/java-13-openjdk-amd64/lib/libnio.so
7f417c019000-7f417c01a000 r--p 00013000 07:00 5205                       /usr/lib/jvm/java-13-openjdk-amd64/lib/libnio.so
7f417c01a000-7f417c01b000 rw-p 00014000 07:00 5205                       /usr/lib/jvm/java-13-openjdk-amd64/lib/libnio.so
7f417c01b000-7f417c01f000 ---p 00000000 00:00 0 
7f417c01f000-7f417c11c000 rw-p 00000000 00:00 0 
7f417c11c000-7f417c123000 r--s 00000000 07:00 8532                       /usr/lib/x86_64-linux-gnu/gconv/gconv-modules.cache
7f417c123000-7f417c155000 r--p 00000000 07:00 5276                       /usr/lib/locale/C.UTF-8/LC_CTYPE
7f417c155000-7f417c159000 ---p 00000000 00:00 0 
7f417c159000-7f417c256000 rw-p 00000000 00:00 0 
7f417c256000-7f417c25a000 ---p 00000000 00:00 0 
7f417c25a000-7f417c357000 rw-p 00000000 00:00 0 
7f417c357000-7f417c358000 ---p 00000000 00:00 0 
7f417c358000-7f417cd76000 rw-p 00000000 00:00 0 
7f417cd76000-7f417cd7b000 rw-p 00000000 00:00 0 
7f417cd7b000-7f417ce61000 ---p 00000000 00:00 0 
7f417ce61000-7f417ce6d000 rw-p 00000000 00:00 0 
7f417ce6d000-7f417cf4c000 ---p 00000000 00:00 0 
7f417cf4c000-7f417cf51000 rw-p 00000000 00:00 0 
7f417cf51000-7f417cf58000 ---p 00000000 00:00 0 
7f417cf58000-7f417cf5a000 r--p 00000000 07:00 5214                       /usr/lib/jvm/java-13-openjdk-amd64/lib/libzip.so
7f417cf5a000-7f417cf5e000 r-xp 00002000 07:00 5214                       /usr/lib/jvm/java-13-openjdk-amd64/lib/libzip.so
7f417cf5e000-7f417cf60000 r--p 00006000 07:00 5214                       /usr/lib/jvm/java-13-openjdk-amd64/lib/libzip.so
7f417cf60000-7f417cf61000 r--p 00007000 07:00 5214                       /usr/lib/jvm/java-13-openjdk-amd64/lib/libzip.so
7f417cf61000-7f417cf62000 rw-p 00008000 07:00 5214                       /usr/lib/jvm/java-13-openjdk-amd64/lib/libzip.so
7f417cf62000-7f417cf6a000 rw-s 00000000 08:03 100675998                  /tmp/hsperfdata_rcabanas/5980
7f417cf6a000-7f417cf6d000 r--p 00000000 07:00 9108                       /usr/lib/x86_64-linux-gnu/libnss_files-2.31.so
7f417cf6d000-7f417cf74000 r-xp 00003000 07:00 9108                       /usr/lib/x86_64-linux-gnu/libnss_files-2.31.so
7f417cf74000-7f417cf76000 r--p 0000a000 07:00 9108                       /usr/lib/x86_64-linux-gnu/libnss_files-2.31.so
7f417cf76000-7f417cf77000 r--p 0000b000 07:00 9108                       /usr/lib/x86_64-linux-gnu/libnss_files-2.31.so
7f417cf77000-7f417cf78000 rw-p 0000c000 07:00 9108                       /usr/lib/x86_64-linux-gnu/libnss_files-2.31.so
7f417cf78000-7f417cf7e000 rw-p 00000000 00:00 0 
7f417cf84000-7f417cf86000 r--p 00000000 07:00 5195                       /usr/lib/jvm/java-13-openjdk-amd64/lib/libjimage.so
7f417cf86000-7f417cf89000 r-xp 00002000 07:00 5195                       /usr/lib/jvm/java-13-openjdk-amd64/lib/libjimage.so
7f417cf89000-7f417cf8a000 r--p 00005000 07:00 5195                       /usr/lib/jvm/java-13-openjdk-amd64/lib/libjimage.so
7f417cf8a000-7f417cf8b000 ---p 00006000 07:00 5195                       /usr/lib/jvm/java-13-openjdk-amd64/lib/libjimage.so
7f417cf8b000-7f417cf8c000 r--p 00006000 07:00 5195                       /usr/lib/jvm/java-13-openjdk-amd64/lib/libjimage.so
7f417cf8c000-7f417cf8d000 rw-p 00007000 07:00 5195                       /usr/lib/jvm/java-13-openjdk-amd64/lib/libjimage.so
7f417cf8d000-7f417cf9a000 r--p 00000000 07:00 5191                       /usr/lib/jvm/java-13-openjdk-amd64/lib/libjava.so
7f417cf9a000-7f417cfaf000 r-xp 0000d000 07:00 5191                       /usr/lib/jvm/java-13-openjdk-amd64/lib/libjava.so
7f417cfaf000-7f417cfb5000 r--p 00022000 07:00 5191                       /usr/lib/jvm/java-13-openjdk-amd64/lib/libjava.so
7f417cfb5000-7f417cfb6000 ---p 00028000 07:00 5191                       /usr/lib/jvm/java-13-openjdk-amd64/lib/libjava.so
7f417cfb6000-7f417cfb7000 r--p 00028000 07:00 5191                       /usr/lib/jvm/java-13-openjdk-amd64/lib/libjava.so
7f417cfb7000-7f417cfb9000 rw-p 00029000 07:00 5191                       /usr/lib/jvm/java-13-openjdk-amd64/lib/libjava.so
7f417cfb9000-7f417cfbe000 r--p 00000000 07:00 5213                       /usr/lib/jvm/java-13-openjdk-amd64/lib/libverify.so
7f417cfbe000-7f417cfc5000 r-xp 00005000 07:00 5213                       /usr/lib/jvm/java-13-openjdk-amd64/lib/libverify.so
7f417cfc5000-7f417cfc7000 r--p 0000c000 07:00 5213                       /usr/lib/jvm/java-13-openjdk-amd64/lib/libverify.so
7f417cfc7000-7f417cfc8000 ---p 0000e000 07:00 5213                       /usr/lib/jvm/java-13-openjdk-amd64/lib/libverify.so
7f417cfc8000-7f417cfca000 r--p 0000e000 07:00 5213                       /usr/lib/jvm/java-13-openjdk-amd64/lib/libverify.so
7f417cfca000-7f417cfcb000 rw-p 00010000 07:00 5213                       /usr/lib/jvm/java-13-openjdk-amd64/lib/libverify.so
7f417cfcb000-7f417cfcf000 ---p 00000000 00:00 0 
7f417cfcf000-7f417d0cc000 rw-p 00000000 00:00 0 
7f417d0cc000-7f417d0cf000 r--p 00000000 07:00 8948                       /usr/lib/x86_64-linux-gnu/libgcc_s.so.1
7f417d0cf000-7f417d0e1000 r-xp 00003000 07:00 8948                       /usr/lib/x86_64-linux-gnu/libgcc_s.so.1
7f417d0e1000-7f417d0e5000 r--p 00015000 07:00 8948                       /usr/lib/x86_64-linux-gnu/libgcc_s.so.1
7f417d0e5000-7f417d0e6000 r--p 00018000 07:00 8948                       /usr/lib/x86_64-linux-gnu/libgcc_s.so.1
7f417d0e6000-7f417d0e7000 rw-p 00019000 07:00 8948                       /usr/lib/x86_64-linux-gnu/libgcc_s.so.1
7f417d0e7000-7f417d0f4000 r--p 00000000 07:00 9062                       /usr/lib/x86_64-linux-gnu/libm-2.31.so
7f417d0f4000-7f417d19b000 r-xp 0000d000 07:00 9062                       /usr/lib/x86_64-linux-gnu/libm-2.31.so
7f417d19b000-7f417d234000 r--p 000b4000 07:00 9062                       /usr/lib/x86_64-linux-gnu/libm-2.31.so
7f417d234000-7f417d235000 r--p 0014c000 07:00 9062                       /usr/lib/x86_64-linux-gnu/libm-2.31.so
7f417d235000-7f417d236000 rw-p 0014d000 07:00 9062                       /usr/lib/x86_64-linux-gnu/libm-2.31.so
7f417d236000-7f417d2cc000 r--p 00000000 07:00 9213                       /usr/lib/x86_64-linux-gnu/libstdc++.so.6.0.28
7f417d2cc000-7f417d3bd000 r-xp 00096000 07:00 9213                       /usr/lib/x86_64-linux-gnu/libstdc++.so.6.0.28
7f417d3bd000-7f417d406000 r--p 00187000 07:00 9213                       /usr/lib/x86_64-linux-gnu/libstdc++.so.6.0.28
7f417d406000-7f417d407000 ---p 001d0000 07:00 9213                       /usr/lib/x86_64-linux-gnu/libstdc++.so.6.0.28
7f417d407000-7f417d412000 r--p 001d0000 07:00 9213                       /usr/lib/x86_64-linux-gnu/libstdc++.so.6.0.28
7f417d412000-7f417d415000 rw-p 001db000 07:00 9213                       /usr/lib/x86_64-linux-gnu/libstdc++.so.6.0.28
7f417d415000-7f417d418000 rw-p 00000000 00:00 0 
7f417d418000-7f417d69e000 r--p 00000000 07:00 5226                       /usr/lib/jvm/java-13-openjdk-amd64/lib/server/libjvm.so
7f417d69e000-7f417e41b000 r-xp 00286000 07:00 5226                       /usr/lib/jvm/java-13-openjdk-amd64/lib/server/libjvm.so
7f417e41b000-7f417e696000 r--p 01003000 07:00 5226                       /usr/lib/jvm/java-13-openjdk-amd64/lib/server/libjvm.so
7f417e696000-7f417e75b000 r--p 0127d000 07:00 5226                       /usr/lib/jvm/java-13-openjdk-amd64/lib/server/libjvm.so
7f417e75b000-7f417e796000 rw-p 01342000 07:00 5226                       /usr/lib/jvm/java-13-openjdk-amd64/lib/server/libjvm.so
7f417e796000-7f417e81c000 rw-p 00000000 00:00 0 
7f417e81c000-7f417e822000 r--p 00000000 07:00 9166                       /usr/lib/x86_64-linux-gnu/libpthread-2.31.so
7f417e822000-7f417e833000 r-xp 00006000 07:00 9166                       /usr/lib/x86_64-linux-gnu/libpthread-2.31.so
7f417e833000-7f417e839000 r--p 00017000 07:00 9166                       /usr/lib/x86_64-linux-gnu/libpthread-2.31.so
7f417e839000-7f417e83a000 r--p 0001c000 07:00 9166                       /usr/lib/x86_64-linux-gnu/libpthread-2.31.so
7f417e83a000-7f417e83b000 rw-p 0001d000 07:00 9166                       /usr/lib/x86_64-linux-gnu/libpthread-2.31.so
7f417e83b000-7f417e83f000 rw-p 00000000 00:00 0 
7f417e83f000-7f417e840000 r--p 00000000 07:00 8893                       /usr/lib/x86_64-linux-gnu/libdl-2.31.so
7f417e840000-7f417e842000 r-xp 00001000 07:00 8893                       /usr/lib/x86_64-linux-gnu/libdl-2.31.so
7f417e842000-7f417e843000 r--p 00003000 07:00 8893                       /usr/lib/x86_64-linux-gnu/libdl-2.31.so
7f417e843000-7f417e844000 r--p 00003000 07:00 8893                       /usr/lib/x86_64-linux-gnu/libdl-2.31.so
7f417e844000-7f417e845000 rw-p 00004000 07:00 8893                       /usr/lib/x86_64-linux-gnu/libdl-2.31.so
7f417e845000-7f417e847000 r--p 00000000 07:00 9290                       /usr/lib/x86_64-linux-gnu/libz.so.1.2.11
7f417e847000-7f417e858000 r-xp 00002000 07:00 9290                       /usr/lib/x86_64-linux-gnu/libz.so.1.2.11
7f417e858000-7f417e85e000 r--p 00013000 07:00 9290                       /usr/lib/x86_64-linux-gnu/libz.so.1.2.11
7f417e85e000-7f417e85f000 ---p 00019000 07:00 9290                       /usr/lib/x86_64-linux-gnu/libz.so.1.2.11
7f417e85f000-7f417e860000 r--p 00019000 07:00 9290                       /usr/lib/x86_64-linux-gnu/libz.so.1.2.11
7f417e860000-7f417e861000 rw-p 0001a000 07:00 9290                       /usr/lib/x86_64-linux-gnu/libz.so.1.2.11
7f417e861000-7f417e883000 r--p 00000000 07:00 8851                       /usr/lib/x86_64-linux-gnu/libc-2.31.so
7f417e883000-7f417e9fb000 r-xp 00022000 07:00 8851                       /usr/lib/x86_64-linux-gnu/libc-2.31.so
7f417e9fb000-7f417ea49000 r--p 0019a000 07:00 8851                       /usr/lib/x86_64-linux-gnu/libc-2.31.so
7f417ea49000-7f417ea4d000 r--p 001e7000 07:00 8851                       /usr/lib/x86_64-linux-gnu/libc-2.31.so
7f417ea4d000-7f417ea4f000 rw-p 001eb000 07:00 8851                       /usr/lib/x86_64-linux-gnu/libc-2.31.so
7f417ea4f000-7f417ea53000 rw-p 00000000 00:00 0 
7f417ea55000-7f417ea57000 r--s 0000c000 07:00 20930                      /usr/share/java/java-atk-wrapper.jar
7f417ea57000-7f417ea58000 ---p 00000000 00:00 0 
7f417ea58000-7f417ea59000 r--p 00000000 00:00 0 
7f417ea59000-7f417ea5c000 r--p 00000000 07:00 5196                       /usr/lib/jvm/java-13-openjdk-amd64/lib/libjli.so
7f417ea5c000-7f417ea66000 r-xp 00003000 07:00 5196                       /usr/lib/jvm/java-13-openjdk-amd64/lib/libjli.so
7f417ea66000-7f417ea69000 r--p 0000d000 07:00 5196                       /usr/lib/jvm/java-13-openjdk-amd64/lib/libjli.so
7f417ea69000-7f417ea6a000 r--p 0000f000 07:00 5196                       /usr/lib/jvm/java-13-openjdk-amd64/lib/libjli.so
7f417ea6a000-7f417ea6b000 rw-p 00010000 07:00 5196                       /usr/lib/jvm/java-13-openjdk-amd64/lib/libjli.so
7f417ea6b000-7f417ea6d000 rw-p 00000000 00:00 0 
7f417ea6d000-7f417ea6e000 r--p 00000000 07:00 8572                       /usr/lib/x86_64-linux-gnu/ld-2.31.so
7f417ea6e000-7f417ea91000 r-xp 00001000 07:00 8572                       /usr/lib/x86_64-linux-gnu/ld-2.31.so
7f417ea91000-7f417ea99000 r--p 00024000 07:00 8572                       /usr/lib/x86_64-linux-gnu/ld-2.31.so
7f417ea99000-7f417ea9a000 ---p 00000000 00:00 0 
7f417ea9a000-7f417ea9b000 r--p 0002c000 07:00 8572                       /usr/lib/x86_64-linux-gnu/ld-2.31.so
7f417ea9b000-7f417ea9c000 rw-p 0002d000 07:00 8572                       /usr/lib/x86_64-linux-gnu/ld-2.31.so
7f417ea9c000-7f417ea9d000 rw-p 00000000 00:00 0 
7ffdfc186000-7ffdfc1a7000 rw-p 00000000 00:00 0                          [stack]
7ffdfc1d7000-7ffdfc1d9000 r-xp 00000000 00:00 0                          [vdso]
ffffffffff600000-ffffffffff601000 r-xp 00000000 00:00 0                  [vsyscall]


VM Arguments:
jvm_args: -Xmx64g --add-modules=ALL-DEFAULT 
java_command: jdk.compiler/com.sun.tools.javac.launcher.Main /mnt/beegfs/rcabanas/dev/credici/papers/journalEM/code/GenerateModel.java -n 14 -d 1000 -di 0.5 -mr 0.98 -r 1.0 --seed 76 --output /mnt/beegfs/rcabanas/dev/credici/papers/journalEM/models/synthetic/s2/ --debug
java_class_path (initial): /mnt/beegfs/rcabanas/dev/credici/target/credici-0.1.3-jar-with-dependencies.jar
Launcher Type: SUN_STANDARD

[Global flags]
     intx CICompilerCount                          = 2                                         {product} {ergonomic}
   size_t InitialHeapSize                          = 2147483648                                {product} {ergonomic}
   size_t MaxHeapSize                              = 68719476736                               {product} {command line}
   size_t MaxNewSize                               = 22906470400                               {product} {ergonomic}
   size_t MinHeapDeltaBytes                        = 196608                                    {product} {ergonomic}
   size_t MinHeapSize                              = 8388608                                   {product} {ergonomic}
   size_t NewSize                                  = 715784192                                 {product} {ergonomic}
    uintx NonNMethodCodeHeapSize                   = 5826188                                {pd product} {ergonomic}
    uintx NonProfiledCodeHeapSize                  = 122916026                              {pd product} {ergonomic}
   size_t OldSize                                  = 1431699456                                {product} {ergonomic}
    uintx ProfiledCodeHeapSize                     = 122916026                              {pd product} {ergonomic}
    uintx ReservedCodeCacheSize                    = 251658240                              {pd product} {ergonomic}
     bool SegmentedCodeCache                       = true                                      {product} {ergonomic}
   size_t SoftMaxHeapSize                          = 68719476736                            {manageable} {ergonomic}
     bool UseSerialGC                              = true                                      {product} {ergonomic}

Logging:
Log output configuration:
 #0: stdout all=warning uptime,level,tags
 #1: stderr all=off uptime,level,tags

Environment Variables:
PATH=/usr/local/sbin:/usr/local/bin:/usr/sbin:/usr/bin:/sbin:/bin
LD_LIBRARY_PATH=/.singularity.d/libs

Signal Handlers:
SIGSEGV: [libjvm.so+0xf8fcf0], sa_mask[0]=11111111011111111101111111111110, sa_flags=SA_RESTART|SA_SIGINFO
SIGBUS: [libjvm.so+0xf8fcf0], sa_mask[0]=11111111011111111101111111111110, sa_flags=SA_RESTART|SA_SIGINFO
SIGFPE: [libjvm.so+0xf8fcf0], sa_mask[0]=11111111011111111101111111111110, sa_flags=SA_RESTART|SA_SIGINFO
SIGPIPE: [libjvm.so+0xc3ffa0], sa_mask[0]=11111111011111111101111111111110, sa_flags=SA_RESTART|SA_SIGINFO
SIGXFSZ: [libjvm.so+0xc3ffa0], sa_mask[0]=11111111011111111101111111111110, sa_flags=SA_RESTART|SA_SIGINFO
SIGILL: [libjvm.so+0xf8fcf0], sa_mask[0]=11111111011111111101111111111110, sa_flags=SA_RESTART|SA_SIGINFO
SIGUSR2: [libjvm.so+0xc3fe40], sa_mask[0]=00000000000000000000000000000000, sa_flags=SA_RESTART|SA_SIGINFO
SIGHUP: [libjvm.so+0xc40580], sa_mask[0]=11111111011111111101111111111110, sa_flags=SA_RESTART|SA_SIGINFO
SIGINT: [libjvm.so+0xc40580], sa_mask[0]=11111111011111111101111111111110, sa_flags=SA_RESTART|SA_SIGINFO
SIGTERM: [libjvm.so+0xc40580], sa_mask[0]=11111111011111111101111111111110, sa_flags=SA_RESTART|SA_SIGINFO
SIGQUIT: [libjvm.so+0xc40580], sa_mask[0]=11111111011111111101111111111110, sa_flags=SA_RESTART|SA_SIGINFO


---------------  S Y S T E M  ---------------

OS:DISTRIB_ID=Ubuntu
DISTRIB_RELEASE=20.04
DISTRIB_CODENAME=focal
DISTRIB_DESCRIPTION="Ubuntu 20.04.4 LTS"
uname:Linux 3.10.0-1160.15.2.el7.x86_64 #1 SMP Wed Feb 3 15:06:38 UTC 2021 x86_64
OS uptime: 474 days 3:06 hours
libc:glibc 2.31 NPTL 2.31 
rlimit (soft/hard): STACK 8192k/infinity , CORE 0k/infinity , NPROC 4096/1030217 , NOFILE 131072/131072 , AS infinity/infinity , CPU infinity/infinity , DATA infinity/infinity , FSIZE infinity/infinity , MEMLOCK infinity/infinity
load average:24.04 13.36 5.44

/proc/meminfo:
MemTotal:       263895368 kB
MemFree:         2778848 kB
MemAvailable:    2630852 kB
Buffers:          142732 kB
Cached:           412880 kB
SwapCached:       490212 kB
Active:         245090448 kB
Inactive:        6735460 kB
Active(anon):   244882620 kB
Inactive(anon):  6417492 kB
Active(file):     207828 kB
Inactive(file):   317968 kB
Unevictable:       13228 kB
Mlocked:           13228 kB
SwapTotal:       4194300 kB
SwapFree:         247728 kB
Dirty:               404 kB
Writeback:             0 kB
AnonPages:      250559492 kB
Mapped:           160088 kB
Shmem:             23172 kB
Slab:             708100 kB
SReclaimable:     169876 kB
SUnreclaim:       538224 kB
KernelStack:       24288 kB
PageTables:       526736 kB
NFS_Unstable:          0 kB
Bounce:                0 kB
WritebackTmp:          0 kB
CommitLimit:    136141984 kB
Committed_AS:   286484896 kB
VmallocTotal:   34359738367 kB
VmallocUsed:      860048 kB
VmallocChunk:   34222458924 kB
Percpu:            21248 kB
HardwareCorrupted:     0 kB
AnonHugePages:  93538304 kB
CmaTotal:              0 kB
CmaFree:               0 kB
HugePages_Total:       0
HugePages_Free:        0
HugePages_Rsvd:        0
HugePages_Surp:        0
Hugepagesize:       2048 kB
DirectMap4k:      650856 kB
DirectMap2M:    19134464 kB
DirectMap1G:    248512512 kB

/sys/kernel/mm/transparent_hugepage/enabled:
[always] madvise never

/sys/kernel/mm/transparent_hugepage/defrag (defrag/compaction efforts parameter):
[always] madvise never


/proc/sys/kernel/threads-max (system-wide limit on the number of threads):
2060435


/proc/sys/vm/max_map_count (maximum number of memory map areas a process may have):
65530


/proc/sys/kernel/pid_max (system-wide limit on number of process identifiers):
65536



Steal ticks since vm start: 0
Steal ticks percentage since vm start:  0.000

CPU:total 64 (initial active 1) (32 cores per cpu, 1 threads per core) family 23 model 49 stepping 0, cmov, cx8, fxsr, mmx, sse, sse2, sse3, ssse3, sse4.1, sse4.2, popcnt, avx, avx2, aes, clmul, mmxext, 3dnowpref, lzcnt, sse4a, tsc, tscinvbit, tscinv, bmi1, bmi2, adx, sha, fma
CPU Model and flags from /proc/cpuinfo:
model name	: AMD EPYC 7542 32-Core Processor
flags		: fpu vme de pse tsc msr pae mce cx8 apic sep mtrr pge mca cmov pat pse36 clflush mmx fxsr sse sse2 ht syscall nx mmxext fxsr_opt pdpe1gb rdtscp lm constant_tsc art rep_good nopl nonstop_tsc extd_apicid aperfmperf eagerfpu pni pclmulqdq monitor ssse3 fma cx16 sse4_1 sse4_2 movbe popcnt aes xsave avx f16c rdrand lahf_lm cmp_legacy svm extapic cr8_legacy abm sse4a misalignsse 3dnowprefetch osvw ibs skinit wdt tce topoext perfctr_core perfctr_nb bpext perfctr_l2 cpb cat_l3 cdp_l3 hw_pstate sme retpoline_amd ssbd ibrs ibpb stibp vmmcall fsgsbase bmi1 avx2 smep bmi2 cqm rdt_a rdseed adx smap clflushopt clwb sha_ni xsaveopt xsavec xgetbv1 cqm_llc cqm_occup_llc cqm_mbm_total cqm_mbm_local clzero irperf xsaveerptr arat npt lbrv svm_lock nrip_save tsc_scale vmcb_clean flushbyasid decodeassists pausefilter pfthreshold avic v_vmsave_vmload vgif umip overflow_recov succor smca
Online cpus:0-63
Offline cpus:
BIOS frequency limitation:2900000
Frequency switch latency (ns):0
Available cpu frequencies:2900000 2400000 1500000 
Current governor:conservative
Core performance/turbo boost:1

Memory: 4k page, physical 263895368k(2787588k free), swap 4194300k(247984k free)

vm_info: OpenJDK 64-Bit Server VM (13.0.7+5-Ubuntu-0ubuntu120.04) for linux-amd64 JRE (13.0.7+5-Ubuntu-0ubuntu120.04), built on Apr 21 2021 05:36:19 by "unknown" with gcc 9.3.0

END.
