#
# There is insufficient memory for the Java Runtime Environment to continue.
# Native memory allocation (mmap) failed to map 4397281280 bytes for committing reserved memory.
# Possible reasons:
#   The system is out of physical RAM or swap space
# Possible solutions:
#   Reduce memory load on the system
#   Increase physical memory or swap space
#   Check if swap backing store is full
#   Decrease Java heap size (-Xmx/-Xms)
#   Decrease number of Java threads
#   Decrease Java thread stack sizes (-Xss)
#   Set larger code cache with -XX:ReservedCodeCacheSize=
# This output file may be truncated or incomplete.
#
#  Out of Memory Error (os_linux.cpp:2899), pid=41571, tid=41573
#
# JRE version: OpenJDK Runtime Environment (13.0.7+5) (build 13.0.7+5-Ubuntu-0ubuntu120.04)
# Java VM: OpenJDK 64-Bit Server VM (13.0.7+5-Ubuntu-0ubuntu120.04, mixed mode, tiered, serial gc, linux-amd64)
# No core dump will be written. Core dumps have been disabled. To enable core dumping, try "ulimit -c unlimited" before starting Java again
#

---------------  S U M M A R Y ------------

Command Line: -Xmx64g --add-modules=ALL-DEFAULT jdk.compiler/com.sun.tools.javac.launcher.Main /mnt/beegfs/rcabanas/dev/credici/papers/journalEM/code/LearnAndCalculatePNS.java -w -x 200 -m 500 -sc KL -th 0.0 -a EMCC --seed 0 --output /mnt/beegfs/rcabanas/dev/credici/papers/journalEM/output/synthetic/s3 /mnt/beegfs/rcabanas/dev/credici/papers/journalEM/models/synthetic/s3/random_mc2_n13_mid3_d1000_05_mr098_r10_151.uai

Host: AMD EPYC 7542 32-Core Processor, 64 cores, 251G, Ubuntu 20.04.4 LTS
Time: Tue Dec 27 20:05:17 2022 CET elapsed time: 47691.710303 seconds (0d 13h 14m 51s)

---------------  T H R E A D  ---------------

Current thread (0x00007fdbe0097800):  VMThread "VM Thread" [stack: 0x00007fdbe6262000,0x00007fdbe6362000] [id=41573]

Stack: [0x00007fdbe6262000,0x00007fdbe6362000],  sp=0x00007fdbe6360160,  free space=1016k
Native frames: (J=compiled Java code, A=aot compiled Java code, j=interpreted, Vv=VM code, C=native code)
V  [libjvm.so+0xf8f092]
V  [libjvm.so+0xf8fc91]
V  [libjvm.so+0x66ee5a]
V  [libjvm.so+0xc44a41]
V  [libjvm.so+0xc3b263]
V  [libjvm.so+0xf87f4b]
V  [libjvm.so+0x557506]
V  [libjvm.so+0x557723]
V  [libjvm.so+0xf18b0c]
V  [libjvm.so+0x557e65]
V  [libjvm.so+0x7e2edb]
V  [libjvm.so+0x7e39bd]
V  [libjvm.so+0x7d8b48]
V  [libjvm.so+0xf90940]
V  [libjvm.so+0xf96657]
V  [libjvm.so+0xf96d2b]
V  [libjvm.so+0xf9706a]
V  [libjvm.so+0xf2208f]
V  [libjvm.so+0xc493ff]

VM_Operation (0x00007fdbe6fd2460): GenCollectForAllocation, mode: safepoint, requested by thread 0x00007fdbe0018000


---------------  P R O C E S S  ---------------

Threads class SMR info:
_java_thread_list=0x00007fdbe0135c70, length=9, elements={
0x00007fdbe0018000, 0x00007fdbe00a3800, 0x00007fdbe00a7000, 0x00007fdbe00cb800,
0x00007fdbe00cd000, 0x00007fdbe00cf000, 0x00007fdbe00d1000, 0x00007fdbe00d3000,
0x00007fdbe0134800
}

Java Threads: ( => current thread )
  0x00007fdbe0018000 JavaThread "main" [_thread_blocked, id=41572, stack(0x00007fdbe6ed4000,0x00007fdbe6fd5000)]
  0x00007fdbe00a3800 JavaThread "Reference Handler" daemon [_thread_blocked, id=41574, stack(0x00007fdbe615f000,0x00007fdbe6260000)]
  0x00007fdbe00a7000 JavaThread "Finalizer" daemon [_thread_blocked, id=41575, stack(0x00007fdbe605e000,0x00007fdbe615f000)]
  0x00007fdbe00cb800 JavaThread "Signal Dispatcher" daemon [_thread_blocked, id=41576, stack(0x00007fdbe5f24000,0x00007fdbe6025000)]
  0x00007fdbe00cd000 JavaThread "Service Thread" daemon [_thread_blocked, id=41577, stack(0x00007fdbe5e23000,0x00007fdbe5f24000)]
  0x00007fdbe00cf000 JavaThread "C2 CompilerThread0" daemon [_thread_blocked, id=41578, stack(0x00007fdbe5d22000,0x00007fdbe5e23000)]
  0x00007fdbe00d1000 JavaThread "C1 CompilerThread0" daemon [_thread_blocked, id=41579, stack(0x00007fdbe5c21000,0x00007fdbe5d22000)]
  0x00007fdbe00d3000 JavaThread "Sweeper thread" daemon [_thread_blocked, id=41580, stack(0x00007fdbe5b20000,0x00007fdbe5c21000)]
  0x00007fdbe0134800 JavaThread "Common-Cleaner" daemon [_thread_blocked, id=41581, stack(0x00007fdbe5a1f000,0x00007fdbe5b20000)]

Other Threads:
=>0x00007fdbe0097800 VMThread "VM Thread" [stack: 0x00007fdbe6262000,0x00007fdbe6362000] [id=41573]
  0x00007fdbe0181000 WatcherThread [stack: 0x00007fdbe591f000,0x00007fdbe5a1f000] [id=41582]

Threads with active compile tasks:

VM state:at safepoint (normal execution)

VM Mutex/Monitor currently owned by a thread:  ([mutex/lock_event])
[0x00007fdbe00141f0] Threads_lock - owner thread: 0x00007fdbe0097800
[0x00007fdbe0014df0] Heap_lock - owner thread: 0x00007fdbe0018000

Heap:
 def new generation   total 2898560K, used 5324K [0x00007fcbc8600000, 0x00007fcc8cf20000, 0x00007fd11db50000)
  eden space 2576512K,   0% used [0x00007fcbc8600000, 0x00007fcbc8b330a0, 0x00007fcc65a20000)
  from space 322048K,   0% used [0x00007fcc65a20000, 0x00007fcc65a20000, 0x00007fcc794a0000)
  to   space 322048K,   0% used [0x00007fcc794a0000, 0x00007fcc794a0000, 0x00007fcc8cf20000)
 tenured generation   total 6441328K, used 6441327K [0x00007fd11db50000, 0x00007fd2a6dac000, 0x00007fdbc8600000)
   the space 6441328K,  99% used [0x00007fd11db50000, 0x00007fd2a6dabfe0, 0x00007fd2a6dac000, 0x00007fd2a6dac000)
 Metaspace       used 24283K, capacity 24657K, committed 24832K, reserved 26624K

Card table byte_map: [0x00007fcbc05ff000,0x00007fcbc8600000] _byte_map_base: 0x00007f8bda7bc000

Polling page: 0x00007fdbe8960000

Metaspace:

Usage:
   24.08 MB capacity,    23.71 MB ( 98%) used,   282.56 KB (  1%) free+waste,    91.31 KB ( <1%) overhead. 

Virtual space:
     26.00 MB reserved,      24.25 MB ( 93%) committed 

Chunk freelists:
55.00 KB

MaxMetaspaceSize: unlimited


CodeHeap 'non-profiled nmethods': size=120036Kb used=2467Kb max_used=2467Kb free=117568Kb
 bounds [0x00007fdbd0251000, 0x00007fdbd04c1000, 0x00007fdbd778a000]
CodeHeap 'profiled nmethods': size=120032Kb used=4850Kb max_used=6870Kb free=115181Kb
 bounds [0x00007fdbc8d19000, 0x00007fdbc93d9000, 0x00007fdbd0251000]
CodeHeap 'non-nmethods': size=5692Kb used=1209Kb max_used=1259Kb free=4482Kb
 bounds [0x00007fdbc878a000, 0x00007fdbc89fa000, 0x00007fdbc8d19000]
 total_blobs=3613 nmethods=3132 adapters=396
 compilation: enabled
              stopped_count=0, restarted_count=0
 full_count=0

Compilation events (20 events):
Event: 29770.752 Thread 0x00007fdbe00d1000 4126       1       ch.idsia.crema.utility.VertexPair::getFirst (5 bytes)
Event: 29770.753 Thread 0x00007fdbe00d1000 nmethod 4126 0x00007fdbd0377290 code [0x00007fdbd0377420, 0x00007fdbd03774d0]
Event: 29770.753 Thread 0x00007fdbe00d1000 4127       1       ch.idsia.crema.utility.VertexPair::getSecond (5 bytes)
Event: 29770.753 Thread 0x00007fdbe00d1000 nmethod 4127 0x00007fdbd04b7710 code [0x00007fdbd04b78a0, 0x00007fdbd04b7950]
Event: 30507.597 Thread 0x00007fdbe00cf000 4128       4       java.util.HashMap$TreeNode::balanceDeletion (492 bytes)
Event: 30507.616 Thread 0x00007fdbe00cf000 nmethod 4128 0x00007fdbd04b7a10 code [0x00007fdbd04b7bc0, 0x00007fdbd04b83a8]
Event: 31443.658 Thread 0x00007fdbe00cf000 4129       4       java.util.HashMap::treeifyBin (110 bytes)
Event: 31443.740 Thread 0x00007fdbe00cf000 nmethod 4129 0x00007fdbd04b8810 code [0x00007fdbd04b89e0, 0x00007fdbd04b9588]
Event: 35846.298 Thread 0x00007fdbe00cf000 4130       4       java.lang.Double::isNaN (12 bytes)
Event: 35846.344 Thread 0x00007fdbe00cf000 nmethod 4130 0x00007fdbd04b9c90 code [0x00007fdbd04b9e00, 0x00007fdbd04b9e58]
Event: 42793.723 Thread 0x00007fdbe00d1000 4131       3       java.util.HashMap$TreeNode::balanceDeletion (492 bytes)
Event: 42793.735 Thread 0x00007fdbe00d1000 nmethod 4131 0x00007fdbc8d39310 code [0x00007fdbc8d395a0, 0x00007fdbc8d3a450]
Event: 43853.643 Thread 0x00007fdbe00d1000 4132       3       gnu.trove.impl.hash.TIntHash::insertKey (78 bytes)
Event: 43853.659 Thread 0x00007fdbe00d1000 nmethod 4132 0x00007fdbc8d37810 code [0x00007fdbc8d379e0, 0x00007fdbc8d37e40]
Event: 46623.526 Thread 0x00007fdbe00d1000 4133       3       ch.idsia.crema.inference.ve.order.MinFillOrdering::loadMoralized (193 bytes)
Event: 46623.530 Thread 0x00007fdbe00d1000 nmethod 4133 0x00007fdbc9313090 code [0x00007fdbc9313480, 0x00007fdbc9315510]
Event: 46623.530 Thread 0x00007fdbe00d1000 4134       3       ch.idsia.crema.inference.ve.order.MinFillOrdering::triangulate (420 bytes)
Event: 46623.533 Thread 0x00007fdbe00d1000 nmethod 4134 0x00007fdbc8d53a90 code [0x00007fdbc8d54020, 0x00007fdbc8d57ed0]
Event: 47666.401 Thread 0x00007fdbe00d1000 4135       3       ch.idsia.credici.learning.FrequentistCausalEM::run (148 bytes)
Event: 47666.404 Thread 0x00007fdbe00d1000 nmethod 4135 0x00007fdbc9039990 code [0x00007fdbc9039c60, 0x00007fdbc903aad0]

GC Heap History (20 events):
Event: 47665.815 GC heap after
{Heap after GC invocations=41195 (full 4):
 def new generation   total 2898560K, used 5338K [0x00007fcbc8600000, 0x00007fcc8cf20000, 0x00007fd11db50000)
  eden space 2576512K,   0% used [0x00007fcbc8600000, 0x00007fcbc8600000, 0x00007fcc65a20000)
  from space 322048K,   1% used [0x00007fcc794a0000, 0x00007fcc799d69c8, 0x00007fcc8cf20000)
  to   space 322048K,   0% used [0x00007fcc65a20000, 0x00007fcc65a20000, 0x00007fcc794a0000)
 tenured generation   total 6441136K, used 6438243K [0x00007fd11db50000, 0x00007fd2a6d7c000, 0x00007fdbc8600000)
   the space 6441136K,  99% used [0x00007fd11db50000, 0x00007fd2a6aa8ee0, 0x00007fd2a6aa9000, 0x00007fd2a6d7c000)
 Metaspace       used 24276K, capacity 24657K, committed 24832K, reserved 26624K
}
Event: 47668.114 GC heap before
{Heap before GC invocations=41195 (full 4):
 def new generation   total 2898560K, used 2581850K [0x00007fcbc8600000, 0x00007fcc8cf20000, 0x00007fd11db50000)
  eden space 2576512K, 100% used [0x00007fcbc8600000, 0x00007fcc65a20000, 0x00007fcc65a20000)
  from space 322048K,   1% used [0x00007fcc794a0000, 0x00007fcc799d69c8, 0x00007fcc8cf20000)
  to   space 322048K,   0% used [0x00007fcc65a20000, 0x00007fcc65a20000, 0x00007fcc794a0000)
 tenured generation   total 6441136K, used 6438243K [0x00007fd11db50000, 0x00007fd2a6d7c000, 0x00007fdbc8600000)
   the space 6441136K,  99% used [0x00007fd11db50000, 0x00007fd2a6aa8ee0, 0x00007fd2a6aa9000, 0x00007fd2a6d7c000)
 Metaspace       used 24283K, capacity 24657K, committed 24832K, reserved 26624K
}
Event: 47668.129 GC heap after
{Heap after GC invocations=41196 (full 4):
 def new generation   total 2898560K, used 5369K [0x00007fcbc8600000, 0x00007fcc8cf20000, 0x00007fd11db50000)
  eden space 2576512K,   0% used [0x00007fcbc8600000, 0x00007fcbc8600000, 0x00007fcc65a20000)
  from space 322048K,   1% used [0x00007fcc65a20000, 0x00007fcc65f5e5b0, 0x00007fcc794a0000)
  to   space 322048K,   0% used [0x00007fcc794a0000, 0x00007fcc794a0000, 0x00007fcc8cf20000)
 tenured generation   total 6441136K, used 6438498K [0x00007fd11db50000, 0x00007fd2a6d7c000, 0x00007fdbc8600000)
   the space 6441136K,  99% used [0x00007fd11db50000, 0x00007fd2a6ae8aa0, 0x00007fd2a6ae8c00, 0x00007fd2a6d7c000)
 Metaspace       used 24283K, capacity 24657K, committed 24832K, reserved 26624K
}
Event: 47670.466 GC heap before
{Heap before GC invocations=41196 (full 4):
 def new generation   total 2898560K, used 2581881K [0x00007fcbc8600000, 0x00007fcc8cf20000, 0x00007fd11db50000)
  eden space 2576512K, 100% used [0x00007fcbc8600000, 0x00007fcc65a20000, 0x00007fcc65a20000)
  from space 322048K,   1% used [0x00007fcc65a20000, 0x00007fcc65f5e5b0, 0x00007fcc794a0000)
  to   space 322048K,   0% used [0x00007fcc794a0000, 0x00007fcc794a0000, 0x00007fcc8cf20000)
 tenured generation   total 6441136K, used 6438498K [0x00007fd11db50000, 0x00007fd2a6d7c000, 0x00007fdbc8600000)
   the space 6441136K,  99% used [0x00007fd11db50000, 0x00007fd2a6ae8aa0, 0x00007fd2a6ae8c00, 0x00007fd2a6d7c000)
 Metaspace       used 24283K, capacity 24657K, committed 24832K, reserved 26624K
}
Event: 47670.482 GC heap after
{Heap after GC invocations=41197 (full 4):
 def new generation   total 2898560K, used 5358K [0x00007fcbc8600000, 0x00007fcc8cf20000, 0x00007fd11db50000)
  eden space 2576512K,   0% used [0x00007fcbc8600000, 0x00007fcbc8600000, 0x00007fcc65a20000)
  from space 322048K,   1% used [0x00007fcc794a0000, 0x00007fcc799db950, 0x00007fcc8cf20000)
  to   space 322048K,   0% used [0x00007fcc65a20000, 0x00007fcc65a20000, 0x00007fcc794a0000)
 tenured generation   total 6441136K, used 6438881K [0x00007fd11db50000, 0x00007fd2a6d7c000, 0x00007fdbc8600000)
   the space 6441136K,  99% used [0x00007fd11db50000, 0x00007fd2a6b48440, 0x00007fd2a6b48600, 0x00007fd2a6d7c000)
 Metaspace       used 24283K, capacity 24657K, committed 24832K, reserved 26624K
}
Event: 47672.808 GC heap before
{Heap before GC invocations=41197 (full 4):
 def new generation   total 2898560K, used 2581870K [0x00007fcbc8600000, 0x00007fcc8cf20000, 0x00007fd11db50000)
  eden space 2576512K, 100% used [0x00007fcbc8600000, 0x00007fcc65a20000, 0x00007fcc65a20000)
  from space 322048K,   1% used [0x00007fcc794a0000, 0x00007fcc799db950, 0x00007fcc8cf20000)
  to   space 322048K,   0% used [0x00007fcc65a20000, 0x00007fcc65a20000, 0x00007fcc794a0000)
 tenured generation   total 6441136K, used 6438881K [0x00007fd11db50000, 0x00007fd2a6d7c000, 0x00007fdbc8600000)
   the space 6441136K,  99% used [0x00007fd11db50000, 0x00007fd2a6b48440, 0x00007fd2a6b48600, 0x00007fd2a6d7c000)
 Metaspace       used 24283K, capacity 24657K, committed 24832K, reserved 26624K
}
Event: 47672.831 GC heap after
{Heap after GC invocations=41198 (full 4):
 def new generation   total 2898560K, used 5350K [0x00007fcbc8600000, 0x00007fcc8cf20000, 0x00007fd11db50000)
  eden space 2576512K,   0% used [0x00007fcbc8600000, 0x00007fcbc8600000, 0x00007fcc65a20000)
  from space 322048K,   1% used [0x00007fcc65a20000, 0x00007fcc65f59b90, 0x00007fcc794a0000)
  to   space 322048K,   0% used [0x00007fcc794a0000, 0x00007fcc794a0000, 0x00007fcc8cf20000)
 tenured generation   total 6441136K, used 6439263K [0x00007fd11db50000, 0x00007fd2a6d7c000, 0x00007fdbc8600000)
   the space 6441136K,  99% used [0x00007fd11db50000, 0x00007fd2a6ba7de0, 0x00007fd2a6ba7e00, 0x00007fd2a6d7c000)
 Metaspace       used 24283K, capacity 24657K, committed 24832K, reserved 26624K
}
Event: 47675.175 GC heap before
{Heap before GC invocations=41198 (full 4):
 def new generation   total 2898560K, used 2581850K [0x00007fcbc8600000, 0x00007fcc8cf20000, 0x00007fd11db50000)
  eden space 2576512K,  99% used [0x00007fcbc8600000, 0x00007fcc65a1cf60, 0x00007fcc65a20000)
  from space 322048K,   1% used [0x00007fcc65a20000, 0x00007fcc65f59b90, 0x00007fcc794a0000)
  to   space 322048K,   0% used [0x00007fcc794a0000, 0x00007fcc794a0000, 0x00007fcc8cf20000)
 tenured generation   total 6441136K, used 6439263K [0x00007fd11db50000, 0x00007fd2a6d7c000, 0x00007fdbc8600000)
   the space 6441136K,  99% used [0x00007fd11db50000, 0x00007fd2a6ba7de0, 0x00007fd2a6ba7e00, 0x00007fd2a6d7c000)
 Metaspace       used 24283K, capacity 24657K, committed 24832K, reserved 26624K
}
Event: 47675.189 GC heap after
{Heap after GC invocations=41199 (full 4):
 def new generation   total 2898560K, used 5485K [0x00007fcbc8600000, 0x00007fcc8cf20000, 0x00007fd11db50000)
  eden space 2576512K,   0% used [0x00007fcbc8600000, 0x00007fcbc8600000, 0x00007fcc65a20000)
  from space 322048K,   1% used [0x00007fcc794a0000, 0x00007fcc799fb498, 0x00007fcc8cf20000)
  to   space 322048K,   0% used [0x00007fcc65a20000, 0x00007fcc65a20000, 0x00007fcc794a0000)
 tenured generation   total 6441136K, used 6439518K [0x00007fd11db50000, 0x00007fd2a6d7c000, 0x00007fdbc8600000)
   the space 6441136K,  99% used [0x00007fd11db50000, 0x00007fd2a6be79a0, 0x00007fd2a6be7a00, 0x00007fd2a6d7c000)
 Metaspace       used 24283K, capacity 24657K, committed 24832K, reserved 26624K
}
Event: 47677.484 GC heap before
{Heap before GC invocations=41199 (full 4):
 def new generation   total 2898560K, used 2581997K [0x00007fcbc8600000, 0x00007fcc8cf20000, 0x00007fd11db50000)
  eden space 2576512K, 100% used [0x00007fcbc8600000, 0x00007fcc65a20000, 0x00007fcc65a20000)
  from space 322048K,   1% used [0x00007fcc794a0000, 0x00007fcc799fb498, 0x00007fcc8cf20000)
  to   space 322048K,   0% used [0x00007fcc65a20000, 0x00007fcc65a20000, 0x00007fcc794a0000)
 tenured generation   total 6441136K, used 6439518K [0x00007fd11db50000, 0x00007fd2a6d7c000, 0x00007fdbc8600000)
   the space 6441136K,  99% used [0x00007fd11db50000, 0x00007fd2a6be79a0, 0x00007fd2a6be7a00, 0x00007fd2a6d7c000)
 Metaspace       used 24283K, capacity 24657K, committed 24832K, reserved 26624K
}
Event: 47677.502 GC heap after
{Heap after GC invocations=41200 (full 4):
 def new generation   total 2898560K, used 5357K [0x00007fcbc8600000, 0x00007fcc8cf20000, 0x00007fd11db50000)
  eden space 2576512K,   0% used [0x00007fcbc8600000, 0x00007fcbc8600000, 0x00007fcc65a20000)
  from space 322048K,   1% used [0x00007fcc65a20000, 0x00007fcc65f5b508, 0x00007fcc794a0000)
  to   space 322048K,   0% used [0x00007fcc794a0000, 0x00007fcc794a0000, 0x00007fcc8cf20000)
 tenured generation   total 6441136K, used 6439900K [0x00007fd11db50000, 0x00007fd2a6d7c000, 0x00007fdbc8600000)
   the space 6441136K,  99% used [0x00007fd11db50000, 0x00007fd2a6c47340, 0x00007fd2a6c47400, 0x00007fd2a6d7c000)
 Metaspace       used 24283K, capacity 24657K, committed 24832K, reserved 26624K
}
Event: 47679.862 GC heap before
{Heap before GC invocations=41200 (full 4):
 def new generation   total 2898560K, used 2581869K [0x00007fcbc8600000, 0x00007fcc8cf20000, 0x00007fd11db50000)
  eden space 2576512K, 100% used [0x00007fcbc8600000, 0x00007fcc65a20000, 0x00007fcc65a20000)
  from space 322048K,   1% used [0x00007fcc65a20000, 0x00007fcc65f5b508, 0x00007fcc794a0000)
  to   space 322048K,   0% used [0x00007fcc794a0000, 0x00007fcc794a0000, 0x00007fcc8cf20000)
 tenured generation   total 6441136K, used 6439900K [0x00007fd11db50000, 0x00007fd2a6d7c000, 0x00007fdbc8600000)
   the space 6441136K,  99% used [0x00007fd11db50000, 0x00007fd2a6c47340, 0x00007fd2a6c47400, 0x00007fd2a6d7c000)
 Metaspace       used 24283K, capacity 24657K, committed 24832K, reserved 26624K
}
Event: 47679.881 GC heap after
{Heap after GC invocations=41201 (full 4):
 def new generation   total 2898560K, used 5343K [0x00007fcbc8600000, 0x00007fcc8cf20000, 0x00007fd11db50000)
  eden space 2576512K,   0% used [0x00007fcbc8600000, 0x00007fcbc8600000, 0x00007fcc65a20000)
  from space 322048K,   1% used [0x00007fcc794a0000, 0x00007fcc799d7d78, 0x00007fcc8cf20000)
  to   space 322048K,   0% used [0x00007fcc65a20000, 0x00007fcc65a20000, 0x00007fcc794a0000)
 tenured generation   total 6441136K, used 6440283K [0x00007fd11db50000, 0x00007fd2a6d7c000, 0x00007fdbc8600000)
   the space 6441136K,  99% used [0x00007fd11db50000, 0x00007fd2a6ca6ce0, 0x00007fd2a6ca6e00, 0x00007fd2a6d7c000)
 Metaspace       used 24283K, capacity 24657K, committed 24832K, reserved 26624K
}
Event: 47682.217 GC heap before
{Heap before GC invocations=41201 (full 4):
 def new generation   total 2898560K, used 2581855K [0x00007fcbc8600000, 0x00007fcc8cf20000, 0x00007fd11db50000)
  eden space 2576512K, 100% used [0x00007fcbc8600000, 0x00007fcc65a20000, 0x00007fcc65a20000)
  from space 322048K,   1% used [0x00007fcc794a0000, 0x00007fcc799d7d78, 0x00007fcc8cf20000)
  to   space 322048K,   0% used [0x00007fcc65a20000, 0x00007fcc65a20000, 0x00007fcc794a0000)
 tenured generation   total 6441136K, used 6440283K [0x00007fd11db50000, 0x00007fd2a6d7c000, 0x00007fdbc8600000)
   the space 6441136K,  99% used [0x00007fd11db50000, 0x00007fd2a6ca6ce0, 0x00007fd2a6ca6e00, 0x00007fd2a6d7c000)
 Metaspace       used 24283K, capacity 24657K, committed 24832K, reserved 26624K
}
Event: 47682.234 GC heap after
{Heap after GC invocations=41202 (full 4):
 def new generation   total 2898560K, used 5376K [0x00007fcbc8600000, 0x00007fcc8cf20000, 0x00007fd11db50000)
  eden space 2576512K,   0% used [0x00007fcbc8600000, 0x00007fcbc8600000, 0x00007fcc65a20000)
  from space 322048K,   1% used [0x00007fcc65a20000, 0x00007fcc65f603e0, 0x00007fcc794a0000)
  to   space 322048K,   0% used [0x00007fcc794a0000, 0x00007fcc794a0000, 0x00007fcc8cf20000)
 tenured generation   total 6441136K, used 6440538K [0x00007fd11db50000, 0x00007fd2a6d7c000, 0x00007fdbc8600000)
   the space 6441136K,  99% used [0x00007fd11db50000, 0x00007fd2a6ce68a0, 0x00007fd2a6ce6a00, 0x00007fd2a6d7c000)
 Metaspace       used 24283K, capacity 24657K, committed 24832K, reserved 26624K
}
Event: 47684.611 GC heap before
{Heap before GC invocations=41202 (full 4):
 def new generation   total 2898560K, used 2581888K [0x00007fcbc8600000, 0x00007fcc8cf20000, 0x00007fd11db50000)
  eden space 2576512K, 100% used [0x00007fcbc8600000, 0x00007fcc65a20000, 0x00007fcc65a20000)
  from space 322048K,   1% used [0x00007fcc65a20000, 0x00007fcc65f603e0, 0x00007fcc794a0000)
  to   space 322048K,   0% used [0x00007fcc794a0000, 0x00007fcc794a0000, 0x00007fcc8cf20000)
 tenured generation   total 6441136K, used 6440538K [0x00007fd11db50000, 0x00007fd2a6d7c000, 0x00007fdbc8600000)
   the space 6441136K,  99% used [0x00007fd11db50000, 0x00007fd2a6ce68a0, 0x00007fd2a6ce6a00, 0x00007fd2a6d7c000)
 Metaspace       used 24283K, capacity 24657K, committed 24832K, reserved 26624K
}
Event: 47684.629 GC heap after
{Heap after GC invocations=41203 (full 4):
 def new generation   total 2898560K, used 5365K [0x00007fcbc8600000, 0x00007fcc8cf20000, 0x00007fd11db50000)
  eden space 2576512K,   0% used [0x00007fcbc8600000, 0x00007fcbc8600000, 0x00007fcc65a20000)
  from space 322048K,   1% used [0x00007fcc794a0000, 0x00007fcc799dd508, 0x00007fcc8cf20000)
  to   space 322048K,   0% used [0x00007fcc65a20000, 0x00007fcc65a20000, 0x00007fcc794a0000)
 tenured generation   total 6441136K, used 6440920K [0x00007fd11db50000, 0x00007fd2a6d7c000, 0x00007fdbc8600000)
   the space 6441136K,  99% used [0x00007fd11db50000, 0x00007fd2a6d46240, 0x00007fd2a6d46400, 0x00007fd2a6d7c000)
 Metaspace       used 24283K, capacity 24657K, committed 24832K, reserved 26624K
}
Event: 47686.768 GC heap before
{Heap before GC invocations=41203 (full 4):
 def new generation   total 2898560K, used 2581877K [0x00007fcbc8600000, 0x00007fcc8cf20000, 0x00007fd11db50000)
  eden space 2576512K, 100% used [0x00007fcbc8600000, 0x00007fcc65a20000, 0x00007fcc65a20000)
  from space 322048K,   1% used [0x00007fcc794a0000, 0x00007fcc799dd508, 0x00007fcc8cf20000)
  to   space 322048K,   0% used [0x00007fcc65a20000, 0x00007fcc65a20000, 0x00007fcc794a0000)
 tenured generation   total 6441136K, used 6440920K [0x00007fd11db50000, 0x00007fd2a6d7c000, 0x00007fdbc8600000)
   the space 6441136K,  99% used [0x00007fd11db50000, 0x00007fd2a6d46240, 0x00007fd2a6d46400, 0x00007fd2a6d7c000)
 Metaspace       used 24283K, capacity 24657K, committed 24832K, reserved 26624K
}
Event: 47686.784 GC heap after
{Heap after GC invocations=41204 (full 4):
 def new generation   total 2898560K, used 5349K [0x00007fcbc8600000, 0x00007fcc8cf20000, 0x00007fd11db50000)
  eden space 2576512K,   0% used [0x00007fcbc8600000, 0x00007fcbc8600000, 0x00007fcc65a20000)
  from space 322048K,   1% used [0x00007fcc65a20000, 0x00007fcc65f594a0, 0x00007fcc794a0000)
  to   space 322048K,   0% used [0x00007fcc794a0000, 0x00007fcc794a0000, 0x00007fcc8cf20000)
 tenured generation   total 6441328K, used 6441302K [0x00007fd11db50000, 0x00007fd2a6dac000, 0x00007fdbc8600000)
   the space 6441328K,  99% used [0x00007fd11db50000, 0x00007fd2a6da5be0, 0x00007fd2a6da5c00, 0x00007fd2a6dac000)
 Metaspace       used 24283K, capacity 24657K, committed 24832K, reserved 26624K
}
Event: 47686.784 GC heap before
{Heap before GC invocations=41204 (full 4):
 def new generation   total 2898560K, used 5349K [0x00007fcbc8600000, 0x00007fcc8cf20000, 0x00007fd11db50000)
  eden space 2576512K,   0% used [0x00007fcbc8600000, 0x00007fcbc8600000, 0x00007fcc65a20000)
  from space 322048K,   1% used [0x00007fcc65a20000, 0x00007fcc65f594a0, 0x00007fcc794a0000)
  to   space 322048K,   0% used [0x00007fcc794a0000, 0x00007fcc794a0000, 0x00007fcc8cf20000)
 tenured generation   total 6441328K, used 6441302K [0x00007fd11db50000, 0x00007fd2a6dac000, 0x00007fdbc8600000)
   the space 6441328K,  99% used [0x00007fd11db50000, 0x00007fd2a6da5be0, 0x00007fd2a6da5c00, 0x00007fd2a6dac000)
 Metaspace       used 24283K, capacity 24657K, committed 24832K, reserved 26624K
}

Deoptimization events (20 events):
Event: 5306.859 Thread 0x00007fdbe0018000 DEOPT PACKING pc=0x00007fdbd0417b5c sp=0x00007fdbe6fd2880
Event: 5306.859 Thread 0x00007fdbe0018000 DEOPT UNPACKING pc=0x00007fdbc87d2e25 sp=0x00007fdbe6fd2740 mode 2
Event: 5307.026 Thread 0x00007fdbe0018000 Uncommon trap: trap_request=0xffffffdc fr.pc=0x00007fdbd03a456c relative=0x000000000000032c
Event: 5307.026 Thread 0x00007fdbe0018000 Uncommon trap: reason=class_check action=make_not_entrant pc=0x00007fdbd03a456c method=java.util.ArrayList.toArray([Ljava/lang/Object;)[Ljava/lang/Object; @ 21 c2
Event: 5307.026 Thread 0x00007fdbe0018000 DEOPT PACKING pc=0x00007fdbd03a456c sp=0x00007fdbe6fd29a0
Event: 5307.026 Thread 0x00007fdbe0018000 DEOPT UNPACKING pc=0x00007fdbc87d2e25 sp=0x00007fdbe6fd28f8 mode 2
Event: 22119.987 Thread 0x00007fdbe0018000 DEOPT PACKING pc=0x00007fdbc92f576a sp=0x00007fdbe6fd2900
Event: 22119.987 Thread 0x00007fdbe0018000 DEOPT UNPACKING pc=0x00007fdbc87d333a sp=0x00007fdbe6fd1e58 mode 0
Event: 32509.365 Thread 0x00007fdbe0018000 DEOPT PACKING pc=0x00007fdbc8f6e03b sp=0x00007fdbe6fd2920
Event: 32509.365 Thread 0x00007fdbe0018000 DEOPT UNPACKING pc=0x00007fdbc87d333a sp=0x00007fdbe6fd1ed0 mode 0
Event: 36313.542 Thread 0x00007fdbe0018000 DEOPT PACKING pc=0x00007fdbc8f6e03b sp=0x00007fdbe6fd2920
Event: 36313.544 Thread 0x00007fdbe0018000 DEOPT UNPACKING pc=0x00007fdbc87d333a sp=0x00007fdbe6fd1ed0 mode 0
Event: 40112.588 Thread 0x00007fdbe0018000 DEOPT PACKING pc=0x00007fdbc8f6e03b sp=0x00007fdbe6fd2920
Event: 40112.590 Thread 0x00007fdbe0018000 DEOPT UNPACKING pc=0x00007fdbc87d333a sp=0x00007fdbe6fd1ed0 mode 0
Event: 42045.184 Thread 0x00007fdbe0018000 Uncommon trap: trap_request=0xffffff45 fr.pc=0x00007fdbd04b81f8 relative=0x0000000000000638
Event: 42045.187 Thread 0x00007fdbe0018000 Uncommon trap: reason=unstable_if action=reinterpret pc=0x00007fdbd04b81f8 method=java.util.HashMap$TreeNode.balanceDeletion(Ljava/util/HashMap$TreeNode;Ljava/util/HashMap$TreeNode;)Ljava/util/HashMap$TreeNode; @ 139 c2
Event: 42045.189 Thread 0x00007fdbe0018000 DEOPT PACKING pc=0x00007fdbd04b81f8 sp=0x00007fdbe6fd23f0
Event: 42045.193 Thread 0x00007fdbe0018000 DEOPT UNPACKING pc=0x00007fdbc87d2e25 sp=0x00007fdbe6fd2398 mode 2
Event: 44316.310 Thread 0x00007fdbe0018000 DEOPT PACKING pc=0x00007fdbc8f6e03b sp=0x00007fdbe6fd2920
Event: 44316.310 Thread 0x00007fdbe0018000 DEOPT UNPACKING pc=0x00007fdbc87d333a sp=0x00007fdbe6fd1ed0 mode 0

Classes unloaded (0 events):
No events

Classes redefined (0 events):
No events

Internal exceptions (20 events):
Event: 1.034 Thread 0x00007fdbe0018000 Exception <a 'java/lang/NoSuchMethodError'{0x00007fcbc9c59980}: 'java.lang.Object java.lang.invoke.DirectMethodHandle$Holder.invokeVirtual(java.lang.Object, java.lang.Object, java.lang.Object, int, int)'> (0x00007fcbc9c59980) 
thrown [src/hotspot/share/interpreter/linkResolver.cpp, line 766]
Event: 1.034 Thread 0x00007fdbe0018000 Exception <a 'java/lang/NoSuchMethodError'{0x00007fcbc9c61d30}: 'java.lang.Object java.lang.invoke.DirectMethodHandle$Holder.invokeVirtual(java.lang.Object, java.lang.Object, int)'> (0x00007fcbc9c61d30) 
thrown [src/hotspot/share/interpreter/linkResolver.cpp, line 766]
Event: 1.044 Thread 0x00007fdbe0018000 Exception <a 'java/lang/NoSuchMethodError'{0x00007fcbc9c82ac8}: 'java.lang.Object java.lang.invoke.DirectMethodHandle$Holder.invokeSpecial(java.lang.Object, java.lang.Object, java.lang.Object, int, int)'> (0x00007fcbc9c82ac8) 
thrown [src/hotspot/share/interpreter/linkResolver.cpp, line 766]
Event: 1.519 Thread 0x00007fdbe0018000 Implicit null exception at 0x00007fdbd02adedd to 0x00007fdbd02aea90
Event: 1.551 Thread 0x00007fdbe0018000 Exception <a 'java/lang/NoSuchMethodError'{0x00007fcbcb244430}: 'int java.lang.invoke.DirectMethodHandle$Holder.invokeSpecial(java.lang.Object, java.lang.Object, java.lang.Object, java.lang.Object, java.lang.Object)'> (0x00007fcbcb244430) 
thrown [src/hotspot/share/interpreter/linkResolver.cpp, line 766]
Event: 1.669 Thread 0x00007fdbe0018000 Exception <a 'java/lang/NoSuchMethodError'{0x00007fcbcb661f78}: 'java.lang.Object java.lang.invoke.DirectMethodHandle$Holder.invokeStatic(java.lang.Object, java.lang.Object, int, int)'> (0x00007fcbcb661f78) 
thrown [src/hotspot/share/interpreter/linkResolver.cpp, line 766]
Event: 2.235 Thread 0x00007fdbe0018000 Exception <a 'java/lang/NoSuchMethodError'{0x00007fcbcdc5cd38}: 'void java.lang.invoke.DirectMethodHandle$Holder.invokeVirtual(java.lang.Object, java.lang.Object)'> (0x00007fcbcdc5cd38) 
thrown [src/hotspot/share/interpreter/linkResolver.cpp, line 766]
Event: 2.436 Thread 0x00007fdbe0018000 Exception <a 'java/lang/NoSuchMethodError'{0x00007fcbcdfea620}: 'int java.lang.invoke.DirectMethodHandle$Holder.invokeVirtual(java.lang.Object, java.lang.Object, java.lang.Object, java.lang.Object)'> (0x00007fcbcdfea620) 
thrown [src/hotspot/share/interpreter/linkResolver.cpp, line 766]
Event: 2.438 Thread 0x00007fdbe0018000 Exception <a 'java/lang/NoSuchMethodError'{0x00007fcbcdff8888}: 'java.lang.Object java.lang.invoke.DirectMethodHandle$Holder.invokeStatic(java.lang.Object, java.lang.Object, int, java.lang.Object)'> (0x00007fcbcdff8888) 
thrown [src/hotspot/share/interpreter/linkResolver.cpp, line 766]
Event: 2.440 Thread 0x00007fdbe0018000 Exception <a 'java/lang/NoSuchMethodError'{0x00007fcbce0011a0}: 'java.lang.Object java.lang.invoke.Invokers$Holder.linkToTargetMethod(java.lang.Object, int, java.lang.Object, java.lang.Object)'> (0x00007fcbce0011a0) 
thrown [src/hotspot/share/interpreter/linkResolver.cpp, line 766]
Event: 3.093 Thread 0x00007fdbe0018000 Implicit null exception at 0x00007fdbd02f3c48 to 0x00007fdbd02f3cca
Event: 3.095 Thread 0x00007fdbe0018000 Implicit null exception at 0x00007fdbd027eb0f to 0x00007fdbd027eb79
Event: 3.307 Thread 0x00007fdbe0018000 Exception <a 'java/lang/NoSuchMethodError'{0x00007fcbcededc30}: 'java.lang.Object java.lang.invoke.Invokers$Holder.linkToTargetMethod(java.lang.Object, int, java.lang.Object)'> (0x00007fcbcededc30) 
thrown [src/hotspot/share/interpreter/linkResolver.cpp, line 766]
Event: 3.329 Thread 0x00007fdbe0018000 Exception <a 'java/lang/NoSuchMethodError'{0x00007fcbcee27c58}: 'java.lang.Object java.lang.invoke.Invokers$Holder.linkToTargetMethod(java.lang.Object, long, java.lang.Object)'> (0x00007fcbcee27c58) 
thrown [src/hotspot/share/interpreter/linkResolver.cpp, line 766]
Event: 3.516 Thread 0x00007fdbe00a7000 Implicit null exception at 0x00007fdbd02a6acc to 0x00007fdbd02a6b80
Event: 3.613 Thread 0x00007fdbe0018000 Exception <a 'java/lang/NoSuchMethodError'{0x00007fcbc88161a8}: 'java.lang.Object java.lang.invoke.Invokers$Holder.invokeExact_MT(java.lang.Object, java.lang.Object, java.lang.Object, java.lang.Object, java.lang.Object, java.lang.Object)'> (0x00007fcbc88161a8) 
thrown [src/hotspot/share/interpreter/linkResolver.cpp, line 766]
Event: 3.675 Thread 0x00007fdbe0018000 Exception <a 'java/lang/NoSuchMethodError'{0x00007fcbc89c22b8}: 'int java.lang.invoke.DirectMethodHandle$Holder.invokeStatic(java.lang.Object, java.lang.Object, int)'> (0x00007fcbc89c22b8) 
thrown [src/hotspot/share/interpreter/linkResolver.cpp, line 766]
Event: 3.767 Thread 0x00007fdbe0018000 Exception <a 'java/lang/NoSuchMethodError'{0x00007fcbc8ba7448}: 'double java.lang.invoke.DirectMethodHandle$Holder.invokeStatic(java.lang.Object, java.lang.Object)'> (0x00007fcbc8ba7448) 
thrown [src/hotspot/share/interpreter/linkResolver.cpp, line 766]
Event: 3.801 Thread 0x00007fdbe0018000 Exception <a 'java/lang/NoSuchMethodError'{0x00007fcbc8ce5370}: 'int java.lang.invoke.DirectMethodHandle$Holder.invokeStatic(java.lang.Object, java.lang.Object, java.lang.Object, int)'> (0x00007fcbc8ce5370) 
thrown [src/hotspot/share/interpreter/linkResolver.cpp, line 766]
Event: 509.206 Thread 0x00007fdbe0018000 Implicit null exception at 0x00007fdbd0425426 to 0x00007fdbd0425520

Events (20 events):
Event: 47663.515 Executing VM operation: GenCollectForAllocation done
Event: 47665.798 Executing VM operation: GenCollectForAllocation
Event: 47665.815 Executing VM operation: GenCollectForAllocation done
Event: 47668.114 Executing VM operation: GenCollectForAllocation
Event: 47668.129 Executing VM operation: GenCollectForAllocation done
Event: 47670.466 Executing VM operation: GenCollectForAllocation
Event: 47670.482 Executing VM operation: GenCollectForAllocation done
Event: 47672.807 Executing VM operation: GenCollectForAllocation
Event: 47672.831 Executing VM operation: GenCollectForAllocation done
Event: 47675.175 Executing VM operation: GenCollectForAllocation
Event: 47675.189 Executing VM operation: GenCollectForAllocation done
Event: 47677.484 Executing VM operation: GenCollectForAllocation
Event: 47677.503 Executing VM operation: GenCollectForAllocation done
Event: 47679.862 Executing VM operation: GenCollectForAllocation
Event: 47679.881 Executing VM operation: GenCollectForAllocation done
Event: 47682.217 Executing VM operation: GenCollectForAllocation
Event: 47682.234 Executing VM operation: GenCollectForAllocation done
Event: 47684.611 Executing VM operation: GenCollectForAllocation
Event: 47684.630 Executing VM operation: GenCollectForAllocation done
Event: 47686.767 Executing VM operation: GenCollectForAllocation


Dynamic libraries:
560bdf895000-560bdf896000 r--p 00000000 07:03 4860                       /usr/lib/jvm/java-13-openjdk-amd64/bin/java
560bdf896000-560bdf897000 r-xp 00001000 07:03 4860                       /usr/lib/jvm/java-13-openjdk-amd64/bin/java
560bdf897000-560bdf898000 r--p 00002000 07:03 4860                       /usr/lib/jvm/java-13-openjdk-amd64/bin/java
560bdf898000-560bdf899000 r--p 00002000 07:03 4860                       /usr/lib/jvm/java-13-openjdk-amd64/bin/java
560bdf899000-560bdf89a000 rw-p 00003000 07:03 4860                       /usr/lib/jvm/java-13-openjdk-amd64/bin/java
560be1845000-560be1866000 rw-p 00000000 00:00 0                          [heap]
7fcb8c000000-7fcb8c021000 rw-p 00000000 00:00 0 
7fcb8c021000-7fcb90000000 ---p 00000000 00:00 0 
7fcb94000000-7fcb94021000 rw-p 00000000 00:00 0 
7fcb94021000-7fcb98000000 ---p 00000000 00:00 0 
7fcb98000000-7fcb98021000 rw-p 00000000 00:00 0 
7fcb98021000-7fcb9c000000 ---p 00000000 00:00 0 
7fcb9c000000-7fcb9e3bc000 rw-p 00000000 00:00 0 
7fcb9e3bc000-7fcba0000000 ---p 00000000 00:00 0 
7fcba0000000-7fcba07e3000 rw-p 00000000 00:00 0 
7fcba07e3000-7fcba4000000 ---p 00000000 00:00 0 
7fcba4000000-7fcba4021000 rw-p 00000000 00:00 0 
7fcba4021000-7fcba8000000 ---p 00000000 00:00 0 
7fcba8000000-7fcba8021000 rw-p 00000000 00:00 0 
7fcba8021000-7fcbac000000 ---p 00000000 00:00 0 
7fcbac000000-7fcbac021000 rw-p 00000000 00:00 0 
7fcbac021000-7fcbb0000000 ---p 00000000 00:00 0 
7fcbb0000000-7fcbb0021000 rw-p 00000000 00:00 0 
7fcbb0021000-7fcbb4000000 ---p 00000000 00:00 0 
7fcbb4000000-7fcbb4094000 rw-p 00000000 00:00 0 
7fcbb4094000-7fcbb8000000 ---p 00000000 00:00 0 
7fcbbb0a9000-7fcbbbcf3000 rw-p 00000000 00:00 0 
7fcbbbcf3000-7fcbc05ff000 ---p 00000000 00:00 0 
7fcbc05ff000-7fcbc0c24000 rw-p 00000000 00:00 0 
7fcbc0c24000-7fcbc30a9000 ---p 00000000 00:00 0 
7fcbc30a9000-7fcbc3cf3000 rw-p 00000000 00:00 0 
7fcbc3cf3000-7fcbc85ff000 ---p 00000000 00:00 0 
7fcbc85ff000-7fcc8cf20000 rw-p 00000000 00:00 0 
7fcc8cf20000-7fd11db50000 ---p 00000000 00:00 0 
7fd11db50000-7fd2a6dac000 rw-p 00000000 00:00 0 
7fd3acf3f000-7fdbc8600000 ---p 00000000 00:00 0 
7fdbc878a000-7fdbc89fa000 rwxp 00000000 00:00 0 
7fdbc89fa000-7fdbc8d19000 ---p 00000000 00:00 0 
7fdbc8d19000-7fdbc93d9000 rwxp 00000000 00:00 0 
7fdbc93d9000-7fdbd0251000 ---p 00000000 00:00 0 
7fdbd0251000-7fdbd04c1000 rwxp 00000000 00:00 0 
7fdbd04c1000-7fdbd778a000 ---p 00000000 00:00 0 
7fdbd778a000-7fdbe0000000 r--s 00000000 07:03 5215                       /usr/lib/jvm/java-13-openjdk-amd64/lib/modules
7fdbe0000000-7fdbe06a5000 rw-p 00000000 00:00 0 
7fdbe06a5000-7fdbe4000000 ---p 00000000 00:00 0 
7fdbe451e000-7fdbe455e000 rw-p 00000000 00:00 0 
7fdbe455e000-7fdbe471e000 ---p 00000000 00:00 0 
7fdbe471e000-7fdbe491e000 rw-p 00000000 00:00 0 
7fdbe491e000-7fdbe4b1e000 rw-p 00000000 00:00 0 
7fdbe4b1e000-7fdbe4d1e000 rw-p 00000000 00:00 0 
7fdbe4d1e000-7fdbe4f1e000 rw-p 00000000 00:00 0 
7fdbe4f1e000-7fdbe52be000 rw-p 00000000 00:00 0 
7fdbe52be000-7fdbe54be000 rw-p 00000000 00:00 0 
7fdbe54be000-7fdbe56be000 rw-p 00000000 00:00 0 
7fdbe56be000-7fdbe58be000 rw-p 00000000 00:00 0 
7fdbe58be000-7fdbe58ef000 rw-p 00000000 00:00 0 
7fdbe58ef000-7fdbe58f3000 r--p 00000000 07:03 5204                       /usr/lib/jvm/java-13-openjdk-amd64/lib/libnet.so
7fdbe58f3000-7fdbe5901000 r-xp 00004000 07:03 5204                       /usr/lib/jvm/java-13-openjdk-amd64/lib/libnet.so
7fdbe5901000-7fdbe5905000 r--p 00012000 07:03 5204                       /usr/lib/jvm/java-13-openjdk-amd64/lib/libnet.so
7fdbe5905000-7fdbe5906000 r--p 00015000 07:03 5204                       /usr/lib/jvm/java-13-openjdk-amd64/lib/libnet.so
7fdbe5906000-7fdbe5907000 rw-p 00016000 07:03 5204                       /usr/lib/jvm/java-13-openjdk-amd64/lib/libnet.so
7fdbe5907000-7fdbe590e000 r--p 00000000 07:03 5205                       /usr/lib/jvm/java-13-openjdk-amd64/lib/libnio.so
7fdbe590e000-7fdbe5917000 r-xp 00007000 07:03 5205                       /usr/lib/jvm/java-13-openjdk-amd64/lib/libnio.so
7fdbe5917000-7fdbe591b000 r--p 00010000 07:03 5205                       /usr/lib/jvm/java-13-openjdk-amd64/lib/libnio.so
7fdbe591b000-7fdbe591c000 r--p 00013000 07:03 5205                       /usr/lib/jvm/java-13-openjdk-amd64/lib/libnio.so
7fdbe591c000-7fdbe591d000 rw-p 00014000 07:03 5205                       /usr/lib/jvm/java-13-openjdk-amd64/lib/libnio.so
7fdbe591d000-7fdbe591e000 ---p 00000000 00:00 0 
7fdbe591e000-7fdbe5a1f000 rw-p 00000000 00:00 0 
7fdbe5a1f000-7fdbe5a23000 ---p 00000000 00:00 0 
7fdbe5a23000-7fdbe5b20000 rw-p 00000000 00:00 0 
7fdbe5b20000-7fdbe5b24000 ---p 00000000 00:00 0 
7fdbe5b24000-7fdbe5c21000 rw-p 00000000 00:00 0 
7fdbe5c21000-7fdbe5c25000 ---p 00000000 00:00 0 
7fdbe5c25000-7fdbe5d22000 rw-p 00000000 00:00 0 
7fdbe5d22000-7fdbe5d26000 ---p 00000000 00:00 0 
7fdbe5d26000-7fdbe5e23000 rw-p 00000000 00:00 0 
7fdbe5e23000-7fdbe5e27000 ---p 00000000 00:00 0 
7fdbe5e27000-7fdbe5f24000 rw-p 00000000 00:00 0 
7fdbe5f24000-7fdbe5f28000 ---p 00000000 00:00 0 
7fdbe5f28000-7fdbe6025000 rw-p 00000000 00:00 0 
7fdbe6025000-7fdbe602c000 r--s 00000000 07:03 8532                       /usr/lib/x86_64-linux-gnu/gconv/gconv-modules.cache
7fdbe602c000-7fdbe605e000 r--p 00000000 07:03 5276                       /usr/lib/locale/C.UTF-8/LC_CTYPE
7fdbe605e000-7fdbe6062000 ---p 00000000 00:00 0 
7fdbe6062000-7fdbe615f000 rw-p 00000000 00:00 0 
7fdbe615f000-7fdbe6163000 ---p 00000000 00:00 0 
7fdbe6163000-7fdbe6260000 rw-p 00000000 00:00 0 
7fdbe6260000-7fdbe6261000 ---p 00000000 00:00 0 
7fdbe6261000-7fdbe6c7f000 rw-p 00000000 00:00 0 
7fdbe6c7f000-7fdbe6c84000 rw-p 00000000 00:00 0 
7fdbe6c84000-7fdbe6d6a000 ---p 00000000 00:00 0 
7fdbe6d6a000-7fdbe6d78000 rw-p 00000000 00:00 0 
7fdbe6d78000-7fdbe6e55000 ---p 00000000 00:00 0 
7fdbe6e55000-7fdbe6e5a000 rw-p 00000000 00:00 0 
7fdbe6e5a000-7fdbe6e61000 ---p 00000000 00:00 0 
7fdbe6e61000-7fdbe6e63000 r--p 00000000 07:03 5214                       /usr/lib/jvm/java-13-openjdk-amd64/lib/libzip.so
7fdbe6e63000-7fdbe6e67000 r-xp 00002000 07:03 5214                       /usr/lib/jvm/java-13-openjdk-amd64/lib/libzip.so
7fdbe6e67000-7fdbe6e69000 r--p 00006000 07:03 5214                       /usr/lib/jvm/java-13-openjdk-amd64/lib/libzip.so
7fdbe6e69000-7fdbe6e6a000 r--p 00007000 07:03 5214                       /usr/lib/jvm/java-13-openjdk-amd64/lib/libzip.so
7fdbe6e6a000-7fdbe6e6b000 rw-p 00008000 07:03 5214                       /usr/lib/jvm/java-13-openjdk-amd64/lib/libzip.so
7fdbe6e6b000-7fdbe6e73000 rw-s 00000000 08:03 34981415                   /tmp/hsperfdata_rcabanas/41571
7fdbe6e73000-7fdbe6e76000 r--p 00000000 07:03 9108                       /usr/lib/x86_64-linux-gnu/libnss_files-2.31.so
7fdbe6e76000-7fdbe6e7d000 r-xp 00003000 07:03 9108                       /usr/lib/x86_64-linux-gnu/libnss_files-2.31.so
7fdbe6e7d000-7fdbe6e7f000 r--p 0000a000 07:03 9108                       /usr/lib/x86_64-linux-gnu/libnss_files-2.31.so
7fdbe6e7f000-7fdbe6e80000 r--p 0000b000 07:03 9108                       /usr/lib/x86_64-linux-gnu/libnss_files-2.31.so
7fdbe6e80000-7fdbe6e81000 rw-p 0000c000 07:03 9108                       /usr/lib/x86_64-linux-gnu/libnss_files-2.31.so
7fdbe6e81000-7fdbe6e87000 rw-p 00000000 00:00 0 
7fdbe6e8d000-7fdbe6e8f000 r--p 00000000 07:03 5195                       /usr/lib/jvm/java-13-openjdk-amd64/lib/libjimage.so
7fdbe6e8f000-7fdbe6e92000 r-xp 00002000 07:03 5195                       /usr/lib/jvm/java-13-openjdk-amd64/lib/libjimage.so
7fdbe6e92000-7fdbe6e93000 r--p 00005000 07:03 5195                       /usr/lib/jvm/java-13-openjdk-amd64/lib/libjimage.so
7fdbe6e93000-7fdbe6e94000 ---p 00006000 07:03 5195                       /usr/lib/jvm/java-13-openjdk-amd64/lib/libjimage.so
7fdbe6e94000-7fdbe6e95000 r--p 00006000 07:03 5195                       /usr/lib/jvm/java-13-openjdk-amd64/lib/libjimage.so
7fdbe6e95000-7fdbe6e96000 rw-p 00007000 07:03 5195                       /usr/lib/jvm/java-13-openjdk-amd64/lib/libjimage.so
7fdbe6e96000-7fdbe6ea3000 r--p 00000000 07:03 5191                       /usr/lib/jvm/java-13-openjdk-amd64/lib/libjava.so
7fdbe6ea3000-7fdbe6eb8000 r-xp 0000d000 07:03 5191                       /usr/lib/jvm/java-13-openjdk-amd64/lib/libjava.so
7fdbe6eb8000-7fdbe6ebe000 r--p 00022000 07:03 5191                       /usr/lib/jvm/java-13-openjdk-amd64/lib/libjava.so
7fdbe6ebe000-7fdbe6ebf000 ---p 00028000 07:03 5191                       /usr/lib/jvm/java-13-openjdk-amd64/lib/libjava.so
7fdbe6ebf000-7fdbe6ec0000 r--p 00028000 07:03 5191                       /usr/lib/jvm/java-13-openjdk-amd64/lib/libjava.so
7fdbe6ec0000-7fdbe6ec2000 rw-p 00029000 07:03 5191                       /usr/lib/jvm/java-13-openjdk-amd64/lib/libjava.so
7fdbe6ec2000-7fdbe6ec7000 r--p 00000000 07:03 5213                       /usr/lib/jvm/java-13-openjdk-amd64/lib/libverify.so
7fdbe6ec7000-7fdbe6ece000 r-xp 00005000 07:03 5213                       /usr/lib/jvm/java-13-openjdk-amd64/lib/libverify.so
7fdbe6ece000-7fdbe6ed0000 r--p 0000c000 07:03 5213                       /usr/lib/jvm/java-13-openjdk-amd64/lib/libverify.so
7fdbe6ed0000-7fdbe6ed1000 ---p 0000e000 07:03 5213                       /usr/lib/jvm/java-13-openjdk-amd64/lib/libverify.so
7fdbe6ed1000-7fdbe6ed3000 r--p 0000e000 07:03 5213                       /usr/lib/jvm/java-13-openjdk-amd64/lib/libverify.so
7fdbe6ed3000-7fdbe6ed4000 rw-p 00010000 07:03 5213                       /usr/lib/jvm/java-13-openjdk-amd64/lib/libverify.so
7fdbe6ed4000-7fdbe6ed8000 ---p 00000000 00:00 0 
7fdbe6ed8000-7fdbe6fd5000 rw-p 00000000 00:00 0 
7fdbe6fd5000-7fdbe6fd8000 r--p 00000000 07:03 8948                       /usr/lib/x86_64-linux-gnu/libgcc_s.so.1
7fdbe6fd8000-7fdbe6fea000 r-xp 00003000 07:03 8948                       /usr/lib/x86_64-linux-gnu/libgcc_s.so.1
7fdbe6fea000-7fdbe6fee000 r--p 00015000 07:03 8948                       /usr/lib/x86_64-linux-gnu/libgcc_s.so.1
7fdbe6fee000-7fdbe6fef000 r--p 00018000 07:03 8948                       /usr/lib/x86_64-linux-gnu/libgcc_s.so.1
7fdbe6fef000-7fdbe6ff0000 rw-p 00019000 07:03 8948                       /usr/lib/x86_64-linux-gnu/libgcc_s.so.1
7fdbe6ff0000-7fdbe6ffd000 r--p 00000000 07:03 9062                       /usr/lib/x86_64-linux-gnu/libm-2.31.so
7fdbe6ffd000-7fdbe70a4000 r-xp 0000d000 07:03 9062                       /usr/lib/x86_64-linux-gnu/libm-2.31.so
7fdbe70a4000-7fdbe713d000 r--p 000b4000 07:03 9062                       /usr/lib/x86_64-linux-gnu/libm-2.31.so
7fdbe713d000-7fdbe713e000 r--p 0014c000 07:03 9062                       /usr/lib/x86_64-linux-gnu/libm-2.31.so
7fdbe713e000-7fdbe713f000 rw-p 0014d000 07:03 9062                       /usr/lib/x86_64-linux-gnu/libm-2.31.so
7fdbe713f000-7fdbe71d5000 r--p 00000000 07:03 9213                       /usr/lib/x86_64-linux-gnu/libstdc++.so.6.0.28
7fdbe71d5000-7fdbe72c6000 r-xp 00096000 07:03 9213                       /usr/lib/x86_64-linux-gnu/libstdc++.so.6.0.28
7fdbe72c6000-7fdbe730f000 r--p 00187000 07:03 9213                       /usr/lib/x86_64-linux-gnu/libstdc++.so.6.0.28
7fdbe730f000-7fdbe7310000 ---p 001d0000 07:03 9213                       /usr/lib/x86_64-linux-gnu/libstdc++.so.6.0.28
7fdbe7310000-7fdbe731b000 r--p 001d0000 07:03 9213                       /usr/lib/x86_64-linux-gnu/libstdc++.so.6.0.28
7fdbe731b000-7fdbe731e000 rw-p 001db000 07:03 9213                       /usr/lib/x86_64-linux-gnu/libstdc++.so.6.0.28
7fdbe731e000-7fdbe7321000 rw-p 00000000 00:00 0 
7fdbe7321000-7fdbe75a7000 r--p 00000000 07:03 5226                       /usr/lib/jvm/java-13-openjdk-amd64/lib/server/libjvm.so
7fdbe75a7000-7fdbe8324000 r-xp 00286000 07:03 5226                       /usr/lib/jvm/java-13-openjdk-amd64/lib/server/libjvm.so
7fdbe8324000-7fdbe859f000 r--p 01003000 07:03 5226                       /usr/lib/jvm/java-13-openjdk-amd64/lib/server/libjvm.so
7fdbe859f000-7fdbe8664000 r--p 0127d000 07:03 5226                       /usr/lib/jvm/java-13-openjdk-amd64/lib/server/libjvm.so
7fdbe8664000-7fdbe869f000 rw-p 01342000 07:03 5226                       /usr/lib/jvm/java-13-openjdk-amd64/lib/server/libjvm.so
7fdbe869f000-7fdbe8725000 rw-p 00000000 00:00 0 
7fdbe8725000-7fdbe872b000 r--p 00000000 07:03 9166                       /usr/lib/x86_64-linux-gnu/libpthread-2.31.so
7fdbe872b000-7fdbe873c000 r-xp 00006000 07:03 9166                       /usr/lib/x86_64-linux-gnu/libpthread-2.31.so
7fdbe873c000-7fdbe8742000 r--p 00017000 07:03 9166                       /usr/lib/x86_64-linux-gnu/libpthread-2.31.so
7fdbe8742000-7fdbe8743000 r--p 0001c000 07:03 9166                       /usr/lib/x86_64-linux-gnu/libpthread-2.31.so
7fdbe8743000-7fdbe8744000 rw-p 0001d000 07:03 9166                       /usr/lib/x86_64-linux-gnu/libpthread-2.31.so
7fdbe8744000-7fdbe8748000 rw-p 00000000 00:00 0 
7fdbe8748000-7fdbe8749000 r--p 00000000 07:03 8893                       /usr/lib/x86_64-linux-gnu/libdl-2.31.so
7fdbe8749000-7fdbe874b000 r-xp 00001000 07:03 8893                       /usr/lib/x86_64-linux-gnu/libdl-2.31.so
7fdbe874b000-7fdbe874c000 r--p 00003000 07:03 8893                       /usr/lib/x86_64-linux-gnu/libdl-2.31.so
7fdbe874c000-7fdbe874d000 r--p 00003000 07:03 8893                       /usr/lib/x86_64-linux-gnu/libdl-2.31.so
7fdbe874d000-7fdbe874e000 rw-p 00004000 07:03 8893                       /usr/lib/x86_64-linux-gnu/libdl-2.31.so
7fdbe874e000-7fdbe8750000 r--p 00000000 07:03 9290                       /usr/lib/x86_64-linux-gnu/libz.so.1.2.11
7fdbe8750000-7fdbe8761000 r-xp 00002000 07:03 9290                       /usr/lib/x86_64-linux-gnu/libz.so.1.2.11
7fdbe8761000-7fdbe8767000 r--p 00013000 07:03 9290                       /usr/lib/x86_64-linux-gnu/libz.so.1.2.11
7fdbe8767000-7fdbe8768000 ---p 00019000 07:03 9290                       /usr/lib/x86_64-linux-gnu/libz.so.1.2.11
7fdbe8768000-7fdbe8769000 r--p 00019000 07:03 9290                       /usr/lib/x86_64-linux-gnu/libz.so.1.2.11
7fdbe8769000-7fdbe876a000 rw-p 0001a000 07:03 9290                       /usr/lib/x86_64-linux-gnu/libz.so.1.2.11
7fdbe876a000-7fdbe878c000 r--p 00000000 07:03 8851                       /usr/lib/x86_64-linux-gnu/libc-2.31.so
7fdbe878c000-7fdbe8904000 r-xp 00022000 07:03 8851                       /usr/lib/x86_64-linux-gnu/libc-2.31.so
7fdbe8904000-7fdbe8952000 r--p 0019a000 07:03 8851                       /usr/lib/x86_64-linux-gnu/libc-2.31.so
7fdbe8952000-7fdbe8956000 r--p 001e7000 07:03 8851                       /usr/lib/x86_64-linux-gnu/libc-2.31.so
7fdbe8956000-7fdbe8958000 rw-p 001eb000 07:03 8851                       /usr/lib/x86_64-linux-gnu/libc-2.31.so
7fdbe8958000-7fdbe895c000 rw-p 00000000 00:00 0 
7fdbe895e000-7fdbe8960000 r--s 0000c000 07:03 20930                      /usr/share/java/java-atk-wrapper.jar
7fdbe8960000-7fdbe8961000 ---p 00000000 00:00 0 
7fdbe8961000-7fdbe8962000 r--p 00000000 00:00 0 
7fdbe8962000-7fdbe8965000 r--p 00000000 07:03 5196                       /usr/lib/jvm/java-13-openjdk-amd64/lib/libjli.so
7fdbe8965000-7fdbe896f000 r-xp 00003000 07:03 5196                       /usr/lib/jvm/java-13-openjdk-amd64/lib/libjli.so
7fdbe896f000-7fdbe8972000 r--p 0000d000 07:03 5196                       /usr/lib/jvm/java-13-openjdk-amd64/lib/libjli.so
7fdbe8972000-7fdbe8973000 r--p 0000f000 07:03 5196                       /usr/lib/jvm/java-13-openjdk-amd64/lib/libjli.so
7fdbe8973000-7fdbe8974000 rw-p 00010000 07:03 5196                       /usr/lib/jvm/java-13-openjdk-amd64/lib/libjli.so
7fdbe8974000-7fdbe8976000 rw-p 00000000 00:00 0 
7fdbe8976000-7fdbe8977000 r--p 00000000 07:03 8572                       /usr/lib/x86_64-linux-gnu/ld-2.31.so
7fdbe8977000-7fdbe899a000 r-xp 00001000 07:03 8572                       /usr/lib/x86_64-linux-gnu/ld-2.31.so
7fdbe899a000-7fdbe89a2000 r--p 00024000 07:03 8572                       /usr/lib/x86_64-linux-gnu/ld-2.31.so
7fdbe89a2000-7fdbe89a3000 ---p 00000000 00:00 0 
7fdbe89a3000-7fdbe89a4000 r--p 0002c000 07:03 8572                       /usr/lib/x86_64-linux-gnu/ld-2.31.so
7fdbe89a4000-7fdbe89a5000 rw-p 0002d000 07:03 8572                       /usr/lib/x86_64-linux-gnu/ld-2.31.so
7fdbe89a5000-7fdbe89a6000 rw-p 00000000 00:00 0 
7ffd2e7bc000-7ffd2e7dd000 rw-p 00000000 00:00 0                          [stack]
7ffd2e7ed000-7ffd2e7ef000 r-xp 00000000 00:00 0                          [vdso]
ffffffffff600000-ffffffffff601000 r-xp 00000000 00:00 0                  [vsyscall]


VM Arguments:
jvm_args: -Xmx64g --add-modules=ALL-DEFAULT 
java_command: jdk.compiler/com.sun.tools.javac.launcher.Main /mnt/beegfs/rcabanas/dev/credici/papers/journalEM/code/LearnAndCalculatePNS.java -w -x 200 -m 500 -sc KL -th 0.0 -a EMCC --seed 0 --output /mnt/beegfs/rcabanas/dev/credici/papers/journalEM/output/synthetic/s3 /mnt/beegfs/rcabanas/dev/credici/papers/journalEM/models/synthetic/s3/random_mc2_n13_mid3_d1000_05_mr098_r10_151.uai
java_class_path (initial): /mnt/beegfs/rcabanas/dev/credici/target/credici-0.1.5-dev-SNAPSHOT-jar-with-dependencies.jar
Launcher Type: SUN_STANDARD

[Global flags]
     intx CICompilerCount                          = 2                                         {product} {ergonomic}
   size_t InitialHeapSize                          = 2147483648                                {product} {ergonomic}
   size_t MaxHeapSize                              = 68719476736                               {product} {command line}
   size_t MaxNewSize                               = 22906470400                               {product} {ergonomic}
   size_t MinHeapDeltaBytes                        = 196608                                    {product} {ergonomic}
   size_t MinHeapSize                              = 8388608                                   {product} {ergonomic}
   size_t NewSize                                  = 715784192                                 {product} {ergonomic}
    uintx NonNMethodCodeHeapSize                   = 5826188                                {pd product} {ergonomic}
    uintx NonProfiledCodeHeapSize                  = 122916026                              {pd product} {ergonomic}
   size_t OldSize                                  = 1431699456                                {product} {ergonomic}
    uintx ProfiledCodeHeapSize                     = 122916026                              {pd product} {ergonomic}
    uintx ReservedCodeCacheSize                    = 251658240                              {pd product} {ergonomic}
     bool SegmentedCodeCache                       = true                                      {product} {ergonomic}
   size_t SoftMaxHeapSize                          = 68719476736                            {manageable} {ergonomic}
     bool UseSerialGC                              = true                                      {product} {ergonomic}

Logging:
Log output configuration:
 #0: stdout all=warning uptime,level,tags
 #1: stderr all=off uptime,level,tags

Environment Variables:
PATH=/usr/local/sbin:/usr/local/bin:/usr/sbin:/usr/bin:/sbin:/bin
LD_LIBRARY_PATH=/.singularity.d/libs

Signal Handlers:
SIGSEGV: [libjvm.so+0xf8fcf0], sa_mask[0]=11111111011111111101111111111110, sa_flags=SA_RESTART|SA_SIGINFO
SIGBUS: [libjvm.so+0xf8fcf0], sa_mask[0]=11111111011111111101111111111110, sa_flags=SA_RESTART|SA_SIGINFO
SIGFPE: [libjvm.so+0xf8fcf0], sa_mask[0]=11111111011111111101111111111110, sa_flags=SA_RESTART|SA_SIGINFO
SIGPIPE: [libjvm.so+0xc3ffa0], sa_mask[0]=11111111011111111101111111111110, sa_flags=SA_RESTART|SA_SIGINFO
SIGXFSZ: [libjvm.so+0xc3ffa0], sa_mask[0]=11111111011111111101111111111110, sa_flags=SA_RESTART|SA_SIGINFO
SIGILL: [libjvm.so+0xf8fcf0], sa_mask[0]=11111111011111111101111111111110, sa_flags=SA_RESTART|SA_SIGINFO
SIGUSR2: [libjvm.so+0xc3fe40], sa_mask[0]=00000000000000000000000000000000, sa_flags=SA_RESTART|SA_SIGINFO
SIGHUP: [libjvm.so+0xc40580], sa_mask[0]=11111111011111111101111111111110, sa_flags=SA_RESTART|SA_SIGINFO
SIGINT: [libjvm.so+0xc40580], sa_mask[0]=11111111011111111101111111111110, sa_flags=SA_RESTART|SA_SIGINFO
SIGTERM: [libjvm.so+0xc40580], sa_mask[0]=11111111011111111101111111111110, sa_flags=SA_RESTART|SA_SIGINFO
SIGQUIT: [libjvm.so+0xc40580], sa_mask[0]=11111111011111111101111111111110, sa_flags=SA_RESTART|SA_SIGINFO


---------------  S Y S T E M  ---------------

OS:DISTRIB_ID=Ubuntu
DISTRIB_RELEASE=20.04
DISTRIB_CODENAME=focal
DISTRIB_DESCRIPTION="Ubuntu 20.04.4 LTS"
uname:Linux 3.10.0-1160.15.2.el7.x86_64 #1 SMP Wed Feb 3 15:06:38 UTC 2021 x86_64
OS uptime: 550 days 2:44 hours
libc:glibc 2.31 NPTL 2.31 
rlimit (soft/hard): STACK 8192k/infinity , CORE 0k/infinity , NPROC 4096/1030217 , NOFILE 131072/131072 , AS infinity/infinity , CPU infinity/infinity , DATA infinity/infinity , FSIZE infinity/infinity , MEMLOCK infinity/infinity
load average:44.32 44.27 44.27

/proc/meminfo:
MemTotal:       263895364 kB
MemFree:         1181904 kB
MemAvailable:    1758264 kB
Buffers:          342480 kB
Cached:           933468 kB
SwapCached:       474820 kB
Active:         244987520 kB
Inactive:        8315672 kB
Active(anon):   244472488 kB
Inactive(anon):  7589720 kB
Active(file):     515032 kB
Inactive(file):   725952 kB
Unevictable:       20168 kB
Mlocked:           20168 kB
SwapTotal:       4194300 kB
SwapFree:              0 kB
Dirty:               632 kB
Writeback:             0 kB
AnonPages:      251575292 kB
Mapped:           361984 kB
Shmem:             29092 kB
Slab:             800392 kB
SReclaimable:     211708 kB
SUnreclaim:       588684 kB
KernelStack:       36800 kB
PageTables:       545620 kB
NFS_Unstable:          0 kB
Bounce:                0 kB
WritebackTmp:          0 kB
CommitLimit:    136141980 kB
Committed_AS:   317586624 kB
VmallocTotal:   34359738367 kB
VmallocUsed:      862224 kB
VmallocChunk:   34222345304 kB
Percpu:            22016 kB
HardwareCorrupted:     0 kB
AnonHugePages:  143448064 kB
CmaTotal:              0 kB
CmaFree:               0 kB
HugePages_Total:       0
HugePages_Free:        0
HugePages_Rsvd:        0
HugePages_Surp:        0
Hugepagesize:       2048 kB
DirectMap4k:      505448 kB
DirectMap2M:    20328448 kB
DirectMap1G:    247463936 kB

/sys/kernel/mm/transparent_hugepage/enabled:
[always] madvise never

/sys/kernel/mm/transparent_hugepage/defrag (defrag/compaction efforts parameter):
[always] madvise never


/proc/sys/kernel/threads-max (system-wide limit on the number of threads):
2060435


/proc/sys/vm/max_map_count (maximum number of memory map areas a process may have):
65530


/proc/sys/kernel/pid_max (system-wide limit on number of process identifiers):
65536



Steal ticks since vm start: 0
Steal ticks percentage since vm start:  0.000

CPU:total 64 (initial active 1) (32 cores per cpu, 1 threads per core) family 23 model 49 stepping 0, cmov, cx8, fxsr, mmx, sse, sse2, sse3, ssse3, sse4.1, sse4.2, popcnt, avx, avx2, aes, clmul, mmxext, 3dnowpref, lzcnt, sse4a, tsc, tscinvbit, tscinv, bmi1, bmi2, adx, sha, fma
CPU Model and flags from /proc/cpuinfo:
model name	: AMD EPYC 7542 32-Core Processor
flags		: fpu vme de pse tsc msr pae mce cx8 apic sep mtrr pge mca cmov pat pse36 clflush mmx fxsr sse sse2 ht syscall nx mmxext fxsr_opt pdpe1gb rdtscp lm constant_tsc art rep_good nopl nonstop_tsc extd_apicid aperfmperf eagerfpu pni pclmulqdq monitor ssse3 fma cx16 sse4_1 sse4_2 movbe popcnt aes xsave avx f16c rdrand lahf_lm cmp_legacy svm extapic cr8_legacy abm sse4a misalignsse 3dnowprefetch osvw ibs skinit wdt tce topoext perfctr_core perfctr_nb bpext perfctr_l2 cpb cat_l3 cdp_l3 hw_pstate sme retpoline_amd ssbd ibrs ibpb stibp vmmcall fsgsbase bmi1 avx2 smep bmi2 cqm rdt_a rdseed adx smap clflushopt clwb sha_ni xsaveopt xsavec xgetbv1 cqm_llc cqm_occup_llc cqm_mbm_total cqm_mbm_local clzero irperf xsaveerptr arat npt lbrv svm_lock nrip_save tsc_scale vmcb_clean flushbyasid decodeassists pausefilter pfthreshold avic v_vmsave_vmload vgif umip overflow_recov succor smca
Online cpus:0-63
Offline cpus:
BIOS frequency limitation:2900000
Frequency switch latency (ns):0
Available cpu frequencies:2900000 2400000 1500000 
Current governor:conservative
Core performance/turbo boost:1

Memory: 4k page, physical 263895364k(1181284k free), swap 4194300k(8k free)

vm_info: OpenJDK 64-Bit Server VM (13.0.7+5-Ubuntu-0ubuntu120.04) for linux-amd64 JRE (13.0.7+5-Ubuntu-0ubuntu120.04), built on Apr 21 2021 05:36:19 by "unknown" with gcc 9.3.0

END.
