#
# There is insufficient memory for the Java Runtime Environment to continue.
# Native memory allocation (mmap) failed to map 8589938688 bytes for committing reserved memory.
# Possible reasons:
#   The system is out of physical RAM or swap space
# Possible solutions:
#   Reduce memory load on the system
#   Increase physical memory or swap space
#   Check if swap backing store is full
#   Decrease Java heap size (-Xmx/-Xms)
#   Decrease number of Java threads
#   Decrease Java thread stack sizes (-Xss)
#   Set larger code cache with -XX:ReservedCodeCacheSize=
# This output file may be truncated or incomplete.
#
#  Out of Memory Error (os_linux.cpp:2899), pid=9837, tid=9839
#
# JRE version: OpenJDK Runtime Environment (13.0.7+5) (build 13.0.7+5-Ubuntu-0ubuntu120.04)
# Java VM: OpenJDK 64-Bit Server VM (13.0.7+5-Ubuntu-0ubuntu120.04, mixed mode, tiered, serial gc, linux-amd64)
# No core dump will be written. Core dumps have been disabled. To enable core dumping, try "ulimit -c unlimited" before starting Java again
#

---------------  S U M M A R Y ------------

Command Line: -Xmx64g --add-modules=ALL-DEFAULT jdk.compiler/com.sun.tools.javac.launcher.Main /mnt/beegfs/rcabanas/dev/credici/papers/journalEM/code/GenerateModel.java -n 14 -d 1000 -di 0.5 -mr 0.98 -r 1.0 --seed 62 --output /mnt/beegfs/rcabanas/dev/credici/papers/journalEM/models/synthetic/s2/ --debug

Host: AMD EPYC 7542 32-Core Processor, 64 cores, 251G, Ubuntu 20.04.4 LTS
Time: Wed Oct 12 21:32:16 2022 CEST elapsed time: 36.420091 seconds (0d 0h 0m 36s)

---------------  T H R E A D  ---------------

Current thread (0x00007f7b9c097800):  VMThread "VM Thread" [stack: 0x00007f7ba0c32000,0x00007f7ba0d32000] [id=9839]

Stack: [0x00007f7ba0c32000,0x00007f7ba0d32000],  sp=0x00007f7ba0d303c0,  free space=1016k
Native frames: (J=compiled Java code, A=aot compiled Java code, j=interpreted, Vv=VM code, C=native code)
V  [libjvm.so+0xf8f092]
V  [libjvm.so+0xf8fc91]
V  [libjvm.so+0x66ee5a]
V  [libjvm.so+0xc44a41]
V  [libjvm.so+0xc3b263]
V  [libjvm.so+0xf87f4b]
V  [libjvm.so+0x557506]
V  [libjvm.so+0x557723]
V  [libjvm.so+0xf18c5e]
V  [libjvm.so+0x7e0bd4]
V  [libjvm.so+0x7e3a96]
V  [libjvm.so+0x7d8b48]
V  [libjvm.so+0xf90940]
V  [libjvm.so+0xf96657]
V  [libjvm.so+0xf96d2b]
V  [libjvm.so+0xf9706a]
V  [libjvm.so+0xf2208f]
V  [libjvm.so+0xc493ff]

VM_Operation (0x00007f7ba19a24d0): GenCollectForAllocation, mode: safepoint, requested by thread 0x00007f7b9c018000


---------------  P R O C E S S  ---------------

Threads class SMR info:
_java_thread_list=0x00007f7b9c136300, length=9, elements={
0x00007f7b9c018000, 0x00007f7b9c0a3800, 0x00007f7b9c0a7000, 0x00007f7b9c0cb800,
0x00007f7b9c0cd000, 0x00007f7b9c0cf000, 0x00007f7b9c0d1000, 0x00007f7b9c0d3000,
0x00007f7b9c135000
}

Java Threads: ( => current thread )
  0x00007f7b9c018000 JavaThread "main" [_thread_blocked, id=9838, stack(0x00007f7ba18a4000,0x00007f7ba19a5000)]
  0x00007f7b9c0a3800 JavaThread "Reference Handler" daemon [_thread_blocked, id=9840, stack(0x00007f7ba0b2f000,0x00007f7ba0c30000)]
  0x00007f7b9c0a7000 JavaThread "Finalizer" daemon [_thread_blocked, id=9841, stack(0x00007f7ba0a2e000,0x00007f7ba0b2f000)]
  0x00007f7b9c0cb800 JavaThread "Signal Dispatcher" daemon [_thread_blocked, id=9842, stack(0x00007f7ba08f4000,0x00007f7ba09f5000)]
  0x00007f7b9c0cd000 JavaThread "Service Thread" daemon [_thread_blocked, id=9843, stack(0x00007f7ba07f3000,0x00007f7ba08f4000)]
  0x00007f7b9c0cf000 JavaThread "C2 CompilerThread0" daemon [_thread_blocked, id=9844, stack(0x00007f7ba06f2000,0x00007f7ba07f3000)]
  0x00007f7b9c0d1000 JavaThread "C1 CompilerThread0" daemon [_thread_blocked, id=9845, stack(0x00007f7ba05f1000,0x00007f7ba06f2000)]
  0x00007f7b9c0d3000 JavaThread "Sweeper thread" daemon [_thread_blocked, id=9846, stack(0x00007f7ba04f0000,0x00007f7ba05f1000)]
  0x00007f7b9c135000 JavaThread "Common-Cleaner" daemon [_thread_blocked, id=9847, stack(0x00007f7ba03ef000,0x00007f7ba04f0000)]

Other Threads:
=>0x00007f7b9c097800 VMThread "VM Thread" [stack: 0x00007f7ba0c32000,0x00007f7ba0d32000] [id=9839]
  0x00007f7b9c181800 WatcherThread [stack: 0x00007f7ba02ef000,0x00007f7ba03ef000] [id=9848]

Threads with active compile tasks:

VM state:at safepoint (normal execution)

VM Mutex/Monitor currently owned by a thread:  ([mutex/lock_event])
[0x00007f7b9c014100] Threads_lock - owner thread: 0x00007f7b9c097800
[0x00007f7b9c014d00] Heap_lock - owner thread: 0x00007f7b9c018000

Heap:
 def new generation   total 3546112K, used 0K [0x00007f6b84600000, 0x00007f6c74dc0000, 0x00007f70d9b50000)
  eden space 3152128K,   0% used [0x00007f6b84600000, 0x00007f6b84600000, 0x00007f6c44c40000)
  from space 393984K,   0% used [0x00007f6c44c40000, 0x00007f6c44c40000, 0x00007f6c5cd00000)
  to   space 393984K,   0% used [0x00007f6c5cd00000, 0x00007f6c5cd00000, 0x00007f6c74dc0000)
 tenured generation   total 7880064K, used 4203748K [0x00007f70d9b50000, 0x00007f72baab0000, 0x00007f7b84600000)
   the space 7880064K,  53% used [0x00007f70d9b50000, 0x00007f71da489138, 0x00007f71da489200, 0x00007f72baab0000)
 Metaspace       used 23244K, capacity 23616K, committed 23808K, reserved 24576K

Card table byte_map: [0x00007f6b7c5ff000,0x00007f6b84600000] _byte_map_base: 0x00007f2bc69dc000

Polling page: 0x00007f7ba3330000

Metaspace:

Usage:
   23.06 MB capacity,    22.70 MB ( 98%) used,   277.18 KB (  1%) free+waste,    94.31 KB ( <1%) overhead. 

Virtual space:
     24.00 MB reserved,      23.25 MB ( 97%) committed 

Chunk freelists:
28.00 KB

MaxMetaspaceSize: unlimited


CodeHeap 'non-profiled nmethods': size=120036Kb used=1533Kb max_used=1533Kb free=118502Kb
 bounds [0x00007f7b8c251000, 0x00007f7b8c4c1000, 0x00007f7b9378a000]
CodeHeap 'profiled nmethods': size=120032Kb used=6111Kb max_used=6111Kb free=113921Kb
 bounds [0x00007f7b84d19000, 0x00007f7b85319000, 0x00007f7b8c251000]
CodeHeap 'non-nmethods': size=5692Kb used=1198Kb max_used=1225Kb free=4493Kb
 bounds [0x00007f7b8478a000, 0x00007f7b849fa000, 0x00007f7b84d19000]
 total_blobs=3946 nmethods=3480 adapters=380
 compilation: enabled
              stopped_count=0, restarted_count=0
 full_count=0

Compilation events (20 events):
Event: 13.267 Thread 0x00007f7b9c0cf000 3483       4       java.util.stream.IntPipeline$1::opWrapSink (10 bytes)
Event: 13.268 Thread 0x00007f7b9c0cf000 nmethod 3483 0x00007f7b8c3ce410 code [0x00007f7b8c3ce580, 0x00007f7b8c3ce6b8]
Event: 13.268 Thread 0x00007f7b9c0cf000 3506       4       java.util.HashMap::afterNodeRemoval (1 bytes)
Event: 13.268 Thread 0x00007f7b9c0cf000 nmethod 3506 0x00007f7b8c3ce810 code [0x00007f7b8c3ce980, 0x00007f7b8c3ce9d8]
Event: 17.326 Thread 0x00007f7b9c0cf000 3517       4       ch.idsia.crema.model.Strides::indexOf (9 bytes)
Event: 17.327 Thread 0x00007f7b9c0cf000 nmethod 3517 0x00007f7b8c3ceb10 code [0x00007f7b8c3cec80, 0x00007f7b8c3ced38]
Event: 17.328 Thread 0x00007f7b9c0cf000 3518       4       org.jgrapht.alg.util.Pair::hashCode (22 bytes)
Event: 17.329 Thread 0x00007f7b9c0cf000 nmethod 3518 0x00007f7b8c3cee10 code [0x00007f7b8c3cefa0, 0x00007f7b8c3cf118]
Event: 19.281 Thread 0x00007f7b9c0cf000 3519       4       java.util.HashMap::keySet (25 bytes)
Event: 19.282 Thread 0x00007f7b9c0cf000 nmethod 3519 0x00007f7b8c3cf290 code [0x00007f7b8c3cf400, 0x00007f7b8c3cf4d8]
Event: 19.282 Thread 0x00007f7b9c0cf000 3520       4       java.util.HashMap$KeySet::iterator (12 bytes)
Event: 19.285 Thread 0x00007f7b9c0cf000 nmethod 3520 0x00007f7b8c3cf590 code [0x00007f7b8c3cf720, 0x00007f7b8c3cfa58]
Event: 19.286 Thread 0x00007f7b9c0d1000 3521       3       gnu.trove.impl.hash.TIntHash::index (74 bytes)
Event: 19.286 Thread 0x00007f7b9c0d1000 nmethod 3521 0x00007f7b85310590 code [0x00007f7b85310740, 0x00007f7b85310a80]
Event: 19.287 Thread 0x00007f7b9c0cf000 3522       4       java.util.stream.IntPipeline::map (26 bytes)
Event: 19.289 Thread 0x00007f7b9c0cf000 nmethod 3522 0x00007f7b8c3cfc10 code [0x00007f7b8c3cfd80, 0x00007f7b8c3cff18]
Event: 19.289 Thread 0x00007f7b9c0cf000 3523       4       java.util.stream.IntPipeline$4::opWrapSink (10 bytes)
Event: 19.290 Thread 0x00007f7b9c0cf000 nmethod 3523 0x00007f7b8c3d0090 code [0x00007f7b8c3d0200, 0x00007f7b8c3d0338]
Event: 19.290 Thread 0x00007f7b9c0cf000 3524       4       ch.idsia.crema.utility.ArraysUtil$$Lambda$328/0x00007f6b761870b0::get$Lambda (10 bytes)
Event: 19.290 Thread 0x00007f7b9c0cf000 nmethod 3524 0x00007f7b8c3d0490 code [0x00007f7b8c3d0600, 0x00007f7b8c3d06b8]

GC Heap History (20 events):
Event: 18.115 GC heap before
{Heap before GC invocations=14 (full 2):
 def new generation   total 629248K, used 17501K [0x00007f6b84600000, 0x00007f6baf0c0000, 0x00007f70d9b50000)
  eden space 559360K,   0% used [0x00007f6b84600000, 0x00007f6b84600000, 0x00007f6ba6840000)
  from space 69888K,  25% used [0x00007f6baac80000, 0x00007f6babd97798, 0x00007f6baf0c0000)
  to   space 69888K,   0% used [0x00007f6ba6840000, 0x00007f6ba6840000, 0x00007f6baac80000)
 tenured generation   total 1922436K, used 1850146K [0x00007f70d9b50000, 0x00007f714f0b1000, 0x00007f7b84600000)
   the space 1922436K,  96% used [0x00007f70d9b50000, 0x00007f714aa188a8, 0x00007f714aa18a00, 0x00007f714f0b1000)
 Metaspace       used 23244K, capacity 23616K, committed 23808K, reserved 24576K
}
Event: 18.404 GC heap after
{Heap after GC invocations=14 (full 3):
 def new generation   total 629248K, used 0K [0x00007f6b84600000, 0x00007f6baf0c0000, 0x00007f70d9b50000)
  eden space 559360K,   0% used [0x00007f6b84600000, 0x00007f6b84600000, 0x00007f6ba6840000)
  from space 69888K,   0% used [0x00007f6baac80000, 0x00007f6baac80000, 0x00007f6baf0c0000)
  to   space 69888K,   0% used [0x00007f6ba6840000, 0x00007f6ba6840000, 0x00007f6baac80000)
 tenured generation   total 1398144K, used 670520K [0x00007f70d9b50000, 0x00007f712f0b0000, 0x00007f7b84600000)
   the space 1398144K,  47% used [0x00007f70d9b50000, 0x00007f7102a1e148, 0x00007f7102a1e200, 0x00007f712f0b0000)
 Metaspace       used 23244K, capacity 23616K, committed 23808K, reserved 24576K
}
Event: 18.746 GC heap before
{Heap before GC invocations=14 (full 3):
 def new generation   total 629248K, used 535260K [0x00007f6b84600000, 0x00007f6baf0c0000, 0x00007f70d9b50000)
  eden space 559360K,  95% used [0x00007f6b84600000, 0x00007f6ba50b71a8, 0x00007f6ba6840000)
  from space 69888K,   0% used [0x00007f6baac80000, 0x00007f6baac80000, 0x00007f6baf0c0000)
  to   space 69888K,   0% used [0x00007f6ba6840000, 0x00007f6ba6840000, 0x00007f6baac80000)
 tenured generation   total 1398144K, used 670520K [0x00007f70d9b50000, 0x00007f712f0b0000, 0x00007f7b84600000)
   the space 1398144K,  47% used [0x00007f70d9b50000, 0x00007f7102a1e148, 0x00007f7102a1e200, 0x00007f712f0b0000)
 Metaspace       used 23244K, capacity 23616K, committed 23808K, reserved 24576K
}
Event: 18.946 GC heap after
{Heap after GC invocations=15 (full 3):
 def new generation   total 629248K, used 1K [0x00007f6b84600000, 0x00007f6baf0c0000, 0x00007f70d9b50000)
  eden space 559360K,   0% used [0x00007f6b84600000, 0x00007f6b84600000, 0x00007f6ba6840000)
  from space 69888K,   0% used [0x00007f6ba6840000, 0x00007f6ba6840448, 0x00007f6baac80000)
  to   space 69888K,   0% used [0x00007f6baac80000, 0x00007f6baac80000, 0x00007f6baf0c0000)
 tenured generation   total 1398144K, used 1194808K [0x00007f70d9b50000, 0x00007f712f0b0000, 0x00007f7b84600000)
   the space 1398144K,  85% used [0x00007f70d9b50000, 0x00007f7122a1e178, 0x00007f7122a1e200, 0x00007f712f0b0000)
 Metaspace       used 23244K, capacity 23616K, committed 23808K, reserved 24576K
}
Event: 19.295 GC heap before
{Heap before GC invocations=15 (full 3):
 def new generation   total 629248K, used 420568K [0x00007f6b84600000, 0x00007f6baf0c0000, 0x00007f70d9b50000)
  eden space 559360K,  75% used [0x00007f6b84600000, 0x00007f6b9e0b5dc8, 0x00007f6ba6840000)
  from space 69888K,   0% used [0x00007f6ba6840000, 0x00007f6ba6840448, 0x00007f6baac80000)
  to   space 69888K,   0% used [0x00007f6baac80000, 0x00007f6baac80000, 0x00007f6baf0c0000)
 tenured generation   total 1398144K, used 1194808K [0x00007f70d9b50000, 0x00007f712f0b0000, 0x00007f7b84600000)
   the space 1398144K,  85% used [0x00007f70d9b50000, 0x00007f7122a1e178, 0x00007f7122a1e200, 0x00007f712f0b0000)
 Metaspace       used 23244K, capacity 23616K, committed 23808K, reserved 24576K
}
Event: 19.324 GC heap after
{Heap after GC invocations=16 (full 3):
 def new generation   total 629248K, used 54401K [0x00007f6b84600000, 0x00007f6baf0c0000, 0x00007f70d9b50000)
  eden space 559360K,   0% used [0x00007f6b84600000, 0x00007f6b84600000, 0x00007f6ba6840000)
  from space 69888K,  77% used [0x00007f6baac80000, 0x00007f6bae1a07d8, 0x00007f6baf0c0000)
  to   space 69888K,   0% used [0x00007f6ba6840000, 0x00007f6ba6840000, 0x00007f6baac80000)
 tenured generation   total 1398144K, used 1260344K [0x00007f70d9b50000, 0x00007f712f0b0000, 0x00007f7b84600000)
   the space 1398144K,  90% used [0x00007f70d9b50000, 0x00007f7126a1e190, 0x00007f7126a1e200, 0x00007f712f0b0000)
 Metaspace       used 23244K, capacity 23616K, committed 23808K, reserved 24576K
}
Event: 19.598 GC heap before
{Heap before GC invocations=16 (full 3):
 def new generation   total 629248K, used 589632K [0x00007f6b84600000, 0x00007f6baf0c0000, 0x00007f70d9b50000)
  eden space 559360K,  95% used [0x00007f6b84600000, 0x00007f6ba50af8f0, 0x00007f6ba6840000)
  from space 69888K,  77% used [0x00007f6baac80000, 0x00007f6bae1a07d8, 0x00007f6baf0c0000)
  to   space 69888K,   0% used [0x00007f6ba6840000, 0x00007f6ba6840000, 0x00007f6baac80000)
 tenured generation   total 1398144K, used 1260344K [0x00007f70d9b50000, 0x00007f712f0b0000, 0x00007f7b84600000)
   the space 1398144K,  90% used [0x00007f70d9b50000, 0x00007f7126a1e190, 0x00007f7126a1e200, 0x00007f712f0b0000)
 Metaspace       used 23244K, capacity 23616K, committed 23808K, reserved 24576K
}
Event: 19.945 GC heap after
{Heap after GC invocations=17 (full 3):
 def new generation   total 629248K, used 2K [0x00007f6b84600000, 0x00007f6baf0c0000, 0x00007f70d9b50000)
  eden space 559360K,   0% used [0x00007f6b84600000, 0x00007f6b84600000, 0x00007f6ba6840000)
  from space 69888K,   0% used [0x00007f6ba6840000, 0x00007f6ba6840818, 0x00007f6baac80000)
  to   space 69888K,   0% used [0x00007f6baac80000, 0x00007f6baac80000, 0x00007f6baf0c0000)
 tenured generation   total 1922440K, used 1834935K [0x00007f70d9b50000, 0x00007f714f0b2000, 0x00007f7b84600000)
   the space 1922440K,  95% used [0x00007f70d9b50000, 0x00007f7149b3ddb0, 0x00007f7149b3de00, 0x00007f714f0b2000)
 Metaspace       used 23244K, capacity 23616K, committed 23808K, reserved 24576K
}
Event: 19.945 GC heap before
{Heap before GC invocations=17 (full 3):
 def new generation   total 629248K, used 2K [0x00007f6b84600000, 0x00007f6baf0c0000, 0x00007f70d9b50000)
  eden space 559360K,   0% used [0x00007f6b84600000, 0x00007f6b84600000, 0x00007f6ba6840000)
  from space 69888K,   0% used [0x00007f6ba6840000, 0x00007f6ba6840818, 0x00007f6baac80000)
  to   space 69888K,   0% used [0x00007f6baac80000, 0x00007f6baac80000, 0x00007f6baf0c0000)
 tenured generation   total 1922440K, used 1834935K [0x00007f70d9b50000, 0x00007f714f0b2000, 0x00007f7b84600000)
   the space 1922440K,  95% used [0x00007f70d9b50000, 0x00007f7149b3ddb0, 0x00007f7149b3de00, 0x00007f714f0b2000)
 Metaspace       used 23244K, capacity 23616K, committed 23808K, reserved 24576K
}
Event: 20.180 GC heap after
{Heap after GC invocations=17 (full 4):
 def new generation   total 629248K, used 0K [0x00007f6b84600000, 0x00007f6baf0c0000, 0x00007f70d9b50000)
  eden space 559360K,   0% used [0x00007f6b84600000, 0x00007f6b84600000, 0x00007f6ba6840000)
  from space 69888K,   0% used [0x00007f6ba6840000, 0x00007f6ba6840000, 0x00007f6baac80000)
  to   space 69888K,   0% used [0x00007f6baac80000, 0x00007f6baac80000, 0x00007f6baf0c0000)
 tenured generation   total 1398144K, used 533732K [0x00007f70d9b50000, 0x00007f712f0b0000, 0x00007f7b84600000)
   the space 1398144K,  38% used [0x00007f70d9b50000, 0x00007f70fa4891a8, 0x00007f70fa489200, 0x00007f712f0b0000)
 Metaspace       used 23244K, capacity 23616K, committed 23808K, reserved 24576K
}
Event: 24.970 GC heap before
{Heap before GC invocations=17 (full 4):
 def new generation   total 629248K, used 11016K [0x00007f6b84600000, 0x00007f6baf0c0000, 0x00007f70d9b50000)
  eden space 559360K,   1% used [0x00007f6b84600000, 0x00007f6b850c2390, 0x00007f6ba6840000)
  from space 69888K,   0% used [0x00007f6ba6840000, 0x00007f6ba6840000, 0x00007f6baac80000)
  to   space 69888K,   0% used [0x00007f6baac80000, 0x00007f6baac80000, 0x00007f6baf0c0000)
 tenured generation   total 5592452K, used 4728036K [0x00007f70d9b50000, 0x00007f722f0b1000, 0x00007f7b84600000)
   the space 5592452K,  84% used [0x00007f70d9b50000, 0x00007f71fa4891c0, 0x00007f71fa489200, 0x00007f722f0b1000)
 Metaspace       used 23244K, capacity 23616K, committed 23808K, reserved 24576K
}
Event: 24.977 GC heap after
{Heap after GC invocations=18 (full 4):
 def new generation   total 629248K, used 0K [0x00007f6b84600000, 0x00007f6baf0c0000, 0x00007f70d9b50000)
  eden space 559360K,   0% used [0x00007f6b84600000, 0x00007f6b84600000, 0x00007f6ba6840000)
  from space 69888K,   0% used [0x00007f6baac80000, 0x00007f6baac80170, 0x00007f6baf0c0000)
  to   space 69888K,   0% used [0x00007f6ba6840000, 0x00007f6ba6840000, 0x00007f6baac80000)
 tenured generation   total 5592452K, used 4728036K [0x00007f70d9b50000, 0x00007f722f0b1000, 0x00007f7b84600000)
   the space 5592452K,  84% used [0x00007f70d9b50000, 0x00007f71fa4891c0, 0x00007f71fa489200, 0x00007f722f0b1000)
 Metaspace       used 23244K, capacity 23616K, committed 23808K, reserved 24576K
}
Event: 24.977 GC heap before
{Heap before GC invocations=18 (full 4):
 def new generation   total 629248K, used 0K [0x00007f6b84600000, 0x00007f6baf0c0000, 0x00007f70d9b50000)
  eden space 559360K,   0% used [0x00007f6b84600000, 0x00007f6b84600000, 0x00007f6ba6840000)
  from space 69888K,   0% used [0x00007f6baac80000, 0x00007f6baac80170, 0x00007f6baf0c0000)
  to   space 69888K,   0% used [0x00007f6ba6840000, 0x00007f6ba6840000, 0x00007f6baac80000)
 tenured generation   total 5592452K, used 4728036K [0x00007f70d9b50000, 0x00007f722f0b1000, 0x00007f7b84600000)
   the space 5592452K,  84% used [0x00007f70d9b50000, 0x00007f71fa4891c0, 0x00007f71fa489200, 0x00007f722f0b1000)
 Metaspace       used 23244K, capacity 23616K, committed 23808K, reserved 24576K
}
Event: 25.032 GC heap after
{Heap after GC invocations=18 (full 5):
 def new generation   total 3546112K, used 0K [0x00007f6b84600000, 0x00007f6c74dc0000, 0x00007f70d9b50000)
  eden space 3152128K,   0% used [0x00007f6b84600000, 0x00007f6b84600000, 0x00007f6c44c40000)
  from space 393984K,   0% used [0x00007f6c44c40000, 0x00007f6c44c40000, 0x00007f6c5cd00000)
  to   space 393984K,   0% used [0x00007f6c5cd00000, 0x00007f6c5cd00000, 0x00007f6c74dc0000)
 tenured generation   total 7880064K, used 4728036K [0x00007f70d9b50000, 0x00007f72baab0000, 0x00007f7b84600000)
   the space 7880064K,  59% used [0x00007f70d9b50000, 0x00007f71fa489330, 0x00007f71fa489400, 0x00007f72baab0000)
 Metaspace       used 23244K, capacity 23616K, committed 23808K, reserved 24576K
}
Event: 27.868 GC heap before
{Heap before GC invocations=18 (full 5):
 def new generation   total 3546112K, used 2159234K [0x00007f6b84600000, 0x00007f6c74dc0000, 0x00007f70d9b50000)
  eden space 3152128K,  68% used [0x00007f6b84600000, 0x00007f6c082a0ac8, 0x00007f6c44c40000)
  from space 393984K,   0% used [0x00007f6c44c40000, 0x00007f6c44c40000, 0x00007f6c5cd00000)
  to   space 393984K,   0% used [0x00007f6c5cd00000, 0x00007f6c5cd00000, 0x00007f6c74dc0000)
 tenured generation   total 7880064K, used 4728036K [0x00007f70d9b50000, 0x00007f72baab0000, 0x00007f7b84600000)
   the space 7880064K,  59% used [0x00007f70d9b50000, 0x00007f71fa489330, 0x00007f71fa489400, 0x00007f72baab0000)
 Metaspace       used 23244K, capacity 23616K, committed 23808K, reserved 24576K
}
Event: 29.918 GC heap after
{Heap after GC invocations=19 (full 5):
 def new generation   total 3546112K, used 0K [0x00007f6b84600000, 0x00007f6c74dc0000, 0x00007f70d9b50000)
  eden space 3152128K,   0% used [0x00007f6b84600000, 0x00007f6b84600000, 0x00007f6c44c40000)
  from space 393984K,   0% used [0x00007f6c5cd00000, 0x00007f6c5cd000b8, 0x00007f6c74dc0000)
  to   space 393984K,   0% used [0x00007f6c44c40000, 0x00007f6c44c40000, 0x00007f6c5cd00000)
 tenured generation   total 7880064K, used 6825188K [0x00007f70d9b50000, 0x00007f72baab0000, 0x00007f7b84600000)
   the space 7880064K,  86% used [0x00007f70d9b50000, 0x00007f727a489348, 0x00007f727a489400, 0x00007f72baab0000)
 Metaspace       used 23244K, capacity 23616K, committed 23808K, reserved 24576K
}
Event: 31.147 GC heap before
{Heap before GC invocations=19 (full 5):
 def new generation   total 3546112K, used 2158936K [0x00007f6b84600000, 0x00007f6c74dc0000, 0x00007f70d9b50000)
  eden space 3152128K,  68% used [0x00007f6b84600000, 0x00007f6c08256130, 0x00007f6c44c40000)
  from space 393984K,   0% used [0x00007f6c5cd00000, 0x00007f6c5cd000b8, 0x00007f6c74dc0000)
  to   space 393984K,   0% used [0x00007f6c44c40000, 0x00007f6c44c40000, 0x00007f6c5cd00000)
 tenured generation   total 7880064K, used 6825188K [0x00007f70d9b50000, 0x00007f72baab0000, 0x00007f7b84600000)
   the space 7880064K,  86% used [0x00007f70d9b50000, 0x00007f727a489348, 0x00007f727a489400, 0x00007f72baab0000)
 Metaspace       used 23244K, capacity 23616K, committed 23808K, reserved 24576K
}
Event: 33.727 GC heap after
{Heap after GC invocations=20 (full 5):
 def new generation   total 3546112K, used 0K [0x00007f6b84600000, 0x00007f6c74dc0000, 0x00007f70d9b50000)
  eden space 3152128K,   0% used [0x00007f6b84600000, 0x00007f6b84600000, 0x00007f6c44c40000)
  from space 393984K,   0% used [0x00007f6c44c40000, 0x00007f6c44c40348, 0x00007f6c5cd00000)
  to   space 393984K,   0% used [0x00007f6c5cd00000, 0x00007f6c5cd00000, 0x00007f6c74dc0000)
 tenured generation   total 9977220K, used 8922340K [0x00007f70d9b50000, 0x00007f733aab1000, 0x00007f7b84600000)
   the space 9977220K,  89% used [0x00007f70d9b50000, 0x00007f72fa489360, 0x00007f72fa489400, 0x00007f733aab1000)
 Metaspace       used 23244K, capacity 23616K, committed 23808K, reserved 24576K
}
Event: 33.727 GC heap before
{Heap before GC invocations=20 (full 5):
 def new generation   total 3546112K, used 0K [0x00007f6b84600000, 0x00007f6c74dc0000, 0x00007f70d9b50000)
  eden space 3152128K,   0% used [0x00007f6b84600000, 0x00007f6b84600000, 0x00007f6c44c40000)
  from space 393984K,   0% used [0x00007f6c44c40000, 0x00007f6c44c40348, 0x00007f6c5cd00000)
  to   space 393984K,   0% used [0x00007f6c5cd00000, 0x00007f6c5cd00000, 0x00007f6c74dc0000)
 tenured generation   total 9977220K, used 8922340K [0x00007f70d9b50000, 0x00007f733aab1000, 0x00007f7b84600000)
   the space 9977220K,  89% used [0x00007f70d9b50000, 0x00007f72fa489360, 0x00007f72fa489400, 0x00007f733aab1000)
 Metaspace       used 23244K, capacity 23616K, committed 23808K, reserved 24576K
}
Event: 36.406 GC heap after
{Heap after GC invocations=20 (full 6):
 def new generation   total 3546112K, used 0K [0x00007f6b84600000, 0x00007f6c74dc0000, 0x00007f70d9b50000)
  eden space 3152128K,   0% used [0x00007f6b84600000, 0x00007f6b84600000, 0x00007f6c44c40000)
  from space 393984K,   0% used [0x00007f6c44c40000, 0x00007f6c44c40000, 0x00007f6c5cd00000)
  to   space 393984K,   0% used [0x00007f6c5cd00000, 0x00007f6c5cd00000, 0x00007f6c74dc0000)
 tenured generation   total 7880064K, used 4203748K [0x00007f70d9b50000, 0x00007f72baab0000, 0x00007f7b84600000)
   the space 7880064K,  53% used [0x00007f70d9b50000, 0x00007f71da489138, 0x00007f71da489200, 0x00007f72baab0000)
 Metaspace       used 23244K, capacity 23616K, committed 23808K, reserved 24576K
}

Deoptimization events (20 events):
Event: 12.912 Thread 0x00007f7b9c018000 DEOPT PACKING pc=0x00007f7b85281ca7 sp=0x00007f7ba19a2820
Event: 12.912 Thread 0x00007f7b9c018000 DEOPT UNPACKING pc=0x00007f7b847d333a sp=0x00007f7ba19a1da8 mode 0
Event: 12.929 Thread 0x00007f7b9c018000 DEOPT PACKING pc=0x00007f7b852ac3c9 sp=0x00007f7ba19a25b0
Event: 12.929 Thread 0x00007f7b9c018000 DEOPT UNPACKING pc=0x00007f7b847d333a sp=0x00007f7ba19a1a88 mode 0
Event: 13.010 Thread 0x00007f7b9c018000 DEOPT PACKING pc=0x00007f7b85281dfe sp=0x00007f7ba19a2820
Event: 13.010 Thread 0x00007f7b9c018000 DEOPT UNPACKING pc=0x00007f7b847d333a sp=0x00007f7ba19a1da8 mode 0
Event: 13.046 Thread 0x00007f7b9c018000 DEOPT PACKING pc=0x00007f7b85281ca7 sp=0x00007f7ba19a2820
Event: 13.046 Thread 0x00007f7b9c018000 DEOPT UNPACKING pc=0x00007f7b847d333a sp=0x00007f7ba19a1da8 mode 0
Event: 13.063 Thread 0x00007f7b9c018000 DEOPT PACKING pc=0x00007f7b852a9be8 sp=0x00007f7ba19a2600
Event: 13.063 Thread 0x00007f7b9c018000 DEOPT UNPACKING pc=0x00007f7b847d333a sp=0x00007f7ba19a1b00 mode 0
Event: 13.080 Thread 0x00007f7b9c018000 DEOPT PACKING pc=0x00007f7b852ac3c9 sp=0x00007f7ba19a25b0
Event: 13.080 Thread 0x00007f7b9c018000 DEOPT UNPACKING pc=0x00007f7b847d333a sp=0x00007f7ba19a1a88 mode 0
Event: 13.118 Thread 0x00007f7b9c018000 Uncommon trap: trap_request=0xffffffc6 fr.pc=0x00007f7b8c327500 relative=0x0000000000000240
Event: 13.118 Thread 0x00007f7b9c018000 Uncommon trap: reason=bimorphic_or_optimized_type_check action=maybe_recompile pc=0x00007f7b8c327500 method=gnu.trove.impl.hash.THash.postInsertHook(Z)V @ 51 c2
Event: 13.118 Thread 0x00007f7b9c018000 DEOPT PACKING pc=0x00007f7b8c327500 sp=0x00007f7ba19a24e0
Event: 13.118 Thread 0x00007f7b9c018000 DEOPT UNPACKING pc=0x00007f7b847d2e25 sp=0x00007f7ba19a24a8 mode 2
Event: 16.855 Thread 0x00007f7b9c018000 Uncommon trap: trap_request=0xffffff45 fr.pc=0x00007f7b8c3ce13c relative=0x00000000000002dc
Event: 16.855 Thread 0x00007f7b9c018000 Uncommon trap: reason=unstable_if action=reinterpret pc=0x00007f7b8c3ce13c method=gnu.trove.impl.PrimeFinder.nextPrime(I)I @ 9 c2
Event: 16.855 Thread 0x00007f7b9c018000 DEOPT PACKING pc=0x00007f7b8c3ce13c sp=0x00007f7ba19a27b0
Event: 16.855 Thread 0x00007f7b9c018000 DEOPT UNPACKING pc=0x00007f7b847d2e25 sp=0x00007f7ba19a26a0 mode 2

Classes unloaded (0 events):
No events

Classes redefined (0 events):
No events

Internal exceptions (20 events):
Event: 2.702 Thread 0x00007f7b9c018000 Exception <a 'java/lang/NoSuchMethodError'{0x00007f6b88939ae8}: 'java.lang.Object java.lang.invoke.DirectMethodHandle$Holder.invokeStatic(java.lang.Object, java.lang.Object, int, java.lang.Object)'> (0x00007f6b88939ae8) 
thrown [src/hotspot/share/interpreter/linkResolver.cpp, line 766]
Event: 2.723 Thread 0x00007f7b9c018000 Exception <a 'java/lang/NoSuchMethodError'{0x00007f6b88942400}: 'java.lang.Object java.lang.invoke.Invokers$Holder.linkToTargetMethod(java.lang.Object, int, java.lang.Object, java.lang.Object)'> (0x00007f6b88942400) 
thrown [src/hotspot/share/interpreter/linkResolver.cpp, line 766]
Event: 3.395 Thread 0x00007f7b9c018000 Implicit null exception at 0x00007f7b8c28fcc8 to 0x00007f7b8c28fd4a
Event: 3.395 Thread 0x00007f7b9c018000 Implicit null exception at 0x00007f7b8c27eb0f to 0x00007f7b8c27eb79
Event: 3.610 Thread 0x00007f7b9c018000 Exception <a 'java/lang/NoSuchMethodError'{0x00007f6b891f65e0}: 'java.lang.Object java.lang.invoke.Invokers$Holder.linkToTargetMethod(java.lang.Object, int, java.lang.Object)'> (0x00007f6b891f65e0) 
thrown [src/hotspot/share/interpreter/linkResolver.cpp, line 766]
Event: 3.656 Thread 0x00007f7b9c018000 Exception <a 'java/lang/NoSuchMethodError'{0x00007f6b8928c040}: 'java.lang.Object java.lang.invoke.Invokers$Holder.linkToTargetMethod(java.lang.Object, long, java.lang.Object)'> (0x00007f6b8928c040) 
thrown [src/hotspot/share/interpreter/linkResolver.cpp, line 766]
Event: 3.686 Thread 0x00007f7b9c018000 Exception <a 'java/lang/NoSuchMethodError'{0x00007f6b892f5a60}: 'java.lang.Object java.lang.invoke.Invokers$Holder.linkToTargetMethod(double, java.lang.Object)'> (0x00007f6b892f5a60) 
thrown [src/hotspot/share/interpreter/linkResolver.cpp, line 766]
Event: 3.900 Thread 0x00007f7b9c018000 Exception <a 'java/lang/NoSuchMethodError'{0x00007f6b89eea720}: 'java.lang.Object java.lang.invoke.Invokers$Holder.invokeExact_MT(java.lang.Object, java.lang.Object, java.lang.Object, java.lang.Object, java.lang.Object, java.lang.Object)'> (0x00007f6b89eea720) 
thrown [src/hotspot/share/interpreter/linkResolver.cpp, line 766]
Event: 3.945 Thread 0x00007f7b9c018000 Exception <a 'java/lang/NoSuchMethodError'{0x00007f6b89f9d578}: 'int java.lang.invoke.DirectMethodHandle$Holder.invokeStatic(java.lang.Object, java.lang.Object, int)'> (0x00007f6b89f9d578) 
thrown [src/hotspot/share/interpreter/linkResolver.cpp, line 766]
Event: 3.948 Thread 0x00007f7b9c018000 Exception <a 'java/lang/NoSuchMethodError'{0x00007f6b89fb10a8}: 'int java.lang.invoke.DirectMethodHandle$Holder.invokeStatic(java.lang.Object, java.lang.Object, java.lang.Object, int)'> (0x00007f6b89fb10a8) 
thrown [src/hotspot/share/interpreter/linkResolver.cpp, line 766]
Event: 4.229 Thread 0x00007f7b9c0a7000 Implicit null exception at 0x00007f7b8c2a3ccc to 0x00007f7b8c2a3d80
Event: 4.735 Thread 0x00007f7b9c018000 Exception <a 'java/lang/NoSuchMethodError'{0x00007f6b894e3230}: 'java.lang.Object java.lang.invoke.DirectMethodHandle$Holder.invokeInterface(java.lang.Object, java.lang.Object, java.lang.Object)'> (0x00007f6b894e3230) 
thrown [src/hotspot/share/interpreter/linkResolver.cpp, line 766]
Event: 4.738 Thread 0x00007f7b9c018000 Exception <a 'java/lang/NoSuchMethodError'{0x00007f6b894f2660}: 'void java.lang.invoke.DirectMethodHandle$Holder.invokeStatic(java.lang.Object, java.lang.Object, java.lang.Object, java.lang.Object)'> (0x00007f6b894f2660) 
thrown [src/hotspot/share/interpreter/linkResolver.cpp, line 766]
Event: 4.914 Thread 0x00007f7b9c018000 Exception <a 'java/lang/NoSuchMethodError'{0x00007f6b89e2a2a0}: 'int java.lang.invoke.DirectMethodHandle$Holder.invokeStatic(java.lang.Object, int, java.lang.Object, int)'> (0x00007f6b89e2a2a0) 
thrown [src/hotspot/share/interpreter/linkResolver.cpp, line 766]
Event: 4.915 Thread 0x00007f7b9c018000 Exception <a 'java/lang/NoSuchMethodError'{0x00007f6b89e312e0}: 'java.lang.Object java.lang.invoke.DirectMethodHandle$Holder.invokeStatic(java.lang.Object, int, java.lang.Object)'> (0x00007f6b89e312e0) 
thrown [src/hotspot/share/interpreter/linkResolver.cpp, line 766]
Event: 5.054 Thread 0x00007f7b9c018000 Exception <a 'java/lang/NoSuchMethodError'{0x00007f6b8a191438}: 'void java.lang.invoke.DirectMethodHandle$Holder.invokeStatic(java.lang.Object, java.lang.Object, int)'> (0x00007f6b8a191438) 
thrown [src/hotspot/share/interpreter/linkResolver.cpp, line 766]
Event: 5.066 Thread 0x00007f7b9c018000 Exception <a 'java/lang/NoSuchMethodError'{0x00007f6b8a220948}: 'void java.lang.invoke.DirectMethodHandle$Holder.invokeInterface(java.lang.Object, java.lang.Object, int)'> (0x00007f6b8a220948) 
thrown [src/hotspot/share/interpreter/linkResolver.cpp, line 766]
Event: 5.066 Thread 0x00007f7b9c018000 Exception <a 'java/lang/IncompatibleClassChangeError'{0x00007f6b8a224410}: Found class java.lang.Object, but interface was expected> (0x00007f6b8a224410) 
thrown [src/hotspot/share/interpreter/linkResolver.cpp, line 833]
Event: 11.685 Thread 0x00007f7b9c018000 Exception <a 'java/lang/IncompatibleClassChangeError'{0x00007f6b91ae9c90}: Found class java.lang.Object, but interface was expected> (0x00007f6b91ae9c90) 
thrown [src/hotspot/share/interpreter/linkResolver.cpp, line 833]
Event: 12.151 Thread 0x00007f7b9c018000 Exception <a 'java/lang/ArrayIndexOutOfBoundsException'{0x00007f6b8c6000b8}: Index 0 out of bounds for length 0> (0x00007f6b8c6000b8) 
thrown [src/hotspot/share/interpreter/interpreterRuntime.cpp, line 458]

Events (20 events):
Event: 16.664 Executing VM operation: GenCollectForAllocation done
Event: 16.933 Executing VM operation: GenCollectForAllocation
Event: 17.066 Executing VM operation: GenCollectForAllocation done
Event: 17.418 Executing VM operation: GenCollectForAllocation
Event: 17.441 Executing VM operation: GenCollectForAllocation done
Event: 17.476 Executing VM operation: GenCollectForAllocation
Event: 17.504 Executing VM operation: GenCollectForAllocation done
Event: 17.860 Executing VM operation: GenCollectForAllocation
Event: 18.404 Executing VM operation: GenCollectForAllocation done
Event: 18.746 Executing VM operation: GenCollectForAllocation
Event: 18.946 Executing VM operation: GenCollectForAllocation done
Event: 19.295 Executing VM operation: GenCollectForAllocation
Event: 19.324 Executing VM operation: GenCollectForAllocation done
Event: 19.598 Executing VM operation: GenCollectForAllocation
Event: 20.187 Executing VM operation: GenCollectForAllocation done
Event: 24.970 Executing VM operation: GenCollectForAllocation
Event: 25.032 Executing VM operation: GenCollectForAllocation done
Event: 27.868 Executing VM operation: GenCollectForAllocation
Event: 29.918 Executing VM operation: GenCollectForAllocation done
Event: 31.146 Executing VM operation: GenCollectForAllocation


Dynamic libraries:
55bdb2d7b000-55bdb2d7c000 r--p 00000000 07:01 4860                       /usr/lib/jvm/java-13-openjdk-amd64/bin/java
55bdb2d7c000-55bdb2d7d000 r-xp 00001000 07:01 4860                       /usr/lib/jvm/java-13-openjdk-amd64/bin/java
55bdb2d7d000-55bdb2d7e000 r--p 00002000 07:01 4860                       /usr/lib/jvm/java-13-openjdk-amd64/bin/java
55bdb2d7e000-55bdb2d7f000 r--p 00002000 07:01 4860                       /usr/lib/jvm/java-13-openjdk-amd64/bin/java
55bdb2d7f000-55bdb2d80000 rw-p 00003000 07:01 4860                       /usr/lib/jvm/java-13-openjdk-amd64/bin/java
55bdb2e7d000-55bdb2e9e000 rw-p 00000000 00:00 0                          [heap]
7f6b48000000-7f6b48021000 rw-p 00000000 00:00 0 
7f6b48021000-7f6b4c000000 ---p 00000000 00:00 0 
7f6b50000000-7f6b50021000 rw-p 00000000 00:00 0 
7f6b50021000-7f6b54000000 ---p 00000000 00:00 0 
7f6b54000000-7f6b54021000 rw-p 00000000 00:00 0 
7f6b54021000-7f6b58000000 ---p 00000000 00:00 0 
7f6b58000000-7f6b5931e000 rw-p 00000000 00:00 0 
7f6b5931e000-7f6b5c000000 ---p 00000000 00:00 0 
7f6b5c000000-7f6b5c7b7000 rw-p 00000000 00:00 0 
7f6b5c7b7000-7f6b60000000 ---p 00000000 00:00 0 
7f6b60000000-7f6b60021000 rw-p 00000000 00:00 0 
7f6b60021000-7f6b64000000 ---p 00000000 00:00 0 
7f6b64000000-7f6b64021000 rw-p 00000000 00:00 0 
7f6b64021000-7f6b68000000 ---p 00000000 00:00 0 
7f6b68000000-7f6b68021000 rw-p 00000000 00:00 0 
7f6b68021000-7f6b6c000000 ---p 00000000 00:00 0 
7f6b6c000000-7f6b6c021000 rw-p 00000000 00:00 0 
7f6b6c021000-7f6b70000000 ---p 00000000 00:00 0 
7f6b70000000-7f6b7004d000 rw-p 00000000 00:00 0 
7f6b7004d000-7f6b74000000 ---p 00000000 00:00 0 
7f6b76109000-7f6b76249000 rw-p 00000000 00:00 0 
7f6b76249000-7f6b76309000 ---p 00000000 00:00 0 
7f6b76309000-7f6b76509000 rw-p 00000000 00:00 0 
7f6b76509000-7f6b76709000 rw-p 00000000 00:00 0 
7f6b76709000-7f6b76909000 rw-p 00000000 00:00 0 
7f6b76909000-7f6b76ca9000 rw-p 00000000 00:00 0 
7f6b76ca9000-7f6b76ea9000 rw-p 00000000 00:00 0 
7f6b76ea9000-7f6b77fb1000 rw-p 00000000 00:00 0 
7f6b77fb1000-7f6b7c5ff000 ---p 00000000 00:00 0 
7f6b7c5ff000-7f6b7cd83000 rw-p 00000000 00:00 0 
7f6b7cd83000-7f6b7f0a9000 ---p 00000000 00:00 0 
7f6b7f0a9000-7f6b7ffb2000 rw-p 00000000 00:00 0 
7f6b7ffb2000-7f6b845ff000 ---p 00000000 00:00 0 
7f6b845ff000-7f6c74dc0000 rw-p 00000000 00:00 0 
7f6c74dc0000-7f70d9b50000 ---p 00000000 00:00 0 
7f70d9b50000-7f72baab0000 rw-p 00000000 00:00 0 
7f74baab1000-7f7b84600000 ---p 00000000 00:00 0 
7f7b8478a000-7f7b849fa000 rwxp 00000000 00:00 0 
7f7b849fa000-7f7b84d19000 ---p 00000000 00:00 0 
7f7b84d19000-7f7b85319000 rwxp 00000000 00:00 0 
7f7b85319000-7f7b8c251000 ---p 00000000 00:00 0 
7f7b8c251000-7f7b8c4c1000 rwxp 00000000 00:00 0 
7f7b8c4c1000-7f7b9378a000 ---p 00000000 00:00 0 
7f7b9378a000-7f7b9c000000 r--s 00000000 07:01 5215                       /usr/lib/jvm/java-13-openjdk-amd64/lib/modules
7f7b9c000000-7f7b9c6e1000 rw-p 00000000 00:00 0 
7f7b9c6e1000-7f7ba0000000 ---p 00000000 00:00 0 
7f7ba008e000-7f7ba028e000 rw-p 00000000 00:00 0 
7f7ba028e000-7f7ba02bf000 rw-p 00000000 00:00 0 
7f7ba02bf000-7f7ba02c3000 r--p 00000000 07:01 5204                       /usr/lib/jvm/java-13-openjdk-amd64/lib/libnet.so
7f7ba02c3000-7f7ba02d1000 r-xp 00004000 07:01 5204                       /usr/lib/jvm/java-13-openjdk-amd64/lib/libnet.so
7f7ba02d1000-7f7ba02d5000 r--p 00012000 07:01 5204                       /usr/lib/jvm/java-13-openjdk-amd64/lib/libnet.so
7f7ba02d5000-7f7ba02d6000 r--p 00015000 07:01 5204                       /usr/lib/jvm/java-13-openjdk-amd64/lib/libnet.so
7f7ba02d6000-7f7ba02d7000 rw-p 00016000 07:01 5204                       /usr/lib/jvm/java-13-openjdk-amd64/lib/libnet.so
7f7ba02d7000-7f7ba02de000 r--p 00000000 07:01 5205                       /usr/lib/jvm/java-13-openjdk-amd64/lib/libnio.so
7f7ba02de000-7f7ba02e7000 r-xp 00007000 07:01 5205                       /usr/lib/jvm/java-13-openjdk-amd64/lib/libnio.so
7f7ba02e7000-7f7ba02eb000 r--p 00010000 07:01 5205                       /usr/lib/jvm/java-13-openjdk-amd64/lib/libnio.so
7f7ba02eb000-7f7ba02ec000 r--p 00013000 07:01 5205                       /usr/lib/jvm/java-13-openjdk-amd64/lib/libnio.so
7f7ba02ec000-7f7ba02ed000 rw-p 00014000 07:01 5205                       /usr/lib/jvm/java-13-openjdk-amd64/lib/libnio.so
7f7ba02ed000-7f7ba02ee000 ---p 00000000 00:00 0 
7f7ba02ee000-7f7ba03ef000 rw-p 00000000 00:00 0 
7f7ba03ef000-7f7ba03f3000 ---p 00000000 00:00 0 
7f7ba03f3000-7f7ba04f0000 rw-p 00000000 00:00 0 
7f7ba04f0000-7f7ba04f4000 ---p 00000000 00:00 0 
7f7ba04f4000-7f7ba05f1000 rw-p 00000000 00:00 0 
7f7ba05f1000-7f7ba05f5000 ---p 00000000 00:00 0 
7f7ba05f5000-7f7ba06f2000 rw-p 00000000 00:00 0 
7f7ba06f2000-7f7ba06f6000 ---p 00000000 00:00 0 
7f7ba06f6000-7f7ba07f3000 rw-p 00000000 00:00 0 
7f7ba07f3000-7f7ba07f7000 ---p 00000000 00:00 0 
7f7ba07f7000-7f7ba08f4000 rw-p 00000000 00:00 0 
7f7ba08f4000-7f7ba08f8000 ---p 00000000 00:00 0 
7f7ba08f8000-7f7ba09f5000 rw-p 00000000 00:00 0 
7f7ba09f5000-7f7ba09fc000 r--s 00000000 07:01 8532                       /usr/lib/x86_64-linux-gnu/gconv/gconv-modules.cache
7f7ba09fc000-7f7ba0a2e000 r--p 00000000 07:01 5276                       /usr/lib/locale/C.UTF-8/LC_CTYPE
7f7ba0a2e000-7f7ba0a32000 ---p 00000000 00:00 0 
7f7ba0a32000-7f7ba0b2f000 rw-p 00000000 00:00 0 
7f7ba0b2f000-7f7ba0b33000 ---p 00000000 00:00 0 
7f7ba0b33000-7f7ba0c30000 rw-p 00000000 00:00 0 
7f7ba0c30000-7f7ba0c31000 ---p 00000000 00:00 0 
7f7ba0c31000-7f7ba164f000 rw-p 00000000 00:00 0 
7f7ba164f000-7f7ba1654000 rw-p 00000000 00:00 0 
7f7ba1654000-7f7ba173a000 ---p 00000000 00:00 0 
7f7ba173a000-7f7ba1746000 rw-p 00000000 00:00 0 
7f7ba1746000-7f7ba1825000 ---p 00000000 00:00 0 
7f7ba1825000-7f7ba182a000 rw-p 00000000 00:00 0 
7f7ba182a000-7f7ba1831000 ---p 00000000 00:00 0 
7f7ba1831000-7f7ba1833000 r--p 00000000 07:01 5214                       /usr/lib/jvm/java-13-openjdk-amd64/lib/libzip.so
7f7ba1833000-7f7ba1837000 r-xp 00002000 07:01 5214                       /usr/lib/jvm/java-13-openjdk-amd64/lib/libzip.so
7f7ba1837000-7f7ba1839000 r--p 00006000 07:01 5214                       /usr/lib/jvm/java-13-openjdk-amd64/lib/libzip.so
7f7ba1839000-7f7ba183a000 r--p 00007000 07:01 5214                       /usr/lib/jvm/java-13-openjdk-amd64/lib/libzip.so
7f7ba183a000-7f7ba183b000 rw-p 00008000 07:01 5214                       /usr/lib/jvm/java-13-openjdk-amd64/lib/libzip.so
7f7ba183b000-7f7ba1843000 rw-s 00000000 08:03 100676719                  /tmp/hsperfdata_rcabanas/9837
7f7ba1843000-7f7ba1846000 r--p 00000000 07:01 9108                       /usr/lib/x86_64-linux-gnu/libnss_files-2.31.so
7f7ba1846000-7f7ba184d000 r-xp 00003000 07:01 9108                       /usr/lib/x86_64-linux-gnu/libnss_files-2.31.so
7f7ba184d000-7f7ba184f000 r--p 0000a000 07:01 9108                       /usr/lib/x86_64-linux-gnu/libnss_files-2.31.so
7f7ba184f000-7f7ba1850000 r--p 0000b000 07:01 9108                       /usr/lib/x86_64-linux-gnu/libnss_files-2.31.so
7f7ba1850000-7f7ba1851000 rw-p 0000c000 07:01 9108                       /usr/lib/x86_64-linux-gnu/libnss_files-2.31.so
7f7ba1851000-7f7ba1857000 rw-p 00000000 00:00 0 
7f7ba185d000-7f7ba185f000 r--p 00000000 07:01 5195                       /usr/lib/jvm/java-13-openjdk-amd64/lib/libjimage.so
7f7ba185f000-7f7ba1862000 r-xp 00002000 07:01 5195                       /usr/lib/jvm/java-13-openjdk-amd64/lib/libjimage.so
7f7ba1862000-7f7ba1863000 r--p 00005000 07:01 5195                       /usr/lib/jvm/java-13-openjdk-amd64/lib/libjimage.so
7f7ba1863000-7f7ba1864000 ---p 00006000 07:01 5195                       /usr/lib/jvm/java-13-openjdk-amd64/lib/libjimage.so
7f7ba1864000-7f7ba1865000 r--p 00006000 07:01 5195                       /usr/lib/jvm/java-13-openjdk-amd64/lib/libjimage.so
7f7ba1865000-7f7ba1866000 rw-p 00007000 07:01 5195                       /usr/lib/jvm/java-13-openjdk-amd64/lib/libjimage.so
7f7ba1866000-7f7ba1873000 r--p 00000000 07:01 5191                       /usr/lib/jvm/java-13-openjdk-amd64/lib/libjava.so
7f7ba1873000-7f7ba1888000 r-xp 0000d000 07:01 5191                       /usr/lib/jvm/java-13-openjdk-amd64/lib/libjava.so
7f7ba1888000-7f7ba188e000 r--p 00022000 07:01 5191                       /usr/lib/jvm/java-13-openjdk-amd64/lib/libjava.so
7f7ba188e000-7f7ba188f000 ---p 00028000 07:01 5191                       /usr/lib/jvm/java-13-openjdk-amd64/lib/libjava.so
7f7ba188f000-7f7ba1890000 r--p 00028000 07:01 5191                       /usr/lib/jvm/java-13-openjdk-amd64/lib/libjava.so
7f7ba1890000-7f7ba1892000 rw-p 00029000 07:01 5191                       /usr/lib/jvm/java-13-openjdk-amd64/lib/libjava.so
7f7ba1892000-7f7ba1897000 r--p 00000000 07:01 5213                       /usr/lib/jvm/java-13-openjdk-amd64/lib/libverify.so
7f7ba1897000-7f7ba189e000 r-xp 00005000 07:01 5213                       /usr/lib/jvm/java-13-openjdk-amd64/lib/libverify.so
7f7ba189e000-7f7ba18a0000 r--p 0000c000 07:01 5213                       /usr/lib/jvm/java-13-openjdk-amd64/lib/libverify.so
7f7ba18a0000-7f7ba18a1000 ---p 0000e000 07:01 5213                       /usr/lib/jvm/java-13-openjdk-amd64/lib/libverify.so
7f7ba18a1000-7f7ba18a3000 r--p 0000e000 07:01 5213                       /usr/lib/jvm/java-13-openjdk-amd64/lib/libverify.so
7f7ba18a3000-7f7ba18a4000 rw-p 00010000 07:01 5213                       /usr/lib/jvm/java-13-openjdk-amd64/lib/libverify.so
7f7ba18a4000-7f7ba18a8000 ---p 00000000 00:00 0 
7f7ba18a8000-7f7ba19a5000 rw-p 00000000 00:00 0 
7f7ba19a5000-7f7ba19a8000 r--p 00000000 07:01 8948                       /usr/lib/x86_64-linux-gnu/libgcc_s.so.1
7f7ba19a8000-7f7ba19ba000 r-xp 00003000 07:01 8948                       /usr/lib/x86_64-linux-gnu/libgcc_s.so.1
7f7ba19ba000-7f7ba19be000 r--p 00015000 07:01 8948                       /usr/lib/x86_64-linux-gnu/libgcc_s.so.1
7f7ba19be000-7f7ba19bf000 r--p 00018000 07:01 8948                       /usr/lib/x86_64-linux-gnu/libgcc_s.so.1
7f7ba19bf000-7f7ba19c0000 rw-p 00019000 07:01 8948                       /usr/lib/x86_64-linux-gnu/libgcc_s.so.1
7f7ba19c0000-7f7ba19cd000 r--p 00000000 07:01 9062                       /usr/lib/x86_64-linux-gnu/libm-2.31.so
7f7ba19cd000-7f7ba1a74000 r-xp 0000d000 07:01 9062                       /usr/lib/x86_64-linux-gnu/libm-2.31.so
7f7ba1a74000-7f7ba1b0d000 r--p 000b4000 07:01 9062                       /usr/lib/x86_64-linux-gnu/libm-2.31.so
7f7ba1b0d000-7f7ba1b0e000 r--p 0014c000 07:01 9062                       /usr/lib/x86_64-linux-gnu/libm-2.31.so
7f7ba1b0e000-7f7ba1b0f000 rw-p 0014d000 07:01 9062                       /usr/lib/x86_64-linux-gnu/libm-2.31.so
7f7ba1b0f000-7f7ba1ba5000 r--p 00000000 07:01 9213                       /usr/lib/x86_64-linux-gnu/libstdc++.so.6.0.28
7f7ba1ba5000-7f7ba1c96000 r-xp 00096000 07:01 9213                       /usr/lib/x86_64-linux-gnu/libstdc++.so.6.0.28
7f7ba1c96000-7f7ba1cdf000 r--p 00187000 07:01 9213                       /usr/lib/x86_64-linux-gnu/libstdc++.so.6.0.28
7f7ba1cdf000-7f7ba1ce0000 ---p 001d0000 07:01 9213                       /usr/lib/x86_64-linux-gnu/libstdc++.so.6.0.28
7f7ba1ce0000-7f7ba1ceb000 r--p 001d0000 07:01 9213                       /usr/lib/x86_64-linux-gnu/libstdc++.so.6.0.28
7f7ba1ceb000-7f7ba1cee000 rw-p 001db000 07:01 9213                       /usr/lib/x86_64-linux-gnu/libstdc++.so.6.0.28
7f7ba1cee000-7f7ba1cf1000 rw-p 00000000 00:00 0 
7f7ba1cf1000-7f7ba1f77000 r--p 00000000 07:01 5226                       /usr/lib/jvm/java-13-openjdk-amd64/lib/server/libjvm.so
7f7ba1f77000-7f7ba2cf4000 r-xp 00286000 07:01 5226                       /usr/lib/jvm/java-13-openjdk-amd64/lib/server/libjvm.so
7f7ba2cf4000-7f7ba2f6f000 r--p 01003000 07:01 5226                       /usr/lib/jvm/java-13-openjdk-amd64/lib/server/libjvm.so
7f7ba2f6f000-7f7ba3034000 r--p 0127d000 07:01 5226                       /usr/lib/jvm/java-13-openjdk-amd64/lib/server/libjvm.so
7f7ba3034000-7f7ba306f000 rw-p 01342000 07:01 5226                       /usr/lib/jvm/java-13-openjdk-amd64/lib/server/libjvm.so
7f7ba306f000-7f7ba30f5000 rw-p 00000000 00:00 0 
7f7ba30f5000-7f7ba30fb000 r--p 00000000 07:01 9166                       /usr/lib/x86_64-linux-gnu/libpthread-2.31.so
7f7ba30fb000-7f7ba310c000 r-xp 00006000 07:01 9166                       /usr/lib/x86_64-linux-gnu/libpthread-2.31.so
7f7ba310c000-7f7ba3112000 r--p 00017000 07:01 9166                       /usr/lib/x86_64-linux-gnu/libpthread-2.31.so
7f7ba3112000-7f7ba3113000 r--p 0001c000 07:01 9166                       /usr/lib/x86_64-linux-gnu/libpthread-2.31.so
7f7ba3113000-7f7ba3114000 rw-p 0001d000 07:01 9166                       /usr/lib/x86_64-linux-gnu/libpthread-2.31.so
7f7ba3114000-7f7ba3118000 rw-p 00000000 00:00 0 
7f7ba3118000-7f7ba3119000 r--p 00000000 07:01 8893                       /usr/lib/x86_64-linux-gnu/libdl-2.31.so
7f7ba3119000-7f7ba311b000 r-xp 00001000 07:01 8893                       /usr/lib/x86_64-linux-gnu/libdl-2.31.so
7f7ba311b000-7f7ba311c000 r--p 00003000 07:01 8893                       /usr/lib/x86_64-linux-gnu/libdl-2.31.so
7f7ba311c000-7f7ba311d000 r--p 00003000 07:01 8893                       /usr/lib/x86_64-linux-gnu/libdl-2.31.so
7f7ba311d000-7f7ba311e000 rw-p 00004000 07:01 8893                       /usr/lib/x86_64-linux-gnu/libdl-2.31.so
7f7ba311e000-7f7ba3120000 r--p 00000000 07:01 9290                       /usr/lib/x86_64-linux-gnu/libz.so.1.2.11
7f7ba3120000-7f7ba3131000 r-xp 00002000 07:01 9290                       /usr/lib/x86_64-linux-gnu/libz.so.1.2.11
7f7ba3131000-7f7ba3137000 r--p 00013000 07:01 9290                       /usr/lib/x86_64-linux-gnu/libz.so.1.2.11
7f7ba3137000-7f7ba3138000 ---p 00019000 07:01 9290                       /usr/lib/x86_64-linux-gnu/libz.so.1.2.11
7f7ba3138000-7f7ba3139000 r--p 00019000 07:01 9290                       /usr/lib/x86_64-linux-gnu/libz.so.1.2.11
7f7ba3139000-7f7ba313a000 rw-p 0001a000 07:01 9290                       /usr/lib/x86_64-linux-gnu/libz.so.1.2.11
7f7ba313a000-7f7ba315c000 r--p 00000000 07:01 8851                       /usr/lib/x86_64-linux-gnu/libc-2.31.so
7f7ba315c000-7f7ba32d4000 r-xp 00022000 07:01 8851                       /usr/lib/x86_64-linux-gnu/libc-2.31.so
7f7ba32d4000-7f7ba3322000 r--p 0019a000 07:01 8851                       /usr/lib/x86_64-linux-gnu/libc-2.31.so
7f7ba3322000-7f7ba3326000 r--p 001e7000 07:01 8851                       /usr/lib/x86_64-linux-gnu/libc-2.31.so
7f7ba3326000-7f7ba3328000 rw-p 001eb000 07:01 8851                       /usr/lib/x86_64-linux-gnu/libc-2.31.so
7f7ba3328000-7f7ba332c000 rw-p 00000000 00:00 0 
7f7ba332e000-7f7ba3330000 r--s 0000c000 07:01 20930                      /usr/share/java/java-atk-wrapper.jar
7f7ba3330000-7f7ba3331000 ---p 00000000 00:00 0 
7f7ba3331000-7f7ba3332000 r--p 00000000 00:00 0 
7f7ba3332000-7f7ba3335000 r--p 00000000 07:01 5196                       /usr/lib/jvm/java-13-openjdk-amd64/lib/libjli.so
7f7ba3335000-7f7ba333f000 r-xp 00003000 07:01 5196                       /usr/lib/jvm/java-13-openjdk-amd64/lib/libjli.so
7f7ba333f000-7f7ba3342000 r--p 0000d000 07:01 5196                       /usr/lib/jvm/java-13-openjdk-amd64/lib/libjli.so
7f7ba3342000-7f7ba3343000 r--p 0000f000 07:01 5196                       /usr/lib/jvm/java-13-openjdk-amd64/lib/libjli.so
7f7ba3343000-7f7ba3344000 rw-p 00010000 07:01 5196                       /usr/lib/jvm/java-13-openjdk-amd64/lib/libjli.so
7f7ba3344000-7f7ba3346000 rw-p 00000000 00:00 0 
7f7ba3346000-7f7ba3347000 r--p 00000000 07:01 8572                       /usr/lib/x86_64-linux-gnu/ld-2.31.so
7f7ba3347000-7f7ba336a000 r-xp 00001000 07:01 8572                       /usr/lib/x86_64-linux-gnu/ld-2.31.so
7f7ba336a000-7f7ba3372000 r--p 00024000 07:01 8572                       /usr/lib/x86_64-linux-gnu/ld-2.31.so
7f7ba3372000-7f7ba3373000 ---p 00000000 00:00 0 
7f7ba3373000-7f7ba3374000 r--p 0002c000 07:01 8572                       /usr/lib/x86_64-linux-gnu/ld-2.31.so
7f7ba3374000-7f7ba3375000 rw-p 0002d000 07:01 8572                       /usr/lib/x86_64-linux-gnu/ld-2.31.so
7f7ba3375000-7f7ba3376000 rw-p 00000000 00:00 0 
7fff6bb85000-7fff6bba6000 rw-p 00000000 00:00 0                          [stack]
7fff6bbdd000-7fff6bbdf000 r-xp 00000000 00:00 0                          [vdso]
ffffffffff600000-ffffffffff601000 r-xp 00000000 00:00 0                  [vsyscall]


VM Arguments:
jvm_args: -Xmx64g --add-modules=ALL-DEFAULT 
java_command: jdk.compiler/com.sun.tools.javac.launcher.Main /mnt/beegfs/rcabanas/dev/credici/papers/journalEM/code/GenerateModel.java -n 14 -d 1000 -di 0.5 -mr 0.98 -r 1.0 --seed 62 --output /mnt/beegfs/rcabanas/dev/credici/papers/journalEM/models/synthetic/s2/ --debug
java_class_path (initial): /mnt/beegfs/rcabanas/dev/credici/target/credici-0.1.3-jar-with-dependencies.jar
Launcher Type: SUN_STANDARD

[Global flags]
     intx CICompilerCount                          = 2                                         {product} {ergonomic}
   size_t InitialHeapSize                          = 2147483648                                {product} {ergonomic}
   size_t MaxHeapSize                              = 68719476736                               {product} {command line}
   size_t MaxNewSize                               = 22906470400                               {product} {ergonomic}
   size_t MinHeapDeltaBytes                        = 196608                                    {product} {ergonomic}
   size_t MinHeapSize                              = 8388608                                   {product} {ergonomic}
   size_t NewSize                                  = 715784192                                 {product} {ergonomic}
    uintx NonNMethodCodeHeapSize                   = 5826188                                {pd product} {ergonomic}
    uintx NonProfiledCodeHeapSize                  = 122916026                              {pd product} {ergonomic}
   size_t OldSize                                  = 1431699456                                {product} {ergonomic}
    uintx ProfiledCodeHeapSize                     = 122916026                              {pd product} {ergonomic}
    uintx ReservedCodeCacheSize                    = 251658240                              {pd product} {ergonomic}
     bool SegmentedCodeCache                       = true                                      {product} {ergonomic}
   size_t SoftMaxHeapSize                          = 68719476736                            {manageable} {ergonomic}
     bool UseSerialGC                              = true                                      {product} {ergonomic}

Logging:
Log output configuration:
 #0: stdout all=warning uptime,level,tags
 #1: stderr all=off uptime,level,tags

Environment Variables:
PATH=/usr/local/sbin:/usr/local/bin:/usr/sbin:/usr/bin:/sbin:/bin
LD_LIBRARY_PATH=/.singularity.d/libs

Signal Handlers:
SIGSEGV: [libjvm.so+0xf8fcf0], sa_mask[0]=11111111011111111101111111111110, sa_flags=SA_RESTART|SA_SIGINFO
SIGBUS: [libjvm.so+0xf8fcf0], sa_mask[0]=11111111011111111101111111111110, sa_flags=SA_RESTART|SA_SIGINFO
SIGFPE: [libjvm.so+0xf8fcf0], sa_mask[0]=11111111011111111101111111111110, sa_flags=SA_RESTART|SA_SIGINFO
SIGPIPE: [libjvm.so+0xc3ffa0], sa_mask[0]=11111111011111111101111111111110, sa_flags=SA_RESTART|SA_SIGINFO
SIGXFSZ: [libjvm.so+0xc3ffa0], sa_mask[0]=11111111011111111101111111111110, sa_flags=SA_RESTART|SA_SIGINFO
SIGILL: [libjvm.so+0xf8fcf0], sa_mask[0]=11111111011111111101111111111110, sa_flags=SA_RESTART|SA_SIGINFO
SIGUSR2: [libjvm.so+0xc3fe40], sa_mask[0]=00000000000000000000000000000000, sa_flags=SA_RESTART|SA_SIGINFO
SIGHUP: [libjvm.so+0xc40580], sa_mask[0]=11111111011111111101111111111110, sa_flags=SA_RESTART|SA_SIGINFO
SIGINT: [libjvm.so+0xc40580], sa_mask[0]=11111111011111111101111111111110, sa_flags=SA_RESTART|SA_SIGINFO
SIGTERM: [libjvm.so+0xc40580], sa_mask[0]=11111111011111111101111111111110, sa_flags=SA_RESTART|SA_SIGINFO
SIGQUIT: [libjvm.so+0xc40580], sa_mask[0]=11111111011111111101111111111110, sa_flags=SA_RESTART|SA_SIGINFO


---------------  S Y S T E M  ---------------

OS:DISTRIB_ID=Ubuntu
DISTRIB_RELEASE=20.04
DISTRIB_CODENAME=focal
DISTRIB_DESCRIPTION="Ubuntu 20.04.4 LTS"
uname:Linux 3.10.0-1160.15.2.el7.x86_64 #1 SMP Wed Feb 3 15:06:38 UTC 2021 x86_64
OS uptime: 474 days 3:10 hours
libc:glibc 2.31 NPTL 2.31 
rlimit (soft/hard): STACK 8192k/infinity , CORE 0k/infinity , NPROC 4096/1030217 , NOFILE 131072/131072 , AS infinity/infinity , CPU infinity/infinity , DATA infinity/infinity , FSIZE infinity/infinity , MEMLOCK infinity/infinity
load average:21.83 18.56 9.80

/proc/meminfo:
MemTotal:       263895368 kB
MemFree:         2532420 kB
MemAvailable:    2418776 kB
Buffers:          133204 kB
Cached:           462104 kB
SwapCached:        43392 kB
Active:         246973604 kB
Inactive:        5125936 kB
Active(anon):   246793736 kB
Inactive(anon):  4730544 kB
Active(file):     179868 kB
Inactive(file):   395392 kB
Unevictable:       16048 kB
Mlocked:           16048 kB
SwapTotal:       4194300 kB
SwapFree:        1206808 kB
Dirty:               368 kB
Writeback:             0 kB
AnonPages:      251480196 kB
Mapped:           136320 kB
Shmem:             14208 kB
Slab:             702080 kB
SReclaimable:     164392 kB
SUnreclaim:       537688 kB
KernelStack:       23760 kB
PageTables:       519056 kB
NFS_Unstable:          0 kB
Bounce:                0 kB
WritebackTmp:          0 kB
CommitLimit:    136141984 kB
Committed_AS:   286831744 kB
VmallocTotal:   34359738367 kB
VmallocUsed:      860048 kB
VmallocChunk:   34222457724 kB
Percpu:            21248 kB
HardwareCorrupted:     0 kB
AnonHugePages:  65542144 kB
CmaTotal:              0 kB
CmaFree:               0 kB
HugePages_Total:       0
HugePages_Free:        0
HugePages_Rsvd:        0
HugePages_Surp:        0
Hugepagesize:       2048 kB
DirectMap4k:      650856 kB
DirectMap2M:    19134464 kB
DirectMap1G:    248512512 kB

/sys/kernel/mm/transparent_hugepage/enabled:
[always] madvise never

/sys/kernel/mm/transparent_hugepage/defrag (defrag/compaction efforts parameter):
[always] madvise never


/proc/sys/kernel/threads-max (system-wide limit on the number of threads):
2060435


/proc/sys/vm/max_map_count (maximum number of memory map areas a process may have):
65530


/proc/sys/kernel/pid_max (system-wide limit on number of process identifiers):
65536



Steal ticks since vm start: 0
Steal ticks percentage since vm start:  0.000

CPU:total 64 (initial active 1) (32 cores per cpu, 1 threads per core) family 23 model 49 stepping 0, cmov, cx8, fxsr, mmx, sse, sse2, sse3, ssse3, sse4.1, sse4.2, popcnt, avx, avx2, aes, clmul, mmxext, 3dnowpref, lzcnt, sse4a, tsc, tscinvbit, tscinv, bmi1, bmi2, adx, sha, fma
CPU Model and flags from /proc/cpuinfo:
model name	: AMD EPYC 7542 32-Core Processor
flags		: fpu vme de pse tsc msr pae mce cx8 apic sep mtrr pge mca cmov pat pse36 clflush mmx fxsr sse sse2 ht syscall nx mmxext fxsr_opt pdpe1gb rdtscp lm constant_tsc art rep_good nopl nonstop_tsc extd_apicid aperfmperf eagerfpu pni pclmulqdq monitor ssse3 fma cx16 sse4_1 sse4_2 movbe popcnt aes xsave avx f16c rdrand lahf_lm cmp_legacy svm extapic cr8_legacy abm sse4a misalignsse 3dnowprefetch osvw ibs skinit wdt tce topoext perfctr_core perfctr_nb bpext perfctr_l2 cpb cat_l3 cdp_l3 hw_pstate sme retpoline_amd ssbd ibrs ibpb stibp vmmcall fsgsbase bmi1 avx2 smep bmi2 cqm rdt_a rdseed adx smap clflushopt clwb sha_ni xsaveopt xsavec xgetbv1 cqm_llc cqm_occup_llc cqm_mbm_total cqm_mbm_local clzero irperf xsaveerptr arat npt lbrv svm_lock nrip_save tsc_scale vmcb_clean flushbyasid decodeassists pausefilter pfthreshold avic v_vmsave_vmload vgif umip overflow_recov succor smca
Online cpus:0-63
Offline cpus:
BIOS frequency limitation:2900000
Frequency switch latency (ns):0
Available cpu frequencies:2900000 2400000 1500000 
Current governor:conservative
Core performance/turbo boost:1

Memory: 4k page, physical 263895368k(2530032k free), swap 4194300k(1206808k free)

vm_info: OpenJDK 64-Bit Server VM (13.0.7+5-Ubuntu-0ubuntu120.04) for linux-amd64 JRE (13.0.7+5-Ubuntu-0ubuntu120.04), built on Apr 21 2021 05:36:19 by "unknown" with gcc 9.3.0

END.
