#
# There is insufficient memory for the Java Runtime Environment to continue.
# Native memory allocation (mmap) failed to map 1431699456 bytes for committing reserved memory.
# Possible reasons:
#   The system is out of physical RAM or swap space
# Possible solutions:
#   Reduce memory load on the system
#   Increase physical memory or swap space
#   Check if swap backing store is full
#   Decrease Java heap size (-Xmx/-Xms)
#   Decrease number of Java threads
#   Decrease Java thread stack sizes (-Xss)
#   Set larger code cache with -XX:ReservedCodeCacheSize=
# This output file may be truncated or incomplete.
#
#  Out of Memory Error (os_linux.cpp:2899), pid=25575, tid=25582
#
# JRE version:  (13.0.7+5) (build )
# Java VM: OpenJDK 64-Bit Server VM (13.0.7+5-Ubuntu-0ubuntu120.04, mixed mode, tiered, serial gc, linux-amd64)
# No core dump will be written. Core dumps have been disabled. To enable core dumping, try "ulimit -c unlimited" before starting Java again
#

---------------  S U M M A R Y ------------

Command Line: -Xmx64g --add-modules=ALL-DEFAULT jdk.compiler/com.sun.tools.javac.launcher.Main /mnt/beegfs/rcabanas/dev/credici/papers/journalEM/code/LearnAndCalculatePNS.java -w -x 200 -m 500 -sc LLratio -th 1.0 -a EMCC --seed 0 --output /mnt/beegfs/rcabanas/dev/credici/papers/journalEM/output/synthetic/s3 /mnt/beegfs/rcabanas/dev/credici/papers/journalEM/models/synthetic/s3/random_mc2_n9_mid3_d1000_05_mr098_r10_116.uai

Host: AMD EPYC 7542 32-Core Processor, 64 cores, 251G, Ubuntu 20.04.4 LTS
Time: Mon Jan  9 08:25:49 2023 CET elapsed time: 0.013321 seconds (0d 0h 0m 0s)

---------------  T H R E A D  ---------------

Current thread (0x00007f7a78018000):  JavaThread "Unknown thread" [_thread_in_vm, id=25582, stack(0x00007f7a7fe3c000,0x00007f7a7ff3d000)]

Stack: [0x00007f7a7fe3c000,0x00007f7a7ff3d000],  sp=0x00007f7a7ff3b420,  free space=1021k
Native frames: (J=compiled Java code, A=aot compiled Java code, j=interpreted, Vv=VM code, C=native code)
V  [libjvm.so+0xf8f092]
V  [libjvm.so+0xf8fc91]
V  [libjvm.so+0x66ee5a]
V  [libjvm.so+0xc44a41]
V  [libjvm.so+0xc3b263]
V  [libjvm.so+0xf87f4b]
V  [libjvm.so+0x7f3c35]
V  [libjvm.so+0x557345]
V  [libjvm.so+0xf18488]
V  [libjvm.so+0x7f44e1]
V  [libjvm.so+0x7e0862]
V  [libjvm.so+0xf4d15c]
V  [libjvm.so+0xf4d240]
V  [libjvm.so+0x85273c]
V  [libjvm.so+0xf25add]
V  [libjvm.so+0x908da5]  JNI_CreateJavaVM+0x55
C  [libjli.so+0x4d6f]
C  [libjli.so+0x9d3d]


---------------  P R O C E S S  ---------------

Threads class SMR info:
_java_thread_list=0x00007f7a8167eb40, length=0, elements={
}

Java Threads: ( => current thread )

Other Threads:

=>0x00007f7a78018000 (exited) JavaThread "Unknown thread" [_thread_in_vm, id=25582, stack(0x00007f7a7fe3c000,0x00007f7a7ff3d000)]

Threads with active compile tasks:

VM state:not at safepoint (not fully initialized)

VM Mutex/Monitor currently owned by a thread: None

GC Heap History (0 events):
No events

Deoptimization events (0 events):
No events

Classes unloaded (0 events):
No events

Classes redefined (0 events):
No events

Internal exceptions (0 events):
No events

Events (2 events):
Event: 0.008 Protecting memory [0x00007f7a7fe3c000,0x00007f7a7fe40000] with protection modes 0
Event: 0.008 Loaded shared library /usr/lib/jvm/java-13-openjdk-amd64/lib/libzip.so


Dynamic libraries:
5616c1899000-5616c189a000 r--p 00000000 07:14 4860                       /usr/lib/jvm/java-13-openjdk-amd64/bin/java
5616c189a000-5616c189b000 r-xp 00001000 07:14 4860                       /usr/lib/jvm/java-13-openjdk-amd64/bin/java
5616c189b000-5616c189c000 r--p 00002000 07:14 4860                       /usr/lib/jvm/java-13-openjdk-amd64/bin/java
5616c189c000-5616c189d000 r--p 00002000 07:14 4860                       /usr/lib/jvm/java-13-openjdk-amd64/bin/java
5616c189d000-5616c189e000 rw-p 00003000 07:14 4860                       /usr/lib/jvm/java-13-openjdk-amd64/bin/java
5616c306a000-5616c308b000 rw-p 00000000 00:00 0                          [heap]
7f6a585ff000-7f6a58755000 rw-p 00000000 00:00 0 
7f6a58755000-7f6a605ff000 ---p 00000000 00:00 0 
7f6a605ff000-7f6a8b0a0000 rw-p 00000000 00:00 0 
7f6a8b0a0000-7f6fb5b50000 ---p 00000000 00:00 0 
7f700b0b0000-7f7a60600000 ---p 00000000 00:00 0 
7f7a6078a000-7f7a609fa000 rwxp 00000000 00:00 0 
7f7a609fa000-7f7a60d19000 ---p 00000000 00:00 0 
7f7a60d19000-7f7a60f89000 rwxp 00000000 00:00 0 
7f7a60f89000-7f7a68251000 ---p 00000000 00:00 0 
7f7a68251000-7f7a684c1000 rwxp 00000000 00:00 0 
7f7a684c1000-7f7a6f78a000 ---p 00000000 00:00 0 
7f7a6f78a000-7f7a78000000 r--s 00000000 07:14 5215                       /usr/lib/jvm/java-13-openjdk-amd64/lib/modules
7f7a78000000-7f7a78035000 rw-p 00000000 00:00 0 
7f7a78035000-7f7a7c000000 ---p 00000000 00:00 0 
7f7a7fbe7000-7f7a7fbec000 rw-p 00000000 00:00 0 
7f7a7fbec000-7f7a7fcd2000 ---p 00000000 00:00 0 
7f7a7fcd2000-7f7a7fcd7000 rw-p 00000000 00:00 0 
7f7a7fcd7000-7f7a7fdbd000 ---p 00000000 00:00 0 
7f7a7fdbd000-7f7a7fdc2000 rw-p 00000000 00:00 0 
7f7a7fdc2000-7f7a7fdc9000 ---p 00000000 00:00 0 
7f7a7fdc9000-7f7a7fdcb000 r--p 00000000 07:14 5214                       /usr/lib/jvm/java-13-openjdk-amd64/lib/libzip.so
7f7a7fdcb000-7f7a7fdcf000 r-xp 00002000 07:14 5214                       /usr/lib/jvm/java-13-openjdk-amd64/lib/libzip.so
7f7a7fdcf000-7f7a7fdd1000 r--p 00006000 07:14 5214                       /usr/lib/jvm/java-13-openjdk-amd64/lib/libzip.so
7f7a7fdd1000-7f7a7fdd2000 r--p 00007000 07:14 5214                       /usr/lib/jvm/java-13-openjdk-amd64/lib/libzip.so
7f7a7fdd2000-7f7a7fdd3000 rw-p 00008000 07:14 5214                       /usr/lib/jvm/java-13-openjdk-amd64/lib/libzip.so
7f7a7fdd3000-7f7a7fddb000 rw-s 00000000 08:03 674503                     /tmp/hsperfdata_rcabanas/25575
7f7a7fddb000-7f7a7fdde000 r--p 00000000 07:14 9108                       /usr/lib/x86_64-linux-gnu/libnss_files-2.31.so
7f7a7fdde000-7f7a7fde5000 r-xp 00003000 07:14 9108                       /usr/lib/x86_64-linux-gnu/libnss_files-2.31.so
7f7a7fde5000-7f7a7fde7000 r--p 0000a000 07:14 9108                       /usr/lib/x86_64-linux-gnu/libnss_files-2.31.so
7f7a7fde7000-7f7a7fde8000 r--p 0000b000 07:14 9108                       /usr/lib/x86_64-linux-gnu/libnss_files-2.31.so
7f7a7fde8000-7f7a7fde9000 rw-p 0000c000 07:14 9108                       /usr/lib/x86_64-linux-gnu/libnss_files-2.31.so
7f7a7fde9000-7f7a7fdef000 rw-p 00000000 00:00 0 
7f7a7fdf5000-7f7a7fdf7000 r--p 00000000 07:14 5195                       /usr/lib/jvm/java-13-openjdk-amd64/lib/libjimage.so
7f7a7fdf7000-7f7a7fdfa000 r-xp 00002000 07:14 5195                       /usr/lib/jvm/java-13-openjdk-amd64/lib/libjimage.so
7f7a7fdfa000-7f7a7fdfb000 r--p 00005000 07:14 5195                       /usr/lib/jvm/java-13-openjdk-amd64/lib/libjimage.so
7f7a7fdfb000-7f7a7fdfc000 ---p 00006000 07:14 5195                       /usr/lib/jvm/java-13-openjdk-amd64/lib/libjimage.so
7f7a7fdfc000-7f7a7fdfd000 r--p 00006000 07:14 5195                       /usr/lib/jvm/java-13-openjdk-amd64/lib/libjimage.so
7f7a7fdfd000-7f7a7fdfe000 rw-p 00007000 07:14 5195                       /usr/lib/jvm/java-13-openjdk-amd64/lib/libjimage.so
7f7a7fdfe000-7f7a7fe0b000 r--p 00000000 07:14 5191                       /usr/lib/jvm/java-13-openjdk-amd64/lib/libjava.so
7f7a7fe0b000-7f7a7fe20000 r-xp 0000d000 07:14 5191                       /usr/lib/jvm/java-13-openjdk-amd64/lib/libjava.so
7f7a7fe20000-7f7a7fe26000 r--p 00022000 07:14 5191                       /usr/lib/jvm/java-13-openjdk-amd64/lib/libjava.so
7f7a7fe26000-7f7a7fe27000 ---p 00028000 07:14 5191                       /usr/lib/jvm/java-13-openjdk-amd64/lib/libjava.so
7f7a7fe27000-7f7a7fe28000 r--p 00028000 07:14 5191                       /usr/lib/jvm/java-13-openjdk-amd64/lib/libjava.so
7f7a7fe28000-7f7a7fe2a000 rw-p 00029000 07:14 5191                       /usr/lib/jvm/java-13-openjdk-amd64/lib/libjava.so
7f7a7fe2a000-7f7a7fe2f000 r--p 00000000 07:14 5213                       /usr/lib/jvm/java-13-openjdk-amd64/lib/libverify.so
7f7a7fe2f000-7f7a7fe36000 r-xp 00005000 07:14 5213                       /usr/lib/jvm/java-13-openjdk-amd64/lib/libverify.so
7f7a7fe36000-7f7a7fe38000 r--p 0000c000 07:14 5213                       /usr/lib/jvm/java-13-openjdk-amd64/lib/libverify.so
7f7a7fe38000-7f7a7fe39000 ---p 0000e000 07:14 5213                       /usr/lib/jvm/java-13-openjdk-amd64/lib/libverify.so
7f7a7fe39000-7f7a7fe3b000 r--p 0000e000 07:14 5213                       /usr/lib/jvm/java-13-openjdk-amd64/lib/libverify.so
7f7a7fe3b000-7f7a7fe3c000 rw-p 00010000 07:14 5213                       /usr/lib/jvm/java-13-openjdk-amd64/lib/libverify.so
7f7a7fe3c000-7f7a7fe40000 ---p 00000000 00:00 0 
7f7a7fe40000-7f7a7ff3d000 rw-p 00000000 00:00 0 
7f7a7ff3d000-7f7a7ff40000 r--p 00000000 07:14 8948                       /usr/lib/x86_64-linux-gnu/libgcc_s.so.1
7f7a7ff40000-7f7a7ff52000 r-xp 00003000 07:14 8948                       /usr/lib/x86_64-linux-gnu/libgcc_s.so.1
7f7a7ff52000-7f7a7ff56000 r--p 00015000 07:14 8948                       /usr/lib/x86_64-linux-gnu/libgcc_s.so.1
7f7a7ff56000-7f7a7ff57000 r--p 00018000 07:14 8948                       /usr/lib/x86_64-linux-gnu/libgcc_s.so.1
7f7a7ff57000-7f7a7ff58000 rw-p 00019000 07:14 8948                       /usr/lib/x86_64-linux-gnu/libgcc_s.so.1
7f7a7ff58000-7f7a7ff65000 r--p 00000000 07:14 9062                       /usr/lib/x86_64-linux-gnu/libm-2.31.so
7f7a7ff65000-7f7a8000c000 r-xp 0000d000 07:14 9062                       /usr/lib/x86_64-linux-gnu/libm-2.31.so
7f7a8000c000-7f7a800a5000 r--p 000b4000 07:14 9062                       /usr/lib/x86_64-linux-gnu/libm-2.31.so
7f7a800a5000-7f7a800a6000 r--p 0014c000 07:14 9062                       /usr/lib/x86_64-linux-gnu/libm-2.31.so
7f7a800a6000-7f7a800a7000 rw-p 0014d000 07:14 9062                       /usr/lib/x86_64-linux-gnu/libm-2.31.so
7f7a800a7000-7f7a8013d000 r--p 00000000 07:14 9213                       /usr/lib/x86_64-linux-gnu/libstdc++.so.6.0.28
7f7a8013d000-7f7a8022e000 r-xp 00096000 07:14 9213                       /usr/lib/x86_64-linux-gnu/libstdc++.so.6.0.28
7f7a8022e000-7f7a80277000 r--p 00187000 07:14 9213                       /usr/lib/x86_64-linux-gnu/libstdc++.so.6.0.28
7f7a80277000-7f7a80278000 ---p 001d0000 07:14 9213                       /usr/lib/x86_64-linux-gnu/libstdc++.so.6.0.28
7f7a80278000-7f7a80283000 r--p 001d0000 07:14 9213                       /usr/lib/x86_64-linux-gnu/libstdc++.so.6.0.28
7f7a80283000-7f7a80286000 rw-p 001db000 07:14 9213                       /usr/lib/x86_64-linux-gnu/libstdc++.so.6.0.28
7f7a80286000-7f7a80289000 rw-p 00000000 00:00 0 
7f7a80289000-7f7a8050f000 r--p 00000000 07:14 5226                       /usr/lib/jvm/java-13-openjdk-amd64/lib/server/libjvm.so
7f7a8050f000-7f7a8128c000 r-xp 00286000 07:14 5226                       /usr/lib/jvm/java-13-openjdk-amd64/lib/server/libjvm.so
7f7a8128c000-7f7a81507000 r--p 01003000 07:14 5226                       /usr/lib/jvm/java-13-openjdk-amd64/lib/server/libjvm.so
7f7a81507000-7f7a815cc000 r--p 0127d000 07:14 5226                       /usr/lib/jvm/java-13-openjdk-amd64/lib/server/libjvm.so
7f7a815cc000-7f7a81607000 rw-p 01342000 07:14 5226                       /usr/lib/jvm/java-13-openjdk-amd64/lib/server/libjvm.so
7f7a81607000-7f7a8168d000 rw-p 00000000 00:00 0 
7f7a8168d000-7f7a81693000 r--p 00000000 07:14 9166                       /usr/lib/x86_64-linux-gnu/libpthread-2.31.so
7f7a81693000-7f7a816a4000 r-xp 00006000 07:14 9166                       /usr/lib/x86_64-linux-gnu/libpthread-2.31.so
7f7a816a4000-7f7a816aa000 r--p 00017000 07:14 9166                       /usr/lib/x86_64-linux-gnu/libpthread-2.31.so
7f7a816aa000-7f7a816ab000 r--p 0001c000 07:14 9166                       /usr/lib/x86_64-linux-gnu/libpthread-2.31.so
7f7a816ab000-7f7a816ac000 rw-p 0001d000 07:14 9166                       /usr/lib/x86_64-linux-gnu/libpthread-2.31.so
7f7a816ac000-7f7a816b0000 rw-p 00000000 00:00 0 
7f7a816b0000-7f7a816b1000 r--p 00000000 07:14 8893                       /usr/lib/x86_64-linux-gnu/libdl-2.31.so
7f7a816b1000-7f7a816b3000 r-xp 00001000 07:14 8893                       /usr/lib/x86_64-linux-gnu/libdl-2.31.so
7f7a816b3000-7f7a816b4000 r--p 00003000 07:14 8893                       /usr/lib/x86_64-linux-gnu/libdl-2.31.so
7f7a816b4000-7f7a816b5000 r--p 00003000 07:14 8893                       /usr/lib/x86_64-linux-gnu/libdl-2.31.so
7f7a816b5000-7f7a816b6000 rw-p 00004000 07:14 8893                       /usr/lib/x86_64-linux-gnu/libdl-2.31.so
7f7a816b6000-7f7a816b8000 r--p 00000000 07:14 9290                       /usr/lib/x86_64-linux-gnu/libz.so.1.2.11
7f7a816b8000-7f7a816c9000 r-xp 00002000 07:14 9290                       /usr/lib/x86_64-linux-gnu/libz.so.1.2.11
7f7a816c9000-7f7a816cf000 r--p 00013000 07:14 9290                       /usr/lib/x86_64-linux-gnu/libz.so.1.2.11
7f7a816cf000-7f7a816d0000 ---p 00019000 07:14 9290                       /usr/lib/x86_64-linux-gnu/libz.so.1.2.11
7f7a816d0000-7f7a816d1000 r--p 00019000 07:14 9290                       /usr/lib/x86_64-linux-gnu/libz.so.1.2.11
7f7a816d1000-7f7a816d2000 rw-p 0001a000 07:14 9290                       /usr/lib/x86_64-linux-gnu/libz.so.1.2.11
7f7a816d2000-7f7a816f4000 r--p 00000000 07:14 8851                       /usr/lib/x86_64-linux-gnu/libc-2.31.so
7f7a816f4000-7f7a8186c000 r-xp 00022000 07:14 8851                       /usr/lib/x86_64-linux-gnu/libc-2.31.so
7f7a8186c000-7f7a818ba000 r--p 0019a000 07:14 8851                       /usr/lib/x86_64-linux-gnu/libc-2.31.so
7f7a818ba000-7f7a818be000 r--p 001e7000 07:14 8851                       /usr/lib/x86_64-linux-gnu/libc-2.31.so
7f7a818be000-7f7a818c0000 rw-p 001eb000 07:14 8851                       /usr/lib/x86_64-linux-gnu/libc-2.31.so
7f7a818c0000-7f7a818c4000 rw-p 00000000 00:00 0 
7f7a818c6000-7f7a818c8000 r--s 0000c000 07:14 20930                      /usr/share/java/java-atk-wrapper.jar
7f7a818c8000-7f7a818c9000 ---p 00000000 00:00 0 
7f7a818c9000-7f7a818ca000 r--p 00000000 00:00 0 
7f7a818ca000-7f7a818cd000 r--p 00000000 07:14 5196                       /usr/lib/jvm/java-13-openjdk-amd64/lib/libjli.so
7f7a818cd000-7f7a818d7000 r-xp 00003000 07:14 5196                       /usr/lib/jvm/java-13-openjdk-amd64/lib/libjli.so
7f7a818d7000-7f7a818da000 r--p 0000d000 07:14 5196                       /usr/lib/jvm/java-13-openjdk-amd64/lib/libjli.so
7f7a818da000-7f7a818db000 r--p 0000f000 07:14 5196                       /usr/lib/jvm/java-13-openjdk-amd64/lib/libjli.so
7f7a818db000-7f7a818dc000 rw-p 00010000 07:14 5196                       /usr/lib/jvm/java-13-openjdk-amd64/lib/libjli.so
7f7a818dc000-7f7a818de000 rw-p 00000000 00:00 0 
7f7a818de000-7f7a818df000 r--p 00000000 07:14 8572                       /usr/lib/x86_64-linux-gnu/ld-2.31.so
7f7a818df000-7f7a81902000 r-xp 00001000 07:14 8572                       /usr/lib/x86_64-linux-gnu/ld-2.31.so
7f7a81902000-7f7a8190a000 r--p 00024000 07:14 8572                       /usr/lib/x86_64-linux-gnu/ld-2.31.so
7f7a8190a000-7f7a8190b000 ---p 00000000 00:00 0 
7f7a8190b000-7f7a8190c000 r--p 0002c000 07:14 8572                       /usr/lib/x86_64-linux-gnu/ld-2.31.so
7f7a8190c000-7f7a8190d000 rw-p 0002d000 07:14 8572                       /usr/lib/x86_64-linux-gnu/ld-2.31.so
7f7a8190d000-7f7a8190e000 rw-p 00000000 00:00 0 
7ffcaa14c000-7ffcaa16d000 rw-p 00000000 00:00 0                          [stack]
7ffcaa19d000-7ffcaa19f000 r-xp 00000000 00:00 0                          [vdso]
ffffffffff600000-ffffffffff601000 r-xp 00000000 00:00 0                  [vsyscall]


VM Arguments:
jvm_args: -Xmx64g --add-modules=ALL-DEFAULT 
java_command: jdk.compiler/com.sun.tools.javac.launcher.Main /mnt/beegfs/rcabanas/dev/credici/papers/journalEM/code/LearnAndCalculatePNS.java -w -x 200 -m 500 -sc LLratio -th 1.0 -a EMCC --seed 0 --output /mnt/beegfs/rcabanas/dev/credici/papers/journalEM/output/synthetic/s3 /mnt/beegfs/rcabanas/dev/credici/papers/journalEM/models/synthetic/s3/random_mc2_n9_mid3_d1000_05_mr098_r10_116.uai
java_class_path (initial): /mnt/beegfs/rcabanas/dev/credici/target/credici-0.1.5-dev-SNAPSHOT-jar-with-dependencies.jar
Launcher Type: SUN_STANDARD

[Global flags]
     intx CICompilerCount                          = 2                                         {product} {ergonomic}
   size_t InitialHeapSize                          = 2147483648                                {product} {ergonomic}
   size_t MaxHeapSize                              = 68719476736                               {product} {command line}
   size_t MaxNewSize                               = 22906470400                               {product} {ergonomic}
   size_t MinHeapDeltaBytes                        = 196608                                    {product} {ergonomic}
   size_t MinHeapSize                              = 8388608                                   {product} {ergonomic}
   size_t NewSize                                  = 715784192                                 {product} {ergonomic}
    uintx NonNMethodCodeHeapSize                   = 5826188                                {pd product} {ergonomic}
    uintx NonProfiledCodeHeapSize                  = 122916026                              {pd product} {ergonomic}
   size_t OldSize                                  = 1431699456                                {product} {ergonomic}
    uintx ProfiledCodeHeapSize                     = 122916026                              {pd product} {ergonomic}
    uintx ReservedCodeCacheSize                    = 251658240                              {pd product} {ergonomic}
     bool SegmentedCodeCache                       = true                                      {product} {ergonomic}
   size_t SoftMaxHeapSize                          = 68719476736                            {manageable} {ergonomic}
     bool UseSerialGC                              = true                                      {product} {ergonomic}

Logging:
Log output configuration:
 #0: stdout all=warning uptime,level,tags
 #1: stderr all=off uptime,level,tags

Environment Variables:
PATH=/usr/local/sbin:/usr/local/bin:/usr/sbin:/usr/bin:/sbin:/bin
LD_LIBRARY_PATH=/.singularity.d/libs

Signal Handlers:
SIGSEGV: [libjvm.so+0xf8fcf0], sa_mask[0]=11111111011111111101111111111110, sa_flags=SA_RESTART|SA_SIGINFO
SIGBUS: [libjvm.so+0xf8fcf0], sa_mask[0]=11111111011111111101111111111110, sa_flags=SA_RESTART|SA_SIGINFO
SIGFPE: [libjvm.so+0xf8fcf0], sa_mask[0]=11111111011111111101111111111110, sa_flags=SA_RESTART|SA_SIGINFO
SIGPIPE: [libjvm.so+0xc3ffa0], sa_mask[0]=11111111011111111101111111111110, sa_flags=SA_RESTART|SA_SIGINFO
SIGXFSZ: [libjvm.so+0xc3ffa0], sa_mask[0]=11111111011111111101111111111110, sa_flags=SA_RESTART|SA_SIGINFO
SIGILL: [libjvm.so+0xf8fcf0], sa_mask[0]=11111111011111111101111111111110, sa_flags=SA_RESTART|SA_SIGINFO
SIGUSR2: [libjvm.so+0xc3fe40], sa_mask[0]=00000000000000000000000000000000, sa_flags=SA_RESTART|SA_SIGINFO
SIGHUP: SIG_DFL, sa_mask[0]=00000000000000000000000000000000, sa_flags=none
SIGINT: SIG_DFL, sa_mask[0]=00000000000000000000000000000000, sa_flags=none
SIGTERM: SIG_DFL, sa_mask[0]=00000000000000000000000000000000, sa_flags=none
SIGQUIT: SIG_DFL, sa_mask[0]=00000000000000000000000000000000, sa_flags=none


---------------  S Y S T E M  ---------------

OS:DISTRIB_ID=Ubuntu
DISTRIB_RELEASE=20.04
DISTRIB_CODENAME=focal
DISTRIB_DESCRIPTION="Ubuntu 20.04.4 LTS"
uname:Linux 3.10.0-1160.15.2.el7.x86_64 #1 SMP Wed Feb 3 15:06:38 UTC 2021 x86_64
OS uptime: 562 days 15:03 hours
libc:glibc 2.31 NPTL 2.31 
rlimit (soft/hard): STACK 8192k/infinity , CORE 0k/infinity , NPROC 4096/1030220 , NOFILE 131072/131072 , AS infinity/infinity , CPU infinity/infinity , DATA infinity/infinity , FSIZE infinity/infinity , MEMLOCK infinity/infinity
load average:57.02 53.00 29.19

/proc/meminfo:
MemTotal:       263895972 kB
MemFree:         1198892 kB
MemAvailable:     941192 kB
Buffers:          105520 kB
Cached:          3416488 kB
SwapCached:       110728 kB
Active:         245396544 kB
Inactive:        7927688 kB
Active(anon):   245194616 kB
Inactive(anon):  7700728 kB
Active(file):     201928 kB
Inactive(file):   226960 kB
Unevictable:       17020 kB
Mlocked:           17020 kB
SwapTotal:       4194300 kB
SwapFree:              0 kB
Dirty:               116 kB
Writeback:             0 kB
AnonPages:      249404144 kB
Mapped:           168984 kB
Shmem:           3075256 kB
Slab:             751280 kB
SReclaimable:     171500 kB
SUnreclaim:       579780 kB
KernelStack:       38704 kB
PageTables:       541276 kB
NFS_Unstable:          0 kB
Bounce:                0 kB
WritebackTmp:          0 kB
CommitLimit:    136142284 kB
Committed_AS:   378774464 kB
VmallocTotal:   34359738367 kB
VmallocUsed:      861248 kB
VmallocChunk:   34222448068 kB
Percpu:            18176 kB
HardwareCorrupted:     0 kB
AnonHugePages:  66105344 kB
CmaTotal:              0 kB
CmaFree:               0 kB
HugePages_Total:       0
HugePages_Free:        0
HugePages_Rsvd:        0
HugePages_Surp:        0
Hugepagesize:       2048 kB
DirectMap4k:      587976 kB
DirectMap2M:    24440832 kB
DirectMap1G:    243269632 kB

/sys/kernel/mm/transparent_hugepage/enabled:
[always] madvise never

/sys/kernel/mm/transparent_hugepage/defrag (defrag/compaction efforts parameter):
[always] madvise never


/proc/sys/kernel/threads-max (system-wide limit on the number of threads):
2060440


/proc/sys/vm/max_map_count (maximum number of memory map areas a process may have):
65530


/proc/sys/kernel/pid_max (system-wide limit on number of process identifiers):
65536



Steal ticks since vm start: 0
Steal ticks percentage since vm start:  0.000

CPU:total 64 (initial active 1) (32 cores per cpu, 1 threads per core) family 23 model 49 stepping 0, cmov, cx8, fxsr, mmx, sse, sse2, sse3, ssse3, sse4.1, sse4.2, popcnt, avx, avx2, aes, clmul, mmxext, 3dnowpref, lzcnt, sse4a, tsc, tscinvbit, tscinv, bmi1, bmi2, adx, sha, fma
CPU Model and flags from /proc/cpuinfo:
model name	: AMD EPYC 7542 32-Core Processor
flags		: fpu vme de pse tsc msr pae mce cx8 apic sep mtrr pge mca cmov pat pse36 clflush mmx fxsr sse sse2 ht syscall nx mmxext fxsr_opt pdpe1gb rdtscp lm constant_tsc art rep_good nopl nonstop_tsc extd_apicid aperfmperf eagerfpu pni pclmulqdq monitor ssse3 fma cx16 sse4_1 sse4_2 movbe popcnt aes xsave avx f16c rdrand lahf_lm cmp_legacy svm extapic cr8_legacy abm sse4a misalignsse 3dnowprefetch osvw ibs skinit wdt tce topoext perfctr_core perfctr_nb bpext perfctr_l2 cpb cat_l3 cdp_l3 hw_pstate sme retpoline_amd ssbd ibrs ibpb stibp vmmcall fsgsbase bmi1 avx2 smep bmi2 cqm rdt_a rdseed adx smap clflushopt clwb sha_ni xsaveopt xsavec xgetbv1 cqm_llc cqm_occup_llc cqm_mbm_total cqm_mbm_local clzero irperf xsaveerptr arat npt lbrv svm_lock nrip_save tsc_scale vmcb_clean flushbyasid decodeassists pausefilter pfthreshold avic v_vmsave_vmload vgif umip overflow_recov succor smca
Online cpus:0-63
Offline cpus:
BIOS frequency limitation:2900000
Frequency switch latency (ns):0
Available cpu frequencies:2900000 2400000 1500000 
Current governor:conservative
Core performance/turbo boost:1

Memory: 4k page, physical 263895972k(1196504k free), swap 4194300k(0k free)

vm_info: OpenJDK 64-Bit Server VM (13.0.7+5-Ubuntu-0ubuntu120.04) for linux-amd64 JRE (13.0.7+5-Ubuntu-0ubuntu120.04), built on Apr 21 2021 05:36:19 by "unknown" with gcc 9.3.0

END.
