#
# There is insufficient memory for the Java Runtime Environment to continue.
# Native memory allocation (mmap) failed to map 818544640 bytes for committing reserved memory.
# Possible reasons:
#   The system is out of physical RAM or swap space
#   The process is running with CompressedOops enabled, and the Java Heap may be blocking the growth of the native heap
# Possible solutions:
#   Reduce memory load on the system
#   Increase physical memory or swap space
#   Check if swap backing store is full
#   Decrease Java heap size (-Xmx/-Xms)
#   Decrease number of Java threads
#   Decrease Java thread stack sizes (-Xss)
#   Set larger code cache with -XX:ReservedCodeCacheSize=
#   JVM is running with Zero Based Compressed Oops mode in which the Java heap is
#     placed in the first 32GB address space. The Java Heap base address is the
#     maximum limit for the native heap growth. Please use -XX:HeapBaseMinAddress
#     to set the Java Heap base and to place the Java Heap above 32GB virtual address.
# This output file may be truncated or incomplete.
#
#  Out of Memory Error (os_linux.cpp:2899), pid=62909, tid=62911
#
# JRE version: OpenJDK Runtime Environment (13.0.7+5) (build 13.0.7+5-Ubuntu-0ubuntu120.04)
# Java VM: OpenJDK 64-Bit Server VM (13.0.7+5-Ubuntu-0ubuntu120.04, mixed mode, tiered, compressed oops, serial gc, linux-amd64)
# No core dump will be written. Core dumps have been disabled. To enable core dumping, try "ulimit -c unlimited" before starting Java again
#

---------------  S U M M A R Y ------------

Command Line: --add-modules=ALL-DEFAULT jdk.compiler/com.sun.tools.javac.launcher.Main /mnt/beegfs/rcabanas/dev/credici/papers/journalEM/code/RunSingleEM.java --maxiter 200 -w -b --seed 50 --output /mnt/beegfs/rcabanas/dev/credici/papers/journalEM/output/triangolo_biashard/1000 -d /mnt/beegfs/rcabanas/dev/credici/papers/journalEM/data/triangolo_data_d1000.csv --debug /mnt/beegfs/rcabanas/dev/credici/papers/journalEM/models/triangolo_biashard.uai

Host: AMD EPYC 7542 32-Core Processor, 64 cores, 251G, Ubuntu 20.04.4 LTS
Time: Wed Aug 31 05:29:21 2022 CEST elapsed time: 16830.608751 seconds (0d 4h 40m 30s)

---------------  T H R E A D  ---------------

Current thread (0x00007fcce4098000):  VMThread "VM Thread" [stack: 0x00007fccc828a000,0x00007fccc838a000] [id=62911]

Stack: [0x00007fccc828a000,0x00007fccc838a000],  sp=0x00007fccc8388160,  free space=1016k
Native frames: (J=compiled Java code, A=aot compiled Java code, j=interpreted, Vv=VM code, C=native code)
V  [libjvm.so+0xf8f092]
V  [libjvm.so+0xf8fc91]
V  [libjvm.so+0x66ee5a]
V  [libjvm.so+0xc44a41]
V  [libjvm.so+0xc3b263]
V  [libjvm.so+0xf87f4b]
V  [libjvm.so+0x557506]
V  [libjvm.so+0x557723]
V  [libjvm.so+0xf18b0c]
V  [libjvm.so+0x557e65]
V  [libjvm.so+0x7e2edb]
V  [libjvm.so+0x7e39bd]
V  [libjvm.so+0x7d8b48]
V  [libjvm.so+0xf90940]
V  [libjvm.so+0xf96657]
V  [libjvm.so+0xf96d2b]
V  [libjvm.so+0xf9706a]
V  [libjvm.so+0xf2208f]
V  [libjvm.so+0xc493ff]

VM_Operation (0x00007fccead211e0): GenCollectForAllocation, mode: safepoint, requested by thread 0x00007fcce4018000


---------------  P R O C E S S  ---------------

Threads class SMR info:
_java_thread_list=0x00007fcce4136e80, length=9, elements={
0x00007fcce4018000, 0x00007fcce40a4800, 0x00007fcce40a7800, 0x00007fcce40cc000,
0x00007fcce40cd800, 0x00007fcce40d0000, 0x00007fcce40d2000, 0x00007fcce40d3800,
0x00007fcce4135800
}

Java Threads: ( => current thread )
  0x00007fcce4018000 JavaThread "main" [_thread_blocked, id=62910, stack(0x00007fcceac23000,0x00007fccead24000)]
  0x00007fcce40a4800 JavaThread "Reference Handler" daemon [_thread_blocked, id=62912, stack(0x00007fccc8187000,0x00007fccc8288000)]
  0x00007fcce40a7800 JavaThread "Finalizer" daemon [_thread_blocked, id=62913, stack(0x00007fccc8086000,0x00007fccc8187000)]
  0x00007fcce40cc000 JavaThread "Signal Dispatcher" daemon [_thread_blocked, id=62914, stack(0x00007fccbbeff000,0x00007fccbc000000)]
  0x00007fcce40cd800 JavaThread "Service Thread" daemon [_thread_blocked, id=62915, stack(0x00007fccbbdfe000,0x00007fccbbeff000)]
  0x00007fcce40d0000 JavaThread "C2 CompilerThread0" daemon [_thread_blocked, id=62916, stack(0x00007fccbbcfd000,0x00007fccbbdfe000)]
  0x00007fcce40d2000 JavaThread "C1 CompilerThread0" daemon [_thread_blocked, id=62917, stack(0x00007fccbbbfc000,0x00007fccbbcfd000)]
  0x00007fcce40d3800 JavaThread "Sweeper thread" daemon [_thread_blocked, id=62918, stack(0x00007fccbbafb000,0x00007fccbbbfc000)]
  0x00007fcce4135800 JavaThread "Common-Cleaner" daemon [_thread_blocked, id=62919, stack(0x00007fccbb9fa000,0x00007fccbbafb000)]

Other Threads:
=>0x00007fcce4098000 VMThread "VM Thread" [stack: 0x00007fccc828a000,0x00007fccc838a000] [id=62911]
  0x00007fcce4182800 WatcherThread [stack: 0x00007fccbb8fa000,0x00007fccbb9fa000] [id=62920]

Threads with active compile tasks:

VM state:at safepoint (normal execution)

VM Mutex/Monitor currently owned by a thread:  ([mutex/lock_event])
[0x00007fcce4014220] Threads_lock - owner thread: 0x00007fcce4098000
[0x00007fcce4014e20] Heap_lock - owner thread: 0x00007fcce4018000

Heap address: 0x0000000080200000, size: 30718 MB, Compressed Oops mode: Zero based, Oop shift amount: 3
Narrow klass base: 0x0000000800000000, Narrow klass shift: 0
Compressed class space size: 1073741824 Address: 0x0000000800000000

Heap:
 def new generation   total 2293120K, used 0K [0x0000000080200000, 0x000000011ba30000, 0x0000000300150000)
  eden space 2038336K,   0% used [0x0000000080200000, 0x0000000080200000, 0x00000000fc890000)
  from space 254784K,   0% used [0x00000000fc890000, 0x00000000fc890000, 0x000000010c160000)
  to   space 254784K,   0% used [0x000000010c160000, 0x000000010c160000, 0x000000011ba30000)
 tenured generation   total 5096216K, used 3537344K [0x0000000300150000, 0x0000000437216000, 0x0000000800000000)
   the space 5096216K,  69% used [0x0000000300150000, 0x00000003d7fc01a0, 0x00000003d7fc0200, 0x0000000437216000)
 Metaspace       used 23316K, capacity 23886K, committed 24112K, reserved 1071104K
  class space    used 2411K, capacity 2631K, committed 2688K, reserved 1048576K

Card table byte_map: [0x00007fccc8b8a000,0x00007fcccc78a000] _byte_map_base: 0x00007fccc8789000

Polling page: 0x00007fccec6af000

Metaspace:

Usage:
  Non-class:     20.76 MB capacity,    20.41 MB ( 98%) used,   280.45 KB (  1%) free+waste,    69.75 KB ( <1%) overhead. 
      Class:      2.57 MB capacity,     2.36 MB ( 92%) used,   188.10 KB (  7%) free+waste,    31.19 KB (  1%) overhead. 
       Both:     23.33 MB capacity,    22.77 MB ( 98%) used,   468.55 KB (  2%) free+waste,   100.94 KB ( <1%) overhead. 

Virtual space:
  Non-class space:       22.00 MB reserved,      20.92 MB ( 95%) committed 
      Class space:        1.00 GB reserved,       2.62 MB ( <1%) committed 
             Both:        1.02 GB reserved,      23.55 MB (  2%) committed 

Chunk freelists:
   Non-Class:  41.00 KB
       Class:  0 bytes
        Both:  41.00 KB

MaxMetaspaceSize: unlimited
CompressedClassSpaceSize: 1.00 GB

CodeHeap 'non-profiled nmethods': size=120036Kb used=1916Kb max_used=2011Kb free=118119Kb
 bounds [0x00007fccd4251000, 0x00007fccd44c1000, 0x00007fccdb78a000]
CodeHeap 'profiled nmethods': size=120032Kb used=4384Kb max_used=6279Kb free=115647Kb
 bounds [0x00007fccccd19000, 0x00007fcccd349000, 0x00007fccd4251000]
CodeHeap 'non-nmethods': size=5692Kb used=1198Kb max_used=1250Kb free=4493Kb
 bounds [0x00007fcccc78a000, 0x00007fcccc9fa000, 0x00007fccccd19000]
 total_blobs=3233 nmethods=2765 adapters=382
 compilation: enabled
              stopped_count=0, restarted_count=0
 full_count=0

Compilation events (20 events):
Event: 3245.088 Thread 0x00007fcce40d2000 3546       3       java.util.HashMap::putVal (300 bytes)
Event: 3245.090 Thread 0x00007fcce40d2000 nmethod 3546 0x00007fcccd1de590 code [0x00007fcccd1de820, 0x00007fcccd1df930]
Event: 3245.332 Thread 0x00007fcce40d0000 3547       4       java.util.HashMap::putVal (300 bytes)
Event: 3245.368 Thread 0x00007fcce40d0000 nmethod 3547 0x00007fccd42fb610 code [0x00007fccd42fb800, 0x00007fccd42fc010]
Event: 3766.940 Thread 0x00007fcce40d0000 3548 %     4       ch.idsia.credici.learning.WeightedCausalEM::expectation @ 141 (386 bytes)
Event: 3767.226 Thread 0x00007fcce40d0000 nmethod 3548% 0x00007fccd436c710 code [0x00007fccd436caa0, 0x00007fccd436fba0]
Event: 4076.917 Thread 0x00007fcce40d0000 3549       4       ch.idsia.credici.learning.WeightedCausalEM::expectation (386 bytes)
Event: 4077.266 Thread 0x00007fcce40d0000 nmethod 3549 0x00007fccd440ca10 code [0x00007fccd440cea0, 0x00007fccd4410bc8]
Event: 4765.034 Thread 0x00007fcce40d2000 3550       3       java.util.HashMap::removeNode (291 bytes)
Event: 4765.057 Thread 0x00007fcce40d2000 nmethod 3550 0x00007fccccd26810 code [0x00007fccccd26aa0, 0x00007fccccd27ed0]
Event: 4765.167 Thread 0x00007fcce40d0000 3551       4       java.util.HashMap::removeNode (291 bytes)
Event: 4765.233 Thread 0x00007fcce40d0000 nmethod 3551 0x00007fccd430fc90 code [0x00007fccd430fea0, 0x00007fccd4310d78]
Event: 13645.223 Thread 0x00007fcce40d2000 3552       3       java.util.LinkedHashMap::transferLinks (58 bytes)
Event: 13645.233 Thread 0x00007fcce40d2000 nmethod 3552 0x00007fccccd28910 code [0x00007fccccd28aa0, 0x00007fccccd28d10]
Event: 14589.466 Thread 0x00007fcce40d0000 3553       4       java.time.ZoneId::systemDefault (7 bytes)
Event: 14589.618 Thread 0x00007fcce40d0000 nmethod 3553 0x00007fccd42f6b10 code [0x00007fccd42f6c80, 0x00007fccd42f6d58]
Event: 15596.493 Thread 0x00007fcce40d2000 3556       3       ch.idsia.credici.learning.FrequentistCausalEM::maximization (155 bytes)
Event: 15596.551 Thread 0x00007fcce40d2000 nmethod 3556 0x00007fcccd1e4a90 code [0x00007fcccd1e4da0, 0x00007fcccd1e6370]
Event: 15679.038 Thread 0x00007fcce40d0000 3557       4       java.util.ArrayDeque::grow (165 bytes)
Event: 15681.175 Thread 0x00007fcce40d0000 nmethod 3557 0x00007fccd42a5e10 code [0x00007fccd42a5fa0, 0x00007fccd42a6578]

GC Heap History (20 events):
Event: 16809.799 GC heap after
{Heap after GC invocations=14316 (full 18):
 def new generation   total 2293120K, used 61884K [0x0000000080200000, 0x000000011ba30000, 0x0000000300150000)
  eden space 2038336K,   0% used [0x0000000080200000, 0x0000000080200000, 0x00000000fc890000)
  from space 254784K,  24% used [0x000000010c160000, 0x000000010fdcf298, 0x000000011ba30000)
  to   space 254784K,   0% used [0x00000000fc890000, 0x00000000fc890000, 0x000000010c160000)
 tenured generation   total 5095700K, used 5049656K [0x0000000300150000, 0x0000000437195000, 0x0000000800000000)
   the space 5095700K,  99% used [0x0000000300150000, 0x000000043449e0e8, 0x000000043449e200, 0x0000000437195000)
 Metaspace       used 23316K, capacity 23886K, committed 24112K, reserved 1071104K
  class space    used 2411K, capacity 2631K, committed 2688K, reserved 1048576K
}
Event: 16812.005 GC heap before
{Heap before GC invocations=14316 (full 18):
 def new generation   total 2293120K, used 2100220K [0x0000000080200000, 0x000000011ba30000, 0x0000000300150000)
  eden space 2038336K, 100% used [0x0000000080200000, 0x00000000fc890000, 0x00000000fc890000)
  from space 254784K,  24% used [0x000000010c160000, 0x000000010fdcf298, 0x000000011ba30000)
  to   space 254784K,   0% used [0x00000000fc890000, 0x00000000fc890000, 0x000000010c160000)
 tenured generation   total 5095700K, used 5049656K [0x0000000300150000, 0x0000000437195000, 0x0000000800000000)
   the space 5095700K,  99% used [0x0000000300150000, 0x000000043449e0e8, 0x000000043449e200, 0x0000000437195000)
 Metaspace       used 23316K, capacity 23886K, committed 24112K, reserved 1071104K
  class space    used 2411K, capacity 2631K, committed 2688K, reserved 1048576K
}
Event: 16812.046 GC heap after
{Heap after GC invocations=14317 (full 18):
 def new generation   total 2293120K, used 68588K [0x0000000080200000, 0x000000011ba30000, 0x0000000300150000)
  eden space 2038336K,   0% used [0x0000000080200000, 0x0000000080200000, 0x00000000fc890000)
  from space 254784K,  26% used [0x00000000fc890000, 0x0000000100b8b138, 0x000000010c160000)
  to   space 254784K,   0% used [0x000000010c160000, 0x000000010c160000, 0x000000011ba30000)
 tenured generation   total 5095700K, used 5050177K [0x0000000300150000, 0x0000000437195000, 0x0000000800000000)
   the space 5095700K,  99% used [0x0000000300150000, 0x00000004345204b8, 0x0000000434520600, 0x0000000437195000)
 Metaspace       used 23316K, capacity 23886K, committed 24112K, reserved 1071104K
  class space    used 2411K, capacity 2631K, committed 2688K, reserved 1048576K
}
Event: 16814.269 GC heap before
{Heap before GC invocations=14317 (full 18):
 def new generation   total 2293120K, used 2106924K [0x0000000080200000, 0x000000011ba30000, 0x0000000300150000)
  eden space 2038336K, 100% used [0x0000000080200000, 0x00000000fc890000, 0x00000000fc890000)
  from space 254784K,  26% used [0x00000000fc890000, 0x0000000100b8b138, 0x000000010c160000)
  to   space 254784K,   0% used [0x000000010c160000, 0x000000010c160000, 0x000000011ba30000)
 tenured generation   total 5095700K, used 5050177K [0x0000000300150000, 0x0000000437195000, 0x0000000800000000)
   the space 5095700K,  99% used [0x0000000300150000, 0x00000004345204b8, 0x0000000434520600, 0x0000000437195000)
 Metaspace       used 23316K, capacity 23886K, committed 24112K, reserved 1071104K
  class space    used 2411K, capacity 2631K, committed 2688K, reserved 1048576K
}
Event: 16814.310 GC heap after
{Heap after GC invocations=14318 (full 18):
 def new generation   total 2293120K, used 74753K [0x0000000080200000, 0x000000011ba30000, 0x0000000300150000)
  eden space 2038336K,   0% used [0x0000000080200000, 0x0000000080200000, 0x00000000fc890000)
  from space 254784K,  29% used [0x000000010c160000, 0x0000000110a60748, 0x000000011ba30000)
  to   space 254784K,   0% used [0x00000000fc890000, 0x00000000fc890000, 0x000000010c160000)
 tenured generation   total 5095700K, used 5050698K [0x0000000300150000, 0x0000000437195000, 0x0000000800000000)
   the space 5095700K,  99% used [0x0000000300150000, 0x00000004345a2990, 0x00000004345a2a00, 0x0000000437195000)
 Metaspace       used 23316K, capacity 23886K, committed 24112K, reserved 1071104K
  class space    used 2411K, capacity 2631K, committed 2688K, reserved 1048576K
}
Event: 16816.525 GC heap before
{Heap before GC invocations=14318 (full 18):
 def new generation   total 2293120K, used 2113089K [0x0000000080200000, 0x000000011ba30000, 0x0000000300150000)
  eden space 2038336K, 100% used [0x0000000080200000, 0x00000000fc890000, 0x00000000fc890000)
  from space 254784K,  29% used [0x000000010c160000, 0x0000000110a60748, 0x000000011ba30000)
  to   space 254784K,   0% used [0x00000000fc890000, 0x00000000fc890000, 0x000000010c160000)
 tenured generation   total 5095700K, used 5050698K [0x0000000300150000, 0x0000000437195000, 0x0000000800000000)
   the space 5095700K,  99% used [0x0000000300150000, 0x00000004345a2990, 0x00000004345a2a00, 0x0000000437195000)
 Metaspace       used 23316K, capacity 23886K, committed 24112K, reserved 1071104K
  class space    used 2411K, capacity 2631K, committed 2688K, reserved 1048576K
}
Event: 16816.570 GC heap after
{Heap after GC invocations=14319 (full 18):
 def new generation   total 2293120K, used 75801K [0x0000000080200000, 0x000000011ba30000, 0x0000000300150000)
  eden space 2038336K,   0% used [0x0000000080200000, 0x0000000080200000, 0x00000000fc890000)
  from space 254784K,  29% used [0x00000000fc890000, 0x0000000101296530, 0x000000010c160000)
  to   space 254784K,   0% used [0x000000010c160000, 0x000000010c160000, 0x000000011ba30000)
 tenured generation   total 5095700K, used 5051729K [0x0000000300150000, 0x0000000437195000, 0x0000000800000000)
   the space 5095700K,  99% used [0x0000000300150000, 0x00000004346a4588, 0x00000004346a4600, 0x0000000437195000)
 Metaspace       used 23316K, capacity 23886K, committed 24112K, reserved 1071104K
  class space    used 2411K, capacity 2631K, committed 2688K, reserved 1048576K
}
Event: 16818.709 GC heap before
{Heap before GC invocations=14319 (full 18):
 def new generation   total 2293120K, used 2114137K [0x0000000080200000, 0x000000011ba30000, 0x0000000300150000)
  eden space 2038336K, 100% used [0x0000000080200000, 0x00000000fc890000, 0x00000000fc890000)
  from space 254784K,  29% used [0x00000000fc890000, 0x0000000101296530, 0x000000010c160000)
  to   space 254784K,   0% used [0x000000010c160000, 0x000000010c160000, 0x000000011ba30000)
 tenured generation   total 5095700K, used 5051729K [0x0000000300150000, 0x0000000437195000, 0x0000000800000000)
   the space 5095700K,  99% used [0x0000000300150000, 0x00000004346a4588, 0x00000004346a4600, 0x0000000437195000)
 Metaspace       used 23316K, capacity 23886K, committed 24112K, reserved 1071104K
  class space    used 2411K, capacity 2631K, committed 2688K, reserved 1048576K
}
Event: 16818.751 GC heap after
{Heap after GC invocations=14320 (full 18):
 def new generation   total 2293120K, used 86596K [0x0000000080200000, 0x000000011ba30000, 0x0000000300150000)
  eden space 2038336K,   0% used [0x0000000080200000, 0x0000000080200000, 0x00000000fc890000)
  from space 254784K,  33% used [0x000000010c160000, 0x00000001115f10b0, 0x000000011ba30000)
  to   space 254784K,   0% used [0x00000000fc890000, 0x00000000fc890000, 0x000000010c160000)
 tenured generation   total 5095700K, used 5051733K [0x0000000300150000, 0x0000000437195000, 0x0000000800000000)
   the space 5095700K,  99% used [0x0000000300150000, 0x00000004346a5680, 0x00000004346a5800, 0x0000000437195000)
 Metaspace       used 23316K, capacity 23886K, committed 24112K, reserved 1071104K
  class space    used 2411K, capacity 2631K, committed 2688K, reserved 1048576K
}
Event: 16820.999 GC heap before
{Heap before GC invocations=14320 (full 18):
 def new generation   total 2293120K, used 2115113K [0x0000000080200000, 0x000000011ba30000, 0x0000000300150000)
  eden space 2038336K,  99% used [0x0000000080200000, 0x00000000fbef9390, 0x00000000fc890000)
  from space 254784K,  33% used [0x000000010c160000, 0x00000001115f10b0, 0x000000011ba30000)
  to   space 254784K,   0% used [0x00000000fc890000, 0x00000000fc890000, 0x000000010c160000)
 tenured generation   total 5095700K, used 5051733K [0x0000000300150000, 0x0000000437195000, 0x0000000800000000)
   the space 5095700K,  99% used [0x0000000300150000, 0x00000004346a5680, 0x00000004346a5800, 0x0000000437195000)
 Metaspace       used 23316K, capacity 23886K, committed 24112K, reserved 1071104K
  class space    used 2411K, capacity 2631K, committed 2688K, reserved 1048576K
}
Event: 16821.055 GC heap after
{Heap after GC invocations=14321 (full 18):
 def new generation   total 2293120K, used 71725K [0x0000000080200000, 0x000000011ba30000, 0x0000000300150000)
  eden space 2038336K,   0% used [0x0000000080200000, 0x0000000080200000, 0x00000000fc890000)
  from space 254784K,  28% used [0x00000000fc890000, 0x0000000100e9b528, 0x000000010c160000)
  to   space 254784K,   0% used [0x000000010c160000, 0x000000010c160000, 0x000000011ba30000)
 tenured generation   total 5095700K, used 5052253K [0x0000000300150000, 0x0000000437195000, 0x0000000800000000)
   the space 5095700K,  99% used [0x0000000300150000, 0x0000000434727510, 0x0000000434727600, 0x0000000437195000)
 Metaspace       used 23316K, capacity 23886K, committed 24112K, reserved 1071104K
  class space    used 2411K, capacity 2631K, committed 2688K, reserved 1048576K
}
Event: 16823.310 GC heap before
{Heap before GC invocations=14321 (full 18):
 def new generation   total 2293120K, used 2110061K [0x0000000080200000, 0x000000011ba30000, 0x0000000300150000)
  eden space 2038336K, 100% used [0x0000000080200000, 0x00000000fc890000, 0x00000000fc890000)
  from space 254784K,  28% used [0x00000000fc890000, 0x0000000100e9b528, 0x000000010c160000)
  to   space 254784K,   0% used [0x000000010c160000, 0x000000010c160000, 0x000000011ba30000)
 tenured generation   total 5095700K, used 5052253K [0x0000000300150000, 0x0000000437195000, 0x0000000800000000)
   the space 5095700K,  99% used [0x0000000300150000, 0x0000000434727510, 0x0000000434727600, 0x0000000437195000)
 Metaspace       used 23316K, capacity 23886K, committed 24112K, reserved 1071104K
  class space    used 2411K, capacity 2631K, committed 2688K, reserved 1048576K
}
Event: 16823.419 GC heap after
{Heap after GC invocations=14322 (full 18):
 def new generation   total 2293120K, used 42475K [0x0000000080200000, 0x000000011ba30000, 0x0000000300150000)
  eden space 2038336K,   0% used [0x0000000080200000, 0x0000000080200000, 0x00000000fc890000)
  from space 254784K,  16% used [0x000000010c160000, 0x000000010eadaea0, 0x000000011ba30000)
  to   space 254784K,   0% used [0x00000000fc890000, 0x00000000fc890000, 0x000000010c160000)
 tenured generation   total 5095700K, used 5088727K [0x0000000300150000, 0x0000000437195000, 0x0000000800000000)
   the space 5095700K,  99% used [0x0000000300150000, 0x0000000436ac5d98, 0x0000000436ac5e00, 0x0000000437195000)
 Metaspace       used 23316K, capacity 23886K, committed 24112K, reserved 1071104K
  class space    used 2411K, capacity 2631K, committed 2688K, reserved 1048576K
}
Event: 16825.683 GC heap before
{Heap before GC invocations=14322 (full 18):
 def new generation   total 2293120K, used 2080811K [0x0000000080200000, 0x000000011ba30000, 0x0000000300150000)
  eden space 2038336K, 100% used [0x0000000080200000, 0x00000000fc890000, 0x00000000fc890000)
  from space 254784K,  16% used [0x000000010c160000, 0x000000010eadaea0, 0x000000011ba30000)
  to   space 254784K,   0% used [0x00000000fc890000, 0x00000000fc890000, 0x000000010c160000)
 tenured generation   total 5095700K, used 5088727K [0x0000000300150000, 0x0000000437195000, 0x0000000800000000)
   the space 5095700K,  99% used [0x0000000300150000, 0x0000000436ac5d98, 0x0000000436ac5e00, 0x0000000437195000)
 Metaspace       used 23316K, capacity 23886K, committed 24112K, reserved 1071104K
  class space    used 2411K, capacity 2631K, committed 2688K, reserved 1048576K
}
Event: 16825.734 GC heap after
{Heap after GC invocations=14323 (full 18):
 def new generation   total 2293120K, used 54780K [0x0000000080200000, 0x000000011ba30000, 0x0000000300150000)
  eden space 2038336K,   0% used [0x0000000080200000, 0x0000000080200000, 0x00000000fc890000)
  from space 254784K,  21% used [0x00000000fc890000, 0x00000000ffe0f300, 0x000000010c160000)
  to   space 254784K,   0% used [0x000000010c160000, 0x000000010c160000, 0x000000011ba30000)
 tenured generation   total 5095700K, used 5091317K [0x0000000300150000, 0x0000000437195000, 0x0000000800000000)
   the space 5095700K,  99% used [0x0000000300150000, 0x0000000436d4d758, 0x0000000436d4d800, 0x0000000437195000)
 Metaspace       used 23316K, capacity 23886K, committed 24112K, reserved 1071104K
  class space    used 2411K, capacity 2631K, committed 2688K, reserved 1048576K
}
Event: 16827.920 GC heap before
{Heap before GC invocations=14323 (full 18):
 def new generation   total 2293120K, used 2093116K [0x0000000080200000, 0x000000011ba30000, 0x0000000300150000)
  eden space 2038336K, 100% used [0x0000000080200000, 0x00000000fc890000, 0x00000000fc890000)
  from space 254784K,  21% used [0x00000000fc890000, 0x00000000ffe0f300, 0x000000010c160000)
  to   space 254784K,   0% used [0x000000010c160000, 0x000000010c160000, 0x000000011ba30000)
 tenured generation   total 5095700K, used 5091317K [0x0000000300150000, 0x0000000437195000, 0x0000000800000000)
   the space 5095700K,  99% used [0x0000000300150000, 0x0000000436d4d758, 0x0000000436d4d800, 0x0000000437195000)
 Metaspace       used 23316K, capacity 23886K, committed 24112K, reserved 1071104K
  class space    used 2411K, capacity 2631K, committed 2688K, reserved 1048576K
}
Event: 16827.957 GC heap after
{Heap after GC invocations=14324 (full 18):
 def new generation   total 2293120K, used 38351K [0x0000000080200000, 0x000000011ba30000, 0x0000000300150000)
  eden space 2038336K,   0% used [0x0000000080200000, 0x0000000080200000, 0x00000000fc890000)
  from space 254784K,  15% used [0x000000010c160000, 0x000000010e6d3ca8, 0x000000011ba30000)
  to   space 254784K,   0% used [0x00000000fc890000, 0x00000000fc890000, 0x000000010c160000)
 tenured generation   total 5095700K, used 5093396K [0x0000000300150000, 0x0000000437195000, 0x0000000800000000)
   the space 5095700K,  99% used [0x0000000300150000, 0x0000000436f55128, 0x0000000436f55200, 0x0000000437195000)
 Metaspace       used 23316K, capacity 23886K, committed 24112K, reserved 1071104K
  class space    used 2411K, capacity 2631K, committed 2688K, reserved 1048576K
}
Event: 16830.139 GC heap before
{Heap before GC invocations=14324 (full 18):
 def new generation   total 2293120K, used 2076687K [0x0000000080200000, 0x000000011ba30000, 0x0000000300150000)
  eden space 2038336K, 100% used [0x0000000080200000, 0x00000000fc890000, 0x00000000fc890000)
  from space 254784K,  15% used [0x000000010c160000, 0x000000010e6d3ca8, 0x000000011ba30000)
  to   space 254784K,   0% used [0x00000000fc890000, 0x00000000fc890000, 0x000000010c160000)
 tenured generation   total 5095700K, used 5093396K [0x0000000300150000, 0x0000000437195000, 0x0000000800000000)
   the space 5095700K,  99% used [0x0000000300150000, 0x0000000436f55128, 0x0000000436f55200, 0x0000000437195000)
 Metaspace       used 23316K, capacity 23886K, committed 24112K, reserved 1071104K
  class space    used 2411K, capacity 2631K, committed 2688K, reserved 1048576K
}
Event: 16830.171 GC heap after
{Heap after GC invocations=14325 (full 18):
 def new generation   total 2293120K, used 37839K [0x0000000080200000, 0x000000011ba30000, 0x0000000300150000)
  eden space 2038336K,   0% used [0x0000000080200000, 0x0000000080200000, 0x00000000fc890000)
  from space 254784K,  14% used [0x00000000fc890000, 0x00000000fed83fe8, 0x000000010c160000)
  to   space 254784K,   0% used [0x000000010c160000, 0x000000010c160000, 0x000000011ba30000)
 tenured generation   total 5096216K, used 5095986K [0x0000000300150000, 0x0000000437216000, 0x0000000800000000)
   the space 5096216K,  99% used [0x0000000300150000, 0x00000004371dca78, 0x00000004371dcc00, 0x0000000437216000)
 Metaspace       used 23316K, capacity 23886K, committed 24112K, reserved 1071104K
  class space    used 2411K, capacity 2631K, committed 2688K, reserved 1048576K
}
Event: 16830.171 GC heap before
{Heap before GC invocations=14325 (full 18):
 def new generation   total 2293120K, used 37839K [0x0000000080200000, 0x000000011ba30000, 0x0000000300150000)
  eden space 2038336K,   0% used [0x0000000080200000, 0x0000000080200000, 0x00000000fc890000)
  from space 254784K,  14% used [0x00000000fc890000, 0x00000000fed83fe8, 0x000000010c160000)
  to   space 254784K,   0% used [0x000000010c160000, 0x000000010c160000, 0x000000011ba30000)
 tenured generation   total 5096216K, used 5095986K [0x0000000300150000, 0x0000000437216000, 0x0000000800000000)
   the space 5096216K,  99% used [0x0000000300150000, 0x00000004371dca78, 0x00000004371dcc00, 0x0000000437216000)
 Metaspace       used 23316K, capacity 23886K, committed 24112K, reserved 1071104K
  class space    used 2411K, capacity 2631K, committed 2688K, reserved 1048576K
}

Deoptimization events (20 events):
Event: 2544.866 Thread 0x00007fcce4018000 DEOPT PACKING pc=0x00007fcccd0e509c sp=0x00007fccead216f0
Event: 2544.866 Thread 0x00007fcce4018000 DEOPT UNPACKING pc=0x00007fcccc7d333a sp=0x00007fccead20d30 mode 0
Event: 2846.297 Thread 0x00007fcce4018000 DEOPT PACKING pc=0x00007fcccd0e509c sp=0x00007fccead216f0
Event: 2846.297 Thread 0x00007fcce4018000 DEOPT UNPACKING pc=0x00007fcccc7d333a sp=0x00007fccead20d30 mode 0
Event: 3150.055 Thread 0x00007fcce4018000 DEOPT PACKING pc=0x00007fcccd0e509c sp=0x00007fccead216f0
Event: 3150.055 Thread 0x00007fcce4018000 DEOPT UNPACKING pc=0x00007fcccc7d333a sp=0x00007fccead20d30 mode 0
Event: 3245.088 Thread 0x00007fcce4018000 Uncommon trap: trap_request=0xffffff45 fr.pc=0x00007fccd43e5d24 relative=0x0000000000000824
Event: 3245.088 Thread 0x00007fcce4018000 Uncommon trap: reason=unstable_if action=reinterpret pc=0x00007fccd43e5d24 method=java.util.HashMap.putVal(ILjava/lang/Object;Ljava/lang/Object;ZZ)Ljava/lang/Object; @ 109 c2
Event: 3245.088 Thread 0x00007fcce4018000 DEOPT PACKING pc=0x00007fccd43e5d24 sp=0x00007fccead21280
Event: 3245.088 Thread 0x00007fcce4018000 DEOPT UNPACKING pc=0x00007fcccc7d2e25 sp=0x00007fccead21228 mode 2
Event: 3456.363 Thread 0x00007fcce4018000 DEOPT PACKING pc=0x00007fcccd0e509c sp=0x00007fccead216f0
Event: 3456.363 Thread 0x00007fcce4018000 DEOPT UNPACKING pc=0x00007fcccc7d333a sp=0x00007fccead20d30 mode 0
Event: 3766.954 Thread 0x00007fcce4018000 DEOPT PACKING pc=0x00007fcccd0e509c sp=0x00007fccead216f0
Event: 3766.954 Thread 0x00007fcce4018000 DEOPT UNPACKING pc=0x00007fcccc7d333a sp=0x00007fccead20d30 mode 0
Event: 4076.931 Thread 0x00007fcce4018000 DEOPT PACKING pc=0x00007fcccd0e509c sp=0x00007fccead216f0
Event: 4076.931 Thread 0x00007fcce4018000 DEOPT UNPACKING pc=0x00007fcccc7d333a sp=0x00007fccead20d30 mode 0
Event: 4765.030 Thread 0x00007fcce4018000 Uncommon trap: trap_request=0xffffff45 fr.pc=0x00007fccd4426448 relative=0x0000000000000828
Event: 4765.031 Thread 0x00007fcce4018000 Uncommon trap: reason=unstable_if action=reinterpret pc=0x00007fccd4426448 method=java.util.HashMap.removeNode(ILjava/lang/Object;Ljava/lang/Object;ZZ)Ljava/util/HashMap$Node; @ 71 c2
Event: 4765.031 Thread 0x00007fcce4018000 DEOPT PACKING pc=0x00007fccd4426448 sp=0x00007fccead21490
Event: 4765.031 Thread 0x00007fcce4018000 DEOPT UNPACKING pc=0x00007fcccc7d2e25 sp=0x00007fccead21440 mode 2

Classes unloaded (0 events):
No events

Classes redefined (0 events):
No events

Internal exceptions (20 events):
Event: 1.696 Thread 0x00007fcce4018000 Exception <a 'java/lang/NoSuchMethodError'{0x0000000080a5b5a8}: 'java.lang.Object java.lang.invoke.DirectMethodHandle$Holder.invokeVirtual(java.lang.Object, java.lang.Object, java.lang.Object)'> (0x0000000080a5b5a8) 
thrown [src/hotspot/share/interpreter/linkResolver.cpp, line 766]
Event: 1.699 Thread 0x00007fcce4018000 Exception <a 'java/lang/NoSuchMethodError'{0x0000000080a61ad8}: 'int java.lang.invoke.DirectMethodHandle$Holder.invokeInterface(java.lang.Object, java.lang.Object)'> (0x0000000080a61ad8) 
thrown [src/hotspot/share/interpreter/linkResolver.cpp, line 766]
Event: 1.744 Thread 0x00007fcce4018000 Exception <a 'java/lang/NoSuchMethodError'{0x0000000080a92c50}: 'int java.lang.invoke.DirectMethodHandle$Holder.invokeSpecial(java.lang.Object, java.lang.Object, java.lang.Object, java.lang.Object)'> (0x0000000080a92c50) 
thrown [src/hotspot/share/interpreter/linkResolver.cpp, line 766]
Event: 1.758 Thread 0x00007fcce4018000 Exception <a 'java/lang/NoSuchMethodError'{0x0000000080aa3ad0}: 'java.lang.Object java.lang.invoke.DirectMethodHandle$Holder.invokeVirtual(java.lang.Object, java.lang.Object, java.lang.Object, int, int)'> (0x0000000080aa3ad0) 
thrown [src/hotspot/share/interpreter/linkResolver.cpp, line 766]
Event: 1.761 Thread 0x00007fcce4018000 Exception <a 'java/lang/NoSuchMethodError'{0x0000000080aa9cb8}: 'java.lang.Object java.lang.invoke.DirectMethodHandle$Holder.invokeVirtual(java.lang.Object, java.lang.Object, int)'> (0x0000000080aa9cb8) 
thrown [src/hotspot/share/interpreter/linkResolver.cpp, line 766]
Event: 1.763 Thread 0x00007fcce4018000 Exception <a 'java/lang/NoSuchMethodError'{0x0000000080ab28c8}: 'java.lang.Object java.lang.invoke.DirectMethodHandle$Holder.invokeSpecial(java.lang.Object, java.lang.Object, java.lang.Object, int, int)'> (0x0000000080ab28c8) 
thrown [src/hotspot/share/interpreter/linkResolver.cpp, line 766]
Event: 2.460 Thread 0x00007fcce4018000 Exception <a 'java/lang/NoSuchMethodError'{0x0000000082592520}: 'int java.lang.invoke.DirectMethodHandle$Holder.invokeSpecial(java.lang.Object, java.lang.Object, java.lang.Object, java.lang.Object, java.lang.Object)'> (0x0000000082592520) 
thrown [src/hotspot/share/interpreter/linkResolver.cpp, line 766]
Event: 2.617 Thread 0x00007fcce4018000 Exception <a 'java/lang/NoSuchMethodError'{0x00000000828c9448}: 'java.lang.Object java.lang.invoke.DirectMethodHandle$Holder.invokeStatic(java.lang.Object, java.lang.Object, int, int)'> (0x00000000828c9448) 
thrown [src/hotspot/share/interpreter/linkResolver.cpp, line 766]
Event: 3.299 Thread 0x00007fcce4018000 Exception <a 'java/lang/NoSuchMethodError'{0x000000008366d168}: 'int java.lang.invoke.DirectMethodHandle$Holder.invokeVirtual(java.lang.Object, java.lang.Object, java.lang.Object, java.lang.Object)'> (0x000000008366d168) 
thrown [src/hotspot/share/interpreter/linkResolver.cpp, line 766]
Event: 3.317 Thread 0x00007fcce4018000 Exception <a 'java/lang/NoSuchMethodError'{0x0000000083677860}: 'java.lang.Object java.lang.invoke.DirectMethodHandle$Holder.invokeStatic(java.lang.Object, java.lang.Object, int, java.lang.Object)'> (0x0000000083677860) 
thrown [src/hotspot/share/interpreter/linkResolver.cpp, line 766]
Event: 3.327 Thread 0x00007fcce4018000 Exception <a 'java/lang/NoSuchMethodError'{0x000000008367ddd0}: 'java.lang.Object java.lang.invoke.Invokers$Holder.linkToTargetMethod(java.lang.Object, int, java.lang.Object, java.lang.Object)'> (0x000000008367ddd0) 
thrown [src/hotspot/share/interpreter/linkResolver.cpp, line 766]
Event: 4.052 Thread 0x00007fcce4018000 Implicit null exception at 0x00007fccd42c88d5 to 0x00007fccd42c8acc
Event: 4.052 Thread 0x00007fcce4018000 Implicit null exception at 0x00007fccd42b738f to 0x00007fccd42b7409
Event: 6.000 Thread 0x00007fcce4018000 Exception <a 'java/lang/NoSuchMethodError'{0x000000008c68aab0}: 'java.lang.Object java.lang.invoke.Invokers$Holder.invokeExact_MT(java.lang.Object, java.lang.Object, java.lang.Object, java.lang.Object, java.lang.Object, java.lang.Object)'> (0x000000008c68aab0) 
thrown [src/hotspot/share/interpreter/linkResolver.cpp, line 766]
Event: 6.289 Thread 0x00007fcce40a7800 Implicit null exception at 0x00007fccd42a285c to 0x00007fccd42a292c
Event: 6.549 Thread 0x00007fcce4018000 Exception <a 'java/lang/NoSuchMethodError'{0x000000008081e900}: 'double java.lang.invoke.DirectMethodHandle$Holder.invokeStatic(java.lang.Object, java.lang.Object)'> (0x000000008081e900) 
thrown [src/hotspot/share/interpreter/linkResolver.cpp, line 766]
Event: 6.638 Thread 0x00007fcce4018000 Exception <a 'java/lang/NoSuchMethodError'{0x00000000809478f8}: 'int java.lang.invoke.DirectMethodHandle$Holder.invokeStatic(java.lang.Object, java.lang.Object, java.lang.Object, int)'> (0x00000000809478f8) 
thrown [src/hotspot/share/interpreter/linkResolver.cpp, line 766]
Event: 6.646 Thread 0x00007fcce4018000 Exception <a 'java/lang/NoSuchMethodError'{0x0000000080950598}: 'int java.lang.invoke.DirectMethodHandle$Holder.invokeStatic(java.lang.Object, java.lang.Object, int)'> (0x0000000080950598) 
thrown [src/hotspot/share/interpreter/linkResolver.cpp, line 766]
Event: 7.343 Thread 0x00007fcce4018000 Exception <a 'java/lang/NoSuchMethodError'{0x0000000085643ee8}: 'java.lang.Object java.lang.invoke.DirectMethodHandle$Holder.invokeStatic(java.lang.Object, int, java.lang.Object, java.lang.Object)'> (0x0000000085643ee8) 
thrown [src/hotspot/share/interpreter/linkResolver.cpp, line 766]
Event: 7.344 Thread 0x00007fcce4018000 Exception <a 'java/lang/NoSuchMethodError'{0x0000000085649c98}: 'java.lang.Object java.lang.invoke.DirectMethodHandle$Holder.invokeStatic(java.lang.Object, int, java.lang.Object)'> (0x0000000085649c98) 
thrown [src/hotspot/share/interpreter/linkResolver.cpp, line 766]

Events (20 events):
Event: 16807.560 Executing VM operation: GenCollectForAllocation done
Event: 16809.760 Executing VM operation: GenCollectForAllocation
Event: 16809.799 Executing VM operation: GenCollectForAllocation done
Event: 16812.005 Executing VM operation: GenCollectForAllocation
Event: 16812.046 Executing VM operation: GenCollectForAllocation done
Event: 16814.269 Executing VM operation: GenCollectForAllocation
Event: 16814.310 Executing VM operation: GenCollectForAllocation done
Event: 16816.525 Executing VM operation: GenCollectForAllocation
Event: 16816.570 Executing VM operation: GenCollectForAllocation done
Event: 16818.709 Executing VM operation: GenCollectForAllocation
Event: 16818.752 Executing VM operation: GenCollectForAllocation done
Event: 16820.994 Executing VM operation: GenCollectForAllocation
Event: 16821.058 Executing VM operation: GenCollectForAllocation done
Event: 16823.299 Executing VM operation: GenCollectForAllocation
Event: 16823.421 Executing VM operation: GenCollectForAllocation done
Event: 16825.672 Executing VM operation: GenCollectForAllocation
Event: 16825.735 Executing VM operation: GenCollectForAllocation done
Event: 16827.910 Executing VM operation: GenCollectForAllocation
Event: 16827.958 Executing VM operation: GenCollectForAllocation done
Event: 16830.138 Executing VM operation: GenCollectForAllocation


Dynamic libraries:
80200000-11ba30000 rw-p 00000000 00:00 0 
11ba30000-300150000 ---p 00000000 00:00 0 
300150000-437216000 rw-p 00000000 00:00 0 
467eb6000-800000000 ---p 00000000 00:00 0 
800000000-8002a0000 rw-p 00000000 00:00 0 
8002a0000-840000000 ---p 00000000 00:00 0 
5562f9aa8000-5562f9aa9000 r--p 00000000 07:25 4860                       /usr/lib/jvm/java-13-openjdk-amd64/bin/java
5562f9aa9000-5562f9aaa000 r-xp 00001000 07:25 4860                       /usr/lib/jvm/java-13-openjdk-amd64/bin/java
5562f9aaa000-5562f9aab000 r--p 00002000 07:25 4860                       /usr/lib/jvm/java-13-openjdk-amd64/bin/java
5562f9aab000-5562f9aac000 r--p 00002000 07:25 4860                       /usr/lib/jvm/java-13-openjdk-amd64/bin/java
5562f9aac000-5562f9aad000 rw-p 00003000 07:25 4860                       /usr/lib/jvm/java-13-openjdk-amd64/bin/java
5562fb842000-5562fb863000 rw-p 00000000 00:00 0                          [heap]
7fcc9c000000-7fcc9c021000 rw-p 00000000 00:00 0 
7fcc9c021000-7fcca0000000 ---p 00000000 00:00 0 
7fcca0000000-7fcca0021000 rw-p 00000000 00:00 0 
7fcca0021000-7fcca4000000 ---p 00000000 00:00 0 
7fcca4000000-7fcca4af5000 rw-p 00000000 00:00 0 
7fcca4af5000-7fcca8000000 ---p 00000000 00:00 0 
7fcca8000000-7fcca8021000 rw-p 00000000 00:00 0 
7fcca8021000-7fccac000000 ---p 00000000 00:00 0 
7fccac000000-7fccac021000 rw-p 00000000 00:00 0 
7fccac021000-7fccb0000000 ---p 00000000 00:00 0 
7fccb0000000-7fccb2317000 rw-p 00000000 00:00 0 
7fccb2317000-7fccb4000000 ---p 00000000 00:00 0 
7fccb4000000-7fccb4021000 rw-p 00000000 00:00 0 
7fccb4021000-7fccb8000000 ---p 00000000 00:00 0 
7fccba960000-7fccbaa60000 rw-p 00000000 00:00 0 
7fccbaa60000-7fccbab60000 ---p 00000000 00:00 0 
7fccbab60000-7fccbad4c000 rw-p 00000000 00:00 0 
7fccbad4c000-7fccbad60000 ---p 00000000 00:00 0 
7fccbad60000-7fccbaf60000 rw-p 00000000 00:00 0 
7fccbaf60000-7fccbb160000 rw-p 00000000 00:00 0 
7fccbb160000-7fccbb4f8000 rw-p 00000000 00:00 0 
7fccbb4f8000-7fccbb6f8000 rw-p 00000000 00:00 0 
7fccbb6f8000-7fccbb8f8000 rw-p 00000000 00:00 0 
7fccbb8f8000-7fccbb8f9000 ---p 00000000 00:00 0 
7fccbb8f9000-7fccbb9fa000 rw-p 00000000 00:00 0 
7fccbb9fa000-7fccbb9fe000 ---p 00000000 00:00 0 
7fccbb9fe000-7fccbbafb000 rw-p 00000000 00:00 0 
7fccbbafb000-7fccbbaff000 ---p 00000000 00:00 0 
7fccbbaff000-7fccbbbfc000 rw-p 00000000 00:00 0 
7fccbbbfc000-7fccbbc00000 ---p 00000000 00:00 0 
7fccbbc00000-7fccbbcfd000 rw-p 00000000 00:00 0 
7fccbbcfd000-7fccbbd01000 ---p 00000000 00:00 0 
7fccbbd01000-7fccbbdfe000 rw-p 00000000 00:00 0 
7fccbbdfe000-7fccbbe02000 ---p 00000000 00:00 0 
7fccbbe02000-7fccbbeff000 rw-p 00000000 00:00 0 
7fccbbeff000-7fccbbf03000 ---p 00000000 00:00 0 
7fccbbf03000-7fccbc000000 rw-p 00000000 00:00 0 
7fccbc000000-7fccbc021000 rw-p 00000000 00:00 0 
7fccbc021000-7fccc0000000 ---p 00000000 00:00 0 
7fccc0000000-7fccc0021000 rw-p 00000000 00:00 0 
7fccc0021000-7fccc4000000 ---p 00000000 00:00 0 
7fccc4000000-7fccc406c000 rw-p 00000000 00:00 0 
7fccc406c000-7fccc8000000 ---p 00000000 00:00 0 
7fccc8055000-7fccc8086000 rw-p 00000000 00:00 0 
7fccc8086000-7fccc808a000 ---p 00000000 00:00 0 
7fccc808a000-7fccc8187000 rw-p 00000000 00:00 0 
7fccc8187000-7fccc818b000 ---p 00000000 00:00 0 
7fccc818b000-7fccc8288000 rw-p 00000000 00:00 0 
7fccc8288000-7fccc8289000 ---p 00000000 00:00 0 
7fccc8289000-7fccc8b8a000 rw-p 00000000 00:00 0 
7fccc8b8a000-7fccc9067000 rw-p 00000000 00:00 0 
7fccc9067000-7fccc9f89000 ---p 00000000 00:00 0 
7fccc9f89000-7fccca943000 rw-p 00000000 00:00 0 
7fccca943000-7fcccc789000 ---p 00000000 00:00 0 
7fcccc789000-7fcccc78a000 rw-p 00000000 00:00 0 
7fcccc78a000-7fcccc9fa000 rwxp 00000000 00:00 0 
7fcccc9fa000-7fccccd19000 ---p 00000000 00:00 0 
7fccccd19000-7fcccd349000 rwxp 00000000 00:00 0 
7fcccd349000-7fccd4251000 ---p 00000000 00:00 0 
7fccd4251000-7fccd44c1000 rwxp 00000000 00:00 0 
7fccd44c1000-7fccdb78a000 ---p 00000000 00:00 0 
7fccdb78a000-7fcce4000000 r--s 00000000 07:25 5215                       /usr/lib/jvm/java-13-openjdk-amd64/lib/modules
7fcce4000000-7fcce4737000 rw-p 00000000 00:00 0 
7fcce4737000-7fcce8000000 ---p 00000000 00:00 0 
7fcce8008000-7fcce800c000 r--p 00000000 07:25 5204                       /usr/lib/jvm/java-13-openjdk-amd64/lib/libnet.so
7fcce800c000-7fcce801a000 r-xp 00004000 07:25 5204                       /usr/lib/jvm/java-13-openjdk-amd64/lib/libnet.so
7fcce801a000-7fcce801e000 r--p 00012000 07:25 5204                       /usr/lib/jvm/java-13-openjdk-amd64/lib/libnet.so
7fcce801e000-7fcce801f000 r--p 00015000 07:25 5204                       /usr/lib/jvm/java-13-openjdk-amd64/lib/libnet.so
7fcce801f000-7fcce8020000 rw-p 00016000 07:25 5204                       /usr/lib/jvm/java-13-openjdk-amd64/lib/libnet.so
7fcce8020000-7fcce8027000 r--p 00000000 07:25 5205                       /usr/lib/jvm/java-13-openjdk-amd64/lib/libnio.so
7fcce8027000-7fcce8030000 r-xp 00007000 07:25 5205                       /usr/lib/jvm/java-13-openjdk-amd64/lib/libnio.so
7fcce8030000-7fcce8034000 r--p 00010000 07:25 5205                       /usr/lib/jvm/java-13-openjdk-amd64/lib/libnio.so
7fcce8034000-7fcce8035000 r--p 00013000 07:25 5205                       /usr/lib/jvm/java-13-openjdk-amd64/lib/libnio.so
7fcce8035000-7fcce8036000 rw-p 00014000 07:25 5205                       /usr/lib/jvm/java-13-openjdk-amd64/lib/libnio.so
7fcce8036000-7fcce803d000 r--s 00000000 07:25 8532                       /usr/lib/x86_64-linux-gnu/gconv/gconv-modules.cache
7fcce803d000-7fcce806f000 r--p 00000000 07:25 5276                       /usr/lib/locale/C.UTF-8/LC_CTYPE
7fcce806f000-7fcce8b87000 rw-p 00000000 00:00 0 
7fcce8b87000-7fccea9ce000 ---p 00000000 00:00 0 
7fccea9ce000-7fccea9d3000 rw-p 00000000 00:00 0 
7fccea9d3000-7fcceaab9000 ---p 00000000 00:00 0 
7fcceaab9000-7fcceaac6000 rw-p 00000000 00:00 0 
7fcceaac6000-7fcceaba4000 ---p 00000000 00:00 0 
7fcceaba4000-7fcceaba9000 rw-p 00000000 00:00 0 
7fcceaba9000-7fcceabb0000 ---p 00000000 00:00 0 
7fcceabb0000-7fcceabb2000 r--p 00000000 07:25 5214                       /usr/lib/jvm/java-13-openjdk-amd64/lib/libzip.so
7fcceabb2000-7fcceabb6000 r-xp 00002000 07:25 5214                       /usr/lib/jvm/java-13-openjdk-amd64/lib/libzip.so
7fcceabb6000-7fcceabb8000 r--p 00006000 07:25 5214                       /usr/lib/jvm/java-13-openjdk-amd64/lib/libzip.so
7fcceabb8000-7fcceabb9000 r--p 00007000 07:25 5214                       /usr/lib/jvm/java-13-openjdk-amd64/lib/libzip.so
7fcceabb9000-7fcceabba000 rw-p 00008000 07:25 5214                       /usr/lib/jvm/java-13-openjdk-amd64/lib/libzip.so
7fcceabba000-7fcceabc2000 rw-s 00000000 08:03 67915663                   /tmp/hsperfdata_rcabanas/62909
7fcceabc2000-7fcceabc5000 r--p 00000000 07:25 9108                       /usr/lib/x86_64-linux-gnu/libnss_files-2.31.so
7fcceabc5000-7fcceabcc000 r-xp 00003000 07:25 9108                       /usr/lib/x86_64-linux-gnu/libnss_files-2.31.so
7fcceabcc000-7fcceabce000 r--p 0000a000 07:25 9108                       /usr/lib/x86_64-linux-gnu/libnss_files-2.31.so
7fcceabce000-7fcceabcf000 r--p 0000b000 07:25 9108                       /usr/lib/x86_64-linux-gnu/libnss_files-2.31.so
7fcceabcf000-7fcceabd0000 rw-p 0000c000 07:25 9108                       /usr/lib/x86_64-linux-gnu/libnss_files-2.31.so
7fcceabd0000-7fcceabd6000 rw-p 00000000 00:00 0 
7fcceabdc000-7fcceabde000 r--p 00000000 07:25 5195                       /usr/lib/jvm/java-13-openjdk-amd64/lib/libjimage.so
7fcceabde000-7fcceabe1000 r-xp 00002000 07:25 5195                       /usr/lib/jvm/java-13-openjdk-amd64/lib/libjimage.so
7fcceabe1000-7fcceabe2000 r--p 00005000 07:25 5195                       /usr/lib/jvm/java-13-openjdk-amd64/lib/libjimage.so
7fcceabe2000-7fcceabe3000 ---p 00006000 07:25 5195                       /usr/lib/jvm/java-13-openjdk-amd64/lib/libjimage.so
7fcceabe3000-7fcceabe4000 r--p 00006000 07:25 5195                       /usr/lib/jvm/java-13-openjdk-amd64/lib/libjimage.so
7fcceabe4000-7fcceabe5000 rw-p 00007000 07:25 5195                       /usr/lib/jvm/java-13-openjdk-amd64/lib/libjimage.so
7fcceabe5000-7fcceabf2000 r--p 00000000 07:25 5191                       /usr/lib/jvm/java-13-openjdk-amd64/lib/libjava.so
7fcceabf2000-7fcceac07000 r-xp 0000d000 07:25 5191                       /usr/lib/jvm/java-13-openjdk-amd64/lib/libjava.so
7fcceac07000-7fcceac0d000 r--p 00022000 07:25 5191                       /usr/lib/jvm/java-13-openjdk-amd64/lib/libjava.so
7fcceac0d000-7fcceac0e000 ---p 00028000 07:25 5191                       /usr/lib/jvm/java-13-openjdk-amd64/lib/libjava.so
7fcceac0e000-7fcceac0f000 r--p 00028000 07:25 5191                       /usr/lib/jvm/java-13-openjdk-amd64/lib/libjava.so
7fcceac0f000-7fcceac11000 rw-p 00029000 07:25 5191                       /usr/lib/jvm/java-13-openjdk-amd64/lib/libjava.so
7fcceac11000-7fcceac16000 r--p 00000000 07:25 5213                       /usr/lib/jvm/java-13-openjdk-amd64/lib/libverify.so
7fcceac16000-7fcceac1d000 r-xp 00005000 07:25 5213                       /usr/lib/jvm/java-13-openjdk-amd64/lib/libverify.so
7fcceac1d000-7fcceac1f000 r--p 0000c000 07:25 5213                       /usr/lib/jvm/java-13-openjdk-amd64/lib/libverify.so
7fcceac1f000-7fcceac20000 ---p 0000e000 07:25 5213                       /usr/lib/jvm/java-13-openjdk-amd64/lib/libverify.so
7fcceac20000-7fcceac22000 r--p 0000e000 07:25 5213                       /usr/lib/jvm/java-13-openjdk-amd64/lib/libverify.so
7fcceac22000-7fcceac23000 rw-p 00010000 07:25 5213                       /usr/lib/jvm/java-13-openjdk-amd64/lib/libverify.so
7fcceac23000-7fcceac27000 ---p 00000000 00:00 0 
7fcceac27000-7fccead24000 rw-p 00000000 00:00 0 
7fccead24000-7fccead27000 r--p 00000000 07:25 8948                       /usr/lib/x86_64-linux-gnu/libgcc_s.so.1
7fccead27000-7fccead39000 r-xp 00003000 07:25 8948                       /usr/lib/x86_64-linux-gnu/libgcc_s.so.1
7fccead39000-7fccead3d000 r--p 00015000 07:25 8948                       /usr/lib/x86_64-linux-gnu/libgcc_s.so.1
7fccead3d000-7fccead3e000 r--p 00018000 07:25 8948                       /usr/lib/x86_64-linux-gnu/libgcc_s.so.1
7fccead3e000-7fccead3f000 rw-p 00019000 07:25 8948                       /usr/lib/x86_64-linux-gnu/libgcc_s.so.1
7fccead3f000-7fccead4c000 r--p 00000000 07:25 9062                       /usr/lib/x86_64-linux-gnu/libm-2.31.so
7fccead4c000-7fcceadf3000 r-xp 0000d000 07:25 9062                       /usr/lib/x86_64-linux-gnu/libm-2.31.so
7fcceadf3000-7fcceae8c000 r--p 000b4000 07:25 9062                       /usr/lib/x86_64-linux-gnu/libm-2.31.so
7fcceae8c000-7fcceae8d000 r--p 0014c000 07:25 9062                       /usr/lib/x86_64-linux-gnu/libm-2.31.so
7fcceae8d000-7fcceae8e000 rw-p 0014d000 07:25 9062                       /usr/lib/x86_64-linux-gnu/libm-2.31.so
7fcceae8e000-7fcceaf24000 r--p 00000000 07:25 9213                       /usr/lib/x86_64-linux-gnu/libstdc++.so.6.0.28
7fcceaf24000-7fcceb015000 r-xp 00096000 07:25 9213                       /usr/lib/x86_64-linux-gnu/libstdc++.so.6.0.28
7fcceb015000-7fcceb05e000 r--p 00187000 07:25 9213                       /usr/lib/x86_64-linux-gnu/libstdc++.so.6.0.28
7fcceb05e000-7fcceb05f000 ---p 001d0000 07:25 9213                       /usr/lib/x86_64-linux-gnu/libstdc++.so.6.0.28
7fcceb05f000-7fcceb06a000 r--p 001d0000 07:25 9213                       /usr/lib/x86_64-linux-gnu/libstdc++.so.6.0.28
7fcceb06a000-7fcceb06d000 rw-p 001db000 07:25 9213                       /usr/lib/x86_64-linux-gnu/libstdc++.so.6.0.28
7fcceb06d000-7fcceb070000 rw-p 00000000 00:00 0 
7fcceb070000-7fcceb2f6000 r--p 00000000 07:25 5226                       /usr/lib/jvm/java-13-openjdk-amd64/lib/server/libjvm.so
7fcceb2f6000-7fccec073000 r-xp 00286000 07:25 5226                       /usr/lib/jvm/java-13-openjdk-amd64/lib/server/libjvm.so
7fccec073000-7fccec2ee000 r--p 01003000 07:25 5226                       /usr/lib/jvm/java-13-openjdk-amd64/lib/server/libjvm.so
7fccec2ee000-7fccec3b3000 r--p 0127d000 07:25 5226                       /usr/lib/jvm/java-13-openjdk-amd64/lib/server/libjvm.so
7fccec3b3000-7fccec3ee000 rw-p 01342000 07:25 5226                       /usr/lib/jvm/java-13-openjdk-amd64/lib/server/libjvm.so
7fccec3ee000-7fccec474000 rw-p 00000000 00:00 0 
7fccec474000-7fccec47a000 r--p 00000000 07:25 9166                       /usr/lib/x86_64-linux-gnu/libpthread-2.31.so
7fccec47a000-7fccec48b000 r-xp 00006000 07:25 9166                       /usr/lib/x86_64-linux-gnu/libpthread-2.31.so
7fccec48b000-7fccec491000 r--p 00017000 07:25 9166                       /usr/lib/x86_64-linux-gnu/libpthread-2.31.so
7fccec491000-7fccec492000 r--p 0001c000 07:25 9166                       /usr/lib/x86_64-linux-gnu/libpthread-2.31.so
7fccec492000-7fccec493000 rw-p 0001d000 07:25 9166                       /usr/lib/x86_64-linux-gnu/libpthread-2.31.so
7fccec493000-7fccec497000 rw-p 00000000 00:00 0 
7fccec497000-7fccec498000 r--p 00000000 07:25 8893                       /usr/lib/x86_64-linux-gnu/libdl-2.31.so
7fccec498000-7fccec49a000 r-xp 00001000 07:25 8893                       /usr/lib/x86_64-linux-gnu/libdl-2.31.so
7fccec49a000-7fccec49b000 r--p 00003000 07:25 8893                       /usr/lib/x86_64-linux-gnu/libdl-2.31.so
7fccec49b000-7fccec49c000 r--p 00003000 07:25 8893                       /usr/lib/x86_64-linux-gnu/libdl-2.31.so
7fccec49c000-7fccec49d000 rw-p 00004000 07:25 8893                       /usr/lib/x86_64-linux-gnu/libdl-2.31.so
7fccec49d000-7fccec49f000 r--p 00000000 07:25 9290                       /usr/lib/x86_64-linux-gnu/libz.so.1.2.11
7fccec49f000-7fccec4b0000 r-xp 00002000 07:25 9290                       /usr/lib/x86_64-linux-gnu/libz.so.1.2.11
7fccec4b0000-7fccec4b6000 r--p 00013000 07:25 9290                       /usr/lib/x86_64-linux-gnu/libz.so.1.2.11
7fccec4b6000-7fccec4b7000 ---p 00019000 07:25 9290                       /usr/lib/x86_64-linux-gnu/libz.so.1.2.11
7fccec4b7000-7fccec4b8000 r--p 00019000 07:25 9290                       /usr/lib/x86_64-linux-gnu/libz.so.1.2.11
7fccec4b8000-7fccec4b9000 rw-p 0001a000 07:25 9290                       /usr/lib/x86_64-linux-gnu/libz.so.1.2.11
7fccec4b9000-7fccec4db000 r--p 00000000 07:25 8851                       /usr/lib/x86_64-linux-gnu/libc-2.31.so
7fccec4db000-7fccec653000 r-xp 00022000 07:25 8851                       /usr/lib/x86_64-linux-gnu/libc-2.31.so
7fccec653000-7fccec6a1000 r--p 0019a000 07:25 8851                       /usr/lib/x86_64-linux-gnu/libc-2.31.so
7fccec6a1000-7fccec6a5000 r--p 001e7000 07:25 8851                       /usr/lib/x86_64-linux-gnu/libc-2.31.so
7fccec6a5000-7fccec6a7000 rw-p 001eb000 07:25 8851                       /usr/lib/x86_64-linux-gnu/libc-2.31.so
7fccec6a7000-7fccec6ab000 rw-p 00000000 00:00 0 
7fccec6ad000-7fccec6af000 r--s 0000c000 07:25 20930                      /usr/share/java/java-atk-wrapper.jar
7fccec6af000-7fccec6b0000 ---p 00000000 00:00 0 
7fccec6b0000-7fccec6b1000 r--p 00000000 00:00 0 
7fccec6b1000-7fccec6b4000 r--p 00000000 07:25 5196                       /usr/lib/jvm/java-13-openjdk-amd64/lib/libjli.so
7fccec6b4000-7fccec6be000 r-xp 00003000 07:25 5196                       /usr/lib/jvm/java-13-openjdk-amd64/lib/libjli.so
7fccec6be000-7fccec6c1000 r--p 0000d000 07:25 5196                       /usr/lib/jvm/java-13-openjdk-amd64/lib/libjli.so
7fccec6c1000-7fccec6c2000 r--p 0000f000 07:25 5196                       /usr/lib/jvm/java-13-openjdk-amd64/lib/libjli.so
7fccec6c2000-7fccec6c3000 rw-p 00010000 07:25 5196                       /usr/lib/jvm/java-13-openjdk-amd64/lib/libjli.so
7fccec6c3000-7fccec6c5000 rw-p 00000000 00:00 0 
7fccec6c5000-7fccec6c6000 r--p 00000000 07:25 8572                       /usr/lib/x86_64-linux-gnu/ld-2.31.so
7fccec6c6000-7fccec6e9000 r-xp 00001000 07:25 8572                       /usr/lib/x86_64-linux-gnu/ld-2.31.so
7fccec6e9000-7fccec6f1000 r--p 00024000 07:25 8572                       /usr/lib/x86_64-linux-gnu/ld-2.31.so
7fccec6f1000-7fccec6f2000 ---p 00000000 00:00 0 
7fccec6f2000-7fccec6f3000 r--p 0002c000 07:25 8572                       /usr/lib/x86_64-linux-gnu/ld-2.31.so
7fccec6f3000-7fccec6f4000 rw-p 0002d000 07:25 8572                       /usr/lib/x86_64-linux-gnu/ld-2.31.so
7fccec6f4000-7fccec6f5000 rw-p 00000000 00:00 0 
7ffe09e90000-7ffe09eb1000 rw-p 00000000 00:00 0                          [stack]
7ffe09f98000-7ffe09f9a000 r-xp 00000000 00:00 0                          [vdso]
ffffffffff600000-ffffffffff601000 r-xp 00000000 00:00 0                  [vsyscall]


VM Arguments:
jvm_args: --add-modules=ALL-DEFAULT 
java_command: jdk.compiler/com.sun.tools.javac.launcher.Main /mnt/beegfs/rcabanas/dev/credici/papers/journalEM/code/RunSingleEM.java --maxiter 200 -w -b --seed 50 --output /mnt/beegfs/rcabanas/dev/credici/papers/journalEM/output/triangolo_biashard/1000 -d /mnt/beegfs/rcabanas/dev/credici/papers/journalEM/data/triangolo_data_d1000.csv --debug /mnt/beegfs/rcabanas/dev/credici/papers/journalEM/models/triangolo_biashard.uai
java_class_path (initial): /mnt/beegfs/rcabanas/dev/credici/target/credici-0.1.3-jar-with-dependencies.jar
Launcher Type: SUN_STANDARD

[Global flags]
     intx CICompilerCount                          = 2                                         {product} {ergonomic}
   size_t InitialHeapSize                          = 2147483648                                {product} {ergonomic}
   size_t MaxHeapSize                              = 32210157568                               {product} {ergonomic}
   size_t MaxNewSize                               = 10736697344                               {product} {ergonomic}
   size_t MinHeapDeltaBytes                        = 196608                                    {product} {ergonomic}
   size_t MinHeapSize                              = 8388608                                   {product} {ergonomic}
   size_t NewSize                                  = 715784192                                 {product} {ergonomic}
    uintx NonNMethodCodeHeapSize                   = 5826188                                {pd product} {ergonomic}
    uintx NonProfiledCodeHeapSize                  = 122916026                              {pd product} {ergonomic}
   size_t OldSize                                  = 1431699456                                {product} {ergonomic}
    uintx ProfiledCodeHeapSize                     = 122916026                              {pd product} {ergonomic}
    uintx ReservedCodeCacheSize                    = 251658240                              {pd product} {ergonomic}
     bool SegmentedCodeCache                       = true                                      {product} {ergonomic}
   size_t SoftMaxHeapSize                          = 32210157568                            {manageable} {ergonomic}
     bool UseCompressedClassPointers               = true                                 {lp64_product} {ergonomic}
     bool UseCompressedOops                        = true                                 {lp64_product} {ergonomic}
     bool UseSerialGC                              = true                                      {product} {ergonomic}

Logging:
Log output configuration:
 #0: stdout all=warning uptime,level,tags
 #1: stderr all=off uptime,level,tags

Environment Variables:
PATH=/usr/local/sbin:/usr/local/bin:/usr/sbin:/usr/bin:/sbin:/bin
LD_LIBRARY_PATH=/.singularity.d/libs

Signal Handlers:
SIGSEGV: [libjvm.so+0xf8fcf0], sa_mask[0]=11111111011111111101111111111110, sa_flags=SA_RESTART|SA_SIGINFO
SIGBUS: [libjvm.so+0xf8fcf0], sa_mask[0]=11111111011111111101111111111110, sa_flags=SA_RESTART|SA_SIGINFO
SIGFPE: [libjvm.so+0xf8fcf0], sa_mask[0]=11111111011111111101111111111110, sa_flags=SA_RESTART|SA_SIGINFO
SIGPIPE: [libjvm.so+0xc3ffa0], sa_mask[0]=11111111011111111101111111111110, sa_flags=SA_RESTART|SA_SIGINFO
SIGXFSZ: [libjvm.so+0xc3ffa0], sa_mask[0]=11111111011111111101111111111110, sa_flags=SA_RESTART|SA_SIGINFO
SIGILL: [libjvm.so+0xf8fcf0], sa_mask[0]=11111111011111111101111111111110, sa_flags=SA_RESTART|SA_SIGINFO
SIGUSR2: [libjvm.so+0xc3fe40], sa_mask[0]=00000000000000000000000000000000, sa_flags=SA_RESTART|SA_SIGINFO
SIGHUP: [libjvm.so+0xc40580], sa_mask[0]=11111111011111111101111111111110, sa_flags=SA_RESTART|SA_SIGINFO
SIGINT: [libjvm.so+0xc40580], sa_mask[0]=11111111011111111101111111111110, sa_flags=SA_RESTART|SA_SIGINFO
SIGTERM: [libjvm.so+0xc40580], sa_mask[0]=11111111011111111101111111111110, sa_flags=SA_RESTART|SA_SIGINFO
SIGQUIT: [libjvm.so+0xc40580], sa_mask[0]=11111111011111111101111111111110, sa_flags=SA_RESTART|SA_SIGINFO


---------------  S Y S T E M  ---------------

OS:DISTRIB_ID=Ubuntu
DISTRIB_RELEASE=20.04
DISTRIB_CODENAME=focal
DISTRIB_DESCRIPTION="Ubuntu 20.04.4 LTS"
uname:Linux 3.10.0-1160.15.2.el7.x86_64 #1 SMP Wed Feb 3 15:06:38 UTC 2021 x86_64
OS uptime: 431 days 11:08 hours
libc:glibc 2.31 NPTL 2.31 
rlimit (soft/hard): STACK 8192k/infinity , CORE 0k/infinity , NPROC 4096/1030217 , NOFILE 131072/131072 , AS infinity/infinity , CPU infinity/infinity , DATA infinity/infinity , FSIZE infinity/infinity , MEMLOCK infinity/infinity
load average:47.79 47.76 47.87

/proc/meminfo:
MemTotal:       263895364 kB
MemFree:          635852 kB
MemAvailable:     111904 kB
Buffers:           28364 kB
Cached:           100968 kB
SwapCached:       107864 kB
Active:         246174824 kB
Inactive:        7710800 kB
Active(anon):   246130172 kB
Inactive(anon):  7657340 kB
Active(file):      44652 kB
Inactive(file):    53460 kB
Unevictable:       21080 kB
Mlocked:           21080 kB
SwapTotal:       4194300 kB
SwapFree:              8 kB
Dirty:               756 kB
Writeback:             0 kB
AnonPages:      253676212 kB
Mapped:            41080 kB
Shmem:             22252 kB
Slab:             745540 kB
SReclaimable:     169700 kB
SUnreclaim:       575840 kB
KernelStack:       37616 kB
PageTables:       545440 kB
NFS_Unstable:          0 kB
Bounce:                0 kB
WritebackTmp:          0 kB
CommitLimit:    136141980 kB
Committed_AS:   284767360 kB
VmallocTotal:   34359738367 kB
VmallocUsed:      862368 kB
VmallocChunk:   34222409240 kB
Percpu:            22016 kB
HardwareCorrupted:     0 kB
AnonHugePages:  159348736 kB
CmaTotal:              0 kB
CmaFree:               0 kB
HugePages_Total:       0
HugePages_Free:        0
HugePages_Rsvd:        0
HugePages_Surp:        0
Hugepagesize:       2048 kB
DirectMap4k:      505448 kB
DirectMap2M:    20328448 kB
DirectMap1G:    247463936 kB

/sys/kernel/mm/transparent_hugepage/enabled:
[always] madvise never

/sys/kernel/mm/transparent_hugepage/defrag (defrag/compaction efforts parameter):
[always] madvise never


/proc/sys/kernel/threads-max (system-wide limit on the number of threads):
2060435


/proc/sys/vm/max_map_count (maximum number of memory map areas a process may have):
65530


/proc/sys/kernel/pid_max (system-wide limit on number of process identifiers):
65536



Steal ticks since vm start: 0
Steal ticks percentage since vm start:  0.000

CPU:total 64 (initial active 1) (32 cores per cpu, 1 threads per core) family 23 model 49 stepping 0, cmov, cx8, fxsr, mmx, sse, sse2, sse3, ssse3, sse4.1, sse4.2, popcnt, avx, avx2, aes, clmul, mmxext, 3dnowpref, lzcnt, sse4a, tsc, tscinvbit, tscinv, bmi1, bmi2, adx, sha, fma
CPU Model and flags from /proc/cpuinfo:
model name	: AMD EPYC 7542 32-Core Processor
flags		: fpu vme de pse tsc msr pae mce cx8 apic sep mtrr pge mca cmov pat pse36 clflush mmx fxsr sse sse2 ht syscall nx mmxext fxsr_opt pdpe1gb rdtscp lm constant_tsc art rep_good nopl nonstop_tsc extd_apicid aperfmperf eagerfpu pni pclmulqdq monitor ssse3 fma cx16 sse4_1 sse4_2 movbe popcnt aes xsave avx f16c rdrand lahf_lm cmp_legacy svm extapic cr8_legacy abm sse4a misalignsse 3dnowprefetch osvw ibs skinit wdt tce topoext perfctr_core perfctr_nb bpext perfctr_l2 cpb cat_l3 cdp_l3 hw_pstate sme retpoline_amd ssbd ibrs ibpb stibp vmmcall fsgsbase bmi1 avx2 smep bmi2 cqm rdt_a rdseed adx smap clflushopt clwb sha_ni xsaveopt xsavec xgetbv1 cqm_llc cqm_occup_llc cqm_mbm_total cqm_mbm_local clzero irperf xsaveerptr arat npt lbrv svm_lock nrip_save tsc_scale vmcb_clean flushbyasid decodeassists pausefilter pfthreshold avic v_vmsave_vmload vgif umip overflow_recov succor smca
Online cpus:0-63
Offline cpus:
BIOS frequency limitation:2900000
Frequency switch latency (ns):0
Available cpu frequencies:2900000 2400000 1500000 
Current governor:conservative
Core performance/turbo boost:1

Memory: 4k page, physical 263895364k(635324k free), swap 4194300k(8k free)

vm_info: OpenJDK 64-Bit Server VM (13.0.7+5-Ubuntu-0ubuntu120.04) for linux-amd64 JRE (13.0.7+5-Ubuntu-0ubuntu120.04), built on Apr 21 2021 05:36:19 by "unknown" with gcc 9.3.0

END.
