bronc
CCALP
['asiapns.py', 'bronc', 'CCALP']
/mnt/beegfs/rcabanas/dev/credici
/mnt/beegfs/rcabanas/dev/credici/papers/journalEM
/mnt/beegfs/rcabanas/dev/credici/papers/journalEM/output
/mnt/beegfs/rcabanas/dev/credici/papers/journalEM/models
/mnt/beegfs/rcabanas/dev/credici/target/credici-0.1.5-dev-SNAPSHOT-jar-with-dependencies.jar
/mnt/beegfs/rcabanas/dev/credici/papers/journalEM/code/AsiaPNS.java
run java
java -Xmx64g -cp /mnt/beegfs/rcabanas/dev/credici/target/credici-0.1.5-dev-SNAPSHOT-jar-with-dependencies.jar /mnt/beegfs/rcabanas/dev/credici/papers/journalEM/code/AsiaPNS.java -rw --debug -x 400 -m 500 -a CCALP --seed 0 --output /mnt/beegfs/rcabanas/dev/credici/papers/journalEM/output/literature --cause bronc /mnt/beegfs/rcabanas/dev/credici/papers/journalEM/models/literature
[2023-07-07T16:00:35.550237][INFO][asia_CCALP_bronc_dysp_0] Set up logging
[2023-07-07T16:00:35.560238][INFO][asia_CCALP_bronc_dysp_0] args: -rw;--debug;-x;400;-m;500;-a;CCALP;--seed;0;--output;/mnt/beegfs/rcabanas/dev/credici/papers/journalEM/output/literature;--cause;bronc;/mnt/beegfs/rcabanas/dev/credici/papers/journalEM/models/literature
[2023-07-07T16:00:35.560733][INFO][asia_CCALP_bronc_dysp_0] Loading model from/mnt/beegfs/rcabanas/dev/credici/papers/journalEM/models/literature/asia.uai

[2023-07-07T16:00:36.390354][INFO][asia_CCALP_bronc_dysp_0] Built markovian model
[2023-07-07T16:00:36.403618][DEBUG][asia_CCALP_bronc_dysp_0] X=1 (bronc), Y=2 (dysp)
[2023-07-07T16:00:36.621413][DEBUG][asia_CCALP_bronc_dysp_0] Max llk: -11137.911690537301
[2023-07-07T16:00:36.621786][INFO][asia_CCALP_bronc_dysp_0] Starting learning
[2023-07-07T16:00:36.817724][INFO][asia_CCALP_bronc_dysp_0] Learning finished in 190.ms
[2023-07-07T16:00:46.878574][INFO][asia_CCALP_bronc_dysp_0] Inference finished  in 10060.ms
[2023-07-07T16:00:46.896950][INFO][asia_CCALP_bronc_dysp_0] PNS(bronc,dysp) = [0.5444896089501104,0.7588080289468564]	 (CCALP)
[2023-07-07T16:00:46.904686][DEBUG][asia_CCALP_bronc_dysp_0] -method =	CCALP
[2023-07-07T16:00:46.905082][DEBUG][asia_CCALP_bronc_dysp_0] -pns_u =	0.7588080289468564
[2023-07-07T16:00:46.905170][DEBUG][asia_CCALP_bronc_dysp_0] -max_llk =	-11137.911690537301
[2023-07-07T16:00:46.905299][DEBUG][asia_CCALP_bronc_dysp_0] -effect =	dysp
[2023-07-07T16:00:46.905411][DEBUG][asia_CCALP_bronc_dysp_0] -pns_0 =	0.5444896089501104
[2023-07-07T16:00:46.905508][DEBUG][asia_CCALP_bronc_dysp_0] -pns_1 =	0.7588080289468564
[2023-07-07T16:00:46.905609][DEBUG][asia_CCALP_bronc_dysp_0] -time_learn =	190.0
[2023-07-07T16:00:46.905730][DEBUG][asia_CCALP_bronc_dysp_0] -cause =	bronc
[2023-07-07T16:00:46.905815][DEBUG][asia_CCALP_bronc_dysp_0] -pns_l =	0.5444896089501104
[2023-07-07T16:00:46.905915][DEBUG][asia_CCALP_bronc_dysp_0] -time_inf =	10060.0
[2023-07-07T16:00:46.906263][INFO][asia_CCALP_bronc_dysp_0] Saving info at:/mnt/beegfs/rcabanas/dev/credici/papers/journalEM/output/literature/asia_CCALP_bronc_dysp_0.csv
[2023-07-07T16:00:46.919580][INFO][asia_CCALP_bronc_dysp_0] Closing log file
[2023-07-07T16:00:46.919908][INFO][asia_CCALP_bronc_dysp_0] Closed log file
