smoke
CCVE
['asiapns.py', 'smoke', 'CCVE']
/mnt/beegfs/rcabanas/dev/credici
/mnt/beegfs/rcabanas/dev/credici/papers/journalEM
/mnt/beegfs/rcabanas/dev/credici/papers/journalEM/output
/mnt/beegfs/rcabanas/dev/credici/papers/journalEM/models
/mnt/beegfs/rcabanas/dev/credici/target/credici-0.1.5-dev-SNAPSHOT-jar-with-dependencies.jar
/mnt/beegfs/rcabanas/dev/credici/papers/journalEM/code/AsiaPNS.java
run java
java -Xmx64g -cp /mnt/beegfs/rcabanas/dev/credici/target/credici-0.1.5-dev-SNAPSHOT-jar-with-dependencies.jar /mnt/beegfs/rcabanas/dev/credici/papers/journalEM/code/AsiaPNS.java -rw --debug -x 300 -m 500 -a CCVE --seed 0 --output /mnt/beegfs/rcabanas/dev/credici/papers/journalEM/output/literature --cause smoke /mnt/beegfs/rcabanas/dev/credici/papers/journalEM/models/literature
[2023-06-08T14:45:57.233155][INFO][asia_CCVE_smoke_dysp] Set up logging
[2023-06-08T14:45:57.263886][INFO][asia_CCVE_smoke_dysp] args: -rw;--debug;-x;300;-m;500;-a;CCVE;--seed;0;--output;/mnt/beegfs/rcabanas/dev/credici/papers/journalEM/output/literature;--cause;smoke;/mnt/beegfs/rcabanas/dev/credici/papers/journalEM/models/literature
[2023-06-08T14:45:57.264955][INFO][asia_CCVE_smoke_dysp] Loading model from/mnt/beegfs/rcabanas/dev/credici/papers/journalEM/models/literature/asia.uai

[2023-06-08T14:45:57.823620][INFO][asia_CCVE_smoke_dysp] Built markovian model
[2023-06-08T14:45:57.837804][DEBUG][asia_CCVE_smoke_dysp] X=0 (smoke), Y=2 (dysp)
[2023-06-08T14:45:57.957802][DEBUG][asia_CCVE_smoke_dysp] Max llk: -2293.283258511405
[2023-06-08T14:45:57.958274][INFO][asia_CCVE_smoke_dysp] Starting learning
[2023-06-08T14:45:59.697130][INFO][asia_CCVE_smoke_dysp] Learning finished in 1724.ms
slurmstepd: error: *** JOB 86302 ON nodo18 CANCELLED AT 2023-06-08T16:46:50 ***
