lung
CCVE
['asiapns.py', 'lung', 'CCVE']
/mnt/beegfs/rcabanas/dev/credici
/mnt/beegfs/rcabanas/dev/credici/papers/journalEM
/mnt/beegfs/rcabanas/dev/credici/papers/journalEM/output
/mnt/beegfs/rcabanas/dev/credici/papers/journalEM/models
/mnt/beegfs/rcabanas/dev/credici/target/credici-0.1.5-dev-SNAPSHOT-jar-with-dependencies.jar
/mnt/beegfs/rcabanas/dev/credici/papers/journalEM/code/AsiaPNS.java
run java
java -Xmx64g -cp /mnt/beegfs/rcabanas/dev/credici/target/credici-0.1.5-dev-SNAPSHOT-jar-with-dependencies.jar /mnt/beegfs/rcabanas/dev/credici/papers/journalEM/code/AsiaPNS.java -rw --debug -x 300 -m 500 -a CCVE --seed 0 --output /mnt/beegfs/rcabanas/dev/credici/papers/journalEM/output/literature --cause lung /mnt/beegfs/rcabanas/dev/credici/papers/journalEM/models/literature
[2023-06-13T09:34:19.588570][INFO][asia_CCVE_lung_dysp] Set up logging
[2023-06-13T09:34:19.614663][INFO][asia_CCVE_lung_dysp] args: -rw;--debug;-x;300;-m;500;-a;CCVE;--seed;0;--output;/mnt/beegfs/rcabanas/dev/credici/papers/journalEM/output/literature;--cause;lung;/mnt/beegfs/rcabanas/dev/credici/papers/journalEM/models/literature
[2023-06-13T09:34:19.615483][INFO][asia_CCVE_lung_dysp] Loading model from/mnt/beegfs/rcabanas/dev/credici/papers/journalEM/models/literature/asia.uai

[2023-06-13T09:34:20.122616][INFO][asia_CCVE_lung_dysp] Built markovian model
[2023-06-13T09:34:20.134335][DEBUG][asia_CCVE_lung_dysp] X=4 (lung), Y=2 (dysp)
[2023-06-13T09:34:20.237207][DEBUG][asia_CCVE_lung_dysp] Max llk: -2293.283258511405
[2023-06-13T09:34:20.237546][INFO][asia_CCVE_lung_dysp] Starting learning
Removed 000
Removed 000
Removed 000
Removed 000
Removed 000
Removed 000
Removed 000
Removed 000
Removed 000
Removed 000
Removed 000
Removed 000
Removed 000
Removed 000
Removed 000
Removed 000
Removed 000
Removed 000
Removed 000
Removed 000
Removed 000
Removed 000
Removed 000
Removed 000
Removed 000
Removed 000
Removed 000
Removed 000
Removed 000
Removed 000
Removed 000
Removed 000
Removed 000
Removed 000
Removed 000
Removed 000
Removed 000
Removed 000
Removed 000
Removed 000
Removed 000
Removed 000
Removed 000
Removed 000
Removed 000
Removed 000
Removed 000
Removed 000
Removed 000
Removed 000
Removed 000
Removed 000
Removed 000
Removed 000
Removed 000
Removed 000
Removed 000
Removed 000
Removed 000
Removed 000
Removed 000
Removed 000
Removed 000
Removed 000
Removed 000
Removed 000
Removed 000
Removed 000
Removed 000
Removed 000
Removed 000
Removed 000
Removed 000
Removed 000
Removed 000
Removed 000
Removed 000
Removed 000
Removed 000
Removed 000
Removed 000
Removed 000
Removed 000
Removed 000
Removed 000
Removed 000
Removed 000
Removed 000
Removed 000
Removed 000
Removed 000
Removed 000
Removed 000
Removed 000
Removed 000
Removed 000
Removed 000
Removed 000
Error in variable: 10
[2023-06-13T09:34:21.334434][SEVERE][asia_CCVE_lung_dysp] org.apache.commons.math3.optim.linear.NoFeasibleSolutionException: no feasible solution
[2023-06-13T09:34:21.337153][INFO][asia_CCVE_lung_dysp] Closing log file
[2023-06-13T09:34:21.337304][INFO][asia_CCVE_lung_dysp] Closed log file
