
7
['generatemodels.py', '7', '115']
['generatemodels.py', '7', '104']
['generatemodels.py', '7', '107']
['generatemodels.py', '7', '191']
['generatemodels.py', '7', '171']
Running generatemodels.py
numnodes=7
seed=115
/mnt/beegfs/rcabanas/dev/credici
/mnt/beegfs/rcabanas/dev/credici/papers/journalEM
/mnt/beegfs/rcabanas/dev/credici/papers/journalEM/output_test
/mnt/beegfs/rcabanas/dev/credici/papers/journalEM/models
/mnt/beegfs/rcabanas/dev/credici/target/credici-0.1.5-jar-with-dependencies.jar
/mnt/beegfs/rcabanas/dev/credici/papers/journalEM/code/GenerateModel.java
run java
java -Xmx64g -cp /mnt/beegfs/rcabanas/dev/credici/target/credici-0.1.5-jar-with-dependencies.jar /mnt/beegfs/rcabanas/dev/credici/papers/journalEM/code/GenerateModel.java -n 7 -d 1000 -di 0.5 -mr 0.98 -r 1.0 --seed 115 --output /mnt/beegfs/rcabanas/dev/credici/papers/journalEM/models/synthetic/s3/ --debug 
Running generatemodels.py
numnodes=7
seed=104
/mnt/beegfs/rcabanas/dev/credici
/mnt/beegfs/rcabanas/dev/credici/papers/journalEM
/mnt/beegfs/rcabanas/dev/credici/papers/journalEM/output_test
/mnt/beegfs/rcabanas/dev/credici/papers/journalEM/models
/mnt/beegfs/rcabanas/dev/credici/target/credici-0.1.5-jar-with-dependencies.jar
/mnt/beegfs/rcabanas/dev/credici/papers/journalEM/code/GenerateModel.java
run java
java -Xmx64g -cp /mnt/beegfs/rcabanas/dev/credici/target/credici-0.1.5-jar-with-dependencies.jar /mnt/beegfs/rcabanas/dev/credici/papers/journalEM/code/GenerateModel.java -n 7 -d 1000 -di 0.5 -mr 0.98 -r 1.0 --seed 104 --output /mnt/beegfs/rcabanas/dev/credici/papers/journalEM/models/synthetic/s3/ --debug 
Running generatemodels.py
Running generatemodels.py
numnodes=7
seed=107
/mnt/beegfs/rcabanas/dev/credici
Running generatemodels.py
numnodes=7
seed=191
/mnt/beegfs/rcabanas/dev/credici/papers/journalEM
numnodes=7
/mnt/beegfs/rcabanas/dev/credici
/mnt/beegfs/rcabanas/dev/credici/papers/journalEM/output_test
/mnt/beegfs/rcabanas/dev/credici/papers/journalEM/models
seed=171
/mnt/beegfs/rcabanas/dev/credici/papers/journalEM
/mnt/beegfs/rcabanas/dev/credici/target/credici-0.1.5-jar-with-dependencies.jar
/mnt/beegfs/rcabanas/dev/credici
/mnt/beegfs/rcabanas/dev/credici/papers/journalEM/output_test
/mnt/beegfs/rcabanas/dev/credici/papers/journalEM/code/GenerateModel.java
/mnt/beegfs/rcabanas/dev/credici/papers/journalEM
/mnt/beegfs/rcabanas/dev/credici/papers/journalEM/models
run java
java -Xmx64g -cp /mnt/beegfs/rcabanas/dev/credici/target/credici-0.1.5-jar-with-dependencies.jar /mnt/beegfs/rcabanas/dev/credici/papers/journalEM/code/GenerateModel.java -n 7 -d 1000 -di 0.5 -mr 0.98 -r 1.0 --seed 107 --output /mnt/beegfs/rcabanas/dev/credici/papers/journalEM/models/synthetic/s3/ --debug 
/mnt/beegfs/rcabanas/dev/credici/papers/journalEM/output_test
/mnt/beegfs/rcabanas/dev/credici/target/credici-0.1.5-jar-with-dependencies.jar
/mnt/beegfs/rcabanas/dev/credici/papers/journalEM/code/GenerateModel.java
run java
/mnt/beegfs/rcabanas/dev/credici/papers/journalEM/models
java -Xmx64g -cp /mnt/beegfs/rcabanas/dev/credici/target/credici-0.1.5-jar-with-dependencies.jar /mnt/beegfs/rcabanas/dev/credici/papers/journalEM/code/GenerateModel.java -n 7 -d 1000 -di 0.5 -mr 0.98 -r 1.0 --seed 191 --output /mnt/beegfs/rcabanas/dev/credici/papers/journalEM/models/synthetic/s3/ --debug 
/mnt/beegfs/rcabanas/dev/credici/target/credici-0.1.5-jar-with-dependencies.jar
/mnt/beegfs/rcabanas/dev/credici/papers/journalEM/code/GenerateModel.java
run java
java -Xmx64g -cp /mnt/beegfs/rcabanas/dev/credici/target/credici-0.1.5-jar-with-dependencies.jar /mnt/beegfs/rcabanas/dev/credici/papers/journalEM/code/GenerateModel.java -n 7 -d 1000 -di 0.5 -mr 0.98 -r 1.0 --seed 171 --output /mnt/beegfs/rcabanas/dev/credici/papers/journalEM/models/synthetic/s3/ --debug 
['generatemodels.py', '7', '105']
['generatemodels.py', '7', '185']
['generatemodels.py', '7', '110']
['generatemodels.py', '7', '179']
Running generatemodels.py
Running generatemodels.py
Running generatemodels.py
numnodes=7
numnodes=7
seed=110
/mnt/beegfs/rcabanas/dev/credici
numnodes=7
seed=105
/mnt/beegfs/rcabanas/dev/credici/papers/journalEM
seed=185
/mnt/beegfs/rcabanas/dev/credici
/mnt/beegfs/rcabanas/dev/credici/papers/journalEM/output_test
/mnt/beegfs/rcabanas/dev/credici
/mnt/beegfs/rcabanas/dev/credici/papers/journalEM
/mnt/beegfs/rcabanas/dev/credici/papers/journalEM/output_test
/mnt/beegfs/rcabanas/dev/credici/papers/journalEM/models
/mnt/beegfs/rcabanas/dev/credici/target/credici-0.1.5-jar-with-dependencies.jar
/mnt/beegfs/rcabanas/dev/credici/papers/journalEM/models
/mnt/beegfs/rcabanas/dev/credici/target/credici-0.1.5-jar-with-dependencies.jar
/mnt/beegfs/rcabanas/dev/credici/papers/journalEM/code/GenerateModel.java
/mnt/beegfs/rcabanas/dev/credici/papers/journalEM
/mnt/beegfs/rcabanas/dev/credici/papers/journalEM/output_test
/mnt/beegfs/rcabanas/dev/credici/papers/journalEM/models
/mnt/beegfs/rcabanas/dev/credici/target/credici-0.1.5-jar-with-dependencies.jar
/mnt/beegfs/rcabanas/dev/credici/papers/journalEM/code/GenerateModel.java
run java
java -Xmx64g -cp /mnt/beegfs/rcabanas/dev/credici/target/credici-0.1.5-jar-with-dependencies.jar /mnt/beegfs/rcabanas/dev/credici/papers/journalEM/code/GenerateModel.java -n 7 -d 1000 -di 0.5 -mr 0.98 -r 1.0 --seed 185 --output /mnt/beegfs/rcabanas/dev/credici/papers/journalEM/models/synthetic/s3/ --debug 
/mnt/beegfs/rcabanas/dev/credici/papers/journalEM/code/GenerateModel.java
run java
java -Xmx64g -cp /mnt/beegfs/rcabanas/dev/credici/target/credici-0.1.5-jar-with-dependencies.jar /mnt/beegfs/rcabanas/dev/credici/papers/journalEM/code/GenerateModel.java -n 7 -d 1000 -di 0.5 -mr 0.98 -r 1.0 --seed 105 --output /mnt/beegfs/rcabanas/dev/credici/papers/journalEM/models/synthetic/s3/ --debug 
run java
java -Xmx64g -cp /mnt/beegfs/rcabanas/dev/credici/target/credici-0.1.5-jar-with-dependencies.jar /mnt/beegfs/rcabanas/dev/credici/papers/journalEM/code/GenerateModel.java -n 7 -d 1000 -di 0.5 -mr 0.98 -r 1.0 --seed 110 --output /mnt/beegfs/rcabanas/dev/credici/papers/journalEM/models/synthetic/s3/ --debug 
Running generatemodels.py
numnodes=7
seed=179
/mnt/beegfs/rcabanas/dev/credici
/mnt/beegfs/rcabanas/dev/credici/papers/journalEM
/mnt/beegfs/rcabanas/dev/credici/papers/journalEM/output_test
/mnt/beegfs/rcabanas/dev/credici/papers/journalEM/models
/mnt/beegfs/rcabanas/dev/credici/target/credici-0.1.5-jar-with-dependencies.jar
/mnt/beegfs/rcabanas/dev/credici/papers/journalEM/code/GenerateModel.java
run java
java -Xmx64g -cp /mnt/beegfs/rcabanas/dev/credici/target/credici-0.1.5-jar-with-dependencies.jar /mnt/beegfs/rcabanas/dev/credici/papers/journalEM/code/GenerateModel.java -n 7 -d 1000 -di 0.5 -mr 0.98 -r 1.0 --seed 179 --output /mnt/beegfs/rcabanas/dev/credici/papers/journalEM/models/synthetic/s3/ --debug 
['generatemodels.py', '7', '181']
['generatemodels.py', '7', '113']
['generatemodels.py', '7', '118']
Running generatemodels.py
numnodes=7
seed=181
/mnt/beegfs/rcabanas/dev/credici
/mnt/beegfs/rcabanas/dev/credici/papers/journalEM
/mnt/beegfs/rcabanas/dev/credici/papers/journalEM/output_test
/mnt/beegfs/rcabanas/dev/credici/papers/journalEM/models
/mnt/beegfs/rcabanas/dev/credici/target/credici-0.1.5-jar-with-dependencies.jar
/mnt/beegfs/rcabanas/dev/credici/papers/journalEM/code/GenerateModel.java
run java
java -Xmx64g -cp /mnt/beegfs/rcabanas/dev/credici/target/credici-0.1.5-jar-with-dependencies.jar /mnt/beegfs/rcabanas/dev/credici/papers/journalEM/code/GenerateModel.java -n 7 -d 1000 -di 0.5 -mr 0.98 -r 1.0 --seed 181 --output /mnt/beegfs/rcabanas/dev/credici/papers/journalEM/models/synthetic/s3/ --debug 
['generatemodels.py', '7', '101']
['generatemodels.py', '7', '114']
['generatemodels.py', '7', '117']
Running generatemodels.py
numnodes=7
seed=113
/mnt/beegfs/rcabanas/dev/credici
/mnt/beegfs/rcabanas/dev/credici/papers/journalEM
/mnt/beegfs/rcabanas/dev/credici/papers/journalEM/output_test
/mnt/beegfs/rcabanas/dev/credici/papers/journalEM/models
/mnt/beegfs/rcabanas/dev/credici/target/credici-0.1.5-jar-with-dependencies.jar
/mnt/beegfs/rcabanas/dev/credici/papers/journalEM/code/GenerateModel.java
run java
java -Xmx64g -cp /mnt/beegfs/rcabanas/dev/credici/target/credici-0.1.5-jar-with-dependencies.jar /mnt/beegfs/rcabanas/dev/credici/papers/journalEM/code/GenerateModel.java -n 7 -d 1000 -di 0.5 -mr 0.98 -r 1.0 --seed 113 --output /mnt/beegfs/rcabanas/dev/credici/papers/journalEM/models/synthetic/s3/ --debug 
Running generatemodels.py
numnodes=7
seed=118
/mnt/beegfs/rcabanas/dev/credici
/mnt/beegfs/rcabanas/dev/credici/papers/journalEM
/mnt/beegfs/rcabanas/dev/credici/papers/journalEM/output_test
/mnt/beegfs/rcabanas/dev/credici/papers/journalEM/models
/mnt/beegfs/rcabanas/dev/credici/target/credici-0.1.5-jar-with-dependencies.jar
/mnt/beegfs/rcabanas/dev/credici/papers/journalEM/code/GenerateModel.java
run java
java -Xmx64g -cp /mnt/beegfs/rcabanas/dev/credici/target/credici-0.1.5-jar-with-dependencies.jar /mnt/beegfs/rcabanas/dev/credici/papers/journalEM/code/GenerateModel.java -n 7 -d 1000 -di 0.5 -mr 0.98 -r 1.0 --seed 118 --output /mnt/beegfs/rcabanas/dev/credici/papers/journalEM/models/synthetic/s3/ --debug 
Running generatemodels.py
numnodes=7
seed=101
Running generatemodels.py
numnodes=7
seed=114
/mnt/beegfs/rcabanas/dev/credici
Running generatemodels.py
/mnt/beegfs/rcabanas/dev/credici
/mnt/beegfs/rcabanas/dev/credici/papers/journalEM
/mnt/beegfs/rcabanas/dev/credici/papers/journalEM
numnodes=7
/mnt/beegfs/rcabanas/dev/credici/papers/journalEM/output_test
/mnt/beegfs/rcabanas/dev/credici/papers/journalEM/models
/mnt/beegfs/rcabanas/dev/credici/target/credici-0.1.5-jar-with-dependencies.jar
/mnt/beegfs/rcabanas/dev/credici/papers/journalEM/code/GenerateModel.java
run java
java -Xmx64g -cp /mnt/beegfs/rcabanas/dev/credici/target/credici-0.1.5-jar-with-dependencies.jar /mnt/beegfs/rcabanas/dev/credici/papers/journalEM/code/GenerateModel.java -n 7 -d 1000 -di 0.5 -mr 0.98 -r 1.0 --seed 114 --output /mnt/beegfs/rcabanas/dev/credici/papers/journalEM/models/synthetic/s3/ --debug 
/mnt/beegfs/rcabanas/dev/credici/papers/journalEM/output_test
seed=117
/mnt/beegfs/rcabanas/dev/credici/papers/journalEM/models
/mnt/beegfs/rcabanas/dev/credici
/mnt/beegfs/rcabanas/dev/credici/papers/journalEM
/mnt/beegfs/rcabanas/dev/credici/papers/journalEM/output_test
/mnt/beegfs/rcabanas/dev/credici/papers/journalEM/models
/mnt/beegfs/rcabanas/dev/credici/target/credici-0.1.5-jar-with-dependencies.jar
/mnt/beegfs/rcabanas/dev/credici/papers/journalEM/code/GenerateModel.java
run java
/mnt/beegfs/rcabanas/dev/credici/target/credici-0.1.5-jar-with-dependencies.jar
/mnt/beegfs/rcabanas/dev/credici/papers/journalEM/code/GenerateModel.java
run java
java -Xmx64g -cp /mnt/beegfs/rcabanas/dev/credici/target/credici-0.1.5-jar-with-dependencies.jar /mnt/beegfs/rcabanas/dev/credici/papers/journalEM/code/GenerateModel.java -n 7 -d 1000 -di 0.5 -mr 0.98 -r 1.0 --seed 117 --output /mnt/beegfs/rcabanas/dev/credici/papers/journalEM/models/synthetic/s3/ --debug 
java -Xmx64g -cp /mnt/beegfs/rcabanas/dev/credici/target/credici-0.1.5-jar-with-dependencies.jar /mnt/beegfs/rcabanas/dev/credici/papers/journalEM/code/GenerateModel.java -n 7 -d 1000 -di 0.5 -mr 0.98 -r 1.0 --seed 101 --output /mnt/beegfs/rcabanas/dev/credici/papers/journalEM/models/synthetic/s3/ --debug 
['generatemodels.py', '7', '184']
Running generatemodels.py
numnodes=7
seed=184
/mnt/beegfs/rcabanas/dev/credici
/mnt/beegfs/rcabanas/dev/credici/papers/journalEM
/mnt/beegfs/rcabanas/dev/credici/papers/journalEM/output_test
/mnt/beegfs/rcabanas/dev/credici/papers/journalEM/models
/mnt/beegfs/rcabanas/dev/credici/target/credici-0.1.5-jar-with-dependencies.jar
/mnt/beegfs/rcabanas/dev/credici/papers/journalEM/code/GenerateModel.java
run java
java -Xmx64g -cp /mnt/beegfs/rcabanas/dev/credici/target/credici-0.1.5-jar-with-dependencies.jar /mnt/beegfs/rcabanas/dev/credici/papers/journalEM/code/GenerateModel.java -n 7 -d 1000 -di 0.5 -mr 0.98 -r 1.0 --seed 184 --output /mnt/beegfs/rcabanas/dev/credici/papers/journalEM/models/synthetic/s3/ --debug 
['generatemodels.py', '7', '188']
Running generatemodels.py
numnodes=7
seed=188
/mnt/beegfs/rcabanas/dev/credici
/mnt/beegfs/rcabanas/dev/credici/papers/journalEM
/mnt/beegfs/rcabanas/dev/credici/papers/journalEM/output_test
/mnt/beegfs/rcabanas/dev/credici/papers/journalEM/models
/mnt/beegfs/rcabanas/dev/credici/target/credici-0.1.5-jar-with-dependencies.jar
/mnt/beegfs/rcabanas/dev/credici/papers/journalEM/code/GenerateModel.java
run java
java -Xmx64g -cp /mnt/beegfs/rcabanas/dev/credici/target/credici-0.1.5-jar-with-dependencies.jar /mnt/beegfs/rcabanas/dev/credici/papers/journalEM/code/GenerateModel.java -n 7 -d 1000 -di 0.5 -mr 0.98 -r 1.0 --seed 188 --output /mnt/beegfs/rcabanas/dev/credici/papers/journalEM/models/synthetic/s3/ --debug 
['generatemodels.py', '7', '180']
Running generatemodels.py
numnodes=7
seed=180
/mnt/beegfs/rcabanas/dev/credici
/mnt/beegfs/rcabanas/dev/credici/papers/journalEM
/mnt/beegfs/rcabanas/dev/credici/papers/journalEM/output_test
/mnt/beegfs/rcabanas/dev/credici/papers/journalEM/models
/mnt/beegfs/rcabanas/dev/credici/target/credici-0.1.5-jar-with-dependencies.jar
/mnt/beegfs/rcabanas/dev/credici/papers/journalEM/code/GenerateModel.java
run java
java -Xmx64g -cp /mnt/beegfs/rcabanas/dev/credici/target/credici-0.1.5-jar-with-dependencies.jar /mnt/beegfs/rcabanas/dev/credici/papers/journalEM/code/GenerateModel.java -n 7 -d 1000 -di 0.5 -mr 0.98 -r 1.0 --seed 180 --output /mnt/beegfs/rcabanas/dev/credici/papers/journalEM/models/synthetic/s3/ --debug 
['generatemodels.py', '7', '116']
Running generatemodels.py
numnodes=7
seed=116
/mnt/beegfs/rcabanas/dev/credici
/mnt/beegfs/rcabanas/dev/credici/papers/journalEM
/mnt/beegfs/rcabanas/dev/credici/papers/journalEM/output_test
/mnt/beegfs/rcabanas/dev/credici/papers/journalEM/models
/mnt/beegfs/rcabanas/dev/credici/target/credici-0.1.5-jar-with-dependencies.jar
/mnt/beegfs/rcabanas/dev/credici/papers/journalEM/code/GenerateModel.java
run java
java -Xmx64g -cp /mnt/beegfs/rcabanas/dev/credici/target/credici-0.1.5-jar-with-dependencies.jar /mnt/beegfs/rcabanas/dev/credici/papers/journalEM/code/GenerateModel.java -n 7 -d 1000 -di 0.5 -mr 0.98 -r 1.0 --seed 116 --output /mnt/beegfs/rcabanas/dev/credici/papers/journalEM/models/synthetic/s3/ --debug 
['generatemodels.py', '7', '173']
Running generatemodels.py
numnodes=7
seed=173
/mnt/beegfs/rcabanas/dev/credici
/mnt/beegfs/rcabanas/dev/credici/papers/journalEM
/mnt/beegfs/rcabanas/dev/credici/papers/journalEM/output_test
/mnt/beegfs/rcabanas/dev/credici/papers/journalEM/models
/mnt/beegfs/rcabanas/dev/credici/target/credici-0.1.5-jar-with-dependencies.jar
/mnt/beegfs/rcabanas/dev/credici/papers/journalEM/code/GenerateModel.java
run java
java -Xmx64g -cp /mnt/beegfs/rcabanas/dev/credici/target/credici-0.1.5-jar-with-dependencies.jar /mnt/beegfs/rcabanas/dev/credici/papers/journalEM/code/GenerateModel.java -n 7 -d 1000 -di 0.5 -mr 0.98 -r 1.0 --seed 173 --output /mnt/beegfs/rcabanas/dev/credici/papers/journalEM/models/synthetic/s3/ --debug 
['generatemodels.py', '7', '194']
['generatemodels.py', '7', '199']
Running generatemodels.py
numnodes=7
seed=194
/mnt/beegfs/rcabanas/dev/credici
/mnt/beegfs/rcabanas/dev/credici/papers/journalEM
/mnt/beegfs/rcabanas/dev/credici/papers/journalEM/output_test
/mnt/beegfs/rcabanas/dev/credici/papers/journalEM/models
/mnt/beegfs/rcabanas/dev/credici/target/credici-0.1.5-jar-with-dependencies.jar
/mnt/beegfs/rcabanas/dev/credici/papers/journalEM/code/GenerateModel.java
run java
java -Xmx64g -cp /mnt/beegfs/rcabanas/dev/credici/target/credici-0.1.5-jar-with-dependencies.jar /mnt/beegfs/rcabanas/dev/credici/papers/journalEM/code/GenerateModel.java -n 7 -d 1000 -di 0.5 -mr 0.98 -r 1.0 --seed 194 --output /mnt/beegfs/rcabanas/dev/credici/papers/journalEM/models/synthetic/s3/ --debug 
Running generatemodels.py
numnodes=7
seed=199
/mnt/beegfs/rcabanas/dev/credici
/mnt/beegfs/rcabanas/dev/credici/papers/journalEM
/mnt/beegfs/rcabanas/dev/credici/papers/journalEM/output_test
/mnt/beegfs/rcabanas/dev/credici/papers/journalEM/models
/mnt/beegfs/rcabanas/dev/credici/target/credici-0.1.5-jar-with-dependencies.jar
/mnt/beegfs/rcabanas/dev/credici/papers/journalEM/code/GenerateModel.java
run java
java -Xmx64g -cp /mnt/beegfs/rcabanas/dev/credici/target/credici-0.1.5-jar-with-dependencies.jar /mnt/beegfs/rcabanas/dev/credici/papers/journalEM/code/GenerateModel.java -n 7 -d 1000 -di 0.5 -mr 0.98 -r 1.0 --seed 199 --output /mnt/beegfs/rcabanas/dev/credici/papers/journalEM/models/synthetic/s3/ --debug 
['generatemodels.py', '7', '130']
['generatemodels.py', '7', '143']
Running generatemodels.py
numnodes=7
seed=130
/mnt/beegfs/rcabanas/dev/credici
/mnt/beegfs/rcabanas/dev/credici/papers/journalEM
/mnt/beegfs/rcabanas/dev/credici/papers/journalEM/output_test
/mnt/beegfs/rcabanas/dev/credici/papers/journalEM/models
/mnt/beegfs/rcabanas/dev/credici/target/credici-0.1.5-jar-with-dependencies.jar
['generatemodels.py', '7', '133']
/mnt/beegfs/rcabanas/dev/credici/papers/journalEM/code/GenerateModel.java
run java
java -Xmx64g -cp /mnt/beegfs/rcabanas/dev/credici/target/credici-0.1.5-jar-with-dependencies.jar /mnt/beegfs/rcabanas/dev/credici/papers/journalEM/code/GenerateModel.java -n 7 -d 1000 -di 0.5 -mr 0.98 -r 1.0 --seed 130 --output /mnt/beegfs/rcabanas/dev/credici/papers/journalEM/models/synthetic/s3/ --debug 
['generatemodels.py', '7', '123']
['generatemodels.py', '7', '182']
['generatemodels.py', '7', '112']
Running generatemodels.py
numnodes=7
seed=143
/mnt/beegfs/rcabanas/dev/credici
['generatemodels.py', '7', '190']
['generatemodels.py', '7', '141']
['generatemodels.py', '7', '186']
/mnt/beegfs/rcabanas/dev/credici/papers/journalEM
['generatemodels.py', '7', '103']
/mnt/beegfs/rcabanas/dev/credici/papers/journalEM/output_test
/mnt/beegfs/rcabanas/dev/credici/papers/journalEM/models
['generatemodels.py', '7', '129']
/mnt/beegfs/rcabanas/dev/credici/target/credici-0.1.5-jar-with-dependencies.jar
/mnt/beegfs/rcabanas/dev/credici/papers/journalEM/code/GenerateModel.java
run java
java -Xmx64g -cp /mnt/beegfs/rcabanas/dev/credici/target/credici-0.1.5-jar-with-dependencies.jar /mnt/beegfs/rcabanas/dev/credici/papers/journalEM/code/GenerateModel.java -n 7 -d 1000 -di 0.5 -mr 0.98 -r 1.0 --seed 143 --output /mnt/beegfs/rcabanas/dev/credici/papers/journalEM/models/synthetic/s3/ --debug 
['generatemodels.py', '7', '151']
['generatemodels.py', '7', '122']
['generatemodels.py', '7', '193']
['generatemodels.py', '7', '169']
['generatemodels.py', '7', '140']
['generatemodels.py', '7', '152']
Running generatemodels.py
numnodes=7
seed=133
/mnt/beegfs/rcabanas/dev/credici
/mnt/beegfs/rcabanas/dev/credici/papers/journalEM
/mnt/beegfs/rcabanas/dev/credici/papers/journalEM/output_test
/mnt/beegfs/rcabanas/dev/credici/papers/journalEM/models
/mnt/beegfs/rcabanas/dev/credici/target/credici-0.1.5-jar-with-dependencies.jar
/mnt/beegfs/rcabanas/dev/credici/papers/journalEM/code/GenerateModel.java
run java
java -Xmx64g -cp /mnt/beegfs/rcabanas/dev/credici/target/credici-0.1.5-jar-with-dependencies.jar /mnt/beegfs/rcabanas/dev/credici/papers/journalEM/code/GenerateModel.java -n 7 -d 1000 -di 0.5 -mr 0.98 -r 1.0 --seed 133 --output /mnt/beegfs/rcabanas/dev/credici/papers/journalEM/models/synthetic/s3/ --debug 
['generatemodels.py', '7', '136']
Running generatemodels.py
numnodes=7
seed=123
/mnt/beegfs/rcabanas/dev/credici
/mnt/beegfs/rcabanas/dev/credici/papers/journalEM
/mnt/beegfs/rcabanas/dev/credici/papers/journalEM/output_test
['generatemodels.py', '7', '139']
/mnt/beegfs/rcabanas/dev/credici/papers/journalEM/models
/mnt/beegfs/rcabanas/dev/credici/target/credici-0.1.5-jar-with-dependencies.jar
['generatemodels.py', '7', '111']
/mnt/beegfs/rcabanas/dev/credici/papers/journalEM/code/GenerateModel.java
run java
java -Xmx64g -cp /mnt/beegfs/rcabanas/dev/credici/target/credici-0.1.5-jar-with-dependencies.jar /mnt/beegfs/rcabanas/dev/credici/papers/journalEM/code/GenerateModel.java -n 7 -d 1000 -di 0.5 -mr 0.98 -r 1.0 --seed 123 --output /mnt/beegfs/rcabanas/dev/credici/papers/journalEM/models/synthetic/s3/ --debug 
['generatemodels.py', '7', '134']
['generatemodels.py', '7', '100']
Running generatemodels.py
numnodes=7
seed=182
/mnt/beegfs/rcabanas/dev/credici
/mnt/beegfs/rcabanas/dev/credici/papers/journalEM
/mnt/beegfs/rcabanas/dev/credici/papers/journalEM/output_test
/mnt/beegfs/rcabanas/dev/credici/papers/journalEM/models
/mnt/beegfs/rcabanas/dev/credici/target/credici-0.1.5-jar-with-dependencies.jar
/mnt/beegfs/rcabanas/dev/credici/papers/journalEM/code/GenerateModel.java
run java
java -Xmx64g -cp /mnt/beegfs/rcabanas/dev/credici/target/credici-0.1.5-jar-with-dependencies.jar /mnt/beegfs/rcabanas/dev/credici/papers/journalEM/code/GenerateModel.java -n 7 -d 1000 -di 0.5 -mr 0.98 -r 1.0 --seed 182 --output /mnt/beegfs/rcabanas/dev/credici/papers/journalEM/models/synthetic/s3/ --debug 
Running generatemodels.py
['generatemodels.py', '7', '153']
numnodes=7
seed=112
/mnt/beegfs/rcabanas/dev/credici
/mnt/beegfs/rcabanas/dev/credici/papers/journalEM
/mnt/beegfs/rcabanas/dev/credici/papers/journalEM/output_test
/mnt/beegfs/rcabanas/dev/credici/papers/journalEM/models
/mnt/beegfs/rcabanas/dev/credici/target/credici-0.1.5-jar-with-dependencies.jar
/mnt/beegfs/rcabanas/dev/credici/papers/journalEM/code/GenerateModel.java
run java
java -Xmx64g -cp /mnt/beegfs/rcabanas/dev/credici/target/credici-0.1.5-jar-with-dependencies.jar /mnt/beegfs/rcabanas/dev/credici/papers/journalEM/code/GenerateModel.java -n 7 -d 1000 -di 0.5 -mr 0.98 -r 1.0 --seed 112 --output /mnt/beegfs/rcabanas/dev/credici/papers/journalEM/models/synthetic/s3/ --debug 
['generatemodels.py', '7', '165']
['generatemodels.py', '7', '160']
Running generatemodels.py
numnodes=7
Running generatemodels.py
numnodes=7
seed=186
/mnt/beegfs/rcabanas/dev/credici
/mnt/beegfs/rcabanas/dev/credici/papers/journalEM
/mnt/beegfs/rcabanas/dev/credici/papers/journalEM/output_test
/mnt/beegfs/rcabanas/dev/credici/papers/journalEM/models
/mnt/beegfs/rcabanas/dev/credici/target/credici-0.1.5-jar-with-dependencies.jar
/mnt/beegfs/rcabanas/dev/credici/papers/journalEM/code/GenerateModel.java
run java
java -Xmx64g -cp /mnt/beegfs/rcabanas/dev/credici/target/credici-0.1.5-jar-with-dependencies.jar /mnt/beegfs/rcabanas/dev/credici/papers/journalEM/code/GenerateModel.java -n 7 -d 1000 -di 0.5 -mr 0.98 -r 1.0 --seed 186 --output /mnt/beegfs/rcabanas/dev/credici/papers/journalEM/models/synthetic/s3/ --debug 
seed=190
/mnt/beegfs/rcabanas/dev/credici
/mnt/beegfs/rcabanas/dev/credici/papers/journalEM
/mnt/beegfs/rcabanas/dev/credici/papers/journalEM/output_test
/mnt/beegfs/rcabanas/dev/credici/papers/journalEM/models
/mnt/beegfs/rcabanas/dev/credici/target/credici-0.1.5-jar-with-dependencies.jar
/mnt/beegfs/rcabanas/dev/credici/papers/journalEM/code/GenerateModel.java
run java
java -Xmx64g -cp /mnt/beegfs/rcabanas/dev/credici/target/credici-0.1.5-jar-with-dependencies.jar /mnt/beegfs/rcabanas/dev/credici/papers/journalEM/code/GenerateModel.java -n 7 -d 1000 -di 0.5 -mr 0.98 -r 1.0 --seed 190 --output /mnt/beegfs/rcabanas/dev/credici/papers/journalEM/models/synthetic/s3/ --debug 
Running generatemodels.py
numnodes=7
seed=141
/mnt/beegfs/rcabanas/dev/credici
Running generatemodels.py
['generatemodels.py', '7', '159']
Running generatemodels.py
/mnt/beegfs/rcabanas/dev/credici/papers/journalEM
numnodes=7
seed=103
/mnt/beegfs/rcabanas/dev/credici
/mnt/beegfs/rcabanas/dev/credici/papers/journalEM
/mnt/beegfs/rcabanas/dev/credici/papers/journalEM/output_test
/mnt/beegfs/rcabanas/dev/credici/papers/journalEM/models
/mnt/beegfs/rcabanas/dev/credici/target/credici-0.1.5-jar-with-dependencies.jar
/mnt/beegfs/rcabanas/dev/credici/papers/journalEM/code/GenerateModel.java
run java
java -Xmx64g -cp /mnt/beegfs/rcabanas/dev/credici/target/credici-0.1.5-jar-with-dependencies.jar /mnt/beegfs/rcabanas/dev/credici/papers/journalEM/code/GenerateModel.java -n 7 -d 1000 -di 0.5 -mr 0.98 -r 1.0 --seed 103 --output /mnt/beegfs/rcabanas/dev/credici/papers/journalEM/models/synthetic/s3/ --debug 
Running generatemodels.py
numnodes=7
/mnt/beegfs/rcabanas/dev/credici/papers/journalEM/output_test
/mnt/beegfs/rcabanas/dev/credici/papers/journalEM/models
/mnt/beegfs/rcabanas/dev/credici/target/credici-0.1.5-jar-with-dependencies.jar
/mnt/beegfs/rcabanas/dev/credici/papers/journalEM/code/GenerateModel.java
run java
java -Xmx64g -cp /mnt/beegfs/rcabanas/dev/credici/target/credici-0.1.5-jar-with-dependencies.jar /mnt/beegfs/rcabanas/dev/credici/papers/journalEM/code/GenerateModel.java -n 7 -d 1000 -di 0.5 -mr 0.98 -r 1.0 --seed 141 --output /mnt/beegfs/rcabanas/dev/credici/papers/journalEM/models/synthetic/s3/ --debug 
Running generatemodels.py
['generatemodels.py', '7', '198']
['generatemodels.py', '7', '192']
numnodes=7
seed=151
/mnt/beegfs/rcabanas/dev/credici
seed=129
numnodes=7
seed=122
/mnt/beegfs/rcabanas/dev/credici
/mnt/beegfs/rcabanas/dev/credici/papers/journalEM
/mnt/beegfs/rcabanas/dev/credici/papers/journalEM/output_test
/mnt/beegfs/rcabanas/dev/credici/papers/journalEM/models
/mnt/beegfs/rcabanas/dev/credici/target/credici-0.1.5-jar-with-dependencies.jar
/mnt/beegfs/rcabanas/dev/credici/papers/journalEM/code/GenerateModel.java
run java
java -Xmx64g -cp /mnt/beegfs/rcabanas/dev/credici/target/credici-0.1.5-jar-with-dependencies.jar /mnt/beegfs/rcabanas/dev/credici/papers/journalEM/code/GenerateModel.java -n 7 -d 1000 -di 0.5 -mr 0.98 -r 1.0 --seed 122 --output /mnt/beegfs/rcabanas/dev/credici/papers/journalEM/models/synthetic/s3/ --debug 
Running generatemodels.py
numnodes=7
seed=193
/mnt/beegfs/rcabanas/dev/credici
/mnt/beegfs/rcabanas/dev/credici/papers/journalEM
/mnt/beegfs/rcabanas/dev/credici/papers/journalEM/output_test
/mnt/beegfs/rcabanas/dev/credici/papers/journalEM/models
/mnt/beegfs/rcabanas/dev/credici/target/credici-0.1.5-jar-with-dependencies.jar
/mnt/beegfs/rcabanas/dev/credici/papers/journalEM/code/GenerateModel.java
run java
java -Xmx64g -cp /mnt/beegfs/rcabanas/dev/credici/target/credici-0.1.5-jar-with-dependencies.jar /mnt/beegfs/rcabanas/dev/credici/papers/journalEM/code/GenerateModel.java -n 7 -d 1000 -di 0.5 -mr 0.98 -r 1.0 --seed 193 --output /mnt/beegfs/rcabanas/dev/credici/papers/journalEM/models/synthetic/s3/ --debug 
/mnt/beegfs/rcabanas/dev/credici/papers/journalEM
/mnt/beegfs/rcabanas/dev/credici/papers/journalEM/output_test
/mnt/beegfs/rcabanas/dev/credici/papers/journalEM/models
/mnt/beegfs/rcabanas/dev/credici/target/credici-0.1.5-jar-with-dependencies.jar
/mnt/beegfs/rcabanas/dev/credici/papers/journalEM/code/GenerateModel.java
run java
java -Xmx64g -cp /mnt/beegfs/rcabanas/dev/credici/target/credici-0.1.5-jar-with-dependencies.jar /mnt/beegfs/rcabanas/dev/credici/papers/journalEM/code/GenerateModel.java -n 7 -d 1000 -di 0.5 -mr 0.98 -r 1.0 --seed 151 --output /mnt/beegfs/rcabanas/dev/credici/papers/journalEM/models/synthetic/s3/ --debug 
Running generatemodels.py
Running generatemodels.py
Running generatemodels.py
/mnt/beegfs/rcabanas/dev/credici
['generatemodels.py', '7', '174']
Running generatemodels.py
['generatemodels.py', '7', '195']
Running generatemodels.py
numnodes=7
seed=111
Running generatemodels.py
numnodes=7
Running generatemodels.py
numnodes=7
seed=160
numnodes=7
seed=169
/mnt/beegfs/rcabanas/dev/credici
/mnt/beegfs/rcabanas/dev/credici/papers/journalEM
/mnt/beegfs/rcabanas/dev/credici/papers/journalEM/output_test
/mnt/beegfs/rcabanas/dev/credici/papers/journalEM/models
/mnt/beegfs/rcabanas/dev/credici/target/credici-0.1.5-jar-with-dependencies.jar
/mnt/beegfs/rcabanas/dev/credici/papers/journalEM/code/GenerateModel.java
run java
java -Xmx64g -cp /mnt/beegfs/rcabanas/dev/credici/target/credici-0.1.5-jar-with-dependencies.jar /mnt/beegfs/rcabanas/dev/credici/papers/journalEM/code/GenerateModel.java -n 7 -d 1000 -di 0.5 -mr 0.98 -r 1.0 --seed 169 --output /mnt/beegfs/rcabanas/dev/credici/papers/journalEM/models/synthetic/s3/ --debug 
numnodes=7
numnodes=7
Running generatemodels.py
/mnt/beegfs/rcabanas/dev/credici/papers/journalEM
/mnt/beegfs/rcabanas/dev/credici/papers/journalEM/output_test
/mnt/beegfs/rcabanas/dev/credici/papers/journalEM/models
/mnt/beegfs/rcabanas/dev/credici/target/credici-0.1.5-jar-with-dependencies.jar
/mnt/beegfs/rcabanas/dev/credici/papers/journalEM/code/GenerateModel.java
run java
java -Xmx64g -cp /mnt/beegfs/rcabanas/dev/credici/target/credici-0.1.5-jar-with-dependencies.jar /mnt/beegfs/rcabanas/dev/credici/papers/journalEM/code/GenerateModel.java -n 7 -d 1000 -di 0.5 -mr 0.98 -r 1.0 --seed 129 --output /mnt/beegfs/rcabanas/dev/credici/papers/journalEM/models/synthetic/s3/ --debug 
Running generatemodels.py
numnodes=7
seed=136
/mnt/beegfs/rcabanas/dev/credici
/mnt/beegfs/rcabanas/dev/credici/papers/journalEM
/mnt/beegfs/rcabanas/dev/credici/papers/journalEM/output_test
/mnt/beegfs/rcabanas/dev/credici/papers/journalEM/models
/mnt/beegfs/rcabanas/dev/credici/target/credici-0.1.5-jar-with-dependencies.jar
/mnt/beegfs/rcabanas/dev/credici/papers/journalEM/code/GenerateModel.java
run java
java -Xmx64g -cp /mnt/beegfs/rcabanas/dev/credici/target/credici-0.1.5-jar-with-dependencies.jar /mnt/beegfs/rcabanas/dev/credici/papers/journalEM/code/GenerateModel.java -n 7 -d 1000 -di 0.5 -mr 0.98 -r 1.0 --seed 136 --output /mnt/beegfs/rcabanas/dev/credici/papers/journalEM/models/synthetic/s3/ --debug 
Running generatemodels.py
numnodes=7
seed=153
/mnt/beegfs/rcabanas/dev/credici
/mnt/beegfs/rcabanas/dev/credici/papers/journalEM
/mnt/beegfs/rcabanas/dev/credici/papers/journalEM/output_test
/mnt/beegfs/rcabanas/dev/credici/papers/journalEM/models
/mnt/beegfs/rcabanas/dev/credici/target/credici-0.1.5-jar-with-dependencies.jar
/mnt/beegfs/rcabanas/dev/credici/papers/journalEM/code/GenerateModel.java
run java
java -Xmx64g -cp /mnt/beegfs/rcabanas/dev/credici/target/credici-0.1.5-jar-with-dependencies.jar /mnt/beegfs/rcabanas/dev/credici/papers/journalEM/code/GenerateModel.java -n 7 -d 1000 -di 0.5 -mr 0.98 -r 1.0 --seed 153 --output /mnt/beegfs/rcabanas/dev/credici/papers/journalEM/models/synthetic/s3/ --debug 
Running generatemodels.py
numnodes=7
seed=174
/mnt/beegfs/rcabanas/dev/credici
/mnt/beegfs/rcabanas/dev/credici/papers/journalEM
/mnt/beegfs/rcabanas/dev/credici/papers/journalEM/output_test
/mnt/beegfs/rcabanas/dev/credici/papers/journalEM/models
/mnt/beegfs/rcabanas/dev/credici/target/credici-0.1.5-jar-with-dependencies.jar
/mnt/beegfs/rcabanas/dev/credici/papers/journalEM/code/GenerateModel.java
run java
java -Xmx64g -cp /mnt/beegfs/rcabanas/dev/credici/target/credici-0.1.5-jar-with-dependencies.jar /mnt/beegfs/rcabanas/dev/credici/papers/journalEM/code/GenerateModel.java -n 7 -d 1000 -di 0.5 -mr 0.98 -r 1.0 --seed 174 --output /mnt/beegfs/rcabanas/dev/credici/papers/journalEM/models/synthetic/s3/ --debug 
/mnt/beegfs/rcabanas/dev/credici
Running generatemodels.py
seed=139
/mnt/beegfs/rcabanas/dev/credici
/mnt/beegfs/rcabanas/dev/credici/papers/journalEM
/mnt/beegfs/rcabanas/dev/credici/papers/journalEM/output_test
/mnt/beegfs/rcabanas/dev/credici/papers/journalEM/models
/mnt/beegfs/rcabanas/dev/credici/target/credici-0.1.5-jar-with-dependencies.jar
/mnt/beegfs/rcabanas/dev/credici/papers/journalEM/code/GenerateModel.java
run java
java -Xmx64g -cp /mnt/beegfs/rcabanas/dev/credici/target/credici-0.1.5-jar-with-dependencies.jar /mnt/beegfs/rcabanas/dev/credici/papers/journalEM/code/GenerateModel.java -n 7 -d 1000 -di 0.5 -mr 0.98 -r 1.0 --seed 160 --output /mnt/beegfs/rcabanas/dev/credici/papers/journalEM/models/synthetic/s3/ --debug 
Running generatemodels.py
seed=152
/mnt/beegfs/rcabanas/dev/credici
/mnt/beegfs/rcabanas/dev/credici/papers/journalEM
/mnt/beegfs/rcabanas/dev/credici/papers/journalEM/output_test
/mnt/beegfs/rcabanas/dev/credici/papers/journalEM/models
/mnt/beegfs/rcabanas/dev/credici/target/credici-0.1.5-jar-with-dependencies.jar
/mnt/beegfs/rcabanas/dev/credici/papers/journalEM/code/GenerateModel.java
run java
java -Xmx64g -cp /mnt/beegfs/rcabanas/dev/credici/target/credici-0.1.5-jar-with-dependencies.jar /mnt/beegfs/rcabanas/dev/credici/papers/journalEM/code/GenerateModel.java -n 7 -d 1000 -di 0.5 -mr 0.98 -r 1.0 --seed 152 --output /mnt/beegfs/rcabanas/dev/credici/papers/journalEM/models/synthetic/s3/ --debug 
seed=140
/mnt/beegfs/rcabanas/dev/credici
/mnt/beegfs/rcabanas/dev/credici/papers/journalEM
/mnt/beegfs/rcabanas/dev/credici/papers/journalEM/output_test
/mnt/beegfs/rcabanas/dev/credici/papers/journalEM/models
/mnt/beegfs/rcabanas/dev/credici/target/credici-0.1.5-jar-with-dependencies.jar
/mnt/beegfs/rcabanas/dev/credici/papers/journalEM/code/GenerateModel.java
run java
java -Xmx64g -cp /mnt/beegfs/rcabanas/dev/credici/target/credici-0.1.5-jar-with-dependencies.jar /mnt/beegfs/rcabanas/dev/credici/papers/journalEM/code/GenerateModel.java -n 7 -d 1000 -di 0.5 -mr 0.98 -r 1.0 --seed 140 --output /mnt/beegfs/rcabanas/dev/credici/papers/journalEM/models/synthetic/s3/ --debug 
numnodes=7
Running generatemodels.py
Running generatemodels.py
['generatemodels.py', '7', '170']
['generatemodels.py', '7', '102']
numnodes=7
Running generatemodels.py
/mnt/beegfs/rcabanas/dev/credici/papers/journalEM
numnodes=7
seed=165
/mnt/beegfs/rcabanas/dev/credici
/mnt/beegfs/rcabanas/dev/credici/papers/journalEM
/mnt/beegfs/rcabanas/dev/credici/papers/journalEM/output_test
/mnt/beegfs/rcabanas/dev/credici/papers/journalEM/models
/mnt/beegfs/rcabanas/dev/credici/target/credici-0.1.5-jar-with-dependencies.jar
/mnt/beegfs/rcabanas/dev/credici/papers/journalEM/code/GenerateModel.java
/mnt/beegfs/rcabanas/dev/credici
['generatemodels.py', '7', '109']
['generatemodels.py', '7', '200']
numnodes=7
seed=159
seed=134
numnodes=7
numnodes=7
seed=100
numnodes=7
/mnt/beegfs/rcabanas/dev/credici/papers/journalEM/output_test
run java
/mnt/beegfs/rcabanas/dev/credici/papers/journalEM
/mnt/beegfs/rcabanas/dev/credici/papers/journalEM/output_test
/mnt/beegfs/rcabanas/dev/credici
/mnt/beegfs/rcabanas/dev/credici
seed=198
/mnt/beegfs/rcabanas/dev/credici
seed=192
/mnt/beegfs/rcabanas/dev/credici
seed=195
/mnt/beegfs/rcabanas/dev/credici
/mnt/beegfs/rcabanas/dev/credici/papers/journalEM/models
/mnt/beegfs/rcabanas/dev/credici/target/credici-0.1.5-jar-with-dependencies.jar
java -Xmx64g -cp /mnt/beegfs/rcabanas/dev/credici/target/credici-0.1.5-jar-with-dependencies.jar /mnt/beegfs/rcabanas/dev/credici/papers/journalEM/code/GenerateModel.java -n 7 -d 1000 -di 0.5 -mr 0.98 -r 1.0 --seed 165 --output /mnt/beegfs/rcabanas/dev/credici/papers/journalEM/models/synthetic/s3/ --debug 
/mnt/beegfs/rcabanas/dev/credici/papers/journalEM/models
/mnt/beegfs/rcabanas/dev/credici/papers/journalEM
/mnt/beegfs/rcabanas/dev/credici/papers/journalEM/output_test
/mnt/beegfs/rcabanas/dev/credici/papers/journalEM/models
/mnt/beegfs/rcabanas/dev/credici/target/credici-0.1.5-jar-with-dependencies.jar
/mnt/beegfs/rcabanas/dev/credici/papers/journalEM/code/GenerateModel.java
/mnt/beegfs/rcabanas/dev/credici/papers/journalEM
/mnt/beegfs/rcabanas/dev/credici/papers/journalEM/output_test
/mnt/beegfs/rcabanas/dev/credici/papers/journalEM/models
/mnt/beegfs/rcabanas/dev/credici/target/credici-0.1.5-jar-with-dependencies.jar
/mnt/beegfs/rcabanas/dev/credici/papers/journalEM/code/GenerateModel.java
run java
java -Xmx64g -cp /mnt/beegfs/rcabanas/dev/credici/target/credici-0.1.5-jar-with-dependencies.jar /mnt/beegfs/rcabanas/dev/credici/papers/journalEM/code/GenerateModel.java -n 7 -d 1000 -di 0.5 -mr 0.98 -r 1.0 --seed 134 --output /mnt/beegfs/rcabanas/dev/credici/papers/journalEM/models/synthetic/s3/ --debug 
/mnt/beegfs/rcabanas/dev/credici/papers/journalEM
/mnt/beegfs/rcabanas/dev/credici
/mnt/beegfs/rcabanas/dev/credici/papers/journalEM
/mnt/beegfs/rcabanas/dev/credici/papers/journalEM/output_test
/mnt/beegfs/rcabanas/dev/credici/papers/journalEM/models
/mnt/beegfs/rcabanas/dev/credici/target/credici-0.1.5-jar-with-dependencies.jar
/mnt/beegfs/rcabanas/dev/credici/papers/journalEM/code/GenerateModel.java
run java
java -Xmx64g -cp /mnt/beegfs/rcabanas/dev/credici/target/credici-0.1.5-jar-with-dependencies.jar /mnt/beegfs/rcabanas/dev/credici/papers/journalEM/code/GenerateModel.java -n 7 -d 1000 -di 0.5 -mr 0.98 -r 1.0 --seed 100 --output /mnt/beegfs/rcabanas/dev/credici/papers/journalEM/models/synthetic/s3/ --debug 
/mnt/beegfs/rcabanas/dev/credici/papers/journalEM
/mnt/beegfs/rcabanas/dev/credici/papers/journalEM/code/GenerateModel.java
/mnt/beegfs/rcabanas/dev/credici/target/credici-0.1.5-jar-with-dependencies.jar
run java
Running generatemodels.py
numnodes=7
Running generatemodels.py
/mnt/beegfs/rcabanas/dev/credici/papers/journalEM/output_test
/mnt/beegfs/rcabanas/dev/credici/papers/journalEM
/mnt/beegfs/rcabanas/dev/credici/papers/journalEM/output_test
/mnt/beegfs/rcabanas/dev/credici/papers/journalEM/models
/mnt/beegfs/rcabanas/dev/credici/target/credici-0.1.5-jar-with-dependencies.jar
/mnt/beegfs/rcabanas/dev/credici/papers/journalEM/code/GenerateModel.java
run java
java -Xmx64g -cp /mnt/beegfs/rcabanas/dev/credici/target/credici-0.1.5-jar-with-dependencies.jar /mnt/beegfs/rcabanas/dev/credici/papers/journalEM/code/GenerateModel.java -n 7 -d 1000 -di 0.5 -mr 0.98 -r 1.0 --seed 192 --output /mnt/beegfs/rcabanas/dev/credici/papers/journalEM/models/synthetic/s3/ --debug 
/mnt/beegfs/rcabanas/dev/credici/papers/journalEM/output_test
/mnt/beegfs/rcabanas/dev/credici/papers/journalEM/models
/mnt/beegfs/rcabanas/dev/credici/target/credici-0.1.5-jar-with-dependencies.jar
/mnt/beegfs/rcabanas/dev/credici/papers/journalEM/code/GenerateModel.java
run java
java -Xmx64g -cp /mnt/beegfs/rcabanas/dev/credici/target/credici-0.1.5-jar-with-dependencies.jar /mnt/beegfs/rcabanas/dev/credici/papers/journalEM/code/GenerateModel.java -n 7 -d 1000 -di 0.5 -mr 0.98 -r 1.0 --seed 195 --output /mnt/beegfs/rcabanas/dev/credici/papers/journalEM/models/synthetic/s3/ --debug 
run java
java -Xmx64g -cp /mnt/beegfs/rcabanas/dev/credici/target/credici-0.1.5-jar-with-dependencies.jar /mnt/beegfs/rcabanas/dev/credici/papers/journalEM/code/GenerateModel.java -n 7 -d 1000 -di 0.5 -mr 0.98 -r 1.0 --seed 111 --output /mnt/beegfs/rcabanas/dev/credici/papers/journalEM/models/synthetic/s3/ --debug 
/mnt/beegfs/rcabanas/dev/credici/papers/journalEM/code/GenerateModel.java
run java
java -Xmx64g -cp /mnt/beegfs/rcabanas/dev/credici/target/credici-0.1.5-jar-with-dependencies.jar /mnt/beegfs/rcabanas/dev/credici/papers/journalEM/code/GenerateModel.java -n 7 -d 1000 -di 0.5 -mr 0.98 -r 1.0 --seed 139 --output /mnt/beegfs/rcabanas/dev/credici/papers/journalEM/models/synthetic/s3/ --debug 
java -Xmx64g -cp /mnt/beegfs/rcabanas/dev/credici/target/credici-0.1.5-jar-with-dependencies.jar /mnt/beegfs/rcabanas/dev/credici/papers/journalEM/code/GenerateModel.java -n 7 -d 1000 -di 0.5 -mr 0.98 -r 1.0 --seed 159 --output /mnt/beegfs/rcabanas/dev/credici/papers/journalEM/models/synthetic/s3/ --debug 
seed=102
numnodes=7
seed=170
/mnt/beegfs/rcabanas/dev/credici
/mnt/beegfs/rcabanas/dev/credici/papers/journalEM
/mnt/beegfs/rcabanas/dev/credici/papers/journalEM/output_test
/mnt/beegfs/rcabanas/dev/credici/papers/journalEM/models
/mnt/beegfs/rcabanas/dev/credici/target/credici-0.1.5-jar-with-dependencies.jar
/mnt/beegfs/rcabanas/dev/credici/papers/journalEM/code/GenerateModel.java
run java
java -Xmx64g -cp /mnt/beegfs/rcabanas/dev/credici/target/credici-0.1.5-jar-with-dependencies.jar /mnt/beegfs/rcabanas/dev/credici/papers/journalEM/code/GenerateModel.java -n 7 -d 1000 -di 0.5 -mr 0.98 -r 1.0 --seed 170 --output /mnt/beegfs/rcabanas/dev/credici/papers/journalEM/models/synthetic/s3/ --debug 
/mnt/beegfs/rcabanas/dev/credici/papers/journalEM/models
Running generatemodels.py
numnodes=7
seed=109
/mnt/beegfs/rcabanas/dev/credici
Running generatemodels.py
numnodes=7
seed=200
/mnt/beegfs/rcabanas/dev/credici
/mnt/beegfs/rcabanas/dev/credici/target/credici-0.1.5-jar-with-dependencies.jar
/mnt/beegfs/rcabanas/dev/credici/papers/journalEM
/mnt/beegfs/rcabanas/dev/credici/papers/journalEM/output_test
/mnt/beegfs/rcabanas/dev/credici/papers/journalEM/models
/mnt/beegfs/rcabanas/dev/credici/target/credici-0.1.5-jar-with-dependencies.jar
/mnt/beegfs/rcabanas/dev/credici
/mnt/beegfs/rcabanas/dev/credici/papers/journalEM
/mnt/beegfs/rcabanas/dev/credici/papers/journalEM/output_test
/mnt/beegfs/rcabanas/dev/credici/papers/journalEM/models
/mnt/beegfs/rcabanas/dev/credici/target/credici-0.1.5-jar-with-dependencies.jar
/mnt/beegfs/rcabanas/dev/credici/papers/journalEM/code/GenerateModel.java
run java
/mnt/beegfs/rcabanas/dev/credici/papers/journalEM
/mnt/beegfs/rcabanas/dev/credici/papers/journalEM/output_test
/mnt/beegfs/rcabanas/dev/credici/papers/journalEM/models
/mnt/beegfs/rcabanas/dev/credici/target/credici-0.1.5-jar-with-dependencies.jar
/mnt/beegfs/rcabanas/dev/credici/papers/journalEM/code/GenerateModel.java
run java
java -Xmx64g -cp /mnt/beegfs/rcabanas/dev/credici/target/credici-0.1.5-jar-with-dependencies.jar /mnt/beegfs/rcabanas/dev/credici/papers/journalEM/code/GenerateModel.java -n 7 -d 1000 -di 0.5 -mr 0.98 -r 1.0 --seed 102 --output /mnt/beegfs/rcabanas/dev/credici/papers/journalEM/models/synthetic/s3/ --debug 
/mnt/beegfs/rcabanas/dev/credici/papers/journalEM/code/GenerateModel.java
/mnt/beegfs/rcabanas/dev/credici/papers/journalEM/code/GenerateModel.java
run java
java -Xmx64g -cp /mnt/beegfs/rcabanas/dev/credici/target/credici-0.1.5-jar-with-dependencies.jar /mnt/beegfs/rcabanas/dev/credici/papers/journalEM/code/GenerateModel.java -n 7 -d 1000 -di 0.5 -mr 0.98 -r 1.0 --seed 109 --output /mnt/beegfs/rcabanas/dev/credici/papers/journalEM/models/synthetic/s3/ --debug 
java -Xmx64g -cp /mnt/beegfs/rcabanas/dev/credici/target/credici-0.1.5-jar-with-dependencies.jar /mnt/beegfs/rcabanas/dev/credici/papers/journalEM/code/GenerateModel.java -n 7 -d 1000 -di 0.5 -mr 0.98 -r 1.0 --seed 200 --output /mnt/beegfs/rcabanas/dev/credici/papers/journalEM/models/synthetic/s3/ --debug 
run java
java -Xmx64g -cp /mnt/beegfs/rcabanas/dev/credici/target/credici-0.1.5-jar-with-dependencies.jar /mnt/beegfs/rcabanas/dev/credici/papers/journalEM/code/GenerateModel.java -n 7 -d 1000 -di 0.5 -mr 0.98 -r 1.0 --seed 198 --output /mnt/beegfs/rcabanas/dev/credici/papers/journalEM/models/synthetic/s3/ --debug 
['generatemodels.py', '7', '144']
Running generatemodels.py
numnodes=7
seed=144
/mnt/beegfs/rcabanas/dev/credici
/mnt/beegfs/rcabanas/dev/credici/papers/journalEM
/mnt/beegfs/rcabanas/dev/credici/papers/journalEM/output_test
/mnt/beegfs/rcabanas/dev/credici/papers/journalEM/models
/mnt/beegfs/rcabanas/dev/credici/target/credici-0.1.5-jar-with-dependencies.jar
/mnt/beegfs/rcabanas/dev/credici/papers/journalEM/code/GenerateModel.java
run java
java -Xmx64g -cp /mnt/beegfs/rcabanas/dev/credici/target/credici-0.1.5-jar-with-dependencies.jar /mnt/beegfs/rcabanas/dev/credici/papers/journalEM/code/GenerateModel.java -n 7 -d 1000 -di 0.5 -mr 0.98 -r 1.0 --seed 144 --output /mnt/beegfs/rcabanas/dev/credici/papers/journalEM/models/synthetic/s3/ --debug 
['generatemodels.py', '7', '156']
Running generatemodels.py
numnodes=7
seed=156
/mnt/beegfs/rcabanas/dev/credici
/mnt/beegfs/rcabanas/dev/credici/papers/journalEM
/mnt/beegfs/rcabanas/dev/credici/papers/journalEM/output_test
/mnt/beegfs/rcabanas/dev/credici/papers/journalEM/models
/mnt/beegfs/rcabanas/dev/credici/target/credici-0.1.5-jar-with-dependencies.jar
/mnt/beegfs/rcabanas/dev/credici/papers/journalEM/code/GenerateModel.java
run java
java -Xmx64g -cp /mnt/beegfs/rcabanas/dev/credici/target/credici-0.1.5-jar-with-dependencies.jar /mnt/beegfs/rcabanas/dev/credici/papers/journalEM/code/GenerateModel.java -n 7 -d 1000 -di 0.5 -mr 0.98 -r 1.0 --seed 156 --output /mnt/beegfs/rcabanas/dev/credici/papers/journalEM/models/synthetic/s3/ --debug 
['generatemodels.py', '7', '124']
['generatemodels.py', '7', '178']
Running generatemodels.py
numnodes=7
seed=124
/mnt/beegfs/rcabanas/dev/credici
/mnt/beegfs/rcabanas/dev/credici/papers/journalEM
/mnt/beegfs/rcabanas/dev/credici/papers/journalEM/output_test
/mnt/beegfs/rcabanas/dev/credici/papers/journalEM/models
/mnt/beegfs/rcabanas/dev/credici/target/credici-0.1.5-jar-with-dependencies.jar
/mnt/beegfs/rcabanas/dev/credici/papers/journalEM/code/GenerateModel.java
run java
java -Xmx64g -cp /mnt/beegfs/rcabanas/dev/credici/target/credici-0.1.5-jar-with-dependencies.jar /mnt/beegfs/rcabanas/dev/credici/papers/journalEM/code/GenerateModel.java -n 7 -d 1000 -di 0.5 -mr 0.98 -r 1.0 --seed 124 --output /mnt/beegfs/rcabanas/dev/credici/papers/journalEM/models/synthetic/s3/ --debug 
['generatemodels.py', '7', '147']
Running generatemodels.py
numnodes=7
seed=178
/mnt/beegfs/rcabanas/dev/credici
/mnt/beegfs/rcabanas/dev/credici/papers/journalEM
/mnt/beegfs/rcabanas/dev/credici/papers/journalEM/output_test
/mnt/beegfs/rcabanas/dev/credici/papers/journalEM/models
/mnt/beegfs/rcabanas/dev/credici/target/credici-0.1.5-jar-with-dependencies.jar
/mnt/beegfs/rcabanas/dev/credici/papers/journalEM/code/GenerateModel.java
run java
java -Xmx64g -cp /mnt/beegfs/rcabanas/dev/credici/target/credici-0.1.5-jar-with-dependencies.jar /mnt/beegfs/rcabanas/dev/credici/papers/journalEM/code/GenerateModel.java -n 7 -d 1000 -di 0.5 -mr 0.98 -r 1.0 --seed 178 --output /mnt/beegfs/rcabanas/dev/credici/papers/journalEM/models/synthetic/s3/ --debug 
['generatemodels.py', '7', '175']
Running generatemodels.py
numnodes=7
seed=147
/mnt/beegfs/rcabanas/dev/credici
/mnt/beegfs/rcabanas/dev/credici/papers/journalEM
/mnt/beegfs/rcabanas/dev/credici/papers/journalEM/output_test
/mnt/beegfs/rcabanas/dev/credici/papers/journalEM/models
/mnt/beegfs/rcabanas/dev/credici/target/credici-0.1.5-jar-with-dependencies.jar
/mnt/beegfs/rcabanas/dev/credici/papers/journalEM/code/GenerateModel.java
run java
java -Xmx64g -cp /mnt/beegfs/rcabanas/dev/credici/target/credici-0.1.5-jar-with-dependencies.jar /mnt/beegfs/rcabanas/dev/credici/papers/journalEM/code/GenerateModel.java -n 7 -d 1000 -di 0.5 -mr 0.98 -r 1.0 --seed 147 --output /mnt/beegfs/rcabanas/dev/credici/papers/journalEM/models/synthetic/s3/ --debug 
Running generatemodels.py
numnodes=7
seed=175
/mnt/beegfs/rcabanas/dev/credici
/mnt/beegfs/rcabanas/dev/credici/papers/journalEM
/mnt/beegfs/rcabanas/dev/credici/papers/journalEM/output_test
/mnt/beegfs/rcabanas/dev/credici/papers/journalEM/models
/mnt/beegfs/rcabanas/dev/credici/target/credici-0.1.5-jar-with-dependencies.jar
/mnt/beegfs/rcabanas/dev/credici/papers/journalEM/code/GenerateModel.java
run java
java -Xmx64g -cp /mnt/beegfs/rcabanas/dev/credici/target/credici-0.1.5-jar-with-dependencies.jar /mnt/beegfs/rcabanas/dev/credici/papers/journalEM/code/GenerateModel.java -n 7 -d 1000 -di 0.5 -mr 0.98 -r 1.0 --seed 175 --output /mnt/beegfs/rcabanas/dev/credici/papers/journalEM/models/synthetic/s3/ --debug 
['generatemodels.py', '7', '189']
['generatemodels.py', '7', '132']
['generatemodels.py', '7', '108']
Running generatemodels.py
numnodes=7
seed=189
/mnt/beegfs/rcabanas/dev/credici
/mnt/beegfs/rcabanas/dev/credici/papers/journalEM
/mnt/beegfs/rcabanas/dev/credici/papers/journalEM/output_test
/mnt/beegfs/rcabanas/dev/credici/papers/journalEM/models
/mnt/beegfs/rcabanas/dev/credici/target/credici-0.1.5-jar-with-dependencies.jar
/mnt/beegfs/rcabanas/dev/credici/papers/journalEM/code/GenerateModel.java
run java
java -Xmx64g -cp /mnt/beegfs/rcabanas/dev/credici/target/credici-0.1.5-jar-with-dependencies.jar /mnt/beegfs/rcabanas/dev/credici/papers/journalEM/code/GenerateModel.java -n 7 -d 1000 -di 0.5 -mr 0.98 -r 1.0 --seed 189 --output /mnt/beegfs/rcabanas/dev/credici/papers/journalEM/models/synthetic/s3/ --debug 
Running generatemodels.py
numnodes=7
seed=132
/mnt/beegfs/rcabanas/dev/credici
/mnt/beegfs/rcabanas/dev/credici/papers/journalEM
/mnt/beegfs/rcabanas/dev/credici/papers/journalEM/output_test
/mnt/beegfs/rcabanas/dev/credici/papers/journalEM/models
/mnt/beegfs/rcabanas/dev/credici/target/credici-0.1.5-jar-with-dependencies.jar
/mnt/beegfs/rcabanas/dev/credici/papers/journalEM/code/GenerateModel.java
run java
java -Xmx64g -cp /mnt/beegfs/rcabanas/dev/credici/target/credici-0.1.5-jar-with-dependencies.jar /mnt/beegfs/rcabanas/dev/credici/papers/journalEM/code/GenerateModel.java -n 7 -d 1000 -di 0.5 -mr 0.98 -r 1.0 --seed 132 --output /mnt/beegfs/rcabanas/dev/credici/papers/journalEM/models/synthetic/s3/ --debug 
['generatemodels.py', '7', '162']
Running generatemodels.py
numnodes=7
seed=108
/mnt/beegfs/rcabanas/dev/credici
/mnt/beegfs/rcabanas/dev/credici/papers/journalEM
/mnt/beegfs/rcabanas/dev/credici/papers/journalEM/output_test
/mnt/beegfs/rcabanas/dev/credici/papers/journalEM/models
/mnt/beegfs/rcabanas/dev/credici/target/credici-0.1.5-jar-with-dependencies.jar
/mnt/beegfs/rcabanas/dev/credici/papers/journalEM/code/GenerateModel.java
run java
java -Xmx64g -cp /mnt/beegfs/rcabanas/dev/credici/target/credici-0.1.5-jar-with-dependencies.jar /mnt/beegfs/rcabanas/dev/credici/papers/journalEM/code/GenerateModel.java -n 7 -d 1000 -di 0.5 -mr 0.98 -r 1.0 --seed 108 --output /mnt/beegfs/rcabanas/dev/credici/papers/journalEM/models/synthetic/s3/ --debug 
Running generatemodels.py
numnodes=7
seed=162
/mnt/beegfs/rcabanas/dev/credici
/mnt/beegfs/rcabanas/dev/credici/papers/journalEM
/mnt/beegfs/rcabanas/dev/credici/papers/journalEM/output_test
/mnt/beegfs/rcabanas/dev/credici/papers/journalEM/models
/mnt/beegfs/rcabanas/dev/credici/target/credici-0.1.5-jar-with-dependencies.jar
/mnt/beegfs/rcabanas/dev/credici/papers/journalEM/code/GenerateModel.java
run java
java -Xmx64g -cp /mnt/beegfs/rcabanas/dev/credici/target/credici-0.1.5-jar-with-dependencies.jar /mnt/beegfs/rcabanas/dev/credici/papers/journalEM/code/GenerateModel.java -n 7 -d 1000 -di 0.5 -mr 0.98 -r 1.0 --seed 162 --output /mnt/beegfs/rcabanas/dev/credici/papers/journalEM/models/synthetic/s3/ --debug 
['generatemodels.py', '7', '161']
['generatemodels.py', '7', '177']
['generatemodels.py', '7', '168']
Running generatemodels.py
numnodes=7
seed=161
/mnt/beegfs/rcabanas/dev/credici
/mnt/beegfs/rcabanas/dev/credici/papers/journalEM
/mnt/beegfs/rcabanas/dev/credici/papers/journalEM/output_test
/mnt/beegfs/rcabanas/dev/credici/papers/journalEM/models
/mnt/beegfs/rcabanas/dev/credici/target/credici-0.1.5-jar-with-dependencies.jar
/mnt/beegfs/rcabanas/dev/credici/papers/journalEM/code/GenerateModel.java
run java
java -Xmx64g -cp /mnt/beegfs/rcabanas/dev/credici/target/credici-0.1.5-jar-with-dependencies.jar /mnt/beegfs/rcabanas/dev/credici/papers/journalEM/code/GenerateModel.java -n 7 -d 1000 -di 0.5 -mr 0.98 -r 1.0 --seed 161 --output /mnt/beegfs/rcabanas/dev/credici/papers/journalEM/models/synthetic/s3/ --debug 
Running generatemodels.py
numnodes=7
seed=177
/mnt/beegfs/rcabanas/dev/credici
/mnt/beegfs/rcabanas/dev/credici/papers/journalEM
/mnt/beegfs/rcabanas/dev/credici/papers/journalEM/output_test
/mnt/beegfs/rcabanas/dev/credici/papers/journalEM/models
/mnt/beegfs/rcabanas/dev/credici/target/credici-0.1.5-jar-with-dependencies.jar
/mnt/beegfs/rcabanas/dev/credici/papers/journalEM/code/GenerateModel.java
run java
java -Xmx64g -cp /mnt/beegfs/rcabanas/dev/credici/target/credici-0.1.5-jar-with-dependencies.jar /mnt/beegfs/rcabanas/dev/credici/papers/journalEM/code/GenerateModel.java -n 7 -d 1000 -di 0.5 -mr 0.98 -r 1.0 --seed 177 --output /mnt/beegfs/rcabanas/dev/credici/papers/journalEM/models/synthetic/s3/ --debug 
Running generatemodels.py
numnodes=7
seed=168
/mnt/beegfs/rcabanas/dev/credici
/mnt/beegfs/rcabanas/dev/credici/papers/journalEM
/mnt/beegfs/rcabanas/dev/credici/papers/journalEM/output_test
/mnt/beegfs/rcabanas/dev/credici/papers/journalEM/models
/mnt/beegfs/rcabanas/dev/credici/target/credici-0.1.5-jar-with-dependencies.jar
/mnt/beegfs/rcabanas/dev/credici/papers/journalEM/code/GenerateModel.java
run java
java -Xmx64g -cp /mnt/beegfs/rcabanas/dev/credici/target/credici-0.1.5-jar-with-dependencies.jar /mnt/beegfs/rcabanas/dev/credici/papers/journalEM/code/GenerateModel.java -n 7 -d 1000 -di 0.5 -mr 0.98 -r 1.0 --seed 168 --output /mnt/beegfs/rcabanas/dev/credici/papers/journalEM/models/synthetic/s3/ --debug 
['generatemodels.py', '7', '148']
['generatemodels.py', '7', '120']
Running generatemodels.py
numnodes=7
seed=148
/mnt/beegfs/rcabanas/dev/credici
/mnt/beegfs/rcabanas/dev/credici/papers/journalEM
/mnt/beegfs/rcabanas/dev/credici/papers/journalEM/output_test
/mnt/beegfs/rcabanas/dev/credici/papers/journalEM/models
/mnt/beegfs/rcabanas/dev/credici/target/credici-0.1.5-jar-with-dependencies.jar
/mnt/beegfs/rcabanas/dev/credici/papers/journalEM/code/GenerateModel.java
run java
java -Xmx64g -cp /mnt/beegfs/rcabanas/dev/credici/target/credici-0.1.5-jar-with-dependencies.jar /mnt/beegfs/rcabanas/dev/credici/papers/journalEM/code/GenerateModel.java -n 7 -d 1000 -di 0.5 -mr 0.98 -r 1.0 --seed 148 --output /mnt/beegfs/rcabanas/dev/credici/papers/journalEM/models/synthetic/s3/ --debug 
Running generatemodels.py
numnodes=7
seed=120
/mnt/beegfs/rcabanas/dev/credici
/mnt/beegfs/rcabanas/dev/credici/papers/journalEM
/mnt/beegfs/rcabanas/dev/credici/papers/journalEM/output_test
/mnt/beegfs/rcabanas/dev/credici/papers/journalEM/models
/mnt/beegfs/rcabanas/dev/credici/target/credici-0.1.5-jar-with-dependencies.jar
/mnt/beegfs/rcabanas/dev/credici/papers/journalEM/code/GenerateModel.java
run java
java -Xmx64g -cp /mnt/beegfs/rcabanas/dev/credici/target/credici-0.1.5-jar-with-dependencies.jar /mnt/beegfs/rcabanas/dev/credici/papers/journalEM/code/GenerateModel.java -n 7 -d 1000 -di 0.5 -mr 0.98 -r 1.0 --seed 120 --output /mnt/beegfs/rcabanas/dev/credici/papers/journalEM/models/synthetic/s3/ --debug 
['generatemodels.py', '7', '155']
Running generatemodels.py
numnodes=7
seed=155
/mnt/beegfs/rcabanas/dev/credici
/mnt/beegfs/rcabanas/dev/credici/papers/journalEM
/mnt/beegfs/rcabanas/dev/credici/papers/journalEM/output_test
/mnt/beegfs/rcabanas/dev/credici/papers/journalEM/models
/mnt/beegfs/rcabanas/dev/credici/target/credici-0.1.5-jar-with-dependencies.jar
/mnt/beegfs/rcabanas/dev/credici/papers/journalEM/code/GenerateModel.java
run java
java -Xmx64g -cp /mnt/beegfs/rcabanas/dev/credici/target/credici-0.1.5-jar-with-dependencies.jar /mnt/beegfs/rcabanas/dev/credici/papers/journalEM/code/GenerateModel.java -n 7 -d 1000 -di 0.5 -mr 0.98 -r 1.0 --seed 155 --output /mnt/beegfs/rcabanas/dev/credici/papers/journalEM/models/synthetic/s3/ --debug 
['generatemodels.py', '7', '176']
['generatemodels.py', '7', '145']
Running generatemodels.py
Running generatemodels.py
numnodes=7
numnodes=7
seed=145
seed=176
/mnt/beegfs/rcabanas/dev/credici
/mnt/beegfs/rcabanas/dev/credici/papers/journalEM
/mnt/beegfs/rcabanas/dev/credici/papers/journalEM/output_test
/mnt/beegfs/rcabanas/dev/credici/papers/journalEM/models
/mnt/beegfs/rcabanas/dev/credici/target/credici-0.1.5-jar-with-dependencies.jar
/mnt/beegfs/rcabanas/dev/credici
/mnt/beegfs/rcabanas/dev/credici/papers/journalEM/code/GenerateModel.java
/mnt/beegfs/rcabanas/dev/credici/papers/journalEM
run java
java -Xmx64g -cp /mnt/beegfs/rcabanas/dev/credici/target/credici-0.1.5-jar-with-dependencies.jar /mnt/beegfs/rcabanas/dev/credici/papers/journalEM/code/GenerateModel.java -n 7 -d 1000 -di 0.5 -mr 0.98 -r 1.0 --seed 145 --output /mnt/beegfs/rcabanas/dev/credici/papers/journalEM/models/synthetic/s3/ --debug 
/mnt/beegfs/rcabanas/dev/credici/papers/journalEM/output_test
/mnt/beegfs/rcabanas/dev/credici/papers/journalEM/models
/mnt/beegfs/rcabanas/dev/credici/target/credici-0.1.5-jar-with-dependencies.jar
/mnt/beegfs/rcabanas/dev/credici/papers/journalEM/code/GenerateModel.java
run java
java -Xmx64g -cp /mnt/beegfs/rcabanas/dev/credici/target/credici-0.1.5-jar-with-dependencies.jar /mnt/beegfs/rcabanas/dev/credici/papers/journalEM/code/GenerateModel.java -n 7 -d 1000 -di 0.5 -mr 0.98 -r 1.0 --seed 176 --output /mnt/beegfs/rcabanas/dev/credici/papers/journalEM/models/synthetic/s3/ --debug 
['generatemodels.py', '7', '183']
['generatemodels.py', '7', '164']
['generatemodels.py', '7', '150']
['generatemodels.py', '7', '138']
Running generatemodels.py
numnodes=7
seed=183
/mnt/beegfs/rcabanas/dev/credici
/mnt/beegfs/rcabanas/dev/credici/papers/journalEM
/mnt/beegfs/rcabanas/dev/credici/papers/journalEM/output_test
/mnt/beegfs/rcabanas/dev/credici/papers/journalEM/models
/mnt/beegfs/rcabanas/dev/credici/target/credici-0.1.5-jar-with-dependencies.jar
/mnt/beegfs/rcabanas/dev/credici/papers/journalEM/code/GenerateModel.java
run java
java -Xmx64g -cp /mnt/beegfs/rcabanas/dev/credici/target/credici-0.1.5-jar-with-dependencies.jar /mnt/beegfs/rcabanas/dev/credici/papers/journalEM/code/GenerateModel.java -n 7 -d 1000 -di 0.5 -mr 0.98 -r 1.0 --seed 183 --output /mnt/beegfs/rcabanas/dev/credici/papers/journalEM/models/synthetic/s3/ --debug 
Running generatemodels.py
numnodes=7
seed=164
/mnt/beegfs/rcabanas/dev/credici
/mnt/beegfs/rcabanas/dev/credici/papers/journalEM
/mnt/beegfs/rcabanas/dev/credici/papers/journalEM/output_test
/mnt/beegfs/rcabanas/dev/credici/papers/journalEM/models
/mnt/beegfs/rcabanas/dev/credici/target/credici-0.1.5-jar-with-dependencies.jar
/mnt/beegfs/rcabanas/dev/credici/papers/journalEM/code/GenerateModel.java
run java
java -Xmx64g -cp /mnt/beegfs/rcabanas/dev/credici/target/credici-0.1.5-jar-with-dependencies.jar /mnt/beegfs/rcabanas/dev/credici/papers/journalEM/code/GenerateModel.java -n 7 -d 1000 -di 0.5 -mr 0.98 -r 1.0 --seed 164 --output /mnt/beegfs/rcabanas/dev/credici/papers/journalEM/models/synthetic/s3/ --debug 
['generatemodels.py', '7', '137']
Running generatemodels.py
numnodes=7
seed=150
/mnt/beegfs/rcabanas/dev/credici
Running generatemodels.py
numnodes=7
/mnt/beegfs/rcabanas/dev/credici/papers/journalEM
seed=138
/mnt/beegfs/rcabanas/dev/credici/papers/journalEM/output_test
/mnt/beegfs/rcabanas/dev/credici/papers/journalEM/models
/mnt/beegfs/rcabanas/dev/credici/target/credici-0.1.5-jar-with-dependencies.jar
/mnt/beegfs/rcabanas/dev/credici/papers/journalEM/code/GenerateModel.java
/mnt/beegfs/rcabanas/dev/credici
run java
/mnt/beegfs/rcabanas/dev/credici/papers/journalEM
java -Xmx64g -cp /mnt/beegfs/rcabanas/dev/credici/target/credici-0.1.5-jar-with-dependencies.jar /mnt/beegfs/rcabanas/dev/credici/papers/journalEM/code/GenerateModel.java -n 7 -d 1000 -di 0.5 -mr 0.98 -r 1.0 --seed 150 --output /mnt/beegfs/rcabanas/dev/credici/papers/journalEM/models/synthetic/s3/ --debug 
/mnt/beegfs/rcabanas/dev/credici/papers/journalEM/output_test
/mnt/beegfs/rcabanas/dev/credici/papers/journalEM/models
/mnt/beegfs/rcabanas/dev/credici/target/credici-0.1.5-jar-with-dependencies.jar
/mnt/beegfs/rcabanas/dev/credici/papers/journalEM/code/GenerateModel.java
run java
java -Xmx64g -cp /mnt/beegfs/rcabanas/dev/credici/target/credici-0.1.5-jar-with-dependencies.jar /mnt/beegfs/rcabanas/dev/credici/papers/journalEM/code/GenerateModel.java -n 7 -d 1000 -di 0.5 -mr 0.98 -r 1.0 --seed 138 --output /mnt/beegfs/rcabanas/dev/credici/papers/journalEM/models/synthetic/s3/ --debug 
Running generatemodels.py
numnodes=7
seed=137
/mnt/beegfs/rcabanas/dev/credici
/mnt/beegfs/rcabanas/dev/credici/papers/journalEM
/mnt/beegfs/rcabanas/dev/credici/papers/journalEM/output_test
/mnt/beegfs/rcabanas/dev/credici/papers/journalEM/models
/mnt/beegfs/rcabanas/dev/credici/target/credici-0.1.5-jar-with-dependencies.jar
/mnt/beegfs/rcabanas/dev/credici/papers/journalEM/code/GenerateModel.java
run java
java -Xmx64g -cp /mnt/beegfs/rcabanas/dev/credici/target/credici-0.1.5-jar-with-dependencies.jar /mnt/beegfs/rcabanas/dev/credici/papers/journalEM/code/GenerateModel.java -n 7 -d 1000 -di 0.5 -mr 0.98 -r 1.0 --seed 137 --output /mnt/beegfs/rcabanas/dev/credici/papers/journalEM/models/synthetic/s3/ --debug 
['generatemodels.py', '7', '128']
['generatemodels.py', '7', '187']
['generatemodels.py', '7', '197']
['generatemodels.py', '7', '167']
Running generatemodels.py
numnodes=7
seed=128
/mnt/beegfs/rcabanas/dev/credici
/mnt/beegfs/rcabanas/dev/credici/papers/journalEM
['generatemodels.py', '7', '146']
/mnt/beegfs/rcabanas/dev/credici/papers/journalEM/output_test
/mnt/beegfs/rcabanas/dev/credici/papers/journalEM/models
/mnt/beegfs/rcabanas/dev/credici/target/credici-0.1.5-jar-with-dependencies.jar
/mnt/beegfs/rcabanas/dev/credici/papers/journalEM/code/GenerateModel.java
run java
java -Xmx64g -cp /mnt/beegfs/rcabanas/dev/credici/target/credici-0.1.5-jar-with-dependencies.jar /mnt/beegfs/rcabanas/dev/credici/papers/journalEM/code/GenerateModel.java -n 7 -d 1000 -di 0.5 -mr 0.98 -r 1.0 --seed 128 --output /mnt/beegfs/rcabanas/dev/credici/papers/journalEM/models/synthetic/s3/ --debug 
['generatemodels.py', '7', '119']
Running generatemodels.py
numnodes=7
seed=187
/mnt/beegfs/rcabanas/dev/credici
/mnt/beegfs/rcabanas/dev/credici/papers/journalEM
/mnt/beegfs/rcabanas/dev/credici/papers/journalEM/output_test
/mnt/beegfs/rcabanas/dev/credici/papers/journalEM/models
/mnt/beegfs/rcabanas/dev/credici/target/credici-0.1.5-jar-with-dependencies.jar
/mnt/beegfs/rcabanas/dev/credici/papers/journalEM/code/GenerateModel.java
run java
java -Xmx64g -cp /mnt/beegfs/rcabanas/dev/credici/target/credici-0.1.5-jar-with-dependencies.jar /mnt/beegfs/rcabanas/dev/credici/papers/journalEM/code/GenerateModel.java -n 7 -d 1000 -di 0.5 -mr 0.98 -r 1.0 --seed 187 --output /mnt/beegfs/rcabanas/dev/credici/papers/journalEM/models/synthetic/s3/ --debug 
Running generatemodels.py
numnodes=7
seed=197
/mnt/beegfs/rcabanas/dev/credici
/mnt/beegfs/rcabanas/dev/credici/papers/journalEM
/mnt/beegfs/rcabanas/dev/credici/papers/journalEM/output_test
/mnt/beegfs/rcabanas/dev/credici/papers/journalEM/models
/mnt/beegfs/rcabanas/dev/credici/target/credici-0.1.5-jar-with-dependencies.jar
/mnt/beegfs/rcabanas/dev/credici/papers/journalEM/code/GenerateModel.java
run java
java -Xmx64g -cp /mnt/beegfs/rcabanas/dev/credici/target/credici-0.1.5-jar-with-dependencies.jar /mnt/beegfs/rcabanas/dev/credici/papers/journalEM/code/GenerateModel.java -n 7 -d 1000 -di 0.5 -mr 0.98 -r 1.0 --seed 197 --output /mnt/beegfs/rcabanas/dev/credici/papers/journalEM/models/synthetic/s3/ --debug 
Running generatemodels.py
['generatemodels.py', '7', '125']
['generatemodels.py', '7', '157']
numnodes=7
seed=167
/mnt/beegfs/rcabanas/dev/credici
/mnt/beegfs/rcabanas/dev/credici/papers/journalEM
/mnt/beegfs/rcabanas/dev/credici/papers/journalEM/output_test
/mnt/beegfs/rcabanas/dev/credici/papers/journalEM/models
/mnt/beegfs/rcabanas/dev/credici/target/credici-0.1.5-jar-with-dependencies.jar
/mnt/beegfs/rcabanas/dev/credici/papers/journalEM/code/GenerateModel.java
run java
java -Xmx64g -cp /mnt/beegfs/rcabanas/dev/credici/target/credici-0.1.5-jar-with-dependencies.jar /mnt/beegfs/rcabanas/dev/credici/papers/journalEM/code/GenerateModel.java -n 7 -d 1000 -di 0.5 -mr 0.98 -r 1.0 --seed 167 --output /mnt/beegfs/rcabanas/dev/credici/papers/journalEM/models/synthetic/s3/ --debug 
['generatemodels.py', '7', '121']
['generatemodels.py', '7', '154']
Running generatemodels.py
numnodes=7
seed=146
/mnt/beegfs/rcabanas/dev/credici
/mnt/beegfs/rcabanas/dev/credici/papers/journalEM
/mnt/beegfs/rcabanas/dev/credici/papers/journalEM/output_test
/mnt/beegfs/rcabanas/dev/credici/papers/journalEM/models
/mnt/beegfs/rcabanas/dev/credici/target/credici-0.1.5-jar-with-dependencies.jar
/mnt/beegfs/rcabanas/dev/credici/papers/journalEM/code/GenerateModel.java
run java
java -Xmx64g -cp /mnt/beegfs/rcabanas/dev/credici/target/credici-0.1.5-jar-with-dependencies.jar /mnt/beegfs/rcabanas/dev/credici/papers/journalEM/code/GenerateModel.java -n 7 -d 1000 -di 0.5 -mr 0.98 -r 1.0 --seed 146 --output /mnt/beegfs/rcabanas/dev/credici/papers/journalEM/models/synthetic/s3/ --debug 
['generatemodels.py', '7', '106']
Running generatemodels.py
numnodes=7
seed=119
/mnt/beegfs/rcabanas/dev/credici
/mnt/beegfs/rcabanas/dev/credici/papers/journalEM
/mnt/beegfs/rcabanas/dev/credici/papers/journalEM/output_test
/mnt/beegfs/rcabanas/dev/credici/papers/journalEM/models
/mnt/beegfs/rcabanas/dev/credici/target/credici-0.1.5-jar-with-dependencies.jar
/mnt/beegfs/rcabanas/dev/credici/papers/journalEM/code/GenerateModel.java
run java
java -Xmx64g -cp /mnt/beegfs/rcabanas/dev/credici/target/credici-0.1.5-jar-with-dependencies.jar /mnt/beegfs/rcabanas/dev/credici/papers/journalEM/code/GenerateModel.java -n 7 -d 1000 -di 0.5 -mr 0.98 -r 1.0 --seed 119 --output /mnt/beegfs/rcabanas/dev/credici/papers/journalEM/models/synthetic/s3/ --debug 
['generatemodels.py', '7', '158']
Running generatemodels.py
numnodes=7
seed=125
/mnt/beegfs/rcabanas/dev/credici
/mnt/beegfs/rcabanas/dev/credici/papers/journalEM
/mnt/beegfs/rcabanas/dev/credici/papers/journalEM/output_test
/mnt/beegfs/rcabanas/dev/credici/papers/journalEM/models
/mnt/beegfs/rcabanas/dev/credici/target/credici-0.1.5-jar-with-dependencies.jar
/mnt/beegfs/rcabanas/dev/credici/papers/journalEM/code/GenerateModel.java
run java
java -Xmx64g -cp /mnt/beegfs/rcabanas/dev/credici/target/credici-0.1.5-jar-with-dependencies.jar /mnt/beegfs/rcabanas/dev/credici/papers/journalEM/code/GenerateModel.java -n 7 -d 1000 -di 0.5 -mr 0.98 -r 1.0 --seed 125 --output /mnt/beegfs/rcabanas/dev/credici/papers/journalEM/models/synthetic/s3/ --debug 
Running generatemodels.py
numnodes=7
seed=157
/mnt/beegfs/rcabanas/dev/credici
/mnt/beegfs/rcabanas/dev/credici/papers/journalEM
/mnt/beegfs/rcabanas/dev/credici/papers/journalEM/output_test
/mnt/beegfs/rcabanas/dev/credici/papers/journalEM/models
/mnt/beegfs/rcabanas/dev/credici/target/credici-0.1.5-jar-with-dependencies.jar
/mnt/beegfs/rcabanas/dev/credici/papers/journalEM/code/GenerateModel.java
run java
java -Xmx64g -cp /mnt/beegfs/rcabanas/dev/credici/target/credici-0.1.5-jar-with-dependencies.jar /mnt/beegfs/rcabanas/dev/credici/papers/journalEM/code/GenerateModel.java -n 7 -d 1000 -di 0.5 -mr 0.98 -r 1.0 --seed 157 --output /mnt/beegfs/rcabanas/dev/credici/papers/journalEM/models/synthetic/s3/ --debug 
['generatemodels.py', '7', '126']
Running generatemodels.py
numnodes=7
seed=121
/mnt/beegfs/rcabanas/dev/credici
/mnt/beegfs/rcabanas/dev/credici/papers/journalEM
/mnt/beegfs/rcabanas/dev/credici/papers/journalEM/output_test
/mnt/beegfs/rcabanas/dev/credici/papers/journalEM/models
/mnt/beegfs/rcabanas/dev/credici/target/credici-0.1.5-jar-with-dependencies.jar
/mnt/beegfs/rcabanas/dev/credici/papers/journalEM/code/GenerateModel.java
run java
java -Xmx64g -cp /mnt/beegfs/rcabanas/dev/credici/target/credici-0.1.5-jar-with-dependencies.jar /mnt/beegfs/rcabanas/dev/credici/papers/journalEM/code/GenerateModel.java -n 7 -d 1000 -di 0.5 -mr 0.98 -r 1.0 --seed 121 --output /mnt/beegfs/rcabanas/dev/credici/papers/journalEM/models/synthetic/s3/ --debug 
Running generatemodels.py
numnodes=7
seed=154
/mnt/beegfs/rcabanas/dev/credici
/mnt/beegfs/rcabanas/dev/credici/papers/journalEM
/mnt/beegfs/rcabanas/dev/credici/papers/journalEM/output_test
/mnt/beegfs/rcabanas/dev/credici/papers/journalEM/models
/mnt/beegfs/rcabanas/dev/credici/target/credici-0.1.5-jar-with-dependencies.jar
/mnt/beegfs/rcabanas/dev/credici/papers/journalEM/code/GenerateModel.java
run java
java -Xmx64g -cp /mnt/beegfs/rcabanas/dev/credici/target/credici-0.1.5-jar-with-dependencies.jar /mnt/beegfs/rcabanas/dev/credici/papers/journalEM/code/GenerateModel.java -n 7 -d 1000 -di 0.5 -mr 0.98 -r 1.0 --seed 154 --output /mnt/beegfs/rcabanas/dev/credici/papers/journalEM/models/synthetic/s3/ --debug 
Running generatemodels.py
numnodes=7
seed=106
/mnt/beegfs/rcabanas/dev/credici
/mnt/beegfs/rcabanas/dev/credici/papers/journalEM
/mnt/beegfs/rcabanas/dev/credici/papers/journalEM/output_test
/mnt/beegfs/rcabanas/dev/credici/papers/journalEM/models
/mnt/beegfs/rcabanas/dev/credici/target/credici-0.1.5-jar-with-dependencies.jar
/mnt/beegfs/rcabanas/dev/credici/papers/journalEM/code/GenerateModel.java
run java
java -Xmx64g -cp /mnt/beegfs/rcabanas/dev/credici/target/credici-0.1.5-jar-with-dependencies.jar /mnt/beegfs/rcabanas/dev/credici/papers/journalEM/code/GenerateModel.java -n 7 -d 1000 -di 0.5 -mr 0.98 -r 1.0 --seed 106 --output /mnt/beegfs/rcabanas/dev/credici/papers/journalEM/models/synthetic/s3/ --debug 
['generatemodels.py', '7', '135']
Running generatemodels.py
numnodes=7
seed=158
/mnt/beegfs/rcabanas/dev/credici
/mnt/beegfs/rcabanas/dev/credici/papers/journalEM
/mnt/beegfs/rcabanas/dev/credici/papers/journalEM/output_test
/mnt/beegfs/rcabanas/dev/credici/papers/journalEM/models
/mnt/beegfs/rcabanas/dev/credici/target/credici-0.1.5-jar-with-dependencies.jar
/mnt/beegfs/rcabanas/dev/credici/papers/journalEM/code/GenerateModel.java
run java
java -Xmx64g -cp /mnt/beegfs/rcabanas/dev/credici/target/credici-0.1.5-jar-with-dependencies.jar /mnt/beegfs/rcabanas/dev/credici/papers/journalEM/code/GenerateModel.java -n 7 -d 1000 -di 0.5 -mr 0.98 -r 1.0 --seed 158 --output /mnt/beegfs/rcabanas/dev/credici/papers/journalEM/models/synthetic/s3/ --debug 
Running generatemodels.py
numnodes=7
seed=126
/mnt/beegfs/rcabanas/dev/credici
/mnt/beegfs/rcabanas/dev/credici/papers/journalEM
/mnt/beegfs/rcabanas/dev/credici/papers/journalEM/output_test
/mnt/beegfs/rcabanas/dev/credici/papers/journalEM/models
/mnt/beegfs/rcabanas/dev/credici/target/credici-0.1.5-jar-with-dependencies.jar
/mnt/beegfs/rcabanas/dev/credici/papers/journalEM/code/GenerateModel.java
run java
java -Xmx64g -cp /mnt/beegfs/rcabanas/dev/credici/target/credici-0.1.5-jar-with-dependencies.jar /mnt/beegfs/rcabanas/dev/credici/papers/journalEM/code/GenerateModel.java -n 7 -d 1000 -di 0.5 -mr 0.98 -r 1.0 --seed 126 --output /mnt/beegfs/rcabanas/dev/credici/papers/journalEM/models/synthetic/s3/ --debug 
['generatemodels.py', '7', '149']
['generatemodels.py', '7', '127']
Running generatemodels.py
numnodes=7
seed=135
/mnt/beegfs/rcabanas/dev/credici
/mnt/beegfs/rcabanas/dev/credici/papers/journalEM
/mnt/beegfs/rcabanas/dev/credici/papers/journalEM/output_test
/mnt/beegfs/rcabanas/dev/credici/papers/journalEM/models
/mnt/beegfs/rcabanas/dev/credici/target/credici-0.1.5-jar-with-dependencies.jar
/mnt/beegfs/rcabanas/dev/credici/papers/journalEM/code/GenerateModel.java
run java
java -Xmx64g -cp /mnt/beegfs/rcabanas/dev/credici/target/credici-0.1.5-jar-with-dependencies.jar /mnt/beegfs/rcabanas/dev/credici/papers/journalEM/code/GenerateModel.java -n 7 -d 1000 -di 0.5 -mr 0.98 -r 1.0 --seed 135 --output /mnt/beegfs/rcabanas/dev/credici/papers/journalEM/models/synthetic/s3/ --debug 
Running generatemodels.py
Running generatemodels.py
numnodes=7
seed=127
numnodes=7
/mnt/beegfs/rcabanas/dev/credici
/mnt/beegfs/rcabanas/dev/credici/papers/journalEM
seed=149
/mnt/beegfs/rcabanas/dev/credici
/mnt/beegfs/rcabanas/dev/credici/papers/journalEM
/mnt/beegfs/rcabanas/dev/credici/papers/journalEM/output_test
/mnt/beegfs/rcabanas/dev/credici/papers/journalEM/models
/mnt/beegfs/rcabanas/dev/credici/target/credici-0.1.5-jar-with-dependencies.jar
['generatemodels.py', '7', '172']
/mnt/beegfs/rcabanas/dev/credici/papers/journalEM/output_test
/mnt/beegfs/rcabanas/dev/credici/papers/journalEM/models
/mnt/beegfs/rcabanas/dev/credici/target/credici-0.1.5-jar-with-dependencies.jar
/mnt/beegfs/rcabanas/dev/credici/papers/journalEM/code/GenerateModel.java
run java
java -Xmx64g -cp /mnt/beegfs/rcabanas/dev/credici/target/credici-0.1.5-jar-with-dependencies.jar /mnt/beegfs/rcabanas/dev/credici/papers/journalEM/code/GenerateModel.java -n 7 -d 1000 -di 0.5 -mr 0.98 -r 1.0 --seed 149 --output /mnt/beegfs/rcabanas/dev/credici/papers/journalEM/models/synthetic/s3/ --debug 
/mnt/beegfs/rcabanas/dev/credici/papers/journalEM/code/GenerateModel.java
run java
java -Xmx64g -cp /mnt/beegfs/rcabanas/dev/credici/target/credici-0.1.5-jar-with-dependencies.jar /mnt/beegfs/rcabanas/dev/credici/papers/journalEM/code/GenerateModel.java -n 7 -d 1000 -di 0.5 -mr 0.98 -r 1.0 --seed 127 --output /mnt/beegfs/rcabanas/dev/credici/papers/journalEM/models/synthetic/s3/ --debug 
Running generatemodels.py
numnodes=7
seed=172
/mnt/beegfs/rcabanas/dev/credici
/mnt/beegfs/rcabanas/dev/credici/papers/journalEM
/mnt/beegfs/rcabanas/dev/credici/papers/journalEM/output_test
/mnt/beegfs/rcabanas/dev/credici/papers/journalEM/models
/mnt/beegfs/rcabanas/dev/credici/target/credici-0.1.5-jar-with-dependencies.jar
/mnt/beegfs/rcabanas/dev/credici/papers/journalEM/code/GenerateModel.java
run java
java -Xmx64g -cp /mnt/beegfs/rcabanas/dev/credici/target/credici-0.1.5-jar-with-dependencies.jar /mnt/beegfs/rcabanas/dev/credici/papers/journalEM/code/GenerateModel.java -n 7 -d 1000 -di 0.5 -mr 0.98 -r 1.0 --seed 172 --output /mnt/beegfs/rcabanas/dev/credici/papers/journalEM/models/synthetic/s3/ --debug 
['generatemodels.py', '7', '196']
['generatemodels.py', '7', '131']
['generatemodels.py', '7', '163']
['generatemodels.py', '7', '166']
Running generatemodels.py
numnodes=7
seed=196
/mnt/beegfs/rcabanas/dev/credici
/mnt/beegfs/rcabanas/dev/credici/papers/journalEM
/mnt/beegfs/rcabanas/dev/credici/papers/journalEM/output_test
/mnt/beegfs/rcabanas/dev/credici/papers/journalEM/models
/mnt/beegfs/rcabanas/dev/credici/target/credici-0.1.5-jar-with-dependencies.jar
/mnt/beegfs/rcabanas/dev/credici/papers/journalEM/code/GenerateModel.java
run java
java -Xmx64g -cp /mnt/beegfs/rcabanas/dev/credici/target/credici-0.1.5-jar-with-dependencies.jar /mnt/beegfs/rcabanas/dev/credici/papers/journalEM/code/GenerateModel.java -n 7 -d 1000 -di 0.5 -mr 0.98 -r 1.0 --seed 196 --output /mnt/beegfs/rcabanas/dev/credici/papers/journalEM/models/synthetic/s3/ --debug 
Running generatemodels.py
numnodes=7
seed=131
/mnt/beegfs/rcabanas/dev/credici
/mnt/beegfs/rcabanas/dev/credici/papers/journalEM
/mnt/beegfs/rcabanas/dev/credici/papers/journalEM/output_test
/mnt/beegfs/rcabanas/dev/credici/papers/journalEM/models
/mnt/beegfs/rcabanas/dev/credici/target/credici-0.1.5-jar-with-dependencies.jar
/mnt/beegfs/rcabanas/dev/credici/papers/journalEM/code/GenerateModel.java
run java
java -Xmx64g -cp /mnt/beegfs/rcabanas/dev/credici/target/credici-0.1.5-jar-with-dependencies.jar /mnt/beegfs/rcabanas/dev/credici/papers/journalEM/code/GenerateModel.java -n 7 -d 1000 -di 0.5 -mr 0.98 -r 1.0 --seed 131 --output /mnt/beegfs/rcabanas/dev/credici/papers/journalEM/models/synthetic/s3/ --debug 
Running generatemodels.py
numnodes=7
seed=163
/mnt/beegfs/rcabanas/dev/credici
/mnt/beegfs/rcabanas/dev/credici/papers/journalEM
/mnt/beegfs/rcabanas/dev/credici/papers/journalEM/output_test
/mnt/beegfs/rcabanas/dev/credici/papers/journalEM/models
/mnt/beegfs/rcabanas/dev/credici/target/credici-0.1.5-jar-with-dependencies.jar
/mnt/beegfs/rcabanas/dev/credici/papers/journalEM/code/GenerateModel.java
run java
java -Xmx64g -cp /mnt/beegfs/rcabanas/dev/credici/target/credici-0.1.5-jar-with-dependencies.jar /mnt/beegfs/rcabanas/dev/credici/papers/journalEM/code/GenerateModel.java -n 7 -d 1000 -di 0.5 -mr 0.98 -r 1.0 --seed 163 --output /mnt/beegfs/rcabanas/dev/credici/papers/journalEM/models/synthetic/s3/ --debug 
Running generatemodels.py
numnodes=7
seed=166
/mnt/beegfs/rcabanas/dev/credici
/mnt/beegfs/rcabanas/dev/credici/papers/journalEM
/mnt/beegfs/rcabanas/dev/credici/papers/journalEM/output_test
/mnt/beegfs/rcabanas/dev/credici/papers/journalEM/models
/mnt/beegfs/rcabanas/dev/credici/target/credici-0.1.5-jar-with-dependencies.jar
/mnt/beegfs/rcabanas/dev/credici/papers/journalEM/code/GenerateModel.java
run java
java -Xmx64g -cp /mnt/beegfs/rcabanas/dev/credici/target/credici-0.1.5-jar-with-dependencies.jar /mnt/beegfs/rcabanas/dev/credici/papers/journalEM/code/GenerateModel.java -n 7 -d 1000 -di 0.5 -mr 0.98 -r 1.0 --seed 166 --output /mnt/beegfs/rcabanas/dev/credici/papers/journalEM/models/synthetic/s3/ --debug 
