20
0
['learnpns.py', '25', '0']
['learnpns.py', '20', '0']
Running generatemodels.py
id=25
seed=0
/mnt/beegfs/rcabanas/dev/credici
/mnt/beegfs/rcabanas/dev/credici/papers/journalEM
/mnt/beegfs/rcabanas/dev/credici/papers/journalEM/output
/mnt/beegfs/rcabanas/dev/credici/papers/journalEM/models
/mnt/beegfs/rcabanas/dev/credici/target/credici-0.1.3-jar-with-dependencies.jar
['random_mc2_n7_mid3_d1000_05_mr098_r10_25.uai', 'random_mc2_n9_mid3_d1000_05_mr098_r10_25.uai', 'random_mc2_n11_mid3_d1000_05_mr098_r10_25.uai', 'random_mc2_n6_mid3_d1000_05_mr098_r10_25.uai', 'random_mc2_n5_mid3_d1000_05_mr098_r10_25.uai']
5 models
/mnt/beegfs/rcabanas/dev/credici/papers/journalEM/code/LearnAndCalculatePNS.java
run java
java -Xmx64g -cp /mnt/beegfs/rcabanas/dev/credici/target/credici-0.1.3-jar-with-dependencies.jar /mnt/beegfs/rcabanas/dev/credici/papers/journalEM/code/LearnAndCalculatePNS.java -w -x 100 -m 500 -sc LLratio -th 1.0 -a EMCC --seed 0 --output /mnt/beegfs/rcabanas/dev/credici/papers/journalEM/output/synthetic/s1 /mnt/beegfs/rcabanas/dev/credici/papers/journalEM/models/synthetic/s1/random_mc2_n5_mid3_d1000_05_mr098_r10_25.uai
Running generatemodels.py
id=20
seed=0
/mnt/beegfs/rcabanas/dev/credici
/mnt/beegfs/rcabanas/dev/credici/papers/journalEM
['learnpns.py', '21', '0']
/mnt/beegfs/rcabanas/dev/credici/papers/journalEM/output
/mnt/beegfs/rcabanas/dev/credici/papers/journalEM/models
/mnt/beegfs/rcabanas/dev/credici/target/credici-0.1.3-jar-with-dependencies.jar
['random_mc2_n9_mid3_d1000_05_mr098_r10_20.uai', 'random_mc2_n6_mid3_d1000_05_mr098_r10_20.uai', 'random_mc2_n5_mid3_d1000_05_mr098_r10_20.uai', 'random_mc2_n7_mid3_d1000_05_mr098_r10_20.uai']
4 models
/mnt/beegfs/rcabanas/dev/credici/papers/journalEM/code/LearnAndCalculatePNS.java
run java
java -Xmx64g -cp /mnt/beegfs/rcabanas/dev/credici/target/credici-0.1.3-jar-with-dependencies.jar /mnt/beegfs/rcabanas/dev/credici/papers/journalEM/code/LearnAndCalculatePNS.java -w -x 100 -m 500 -sc LLratio -th 1.0 -a EMCC --seed 0 --output /mnt/beegfs/rcabanas/dev/credici/papers/journalEM/output/synthetic/s1 /mnt/beegfs/rcabanas/dev/credici/papers/journalEM/models/synthetic/s1/random_mc2_n7_mid3_d1000_05_mr098_r10_20.uai
Running generatemodels.py
id=21
seed=0
/mnt/beegfs/rcabanas/dev/credici
/mnt/beegfs/rcabanas/dev/credici/papers/journalEM
/mnt/beegfs/rcabanas/dev/credici/papers/journalEM/output
/mnt/beegfs/rcabanas/dev/credici/papers/journalEM/models
/mnt/beegfs/rcabanas/dev/credici/target/credici-0.1.3-jar-with-dependencies.jar
['random_mc2_n6_mid3_d1000_05_mr098_r10_21.uai']
1 models
/mnt/beegfs/rcabanas/dev/credici/papers/journalEM/code/LearnAndCalculatePNS.java
run java
java -Xmx64g -cp /mnt/beegfs/rcabanas/dev/credici/target/credici-0.1.3-jar-with-dependencies.jar /mnt/beegfs/rcabanas/dev/credici/papers/journalEM/code/LearnAndCalculatePNS.java -w -x 100 -m 500 -sc LLratio -th 1.0 -a EMCC --seed 0 --output /mnt/beegfs/rcabanas/dev/credici/papers/journalEM/output/synthetic/s1 /mnt/beegfs/rcabanas/dev/credici/papers/journalEM/models/synthetic/s1/random_mc2_n6_mid3_d1000_05_mr098_r10_21.uai
['learnpns.py', '26', '0']
Running generatemodels.py
id=26
seed=0
/mnt/beegfs/rcabanas/dev/credici
/mnt/beegfs/rcabanas/dev/credici/papers/journalEM
/mnt/beegfs/rcabanas/dev/credici/papers/journalEM/output
['learnpns.py', '30', '0']
/mnt/beegfs/rcabanas/dev/credici/papers/journalEM/models
/mnt/beegfs/rcabanas/dev/credici/target/credici-0.1.3-jar-with-dependencies.jar
['random_mc2_n5_mid3_d1000_05_mr098_r10_26.uai', 'random_mc2_n8_mid3_d1000_05_mr098_r10_26.uai']
2 models
/mnt/beegfs/rcabanas/dev/credici/papers/journalEM/code/LearnAndCalculatePNS.java
run java
java -Xmx64g -cp /mnt/beegfs/rcabanas/dev/credici/target/credici-0.1.3-jar-with-dependencies.jar /mnt/beegfs/rcabanas/dev/credici/papers/journalEM/code/LearnAndCalculatePNS.java -w -x 100 -m 500 -sc LLratio -th 1.0 -a EMCC --seed 0 --output /mnt/beegfs/rcabanas/dev/credici/papers/journalEM/output/synthetic/s1 /mnt/beegfs/rcabanas/dev/credici/papers/journalEM/models/synthetic/s1/random_mc2_n8_mid3_d1000_05_mr098_r10_26.uai
['learnpns.py', '29', '0']
['learnpns.py', '24', '0']
Running generatemodels.py
id=30
seed=0
/mnt/beegfs/rcabanas/dev/credici
/mnt/beegfs/rcabanas/dev/credici/papers/journalEM
/mnt/beegfs/rcabanas/dev/credici/papers/journalEM/output
/mnt/beegfs/rcabanas/dev/credici/papers/journalEM/models
/mnt/beegfs/rcabanas/dev/credici/target/credici-0.1.3-jar-with-dependencies.jar
['random_mc2_n6_mid3_d1000_05_mr098_r10_30.uai', 'random_mc2_n8_mid3_d1000_05_mr098_r10_30.uai']
2 models
/mnt/beegfs/rcabanas/dev/credici/papers/journalEM/code/LearnAndCalculatePNS.java
run java
java -Xmx64g -cp /mnt/beegfs/rcabanas/dev/credici/target/credici-0.1.3-jar-with-dependencies.jar /mnt/beegfs/rcabanas/dev/credici/papers/journalEM/code/LearnAndCalculatePNS.java -w -x 100 -m 500 -sc LLratio -th 1.0 -a EMCC --seed 0 --output /mnt/beegfs/rcabanas/dev/credici/papers/journalEM/output/synthetic/s1 /mnt/beegfs/rcabanas/dev/credici/papers/journalEM/models/synthetic/s1/random_mc2_n8_mid3_d1000_05_mr098_r10_30.uai
Running generatemodels.py
id=29
seed=0
/mnt/beegfs/rcabanas/dev/credici
/mnt/beegfs/rcabanas/dev/credici/papers/journalEM
/mnt/beegfs/rcabanas/dev/credici/papers/journalEM/output
/mnt/beegfs/rcabanas/dev/credici/papers/journalEM/models
/mnt/beegfs/rcabanas/dev/credici/target/credici-0.1.3-jar-with-dependencies.jar
['random_mc2_n7_mid3_d1000_05_mr098_r10_29.uai', 'random_mc2_n10_mid3_d1000_05_mr098_r10_29.uai', 'random_mc2_n5_mid3_d1000_05_mr098_r10_29.uai', 'random_mc2_n9_mid3_d1000_05_mr098_r10_29.uai', 'random_mc2_n8_mid3_d1000_05_mr098_r10_29.uai', 'random_mc2_n11_mid3_d1000_05_mr098_r10_29.uai']
6 models
/mnt/beegfs/rcabanas/dev/credici/papers/journalEM/code/LearnAndCalculatePNS.java
run java
java -Xmx64g -cp /mnt/beegfs/rcabanas/dev/credici/target/credici-0.1.3-jar-with-dependencies.jar /mnt/beegfs/rcabanas/dev/credici/papers/journalEM/code/LearnAndCalculatePNS.java -w -x 100 -m 500 -sc LLratio -th 1.0 -a EMCC --seed 0 --output /mnt/beegfs/rcabanas/dev/credici/papers/journalEM/output/synthetic/s1 /mnt/beegfs/rcabanas/dev/credici/papers/journalEM/models/synthetic/s1/random_mc2_n11_mid3_d1000_05_mr098_r10_29.uai
Running generatemodels.py
id=24
seed=0
/mnt/beegfs/rcabanas/dev/credici
/mnt/beegfs/rcabanas/dev/credici/papers/journalEM
/mnt/beegfs/rcabanas/dev/credici/papers/journalEM/output
/mnt/beegfs/rcabanas/dev/credici/papers/journalEM/models
/mnt/beegfs/rcabanas/dev/credici/target/credici-0.1.3-jar-with-dependencies.jar
['random_mc2_n6_mid3_d1000_05_mr098_r10_24.uai', 'random_mc2_n7_mid3_d1000_05_mr098_r10_24.uai', 'random_mc2_n10_mid3_d1000_05_mr098_r10_24.uai', 'random_mc2_n5_mid3_d1000_05_mr098_r10_24.uai']
4 models
/mnt/beegfs/rcabanas/dev/credici/papers/journalEM/code/LearnAndCalculatePNS.java
run java
java -Xmx64g -cp /mnt/beegfs/rcabanas/dev/credici/target/credici-0.1.3-jar-with-dependencies.jar /mnt/beegfs/rcabanas/dev/credici/papers/journalEM/code/LearnAndCalculatePNS.java -w -x 100 -m 500 -sc LLratio -th 1.0 -a EMCC --seed 0 --output /mnt/beegfs/rcabanas/dev/credici/papers/journalEM/output/synthetic/s1 /mnt/beegfs/rcabanas/dev/credici/papers/journalEM/models/synthetic/s1/random_mc2_n5_mid3_d1000_05_mr098_r10_24.uai
['learnpns.py', '23', '0']
['learnpns.py', '27', '0']
Running generatemodels.py
id=23
seed=0
/mnt/beegfs/rcabanas/dev/credici
/mnt/beegfs/rcabanas/dev/credici/papers/journalEM
/mnt/beegfs/rcabanas/dev/credici/papers/journalEM/output
/mnt/beegfs/rcabanas/dev/credici/papers/journalEM/models
/mnt/beegfs/rcabanas/dev/credici/target/credici-0.1.3-jar-with-dependencies.jar
['random_mc2_n5_mid3_d1000_05_mr098_r10_23.uai', 'random_mc2_n6_mid3_d1000_05_mr098_r10_23.uai']
2 models
/mnt/beegfs/rcabanas/dev/credici/papers/journalEM/code/LearnAndCalculatePNS.java
run java
java -Xmx64g -cp /mnt/beegfs/rcabanas/dev/credici/target/credici-0.1.3-jar-with-dependencies.jar /mnt/beegfs/rcabanas/dev/credici/papers/journalEM/code/LearnAndCalculatePNS.java -w -x 100 -m 500 -sc LLratio -th 1.0 -a EMCC --seed 0 --output /mnt/beegfs/rcabanas/dev/credici/papers/journalEM/output/synthetic/s1 /mnt/beegfs/rcabanas/dev/credici/papers/journalEM/models/synthetic/s1/random_mc2_n6_mid3_d1000_05_mr098_r10_23.uai
['learnpns.py', '22', '0']
Running generatemodels.py
id=27
seed=0
/mnt/beegfs/rcabanas/dev/credici
/mnt/beegfs/rcabanas/dev/credici/papers/journalEM
/mnt/beegfs/rcabanas/dev/credici/papers/journalEM/output
/mnt/beegfs/rcabanas/dev/credici/papers/journalEM/models
/mnt/beegfs/rcabanas/dev/credici/target/credici-0.1.3-jar-with-dependencies.jar
['random_mc2_n11_mid3_d1000_05_mr098_r10_27.uai', 'random_mc2_n5_mid3_d1000_05_mr098_r10_27.uai', 'random_mc2_n6_mid3_d1000_05_mr098_r10_27.uai', 'random_mc2_n10_mid3_d1000_05_mr098_r10_27.uai', 'random_mc2_n9_mid3_d1000_05_mr098_r10_27.uai']
5 models
/mnt/beegfs/rcabanas/dev/credici/papers/journalEM/code/LearnAndCalculatePNS.java
run java
java -Xmx64g -cp /mnt/beegfs/rcabanas/dev/credici/target/credici-0.1.3-jar-with-dependencies.jar /mnt/beegfs/rcabanas/dev/credici/papers/journalEM/code/LearnAndCalculatePNS.java -w -x 100 -m 500 -sc LLratio -th 1.0 -a EMCC --seed 0 --output /mnt/beegfs/rcabanas/dev/credici/papers/journalEM/output/synthetic/s1 /mnt/beegfs/rcabanas/dev/credici/papers/journalEM/models/synthetic/s1/random_mc2_n9_mid3_d1000_05_mr098_r10_27.uai
Running generatemodels.py
id=22
seed=0
/mnt/beegfs/rcabanas/dev/credici
/mnt/beegfs/rcabanas/dev/credici/papers/journalEM
/mnt/beegfs/rcabanas/dev/credici/papers/journalEM/output
/mnt/beegfs/rcabanas/dev/credici/papers/journalEM/models
/mnt/beegfs/rcabanas/dev/credici/target/credici-0.1.3-jar-with-dependencies.jar
['random_mc2_n5_mid3_d1000_05_mr098_r10_22.uai', 'random_mc2_n7_mid3_d1000_05_mr098_r10_22.uai', 'random_mc2_n10_mid3_d1000_05_mr098_r10_22.uai', 'random_mc2_n6_mid3_d1000_05_mr098_r10_22.uai']
4 models
/mnt/beegfs/rcabanas/dev/credici/papers/journalEM/code/LearnAndCalculatePNS.java
run java
java -Xmx64g -cp /mnt/beegfs/rcabanas/dev/credici/target/credici-0.1.3-jar-with-dependencies.jar /mnt/beegfs/rcabanas/dev/credici/papers/journalEM/code/LearnAndCalculatePNS.java -w -x 100 -m 500 -sc LLratio -th 1.0 -a EMCC --seed 0 --output /mnt/beegfs/rcabanas/dev/credici/papers/journalEM/output/synthetic/s1 /mnt/beegfs/rcabanas/dev/credici/papers/journalEM/models/synthetic/s1/random_mc2_n6_mid3_d1000_05_mr098_r10_22.uai
[2022-10-17T16:26:28.928400][INFO][random_mc2_n7_mid3_d1000_05_mr098_r10_20_uai_emcc_llratio_th10_mIter500_wtrue_x100_0] Set up logging
[2022-10-17T16:26:28.943286][INFO][random_mc2_n7_mid3_d1000_05_mr098_r10_20_uai_emcc_llratio_th10_mIter500_wtrue_x100_0] args: -w;-x;100;-m;500;-sc;LLratio;-th;1.0;-a;EMCC;--seed;0;--output;/mnt/beegfs/rcabanas/dev/credici/papers/journalEM/output/synthetic/s1;/mnt/beegfs/rcabanas/dev/credici/papers/journalEM/models/synthetic/s1/random_mc2_n7_mid3_d1000_05_mr098_r10_20.uai
[2022-10-17T16:26:28.943627][INFO][random_mc2_n7_mid3_d1000_05_mr098_r10_20_uai_emcc_llratio_th10_mIter500_wtrue_x100_0] Checking arguments
[2022-10-17T16:26:28.952432][INFO][random_mc2_n7_mid3_d1000_05_mr098_r10_20_uai_emcc_llratio_th10_mIter500_wtrue_x100_0] Starting logger with seed 0
[2022-10-17T16:26:28.947268][INFO][random_mc2_n6_mid3_d1000_05_mr098_r10_21_uai_emcc_llratio_th10_mIter500_wtrue_x100_0] Set up logging
[2022-10-17T16:26:28.964048][INFO][random_mc2_n6_mid3_d1000_05_mr098_r10_21_uai_emcc_llratio_th10_mIter500_wtrue_x100_0] args: -w;-x;100;-m;500;-sc;LLratio;-th;1.0;-a;EMCC;--seed;0;--output;/mnt/beegfs/rcabanas/dev/credici/papers/journalEM/output/synthetic/s1;/mnt/beegfs/rcabanas/dev/credici/papers/journalEM/models/synthetic/s1/random_mc2_n6_mid3_d1000_05_mr098_r10_21.uai
[2022-10-17T16:26:28.966449][INFO][random_mc2_n6_mid3_d1000_05_mr098_r10_21_uai_emcc_llratio_th10_mIter500_wtrue_x100_0] Checking arguments
[2022-10-17T16:26:28.974738][INFO][random_mc2_n6_mid3_d1000_05_mr098_r10_21_uai_emcc_llratio_th10_mIter500_wtrue_x100_0] Starting logger with seed 0
[2022-10-17T16:26:28.976152][SEVERE][random_mc2_n6_mid3_d1000_05_mr098_r10_21_uai_emcc_llratio_th10_mIter500_wtrue_x100_0] Not rewriting. File exits: /mnt/beegfs/rcabanas/dev/credici/papers/journalEM/output/synthetic/s1/random_mc2_n6_mid3_d1000_05_mr098_r10_21_uai_emcc_llratio_th10_mIter500_wtrue_x100_0.csv
[2022-10-17T16:26:28.977439][SEVERE][random_mc2_n6_mid3_d1000_05_mr098_r10_21_uai_emcc_llratio_th10_mIter500_wtrue_x100_0] java.lang.IllegalStateException: Not rewriting. File exits: /mnt/beegfs/rcabanas/dev/credici/papers/journalEM/output/synthetic/s1/random_mc2_n6_mid3_d1000_05_mr098_r10_21_uai_emcc_llratio_th10_mIter500_wtrue_x100_0.csv
[2022-10-17T16:26:28.977563][INFO][random_mc2_n6_mid3_d1000_05_mr098_r10_21_uai_emcc_llratio_th10_mIter500_wtrue_x100_0] Closing log file
[2022-10-17T16:26:28.977659][INFO][random_mc2_n6_mid3_d1000_05_mr098_r10_21_uai_emcc_llratio_th10_mIter500_wtrue_x100_0] Closed log file
/mnt/beegfs/rcabanas/dev/credici/papers/journalEM/code/LearnAndCalculatePNS.java
run java
java -Xmx64g -cp /mnt/beegfs/rcabanas/dev/credici/target/credici-0.1.3-jar-with-dependencies.jar /mnt/beegfs/rcabanas/dev/credici/papers/journalEM/code/LearnAndCalculatePNS.java -w -x 100 -m 500 -sc KL -th 0.0 -a EMCC --seed 0 --output /mnt/beegfs/rcabanas/dev/credici/papers/journalEM/output/synthetic/s1 /mnt/beegfs/rcabanas/dev/credici/papers/journalEM/models/synthetic/s1/random_mc2_n6_mid3_d1000_05_mr098_r10_21.uai
[2022-10-17T16:26:29.041522][INFO][random_mc2_n5_mid3_d1000_05_mr098_r10_24_uai_emcc_llratio_th10_mIter500_wtrue_x100_0] Set up logging
[2022-10-17T16:26:29.049615][INFO][random_mc2_n5_mid3_d1000_05_mr098_r10_24_uai_emcc_llratio_th10_mIter500_wtrue_x100_0] args: -w;-x;100;-m;500;-sc;LLratio;-th;1.0;-a;EMCC;--seed;0;--output;/mnt/beegfs/rcabanas/dev/credici/papers/journalEM/output/synthetic/s1;/mnt/beegfs/rcabanas/dev/credici/papers/journalEM/models/synthetic/s1/random_mc2_n5_mid3_d1000_05_mr098_r10_24.uai
[2022-10-17T16:26:29.049939][INFO][random_mc2_n5_mid3_d1000_05_mr098_r10_24_uai_emcc_llratio_th10_mIter500_wtrue_x100_0] Checking arguments
[2022-10-17T16:26:29.072979][INFO][random_mc2_n5_mid3_d1000_05_mr098_r10_24_uai_emcc_llratio_th10_mIter500_wtrue_x100_0] Starting logger with seed 0
[2022-10-17T16:26:29.074246][SEVERE][random_mc2_n5_mid3_d1000_05_mr098_r10_24_uai_emcc_llratio_th10_mIter500_wtrue_x100_0] Not rewriting. File exits: /mnt/beegfs/rcabanas/dev/credici/papers/journalEM/output/synthetic/s1/random_mc2_n5_mid3_d1000_05_mr098_r10_24_uai_emcc_llratio_th10_mIter500_wtrue_x100_0.csv
[2022-10-17T16:26:29.074481][SEVERE][random_mc2_n5_mid3_d1000_05_mr098_r10_24_uai_emcc_llratio_th10_mIter500_wtrue_x100_0] java.lang.IllegalStateException: Not rewriting. File exits: /mnt/beegfs/rcabanas/dev/credici/papers/journalEM/output/synthetic/s1/random_mc2_n5_mid3_d1000_05_mr098_r10_24_uai_emcc_llratio_th10_mIter500_wtrue_x100_0.csv
[2022-10-17T16:26:29.074590][INFO][random_mc2_n5_mid3_d1000_05_mr098_r10_24_uai_emcc_llratio_th10_mIter500_wtrue_x100_0] Closing log file
[2022-10-17T16:26:29.074686][INFO][random_mc2_n5_mid3_d1000_05_mr098_r10_24_uai_emcc_llratio_th10_mIter500_wtrue_x100_0] Closed log file
[2022-10-17T16:26:29.070150][INFO][random_mc2_n8_mid3_d1000_05_mr098_r10_30_uai_emcc_llratio_th10_mIter500_wtrue_x100_0] Set up logging
[2022-10-17T16:26:29.096425][INFO][random_mc2_n8_mid3_d1000_05_mr098_r10_30_uai_emcc_llratio_th10_mIter500_wtrue_x100_0] args: -w;-x;100;-m;500;-sc;LLratio;-th;1.0;-a;EMCC;--seed;0;--output;/mnt/beegfs/rcabanas/dev/credici/papers/journalEM/output/synthetic/s1;/mnt/beegfs/rcabanas/dev/credici/papers/journalEM/models/synthetic/s1/random_mc2_n8_mid3_d1000_05_mr098_r10_30.uai
[2022-10-17T16:26:29.096751][INFO][random_mc2_n8_mid3_d1000_05_mr098_r10_30_uai_emcc_llratio_th10_mIter500_wtrue_x100_0] Checking arguments
/mnt/beegfs/rcabanas/dev/credici/papers/journalEM/code/LearnAndCalculatePNS.java
run java
java -Xmx64g -cp /mnt/beegfs/rcabanas/dev/credici/target/credici-0.1.3-jar-with-dependencies.jar /mnt/beegfs/rcabanas/dev/credici/papers/journalEM/code/LearnAndCalculatePNS.java -w -x 100 -m 500 -sc KL -th 0.0 -a EMCC --seed 0 --output /mnt/beegfs/rcabanas/dev/credici/papers/journalEM/output/synthetic/s1 /mnt/beegfs/rcabanas/dev/credici/papers/journalEM/models/synthetic/s1/random_mc2_n5_mid3_d1000_05_mr098_r10_24.uai
[2022-10-17T16:26:29.103774][INFO][random_mc2_n8_mid3_d1000_05_mr098_r10_30_uai_emcc_llratio_th10_mIter500_wtrue_x100_0] Starting logger with seed 0
[2022-10-17T16:26:29.104731][SEVERE][random_mc2_n8_mid3_d1000_05_mr098_r10_30_uai_emcc_llratio_th10_mIter500_wtrue_x100_0] Not rewriting. File exits: /mnt/beegfs/rcabanas/dev/credici/papers/journalEM/output/synthetic/s1/random_mc2_n8_mid3_d1000_05_mr098_r10_30_uai_emcc_llratio_th10_mIter500_wtrue_x100_0.csv
[2022-10-17T16:26:29.104966][SEVERE][random_mc2_n8_mid3_d1000_05_mr098_r10_30_uai_emcc_llratio_th10_mIter500_wtrue_x100_0] java.lang.IllegalStateException: Not rewriting. File exits: /mnt/beegfs/rcabanas/dev/credici/papers/journalEM/output/synthetic/s1/random_mc2_n8_mid3_d1000_05_mr098_r10_30_uai_emcc_llratio_th10_mIter500_wtrue_x100_0.csv
[2022-10-17T16:26:29.105077][INFO][random_mc2_n8_mid3_d1000_05_mr098_r10_30_uai_emcc_llratio_th10_mIter500_wtrue_x100_0] Closing log file
[2022-10-17T16:26:29.105173][INFO][random_mc2_n8_mid3_d1000_05_mr098_r10_30_uai_emcc_llratio_th10_mIter500_wtrue_x100_0] Closed log file
[2022-10-17T16:26:29.116234][INFO][random_mc2_n8_mid3_d1000_05_mr098_r10_26_uai_emcc_llratio_th10_mIter500_wtrue_x100_0] Set up logging
[2022-10-17T16:26:29.125285][INFO][random_mc2_n8_mid3_d1000_05_mr098_r10_26_uai_emcc_llratio_th10_mIter500_wtrue_x100_0] args: -w;-x;100;-m;500;-sc;LLratio;-th;1.0;-a;EMCC;--seed;0;--output;/mnt/beegfs/rcabanas/dev/credici/papers/journalEM/output/synthetic/s1;/mnt/beegfs/rcabanas/dev/credici/papers/journalEM/models/synthetic/s1/random_mc2_n8_mid3_d1000_05_mr098_r10_26.uai
[2022-10-17T16:26:29.125480][INFO][random_mc2_n8_mid3_d1000_05_mr098_r10_26_uai_emcc_llratio_th10_mIter500_wtrue_x100_0] Checking arguments
/mnt/beegfs/rcabanas/dev/credici/papers/journalEM/code/LearnAndCalculatePNS.java
run java
java -Xmx64g -cp /mnt/beegfs/rcabanas/dev/credici/target/credici-0.1.3-jar-with-dependencies.jar /mnt/beegfs/rcabanas/dev/credici/papers/journalEM/code/LearnAndCalculatePNS.java -w -x 100 -m 500 -sc KL -th 0.0 -a EMCC --seed 0 --output /mnt/beegfs/rcabanas/dev/credici/papers/journalEM/output/synthetic/s1 /mnt/beegfs/rcabanas/dev/credici/papers/journalEM/models/synthetic/s1/random_mc2_n8_mid3_d1000_05_mr098_r10_30.uai
[2022-10-17T16:26:29.114080][INFO][random_mc2_n11_mid3_d1000_05_mr098_r10_29_uai_emcc_llratio_th10_mIter500_wtrue_x100_0] Set up logging
[2022-10-17T16:26:29.138656][INFO][random_mc2_n8_mid3_d1000_05_mr098_r10_26_uai_emcc_llratio_th10_mIter500_wtrue_x100_0] Starting logger with seed 0
[2022-10-17T16:26:29.138215][INFO][random_mc2_n11_mid3_d1000_05_mr098_r10_29_uai_emcc_llratio_th10_mIter500_wtrue_x100_0] args: -w;-x;100;-m;500;-sc;LLratio;-th;1.0;-a;EMCC;--seed;0;--output;/mnt/beegfs/rcabanas/dev/credici/papers/journalEM/output/synthetic/s1;/mnt/beegfs/rcabanas/dev/credici/papers/journalEM/models/synthetic/s1/random_mc2_n11_mid3_d1000_05_mr098_r10_29.uai
[2022-10-17T16:26:29.139173][INFO][random_mc2_n11_mid3_d1000_05_mr098_r10_29_uai_emcc_llratio_th10_mIter500_wtrue_x100_0] Checking arguments
[2022-10-17T16:26:29.142206][INFO][random_mc2_n11_mid3_d1000_05_mr098_r10_29_uai_emcc_llratio_th10_mIter500_wtrue_x100_0] Starting logger with seed 0
[2022-10-17T16:26:29.139778][SEVERE][random_mc2_n8_mid3_d1000_05_mr098_r10_26_uai_emcc_llratio_th10_mIter500_wtrue_x100_0] Not rewriting. File exits: /mnt/beegfs/rcabanas/dev/credici/papers/journalEM/output/synthetic/s1/random_mc2_n8_mid3_d1000_05_mr098_r10_26_uai_emcc_llratio_th10_mIter500_wtrue_x100_0.csv
[2022-10-17T16:26:29.144488][SEVERE][random_mc2_n8_mid3_d1000_05_mr098_r10_26_uai_emcc_llratio_th10_mIter500_wtrue_x100_0] java.lang.IllegalStateException: Not rewriting. File exits: /mnt/beegfs/rcabanas/dev/credici/papers/journalEM/output/synthetic/s1/random_mc2_n8_mid3_d1000_05_mr098_r10_26_uai_emcc_llratio_th10_mIter500_wtrue_x100_0.csv
[2022-10-17T16:26:29.144619][INFO][random_mc2_n8_mid3_d1000_05_mr098_r10_26_uai_emcc_llratio_th10_mIter500_wtrue_x100_0] Closing log file
[2022-10-17T16:26:29.144734][INFO][random_mc2_n8_mid3_d1000_05_mr098_r10_26_uai_emcc_llratio_th10_mIter500_wtrue_x100_0] Closed log file
/mnt/beegfs/rcabanas/dev/credici/papers/journalEM/code/LearnAndCalculatePNS.java
run java
java -Xmx64g -cp /mnt/beegfs/rcabanas/dev/credici/target/credici-0.1.3-jar-with-dependencies.jar /mnt/beegfs/rcabanas/dev/credici/papers/journalEM/code/LearnAndCalculatePNS.java -w -x 100 -m 500 -sc KL -th 0.0 -a EMCC --seed 0 --output /mnt/beegfs/rcabanas/dev/credici/papers/journalEM/output/synthetic/s1 /mnt/beegfs/rcabanas/dev/credici/papers/journalEM/models/synthetic/s1/random_mc2_n8_mid3_d1000_05_mr098_r10_26.uai
[2022-10-17T16:26:29.217104][INFO][random_mc2_n7_mid3_d1000_05_mr098_r10_20_uai_emcc_llratio_th10_mIter500_wtrue_x100_0] Loaded model from: /mnt/beegfs/rcabanas/dev/credici/papers/journalEM/models/synthetic/s1/random_mc2_n7_mid3_d1000_05_mr098_r10_20.uai
[2022-10-17T16:26:29.219457][INFO][random_mc2_n6_mid3_d1000_05_mr098_r10_22_uai_emcc_llratio_th10_mIter500_wtrue_x100_0] Set up logging
[2022-10-17T16:26:29.227442][INFO][random_mc2_n6_mid3_d1000_05_mr098_r10_22_uai_emcc_llratio_th10_mIter500_wtrue_x100_0] args: -w;-x;100;-m;500;-sc;LLratio;-th;1.0;-a;EMCC;--seed;0;--output;/mnt/beegfs/rcabanas/dev/credici/papers/journalEM/output/synthetic/s1;/mnt/beegfs/rcabanas/dev/credici/papers/journalEM/models/synthetic/s1/random_mc2_n6_mid3_d1000_05_mr098_r10_22.uai
[2022-10-17T16:26:29.228256][INFO][random_mc2_n6_mid3_d1000_05_mr098_r10_22_uai_emcc_llratio_th10_mIter500_wtrue_x100_0] Checking arguments
[2022-10-17T16:26:29.245712][INFO][random_mc2_n6_mid3_d1000_05_mr098_r10_22_uai_emcc_llratio_th10_mIter500_wtrue_x100_0] Starting logger with seed 0
[2022-10-17T16:26:29.247477][SEVERE][random_mc2_n6_mid3_d1000_05_mr098_r10_22_uai_emcc_llratio_th10_mIter500_wtrue_x100_0] Not rewriting. File exits: /mnt/beegfs/rcabanas/dev/credici/papers/journalEM/output/synthetic/s1/random_mc2_n6_mid3_d1000_05_mr098_r10_22_uai_emcc_llratio_th10_mIter500_wtrue_x100_0.csv
[2022-10-17T16:26:29.247748][SEVERE][random_mc2_n6_mid3_d1000_05_mr098_r10_22_uai_emcc_llratio_th10_mIter500_wtrue_x100_0] java.lang.IllegalStateException: Not rewriting. File exits: /mnt/beegfs/rcabanas/dev/credici/papers/journalEM/output/synthetic/s1/random_mc2_n6_mid3_d1000_05_mr098_r10_22_uai_emcc_llratio_th10_mIter500_wtrue_x100_0.csv
[2022-10-17T16:26:29.247859][INFO][random_mc2_n6_mid3_d1000_05_mr098_r10_22_uai_emcc_llratio_th10_mIter500_wtrue_x100_0] Closing log file
[2022-10-17T16:26:29.247956][INFO][random_mc2_n6_mid3_d1000_05_mr098_r10_22_uai_emcc_llratio_th10_mIter500_wtrue_x100_0] Closed log file
/mnt/beegfs/rcabanas/dev/credici/papers/journalEM/code/LearnAndCalculatePNS.java
run java
java -Xmx64g -cp /mnt/beegfs/rcabanas/dev/credici/target/credici-0.1.3-jar-with-dependencies.jar /mnt/beegfs/rcabanas/dev/credici/papers/journalEM/code/LearnAndCalculatePNS.java -w -x 100 -m 500 -sc KL -th 0.0 -a EMCC --seed 0 --output /mnt/beegfs/rcabanas/dev/credici/papers/journalEM/output/synthetic/s1 /mnt/beegfs/rcabanas/dev/credici/papers/journalEM/models/synthetic/s1/random_mc2_n6_mid3_d1000_05_mr098_r10_22.uai
[2022-10-17T16:26:29.350338][INFO][random_mc2_n5_mid3_d1000_05_mr098_r10_25_uai_emcc_llratio_th10_mIter500_wtrue_x100_0] Set up logging
[2022-10-17T16:26:29.366570][INFO][random_mc2_n5_mid3_d1000_05_mr098_r10_25_uai_emcc_llratio_th10_mIter500_wtrue_x100_0] args: -w;-x;100;-m;500;-sc;LLratio;-th;1.0;-a;EMCC;--seed;0;--output;/mnt/beegfs/rcabanas/dev/credici/papers/journalEM/output/synthetic/s1;/mnt/beegfs/rcabanas/dev/credici/papers/journalEM/models/synthetic/s1/random_mc2_n5_mid3_d1000_05_mr098_r10_25.uai
[2022-10-17T16:26:29.366930][INFO][random_mc2_n5_mid3_d1000_05_mr098_r10_25_uai_emcc_llratio_th10_mIter500_wtrue_x100_0] Checking arguments
[2022-10-17T16:26:29.357707][INFO][random_mc2_n9_mid3_d1000_05_mr098_r10_27_uai_emcc_llratio_th10_mIter500_wtrue_x100_0] Set up logging
[2022-10-17T16:26:29.368880][INFO][random_mc2_n9_mid3_d1000_05_mr098_r10_27_uai_emcc_llratio_th10_mIter500_wtrue_x100_0] args: -w;-x;100;-m;500;-sc;LLratio;-th;1.0;-a;EMCC;--seed;0;--output;/mnt/beegfs/rcabanas/dev/credici/papers/journalEM/output/synthetic/s1;/mnt/beegfs/rcabanas/dev/credici/papers/journalEM/models/synthetic/s1/random_mc2_n9_mid3_d1000_05_mr098_r10_27.uai
[2022-10-17T16:26:29.372817][INFO][random_mc2_n9_mid3_d1000_05_mr098_r10_27_uai_emcc_llratio_th10_mIter500_wtrue_x100_0] Checking arguments
[2022-10-17T16:26:29.378018][INFO][random_mc2_n5_mid3_d1000_05_mr098_r10_25_uai_emcc_llratio_th10_mIter500_wtrue_x100_0] Starting logger with seed 0
[2022-10-17T16:26:29.370478][INFO][random_mc2_n6_mid3_d1000_05_mr098_r10_23_uai_emcc_llratio_th10_mIter500_wtrue_x100_0] Set up logging
[2022-10-17T16:26:29.381748][INFO][random_mc2_n6_mid3_d1000_05_mr098_r10_23_uai_emcc_llratio_th10_mIter500_wtrue_x100_0] args: -w;-x;100;-m;500;-sc;LLratio;-th;1.0;-a;EMCC;--seed;0;--output;/mnt/beegfs/rcabanas/dev/credici/papers/journalEM/output/synthetic/s1;/mnt/beegfs/rcabanas/dev/credici/papers/journalEM/models/synthetic/s1/random_mc2_n6_mid3_d1000_05_mr098_r10_23.uai
[2022-10-17T16:26:29.381904][INFO][random_mc2_n6_mid3_d1000_05_mr098_r10_23_uai_emcc_llratio_th10_mIter500_wtrue_x100_0] Checking arguments
[2022-10-17T16:26:29.378881][SEVERE][random_mc2_n5_mid3_d1000_05_mr098_r10_25_uai_emcc_llratio_th10_mIter500_wtrue_x100_0] Not rewriting. File exits: /mnt/beegfs/rcabanas/dev/credici/papers/journalEM/output/synthetic/s1/random_mc2_n5_mid3_d1000_05_mr098_r10_25_uai_emcc_llratio_th10_mIter500_wtrue_x100_0.csv
[2022-10-17T16:26:29.383361][SEVERE][random_mc2_n5_mid3_d1000_05_mr098_r10_25_uai_emcc_llratio_th10_mIter500_wtrue_x100_0] java.lang.IllegalStateException: Not rewriting. File exits: /mnt/beegfs/rcabanas/dev/credici/papers/journalEM/output/synthetic/s1/random_mc2_n5_mid3_d1000_05_mr098_r10_25_uai_emcc_llratio_th10_mIter500_wtrue_x100_0.csv
[2022-10-17T16:26:29.383489][INFO][random_mc2_n5_mid3_d1000_05_mr098_r10_25_uai_emcc_llratio_th10_mIter500_wtrue_x100_0] Closing log file
[2022-10-17T16:26:29.384218][INFO][random_mc2_n5_mid3_d1000_05_mr098_r10_25_uai_emcc_llratio_th10_mIter500_wtrue_x100_0] Closed log file
[2022-10-17T16:26:29.387799][INFO][random_mc2_n9_mid3_d1000_05_mr098_r10_27_uai_emcc_llratio_th10_mIter500_wtrue_x100_0] Starting logger with seed 0
[2022-10-17T16:26:29.389376][INFO][random_mc2_n6_mid3_d1000_05_mr098_r10_23_uai_emcc_llratio_th10_mIter500_wtrue_x100_0] Starting logger with seed 0
[2022-10-17T16:26:29.390117][SEVERE][random_mc2_n6_mid3_d1000_05_mr098_r10_23_uai_emcc_llratio_th10_mIter500_wtrue_x100_0] Not rewriting. File exits: /mnt/beegfs/rcabanas/dev/credici/papers/journalEM/output/synthetic/s1/random_mc2_n6_mid3_d1000_05_mr098_r10_23_uai_emcc_llratio_th10_mIter500_wtrue_x100_0.csv
[2022-10-17T16:26:29.390279][SEVERE][random_mc2_n6_mid3_d1000_05_mr098_r10_23_uai_emcc_llratio_th10_mIter500_wtrue_x100_0] java.lang.IllegalStateException: Not rewriting. File exits: /mnt/beegfs/rcabanas/dev/credici/papers/journalEM/output/synthetic/s1/random_mc2_n6_mid3_d1000_05_mr098_r10_23_uai_emcc_llratio_th10_mIter500_wtrue_x100_0.csv
[2022-10-17T16:26:29.390387][INFO][random_mc2_n6_mid3_d1000_05_mr098_r10_23_uai_emcc_llratio_th10_mIter500_wtrue_x100_0] Closing log file
[2022-10-17T16:26:29.390479][INFO][random_mc2_n6_mid3_d1000_05_mr098_r10_23_uai_emcc_llratio_th10_mIter500_wtrue_x100_0] Closed log file
/mnt/beegfs/rcabanas/dev/credici/papers/journalEM/code/LearnAndCalculatePNS.java
run java
java -Xmx64g -cp /mnt/beegfs/rcabanas/dev/credici/target/credici-0.1.3-jar-with-dependencies.jar /mnt/beegfs/rcabanas/dev/credici/papers/journalEM/code/LearnAndCalculatePNS.java -w -x 100 -m 500 -sc KL -th 0.0 -a EMCC --seed 0 --output /mnt/beegfs/rcabanas/dev/credici/papers/journalEM/output/synthetic/s1 /mnt/beegfs/rcabanas/dev/credici/papers/journalEM/models/synthetic/s1/random_mc2_n6_mid3_d1000_05_mr098_r10_23.uai
/mnt/beegfs/rcabanas/dev/credici/papers/journalEM/code/LearnAndCalculatePNS.java
run java
java -Xmx64g -cp /mnt/beegfs/rcabanas/dev/credici/target/credici-0.1.3-jar-with-dependencies.jar /mnt/beegfs/rcabanas/dev/credici/papers/journalEM/code/LearnAndCalculatePNS.java -w -x 100 -m 500 -sc KL -th 0.0 -a EMCC --seed 0 --output /mnt/beegfs/rcabanas/dev/credici/papers/journalEM/output/synthetic/s1 /mnt/beegfs/rcabanas/dev/credici/papers/journalEM/models/synthetic/s1/random_mc2_n5_mid3_d1000_05_mr098_r10_25.uai
[2022-10-17T16:26:29.427309][INFO][random_mc2_n11_mid3_d1000_05_mr098_r10_29_uai_emcc_llratio_th10_mIter500_wtrue_x100_0] Loaded model from: /mnt/beegfs/rcabanas/dev/credici/papers/journalEM/models/synthetic/s1/random_mc2_n11_mid3_d1000_05_mr098_r10_29.uai
[2022-10-17T16:26:29.507399][INFO][random_mc2_n7_mid3_d1000_05_mr098_r10_20_uai_emcc_llratio_th10_mIter500_wtrue_x100_0] Loaded 2500 data instances from: /mnt/beegfs/rcabanas/dev/credici/papers/journalEM/models/synthetic/s1/random_mc2_n7_mid3_d1000_05_mr098_r10_20.csv
[2022-10-17T16:26:29.512323][INFO][random_mc2_n7_mid3_d1000_05_mr098_r10_20_uai_emcc_llratio_th10_mIter500_wtrue_x100_0] Loaded model information from: /mnt/beegfs/rcabanas/dev/credici/papers/journalEM/models/synthetic/s1/random_mc2_n7_mid3_d1000_05_mr098_r10_20_info.csv
[2022-10-17T16:26:29.675065][INFO][random_mc2_n11_mid3_d1000_05_mr098_r10_29_uai_emcc_llratio_th10_mIter500_wtrue_x100_0] Loaded 1000 data instances from: /mnt/beegfs/rcabanas/dev/credici/papers/journalEM/models/synthetic/s1/random_mc2_n11_mid3_d1000_05_mr098_r10_29.csv
[2022-10-17T16:26:29.678809][INFO][random_mc2_n9_mid3_d1000_05_mr098_r10_27_uai_emcc_llratio_th10_mIter500_wtrue_x100_0] Loaded model from: /mnt/beegfs/rcabanas/dev/credici/papers/journalEM/models/synthetic/s1/random_mc2_n9_mid3_d1000_05_mr098_r10_27.uai
[2022-10-17T16:26:29.688379][INFO][random_mc2_n7_mid3_d1000_05_mr098_r10_20_uai_emcc_llratio_th10_mIter500_wtrue_x100_0] Learning exogenous variables with algorithm: EMCC
[2022-10-17T16:26:29.690131][INFO][random_mc2_n11_mid3_d1000_05_mr098_r10_29_uai_emcc_llratio_th10_mIter500_wtrue_x100_0] Loaded model information from: /mnt/beegfs/rcabanas/dev/credici/papers/journalEM/models/synthetic/s1/random_mc2_n11_mid3_d1000_05_mr098_r10_29_info.csv
[2022-10-17T16:26:29.865400][INFO][random_mc2_n11_mid3_d1000_05_mr098_r10_29_uai_emcc_llratio_th10_mIter500_wtrue_x100_0] Learning exogenous variables with algorithm: EMCC
[2022-10-17T16:26:29.898930][INFO][random_mc2_n9_mid3_d1000_05_mr098_r10_27_uai_emcc_llratio_th10_mIter500_wtrue_x100_0] Loaded 1000 data instances from: /mnt/beegfs/rcabanas/dev/credici/papers/journalEM/models/synthetic/s1/random_mc2_n9_mid3_d1000_05_mr098_r10_27.csv
[2022-10-17T16:26:29.900421][INFO][random_mc2_n9_mid3_d1000_05_mr098_r10_27_uai_emcc_llratio_th10_mIter500_wtrue_x100_0] Loaded model information from: /mnt/beegfs/rcabanas/dev/credici/papers/journalEM/models/synthetic/s1/random_mc2_n9_mid3_d1000_05_mr098_r10_27_info.csv
[2022-10-17T16:26:30.061571][INFO][random_mc2_n9_mid3_d1000_05_mr098_r10_27_uai_emcc_llratio_th10_mIter500_wtrue_x100_0] Learning exogenous variables with algorithm: EMCC
[2022-10-17T16:26:31.492960][INFO][random_mc2_n5_mid3_d1000_05_mr098_r10_24_uai_emcc_kl_th00_mIter500_wtrue_x100_0] Set up logging
[2022-10-17T16:26:31.507316][INFO][random_mc2_n5_mid3_d1000_05_mr098_r10_24_uai_emcc_kl_th00_mIter500_wtrue_x100_0] args: -w;-x;100;-m;500;-sc;KL;-th;0.0;-a;EMCC;--seed;0;--output;/mnt/beegfs/rcabanas/dev/credici/papers/journalEM/output/synthetic/s1;/mnt/beegfs/rcabanas/dev/credici/papers/journalEM/models/synthetic/s1/random_mc2_n5_mid3_d1000_05_mr098_r10_24.uai
[2022-10-17T16:26:31.507656][INFO][random_mc2_n5_mid3_d1000_05_mr098_r10_24_uai_emcc_kl_th00_mIter500_wtrue_x100_0] Checking arguments
[2022-10-17T16:26:31.516398][INFO][random_mc2_n5_mid3_d1000_05_mr098_r10_24_uai_emcc_kl_th00_mIter500_wtrue_x100_0] Starting logger with seed 0
[2022-10-17T16:26:31.517581][SEVERE][random_mc2_n5_mid3_d1000_05_mr098_r10_24_uai_emcc_kl_th00_mIter500_wtrue_x100_0] Not rewriting. File exits: /mnt/beegfs/rcabanas/dev/credici/papers/journalEM/output/synthetic/s1/random_mc2_n5_mid3_d1000_05_mr098_r10_24_uai_emcc_kl_th00_mIter500_wtrue_x100_0.csv
[2022-10-17T16:26:31.517832][SEVERE][random_mc2_n5_mid3_d1000_05_mr098_r10_24_uai_emcc_kl_th00_mIter500_wtrue_x100_0] java.lang.IllegalStateException: Not rewriting. File exits: /mnt/beegfs/rcabanas/dev/credici/papers/journalEM/output/synthetic/s1/random_mc2_n5_mid3_d1000_05_mr098_r10_24_uai_emcc_kl_th00_mIter500_wtrue_x100_0.csv
[2022-10-17T16:26:31.517944][INFO][random_mc2_n5_mid3_d1000_05_mr098_r10_24_uai_emcc_kl_th00_mIter500_wtrue_x100_0] Closing log file
[2022-10-17T16:26:31.518042][INFO][random_mc2_n5_mid3_d1000_05_mr098_r10_24_uai_emcc_kl_th00_mIter500_wtrue_x100_0] Closed log file
/mnt/beegfs/rcabanas/dev/credici/papers/journalEM/code/LearnAndCalculatePNS.java
run java
java -Xmx64g -cp /mnt/beegfs/rcabanas/dev/credici/target/credici-0.1.3-jar-with-dependencies.jar /mnt/beegfs/rcabanas/dev/credici/papers/journalEM/code/LearnAndCalculatePNS.java -w -x 100 -m 500 -sc LLratio -th 0.99999999 -a EMCC --seed 0 --output /mnt/beegfs/rcabanas/dev/credici/papers/journalEM/output/synthetic/s1 /mnt/beegfs/rcabanas/dev/credici/papers/journalEM/models/synthetic/s1/random_mc2_n5_mid3_d1000_05_mr098_r10_24.uai
[2022-10-17T16:26:31.546154][INFO][random_mc2_n6_mid3_d1000_05_mr098_r10_21_uai_emcc_kl_th00_mIter500_wtrue_x100_0] Set up logging
[2022-10-17T16:26:31.569517][INFO][random_mc2_n6_mid3_d1000_05_mr098_r10_21_uai_emcc_kl_th00_mIter500_wtrue_x100_0] args: -w;-x;100;-m;500;-sc;KL;-th;0.0;-a;EMCC;--seed;0;--output;/mnt/beegfs/rcabanas/dev/credici/papers/journalEM/output/synthetic/s1;/mnt/beegfs/rcabanas/dev/credici/papers/journalEM/models/synthetic/s1/random_mc2_n6_mid3_d1000_05_mr098_r10_21.uai
[2022-10-17T16:26:31.569896][INFO][random_mc2_n6_mid3_d1000_05_mr098_r10_21_uai_emcc_kl_th00_mIter500_wtrue_x100_0] Checking arguments
[2022-10-17T16:26:31.573937][INFO][random_mc2_n6_mid3_d1000_05_mr098_r10_21_uai_emcc_kl_th00_mIter500_wtrue_x100_0] Starting logger with seed 0
[2022-10-17T16:26:31.586675][SEVERE][random_mc2_n6_mid3_d1000_05_mr098_r10_21_uai_emcc_kl_th00_mIter500_wtrue_x100_0] Not rewriting. File exits: /mnt/beegfs/rcabanas/dev/credici/papers/journalEM/output/synthetic/s1/random_mc2_n6_mid3_d1000_05_mr098_r10_21_uai_emcc_kl_th00_mIter500_wtrue_x100_0.csv
[2022-10-17T16:26:31.586897][SEVERE][random_mc2_n6_mid3_d1000_05_mr098_r10_21_uai_emcc_kl_th00_mIter500_wtrue_x100_0] java.lang.IllegalStateException: Not rewriting. File exits: /mnt/beegfs/rcabanas/dev/credici/papers/journalEM/output/synthetic/s1/random_mc2_n6_mid3_d1000_05_mr098_r10_21_uai_emcc_kl_th00_mIter500_wtrue_x100_0.csv
[2022-10-17T16:26:31.586946][INFO][random_mc2_n6_mid3_d1000_05_mr098_r10_21_uai_emcc_kl_th00_mIter500_wtrue_x100_0] Closing log file
[2022-10-17T16:26:31.586981][INFO][random_mc2_n6_mid3_d1000_05_mr098_r10_21_uai_emcc_kl_th00_mIter500_wtrue_x100_0] Closed log file
/mnt/beegfs/rcabanas/dev/credici/papers/journalEM/code/LearnAndCalculatePNS.java
run java
java -Xmx64g -cp /mnt/beegfs/rcabanas/dev/credici/target/credici-0.1.3-jar-with-dependencies.jar /mnt/beegfs/rcabanas/dev/credici/papers/journalEM/code/LearnAndCalculatePNS.java -w -x 100 -m 500 -sc LLratio -th 0.99999999 -a EMCC --seed 0 --output /mnt/beegfs/rcabanas/dev/credici/papers/journalEM/output/synthetic/s1 /mnt/beegfs/rcabanas/dev/credici/papers/journalEM/models/synthetic/s1/random_mc2_n6_mid3_d1000_05_mr098_r10_21.uai
[2022-10-17T16:26:31.619555][INFO][random_mc2_n8_mid3_d1000_05_mr098_r10_26_uai_emcc_kl_th00_mIter500_wtrue_x100_0] Set up logging
[2022-10-17T16:26:31.635120][INFO][random_mc2_n8_mid3_d1000_05_mr098_r10_26_uai_emcc_kl_th00_mIter500_wtrue_x100_0] args: -w;-x;100;-m;500;-sc;KL;-th;0.0;-a;EMCC;--seed;0;--output;/mnt/beegfs/rcabanas/dev/credici/papers/journalEM/output/synthetic/s1;/mnt/beegfs/rcabanas/dev/credici/papers/journalEM/models/synthetic/s1/random_mc2_n8_mid3_d1000_05_mr098_r10_26.uai
[2022-10-17T16:26:31.635415][INFO][random_mc2_n8_mid3_d1000_05_mr098_r10_26_uai_emcc_kl_th00_mIter500_wtrue_x100_0] Checking arguments
[2022-10-17T16:26:31.639022][INFO][random_mc2_n8_mid3_d1000_05_mr098_r10_26_uai_emcc_kl_th00_mIter500_wtrue_x100_0] Starting logger with seed 0
[2022-10-17T16:26:31.639798][SEVERE][random_mc2_n8_mid3_d1000_05_mr098_r10_26_uai_emcc_kl_th00_mIter500_wtrue_x100_0] Not rewriting. File exits: /mnt/beegfs/rcabanas/dev/credici/papers/journalEM/output/synthetic/s1/random_mc2_n8_mid3_d1000_05_mr098_r10_26_uai_emcc_kl_th00_mIter500_wtrue_x100_0.csv
[2022-10-17T16:26:31.644492][SEVERE][random_mc2_n8_mid3_d1000_05_mr098_r10_26_uai_emcc_kl_th00_mIter500_wtrue_x100_0] java.lang.IllegalStateException: Not rewriting. File exits: /mnt/beegfs/rcabanas/dev/credici/papers/journalEM/output/synthetic/s1/random_mc2_n8_mid3_d1000_05_mr098_r10_26_uai_emcc_kl_th00_mIter500_wtrue_x100_0.csv
[2022-10-17T16:26:31.644616][INFO][random_mc2_n8_mid3_d1000_05_mr098_r10_26_uai_emcc_kl_th00_mIter500_wtrue_x100_0] Closing log file
[2022-10-17T16:26:31.644728][INFO][random_mc2_n8_mid3_d1000_05_mr098_r10_26_uai_emcc_kl_th00_mIter500_wtrue_x100_0] Closed log file
/mnt/beegfs/rcabanas/dev/credici/papers/journalEM/code/LearnAndCalculatePNS.java
run java
java -Xmx64g -cp /mnt/beegfs/rcabanas/dev/credici/target/credici-0.1.3-jar-with-dependencies.jar /mnt/beegfs/rcabanas/dev/credici/papers/journalEM/code/LearnAndCalculatePNS.java -w -x 100 -m 500 -sc LLratio -th 0.99999999 -a EMCC --seed 0 --output /mnt/beegfs/rcabanas/dev/credici/papers/journalEM/output/synthetic/s1 /mnt/beegfs/rcabanas/dev/credici/papers/journalEM/models/synthetic/s1/random_mc2_n8_mid3_d1000_05_mr098_r10_26.uai
[2022-10-17T16:26:31.658545][INFO][random_mc2_n6_mid3_d1000_05_mr098_r10_22_uai_emcc_kl_th00_mIter500_wtrue_x100_0] Set up logging
[2022-10-17T16:26:31.674381][INFO][random_mc2_n6_mid3_d1000_05_mr098_r10_22_uai_emcc_kl_th00_mIter500_wtrue_x100_0] args: -w;-x;100;-m;500;-sc;KL;-th;0.0;-a;EMCC;--seed;0;--output;/mnt/beegfs/rcabanas/dev/credici/papers/journalEM/output/synthetic/s1;/mnt/beegfs/rcabanas/dev/credici/papers/journalEM/models/synthetic/s1/random_mc2_n6_mid3_d1000_05_mr098_r10_22.uai
[2022-10-17T16:26:31.674692][INFO][random_mc2_n6_mid3_d1000_05_mr098_r10_22_uai_emcc_kl_th00_mIter500_wtrue_x100_0] Checking arguments
[2022-10-17T16:26:31.662829][INFO][random_mc2_n8_mid3_d1000_05_mr098_r10_30_uai_emcc_kl_th00_mIter500_wtrue_x100_0] Set up logging
[2022-10-17T16:26:31.678283][INFO][random_mc2_n8_mid3_d1000_05_mr098_r10_30_uai_emcc_kl_th00_mIter500_wtrue_x100_0] args: -w;-x;100;-m;500;-sc;KL;-th;0.0;-a;EMCC;--seed;0;--output;/mnt/beegfs/rcabanas/dev/credici/papers/journalEM/output/synthetic/s1;/mnt/beegfs/rcabanas/dev/credici/papers/journalEM/models/synthetic/s1/random_mc2_n8_mid3_d1000_05_mr098_r10_30.uai
[2022-10-17T16:26:31.678534][INFO][random_mc2_n8_mid3_d1000_05_mr098_r10_30_uai_emcc_kl_th00_mIter500_wtrue_x100_0] Checking arguments
[2022-10-17T16:26:31.678623][INFO][random_mc2_n6_mid3_d1000_05_mr098_r10_22_uai_emcc_kl_th00_mIter500_wtrue_x100_0] Starting logger with seed 0
[2022-10-17T16:26:31.679439][SEVERE][random_mc2_n6_mid3_d1000_05_mr098_r10_22_uai_emcc_kl_th00_mIter500_wtrue_x100_0] Not rewriting. File exits: /mnt/beegfs/rcabanas/dev/credici/papers/journalEM/output/synthetic/s1/random_mc2_n6_mid3_d1000_05_mr098_r10_22_uai_emcc_kl_th00_mIter500_wtrue_x100_0.csv
[2022-10-17T16:26:31.684167][SEVERE][random_mc2_n6_mid3_d1000_05_mr098_r10_22_uai_emcc_kl_th00_mIter500_wtrue_x100_0] java.lang.IllegalStateException: Not rewriting. File exits: /mnt/beegfs/rcabanas/dev/credici/papers/journalEM/output/synthetic/s1/random_mc2_n6_mid3_d1000_05_mr098_r10_22_uai_emcc_kl_th00_mIter500_wtrue_x100_0.csv
[2022-10-17T16:26:31.684309][INFO][random_mc2_n6_mid3_d1000_05_mr098_r10_22_uai_emcc_kl_th00_mIter500_wtrue_x100_0] Closing log file
[2022-10-17T16:26:31.684408][INFO][random_mc2_n6_mid3_d1000_05_mr098_r10_22_uai_emcc_kl_th00_mIter500_wtrue_x100_0] Closed log file
[2022-10-17T16:26:31.694934][INFO][random_mc2_n8_mid3_d1000_05_mr098_r10_30_uai_emcc_kl_th00_mIter500_wtrue_x100_0] Starting logger with seed 0
[2022-10-17T16:26:31.695977][SEVERE][random_mc2_n8_mid3_d1000_05_mr098_r10_30_uai_emcc_kl_th00_mIter500_wtrue_x100_0] Not rewriting. File exits: /mnt/beegfs/rcabanas/dev/credici/papers/journalEM/output/synthetic/s1/random_mc2_n8_mid3_d1000_05_mr098_r10_30_uai_emcc_kl_th00_mIter500_wtrue_x100_0.csv
[2022-10-17T16:26:31.700646][SEVERE][random_mc2_n8_mid3_d1000_05_mr098_r10_30_uai_emcc_kl_th00_mIter500_wtrue_x100_0] java.lang.IllegalStateException: Not rewriting. File exits: /mnt/beegfs/rcabanas/dev/credici/papers/journalEM/output/synthetic/s1/random_mc2_n8_mid3_d1000_05_mr098_r10_30_uai_emcc_kl_th00_mIter500_wtrue_x100_0.csv
[2022-10-17T16:26:31.700848][INFO][random_mc2_n8_mid3_d1000_05_mr098_r10_30_uai_emcc_kl_th00_mIter500_wtrue_x100_0] Closing log file
[2022-10-17T16:26:31.700939][INFO][random_mc2_n8_mid3_d1000_05_mr098_r10_30_uai_emcc_kl_th00_mIter500_wtrue_x100_0] Closed log file
/mnt/beegfs/rcabanas/dev/credici/papers/journalEM/code/LearnAndCalculatePNS.java
run java
java -Xmx64g -cp /mnt/beegfs/rcabanas/dev/credici/target/credici-0.1.3-jar-with-dependencies.jar /mnt/beegfs/rcabanas/dev/credici/papers/journalEM/code/LearnAndCalculatePNS.java -w -x 100 -m 500 -sc LLratio -th 0.99999999 -a EMCC --seed 0 --output /mnt/beegfs/rcabanas/dev/credici/papers/journalEM/output/synthetic/s1 /mnt/beegfs/rcabanas/dev/credici/papers/journalEM/models/synthetic/s1/random_mc2_n6_mid3_d1000_05_mr098_r10_22.uai
/mnt/beegfs/rcabanas/dev/credici/papers/journalEM/code/LearnAndCalculatePNS.java
run java
java -Xmx64g -cp /mnt/beegfs/rcabanas/dev/credici/target/credici-0.1.3-jar-with-dependencies.jar /mnt/beegfs/rcabanas/dev/credici/papers/journalEM/code/LearnAndCalculatePNS.java -w -x 100 -m 500 -sc LLratio -th 0.99999999 -a EMCC --seed 0 --output /mnt/beegfs/rcabanas/dev/credici/papers/journalEM/output/synthetic/s1 /mnt/beegfs/rcabanas/dev/credici/papers/journalEM/models/synthetic/s1/random_mc2_n8_mid3_d1000_05_mr098_r10_30.uai
[2022-10-17T16:26:31.871169][INFO][random_mc2_n6_mid3_d1000_05_mr098_r10_23_uai_emcc_kl_th00_mIter500_wtrue_x100_0] Set up logging
[2022-10-17T16:26:31.881334][INFO][random_mc2_n6_mid3_d1000_05_mr098_r10_23_uai_emcc_kl_th00_mIter500_wtrue_x100_0] args: -w;-x;100;-m;500;-sc;KL;-th;0.0;-a;EMCC;--seed;0;--output;/mnt/beegfs/rcabanas/dev/credici/papers/journalEM/output/synthetic/s1;/mnt/beegfs/rcabanas/dev/credici/papers/journalEM/models/synthetic/s1/random_mc2_n6_mid3_d1000_05_mr098_r10_23.uai
[2022-10-17T16:26:31.881538][INFO][random_mc2_n6_mid3_d1000_05_mr098_r10_23_uai_emcc_kl_th00_mIter500_wtrue_x100_0] Checking arguments
[2022-10-17T16:26:31.885394][INFO][random_mc2_n6_mid3_d1000_05_mr098_r10_23_uai_emcc_kl_th00_mIter500_wtrue_x100_0] Starting logger with seed 0
[2022-10-17T16:26:31.893061][SEVERE][random_mc2_n6_mid3_d1000_05_mr098_r10_23_uai_emcc_kl_th00_mIter500_wtrue_x100_0] Not rewriting. File exits: /mnt/beegfs/rcabanas/dev/credici/papers/journalEM/output/synthetic/s1/random_mc2_n6_mid3_d1000_05_mr098_r10_23_uai_emcc_kl_th00_mIter500_wtrue_x100_0.csv
[2022-10-17T16:26:31.893539][SEVERE][random_mc2_n6_mid3_d1000_05_mr098_r10_23_uai_emcc_kl_th00_mIter500_wtrue_x100_0] java.lang.IllegalStateException: Not rewriting. File exits: /mnt/beegfs/rcabanas/dev/credici/papers/journalEM/output/synthetic/s1/random_mc2_n6_mid3_d1000_05_mr098_r10_23_uai_emcc_kl_th00_mIter500_wtrue_x100_0.csv
[2022-10-17T16:26:31.893674][INFO][random_mc2_n6_mid3_d1000_05_mr098_r10_23_uai_emcc_kl_th00_mIter500_wtrue_x100_0] Closing log file
[2022-10-17T16:26:31.893792][INFO][random_mc2_n6_mid3_d1000_05_mr098_r10_23_uai_emcc_kl_th00_mIter500_wtrue_x100_0] Closed log file
/mnt/beegfs/rcabanas/dev/credici/papers/journalEM/code/LearnAndCalculatePNS.java
run java
java -Xmx64g -cp /mnt/beegfs/rcabanas/dev/credici/target/credici-0.1.3-jar-with-dependencies.jar /mnt/beegfs/rcabanas/dev/credici/papers/journalEM/code/LearnAndCalculatePNS.java -w -x 100 -m 500 -sc LLratio -th 0.99999999 -a EMCC --seed 0 --output /mnt/beegfs/rcabanas/dev/credici/papers/journalEM/output/synthetic/s1 /mnt/beegfs/rcabanas/dev/credici/papers/journalEM/models/synthetic/s1/random_mc2_n6_mid3_d1000_05_mr098_r10_23.uai
[2022-10-17T16:26:32.238366][INFO][random_mc2_n5_mid3_d1000_05_mr098_r10_25_uai_emcc_kl_th00_mIter500_wtrue_x100_0] Set up logging
[2022-10-17T16:26:32.261186][INFO][random_mc2_n5_mid3_d1000_05_mr098_r10_25_uai_emcc_kl_th00_mIter500_wtrue_x100_0] args: -w;-x;100;-m;500;-sc;KL;-th;0.0;-a;EMCC;--seed;0;--output;/mnt/beegfs/rcabanas/dev/credici/papers/journalEM/output/synthetic/s1;/mnt/beegfs/rcabanas/dev/credici/papers/journalEM/models/synthetic/s1/random_mc2_n5_mid3_d1000_05_mr098_r10_25.uai
[2022-10-17T16:26:32.261555][INFO][random_mc2_n5_mid3_d1000_05_mr098_r10_25_uai_emcc_kl_th00_mIter500_wtrue_x100_0] Checking arguments
[2022-10-17T16:26:32.266795][INFO][random_mc2_n5_mid3_d1000_05_mr098_r10_25_uai_emcc_kl_th00_mIter500_wtrue_x100_0] Starting logger with seed 0
[2022-10-17T16:26:32.269058][SEVERE][random_mc2_n5_mid3_d1000_05_mr098_r10_25_uai_emcc_kl_th00_mIter500_wtrue_x100_0] Not rewriting. File exits: /mnt/beegfs/rcabanas/dev/credici/papers/journalEM/output/synthetic/s1/random_mc2_n5_mid3_d1000_05_mr098_r10_25_uai_emcc_kl_th00_mIter500_wtrue_x100_0.csv
[2022-10-17T16:26:32.273348][SEVERE][random_mc2_n5_mid3_d1000_05_mr098_r10_25_uai_emcc_kl_th00_mIter500_wtrue_x100_0] java.lang.IllegalStateException: Not rewriting. File exits: /mnt/beegfs/rcabanas/dev/credici/papers/journalEM/output/synthetic/s1/random_mc2_n5_mid3_d1000_05_mr098_r10_25_uai_emcc_kl_th00_mIter500_wtrue_x100_0.csv
[2022-10-17T16:26:32.273609][INFO][random_mc2_n5_mid3_d1000_05_mr098_r10_25_uai_emcc_kl_th00_mIter500_wtrue_x100_0] Closing log file
[2022-10-17T16:26:32.273734][INFO][random_mc2_n5_mid3_d1000_05_mr098_r10_25_uai_emcc_kl_th00_mIter500_wtrue_x100_0] Closed log file
/mnt/beegfs/rcabanas/dev/credici/papers/journalEM/code/LearnAndCalculatePNS.java
run java
java -Xmx64g -cp /mnt/beegfs/rcabanas/dev/credici/target/credici-0.1.3-jar-with-dependencies.jar /mnt/beegfs/rcabanas/dev/credici/papers/journalEM/code/LearnAndCalculatePNS.java -w -x 100 -m 500 -sc LLratio -th 0.99999999 -a EMCC --seed 0 --output /mnt/beegfs/rcabanas/dev/credici/papers/journalEM/output/synthetic/s1 /mnt/beegfs/rcabanas/dev/credici/papers/journalEM/models/synthetic/s1/random_mc2_n5_mid3_d1000_05_mr098_r10_25.uai
[2022-10-17T16:26:34.054021][INFO][random_mc2_n5_mid3_d1000_05_mr098_r10_24_uai_emcc_llratio_th099999999_mIter500_wtrue_x100_0] Set up logging
[2022-10-17T16:26:34.061140][INFO][random_mc2_n6_mid3_d1000_05_mr098_r10_21_uai_emcc_llratio_th099999999_mIter500_wtrue_x100_0] Set up logging
[2022-10-17T16:26:34.069955][INFO][random_mc2_n5_mid3_d1000_05_mr098_r10_24_uai_emcc_llratio_th099999999_mIter500_wtrue_x100_0] args: -w;-x;100;-m;500;-sc;LLratio;-th;0.99999999;-a;EMCC;--seed;0;--output;/mnt/beegfs/rcabanas/dev/credici/papers/journalEM/output/synthetic/s1;/mnt/beegfs/rcabanas/dev/credici/papers/journalEM/models/synthetic/s1/random_mc2_n5_mid3_d1000_05_mr098_r10_24.uai
[2022-10-17T16:26:34.072873][INFO][random_mc2_n5_mid3_d1000_05_mr098_r10_24_uai_emcc_llratio_th099999999_mIter500_wtrue_x100_0] Checking arguments
[2022-10-17T16:26:34.075275][INFO][random_mc2_n6_mid3_d1000_05_mr098_r10_21_uai_emcc_llratio_th099999999_mIter500_wtrue_x100_0] args: -w;-x;100;-m;500;-sc;LLratio;-th;0.99999999;-a;EMCC;--seed;0;--output;/mnt/beegfs/rcabanas/dev/credici/papers/journalEM/output/synthetic/s1;/mnt/beegfs/rcabanas/dev/credici/papers/journalEM/models/synthetic/s1/random_mc2_n6_mid3_d1000_05_mr098_r10_21.uai
[2022-10-17T16:26:34.075702][INFO][random_mc2_n6_mid3_d1000_05_mr098_r10_21_uai_emcc_llratio_th099999999_mIter500_wtrue_x100_0] Checking arguments
[2022-10-17T16:26:34.087104][INFO][random_mc2_n5_mid3_d1000_05_mr098_r10_24_uai_emcc_llratio_th099999999_mIter500_wtrue_x100_0] Starting logger with seed 0
[2022-10-17T16:26:34.089711][SEVERE][random_mc2_n5_mid3_d1000_05_mr098_r10_24_uai_emcc_llratio_th099999999_mIter500_wtrue_x100_0] Not rewriting. File exits: /mnt/beegfs/rcabanas/dev/credici/papers/journalEM/output/synthetic/s1/random_mc2_n5_mid3_d1000_05_mr098_r10_24_uai_emcc_llratio_th099999999_mIter500_wtrue_x100_0.csv
[2022-10-17T16:26:34.089867][SEVERE][random_mc2_n5_mid3_d1000_05_mr098_r10_24_uai_emcc_llratio_th099999999_mIter500_wtrue_x100_0] java.lang.IllegalStateException: Not rewriting. File exits: /mnt/beegfs/rcabanas/dev/credici/papers/journalEM/output/synthetic/s1/random_mc2_n5_mid3_d1000_05_mr098_r10_24_uai_emcc_llratio_th099999999_mIter500_wtrue_x100_0.csv
[2022-10-17T16:26:34.089915][INFO][random_mc2_n5_mid3_d1000_05_mr098_r10_24_uai_emcc_llratio_th099999999_mIter500_wtrue_x100_0] Closing log file
[2022-10-17T16:26:34.089948][INFO][random_mc2_n5_mid3_d1000_05_mr098_r10_24_uai_emcc_llratio_th099999999_mIter500_wtrue_x100_0] Closed log file
[2022-10-17T16:26:34.094131][INFO][random_mc2_n6_mid3_d1000_05_mr098_r10_21_uai_emcc_llratio_th099999999_mIter500_wtrue_x100_0] Starting logger with seed 0
[2022-10-17T16:26:34.095858][SEVERE][random_mc2_n6_mid3_d1000_05_mr098_r10_21_uai_emcc_llratio_th099999999_mIter500_wtrue_x100_0] Not rewriting. File exits: /mnt/beegfs/rcabanas/dev/credici/papers/journalEM/output/synthetic/s1/random_mc2_n6_mid3_d1000_05_mr098_r10_21_uai_emcc_llratio_th099999999_mIter500_wtrue_x100_0.csv
[2022-10-17T16:26:34.096010][SEVERE][random_mc2_n6_mid3_d1000_05_mr098_r10_21_uai_emcc_llratio_th099999999_mIter500_wtrue_x100_0] java.lang.IllegalStateException: Not rewriting. File exits: /mnt/beegfs/rcabanas/dev/credici/papers/journalEM/output/synthetic/s1/random_mc2_n6_mid3_d1000_05_mr098_r10_21_uai_emcc_llratio_th099999999_mIter500_wtrue_x100_0.csv
[2022-10-17T16:26:34.096060][INFO][random_mc2_n6_mid3_d1000_05_mr098_r10_21_uai_emcc_llratio_th099999999_mIter500_wtrue_x100_0] Closing log file
[2022-10-17T16:26:34.096094][INFO][random_mc2_n6_mid3_d1000_05_mr098_r10_21_uai_emcc_llratio_th099999999_mIter500_wtrue_x100_0] Closed log file
/mnt/beegfs/rcabanas/dev/credici/papers/journalEM/code/LearnAndCalculatePNS.java
run java
java -Xmx64g -cp /mnt/beegfs/rcabanas/dev/credici/target/credici-0.1.3-jar-with-dependencies.jar /mnt/beegfs/rcabanas/dev/credici/papers/journalEM/code/LearnAndCalculatePNS.java -w -x 100 -m 500 -sc KL -th 1e-08 -a EMCC --seed 0 --output /mnt/beegfs/rcabanas/dev/credici/papers/journalEM/output/synthetic/s1 /mnt/beegfs/rcabanas/dev/credici/papers/journalEM/models/synthetic/s1/random_mc2_n5_mid3_d1000_05_mr098_r10_24.uai
/mnt/beegfs/rcabanas/dev/credici/papers/journalEM/code/LearnAndCalculatePNS.java
run java
java -Xmx64g -cp /mnt/beegfs/rcabanas/dev/credici/target/credici-0.1.3-jar-with-dependencies.jar /mnt/beegfs/rcabanas/dev/credici/papers/journalEM/code/LearnAndCalculatePNS.java -w -x 100 -m 500 -sc KL -th 1e-08 -a EMCC --seed 0 --output /mnt/beegfs/rcabanas/dev/credici/papers/journalEM/output/synthetic/s1 /mnt/beegfs/rcabanas/dev/credici/papers/journalEM/models/synthetic/s1/random_mc2_n6_mid3_d1000_05_mr098_r10_21.uai
[2022-10-17T16:26:34.237012][INFO][random_mc2_n8_mid3_d1000_05_mr098_r10_26_uai_emcc_llratio_th099999999_mIter500_wtrue_x100_0] Set up logging
[2022-10-17T16:26:34.250562][INFO][random_mc2_n8_mid3_d1000_05_mr098_r10_26_uai_emcc_llratio_th099999999_mIter500_wtrue_x100_0] args: -w;-x;100;-m;500;-sc;LLratio;-th;0.99999999;-a;EMCC;--seed;0;--output;/mnt/beegfs/rcabanas/dev/credici/papers/journalEM/output/synthetic/s1;/mnt/beegfs/rcabanas/dev/credici/papers/journalEM/models/synthetic/s1/random_mc2_n8_mid3_d1000_05_mr098_r10_26.uai
[2022-10-17T16:26:34.251421][INFO][random_mc2_n8_mid3_d1000_05_mr098_r10_26_uai_emcc_llratio_th099999999_mIter500_wtrue_x100_0] Checking arguments
[2022-10-17T16:26:34.245413][INFO][random_mc2_n6_mid3_d1000_05_mr098_r10_22_uai_emcc_llratio_th099999999_mIter500_wtrue_x100_0] Set up logging
[2022-10-17T16:26:34.258426][INFO][random_mc2_n6_mid3_d1000_05_mr098_r10_22_uai_emcc_llratio_th099999999_mIter500_wtrue_x100_0] args: -w;-x;100;-m;500;-sc;LLratio;-th;0.99999999;-a;EMCC;--seed;0;--output;/mnt/beegfs/rcabanas/dev/credici/papers/journalEM/output/synthetic/s1;/mnt/beegfs/rcabanas/dev/credici/papers/journalEM/models/synthetic/s1/random_mc2_n6_mid3_d1000_05_mr098_r10_22.uai
[2022-10-17T16:26:34.261728][INFO][random_mc2_n6_mid3_d1000_05_mr098_r10_22_uai_emcc_llratio_th099999999_mIter500_wtrue_x100_0] Checking arguments
[2022-10-17T16:26:34.268945][INFO][random_mc2_n6_mid3_d1000_05_mr098_r10_22_uai_emcc_llratio_th099999999_mIter500_wtrue_x100_0] Starting logger with seed 0
[2022-10-17T16:26:34.269922][SEVERE][random_mc2_n6_mid3_d1000_05_mr098_r10_22_uai_emcc_llratio_th099999999_mIter500_wtrue_x100_0] Not rewriting. File exits: /mnt/beegfs/rcabanas/dev/credici/papers/journalEM/output/synthetic/s1/random_mc2_n6_mid3_d1000_05_mr098_r10_22_uai_emcc_llratio_th099999999_mIter500_wtrue_x100_0.csv
[2022-10-17T16:26:34.270113][SEVERE][random_mc2_n6_mid3_d1000_05_mr098_r10_22_uai_emcc_llratio_th099999999_mIter500_wtrue_x100_0] java.lang.IllegalStateException: Not rewriting. File exits: /mnt/beegfs/rcabanas/dev/credici/papers/journalEM/output/synthetic/s1/random_mc2_n6_mid3_d1000_05_mr098_r10_22_uai_emcc_llratio_th099999999_mIter500_wtrue_x100_0.csv
[2022-10-17T16:26:34.270225][INFO][random_mc2_n6_mid3_d1000_05_mr098_r10_22_uai_emcc_llratio_th099999999_mIter500_wtrue_x100_0] Closing log file
[2022-10-17T16:26:34.270325][INFO][random_mc2_n6_mid3_d1000_05_mr098_r10_22_uai_emcc_llratio_th099999999_mIter500_wtrue_x100_0] Closed log file
[2022-10-17T16:26:34.267640][INFO][random_mc2_n8_mid3_d1000_05_mr098_r10_26_uai_emcc_llratio_th099999999_mIter500_wtrue_x100_0] Starting logger with seed 0
[2022-10-17T16:26:34.269813][SEVERE][random_mc2_n8_mid3_d1000_05_mr098_r10_26_uai_emcc_llratio_th099999999_mIter500_wtrue_x100_0] Not rewriting. File exits: /mnt/beegfs/rcabanas/dev/credici/papers/journalEM/output/synthetic/s1/random_mc2_n8_mid3_d1000_05_mr098_r10_26_uai_emcc_llratio_th099999999_mIter500_wtrue_x100_0.csv
[2022-10-17T16:26:34.269954][SEVERE][random_mc2_n8_mid3_d1000_05_mr098_r10_26_uai_emcc_llratio_th099999999_mIter500_wtrue_x100_0] java.lang.IllegalStateException: Not rewriting. File exits: /mnt/beegfs/rcabanas/dev/credici/papers/journalEM/output/synthetic/s1/random_mc2_n8_mid3_d1000_05_mr098_r10_26_uai_emcc_llratio_th099999999_mIter500_wtrue_x100_0.csv
[2022-10-17T16:26:34.270003][INFO][random_mc2_n8_mid3_d1000_05_mr098_r10_26_uai_emcc_llratio_th099999999_mIter500_wtrue_x100_0] Closing log file
[2022-10-17T16:26:34.270036][INFO][random_mc2_n8_mid3_d1000_05_mr098_r10_26_uai_emcc_llratio_th099999999_mIter500_wtrue_x100_0] Closed log file
/mnt/beegfs/rcabanas/dev/credici/papers/journalEM/code/LearnAndCalculatePNS.java
run java
java -Xmx64g -cp /mnt/beegfs/rcabanas/dev/credici/target/credici-0.1.3-jar-with-dependencies.jar /mnt/beegfs/rcabanas/dev/credici/papers/journalEM/code/LearnAndCalculatePNS.java -w -x 100 -m 500 -sc KL -th 1e-08 -a EMCC --seed 0 --output /mnt/beegfs/rcabanas/dev/credici/papers/journalEM/output/synthetic/s1 /mnt/beegfs/rcabanas/dev/credici/papers/journalEM/models/synthetic/s1/random_mc2_n6_mid3_d1000_05_mr098_r10_22.uai
/mnt/beegfs/rcabanas/dev/credici/papers/journalEM/code/LearnAndCalculatePNS.java
run java
java -Xmx64g -cp /mnt/beegfs/rcabanas/dev/credici/target/credici-0.1.3-jar-with-dependencies.jar /mnt/beegfs/rcabanas/dev/credici/papers/journalEM/code/LearnAndCalculatePNS.java -w -x 100 -m 500 -sc KL -th 1e-08 -a EMCC --seed 0 --output /mnt/beegfs/rcabanas/dev/credici/papers/journalEM/output/synthetic/s1 /mnt/beegfs/rcabanas/dev/credici/papers/journalEM/models/synthetic/s1/random_mc2_n8_mid3_d1000_05_mr098_r10_26.uai
[2022-10-17T16:26:34.294831][INFO][random_mc2_n8_mid3_d1000_05_mr098_r10_30_uai_emcc_llratio_th099999999_mIter500_wtrue_x100_0] Set up logging
[2022-10-17T16:26:34.304265][INFO][random_mc2_n8_mid3_d1000_05_mr098_r10_30_uai_emcc_llratio_th099999999_mIter500_wtrue_x100_0] args: -w;-x;100;-m;500;-sc;LLratio;-th;0.99999999;-a;EMCC;--seed;0;--output;/mnt/beegfs/rcabanas/dev/credici/papers/journalEM/output/synthetic/s1;/mnt/beegfs/rcabanas/dev/credici/papers/journalEM/models/synthetic/s1/random_mc2_n8_mid3_d1000_05_mr098_r10_30.uai
[2022-10-17T16:26:34.304582][INFO][random_mc2_n8_mid3_d1000_05_mr098_r10_30_uai_emcc_llratio_th099999999_mIter500_wtrue_x100_0] Checking arguments
[2022-10-17T16:26:34.313204][INFO][random_mc2_n8_mid3_d1000_05_mr098_r10_30_uai_emcc_llratio_th099999999_mIter500_wtrue_x100_0] Starting logger with seed 0
[2022-10-17T16:26:34.314773][SEVERE][random_mc2_n8_mid3_d1000_05_mr098_r10_30_uai_emcc_llratio_th099999999_mIter500_wtrue_x100_0] Not rewriting. File exits: /mnt/beegfs/rcabanas/dev/credici/papers/journalEM/output/synthetic/s1/random_mc2_n8_mid3_d1000_05_mr098_r10_30_uai_emcc_llratio_th099999999_mIter500_wtrue_x100_0.csv
[2022-10-17T16:26:34.314959][SEVERE][random_mc2_n8_mid3_d1000_05_mr098_r10_30_uai_emcc_llratio_th099999999_mIter500_wtrue_x100_0] java.lang.IllegalStateException: Not rewriting. File exits: /mnt/beegfs/rcabanas/dev/credici/papers/journalEM/output/synthetic/s1/random_mc2_n8_mid3_d1000_05_mr098_r10_30_uai_emcc_llratio_th099999999_mIter500_wtrue_x100_0.csv
[2022-10-17T16:26:34.315068][INFO][random_mc2_n8_mid3_d1000_05_mr098_r10_30_uai_emcc_llratio_th099999999_mIter500_wtrue_x100_0] Closing log file
[2022-10-17T16:26:34.315170][INFO][random_mc2_n8_mid3_d1000_05_mr098_r10_30_uai_emcc_llratio_th099999999_mIter500_wtrue_x100_0] Closed log file
/mnt/beegfs/rcabanas/dev/credici/papers/journalEM/code/LearnAndCalculatePNS.java
run java
java -Xmx64g -cp /mnt/beegfs/rcabanas/dev/credici/target/credici-0.1.3-jar-with-dependencies.jar /mnt/beegfs/rcabanas/dev/credici/papers/journalEM/code/LearnAndCalculatePNS.java -w -x 100 -m 500 -sc KL -th 1e-08 -a EMCC --seed 0 --output /mnt/beegfs/rcabanas/dev/credici/papers/journalEM/output/synthetic/s1 /mnt/beegfs/rcabanas/dev/credici/papers/journalEM/models/synthetic/s1/random_mc2_n8_mid3_d1000_05_mr098_r10_30.uai
[2022-10-17T16:26:34.351545][INFO][random_mc2_n6_mid3_d1000_05_mr098_r10_23_uai_emcc_llratio_th099999999_mIter500_wtrue_x100_0] Set up logging
[2022-10-17T16:26:34.371682][INFO][random_mc2_n6_mid3_d1000_05_mr098_r10_23_uai_emcc_llratio_th099999999_mIter500_wtrue_x100_0] args: -w;-x;100;-m;500;-sc;LLratio;-th;0.99999999;-a;EMCC;--seed;0;--output;/mnt/beegfs/rcabanas/dev/credici/papers/journalEM/output/synthetic/s1;/mnt/beegfs/rcabanas/dev/credici/papers/journalEM/models/synthetic/s1/random_mc2_n6_mid3_d1000_05_mr098_r10_23.uai
[2022-10-17T16:26:34.371916][INFO][random_mc2_n6_mid3_d1000_05_mr098_r10_23_uai_emcc_llratio_th099999999_mIter500_wtrue_x100_0] Checking arguments
[2022-10-17T16:26:34.377224][INFO][random_mc2_n6_mid3_d1000_05_mr098_r10_23_uai_emcc_llratio_th099999999_mIter500_wtrue_x100_0] Starting logger with seed 0
[2022-10-17T16:26:34.389004][SEVERE][random_mc2_n6_mid3_d1000_05_mr098_r10_23_uai_emcc_llratio_th099999999_mIter500_wtrue_x100_0] Not rewriting. File exits: /mnt/beegfs/rcabanas/dev/credici/papers/journalEM/output/synthetic/s1/random_mc2_n6_mid3_d1000_05_mr098_r10_23_uai_emcc_llratio_th099999999_mIter500_wtrue_x100_0.csv
[2022-10-17T16:26:34.389491][SEVERE][random_mc2_n6_mid3_d1000_05_mr098_r10_23_uai_emcc_llratio_th099999999_mIter500_wtrue_x100_0] java.lang.IllegalStateException: Not rewriting. File exits: /mnt/beegfs/rcabanas/dev/credici/papers/journalEM/output/synthetic/s1/random_mc2_n6_mid3_d1000_05_mr098_r10_23_uai_emcc_llratio_th099999999_mIter500_wtrue_x100_0.csv
[2022-10-17T16:26:34.389618][INFO][random_mc2_n6_mid3_d1000_05_mr098_r10_23_uai_emcc_llratio_th099999999_mIter500_wtrue_x100_0] Closing log file
[2022-10-17T16:26:34.389747][INFO][random_mc2_n6_mid3_d1000_05_mr098_r10_23_uai_emcc_llratio_th099999999_mIter500_wtrue_x100_0] Closed log file
/mnt/beegfs/rcabanas/dev/credici/papers/journalEM/code/LearnAndCalculatePNS.java
run java
java -Xmx64g -cp /mnt/beegfs/rcabanas/dev/credici/target/credici-0.1.3-jar-with-dependencies.jar /mnt/beegfs/rcabanas/dev/credici/papers/journalEM/code/LearnAndCalculatePNS.java -w -x 100 -m 500 -sc KL -th 1e-08 -a EMCC --seed 0 --output /mnt/beegfs/rcabanas/dev/credici/papers/journalEM/output/synthetic/s1 /mnt/beegfs/rcabanas/dev/credici/papers/journalEM/models/synthetic/s1/random_mc2_n6_mid3_d1000_05_mr098_r10_23.uai
[2022-10-17T16:26:34.946224][INFO][random_mc2_n5_mid3_d1000_05_mr098_r10_25_uai_emcc_llratio_th099999999_mIter500_wtrue_x100_0] Set up logging
[2022-10-17T16:26:34.967848][INFO][random_mc2_n5_mid3_d1000_05_mr098_r10_25_uai_emcc_llratio_th099999999_mIter500_wtrue_x100_0] args: -w;-x;100;-m;500;-sc;LLratio;-th;0.99999999;-a;EMCC;--seed;0;--output;/mnt/beegfs/rcabanas/dev/credici/papers/journalEM/output/synthetic/s1;/mnt/beegfs/rcabanas/dev/credici/papers/journalEM/models/synthetic/s1/random_mc2_n5_mid3_d1000_05_mr098_r10_25.uai
[2022-10-17T16:26:34.968267][INFO][random_mc2_n5_mid3_d1000_05_mr098_r10_25_uai_emcc_llratio_th099999999_mIter500_wtrue_x100_0] Checking arguments
[2022-10-17T16:26:34.989512][INFO][random_mc2_n5_mid3_d1000_05_mr098_r10_25_uai_emcc_llratio_th099999999_mIter500_wtrue_x100_0] Starting logger with seed 0
[2022-10-17T16:26:34.990619][SEVERE][random_mc2_n5_mid3_d1000_05_mr098_r10_25_uai_emcc_llratio_th099999999_mIter500_wtrue_x100_0] Not rewriting. File exits: /mnt/beegfs/rcabanas/dev/credici/papers/journalEM/output/synthetic/s1/random_mc2_n5_mid3_d1000_05_mr098_r10_25_uai_emcc_llratio_th099999999_mIter500_wtrue_x100_0.csv
[2022-10-17T16:26:34.990872][SEVERE][random_mc2_n5_mid3_d1000_05_mr098_r10_25_uai_emcc_llratio_th099999999_mIter500_wtrue_x100_0] java.lang.IllegalStateException: Not rewriting. File exits: /mnt/beegfs/rcabanas/dev/credici/papers/journalEM/output/synthetic/s1/random_mc2_n5_mid3_d1000_05_mr098_r10_25_uai_emcc_llratio_th099999999_mIter500_wtrue_x100_0.csv
[2022-10-17T16:26:34.991007][INFO][random_mc2_n5_mid3_d1000_05_mr098_r10_25_uai_emcc_llratio_th099999999_mIter500_wtrue_x100_0] Closing log file
[2022-10-17T16:26:34.991135][INFO][random_mc2_n5_mid3_d1000_05_mr098_r10_25_uai_emcc_llratio_th099999999_mIter500_wtrue_x100_0] Closed log file
/mnt/beegfs/rcabanas/dev/credici/papers/journalEM/code/LearnAndCalculatePNS.java
run java
java -Xmx64g -cp /mnt/beegfs/rcabanas/dev/credici/target/credici-0.1.3-jar-with-dependencies.jar /mnt/beegfs/rcabanas/dev/credici/papers/journalEM/code/LearnAndCalculatePNS.java -w -x 100 -m 500 -sc KL -th 1e-08 -a EMCC --seed 0 --output /mnt/beegfs/rcabanas/dev/credici/papers/journalEM/output/synthetic/s1 /mnt/beegfs/rcabanas/dev/credici/papers/journalEM/models/synthetic/s1/random_mc2_n5_mid3_d1000_05_mr098_r10_25.uai
[2022-10-17T16:26:36.620471][INFO][random_mc2_n5_mid3_d1000_05_mr098_r10_24_uai_emcc_kl_th10E-8_mIter500_wtrue_x100_0] Set up logging
[2022-10-17T16:26:36.629220][INFO][random_mc2_n5_mid3_d1000_05_mr098_r10_24_uai_emcc_kl_th10E-8_mIter500_wtrue_x100_0] args: -w;-x;100;-m;500;-sc;KL;-th;1e-08;-a;EMCC;--seed;0;--output;/mnt/beegfs/rcabanas/dev/credici/papers/journalEM/output/synthetic/s1;/mnt/beegfs/rcabanas/dev/credici/papers/journalEM/models/synthetic/s1/random_mc2_n5_mid3_d1000_05_mr098_r10_24.uai
[2022-10-17T16:26:36.629657][INFO][random_mc2_n5_mid3_d1000_05_mr098_r10_24_uai_emcc_kl_th10E-8_mIter500_wtrue_x100_0] Checking arguments
[2022-10-17T16:26:36.620726][INFO][random_mc2_n6_mid3_d1000_05_mr098_r10_21_uai_emcc_kl_th10E-8_mIter500_wtrue_x100_0] Set up logging
[2022-10-17T16:26:36.636702][INFO][random_mc2_n5_mid3_d1000_05_mr098_r10_24_uai_emcc_kl_th10E-8_mIter500_wtrue_x100_0] Starting logger with seed 0
[2022-10-17T16:26:36.648042][SEVERE][random_mc2_n5_mid3_d1000_05_mr098_r10_24_uai_emcc_kl_th10E-8_mIter500_wtrue_x100_0] Not rewriting. File exits: /mnt/beegfs/rcabanas/dev/credici/papers/journalEM/output/synthetic/s1/random_mc2_n5_mid3_d1000_05_mr098_r10_24_uai_emcc_kl_th10E-8_mIter500_wtrue_x100_0.csv
[2022-10-17T16:26:36.648517][SEVERE][random_mc2_n5_mid3_d1000_05_mr098_r10_24_uai_emcc_kl_th10E-8_mIter500_wtrue_x100_0] java.lang.IllegalStateException: Not rewriting. File exits: /mnt/beegfs/rcabanas/dev/credici/papers/journalEM/output/synthetic/s1/random_mc2_n5_mid3_d1000_05_mr098_r10_24_uai_emcc_kl_th10E-8_mIter500_wtrue_x100_0.csv
[2022-10-17T16:26:36.648638][INFO][random_mc2_n5_mid3_d1000_05_mr098_r10_24_uai_emcc_kl_th10E-8_mIter500_wtrue_x100_0] Closing log file
[2022-10-17T16:26:36.648749][INFO][random_mc2_n5_mid3_d1000_05_mr098_r10_24_uai_emcc_kl_th10E-8_mIter500_wtrue_x100_0] Closed log file
[2022-10-17T16:26:36.648669][INFO][random_mc2_n6_mid3_d1000_05_mr098_r10_21_uai_emcc_kl_th10E-8_mIter500_wtrue_x100_0] args: -w;-x;100;-m;500;-sc;KL;-th;1e-08;-a;EMCC;--seed;0;--output;/mnt/beegfs/rcabanas/dev/credici/papers/journalEM/output/synthetic/s1;/mnt/beegfs/rcabanas/dev/credici/papers/journalEM/models/synthetic/s1/random_mc2_n6_mid3_d1000_05_mr098_r10_21.uai
[2022-10-17T16:26:36.649123][INFO][random_mc2_n6_mid3_d1000_05_mr098_r10_21_uai_emcc_kl_th10E-8_mIter500_wtrue_x100_0] Checking arguments
[2022-10-17T16:26:36.655029][INFO][random_mc2_n6_mid3_d1000_05_mr098_r10_21_uai_emcc_kl_th10E-8_mIter500_wtrue_x100_0] Starting logger with seed 0
[2022-10-17T16:26:36.656754][SEVERE][random_mc2_n6_mid3_d1000_05_mr098_r10_21_uai_emcc_kl_th10E-8_mIter500_wtrue_x100_0] Not rewriting. File exits: /mnt/beegfs/rcabanas/dev/credici/papers/journalEM/output/synthetic/s1/random_mc2_n6_mid3_d1000_05_mr098_r10_21_uai_emcc_kl_th10E-8_mIter500_wtrue_x100_0.csv
[2022-10-17T16:26:36.656872][SEVERE][random_mc2_n6_mid3_d1000_05_mr098_r10_21_uai_emcc_kl_th10E-8_mIter500_wtrue_x100_0] java.lang.IllegalStateException: Not rewriting. File exits: /mnt/beegfs/rcabanas/dev/credici/papers/journalEM/output/synthetic/s1/random_mc2_n6_mid3_d1000_05_mr098_r10_21_uai_emcc_kl_th10E-8_mIter500_wtrue_x100_0.csv
[2022-10-17T16:26:36.656919][INFO][random_mc2_n6_mid3_d1000_05_mr098_r10_21_uai_emcc_kl_th10E-8_mIter500_wtrue_x100_0] Closing log file
[2022-10-17T16:26:36.656952][INFO][random_mc2_n6_mid3_d1000_05_mr098_r10_21_uai_emcc_kl_th10E-8_mIter500_wtrue_x100_0] Closed log file
[2022-10-17T16:26:36.764420][INFO][random_mc2_n8_mid3_d1000_05_mr098_r10_30_uai_emcc_kl_th10E-8_mIter500_wtrue_x100_0] Set up logging
[2022-10-17T16:26:36.774989][INFO][random_mc2_n8_mid3_d1000_05_mr098_r10_30_uai_emcc_kl_th10E-8_mIter500_wtrue_x100_0] args: -w;-x;100;-m;500;-sc;KL;-th;1e-08;-a;EMCC;--seed;0;--output;/mnt/beegfs/rcabanas/dev/credici/papers/journalEM/output/synthetic/s1;/mnt/beegfs/rcabanas/dev/credici/papers/journalEM/models/synthetic/s1/random_mc2_n8_mid3_d1000_05_mr098_r10_30.uai
[2022-10-17T16:26:36.775231][INFO][random_mc2_n8_mid3_d1000_05_mr098_r10_30_uai_emcc_kl_th10E-8_mIter500_wtrue_x100_0] Checking arguments
[2022-10-17T16:26:36.788705][INFO][random_mc2_n8_mid3_d1000_05_mr098_r10_30_uai_emcc_kl_th10E-8_mIter500_wtrue_x100_0] Starting logger with seed 0
[2022-10-17T16:26:36.789809][SEVERE][random_mc2_n8_mid3_d1000_05_mr098_r10_30_uai_emcc_kl_th10E-8_mIter500_wtrue_x100_0] Not rewriting. File exits: /mnt/beegfs/rcabanas/dev/credici/papers/journalEM/output/synthetic/s1/random_mc2_n8_mid3_d1000_05_mr098_r10_30_uai_emcc_kl_th10E-8_mIter500_wtrue_x100_0.csv
[2022-10-17T16:26:36.789997][SEVERE][random_mc2_n8_mid3_d1000_05_mr098_r10_30_uai_emcc_kl_th10E-8_mIter500_wtrue_x100_0] java.lang.IllegalStateException: Not rewriting. File exits: /mnt/beegfs/rcabanas/dev/credici/papers/journalEM/output/synthetic/s1/random_mc2_n8_mid3_d1000_05_mr098_r10_30_uai_emcc_kl_th10E-8_mIter500_wtrue_x100_0.csv
[2022-10-17T16:26:36.790127][INFO][random_mc2_n8_mid3_d1000_05_mr098_r10_30_uai_emcc_kl_th10E-8_mIter500_wtrue_x100_0] Closing log file
[2022-10-17T16:26:36.790251][INFO][random_mc2_n8_mid3_d1000_05_mr098_r10_30_uai_emcc_kl_th10E-8_mIter500_wtrue_x100_0] Closed log file
[2022-10-17T16:26:36.777894][INFO][random_mc2_n8_mid3_d1000_05_mr098_r10_26_uai_emcc_kl_th10E-8_mIter500_wtrue_x100_0] Set up logging
[2022-10-17T16:26:36.792299][INFO][random_mc2_n8_mid3_d1000_05_mr098_r10_26_uai_emcc_kl_th10E-8_mIter500_wtrue_x100_0] args: -w;-x;100;-m;500;-sc;KL;-th;1e-08;-a;EMCC;--seed;0;--output;/mnt/beegfs/rcabanas/dev/credici/papers/journalEM/output/synthetic/s1;/mnt/beegfs/rcabanas/dev/credici/papers/journalEM/models/synthetic/s1/random_mc2_n8_mid3_d1000_05_mr098_r10_26.uai
[2022-10-17T16:26:36.792910][INFO][random_mc2_n8_mid3_d1000_05_mr098_r10_26_uai_emcc_kl_th10E-8_mIter500_wtrue_x100_0] Checking arguments
[2022-10-17T16:26:36.796462][INFO][random_mc2_n8_mid3_d1000_05_mr098_r10_26_uai_emcc_kl_th10E-8_mIter500_wtrue_x100_0] Starting logger with seed 0
[2022-10-17T16:26:36.797178][SEVERE][random_mc2_n8_mid3_d1000_05_mr098_r10_26_uai_emcc_kl_th10E-8_mIter500_wtrue_x100_0] Not rewriting. File exits: /mnt/beegfs/rcabanas/dev/credici/papers/journalEM/output/synthetic/s1/random_mc2_n8_mid3_d1000_05_mr098_r10_26_uai_emcc_kl_th10E-8_mIter500_wtrue_x100_0.csv
[2022-10-17T16:26:36.800875][SEVERE][random_mc2_n8_mid3_d1000_05_mr098_r10_26_uai_emcc_kl_th10E-8_mIter500_wtrue_x100_0] java.lang.IllegalStateException: Not rewriting. File exits: /mnt/beegfs/rcabanas/dev/credici/papers/journalEM/output/synthetic/s1/random_mc2_n8_mid3_d1000_05_mr098_r10_26_uai_emcc_kl_th10E-8_mIter500_wtrue_x100_0.csv
[2022-10-17T16:26:36.800998][INFO][random_mc2_n8_mid3_d1000_05_mr098_r10_26_uai_emcc_kl_th10E-8_mIter500_wtrue_x100_0] Closing log file
[2022-10-17T16:26:36.801091][INFO][random_mc2_n8_mid3_d1000_05_mr098_r10_26_uai_emcc_kl_th10E-8_mIter500_wtrue_x100_0] Closed log file
[2022-10-17T16:26:36.857236][INFO][random_mc2_n6_mid3_d1000_05_mr098_r10_22_uai_emcc_kl_th10E-8_mIter500_wtrue_x100_0] Set up logging
[2022-10-17T16:26:36.852079][INFO][random_mc2_n6_mid3_d1000_05_mr098_r10_23_uai_emcc_kl_th10E-8_mIter500_wtrue_x100_0] Set up logging
[2022-10-17T16:26:36.865848][INFO][random_mc2_n6_mid3_d1000_05_mr098_r10_22_uai_emcc_kl_th10E-8_mIter500_wtrue_x100_0] args: -w;-x;100;-m;500;-sc;KL;-th;1e-08;-a;EMCC;--seed;0;--output;/mnt/beegfs/rcabanas/dev/credici/papers/journalEM/output/synthetic/s1;/mnt/beegfs/rcabanas/dev/credici/papers/journalEM/models/synthetic/s1/random_mc2_n6_mid3_d1000_05_mr098_r10_22.uai
[2022-10-17T16:26:36.866237][INFO][random_mc2_n6_mid3_d1000_05_mr098_r10_22_uai_emcc_kl_th10E-8_mIter500_wtrue_x100_0] Checking arguments
[2022-10-17T16:26:36.870011][INFO][random_mc2_n6_mid3_d1000_05_mr098_r10_23_uai_emcc_kl_th10E-8_mIter500_wtrue_x100_0] args: -w;-x;100;-m;500;-sc;KL;-th;1e-08;-a;EMCC;--seed;0;--output;/mnt/beegfs/rcabanas/dev/credici/papers/journalEM/output/synthetic/s1;/mnt/beegfs/rcabanas/dev/credici/papers/journalEM/models/synthetic/s1/random_mc2_n6_mid3_d1000_05_mr098_r10_23.uai
[2022-10-17T16:26:36.870555][INFO][random_mc2_n6_mid3_d1000_05_mr098_r10_23_uai_emcc_kl_th10E-8_mIter500_wtrue_x100_0] Checking arguments
[2022-10-17T16:26:36.877044][INFO][random_mc2_n6_mid3_d1000_05_mr098_r10_22_uai_emcc_kl_th10E-8_mIter500_wtrue_x100_0] Starting logger with seed 0
[2022-10-17T16:26:36.878070][SEVERE][random_mc2_n6_mid3_d1000_05_mr098_r10_22_uai_emcc_kl_th10E-8_mIter500_wtrue_x100_0] Not rewriting. File exits: /mnt/beegfs/rcabanas/dev/credici/papers/journalEM/output/synthetic/s1/random_mc2_n6_mid3_d1000_05_mr098_r10_22_uai_emcc_kl_th10E-8_mIter500_wtrue_x100_0.csv
[2022-10-17T16:26:36.878253][SEVERE][random_mc2_n6_mid3_d1000_05_mr098_r10_22_uai_emcc_kl_th10E-8_mIter500_wtrue_x100_0] java.lang.IllegalStateException: Not rewriting. File exits: /mnt/beegfs/rcabanas/dev/credici/papers/journalEM/output/synthetic/s1/random_mc2_n6_mid3_d1000_05_mr098_r10_22_uai_emcc_kl_th10E-8_mIter500_wtrue_x100_0.csv
[2022-10-17T16:26:36.878366][INFO][random_mc2_n6_mid3_d1000_05_mr098_r10_22_uai_emcc_kl_th10E-8_mIter500_wtrue_x100_0] Closing log file
[2022-10-17T16:26:36.878469][INFO][random_mc2_n6_mid3_d1000_05_mr098_r10_22_uai_emcc_kl_th10E-8_mIter500_wtrue_x100_0] Closed log file
[2022-10-17T16:26:36.879997][INFO][random_mc2_n6_mid3_d1000_05_mr098_r10_23_uai_emcc_kl_th10E-8_mIter500_wtrue_x100_0] Starting logger with seed 0
[2022-10-17T16:26:36.881431][SEVERE][random_mc2_n6_mid3_d1000_05_mr098_r10_23_uai_emcc_kl_th10E-8_mIter500_wtrue_x100_0] Not rewriting. File exits: /mnt/beegfs/rcabanas/dev/credici/papers/journalEM/output/synthetic/s1/random_mc2_n6_mid3_d1000_05_mr098_r10_23_uai_emcc_kl_th10E-8_mIter500_wtrue_x100_0.csv
[2022-10-17T16:26:36.881601][SEVERE][random_mc2_n6_mid3_d1000_05_mr098_r10_23_uai_emcc_kl_th10E-8_mIter500_wtrue_x100_0] java.lang.IllegalStateException: Not rewriting. File exits: /mnt/beegfs/rcabanas/dev/credici/papers/journalEM/output/synthetic/s1/random_mc2_n6_mid3_d1000_05_mr098_r10_23_uai_emcc_kl_th10E-8_mIter500_wtrue_x100_0.csv
[2022-10-17T16:26:36.881731][INFO][random_mc2_n6_mid3_d1000_05_mr098_r10_23_uai_emcc_kl_th10E-8_mIter500_wtrue_x100_0] Closing log file
[2022-10-17T16:26:36.881833][INFO][random_mc2_n6_mid3_d1000_05_mr098_r10_23_uai_emcc_kl_th10E-8_mIter500_wtrue_x100_0] Closed log file
['learnpns.py', '28', '0']
Running generatemodels.py
id=28
seed=0
/mnt/beegfs/rcabanas/dev/credici
/mnt/beegfs/rcabanas/dev/credici/papers/journalEM
/mnt/beegfs/rcabanas/dev/credici/papers/journalEM/output
/mnt/beegfs/rcabanas/dev/credici/papers/journalEM/models
/mnt/beegfs/rcabanas/dev/credici/target/credici-0.1.3-jar-with-dependencies.jar
['random_mc2_n8_mid3_d1000_05_mr098_r10_28.uai', 'random_mc2_n5_mid3_d1000_05_mr098_r10_28.uai', 'random_mc2_n7_mid3_d1000_05_mr098_r10_28.uai', 'random_mc2_n6_mid3_d1000_05_mr098_r10_28.uai', 'random_mc2_n9_mid3_d1000_05_mr098_r10_28.uai']
5 models
/mnt/beegfs/rcabanas/dev/credici/papers/journalEM/code/LearnAndCalculatePNS.java
run java
java -Xmx64g -cp /mnt/beegfs/rcabanas/dev/credici/target/credici-0.1.3-jar-with-dependencies.jar /mnt/beegfs/rcabanas/dev/credici/papers/journalEM/code/LearnAndCalculatePNS.java -w -x 100 -m 500 -sc LLratio -th 1.0 -a EMCC --seed 0 --output /mnt/beegfs/rcabanas/dev/credici/papers/journalEM/output/synthetic/s1 /mnt/beegfs/rcabanas/dev/credici/papers/journalEM/models/synthetic/s1/random_mc2_n9_mid3_d1000_05_mr098_r10_28.uai
[2022-10-17T16:26:37.599542][INFO][random_mc2_n5_mid3_d1000_05_mr098_r10_25_uai_emcc_kl_th10E-8_mIter500_wtrue_x100_0] Set up logging
[2022-10-17T16:26:37.617922][INFO][random_mc2_n5_mid3_d1000_05_mr098_r10_25_uai_emcc_kl_th10E-8_mIter500_wtrue_x100_0] args: -w;-x;100;-m;500;-sc;KL;-th;1e-08;-a;EMCC;--seed;0;--output;/mnt/beegfs/rcabanas/dev/credici/papers/journalEM/output/synthetic/s1;/mnt/beegfs/rcabanas/dev/credici/papers/journalEM/models/synthetic/s1/random_mc2_n5_mid3_d1000_05_mr098_r10_25.uai
[2022-10-17T16:26:37.618438][INFO][random_mc2_n5_mid3_d1000_05_mr098_r10_25_uai_emcc_kl_th10E-8_mIter500_wtrue_x100_0] Checking arguments
[2022-10-17T16:26:37.624573][INFO][random_mc2_n5_mid3_d1000_05_mr098_r10_25_uai_emcc_kl_th10E-8_mIter500_wtrue_x100_0] Starting logger with seed 0
[2022-10-17T16:26:37.626092][SEVERE][random_mc2_n5_mid3_d1000_05_mr098_r10_25_uai_emcc_kl_th10E-8_mIter500_wtrue_x100_0] Not rewriting. File exits: /mnt/beegfs/rcabanas/dev/credici/papers/journalEM/output/synthetic/s1/random_mc2_n5_mid3_d1000_05_mr098_r10_25_uai_emcc_kl_th10E-8_mIter500_wtrue_x100_0.csv
[2022-10-17T16:26:37.626356][SEVERE][random_mc2_n5_mid3_d1000_05_mr098_r10_25_uai_emcc_kl_th10E-8_mIter500_wtrue_x100_0] java.lang.IllegalStateException: Not rewriting. File exits: /mnt/beegfs/rcabanas/dev/credici/papers/journalEM/output/synthetic/s1/random_mc2_n5_mid3_d1000_05_mr098_r10_25_uai_emcc_kl_th10E-8_mIter500_wtrue_x100_0.csv
[2022-10-17T16:26:37.627400][INFO][random_mc2_n5_mid3_d1000_05_mr098_r10_25_uai_emcc_kl_th10E-8_mIter500_wtrue_x100_0] Closing log file
[2022-10-17T16:26:37.627505][INFO][random_mc2_n5_mid3_d1000_05_mr098_r10_25_uai_emcc_kl_th10E-8_mIter500_wtrue_x100_0] Closed log file
[2022-10-17T16:26:39.520047][INFO][random_mc2_n9_mid3_d1000_05_mr098_r10_28_uai_emcc_llratio_th10_mIter500_wtrue_x100_0] Set up logging
[2022-10-17T16:26:39.530095][INFO][random_mc2_n9_mid3_d1000_05_mr098_r10_28_uai_emcc_llratio_th10_mIter500_wtrue_x100_0] args: -w;-x;100;-m;500;-sc;LLratio;-th;1.0;-a;EMCC;--seed;0;--output;/mnt/beegfs/rcabanas/dev/credici/papers/journalEM/output/synthetic/s1;/mnt/beegfs/rcabanas/dev/credici/papers/journalEM/models/synthetic/s1/random_mc2_n9_mid3_d1000_05_mr098_r10_28.uai
[2022-10-17T16:26:39.530244][INFO][random_mc2_n9_mid3_d1000_05_mr098_r10_28_uai_emcc_llratio_th10_mIter500_wtrue_x100_0] Checking arguments
[2022-10-17T16:26:39.546088][INFO][random_mc2_n9_mid3_d1000_05_mr098_r10_28_uai_emcc_llratio_th10_mIter500_wtrue_x100_0] Starting logger with seed 0
[2022-10-17T16:26:39.719300][INFO][random_mc2_n9_mid3_d1000_05_mr098_r10_28_uai_emcc_llratio_th10_mIter500_wtrue_x100_0] Loaded model from: /mnt/beegfs/rcabanas/dev/credici/papers/journalEM/models/synthetic/s1/random_mc2_n9_mid3_d1000_05_mr098_r10_28.uai
[2022-10-17T16:26:39.913160][INFO][random_mc2_n9_mid3_d1000_05_mr098_r10_28_uai_emcc_llratio_th10_mIter500_wtrue_x100_0] Loaded 1000 data instances from: /mnt/beegfs/rcabanas/dev/credici/papers/journalEM/models/synthetic/s1/random_mc2_n9_mid3_d1000_05_mr098_r10_28.csv
[2022-10-17T16:26:39.914730][INFO][random_mc2_n9_mid3_d1000_05_mr098_r10_28_uai_emcc_llratio_th10_mIter500_wtrue_x100_0] Loaded model information from: /mnt/beegfs/rcabanas/dev/credici/papers/journalEM/models/synthetic/s1/random_mc2_n9_mid3_d1000_05_mr098_r10_28_info.csv
[2022-10-17T16:26:40.058030][INFO][random_mc2_n9_mid3_d1000_05_mr098_r10_28_uai_emcc_llratio_th10_mIter500_wtrue_x100_0] Learning exogenous variables with algorithm: EMCC
slurmstepd: error: *** JOB 84181 ON nodo06 CANCELLED AT 2022-10-17T18:27:36 ***
