0
0
['learnpns.py', '1', '0']
['learnpns.py', '2', '0']
Running generatemodels.py
id=1
seed=0
/mnt/beegfs/rcabanas/dev/credici
/mnt/beegfs/rcabanas/dev/credici/papers/journalEM
/mnt/beegfs/rcabanas/dev/credici/papers/journalEM/output
/mnt/beegfs/rcabanas/dev/credici/papers/journalEM/models
/mnt/beegfs/rcabanas/dev/credici/target/credici-0.1.3-jar-with-dependencies.jar
['random_mc2_n6_mid3_d1000_05_mr098_r10_1.uai', 'random_mc2_n8_mid3_d1000_05_mr098_r10_1.uai', 'random_mc2_n9_mid3_d1000_05_mr098_r10_1.uai', 'random_mc2_n5_mid3_d1000_05_mr098_r10_1.uai']
4 models
/mnt/beegfs/rcabanas/dev/credici/papers/journalEM/code/LearnAndCalculatePNS.java
run java
java -Xmx64g -cp /mnt/beegfs/rcabanas/dev/credici/target/credici-0.1.3-jar-with-dependencies.jar /mnt/beegfs/rcabanas/dev/credici/papers/journalEM/code/LearnAndCalculatePNS.java -w -x 100 -m 500 -sc LLratio -th 1.0 -a EMCC --seed 0 --output /mnt/beegfs/rcabanas/dev/credici/papers/journalEM/output/synthetic/s1 /mnt/beegfs/rcabanas/dev/credici/papers/journalEM/models/synthetic/s1/random_mc2_n5_mid3_d1000_05_mr098_r10_1.uai
Running generatemodels.py
id=2
seed=0
/mnt/beegfs/rcabanas/dev/credici
/mnt/beegfs/rcabanas/dev/credici/papers/journalEM
/mnt/beegfs/rcabanas/dev/credici/papers/journalEM/output
/mnt/beegfs/rcabanas/dev/credici/papers/journalEM/models
/mnt/beegfs/rcabanas/dev/credici/target/credici-0.1.3-jar-with-dependencies.jar
['random_mc2_n7_mid3_d1000_05_mr098_r10_2.uai', 'random_mc2_n5_mid3_d1000_05_mr098_r10_2.uai', 'random_mc2_n6_mid3_d1000_05_mr098_r10_2.uai', 'random_mc2_n8_mid3_d1000_05_mr098_r10_2.uai', 'random_mc2_n9_mid3_d1000_05_mr098_r10_2.uai']
5 models
/mnt/beegfs/rcabanas/dev/credici/papers/journalEM/code/LearnAndCalculatePNS.java
run java
java -Xmx64g -cp /mnt/beegfs/rcabanas/dev/credici/target/credici-0.1.3-jar-with-dependencies.jar /mnt/beegfs/rcabanas/dev/credici/papers/journalEM/code/LearnAndCalculatePNS.java -w -x 100 -m 500 -sc LLratio -th 1.0 -a EMCC --seed 0 --output /mnt/beegfs/rcabanas/dev/credici/papers/journalEM/output/synthetic/s1 /mnt/beegfs/rcabanas/dev/credici/papers/journalEM/models/synthetic/s1/random_mc2_n9_mid3_d1000_05_mr098_r10_2.uai
['learnpns.py', '5', '0']
['learnpns.py', '10', '0']
['learnpns.py', '8', '0']
['learnpns.py', '6', '0']
Running generatemodels.py
id=5
seed=0
/mnt/beegfs/rcabanas/dev/credici
/mnt/beegfs/rcabanas/dev/credici/papers/journalEM
/mnt/beegfs/rcabanas/dev/credici/papers/journalEM/output
/mnt/beegfs/rcabanas/dev/credici/papers/journalEM/models
/mnt/beegfs/rcabanas/dev/credici/target/credici-0.1.3-jar-with-dependencies.jar
['random_mc2_n6_mid3_d1000_05_mr098_r10_5.uai', 'random_mc2_n7_mid3_d1000_05_mr098_r10_5.uai', 'random_mc2_n8_mid3_d1000_05_mr098_r10_5.uai']
3 models
/mnt/beegfs/rcabanas/dev/credici/papers/journalEM/code/LearnAndCalculatePNS.java
run java
java -Xmx64g -cp /mnt/beegfs/rcabanas/dev/credici/target/credici-0.1.3-jar-with-dependencies.jar /mnt/beegfs/rcabanas/dev/credici/papers/journalEM/code/LearnAndCalculatePNS.java -w -x 100 -m 500 -sc LLratio -th 1.0 -a EMCC --seed 0 --output /mnt/beegfs/rcabanas/dev/credici/papers/journalEM/output/synthetic/s1 /mnt/beegfs/rcabanas/dev/credici/papers/journalEM/models/synthetic/s1/random_mc2_n8_mid3_d1000_05_mr098_r10_5.uai
Running generatemodels.py
id=10
seed=0
/mnt/beegfs/rcabanas/dev/credici
/mnt/beegfs/rcabanas/dev/credici/papers/journalEM
/mnt/beegfs/rcabanas/dev/credici/papers/journalEM/output
/mnt/beegfs/rcabanas/dev/credici/papers/journalEM/models
/mnt/beegfs/rcabanas/dev/credici/target/credici-0.1.3-jar-with-dependencies.jar
['learnpns.py', '9', '0']
Running generatemodels.py
id=8
seed=0
/mnt/beegfs/rcabanas/dev/credici
/mnt/beegfs/rcabanas/dev/credici/papers/journalEM
/mnt/beegfs/rcabanas/dev/credici/papers/journalEM/output
/mnt/beegfs/rcabanas/dev/credici/papers/journalEM/models
/mnt/beegfs/rcabanas/dev/credici/target/credici-0.1.3-jar-with-dependencies.jar
Running generatemodels.py
id=6
seed=0
/mnt/beegfs/rcabanas/dev/credici
/mnt/beegfs/rcabanas/dev/credici/papers/journalEM
/mnt/beegfs/rcabanas/dev/credici/papers/journalEM/output
/mnt/beegfs/rcabanas/dev/credici/papers/journalEM/models
/mnt/beegfs/rcabanas/dev/credici/target/credici-0.1.3-jar-with-dependencies.jar
['random_mc2_n5_mid3_d1000_05_mr098_r10_8.uai', 'random_mc2_n11_mid3_d1000_05_mr098_r10_8.uai', 'random_mc2_n6_mid3_d1000_05_mr098_r10_8.uai']
['random_mc2_n9_mid3_d1000_05_mr098_r10_10.uai', 'random_mc2_n10_mid3_d1000_05_mr098_r10_10.uai', 'random_mc2_n5_mid3_d1000_05_mr098_r10_10.uai', 'random_mc2_n6_mid3_d1000_05_mr098_r10_10.uai', 'random_mc2_n7_mid3_d1000_05_mr098_r10_10.uai']
3 models
5 models
/mnt/beegfs/rcabanas/dev/credici/papers/journalEM/code/LearnAndCalculatePNS.java
run java
java -Xmx64g -cp /mnt/beegfs/rcabanas/dev/credici/target/credici-0.1.3-jar-with-dependencies.jar /mnt/beegfs/rcabanas/dev/credici/papers/journalEM/code/LearnAndCalculatePNS.java -w -x 100 -m 500 -sc LLratio -th 1.0 -a EMCC --seed 0 --output /mnt/beegfs/rcabanas/dev/credici/papers/journalEM/output/synthetic/s1 /mnt/beegfs/rcabanas/dev/credici/papers/journalEM/models/synthetic/s1/random_mc2_n7_mid3_d1000_05_mr098_r10_10.uai
/mnt/beegfs/rcabanas/dev/credici/papers/journalEM/code/LearnAndCalculatePNS.java
run java
java -Xmx64g -cp /mnt/beegfs/rcabanas/dev/credici/target/credici-0.1.3-jar-with-dependencies.jar /mnt/beegfs/rcabanas/dev/credici/papers/journalEM/code/LearnAndCalculatePNS.java -w -x 100 -m 500 -sc LLratio -th 1.0 -a EMCC --seed 0 --output /mnt/beegfs/rcabanas/dev/credici/papers/journalEM/output/synthetic/s1 /mnt/beegfs/rcabanas/dev/credici/papers/journalEM/models/synthetic/s1/random_mc2_n6_mid3_d1000_05_mr098_r10_8.uai
['learnpns.py', '4', '0']
Running generatemodels.py
id=9
seed=0
/mnt/beegfs/rcabanas/dev/credici
/mnt/beegfs/rcabanas/dev/credici/papers/journalEM
/mnt/beegfs/rcabanas/dev/credici/papers/journalEM/output
/mnt/beegfs/rcabanas/dev/credici/papers/journalEM/models
/mnt/beegfs/rcabanas/dev/credici/target/credici-0.1.3-jar-with-dependencies.jar
['random_mc2_n7_mid3_d1000_05_mr098_r10_6.uai', 'random_mc2_n10_mid3_d1000_05_mr098_r10_6.uai', 'random_mc2_n6_mid3_d1000_05_mr098_r10_6.uai', 'random_mc2_n5_mid3_d1000_05_mr098_r10_6.uai']
4 models
/mnt/beegfs/rcabanas/dev/credici/papers/journalEM/code/LearnAndCalculatePNS.java
run java
java -Xmx64g -cp /mnt/beegfs/rcabanas/dev/credici/target/credici-0.1.3-jar-with-dependencies.jar /mnt/beegfs/rcabanas/dev/credici/papers/journalEM/code/LearnAndCalculatePNS.java -w -x 100 -m 500 -sc LLratio -th 1.0 -a EMCC --seed 0 --output /mnt/beegfs/rcabanas/dev/credici/papers/journalEM/output/synthetic/s1 /mnt/beegfs/rcabanas/dev/credici/papers/journalEM/models/synthetic/s1/random_mc2_n5_mid3_d1000_05_mr098_r10_6.uai
['learnpns.py', '0', '0']
['learnpns.py', '3', '0']
['random_mc2_n7_mid3_d1000_05_mr098_r10_9.uai', 'random_mc2_n5_mid3_d1000_05_mr098_r10_9.uai']
2 models
/mnt/beegfs/rcabanas/dev/credici/papers/journalEM/code/LearnAndCalculatePNS.java
run java
java -Xmx64g -cp /mnt/beegfs/rcabanas/dev/credici/target/credici-0.1.3-jar-with-dependencies.jar /mnt/beegfs/rcabanas/dev/credici/papers/journalEM/code/LearnAndCalculatePNS.java -w -x 100 -m 500 -sc LLratio -th 1.0 -a EMCC --seed 0 --output /mnt/beegfs/rcabanas/dev/credici/papers/journalEM/output/synthetic/s1 /mnt/beegfs/rcabanas/dev/credici/papers/journalEM/models/synthetic/s1/random_mc2_n5_mid3_d1000_05_mr098_r10_9.uai
Running generatemodels.py
id=4
seed=0
/mnt/beegfs/rcabanas/dev/credici
/mnt/beegfs/rcabanas/dev/credici/papers/journalEM
/mnt/beegfs/rcabanas/dev/credici/papers/journalEM/output
/mnt/beegfs/rcabanas/dev/credici/papers/journalEM/models
/mnt/beegfs/rcabanas/dev/credici/target/credici-0.1.3-jar-with-dependencies.jar
Running generatemodels.py
id=0
seed=0
/mnt/beegfs/rcabanas/dev/credici
/mnt/beegfs/rcabanas/dev/credici/papers/journalEM
/mnt/beegfs/rcabanas/dev/credici/papers/journalEM/output
/mnt/beegfs/rcabanas/dev/credici/papers/journalEM/models
/mnt/beegfs/rcabanas/dev/credici/target/credici-0.1.3-jar-with-dependencies.jar
Running generatemodels.py
id=3
seed=0
['random_mc2_n6_mid3_d1000_05_mr098_r10_0.uai', 'random_mc2_n7_mid3_d1000_05_mr098_r10_0.uai', 'random_mc2_n8_mid3_d1000_05_mr098_r10_0.uai', 'random_mc2_n5_mid3_d1000_05_mr098_r10_0.uai']
['random_mc2_n5_mid3_d1000_05_mr098_r10_4.uai', 'random_mc2_n7_mid3_d1000_05_mr098_r10_4.uai', 'random_mc2_n10_mid3_d1000_05_mr098_r10_4.uai']
3 models
/mnt/beegfs/rcabanas/dev/credici/papers/journalEM/code/LearnAndCalculatePNS.java
/mnt/beegfs/rcabanas/dev/credici
/mnt/beegfs/rcabanas/dev/credici/papers/journalEM
4 models
/mnt/beegfs/rcabanas/dev/credici/papers/journalEM/code/LearnAndCalculatePNS.java
run java
java -Xmx64g -cp /mnt/beegfs/rcabanas/dev/credici/target/credici-0.1.3-jar-with-dependencies.jar /mnt/beegfs/rcabanas/dev/credici/papers/journalEM/code/LearnAndCalculatePNS.java -w -x 100 -m 500 -sc LLratio -th 1.0 -a EMCC --seed 0 --output /mnt/beegfs/rcabanas/dev/credici/papers/journalEM/output/synthetic/s1 /mnt/beegfs/rcabanas/dev/credici/papers/journalEM/models/synthetic/s1/random_mc2_n10_mid3_d1000_05_mr098_r10_4.uai
/mnt/beegfs/rcabanas/dev/credici/papers/journalEM/output
run java
/mnt/beegfs/rcabanas/dev/credici/papers/journalEM/models
java -Xmx64g -cp /mnt/beegfs/rcabanas/dev/credici/target/credici-0.1.3-jar-with-dependencies.jar /mnt/beegfs/rcabanas/dev/credici/papers/journalEM/code/LearnAndCalculatePNS.java -w -x 100 -m 500 -sc LLratio -th 1.0 -a EMCC --seed 0 --output /mnt/beegfs/rcabanas/dev/credici/papers/journalEM/output/synthetic/s1 /mnt/beegfs/rcabanas/dev/credici/papers/journalEM/models/synthetic/s1/random_mc2_n5_mid3_d1000_05_mr098_r10_0.uai
/mnt/beegfs/rcabanas/dev/credici/target/credici-0.1.3-jar-with-dependencies.jar
['random_mc2_n10_mid3_d1000_05_mr098_r10_3.uai', 'random_mc2_n8_mid3_d1000_05_mr098_r10_3.uai', 'random_mc2_n11_mid3_d1000_05_mr098_r10_3.uai']
3 models
/mnt/beegfs/rcabanas/dev/credici/papers/journalEM/code/LearnAndCalculatePNS.java
run java
java -Xmx64g -cp /mnt/beegfs/rcabanas/dev/credici/target/credici-0.1.3-jar-with-dependencies.jar /mnt/beegfs/rcabanas/dev/credici/papers/journalEM/code/LearnAndCalculatePNS.java -w -x 100 -m 500 -sc LLratio -th 1.0 -a EMCC --seed 0 --output /mnt/beegfs/rcabanas/dev/credici/papers/journalEM/output/synthetic/s1 /mnt/beegfs/rcabanas/dev/credici/papers/journalEM/models/synthetic/s1/random_mc2_n11_mid3_d1000_05_mr098_r10_3.uai
[2022-10-17T16:26:28.442973][INFO][random_mc2_n5_mid3_d1000_05_mr098_r10_1_uai_emcc_llratio_th10_mIter500_wtrue_x100_0] Set up logging
[2022-10-17T16:26:28.452880][INFO][random_mc2_n5_mid3_d1000_05_mr098_r10_1_uai_emcc_llratio_th10_mIter500_wtrue_x100_0] args: -w;-x;100;-m;500;-sc;LLratio;-th;1.0;-a;EMCC;--seed;0;--output;/mnt/beegfs/rcabanas/dev/credici/papers/journalEM/output/synthetic/s1;/mnt/beegfs/rcabanas/dev/credici/papers/journalEM/models/synthetic/s1/random_mc2_n5_mid3_d1000_05_mr098_r10_1.uai
[2022-10-17T16:26:28.453147][INFO][random_mc2_n5_mid3_d1000_05_mr098_r10_1_uai_emcc_llratio_th10_mIter500_wtrue_x100_0] Checking arguments
[2022-10-17T16:26:28.469494][INFO][random_mc2_n5_mid3_d1000_05_mr098_r10_1_uai_emcc_llratio_th10_mIter500_wtrue_x100_0] Starting logger with seed 0
[2022-10-17T16:26:28.471543][SEVERE][random_mc2_n5_mid3_d1000_05_mr098_r10_1_uai_emcc_llratio_th10_mIter500_wtrue_x100_0] Not rewriting. File exits: /mnt/beegfs/rcabanas/dev/credici/papers/journalEM/output/synthetic/s1/random_mc2_n5_mid3_d1000_05_mr098_r10_1_uai_emcc_llratio_th10_mIter500_wtrue_x100_0.csv
[2022-10-17T16:26:28.471689][SEVERE][random_mc2_n5_mid3_d1000_05_mr098_r10_1_uai_emcc_llratio_th10_mIter500_wtrue_x100_0] java.lang.IllegalStateException: Not rewriting. File exits: /mnt/beegfs/rcabanas/dev/credici/papers/journalEM/output/synthetic/s1/random_mc2_n5_mid3_d1000_05_mr098_r10_1_uai_emcc_llratio_th10_mIter500_wtrue_x100_0.csv
[2022-10-17T16:26:28.471759][INFO][random_mc2_n5_mid3_d1000_05_mr098_r10_1_uai_emcc_llratio_th10_mIter500_wtrue_x100_0] Closing log file
[2022-10-17T16:26:28.471793][INFO][random_mc2_n5_mid3_d1000_05_mr098_r10_1_uai_emcc_llratio_th10_mIter500_wtrue_x100_0] Closed log file
[2022-10-17T16:26:28.481203][INFO][random_mc2_n9_mid3_d1000_05_mr098_r10_2_uai_emcc_llratio_th10_mIter500_wtrue_x100_0] Set up logging
[2022-10-17T16:26:28.490820][INFO][random_mc2_n9_mid3_d1000_05_mr098_r10_2_uai_emcc_llratio_th10_mIter500_wtrue_x100_0] args: -w;-x;100;-m;500;-sc;LLratio;-th;1.0;-a;EMCC;--seed;0;--output;/mnt/beegfs/rcabanas/dev/credici/papers/journalEM/output/synthetic/s1;/mnt/beegfs/rcabanas/dev/credici/papers/journalEM/models/synthetic/s1/random_mc2_n9_mid3_d1000_05_mr098_r10_2.uai
[2022-10-17T16:26:28.490980][INFO][random_mc2_n9_mid3_d1000_05_mr098_r10_2_uai_emcc_llratio_th10_mIter500_wtrue_x100_0] Checking arguments
/mnt/beegfs/rcabanas/dev/credici/papers/journalEM/code/LearnAndCalculatePNS.java
run java
java -Xmx64g -cp /mnt/beegfs/rcabanas/dev/credici/target/credici-0.1.3-jar-with-dependencies.jar /mnt/beegfs/rcabanas/dev/credici/papers/journalEM/code/LearnAndCalculatePNS.java -w -x 100 -m 500 -sc KL -th 0.0 -a EMCC --seed 0 --output /mnt/beegfs/rcabanas/dev/credici/papers/journalEM/output/synthetic/s1 /mnt/beegfs/rcabanas/dev/credici/papers/journalEM/models/synthetic/s1/random_mc2_n5_mid3_d1000_05_mr098_r10_1.uai
[2022-10-17T16:26:28.514628][INFO][random_mc2_n9_mid3_d1000_05_mr098_r10_2_uai_emcc_llratio_th10_mIter500_wtrue_x100_0] Starting logger with seed 0
[2022-10-17T16:26:28.516103][SEVERE][random_mc2_n9_mid3_d1000_05_mr098_r10_2_uai_emcc_llratio_th10_mIter500_wtrue_x100_0] Not rewriting. File exits: /mnt/beegfs/rcabanas/dev/credici/papers/journalEM/output/synthetic/s1/random_mc2_n9_mid3_d1000_05_mr098_r10_2_uai_emcc_llratio_th10_mIter500_wtrue_x100_0.csv
[2022-10-17T16:26:28.516213][SEVERE][random_mc2_n9_mid3_d1000_05_mr098_r10_2_uai_emcc_llratio_th10_mIter500_wtrue_x100_0] java.lang.IllegalStateException: Not rewriting. File exits: /mnt/beegfs/rcabanas/dev/credici/papers/journalEM/output/synthetic/s1/random_mc2_n9_mid3_d1000_05_mr098_r10_2_uai_emcc_llratio_th10_mIter500_wtrue_x100_0.csv
[2022-10-17T16:26:28.516260][INFO][random_mc2_n9_mid3_d1000_05_mr098_r10_2_uai_emcc_llratio_th10_mIter500_wtrue_x100_0] Closing log file
[2022-10-17T16:26:28.516293][INFO][random_mc2_n9_mid3_d1000_05_mr098_r10_2_uai_emcc_llratio_th10_mIter500_wtrue_x100_0] Closed log file
/mnt/beegfs/rcabanas/dev/credici/papers/journalEM/code/LearnAndCalculatePNS.java
run java
java -Xmx64g -cp /mnt/beegfs/rcabanas/dev/credici/target/credici-0.1.3-jar-with-dependencies.jar /mnt/beegfs/rcabanas/dev/credici/papers/journalEM/code/LearnAndCalculatePNS.java -w -x 100 -m 500 -sc KL -th 0.0 -a EMCC --seed 0 --output /mnt/beegfs/rcabanas/dev/credici/papers/journalEM/output/synthetic/s1 /mnt/beegfs/rcabanas/dev/credici/papers/journalEM/models/synthetic/s1/random_mc2_n9_mid3_d1000_05_mr098_r10_2.uai
[2022-10-17T16:26:28.606049][INFO][random_mc2_n8_mid3_d1000_05_mr098_r10_5_uai_emcc_llratio_th10_mIter500_wtrue_x100_0] Set up logging
[2022-10-17T16:26:28.616507][INFO][random_mc2_n5_mid3_d1000_05_mr098_r10_9_uai_emcc_llratio_th10_mIter500_wtrue_x100_0] Set up logging
[2022-10-17T16:26:28.621465][INFO][random_mc2_n8_mid3_d1000_05_mr098_r10_5_uai_emcc_llratio_th10_mIter500_wtrue_x100_0] args: -w;-x;100;-m;500;-sc;LLratio;-th;1.0;-a;EMCC;--seed;0;--output;/mnt/beegfs/rcabanas/dev/credici/papers/journalEM/output/synthetic/s1;/mnt/beegfs/rcabanas/dev/credici/papers/journalEM/models/synthetic/s1/random_mc2_n8_mid3_d1000_05_mr098_r10_5.uai
[2022-10-17T16:26:28.621800][INFO][random_mc2_n8_mid3_d1000_05_mr098_r10_5_uai_emcc_llratio_th10_mIter500_wtrue_x100_0] Checking arguments
[2022-10-17T16:26:28.624296][INFO][random_mc2_n5_mid3_d1000_05_mr098_r10_9_uai_emcc_llratio_th10_mIter500_wtrue_x100_0] args: -w;-x;100;-m;500;-sc;LLratio;-th;1.0;-a;EMCC;--seed;0;--output;/mnt/beegfs/rcabanas/dev/credici/papers/journalEM/output/synthetic/s1;/mnt/beegfs/rcabanas/dev/credici/papers/journalEM/models/synthetic/s1/random_mc2_n5_mid3_d1000_05_mr098_r10_9.uai
[2022-10-17T16:26:28.624681][INFO][random_mc2_n5_mid3_d1000_05_mr098_r10_9_uai_emcc_llratio_th10_mIter500_wtrue_x100_0] Checking arguments
[2022-10-17T16:26:28.632585][INFO][random_mc2_n5_mid3_d1000_05_mr098_r10_9_uai_emcc_llratio_th10_mIter500_wtrue_x100_0] Starting logger with seed 0
[2022-10-17T16:26:28.633264][INFO][random_mc2_n8_mid3_d1000_05_mr098_r10_5_uai_emcc_llratio_th10_mIter500_wtrue_x100_0] Starting logger with seed 0
[2022-10-17T16:26:28.634348][SEVERE][random_mc2_n8_mid3_d1000_05_mr098_r10_5_uai_emcc_llratio_th10_mIter500_wtrue_x100_0] Not rewriting. File exits: /mnt/beegfs/rcabanas/dev/credici/papers/journalEM/output/synthetic/s1/random_mc2_n8_mid3_d1000_05_mr098_r10_5_uai_emcc_llratio_th10_mIter500_wtrue_x100_0.csv
[2022-10-17T16:26:28.634547][SEVERE][random_mc2_n8_mid3_d1000_05_mr098_r10_5_uai_emcc_llratio_th10_mIter500_wtrue_x100_0] java.lang.IllegalStateException: Not rewriting. File exits: /mnt/beegfs/rcabanas/dev/credici/papers/journalEM/output/synthetic/s1/random_mc2_n8_mid3_d1000_05_mr098_r10_5_uai_emcc_llratio_th10_mIter500_wtrue_x100_0.csv
[2022-10-17T16:26:28.634689][INFO][random_mc2_n8_mid3_d1000_05_mr098_r10_5_uai_emcc_llratio_th10_mIter500_wtrue_x100_0] Closing log file
[2022-10-17T16:26:28.634837][INFO][random_mc2_n8_mid3_d1000_05_mr098_r10_5_uai_emcc_llratio_th10_mIter500_wtrue_x100_0] Closed log file
[2022-10-17T16:26:28.639820][SEVERE][random_mc2_n5_mid3_d1000_05_mr098_r10_9_uai_emcc_llratio_th10_mIter500_wtrue_x100_0] Not rewriting. File exits: /mnt/beegfs/rcabanas/dev/credici/papers/journalEM/output/synthetic/s1/random_mc2_n5_mid3_d1000_05_mr098_r10_9_uai_emcc_llratio_th10_mIter500_wtrue_x100_0.csv
[2022-10-17T16:26:28.640298][SEVERE][random_mc2_n5_mid3_d1000_05_mr098_r10_9_uai_emcc_llratio_th10_mIter500_wtrue_x100_0] java.lang.IllegalStateException: Not rewriting. File exits: /mnt/beegfs/rcabanas/dev/credici/papers/journalEM/output/synthetic/s1/random_mc2_n5_mid3_d1000_05_mr098_r10_9_uai_emcc_llratio_th10_mIter500_wtrue_x100_0.csv
[2022-10-17T16:26:28.640472][INFO][random_mc2_n5_mid3_d1000_05_mr098_r10_9_uai_emcc_llratio_th10_mIter500_wtrue_x100_0] Closing log file
[2022-10-17T16:26:28.640567][INFO][random_mc2_n5_mid3_d1000_05_mr098_r10_9_uai_emcc_llratio_th10_mIter500_wtrue_x100_0] Closed log file
[2022-10-17T16:26:28.644275][INFO][random_mc2_n11_mid3_d1000_05_mr098_r10_3_uai_emcc_llratio_th10_mIter500_wtrue_x100_0] Set up logging
[2022-10-17T16:26:28.656251][INFO][random_mc2_n11_mid3_d1000_05_mr098_r10_3_uai_emcc_llratio_th10_mIter500_wtrue_x100_0] args: -w;-x;100;-m;500;-sc;LLratio;-th;1.0;-a;EMCC;--seed;0;--output;/mnt/beegfs/rcabanas/dev/credici/papers/journalEM/output/synthetic/s1;/mnt/beegfs/rcabanas/dev/credici/papers/journalEM/models/synthetic/s1/random_mc2_n11_mid3_d1000_05_mr098_r10_3.uai
[2022-10-17T16:26:28.656421][INFO][random_mc2_n11_mid3_d1000_05_mr098_r10_3_uai_emcc_llratio_th10_mIter500_wtrue_x100_0] Checking arguments
[2022-10-17T16:26:28.643390][INFO][random_mc2_n6_mid3_d1000_05_mr098_r10_8_uai_emcc_llratio_th10_mIter500_wtrue_x100_0] Set up logging
[2022-10-17T16:26:28.659049][INFO][random_mc2_n6_mid3_d1000_05_mr098_r10_8_uai_emcc_llratio_th10_mIter500_wtrue_x100_0] args: -w;-x;100;-m;500;-sc;LLratio;-th;1.0;-a;EMCC;--seed;0;--output;/mnt/beegfs/rcabanas/dev/credici/papers/journalEM/output/synthetic/s1;/mnt/beegfs/rcabanas/dev/credici/papers/journalEM/models/synthetic/s1/random_mc2_n6_mid3_d1000_05_mr098_r10_8.uai
[2022-10-17T16:26:28.659430][INFO][random_mc2_n6_mid3_d1000_05_mr098_r10_8_uai_emcc_llratio_th10_mIter500_wtrue_x100_0] Checking arguments
/mnt/beegfs/rcabanas/dev/credici/papers/journalEM/code/LearnAndCalculatePNS.java
run java
java -Xmx64g -cp /mnt/beegfs/rcabanas/dev/credici/target/credici-0.1.3-jar-with-dependencies.jar /mnt/beegfs/rcabanas/dev/credici/papers/journalEM/code/LearnAndCalculatePNS.java -w -x 100 -m 500 -sc KL -th 0.0 -a EMCC --seed 0 --output /mnt/beegfs/rcabanas/dev/credici/papers/journalEM/output/synthetic/s1 /mnt/beegfs/rcabanas/dev/credici/papers/journalEM/models/synthetic/s1/random_mc2_n8_mid3_d1000_05_mr098_r10_5.uai
/mnt/beegfs/rcabanas/dev/credici/papers/journalEM/code/LearnAndCalculatePNS.java
run java
java -Xmx64g -cp /mnt/beegfs/rcabanas/dev/credici/target/credici-0.1.3-jar-with-dependencies.jar /mnt/beegfs/rcabanas/dev/credici/papers/journalEM/code/LearnAndCalculatePNS.java -w -x 100 -m 500 -sc KL -th 0.0 -a EMCC --seed 0 --output /mnt/beegfs/rcabanas/dev/credici/papers/journalEM/output/synthetic/s1 /mnt/beegfs/rcabanas/dev/credici/papers/journalEM/models/synthetic/s1/random_mc2_n5_mid3_d1000_05_mr098_r10_9.uai
[2022-10-17T16:26:28.683731][INFO][random_mc2_n7_mid3_d1000_05_mr098_r10_10_uai_emcc_llratio_th10_mIter500_wtrue_x100_0] Set up logging
[2022-10-17T16:26:28.682099][INFO][random_mc2_n5_mid3_d1000_05_mr098_r10_6_uai_emcc_llratio_th10_mIter500_wtrue_x100_0] Set up logging
[2022-10-17T16:26:28.692068][INFO][random_mc2_n5_mid3_d1000_05_mr098_r10_6_uai_emcc_llratio_th10_mIter500_wtrue_x100_0] args: -w;-x;100;-m;500;-sc;LLratio;-th;1.0;-a;EMCC;--seed;0;--output;/mnt/beegfs/rcabanas/dev/credici/papers/journalEM/output/synthetic/s1;/mnt/beegfs/rcabanas/dev/credici/papers/journalEM/models/synthetic/s1/random_mc2_n5_mid3_d1000_05_mr098_r10_6.uai
[2022-10-17T16:26:28.692334][INFO][random_mc2_n5_mid3_d1000_05_mr098_r10_6_uai_emcc_llratio_th10_mIter500_wtrue_x100_0] Checking arguments
[2022-10-17T16:26:28.699153][INFO][random_mc2_n7_mid3_d1000_05_mr098_r10_10_uai_emcc_llratio_th10_mIter500_wtrue_x100_0] args: -w;-x;100;-m;500;-sc;LLratio;-th;1.0;-a;EMCC;--seed;0;--output;/mnt/beegfs/rcabanas/dev/credici/papers/journalEM/output/synthetic/s1;/mnt/beegfs/rcabanas/dev/credici/papers/journalEM/models/synthetic/s1/random_mc2_n7_mid3_d1000_05_mr098_r10_10.uai
[2022-10-17T16:26:28.699502][INFO][random_mc2_n7_mid3_d1000_05_mr098_r10_10_uai_emcc_llratio_th10_mIter500_wtrue_x100_0] Checking arguments
[2022-10-17T16:26:28.718744][INFO][random_mc2_n6_mid3_d1000_05_mr098_r10_8_uai_emcc_llratio_th10_mIter500_wtrue_x100_0] Starting logger with seed 0
[2022-10-17T16:26:28.719676][INFO][random_mc2_n11_mid3_d1000_05_mr098_r10_3_uai_emcc_llratio_th10_mIter500_wtrue_x100_0] Starting logger with seed 0
[2022-10-17T16:26:28.724846][INFO][random_mc2_n7_mid3_d1000_05_mr098_r10_10_uai_emcc_llratio_th10_mIter500_wtrue_x100_0] Starting logger with seed 0
[2022-10-17T16:26:28.725617][SEVERE][random_mc2_n6_mid3_d1000_05_mr098_r10_8_uai_emcc_llratio_th10_mIter500_wtrue_x100_0] Not rewriting. File exits: /mnt/beegfs/rcabanas/dev/credici/papers/journalEM/output/synthetic/s1/random_mc2_n6_mid3_d1000_05_mr098_r10_8_uai_emcc_llratio_th10_mIter500_wtrue_x100_0.csv
[2022-10-17T16:26:28.725855][SEVERE][random_mc2_n6_mid3_d1000_05_mr098_r10_8_uai_emcc_llratio_th10_mIter500_wtrue_x100_0] java.lang.IllegalStateException: Not rewriting. File exits: /mnt/beegfs/rcabanas/dev/credici/papers/journalEM/output/synthetic/s1/random_mc2_n6_mid3_d1000_05_mr098_r10_8_uai_emcc_llratio_th10_mIter500_wtrue_x100_0.csv
[2022-10-17T16:26:28.725904][INFO][random_mc2_n6_mid3_d1000_05_mr098_r10_8_uai_emcc_llratio_th10_mIter500_wtrue_x100_0] Closing log file
[2022-10-17T16:26:28.725938][INFO][random_mc2_n6_mid3_d1000_05_mr098_r10_8_uai_emcc_llratio_th10_mIter500_wtrue_x100_0] Closed log file
[2022-10-17T16:26:28.726573][SEVERE][random_mc2_n11_mid3_d1000_05_mr098_r10_3_uai_emcc_llratio_th10_mIter500_wtrue_x100_0] Not rewriting. File exits: /mnt/beegfs/rcabanas/dev/credici/papers/journalEM/output/synthetic/s1/random_mc2_n11_mid3_d1000_05_mr098_r10_3_uai_emcc_llratio_th10_mIter500_wtrue_x100_0.csv
[2022-10-17T16:26:28.726773][SEVERE][random_mc2_n11_mid3_d1000_05_mr098_r10_3_uai_emcc_llratio_th10_mIter500_wtrue_x100_0] java.lang.IllegalStateException: Not rewriting. File exits: /mnt/beegfs/rcabanas/dev/credici/papers/journalEM/output/synthetic/s1/random_mc2_n11_mid3_d1000_05_mr098_r10_3_uai_emcc_llratio_th10_mIter500_wtrue_x100_0.csv
[2022-10-17T16:26:28.726819][INFO][random_mc2_n11_mid3_d1000_05_mr098_r10_3_uai_emcc_llratio_th10_mIter500_wtrue_x100_0] Closing log file
[2022-10-17T16:26:28.726852][INFO][random_mc2_n11_mid3_d1000_05_mr098_r10_3_uai_emcc_llratio_th10_mIter500_wtrue_x100_0] Closed log file
/mnt/beegfs/rcabanas/dev/credici/papers/journalEM/code/LearnAndCalculatePNS.java
run java
java -Xmx64g -cp /mnt/beegfs/rcabanas/dev/credici/target/credici-0.1.3-jar-with-dependencies.jar /mnt/beegfs/rcabanas/dev/credici/papers/journalEM/code/LearnAndCalculatePNS.java -w -x 100 -m 500 -sc KL -th 0.0 -a EMCC --seed 0 --output /mnt/beegfs/rcabanas/dev/credici/papers/journalEM/output/synthetic/s1 /mnt/beegfs/rcabanas/dev/credici/papers/journalEM/models/synthetic/s1/random_mc2_n11_mid3_d1000_05_mr098_r10_3.uai
/mnt/beegfs/rcabanas/dev/credici/papers/journalEM/code/LearnAndCalculatePNS.java
run java
java -Xmx64g -cp /mnt/beegfs/rcabanas/dev/credici/target/credici-0.1.3-jar-with-dependencies.jar /mnt/beegfs/rcabanas/dev/credici/papers/journalEM/code/LearnAndCalculatePNS.java -w -x 100 -m 500 -sc KL -th 0.0 -a EMCC --seed 0 --output /mnt/beegfs/rcabanas/dev/credici/papers/journalEM/output/synthetic/s1 /mnt/beegfs/rcabanas/dev/credici/papers/journalEM/models/synthetic/s1/random_mc2_n6_mid3_d1000_05_mr098_r10_8.uai
[2022-10-17T16:26:28.788592][INFO][random_mc2_n5_mid3_d1000_05_mr098_r10_6_uai_emcc_llratio_th10_mIter500_wtrue_x100_0] Starting logger with seed 0
[2022-10-17T16:26:28.789897][SEVERE][random_mc2_n5_mid3_d1000_05_mr098_r10_6_uai_emcc_llratio_th10_mIter500_wtrue_x100_0] Not rewriting. File exits: /mnt/beegfs/rcabanas/dev/credici/papers/journalEM/output/synthetic/s1/random_mc2_n5_mid3_d1000_05_mr098_r10_6_uai_emcc_llratio_th10_mIter500_wtrue_x100_0.csv
[2022-10-17T16:26:28.790][SEVERE][random_mc2_n5_mid3_d1000_05_mr098_r10_6_uai_emcc_llratio_th10_mIter500_wtrue_x100_0] java.lang.IllegalStateException: Not rewriting. File exits: /mnt/beegfs/rcabanas/dev/credici/papers/journalEM/output/synthetic/s1/random_mc2_n5_mid3_d1000_05_mr098_r10_6_uai_emcc_llratio_th10_mIter500_wtrue_x100_0.csv
[2022-10-17T16:26:28.790047][INFO][random_mc2_n5_mid3_d1000_05_mr098_r10_6_uai_emcc_llratio_th10_mIter500_wtrue_x100_0] Closing log file
[2022-10-17T16:26:28.790079][INFO][random_mc2_n5_mid3_d1000_05_mr098_r10_6_uai_emcc_llratio_th10_mIter500_wtrue_x100_0] Closed log file
/mnt/beegfs/rcabanas/dev/credici/papers/journalEM/code/LearnAndCalculatePNS.java
run java
java -Xmx64g -cp /mnt/beegfs/rcabanas/dev/credici/target/credici-0.1.3-jar-with-dependencies.jar /mnt/beegfs/rcabanas/dev/credici/papers/journalEM/code/LearnAndCalculatePNS.java -w -x 100 -m 500 -sc KL -th 0.0 -a EMCC --seed 0 --output /mnt/beegfs/rcabanas/dev/credici/papers/journalEM/output/synthetic/s1 /mnt/beegfs/rcabanas/dev/credici/papers/journalEM/models/synthetic/s1/random_mc2_n5_mid3_d1000_05_mr098_r10_6.uai
[2022-10-17T16:26:28.885258][INFO][random_mc2_n5_mid3_d1000_05_mr098_r10_0_uai_emcc_llratio_th10_mIter500_wtrue_x100_0] Set up logging
[2022-10-17T16:26:28.902181][INFO][random_mc2_n5_mid3_d1000_05_mr098_r10_0_uai_emcc_llratio_th10_mIter500_wtrue_x100_0] args: -w;-x;100;-m;500;-sc;LLratio;-th;1.0;-a;EMCC;--seed;0;--output;/mnt/beegfs/rcabanas/dev/credici/papers/journalEM/output/synthetic/s1;/mnt/beegfs/rcabanas/dev/credici/papers/journalEM/models/synthetic/s1/random_mc2_n5_mid3_d1000_05_mr098_r10_0.uai
[2022-10-17T16:26:28.902514][INFO][random_mc2_n5_mid3_d1000_05_mr098_r10_0_uai_emcc_llratio_th10_mIter500_wtrue_x100_0] Checking arguments
[2022-10-17T16:26:28.906139][INFO][random_mc2_n5_mid3_d1000_05_mr098_r10_0_uai_emcc_llratio_th10_mIter500_wtrue_x100_0] Starting logger with seed 0
[2022-10-17T16:26:28.929011][INFO][random_mc2_n7_mid3_d1000_05_mr098_r10_10_uai_emcc_llratio_th10_mIter500_wtrue_x100_0] Loaded model from: /mnt/beegfs/rcabanas/dev/credici/papers/journalEM/models/synthetic/s1/random_mc2_n7_mid3_d1000_05_mr098_r10_10.uai
[2022-10-17T16:26:28.935551][INFO][random_mc2_n10_mid3_d1000_05_mr098_r10_4_uai_emcc_llratio_th10_mIter500_wtrue_x100_0] Set up logging
[2022-10-17T16:26:29.023996][INFO][random_mc2_n10_mid3_d1000_05_mr098_r10_4_uai_emcc_llratio_th10_mIter500_wtrue_x100_0] args: -w;-x;100;-m;500;-sc;LLratio;-th;1.0;-a;EMCC;--seed;0;--output;/mnt/beegfs/rcabanas/dev/credici/papers/journalEM/output/synthetic/s1;/mnt/beegfs/rcabanas/dev/credici/papers/journalEM/models/synthetic/s1/random_mc2_n10_mid3_d1000_05_mr098_r10_4.uai
[2022-10-17T16:26:29.024179][INFO][random_mc2_n10_mid3_d1000_05_mr098_r10_4_uai_emcc_llratio_th10_mIter500_wtrue_x100_0] Checking arguments
[2022-10-17T16:26:29.028987][INFO][random_mc2_n10_mid3_d1000_05_mr098_r10_4_uai_emcc_llratio_th10_mIter500_wtrue_x100_0] Starting logger with seed 0
[2022-10-17T16:26:29.153202][INFO][random_mc2_n5_mid3_d1000_05_mr098_r10_0_uai_emcc_llratio_th10_mIter500_wtrue_x100_0] Loaded model from: /mnt/beegfs/rcabanas/dev/credici/papers/journalEM/models/synthetic/s1/random_mc2_n5_mid3_d1000_05_mr098_r10_0.uai
[2022-10-17T16:26:29.216276][INFO][random_mc2_n10_mid3_d1000_05_mr098_r10_4_uai_emcc_llratio_th10_mIter500_wtrue_x100_0] Loaded model from: /mnt/beegfs/rcabanas/dev/credici/papers/journalEM/models/synthetic/s1/random_mc2_n10_mid3_d1000_05_mr098_r10_4.uai
[2022-10-17T16:26:29.255480][INFO][random_mc2_n7_mid3_d1000_05_mr098_r10_10_uai_emcc_llratio_th10_mIter500_wtrue_x100_0] Loaded 4000 data instances from: /mnt/beegfs/rcabanas/dev/credici/papers/journalEM/models/synthetic/s1/random_mc2_n7_mid3_d1000_05_mr098_r10_10.csv
[2022-10-17T16:26:29.265988][INFO][random_mc2_n7_mid3_d1000_05_mr098_r10_10_uai_emcc_llratio_th10_mIter500_wtrue_x100_0] Loaded model information from: /mnt/beegfs/rcabanas/dev/credici/papers/journalEM/models/synthetic/s1/random_mc2_n7_mid3_d1000_05_mr098_r10_10_info.csv
[2022-10-17T16:26:29.420159][INFO][random_mc2_n5_mid3_d1000_05_mr098_r10_0_uai_emcc_llratio_th10_mIter500_wtrue_x100_0] Loaded 1000 data instances from: /mnt/beegfs/rcabanas/dev/credici/papers/journalEM/models/synthetic/s1/random_mc2_n5_mid3_d1000_05_mr098_r10_0.csv
[2022-10-17T16:26:29.422371][INFO][random_mc2_n5_mid3_d1000_05_mr098_r10_0_uai_emcc_llratio_th10_mIter500_wtrue_x100_0] Loaded model information from: /mnt/beegfs/rcabanas/dev/credici/papers/journalEM/models/synthetic/s1/random_mc2_n5_mid3_d1000_05_mr098_r10_0_info.csv
[2022-10-17T16:26:29.501344][INFO][random_mc2_n7_mid3_d1000_05_mr098_r10_10_uai_emcc_llratio_th10_mIter500_wtrue_x100_0] Learning exogenous variables with algorithm: EMCC
[2022-10-17T16:26:29.504170][INFO][random_mc2_n10_mid3_d1000_05_mr098_r10_4_uai_emcc_llratio_th10_mIter500_wtrue_x100_0] Loaded 2000 data instances from: /mnt/beegfs/rcabanas/dev/credici/papers/journalEM/models/synthetic/s1/random_mc2_n10_mid3_d1000_05_mr098_r10_4.csv
[2022-10-17T16:26:29.506047][INFO][random_mc2_n10_mid3_d1000_05_mr098_r10_4_uai_emcc_llratio_th10_mIter500_wtrue_x100_0] Loaded model information from: /mnt/beegfs/rcabanas/dev/credici/papers/journalEM/models/synthetic/s1/random_mc2_n10_mid3_d1000_05_mr098_r10_4_info.csv
[2022-10-17T16:26:29.560786][INFO][random_mc2_n5_mid3_d1000_05_mr098_r10_0_uai_emcc_llratio_th10_mIter500_wtrue_x100_0] Learning exogenous variables with algorithm: EMCC
[2022-10-17T16:26:29.729017][INFO][random_mc2_n10_mid3_d1000_05_mr098_r10_4_uai_emcc_llratio_th10_mIter500_wtrue_x100_0] Learning exogenous variables with algorithm: EMCC
[2022-10-17T16:26:30.829196][INFO][random_mc2_n5_mid3_d1000_05_mr098_r10_1_uai_emcc_kl_th00_mIter500_wtrue_x100_0] Set up logging
[2022-10-17T16:26:30.850894][INFO][random_mc2_n5_mid3_d1000_05_mr098_r10_1_uai_emcc_kl_th00_mIter500_wtrue_x100_0] args: -w;-x;100;-m;500;-sc;KL;-th;0.0;-a;EMCC;--seed;0;--output;/mnt/beegfs/rcabanas/dev/credici/papers/journalEM/output/synthetic/s1;/mnt/beegfs/rcabanas/dev/credici/papers/journalEM/models/synthetic/s1/random_mc2_n5_mid3_d1000_05_mr098_r10_1.uai
[2022-10-17T16:26:30.851110][INFO][random_mc2_n5_mid3_d1000_05_mr098_r10_1_uai_emcc_kl_th00_mIter500_wtrue_x100_0] Checking arguments
[2022-10-17T16:26:30.856663][INFO][random_mc2_n5_mid3_d1000_05_mr098_r10_1_uai_emcc_kl_th00_mIter500_wtrue_x100_0] Starting logger with seed 0
[2022-10-17T16:26:30.864387][SEVERE][random_mc2_n5_mid3_d1000_05_mr098_r10_1_uai_emcc_kl_th00_mIter500_wtrue_x100_0] Not rewriting. File exits: /mnt/beegfs/rcabanas/dev/credici/papers/journalEM/output/synthetic/s1/random_mc2_n5_mid3_d1000_05_mr098_r10_1_uai_emcc_kl_th00_mIter500_wtrue_x100_0.csv
[2022-10-17T16:26:30.864602][SEVERE][random_mc2_n5_mid3_d1000_05_mr098_r10_1_uai_emcc_kl_th00_mIter500_wtrue_x100_0] java.lang.IllegalStateException: Not rewriting. File exits: /mnt/beegfs/rcabanas/dev/credici/papers/journalEM/output/synthetic/s1/random_mc2_n5_mid3_d1000_05_mr098_r10_1_uai_emcc_kl_th00_mIter500_wtrue_x100_0.csv
[2022-10-17T16:26:30.864650][INFO][random_mc2_n5_mid3_d1000_05_mr098_r10_1_uai_emcc_kl_th00_mIter500_wtrue_x100_0] Closing log file
[2022-10-17T16:26:30.864683][INFO][random_mc2_n5_mid3_d1000_05_mr098_r10_1_uai_emcc_kl_th00_mIter500_wtrue_x100_0] Closed log file
/mnt/beegfs/rcabanas/dev/credici/papers/journalEM/code/LearnAndCalculatePNS.java
run java
java -Xmx64g -cp /mnt/beegfs/rcabanas/dev/credici/target/credici-0.1.3-jar-with-dependencies.jar /mnt/beegfs/rcabanas/dev/credici/papers/journalEM/code/LearnAndCalculatePNS.java -w -x 100 -m 500 -sc LLratio -th 0.99999999 -a EMCC --seed 0 --output /mnt/beegfs/rcabanas/dev/credici/papers/journalEM/output/synthetic/s1 /mnt/beegfs/rcabanas/dev/credici/papers/journalEM/models/synthetic/s1/random_mc2_n5_mid3_d1000_05_mr098_r10_1.uai
[2022-10-17T16:26:30.996732][INFO][random_mc2_n9_mid3_d1000_05_mr098_r10_2_uai_emcc_kl_th00_mIter500_wtrue_x100_0] Set up logging
[2022-10-17T16:26:31.020694][INFO][random_mc2_n9_mid3_d1000_05_mr098_r10_2_uai_emcc_kl_th00_mIter500_wtrue_x100_0] args: -w;-x;100;-m;500;-sc;KL;-th;0.0;-a;EMCC;--seed;0;--output;/mnt/beegfs/rcabanas/dev/credici/papers/journalEM/output/synthetic/s1;/mnt/beegfs/rcabanas/dev/credici/papers/journalEM/models/synthetic/s1/random_mc2_n9_mid3_d1000_05_mr098_r10_2.uai
[2022-10-17T16:26:31.020921][INFO][random_mc2_n9_mid3_d1000_05_mr098_r10_2_uai_emcc_kl_th00_mIter500_wtrue_x100_0] Checking arguments
[2022-10-17T16:26:31.024406][INFO][random_mc2_n9_mid3_d1000_05_mr098_r10_2_uai_emcc_kl_th00_mIter500_wtrue_x100_0] Starting logger with seed 0
[2022-10-17T16:26:31.026631][SEVERE][random_mc2_n9_mid3_d1000_05_mr098_r10_2_uai_emcc_kl_th00_mIter500_wtrue_x100_0] Not rewriting. File exits: /mnt/beegfs/rcabanas/dev/credici/papers/journalEM/output/synthetic/s1/random_mc2_n9_mid3_d1000_05_mr098_r10_2_uai_emcc_kl_th00_mIter500_wtrue_x100_0.csv
[2022-10-17T16:26:31.026889][SEVERE][random_mc2_n9_mid3_d1000_05_mr098_r10_2_uai_emcc_kl_th00_mIter500_wtrue_x100_0] java.lang.IllegalStateException: Not rewriting. File exits: /mnt/beegfs/rcabanas/dev/credici/papers/journalEM/output/synthetic/s1/random_mc2_n9_mid3_d1000_05_mr098_r10_2_uai_emcc_kl_th00_mIter500_wtrue_x100_0.csv
[2022-10-17T16:26:31.027][INFO][random_mc2_n9_mid3_d1000_05_mr098_r10_2_uai_emcc_kl_th00_mIter500_wtrue_x100_0] Closing log file
[2022-10-17T16:26:31.027100][INFO][random_mc2_n9_mid3_d1000_05_mr098_r10_2_uai_emcc_kl_th00_mIter500_wtrue_x100_0] Closed log file
/mnt/beegfs/rcabanas/dev/credici/papers/journalEM/code/LearnAndCalculatePNS.java
run java
java -Xmx64g -cp /mnt/beegfs/rcabanas/dev/credici/target/credici-0.1.3-jar-with-dependencies.jar /mnt/beegfs/rcabanas/dev/credici/papers/journalEM/code/LearnAndCalculatePNS.java -w -x 100 -m 500 -sc LLratio -th 0.99999999 -a EMCC --seed 0 --output /mnt/beegfs/rcabanas/dev/credici/papers/journalEM/output/synthetic/s1 /mnt/beegfs/rcabanas/dev/credici/papers/journalEM/models/synthetic/s1/random_mc2_n9_mid3_d1000_05_mr098_r10_2.uai
[2022-10-17T16:26:31.051951][INFO][random_mc2_n8_mid3_d1000_05_mr098_r10_5_uai_emcc_kl_th00_mIter500_wtrue_x100_0] Set up logging
[2022-10-17T16:26:31.064859][INFO][random_mc2_n8_mid3_d1000_05_mr098_r10_5_uai_emcc_kl_th00_mIter500_wtrue_x100_0] args: -w;-x;100;-m;500;-sc;KL;-th;0.0;-a;EMCC;--seed;0;--output;/mnt/beegfs/rcabanas/dev/credici/papers/journalEM/output/synthetic/s1;/mnt/beegfs/rcabanas/dev/credici/papers/journalEM/models/synthetic/s1/random_mc2_n8_mid3_d1000_05_mr098_r10_5.uai
[2022-10-17T16:26:31.065142][INFO][random_mc2_n8_mid3_d1000_05_mr098_r10_5_uai_emcc_kl_th00_mIter500_wtrue_x100_0] Checking arguments
[2022-10-17T16:26:31.068976][INFO][random_mc2_n8_mid3_d1000_05_mr098_r10_5_uai_emcc_kl_th00_mIter500_wtrue_x100_0] Starting logger with seed 0
[2022-10-17T16:26:31.061517][INFO][random_mc2_n5_mid3_d1000_05_mr098_r10_9_uai_emcc_kl_th00_mIter500_wtrue_x100_0] Set up logging
[2022-10-17T16:26:31.069961][SEVERE][random_mc2_n8_mid3_d1000_05_mr098_r10_5_uai_emcc_kl_th00_mIter500_wtrue_x100_0] Not rewriting. File exits: /mnt/beegfs/rcabanas/dev/credici/papers/journalEM/output/synthetic/s1/random_mc2_n8_mid3_d1000_05_mr098_r10_5_uai_emcc_kl_th00_mIter500_wtrue_x100_0.csv
[2022-10-17T16:26:31.075558][SEVERE][random_mc2_n8_mid3_d1000_05_mr098_r10_5_uai_emcc_kl_th00_mIter500_wtrue_x100_0] java.lang.IllegalStateException: Not rewriting. File exits: /mnt/beegfs/rcabanas/dev/credici/papers/journalEM/output/synthetic/s1/random_mc2_n8_mid3_d1000_05_mr098_r10_5_uai_emcc_kl_th00_mIter500_wtrue_x100_0.csv
[2022-10-17T16:26:31.075600][INFO][random_mc2_n5_mid3_d1000_05_mr098_r10_9_uai_emcc_kl_th00_mIter500_wtrue_x100_0] args: -w;-x;100;-m;500;-sc;KL;-th;0.0;-a;EMCC;--seed;0;--output;/mnt/beegfs/rcabanas/dev/credici/papers/journalEM/output/synthetic/s1;/mnt/beegfs/rcabanas/dev/credici/papers/journalEM/models/synthetic/s1/random_mc2_n5_mid3_d1000_05_mr098_r10_9.uai
[2022-10-17T16:26:31.075771][INFO][random_mc2_n8_mid3_d1000_05_mr098_r10_5_uai_emcc_kl_th00_mIter500_wtrue_x100_0] Closing log file
[2022-10-17T16:26:31.075885][INFO][random_mc2_n8_mid3_d1000_05_mr098_r10_5_uai_emcc_kl_th00_mIter500_wtrue_x100_0] Closed log file
[2022-10-17T16:26:31.075957][INFO][random_mc2_n5_mid3_d1000_05_mr098_r10_9_uai_emcc_kl_th00_mIter500_wtrue_x100_0] Checking arguments
[2022-10-17T16:26:31.079855][INFO][random_mc2_n5_mid3_d1000_05_mr098_r10_9_uai_emcc_kl_th00_mIter500_wtrue_x100_0] Starting logger with seed 0
[2022-10-17T16:26:31.080651][SEVERE][random_mc2_n5_mid3_d1000_05_mr098_r10_9_uai_emcc_kl_th00_mIter500_wtrue_x100_0] Not rewriting. File exits: /mnt/beegfs/rcabanas/dev/credici/papers/journalEM/output/synthetic/s1/random_mc2_n5_mid3_d1000_05_mr098_r10_9_uai_emcc_kl_th00_mIter500_wtrue_x100_0.csv
[2022-10-17T16:26:31.085459][SEVERE][random_mc2_n5_mid3_d1000_05_mr098_r10_9_uai_emcc_kl_th00_mIter500_wtrue_x100_0] java.lang.IllegalStateException: Not rewriting. File exits: /mnt/beegfs/rcabanas/dev/credici/papers/journalEM/output/synthetic/s1/random_mc2_n5_mid3_d1000_05_mr098_r10_9_uai_emcc_kl_th00_mIter500_wtrue_x100_0.csv
[2022-10-17T16:26:31.085660][INFO][random_mc2_n5_mid3_d1000_05_mr098_r10_9_uai_emcc_kl_th00_mIter500_wtrue_x100_0] Closing log file
[2022-10-17T16:26:31.085768][INFO][random_mc2_n5_mid3_d1000_05_mr098_r10_9_uai_emcc_kl_th00_mIter500_wtrue_x100_0] Closed log file
/mnt/beegfs/rcabanas/dev/credici/papers/journalEM/code/LearnAndCalculatePNS.java
run java
java -Xmx64g -cp /mnt/beegfs/rcabanas/dev/credici/target/credici-0.1.3-jar-with-dependencies.jar /mnt/beegfs/rcabanas/dev/credici/papers/journalEM/code/LearnAndCalculatePNS.java -w -x 100 -m 500 -sc LLratio -th 0.99999999 -a EMCC --seed 0 --output /mnt/beegfs/rcabanas/dev/credici/papers/journalEM/output/synthetic/s1 /mnt/beegfs/rcabanas/dev/credici/papers/journalEM/models/synthetic/s1/random_mc2_n8_mid3_d1000_05_mr098_r10_5.uai
/mnt/beegfs/rcabanas/dev/credici/papers/journalEM/code/LearnAndCalculatePNS.java
run java
java -Xmx64g -cp /mnt/beegfs/rcabanas/dev/credici/target/credici-0.1.3-jar-with-dependencies.jar /mnt/beegfs/rcabanas/dev/credici/papers/journalEM/code/LearnAndCalculatePNS.java -w -x 100 -m 500 -sc LLratio -th 0.99999999 -a EMCC --seed 0 --output /mnt/beegfs/rcabanas/dev/credici/papers/journalEM/output/synthetic/s1 /mnt/beegfs/rcabanas/dev/credici/papers/journalEM/models/synthetic/s1/random_mc2_n5_mid3_d1000_05_mr098_r10_9.uai
[2022-10-17T16:26:31.199835][INFO][random_mc2_n6_mid3_d1000_05_mr098_r10_8_uai_emcc_kl_th00_mIter500_wtrue_x100_0] Set up logging
[2022-10-17T16:26:31.208415][INFO][random_mc2_n6_mid3_d1000_05_mr098_r10_8_uai_emcc_kl_th00_mIter500_wtrue_x100_0] args: -w;-x;100;-m;500;-sc;KL;-th;0.0;-a;EMCC;--seed;0;--output;/mnt/beegfs/rcabanas/dev/credici/papers/journalEM/output/synthetic/s1;/mnt/beegfs/rcabanas/dev/credici/papers/journalEM/models/synthetic/s1/random_mc2_n6_mid3_d1000_05_mr098_r10_8.uai
[2022-10-17T16:26:31.208616][INFO][random_mc2_n6_mid3_d1000_05_mr098_r10_8_uai_emcc_kl_th00_mIter500_wtrue_x100_0] Checking arguments
[2022-10-17T16:26:31.219756][INFO][random_mc2_n6_mid3_d1000_05_mr098_r10_8_uai_emcc_kl_th00_mIter500_wtrue_x100_0] Starting logger with seed 0
[2022-10-17T16:26:31.220749][SEVERE][random_mc2_n6_mid3_d1000_05_mr098_r10_8_uai_emcc_kl_th00_mIter500_wtrue_x100_0] Not rewriting. File exits: /mnt/beegfs/rcabanas/dev/credici/papers/journalEM/output/synthetic/s1/random_mc2_n6_mid3_d1000_05_mr098_r10_8_uai_emcc_kl_th00_mIter500_wtrue_x100_0.csv
[2022-10-17T16:26:31.220934][SEVERE][random_mc2_n6_mid3_d1000_05_mr098_r10_8_uai_emcc_kl_th00_mIter500_wtrue_x100_0] java.lang.IllegalStateException: Not rewriting. File exits: /mnt/beegfs/rcabanas/dev/credici/papers/journalEM/output/synthetic/s1/random_mc2_n6_mid3_d1000_05_mr098_r10_8_uai_emcc_kl_th00_mIter500_wtrue_x100_0.csv
[2022-10-17T16:26:31.221058][INFO][random_mc2_n6_mid3_d1000_05_mr098_r10_8_uai_emcc_kl_th00_mIter500_wtrue_x100_0] Closing log file
[2022-10-17T16:26:31.221178][INFO][random_mc2_n6_mid3_d1000_05_mr098_r10_8_uai_emcc_kl_th00_mIter500_wtrue_x100_0] Closed log file
[2022-10-17T16:26:31.232242][INFO][random_mc2_n11_mid3_d1000_05_mr098_r10_3_uai_emcc_kl_th00_mIter500_wtrue_x100_0] Set up logging
[2022-10-17T16:26:31.255415][INFO][random_mc2_n11_mid3_d1000_05_mr098_r10_3_uai_emcc_kl_th00_mIter500_wtrue_x100_0] args: -w;-x;100;-m;500;-sc;KL;-th;0.0;-a;EMCC;--seed;0;--output;/mnt/beegfs/rcabanas/dev/credici/papers/journalEM/output/synthetic/s1;/mnt/beegfs/rcabanas/dev/credici/papers/journalEM/models/synthetic/s1/random_mc2_n11_mid3_d1000_05_mr098_r10_3.uai
[2022-10-17T16:26:31.255695][INFO][random_mc2_n11_mid3_d1000_05_mr098_r10_3_uai_emcc_kl_th00_mIter500_wtrue_x100_0] Checking arguments
/mnt/beegfs/rcabanas/dev/credici/papers/journalEM/code/LearnAndCalculatePNS.java
run java
java -Xmx64g -cp /mnt/beegfs/rcabanas/dev/credici/target/credici-0.1.3-jar-with-dependencies.jar /mnt/beegfs/rcabanas/dev/credici/papers/journalEM/code/LearnAndCalculatePNS.java -w -x 100 -m 500 -sc LLratio -th 0.99999999 -a EMCC --seed 0 --output /mnt/beegfs/rcabanas/dev/credici/papers/journalEM/output/synthetic/s1 /mnt/beegfs/rcabanas/dev/credici/papers/journalEM/models/synthetic/s1/random_mc2_n6_mid3_d1000_05_mr098_r10_8.uai
[2022-10-17T16:26:31.263232][INFO][random_mc2_n11_mid3_d1000_05_mr098_r10_3_uai_emcc_kl_th00_mIter500_wtrue_x100_0] Starting logger with seed 0
[2022-10-17T16:26:31.265133][SEVERE][random_mc2_n11_mid3_d1000_05_mr098_r10_3_uai_emcc_kl_th00_mIter500_wtrue_x100_0] Not rewriting. File exits: /mnt/beegfs/rcabanas/dev/credici/papers/journalEM/output/synthetic/s1/random_mc2_n11_mid3_d1000_05_mr098_r10_3_uai_emcc_kl_th00_mIter500_wtrue_x100_0.csv
[2022-10-17T16:26:31.265253][SEVERE][random_mc2_n11_mid3_d1000_05_mr098_r10_3_uai_emcc_kl_th00_mIter500_wtrue_x100_0] java.lang.IllegalStateException: Not rewriting. File exits: /mnt/beegfs/rcabanas/dev/credici/papers/journalEM/output/synthetic/s1/random_mc2_n11_mid3_d1000_05_mr098_r10_3_uai_emcc_kl_th00_mIter500_wtrue_x100_0.csv
[2022-10-17T16:26:31.265300][INFO][random_mc2_n11_mid3_d1000_05_mr098_r10_3_uai_emcc_kl_th00_mIter500_wtrue_x100_0] Closing log file
[2022-10-17T16:26:31.265334][INFO][random_mc2_n11_mid3_d1000_05_mr098_r10_3_uai_emcc_kl_th00_mIter500_wtrue_x100_0] Closed log file
[2022-10-17T16:26:31.248230][INFO][random_mc2_n5_mid3_d1000_05_mr098_r10_6_uai_emcc_kl_th00_mIter500_wtrue_x100_0] Set up logging
[2022-10-17T16:26:31.275578][INFO][random_mc2_n5_mid3_d1000_05_mr098_r10_6_uai_emcc_kl_th00_mIter500_wtrue_x100_0] args: -w;-x;100;-m;500;-sc;KL;-th;0.0;-a;EMCC;--seed;0;--output;/mnt/beegfs/rcabanas/dev/credici/papers/journalEM/output/synthetic/s1;/mnt/beegfs/rcabanas/dev/credici/papers/journalEM/models/synthetic/s1/random_mc2_n5_mid3_d1000_05_mr098_r10_6.uai
[2022-10-17T16:26:31.275852][INFO][random_mc2_n5_mid3_d1000_05_mr098_r10_6_uai_emcc_kl_th00_mIter500_wtrue_x100_0] Checking arguments
[2022-10-17T16:26:31.278477][INFO][random_mc2_n5_mid3_d1000_05_mr098_r10_6_uai_emcc_kl_th00_mIter500_wtrue_x100_0] Starting logger with seed 0
[2022-10-17T16:26:31.279626][SEVERE][random_mc2_n5_mid3_d1000_05_mr098_r10_6_uai_emcc_kl_th00_mIter500_wtrue_x100_0] Not rewriting. File exits: /mnt/beegfs/rcabanas/dev/credici/papers/journalEM/output/synthetic/s1/random_mc2_n5_mid3_d1000_05_mr098_r10_6_uai_emcc_kl_th00_mIter500_wtrue_x100_0.csv
[2022-10-17T16:26:31.279748][SEVERE][random_mc2_n5_mid3_d1000_05_mr098_r10_6_uai_emcc_kl_th00_mIter500_wtrue_x100_0] java.lang.IllegalStateException: Not rewriting. File exits: /mnt/beegfs/rcabanas/dev/credici/papers/journalEM/output/synthetic/s1/random_mc2_n5_mid3_d1000_05_mr098_r10_6_uai_emcc_kl_th00_mIter500_wtrue_x100_0.csv
[2022-10-17T16:26:31.279793][INFO][random_mc2_n5_mid3_d1000_05_mr098_r10_6_uai_emcc_kl_th00_mIter500_wtrue_x100_0] Closing log file
[2022-10-17T16:26:31.279826][INFO][random_mc2_n5_mid3_d1000_05_mr098_r10_6_uai_emcc_kl_th00_mIter500_wtrue_x100_0] Closed log file
/mnt/beegfs/rcabanas/dev/credici/papers/journalEM/code/LearnAndCalculatePNS.java
run java
java -Xmx64g -cp /mnt/beegfs/rcabanas/dev/credici/target/credici-0.1.3-jar-with-dependencies.jar /mnt/beegfs/rcabanas/dev/credici/papers/journalEM/code/LearnAndCalculatePNS.java -w -x 100 -m 500 -sc LLratio -th 0.99999999 -a EMCC --seed 0 --output /mnt/beegfs/rcabanas/dev/credici/papers/journalEM/output/synthetic/s1 /mnt/beegfs/rcabanas/dev/credici/papers/journalEM/models/synthetic/s1/random_mc2_n11_mid3_d1000_05_mr098_r10_3.uai
/mnt/beegfs/rcabanas/dev/credici/papers/journalEM/code/LearnAndCalculatePNS.java
run java
java -Xmx64g -cp /mnt/beegfs/rcabanas/dev/credici/target/credici-0.1.3-jar-with-dependencies.jar /mnt/beegfs/rcabanas/dev/credici/papers/journalEM/code/LearnAndCalculatePNS.java -w -x 100 -m 500 -sc LLratio -th 0.99999999 -a EMCC --seed 0 --output /mnt/beegfs/rcabanas/dev/credici/papers/journalEM/output/synthetic/s1 /mnt/beegfs/rcabanas/dev/credici/papers/journalEM/models/synthetic/s1/random_mc2_n5_mid3_d1000_05_mr098_r10_6.uai
[2022-10-17T16:26:33.417775][INFO][random_mc2_n5_mid3_d1000_05_mr098_r10_1_uai_emcc_llratio_th099999999_mIter500_wtrue_x100_0] Set up logging
[2022-10-17T16:26:33.435276][INFO][random_mc2_n5_mid3_d1000_05_mr098_r10_1_uai_emcc_llratio_th099999999_mIter500_wtrue_x100_0] args: -w;-x;100;-m;500;-sc;LLratio;-th;0.99999999;-a;EMCC;--seed;0;--output;/mnt/beegfs/rcabanas/dev/credici/papers/journalEM/output/synthetic/s1;/mnt/beegfs/rcabanas/dev/credici/papers/journalEM/models/synthetic/s1/random_mc2_n5_mid3_d1000_05_mr098_r10_1.uai
[2022-10-17T16:26:33.435748][INFO][random_mc2_n5_mid3_d1000_05_mr098_r10_1_uai_emcc_llratio_th099999999_mIter500_wtrue_x100_0] Checking arguments
[2022-10-17T16:26:33.460347][INFO][random_mc2_n5_mid3_d1000_05_mr098_r10_1_uai_emcc_llratio_th099999999_mIter500_wtrue_x100_0] Starting logger with seed 0
[2022-10-17T16:26:33.461598][SEVERE][random_mc2_n5_mid3_d1000_05_mr098_r10_1_uai_emcc_llratio_th099999999_mIter500_wtrue_x100_0] Not rewriting. File exits: /mnt/beegfs/rcabanas/dev/credici/papers/journalEM/output/synthetic/s1/random_mc2_n5_mid3_d1000_05_mr098_r10_1_uai_emcc_llratio_th099999999_mIter500_wtrue_x100_0.csv
[2022-10-17T16:26:33.461811][SEVERE][random_mc2_n5_mid3_d1000_05_mr098_r10_1_uai_emcc_llratio_th099999999_mIter500_wtrue_x100_0] java.lang.IllegalStateException: Not rewriting. File exits: /mnt/beegfs/rcabanas/dev/credici/papers/journalEM/output/synthetic/s1/random_mc2_n5_mid3_d1000_05_mr098_r10_1_uai_emcc_llratio_th099999999_mIter500_wtrue_x100_0.csv
[2022-10-17T16:26:33.461927][INFO][random_mc2_n5_mid3_d1000_05_mr098_r10_1_uai_emcc_llratio_th099999999_mIter500_wtrue_x100_0] Closing log file
[2022-10-17T16:26:33.462062][INFO][random_mc2_n5_mid3_d1000_05_mr098_r10_1_uai_emcc_llratio_th099999999_mIter500_wtrue_x100_0] Closed log file
/mnt/beegfs/rcabanas/dev/credici/papers/journalEM/code/LearnAndCalculatePNS.java
run java
java -Xmx64g -cp /mnt/beegfs/rcabanas/dev/credici/target/credici-0.1.3-jar-with-dependencies.jar /mnt/beegfs/rcabanas/dev/credici/papers/journalEM/code/LearnAndCalculatePNS.java -w -x 100 -m 500 -sc KL -th 1e-08 -a EMCC --seed 0 --output /mnt/beegfs/rcabanas/dev/credici/papers/journalEM/output/synthetic/s1 /mnt/beegfs/rcabanas/dev/credici/papers/journalEM/models/synthetic/s1/random_mc2_n5_mid3_d1000_05_mr098_r10_1.uai
[2022-10-17T16:26:33.639503][INFO][random_mc2_n9_mid3_d1000_05_mr098_r10_2_uai_emcc_llratio_th099999999_mIter500_wtrue_x100_0] Set up logging
[2022-10-17T16:26:33.659075][INFO][random_mc2_n9_mid3_d1000_05_mr098_r10_2_uai_emcc_llratio_th099999999_mIter500_wtrue_x100_0] args: -w;-x;100;-m;500;-sc;LLratio;-th;0.99999999;-a;EMCC;--seed;0;--output;/mnt/beegfs/rcabanas/dev/credici/papers/journalEM/output/synthetic/s1;/mnt/beegfs/rcabanas/dev/credici/papers/journalEM/models/synthetic/s1/random_mc2_n9_mid3_d1000_05_mr098_r10_2.uai
[2022-10-17T16:26:33.659319][INFO][random_mc2_n9_mid3_d1000_05_mr098_r10_2_uai_emcc_llratio_th099999999_mIter500_wtrue_x100_0] Checking arguments
[2022-10-17T16:26:33.663216][INFO][random_mc2_n9_mid3_d1000_05_mr098_r10_2_uai_emcc_llratio_th099999999_mIter500_wtrue_x100_0] Starting logger with seed 0
[2022-10-17T16:26:33.670011][SEVERE][random_mc2_n9_mid3_d1000_05_mr098_r10_2_uai_emcc_llratio_th099999999_mIter500_wtrue_x100_0] Not rewriting. File exits: /mnt/beegfs/rcabanas/dev/credici/papers/journalEM/output/synthetic/s1/random_mc2_n9_mid3_d1000_05_mr098_r10_2_uai_emcc_llratio_th099999999_mIter500_wtrue_x100_0.csv
[2022-10-17T16:26:33.670514][SEVERE][random_mc2_n9_mid3_d1000_05_mr098_r10_2_uai_emcc_llratio_th099999999_mIter500_wtrue_x100_0] java.lang.IllegalStateException: Not rewriting. File exits: /mnt/beegfs/rcabanas/dev/credici/papers/journalEM/output/synthetic/s1/random_mc2_n9_mid3_d1000_05_mr098_r10_2_uai_emcc_llratio_th099999999_mIter500_wtrue_x100_0.csv
[2022-10-17T16:26:33.670688][INFO][random_mc2_n9_mid3_d1000_05_mr098_r10_2_uai_emcc_llratio_th099999999_mIter500_wtrue_x100_0] Closing log file
[2022-10-17T16:26:33.670809][INFO][random_mc2_n9_mid3_d1000_05_mr098_r10_2_uai_emcc_llratio_th099999999_mIter500_wtrue_x100_0] Closed log file
[2022-10-17T16:26:33.649150][INFO][random_mc2_n5_mid3_d1000_05_mr098_r10_9_uai_emcc_llratio_th099999999_mIter500_wtrue_x100_0] Set up logging
[2022-10-17T16:26:33.675173][INFO][random_mc2_n5_mid3_d1000_05_mr098_r10_9_uai_emcc_llratio_th099999999_mIter500_wtrue_x100_0] args: -w;-x;100;-m;500;-sc;LLratio;-th;0.99999999;-a;EMCC;--seed;0;--output;/mnt/beegfs/rcabanas/dev/credici/papers/journalEM/output/synthetic/s1;/mnt/beegfs/rcabanas/dev/credici/papers/journalEM/models/synthetic/s1/random_mc2_n5_mid3_d1000_05_mr098_r10_9.uai
[2022-10-17T16:26:33.675461][INFO][random_mc2_n5_mid3_d1000_05_mr098_r10_9_uai_emcc_llratio_th099999999_mIter500_wtrue_x100_0] Checking arguments
[2022-10-17T16:26:33.679855][INFO][random_mc2_n5_mid3_d1000_05_mr098_r10_9_uai_emcc_llratio_th099999999_mIter500_wtrue_x100_0] Starting logger with seed 0
[2022-10-17T16:26:33.681215][SEVERE][random_mc2_n5_mid3_d1000_05_mr098_r10_9_uai_emcc_llratio_th099999999_mIter500_wtrue_x100_0] Not rewriting. File exits: /mnt/beegfs/rcabanas/dev/credici/papers/journalEM/output/synthetic/s1/random_mc2_n5_mid3_d1000_05_mr098_r10_9_uai_emcc_llratio_th099999999_mIter500_wtrue_x100_0.csv
[2022-10-17T16:26:33.681439][SEVERE][random_mc2_n5_mid3_d1000_05_mr098_r10_9_uai_emcc_llratio_th099999999_mIter500_wtrue_x100_0] java.lang.IllegalStateException: Not rewriting. File exits: /mnt/beegfs/rcabanas/dev/credici/papers/journalEM/output/synthetic/s1/random_mc2_n5_mid3_d1000_05_mr098_r10_9_uai_emcc_llratio_th099999999_mIter500_wtrue_x100_0.csv
[2022-10-17T16:26:33.681571][INFO][random_mc2_n5_mid3_d1000_05_mr098_r10_9_uai_emcc_llratio_th099999999_mIter500_wtrue_x100_0] Closing log file
[2022-10-17T16:26:33.681695][INFO][random_mc2_n5_mid3_d1000_05_mr098_r10_9_uai_emcc_llratio_th099999999_mIter500_wtrue_x100_0] Closed log file
[2022-10-17T16:26:33.676243][INFO][random_mc2_n8_mid3_d1000_05_mr098_r10_5_uai_emcc_llratio_th099999999_mIter500_wtrue_x100_0] Set up logging
[2022-10-17T16:26:33.694459][INFO][random_mc2_n8_mid3_d1000_05_mr098_r10_5_uai_emcc_llratio_th099999999_mIter500_wtrue_x100_0] args: -w;-x;100;-m;500;-sc;LLratio;-th;0.99999999;-a;EMCC;--seed;0;--output;/mnt/beegfs/rcabanas/dev/credici/papers/journalEM/output/synthetic/s1;/mnt/beegfs/rcabanas/dev/credici/papers/journalEM/models/synthetic/s1/random_mc2_n8_mid3_d1000_05_mr098_r10_5.uai
[2022-10-17T16:26:33.694820][INFO][random_mc2_n8_mid3_d1000_05_mr098_r10_5_uai_emcc_llratio_th099999999_mIter500_wtrue_x100_0] Checking arguments
/mnt/beegfs/rcabanas/dev/credici/papers/journalEM/code/LearnAndCalculatePNS.java
run java
java -Xmx64g -cp /mnt/beegfs/rcabanas/dev/credici/target/credici-0.1.3-jar-with-dependencies.jar /mnt/beegfs/rcabanas/dev/credici/papers/journalEM/code/LearnAndCalculatePNS.java -w -x 100 -m 500 -sc KL -th 1e-08 -a EMCC --seed 0 --output /mnt/beegfs/rcabanas/dev/credici/papers/journalEM/output/synthetic/s1 /mnt/beegfs/rcabanas/dev/credici/papers/journalEM/models/synthetic/s1/random_mc2_n9_mid3_d1000_05_mr098_r10_2.uai
/mnt/beegfs/rcabanas/dev/credici/papers/journalEM/code/LearnAndCalculatePNS.java
run java
java -Xmx64g -cp /mnt/beegfs/rcabanas/dev/credici/target/credici-0.1.3-jar-with-dependencies.jar /mnt/beegfs/rcabanas/dev/credici/papers/journalEM/code/LearnAndCalculatePNS.java -w -x 100 -m 500 -sc KL -th 1e-08 -a EMCC --seed 0 --output /mnt/beegfs/rcabanas/dev/credici/papers/journalEM/output/synthetic/s1 /mnt/beegfs/rcabanas/dev/credici/papers/journalEM/models/synthetic/s1/random_mc2_n5_mid3_d1000_05_mr098_r10_9.uai
[2022-10-17T16:26:33.702574][INFO][random_mc2_n8_mid3_d1000_05_mr098_r10_5_uai_emcc_llratio_th099999999_mIter500_wtrue_x100_0] Starting logger with seed 0
[2022-10-17T16:26:33.707737][SEVERE][random_mc2_n8_mid3_d1000_05_mr098_r10_5_uai_emcc_llratio_th099999999_mIter500_wtrue_x100_0] Not rewriting. File exits: /mnt/beegfs/rcabanas/dev/credici/papers/journalEM/output/synthetic/s1/random_mc2_n8_mid3_d1000_05_mr098_r10_5_uai_emcc_llratio_th099999999_mIter500_wtrue_x100_0.csv
[2022-10-17T16:26:33.708235][SEVERE][random_mc2_n8_mid3_d1000_05_mr098_r10_5_uai_emcc_llratio_th099999999_mIter500_wtrue_x100_0] java.lang.IllegalStateException: Not rewriting. File exits: /mnt/beegfs/rcabanas/dev/credici/papers/journalEM/output/synthetic/s1/random_mc2_n8_mid3_d1000_05_mr098_r10_5_uai_emcc_llratio_th099999999_mIter500_wtrue_x100_0.csv
[2022-10-17T16:26:33.708410][INFO][random_mc2_n8_mid3_d1000_05_mr098_r10_5_uai_emcc_llratio_th099999999_mIter500_wtrue_x100_0] Closing log file
[2022-10-17T16:26:33.708511][INFO][random_mc2_n8_mid3_d1000_05_mr098_r10_5_uai_emcc_llratio_th099999999_mIter500_wtrue_x100_0] Closed log file
/mnt/beegfs/rcabanas/dev/credici/papers/journalEM/code/LearnAndCalculatePNS.java
run java
java -Xmx64g -cp /mnt/beegfs/rcabanas/dev/credici/target/credici-0.1.3-jar-with-dependencies.jar /mnt/beegfs/rcabanas/dev/credici/papers/journalEM/code/LearnAndCalculatePNS.java -w -x 100 -m 500 -sc KL -th 1e-08 -a EMCC --seed 0 --output /mnt/beegfs/rcabanas/dev/credici/papers/journalEM/output/synthetic/s1 /mnt/beegfs/rcabanas/dev/credici/papers/journalEM/models/synthetic/s1/random_mc2_n8_mid3_d1000_05_mr098_r10_5.uai
[2022-10-17T16:26:33.725285][INFO][random_mc2_n6_mid3_d1000_05_mr098_r10_8_uai_emcc_llratio_th099999999_mIter500_wtrue_x100_0] Set up logging
[2022-10-17T16:26:33.743340][INFO][random_mc2_n6_mid3_d1000_05_mr098_r10_8_uai_emcc_llratio_th099999999_mIter500_wtrue_x100_0] args: -w;-x;100;-m;500;-sc;LLratio;-th;0.99999999;-a;EMCC;--seed;0;--output;/mnt/beegfs/rcabanas/dev/credici/papers/journalEM/output/synthetic/s1;/mnt/beegfs/rcabanas/dev/credici/papers/journalEM/models/synthetic/s1/random_mc2_n6_mid3_d1000_05_mr098_r10_8.uai
[2022-10-17T16:26:33.743462][INFO][random_mc2_n6_mid3_d1000_05_mr098_r10_8_uai_emcc_llratio_th099999999_mIter500_wtrue_x100_0] Checking arguments
[2022-10-17T16:26:33.748023][INFO][random_mc2_n11_mid3_d1000_05_mr098_r10_3_uai_emcc_llratio_th099999999_mIter500_wtrue_x100_0] Set up logging
[2022-10-17T16:26:33.760944][INFO][random_mc2_n6_mid3_d1000_05_mr098_r10_8_uai_emcc_llratio_th099999999_mIter500_wtrue_x100_0] Starting logger with seed 0
[2022-10-17T16:26:33.762713][INFO][random_mc2_n11_mid3_d1000_05_mr098_r10_3_uai_emcc_llratio_th099999999_mIter500_wtrue_x100_0] args: -w;-x;100;-m;500;-sc;LLratio;-th;0.99999999;-a;EMCC;--seed;0;--output;/mnt/beegfs/rcabanas/dev/credici/papers/journalEM/output/synthetic/s1;/mnt/beegfs/rcabanas/dev/credici/papers/journalEM/models/synthetic/s1/random_mc2_n11_mid3_d1000_05_mr098_r10_3.uai
[2022-10-17T16:26:33.762353][SEVERE][random_mc2_n6_mid3_d1000_05_mr098_r10_8_uai_emcc_llratio_th099999999_mIter500_wtrue_x100_0] Not rewriting. File exits: /mnt/beegfs/rcabanas/dev/credici/papers/journalEM/output/synthetic/s1/random_mc2_n6_mid3_d1000_05_mr098_r10_8_uai_emcc_llratio_th099999999_mIter500_wtrue_x100_0.csv
[2022-10-17T16:26:33.762467][SEVERE][random_mc2_n6_mid3_d1000_05_mr098_r10_8_uai_emcc_llratio_th099999999_mIter500_wtrue_x100_0] java.lang.IllegalStateException: Not rewriting. File exits: /mnt/beegfs/rcabanas/dev/credici/papers/journalEM/output/synthetic/s1/random_mc2_n6_mid3_d1000_05_mr098_r10_8_uai_emcc_llratio_th099999999_mIter500_wtrue_x100_0.csv
[2022-10-17T16:26:33.762517][INFO][random_mc2_n6_mid3_d1000_05_mr098_r10_8_uai_emcc_llratio_th099999999_mIter500_wtrue_x100_0] Closing log file
[2022-10-17T16:26:33.762553][INFO][random_mc2_n6_mid3_d1000_05_mr098_r10_8_uai_emcc_llratio_th099999999_mIter500_wtrue_x100_0] Closed log file
[2022-10-17T16:26:33.762995][INFO][random_mc2_n11_mid3_d1000_05_mr098_r10_3_uai_emcc_llratio_th099999999_mIter500_wtrue_x100_0] Checking arguments
[2022-10-17T16:26:33.760652][INFO][random_mc2_n5_mid3_d1000_05_mr098_r10_6_uai_emcc_llratio_th099999999_mIter500_wtrue_x100_0] Set up logging
[2022-10-17T16:26:33.770819][INFO][random_mc2_n5_mid3_d1000_05_mr098_r10_6_uai_emcc_llratio_th099999999_mIter500_wtrue_x100_0] args: -w;-x;100;-m;500;-sc;LLratio;-th;0.99999999;-a;EMCC;--seed;0;--output;/mnt/beegfs/rcabanas/dev/credici/papers/journalEM/output/synthetic/s1;/mnt/beegfs/rcabanas/dev/credici/papers/journalEM/models/synthetic/s1/random_mc2_n5_mid3_d1000_05_mr098_r10_6.uai
[2022-10-17T16:26:33.770997][INFO][random_mc2_n5_mid3_d1000_05_mr098_r10_6_uai_emcc_llratio_th099999999_mIter500_wtrue_x100_0] Checking arguments
[2022-10-17T16:26:33.776941][INFO][random_mc2_n11_mid3_d1000_05_mr098_r10_3_uai_emcc_llratio_th099999999_mIter500_wtrue_x100_0] Starting logger with seed 0
[2022-10-17T16:26:33.778048][SEVERE][random_mc2_n11_mid3_d1000_05_mr098_r10_3_uai_emcc_llratio_th099999999_mIter500_wtrue_x100_0] Not rewriting. File exits: /mnt/beegfs/rcabanas/dev/credici/papers/journalEM/output/synthetic/s1/random_mc2_n11_mid3_d1000_05_mr098_r10_3_uai_emcc_llratio_th099999999_mIter500_wtrue_x100_0.csv
[2022-10-17T16:26:33.778253][SEVERE][random_mc2_n11_mid3_d1000_05_mr098_r10_3_uai_emcc_llratio_th099999999_mIter500_wtrue_x100_0] java.lang.IllegalStateException: Not rewriting. File exits: /mnt/beegfs/rcabanas/dev/credici/papers/journalEM/output/synthetic/s1/random_mc2_n11_mid3_d1000_05_mr098_r10_3_uai_emcc_llratio_th099999999_mIter500_wtrue_x100_0.csv
[2022-10-17T16:26:33.778370][INFO][random_mc2_n11_mid3_d1000_05_mr098_r10_3_uai_emcc_llratio_th099999999_mIter500_wtrue_x100_0] Closing log file
[2022-10-17T16:26:33.778471][INFO][random_mc2_n11_mid3_d1000_05_mr098_r10_3_uai_emcc_llratio_th099999999_mIter500_wtrue_x100_0] Closed log file
[2022-10-17T16:26:33.780225][INFO][random_mc2_n5_mid3_d1000_05_mr098_r10_6_uai_emcc_llratio_th099999999_mIter500_wtrue_x100_0] Starting logger with seed 0
[2022-10-17T16:26:33.781402][SEVERE][random_mc2_n5_mid3_d1000_05_mr098_r10_6_uai_emcc_llratio_th099999999_mIter500_wtrue_x100_0] Not rewriting. File exits: /mnt/beegfs/rcabanas/dev/credici/papers/journalEM/output/synthetic/s1/random_mc2_n5_mid3_d1000_05_mr098_r10_6_uai_emcc_llratio_th099999999_mIter500_wtrue_x100_0.csv
[2022-10-17T16:26:33.781598][SEVERE][random_mc2_n5_mid3_d1000_05_mr098_r10_6_uai_emcc_llratio_th099999999_mIter500_wtrue_x100_0] java.lang.IllegalStateException: Not rewriting. File exits: /mnt/beegfs/rcabanas/dev/credici/papers/journalEM/output/synthetic/s1/random_mc2_n5_mid3_d1000_05_mr098_r10_6_uai_emcc_llratio_th099999999_mIter500_wtrue_x100_0.csv
[2022-10-17T16:26:33.781729][INFO][random_mc2_n5_mid3_d1000_05_mr098_r10_6_uai_emcc_llratio_th099999999_mIter500_wtrue_x100_0] Closing log file
[2022-10-17T16:26:33.781853][INFO][random_mc2_n5_mid3_d1000_05_mr098_r10_6_uai_emcc_llratio_th099999999_mIter500_wtrue_x100_0] Closed log file
/mnt/beegfs/rcabanas/dev/credici/papers/journalEM/code/LearnAndCalculatePNS.java
run java
java -Xmx64g -cp /mnt/beegfs/rcabanas/dev/credici/target/credici-0.1.3-jar-with-dependencies.jar /mnt/beegfs/rcabanas/dev/credici/papers/journalEM/code/LearnAndCalculatePNS.java -w -x 100 -m 500 -sc KL -th 1e-08 -a EMCC --seed 0 --output /mnt/beegfs/rcabanas/dev/credici/papers/journalEM/output/synthetic/s1 /mnt/beegfs/rcabanas/dev/credici/papers/journalEM/models/synthetic/s1/random_mc2_n6_mid3_d1000_05_mr098_r10_8.uai
/mnt/beegfs/rcabanas/dev/credici/papers/journalEM/code/LearnAndCalculatePNS.java
run java
java -Xmx64g -cp /mnt/beegfs/rcabanas/dev/credici/target/credici-0.1.3-jar-with-dependencies.jar /mnt/beegfs/rcabanas/dev/credici/papers/journalEM/code/LearnAndCalculatePNS.java -w -x 100 -m 500 -sc KL -th 1e-08 -a EMCC --seed 0 --output /mnt/beegfs/rcabanas/dev/credici/papers/journalEM/output/synthetic/s1 /mnt/beegfs/rcabanas/dev/credici/papers/journalEM/models/synthetic/s1/random_mc2_n11_mid3_d1000_05_mr098_r10_3.uai
/mnt/beegfs/rcabanas/dev/credici/papers/journalEM/code/LearnAndCalculatePNS.java
run java
java -Xmx64g -cp /mnt/beegfs/rcabanas/dev/credici/target/credici-0.1.3-jar-with-dependencies.jar /mnt/beegfs/rcabanas/dev/credici/papers/journalEM/code/LearnAndCalculatePNS.java -w -x 100 -m 500 -sc KL -th 1e-08 -a EMCC --seed 0 --output /mnt/beegfs/rcabanas/dev/credici/papers/journalEM/output/synthetic/s1 /mnt/beegfs/rcabanas/dev/credici/papers/journalEM/models/synthetic/s1/random_mc2_n5_mid3_d1000_05_mr098_r10_6.uai
[2022-10-17T16:26:35.994851][INFO][random_mc2_n5_mid3_d1000_05_mr098_r10_1_uai_emcc_kl_th10E-8_mIter500_wtrue_x100_0] Set up logging
[2022-10-17T16:26:36.013693][INFO][random_mc2_n5_mid3_d1000_05_mr098_r10_1_uai_emcc_kl_th10E-8_mIter500_wtrue_x100_0] args: -w;-x;100;-m;500;-sc;KL;-th;1e-08;-a;EMCC;--seed;0;--output;/mnt/beegfs/rcabanas/dev/credici/papers/journalEM/output/synthetic/s1;/mnt/beegfs/rcabanas/dev/credici/papers/journalEM/models/synthetic/s1/random_mc2_n5_mid3_d1000_05_mr098_r10_1.uai
[2022-10-17T16:26:36.014570][INFO][random_mc2_n5_mid3_d1000_05_mr098_r10_1_uai_emcc_kl_th10E-8_mIter500_wtrue_x100_0] Checking arguments
[2022-10-17T16:26:36.021197][INFO][random_mc2_n5_mid3_d1000_05_mr098_r10_1_uai_emcc_kl_th10E-8_mIter500_wtrue_x100_0] Starting logger with seed 0
[2022-10-17T16:26:36.022695][SEVERE][random_mc2_n5_mid3_d1000_05_mr098_r10_1_uai_emcc_kl_th10E-8_mIter500_wtrue_x100_0] Not rewriting. File exits: /mnt/beegfs/rcabanas/dev/credici/papers/journalEM/output/synthetic/s1/random_mc2_n5_mid3_d1000_05_mr098_r10_1_uai_emcc_kl_th10E-8_mIter500_wtrue_x100_0.csv
[2022-10-17T16:26:36.022914][SEVERE][random_mc2_n5_mid3_d1000_05_mr098_r10_1_uai_emcc_kl_th10E-8_mIter500_wtrue_x100_0] java.lang.IllegalStateException: Not rewriting. File exits: /mnt/beegfs/rcabanas/dev/credici/papers/journalEM/output/synthetic/s1/random_mc2_n5_mid3_d1000_05_mr098_r10_1_uai_emcc_kl_th10E-8_mIter500_wtrue_x100_0.csv
[2022-10-17T16:26:36.023046][INFO][random_mc2_n5_mid3_d1000_05_mr098_r10_1_uai_emcc_kl_th10E-8_mIter500_wtrue_x100_0] Closing log file
[2022-10-17T16:26:36.023161][INFO][random_mc2_n5_mid3_d1000_05_mr098_r10_1_uai_emcc_kl_th10E-8_mIter500_wtrue_x100_0] Closed log file
[2022-10-17T16:26:36.152884][INFO][random_mc2_n9_mid3_d1000_05_mr098_r10_2_uai_emcc_kl_th10E-8_mIter500_wtrue_x100_0] Set up logging
[2022-10-17T16:26:36.167798][INFO][random_mc2_n9_mid3_d1000_05_mr098_r10_2_uai_emcc_kl_th10E-8_mIter500_wtrue_x100_0] args: -w;-x;100;-m;500;-sc;KL;-th;1e-08;-a;EMCC;--seed;0;--output;/mnt/beegfs/rcabanas/dev/credici/papers/journalEM/output/synthetic/s1;/mnt/beegfs/rcabanas/dev/credici/papers/journalEM/models/synthetic/s1/random_mc2_n9_mid3_d1000_05_mr098_r10_2.uai
[2022-10-17T16:26:36.168325][INFO][random_mc2_n9_mid3_d1000_05_mr098_r10_2_uai_emcc_kl_th10E-8_mIter500_wtrue_x100_0] Checking arguments
[2022-10-17T16:26:36.173500][INFO][random_mc2_n9_mid3_d1000_05_mr098_r10_2_uai_emcc_kl_th10E-8_mIter500_wtrue_x100_0] Starting logger with seed 0
[2022-10-17T16:26:36.174811][SEVERE][random_mc2_n9_mid3_d1000_05_mr098_r10_2_uai_emcc_kl_th10E-8_mIter500_wtrue_x100_0] Not rewriting. File exits: /mnt/beegfs/rcabanas/dev/credici/papers/journalEM/output/synthetic/s1/random_mc2_n9_mid3_d1000_05_mr098_r10_2_uai_emcc_kl_th10E-8_mIter500_wtrue_x100_0.csv
[2022-10-17T16:26:36.179258][SEVERE][random_mc2_n9_mid3_d1000_05_mr098_r10_2_uai_emcc_kl_th10E-8_mIter500_wtrue_x100_0] java.lang.IllegalStateException: Not rewriting. File exits: /mnt/beegfs/rcabanas/dev/credici/papers/journalEM/output/synthetic/s1/random_mc2_n9_mid3_d1000_05_mr098_r10_2_uai_emcc_kl_th10E-8_mIter500_wtrue_x100_0.csv
[2022-10-17T16:26:36.179416][INFO][random_mc2_n9_mid3_d1000_05_mr098_r10_2_uai_emcc_kl_th10E-8_mIter500_wtrue_x100_0] Closing log file
[2022-10-17T16:26:36.179538][INFO][random_mc2_n9_mid3_d1000_05_mr098_r10_2_uai_emcc_kl_th10E-8_mIter500_wtrue_x100_0] Closed log file
[2022-10-17T16:26:36.253081][INFO][random_mc2_n5_mid3_d1000_05_mr098_r10_9_uai_emcc_kl_th10E-8_mIter500_wtrue_x100_0] Set up logging
[2022-10-17T16:26:36.266741][INFO][random_mc2_n5_mid3_d1000_05_mr098_r10_9_uai_emcc_kl_th10E-8_mIter500_wtrue_x100_0] args: -w;-x;100;-m;500;-sc;KL;-th;1e-08;-a;EMCC;--seed;0;--output;/mnt/beegfs/rcabanas/dev/credici/papers/journalEM/output/synthetic/s1;/mnt/beegfs/rcabanas/dev/credici/papers/journalEM/models/synthetic/s1/random_mc2_n5_mid3_d1000_05_mr098_r10_9.uai
[2022-10-17T16:26:36.267338][INFO][random_mc2_n5_mid3_d1000_05_mr098_r10_9_uai_emcc_kl_th10E-8_mIter500_wtrue_x100_0] Checking arguments
[2022-10-17T16:26:36.276646][INFO][random_mc2_n5_mid3_d1000_05_mr098_r10_9_uai_emcc_kl_th10E-8_mIter500_wtrue_x100_0] Starting logger with seed 0
[2022-10-17T16:26:36.286794][SEVERE][random_mc2_n5_mid3_d1000_05_mr098_r10_9_uai_emcc_kl_th10E-8_mIter500_wtrue_x100_0] Not rewriting. File exits: /mnt/beegfs/rcabanas/dev/credici/papers/journalEM/output/synthetic/s1/random_mc2_n5_mid3_d1000_05_mr098_r10_9_uai_emcc_kl_th10E-8_mIter500_wtrue_x100_0.csv
[2022-10-17T16:26:36.287319][SEVERE][random_mc2_n5_mid3_d1000_05_mr098_r10_9_uai_emcc_kl_th10E-8_mIter500_wtrue_x100_0] java.lang.IllegalStateException: Not rewriting. File exits: /mnt/beegfs/rcabanas/dev/credici/papers/journalEM/output/synthetic/s1/random_mc2_n5_mid3_d1000_05_mr098_r10_9_uai_emcc_kl_th10E-8_mIter500_wtrue_x100_0.csv
[2022-10-17T16:26:36.287505][INFO][random_mc2_n5_mid3_d1000_05_mr098_r10_9_uai_emcc_kl_th10E-8_mIter500_wtrue_x100_0] Closing log file
[2022-10-17T16:26:36.287609][INFO][random_mc2_n5_mid3_d1000_05_mr098_r10_9_uai_emcc_kl_th10E-8_mIter500_wtrue_x100_0] Closed log file
[2022-10-17T16:26:36.284587][INFO][random_mc2_n8_mid3_d1000_05_mr098_r10_5_uai_emcc_kl_th10E-8_mIter500_wtrue_x100_0] Set up logging
[2022-10-17T16:26:36.298337][INFO][random_mc2_n8_mid3_d1000_05_mr098_r10_5_uai_emcc_kl_th10E-8_mIter500_wtrue_x100_0] args: -w;-x;100;-m;500;-sc;KL;-th;1e-08;-a;EMCC;--seed;0;--output;/mnt/beegfs/rcabanas/dev/credici/papers/journalEM/output/synthetic/s1;/mnt/beegfs/rcabanas/dev/credici/papers/journalEM/models/synthetic/s1/random_mc2_n8_mid3_d1000_05_mr098_r10_5.uai
[2022-10-17T16:26:36.298594][INFO][random_mc2_n8_mid3_d1000_05_mr098_r10_5_uai_emcc_kl_th10E-8_mIter500_wtrue_x100_0] Checking arguments
[2022-10-17T16:26:36.311509][INFO][random_mc2_n8_mid3_d1000_05_mr098_r10_5_uai_emcc_kl_th10E-8_mIter500_wtrue_x100_0] Starting logger with seed 0
[2022-10-17T16:26:36.312637][SEVERE][random_mc2_n8_mid3_d1000_05_mr098_r10_5_uai_emcc_kl_th10E-8_mIter500_wtrue_x100_0] Not rewriting. File exits: /mnt/beegfs/rcabanas/dev/credici/papers/journalEM/output/synthetic/s1/random_mc2_n8_mid3_d1000_05_mr098_r10_5_uai_emcc_kl_th10E-8_mIter500_wtrue_x100_0.csv
[2022-10-17T16:26:36.317519][SEVERE][random_mc2_n8_mid3_d1000_05_mr098_r10_5_uai_emcc_kl_th10E-8_mIter500_wtrue_x100_0] java.lang.IllegalStateException: Not rewriting. File exits: /mnt/beegfs/rcabanas/dev/credici/papers/journalEM/output/synthetic/s1/random_mc2_n8_mid3_d1000_05_mr098_r10_5_uai_emcc_kl_th10E-8_mIter500_wtrue_x100_0.csv
[2022-10-17T16:26:36.317680][INFO][random_mc2_n8_mid3_d1000_05_mr098_r10_5_uai_emcc_kl_th10E-8_mIter500_wtrue_x100_0] Closing log file
[2022-10-17T16:26:36.317827][INFO][random_mc2_n8_mid3_d1000_05_mr098_r10_5_uai_emcc_kl_th10E-8_mIter500_wtrue_x100_0] Closed log file
[2022-10-17T16:26:36.316687][INFO][random_mc2_n6_mid3_d1000_05_mr098_r10_8_uai_emcc_kl_th10E-8_mIter500_wtrue_x100_0] Set up logging
[2022-10-17T16:26:36.346650][INFO][random_mc2_n6_mid3_d1000_05_mr098_r10_8_uai_emcc_kl_th10E-8_mIter500_wtrue_x100_0] args: -w;-x;100;-m;500;-sc;KL;-th;1e-08;-a;EMCC;--seed;0;--output;/mnt/beegfs/rcabanas/dev/credici/papers/journalEM/output/synthetic/s1;/mnt/beegfs/rcabanas/dev/credici/papers/journalEM/models/synthetic/s1/random_mc2_n6_mid3_d1000_05_mr098_r10_8.uai
[2022-10-17T16:26:36.347063][INFO][random_mc2_n6_mid3_d1000_05_mr098_r10_8_uai_emcc_kl_th10E-8_mIter500_wtrue_x100_0] Checking arguments
[2022-10-17T16:26:36.349685][INFO][random_mc2_n6_mid3_d1000_05_mr098_r10_8_uai_emcc_kl_th10E-8_mIter500_wtrue_x100_0] Starting logger with seed 0
[2022-10-17T16:26:36.351373][SEVERE][random_mc2_n6_mid3_d1000_05_mr098_r10_8_uai_emcc_kl_th10E-8_mIter500_wtrue_x100_0] Not rewriting. File exits: /mnt/beegfs/rcabanas/dev/credici/papers/journalEM/output/synthetic/s1/random_mc2_n6_mid3_d1000_05_mr098_r10_8_uai_emcc_kl_th10E-8_mIter500_wtrue_x100_0.csv
[2022-10-17T16:26:36.351474][SEVERE][random_mc2_n6_mid3_d1000_05_mr098_r10_8_uai_emcc_kl_th10E-8_mIter500_wtrue_x100_0] java.lang.IllegalStateException: Not rewriting. File exits: /mnt/beegfs/rcabanas/dev/credici/papers/journalEM/output/synthetic/s1/random_mc2_n6_mid3_d1000_05_mr098_r10_8_uai_emcc_kl_th10E-8_mIter500_wtrue_x100_0.csv
[2022-10-17T16:26:36.351520][INFO][random_mc2_n6_mid3_d1000_05_mr098_r10_8_uai_emcc_kl_th10E-8_mIter500_wtrue_x100_0] Closing log file
[2022-10-17T16:26:36.351554][INFO][random_mc2_n6_mid3_d1000_05_mr098_r10_8_uai_emcc_kl_th10E-8_mIter500_wtrue_x100_0] Closed log file
[2022-10-17T16:26:36.358305][INFO][random_mc2_n5_mid3_d1000_05_mr098_r10_6_uai_emcc_kl_th10E-8_mIter500_wtrue_x100_0] Set up logging
[2022-10-17T16:26:36.375208][INFO][random_mc2_n5_mid3_d1000_05_mr098_r10_6_uai_emcc_kl_th10E-8_mIter500_wtrue_x100_0] args: -w;-x;100;-m;500;-sc;KL;-th;1e-08;-a;EMCC;--seed;0;--output;/mnt/beegfs/rcabanas/dev/credici/papers/journalEM/output/synthetic/s1;/mnt/beegfs/rcabanas/dev/credici/papers/journalEM/models/synthetic/s1/random_mc2_n5_mid3_d1000_05_mr098_r10_6.uai
[2022-10-17T16:26:36.375399][INFO][random_mc2_n5_mid3_d1000_05_mr098_r10_6_uai_emcc_kl_th10E-8_mIter500_wtrue_x100_0] Checking arguments
[2022-10-17T16:26:36.391146][INFO][random_mc2_n5_mid3_d1000_05_mr098_r10_6_uai_emcc_kl_th10E-8_mIter500_wtrue_x100_0] Starting logger with seed 0
[2022-10-17T16:26:36.392664][SEVERE][random_mc2_n5_mid3_d1000_05_mr098_r10_6_uai_emcc_kl_th10E-8_mIter500_wtrue_x100_0] Not rewriting. File exits: /mnt/beegfs/rcabanas/dev/credici/papers/journalEM/output/synthetic/s1/random_mc2_n5_mid3_d1000_05_mr098_r10_6_uai_emcc_kl_th10E-8_mIter500_wtrue_x100_0.csv
[2022-10-17T16:26:36.392888][SEVERE][random_mc2_n5_mid3_d1000_05_mr098_r10_6_uai_emcc_kl_th10E-8_mIter500_wtrue_x100_0] java.lang.IllegalStateException: Not rewriting. File exits: /mnt/beegfs/rcabanas/dev/credici/papers/journalEM/output/synthetic/s1/random_mc2_n5_mid3_d1000_05_mr098_r10_6_uai_emcc_kl_th10E-8_mIter500_wtrue_x100_0.csv
[2022-10-17T16:26:36.392944][INFO][random_mc2_n5_mid3_d1000_05_mr098_r10_6_uai_emcc_kl_th10E-8_mIter500_wtrue_x100_0] Closing log file
[2022-10-17T16:26:36.392980][INFO][random_mc2_n5_mid3_d1000_05_mr098_r10_6_uai_emcc_kl_th10E-8_mIter500_wtrue_x100_0] Closed log file
[2022-10-17T16:26:36.379993][INFO][random_mc2_n11_mid3_d1000_05_mr098_r10_3_uai_emcc_kl_th10E-8_mIter500_wtrue_x100_0] Set up logging
[2022-10-17T16:26:36.397684][INFO][random_mc2_n11_mid3_d1000_05_mr098_r10_3_uai_emcc_kl_th10E-8_mIter500_wtrue_x100_0] args: -w;-x;100;-m;500;-sc;KL;-th;1e-08;-a;EMCC;--seed;0;--output;/mnt/beegfs/rcabanas/dev/credici/papers/journalEM/output/synthetic/s1;/mnt/beegfs/rcabanas/dev/credici/papers/journalEM/models/synthetic/s1/random_mc2_n11_mid3_d1000_05_mr098_r10_3.uai
[2022-10-17T16:26:36.397874][INFO][random_mc2_n11_mid3_d1000_05_mr098_r10_3_uai_emcc_kl_th10E-8_mIter500_wtrue_x100_0] Checking arguments
[2022-10-17T16:26:36.401322][INFO][random_mc2_n11_mid3_d1000_05_mr098_r10_3_uai_emcc_kl_th10E-8_mIter500_wtrue_x100_0] Starting logger with seed 0
['learnpns.py', '7', '0']
Running generatemodels.py
id=7
seed=0
/mnt/beegfs/rcabanas/dev/credici
/mnt/beegfs/rcabanas/dev/credici/papers/journalEM
/mnt/beegfs/rcabanas/dev/credici/papers/journalEM/output
/mnt/beegfs/rcabanas/dev/credici/papers/journalEM/models
/mnt/beegfs/rcabanas/dev/credici/target/credici-0.1.3-jar-with-dependencies.jar
['random_mc2_n6_mid3_d1000_05_mr098_r10_7.uai']
1 models
/mnt/beegfs/rcabanas/dev/credici/papers/journalEM/code/LearnAndCalculatePNS.java
run java
java -Xmx64g -cp /mnt/beegfs/rcabanas/dev/credici/target/credici-0.1.3-jar-with-dependencies.jar /mnt/beegfs/rcabanas/dev/credici/papers/journalEM/code/LearnAndCalculatePNS.java -w -x 100 -m 500 -sc LLratio -th 1.0 -a EMCC --seed 0 --output /mnt/beegfs/rcabanas/dev/credici/papers/journalEM/output/synthetic/s1 /mnt/beegfs/rcabanas/dev/credici/papers/journalEM/models/synthetic/s1/random_mc2_n6_mid3_d1000_05_mr098_r10_7.uai
[2022-10-17T16:26:36.548396][INFO][random_mc2_n11_mid3_d1000_05_mr098_r10_3_uai_emcc_kl_th10E-8_mIter500_wtrue_x100_0] Loaded model from: /mnt/beegfs/rcabanas/dev/credici/papers/journalEM/models/synthetic/s1/random_mc2_n11_mid3_d1000_05_mr098_r10_3.uai
[2022-10-17T16:26:36.766377][INFO][random_mc2_n11_mid3_d1000_05_mr098_r10_3_uai_emcc_kl_th10E-8_mIter500_wtrue_x100_0] Loaded 1500 data instances from: /mnt/beegfs/rcabanas/dev/credici/papers/journalEM/models/synthetic/s1/random_mc2_n11_mid3_d1000_05_mr098_r10_3.csv
[2022-10-17T16:26:36.773023][INFO][random_mc2_n11_mid3_d1000_05_mr098_r10_3_uai_emcc_kl_th10E-8_mIter500_wtrue_x100_0] Loaded model information from: /mnt/beegfs/rcabanas/dev/credici/papers/journalEM/models/synthetic/s1/random_mc2_n11_mid3_d1000_05_mr098_r10_3_info.csv
[2022-10-17T16:26:36.958893][INFO][random_mc2_n11_mid3_d1000_05_mr098_r10_3_uai_emcc_kl_th10E-8_mIter500_wtrue_x100_0] Learning exogenous variables with algorithm: EMCC
[2022-10-17T16:26:38.917697][INFO][random_mc2_n6_mid3_d1000_05_mr098_r10_7_uai_emcc_llratio_th10_mIter500_wtrue_x100_0] Set up logging
[2022-10-17T16:26:38.931740][INFO][random_mc2_n6_mid3_d1000_05_mr098_r10_7_uai_emcc_llratio_th10_mIter500_wtrue_x100_0] args: -w;-x;100;-m;500;-sc;LLratio;-th;1.0;-a;EMCC;--seed;0;--output;/mnt/beegfs/rcabanas/dev/credici/papers/journalEM/output/synthetic/s1;/mnt/beegfs/rcabanas/dev/credici/papers/journalEM/models/synthetic/s1/random_mc2_n6_mid3_d1000_05_mr098_r10_7.uai
[2022-10-17T16:26:38.931901][INFO][random_mc2_n6_mid3_d1000_05_mr098_r10_7_uai_emcc_llratio_th10_mIter500_wtrue_x100_0] Checking arguments
[2022-10-17T16:26:38.938942][INFO][random_mc2_n6_mid3_d1000_05_mr098_r10_7_uai_emcc_llratio_th10_mIter500_wtrue_x100_0] Starting logger with seed 0
[2022-10-17T16:26:38.940101][SEVERE][random_mc2_n6_mid3_d1000_05_mr098_r10_7_uai_emcc_llratio_th10_mIter500_wtrue_x100_0] Not rewriting. File exits: /mnt/beegfs/rcabanas/dev/credici/papers/journalEM/output/synthetic/s1/random_mc2_n6_mid3_d1000_05_mr098_r10_7_uai_emcc_llratio_th10_mIter500_wtrue_x100_0.csv
[2022-10-17T16:26:38.940258][SEVERE][random_mc2_n6_mid3_d1000_05_mr098_r10_7_uai_emcc_llratio_th10_mIter500_wtrue_x100_0] java.lang.IllegalStateException: Not rewriting. File exits: /mnt/beegfs/rcabanas/dev/credici/papers/journalEM/output/synthetic/s1/random_mc2_n6_mid3_d1000_05_mr098_r10_7_uai_emcc_llratio_th10_mIter500_wtrue_x100_0.csv
[2022-10-17T16:26:38.940381][INFO][random_mc2_n6_mid3_d1000_05_mr098_r10_7_uai_emcc_llratio_th10_mIter500_wtrue_x100_0] Closing log file
[2022-10-17T16:26:38.940479][INFO][random_mc2_n6_mid3_d1000_05_mr098_r10_7_uai_emcc_llratio_th10_mIter500_wtrue_x100_0] Closed log file
/mnt/beegfs/rcabanas/dev/credici/papers/journalEM/code/LearnAndCalculatePNS.java
run java
java -Xmx64g -cp /mnt/beegfs/rcabanas/dev/credici/target/credici-0.1.3-jar-with-dependencies.jar /mnt/beegfs/rcabanas/dev/credici/papers/journalEM/code/LearnAndCalculatePNS.java -w -x 100 -m 500 -sc KL -th 0.0 -a EMCC --seed 0 --output /mnt/beegfs/rcabanas/dev/credici/papers/journalEM/output/synthetic/s1 /mnt/beegfs/rcabanas/dev/credici/papers/journalEM/models/synthetic/s1/random_mc2_n6_mid3_d1000_05_mr098_r10_7.uai
[2022-10-17T16:26:41.004246][INFO][random_mc2_n6_mid3_d1000_05_mr098_r10_7_uai_emcc_kl_th00_mIter500_wtrue_x100_0] Set up logging
[2022-10-17T16:26:41.016447][INFO][random_mc2_n6_mid3_d1000_05_mr098_r10_7_uai_emcc_kl_th00_mIter500_wtrue_x100_0] args: -w;-x;100;-m;500;-sc;KL;-th;0.0;-a;EMCC;--seed;0;--output;/mnt/beegfs/rcabanas/dev/credici/papers/journalEM/output/synthetic/s1;/mnt/beegfs/rcabanas/dev/credici/papers/journalEM/models/synthetic/s1/random_mc2_n6_mid3_d1000_05_mr098_r10_7.uai
[2022-10-17T16:26:41.016826][INFO][random_mc2_n6_mid3_d1000_05_mr098_r10_7_uai_emcc_kl_th00_mIter500_wtrue_x100_0] Checking arguments
[2022-10-17T16:26:41.020941][INFO][random_mc2_n6_mid3_d1000_05_mr098_r10_7_uai_emcc_kl_th00_mIter500_wtrue_x100_0] Starting logger with seed 0
[2022-10-17T16:26:41.022119][SEVERE][random_mc2_n6_mid3_d1000_05_mr098_r10_7_uai_emcc_kl_th00_mIter500_wtrue_x100_0] Not rewriting. File exits: /mnt/beegfs/rcabanas/dev/credici/papers/journalEM/output/synthetic/s1/random_mc2_n6_mid3_d1000_05_mr098_r10_7_uai_emcc_kl_th00_mIter500_wtrue_x100_0.csv
[2022-10-17T16:26:41.026217][SEVERE][random_mc2_n6_mid3_d1000_05_mr098_r10_7_uai_emcc_kl_th00_mIter500_wtrue_x100_0] java.lang.IllegalStateException: Not rewriting. File exits: /mnt/beegfs/rcabanas/dev/credici/papers/journalEM/output/synthetic/s1/random_mc2_n6_mid3_d1000_05_mr098_r10_7_uai_emcc_kl_th00_mIter500_wtrue_x100_0.csv
[2022-10-17T16:26:41.026338][INFO][random_mc2_n6_mid3_d1000_05_mr098_r10_7_uai_emcc_kl_th00_mIter500_wtrue_x100_0] Closing log file
[2022-10-17T16:26:41.026434][INFO][random_mc2_n6_mid3_d1000_05_mr098_r10_7_uai_emcc_kl_th00_mIter500_wtrue_x100_0] Closed log file
/mnt/beegfs/rcabanas/dev/credici/papers/journalEM/code/LearnAndCalculatePNS.java
run java
java -Xmx64g -cp /mnt/beegfs/rcabanas/dev/credici/target/credici-0.1.3-jar-with-dependencies.jar /mnt/beegfs/rcabanas/dev/credici/papers/journalEM/code/LearnAndCalculatePNS.java -w -x 100 -m 500 -sc LLratio -th 0.99999999 -a EMCC --seed 0 --output /mnt/beegfs/rcabanas/dev/credici/papers/journalEM/output/synthetic/s1 /mnt/beegfs/rcabanas/dev/credici/papers/journalEM/models/synthetic/s1/random_mc2_n6_mid3_d1000_05_mr098_r10_7.uai
[2022-10-17T16:26:43.164437][INFO][random_mc2_n6_mid3_d1000_05_mr098_r10_7_uai_emcc_llratio_th099999999_mIter500_wtrue_x100_0] Set up logging
[2022-10-17T16:26:43.174108][INFO][random_mc2_n6_mid3_d1000_05_mr098_r10_7_uai_emcc_llratio_th099999999_mIter500_wtrue_x100_0] args: -w;-x;100;-m;500;-sc;LLratio;-th;0.99999999;-a;EMCC;--seed;0;--output;/mnt/beegfs/rcabanas/dev/credici/papers/journalEM/output/synthetic/s1;/mnt/beegfs/rcabanas/dev/credici/papers/journalEM/models/synthetic/s1/random_mc2_n6_mid3_d1000_05_mr098_r10_7.uai
[2022-10-17T16:26:43.174253][INFO][random_mc2_n6_mid3_d1000_05_mr098_r10_7_uai_emcc_llratio_th099999999_mIter500_wtrue_x100_0] Checking arguments
[2022-10-17T16:26:43.189430][INFO][random_mc2_n6_mid3_d1000_05_mr098_r10_7_uai_emcc_llratio_th099999999_mIter500_wtrue_x100_0] Starting logger with seed 0
[2022-10-17T16:26:43.191065][SEVERE][random_mc2_n6_mid3_d1000_05_mr098_r10_7_uai_emcc_llratio_th099999999_mIter500_wtrue_x100_0] Not rewriting. File exits: /mnt/beegfs/rcabanas/dev/credici/papers/journalEM/output/synthetic/s1/random_mc2_n6_mid3_d1000_05_mr098_r10_7_uai_emcc_llratio_th099999999_mIter500_wtrue_x100_0.csv
[2022-10-17T16:26:43.191181][SEVERE][random_mc2_n6_mid3_d1000_05_mr098_r10_7_uai_emcc_llratio_th099999999_mIter500_wtrue_x100_0] java.lang.IllegalStateException: Not rewriting. File exits: /mnt/beegfs/rcabanas/dev/credici/papers/journalEM/output/synthetic/s1/random_mc2_n6_mid3_d1000_05_mr098_r10_7_uai_emcc_llratio_th099999999_mIter500_wtrue_x100_0.csv
[2022-10-17T16:26:43.191224][INFO][random_mc2_n6_mid3_d1000_05_mr098_r10_7_uai_emcc_llratio_th099999999_mIter500_wtrue_x100_0] Closing log file
[2022-10-17T16:26:43.191257][INFO][random_mc2_n6_mid3_d1000_05_mr098_r10_7_uai_emcc_llratio_th099999999_mIter500_wtrue_x100_0] Closed log file
/mnt/beegfs/rcabanas/dev/credici/papers/journalEM/code/LearnAndCalculatePNS.java
run java
java -Xmx64g -cp /mnt/beegfs/rcabanas/dev/credici/target/credici-0.1.3-jar-with-dependencies.jar /mnt/beegfs/rcabanas/dev/credici/papers/journalEM/code/LearnAndCalculatePNS.java -w -x 100 -m 500 -sc KL -th 1e-08 -a EMCC --seed 0 --output /mnt/beegfs/rcabanas/dev/credici/papers/journalEM/output/synthetic/s1 /mnt/beegfs/rcabanas/dev/credici/papers/journalEM/models/synthetic/s1/random_mc2_n6_mid3_d1000_05_mr098_r10_7.uai
[2022-10-17T16:26:45.381627][INFO][random_mc2_n6_mid3_d1000_05_mr098_r10_7_uai_emcc_kl_th10E-8_mIter500_wtrue_x100_0] Set up logging
[2022-10-17T16:26:45.394627][INFO][random_mc2_n6_mid3_d1000_05_mr098_r10_7_uai_emcc_kl_th10E-8_mIter500_wtrue_x100_0] args: -w;-x;100;-m;500;-sc;KL;-th;1e-08;-a;EMCC;--seed;0;--output;/mnt/beegfs/rcabanas/dev/credici/papers/journalEM/output/synthetic/s1;/mnt/beegfs/rcabanas/dev/credici/papers/journalEM/models/synthetic/s1/random_mc2_n6_mid3_d1000_05_mr098_r10_7.uai
[2022-10-17T16:26:45.394864][INFO][random_mc2_n6_mid3_d1000_05_mr098_r10_7_uai_emcc_kl_th10E-8_mIter500_wtrue_x100_0] Checking arguments
[2022-10-17T16:26:45.406977][INFO][random_mc2_n6_mid3_d1000_05_mr098_r10_7_uai_emcc_kl_th10E-8_mIter500_wtrue_x100_0] Starting logger with seed 0
[2022-10-17T16:26:45.408608][SEVERE][random_mc2_n6_mid3_d1000_05_mr098_r10_7_uai_emcc_kl_th10E-8_mIter500_wtrue_x100_0] Not rewriting. File exits: /mnt/beegfs/rcabanas/dev/credici/papers/journalEM/output/synthetic/s1/random_mc2_n6_mid3_d1000_05_mr098_r10_7_uai_emcc_kl_th10E-8_mIter500_wtrue_x100_0.csv
[2022-10-17T16:26:45.408784][SEVERE][random_mc2_n6_mid3_d1000_05_mr098_r10_7_uai_emcc_kl_th10E-8_mIter500_wtrue_x100_0] java.lang.IllegalStateException: Not rewriting. File exits: /mnt/beegfs/rcabanas/dev/credici/papers/journalEM/output/synthetic/s1/random_mc2_n6_mid3_d1000_05_mr098_r10_7_uai_emcc_kl_th10E-8_mIter500_wtrue_x100_0.csv
[2022-10-17T16:26:45.547856][INFO][random_mc2_n6_mid3_d1000_05_mr098_r10_7_uai_emcc_kl_th10E-8_mIter500_wtrue_x100_0] Closing log file
[2022-10-17T16:26:45.548125][INFO][random_mc2_n6_mid3_d1000_05_mr098_r10_7_uai_emcc_kl_th10E-8_mIter500_wtrue_x100_0] Closed log file
slurmstepd: error: *** JOB 84179 ON nodo06 CANCELLED AT 2022-10-17T18:27:36 ***
