
['triangolobiaslearn.py', '1', '1']
Running triangololearn.py
['triangolo_biassoft', 'triangolo_biasshard']
[1000]
runEM=True
max_iter=1
SEEDS=[1]
/mnt/beegfs/rcabanas/dev/credici
/mnt/beegfs/rcabanas/dev/credici/papers/journalEM
/mnt/beegfs/rcabanas/dev/credici/papers/journalEM/output
/mnt/beegfs/rcabanas/dev/credici/papers/journalEM/models
/mnt/beegfs/rcabanas/dev/credici/target/credici-0.1.3-jar-with-dependencies.jar
java -cp /mnt/beegfs/rcabanas/dev/credici/target/credici-0.1.3-jar-with-dependencies.jar /mnt/beegfs/rcabanas/dev/credici/papers/journalEM/code/RunSingleEM.java --maxiter 1 -w -b --seed 1 --output /mnt/beegfs/rcabanas/dev/credici/papers/journalEM/output/triangolo_biassoft/1000 -d /mnt/beegfs/rcabanas/dev/credici/papers/journalEM/data/triangolo_biassoft_data_d1000.csv /mnt/beegfs/rcabanas/dev/credici/papers/journalEM/models/triangolo_biassoft.uai 
[2022-08-30T08:52:48.155521][INFO][seed1] Set up logging
[2022-08-30T08:52:48.169813][INFO][seed1] args: --maxiter;1;-w;-b;--seed;1;--output;/mnt/beegfs/rcabanas/dev/credici/papers/journalEM/output/triangolo_biassoft/1000;-d;/mnt/beegfs/rcabanas/dev/credici/papers/journalEM/data/triangolo_biassoft_data_d1000.csv;/mnt/beegfs/rcabanas/dev/credici/papers/journalEM/models/triangolo_biassoft.uai
[2022-08-30T08:52:48.183860][INFO][seed1] Starting logger with seed 1
[2022-08-30T08:52:48.744148][INFO][seed1] Loaded model from: /mnt/beegfs/rcabanas/dev/credici/papers/journalEM/models/triangolo_biassoft.uai
[2022-08-30T08:52:48.749338][SEVERE][seed1] java.io.FileNotFoundException: /mnt/beegfs/rcabanas/dev/credici/papers/journalEM/data/triangolo_biassoft_data_d1000.csv (No such file or directory)
[2022-08-30T08:52:48.749457][INFO][seed1] Closing log file
[2022-08-30T08:52:48.749542][INFO][seed1] Closed log file
java -cp /mnt/beegfs/rcabanas/dev/credici/target/credici-0.1.3-jar-with-dependencies.jar /mnt/beegfs/rcabanas/dev/credici/papers/journalEM/code/RunSingleEM.java --maxiter 1 -w -b --seed 1 --output /mnt/beegfs/rcabanas/dev/credici/papers/journalEM/output/triangolo_biasshard/1000 -d /mnt/beegfs/rcabanas/dev/credici/papers/journalEM/data/triangolo_biasshard_data_d1000.csv /mnt/beegfs/rcabanas/dev/credici/papers/journalEM/models/triangolo_biasshard.uai 
[2022-08-30T08:52:50.298477][INFO][seed1] Set up logging
[2022-08-30T08:52:50.310105][INFO][seed1] args: --maxiter;1;-w;-b;--seed;1;--output;/mnt/beegfs/rcabanas/dev/credici/papers/journalEM/output/triangolo_biasshard/1000;-d;/mnt/beegfs/rcabanas/dev/credici/papers/journalEM/data/triangolo_biasshard_data_d1000.csv;/mnt/beegfs/rcabanas/dev/credici/papers/journalEM/models/triangolo_biasshard.uai
[2022-08-30T08:52:50.311376][INFO][seed1] Starting logger with seed 1
[2022-08-30T08:52:50.316859][SEVERE][seed1] java.io.FileNotFoundException: /mnt/beegfs/rcabanas/dev/credici/papers/journalEM/models/triangolo_biasshard.uai (No such file or directory)
[2022-08-30T08:52:50.316987][INFO][seed1] Closing log file
[2022-08-30T08:52:50.317074][INFO][seed1] Closed log file
['triangolobiaslearn.py', '1', '0']
Running triangololearn.py
['triangolo_biassoft', 'triangolo_biasshard']
[1000]
runEM=True
max_iter=1
SEEDS=[0]
/mnt/beegfs/rcabanas/dev/credici
/mnt/beegfs/rcabanas/dev/credici/papers/journalEM
/mnt/beegfs/rcabanas/dev/credici/papers/journalEM/output
/mnt/beegfs/rcabanas/dev/credici/papers/journalEM/models
/mnt/beegfs/rcabanas/dev/credici/target/credici-0.1.3-jar-with-dependencies.jar
java -cp /mnt/beegfs/rcabanas/dev/credici/target/credici-0.1.3-jar-with-dependencies.jar /mnt/beegfs/rcabanas/dev/credici/papers/journalEM/code/RunSingleEM.java --maxiter 1 -w -b --seed 0 --output /mnt/beegfs/rcabanas/dev/credici/papers/journalEM/output/triangolo_biassoft/1000 -d /mnt/beegfs/rcabanas/dev/credici/papers/journalEM/data/triangolo_biassoft_data_d1000.csv /mnt/beegfs/rcabanas/dev/credici/papers/journalEM/models/triangolo_biassoft.uai 
[2022-08-30T08:52:52.447061][INFO][seed0] Set up logging
[2022-08-30T08:52:52.473617][INFO][seed0] args: --maxiter;1;-w;-b;--seed;0;--output;/mnt/beegfs/rcabanas/dev/credici/papers/journalEM/output/triangolo_biassoft/1000;-d;/mnt/beegfs/rcabanas/dev/credici/papers/journalEM/data/triangolo_biassoft_data_d1000.csv;/mnt/beegfs/rcabanas/dev/credici/papers/journalEM/models/triangolo_biassoft.uai
[2022-08-30T08:52:52.474871][INFO][seed0] Starting logger with seed 0
[2022-08-30T08:52:53.045203][INFO][seed0] Loaded model from: /mnt/beegfs/rcabanas/dev/credici/papers/journalEM/models/triangolo_biassoft.uai
[2022-08-30T08:52:53.050237][SEVERE][seed0] java.io.FileNotFoundException: /mnt/beegfs/rcabanas/dev/credici/papers/journalEM/data/triangolo_biassoft_data_d1000.csv (No such file or directory)
[2022-08-30T08:52:53.050355][INFO][seed0] Closing log file
[2022-08-30T08:52:53.050439][INFO][seed0] Closed log file
java -cp /mnt/beegfs/rcabanas/dev/credici/target/credici-0.1.3-jar-with-dependencies.jar /mnt/beegfs/rcabanas/dev/credici/papers/journalEM/code/RunSingleEM.java --maxiter 1 -w -b --seed 0 --output /mnt/beegfs/rcabanas/dev/credici/papers/journalEM/output/triangolo_biasshard/1000 -d /mnt/beegfs/rcabanas/dev/credici/papers/journalEM/data/triangolo_biasshard_data_d1000.csv /mnt/beegfs/rcabanas/dev/credici/papers/journalEM/models/triangolo_biasshard.uai 
[2022-08-30T08:52:54.585522][INFO][seed0] Set up logging
[2022-08-30T08:52:54.613335][INFO][seed0] args: --maxiter;1;-w;-b;--seed;0;--output;/mnt/beegfs/rcabanas/dev/credici/papers/journalEM/output/triangolo_biasshard/1000;-d;/mnt/beegfs/rcabanas/dev/credici/papers/journalEM/data/triangolo_biasshard_data_d1000.csv;/mnt/beegfs/rcabanas/dev/credici/papers/journalEM/models/triangolo_biasshard.uai
[2022-08-30T08:52:54.614500][INFO][seed0] Starting logger with seed 0
[2022-08-30T08:52:54.618167][SEVERE][seed0] java.io.FileNotFoundException: /mnt/beegfs/rcabanas/dev/credici/papers/journalEM/models/triangolo_biasshard.uai (No such file or directory)
[2022-08-30T08:52:54.618283][INFO][seed0] Closing log file
[2022-08-30T08:52:54.618369][INFO][seed0] Closed log file
