50
0
['learnintegrate.py', '50', '0']
['learnintegrate.py', '56', '0']
['learnintegrate.py', '53', '0']
['learnintegrate.py', '74', '0']
Running learnintegrate.py
id=53
seed=0
/mnt/beegfs/rcabanas/credici
/mnt/beegfs/rcabanas/credici/papers/clear23
/mnt/beegfs/rcabanas/credici/papers/clear23/output
/mnt/beegfs/rcabanas/credici/papers/clear23/models
Running learnintegrate.py
id=56
seed=0
/mnt/beegfs/rcabanas/credici
/mnt/beegfs/rcabanas/credici/papers/clear23
/mnt/beegfs/rcabanas/credici/papers/clear23/output
/mnt/beegfs/rcabanas/credici/papers/clear23/models
/mnt/beegfs/rcabanas/credici/target/credici-0.1.3-jar-with-dependencies.jar
Running learnintegrate.py
/mnt/beegfs/rcabanas/credici/target/credici-0.1.3-jar-with-dependencies.jar
id=50
seed=0
/mnt/beegfs/rcabanas/credici
/mnt/beegfs/rcabanas/credici/papers/clear23
/mnt/beegfs/rcabanas/credici/papers/clear23/output
/mnt/beegfs/rcabanas/credici/papers/clear23/models
/mnt/beegfs/rcabanas/credici/target/credici-0.1.3-jar-with-dependencies.jar
Running learnintegrate.py
id=74
seed=0
/mnt/beegfs/rcabanas/credici
/mnt/beegfs/rcabanas/credici/papers/clear23
/mnt/beegfs/rcabanas/credici/papers/clear23/output
/mnt/beegfs/rcabanas/credici/papers/clear23/models
/mnt/beegfs/rcabanas/credici/target/credici-0.1.3-jar-with-dependencies.jar
['learnintegrate.py', '59', '0']
['learnintegrate.py', '51', '0']
['learnintegrate.py', '67', '0']
Running learnintegrate.py
Running learnintegrate.py
id=59
seed=0
/mnt/beegfs/rcabanas/credici
/mnt/beegfs/rcabanas/credici/papers/clear23
id=51
/mnt/beegfs/rcabanas/credici/papers/clear23/output
seed=0
/mnt/beegfs/rcabanas/credici
/mnt/beegfs/rcabanas/credici/papers/clear23
/mnt/beegfs/rcabanas/credici/papers/clear23/output
/mnt/beegfs/rcabanas/credici/papers/clear23/models
/mnt/beegfs/rcabanas/credici/papers/clear23/models
['learnintegrate.py', '64', '0']
/mnt/beegfs/rcabanas/credici/target/credici-0.1.3-jar-with-dependencies.jar
/mnt/beegfs/rcabanas/credici/target/credici-0.1.3-jar-with-dependencies.jar
Running learnintegrate.py
id=67
seed=0
/mnt/beegfs/rcabanas/credici
/mnt/beegfs/rcabanas/credici/papers/clear23
/mnt/beegfs/rcabanas/credici/papers/clear23/output
/mnt/beegfs/rcabanas/credici/papers/clear23/models
/mnt/beegfs/rcabanas/credici/target/credici-0.1.3-jar-with-dependencies.jar
['learnintegrate.py', '57', '0']
Running learnintegrate.py
id=64
seed=0
/mnt/beegfs/rcabanas/credici
/mnt/beegfs/rcabanas/credici/papers/clear23
/mnt/beegfs/rcabanas/credici/papers/clear23/output
/mnt/beegfs/rcabanas/credici/papers/clear23/models
/mnt/beegfs/rcabanas/credici/target/credici-0.1.3-jar-with-dependencies.jar
['learnintegrate.py', '55', '0']
['learnintegrate.py', '52', '0']
['learnintegrate.py', '68', '0']
['learnintegrate.py', '60', '0']
Running learnintegrate.py
id=57
seed=0
/mnt/beegfs/rcabanas/credici
/mnt/beegfs/rcabanas/credici/papers/clear23
/mnt/beegfs/rcabanas/credici/papers/clear23/output
/mnt/beegfs/rcabanas/credici/papers/clear23/models
/mnt/beegfs/rcabanas/credici/target/credici-0.1.3-jar-with-dependencies.jar
Running learnintegrate.py
Running learnintegrate.py
id=55
id=52
seed=0
seed=0
/mnt/beegfs/rcabanas/credici
/mnt/beegfs/rcabanas/credici
/mnt/beegfs/rcabanas/credici/papers/clear23
/mnt/beegfs/rcabanas/credici/papers/clear23
/mnt/beegfs/rcabanas/credici/papers/clear23/output
/mnt/beegfs/rcabanas/credici/papers/clear23/output
/mnt/beegfs/rcabanas/credici/papers/clear23/models
/mnt/beegfs/rcabanas/credici/papers/clear23/models
/mnt/beegfs/rcabanas/credici/target/credici-0.1.3-jar-with-dependencies.jar
/mnt/beegfs/rcabanas/credici/target/credici-0.1.3-jar-with-dependencies.jar
Running learnintegrate.py
Running learnintegrate.py
id=68
id=60
seed=0
seed=0
/mnt/beegfs/rcabanas/credici
/mnt/beegfs/rcabanas/credici
/mnt/beegfs/rcabanas/credici/papers/clear23
/mnt/beegfs/rcabanas/credici/papers/clear23
/mnt/beegfs/rcabanas/credici/papers/clear23/output
/mnt/beegfs/rcabanas/credici/papers/clear23/output
/mnt/beegfs/rcabanas/credici/papers/clear23/models
/mnt/beegfs/rcabanas/credici/papers/clear23/models
/mnt/beegfs/rcabanas/credici/target/credici-0.1.3-jar-with-dependencies.jar
/mnt/beegfs/rcabanas/credici/target/credici-0.1.3-jar-with-dependencies.jar
['learnintegrate.py', '61', '0']
['learnintegrate.py', '58', '0']
Running learnintegrate.py
id=61
seed=0
/mnt/beegfs/rcabanas/credici
/mnt/beegfs/rcabanas/credici/papers/clear23
/mnt/beegfs/rcabanas/credici/papers/clear23/output
/mnt/beegfs/rcabanas/credici/papers/clear23/models
/mnt/beegfs/rcabanas/credici/target/credici-0.1.3-jar-with-dependencies.jar
Running learnintegrate.py
id=58
seed=0
/mnt/beegfs/rcabanas/credici
/mnt/beegfs/rcabanas/credici/papers/clear23
/mnt/beegfs/rcabanas/credici/papers/clear23/output
/mnt/beegfs/rcabanas/credici/papers/clear23/models
/mnt/beegfs/rcabanas/credici/target/credici-0.1.3-jar-with-dependencies.jar
['learnintegrate.py', '62', '0']
['learnintegrate.py', '65', '0']
['learnintegrate.py', '73', '0']
['learnintegrate.py', '75', '0']
['learnintegrate.py', '66', '0']
['learnintegrate.py', '70', '0']
['learnintegrate.py', '54', '0']
Running learnintegrate.py
id=65
seed=0
/mnt/beegfs/rcabanas/credici
/mnt/beegfs/rcabanas/credici/papers/clear23
/mnt/beegfs/rcabanas/credici/papers/clear23/output
/mnt/beegfs/rcabanas/credici/papers/clear23/models
/mnt/beegfs/rcabanas/credici/target/credici-0.1.3-jar-with-dependencies.jar
Running learnintegrate.py
id=62
seed=0
/mnt/beegfs/rcabanas/credici
/mnt/beegfs/rcabanas/credici/papers/clear23
/mnt/beegfs/rcabanas/credici/papers/clear23/output
/mnt/beegfs/rcabanas/credici/papers/clear23/models
/mnt/beegfs/rcabanas/credici/target/credici-0.1.3-jar-with-dependencies.jar
Running learnintegrate.py
id=73
seed=0
/mnt/beegfs/rcabanas/credici
/mnt/beegfs/rcabanas/credici/papers/clear23
/mnt/beegfs/rcabanas/credici/papers/clear23/output
Running learnintegrate.py
/mnt/beegfs/rcabanas/credici/papers/clear23/models
id=75
/mnt/beegfs/rcabanas/credici/target/credici-0.1.3-jar-with-dependencies.jar
seed=0
/mnt/beegfs/rcabanas/credici
/mnt/beegfs/rcabanas/credici/papers/clear23
/mnt/beegfs/rcabanas/credici/papers/clear23/output
/mnt/beegfs/rcabanas/credici/papers/clear23/models
/mnt/beegfs/rcabanas/credici/target/credici-0.1.3-jar-with-dependencies.jar
Running learnintegrate.py
id=66
seed=0
/mnt/beegfs/rcabanas/credici
/mnt/beegfs/rcabanas/credici/papers/clear23
/mnt/beegfs/rcabanas/credici/papers/clear23/output
/mnt/beegfs/rcabanas/credici/papers/clear23/models
/mnt/beegfs/rcabanas/credici/target/credici-0.1.3-jar-with-dependencies.jar
Running learnintegrate.py
id=70
seed=0
/mnt/beegfs/rcabanas/credici
/mnt/beegfs/rcabanas/credici/papers/clear23
/mnt/beegfs/rcabanas/credici/papers/clear23/output
Running learnintegrate.py
/mnt/beegfs/rcabanas/credici/papers/clear23/models
/mnt/beegfs/rcabanas/credici/target/credici-0.1.3-jar-with-dependencies.jar
id=54
seed=0
/mnt/beegfs/rcabanas/credici
/mnt/beegfs/rcabanas/credici/papers/clear23
/mnt/beegfs/rcabanas/credici/papers/clear23/output
/mnt/beegfs/rcabanas/credici/papers/clear23/models
/mnt/beegfs/rcabanas/credici/target/credici-0.1.3-jar-with-dependencies.jar
['learnintegrate.py', '69', '0']
['learnintegrate.py', '63', '0']
['learnintegrate.py', '72', '0']
Running learnintegrate.py
id=69
seed=0
/mnt/beegfs/rcabanas/credici
/mnt/beegfs/rcabanas/credici/papers/clear23
/mnt/beegfs/rcabanas/credici/papers/clear23/output
/mnt/beegfs/rcabanas/credici/papers/clear23/models
/mnt/beegfs/rcabanas/credici/target/credici-0.1.3-jar-with-dependencies.jar
Running learnintegrate.py
id=63
seed=0
/mnt/beegfs/rcabanas/credici
/mnt/beegfs/rcabanas/credici/papers/clear23
/mnt/beegfs/rcabanas/credici/papers/clear23/output
/mnt/beegfs/rcabanas/credici/papers/clear23/models
/mnt/beegfs/rcabanas/credici/target/credici-0.1.3-jar-with-dependencies.jar
Running learnintegrate.py
id=72
seed=0
/mnt/beegfs/rcabanas/credici
/mnt/beegfs/rcabanas/credici/papers/clear23
/mnt/beegfs/rcabanas/credici/papers/clear23/output
/mnt/beegfs/rcabanas/credici/papers/clear23/models
/mnt/beegfs/rcabanas/credici/target/credici-0.1.3-jar-with-dependencies.jar
['random_mc2_n6_mid3_d1000_05_mr098_r10_50.uai', 'random_mc2_n8_mid3_d1000_05_mr098_r10_50.uai']
2 models
/mnt/beegfs/rcabanas/credici/papers/clear23/code/LearnIntegratingData.java
run java
java -Xmx64g -cp /mnt/beegfs/rcabanas/credici/target/credici-0.1.3-jar-with-dependencies.jar /mnt/beegfs/rcabanas/credici/papers/clear23/code/LearnIntegratingData.java -w -cc -x 100 -m 500 -sc KL -th 0.0 --seed 0 --output /mnt/beegfs/rcabanas/credici/papers/clear23/output/synthetic/s1 /mnt/beegfs/rcabanas/credici/papers/clear23/models/synthetic/s1/random_mc2_n6_mid3_d1000_05_mr098_r10_50.uai
['random_mc2_n7_mid3_d1000_05_mr098_r10_53.uai', 'random_mc2_n5_mid3_d1000_05_mr098_r10_53.uai']
2 models
/mnt/beegfs/rcabanas/credici/papers/clear23/code/LearnIntegratingData.java
run java
java -Xmx64g -cp /mnt/beegfs/rcabanas/credici/target/credici-0.1.3-jar-with-dependencies.jar /mnt/beegfs/rcabanas/credici/papers/clear23/code/LearnIntegratingData.java -w -cc -x 100 -m 500 -sc KL -th 0.0 --seed 0 --output /mnt/beegfs/rcabanas/credici/papers/clear23/output/synthetic/s1 /mnt/beegfs/rcabanas/credici/papers/clear23/models/synthetic/s1/random_mc2_n7_mid3_d1000_05_mr098_r10_53.uai
['random_mc2_n9_mid3_d1000_05_mr098_r10_56.uai', 'random_mc2_n7_mid3_d1000_05_mr098_r10_56.uai', 'random_mc2_n5_mid3_d1000_05_mr098_r10_56.uai']
3 models
/mnt/beegfs/rcabanas/credici/papers/clear23/code/LearnIntegratingData.java
run java
java -Xmx64g -cp /mnt/beegfs/rcabanas/credici/target/credici-0.1.3-jar-with-dependencies.jar /mnt/beegfs/rcabanas/credici/papers/clear23/code/LearnIntegratingData.java -w -cc -x 100 -m 500 -sc KL -th 0.0 --seed 0 --output /mnt/beegfs/rcabanas/credici/papers/clear23/output/synthetic/s1 /mnt/beegfs/rcabanas/credici/papers/clear23/models/synthetic/s1/random_mc2_n9_mid3_d1000_05_mr098_r10_56.uai
['random_mc2_n10_mid3_d1000_05_mr098_r10_72.uai', 'random_mc2_n5_mid3_d1000_05_mr098_r10_72.uai', 'random_mc2_n6_mid3_d1000_05_mr098_r10_72.uai']
['random_mc2_n8_mid3_d1000_05_mr098_r10_52.uai', 'random_mc2_n6_mid3_d1000_05_mr098_r10_52.uai', 'random_mc2_n10_mid3_d1000_05_mr098_r10_52.uai']
3 models
/mnt/beegfs/rcabanas/credici/papers/clear23/code/LearnIntegratingData.java
run java
java -Xmx64g -cp /mnt/beegfs/rcabanas/credici/target/credici-0.1.3-jar-with-dependencies.jar /mnt/beegfs/rcabanas/credici/papers/clear23/code/LearnIntegratingData.java -w -cc -x 100 -m 500 -sc KL -th 0.0 --seed 0 --output /mnt/beegfs/rcabanas/credici/papers/clear23/output/synthetic/s1 /mnt/beegfs/rcabanas/credici/papers/clear23/models/synthetic/s1/random_mc2_n8_mid3_d1000_05_mr098_r10_52.uai
['random_mc2_n6_mid3_d1000_05_mr098_r10_64.uai', 'random_mc2_n8_mid3_d1000_05_mr098_r10_64.uai', 'random_mc2_n9_mid3_d1000_05_mr098_r10_64.uai']
3 models
/mnt/beegfs/rcabanas/credici/papers/clear23/code/LearnIntegratingData.java
run java
java -Xmx64g -cp /mnt/beegfs/rcabanas/credici/target/credici-0.1.3-jar-with-dependencies.jar /mnt/beegfs/rcabanas/credici/papers/clear23/code/LearnIntegratingData.java -w -cc -x 100 -m 500 -sc KL -th 0.0 --seed 0 --output /mnt/beegfs/rcabanas/credici/papers/clear23/output/synthetic/s1 /mnt/beegfs/rcabanas/credici/papers/clear23/models/synthetic/s1/random_mc2_n6_mid3_d1000_05_mr098_r10_64.uai
['random_mc2_n5_mid3_d1000_05_mr098_r10_51.uai', 'random_mc2_n11_mid3_d1000_05_mr098_r10_51.uai', 'random_mc2_n10_mid3_d1000_05_mr098_r10_51.uai', 'random_mc2_n6_mid3_d1000_05_mr098_r10_51.uai', 'random_mc2_n7_mid3_d1000_05_mr098_r10_51.uai']
5 models
/mnt/beegfs/rcabanas/credici/papers/clear23/code/LearnIntegratingData.java
run java
java -Xmx64g -cp /mnt/beegfs/rcabanas/credici/target/credici-0.1.3-jar-with-dependencies.jar /mnt/beegfs/rcabanas/credici/papers/clear23/code/LearnIntegratingData.java -w -cc -x 100 -m 500 -sc KL -th 0.0 --seed 0 --output /mnt/beegfs/rcabanas/credici/papers/clear23/output/synthetic/s1 /mnt/beegfs/rcabanas/credici/papers/clear23/models/synthetic/s1/random_mc2_n5_mid3_d1000_05_mr098_r10_51.uai
['random_mc2_n11_mid3_d1000_05_mr098_r10_74.uai', 'random_mc2_n9_mid3_d1000_05_mr098_r10_74.uai', 'random_mc2_n5_mid3_d1000_05_mr098_r10_74.uai', 'random_mc2_n6_mid3_d1000_05_mr098_r10_74.uai']
4 models
/mnt/beegfs/rcabanas/credici/papers/clear23/code/LearnIntegratingData.java
run java
java -Xmx64g -cp /mnt/beegfs/rcabanas/credici/target/credici-0.1.3-jar-with-dependencies.jar /mnt/beegfs/rcabanas/credici/papers/clear23/code/LearnIntegratingData.java -w -cc -x 100 -m 500 -sc KL -th 0.0 --seed 0 --output /mnt/beegfs/rcabanas/credici/papers/clear23/output/synthetic/s1 /mnt/beegfs/rcabanas/credici/papers/clear23/models/synthetic/s1/random_mc2_n11_mid3_d1000_05_mr098_r10_74.uai
['random_mc2_n7_mid3_d1000_05_mr098_r10_59.uai', 'random_mc2_n9_mid3_d1000_05_mr098_r10_59.uai', 'random_mc2_n10_mid3_d1000_05_mr098_r10_59.uai', 'random_mc2_n5_mid3_d1000_05_mr098_r10_59.uai']
4 models
/mnt/beegfs/rcabanas/credici/papers/clear23/code/LearnIntegratingData.java
run java
3 models
['random_mc2_n6_mid3_d1000_05_mr098_r10_57.uai', 'random_mc2_n5_mid3_d1000_05_mr098_r10_57.uai', 'random_mc2_n8_mid3_d1000_05_mr098_r10_57.uai']
3 models
/mnt/beegfs/rcabanas/credici/papers/clear23/code/LearnIntegratingData.java
run java
java -Xmx64g -cp /mnt/beegfs/rcabanas/credici/target/credici-0.1.3-jar-with-dependencies.jar /mnt/beegfs/rcabanas/credici/papers/clear23/code/LearnIntegratingData.java -w -cc -x 100 -m 500 -sc KL -th 0.0 --seed 0 --output /mnt/beegfs/rcabanas/credici/papers/clear23/output/synthetic/s1 /mnt/beegfs/rcabanas/credici/papers/clear23/models/synthetic/s1/random_mc2_n6_mid3_d1000_05_mr098_r10_57.uai
['random_mc2_n11_mid3_d1000_05_mr098_r10_55.uai', 'random_mc2_n5_mid3_d1000_05_mr098_r10_55.uai', 'random_mc2_n7_mid3_d1000_05_mr098_r10_55.uai']
3 models
/mnt/beegfs/rcabanas/credici/papers/clear23/code/LearnIntegratingData.java
run java
java -Xmx64g -cp /mnt/beegfs/rcabanas/credici/target/credici-0.1.3-jar-with-dependencies.jar /mnt/beegfs/rcabanas/credici/papers/clear23/code/LearnIntegratingData.java -w -cc -x 100 -m 500 -sc KL -th 0.0 --seed 0 --output /mnt/beegfs/rcabanas/credici/papers/clear23/output/synthetic/s1 /mnt/beegfs/rcabanas/credici/papers/clear23/models/synthetic/s1/random_mc2_n11_mid3_d1000_05_mr098_r10_55.uai
['random_mc2_n5_mid3_d1000_05_mr098_r10_67.uai', 'random_mc2_n6_mid3_d1000_05_mr098_r10_67.uai', 'random_mc2_n11_mid3_d1000_05_mr098_r10_67.uai']
3 models
/mnt/beegfs/rcabanas/credici/papers/clear23/code/LearnIntegratingData.java
run java
java -Xmx64g -cp /mnt/beegfs/rcabanas/credici/target/credici-0.1.3-jar-with-dependencies.jar /mnt/beegfs/rcabanas/credici/papers/clear23/code/LearnIntegratingData.java -w -cc -x 100 -m 500 -sc KL -th 0.0 --seed 0 --output /mnt/beegfs/rcabanas/credici/papers/clear23/output/synthetic/s1 /mnt/beegfs/rcabanas/credici/papers/clear23/models/synthetic/s1/random_mc2_n5_mid3_d1000_05_mr098_r10_67.uai
java -Xmx64g -cp /mnt/beegfs/rcabanas/credici/target/credici-0.1.3-jar-with-dependencies.jar /mnt/beegfs/rcabanas/credici/papers/clear23/code/LearnIntegratingData.java -w -cc -x 100 -m 500 -sc KL -th 0.0 --seed 0 --output /mnt/beegfs/rcabanas/credici/papers/clear23/output/synthetic/s1 /mnt/beegfs/rcabanas/credici/papers/clear23/models/synthetic/s1/random_mc2_n7_mid3_d1000_05_mr098_r10_59.uai
/mnt/beegfs/rcabanas/credici/papers/clear23/code/LearnIntegratingData.java
run java
java -Xmx64g -cp /mnt/beegfs/rcabanas/credici/target/credici-0.1.3-jar-with-dependencies.jar /mnt/beegfs/rcabanas/credici/papers/clear23/code/LearnIntegratingData.java -w -cc -x 100 -m 500 -sc KL -th 0.0 --seed 0 --output /mnt/beegfs/rcabanas/credici/papers/clear23/output/synthetic/s1 /mnt/beegfs/rcabanas/credici/papers/clear23/models/synthetic/s1/random_mc2_n10_mid3_d1000_05_mr098_r10_72.uai
['random_mc2_n7_mid3_d1000_05_mr098_r10_61.uai', 'random_mc2_n5_mid3_d1000_05_mr098_r10_61.uai']
['random_mc2_n6_mid3_d1000_05_mr098_r10_68.uai', 'random_mc2_n10_mid3_d1000_05_mr098_r10_68.uai', 'random_mc2_n5_mid3_d1000_05_mr098_r10_68.uai', 'random_mc2_n7_mid3_d1000_05_mr098_r10_68.uai', 'random_mc2_n8_mid3_d1000_05_mr098_r10_68.uai']
['random_mc2_n7_mid3_d1000_05_mr098_r10_65.uai', 'random_mc2_n6_mid3_d1000_05_mr098_r10_65.uai']
['random_mc2_n5_mid3_d1000_05_mr098_r10_73.uai', 'random_mc2_n6_mid3_d1000_05_mr098_r10_73.uai', 'random_mc2_n9_mid3_d1000_05_mr098_r10_73.uai', 'random_mc2_n8_mid3_d1000_05_mr098_r10_73.uai']
['random_mc2_n10_mid3_d1000_05_mr098_r10_75.uai', 'random_mc2_n6_mid3_d1000_05_mr098_r10_75.uai', 'random_mc2_n5_mid3_d1000_05_mr098_r10_75.uai', 'random_mc2_n8_mid3_d1000_05_mr098_r10_75.uai', 'random_mc2_n7_mid3_d1000_05_mr098_r10_75.uai']
['random_mc2_n5_mid3_d1000_05_mr098_r10_58.uai', 'random_mc2_n6_mid3_d1000_05_mr098_r10_58.uai']
['random_mc2_n5_mid3_d1000_05_mr098_r10_66.uai', 'random_mc2_n6_mid3_d1000_05_mr098_r10_66.uai', 'random_mc2_n8_mid3_d1000_05_mr098_r10_66.uai']
3 models
/mnt/beegfs/rcabanas/credici/papers/clear23/code/LearnIntegratingData.java
run java
java -Xmx64g -cp /mnt/beegfs/rcabanas/credici/target/credici-0.1.3-jar-with-dependencies.jar /mnt/beegfs/rcabanas/credici/papers/clear23/code/LearnIntegratingData.java -w -cc -x 100 -m 500 -sc KL -th 0.0 --seed 0 --output /mnt/beegfs/rcabanas/credici/papers/clear23/output/synthetic/s1 /mnt/beegfs/rcabanas/credici/papers/clear23/models/synthetic/s1/random_mc2_n5_mid3_d1000_05_mr098_r10_66.uai
['random_mc2_n5_mid3_d1000_05_mr098_r10_60.uai', 'random_mc2_n7_mid3_d1000_05_mr098_r10_60.uai', 'random_mc2_n6_mid3_d1000_05_mr098_r10_60.uai', 'random_mc2_n8_mid3_d1000_05_mr098_r10_60.uai']
['random_mc2_n6_mid3_d1000_05_mr098_r10_70.uai', 'random_mc2_n7_mid3_d1000_05_mr098_r10_70.uai', 'random_mc2_n8_mid3_d1000_05_mr098_r10_70.uai', 'random_mc2_n5_mid3_d1000_05_mr098_r10_70.uai']
4 models
/mnt/beegfs/rcabanas/credici/papers/clear23/code/LearnIntegratingData.java
['random_mc2_n8_mid3_d1000_05_mr098_r10_54.uai', 'random_mc2_n5_mid3_d1000_05_mr098_r10_54.uai', 'random_mc2_n7_mid3_d1000_05_mr098_r10_54.uai', 'random_mc2_n6_mid3_d1000_05_mr098_r10_54.uai']
4 models
2 models
['random_mc2_n6_mid3_d1000_05_mr098_r10_63.uai', 'random_mc2_n5_mid3_d1000_05_mr098_r10_63.uai', 'random_mc2_n8_mid3_d1000_05_mr098_r10_63.uai']
['random_mc2_n8_mid3_d1000_05_mr098_r10_69.uai', 'random_mc2_n9_mid3_d1000_05_mr098_r10_69.uai', 'random_mc2_n7_mid3_d1000_05_mr098_r10_69.uai', 'random_mc2_n6_mid3_d1000_05_mr098_r10_69.uai']
['random_mc2_n6_mid3_d1000_05_mr098_r10_62.uai', 'random_mc2_n7_mid3_d1000_05_mr098_r10_62.uai', 'random_mc2_n5_mid3_d1000_05_mr098_r10_62.uai']
3 models
/mnt/beegfs/rcabanas/credici/papers/clear23/code/LearnIntegratingData.java
run java
java -Xmx64g -cp /mnt/beegfs/rcabanas/credici/target/credici-0.1.3-jar-with-dependencies.jar /mnt/beegfs/rcabanas/credici/papers/clear23/code/LearnIntegratingData.java -w -cc -x 100 -m 500 -sc KL -th 0.0 --seed 0 --output /mnt/beegfs/rcabanas/credici/papers/clear23/output/synthetic/s1 /mnt/beegfs/rcabanas/credici/papers/clear23/models/synthetic/s1/random_mc2_n6_mid3_d1000_05_mr098_r10_62.uai
5 models
2 models
/mnt/beegfs/rcabanas/credici/papers/clear23/code/LearnIntegratingData.java
run java
java -Xmx64g -cp /mnt/beegfs/rcabanas/credici/target/credici-0.1.3-jar-with-dependencies.jar /mnt/beegfs/rcabanas/credici/papers/clear23/code/LearnIntegratingData.java -w -cc -x 100 -m 500 -sc KL -th 0.0 --seed 0 --output /mnt/beegfs/rcabanas/credici/papers/clear23/output/synthetic/s1 /mnt/beegfs/rcabanas/credici/papers/clear23/models/synthetic/s1/random_mc2_n7_mid3_d1000_05_mr098_r10_65.uai
4 models
/mnt/beegfs/rcabanas/credici/papers/clear23/code/LearnIntegratingData.java
run java
java -Xmx64g -cp /mnt/beegfs/rcabanas/credici/target/credici-0.1.3-jar-with-dependencies.jar /mnt/beegfs/rcabanas/credici/papers/clear23/code/LearnIntegratingData.java -w -cc -x 100 -m 500 -sc KL -th 0.0 --seed 0 --output /mnt/beegfs/rcabanas/credici/papers/clear23/output/synthetic/s1 /mnt/beegfs/rcabanas/credici/papers/clear23/models/synthetic/s1/random_mc2_n5_mid3_d1000_05_mr098_r10_73.uai
5 models
/mnt/beegfs/rcabanas/credici/papers/clear23/code/LearnIntegratingData.java
run java
java -Xmx64g -cp /mnt/beegfs/rcabanas/credici/target/credici-0.1.3-jar-with-dependencies.jar /mnt/beegfs/rcabanas/credici/papers/clear23/code/LearnIntegratingData.java -w -cc -x 100 -m 500 -sc KL -th 0.0 --seed 0 --output /mnt/beegfs/rcabanas/credici/papers/clear23/output/synthetic/s1 /mnt/beegfs/rcabanas/credici/papers/clear23/models/synthetic/s1/random_mc2_n10_mid3_d1000_05_mr098_r10_75.uai
2 models
4 models
run java
/mnt/beegfs/rcabanas/credici/papers/clear23/code/LearnIntegratingData.java
run java
java -Xmx64g -cp /mnt/beegfs/rcabanas/credici/target/credici-0.1.3-jar-with-dependencies.jar /mnt/beegfs/rcabanas/credici/papers/clear23/code/LearnIntegratingData.java -w -cc -x 100 -m 500 -sc KL -th 0.0 --seed 0 --output /mnt/beegfs/rcabanas/credici/papers/clear23/output/synthetic/s1 /mnt/beegfs/rcabanas/credici/papers/clear23/models/synthetic/s1/random_mc2_n8_mid3_d1000_05_mr098_r10_54.uai
/mnt/beegfs/rcabanas/credici/papers/clear23/code/LearnIntegratingData.java
3 models
4 models
/mnt/beegfs/rcabanas/credici/papers/clear23/code/LearnIntegratingData.java
run java
java -Xmx64g -cp /mnt/beegfs/rcabanas/credici/target/credici-0.1.3-jar-with-dependencies.jar /mnt/beegfs/rcabanas/credici/papers/clear23/code/LearnIntegratingData.java -w -cc -x 100 -m 500 -sc KL -th 0.0 --seed 0 --output /mnt/beegfs/rcabanas/credici/papers/clear23/output/synthetic/s1 /mnt/beegfs/rcabanas/credici/papers/clear23/models/synthetic/s1/random_mc2_n8_mid3_d1000_05_mr098_r10_69.uai
/mnt/beegfs/rcabanas/credici/papers/clear23/code/LearnIntegratingData.java
run java
java -Xmx64g -cp /mnt/beegfs/rcabanas/credici/target/credici-0.1.3-jar-with-dependencies.jar /mnt/beegfs/rcabanas/credici/papers/clear23/code/LearnIntegratingData.java -w -cc -x 100 -m 500 -sc KL -th 0.0 --seed 0 --output /mnt/beegfs/rcabanas/credici/papers/clear23/output/synthetic/s1 /mnt/beegfs/rcabanas/credici/papers/clear23/models/synthetic/s1/random_mc2_n6_mid3_d1000_05_mr098_r10_68.uai
/mnt/beegfs/rcabanas/credici/papers/clear23/code/LearnIntegratingData.java
run java
java -Xmx64g -cp /mnt/beegfs/rcabanas/credici/target/credici-0.1.3-jar-with-dependencies.jar /mnt/beegfs/rcabanas/credici/papers/clear23/code/LearnIntegratingData.java -w -cc -x 100 -m 500 -sc KL -th 0.0 --seed 0 --output /mnt/beegfs/rcabanas/credici/papers/clear23/output/synthetic/s1 /mnt/beegfs/rcabanas/credici/papers/clear23/models/synthetic/s1/random_mc2_n5_mid3_d1000_05_mr098_r10_58.uai
/mnt/beegfs/rcabanas/credici/papers/clear23/code/LearnIntegratingData.java
run java
java -Xmx64g -cp /mnt/beegfs/rcabanas/credici/target/credici-0.1.3-jar-with-dependencies.jar /mnt/beegfs/rcabanas/credici/papers/clear23/code/LearnIntegratingData.java -w -cc -x 100 -m 500 -sc KL -th 0.0 --seed 0 --output /mnt/beegfs/rcabanas/credici/papers/clear23/output/synthetic/s1 /mnt/beegfs/rcabanas/credici/papers/clear23/models/synthetic/s1/random_mc2_n5_mid3_d1000_05_mr098_r10_60.uai
java -Xmx64g -cp /mnt/beegfs/rcabanas/credici/target/credici-0.1.3-jar-with-dependencies.jar /mnt/beegfs/rcabanas/credici/papers/clear23/code/LearnIntegratingData.java -w -cc -x 100 -m 500 -sc KL -th 0.0 --seed 0 --output /mnt/beegfs/rcabanas/credici/papers/clear23/output/synthetic/s1 /mnt/beegfs/rcabanas/credici/papers/clear23/models/synthetic/s1/random_mc2_n6_mid3_d1000_05_mr098_r10_70.uai
run java
/mnt/beegfs/rcabanas/credici/papers/clear23/code/LearnIntegratingData.java
run java
java -Xmx64g -cp /mnt/beegfs/rcabanas/credici/target/credici-0.1.3-jar-with-dependencies.jar /mnt/beegfs/rcabanas/credici/papers/clear23/code/LearnIntegratingData.java -w -cc -x 100 -m 500 -sc KL -th 0.0 --seed 0 --output /mnt/beegfs/rcabanas/credici/papers/clear23/output/synthetic/s1 /mnt/beegfs/rcabanas/credici/papers/clear23/models/synthetic/s1/random_mc2_n6_mid3_d1000_05_mr098_r10_63.uai
java -Xmx64g -cp /mnt/beegfs/rcabanas/credici/target/credici-0.1.3-jar-with-dependencies.jar /mnt/beegfs/rcabanas/credici/papers/clear23/code/LearnIntegratingData.java -w -cc -x 100 -m 500 -sc KL -th 0.0 --seed 0 --output /mnt/beegfs/rcabanas/credici/papers/clear23/output/synthetic/s1 /mnt/beegfs/rcabanas/credici/papers/clear23/models/synthetic/s1/random_mc2_n7_mid3_d1000_05_mr098_r10_61.uai
/mnt/beegfs/rcabanas/credici/papers/clear23/code/LearnIntegratingData.java
run java
java -Xmx64g -cp /mnt/beegfs/rcabanas/credici/target/credici-0.1.3-jar-with-dependencies.jar /mnt/beegfs/rcabanas/credici/papers/clear23/code/LearnIntegratingData.java -w -x 100 -m 500 -sc KL -th 0.0 --seed 0 --output /mnt/beegfs/rcabanas/credici/papers/clear23/output/synthetic/s1 /mnt/beegfs/rcabanas/credici/papers/clear23/models/synthetic/s1/random_mc2_n6_mid3_d1000_05_mr098_r10_50.uai
/mnt/beegfs/rcabanas/credici/papers/clear23/code/LearnIntegratingData.java
run java
java -Xmx64g -cp /mnt/beegfs/rcabanas/credici/target/credici-0.1.3-jar-with-dependencies.jar /mnt/beegfs/rcabanas/credici/papers/clear23/code/LearnIntegratingData.java -w -x 100 -m 500 -sc KL -th 0.0 --seed 0 --output /mnt/beegfs/rcabanas/credici/papers/clear23/output/synthetic/s1 /mnt/beegfs/rcabanas/credici/papers/clear23/models/synthetic/s1/random_mc2_n5_mid3_d1000_05_mr098_r10_66.uai
/mnt/beegfs/rcabanas/credici/papers/clear23/code/LearnIntegratingData.java
run java
java -Xmx64g -cp /mnt/beegfs/rcabanas/credici/target/credici-0.1.3-jar-with-dependencies.jar /mnt/beegfs/rcabanas/credici/papers/clear23/code/LearnIntegratingData.java -w -x 100 -m 500 -sc KL -th 0.0 --seed 0 --output /mnt/beegfs/rcabanas/credici/papers/clear23/output/synthetic/s1 /mnt/beegfs/rcabanas/credici/papers/clear23/models/synthetic/s1/random_mc2_n7_mid3_d1000_05_mr098_r10_53.uai
/mnt/beegfs/rcabanas/credici/papers/clear23/code/LearnIntegratingData.java
run java
java -Xmx64g -cp /mnt/beegfs/rcabanas/credici/target/credici-0.1.3-jar-with-dependencies.jar /mnt/beegfs/rcabanas/credici/papers/clear23/code/LearnIntegratingData.java -w -x 100 -m 500 -sc KL -th 0.0 --seed 0 --output /mnt/beegfs/rcabanas/credici/papers/clear23/output/synthetic/s1 /mnt/beegfs/rcabanas/credici/papers/clear23/models/synthetic/s1/random_mc2_n8_mid3_d1000_05_mr098_r10_54.uai
/mnt/beegfs/rcabanas/credici/papers/clear23/code/LearnIntegratingData.java
run java
java -Xmx64g -cp /mnt/beegfs/rcabanas/credici/target/credici-0.1.3-jar-with-dependencies.jar /mnt/beegfs/rcabanas/credici/papers/clear23/code/LearnIntegratingData.java -w -x 100 -m 500 -sc KL -th 0.0 --seed 0 --output /mnt/beegfs/rcabanas/credici/papers/clear23/output/synthetic/s1 /mnt/beegfs/rcabanas/credici/papers/clear23/models/synthetic/s1/random_mc2_n5_mid3_d1000_05_mr098_r10_73.uai
/mnt/beegfs/rcabanas/credici/papers/clear23/code/LearnIntegratingData.java
run java
java -Xmx64g -cp /mnt/beegfs/rcabanas/credici/target/credici-0.1.3-jar-with-dependencies.jar /mnt/beegfs/rcabanas/credici/papers/clear23/code/LearnIntegratingData.java -w -x 100 -m 500 -sc KL -th 0.0 --seed 0 --output /mnt/beegfs/rcabanas/credici/papers/clear23/output/synthetic/s1 /mnt/beegfs/rcabanas/credici/papers/clear23/models/synthetic/s1/random_mc2_n6_mid3_d1000_05_mr098_r10_64.uai
/mnt/beegfs/rcabanas/credici/papers/clear23/code/LearnIntegratingData.java
run java
java -Xmx64g -cp /mnt/beegfs/rcabanas/credici/target/credici-0.1.3-jar-with-dependencies.jar /mnt/beegfs/rcabanas/credici/papers/clear23/code/LearnIntegratingData.java -w -x 100 -m 500 -sc KL -th 0.0 --seed 0 --output /mnt/beegfs/rcabanas/credici/papers/clear23/output/synthetic/s1 /mnt/beegfs/rcabanas/credici/papers/clear23/models/synthetic/s1/random_mc2_n7_mid3_d1000_05_mr098_r10_65.uai
/mnt/beegfs/rcabanas/credici/papers/clear23/code/LearnIntegratingData.java
run java
java -Xmx64g -cp /mnt/beegfs/rcabanas/credici/target/credici-0.1.3-jar-with-dependencies.jar /mnt/beegfs/rcabanas/credici/papers/clear23/code/LearnIntegratingData.java -w -x 100 -m 500 -sc KL -th 0.0 --seed 0 --output /mnt/beegfs/rcabanas/credici/papers/clear23/output/synthetic/s1 /mnt/beegfs/rcabanas/credici/papers/clear23/models/synthetic/s1/random_mc2_n10_mid3_d1000_05_mr098_r10_72.uai
/mnt/beegfs/rcabanas/credici/papers/clear23/code/LearnIntegratingData.java
run java
java -Xmx64g -cp /mnt/beegfs/rcabanas/credici/target/credici-0.1.3-jar-with-dependencies.jar /mnt/beegfs/rcabanas/credici/papers/clear23/code/LearnIntegratingData.java -w -x 100 -m 500 -sc KL -th 0.0 --seed 0 --output /mnt/beegfs/rcabanas/credici/papers/clear23/output/synthetic/s1 /mnt/beegfs/rcabanas/credici/papers/clear23/models/synthetic/s1/random_mc2_n6_mid3_d1000_05_mr098_r10_70.uai
/mnt/beegfs/rcabanas/credici/papers/clear23/code/LearnIntegratingData.java
run java
java -Xmx64g -cp /mnt/beegfs/rcabanas/credici/target/credici-0.1.3-jar-with-dependencies.jar /mnt/beegfs/rcabanas/credici/papers/clear23/code/LearnIntegratingData.java -w -x 100 -m 500 -sc KL -th 0.0 --seed 0 --output /mnt/beegfs/rcabanas/credici/papers/clear23/output/synthetic/s1 /mnt/beegfs/rcabanas/credici/papers/clear23/models/synthetic/s1/random_mc2_n8_mid3_d1000_05_mr098_r10_52.uai
/mnt/beegfs/rcabanas/credici/papers/clear23/code/LearnIntegratingData.java
run java
java -Xmx64g -cp /mnt/beegfs/rcabanas/credici/target/credici-0.1.3-jar-with-dependencies.jar /mnt/beegfs/rcabanas/credici/papers/clear23/code/LearnIntegratingData.java -w -x 100 -m 500 -sc KL -th 0.0 --seed 0 --output /mnt/beegfs/rcabanas/credici/papers/clear23/output/synthetic/s1 /mnt/beegfs/rcabanas/credici/papers/clear23/models/synthetic/s1/random_mc2_n10_mid3_d1000_05_mr098_r10_75.uai
/mnt/beegfs/rcabanas/credici/papers/clear23/code/LearnIntegratingData.java
run java
java -Xmx64g -cp /mnt/beegfs/rcabanas/credici/target/credici-0.1.3-jar-with-dependencies.jar /mnt/beegfs/rcabanas/credici/papers/clear23/code/LearnIntegratingData.java -w -x 100 -m 500 -sc KL -th 0.0 --seed 0 --output /mnt/beegfs/rcabanas/credici/papers/clear23/output/synthetic/s1 /mnt/beegfs/rcabanas/credici/papers/clear23/models/synthetic/s1/random_mc2_n8_mid3_d1000_05_mr098_r10_69.uai
/mnt/beegfs/rcabanas/credici/papers/clear23/code/LearnIntegratingData.java
run java
java -Xmx64g -cp /mnt/beegfs/rcabanas/credici/target/credici-0.1.3-jar-with-dependencies.jar /mnt/beegfs/rcabanas/credici/papers/clear23/code/LearnIntegratingData.java -w -x 100 -m 500 -sc KL -th 0.0 --seed 0 --output /mnt/beegfs/rcabanas/credici/papers/clear23/output/synthetic/s1 /mnt/beegfs/rcabanas/credici/papers/clear23/models/synthetic/s1/random_mc2_n6_mid3_d1000_05_mr098_r10_57.uai
/mnt/beegfs/rcabanas/credici/papers/clear23/code/LearnIntegratingData.java
run java
java -Xmx64g -cp /mnt/beegfs/rcabanas/credici/target/credici-0.1.3-jar-with-dependencies.jar /mnt/beegfs/rcabanas/credici/papers/clear23/code/LearnIntegratingData.java -w -x 100 -m 500 -sc KL -th 0.0 --seed 0 --output /mnt/beegfs/rcabanas/credici/papers/clear23/output/synthetic/s1 /mnt/beegfs/rcabanas/credici/papers/clear23/models/synthetic/s1/random_mc2_n11_mid3_d1000_05_mr098_r10_74.uai
/mnt/beegfs/rcabanas/credici/papers/clear23/code/LearnIntegratingData.java
run java
java -Xmx64g -cp /mnt/beegfs/rcabanas/credici/target/credici-0.1.3-jar-with-dependencies.jar /mnt/beegfs/rcabanas/credici/papers/clear23/code/LearnIntegratingData.java -w -x 100 -m 500 -sc KL -th 0.0 --seed 0 --output /mnt/beegfs/rcabanas/credici/papers/clear23/output/synthetic/s1 /mnt/beegfs/rcabanas/credici/papers/clear23/models/synthetic/s1/random_mc2_n7_mid3_d1000_05_mr098_r10_59.uai
/mnt/beegfs/rcabanas/credici/papers/clear23/code/LearnIntegratingData.java
run java
java -Xmx64g -cp /mnt/beegfs/rcabanas/credici/target/credici-0.1.3-jar-with-dependencies.jar /mnt/beegfs/rcabanas/credici/papers/clear23/code/LearnIntegratingData.java -w -x 100 -m 500 -sc KL -th 0.0 --seed 0 --output /mnt/beegfs/rcabanas/credici/papers/clear23/output/synthetic/s1 /mnt/beegfs/rcabanas/credici/papers/clear23/models/synthetic/s1/random_mc2_n5_mid3_d1000_05_mr098_r10_60.uai
/mnt/beegfs/rcabanas/credici/papers/clear23/code/LearnIntegratingData.java
run java
java -Xmx64g -cp /mnt/beegfs/rcabanas/credici/target/credici-0.1.3-jar-with-dependencies.jar /mnt/beegfs/rcabanas/credici/papers/clear23/code/LearnIntegratingData.java -w -x 100 -m 500 -sc KL -th 0.0 --seed 0 --output /mnt/beegfs/rcabanas/credici/papers/clear23/output/synthetic/s1 /mnt/beegfs/rcabanas/credici/papers/clear23/models/synthetic/s1/random_mc2_n5_mid3_d1000_05_mr098_r10_67.uai
/mnt/beegfs/rcabanas/credici/papers/clear23/code/LearnIntegratingData.java
run java
java -Xmx64g -cp /mnt/beegfs/rcabanas/credici/target/credici-0.1.3-jar-with-dependencies.jar /mnt/beegfs/rcabanas/credici/papers/clear23/code/LearnIntegratingData.java -w -x 100 -m 500 -sc KL -th 0.0 --seed 0 --output /mnt/beegfs/rcabanas/credici/papers/clear23/output/synthetic/s1 /mnt/beegfs/rcabanas/credici/papers/clear23/models/synthetic/s1/random_mc2_n6_mid3_d1000_05_mr098_r10_62.uai
/mnt/beegfs/rcabanas/credici/papers/clear23/code/LearnIntegratingData.java
run java
java -Xmx64g -cp /mnt/beegfs/rcabanas/credici/target/credici-0.1.3-jar-with-dependencies.jar /mnt/beegfs/rcabanas/credici/papers/clear23/code/LearnIntegratingData.java -w -x 100 -m 500 -sc KL -th 0.0 --seed 0 --output /mnt/beegfs/rcabanas/credici/papers/clear23/output/synthetic/s1 /mnt/beegfs/rcabanas/credici/papers/clear23/models/synthetic/s1/random_mc2_n5_mid3_d1000_05_mr098_r10_51.uai
/mnt/beegfs/rcabanas/credici/papers/clear23/code/LearnIntegratingData.java
run java
java -Xmx64g -cp /mnt/beegfs/rcabanas/credici/target/credici-0.1.3-jar-with-dependencies.jar /mnt/beegfs/rcabanas/credici/papers/clear23/code/LearnIntegratingData.java -w -x 100 -m 500 -sc KL -th 0.0 --seed 0 --output /mnt/beegfs/rcabanas/credici/papers/clear23/output/synthetic/s1 /mnt/beegfs/rcabanas/credici/papers/clear23/models/synthetic/s1/random_mc2_n5_mid3_d1000_05_mr098_r10_58.uai
/mnt/beegfs/rcabanas/credici/papers/clear23/code/LearnIntegratingData.java
run java
java -Xmx64g -cp /mnt/beegfs/rcabanas/credici/target/credici-0.1.3-jar-with-dependencies.jar /mnt/beegfs/rcabanas/credici/papers/clear23/code/LearnIntegratingData.java -w -x 100 -m 500 -sc KL -th 0.0 --seed 0 --output /mnt/beegfs/rcabanas/credici/papers/clear23/output/synthetic/s1 /mnt/beegfs/rcabanas/credici/papers/clear23/models/synthetic/s1/random_mc2_n9_mid3_d1000_05_mr098_r10_56.uai
/mnt/beegfs/rcabanas/credici/papers/clear23/code/LearnIntegratingData.java
run java
java -Xmx64g -cp /mnt/beegfs/rcabanas/credici/target/credici-0.1.3-jar-with-dependencies.jar /mnt/beegfs/rcabanas/credici/papers/clear23/code/LearnIntegratingData.java -w -x 100 -m 500 -sc KL -th 0.0 --seed 0 --output /mnt/beegfs/rcabanas/credici/papers/clear23/output/synthetic/s1 /mnt/beegfs/rcabanas/credici/papers/clear23/models/synthetic/s1/random_mc2_n11_mid3_d1000_05_mr098_r10_55.uai
/mnt/beegfs/rcabanas/credici/papers/clear23/code/LearnIntegratingData.java
run java
java -Xmx64g -cp /mnt/beegfs/rcabanas/credici/target/credici-0.1.3-jar-with-dependencies.jar /mnt/beegfs/rcabanas/credici/papers/clear23/code/LearnIntegratingData.java -w -x 100 -m 500 -sc KL -th 0.0 --seed 0 --output /mnt/beegfs/rcabanas/credici/papers/clear23/output/synthetic/s1 /mnt/beegfs/rcabanas/credici/papers/clear23/models/synthetic/s1/random_mc2_n6_mid3_d1000_05_mr098_r10_63.uai
/mnt/beegfs/rcabanas/credici/papers/clear23/code/LearnIntegratingData.java
run java
java -Xmx64g -cp /mnt/beegfs/rcabanas/credici/target/credici-0.1.3-jar-with-dependencies.jar /mnt/beegfs/rcabanas/credici/papers/clear23/code/LearnIntegratingData.java -w -x 100 -m 500 -sc KL -th 0.0 --seed 0 --output /mnt/beegfs/rcabanas/credici/papers/clear23/output/synthetic/s1 /mnt/beegfs/rcabanas/credici/papers/clear23/models/synthetic/s1/random_mc2_n7_mid3_d1000_05_mr098_r10_61.uai
/mnt/beegfs/rcabanas/credici/papers/clear23/code/LearnIntegratingData.java
run java
java -Xmx64g -cp /mnt/beegfs/rcabanas/credici/target/credici-0.1.3-jar-with-dependencies.jar /mnt/beegfs/rcabanas/credici/papers/clear23/code/LearnIntegratingData.java -w -x 100 -m 500 -sc KL -th 0.0 --seed 0 --output /mnt/beegfs/rcabanas/credici/papers/clear23/output/synthetic/s1 /mnt/beegfs/rcabanas/credici/papers/clear23/models/synthetic/s1/random_mc2_n6_mid3_d1000_05_mr098_r10_68.uai
/mnt/beegfs/rcabanas/credici/papers/clear23/code/LearnIntegratingData.java
run java
java -Xmx64g -cp /mnt/beegfs/rcabanas/credici/target/credici-0.1.3-jar-with-dependencies.jar /mnt/beegfs/rcabanas/credici/papers/clear23/code/LearnIntegratingData.java -w -cc -x 100 -m 500 -sc KL -th 0.0 --seed 0 --output /mnt/beegfs/rcabanas/credici/papers/clear23/output/synthetic/s1 /mnt/beegfs/rcabanas/credici/papers/clear23/models/synthetic/s1/random_mc2_n8_mid3_d1000_05_mr098_r10_50.uai
/mnt/beegfs/rcabanas/credici/papers/clear23/code/LearnIntegratingData.java
run java
java -Xmx64g -cp /mnt/beegfs/rcabanas/credici/target/credici-0.1.3-jar-with-dependencies.jar /mnt/beegfs/rcabanas/credici/papers/clear23/code/LearnIntegratingData.java -w -cc -x 100 -m 500 -sc KL -th 0.0 --seed 0 --output /mnt/beegfs/rcabanas/credici/papers/clear23/output/synthetic/s1 /mnt/beegfs/rcabanas/credici/papers/clear23/models/synthetic/s1/random_mc2_n6_mid3_d1000_05_mr098_r10_66.uai
/mnt/beegfs/rcabanas/credici/papers/clear23/code/LearnIntegratingData.java
run java
java -Xmx64g -cp /mnt/beegfs/rcabanas/credici/target/credici-0.1.3-jar-with-dependencies.jar /mnt/beegfs/rcabanas/credici/papers/clear23/code/LearnIntegratingData.java -w -cc -x 100 -m 500 -sc KL -th 0.0 --seed 0 --output /mnt/beegfs/rcabanas/credici/papers/clear23/output/synthetic/s1 /mnt/beegfs/rcabanas/credici/papers/clear23/models/synthetic/s1/random_mc2_n6_mid3_d1000_05_mr098_r10_75.uai
/mnt/beegfs/rcabanas/credici/papers/clear23/code/LearnIntegratingData.java
run java
java -Xmx64g -cp /mnt/beegfs/rcabanas/credici/target/credici-0.1.3-jar-with-dependencies.jar /mnt/beegfs/rcabanas/credici/papers/clear23/code/LearnIntegratingData.java -w -cc -x 100 -m 500 -sc KL -th 0.0 --seed 0 --output /mnt/beegfs/rcabanas/credici/papers/clear23/output/synthetic/s1 /mnt/beegfs/rcabanas/credici/papers/clear23/models/synthetic/s1/random_mc2_n6_mid3_d1000_05_mr098_r10_52.uai
/mnt/beegfs/rcabanas/credici/papers/clear23/code/LearnIntegratingData.java
run java
java -Xmx64g -cp /mnt/beegfs/rcabanas/credici/target/credici-0.1.3-jar-with-dependencies.jar /mnt/beegfs/rcabanas/credici/papers/clear23/code/LearnIntegratingData.java -w -cc -x 100 -m 500 -sc KL -th 0.0 --seed 0 --output /mnt/beegfs/rcabanas/credici/papers/clear23/output/synthetic/s1 /mnt/beegfs/rcabanas/credici/papers/clear23/models/synthetic/s1/random_mc2_n6_mid3_d1000_05_mr098_r10_65.uai
/mnt/beegfs/rcabanas/credici/papers/clear23/code/LearnIntegratingData.java
run java
java -Xmx64g -cp /mnt/beegfs/rcabanas/credici/target/credici-0.1.3-jar-with-dependencies.jar /mnt/beegfs/rcabanas/credici/papers/clear23/code/LearnIntegratingData.java -w -cc -x 100 -m 500 -sc KL -th 0.0 --seed 0 --output /mnt/beegfs/rcabanas/credici/papers/clear23/output/synthetic/s1 /mnt/beegfs/rcabanas/credici/papers/clear23/models/synthetic/s1/random_mc2_n8_mid3_d1000_05_mr098_r10_64.uai
/mnt/beegfs/rcabanas/credici/papers/clear23/code/LearnIntegratingData.java
run java
java -Xmx64g -cp /mnt/beegfs/rcabanas/credici/target/credici-0.1.3-jar-with-dependencies.jar /mnt/beegfs/rcabanas/credici/papers/clear23/code/LearnIntegratingData.java -w -cc -x 100 -m 500 -sc KL -th 0.0 --seed 0 --output /mnt/beegfs/rcabanas/credici/papers/clear23/output/synthetic/s1 /mnt/beegfs/rcabanas/credici/papers/clear23/models/synthetic/s1/random_mc2_n6_mid3_d1000_05_mr098_r10_73.uai
/mnt/beegfs/rcabanas/credici/papers/clear23/code/LearnIntegratingData.java
run java
java -Xmx64g -cp /mnt/beegfs/rcabanas/credici/target/credici-0.1.3-jar-with-dependencies.jar /mnt/beegfs/rcabanas/credici/papers/clear23/code/LearnIntegratingData.java -w -cc -x 100 -m 500 -sc KL -th 0.0 --seed 0 --output /mnt/beegfs/rcabanas/credici/papers/clear23/output/synthetic/s1 /mnt/beegfs/rcabanas/credici/papers/clear23/models/synthetic/s1/random_mc2_n5_mid3_d1000_05_mr098_r10_53.uai
/mnt/beegfs/rcabanas/credici/papers/clear23/code/LearnIntegratingData.java
run java
java -Xmx64g -cp /mnt/beegfs/rcabanas/credici/target/credici-0.1.3-jar-with-dependencies.jar /mnt/beegfs/rcabanas/credici/papers/clear23/code/LearnIntegratingData.java -w -cc -x 100 -m 500 -sc KL -th 0.0 --seed 0 --output /mnt/beegfs/rcabanas/credici/papers/clear23/output/synthetic/s1 /mnt/beegfs/rcabanas/credici/papers/clear23/models/synthetic/s1/random_mc2_n5_mid3_d1000_05_mr098_r10_54.uai
/mnt/beegfs/rcabanas/credici/papers/clear23/code/LearnIntegratingData.java
run java
java -Xmx64g -cp /mnt/beegfs/rcabanas/credici/target/credici-0.1.3-jar-with-dependencies.jar /mnt/beegfs/rcabanas/credici/papers/clear23/code/LearnIntegratingData.java -w -cc -x 100 -m 500 -sc KL -th 0.0 --seed 0 --output /mnt/beegfs/rcabanas/credici/papers/clear23/output/synthetic/s1 /mnt/beegfs/rcabanas/credici/papers/clear23/models/synthetic/s1/random_mc2_n7_mid3_d1000_05_mr098_r10_62.uai
/mnt/beegfs/rcabanas/credici/papers/clear23/code/LearnIntegratingData.java
run java
java -Xmx64g -cp /mnt/beegfs/rcabanas/credici/target/credici-0.1.3-jar-with-dependencies.jar /mnt/beegfs/rcabanas/credici/papers/clear23/code/LearnIntegratingData.java -w -cc -x 100 -m 500 -sc KL -th 0.0 --seed 0 --output /mnt/beegfs/rcabanas/credici/papers/clear23/output/synthetic/s1 /mnt/beegfs/rcabanas/credici/papers/clear23/models/synthetic/s1/random_mc2_n9_mid3_d1000_05_mr098_r10_74.uai
/mnt/beegfs/rcabanas/credici/papers/clear23/code/LearnIntegratingData.java
run java
java -Xmx64g -cp /mnt/beegfs/rcabanas/credici/target/credici-0.1.3-jar-with-dependencies.jar /mnt/beegfs/rcabanas/credici/papers/clear23/code/LearnIntegratingData.java -w -cc -x 100 -m 500 -sc KL -th 0.0 --seed 0 --output /mnt/beegfs/rcabanas/credici/papers/clear23/output/synthetic/s1 /mnt/beegfs/rcabanas/credici/papers/clear23/models/synthetic/s1/random_mc2_n5_mid3_d1000_05_mr098_r10_57.uai
/mnt/beegfs/rcabanas/credici/papers/clear23/code/LearnIntegratingData.java
run java
java -Xmx64g -cp /mnt/beegfs/rcabanas/credici/target/credici-0.1.3-jar-with-dependencies.jar /mnt/beegfs/rcabanas/credici/papers/clear23/code/LearnIntegratingData.java -w -cc -x 100 -m 500 -sc KL -th 0.0 --seed 0 --output /mnt/beegfs/rcabanas/credici/papers/clear23/output/synthetic/s1 /mnt/beegfs/rcabanas/credici/papers/clear23/models/synthetic/s1/random_mc2_n5_mid3_d1000_05_mr098_r10_72.uai
/mnt/beegfs/rcabanas/credici/papers/clear23/code/LearnIntegratingData.java
run java
java -Xmx64g -cp /mnt/beegfs/rcabanas/credici/target/credici-0.1.3-jar-with-dependencies.jar /mnt/beegfs/rcabanas/credici/papers/clear23/code/LearnIntegratingData.java -w -cc -x 100 -m 500 -sc KL -th 0.0 --seed 0 --output /mnt/beegfs/rcabanas/credici/papers/clear23/output/synthetic/s1 /mnt/beegfs/rcabanas/credici/papers/clear23/models/synthetic/s1/random_mc2_n7_mid3_d1000_05_mr098_r10_70.uai
/mnt/beegfs/rcabanas/credici/papers/clear23/code/LearnIntegratingData.java
run java
java -Xmx64g -cp /mnt/beegfs/rcabanas/credici/target/credici-0.1.3-jar-with-dependencies.jar /mnt/beegfs/rcabanas/credici/papers/clear23/code/LearnIntegratingData.java -w -cc -x 100 -m 500 -sc KL -th 0.0 --seed 0 --output /mnt/beegfs/rcabanas/credici/papers/clear23/output/synthetic/s1 /mnt/beegfs/rcabanas/credici/papers/clear23/models/synthetic/s1/random_mc2_n9_mid3_d1000_05_mr098_r10_69.uai
/mnt/beegfs/rcabanas/credici/papers/clear23/code/LearnIntegratingData.java
run java
java -Xmx64g -cp /mnt/beegfs/rcabanas/credici/target/credici-0.1.3-jar-with-dependencies.jar /mnt/beegfs/rcabanas/credici/papers/clear23/code/LearnIntegratingData.java -w -cc -x 100 -m 500 -sc KL -th 0.0 --seed 0 --output /mnt/beegfs/rcabanas/credici/papers/clear23/output/synthetic/s1 /mnt/beegfs/rcabanas/credici/papers/clear23/models/synthetic/s1/random_mc2_n5_mid3_d1000_05_mr098_r10_63.uai
/mnt/beegfs/rcabanas/credici/papers/clear23/code/LearnIntegratingData.java
run java
java -Xmx64g -cp /mnt/beegfs/rcabanas/credici/target/credici-0.1.3-jar-with-dependencies.jar /mnt/beegfs/rcabanas/credici/papers/clear23/code/LearnIntegratingData.java -w -cc -x 100 -m 500 -sc KL -th 0.0 --seed 0 --output /mnt/beegfs/rcabanas/credici/papers/clear23/output/synthetic/s1 /mnt/beegfs/rcabanas/credici/papers/clear23/models/synthetic/s1/random_mc2_n6_mid3_d1000_05_mr098_r10_58.uai
/mnt/beegfs/rcabanas/credici/papers/clear23/code/LearnIntegratingData.java
run java
java -Xmx64g -cp /mnt/beegfs/rcabanas/credici/target/credici-0.1.3-jar-with-dependencies.jar /mnt/beegfs/rcabanas/credici/papers/clear23/code/LearnIntegratingData.java -w -cc -x 100 -m 500 -sc KL -th 0.0 --seed 0 --output /mnt/beegfs/rcabanas/credici/papers/clear23/output/synthetic/s1 /mnt/beegfs/rcabanas/credici/papers/clear23/models/synthetic/s1/random_mc2_n11_mid3_d1000_05_mr098_r10_51.uai
/mnt/beegfs/rcabanas/credici/papers/clear23/code/LearnIntegratingData.java
run java
java -Xmx64g -cp /mnt/beegfs/rcabanas/credici/target/credici-0.1.3-jar-with-dependencies.jar /mnt/beegfs/rcabanas/credici/papers/clear23/code/LearnIntegratingData.java -w -cc -x 100 -m 500 -sc KL -th 0.0 --seed 0 --output /mnt/beegfs/rcabanas/credici/papers/clear23/output/synthetic/s1 /mnt/beegfs/rcabanas/credici/papers/clear23/models/synthetic/s1/random_mc2_n7_mid3_d1000_05_mr098_r10_60.uai
/mnt/beegfs/rcabanas/credici/papers/clear23/code/LearnIntegratingData.java
run java
java -Xmx64g -cp /mnt/beegfs/rcabanas/credici/target/credici-0.1.3-jar-with-dependencies.jar /mnt/beegfs/rcabanas/credici/papers/clear23/code/LearnIntegratingData.java -w -cc -x 100 -m 500 -sc KL -th 0.0 --seed 0 --output /mnt/beegfs/rcabanas/credici/papers/clear23/output/synthetic/s1 /mnt/beegfs/rcabanas/credici/papers/clear23/models/synthetic/s1/random_mc2_n5_mid3_d1000_05_mr098_r10_55.uai
/mnt/beegfs/rcabanas/credici/papers/clear23/code/LearnIntegratingData.java
run java
java -Xmx64g -cp /mnt/beegfs/rcabanas/credici/target/credici-0.1.3-jar-with-dependencies.jar /mnt/beegfs/rcabanas/credici/papers/clear23/code/LearnIntegratingData.java -w -cc -x 100 -m 500 -sc KL -th 0.0 --seed 0 --output /mnt/beegfs/rcabanas/credici/papers/clear23/output/synthetic/s1 /mnt/beegfs/rcabanas/credici/papers/clear23/models/synthetic/s1/random_mc2_n7_mid3_d1000_05_mr098_r10_56.uai
/mnt/beegfs/rcabanas/credici/papers/clear23/code/LearnIntegratingData.java
run java
java -Xmx64g -cp /mnt/beegfs/rcabanas/credici/target/credici-0.1.3-jar-with-dependencies.jar /mnt/beegfs/rcabanas/credici/papers/clear23/code/LearnIntegratingData.java -w -cc -x 100 -m 500 -sc KL -th 0.0 --seed 0 --output /mnt/beegfs/rcabanas/credici/papers/clear23/output/synthetic/s1 /mnt/beegfs/rcabanas/credici/papers/clear23/models/synthetic/s1/random_mc2_n6_mid3_d1000_05_mr098_r10_67.uai
/mnt/beegfs/rcabanas/credici/papers/clear23/code/LearnIntegratingData.java
run java
java -Xmx64g -cp /mnt/beegfs/rcabanas/credici/target/credici-0.1.3-jar-with-dependencies.jar /mnt/beegfs/rcabanas/credici/papers/clear23/code/LearnIntegratingData.java -w -cc -x 100 -m 500 -sc KL -th 0.0 --seed 0 --output /mnt/beegfs/rcabanas/credici/papers/clear23/output/synthetic/s1 /mnt/beegfs/rcabanas/credici/papers/clear23/models/synthetic/s1/random_mc2_n5_mid3_d1000_05_mr098_r10_61.uai
/mnt/beegfs/rcabanas/credici/papers/clear23/code/LearnIntegratingData.java
run java
java -Xmx64g -cp /mnt/beegfs/rcabanas/credici/target/credici-0.1.3-jar-with-dependencies.jar /mnt/beegfs/rcabanas/credici/papers/clear23/code/LearnIntegratingData.java -w -cc -x 100 -m 500 -sc KL -th 0.0 --seed 0 --output /mnt/beegfs/rcabanas/credici/papers/clear23/output/synthetic/s1 /mnt/beegfs/rcabanas/credici/papers/clear23/models/synthetic/s1/random_mc2_n10_mid3_d1000_05_mr098_r10_68.uai
/mnt/beegfs/rcabanas/credici/papers/clear23/code/LearnIntegratingData.java
run java
java -Xmx64g -cp /mnt/beegfs/rcabanas/credici/target/credici-0.1.3-jar-with-dependencies.jar /mnt/beegfs/rcabanas/credici/papers/clear23/code/LearnIntegratingData.java -w -cc -x 100 -m 500 -sc KL -th 0.0 --seed 0 --output /mnt/beegfs/rcabanas/credici/papers/clear23/output/synthetic/s1 /mnt/beegfs/rcabanas/credici/papers/clear23/models/synthetic/s1/random_mc2_n9_mid3_d1000_05_mr098_r10_59.uai
/mnt/beegfs/rcabanas/credici/papers/clear23/code/LearnIntegratingData.java
run java
java -Xmx64g -cp /mnt/beegfs/rcabanas/credici/target/credici-0.1.3-jar-with-dependencies.jar /mnt/beegfs/rcabanas/credici/papers/clear23/code/LearnIntegratingData.java -w -x 100 -m 500 -sc KL -th 0.0 --seed 0 --output /mnt/beegfs/rcabanas/credici/papers/clear23/output/synthetic/s1 /mnt/beegfs/rcabanas/credici/papers/clear23/models/synthetic/s1/random_mc2_n8_mid3_d1000_05_mr098_r10_50.uai
/mnt/beegfs/rcabanas/credici/papers/clear23/code/LearnIntegratingData.java
run java
java -Xmx64g -cp /mnt/beegfs/rcabanas/credici/target/credici-0.1.3-jar-with-dependencies.jar /mnt/beegfs/rcabanas/credici/papers/clear23/code/LearnIntegratingData.java -w -x 100 -m 500 -sc KL -th 0.0 --seed 0 --output /mnt/beegfs/rcabanas/credici/papers/clear23/output/synthetic/s1 /mnt/beegfs/rcabanas/credici/papers/clear23/models/synthetic/s1/random_mc2_n6_mid3_d1000_05_mr098_r10_75.uai
/mnt/beegfs/rcabanas/credici/papers/clear23/code/LearnIntegratingData.java
run java
java -Xmx64g -cp /mnt/beegfs/rcabanas/credici/target/credici-0.1.3-jar-with-dependencies.jar /mnt/beegfs/rcabanas/credici/papers/clear23/code/LearnIntegratingData.java -w -x 100 -m 500 -sc KL -th 0.0 --seed 0 --output /mnt/beegfs/rcabanas/credici/papers/clear23/output/synthetic/s1 /mnt/beegfs/rcabanas/credici/papers/clear23/models/synthetic/s1/random_mc2_n6_mid3_d1000_05_mr098_r10_65.uai
/mnt/beegfs/rcabanas/credici/papers/clear23/code/LearnIntegratingData.java
run java
java -Xmx64g -cp /mnt/beegfs/rcabanas/credici/target/credici-0.1.3-jar-with-dependencies.jar /mnt/beegfs/rcabanas/credici/papers/clear23/code/LearnIntegratingData.java -w -x 100 -m 500 -sc KL -th 0.0 --seed 0 --output /mnt/beegfs/rcabanas/credici/papers/clear23/output/synthetic/s1 /mnt/beegfs/rcabanas/credici/papers/clear23/models/synthetic/s1/random_mc2_n8_mid3_d1000_05_mr098_r10_64.uai
/mnt/beegfs/rcabanas/credici/papers/clear23/code/LearnIntegratingData.java
run java
java -Xmx64g -cp /mnt/beegfs/rcabanas/credici/target/credici-0.1.3-jar-with-dependencies.jar /mnt/beegfs/rcabanas/credici/papers/clear23/code/LearnIntegratingData.java -w -x 100 -m 500 -sc KL -th 0.0 --seed 0 --output /mnt/beegfs/rcabanas/credici/papers/clear23/output/synthetic/s1 /mnt/beegfs/rcabanas/credici/papers/clear23/models/synthetic/s1/random_mc2_n6_mid3_d1000_05_mr098_r10_73.uai
/mnt/beegfs/rcabanas/credici/papers/clear23/code/LearnIntegratingData.java
run java
java -Xmx64g -cp /mnt/beegfs/rcabanas/credici/target/credici-0.1.3-jar-with-dependencies.jar /mnt/beegfs/rcabanas/credici/papers/clear23/code/LearnIntegratingData.java -w -x 100 -m 500 -sc KL -th 0.0 --seed 0 --output /mnt/beegfs/rcabanas/credici/papers/clear23/output/synthetic/s1 /mnt/beegfs/rcabanas/credici/papers/clear23/models/synthetic/s1/random_mc2_n6_mid3_d1000_05_mr098_r10_66.uai
/mnt/beegfs/rcabanas/credici/papers/clear23/code/LearnIntegratingData.java
run java
java -Xmx64g -cp /mnt/beegfs/rcabanas/credici/target/credici-0.1.3-jar-with-dependencies.jar /mnt/beegfs/rcabanas/credici/papers/clear23/code/LearnIntegratingData.java -w -x 100 -m 500 -sc KL -th 0.0 --seed 0 --output /mnt/beegfs/rcabanas/credici/papers/clear23/output/synthetic/s1 /mnt/beegfs/rcabanas/credici/papers/clear23/models/synthetic/s1/random_mc2_n6_mid3_d1000_05_mr098_r10_52.uai
/mnt/beegfs/rcabanas/credici/papers/clear23/code/LearnIntegratingData.java
run java
java -Xmx64g -cp /mnt/beegfs/rcabanas/credici/target/credici-0.1.3-jar-with-dependencies.jar /mnt/beegfs/rcabanas/credici/papers/clear23/code/LearnIntegratingData.java -w -x 100 -m 500 -sc KL -th 0.0 --seed 0 --output /mnt/beegfs/rcabanas/credici/papers/clear23/output/synthetic/s1 /mnt/beegfs/rcabanas/credici/papers/clear23/models/synthetic/s1/random_mc2_n5_mid3_d1000_05_mr098_r10_53.uai
/mnt/beegfs/rcabanas/credici/papers/clear23/code/LearnIntegratingData.java
run java
java -Xmx64g -cp /mnt/beegfs/rcabanas/credici/target/credici-0.1.3-jar-with-dependencies.jar /mnt/beegfs/rcabanas/credici/papers/clear23/code/LearnIntegratingData.java -w -x 100 -m 500 -sc KL -th 0.0 --seed 0 --output /mnt/beegfs/rcabanas/credici/papers/clear23/output/synthetic/s1 /mnt/beegfs/rcabanas/credici/papers/clear23/models/synthetic/s1/random_mc2_n9_mid3_d1000_05_mr098_r10_74.uai
/mnt/beegfs/rcabanas/credici/papers/clear23/code/LearnIntegratingData.java
/mnt/beegfs/rcabanas/credici/papers/clear23/code/LearnIntegratingData.java
run java
run java
java -Xmx64g -cp /mnt/beegfs/rcabanas/credici/target/credici-0.1.3-jar-with-dependencies.jar /mnt/beegfs/rcabanas/credici/papers/clear23/code/LearnIntegratingData.java -w -x 100 -m 500 -sc KL -th 0.0 --seed 0 --output /mnt/beegfs/rcabanas/credici/papers/clear23/output/synthetic/s1 /mnt/beegfs/rcabanas/credici/papers/clear23/models/synthetic/s1/random_mc2_n5_mid3_d1000_05_mr098_r10_72.uai
/mnt/beegfs/rcabanas/credici/papers/clear23/code/LearnIntegratingData.java
run java
java -Xmx64g -cp /mnt/beegfs/rcabanas/credici/target/credici-0.1.3-jar-with-dependencies.jar /mnt/beegfs/rcabanas/credici/papers/clear23/code/LearnIntegratingData.java -w -x 100 -m 500 -sc KL -th 0.0 --seed 0 --output /mnt/beegfs/rcabanas/credici/papers/clear23/output/synthetic/s1 /mnt/beegfs/rcabanas/credici/papers/clear23/models/synthetic/s1/random_mc2_n7_mid3_d1000_05_mr098_r10_60.uai
java -Xmx64g -cp /mnt/beegfs/rcabanas/credici/target/credici-0.1.3-jar-with-dependencies.jar /mnt/beegfs/rcabanas/credici/papers/clear23/code/LearnIntegratingData.java -w -x 100 -m 500 -sc KL -th 0.0 --seed 0 --output /mnt/beegfs/rcabanas/credici/papers/clear23/output/synthetic/s1 /mnt/beegfs/rcabanas/credici/papers/clear23/models/synthetic/s1/random_mc2_n11_mid3_d1000_05_mr098_r10_51.uai
/mnt/beegfs/rcabanas/credici/papers/clear23/code/LearnIntegratingData.java
run java
java -Xmx64g -cp /mnt/beegfs/rcabanas/credici/target/credici-0.1.3-jar-with-dependencies.jar /mnt/beegfs/rcabanas/credici/papers/clear23/code/LearnIntegratingData.java -w -x 100 -m 500 -sc KL -th 0.0 --seed 0 --output /mnt/beegfs/rcabanas/credici/papers/clear23/output/synthetic/s1 /mnt/beegfs/rcabanas/credici/papers/clear23/models/synthetic/s1/random_mc2_n5_mid3_d1000_05_mr098_r10_54.uai
/mnt/beegfs/rcabanas/credici/papers/clear23/code/LearnIntegratingData.java
run java
java -Xmx64g -cp /mnt/beegfs/rcabanas/credici/target/credici-0.1.3-jar-with-dependencies.jar /mnt/beegfs/rcabanas/credici/papers/clear23/code/LearnIntegratingData.java -w -x 100 -m 500 -sc KL -th 0.0 --seed 0 --output /mnt/beegfs/rcabanas/credici/papers/clear23/output/synthetic/s1 /mnt/beegfs/rcabanas/credici/papers/clear23/models/synthetic/s1/random_mc2_n9_mid3_d1000_05_mr098_r10_69.uai
/mnt/beegfs/rcabanas/credici/papers/clear23/code/LearnIntegratingData.java
run java
/mnt/beegfs/rcabanas/credici/papers/clear23/code/LearnIntegratingData.java
run java
java -Xmx64g -cp /mnt/beegfs/rcabanas/credici/target/credici-0.1.3-jar-with-dependencies.jar /mnt/beegfs/rcabanas/credici/papers/clear23/code/LearnIntegratingData.java -w -x 100 -m 500 -sc KL -th 0.0 --seed 0 --output /mnt/beegfs/rcabanas/credici/papers/clear23/output/synthetic/s1 /mnt/beegfs/rcabanas/credici/papers/clear23/models/synthetic/s1/random_mc2_n7_mid3_d1000_05_mr098_r10_62.uai
java -Xmx64g -cp /mnt/beegfs/rcabanas/credici/target/credici-0.1.3-jar-with-dependencies.jar /mnt/beegfs/rcabanas/credici/papers/clear23/code/LearnIntegratingData.java -w -x 100 -m 500 -sc KL -th 0.0 --seed 0 --output /mnt/beegfs/rcabanas/credici/papers/clear23/output/synthetic/s1 /mnt/beegfs/rcabanas/credici/papers/clear23/models/synthetic/s1/random_mc2_n6_mid3_d1000_05_mr098_r10_58.uai
/mnt/beegfs/rcabanas/credici/papers/clear23/code/LearnIntegratingData.java
run java
java -Xmx64g -cp /mnt/beegfs/rcabanas/credici/target/credici-0.1.3-jar-with-dependencies.jar /mnt/beegfs/rcabanas/credici/papers/clear23/code/LearnIntegratingData.java -w -x 100 -m 500 -sc KL -th 0.0 --seed 0 --output /mnt/beegfs/rcabanas/credici/papers/clear23/output/synthetic/s1 /mnt/beegfs/rcabanas/credici/papers/clear23/models/synthetic/s1/random_mc2_n7_mid3_d1000_05_mr098_r10_70.uai
/mnt/beegfs/rcabanas/credici/papers/clear23/code/LearnIntegratingData.java
run java
java -Xmx64g -cp /mnt/beegfs/rcabanas/credici/target/credici-0.1.3-jar-with-dependencies.jar /mnt/beegfs/rcabanas/credici/papers/clear23/code/LearnIntegratingData.java -w -x 100 -m 500 -sc KL -th 0.0 --seed 0 --output /mnt/beegfs/rcabanas/credici/papers/clear23/output/synthetic/s1 /mnt/beegfs/rcabanas/credici/papers/clear23/models/synthetic/s1/random_mc2_n5_mid3_d1000_05_mr098_r10_63.uai
/mnt/beegfs/rcabanas/credici/papers/clear23/code/LearnIntegratingData.java
run java
java -Xmx64g -cp /mnt/beegfs/rcabanas/credici/target/credici-0.1.3-jar-with-dependencies.jar /mnt/beegfs/rcabanas/credici/papers/clear23/code/LearnIntegratingData.java -w -x 100 -m 500 -sc KL -th 0.0 --seed 0 --output /mnt/beegfs/rcabanas/credici/papers/clear23/output/synthetic/s1 /mnt/beegfs/rcabanas/credici/papers/clear23/models/synthetic/s1/random_mc2_n5_mid3_d1000_05_mr098_r10_57.uai
/mnt/beegfs/rcabanas/credici/papers/clear23/code/LearnIntegratingData.java
run java
java -Xmx64g -cp /mnt/beegfs/rcabanas/credici/target/credici-0.1.3-jar-with-dependencies.jar /mnt/beegfs/rcabanas/credici/papers/clear23/code/LearnIntegratingData.java -w -x 100 -m 500 -sc KL -th 0.0 --seed 0 --output /mnt/beegfs/rcabanas/credici/papers/clear23/output/synthetic/s1 /mnt/beegfs/rcabanas/credici/papers/clear23/models/synthetic/s1/random_mc2_n6_mid3_d1000_05_mr098_r10_67.uai
/mnt/beegfs/rcabanas/credici/papers/clear23/code/LearnIntegratingData.java
run java
java -Xmx64g -cp /mnt/beegfs/rcabanas/credici/target/credici-0.1.3-jar-with-dependencies.jar /mnt/beegfs/rcabanas/credici/papers/clear23/code/LearnIntegratingData.java -w -x 100 -m 500 -sc KL -th 0.0 --seed 0 --output /mnt/beegfs/rcabanas/credici/papers/clear23/output/synthetic/s1 /mnt/beegfs/rcabanas/credici/papers/clear23/models/synthetic/s1/random_mc2_n5_mid3_d1000_05_mr098_r10_55.uai
/mnt/beegfs/rcabanas/credici/papers/clear23/code/LearnIntegratingData.java
run java
java -Xmx64g -cp /mnt/beegfs/rcabanas/credici/target/credici-0.1.3-jar-with-dependencies.jar /mnt/beegfs/rcabanas/credici/papers/clear23/code/LearnIntegratingData.java -w -x 100 -m 500 -sc KL -th 0.0 --seed 0 --output /mnt/beegfs/rcabanas/credici/papers/clear23/output/synthetic/s1 /mnt/beegfs/rcabanas/credici/papers/clear23/models/synthetic/s1/random_mc2_n7_mid3_d1000_05_mr098_r10_56.uai
/mnt/beegfs/rcabanas/credici/papers/clear23/code/LearnIntegratingData.java
run java
java -Xmx64g -cp /mnt/beegfs/rcabanas/credici/target/credici-0.1.3-jar-with-dependencies.jar /mnt/beegfs/rcabanas/credici/papers/clear23/code/LearnIntegratingData.java -w -x 100 -m 500 -sc KL -th 0.0 --seed 0 --output /mnt/beegfs/rcabanas/credici/papers/clear23/output/synthetic/s1 /mnt/beegfs/rcabanas/credici/papers/clear23/models/synthetic/s1/random_mc2_n10_mid3_d1000_05_mr098_r10_68.uai
/mnt/beegfs/rcabanas/credici/papers/clear23/code/LearnIntegratingData.java
run java
java -Xmx64g -cp /mnt/beegfs/rcabanas/credici/target/credici-0.1.3-jar-with-dependencies.jar /mnt/beegfs/rcabanas/credici/papers/clear23/code/LearnIntegratingData.java -w -x 100 -m 500 -sc KL -th 0.0 --seed 0 --output /mnt/beegfs/rcabanas/credici/papers/clear23/output/synthetic/s1 /mnt/beegfs/rcabanas/credici/papers/clear23/models/synthetic/s1/random_mc2_n5_mid3_d1000_05_mr098_r10_61.uai
/mnt/beegfs/rcabanas/credici/papers/clear23/code/LearnIntegratingData.java
run java
java -Xmx64g -cp /mnt/beegfs/rcabanas/credici/target/credici-0.1.3-jar-with-dependencies.jar /mnt/beegfs/rcabanas/credici/papers/clear23/code/LearnIntegratingData.java -w -x 100 -m 500 -sc KL -th 0.0 --seed 0 --output /mnt/beegfs/rcabanas/credici/papers/clear23/output/synthetic/s1 /mnt/beegfs/rcabanas/credici/papers/clear23/models/synthetic/s1/random_mc2_n9_mid3_d1000_05_mr098_r10_59.uai
/mnt/beegfs/rcabanas/credici/papers/clear23/code/LearnIntegratingData.java
run java
java -Xmx64g -cp /mnt/beegfs/rcabanas/credici/target/credici-0.1.3-jar-with-dependencies.jar /mnt/beegfs/rcabanas/credici/papers/clear23/code/LearnIntegratingData.java -w -cc -x 100 -m 500 -sc KL -th 0.0 --seed 0 --output /mnt/beegfs/rcabanas/credici/papers/clear23/output/synthetic/s1 /mnt/beegfs/rcabanas/credici/papers/clear23/models/synthetic/s1/random_mc2_n5_mid3_d1000_05_mr098_r10_75.uai
/mnt/beegfs/rcabanas/credici/papers/clear23/code/LearnIntegratingData.java
run java
java -Xmx64g -cp /mnt/beegfs/rcabanas/credici/target/credici-0.1.3-jar-with-dependencies.jar /mnt/beegfs/rcabanas/credici/papers/clear23/code/LearnIntegratingData.java -w -cc -x 100 -m 500 -sc KL -th 0.0 --seed 0 --output /mnt/beegfs/rcabanas/credici/papers/clear23/output/synthetic/s1 /mnt/beegfs/rcabanas/credici/papers/clear23/models/synthetic/s1/random_mc2_n9_mid3_d1000_05_mr098_r10_73.uai
/mnt/beegfs/rcabanas/credici/papers/clear23/code/LearnIntegratingData.java
run java
java -Xmx64g -cp /mnt/beegfs/rcabanas/credici/target/credici-0.1.3-jar-with-dependencies.jar /mnt/beegfs/rcabanas/credici/papers/clear23/code/LearnIntegratingData.java -w -cc -x 100 -m 500 -sc KL -th 0.0 --seed 0 --output /mnt/beegfs/rcabanas/credici/papers/clear23/output/synthetic/s1 /mnt/beegfs/rcabanas/credici/papers/clear23/models/synthetic/s1/random_mc2_n9_mid3_d1000_05_mr098_r10_64.uai
/mnt/beegfs/rcabanas/credici/papers/clear23/code/LearnIntegratingData.java
run java
java -Xmx64g -cp /mnt/beegfs/rcabanas/credici/target/credici-0.1.3-jar-with-dependencies.jar /mnt/beegfs/rcabanas/credici/papers/clear23/code/LearnIntegratingData.java -w -cc -x 100 -m 500 -sc KL -th 0.0 --seed 0 --output /mnt/beegfs/rcabanas/credici/papers/clear23/output/synthetic/s1 /mnt/beegfs/rcabanas/credici/papers/clear23/models/synthetic/s1/random_mc2_n10_mid3_d1000_05_mr098_r10_52.uai
/mnt/beegfs/rcabanas/credici/papers/clear23/code/LearnIntegratingData.java
run java
java -Xmx64g -cp /mnt/beegfs/rcabanas/credici/target/credici-0.1.3-jar-with-dependencies.jar /mnt/beegfs/rcabanas/credici/papers/clear23/code/LearnIntegratingData.java -w -cc -x 100 -m 500 -sc KL -th 0.0 --seed 0 --output /mnt/beegfs/rcabanas/credici/papers/clear23/output/synthetic/s1 /mnt/beegfs/rcabanas/credici/papers/clear23/models/synthetic/s1/random_mc2_n8_mid3_d1000_05_mr098_r10_66.uai
['learnintegrate.py', '71', '0']
/mnt/beegfs/rcabanas/credici/papers/clear23/code/LearnIntegratingData.java
run java
java -Xmx64g -cp /mnt/beegfs/rcabanas/credici/target/credici-0.1.3-jar-with-dependencies.jar /mnt/beegfs/rcabanas/credici/papers/clear23/code/LearnIntegratingData.java -w -cc -x 100 -m 500 -sc KL -th 0.0 --seed 0 --output /mnt/beegfs/rcabanas/credici/papers/clear23/output/synthetic/s1 /mnt/beegfs/rcabanas/credici/papers/clear23/models/synthetic/s1/random_mc2_n5_mid3_d1000_05_mr098_r10_74.uai
/mnt/beegfs/rcabanas/credici/papers/clear23/code/LearnIntegratingData.java
run java
java -Xmx64g -cp /mnt/beegfs/rcabanas/credici/target/credici-0.1.3-jar-with-dependencies.jar /mnt/beegfs/rcabanas/credici/papers/clear23/code/LearnIntegratingData.java -w -cc -x 100 -m 500 -sc KL -th 0.0 --seed 0 --output /mnt/beegfs/rcabanas/credici/papers/clear23/output/synthetic/s1 /mnt/beegfs/rcabanas/credici/papers/clear23/models/synthetic/s1/random_mc2_n7_mid3_d1000_05_mr098_r10_69.uai
/mnt/beegfs/rcabanas/credici/papers/clear23/code/LearnIntegratingData.java
run java
java -Xmx64g -cp /mnt/beegfs/rcabanas/credici/target/credici-0.1.3-jar-with-dependencies.jar /mnt/beegfs/rcabanas/credici/papers/clear23/code/LearnIntegratingData.java -w -cc -x 100 -m 500 -sc KL -th 0.0 --seed 0 --output /mnt/beegfs/rcabanas/credici/papers/clear23/output/synthetic/s1 /mnt/beegfs/rcabanas/credici/papers/clear23/models/synthetic/s1/random_mc2_n7_mid3_d1000_05_mr098_r10_54.uai
/mnt/beegfs/rcabanas/credici/papers/clear23/code/LearnIntegratingData.java
run java
java -Xmx64g -cp /mnt/beegfs/rcabanas/credici/target/credici-0.1.3-jar-with-dependencies.jar /mnt/beegfs/rcabanas/credici/papers/clear23/code/LearnIntegratingData.java -w -cc -x 100 -m 500 -sc KL -th 0.0 --seed 0 --output /mnt/beegfs/rcabanas/credici/papers/clear23/output/synthetic/s1 /mnt/beegfs/rcabanas/credici/papers/clear23/models/synthetic/s1/random_mc2_n8_mid3_d1000_05_mr098_r10_70.uai
/mnt/beegfs/rcabanas/credici/papers/clear23/code/LearnIntegratingData.java
run java
java -Xmx64g -cp /mnt/beegfs/rcabanas/credici/target/credici-0.1.3-jar-with-dependencies.jar /mnt/beegfs/rcabanas/credici/papers/clear23/code/LearnIntegratingData.java -w -cc -x 100 -m 500 -sc KL -th 0.0 --seed 0 --output /mnt/beegfs/rcabanas/credici/papers/clear23/output/synthetic/s1 /mnt/beegfs/rcabanas/credici/papers/clear23/models/synthetic/s1/random_mc2_n10_mid3_d1000_05_mr098_r10_51.uai
Running learnintegrate.py
id=71
seed=0
/mnt/beegfs/rcabanas/credici
/mnt/beegfs/rcabanas/credici/papers/clear23
/mnt/beegfs/rcabanas/credici/papers/clear23/output
/mnt/beegfs/rcabanas/credici/papers/clear23/models
/mnt/beegfs/rcabanas/credici/target/credici-0.1.3-jar-with-dependencies.jar
['random_mc2_n7_mid3_d1000_05_mr098_r10_71.uai', 'random_mc2_n8_mid3_d1000_05_mr098_r10_71.uai', 'random_mc2_n6_mid3_d1000_05_mr098_r10_71.uai', 'random_mc2_n5_mid3_d1000_05_mr098_r10_71.uai']
4 models
/mnt/beegfs/rcabanas/credici/papers/clear23/code/LearnIntegratingData.java
run java
java -Xmx64g -cp /mnt/beegfs/rcabanas/credici/target/credici-0.1.3-jar-with-dependencies.jar /mnt/beegfs/rcabanas/credici/papers/clear23/code/LearnIntegratingData.java -w -cc -x 100 -m 500 -sc KL -th 0.0 --seed 0 --output /mnt/beegfs/rcabanas/credici/papers/clear23/output/synthetic/s1 /mnt/beegfs/rcabanas/credici/papers/clear23/models/synthetic/s1/random_mc2_n7_mid3_d1000_05_mr098_r10_71.uai
/mnt/beegfs/rcabanas/credici/papers/clear23/code/LearnIntegratingData.java
run java
java -Xmx64g -cp /mnt/beegfs/rcabanas/credici/target/credici-0.1.3-jar-with-dependencies.jar /mnt/beegfs/rcabanas/credici/papers/clear23/code/LearnIntegratingData.java -w -cc -x 100 -m 500 -sc KL -th 0.0 --seed 0 --output /mnt/beegfs/rcabanas/credici/papers/clear23/output/synthetic/s1 /mnt/beegfs/rcabanas/credici/papers/clear23/models/synthetic/s1/random_mc2_n6_mid3_d1000_05_mr098_r10_60.uai
/mnt/beegfs/rcabanas/credici/papers/clear23/code/LearnIntegratingData.java
run java
java -Xmx64g -cp /mnt/beegfs/rcabanas/credici/target/credici-0.1.3-jar-with-dependencies.jar /mnt/beegfs/rcabanas/credici/papers/clear23/code/LearnIntegratingData.java -w -cc -x 100 -m 500 -sc KL -th 0.0 --seed 0 --output /mnt/beegfs/rcabanas/credici/papers/clear23/output/synthetic/s1 /mnt/beegfs/rcabanas/credici/papers/clear23/models/synthetic/s1/random_mc2_n5_mid3_d1000_05_mr098_r10_62.uai
/mnt/beegfs/rcabanas/credici/papers/clear23/code/LearnIntegratingData.java
run java
java -Xmx64g -cp /mnt/beegfs/rcabanas/credici/target/credici-0.1.3-jar-with-dependencies.jar /mnt/beegfs/rcabanas/credici/papers/clear23/code/LearnIntegratingData.java -w -cc -x 100 -m 500 -sc KL -th 0.0 --seed 0 --output /mnt/beegfs/rcabanas/credici/papers/clear23/output/synthetic/s1 /mnt/beegfs/rcabanas/credici/papers/clear23/models/synthetic/s1/random_mc2_n7_mid3_d1000_05_mr098_r10_55.uai
/mnt/beegfs/rcabanas/credici/papers/clear23/code/LearnIntegratingData.java
run java
java -Xmx64g -cp /mnt/beegfs/rcabanas/credici/target/credici-0.1.3-jar-with-dependencies.jar /mnt/beegfs/rcabanas/credici/papers/clear23/code/LearnIntegratingData.java -w -cc -x 100 -m 500 -sc KL -th 0.0 --seed 0 --output /mnt/beegfs/rcabanas/credici/papers/clear23/output/synthetic/s1 /mnt/beegfs/rcabanas/credici/papers/clear23/models/synthetic/s1/random_mc2_n8_mid3_d1000_05_mr098_r10_63.uai
/mnt/beegfs/rcabanas/credici/papers/clear23/code/LearnIntegratingData.java
run java
java -Xmx64g -cp /mnt/beegfs/rcabanas/credici/target/credici-0.1.3-jar-with-dependencies.jar /mnt/beegfs/rcabanas/credici/papers/clear23/code/LearnIntegratingData.java -w -cc -x 100 -m 500 -sc KL -th 0.0 --seed 0 --output /mnt/beegfs/rcabanas/credici/papers/clear23/output/synthetic/s1 /mnt/beegfs/rcabanas/credici/papers/clear23/models/synthetic/s1/random_mc2_n6_mid3_d1000_05_mr098_r10_72.uai
/mnt/beegfs/rcabanas/credici/papers/clear23/code/LearnIntegratingData.java
run java
java -Xmx64g -cp /mnt/beegfs/rcabanas/credici/target/credici-0.1.3-jar-with-dependencies.jar /mnt/beegfs/rcabanas/credici/papers/clear23/code/LearnIntegratingData.java -w -cc -x 100 -m 500 -sc KL -th 0.0 --seed 0 --output /mnt/beegfs/rcabanas/credici/papers/clear23/output/synthetic/s1 /mnt/beegfs/rcabanas/credici/papers/clear23/models/synthetic/s1/random_mc2_n11_mid3_d1000_05_mr098_r10_67.uai
/mnt/beegfs/rcabanas/credici/papers/clear23/code/LearnIntegratingData.java
run java
java -Xmx64g -cp /mnt/beegfs/rcabanas/credici/target/credici-0.1.3-jar-with-dependencies.jar /mnt/beegfs/rcabanas/credici/papers/clear23/code/LearnIntegratingData.java -w -cc -x 100 -m 500 -sc KL -th 0.0 --seed 0 --output /mnt/beegfs/rcabanas/credici/papers/clear23/output/synthetic/s1 /mnt/beegfs/rcabanas/credici/papers/clear23/models/synthetic/s1/random_mc2_n5_mid3_d1000_05_mr098_r10_56.uai
/mnt/beegfs/rcabanas/credici/papers/clear23/code/LearnIntegratingData.java
run java
java -Xmx64g -cp /mnt/beegfs/rcabanas/credici/target/credici-0.1.3-jar-with-dependencies.jar /mnt/beegfs/rcabanas/credici/papers/clear23/code/LearnIntegratingData.java -w -cc -x 100 -m 500 -sc KL -th 0.0 --seed 0 --output /mnt/beegfs/rcabanas/credici/papers/clear23/output/synthetic/s1 /mnt/beegfs/rcabanas/credici/papers/clear23/models/synthetic/s1/random_mc2_n8_mid3_d1000_05_mr098_r10_57.uai
/mnt/beegfs/rcabanas/credici/papers/clear23/code/LearnIntegratingData.java
run java
java -Xmx64g -cp /mnt/beegfs/rcabanas/credici/target/credici-0.1.3-jar-with-dependencies.jar /mnt/beegfs/rcabanas/credici/papers/clear23/code/LearnIntegratingData.java -w -cc -x 100 -m 500 -sc KL -th 0.0 --seed 0 --output /mnt/beegfs/rcabanas/credici/papers/clear23/output/synthetic/s1 /mnt/beegfs/rcabanas/credici/papers/clear23/models/synthetic/s1/random_mc2_n5_mid3_d1000_05_mr098_r10_68.uai
/mnt/beegfs/rcabanas/credici/papers/clear23/code/LearnIntegratingData.java
run java
java -Xmx64g -cp /mnt/beegfs/rcabanas/credici/target/credici-0.1.3-jar-with-dependencies.jar /mnt/beegfs/rcabanas/credici/papers/clear23/code/LearnIntegratingData.java -w -cc -x 100 -m 500 -sc KL -th 0.0 --seed 0 --output /mnt/beegfs/rcabanas/credici/papers/clear23/output/synthetic/s1 /mnt/beegfs/rcabanas/credici/papers/clear23/models/synthetic/s1/random_mc2_n10_mid3_d1000_05_mr098_r10_59.uai
/mnt/beegfs/rcabanas/credici/papers/clear23/code/LearnIntegratingData.java
run java
java -Xmx64g -cp /mnt/beegfs/rcabanas/credici/target/credici-0.1.3-jar-with-dependencies.jar /mnt/beegfs/rcabanas/credici/papers/clear23/code/LearnIntegratingData.java -w -x 100 -m 500 -sc KL -th 0.0 --seed 0 --output /mnt/beegfs/rcabanas/credici/papers/clear23/output/synthetic/s1 /mnt/beegfs/rcabanas/credici/papers/clear23/models/synthetic/s1/random_mc2_n5_mid3_d1000_05_mr098_r10_74.uai
/mnt/beegfs/rcabanas/credici/papers/clear23/code/LearnIntegratingData.java
run java
java -Xmx64g -cp /mnt/beegfs/rcabanas/credici/target/credici-0.1.3-jar-with-dependencies.jar /mnt/beegfs/rcabanas/credici/papers/clear23/code/LearnIntegratingData.java -w -x 100 -m 500 -sc KL -th 0.0 --seed 0 --output /mnt/beegfs/rcabanas/credici/papers/clear23/output/synthetic/s1 /mnt/beegfs/rcabanas/credici/papers/clear23/models/synthetic/s1/random_mc2_n9_mid3_d1000_05_mr098_r10_64.uai
/mnt/beegfs/rcabanas/credici/papers/clear23/code/LearnIntegratingData.java
run java
java -Xmx64g -cp /mnt/beegfs/rcabanas/credici/target/credici-0.1.3-jar-with-dependencies.jar /mnt/beegfs/rcabanas/credici/papers/clear23/code/LearnIntegratingData.java -w -x 100 -m 500 -sc KL -th 0.0 --seed 0 --output /mnt/beegfs/rcabanas/credici/papers/clear23/output/synthetic/s1 /mnt/beegfs/rcabanas/credici/papers/clear23/models/synthetic/s1/random_mc2_n5_mid3_d1000_05_mr098_r10_62.uai
/mnt/beegfs/rcabanas/credici/papers/clear23/code/LearnIntegratingData.java
run java
java -Xmx64g -cp /mnt/beegfs/rcabanas/credici/target/credici-0.1.3-jar-with-dependencies.jar /mnt/beegfs/rcabanas/credici/papers/clear23/code/LearnIntegratingData.java -w -x 100 -m 500 -sc KL -th 0.0 --seed 0 --output /mnt/beegfs/rcabanas/credici/papers/clear23/output/synthetic/s1 /mnt/beegfs/rcabanas/credici/papers/clear23/models/synthetic/s1/random_mc2_n5_mid3_d1000_05_mr098_r10_75.uai
/mnt/beegfs/rcabanas/credici/papers/clear23/code/LearnIntegratingData.java
run java
java -Xmx64g -cp /mnt/beegfs/rcabanas/credici/target/credici-0.1.3-jar-with-dependencies.jar /mnt/beegfs/rcabanas/credici/papers/clear23/code/LearnIntegratingData.java -w -x 100 -m 500 -sc KL -th 0.0 --seed 0 --output /mnt/beegfs/rcabanas/credici/papers/clear23/output/synthetic/s1 /mnt/beegfs/rcabanas/credici/papers/clear23/models/synthetic/s1/random_mc2_n9_mid3_d1000_05_mr098_r10_73.uai
/mnt/beegfs/rcabanas/credici/papers/clear23/code/LearnIntegratingData.java
run java
java -Xmx64g -cp /mnt/beegfs/rcabanas/credici/target/credici-0.1.3-jar-with-dependencies.jar /mnt/beegfs/rcabanas/credici/papers/clear23/code/LearnIntegratingData.java -w -x 100 -m 500 -sc KL -th 0.0 --seed 0 --output /mnt/beegfs/rcabanas/credici/papers/clear23/output/synthetic/s1 /mnt/beegfs/rcabanas/credici/papers/clear23/models/synthetic/s1/random_mc2_n6_mid3_d1000_05_mr098_r10_60.uai
/mnt/beegfs/rcabanas/credici/papers/clear23/code/LearnIntegratingData.java
run java
java -Xmx64g -cp /mnt/beegfs/rcabanas/credici/target/credici-0.1.3-jar-with-dependencies.jar /mnt/beegfs/rcabanas/credici/papers/clear23/code/LearnIntegratingData.java -w -x 100 -m 500 -sc KL -th 0.0 --seed 0 --output /mnt/beegfs/rcabanas/credici/papers/clear23/output/synthetic/s1 /mnt/beegfs/rcabanas/credici/papers/clear23/models/synthetic/s1/random_mc2_n5_mid3_d1000_05_mr098_r10_56.uai
/mnt/beegfs/rcabanas/credici/papers/clear23/code/LearnIntegratingData.java
run java
java -Xmx64g -cp /mnt/beegfs/rcabanas/credici/target/credici-0.1.3-jar-with-dependencies.jar /mnt/beegfs/rcabanas/credici/papers/clear23/code/LearnIntegratingData.java -w -x 100 -m 500 -sc KL -th 0.0 --seed 0 --output /mnt/beegfs/rcabanas/credici/papers/clear23/output/synthetic/s1 /mnt/beegfs/rcabanas/credici/papers/clear23/models/synthetic/s1/random_mc2_n7_mid3_d1000_05_mr098_r10_69.uai
/mnt/beegfs/rcabanas/credici/papers/clear23/code/LearnIntegratingData.java
run java
java -Xmx64g -cp /mnt/beegfs/rcabanas/credici/target/credici-0.1.3-jar-with-dependencies.jar /mnt/beegfs/rcabanas/credici/papers/clear23/code/LearnIntegratingData.java -w -x 100 -m 500 -sc KL -th 0.0 --seed 0 --output /mnt/beegfs/rcabanas/credici/papers/clear23/output/synthetic/s1 /mnt/beegfs/rcabanas/credici/papers/clear23/models/synthetic/s1/random_mc2_n8_mid3_d1000_05_mr098_r10_66.uai
/mnt/beegfs/rcabanas/credici/papers/clear23/code/LearnIntegratingData.java
run java
java -Xmx64g -cp /mnt/beegfs/rcabanas/credici/target/credici-0.1.3-jar-with-dependencies.jar /mnt/beegfs/rcabanas/credici/papers/clear23/code/LearnIntegratingData.java -w -x 100 -m 500 -sc KL -th 0.0 --seed 0 --output /mnt/beegfs/rcabanas/credici/papers/clear23/output/synthetic/s1 /mnt/beegfs/rcabanas/credici/papers/clear23/models/synthetic/s1/random_mc2_n10_mid3_d1000_05_mr098_r10_52.uai
/mnt/beegfs/rcabanas/credici/papers/clear23/code/LearnIntegratingData.java
run java
java -Xmx64g -cp /mnt/beegfs/rcabanas/credici/target/credici-0.1.3-jar-with-dependencies.jar /mnt/beegfs/rcabanas/credici/papers/clear23/code/LearnIntegratingData.java -w -x 100 -m 500 -sc KL -th 0.0 --seed 0 --output /mnt/beegfs/rcabanas/credici/papers/clear23/output/synthetic/s1 /mnt/beegfs/rcabanas/credici/papers/clear23/models/synthetic/s1/random_mc2_n11_mid3_d1000_05_mr098_r10_67.uai
/mnt/beegfs/rcabanas/credici/papers/clear23/code/LearnIntegratingData.java
run java
java -Xmx64g -cp /mnt/beegfs/rcabanas/credici/target/credici-0.1.3-jar-with-dependencies.jar /mnt/beegfs/rcabanas/credici/papers/clear23/code/LearnIntegratingData.java -w -x 100 -m 500 -sc KL -th 0.0 --seed 0 --output /mnt/beegfs/rcabanas/credici/papers/clear23/output/synthetic/s1 /mnt/beegfs/rcabanas/credici/papers/clear23/models/synthetic/s1/random_mc2_n10_mid3_d1000_05_mr098_r10_51.uai
/mnt/beegfs/rcabanas/credici/papers/clear23/code/LearnIntegratingData.java
run java
java -Xmx64g -cp /mnt/beegfs/rcabanas/credici/target/credici-0.1.3-jar-with-dependencies.jar /mnt/beegfs/rcabanas/credici/papers/clear23/code/LearnIntegratingData.java -w -x 100 -m 500 -sc KL -th 0.0 --seed 0 --output /mnt/beegfs/rcabanas/credici/papers/clear23/output/synthetic/s1 /mnt/beegfs/rcabanas/credici/papers/clear23/models/synthetic/s1/random_mc2_n8_mid3_d1000_05_mr098_r10_70.uai
/mnt/beegfs/rcabanas/credici/papers/clear23/code/LearnIntegratingData.java
run java
java -Xmx64g -cp /mnt/beegfs/rcabanas/credici/target/credici-0.1.3-jar-with-dependencies.jar /mnt/beegfs/rcabanas/credici/papers/clear23/code/LearnIntegratingData.java -w -x 100 -m 500 -sc KL -th 0.0 --seed 0 --output /mnt/beegfs/rcabanas/credici/papers/clear23/output/synthetic/s1 /mnt/beegfs/rcabanas/credici/papers/clear23/models/synthetic/s1/random_mc2_n7_mid3_d1000_05_mr098_r10_55.uai
/mnt/beegfs/rcabanas/credici/papers/clear23/code/LearnIntegratingData.java
run java
java -Xmx64g -cp /mnt/beegfs/rcabanas/credici/target/credici-0.1.3-jar-with-dependencies.jar /mnt/beegfs/rcabanas/credici/papers/clear23/code/LearnIntegratingData.java -w -x 100 -m 500 -sc KL -th 0.0 --seed 0 --output /mnt/beegfs/rcabanas/credici/papers/clear23/output/synthetic/s1 /mnt/beegfs/rcabanas/credici/papers/clear23/models/synthetic/s1/random_mc2_n5_mid3_d1000_05_mr098_r10_68.uai
/mnt/beegfs/rcabanas/credici/papers/clear23/code/LearnIntegratingData.java
run java
java -Xmx64g -cp /mnt/beegfs/rcabanas/credici/target/credici-0.1.3-jar-with-dependencies.jar /mnt/beegfs/rcabanas/credici/papers/clear23/code/LearnIntegratingData.java -w -x 100 -m 500 -sc KL -th 0.0 --seed 0 --output /mnt/beegfs/rcabanas/credici/papers/clear23/output/synthetic/s1 /mnt/beegfs/rcabanas/credici/papers/clear23/models/synthetic/s1/random_mc2_n6_mid3_d1000_05_mr098_r10_72.uai
/mnt/beegfs/rcabanas/credici/papers/clear23/code/LearnIntegratingData.java
run java
java -Xmx64g -cp /mnt/beegfs/rcabanas/credici/target/credici-0.1.3-jar-with-dependencies.jar /mnt/beegfs/rcabanas/credici/papers/clear23/code/LearnIntegratingData.java -w -x 100 -m 500 -sc KL -th 0.0 --seed 0 --output /mnt/beegfs/rcabanas/credici/papers/clear23/output/synthetic/s1 /mnt/beegfs/rcabanas/credici/papers/clear23/models/synthetic/s1/random_mc2_n8_mid3_d1000_05_mr098_r10_63.uai
/mnt/beegfs/rcabanas/credici/papers/clear23/code/LearnIntegratingData.java
run java
java -Xmx64g -cp /mnt/beegfs/rcabanas/credici/target/credici-0.1.3-jar-with-dependencies.jar /mnt/beegfs/rcabanas/credici/papers/clear23/code/LearnIntegratingData.java -w -x 100 -m 500 -sc KL -th 0.0 --seed 0 --output /mnt/beegfs/rcabanas/credici/papers/clear23/output/synthetic/s1 /mnt/beegfs/rcabanas/credici/papers/clear23/models/synthetic/s1/random_mc2_n7_mid3_d1000_05_mr098_r10_54.uai
/mnt/beegfs/rcabanas/credici/papers/clear23/code/LearnIntegratingData.java
run java
java -Xmx64g -cp /mnt/beegfs/rcabanas/credici/target/credici-0.1.3-jar-with-dependencies.jar /mnt/beegfs/rcabanas/credici/papers/clear23/code/LearnIntegratingData.java -w -x 100 -m 500 -sc KL -th 0.0 --seed 0 --output /mnt/beegfs/rcabanas/credici/papers/clear23/output/synthetic/s1 /mnt/beegfs/rcabanas/credici/papers/clear23/models/synthetic/s1/random_mc2_n8_mid3_d1000_05_mr098_r10_57.uai
/mnt/beegfs/rcabanas/credici/papers/clear23/code/LearnIntegratingData.java
run java
java -Xmx64g -cp /mnt/beegfs/rcabanas/credici/target/credici-0.1.3-jar-with-dependencies.jar /mnt/beegfs/rcabanas/credici/papers/clear23/code/LearnIntegratingData.java -w -x 100 -m 500 -sc KL -th 0.0 --seed 0 --output /mnt/beegfs/rcabanas/credici/papers/clear23/output/synthetic/s1 /mnt/beegfs/rcabanas/credici/papers/clear23/models/synthetic/s1/random_mc2_n7_mid3_d1000_05_mr098_r10_71.uai
/mnt/beegfs/rcabanas/credici/papers/clear23/code/LearnIntegratingData.java
run java
java -Xmx64g -cp /mnt/beegfs/rcabanas/credici/target/credici-0.1.3-jar-with-dependencies.jar /mnt/beegfs/rcabanas/credici/papers/clear23/code/LearnIntegratingData.java -w -x 100 -m 500 -sc KL -th 0.0 --seed 0 --output /mnt/beegfs/rcabanas/credici/papers/clear23/output/synthetic/s1 /mnt/beegfs/rcabanas/credici/papers/clear23/models/synthetic/s1/random_mc2_n10_mid3_d1000_05_mr098_r10_59.uai
/mnt/beegfs/rcabanas/credici/papers/clear23/code/LearnIntegratingData.java
run java
java -Xmx64g -cp /mnt/beegfs/rcabanas/credici/target/credici-0.1.3-jar-with-dependencies.jar /mnt/beegfs/rcabanas/credici/papers/clear23/code/LearnIntegratingData.java -w -cc -x 100 -m 500 -sc KL -th 0.0 --seed 0 --output /mnt/beegfs/rcabanas/credici/papers/clear23/output/synthetic/s1 /mnt/beegfs/rcabanas/credici/papers/clear23/models/synthetic/s1/random_mc2_n6_mid3_d1000_05_mr098_r10_74.uai
/mnt/beegfs/rcabanas/credici/papers/clear23/code/LearnIntegratingData.java
run java
java -Xmx64g -cp /mnt/beegfs/rcabanas/credici/target/credici-0.1.3-jar-with-dependencies.jar /mnt/beegfs/rcabanas/credici/papers/clear23/code/LearnIntegratingData.java -w -cc -x 100 -m 500 -sc KL -th 0.0 --seed 0 --output /mnt/beegfs/rcabanas/credici/papers/clear23/output/synthetic/s1 /mnt/beegfs/rcabanas/credici/papers/clear23/models/synthetic/s1/random_mc2_n6_mid3_d1000_05_mr098_r10_69.uai
/mnt/beegfs/rcabanas/credici/papers/clear23/code/LearnIntegratingData.java
run java
java -Xmx64g -cp /mnt/beegfs/rcabanas/credici/target/credici-0.1.3-jar-with-dependencies.jar /mnt/beegfs/rcabanas/credici/papers/clear23/code/LearnIntegratingData.java -w -cc -x 100 -m 500 -sc KL -th 0.0 --seed 0 --output /mnt/beegfs/rcabanas/credici/papers/clear23/output/synthetic/s1 /mnt/beegfs/rcabanas/credici/papers/clear23/models/synthetic/s1/random_mc2_n8_mid3_d1000_05_mr098_r10_60.uai
/mnt/beegfs/rcabanas/credici/papers/clear23/code/LearnIntegratingData.java
run java
java -Xmx64g -cp /mnt/beegfs/rcabanas/credici/target/credici-0.1.3-jar-with-dependencies.jar /mnt/beegfs/rcabanas/credici/papers/clear23/code/LearnIntegratingData.java -w -cc -x 100 -m 500 -sc KL -th 0.0 --seed 0 --output /mnt/beegfs/rcabanas/credici/papers/clear23/output/synthetic/s1 /mnt/beegfs/rcabanas/credici/papers/clear23/models/synthetic/s1/random_mc2_n8_mid3_d1000_05_mr098_r10_73.uai
/mnt/beegfs/rcabanas/credici/papers/clear23/code/LearnIntegratingData.java
run java
java -Xmx64g -cp /mnt/beegfs/rcabanas/credici/target/credici-0.1.3-jar-with-dependencies.jar /mnt/beegfs/rcabanas/credici/papers/clear23/code/LearnIntegratingData.java -w -cc -x 100 -m 500 -sc KL -th 0.0 --seed 0 --output /mnt/beegfs/rcabanas/credici/papers/clear23/output/synthetic/s1 /mnt/beegfs/rcabanas/credici/papers/clear23/models/synthetic/s1/random_mc2_n8_mid3_d1000_05_mr098_r10_75.uai
/mnt/beegfs/rcabanas/credici/papers/clear23/code/LearnIntegratingData.java
run java
java -Xmx64g -cp /mnt/beegfs/rcabanas/credici/target/credici-0.1.3-jar-with-dependencies.jar /mnt/beegfs/rcabanas/credici/papers/clear23/code/LearnIntegratingData.java -w -cc -x 100 -m 500 -sc KL -th 0.0 --seed 0 --output /mnt/beegfs/rcabanas/credici/papers/clear23/output/synthetic/s1 /mnt/beegfs/rcabanas/credici/papers/clear23/models/synthetic/s1/random_mc2_n6_mid3_d1000_05_mr098_r10_51.uai
/mnt/beegfs/rcabanas/credici/papers/clear23/code/LearnIntegratingData.java
run java
java -Xmx64g -cp /mnt/beegfs/rcabanas/credici/target/credici-0.1.3-jar-with-dependencies.jar /mnt/beegfs/rcabanas/credici/papers/clear23/code/LearnIntegratingData.java -w -cc -x 100 -m 500 -sc KL -th 0.0 --seed 0 --output /mnt/beegfs/rcabanas/credici/papers/clear23/output/synthetic/s1 /mnt/beegfs/rcabanas/credici/papers/clear23/models/synthetic/s1/random_mc2_n7_mid3_d1000_05_mr098_r10_68.uai
/mnt/beegfs/rcabanas/credici/papers/clear23/code/LearnIntegratingData.java
run java
java -Xmx64g -cp /mnt/beegfs/rcabanas/credici/target/credici-0.1.3-jar-with-dependencies.jar /mnt/beegfs/rcabanas/credici/papers/clear23/code/LearnIntegratingData.java -w -cc -x 100 -m 500 -sc KL -th 0.0 --seed 0 --output /mnt/beegfs/rcabanas/credici/papers/clear23/output/synthetic/s1 /mnt/beegfs/rcabanas/credici/papers/clear23/models/synthetic/s1/random_mc2_n5_mid3_d1000_05_mr098_r10_70.uai
/mnt/beegfs/rcabanas/credici/papers/clear23/code/LearnIntegratingData.java
run java
java -Xmx64g -cp /mnt/beegfs/rcabanas/credici/target/credici-0.1.3-jar-with-dependencies.jar /mnt/beegfs/rcabanas/credici/papers/clear23/code/LearnIntegratingData.java -w -cc -x 100 -m 500 -sc KL -th 0.0 --seed 0 --output /mnt/beegfs/rcabanas/credici/papers/clear23/output/synthetic/s1 /mnt/beegfs/rcabanas/credici/papers/clear23/models/synthetic/s1/random_mc2_n6_mid3_d1000_05_mr098_r10_54.uai
/mnt/beegfs/rcabanas/credici/papers/clear23/code/LearnIntegratingData.java
run java
java -Xmx64g -cp /mnt/beegfs/rcabanas/credici/target/credici-0.1.3-jar-with-dependencies.jar /mnt/beegfs/rcabanas/credici/papers/clear23/code/LearnIntegratingData.java -w -cc -x 100 -m 500 -sc KL -th 0.0 --seed 0 --output /mnt/beegfs/rcabanas/credici/papers/clear23/output/synthetic/s1 /mnt/beegfs/rcabanas/credici/papers/clear23/models/synthetic/s1/random_mc2_n8_mid3_d1000_05_mr098_r10_71.uai
/mnt/beegfs/rcabanas/credici/papers/clear23/code/LearnIntegratingData.java
run java
java -Xmx64g -cp /mnt/beegfs/rcabanas/credici/target/credici-0.1.3-jar-with-dependencies.jar /mnt/beegfs/rcabanas/credici/papers/clear23/code/LearnIntegratingData.java -w -cc -x 100 -m 500 -sc KL -th 0.0 --seed 0 --output /mnt/beegfs/rcabanas/credici/papers/clear23/output/synthetic/s1 /mnt/beegfs/rcabanas/credici/papers/clear23/models/synthetic/s1/random_mc2_n5_mid3_d1000_05_mr098_r10_59.uai
/mnt/beegfs/rcabanas/credici/papers/clear23/code/LearnIntegratingData.java
run java
java -Xmx64g -cp /mnt/beegfs/rcabanas/credici/target/credici-0.1.3-jar-with-dependencies.jar /mnt/beegfs/rcabanas/credici/papers/clear23/code/LearnIntegratingData.java -w -x 100 -m 500 -sc KL -th 0.0 --seed 0 --output /mnt/beegfs/rcabanas/credici/papers/clear23/output/synthetic/s1 /mnt/beegfs/rcabanas/credici/papers/clear23/models/synthetic/s1/random_mc2_n6_mid3_d1000_05_mr098_r10_74.uai
/mnt/beegfs/rcabanas/credici/papers/clear23/code/LearnIntegratingData.java
run java
java -Xmx64g -cp /mnt/beegfs/rcabanas/credici/target/credici-0.1.3-jar-with-dependencies.jar /mnt/beegfs/rcabanas/credici/papers/clear23/code/LearnIntegratingData.java -w -x 100 -m 500 -sc KL -th 0.0 --seed 0 --output /mnt/beegfs/rcabanas/credici/papers/clear23/output/synthetic/s1 /mnt/beegfs/rcabanas/credici/papers/clear23/models/synthetic/s1/random_mc2_n8_mid3_d1000_05_mr098_r10_60.uai
/mnt/beegfs/rcabanas/credici/papers/clear23/code/LearnIntegratingData.java
run java
java -Xmx64g -cp /mnt/beegfs/rcabanas/credici/target/credici-0.1.3-jar-with-dependencies.jar /mnt/beegfs/rcabanas/credici/papers/clear23/code/LearnIntegratingData.java -w -x 100 -m 500 -sc KL -th 0.0 --seed 0 --output /mnt/beegfs/rcabanas/credici/papers/clear23/output/synthetic/s1 /mnt/beegfs/rcabanas/credici/papers/clear23/models/synthetic/s1/random_mc2_n6_mid3_d1000_05_mr098_r10_69.uai
/mnt/beegfs/rcabanas/credici/papers/clear23/code/LearnIntegratingData.java
run java
java -Xmx64g -cp /mnt/beegfs/rcabanas/credici/target/credici-0.1.3-jar-with-dependencies.jar /mnt/beegfs/rcabanas/credici/papers/clear23/code/LearnIntegratingData.java -w -x 100 -m 500 -sc KL -th 0.0 --seed 0 --output /mnt/beegfs/rcabanas/credici/papers/clear23/output/synthetic/s1 /mnt/beegfs/rcabanas/credici/papers/clear23/models/synthetic/s1/random_mc2_n8_mid3_d1000_05_mr098_r10_75.uai
/mnt/beegfs/rcabanas/credici/papers/clear23/code/LearnIntegratingData.java
run java
java -Xmx64g -cp /mnt/beegfs/rcabanas/credici/target/credici-0.1.3-jar-with-dependencies.jar /mnt/beegfs/rcabanas/credici/papers/clear23/code/LearnIntegratingData.java -w -x 100 -m 500 -sc KL -th 0.0 --seed 0 --output /mnt/beegfs/rcabanas/credici/papers/clear23/output/synthetic/s1 /mnt/beegfs/rcabanas/credici/papers/clear23/models/synthetic/s1/random_mc2_n8_mid3_d1000_05_mr098_r10_73.uai
/mnt/beegfs/rcabanas/credici/papers/clear23/code/LearnIntegratingData.java
run java
java -Xmx64g -cp /mnt/beegfs/rcabanas/credici/target/credici-0.1.3-jar-with-dependencies.jar /mnt/beegfs/rcabanas/credici/papers/clear23/code/LearnIntegratingData.java -w -x 100 -m 500 -sc KL -th 0.0 --seed 0 --output /mnt/beegfs/rcabanas/credici/papers/clear23/output/synthetic/s1 /mnt/beegfs/rcabanas/credici/papers/clear23/models/synthetic/s1/random_mc2_n6_mid3_d1000_05_mr098_r10_51.uai
/mnt/beegfs/rcabanas/credici/papers/clear23/code/LearnIntegratingData.java
run java
java -Xmx64g -cp /mnt/beegfs/rcabanas/credici/target/credici-0.1.3-jar-with-dependencies.jar /mnt/beegfs/rcabanas/credici/papers/clear23/code/LearnIntegratingData.java -w -x 100 -m 500 -sc KL -th 0.0 --seed 0 --output /mnt/beegfs/rcabanas/credici/papers/clear23/output/synthetic/s1 /mnt/beegfs/rcabanas/credici/papers/clear23/models/synthetic/s1/random_mc2_n7_mid3_d1000_05_mr098_r10_68.uai
/mnt/beegfs/rcabanas/credici/papers/clear23/code/LearnIntegratingData.java
run java
java -Xmx64g -cp /mnt/beegfs/rcabanas/credici/target/credici-0.1.3-jar-with-dependencies.jar /mnt/beegfs/rcabanas/credici/papers/clear23/code/LearnIntegratingData.java -w -x 100 -m 500 -sc KL -th 0.0 --seed 0 --output /mnt/beegfs/rcabanas/credici/papers/clear23/output/synthetic/s1 /mnt/beegfs/rcabanas/credici/papers/clear23/models/synthetic/s1/random_mc2_n5_mid3_d1000_05_mr098_r10_70.uai
/mnt/beegfs/rcabanas/credici/papers/clear23/code/LearnIntegratingData.java
run java
java -Xmx64g -cp /mnt/beegfs/rcabanas/credici/target/credici-0.1.3-jar-with-dependencies.jar /mnt/beegfs/rcabanas/credici/papers/clear23/code/LearnIntegratingData.java -w -x 100 -m 500 -sc KL -th 0.0 --seed 0 --output /mnt/beegfs/rcabanas/credici/papers/clear23/output/synthetic/s1 /mnt/beegfs/rcabanas/credici/papers/clear23/models/synthetic/s1/random_mc2_n6_mid3_d1000_05_mr098_r10_54.uai
/mnt/beegfs/rcabanas/credici/papers/clear23/code/LearnIntegratingData.java
run java
java -Xmx64g -cp /mnt/beegfs/rcabanas/credici/target/credici-0.1.3-jar-with-dependencies.jar /mnt/beegfs/rcabanas/credici/papers/clear23/code/LearnIntegratingData.java -w -x 100 -m 500 -sc KL -th 0.0 --seed 0 --output /mnt/beegfs/rcabanas/credici/papers/clear23/output/synthetic/s1 /mnt/beegfs/rcabanas/credici/papers/clear23/models/synthetic/s1/random_mc2_n8_mid3_d1000_05_mr098_r10_71.uai
/mnt/beegfs/rcabanas/credici/papers/clear23/code/LearnIntegratingData.java
run java
java -Xmx64g -cp /mnt/beegfs/rcabanas/credici/target/credici-0.1.3-jar-with-dependencies.jar /mnt/beegfs/rcabanas/credici/papers/clear23/code/LearnIntegratingData.java -w -x 100 -m 500 -sc KL -th 0.0 --seed 0 --output /mnt/beegfs/rcabanas/credici/papers/clear23/output/synthetic/s1 /mnt/beegfs/rcabanas/credici/papers/clear23/models/synthetic/s1/random_mc2_n5_mid3_d1000_05_mr098_r10_59.uai
/mnt/beegfs/rcabanas/credici/papers/clear23/code/LearnIntegratingData.java
run java
java -Xmx64g -cp /mnt/beegfs/rcabanas/credici/target/credici-0.1.3-jar-with-dependencies.jar /mnt/beegfs/rcabanas/credici/papers/clear23/code/LearnIntegratingData.java -w -cc -x 100 -m 500 -sc KL -th 0.0 --seed 0 --output /mnt/beegfs/rcabanas/credici/papers/clear23/output/synthetic/s1 /mnt/beegfs/rcabanas/credici/papers/clear23/models/synthetic/s1/random_mc2_n7_mid3_d1000_05_mr098_r10_75.uai
/mnt/beegfs/rcabanas/credici/papers/clear23/code/LearnIntegratingData.java
run java
java -Xmx64g -cp /mnt/beegfs/rcabanas/credici/target/credici-0.1.3-jar-with-dependencies.jar /mnt/beegfs/rcabanas/credici/papers/clear23/code/LearnIntegratingData.java -w -cc -x 100 -m 500 -sc KL -th 0.0 --seed 0 --output /mnt/beegfs/rcabanas/credici/papers/clear23/output/synthetic/s1 /mnt/beegfs/rcabanas/credici/papers/clear23/models/synthetic/s1/random_mc2_n8_mid3_d1000_05_mr098_r10_68.uai
/mnt/beegfs/rcabanas/credici/papers/clear23/code/LearnIntegratingData.java
run java
java -Xmx64g -cp /mnt/beegfs/rcabanas/credici/target/credici-0.1.3-jar-with-dependencies.jar /mnt/beegfs/rcabanas/credici/papers/clear23/code/LearnIntegratingData.java -w -cc -x 100 -m 500 -sc KL -th 0.0 --seed 0 --output /mnt/beegfs/rcabanas/credici/papers/clear23/output/synthetic/s1 /mnt/beegfs/rcabanas/credici/papers/clear23/models/synthetic/s1/random_mc2_n7_mid3_d1000_05_mr098_r10_51.uai
/mnt/beegfs/rcabanas/credici/papers/clear23/code/LearnIntegratingData.java
run java
java -Xmx64g -cp /mnt/beegfs/rcabanas/credici/target/credici-0.1.3-jar-with-dependencies.jar /mnt/beegfs/rcabanas/credici/papers/clear23/code/LearnIntegratingData.java -w -cc -x 100 -m 500 -sc KL -th 0.0 --seed 0 --output /mnt/beegfs/rcabanas/credici/papers/clear23/output/synthetic/s1 /mnt/beegfs/rcabanas/credici/papers/clear23/models/synthetic/s1/random_mc2_n6_mid3_d1000_05_mr098_r10_71.uai
/mnt/beegfs/rcabanas/credici/papers/clear23/code/LearnIntegratingData.java
run java
java -Xmx64g -cp /mnt/beegfs/rcabanas/credici/target/credici-0.1.3-jar-with-dependencies.jar /mnt/beegfs/rcabanas/credici/papers/clear23/code/LearnIntegratingData.java -w -x 100 -m 500 -sc KL -th 0.0 --seed 0 --output /mnt/beegfs/rcabanas/credici/papers/clear23/output/synthetic/s1 /mnt/beegfs/rcabanas/credici/papers/clear23/models/synthetic/s1/random_mc2_n7_mid3_d1000_05_mr098_r10_75.uai
/mnt/beegfs/rcabanas/credici/papers/clear23/code/LearnIntegratingData.java
run java
java -Xmx64g -cp /mnt/beegfs/rcabanas/credici/target/credici-0.1.3-jar-with-dependencies.jar /mnt/beegfs/rcabanas/credici/papers/clear23/code/LearnIntegratingData.java -w -x 100 -m 500 -sc KL -th 0.0 --seed 0 --output /mnt/beegfs/rcabanas/credici/papers/clear23/output/synthetic/s1 /mnt/beegfs/rcabanas/credici/papers/clear23/models/synthetic/s1/random_mc2_n7_mid3_d1000_05_mr098_r10_51.uai
/mnt/beegfs/rcabanas/credici/papers/clear23/code/LearnIntegratingData.java
run java
java -Xmx64g -cp /mnt/beegfs/rcabanas/credici/target/credici-0.1.3-jar-with-dependencies.jar /mnt/beegfs/rcabanas/credici/papers/clear23/code/LearnIntegratingData.java -w -x 100 -m 500 -sc KL -th 0.0 --seed 0 --output /mnt/beegfs/rcabanas/credici/papers/clear23/output/synthetic/s1 /mnt/beegfs/rcabanas/credici/papers/clear23/models/synthetic/s1/random_mc2_n8_mid3_d1000_05_mr098_r10_68.uai
/mnt/beegfs/rcabanas/credici/papers/clear23/code/LearnIntegratingData.java
run java
java -Xmx64g -cp /mnt/beegfs/rcabanas/credici/target/credici-0.1.3-jar-with-dependencies.jar /mnt/beegfs/rcabanas/credici/papers/clear23/code/LearnIntegratingData.java -w -x 100 -m 500 -sc KL -th 0.0 --seed 0 --output /mnt/beegfs/rcabanas/credici/papers/clear23/output/synthetic/s1 /mnt/beegfs/rcabanas/credici/papers/clear23/models/synthetic/s1/random_mc2_n6_mid3_d1000_05_mr098_r10_71.uai
/mnt/beegfs/rcabanas/credici/papers/clear23/code/LearnIntegratingData.java
run java
java -Xmx64g -cp /mnt/beegfs/rcabanas/credici/target/credici-0.1.3-jar-with-dependencies.jar /mnt/beegfs/rcabanas/credici/papers/clear23/code/LearnIntegratingData.java -w -cc -x 100 -m 500 -sc KL -th 0.0 --seed 0 --output /mnt/beegfs/rcabanas/credici/papers/clear23/output/synthetic/s1 /mnt/beegfs/rcabanas/credici/papers/clear23/models/synthetic/s1/random_mc2_n5_mid3_d1000_05_mr098_r10_71.uai
/mnt/beegfs/rcabanas/credici/papers/clear23/code/LearnIntegratingData.java
run java
java -Xmx64g -cp /mnt/beegfs/rcabanas/credici/target/credici-0.1.3-jar-with-dependencies.jar /mnt/beegfs/rcabanas/credici/papers/clear23/code/LearnIntegratingData.java -w -x 100 -m 500 -sc KL -th 0.0 --seed 0 --output /mnt/beegfs/rcabanas/credici/papers/clear23/output/synthetic/s1 /mnt/beegfs/rcabanas/credici/papers/clear23/models/synthetic/s1/random_mc2_n5_mid3_d1000_05_mr098_r10_71.uai
