#
# There is insufficient memory for the Java Runtime Environment to continue.
# Native memory allocation (mmap) failed to map 6213251072 bytes for committing reserved memory.
# Possible reasons:
#   The system is out of physical RAM or swap space
# Possible solutions:
#   Reduce memory load on the system
#   Increase physical memory or swap space
#   Check if swap backing store is full
#   Decrease Java heap size (-Xmx/-Xms)
#   Decrease number of Java threads
#   Decrease Java thread stack sizes (-Xss)
#   Set larger code cache with -XX:ReservedCodeCacheSize=
# This output file may be truncated or incomplete.
#
#  Out of Memory Error (os_linux.cpp:2899), pid=1106, tid=1108
#
# JRE version: OpenJDK Runtime Environment (13.0.7+5) (build 13.0.7+5-Ubuntu-0ubuntu120.04)
# Java VM: OpenJDK 64-Bit Server VM (13.0.7+5-Ubuntu-0ubuntu120.04, mixed mode, tiered, serial gc, linux-amd64)
# No core dump will be written. Core dumps have been disabled. To enable core dumping, try "ulimit -c unlimited" before starting Java again
#

---------------  S U M M A R Y ------------

Command Line: -Xmx64g --add-modules=ALL-DEFAULT jdk.compiler/com.sun.tools.javac.launcher.Main /mnt/beegfs/rcabanas/dev/credici/papers/journalPGM/code/LearnSelectBias.java -w -o /mnt/beegfs/rcabanas/dev/credici/papers/journalPGM/output/biased/synthetic/s12 -m 500 -x 300 -s 0 /mnt/beegfs/rcabanas/dev/credici/papers/journalPGM/models/synthetic/s12/random_mc2_n9_mid3_d1000_05_mr098_r10_2.uai

Host: AMD EPYC 7542 32-Core Processor, 64 cores, 251G, Ubuntu 20.04.4 LTS
Time: Fri Feb  3 23:30:26 2023 CET elapsed time: 49.252011 seconds (0d 0h 0m 49s)

---------------  T H R E A D  ---------------

Current thread (0x00007f4540097800):  VMThread "VM Thread" [stack: 0x00007f454543b000,0x00007f454553b000] [id=1108]

Stack: [0x00007f454543b000,0x00007f454553b000],  sp=0x00007f4545539160,  free space=1016k
Native frames: (J=compiled Java code, A=aot compiled Java code, j=interpreted, Vv=VM code, C=native code)
V  [libjvm.so+0xf8f092]
V  [libjvm.so+0xf8fc91]
V  [libjvm.so+0x66ee5a]
V  [libjvm.so+0xc44a41]
V  [libjvm.so+0xc3b263]
V  [libjvm.so+0xf87f4b]
V  [libjvm.so+0x557506]
V  [libjvm.so+0x557723]
V  [libjvm.so+0xf18b0c]
V  [libjvm.so+0x557e65]
V  [libjvm.so+0x7e2edb]
V  [libjvm.so+0x7e39bd]
V  [libjvm.so+0x7d8b48]
V  [libjvm.so+0xf90940]
V  [libjvm.so+0xf96657]
V  [libjvm.so+0xf96d2b]
V  [libjvm.so+0xf9706a]
V  [libjvm.so+0xf2208f]
V  [libjvm.so+0xc493ff]

VM_Operation (0x00007f4528787d30): GenCollectForAllocation, mode: safepoint, requested by thread 0x00007f45407d2000


---------------  P R O C E S S  ---------------

Threads class SMR info:
_java_thread_list=0x00007f45407d3150, length=10, elements={
0x00007f4540018000, 0x00007f45400a3800, 0x00007f45400a7000, 0x00007f45400cb800,
0x00007f45400cd000, 0x00007f45400cf000, 0x00007f45400d1000, 0x00007f45400d3000,
0x00007f4540135000, 0x00007f45407d2000
}

Java Threads: ( => current thread )
  0x00007f4540018000 JavaThread "main" [_thread_blocked, id=1107, stack(0x00007f45460ad000,0x00007f45461ae000)]
  0x00007f45400a3800 JavaThread "Reference Handler" daemon [_thread_blocked, id=1109, stack(0x00007f4545338000,0x00007f4545439000)]
  0x00007f45400a7000 JavaThread "Finalizer" daemon [_thread_blocked, id=1110, stack(0x00007f4545237000,0x00007f4545338000)]
  0x00007f45400cb800 JavaThread "Signal Dispatcher" daemon [_thread_blocked, id=1111, stack(0x00007f45450fd000,0x00007f45451fe000)]
  0x00007f45400cd000 JavaThread "Service Thread" daemon [_thread_blocked, id=1112, stack(0x00007f4544ffc000,0x00007f45450fd000)]
  0x00007f45400cf000 JavaThread "C2 CompilerThread0" daemon [_thread_blocked, id=1113, stack(0x00007f4544efb000,0x00007f4544ffc000)]
  0x00007f45400d1000 JavaThread "C1 CompilerThread0" daemon [_thread_blocked, id=1114, stack(0x00007f4544dfa000,0x00007f4544efb000)]
  0x00007f45400d3000 JavaThread "Sweeper thread" daemon [_thread_blocked, id=1115, stack(0x00007f4544cf9000,0x00007f4544dfa000)]
  0x00007f4540135000 JavaThread "Common-Cleaner" daemon [_thread_blocked, id=1116, stack(0x00007f4544bf8000,0x00007f4544cf9000)]
  0x00007f45407d2000 JavaThread "pool-1-thread-1" [_thread_blocked, id=1125, stack(0x00007f4528689000,0x00007f452878a000)]

Other Threads:
=>0x00007f4540097800 VMThread "VM Thread" [stack: 0x00007f454543b000,0x00007f454553b000] [id=1108]
  0x00007f4540181800 WatcherThread [stack: 0x00007f4544af8000,0x00007f4544bf8000] [id=1117]

Threads with active compile tasks:

VM state:at safepoint (normal execution)

VM Mutex/Monitor currently owned by a thread:  ([mutex/lock_event])
[0x00007f45400141b0] Threads_lock - owner thread: 0x00007f4540097800
[0x00007f4540014db0] Heap_lock - owner thread: 0x00007f45407d2000

Heap:
 def new generation   total 3033856K, used 331593K [0x00007f3528600000, 0x00007f35f61f0000, 0x00007f3a7db50000)
  eden space 2696768K,  12% used [0x00007f3528600000, 0x00007f353c9d2700, 0x00007f35ccf90000)
  from space 337088K,   0% used [0x00007f35ccf90000, 0x00007f35ccf90000, 0x00007f35e18c0000)
  to   space 337088K,   0% used [0x00007f35e18c0000, 0x00007f35e18c0000, 0x00007f35f61f0000)
 tenured generation   total 9101440K, used 9101439K [0x00007f3a7db50000, 0x00007f3ca9370000, 0x00007f4528600000)
   the space 9101440K,  99% used [0x00007f3a7db50000, 0x00007f3ca936fd50, 0x00007f3ca936fe00, 0x00007f3ca9370000)
 Metaspace       used 31755K, capacity 32193K, committed 32512K, reserved 32768K

Card table byte_map: [0x00007f35205ff000,0x00007f3528600000] _byte_map_base: 0x00007ef585cbc000

Polling page: 0x00007f4547b39000

Metaspace:

Usage:
   31.44 MB capacity,    31.01 MB ( 99%) used,   322.82 KB (  1%) free+waste,   114.19 KB ( <1%) overhead. 

Virtual space:
     32.00 MB reserved,      31.75 MB (>99%) committed 

Chunk freelists:
155.00 KB

MaxMetaspaceSize: unlimited


CodeHeap 'non-profiled nmethods': size=120036Kb used=1311Kb max_used=1311Kb free=118724Kb
 bounds [0x00007f4530251000, 0x00007f45304c1000, 0x00007f453778a000]
CodeHeap 'profiled nmethods': size=120032Kb used=8976Kb max_used=8976Kb free=111055Kb
 bounds [0x00007f4528d19000, 0x00007f45295e9000, 0x00007f4530251000]
CodeHeap 'non-nmethods': size=5692Kb used=1255Kb max_used=1306Kb free=4436Kb
 bounds [0x00007f452878a000, 0x00007f45289fa000, 0x00007f4528d19000]
 total_blobs=5059 nmethods=4518 adapters=456
 compilation: enabled
              stopped_count=0, restarted_count=0
 full_count=0

Compilation events (20 events):
Event: 6.765 Thread 0x00007f45400cf000 3923       4       java.lang.Integer::bitCount (53 bytes)
Event: 6.765 Thread 0x00007f45400cf000 nmethod 3923 0x00007f4530392190 code [0x00007f4530392300, 0x00007f4530392398]
Event: 6.765 Thread 0x00007f45400cf000 4536       4       ch.idsia.crema.utility.IndexIterator::hasNext (13 bytes)
Event: 6.765 Thread 0x00007f45400cf000 nmethod 4536 0x00007f4530392490 code [0x00007f4530392600, 0x00007f4530392678]
Event: 6.871 Thread 0x00007f45400d1000 4539 %     3       ch.idsia.crema.factor.credal.vertex.VertexFactor::reseparate @ 267 (373 bytes)
Event: 6.875 Thread 0x00007f45400d1000 nmethod 4539% 0x00007f45295d6f10 code [0x00007f45295d73e0, 0x00007f45295d9bf0]
Event: 6.877 Thread 0x00007f45400cf000 4540 %     4       ch.idsia.crema.factor.credal.vertex.VertexFactor::reseparate @ 267 (373 bytes)
Event: 6.924 Thread 0x00007f45400d1000 4541       3       ch.idsia.crema.utility.IndexIterator::hasNext (13 bytes)
Event: 6.925 Thread 0x00007f45400d1000 nmethod 4541 0x00007f45295db390 code [0x00007f45295db520, 0x00007f45295db670]
Event: 7.049 Thread 0x00007f45400cf000 nmethod 4540% 0x00007f4530392790 code [0x00007f4530392b60, 0x00007f4530395de8]
Event: 7.050 Thread 0x00007f45400cf000 4542       4       ch.idsia.crema.utility.IndexIterator::hasNext (13 bytes)
Event: 7.062 Thread 0x00007f45400cf000 nmethod 4542 0x00007f4530398910 code [0x00007f4530398a80, 0x00007f4530398ad8]
Event: 12.521 Thread 0x00007f45400d1000 4543   !   3       java.lang.ref.ReferenceQueue::remove (125 bytes)
Event: 12.523 Thread 0x00007f45400d1000 nmethod 4543 0x00007f45295db710 code [0x00007f45295db920, 0x00007f45295dc130]
Event: 12.523 Thread 0x00007f45400d1000 4544   !   3       jdk.internal.ref.PhantomCleanable::isListEmpty (34 bytes)
Event: 12.523 Thread 0x00007f45400d1000 nmethod 4544 0x00007f45295dc490 code [0x00007f45295dc620, 0x00007f45295dc910]
Event: 12.523 Thread 0x00007f45400d1000 4545       3       jdk.internal.misc.InnocuousThread::eraseThreadLocals (23 bytes)
Event: 12.523 Thread 0x00007f45400d1000 nmethod 4545 0x00007f45295dca10 code [0x00007f45295dcba0, 0x00007f45295dccf0]
Event: 12.523 Thread 0x00007f45400d1000 4546       3       java.lang.invoke.MethodHandleNatives$CallSiteContext::run (5 bytes)
Event: 12.523 Thread 0x00007f45400d1000 nmethod 4546 0x00007f45295dcd90 code [0x00007f45295dcf20, 0x00007f45295dd040]

GC Heap History (20 events):
Event: 7.656 GC heap after
{Heap after GC invocations=2 (full 1):
 def new generation   total 629248K, used 69888K [0x00007f3528600000, 0x00007f35530c0000, 0x00007f3a7db50000)
  eden space 559360K,   0% used [0x00007f3528600000, 0x00007f3528600000, 0x00007f354a840000)
  from space 69888K, 100% used [0x00007f354ec80000, 0x00007f35530c0000, 0x00007f35530c0000)
  to   space 69888K,   0% used [0x00007f354a840000, 0x00007f354a840000, 0x00007f354ec80000)
 tenured generation   total 1398144K, used 156570K [0x00007f3a7db50000, 0x00007f3ad30b0000, 0x00007f4528600000)
   the space 1398144K,  11% used [0x00007f3a7db50000, 0x00007f3a87436888, 0x00007f3a87436a00, 0x00007f3ad30b0000)
 Metaspace       used 31753K, capacity 32193K, committed 32512K, reserved 32768K
}
Event: 8.090 GC heap before
{Heap before GC invocations=2 (full 1):
 def new generation   total 629248K, used 629248K [0x00007f3528600000, 0x00007f35530c0000, 0x00007f3a7db50000)
  eden space 559360K, 100% used [0x00007f3528600000, 0x00007f354a840000, 0x00007f354a840000)
  from space 69888K, 100% used [0x00007f354ec80000, 0x00007f35530c0000, 0x00007f35530c0000)
  to   space 69888K,   0% used [0x00007f354a840000, 0x00007f354a840000, 0x00007f354ec80000)
 tenured generation   total 1398144K, used 156570K [0x00007f3a7db50000, 0x00007f3ad30b0000, 0x00007f4528600000)
   the space 1398144K,  11% used [0x00007f3a7db50000, 0x00007f3a87436888, 0x00007f3a87436a00, 0x00007f3ad30b0000)
 Metaspace       used 31753K, capacity 32193K, committed 32512K, reserved 32768K
}
Event: 8.994 GC heap after
{Heap after GC invocations=3 (full 1):
 def new generation   total 629248K, used 69886K [0x00007f3528600000, 0x00007f35530c0000, 0x00007f3a7db50000)
  eden space 559360K,   0% used [0x00007f3528600000, 0x00007f3528600000, 0x00007f354a840000)
  from space 69888K,  99% used [0x00007f354a840000, 0x00007f354ec7fbf0, 0x00007f354ec80000)
  to   space 69888K,   0% used [0x00007f354ec80000, 0x00007f354ec80000, 0x00007f35530c0000)
 tenured generation   total 1398144K, used 679023K [0x00007f3a7db50000, 0x00007f3ad30b0000, 0x00007f4528600000)
   the space 1398144K,  48% used [0x00007f3a7db50000, 0x00007f3aa726bfd0, 0x00007f3aa726c000, 0x00007f3ad30b0000)
 Metaspace       used 31753K, capacity 32193K, committed 32512K, reserved 32768K
}
Event: 9.330 GC heap before
{Heap before GC invocations=3 (full 1):
 def new generation   total 629248K, used 629246K [0x00007f3528600000, 0x00007f35530c0000, 0x00007f3a7db50000)
  eden space 559360K, 100% used [0x00007f3528600000, 0x00007f354a840000, 0x00007f354a840000)
  from space 69888K,  99% used [0x00007f354a840000, 0x00007f354ec7fbf0, 0x00007f354ec80000)
  to   space 69888K,   0% used [0x00007f354ec80000, 0x00007f354ec80000, 0x00007f35530c0000)
 tenured generation   total 1398144K, used 679023K [0x00007f3a7db50000, 0x00007f3ad30b0000, 0x00007f4528600000)
   the space 1398144K,  48% used [0x00007f3a7db50000, 0x00007f3aa726bfd0, 0x00007f3aa726c000, 0x00007f3ad30b0000)
 Metaspace       used 31753K, capacity 32193K, committed 32512K, reserved 32768K
}
Event: 10.242 GC heap after
{Heap after GC invocations=4 (full 1):
 def new generation   total 629248K, used 69887K [0x00007f3528600000, 0x00007f35530c0000, 0x00007f3a7db50000)
  eden space 559360K,   0% used [0x00007f3528600000, 0x00007f3528600000, 0x00007f354a840000)
  from space 69888K,  99% used [0x00007f354ec80000, 0x00007f35530bfde8, 0x00007f35530c0000)
  to   space 69888K,   0% used [0x00007f354a840000, 0x00007f354a840000, 0x00007f354ec80000)
 tenured generation   total 1398144K, used 1238284K [0x00007f3a7db50000, 0x00007f3ad30b0000, 0x00007f4528600000)
   the space 1398144K,  88% used [0x00007f3a7db50000, 0x00007f3ac94933e8, 0x00007f3ac9493400, 0x00007f3ad30b0000)
 Metaspace       used 31753K, capacity 32193K, committed 32512K, reserved 32768K
}
Event: 10.600 GC heap before
{Heap before GC invocations=4 (full 1):
 def new generation   total 629248K, used 629247K [0x00007f3528600000, 0x00007f35530c0000, 0x00007f3a7db50000)
  eden space 559360K, 100% used [0x00007f3528600000, 0x00007f354a840000, 0x00007f354a840000)
  from space 69888K,  99% used [0x00007f354ec80000, 0x00007f35530bfde8, 0x00007f35530c0000)
  to   space 69888K,   0% used [0x00007f354a840000, 0x00007f354a840000, 0x00007f354ec80000)
 tenured generation   total 1398144K, used 1238284K [0x00007f3a7db50000, 0x00007f3ad30b0000, 0x00007f4528600000)
   the space 1398144K,  88% used [0x00007f3a7db50000, 0x00007f3ac94933e8, 0x00007f3ac9493400, 0x00007f3ad30b0000)
 Metaspace       used 31753K, capacity 32193K, committed 32512K, reserved 32768K
}
Event: 11.681 GC heap after
{Heap after GC invocations=5 (full 1):
 def new generation   total 629248K, used 69887K [0x00007f3528600000, 0x00007f35530c0000, 0x00007f3a7db50000)
  eden space 559360K,   0% used [0x00007f3528600000, 0x00007f3528600000, 0x00007f354a840000)
  from space 69888K,  99% used [0x00007f354a840000, 0x00007f354ec7fde8, 0x00007f354ec80000)
  to   space 69888K,   0% used [0x00007f354ec80000, 0x00007f354ec80000, 0x00007f35530c0000)
 tenured generation   total 1797696K, used 1797552K [0x00007f3a7db50000, 0x00007f3aeb6e0000, 0x00007f4528600000)
   the space 1797696K,  99% used [0x00007f3a7db50000, 0x00007f3aeb6bc288, 0x00007f3aeb6bc400, 0x00007f3aeb6e0000)
 Metaspace       used 31753K, capacity 32193K, committed 32512K, reserved 32768K
}
Event: 11.681 GC heap before
{Heap before GC invocations=5 (full 1):
 def new generation   total 629248K, used 69887K [0x00007f3528600000, 0x00007f35530c0000, 0x00007f3a7db50000)
  eden space 559360K,   0% used [0x00007f3528600000, 0x00007f3528600000, 0x00007f354a840000)
  from space 69888K,  99% used [0x00007f354a840000, 0x00007f354ec7fde8, 0x00007f354ec80000)
  to   space 69888K,   0% used [0x00007f354ec80000, 0x00007f354ec80000, 0x00007f35530c0000)
 tenured generation   total 1797696K, used 1797552K [0x00007f3a7db50000, 0x00007f3aeb6e0000, 0x00007f4528600000)
   the space 1797696K,  99% used [0x00007f3a7db50000, 0x00007f3aeb6bc288, 0x00007f3aeb6bc400, 0x00007f3aeb6e0000)
 Metaspace       used 31753K, capacity 32193K, committed 32512K, reserved 32768K
}
Event: 12.510 GC heap after
{Heap after GC invocations=5 (full 2):
 def new generation   total 1348352K, used 69744K [0x00007f3528600000, 0x00007f3583d00000, 0x00007f3a7db50000)
  eden space 1198592K,   5% used [0x00007f3528600000, 0x00007f352ca1c0c8, 0x00007f3571880000)
  from space 149760K,   0% used [0x00007f3571880000, 0x00007f3571880000, 0x00007f357aac0000)
  to   space 149760K,   0% used [0x00007f357aac0000, 0x00007f357aac0000, 0x00007f3583d00000)
 tenured generation   total 2996160K, used 1797695K [0x00007f3a7db50000, 0x00007f3b34940000, 0x00007f4528600000)
   the space 2996160K,  59% used [0x00007f3a7db50000, 0x00007f3aeb6dffa8, 0x00007f3aeb6e0000, 0x00007f3b34940000)
 Metaspace       used 31753K, capacity 32193K, committed 32512K, reserved 32768K
}
Event: 13.278 GC heap before
{Heap before GC invocations=5 (full 2):
 def new generation   total 1348352K, used 1198592K [0x00007f3528600000, 0x00007f3583d00000, 0x00007f3a7db50000)
  eden space 1198592K, 100% used [0x00007f3528600000, 0x00007f3571880000, 0x00007f3571880000)
  from space 149760K,   0% used [0x00007f3571880000, 0x00007f3571880000, 0x00007f357aac0000)
  to   space 149760K,   0% used [0x00007f357aac0000, 0x00007f357aac0000, 0x00007f3583d00000)
 tenured generation   total 2996160K, used 1797695K [0x00007f3a7db50000, 0x00007f3b34940000, 0x00007f4528600000)
   the space 2996160K,  59% used [0x00007f3a7db50000, 0x00007f3aeb6dffa8, 0x00007f3aeb6e0000, 0x00007f3b34940000)
 Metaspace       used 31755K, capacity 32193K, committed 32512K, reserved 32768K
}
Event: 15.848 GC heap after
{Heap after GC invocations=6 (full 2):
 def new generation   total 1348352K, used 149759K [0x00007f3528600000, 0x00007f3583d00000, 0x00007f3a7db50000)
  eden space 1198592K,   0% used [0x00007f3528600000, 0x00007f3528600000, 0x00007f3571880000)
  from space 149760K,  99% used [0x00007f357aac0000, 0x00007f3583cffe70, 0x00007f3583d00000)
  to   space 149760K,   0% used [0x00007f3571880000, 0x00007f3571880000, 0x00007f357aac0000)
 tenured generation   total 2996160K, used 2846469K [0x00007f3a7db50000, 0x00007f3b34940000, 0x00007f4528600000)
   the space 2996160K,  95% used [0x00007f3a7db50000, 0x00007f3b2b711688, 0x00007f3b2b711800, 0x00007f3b34940000)
 Metaspace       used 31755K, capacity 32193K, committed 32512K, reserved 32768K
}
Event: 16.593 GC heap before
{Heap before GC invocations=6 (full 2):
 def new generation   total 1348352K, used 1348351K [0x00007f3528600000, 0x00007f3583d00000, 0x00007f3a7db50000)
  eden space 1198592K, 100% used [0x00007f3528600000, 0x00007f3571880000, 0x00007f3571880000)
  from space 149760K,  99% used [0x00007f357aac0000, 0x00007f3583cffe70, 0x00007f3583d00000)
  to   space 149760K,   0% used [0x00007f3571880000, 0x00007f3571880000, 0x00007f357aac0000)
 tenured generation   total 2996160K, used 2846469K [0x00007f3a7db50000, 0x00007f3b34940000, 0x00007f4528600000)
   the space 2996160K,  95% used [0x00007f3a7db50000, 0x00007f3b2b711688, 0x00007f3b2b711800, 0x00007f3b34940000)
 Metaspace       used 31755K, capacity 32193K, committed 32512K, reserved 32768K
}
Event: 18.917 GC heap after
{Heap after GC invocations=7 (full 2):
 def new generation   total 1348352K, used 149759K [0x00007f3528600000, 0x00007f3583d00000, 0x00007f3a7db50000)
  eden space 1198592K,   0% used [0x00007f3528600000, 0x00007f3528600000, 0x00007f3571880000)
  from space 149760K,  99% used [0x00007f3571880000, 0x00007f357aabfe70, 0x00007f357aac0000)
  to   space 149760K,   0% used [0x00007f357aac0000, 0x00007f357aac0000, 0x00007f3583d00000)
 tenured generation   total 4045056K, used 4045000K [0x00007f3a7db50000, 0x00007f3b74990000, 0x00007f4528600000)
   the space 4045056K,  99% used [0x00007f3a7db50000, 0x00007f3b749823a8, 0x00007f3b74982400, 0x00007f3b74990000)
 Metaspace       used 31755K, capacity 32193K, committed 32512K, reserved 32768K
}
Event: 18.917 GC heap before
{Heap before GC invocations=7 (full 2):
 def new generation   total 1348352K, used 149759K [0x00007f3528600000, 0x00007f3583d00000, 0x00007f3a7db50000)
  eden space 1198592K,   0% used [0x00007f3528600000, 0x00007f3528600000, 0x00007f3571880000)
  from space 149760K,  99% used [0x00007f3571880000, 0x00007f357aabfe70, 0x00007f357aac0000)
  to   space 149760K,   0% used [0x00007f357aac0000, 0x00007f357aac0000, 0x00007f3583d00000)
 tenured generation   total 4045056K, used 4045000K [0x00007f3a7db50000, 0x00007f3b74990000, 0x00007f4528600000)
   the space 4045056K,  99% used [0x00007f3a7db50000, 0x00007f3b749823a8, 0x00007f3b74982400, 0x00007f3b74990000)
 Metaspace       used 31755K, capacity 32193K, committed 32512K, reserved 32768K
}
Event: 20.676 GC heap after
{Heap after GC invocations=7 (full 3):
 def new generation   total 3033856K, used 149705K [0x00007f3528600000, 0x00007f35f61f0000, 0x00007f3a7db50000)
  eden space 2696768K,   5% used [0x00007f3528600000, 0x00007f3531832578, 0x00007f35ccf90000)
  from space 337088K,   0% used [0x00007f35ccf90000, 0x00007f35ccf90000, 0x00007f35e18c0000)
  to   space 337088K,   0% used [0x00007f35e18c0000, 0x00007f35e18c0000, 0x00007f35f61f0000)
 tenured generation   total 6741760K, used 4045055K [0x00007f3a7db50000, 0x00007f3c19310000, 0x00007f4528600000)
   the space 6741760K,  59% used [0x00007f3a7db50000, 0x00007f3b7498fca0, 0x00007f3b7498fe00, 0x00007f3c19310000)
 Metaspace       used 31755K, capacity 32193K, committed 32512K, reserved 32768K
}
Event: 22.668 GC heap before
{Heap before GC invocations=7 (full 3):
 def new generation   total 3033856K, used 2696768K [0x00007f3528600000, 0x00007f35f61f0000, 0x00007f3a7db50000)
  eden space 2696768K, 100% used [0x00007f3528600000, 0x00007f35ccf90000, 0x00007f35ccf90000)
  from space 337088K,   0% used [0x00007f35ccf90000, 0x00007f35ccf90000, 0x00007f35e18c0000)
  to   space 337088K,   0% used [0x00007f35e18c0000, 0x00007f35e18c0000, 0x00007f35f61f0000)
 tenured generation   total 6741760K, used 4045055K [0x00007f3a7db50000, 0x00007f3c19310000, 0x00007f4528600000)
   the space 6741760K,  59% used [0x00007f3a7db50000, 0x00007f3b7498fca0, 0x00007f3b7498fe00, 0x00007f3c19310000)
 Metaspace       used 31755K, capacity 32193K, committed 32512K, reserved 32768K
}
Event: 28.347 GC heap after
{Heap after GC invocations=8 (full 3):
 def new generation   total 3033856K, used 337087K [0x00007f3528600000, 0x00007f35f61f0000, 0x00007f3a7db50000)
  eden space 2696768K,   0% used [0x00007f3528600000, 0x00007f3528600000, 0x00007f35ccf90000)
  from space 337088K,  99% used [0x00007f35e18c0000, 0x00007f35f61efe40, 0x00007f35f61f0000)
  to   space 337088K,   0% used [0x00007f35ccf90000, 0x00007f35ccf90000, 0x00007f35e18c0000)
 tenured generation   total 6741760K, used 6404685K [0x00007f3a7db50000, 0x00007f3c19310000, 0x00007f4528600000)
   the space 6741760K,  95% used [0x00007f3a7db50000, 0x00007f3c049e35f8, 0x00007f3c049e3600, 0x00007f3c19310000)
 Metaspace       used 31755K, capacity 32193K, committed 32512K, reserved 32768K
}
Event: 30.098 GC heap before
{Heap before GC invocations=8 (full 3):
 def new generation   total 3033856K, used 3033855K [0x00007f3528600000, 0x00007f35f61f0000, 0x00007f3a7db50000)
  eden space 2696768K, 100% used [0x00007f3528600000, 0x00007f35ccf90000, 0x00007f35ccf90000)
  from space 337088K,  99% used [0x00007f35e18c0000, 0x00007f35f61efe40, 0x00007f35f61f0000)
  to   space 337088K,   0% used [0x00007f35ccf90000, 0x00007f35ccf90000, 0x00007f35e18c0000)
 tenured generation   total 6741760K, used 6404685K [0x00007f3a7db50000, 0x00007f3c19310000, 0x00007f4528600000)
   the space 6741760K,  95% used [0x00007f3a7db50000, 0x00007f3c049e35f8, 0x00007f3c049e3600, 0x00007f3c19310000)
 Metaspace       used 31755K, capacity 32193K, committed 32512K, reserved 32768K
}
Event: 36.268 GC heap after
{Heap after GC invocations=9 (full 3):
 def new generation   total 3033856K, used 337087K [0x00007f3528600000, 0x00007f35f61f0000, 0x00007f3a7db50000)
  eden space 2696768K,   0% used [0x00007f3528600000, 0x00007f3528600000, 0x00007f35ccf90000)
  from space 337088K,  99% used [0x00007f35ccf90000, 0x00007f35e18bfe40, 0x00007f35e18c0000)
  to   space 337088K,   0% used [0x00007f35e18c0000, 0x00007f35e18c0000, 0x00007f35f61f0000)
 tenured generation   total 9101440K, used 9101389K [0x00007f3a7db50000, 0x00007f3ca9370000, 0x00007f4528600000)
   the space 9101440K,  99% used [0x00007f3a7db50000, 0x00007f3ca9363440, 0x00007f3ca9363600, 0x00007f3ca9370000)
 Metaspace       used 31755K, capacity 32193K, committed 32512K, reserved 32768K
}
Event: 36.268 GC heap before
{Heap before GC invocations=9 (full 3):
 def new generation   total 3033856K, used 337087K [0x00007f3528600000, 0x00007f35f61f0000, 0x00007f3a7db50000)
  eden space 2696768K,   0% used [0x00007f3528600000, 0x00007f3528600000, 0x00007f35ccf90000)
  from space 337088K,  99% used [0x00007f35ccf90000, 0x00007f35e18bfe40, 0x00007f35e18c0000)
  to   space 337088K,   0% used [0x00007f35e18c0000, 0x00007f35e18c0000, 0x00007f35f61f0000)
 tenured generation   total 9101440K, used 9101389K [0x00007f3a7db50000, 0x00007f3ca9370000, 0x00007f4528600000)
   the space 9101440K,  99% used [0x00007f3a7db50000, 0x00007f3ca9363440, 0x00007f3ca9363600, 0x00007f3ca9370000)
 Metaspace       used 31755K, capacity 32193K, committed 32512K, reserved 32768K
}

Deoptimization events (20 events):
Event: 7.035 Thread 0x00007f45407d2000 DEOPT PACKING pc=0x00007f45295d995e sp=0x00007f4528787ea0
Event: 7.035 Thread 0x00007f45407d2000 DEOPT UNPACKING pc=0x00007f45287d333a sp=0x00007f45287874e0 mode 0
Event: 7.036 Thread 0x00007f45407d2000 DEOPT PACKING pc=0x00007f45295d995e sp=0x00007f4528787ea0
Event: 7.036 Thread 0x00007f45407d2000 DEOPT UNPACKING pc=0x00007f45287d333a sp=0x00007f45287874e0 mode 0
Event: 7.036 Thread 0x00007f45407d2000 DEOPT PACKING pc=0x00007f45295d995e sp=0x00007f4528787ea0
Event: 7.036 Thread 0x00007f45407d2000 DEOPT UNPACKING pc=0x00007f45287d333a sp=0x00007f45287874e0 mode 0
Event: 7.036 Thread 0x00007f45407d2000 DEOPT PACKING pc=0x00007f45295d995e sp=0x00007f4528787ea0
Event: 7.036 Thread 0x00007f45407d2000 DEOPT UNPACKING pc=0x00007f45287d333a sp=0x00007f45287874e0 mode 0
Event: 7.037 Thread 0x00007f45407d2000 DEOPT PACKING pc=0x00007f45295d995e sp=0x00007f4528787ea0
Event: 7.037 Thread 0x00007f45407d2000 DEOPT UNPACKING pc=0x00007f45287d333a sp=0x00007f45287874e0 mode 0
Event: 7.037 Thread 0x00007f45407d2000 DEOPT PACKING pc=0x00007f45295d995e sp=0x00007f4528787ea0
Event: 7.037 Thread 0x00007f45407d2000 DEOPT UNPACKING pc=0x00007f45287d333a sp=0x00007f45287874e0 mode 0
Event: 7.037 Thread 0x00007f45407d2000 DEOPT PACKING pc=0x00007f45295d995e sp=0x00007f4528787ea0
Event: 7.037 Thread 0x00007f45407d2000 DEOPT UNPACKING pc=0x00007f45287d333a sp=0x00007f45287874e0 mode 0
Event: 7.037 Thread 0x00007f45407d2000 DEOPT PACKING pc=0x00007f45295d995e sp=0x00007f4528787ea0
Event: 7.038 Thread 0x00007f45407d2000 DEOPT UNPACKING pc=0x00007f45287d333a sp=0x00007f45287874e0 mode 0
Event: 7.038 Thread 0x00007f45407d2000 DEOPT PACKING pc=0x00007f45295d995e sp=0x00007f4528787ea0
Event: 7.038 Thread 0x00007f45407d2000 DEOPT UNPACKING pc=0x00007f45287d333a sp=0x00007f45287874e0 mode 0
Event: 7.050 Thread 0x00007f45407d2000 DEOPT PACKING pc=0x00007f45295d995e sp=0x00007f4528787ea0
Event: 7.050 Thread 0x00007f45407d2000 DEOPT UNPACKING pc=0x00007f45287d333a sp=0x00007f45287874e0 mode 0

Classes unloaded (0 events):
No events

Classes redefined (0 events):
No events

Internal exceptions (20 events):
Event: 3.322 Thread 0x00007f4540018000 Exception <a 'java/lang/NoSuchMethodError'{0x00007f3528834c50}: 'java.lang.Object java.lang.invoke.Invokers$Holder.invokeExact_MT(java.lang.Object, java.lang.Object, java.lang.Object, java.lang.Object, java.lang.Object, java.lang.Object)'> (0x00007f3528834c50) 
thrown [src/hotspot/share/interpreter/linkResolver.cpp, line 766]
Event: 3.414 Thread 0x00007f4540018000 Exception <a 'java/lang/NoSuchMethodError'{0x00007f3528a1f9c8}: 'java.lang.Object java.lang.invoke.DirectMethodHandle$Holder.invokeInterface(java.lang.Object, java.lang.Object, java.lang.Object)'> (0x00007f3528a1f9c8) 
thrown [src/hotspot/share/interpreter/linkResolver.cpp, line 766]
Event: 3.415 Thread 0x00007f4540018000 Exception <a 'java/lang/NoSuchMethodError'{0x00007f3528a2ebf8}: 'void java.lang.invoke.DirectMethodHandle$Holder.invokeStatic(java.lang.Object, java.lang.Object, java.lang.Object, java.lang.Object)'> (0x00007f3528a2ebf8) 
thrown [src/hotspot/share/interpreter/linkResolver.cpp, line 766]
Event: 3.484 Thread 0x00007f4540018000 Exception <a 'java/lang/NoSuchMethodError'{0x00007f3528bf59d8}: 'double java.lang.invoke.DirectMethodHandle$Holder.invokeStatic(java.lang.Object, java.lang.Object)'> (0x00007f3528bf59d8) 
thrown [src/hotspot/share/interpreter/linkResolver.cpp, line 766]
Event: 3.513 Thread 0x00007f4540018000 Exception <a 'java/lang/NoSuchMethodError'{0x00007f3528d081d8}: 'int java.lang.invoke.DirectMethodHandle$Holder.invokeStatic(java.lang.Object, java.lang.Object, java.lang.Object, int)'> (0x00007f3528d081d8) 
thrown [src/hotspot/share/interpreter/linkResolver.cpp, line 766]
Event: 3.524 Thread 0x00007f4540018000 Exception <a 'java/lang/NoSuchMethodError'{0x00007f3528d13d08}: 'int java.lang.invoke.DirectMethodHandle$Holder.invokeStatic(java.lang.Object, java.lang.Object, int)'> (0x00007f3528d13d08) 
thrown [src/hotspot/share/interpreter/linkResolver.cpp, line 766]
Event: 3.648 Thread 0x00007f4540018000 Exception <a 'java/lang/IncompatibleClassChangeError'{0x00007f35290af340}: Found class java.lang.Object, but interface was expected> (0x00007f35290af340) 
thrown [src/hotspot/share/interpreter/linkResolver.cpp, line 833]
Event: 3.913 Thread 0x00007f4540018000 Exception <a 'java/lang/NoSuchMethodError'{0x00007f352c59d9b8}: 'void java.lang.invoke.DirectMethodHandle$Holder.invokeStatic(java.lang.Object, java.lang.Object, int)'> (0x00007f352c59d9b8) 
thrown [src/hotspot/share/interpreter/linkResolver.cpp, line 766]
Event: 3.978 Thread 0x00007f4540018000 Exception <a 'java/lang/NoSuchMethodError'{0x00007f352d48d138}: 'java.lang.Object java.lang.invoke.Invokers$Holder.linkToTargetMethod(double, java.lang.Object)'> (0x00007f352d48d138) 
thrown [src/hotspot/share/interpreter/linkResolver.cpp, line 766]
Event: 4.276 Thread 0x00007f4540018000 Exception <a 'java/lang/ClassNotFoundException'{0x00007f352e90e4d8}: com/sun/org/apache/xerces/internal/impl/msg/spi/SAXMessagesProvider> (0x00007f352e90e4d8) 
thrown [src/hotspot/share/classfile/systemDictionary.cpp, line 232]
Event: 4.828 Thread 0x00007f4540018000 Exception <a 'java/lang/NoSuchMethodError'{0x00007f352fa267d8}: 'java.lang.Object java.lang.invoke.DirectMethodHandle$Holder.invokeStaticInit(java.lang.Object, java.lang.Object, java.lang.Object)'> (0x00007f352fa267d8) 
thrown [src/hotspot/share/interpreter/linkResolver.cpp, line 766]
Event: 4.829 Thread 0x00007f4540018000 Exception <a 'java/lang/NoSuchMethodError'{0x00007f352fa317a0}: 'void java.lang.invoke.DirectMethodHandle$Holder.invokeStatic(java.lang.Object, java.lang.Object, java.lang.Object, java.lang.Object, java.lang.Object, java.lang.Object)'> (0x00007f352fa317a0) 
thrown [src/hotspot/share/interpreter/linkResolver.cpp, line 766]
Event: 4.837 Thread 0x00007f4540018000 Exception <a 'java/lang/NoSuchMethodError'{0x00007f352fa690c0}: 'void java.lang.invoke.DirectMethodHandle$Holder.invokeStaticInit(java.lang.Object, java.lang.Object, java.lang.Object)'> (0x00007f352fa690c0) 
thrown [src/hotspot/share/interpreter/linkResolver.cpp, line 766]
Event: 4.849 Thread 0x00007f4540018000 Exception <a 'java/net/UnknownHostException'{0x00007f352fa8a3d0}> (0x00007f352fa8a3d0) 
thrown [src/hotspot/share/prims/jni.cpp, line 598]
Event: 5.033 Thread 0x00007f4540018000 Exception <a 'java/net/UnknownHostException'{0x00007f35307a5d60}> (0x00007f35307a5d60) 
thrown [src/hotspot/share/prims/jni.cpp, line 598]
Event: 5.176 Thread 0x00007f4540018000 Exception <a 'java/net/UnknownHostException'{0x00007f35312cbf20}> (0x00007f35312cbf20) 
thrown [src/hotspot/share/prims/jni.cpp, line 598]
Event: 5.644 Thread 0x00007f4540018000 Exception <a 'java/net/UnknownHostException'{0x00007f35330ee6b0}> (0x00007f35330ee6b0) 
thrown [src/hotspot/share/prims/jni.cpp, line 598]
Event: 5.758 Thread 0x00007f4540018000 Exception <a 'java/net/UnknownHostException'{0x00007f3534121480}> (0x00007f3534121480) 
thrown [src/hotspot/share/prims/jni.cpp, line 598]
Event: 5.848 Thread 0x00007f4540018000 Exception <a 'java/net/UnknownHostException'{0x00007f3534c113b0}> (0x00007f3534c113b0) 
thrown [src/hotspot/share/prims/jni.cpp, line 598]
Event: 6.005 Thread 0x00007f4540018000 Exception <a 'java/net/UnknownHostException'{0x00007f3535dcc328}> (0x00007f3535dcc328) 
thrown [src/hotspot/share/prims/jni.cpp, line 598]

Events (20 events):
Event: 6.144 loading class org/apache/commons/math3/linear/SingularMatrixException done
Event: 6.146 loading class org/apache/commons/math3/optim/PointValuePair
Event: 6.146 loading class org/apache/commons/math3/optim/PointValuePair done
Event: 6.147 loading class org/apache/commons/math3/util/Pair
Event: 6.147 loading class org/apache/commons/math3/util/Pair done
Event: 7.329 Executing VM operation: GenCollectForAllocation
Event: 7.656 Executing VM operation: GenCollectForAllocation done
Event: 8.090 Executing VM operation: GenCollectForAllocation
Event: 8.994 Executing VM operation: GenCollectForAllocation done
Event: 9.330 Executing VM operation: GenCollectForAllocation
Event: 10.242 Executing VM operation: GenCollectForAllocation done
Event: 10.599 Executing VM operation: GenCollectForAllocation
Event: 12.510 Executing VM operation: GenCollectForAllocation done
Event: 13.277 Executing VM operation: GenCollectForAllocation
Event: 15.848 Executing VM operation: GenCollectForAllocation done
Event: 16.593 Executing VM operation: GenCollectForAllocation
Event: 20.676 Executing VM operation: GenCollectForAllocation done
Event: 22.667 Executing VM operation: GenCollectForAllocation
Event: 28.347 Executing VM operation: GenCollectForAllocation done
Event: 30.098 Executing VM operation: GenCollectForAllocation


Dynamic libraries:
5635f7930000-5635f7931000 r--p 00000000 07:15 4860                       /usr/lib/jvm/java-13-openjdk-amd64/bin/java
5635f7931000-5635f7932000 r-xp 00001000 07:15 4860                       /usr/lib/jvm/java-13-openjdk-amd64/bin/java
5635f7932000-5635f7933000 r--p 00002000 07:15 4860                       /usr/lib/jvm/java-13-openjdk-amd64/bin/java
5635f7933000-5635f7934000 r--p 00002000 07:15 4860                       /usr/lib/jvm/java-13-openjdk-amd64/bin/java
5635f7934000-5635f7935000 rw-p 00003000 07:15 4860                       /usr/lib/jvm/java-13-openjdk-amd64/bin/java
5635f9282000-5635f92a3000 rw-p 00000000 00:00 0                          [heap]
7f34ec000000-7f34ec021000 rw-p 00000000 00:00 0 
7f34ec021000-7f34f0000000 ---p 00000000 00:00 0 
7f34f0000000-7f34f003d000 rw-p 00000000 00:00 0 
7f34f003d000-7f34f4000000 ---p 00000000 00:00 0 
7f34f4000000-7f34f4021000 rw-p 00000000 00:00 0 
7f34f4021000-7f34f8000000 ---p 00000000 00:00 0 
7f34f8000000-7f34f8021000 rw-p 00000000 00:00 0 
7f34f8021000-7f34fc000000 ---p 00000000 00:00 0 
7f34fc000000-7f34fd809000 rw-p 00000000 00:00 0 
7f34fd809000-7f3500000000 ---p 00000000 00:00 0 
7f3500000000-7f3500c2a000 rw-p 00000000 00:00 0 
7f3500c2a000-7f3504000000 ---p 00000000 00:00 0 
7f3504000000-7f3504021000 rw-p 00000000 00:00 0 
7f3504021000-7f3508000000 ---p 00000000 00:00 0 
7f3508000000-7f3508021000 rw-p 00000000 00:00 0 
7f3508021000-7f350c000000 ---p 00000000 00:00 0 
7f350c000000-7f350c021000 rw-p 00000000 00:00 0 
7f350c021000-7f3510000000 ---p 00000000 00:00 0 
7f3510000000-7f3510021000 rw-p 00000000 00:00 0 
7f3510021000-7f3514000000 ---p 00000000 00:00 0 
7f3514000000-7f3514069000 rw-p 00000000 00:00 0 
7f3514069000-7f3518000000 ---p 00000000 00:00 0 
7f351a0a9000-7f351a269000 rw-p 00000000 00:00 0 
7f351a269000-7f351a2a9000 ---p 00000000 00:00 0 
7f351a2a9000-7f351a4a9000 rw-p 00000000 00:00 0 
7f351a4a9000-7f351a6a9000 rw-p 00000000 00:00 0 
7f351a6a9000-7f351a8a9000 rw-p 00000000 00:00 0 
7f351a8a9000-7f351aaa9000 rw-p 00000000 00:00 0 
7f351aaa9000-7f351aca9000 rw-p 00000000 00:00 0 
7f351aca9000-7f351aea9000 rw-p 00000000 00:00 0 
7f351aea9000-7f351c206000 rw-p 00000000 00:00 0 
7f351c206000-7f35205ff000 ---p 00000000 00:00 0 
7f35205ff000-7f3520c6d000 rw-p 00000000 00:00 0 
7f3520c6d000-7f35230a9000 ---p 00000000 00:00 0 
7f35230a9000-7f3524206000 rw-p 00000000 00:00 0 
7f3524206000-7f35285ff000 ---p 00000000 00:00 0 
7f35285ff000-7f35f61f0000 rw-p 00000000 00:00 0 
7f35f61f0000-7f3a7db50000 ---p 00000000 00:00 0 
7f3a7db50000-7f3ca9370000 rw-p 00000000 00:00 0 
7f3e1b8db000-7f4528600000 ---p 00000000 00:00 0 
7f4528689000-7f452868d000 ---p 00000000 00:00 0 
7f452868d000-7f452878a000 rw-p 00000000 00:00 0 
7f452878a000-7f45289fa000 rwxp 00000000 00:00 0 
7f45289fa000-7f4528d19000 ---p 00000000 00:00 0 
7f4528d19000-7f45295e9000 rwxp 00000000 00:00 0 
7f45295e9000-7f4530251000 ---p 00000000 00:00 0 
7f4530251000-7f45304c1000 rwxp 00000000 00:00 0 
7f45304c1000-7f453778a000 ---p 00000000 00:00 0 
7f453778a000-7f4540000000 r--s 00000000 07:15 5215                       /usr/lib/jvm/java-13-openjdk-amd64/lib/modules
7f4540000000-7f45407fc000 rw-p 00000000 00:00 0 
7f45407fc000-7f4544000000 ---p 00000000 00:00 0 
7f45440c3000-7f45440c7000 r--p 00000000 07:15 9178                       /usr/lib/x86_64-linux-gnu/libresolv-2.31.so
7f45440c7000-7f45440d7000 r-xp 00004000 07:15 9178                       /usr/lib/x86_64-linux-gnu/libresolv-2.31.so
7f45440d7000-7f45440db000 r--p 00014000 07:15 9178                       /usr/lib/x86_64-linux-gnu/libresolv-2.31.so
7f45440db000-7f45440dc000 r--p 00017000 07:15 9178                       /usr/lib/x86_64-linux-gnu/libresolv-2.31.so
7f45440dc000-7f45440dd000 rw-p 00018000 07:15 9178                       /usr/lib/x86_64-linux-gnu/libresolv-2.31.so
7f45440dd000-7f45440df000 rw-p 00000000 00:00 0 
7f45440df000-7f45440e0000 r--p 00000000 07:15 9105                       /usr/lib/x86_64-linux-gnu/libnss_dns-2.31.so
7f45440e0000-7f45440e4000 r-xp 00001000 07:15 9105                       /usr/lib/x86_64-linux-gnu/libnss_dns-2.31.so
7f45440e4000-7f45440e5000 r--p 00005000 07:15 9105                       /usr/lib/x86_64-linux-gnu/libnss_dns-2.31.so
7f45440e5000-7f45440e6000 r--p 00005000 07:15 9105                       /usr/lib/x86_64-linux-gnu/libnss_dns-2.31.so
7f45440e6000-7f45440e7000 rw-p 00006000 07:15 9105                       /usr/lib/x86_64-linux-gnu/libnss_dns-2.31.so
7f45440e7000-7f45440e9000 r--p 00000000 07:15 5202                       /usr/lib/jvm/java-13-openjdk-amd64/lib/libmanagement_ext.so
7f45440e9000-7f45440ec000 r-xp 00002000 07:15 5202                       /usr/lib/jvm/java-13-openjdk-amd64/lib/libmanagement_ext.so
7f45440ec000-7f45440ed000 r--p 00005000 07:15 5202                       /usr/lib/jvm/java-13-openjdk-amd64/lib/libmanagement_ext.so
7f45440ed000-7f45440ee000 ---p 00006000 07:15 5202                       /usr/lib/jvm/java-13-openjdk-amd64/lib/libmanagement_ext.so
7f45440ee000-7f45440ef000 r--p 00006000 07:15 5202                       /usr/lib/jvm/java-13-openjdk-amd64/lib/libmanagement_ext.so
7f45440ef000-7f45440f0000 rw-p 00007000 07:15 5202                       /usr/lib/jvm/java-13-openjdk-amd64/lib/libmanagement_ext.so
7f45440f0000-7f45440f3000 r--p 00000000 07:15 5200                       /usr/lib/jvm/java-13-openjdk-amd64/lib/libmanagement.so
7f45440f3000-7f45440f4000 r-xp 00003000 07:15 5200                       /usr/lib/jvm/java-13-openjdk-amd64/lib/libmanagement.so
7f45440f4000-7f45440f5000 r--p 00004000 07:15 5200                       /usr/lib/jvm/java-13-openjdk-amd64/lib/libmanagement.so
7f45440f5000-7f45440f6000 r--p 00004000 07:15 5200                       /usr/lib/jvm/java-13-openjdk-amd64/lib/libmanagement.so
7f45440f6000-7f45440f7000 rw-p 00005000 07:15 5200                       /usr/lib/jvm/java-13-openjdk-amd64/lib/libmanagement.so
7f45440f7000-7f4544497000 rw-p 00000000 00:00 0 
7f4544497000-7f4544697000 rw-p 00000000 00:00 0 
7f4544697000-7f4544897000 rw-p 00000000 00:00 0 
7f4544897000-7f4544a97000 rw-p 00000000 00:00 0 
7f4544a97000-7f4544ac8000 rw-p 00000000 00:00 0 
7f4544ac8000-7f4544acc000 r--p 00000000 07:15 5204                       /usr/lib/jvm/java-13-openjdk-amd64/lib/libnet.so
7f4544acc000-7f4544ada000 r-xp 00004000 07:15 5204                       /usr/lib/jvm/java-13-openjdk-amd64/lib/libnet.so
7f4544ada000-7f4544ade000 r--p 00012000 07:15 5204                       /usr/lib/jvm/java-13-openjdk-amd64/lib/libnet.so
7f4544ade000-7f4544adf000 r--p 00015000 07:15 5204                       /usr/lib/jvm/java-13-openjdk-amd64/lib/libnet.so
7f4544adf000-7f4544ae0000 rw-p 00016000 07:15 5204                       /usr/lib/jvm/java-13-openjdk-amd64/lib/libnet.so
7f4544ae0000-7f4544ae7000 r--p 00000000 07:15 5205                       /usr/lib/jvm/java-13-openjdk-amd64/lib/libnio.so
7f4544ae7000-7f4544af0000 r-xp 00007000 07:15 5205                       /usr/lib/jvm/java-13-openjdk-amd64/lib/libnio.so
7f4544af0000-7f4544af4000 r--p 00010000 07:15 5205                       /usr/lib/jvm/java-13-openjdk-amd64/lib/libnio.so
7f4544af4000-7f4544af5000 r--p 00013000 07:15 5205                       /usr/lib/jvm/java-13-openjdk-amd64/lib/libnio.so
7f4544af5000-7f4544af6000 rw-p 00014000 07:15 5205                       /usr/lib/jvm/java-13-openjdk-amd64/lib/libnio.so
7f4544af6000-7f4544af7000 ---p 00000000 00:00 0 
7f4544af7000-7f4544bf8000 rw-p 00000000 00:00 0 
7f4544bf8000-7f4544bfc000 ---p 00000000 00:00 0 
7f4544bfc000-7f4544cf9000 rw-p 00000000 00:00 0 
7f4544cf9000-7f4544cfd000 ---p 00000000 00:00 0 
7f4544cfd000-7f4544dfa000 rw-p 00000000 00:00 0 
7f4544dfa000-7f4544dfe000 ---p 00000000 00:00 0 
7f4544dfe000-7f4544efb000 rw-p 00000000 00:00 0 
7f4544efb000-7f4544eff000 ---p 00000000 00:00 0 
7f4544eff000-7f4544ffc000 rw-p 00000000 00:00 0 
7f4544ffc000-7f4545000000 ---p 00000000 00:00 0 
7f4545000000-7f45450fd000 rw-p 00000000 00:00 0 
7f45450fd000-7f4545101000 ---p 00000000 00:00 0 
7f4545101000-7f45451fe000 rw-p 00000000 00:00 0 
7f45451fe000-7f4545205000 r--s 00000000 07:15 8532                       /usr/lib/x86_64-linux-gnu/gconv/gconv-modules.cache
7f4545205000-7f4545237000 r--p 00000000 07:15 5276                       /usr/lib/locale/C.UTF-8/LC_CTYPE
7f4545237000-7f454523b000 ---p 00000000 00:00 0 
7f454523b000-7f4545338000 rw-p 00000000 00:00 0 
7f4545338000-7f454533c000 ---p 00000000 00:00 0 
7f454533c000-7f4545439000 rw-p 00000000 00:00 0 
7f4545439000-7f454543a000 ---p 00000000 00:00 0 
7f454543a000-7f4545e58000 rw-p 00000000 00:00 0 
7f4545e58000-7f4545e5d000 rw-p 00000000 00:00 0 
7f4545e5d000-7f4545f43000 ---p 00000000 00:00 0 
7f4545f43000-7f4545f55000 rw-p 00000000 00:00 0 
7f4545f55000-7f454602e000 ---p 00000000 00:00 0 
7f454602e000-7f4546033000 rw-p 00000000 00:00 0 
7f4546033000-7f454603a000 ---p 00000000 00:00 0 
7f454603a000-7f454603c000 r--p 00000000 07:15 5214                       /usr/lib/jvm/java-13-openjdk-amd64/lib/libzip.so
7f454603c000-7f4546040000 r-xp 00002000 07:15 5214                       /usr/lib/jvm/java-13-openjdk-amd64/lib/libzip.so
7f4546040000-7f4546042000 r--p 00006000 07:15 5214                       /usr/lib/jvm/java-13-openjdk-amd64/lib/libzip.so
7f4546042000-7f4546043000 r--p 00007000 07:15 5214                       /usr/lib/jvm/java-13-openjdk-amd64/lib/libzip.so
7f4546043000-7f4546044000 rw-p 00008000 07:15 5214                       /usr/lib/jvm/java-13-openjdk-amd64/lib/libzip.so
7f4546044000-7f454604c000 rw-s 00000000 08:03 34981461                   /tmp/hsperfdata_rcabanas/1106
7f454604c000-7f454604f000 r--p 00000000 07:15 9108                       /usr/lib/x86_64-linux-gnu/libnss_files-2.31.so
7f454604f000-7f4546056000 r-xp 00003000 07:15 9108                       /usr/lib/x86_64-linux-gnu/libnss_files-2.31.so
7f4546056000-7f4546058000 r--p 0000a000 07:15 9108                       /usr/lib/x86_64-linux-gnu/libnss_files-2.31.so
7f4546058000-7f4546059000 r--p 0000b000 07:15 9108                       /usr/lib/x86_64-linux-gnu/libnss_files-2.31.so
7f4546059000-7f454605a000 rw-p 0000c000 07:15 9108                       /usr/lib/x86_64-linux-gnu/libnss_files-2.31.so
7f454605a000-7f4546060000 rw-p 00000000 00:00 0 
7f4546066000-7f4546068000 r--p 00000000 07:15 5195                       /usr/lib/jvm/java-13-openjdk-amd64/lib/libjimage.so
7f4546068000-7f454606b000 r-xp 00002000 07:15 5195                       /usr/lib/jvm/java-13-openjdk-amd64/lib/libjimage.so
7f454606b000-7f454606c000 r--p 00005000 07:15 5195                       /usr/lib/jvm/java-13-openjdk-amd64/lib/libjimage.so
7f454606c000-7f454606d000 ---p 00006000 07:15 5195                       /usr/lib/jvm/java-13-openjdk-amd64/lib/libjimage.so
7f454606d000-7f454606e000 r--p 00006000 07:15 5195                       /usr/lib/jvm/java-13-openjdk-amd64/lib/libjimage.so
7f454606e000-7f454606f000 rw-p 00007000 07:15 5195                       /usr/lib/jvm/java-13-openjdk-amd64/lib/libjimage.so
7f454606f000-7f454607c000 r--p 00000000 07:15 5191                       /usr/lib/jvm/java-13-openjdk-amd64/lib/libjava.so
7f454607c000-7f4546091000 r-xp 0000d000 07:15 5191                       /usr/lib/jvm/java-13-openjdk-amd64/lib/libjava.so
7f4546091000-7f4546097000 r--p 00022000 07:15 5191                       /usr/lib/jvm/java-13-openjdk-amd64/lib/libjava.so
7f4546097000-7f4546098000 ---p 00028000 07:15 5191                       /usr/lib/jvm/java-13-openjdk-amd64/lib/libjava.so
7f4546098000-7f4546099000 r--p 00028000 07:15 5191                       /usr/lib/jvm/java-13-openjdk-amd64/lib/libjava.so
7f4546099000-7f454609b000 rw-p 00029000 07:15 5191                       /usr/lib/jvm/java-13-openjdk-amd64/lib/libjava.so
7f454609b000-7f45460a0000 r--p 00000000 07:15 5213                       /usr/lib/jvm/java-13-openjdk-amd64/lib/libverify.so
7f45460a0000-7f45460a7000 r-xp 00005000 07:15 5213                       /usr/lib/jvm/java-13-openjdk-amd64/lib/libverify.so
7f45460a7000-7f45460a9000 r--p 0000c000 07:15 5213                       /usr/lib/jvm/java-13-openjdk-amd64/lib/libverify.so
7f45460a9000-7f45460aa000 ---p 0000e000 07:15 5213                       /usr/lib/jvm/java-13-openjdk-amd64/lib/libverify.so
7f45460aa000-7f45460ac000 r--p 0000e000 07:15 5213                       /usr/lib/jvm/java-13-openjdk-amd64/lib/libverify.so
7f45460ac000-7f45460ad000 rw-p 00010000 07:15 5213                       /usr/lib/jvm/java-13-openjdk-amd64/lib/libverify.so
7f45460ad000-7f45460b1000 ---p 00000000 00:00 0 
7f45460b1000-7f45461ae000 rw-p 00000000 00:00 0 
7f45461ae000-7f45461b1000 r--p 00000000 07:15 8948                       /usr/lib/x86_64-linux-gnu/libgcc_s.so.1
7f45461b1000-7f45461c3000 r-xp 00003000 07:15 8948                       /usr/lib/x86_64-linux-gnu/libgcc_s.so.1
7f45461c3000-7f45461c7000 r--p 00015000 07:15 8948                       /usr/lib/x86_64-linux-gnu/libgcc_s.so.1
7f45461c7000-7f45461c8000 r--p 00018000 07:15 8948                       /usr/lib/x86_64-linux-gnu/libgcc_s.so.1
7f45461c8000-7f45461c9000 rw-p 00019000 07:15 8948                       /usr/lib/x86_64-linux-gnu/libgcc_s.so.1
7f45461c9000-7f45461d6000 r--p 00000000 07:15 9062                       /usr/lib/x86_64-linux-gnu/libm-2.31.so
7f45461d6000-7f454627d000 r-xp 0000d000 07:15 9062                       /usr/lib/x86_64-linux-gnu/libm-2.31.so
7f454627d000-7f4546316000 r--p 000b4000 07:15 9062                       /usr/lib/x86_64-linux-gnu/libm-2.31.so
7f4546316000-7f4546317000 r--p 0014c000 07:15 9062                       /usr/lib/x86_64-linux-gnu/libm-2.31.so
7f4546317000-7f4546318000 rw-p 0014d000 07:15 9062                       /usr/lib/x86_64-linux-gnu/libm-2.31.so
7f4546318000-7f45463ae000 r--p 00000000 07:15 9213                       /usr/lib/x86_64-linux-gnu/libstdc++.so.6.0.28
7f45463ae000-7f454649f000 r-xp 00096000 07:15 9213                       /usr/lib/x86_64-linux-gnu/libstdc++.so.6.0.28
7f454649f000-7f45464e8000 r--p 00187000 07:15 9213                       /usr/lib/x86_64-linux-gnu/libstdc++.so.6.0.28
7f45464e8000-7f45464e9000 ---p 001d0000 07:15 9213                       /usr/lib/x86_64-linux-gnu/libstdc++.so.6.0.28
7f45464e9000-7f45464f4000 r--p 001d0000 07:15 9213                       /usr/lib/x86_64-linux-gnu/libstdc++.so.6.0.28
7f45464f4000-7f45464f7000 rw-p 001db000 07:15 9213                       /usr/lib/x86_64-linux-gnu/libstdc++.so.6.0.28
7f45464f7000-7f45464fa000 rw-p 00000000 00:00 0 
7f45464fa000-7f4546780000 r--p 00000000 07:15 5226                       /usr/lib/jvm/java-13-openjdk-amd64/lib/server/libjvm.so
7f4546780000-7f45474fd000 r-xp 00286000 07:15 5226                       /usr/lib/jvm/java-13-openjdk-amd64/lib/server/libjvm.so
7f45474fd000-7f4547778000 r--p 01003000 07:15 5226                       /usr/lib/jvm/java-13-openjdk-amd64/lib/server/libjvm.so
7f4547778000-7f454783d000 r--p 0127d000 07:15 5226                       /usr/lib/jvm/java-13-openjdk-amd64/lib/server/libjvm.so
7f454783d000-7f4547878000 rw-p 01342000 07:15 5226                       /usr/lib/jvm/java-13-openjdk-amd64/lib/server/libjvm.so
7f4547878000-7f45478fe000 rw-p 00000000 00:00 0 
7f45478fe000-7f4547904000 r--p 00000000 07:15 9166                       /usr/lib/x86_64-linux-gnu/libpthread-2.31.so
7f4547904000-7f4547915000 r-xp 00006000 07:15 9166                       /usr/lib/x86_64-linux-gnu/libpthread-2.31.so
7f4547915000-7f454791b000 r--p 00017000 07:15 9166                       /usr/lib/x86_64-linux-gnu/libpthread-2.31.so
7f454791b000-7f454791c000 r--p 0001c000 07:15 9166                       /usr/lib/x86_64-linux-gnu/libpthread-2.31.so
7f454791c000-7f454791d000 rw-p 0001d000 07:15 9166                       /usr/lib/x86_64-linux-gnu/libpthread-2.31.so
7f454791d000-7f4547921000 rw-p 00000000 00:00 0 
7f4547921000-7f4547922000 r--p 00000000 07:15 8893                       /usr/lib/x86_64-linux-gnu/libdl-2.31.so
7f4547922000-7f4547924000 r-xp 00001000 07:15 8893                       /usr/lib/x86_64-linux-gnu/libdl-2.31.so
7f4547924000-7f4547925000 r--p 00003000 07:15 8893                       /usr/lib/x86_64-linux-gnu/libdl-2.31.so
7f4547925000-7f4547926000 r--p 00003000 07:15 8893                       /usr/lib/x86_64-linux-gnu/libdl-2.31.so
7f4547926000-7f4547927000 rw-p 00004000 07:15 8893                       /usr/lib/x86_64-linux-gnu/libdl-2.31.so
7f4547927000-7f4547929000 r--p 00000000 07:15 9290                       /usr/lib/x86_64-linux-gnu/libz.so.1.2.11
7f4547929000-7f454793a000 r-xp 00002000 07:15 9290                       /usr/lib/x86_64-linux-gnu/libz.so.1.2.11
7f454793a000-7f4547940000 r--p 00013000 07:15 9290                       /usr/lib/x86_64-linux-gnu/libz.so.1.2.11
7f4547940000-7f4547941000 ---p 00019000 07:15 9290                       /usr/lib/x86_64-linux-gnu/libz.so.1.2.11
7f4547941000-7f4547942000 r--p 00019000 07:15 9290                       /usr/lib/x86_64-linux-gnu/libz.so.1.2.11
7f4547942000-7f4547943000 rw-p 0001a000 07:15 9290                       /usr/lib/x86_64-linux-gnu/libz.so.1.2.11
7f4547943000-7f4547965000 r--p 00000000 07:15 8851                       /usr/lib/x86_64-linux-gnu/libc-2.31.so
7f4547965000-7f4547add000 r-xp 00022000 07:15 8851                       /usr/lib/x86_64-linux-gnu/libc-2.31.so
7f4547add000-7f4547b2b000 r--p 0019a000 07:15 8851                       /usr/lib/x86_64-linux-gnu/libc-2.31.so
7f4547b2b000-7f4547b2f000 r--p 001e7000 07:15 8851                       /usr/lib/x86_64-linux-gnu/libc-2.31.so
7f4547b2f000-7f4547b31000 rw-p 001eb000 07:15 8851                       /usr/lib/x86_64-linux-gnu/libc-2.31.so
7f4547b31000-7f4547b35000 rw-p 00000000 00:00 0 
7f4547b37000-7f4547b39000 r--s 0000c000 07:15 20930                      /usr/share/java/java-atk-wrapper.jar
7f4547b39000-7f4547b3a000 ---p 00000000 00:00 0 
7f4547b3a000-7f4547b3b000 r--p 00000000 00:00 0 
7f4547b3b000-7f4547b3e000 r--p 00000000 07:15 5196                       /usr/lib/jvm/java-13-openjdk-amd64/lib/libjli.so
7f4547b3e000-7f4547b48000 r-xp 00003000 07:15 5196                       /usr/lib/jvm/java-13-openjdk-amd64/lib/libjli.so
7f4547b48000-7f4547b4b000 r--p 0000d000 07:15 5196                       /usr/lib/jvm/java-13-openjdk-amd64/lib/libjli.so
7f4547b4b000-7f4547b4c000 r--p 0000f000 07:15 5196                       /usr/lib/jvm/java-13-openjdk-amd64/lib/libjli.so
7f4547b4c000-7f4547b4d000 rw-p 00010000 07:15 5196                       /usr/lib/jvm/java-13-openjdk-amd64/lib/libjli.so
7f4547b4d000-7f4547b4f000 rw-p 00000000 00:00 0 
7f4547b4f000-7f4547b50000 r--p 00000000 07:15 8572                       /usr/lib/x86_64-linux-gnu/ld-2.31.so
7f4547b50000-7f4547b73000 r-xp 00001000 07:15 8572                       /usr/lib/x86_64-linux-gnu/ld-2.31.so
7f4547b73000-7f4547b7b000 r--p 00024000 07:15 8572                       /usr/lib/x86_64-linux-gnu/ld-2.31.so
7f4547b7b000-7f4547b7c000 ---p 00000000 00:00 0 
7f4547b7c000-7f4547b7d000 r--p 0002c000 07:15 8572                       /usr/lib/x86_64-linux-gnu/ld-2.31.so
7f4547b7d000-7f4547b7e000 rw-p 0002d000 07:15 8572                       /usr/lib/x86_64-linux-gnu/ld-2.31.so
7f4547b7e000-7f4547b7f000 rw-p 00000000 00:00 0 
7ffd25753000-7ffd25774000 rw-p 00000000 00:00 0                          [stack]
7ffd257c6000-7ffd257c8000 r-xp 00000000 00:00 0                          [vdso]
ffffffffff600000-ffffffffff601000 r-xp 00000000 00:00 0                  [vsyscall]


VM Arguments:
jvm_args: -Xmx64g --add-modules=ALL-DEFAULT 
java_command: jdk.compiler/com.sun.tools.javac.launcher.Main /mnt/beegfs/rcabanas/dev/credici/papers/journalPGM/code/LearnSelectBias.java -w -o /mnt/beegfs/rcabanas/dev/credici/papers/journalPGM/output/biased/synthetic/s12 -m 500 -x 300 -s 0 /mnt/beegfs/rcabanas/dev/credici/papers/journalPGM/models/synthetic/s12/random_mc2_n9_mid3_d1000_05_mr098_r10_2.uai
java_class_path (initial): /mnt/beegfs/rcabanas/dev/credici/target/credici-0.1.5-dev-SNAPSHOT-jar-with-dependencies.jar
Launcher Type: SUN_STANDARD

[Global flags]
     intx CICompilerCount                          = 2                                         {product} {ergonomic}
   size_t InitialHeapSize                          = 2147483648                                {product} {ergonomic}
   size_t MaxHeapSize                              = 68719476736                               {product} {command line}
   size_t MaxNewSize                               = 22906470400                               {product} {ergonomic}
   size_t MinHeapDeltaBytes                        = 196608                                    {product} {ergonomic}
   size_t MinHeapSize                              = 8388608                                   {product} {ergonomic}
   size_t NewSize                                  = 715784192                                 {product} {ergonomic}
    uintx NonNMethodCodeHeapSize                   = 5826188                                {pd product} {ergonomic}
    uintx NonProfiledCodeHeapSize                  = 122916026                              {pd product} {ergonomic}
   size_t OldSize                                  = 1431699456                                {product} {ergonomic}
    uintx ProfiledCodeHeapSize                     = 122916026                              {pd product} {ergonomic}
    uintx ReservedCodeCacheSize                    = 251658240                              {pd product} {ergonomic}
     bool SegmentedCodeCache                       = true                                      {product} {ergonomic}
   size_t SoftMaxHeapSize                          = 68719476736                            {manageable} {ergonomic}
     bool UseSerialGC                              = true                                      {product} {ergonomic}

Logging:
Log output configuration:
 #0: stdout all=warning uptime,level,tags
 #1: stderr all=off uptime,level,tags

Environment Variables:
PATH=/usr/local/sbin:/usr/local/bin:/usr/sbin:/usr/bin:/sbin:/bin
LD_LIBRARY_PATH=/.singularity.d/libs

Signal Handlers:
SIGSEGV: [libjvm.so+0xf8fcf0], sa_mask[0]=11111111011111111101111111111110, sa_flags=SA_RESTART|SA_SIGINFO
SIGBUS: [libjvm.so+0xf8fcf0], sa_mask[0]=11111111011111111101111111111110, sa_flags=SA_RESTART|SA_SIGINFO
SIGFPE: [libjvm.so+0xf8fcf0], sa_mask[0]=11111111011111111101111111111110, sa_flags=SA_RESTART|SA_SIGINFO
SIGPIPE: [libjvm.so+0xc3ffa0], sa_mask[0]=11111111011111111101111111111110, sa_flags=SA_RESTART|SA_SIGINFO
SIGXFSZ: [libjvm.so+0xc3ffa0], sa_mask[0]=11111111011111111101111111111110, sa_flags=SA_RESTART|SA_SIGINFO
SIGILL: [libjvm.so+0xf8fcf0], sa_mask[0]=11111111011111111101111111111110, sa_flags=SA_RESTART|SA_SIGINFO
SIGUSR2: [libjvm.so+0xc3fe40], sa_mask[0]=00000000000000000000000000000000, sa_flags=SA_RESTART|SA_SIGINFO
SIGHUP: [libjvm.so+0xc40580], sa_mask[0]=11111111011111111101111111111110, sa_flags=SA_RESTART|SA_SIGINFO
SIGINT: [libjvm.so+0xc40580], sa_mask[0]=11111111011111111101111111111110, sa_flags=SA_RESTART|SA_SIGINFO
SIGTERM: [libjvm.so+0xc40580], sa_mask[0]=11111111011111111101111111111110, sa_flags=SA_RESTART|SA_SIGINFO
SIGQUIT: [libjvm.so+0xc40580], sa_mask[0]=11111111011111111101111111111110, sa_flags=SA_RESTART|SA_SIGINFO


---------------  S Y S T E M  ---------------

OS:DISTRIB_ID=Ubuntu
DISTRIB_RELEASE=20.04
DISTRIB_CODENAME=focal
DISTRIB_DESCRIPTION="Ubuntu 20.04.4 LTS"
uname:Linux 3.10.0-1160.15.2.el7.x86_64 #1 SMP Wed Feb 3 15:06:38 UTC 2021 x86_64
OS uptime: 588 days 6:09 hours
libc:glibc 2.31 NPTL 2.31 
rlimit (soft/hard): STACK 8192k/infinity , CORE 0k/infinity , NPROC 4096/1030217 , NOFILE 131072/131072 , AS infinity/infinity , CPU infinity/infinity , DATA infinity/infinity , FSIZE infinity/infinity , MEMLOCK infinity/infinity
load average:59.97 59.68 59.54

/proc/meminfo:
MemTotal:       263895364 kB
MemFree:         1502332 kB
MemAvailable:    2284396 kB
Buffers:          366020 kB
Cached:          1093832 kB
SwapCached:        32084 kB
Active:         245329264 kB
Inactive:        7596764 kB
Active(anon):   244911548 kB
Inactive(anon):  6570060 kB
Active(file):     417716 kB
Inactive(file):  1026704 kB
Unevictable:       21936 kB
Mlocked:           21936 kB
SwapTotal:       4194300 kB
SwapFree:         220448 kB
Dirty:               928 kB
Writeback:             0 kB
AnonPages:      251459484 kB
Mapped:           324596 kB
Shmem:             11548 kB
Slab:             822196 kB
SReclaimable:     216244 kB
SUnreclaim:       605952 kB
KernelStack:       42992 kB
PageTables:       564948 kB
NFS_Unstable:          0 kB
Bounce:                0 kB
WritebackTmp:          0 kB
CommitLimit:    136141980 kB
Committed_AS:   296300020 kB
VmallocTotal:   34359738367 kB
VmallocUsed:      862608 kB
VmallocChunk:   34222409240 kB
Percpu:            22016 kB
HardwareCorrupted:     0 kB
AnonHugePages:  101885952 kB
CmaTotal:              0 kB
CmaFree:               0 kB
HugePages_Total:       0
HugePages_Free:        0
HugePages_Rsvd:        0
HugePages_Surp:        0
Hugepagesize:       2048 kB
DirectMap4k:      505448 kB
DirectMap2M:    20328448 kB
DirectMap1G:    247463936 kB

/sys/kernel/mm/transparent_hugepage/enabled:
[always] madvise never

/sys/kernel/mm/transparent_hugepage/defrag (defrag/compaction efforts parameter):
[always] madvise never


/proc/sys/kernel/threads-max (system-wide limit on the number of threads):
2060435


/proc/sys/vm/max_map_count (maximum number of memory map areas a process may have):
65530


/proc/sys/kernel/pid_max (system-wide limit on number of process identifiers):
65536



Steal ticks since vm start: 0
Steal ticks percentage since vm start:  0.000

CPU:total 64 (initial active 1) (32 cores per cpu, 1 threads per core) family 23 model 49 stepping 0, cmov, cx8, fxsr, mmx, sse, sse2, sse3, ssse3, sse4.1, sse4.2, popcnt, avx, avx2, aes, clmul, mmxext, 3dnowpref, lzcnt, sse4a, tsc, tscinvbit, tscinv, bmi1, bmi2, adx, sha, fma
CPU Model and flags from /proc/cpuinfo:
model name	: AMD EPYC 7542 32-Core Processor
flags		: fpu vme de pse tsc msr pae mce cx8 apic sep mtrr pge mca cmov pat pse36 clflush mmx fxsr sse sse2 ht syscall nx mmxext fxsr_opt pdpe1gb rdtscp lm constant_tsc art rep_good nopl nonstop_tsc extd_apicid aperfmperf eagerfpu pni pclmulqdq monitor ssse3 fma cx16 sse4_1 sse4_2 movbe popcnt aes xsave avx f16c rdrand lahf_lm cmp_legacy svm extapic cr8_legacy abm sse4a misalignsse 3dnowprefetch osvw ibs skinit wdt tce topoext perfctr_core perfctr_nb bpext perfctr_l2 cpb cat_l3 cdp_l3 hw_pstate sme retpoline_amd ssbd ibrs ibpb stibp vmmcall fsgsbase bmi1 avx2 smep bmi2 cqm rdt_a rdseed adx smap clflushopt clwb sha_ni xsaveopt xsavec xgetbv1 cqm_llc cqm_occup_llc cqm_mbm_total cqm_mbm_local clzero irperf xsaveerptr arat npt lbrv svm_lock nrip_save tsc_scale vmcb_clean flushbyasid decodeassists pausefilter pfthreshold avic v_vmsave_vmload vgif umip overflow_recov succor smca
Online cpus:0-63
Offline cpus:
BIOS frequency limitation:2900000
Frequency switch latency (ns):0
Available cpu frequencies:2900000 2400000 1500000 
Current governor:conservative
Core performance/turbo boost:1

Memory: 4k page, physical 263895364k(1502332k free), swap 4194300k(220448k free)

vm_info: OpenJDK 64-Bit Server VM (13.0.7+5-Ubuntu-0ubuntu120.04) for linux-amd64 JRE (13.0.7+5-Ubuntu-0ubuntu120.04), built on Apr 21 2021 05:36:19 by "unknown" with gcc 9.3.0

END.
