#
# There is insufficient memory for the Java Runtime Environment to continue.
# Native memory allocation (mmap) failed to map 8922636288 bytes for committing reserved memory.
# Possible reasons:
#   The system is out of physical RAM or swap space
# Possible solutions:
#   Reduce memory load on the system
#   Increase physical memory or swap space
#   Check if swap backing store is full
#   Decrease Java heap size (-Xmx/-Xms)
#   Decrease number of Java threads
#   Decrease Java thread stack sizes (-Xss)
#   Set larger code cache with -XX:ReservedCodeCacheSize=
# This output file may be truncated or incomplete.
#
#  Out of Memory Error (os_linux.cpp:2899), pid=43391, tid=43393
#
# JRE version: OpenJDK Runtime Environment (13.0.7+5) (build 13.0.7+5-Ubuntu-0ubuntu120.04)
# Java VM: OpenJDK 64-Bit Server VM (13.0.7+5-Ubuntu-0ubuntu120.04, mixed mode, tiered, serial gc, linux-amd64)
# No core dump will be written. Core dumps have been disabled. To enable core dumping, try "ulimit -c unlimited" before starting Java again
#

---------------  S U M M A R Y ------------

Command Line: -Xmx64g --add-modules=ALL-DEFAULT jdk.compiler/com.sun.tools.javac.launcher.Main /mnt/beegfs/rcabanas/dev/credici/papers/journalPGM/code/LearnSelectBias.java -w -o /mnt/beegfs/rcabanas/dev/credici/papers/journalPGM/output/biased/synthetic/s12 -m 500 -x 300 -s 0 /mnt/beegfs/rcabanas/dev/credici/papers/journalPGM/models/synthetic/s12/random_mc2_n7_mid3_d1000_05_mr098_r10_96.uai

Host: AMD EPYC 7542 32-Core Processor, 64 cores, 251G, Ubuntu 20.04.4 LTS
Time: Sat Feb  4 00:05:34 2023 CET elapsed time: 135.212807 seconds (0d 0h 2m 15s)

---------------  T H R E A D  ---------------

Current thread (0x00007f9b90097800):  VMThread "VM Thread" [stack: 0x00007f9b944b1000,0x00007f9b945b1000] [id=43393]

Stack: [0x00007f9b944b1000,0x00007f9b945b1000],  sp=0x00007f9b945af160,  free space=1016k
Native frames: (J=compiled Java code, A=aot compiled Java code, j=interpreted, Vv=VM code, C=native code)
V  [libjvm.so+0xf8f092]
V  [libjvm.so+0xf8fc91]
V  [libjvm.so+0x66ee5a]
V  [libjvm.so+0xc44a41]
V  [libjvm.so+0xc3b263]
V  [libjvm.so+0xf87f4b]
V  [libjvm.so+0x557506]
V  [libjvm.so+0x557723]
V  [libjvm.so+0xf18b0c]
V  [libjvm.so+0x557e65]
V  [libjvm.so+0x7e2edb]
V  [libjvm.so+0x7e39bd]
V  [libjvm.so+0x7d8b48]
V  [libjvm.so+0xf90940]
V  [libjvm.so+0xf96657]
V  [libjvm.so+0xf96d2b]
V  [libjvm.so+0xf9706a]
V  [libjvm.so+0xf2208f]
V  [libjvm.so+0xc493ff]

VM_Operation (0x00007f8b68836ae0): GenCollectForAllocation, mode: safepoint, requested by thread 0x00007f9b907b5000


---------------  P R O C E S S  ---------------

Threads class SMR info:
_java_thread_list=0x00007f8b40003c00, length=10, elements={
0x00007f9b90018000, 0x00007f9b900a3800, 0x00007f9b900a7000, 0x00007f9b900cb800,
0x00007f9b900cd000, 0x00007f9b900cf000, 0x00007f9b900d1000, 0x00007f9b900d3000,
0x00007f9b90135000, 0x00007f9b907b5000
}

Java Threads: ( => current thread )
  0x00007f9b90018000 JavaThread "main" [_thread_blocked, id=43392, stack(0x00007f9b94923000,0x00007f9b94a24000)]
  0x00007f9b900a3800 JavaThread "Reference Handler" daemon [_thread_blocked, id=43394, stack(0x00007f9b943ae000,0x00007f9b944af000)]
  0x00007f9b900a7000 JavaThread "Finalizer" daemon [_thread_blocked, id=43395, stack(0x00007f9b942ad000,0x00007f9b943ae000)]
  0x00007f9b900cb800 JavaThread "Signal Dispatcher" daemon [_thread_blocked, id=43396, stack(0x00007f9b94173000,0x00007f9b94274000)]
  0x00007f9b900cd000 JavaThread "Service Thread" daemon [_thread_blocked, id=43397, stack(0x00007f9b94072000,0x00007f9b94173000)]
  0x00007f9b900cf000 JavaThread "C2 CompilerThread0" daemon [_thread_blocked, id=43398, stack(0x00007f9b78689000,0x00007f9b7878a000)]
  0x00007f9b900d1000 JavaThread "C1 CompilerThread0" daemon [_thread_blocked, id=43399, stack(0x00007f8b6a7a8000,0x00007f8b6a8a9000)]
  0x00007f9b900d3000 JavaThread "Sweeper thread" daemon [_thread_blocked, id=43400, stack(0x00007f8b6a6a7000,0x00007f8b6a7a8000)]
  0x00007f9b90135000 JavaThread "Common-Cleaner" daemon [_thread_blocked, id=43401, stack(0x00007f8b6a5a6000,0x00007f8b6a6a7000)]
  0x00007f9b907b5000 JavaThread "pool-1-thread-1" [_thread_blocked, id=43567, stack(0x00007f8b68738000,0x00007f8b68839000)]

Other Threads:
=>0x00007f9b90097800 VMThread "VM Thread" [stack: 0x00007f9b944b1000,0x00007f9b945b1000] [id=43393]
  0x00007f9b90181800 WatcherThread [stack: 0x00007f8b6a4a6000,0x00007f8b6a5a6000] [id=43407]

Threads with active compile tasks:

VM state:at safepoint (normal execution)

VM Mutex/Monitor currently owned by a thread:  ([mutex/lock_event])
[0x00007f9b900141d0] Threads_lock - owner thread: 0x00007f9b90097800
[0x00007f9b90014dd0] Heap_lock - owner thread: 0x00007f9b907b5000

Heap:
 def new generation   total 5207872K, used 578623K [0x00007f8b78600000, 0x00007f8cd98e0000, 0x00007f90cdb50000)
  eden space 4629248K,  12% used [0x00007f8b78600000, 0x00007f8b9bb0ffe0, 0x00007f8c92ec0000)
  from space 578624K,   0% used [0x00007f8c92ec0000, 0x00007f8c92ec0000, 0x00007f8cb63d0000)
  to   space 578624K,   0% used [0x00007f8cb63d0000, 0x00007f8cb63d0000, 0x00007f8cd98e0000)
 tenured generation   total 13070340K, used 13070310K [0x00007f90cdb50000, 0x00007f93eb751000, 0x00007f9b78600000)
   the space 13070340K,  99% used [0x00007f90cdb50000, 0x00007f93eb749ba8, 0x00007f93eb749c00, 0x00007f93eb751000)
 Metaspace       used 31726K, capacity 32169K, committed 32512K, reserved 32768K

Card table byte_map: [0x00007f8b705ff000,0x00007f8b78600000] _byte_map_base: 0x00007f4baaa3c000

Polling page: 0x00007f9b963af000

Metaspace:

Usage:
   31.42 MB capacity,    30.98 MB ( 99%) used,   329.49 KB (  1%) free+waste,   112.88 KB ( <1%) overhead. 

Virtual space:
     32.00 MB reserved,      31.75 MB (>99%) committed 

Chunk freelists:
135.00 KB

MaxMetaspaceSize: unlimited


CodeHeap 'non-profiled nmethods': size=120036Kb used=1533Kb max_used=1533Kb free=118502Kb
 bounds [0x00007f9b80251000, 0x00007f9b804c1000, 0x00007f9b8778a000]
CodeHeap 'profiled nmethods': size=120032Kb used=9371Kb max_used=9371Kb free=110660Kb
 bounds [0x00007f9b78d19000, 0x00007f9b79649000, 0x00007f9b80251000]
CodeHeap 'non-nmethods': size=5692Kb used=1258Kb max_used=1310Kb free=4433Kb
 bounds [0x00007f9b7878a000, 0x00007f9b789fa000, 0x00007f9b78d19000]
 total_blobs=5155 nmethods=4612 adapters=458
 compilation: enabled
              stopped_count=0, restarted_count=0
 full_count=0

Compilation events (20 events):
Event: 107.057 Thread 0x00007f9b900d1000 4630       3       org.apache.commons.math3.optim.linear.SimplexSolver::getPivotRow (349 bytes)
Event: 107.062 Thread 0x00007f9b900d1000 nmethod 4630 0x00007f9b79636510 code [0x00007f9b79636ae0, 0x00007f9b7963a530]
Event: 107.064 Thread 0x00007f9b900d1000 4631       3       org.apache.commons.math3.util.Precision::equals (153 bytes)
Event: 107.064 Thread 0x00007f9b900d1000 nmethod 4631 0x00007f9b7963bf10 code [0x00007f9b7963c0e0, 0x00007f9b7963c6f0]
Event: 107.268 Thread 0x00007f9b900d1000 4632       3       java.lang.Double::compare (54 bytes)
Event: 107.269 Thread 0x00007f9b900d1000 nmethod 4632 0x00007f9b7963c890 code [0x00007f9b7963ca60, 0x00007f9b7963d030]
Event: 107.862 Thread 0x00007f9b900d1000 4633       3       org.apache.commons.math3.util.Incrementor::incrementCount (32 bytes)
Event: 107.862 Thread 0x00007f9b900d1000 nmethod 4633 0x00007f9b7963d190 code [0x00007f9b7963d320, 0x00007f9b7963d520]
Event: 110.568 Thread 0x00007f9b900d1000 4634       3       org.apache.commons.math3.linear.ArrayRealVector::toArray (11 bytes)
Event: 110.569 Thread 0x00007f9b900d1000 nmethod 4634 0x00007f9b7963d610 code [0x00007f9b7963d7c0, 0x00007f9b7963da60]
Event: 111.822 Thread 0x00007f9b900d1000 4635       3       org.apache.commons.math3.optim.linear.LinearConstraint::hashCode (27 bytes)
Event: 111.823 Thread 0x00007f9b900d1000 nmethod 4635 0x00007f9b7963db90 code [0x00007f9b7963dda0, 0x00007f9b7963e450]
Event: 111.823 Thread 0x00007f9b900d1000 4636       3       org.apache.commons.math3.linear.ArrayRealVector::hashCode (18 bytes)
Event: 111.823 Thread 0x00007f9b900d1000 nmethod 4636 0x00007f9b7963e710 code [0x00007f9b7963e8c0, 0x00007f9b7963ead0]
Event: 113.731 Thread 0x00007f9b900d1000 4637       3       org.apache.commons.math3.linear.ArrayRealVector::<init> (36 bytes)
Event: 113.732 Thread 0x00007f9b900d1000 nmethod 4637 0x00007f9b7963ec10 code [0x00007f9b7963ede0, 0x00007f9b7963f2b0]
Event: 113.956 Thread 0x00007f9b900cf000 4638       4       org.apache.commons.math3.util.Precision::equals (153 bytes)
Event: 113.958 Thread 0x00007f9b900cf000 nmethod 4638 0x00007f9b803d0010 code [0x00007f9b803d0180, 0x00007f9b803d02f8]
Event: 116.034 Thread 0x00007f9b900d1000 4639       3       org.apache.commons.math3.optim.linear.LinearConstraint::equals (64 bytes)
Event: 116.035 Thread 0x00007f9b900d1000 nmethod 4639 0x00007f9b7963f490 code [0x00007f9b7963f660, 0x00007f9b7963fb80]

GC Heap History (20 events):
Event: 22.908 GC heap after
{Heap after GC invocations=9 (full 2):
 def new generation   total 1118592K, used 124287K [0x00007f8b78600000, 0x00007f8bc43c0000, 0x00007f90cdb50000)
  eden space 994304K,   0% used [0x00007f8b78600000, 0x00007f8b78600000, 0x00007f8bb5100000)
  from space 124288K,  99% used [0x00007f8bb5100000, 0x00007f8bbca5fed8, 0x00007f8bbca60000)
  to   space 124288K,   0% used [0x00007f8bbca60000, 0x00007f8bbca60000, 0x00007f8bc43c0000)
 tenured generation   total 2489952K, used 2489780K [0x00007f90cdb50000, 0x00007f9165ae8000, 0x00007f9b78600000)
   the space 2489952K,  99% used [0x00007f90cdb50000, 0x00007f9165abd190, 0x00007f9165abd200, 0x00007f9165ae8000)
 Metaspace       used 31726K, capacity 32169K, committed 32512K, reserved 32768K
}
Event: 22.908 GC heap before
{Heap before GC invocations=9 (full 2):
 def new generation   total 1118592K, used 124287K [0x00007f8b78600000, 0x00007f8bc43c0000, 0x00007f90cdb50000)
  eden space 994304K,   0% used [0x00007f8b78600000, 0x00007f8b78600000, 0x00007f8bb5100000)
  from space 124288K,  99% used [0x00007f8bb5100000, 0x00007f8bbca5fed8, 0x00007f8bbca60000)
  to   space 124288K,   0% used [0x00007f8bbca60000, 0x00007f8bbca60000, 0x00007f8bc43c0000)
 tenured generation   total 2489952K, used 2489780K [0x00007f90cdb50000, 0x00007f9165ae8000, 0x00007f9b78600000)
   the space 2489952K,  99% used [0x00007f90cdb50000, 0x00007f9165abd190, 0x00007f9165abd200, 0x00007f9165ae8000)
 Metaspace       used 31726K, capacity 32169K, committed 32512K, reserved 32768K
}
Event: 24.756 GC heap after
{Heap after GC invocations=9 (full 3):
 def new generation   total 1867456K, used 124159K [0x00007f8b78600000, 0x00007f8bf7050000, 0x00007f90cdb50000)
  eden space 1659968K,   7% used [0x00007f8b78600000, 0x00007f8b7ff3fea8, 0x00007f8bddb10000)
  from space 207488K,   0% used [0x00007f8bddb10000, 0x00007f8bddb10000, 0x00007f8bea5b0000)
  to   space 207488K,   0% used [0x00007f8bea5b0000, 0x00007f8bea5b0000, 0x00007f8bf7050000)
 tenured generation   total 4149848K, used 2489908K [0x00007f90cdb50000, 0x00007f91cafe6000, 0x00007f9b78600000)
   the space 4149848K,  59% used [0x00007f90cdb50000, 0x00007f9165add1c0, 0x00007f9165add200, 0x00007f91cafe6000)
 Metaspace       used 31726K, capacity 32169K, committed 32512K, reserved 32768K
}
Event: 26.993 GC heap before
{Heap before GC invocations=9 (full 3):
 def new generation   total 1867456K, used 1659968K [0x00007f8b78600000, 0x00007f8bf7050000, 0x00007f90cdb50000)
  eden space 1659968K, 100% used [0x00007f8b78600000, 0x00007f8bddb10000, 0x00007f8bddb10000)
  from space 207488K,   0% used [0x00007f8bddb10000, 0x00007f8bddb10000, 0x00007f8bea5b0000)
  to   space 207488K,   0% used [0x00007f8bea5b0000, 0x00007f8bea5b0000, 0x00007f8bf7050000)
 tenured generation   total 4149848K, used 2489908K [0x00007f90cdb50000, 0x00007f91cafe6000, 0x00007f9b78600000)
   the space 4149848K,  59% used [0x00007f90cdb50000, 0x00007f9165add1c0, 0x00007f9165add200, 0x00007f91cafe6000)
 Metaspace       used 31726K, capacity 32169K, committed 32512K, reserved 32768K
}
Event: 29.685 GC heap after
{Heap after GC invocations=10 (full 3):
 def new generation   total 1867456K, used 207487K [0x00007f8b78600000, 0x00007f8bf7050000, 0x00007f90cdb50000)
  eden space 1659968K,   0% used [0x00007f8b78600000, 0x00007f8b78600000, 0x00007f8bddb10000)
  from space 207488K,  99% used [0x00007f8bea5b0000, 0x00007f8bf704feb0, 0x00007f8bf7050000)
  to   space 207488K,   0% used [0x00007f8bddb10000, 0x00007f8bddb10000, 0x00007f8bea5b0000)
 tenured generation   total 4149848K, used 3247053K [0x00007f90cdb50000, 0x00007f91cafe6000, 0x00007f9b78600000)
   the space 4149848K,  78% used [0x00007f90cdb50000, 0x00007f9193e435d0, 0x00007f9193e43600, 0x00007f91cafe6000)
 Metaspace       used 31726K, capacity 32169K, committed 32512K, reserved 32768K
}
Event: 31.854 GC heap before
{Heap before GC invocations=10 (full 3):
 def new generation   total 1867456K, used 1867455K [0x00007f8b78600000, 0x00007f8bf7050000, 0x00007f90cdb50000)
  eden space 1659968K, 100% used [0x00007f8b78600000, 0x00007f8bddb10000, 0x00007f8bddb10000)
  from space 207488K,  99% used [0x00007f8bea5b0000, 0x00007f8bf704feb0, 0x00007f8bf7050000)
  to   space 207488K,   0% used [0x00007f8bddb10000, 0x00007f8bddb10000, 0x00007f8bea5b0000)
 tenured generation   total 4149848K, used 3247053K [0x00007f90cdb50000, 0x00007f91cafe6000, 0x00007f9b78600000)
   the space 4149848K,  78% used [0x00007f90cdb50000, 0x00007f9193e435d0, 0x00007f9193e43600, 0x00007f91cafe6000)
 Metaspace       used 31726K, capacity 32169K, committed 32512K, reserved 32768K
}
Event: 34.310 GC heap after
{Heap after GC invocations=11 (full 3):
 def new generation   total 1867456K, used 207487K [0x00007f8b78600000, 0x00007f8bf7050000, 0x00007f90cdb50000)
  eden space 1659968K,   0% used [0x00007f8b78600000, 0x00007f8b78600000, 0x00007f8bddb10000)
  from space 207488K,  99% used [0x00007f8bddb10000, 0x00007f8bea5aff00, 0x00007f8bea5b0000)
  to   space 207488K,   0% used [0x00007f8bea5b0000, 0x00007f8bea5b0000, 0x00007f8bf7050000)
 tenured generation   total 4158104K, used 4157934K [0x00007f90cdb50000, 0x00007f91cb7f6000, 0x00007f9b78600000)
   the space 4158104K,  99% used [0x00007f90cdb50000, 0x00007f91cb7cbb78, 0x00007f91cb7cbc00, 0x00007f91cb7f6000)
 Metaspace       used 31726K, capacity 32169K, committed 32512K, reserved 32768K
}
Event: 34.310 GC heap before
{Heap before GC invocations=11 (full 3):
 def new generation   total 1867456K, used 207487K [0x00007f8b78600000, 0x00007f8bf7050000, 0x00007f90cdb50000)
  eden space 1659968K,   0% used [0x00007f8b78600000, 0x00007f8b78600000, 0x00007f8bddb10000)
  from space 207488K,  99% used [0x00007f8bddb10000, 0x00007f8bea5aff00, 0x00007f8bea5b0000)
  to   space 207488K,   0% used [0x00007f8bea5b0000, 0x00007f8bea5b0000, 0x00007f8bf7050000)
 tenured generation   total 4158104K, used 4157934K [0x00007f90cdb50000, 0x00007f91cb7f6000, 0x00007f9b78600000)
   the space 4158104K,  99% used [0x00007f90cdb50000, 0x00007f91cb7cbb78, 0x00007f91cb7cbc00, 0x00007f91cb7f6000)
 Metaspace       used 31726K, capacity 32169K, committed 32512K, reserved 32768K
}
Event: 42.038 GC heap after
{Heap after GC invocations=11 (full 4):
 def new generation   total 3118656K, used 201853K [0x00007f8b78600000, 0x00007f8c4bdf0000, 0x00007f90cdb50000)
  eden space 2772160K,   7% used [0x00007f8b78600000, 0x00007f8b84b1f6c0, 0x00007f8c21930000)
  from space 346496K,   0% used [0x00007f8c21930000, 0x00007f8c21930000, 0x00007f8c36b90000)
  to   space 346496K,   0% used [0x00007f8c36b90000, 0x00007f8c36b90000, 0x00007f8c4bdf0000)
 tenured generation   total 6930172K, used 4158102K [0x00007f90cdb50000, 0x00007f9274b0f000, 0x00007f9b78600000)
   the space 6930172K,  59% used [0x00007f90cdb50000, 0x00007f91cb7f5b50, 0x00007f91cb7f5c00, 0x00007f9274b0f000)
 Metaspace       used 31726K, capacity 32169K, committed 32512K, reserved 32768K
}
Event: 46.145 GC heap before
{Heap before GC invocations=11 (full 4):
 def new generation   total 3118656K, used 2772160K [0x00007f8b78600000, 0x00007f8c4bdf0000, 0x00007f90cdb50000)
  eden space 2772160K, 100% used [0x00007f8b78600000, 0x00007f8c21930000, 0x00007f8c21930000)
  from space 346496K,   0% used [0x00007f8c21930000, 0x00007f8c21930000, 0x00007f8c36b90000)
  to   space 346496K,   0% used [0x00007f8c36b90000, 0x00007f8c36b90000, 0x00007f8c4bdf0000)
 tenured generation   total 6930172K, used 4158102K [0x00007f90cdb50000, 0x00007f9274b0f000, 0x00007f9b78600000)
   the space 6930172K,  59% used [0x00007f90cdb50000, 0x00007f91cb7f5b50, 0x00007f91cb7f5c00, 0x00007f9274b0f000)
 Metaspace       used 31726K, capacity 32169K, committed 32512K, reserved 32768K
}
Event: 50.091 GC heap after
{Heap after GC invocations=12 (full 4):
 def new generation   total 3118656K, used 346495K [0x00007f8b78600000, 0x00007f8c4bdf0000, 0x00007f90cdb50000)
  eden space 2772160K,   0% used [0x00007f8b78600000, 0x00007f8b78600000, 0x00007f8c21930000)
  from space 346496K,  99% used [0x00007f8c36b90000, 0x00007f8c4bdefff0, 0x00007f8c4bdf0000)
  to   space 346496K,   0% used [0x00007f8c21930000, 0x00007f8c21930000, 0x00007f8c36b90000)
 tenured generation   total 6930172K, used 5422514K [0x00007f90cdb50000, 0x00007f9274b0f000, 0x00007f9b78600000)
   the space 6930172K,  78% used [0x00007f90cdb50000, 0x00007f9218abc910, 0x00007f9218abca00, 0x00007f9274b0f000)
 Metaspace       used 31726K, capacity 32169K, committed 32512K, reserved 32768K
}
Event: 53.664 GC heap before
{Heap before GC invocations=12 (full 4):
 def new generation   total 3118656K, used 3118655K [0x00007f8b78600000, 0x00007f8c4bdf0000, 0x00007f90cdb50000)
  eden space 2772160K, 100% used [0x00007f8b78600000, 0x00007f8c21930000, 0x00007f8c21930000)
  from space 346496K,  99% used [0x00007f8c36b90000, 0x00007f8c4bdefff0, 0x00007f8c4bdf0000)
  to   space 346496K,   0% used [0x00007f8c21930000, 0x00007f8c21930000, 0x00007f8c36b90000)
 tenured generation   total 6930172K, used 5422514K [0x00007f90cdb50000, 0x00007f9274b0f000, 0x00007f9b78600000)
   the space 6930172K,  78% used [0x00007f90cdb50000, 0x00007f9218abc910, 0x00007f9218abca00, 0x00007f9274b0f000)
 Metaspace       used 31726K, capacity 32169K, committed 32512K, reserved 32768K
}
Event: 57.540 GC heap after
{Heap after GC invocations=13 (full 4):
 def new generation   total 3118656K, used 346495K [0x00007f8b78600000, 0x00007f8c4bdf0000, 0x00007f90cdb50000)
  eden space 2772160K,   0% used [0x00007f8b78600000, 0x00007f8b78600000, 0x00007f8c21930000)
  from space 346496K,  99% used [0x00007f8c21930000, 0x00007f8c36b8ffc0, 0x00007f8c36b90000)
  to   space 346496K,   0% used [0x00007f8c36b90000, 0x00007f8c36b90000, 0x00007f8c4bdf0000)
 tenured generation   total 6943804K, used 6943757K [0x00007f90cdb50000, 0x00007f927585f000, 0x00007f9b78600000)
   the space 6943804K,  99% used [0x00007f90cdb50000, 0x00007f9275853578, 0x00007f9275853600, 0x00007f927585f000)
 Metaspace       used 31726K, capacity 32169K, committed 32512K, reserved 32768K
}
Event: 57.540 GC heap before
{Heap before GC invocations=13 (full 4):
 def new generation   total 3118656K, used 346495K [0x00007f8b78600000, 0x00007f8c4bdf0000, 0x00007f90cdb50000)
  eden space 2772160K,   0% used [0x00007f8b78600000, 0x00007f8b78600000, 0x00007f8c21930000)
  from space 346496K,  99% used [0x00007f8c21930000, 0x00007f8c36b8ffc0, 0x00007f8c36b90000)
  to   space 346496K,   0% used [0x00007f8c36b90000, 0x00007f8c36b90000, 0x00007f8c4bdf0000)
 tenured generation   total 6943804K, used 6943757K [0x00007f90cdb50000, 0x00007f927585f000, 0x00007f9b78600000)
   the space 6943804K,  99% used [0x00007f90cdb50000, 0x00007f9275853578, 0x00007f9275853600, 0x00007f927585f000)
 Metaspace       used 31726K, capacity 32169K, committed 32512K, reserved 32768K
}
Event: 63.791 GC heap after
{Heap after GC invocations=13 (full 5):
 def new generation   total 5207872K, used 346495K [0x00007f8b78600000, 0x00007f8cd98e0000, 0x00007f90cdb50000)
  eden space 4629248K,   7% used [0x00007f8b78600000, 0x00007f8b8d85ffc0, 0x00007f8c92ec0000)
  from space 578624K,   0% used [0x00007f8c92ec0000, 0x00007f8c92ec0000, 0x00007f8cb63d0000)
  to   space 578624K,   0% used [0x00007f8cb63d0000, 0x00007f8cb63d0000, 0x00007f8cd98e0000)
 tenured generation   total 11572932K, used 6943757K [0x00007f90cdb50000, 0x00007f9390101000, 0x00007f9b78600000)
   the space 11572932K,  59% used [0x00007f90cdb50000, 0x00007f9275853578, 0x00007f9275853600, 0x00007f9390101000)
 Metaspace       used 31726K, capacity 32169K, committed 32512K, reserved 32768K
}
Event: 75.566 GC heap before
{Heap before GC invocations=13 (full 5):
 def new generation   total 5207872K, used 4629248K [0x00007f8b78600000, 0x00007f8cd98e0000, 0x00007f90cdb50000)
  eden space 4629248K, 100% used [0x00007f8b78600000, 0x00007f8c92ec0000, 0x00007f8c92ec0000)
  from space 578624K,   0% used [0x00007f8c92ec0000, 0x00007f8c92ec0000, 0x00007f8cb63d0000)
  to   space 578624K,   0% used [0x00007f8cb63d0000, 0x00007f8cb63d0000, 0x00007f8cd98e0000)
 tenured generation   total 11572932K, used 6943757K [0x00007f90cdb50000, 0x00007f9390101000, 0x00007f9b78600000)
   the space 11572932K,  59% used [0x00007f90cdb50000, 0x00007f9275853578, 0x00007f9275853600, 0x00007f9390101000)
 Metaspace       used 31726K, capacity 32169K, committed 32512K, reserved 32768K
}
Event: 83.172 GC heap after
{Heap after GC invocations=14 (full 5):
 def new generation   total 5207872K, used 578623K [0x00007f8b78600000, 0x00007f8cd98e0000, 0x00007f90cdb50000)
  eden space 4629248K,   0% used [0x00007f8b78600000, 0x00007f8b78600000, 0x00007f8c92ec0000)
  from space 578624K,  99% used [0x00007f8cb63d0000, 0x00007f8cd98dff70, 0x00007f8cd98e0000)
  to   space 578624K,   0% used [0x00007f8c92ec0000, 0x00007f8c92ec0000, 0x00007f8cb63d0000)
 tenured generation   total 11572932K, used 9641426K [0x00007f90cdb50000, 0x00007f9390101000, 0x00007f9b78600000)
   the space 11572932K,  83% used [0x00007f90cdb50000, 0x00007f931a2c4850, 0x00007f931a2c4a00, 0x00007f9390101000)
 Metaspace       used 31726K, capacity 32169K, committed 32512K, reserved 32768K
}
Event: 116.597 GC heap before
{Heap before GC invocations=14 (full 5):
 def new generation   total 5207872K, used 5207871K [0x00007f8b78600000, 0x00007f8cd98e0000, 0x00007f90cdb50000)
  eden space 4629248K, 100% used [0x00007f8b78600000, 0x00007f8c92ec0000, 0x00007f8c92ec0000)
  from space 578624K,  99% used [0x00007f8cb63d0000, 0x00007f8cd98dff70, 0x00007f8cd98e0000)
  to   space 578624K,   0% used [0x00007f8c92ec0000, 0x00007f8c92ec0000, 0x00007f8cb63d0000)
 tenured generation   total 11572932K, used 9641426K [0x00007f90cdb50000, 0x00007f9390101000, 0x00007f9b78600000)
   the space 11572932K,  83% used [0x00007f90cdb50000, 0x00007f931a2c4850, 0x00007f931a2c4a00, 0x00007f9390101000)
 Metaspace       used 31726K, capacity 32169K, committed 32512K, reserved 32768K
}
Event: 123.364 GC heap after
{Heap after GC invocations=15 (full 5):
 def new generation   total 5207872K, used 578623K [0x00007f8b78600000, 0x00007f8cd98e0000, 0x00007f90cdb50000)
  eden space 4629248K,   0% used [0x00007f8b78600000, 0x00007f8b78600000, 0x00007f8c92ec0000)
  from space 578624K,  99% used [0x00007f8c92ec0000, 0x00007f8cb63cfff8, 0x00007f8cb63d0000)
  to   space 578624K,   0% used [0x00007f8cb63d0000, 0x00007f8cb63d0000, 0x00007f8cd98e0000)
 tenured generation   total 13070340K, used 13070310K [0x00007f90cdb50000, 0x00007f93eb751000, 0x00007f9b78600000)
   the space 13070340K,  99% used [0x00007f90cdb50000, 0x00007f93eb749b90, 0x00007f93eb749c00, 0x00007f93eb751000)
 Metaspace       used 31726K, capacity 32169K, committed 32512K, reserved 32768K
}
Event: 123.364 GC heap before
{Heap before GC invocations=15 (full 5):
 def new generation   total 5207872K, used 578623K [0x00007f8b78600000, 0x00007f8cd98e0000, 0x00007f90cdb50000)
  eden space 4629248K,   0% used [0x00007f8b78600000, 0x00007f8b78600000, 0x00007f8c92ec0000)
  from space 578624K,  99% used [0x00007f8c92ec0000, 0x00007f8cb63cfff8, 0x00007f8cb63d0000)
  to   space 578624K,   0% used [0x00007f8cb63d0000, 0x00007f8cb63d0000, 0x00007f8cd98e0000)
 tenured generation   total 13070340K, used 13070310K [0x00007f90cdb50000, 0x00007f93eb751000, 0x00007f9b78600000)
   the space 13070340K,  99% used [0x00007f90cdb50000, 0x00007f93eb749b90, 0x00007f93eb749c00, 0x00007f93eb751000)
 Metaspace       used 31726K, capacity 32169K, committed 32512K, reserved 32768K
}

Deoptimization events (20 events):
Event: 106.498 Thread 0x00007f9b907b5000 DEOPT PACKING pc=0x00007f9b795df87a sp=0x00007f8b68836bc0
Event: 106.498 Thread 0x00007f9b907b5000 DEOPT UNPACKING pc=0x00007f9b787d333a sp=0x00007f8b688360a8 mode 0
Event: 106.515 Thread 0x00007f9b907b5000 DEOPT PACKING pc=0x00007f9b795ea09c sp=0x00007f8b68836dd0
Event: 106.516 Thread 0x00007f9b907b5000 DEOPT UNPACKING pc=0x00007f9b787d333a sp=0x00007f8b68836390 mode 0
Event: 106.631 Thread 0x00007f9b907b5000 DEOPT PACKING pc=0x00007f9b795e5907 sp=0x00007f8b68836c70
Event: 106.631 Thread 0x00007f9b907b5000 DEOPT UNPACKING pc=0x00007f9b787d333a sp=0x00007f8b68836208 mode 0
Event: 106.697 Thread 0x00007f9b907b5000 DEOPT PACKING pc=0x00007f9b795ea09c sp=0x00007f8b68836dd0
Event: 106.697 Thread 0x00007f9b907b5000 DEOPT UNPACKING pc=0x00007f9b787d333a sp=0x00007f8b68836390 mode 0
Event: 106.842 Thread 0x00007f9b907b5000 DEOPT PACKING pc=0x00007f9b795e5907 sp=0x00007f8b68836c70
Event: 106.842 Thread 0x00007f9b907b5000 DEOPT UNPACKING pc=0x00007f9b787d333a sp=0x00007f8b68836208 mode 0
Event: 106.902 Thread 0x00007f9b907b5000 DEOPT PACKING pc=0x00007f9b795ea09c sp=0x00007f8b68836dd0
Event: 106.902 Thread 0x00007f9b907b5000 DEOPT UNPACKING pc=0x00007f9b787d333a sp=0x00007f8b68836390 mode 0
Event: 107.023 Thread 0x00007f9b907b5000 DEOPT PACKING pc=0x00007f9b795e5907 sp=0x00007f8b68836c70
Event: 107.023 Thread 0x00007f9b907b5000 DEOPT UNPACKING pc=0x00007f9b787d333a sp=0x00007f8b68836208 mode 0
Event: 107.044 Thread 0x00007f9b907b5000 DEOPT PACKING pc=0x00007f9b795ea09c sp=0x00007f8b68836dd0
Event: 107.044 Thread 0x00007f9b907b5000 DEOPT UNPACKING pc=0x00007f9b787d333a sp=0x00007f8b68836390 mode 0
Event: 107.063 Thread 0x00007f9b907b5000 Uncommon trap: trap_request=0xffffff45 fr.pc=0x00007f9b803cf8cc relative=0x00000000000000cc
Event: 107.063 Thread 0x00007f9b907b5000 Uncommon trap: reason=unstable_if action=reinterpret pc=0x00007f9b803cf8cc method=org.apache.commons.math3.util.Precision.equals(DDI)Z @ 23 c2
Event: 107.063 Thread 0x00007f9b907b5000 DEOPT PACKING pc=0x00007f9b803cf8cc sp=0x00007f8b68836c60
Event: 107.063 Thread 0x00007f9b907b5000 DEOPT UNPACKING pc=0x00007f9b787d2e25 sp=0x00007f8b68836bd0 mode 2

Classes unloaded (0 events):
No events

Classes redefined (0 events):
No events

Internal exceptions (20 events):
Event: 3.999 Thread 0x00007f9b90018000 Exception <a 'java/lang/NoSuchMethodError'{0x00007f8b786edeb8}: 'java.lang.Object java.lang.invoke.Invokers$Holder.linkToTargetMethod(java.lang.Object, int, java.lang.Object)'> (0x00007f8b786edeb8) 
thrown [src/hotspot/share/interpreter/linkResolver.cpp, line 766]
Event: 4.005 Thread 0x00007f9b90018000 Exception <a 'java/lang/NoSuchMethodError'{0x00007f8b78718038}: 'java.lang.Object java.lang.invoke.Invokers$Holder.linkToTargetMethod(java.lang.Object, long, java.lang.Object)'> (0x00007f8b78718038) 
thrown [src/hotspot/share/interpreter/linkResolver.cpp, line 766]
Event: 4.054 Thread 0x00007f9b90018000 Exception <a 'java/lang/NoSuchMethodError'{0x00007f8b787efdc0}: 'java.lang.Object java.lang.invoke.Invokers$Holder.invokeExact_MT(java.lang.Object, java.lang.Object, java.lang.Object, java.lang.Object, java.lang.Object, java.lang.Object)'> (0x00007f8b787efdc0) 
thrown [src/hotspot/share/interpreter/linkResolver.cpp, line 766]
Event: 4.160 Thread 0x00007f9b90018000 Exception <a 'java/lang/NoSuchMethodError'{0x00007f8b789d55d8}: 'java.lang.Object java.lang.invoke.DirectMethodHandle$Holder.invokeInterface(java.lang.Object, java.lang.Object, java.lang.Object)'> (0x00007f8b789d55d8) 
thrown [src/hotspot/share/interpreter/linkResolver.cpp, line 766]
Event: 4.166 Thread 0x00007f9b90018000 Exception <a 'java/lang/NullPointerException'{0x00007f8b789ee6a8}> (0x00007f8b789ee6a8) 
thrown [src/hotspot/share/interpreter/linkResolver.cpp, line 1431]
Event: 4.212 Thread 0x00007f9b90018000 Exception <a 'java/lang/NoSuchMethodError'{0x00007f8b78b55020}: 'double java.lang.invoke.DirectMethodHandle$Holder.invokeStatic(java.lang.Object, java.lang.Object)'> (0x00007f8b78b55020) 
thrown [src/hotspot/share/interpreter/linkResolver.cpp, line 766]
Event: 4.243 Thread 0x00007f9b90018000 Exception <a 'java/lang/NoSuchMethodError'{0x00007f8b78c3dc68}: 'int java.lang.invoke.DirectMethodHandle$Holder.invokeStatic(java.lang.Object, java.lang.Object, java.lang.Object, int)'> (0x00007f8b78c3dc68) 
thrown [src/hotspot/share/interpreter/linkResolver.cpp, line 766]
Event: 4.259 Thread 0x00007f9b90018000 Exception <a 'java/lang/NoSuchMethodError'{0x00007f8b78c4a198}: 'int java.lang.invoke.DirectMethodHandle$Holder.invokeStatic(java.lang.Object, java.lang.Object, int)'> (0x00007f8b78c4a198) 
thrown [src/hotspot/share/interpreter/linkResolver.cpp, line 766]
Event: 4.358 Thread 0x00007f9b90018000 Exception <a 'java/lang/IncompatibleClassChangeError'{0x00007f8b78fc5aa0}: Found class java.lang.Object, but interface was expected> (0x00007f8b78fc5aa0) 
thrown [src/hotspot/share/interpreter/linkResolver.cpp, line 833]
Event: 4.639 Thread 0x00007f9b90018000 Exception <a 'java/lang/NoSuchMethodError'{0x00007f8b7c0fff28}: 'void java.lang.invoke.DirectMethodHandle$Holder.invokeStatic(java.lang.Object, java.lang.Object, int)'> (0x00007f8b7c0fff28) 
thrown [src/hotspot/share/interpreter/linkResolver.cpp, line 766]
Event: 4.782 Thread 0x00007f9b90018000 Exception <a 'java/lang/NoSuchMethodError'{0x00007f8b7d443070}: 'java.lang.Object java.lang.invoke.Invokers$Holder.linkToTargetMethod(double, java.lang.Object)'> (0x00007f8b7d443070) 
thrown [src/hotspot/share/interpreter/linkResolver.cpp, line 766]
Event: 5.119 Thread 0x00007f9b90018000 Exception <a 'java/lang/ClassNotFoundException'{0x00007f8b7e70fee8}: com/sun/org/apache/xerces/internal/impl/msg/spi/SAXMessagesProvider> (0x00007f8b7e70fee8) 
thrown [src/hotspot/share/classfile/systemDictionary.cpp, line 232]
Event: 5.710 Thread 0x00007f9b90018000 Exception <a 'java/lang/NoSuchMethodError'{0x00007f8b7f846048}: 'java.lang.Object java.lang.invoke.DirectMethodHandle$Holder.invokeStaticInit(java.lang.Object, java.lang.Object, java.lang.Object)'> (0x00007f8b7f846048) 
thrown [src/hotspot/share/interpreter/linkResolver.cpp, line 766]
Event: 5.724 Thread 0x00007f9b90018000 Exception <a 'java/lang/NoSuchMethodError'{0x00007f8b7f851010}: 'void java.lang.invoke.DirectMethodHandle$Holder.invokeStatic(java.lang.Object, java.lang.Object, java.lang.Object, java.lang.Object, java.lang.Object, java.lang.Object)'> (0x00007f8b7f851010) 
thrown [src/hotspot/share/interpreter/linkResolver.cpp, line 766]
Event: 5.733 Thread 0x00007f9b90018000 Exception <a 'java/lang/NoSuchMethodError'{0x00007f8b7f888ac0}: 'void java.lang.invoke.DirectMethodHandle$Holder.invokeStaticInit(java.lang.Object, java.lang.Object, java.lang.Object)'> (0x00007f8b7f888ac0) 
thrown [src/hotspot/share/interpreter/linkResolver.cpp, line 766]
Event: 5.764 Thread 0x00007f9b90018000 Exception <a 'java/net/UnknownHostException'{0x00007f8b7f8a9e28}> (0x00007f8b7f8a9e28) 
thrown [src/hotspot/share/prims/jni.cpp, line 598]
Event: 6.085 Thread 0x00007f9b90018000 Exception <a 'java/net/UnknownHostException'{0x00007f8b80c57478}> (0x00007f8b80c57478) 
thrown [src/hotspot/share/prims/jni.cpp, line 598]
Event: 6.496 Thread 0x00007f9b90018000 Exception <a 'java/net/UnknownHostException'{0x00007f8b824b2530}> (0x00007f8b824b2530) 
thrown [src/hotspot/share/prims/jni.cpp, line 598]
Event: 6.717 Thread 0x00007f9b90018000 Exception <a 'java/net/UnknownHostException'{0x00007f8b8369a3e8}> (0x00007f8b8369a3e8) 
thrown [src/hotspot/share/prims/jni.cpp, line 598]
Event: 6.847 Thread 0x00007f9b90018000 Exception <a 'java/net/UnknownHostException'{0x00007f8b84222f60}> (0x00007f8b84222f60) 
thrown [src/hotspot/share/prims/jni.cpp, line 598]

Events (20 events):
Event: 13.494 Executing VM operation: GenCollectForAllocation done
Event: 14.215 Executing VM operation: GenCollectForAllocation
Event: 14.907 Executing VM operation: GenCollectForAllocation done
Event: 15.624 Executing VM operation: GenCollectForAllocation
Event: 17.583 Executing VM operation: GenCollectForAllocation done
Event: 18.903 Executing VM operation: GenCollectForAllocation
Event: 20.207 Executing VM operation: GenCollectForAllocation done
Event: 21.574 Executing VM operation: GenCollectForAllocation
Event: 24.756 Executing VM operation: GenCollectForAllocation done
Event: 26.992 Executing VM operation: GenCollectForAllocation
Event: 29.685 Executing VM operation: GenCollectForAllocation done
Event: 31.853 Executing VM operation: GenCollectForAllocation
Event: 42.038 Executing VM operation: GenCollectForAllocation done
Event: 46.145 Executing VM operation: GenCollectForAllocation
Event: 50.091 Executing VM operation: GenCollectForAllocation done
Event: 53.664 Executing VM operation: GenCollectForAllocation
Event: 63.791 Executing VM operation: GenCollectForAllocation done
Event: 75.566 Executing VM operation: GenCollectForAllocation
Event: 83.173 Executing VM operation: GenCollectForAllocation done
Event: 116.597 Executing VM operation: GenCollectForAllocation


Dynamic libraries:
55da3b7d8000-55da3b7d9000 r--p 00000000 07:07 4860                       /usr/lib/jvm/java-13-openjdk-amd64/bin/java
55da3b7d9000-55da3b7da000 r-xp 00001000 07:07 4860                       /usr/lib/jvm/java-13-openjdk-amd64/bin/java
55da3b7da000-55da3b7db000 r--p 00002000 07:07 4860                       /usr/lib/jvm/java-13-openjdk-amd64/bin/java
55da3b7db000-55da3b7dc000 r--p 00002000 07:07 4860                       /usr/lib/jvm/java-13-openjdk-amd64/bin/java
55da3b7dc000-55da3b7dd000 rw-p 00003000 07:07 4860                       /usr/lib/jvm/java-13-openjdk-amd64/bin/java
55da3cae1000-55da3cb02000 rw-p 00000000 00:00 0                          [heap]
7f8b34000000-7f8b34043000 rw-p 00000000 00:00 0 
7f8b34043000-7f8b38000000 ---p 00000000 00:00 0 
7f8b3c000000-7f8b3c021000 rw-p 00000000 00:00 0 
7f8b3c021000-7f8b40000000 ---p 00000000 00:00 0 
7f8b40000000-7f8b40021000 rw-p 00000000 00:00 0 
7f8b40021000-7f8b44000000 ---p 00000000 00:00 0 
7f8b44000000-7f8b44021000 rw-p 00000000 00:00 0 
7f8b44021000-7f8b48000000 ---p 00000000 00:00 0 
7f8b48000000-7f8b48021000 rw-p 00000000 00:00 0 
7f8b48021000-7f8b4c000000 ---p 00000000 00:00 0 
7f8b4c000000-7f8b4d6fd000 rw-p 00000000 00:00 0 
7f8b4d6fd000-7f8b50000000 ---p 00000000 00:00 0 
7f8b50000000-7f8b50e6c000 rw-p 00000000 00:00 0 
7f8b50e6c000-7f8b54000000 ---p 00000000 00:00 0 
7f8b54000000-7f8b54021000 rw-p 00000000 00:00 0 
7f8b54021000-7f8b58000000 ---p 00000000 00:00 0 
7f8b58000000-7f8b58021000 rw-p 00000000 00:00 0 
7f8b58021000-7f8b5c000000 ---p 00000000 00:00 0 
7f8b5c000000-7f8b5c021000 rw-p 00000000 00:00 0 
7f8b5c021000-7f8b60000000 ---p 00000000 00:00 0 
7f8b60000000-7f8b60021000 rw-p 00000000 00:00 0 
7f8b60021000-7f8b64000000 ---p 00000000 00:00 0 
7f8b64000000-7f8b64068000 rw-p 00000000 00:00 0 
7f8b64068000-7f8b68000000 ---p 00000000 00:00 0 
7f8b68738000-7f8b6873c000 ---p 00000000 00:00 0 
7f8b6873c000-7f8b68839000 rw-p 00000000 00:00 0 
7f8b68a03000-7f8b68a07000 ---p 00000000 00:00 0 
7f8b68a07000-7f8b68cc4000 rw-p 00000000 00:00 0 
7f8b68cc4000-7f8b68d04000 ---p 00000000 00:00 0 
7f8b68d04000-7f8b68f04000 rw-p 00000000 00:00 0 
7f8b68f04000-7f8b69104000 rw-p 00000000 00:00 0 
7f8b69104000-7f8b69304000 rw-p 00000000 00:00 0 
7f8b69304000-7f8b69504000 rw-p 00000000 00:00 0 
7f8b69504000-7f8b69704000 rw-p 00000000 00:00 0 
7f8b69704000-7f8b69904000 rw-p 00000000 00:00 0 
7f8b69904000-7f8b69b04000 rw-p 00000000 00:00 0 
7f8b69b04000-7f8b69ea4000 rw-p 00000000 00:00 0 
7f8b69ea4000-7f8b6a0a4000 rw-p 00000000 00:00 0 
7f8b6a0a4000-7f8b6a2a4000 rw-p 00000000 00:00 0 
7f8b6a2a4000-7f8b6a4a4000 rw-p 00000000 00:00 0 
7f8b6a4a4000-7f8b6a4a5000 ---p 00000000 00:00 0 
7f8b6a4a5000-7f8b6a5a6000 rw-p 00000000 00:00 0 
7f8b6a5a6000-7f8b6a5aa000 ---p 00000000 00:00 0 
7f8b6a5aa000-7f8b6a6a7000 rw-p 00000000 00:00 0 
7f8b6a6a7000-7f8b6a6ab000 ---p 00000000 00:00 0 
7f8b6a6ab000-7f8b6a7a8000 rw-p 00000000 00:00 0 
7f8b6a7a8000-7f8b6a7ac000 ---p 00000000 00:00 0 
7f8b6a7ac000-7f8b6c998000 rw-p 00000000 00:00 0 
7f8b6c998000-7f8b705ff000 ---p 00000000 00:00 0 
7f8b705ff000-7f8b71109000 rw-p 00000000 00:00 0 
7f8b71109000-7f8b730a9000 ---p 00000000 00:00 0 
7f8b730a9000-7f8b74998000 rw-p 00000000 00:00 0 
7f8b74998000-7f8b785ff000 ---p 00000000 00:00 0 
7f8b785ff000-7f8cd98e0000 rw-p 00000000 00:00 0 
7f8cd98e0000-7f90cdb50000 ---p 00000000 00:00 0 
7f90cdb50000-7f93eb751000 rw-p 00000000 00:00 0 
7f95ff49b000-7f9b78600000 ---p 00000000 00:00 0 
7f9b78665000-7f9b78669000 r--p 00000000 07:07 9178                       /usr/lib/x86_64-linux-gnu/libresolv-2.31.so
7f9b78669000-7f9b78679000 r-xp 00004000 07:07 9178                       /usr/lib/x86_64-linux-gnu/libresolv-2.31.so
7f9b78679000-7f9b7867d000 r--p 00014000 07:07 9178                       /usr/lib/x86_64-linux-gnu/libresolv-2.31.so
7f9b7867d000-7f9b7867e000 r--p 00017000 07:07 9178                       /usr/lib/x86_64-linux-gnu/libresolv-2.31.so
7f9b7867e000-7f9b7867f000 rw-p 00018000 07:07 9178                       /usr/lib/x86_64-linux-gnu/libresolv-2.31.so
7f9b7867f000-7f9b78681000 rw-p 00000000 00:00 0 
7f9b78681000-7f9b78682000 r--p 00000000 07:07 9105                       /usr/lib/x86_64-linux-gnu/libnss_dns-2.31.so
7f9b78682000-7f9b78686000 r-xp 00001000 07:07 9105                       /usr/lib/x86_64-linux-gnu/libnss_dns-2.31.so
7f9b78686000-7f9b78687000 r--p 00005000 07:07 9105                       /usr/lib/x86_64-linux-gnu/libnss_dns-2.31.so
7f9b78687000-7f9b78688000 r--p 00005000 07:07 9105                       /usr/lib/x86_64-linux-gnu/libnss_dns-2.31.so
7f9b78688000-7f9b78689000 rw-p 00006000 07:07 9105                       /usr/lib/x86_64-linux-gnu/libnss_dns-2.31.so
7f9b78689000-7f9b7868d000 ---p 00000000 00:00 0 
7f9b7868d000-7f9b7878a000 rw-p 00000000 00:00 0 
7f9b7878a000-7f9b789fa000 rwxp 00000000 00:00 0 
7f9b789fa000-7f9b78d19000 ---p 00000000 00:00 0 
7f9b78d19000-7f9b79649000 rwxp 00000000 00:00 0 
7f9b79649000-7f9b80251000 ---p 00000000 00:00 0 
7f9b80251000-7f9b804c1000 rwxp 00000000 00:00 0 
7f9b804c1000-7f9b8778a000 ---p 00000000 00:00 0 
7f9b8778a000-7f9b90000000 r--s 00000000 07:07 5215                       /usr/lib/jvm/java-13-openjdk-amd64/lib/modules
7f9b90000000-7f9b907e1000 rw-p 00000000 00:00 0 
7f9b907e1000-7f9b94000000 ---p 00000000 00:00 0 
7f9b94003000-7f9b94005000 r--p 00000000 07:07 5202                       /usr/lib/jvm/java-13-openjdk-amd64/lib/libmanagement_ext.so
7f9b94005000-7f9b94008000 r-xp 00002000 07:07 5202                       /usr/lib/jvm/java-13-openjdk-amd64/lib/libmanagement_ext.so
7f9b94008000-7f9b94009000 r--p 00005000 07:07 5202                       /usr/lib/jvm/java-13-openjdk-amd64/lib/libmanagement_ext.so
7f9b94009000-7f9b9400a000 ---p 00006000 07:07 5202                       /usr/lib/jvm/java-13-openjdk-amd64/lib/libmanagement_ext.so
7f9b9400a000-7f9b9400b000 r--p 00006000 07:07 5202                       /usr/lib/jvm/java-13-openjdk-amd64/lib/libmanagement_ext.so
7f9b9400b000-7f9b9400c000 rw-p 00007000 07:07 5202                       /usr/lib/jvm/java-13-openjdk-amd64/lib/libmanagement_ext.so
7f9b9400c000-7f9b9400f000 r--p 00000000 07:07 5200                       /usr/lib/jvm/java-13-openjdk-amd64/lib/libmanagement.so
7f9b9400f000-7f9b94010000 r-xp 00003000 07:07 5200                       /usr/lib/jvm/java-13-openjdk-amd64/lib/libmanagement.so
7f9b94010000-7f9b94011000 r--p 00004000 07:07 5200                       /usr/lib/jvm/java-13-openjdk-amd64/lib/libmanagement.so
7f9b94011000-7f9b94012000 r--p 00004000 07:07 5200                       /usr/lib/jvm/java-13-openjdk-amd64/lib/libmanagement.so
7f9b94012000-7f9b94013000 rw-p 00005000 07:07 5200                       /usr/lib/jvm/java-13-openjdk-amd64/lib/libmanagement.so
7f9b94013000-7f9b94044000 rw-p 00000000 00:00 0 
7f9b94044000-7f9b94048000 r--p 00000000 07:07 5204                       /usr/lib/jvm/java-13-openjdk-amd64/lib/libnet.so
7f9b94048000-7f9b94056000 r-xp 00004000 07:07 5204                       /usr/lib/jvm/java-13-openjdk-amd64/lib/libnet.so
7f9b94056000-7f9b9405a000 r--p 00012000 07:07 5204                       /usr/lib/jvm/java-13-openjdk-amd64/lib/libnet.so
7f9b9405a000-7f9b9405b000 r--p 00015000 07:07 5204                       /usr/lib/jvm/java-13-openjdk-amd64/lib/libnet.so
7f9b9405b000-7f9b9405c000 rw-p 00016000 07:07 5204                       /usr/lib/jvm/java-13-openjdk-amd64/lib/libnet.so
7f9b9405c000-7f9b94063000 r--p 00000000 07:07 5205                       /usr/lib/jvm/java-13-openjdk-amd64/lib/libnio.so
7f9b94063000-7f9b9406c000 r-xp 00007000 07:07 5205                       /usr/lib/jvm/java-13-openjdk-amd64/lib/libnio.so
7f9b9406c000-7f9b94070000 r--p 00010000 07:07 5205                       /usr/lib/jvm/java-13-openjdk-amd64/lib/libnio.so
7f9b94070000-7f9b94071000 r--p 00013000 07:07 5205                       /usr/lib/jvm/java-13-openjdk-amd64/lib/libnio.so
7f9b94071000-7f9b94072000 rw-p 00014000 07:07 5205                       /usr/lib/jvm/java-13-openjdk-amd64/lib/libnio.so
7f9b94072000-7f9b94076000 ---p 00000000 00:00 0 
7f9b94076000-7f9b94173000 rw-p 00000000 00:00 0 
7f9b94173000-7f9b94177000 ---p 00000000 00:00 0 
7f9b94177000-7f9b94274000 rw-p 00000000 00:00 0 
7f9b94274000-7f9b9427b000 r--s 00000000 07:07 8532                       /usr/lib/x86_64-linux-gnu/gconv/gconv-modules.cache
7f9b9427b000-7f9b942ad000 r--p 00000000 07:07 5276                       /usr/lib/locale/C.UTF-8/LC_CTYPE
7f9b942ad000-7f9b942b1000 ---p 00000000 00:00 0 
7f9b942b1000-7f9b943ae000 rw-p 00000000 00:00 0 
7f9b943ae000-7f9b943b2000 ---p 00000000 00:00 0 
7f9b943b2000-7f9b944af000 rw-p 00000000 00:00 0 
7f9b944af000-7f9b944b0000 ---p 00000000 00:00 0 
7f9b944b0000-7f9b946d3000 rw-p 00000000 00:00 0 
7f9b946d3000-7f9b947b9000 ---p 00000000 00:00 0 
7f9b947b9000-7f9b947cc000 rw-p 00000000 00:00 0 
7f9b947cc000-7f9b948a4000 ---p 00000000 00:00 0 
7f9b948a4000-7f9b948a9000 rw-p 00000000 00:00 0 
7f9b948a9000-7f9b948b0000 ---p 00000000 00:00 0 
7f9b948b0000-7f9b948b2000 r--p 00000000 07:07 5214                       /usr/lib/jvm/java-13-openjdk-amd64/lib/libzip.so
7f9b948b2000-7f9b948b6000 r-xp 00002000 07:07 5214                       /usr/lib/jvm/java-13-openjdk-amd64/lib/libzip.so
7f9b948b6000-7f9b948b8000 r--p 00006000 07:07 5214                       /usr/lib/jvm/java-13-openjdk-amd64/lib/libzip.so
7f9b948b8000-7f9b948b9000 r--p 00007000 07:07 5214                       /usr/lib/jvm/java-13-openjdk-amd64/lib/libzip.so
7f9b948b9000-7f9b948ba000 rw-p 00008000 07:07 5214                       /usr/lib/jvm/java-13-openjdk-amd64/lib/libzip.so
7f9b948ba000-7f9b948c2000 rw-s 00000000 08:03 674502                     /tmp/hsperfdata_rcabanas/43391
7f9b948c2000-7f9b948c5000 r--p 00000000 07:07 9108                       /usr/lib/x86_64-linux-gnu/libnss_files-2.31.so
7f9b948c5000-7f9b948cc000 r-xp 00003000 07:07 9108                       /usr/lib/x86_64-linux-gnu/libnss_files-2.31.so
7f9b948cc000-7f9b948ce000 r--p 0000a000 07:07 9108                       /usr/lib/x86_64-linux-gnu/libnss_files-2.31.so
7f9b948ce000-7f9b948cf000 r--p 0000b000 07:07 9108                       /usr/lib/x86_64-linux-gnu/libnss_files-2.31.so
7f9b948cf000-7f9b948d0000 rw-p 0000c000 07:07 9108                       /usr/lib/x86_64-linux-gnu/libnss_files-2.31.so
7f9b948d0000-7f9b948d6000 rw-p 00000000 00:00 0 
7f9b948dc000-7f9b948de000 r--p 00000000 07:07 5195                       /usr/lib/jvm/java-13-openjdk-amd64/lib/libjimage.so
7f9b948de000-7f9b948e1000 r-xp 00002000 07:07 5195                       /usr/lib/jvm/java-13-openjdk-amd64/lib/libjimage.so
7f9b948e1000-7f9b948e2000 r--p 00005000 07:07 5195                       /usr/lib/jvm/java-13-openjdk-amd64/lib/libjimage.so
7f9b948e2000-7f9b948e3000 ---p 00006000 07:07 5195                       /usr/lib/jvm/java-13-openjdk-amd64/lib/libjimage.so
7f9b948e3000-7f9b948e4000 r--p 00006000 07:07 5195                       /usr/lib/jvm/java-13-openjdk-amd64/lib/libjimage.so
7f9b948e4000-7f9b948e5000 rw-p 00007000 07:07 5195                       /usr/lib/jvm/java-13-openjdk-amd64/lib/libjimage.so
7f9b948e5000-7f9b948f2000 r--p 00000000 07:07 5191                       /usr/lib/jvm/java-13-openjdk-amd64/lib/libjava.so
7f9b948f2000-7f9b94907000 r-xp 0000d000 07:07 5191                       /usr/lib/jvm/java-13-openjdk-amd64/lib/libjava.so
7f9b94907000-7f9b9490d000 r--p 00022000 07:07 5191                       /usr/lib/jvm/java-13-openjdk-amd64/lib/libjava.so
7f9b9490d000-7f9b9490e000 ---p 00028000 07:07 5191                       /usr/lib/jvm/java-13-openjdk-amd64/lib/libjava.so
7f9b9490e000-7f9b9490f000 r--p 00028000 07:07 5191                       /usr/lib/jvm/java-13-openjdk-amd64/lib/libjava.so
7f9b9490f000-7f9b94911000 rw-p 00029000 07:07 5191                       /usr/lib/jvm/java-13-openjdk-amd64/lib/libjava.so
7f9b94911000-7f9b94916000 r--p 00000000 07:07 5213                       /usr/lib/jvm/java-13-openjdk-amd64/lib/libverify.so
7f9b94916000-7f9b9491d000 r-xp 00005000 07:07 5213                       /usr/lib/jvm/java-13-openjdk-amd64/lib/libverify.so
7f9b9491d000-7f9b9491f000 r--p 0000c000 07:07 5213                       /usr/lib/jvm/java-13-openjdk-amd64/lib/libverify.so
7f9b9491f000-7f9b94920000 ---p 0000e000 07:07 5213                       /usr/lib/jvm/java-13-openjdk-amd64/lib/libverify.so
7f9b94920000-7f9b94922000 r--p 0000e000 07:07 5213                       /usr/lib/jvm/java-13-openjdk-amd64/lib/libverify.so
7f9b94922000-7f9b94923000 rw-p 00010000 07:07 5213                       /usr/lib/jvm/java-13-openjdk-amd64/lib/libverify.so
7f9b94923000-7f9b94927000 ---p 00000000 00:00 0 
7f9b94927000-7f9b94a24000 rw-p 00000000 00:00 0 
7f9b94a24000-7f9b94a27000 r--p 00000000 07:07 8948                       /usr/lib/x86_64-linux-gnu/libgcc_s.so.1
7f9b94a27000-7f9b94a39000 r-xp 00003000 07:07 8948                       /usr/lib/x86_64-linux-gnu/libgcc_s.so.1
7f9b94a39000-7f9b94a3d000 r--p 00015000 07:07 8948                       /usr/lib/x86_64-linux-gnu/libgcc_s.so.1
7f9b94a3d000-7f9b94a3e000 r--p 00018000 07:07 8948                       /usr/lib/x86_64-linux-gnu/libgcc_s.so.1
7f9b94a3e000-7f9b94a3f000 rw-p 00019000 07:07 8948                       /usr/lib/x86_64-linux-gnu/libgcc_s.so.1
7f9b94a3f000-7f9b94a4c000 r--p 00000000 07:07 9062                       /usr/lib/x86_64-linux-gnu/libm-2.31.so
7f9b94a4c000-7f9b94af3000 r-xp 0000d000 07:07 9062                       /usr/lib/x86_64-linux-gnu/libm-2.31.so
7f9b94af3000-7f9b94b8c000 r--p 000b4000 07:07 9062                       /usr/lib/x86_64-linux-gnu/libm-2.31.so
7f9b94b8c000-7f9b94b8d000 r--p 0014c000 07:07 9062                       /usr/lib/x86_64-linux-gnu/libm-2.31.so
7f9b94b8d000-7f9b94b8e000 rw-p 0014d000 07:07 9062                       /usr/lib/x86_64-linux-gnu/libm-2.31.so
7f9b94b8e000-7f9b94c24000 r--p 00000000 07:07 9213                       /usr/lib/x86_64-linux-gnu/libstdc++.so.6.0.28
7f9b94c24000-7f9b94d15000 r-xp 00096000 07:07 9213                       /usr/lib/x86_64-linux-gnu/libstdc++.so.6.0.28
7f9b94d15000-7f9b94d5e000 r--p 00187000 07:07 9213                       /usr/lib/x86_64-linux-gnu/libstdc++.so.6.0.28
7f9b94d5e000-7f9b94d5f000 ---p 001d0000 07:07 9213                       /usr/lib/x86_64-linux-gnu/libstdc++.so.6.0.28
7f9b94d5f000-7f9b94d6a000 r--p 001d0000 07:07 9213                       /usr/lib/x86_64-linux-gnu/libstdc++.so.6.0.28
7f9b94d6a000-7f9b94d6d000 rw-p 001db000 07:07 9213                       /usr/lib/x86_64-linux-gnu/libstdc++.so.6.0.28
7f9b94d6d000-7f9b94d70000 rw-p 00000000 00:00 0 
7f9b94d70000-7f9b94ff6000 r--p 00000000 07:07 5226                       /usr/lib/jvm/java-13-openjdk-amd64/lib/server/libjvm.so
7f9b94ff6000-7f9b95d73000 r-xp 00286000 07:07 5226                       /usr/lib/jvm/java-13-openjdk-amd64/lib/server/libjvm.so
7f9b95d73000-7f9b95fee000 r--p 01003000 07:07 5226                       /usr/lib/jvm/java-13-openjdk-amd64/lib/server/libjvm.so
7f9b95fee000-7f9b960b3000 r--p 0127d000 07:07 5226                       /usr/lib/jvm/java-13-openjdk-amd64/lib/server/libjvm.so
7f9b960b3000-7f9b960ee000 rw-p 01342000 07:07 5226                       /usr/lib/jvm/java-13-openjdk-amd64/lib/server/libjvm.so
7f9b960ee000-7f9b96174000 rw-p 00000000 00:00 0 
7f9b96174000-7f9b9617a000 r--p 00000000 07:07 9166                       /usr/lib/x86_64-linux-gnu/libpthread-2.31.so
7f9b9617a000-7f9b9618b000 r-xp 00006000 07:07 9166                       /usr/lib/x86_64-linux-gnu/libpthread-2.31.so
7f9b9618b000-7f9b96191000 r--p 00017000 07:07 9166                       /usr/lib/x86_64-linux-gnu/libpthread-2.31.so
7f9b96191000-7f9b96192000 r--p 0001c000 07:07 9166                       /usr/lib/x86_64-linux-gnu/libpthread-2.31.so
7f9b96192000-7f9b96193000 rw-p 0001d000 07:07 9166                       /usr/lib/x86_64-linux-gnu/libpthread-2.31.so
7f9b96193000-7f9b96197000 rw-p 00000000 00:00 0 
7f9b96197000-7f9b96198000 r--p 00000000 07:07 8893                       /usr/lib/x86_64-linux-gnu/libdl-2.31.so
7f9b96198000-7f9b9619a000 r-xp 00001000 07:07 8893                       /usr/lib/x86_64-linux-gnu/libdl-2.31.so
7f9b9619a000-7f9b9619b000 r--p 00003000 07:07 8893                       /usr/lib/x86_64-linux-gnu/libdl-2.31.so
7f9b9619b000-7f9b9619c000 r--p 00003000 07:07 8893                       /usr/lib/x86_64-linux-gnu/libdl-2.31.so
7f9b9619c000-7f9b9619d000 rw-p 00004000 07:07 8893                       /usr/lib/x86_64-linux-gnu/libdl-2.31.so
7f9b9619d000-7f9b9619f000 r--p 00000000 07:07 9290                       /usr/lib/x86_64-linux-gnu/libz.so.1.2.11
7f9b9619f000-7f9b961b0000 r-xp 00002000 07:07 9290                       /usr/lib/x86_64-linux-gnu/libz.so.1.2.11
7f9b961b0000-7f9b961b6000 r--p 00013000 07:07 9290                       /usr/lib/x86_64-linux-gnu/libz.so.1.2.11
7f9b961b6000-7f9b961b7000 ---p 00019000 07:07 9290                       /usr/lib/x86_64-linux-gnu/libz.so.1.2.11
7f9b961b7000-7f9b961b8000 r--p 00019000 07:07 9290                       /usr/lib/x86_64-linux-gnu/libz.so.1.2.11
7f9b961b8000-7f9b961b9000 rw-p 0001a000 07:07 9290                       /usr/lib/x86_64-linux-gnu/libz.so.1.2.11
7f9b961b9000-7f9b961db000 r--p 00000000 07:07 8851                       /usr/lib/x86_64-linux-gnu/libc-2.31.so
7f9b961db000-7f9b96353000 r-xp 00022000 07:07 8851                       /usr/lib/x86_64-linux-gnu/libc-2.31.so
7f9b96353000-7f9b963a1000 r--p 0019a000 07:07 8851                       /usr/lib/x86_64-linux-gnu/libc-2.31.so
7f9b963a1000-7f9b963a5000 r--p 001e7000 07:07 8851                       /usr/lib/x86_64-linux-gnu/libc-2.31.so
7f9b963a5000-7f9b963a7000 rw-p 001eb000 07:07 8851                       /usr/lib/x86_64-linux-gnu/libc-2.31.so
7f9b963a7000-7f9b963ab000 rw-p 00000000 00:00 0 
7f9b963ad000-7f9b963af000 r--s 0000c000 07:07 20930                      /usr/share/java/java-atk-wrapper.jar
7f9b963af000-7f9b963b0000 ---p 00000000 00:00 0 
7f9b963b0000-7f9b963b1000 r--p 00000000 00:00 0 
7f9b963b1000-7f9b963b4000 r--p 00000000 07:07 5196                       /usr/lib/jvm/java-13-openjdk-amd64/lib/libjli.so
7f9b963b4000-7f9b963be000 r-xp 00003000 07:07 5196                       /usr/lib/jvm/java-13-openjdk-amd64/lib/libjli.so
7f9b963be000-7f9b963c1000 r--p 0000d000 07:07 5196                       /usr/lib/jvm/java-13-openjdk-amd64/lib/libjli.so
7f9b963c1000-7f9b963c2000 r--p 0000f000 07:07 5196                       /usr/lib/jvm/java-13-openjdk-amd64/lib/libjli.so
7f9b963c2000-7f9b963c3000 rw-p 00010000 07:07 5196                       /usr/lib/jvm/java-13-openjdk-amd64/lib/libjli.so
7f9b963c3000-7f9b963c5000 rw-p 00000000 00:00 0 
7f9b963c5000-7f9b963c6000 r--p 00000000 07:07 8572                       /usr/lib/x86_64-linux-gnu/ld-2.31.so
7f9b963c6000-7f9b963e9000 r-xp 00001000 07:07 8572                       /usr/lib/x86_64-linux-gnu/ld-2.31.so
7f9b963e9000-7f9b963f1000 r--p 00024000 07:07 8572                       /usr/lib/x86_64-linux-gnu/ld-2.31.so
7f9b963f1000-7f9b963f2000 ---p 00000000 00:00 0 
7f9b963f2000-7f9b963f3000 r--p 0002c000 07:07 8572                       /usr/lib/x86_64-linux-gnu/ld-2.31.so
7f9b963f3000-7f9b963f4000 rw-p 0002d000 07:07 8572                       /usr/lib/x86_64-linux-gnu/ld-2.31.so
7f9b963f4000-7f9b963f5000 rw-p 00000000 00:00 0 
7fffb8e51000-7fffb8e72000 rw-p 00000000 00:00 0                          [stack]
7fffb8fdc000-7fffb8fde000 r-xp 00000000 00:00 0                          [vdso]
ffffffffff600000-ffffffffff601000 r-xp 00000000 00:00 0                  [vsyscall]


VM Arguments:
jvm_args: -Xmx64g --add-modules=ALL-DEFAULT 
java_command: jdk.compiler/com.sun.tools.javac.launcher.Main /mnt/beegfs/rcabanas/dev/credici/papers/journalPGM/code/LearnSelectBias.java -w -o /mnt/beegfs/rcabanas/dev/credici/papers/journalPGM/output/biased/synthetic/s12 -m 500 -x 300 -s 0 /mnt/beegfs/rcabanas/dev/credici/papers/journalPGM/models/synthetic/s12/random_mc2_n7_mid3_d1000_05_mr098_r10_96.uai
java_class_path (initial): /mnt/beegfs/rcabanas/dev/credici/target/credici-0.1.5-dev-SNAPSHOT-jar-with-dependencies.jar
Launcher Type: SUN_STANDARD

[Global flags]
     intx CICompilerCount                          = 2                                         {product} {ergonomic}
   size_t InitialHeapSize                          = 2147483648                                {product} {ergonomic}
   size_t MaxHeapSize                              = 68719476736                               {product} {command line}
   size_t MaxNewSize                               = 22906470400                               {product} {ergonomic}
   size_t MinHeapDeltaBytes                        = 196608                                    {product} {ergonomic}
   size_t MinHeapSize                              = 8388608                                   {product} {ergonomic}
   size_t NewSize                                  = 715784192                                 {product} {ergonomic}
    uintx NonNMethodCodeHeapSize                   = 5826188                                {pd product} {ergonomic}
    uintx NonProfiledCodeHeapSize                  = 122916026                              {pd product} {ergonomic}
   size_t OldSize                                  = 1431699456                                {product} {ergonomic}
    uintx ProfiledCodeHeapSize                     = 122916026                              {pd product} {ergonomic}
    uintx ReservedCodeCacheSize                    = 251658240                              {pd product} {ergonomic}
     bool SegmentedCodeCache                       = true                                      {product} {ergonomic}
   size_t SoftMaxHeapSize                          = 68719476736                            {manageable} {ergonomic}
     bool UseSerialGC                              = true                                      {product} {ergonomic}

Logging:
Log output configuration:
 #0: stdout all=warning uptime,level,tags
 #1: stderr all=off uptime,level,tags

Environment Variables:
PATH=/usr/local/sbin:/usr/local/bin:/usr/sbin:/usr/bin:/sbin:/bin
LD_LIBRARY_PATH=/.singularity.d/libs

Signal Handlers:
SIGSEGV: [libjvm.so+0xf8fcf0], sa_mask[0]=11111111011111111101111111111110, sa_flags=SA_RESTART|SA_SIGINFO
SIGBUS: [libjvm.so+0xf8fcf0], sa_mask[0]=11111111011111111101111111111110, sa_flags=SA_RESTART|SA_SIGINFO
SIGFPE: [libjvm.so+0xf8fcf0], sa_mask[0]=11111111011111111101111111111110, sa_flags=SA_RESTART|SA_SIGINFO
SIGPIPE: [libjvm.so+0xc3ffa0], sa_mask[0]=11111111011111111101111111111110, sa_flags=SA_RESTART|SA_SIGINFO
SIGXFSZ: [libjvm.so+0xc3ffa0], sa_mask[0]=11111111011111111101111111111110, sa_flags=SA_RESTART|SA_SIGINFO
SIGILL: [libjvm.so+0xf8fcf0], sa_mask[0]=11111111011111111101111111111110, sa_flags=SA_RESTART|SA_SIGINFO
SIGUSR2: [libjvm.so+0xc3fe40], sa_mask[0]=00000000000000000000000000000000, sa_flags=SA_RESTART|SA_SIGINFO
SIGHUP: [libjvm.so+0xc40580], sa_mask[0]=11111111011111111101111111111110, sa_flags=SA_RESTART|SA_SIGINFO
SIGINT: [libjvm.so+0xc40580], sa_mask[0]=11111111011111111101111111111110, sa_flags=SA_RESTART|SA_SIGINFO
SIGTERM: [libjvm.so+0xc40580], sa_mask[0]=11111111011111111101111111111110, sa_flags=SA_RESTART|SA_SIGINFO
SIGQUIT: [libjvm.so+0xc40580], sa_mask[0]=11111111011111111101111111111110, sa_flags=SA_RESTART|SA_SIGINFO


---------------  S Y S T E M  ---------------

OS:DISTRIB_ID=Ubuntu
DISTRIB_RELEASE=20.04
DISTRIB_CODENAME=focal
DISTRIB_DESCRIPTION="Ubuntu 20.04.4 LTS"
uname:Linux 3.10.0-1160.15.2.el7.x86_64 #1 SMP Wed Feb 3 15:06:38 UTC 2021 x86_64
OS uptime: 588 days 6:43 hours
libc:glibc 2.31 NPTL 2.31 
rlimit (soft/hard): STACK 8192k/infinity , CORE 0k/infinity , NPROC 4096/1030220 , NOFILE 131072/131072 , AS infinity/infinity , CPU infinity/infinity , DATA infinity/infinity , FSIZE infinity/infinity , MEMLOCK infinity/infinity
load average:66.55 67.41 67.98

/proc/meminfo:
MemTotal:       263895972 kB
MemFree:         1184852 kB
MemAvailable:    1235996 kB
Buffers:          271360 kB
Cached:           891644 kB
SwapCached:        22060 kB
Active:         249565576 kB
Inactive:        3772512 kB
Active(anon):   249211556 kB
Inactive(anon):  3401368 kB
Active(file):     354020 kB
Inactive(file):   371144 kB
Unevictable:       11624 kB
Mlocked:           11624 kB
SwapTotal:       4194300 kB
SwapFree:          21008 kB
Dirty:               828 kB
Writeback:             0 kB
AnonPages:      252170356 kB
Mapped:           240988 kB
Shmem:            432564 kB
Slab:             772004 kB
SReclaimable:     192920 kB
SUnreclaim:       579084 kB
KernelStack:       40928 kB
PageTables:       548028 kB
NFS_Unstable:          0 kB
Bounce:                0 kB
WritebackTmp:          0 kB
CommitLimit:    136142284 kB
Committed_AS:   293774356 kB
VmallocTotal:   34359738367 kB
VmallocUsed:      861488 kB
VmallocChunk:   34222386428 kB
Percpu:            18176 kB
HardwareCorrupted:     0 kB
AnonHugePages:  75032576 kB
CmaTotal:              0 kB
CmaFree:               0 kB
HugePages_Total:       0
HugePages_Free:        0
HugePages_Rsvd:        0
HugePages_Surp:        0
Hugepagesize:       2048 kB
DirectMap4k:      587976 kB
DirectMap2M:    24440832 kB
DirectMap1G:    243269632 kB

/sys/kernel/mm/transparent_hugepage/enabled:
[always] madvise never

/sys/kernel/mm/transparent_hugepage/defrag (defrag/compaction efforts parameter):
[always] madvise never


/proc/sys/kernel/threads-max (system-wide limit on the number of threads):
2060440


/proc/sys/vm/max_map_count (maximum number of memory map areas a process may have):
65530


/proc/sys/kernel/pid_max (system-wide limit on number of process identifiers):
65536



Steal ticks since vm start: 0
Steal ticks percentage since vm start:  0.000

CPU:total 64 (initial active 1) (32 cores per cpu, 1 threads per core) family 23 model 49 stepping 0, cmov, cx8, fxsr, mmx, sse, sse2, sse3, ssse3, sse4.1, sse4.2, popcnt, avx, avx2, aes, clmul, mmxext, 3dnowpref, lzcnt, sse4a, tsc, tscinvbit, tscinv, bmi1, bmi2, adx, sha, fma
CPU Model and flags from /proc/cpuinfo:
model name	: AMD EPYC 7542 32-Core Processor
flags		: fpu vme de pse tsc msr pae mce cx8 apic sep mtrr pge mca cmov pat pse36 clflush mmx fxsr sse sse2 ht syscall nx mmxext fxsr_opt pdpe1gb rdtscp lm constant_tsc art rep_good nopl nonstop_tsc extd_apicid aperfmperf eagerfpu pni pclmulqdq monitor ssse3 fma cx16 sse4_1 sse4_2 movbe popcnt aes xsave avx f16c rdrand lahf_lm cmp_legacy svm extapic cr8_legacy abm sse4a misalignsse 3dnowprefetch osvw ibs skinit wdt tce topoext perfctr_core perfctr_nb bpext perfctr_l2 cpb cat_l3 cdp_l3 hw_pstate sme retpoline_amd ssbd ibrs ibpb stibp vmmcall fsgsbase bmi1 avx2 smep bmi2 cqm rdt_a rdseed adx smap clflushopt clwb sha_ni xsaveopt xsavec xgetbv1 cqm_llc cqm_occup_llc cqm_mbm_total cqm_mbm_local clzero irperf xsaveerptr arat npt lbrv svm_lock nrip_save tsc_scale vmcb_clean flushbyasid decodeassists pausefilter pfthreshold avic v_vmsave_vmload vgif umip overflow_recov succor smca
Online cpus:0-63
Offline cpus:
BIOS frequency limitation:2900000
Frequency switch latency (ns):0
Available cpu frequencies:2900000 2400000 1500000 
Current governor:conservative
Core performance/turbo boost:1

Memory: 4k page, physical 263895972k(1184324k free), swap 4194300k(21008k free)

vm_info: OpenJDK 64-Bit Server VM (13.0.7+5-Ubuntu-0ubuntu120.04) for linux-amd64 JRE (13.0.7+5-Ubuntu-0ubuntu120.04), built on Apr 21 2021 05:36:19 by "unknown" with gcc 9.3.0

END.
