#
# A fatal error has been detected by the Java Runtime Environment:
#
#  SIGBUS (0x7) at pc=0x00007fe380082cd0, pid=18241, tid=18273
#
# JRE version: OpenJDK Runtime Environment (13.0.7+5) (build 13.0.7+5-Ubuntu-0ubuntu120.04)
# Java VM: OpenJDK 64-Bit Server VM (13.0.7+5-Ubuntu-0ubuntu120.04, mixed mode, tiered, serial gc, linux-amd64)
# Problematic frame:
# V  [libjvm.so+0x4f3cd0]
#
# No core dump will be written. Core dumps have been disabled. To enable core dumping, try "ulimit -c unlimited" before starting Java again
#
# If you would like to submit a bug report, please visit:
#   Unknown
#

---------------  S U M M A R Y ------------

Command Line: -Xmx128g --add-modules=ALL-DEFAULT jdk.compiler/com.sun.tools.javac.launcher.Main /mnt/beegfs/rcabanas/dev/credici/papers/journalPGM/code/LearnMultiStudy.java -w -x 300 -m 500 -sc KL -th 0.0 --seed 0 --output /mnt/beegfs/rcabanas/dev/credici/papers/journalPGM/output/hybrid/synthetic/s12b -tps 0.75 /mnt/beegfs/rcabanas/dev/credici/papers/journalPGM/models/synthetic/s12/random_mc2_n5_mid3_d1000_05_mr098_r10_44.uai

Host: AMD EPYC 7542 32-Core Processor, 64 cores, 251G, Ubuntu 20.04.4 LTS
Time: Tue Feb 21 13:54:23 2023 CET elapsed time: 0.034009 seconds (0d 0h 0m 0s)

---------------  T H R E A D  ---------------

Current thread (0x00007fe3780d1000):  JavaThread "C1 CompilerThread0" daemon [_thread_in_native, id=18273, stack(0x00007fe37e48f000,0x00007fe37e590000)]


Current CompileTask:
C1:     34    3       2       java.lang.StringLatin1::hashCode (42 bytes)

Stack: [0x00007fe37e48f000,0x00007fe37e590000],  sp=0x00007fe37e58e2e8,  free space=1020k
Native frames: (J=compiled Java code, A=aot compiled Java code, j=interpreted, Vv=VM code, C=native code)
V  [libjvm.so+0x4f3cd0]
V  [libjvm.so+0x4aa24b]
V  [libjvm.so+0x4ab480]
V  [libjvm.so+0x4ab750]
V  [libjvm.so+0x4abbd3]
V  [libjvm.so+0x4ac511]
V  [libjvm.so+0x61bf57]
V  [libjvm.so+0x61d168]
V  [libjvm.so+0xf1cc3e]
V  [libjvm.so+0xf2208f]
V  [libjvm.so+0xc493ff]


siginfo: si_signo: 7 (SIGBUS), si_code: 2 (BUS_ADRERR), si_addr: 0x00007fe380082cd0

Register to memory mapping:

RAX=0x00007fe380eadd38: <offset 0x000000000131ed38> in /usr/lib/jvm/java-13-openjdk-amd64/lib/server/libjvm.so at 0x00007fe37fb8f000
RBX=0x0000000000000008 is an unknown value
RCX=0x0 is NULL
RDX=0x00007fe3780d2c70 points into unknown readable memory: 02 00 00 00 00 00 00 00
RSP=0x00007fe37e58e2e8 is pointing into the stack for thread: 0x00007fe3780d1000
RBP=0x00007fe37e58e310 is pointing into the stack for thread: 0x00007fe3780d1000
RSI=0x00007fc32804ae50 points into unknown readable memory: 30 21 e1 80 e3 7f 00 00
RDI=0x00007fe37e58e3c8 is pointing into the stack for thread: 0x00007fe3780d1000
R8 =0x0 is NULL
R9 =0x0 is NULL
R10=0x00007fc32804c310 points into unknown readable memory: 20 00 00 00 00 00 00 00
R11=0x0000000000000010 is an unknown value
R12=0x00007fe37e58e3c8 is pointing into the stack for thread: 0x00007fe3780d1000
R13=0x0000000000000030 is an unknown value
R14=0x00007fc32804b7d0 points into unknown readable memory: 06 00 00 00 06 00 00 00
R15=0x00007fe37e58e4d0 is pointing into the stack for thread: 0x00007fe3780d1000


Registers:
RAX=0x00007fe380eadd38, RBX=0x0000000000000008, RCX=0x0000000000000000, RDX=0x00007fe3780d2c70
RSP=0x00007fe37e58e2e8, RBP=0x00007fe37e58e310, RSI=0x00007fc32804ae50, RDI=0x00007fe37e58e3c8
R8 =0x0000000000000000, R9 =0x0000000000000000, R10=0x00007fc32804c310, R11=0x0000000000000010
R12=0x00007fe37e58e3c8, R13=0x0000000000000030, R14=0x00007fc32804b7d0, R15=0x00007fe37e58e4d0
RIP=0x00007fe380082cd0, EFLAGS=0x0000000000010202, CSGSFS=0x0000000000000033, ERR=0x0000000000000014
  TRAPNO=0x000000000000000e

Top of Stack: (sp=0x00007fe37e58e2e8)
0x00007fe37e58e2e8:   00007fe3800618e5 00007fe37e58e760
0x00007fe37e58e2f8:   00007fe37e58e370 00007fe37e58e490
0x00007fe37e58e308:   00007fe37e58e4b0 00007fe37e58e530
0x00007fe37e58e318:   00007fe38003924b 0000000000000000 

Instructions: (pc=0x00007fe380082cd0)
0x00007fe380082bd0:   ?? ?? ?? ?? ?? ?? ?? ?? ?? ?? ?? ?? ?? ?? ?? ??
0x00007fe380082be0:   ?? ?? ?? ?? ?? ?? ?? ?? ?? ?? ?? ?? ?? ?? ?? ??
0x00007fe380082bf0:   ?? ?? ?? ?? ?? ?? ?? ?? ?? ?? ?? ?? ?? ?? ?? ??
0x00007fe380082c00:   ?? ?? ?? ?? ?? ?? ?? ?? ?? ?? ?? ?? ?? ?? ?? ??
0x00007fe380082c10:   ?? ?? ?? ?? ?? ?? ?? ?? ?? ?? ?? ?? ?? ?? ?? ??
0x00007fe380082c20:   ?? ?? ?? ?? ?? ?? ?? ?? ?? ?? ?? ?? ?? ?? ?? ??
0x00007fe380082c30:   ?? ?? ?? ?? ?? ?? ?? ?? ?? ?? ?? ?? ?? ?? ?? ??
0x00007fe380082c40:   ?? ?? ?? ?? ?? ?? ?? ?? ?? ?? ?? ?? ?? ?? ?? ??
0x00007fe380082c50:   ?? ?? ?? ?? ?? ?? ?? ?? ?? ?? ?? ?? ?? ?? ?? ??
0x00007fe380082c60:   ?? ?? ?? ?? ?? ?? ?? ?? ?? ?? ?? ?? ?? ?? ?? ??
0x00007fe380082c70:   ?? ?? ?? ?? ?? ?? ?? ?? ?? ?? ?? ?? ?? ?? ?? ??
0x00007fe380082c80:   ?? ?? ?? ?? ?? ?? ?? ?? ?? ?? ?? ?? ?? ?? ?? ??
0x00007fe380082c90:   ?? ?? ?? ?? ?? ?? ?? ?? ?? ?? ?? ?? ?? ?? ?? ??
0x00007fe380082ca0:   ?? ?? ?? ?? ?? ?? ?? ?? ?? ?? ?? ?? ?? ?? ?? ??
0x00007fe380082cb0:   ?? ?? ?? ?? ?? ?? ?? ?? ?? ?? ?? ?? ?? ?? ?? ??
0x00007fe380082cc0:   ?? ?? ?? ?? ?? ?? ?? ?? ?? ?? ?? ?? ?? ?? ?? ??
0x00007fe380082cd0:   ?? ?? ?? ?? ?? ?? ?? ?? ?? ?? ?? ?? ?? ?? ?? ??
0x00007fe380082ce0:   ?? ?? ?? ?? ?? ?? ?? ?? ?? ?? ?? ?? ?? ?? ?? ??
0x00007fe380082cf0:   ?? ?? ?? ?? ?? ?? ?? ?? ?? ?? ?? ?? ?? ?? ?? ??
0x00007fe380082d00:   ?? ?? ?? ?? ?? ?? ?? ?? ?? ?? ?? ?? ?? ?? ?? ??
0x00007fe380082d10:   ?? ?? ?? ?? ?? ?? ?? ?? ?? ?? ?? ?? ?? ?? ?? ??
0x00007fe380082d20:   ?? ?? ?? ?? ?? ?? ?? ?? ?? ?? ?? ?? ?? ?? ?? ??
0x00007fe380082d30:   ?? ?? ?? ?? ?? ?? ?? ?? ?? ?? ?? ?? ?? ?? ?? ??
0x00007fe380082d40:   ?? ?? ?? ?? ?? ?? ?? ?? ?? ?? ?? ?? ?? ?? ?? ??
0x00007fe380082d50:   ?? ?? ?? ?? ?? ?? ?? ?? ?? ?? ?? ?? ?? ?? ?? ??
0x00007fe380082d60:   ?? ?? ?? ?? ?? ?? ?? ?? ?? ?? ?? ?? ?? ?? ?? ??
0x00007fe380082d70:   ?? ?? ?? ?? ?? ?? ?? ?? ?? ?? ?? ?? ?? ?? ?? ??
0x00007fe380082d80:   ?? ?? ?? ?? ?? ?? ?? ?? ?? ?? ?? ?? ?? ?? ?? ??
0x00007fe380082d90:   ?? ?? ?? ?? ?? ?? ?? ?? ?? ?? ?? ?? ?? ?? ?? ??
0x00007fe380082da0:   ?? ?? ?? ?? ?? ?? ?? ?? ?? ?? ?? ?? ?? ?? ?? ??
0x00007fe380082db0:   ?? ?? ?? ?? ?? ?? ?? ?? ?? ?? ?? ?? ?? ?? ?? ??
0x00007fe380082dc0:   ?? ?? ?? ?? ?? ?? ?? ?? ?? ?? ?? ?? ?? ?? ?? ?? 


Stack slot to memory mapping:
stack at sp + 0 slots: 0x00007fe3800618e5: <offset 0x00000000004d28e5> in /usr/lib/jvm/java-13-openjdk-amd64/lib/server/libjvm.so at 0x00007fe37fb8f000
stack at sp + 1 slots: 0x00007fe37e58e760 is pointing into the stack for thread: 0x00007fe3780d1000
stack at sp + 2 slots: 0x00007fe37e58e370 is pointing into the stack for thread: 0x00007fe3780d1000
stack at sp + 3 slots: 0x00007fe37e58e490 is pointing into the stack for thread: 0x00007fe3780d1000
stack at sp + 4 slots: 0x00007fe37e58e4b0 is pointing into the stack for thread: 0x00007fe3780d1000
stack at sp + 5 slots: 0x00007fe37e58e530 is pointing into the stack for thread: 0x00007fe3780d1000
stack at sp + 6 slots: 0x00007fe38003924b: <offset 0x00000000004aa24b> in /usr/lib/jvm/java-13-openjdk-amd64/lib/server/libjvm.so at 0x00007fe37fb8f000
stack at sp + 7 slots: 0x0 is NULL


---------------  P R O C E S S  ---------------

Threads class SMR info:
_java_thread_list=0x00007fe3781673f0, length=9, elements={
0x00007fe378018000, 0x00007fe3780a3800, 0x00007fe3780a7000, 0x00007fe3780cb800,
0x00007fe3780cd000, 0x00007fe3780cf000, 0x00007fe3780d1000, 0x00007fe3780d3000,
0x00007fe378166000
}

Java Threads: ( => current thread )
  0x00007fe378018000 JavaThread "main" [_thread_in_native, id=18253, stack(0x00007fe37f742000,0x00007fe37f843000)]
  0x00007fe3780a3800 JavaThread "Reference Handler" daemon [_thread_blocked, id=18268, stack(0x00007fe37e9cd000,0x00007fe37eace000)]
  0x00007fe3780a7000 JavaThread "Finalizer" daemon [_thread_blocked, id=18269, stack(0x00007fe37e8cc000,0x00007fe37e9cd000)]
  0x00007fe3780cb800 JavaThread "Signal Dispatcher" daemon [_thread_blocked, id=18270, stack(0x00007fe37e792000,0x00007fe37e893000)]
  0x00007fe3780cd000 JavaThread "Service Thread" daemon [_thread_blocked, id=18271, stack(0x00007fe37e691000,0x00007fe37e792000)]
  0x00007fe3780cf000 JavaThread "C2 CompilerThread0" daemon [_thread_blocked, id=18272, stack(0x00007fe37e590000,0x00007fe37e691000)]
=>0x00007fe3780d1000 JavaThread "C1 CompilerThread0" daemon [_thread_in_native, id=18273, stack(0x00007fe37e48f000,0x00007fe37e590000)]
  0x00007fe3780d3000 JavaThread "Sweeper thread" daemon [_thread_blocked, id=18274, stack(0x00007fe37e38e000,0x00007fe37e48f000)]
  0x00007fe378166000 JavaThread "Common-Cleaner" daemon [_thread_blocked, id=18777, stack(0x00007fe37e28d000,0x00007fe37e38e000)]

Other Threads:
  0x00007fe378097800 VMThread "VM Thread" [stack: 0x00007fe37ead0000,0x00007fe37ebd0000] [id=18267]
  0x00007fe3781ba000 WatcherThread [stack: 0x00007fe37e18d000,0x00007fe37e28d000] [id=18784]

Threads with active compile tasks:
C1 CompilerThread0     2434    3       2       java.lang.StringLatin1::hashCode (42 bytes)

VM state:not at safepoint (normal execution)

VM Mutex/Monitor currently owned by a thread: None

Heap:
 def new generation   total 629120K, used 11184K [0x00007fc360600000, 0x00007fc38b0a0000, 0x00007fce0b0a0000)
  eden space 559232K,   2% used [0x00007fc360600000, 0x00007fc3610ec2a0, 0x00007fc382820000)
  from space 69888K,   0% used [0x00007fc382820000, 0x00007fc382820000, 0x00007fc386c60000)
  to   space 69888K,   0% used [0x00007fc386c60000, 0x00007fc386c60000, 0x00007fc38b0a0000)
 tenured generation   total 1398144K, used 0K [0x00007fce0b0a0000, 0x00007fce60600000, 0x00007fe360600000)
   the space 1398144K,   0% used [0x00007fce0b0a0000, 0x00007fce0b0a0000, 0x00007fce0b0a0200, 0x00007fce60600000)
 Metaspace       used 5567K, capacity 5689K, committed 5888K, reserved 8192K

Card table byte_map: [0x00007fc3505ff000,0x00007fc360600000] _byte_map_base: 0x00007f836eafc000

Polling page: 0x00007fe3811ce000

Metaspace:

Usage:
    5.56 MB capacity,     5.44 MB ( 98%) used,   117.70 KB (  2%) free+waste,     3.81 KB ( <1%) overhead. 

Virtual space:
      8.00 MB reserved,       5.75 MB ( 72%) committed 

Chunk freelists:
19.00 KB

MaxMetaspaceSize: unlimited


CodeHeap 'non-profiled nmethods': size=120036Kb used=13Kb max_used=13Kb free=120023Kb
 bounds [0x00007fe368251000, 0x00007fe3684c1000, 0x00007fe36f78a000]
CodeHeap 'profiled nmethods': size=120032Kb used=0Kb max_used=0Kb free=120032Kb
 bounds [0x00007fe360d19000, 0x00007fe360f89000, 0x00007fe368251000]
CodeHeap 'non-nmethods': size=5692Kb used=1077Kb max_used=1077Kb free=4614Kb
 bounds [0x00007fe36078a000, 0x00007fe3609fa000, 0x00007fe360d19000]
 total_blobs=336 nmethods=17 adapters=236
 compilation: enabled
              stopped_count=0, restarted_count=0
 full_count=0

Compilation events (1 events):
Event: 0.032 Thread 0x00007fe3780d1000    3       2       java.lang.StringLatin1::hashCode (42 bytes)

GC Heap History (0 events):
No events

Deoptimization events (0 events):
No events

Classes unloaded (0 events):
No events

Classes redefined (0 events):
No events

Internal exceptions (0 events):
No events

Events (20 events):
Event: 0.028 loading class java/lang/module/ModuleDescriptor$Exports
Event: 0.028 loading class java/lang/module/ModuleDescriptor$Exports done
Event: 0.029 loading class java/lang/module/ModuleDescriptor$Opens
Event: 0.029 loading class java/lang/module/ModuleDescriptor$Opens done
Event: 0.029 loading class java/lang/module/ModuleDescriptor$Provides
Event: 0.029 loading class java/lang/module/ModuleDescriptor$Provides done
Event: 0.029 loading class java/util/ImmutableCollections$List12
Event: 0.029 loading class java/util/ImmutableCollections$AbstractImmutableList
Event: 0.029 loading class java/util/ImmutableCollections$AbstractImmutableList done
Event: 0.029 loading class java/util/ImmutableCollections$List12 done
Event: 0.029 loading class java/lang/module/ModuleDescriptor$Version
Event: 0.029 loading class java/lang/module/ModuleDescriptor$Version done
Event: 0.029 loading class java/lang/module/ModuleDescriptor$Modifier
Event: 0.029 loading class java/lang/Enum
Event: 0.029 loading class java/lang/Enum done
Event: 0.029 loading class java/lang/module/ModuleDescriptor$Modifier done
Event: 0.029 loading class java/lang/module/ModuleDescriptor$Requires$Modifier
Event: 0.029 loading class java/lang/module/ModuleDescriptor$Requires$Modifier done
Event: 0.030 loading class java/util/ImmutableCollections$ListN
Event: 0.030 loading class java/util/ImmutableCollections$ListN done


Dynamic libraries:
55b102237000-55b102238000 r--p 00000000 07:0d 4860                       /usr/lib/jvm/java-13-openjdk-amd64/bin/java
55b102238000-55b102239000 r-xp 00001000 07:0d 4860                       /usr/lib/jvm/java-13-openjdk-amd64/bin/java
55b102239000-55b10223a000 r--p 00002000 07:0d 4860                       /usr/lib/jvm/java-13-openjdk-amd64/bin/java
55b10223a000-55b10223b000 r--p 00002000 07:0d 4860                       /usr/lib/jvm/java-13-openjdk-amd64/bin/java
55b10223b000-55b10223c000 rw-p 00003000 07:0d 4860                       /usr/lib/jvm/java-13-openjdk-amd64/bin/java
55b10325e000-55b10327f000 rw-p 00000000 00:00 0                          [heap]
7fc318000000-7fc318021000 rw-p 00000000 00:00 0 
7fc318021000-7fc31c000000 ---p 00000000 00:00 0 
7fc320000000-7fc320021000 rw-p 00000000 00:00 0 
7fc320021000-7fc324000000 ---p 00000000 00:00 0 
7fc324000000-7fc324021000 rw-p 00000000 00:00 0 
7fc324021000-7fc328000000 ---p 00000000 00:00 0 
7fc328000000-7fc32805e000 rw-p 00000000 00:00 0 
7fc32805e000-7fc32c000000 ---p 00000000 00:00 0 
7fc32c000000-7fc32c021000 rw-p 00000000 00:00 0 
7fc32c021000-7fc330000000 ---p 00000000 00:00 0 
7fc330000000-7fc330021000 rw-p 00000000 00:00 0 
7fc330021000-7fc334000000 ---p 00000000 00:00 0 
7fc334000000-7fc334021000 rw-p 00000000 00:00 0 
7fc334021000-7fc338000000 ---p 00000000 00:00 0 
7fc338000000-7fc338021000 rw-p 00000000 00:00 0 
7fc338021000-7fc33c000000 ---p 00000000 00:00 0 
7fc33c000000-7fc33c021000 rw-p 00000000 00:00 0 
7fc33c021000-7fc340000000 ---p 00000000 00:00 0 
7fc340000000-7fc340021000 rw-p 00000000 00:00 0 
7fc340021000-7fc344000000 ---p 00000000 00:00 0 
7fc345b54000-7fc345dff000 rw-p 00000000 00:00 0 
7fc345dff000-7fc3505ff000 ---p 00000000 00:00 0 
7fc3505ff000-7fc350755000 rw-p 00000000 00:00 0 
7fc350755000-7fc355b54000 ---p 00000000 00:00 0 
7fc355b54000-7fc355dff000 rw-p 00000000 00:00 0 
7fc355dff000-7fc3605ff000 ---p 00000000 00:00 0 
7fc3605ff000-7fc38b0a0000 rw-p 00000000 00:00 0 
7fc38b0a0000-7fce0b0a0000 ---p 00000000 00:00 0 
7fce0b0a0000-7fce60600000 rw-p 00000000 00:00 0 
7fce60600000-7fe360600000 ---p 00000000 00:00 0 
7fe36078a000-7fe3609fa000 rwxp 00000000 00:00 0 
7fe3609fa000-7fe360d19000 ---p 00000000 00:00 0 
7fe360d19000-7fe360f89000 rwxp 00000000 00:00 0 
7fe360f89000-7fe368251000 ---p 00000000 00:00 0 
7fe368251000-7fe3684c1000 rwxp 00000000 00:00 0 
7fe3684c1000-7fe36f78a000 ---p 00000000 00:00 0 
7fe36f78a000-7fe378000000 r--s 00000000 07:0d 5215                       /usr/lib/jvm/java-13-openjdk-amd64/lib/modules
7fe378000000-7fe378207000 rw-p 00000000 00:00 0 
7fe378207000-7fe37c000000 ---p 00000000 00:00 0 
7fe37e12c000-7fe37e15d000 rw-p 00000000 00:00 0 
7fe37e15d000-7fe37e161000 r--p 00000000 07:0d 5204                       /usr/lib/jvm/java-13-openjdk-amd64/lib/libnet.so
7fe37e161000-7fe37e16f000 r-xp 00004000 07:0d 5204                       /usr/lib/jvm/java-13-openjdk-amd64/lib/libnet.so
7fe37e16f000-7fe37e173000 r--p 00012000 07:0d 5204                       /usr/lib/jvm/java-13-openjdk-amd64/lib/libnet.so
7fe37e173000-7fe37e174000 r--p 00015000 07:0d 5204                       /usr/lib/jvm/java-13-openjdk-amd64/lib/libnet.so
7fe37e174000-7fe37e175000 rw-p 00016000 07:0d 5204                       /usr/lib/jvm/java-13-openjdk-amd64/lib/libnet.so
7fe37e175000-7fe37e17c000 r--p 00000000 07:0d 5205                       /usr/lib/jvm/java-13-openjdk-amd64/lib/libnio.so
7fe37e17c000-7fe37e185000 r-xp 00007000 07:0d 5205                       /usr/lib/jvm/java-13-openjdk-amd64/lib/libnio.so
7fe37e185000-7fe37e189000 r--p 00010000 07:0d 5205                       /usr/lib/jvm/java-13-openjdk-amd64/lib/libnio.so
7fe37e189000-7fe37e18a000 r--p 00013000 07:0d 5205                       /usr/lib/jvm/java-13-openjdk-amd64/lib/libnio.so
7fe37e18a000-7fe37e18b000 rw-p 00014000 07:0d 5205                       /usr/lib/jvm/java-13-openjdk-amd64/lib/libnio.so
7fe37e18b000-7fe37e18c000 ---p 00000000 00:00 0 
7fe37e18c000-7fe37e28d000 rw-p 00000000 00:00 0 
7fe37e28d000-7fe37e291000 ---p 00000000 00:00 0 
7fe37e291000-7fe37e38e000 rw-p 00000000 00:00 0 
7fe37e38e000-7fe37e392000 ---p 00000000 00:00 0 
7fe37e392000-7fe37e48f000 rw-p 00000000 00:00 0 
7fe37e48f000-7fe37e493000 ---p 00000000 00:00 0 
7fe37e493000-7fe37e590000 rw-p 00000000 00:00 0 
7fe37e590000-7fe37e594000 ---p 00000000 00:00 0 
7fe37e594000-7fe37e691000 rw-p 00000000 00:00 0 
7fe37e691000-7fe37e695000 ---p 00000000 00:00 0 
7fe37e695000-7fe37e792000 rw-p 00000000 00:00 0 
7fe37e792000-7fe37e796000 ---p 00000000 00:00 0 
7fe37e796000-7fe37e893000 rw-p 00000000 00:00 0 
7fe37e893000-7fe37e89a000 r--s 00000000 07:0d 8532                       /usr/lib/x86_64-linux-gnu/gconv/gconv-modules.cache
7fe37e89a000-7fe37e8cc000 r--p 00000000 07:0d 5276                       /usr/lib/locale/C.UTF-8/LC_CTYPE
7fe37e8cc000-7fe37e8d0000 ---p 00000000 00:00 0 
7fe37e8d0000-7fe37e9cd000 rw-p 00000000 00:00 0 
7fe37e9cd000-7fe37e9d1000 ---p 00000000 00:00 0 
7fe37e9d1000-7fe37eace000 rw-p 00000000 00:00 0 
7fe37eace000-7fe37eacf000 ---p 00000000 00:00 0 
7fe37eacf000-7fe37f2ad000 rw-p 00000000 00:00 0 
7fe37f2ad000-7fe37f4ed000 ---p 00000000 00:00 0 
7fe37f4ed000-7fe37f4f2000 rw-p 00000000 00:00 0 
7fe37f4f2000-7fe37f5d8000 ---p 00000000 00:00 0 
7fe37f5d8000-7fe37f5dd000 rw-p 00000000 00:00 0 
7fe37f5dd000-7fe37f6c3000 ---p 00000000 00:00 0 
7fe37f6c3000-7fe37f6c8000 rw-p 00000000 00:00 0 
7fe37f6c8000-7fe37f6cf000 ---p 00000000 00:00 0 
7fe37f6cf000-7fe37f6d1000 r--p 00000000 07:0d 5214                       /usr/lib/jvm/java-13-openjdk-amd64/lib/libzip.so
7fe37f6d1000-7fe37f6d5000 r-xp 00002000 07:0d 5214                       /usr/lib/jvm/java-13-openjdk-amd64/lib/libzip.so
7fe37f6d5000-7fe37f6d7000 r--p 00006000 07:0d 5214                       /usr/lib/jvm/java-13-openjdk-amd64/lib/libzip.so
7fe37f6d7000-7fe37f6d8000 r--p 00007000 07:0d 5214                       /usr/lib/jvm/java-13-openjdk-amd64/lib/libzip.so
7fe37f6d8000-7fe37f6d9000 rw-p 00008000 07:0d 5214                       /usr/lib/jvm/java-13-openjdk-amd64/lib/libzip.so
7fe37f6d9000-7fe37f6e1000 rw-s 00000000 08:03 674513                     /tmp/hsperfdata_rcabanas/18241
7fe37f6e1000-7fe37f6e4000 r--p 00000000 07:0d 9108                       /usr/lib/x86_64-linux-gnu/libnss_files-2.31.so
7fe37f6e4000-7fe37f6eb000 r-xp 00003000 07:0d 9108                       /usr/lib/x86_64-linux-gnu/libnss_files-2.31.so
7fe37f6eb000-7fe37f6ed000 r--p 0000a000 07:0d 9108                       /usr/lib/x86_64-linux-gnu/libnss_files-2.31.so
7fe37f6ed000-7fe37f6ee000 r--p 0000b000 07:0d 9108                       /usr/lib/x86_64-linux-gnu/libnss_files-2.31.so
7fe37f6ee000-7fe37f6ef000 rw-p 0000c000 07:0d 9108                       /usr/lib/x86_64-linux-gnu/libnss_files-2.31.so
7fe37f6ef000-7fe37f6f5000 rw-p 00000000 00:00 0 
7fe37f6fb000-7fe37f6fd000 r--p 00000000 07:0d 5195                       /usr/lib/jvm/java-13-openjdk-amd64/lib/libjimage.so
7fe37f6fd000-7fe37f700000 r-xp 00002000 07:0d 5195                       /usr/lib/jvm/java-13-openjdk-amd64/lib/libjimage.so
7fe37f700000-7fe37f701000 r--p 00005000 07:0d 5195                       /usr/lib/jvm/java-13-openjdk-amd64/lib/libjimage.so
7fe37f701000-7fe37f702000 ---p 00006000 07:0d 5195                       /usr/lib/jvm/java-13-openjdk-amd64/lib/libjimage.so
7fe37f702000-7fe37f703000 r--p 00006000 07:0d 5195                       /usr/lib/jvm/java-13-openjdk-amd64/lib/libjimage.so
7fe37f703000-7fe37f704000 rw-p 00007000 07:0d 5195                       /usr/lib/jvm/java-13-openjdk-amd64/lib/libjimage.so
7fe37f704000-7fe37f711000 r--p 00000000 07:0d 5191                       /usr/lib/jvm/java-13-openjdk-amd64/lib/libjava.so
7fe37f711000-7fe37f726000 r-xp 0000d000 07:0d 5191                       /usr/lib/jvm/java-13-openjdk-amd64/lib/libjava.so
7fe37f726000-7fe37f72c000 r--p 00022000 07:0d 5191                       /usr/lib/jvm/java-13-openjdk-amd64/lib/libjava.so
7fe37f72c000-7fe37f72d000 ---p 00028000 07:0d 5191                       /usr/lib/jvm/java-13-openjdk-amd64/lib/libjava.so
7fe37f72d000-7fe37f72e000 r--p 00028000 07:0d 5191                       /usr/lib/jvm/java-13-openjdk-amd64/lib/libjava.so
7fe37f72e000-7fe37f730000 rw-p 00029000 07:0d 5191                       /usr/lib/jvm/java-13-openjdk-amd64/lib/libjava.so
7fe37f730000-7fe37f735000 r--p 00000000 07:0d 5213                       /usr/lib/jvm/java-13-openjdk-amd64/lib/libverify.so
7fe37f735000-7fe37f73c000 r-xp 00005000 07:0d 5213                       /usr/lib/jvm/java-13-openjdk-amd64/lib/libverify.so
7fe37f73c000-7fe37f73e000 r--p 0000c000 07:0d 5213                       /usr/lib/jvm/java-13-openjdk-amd64/lib/libverify.so
7fe37f73e000-7fe37f73f000 ---p 0000e000 07:0d 5213                       /usr/lib/jvm/java-13-openjdk-amd64/lib/libverify.so
7fe37f73f000-7fe37f741000 r--p 0000e000 07:0d 5213                       /usr/lib/jvm/java-13-openjdk-amd64/lib/libverify.so
7fe37f741000-7fe37f742000 rw-p 00010000 07:0d 5213                       /usr/lib/jvm/java-13-openjdk-amd64/lib/libverify.so
7fe37f742000-7fe37f746000 ---p 00000000 00:00 0 
7fe37f746000-7fe37f843000 rw-p 00000000 00:00 0 
7fe37f843000-7fe37f846000 r--p 00000000 07:0d 8948                       /usr/lib/x86_64-linux-gnu/libgcc_s.so.1
7fe37f846000-7fe37f858000 r-xp 00003000 07:0d 8948                       /usr/lib/x86_64-linux-gnu/libgcc_s.so.1
7fe37f858000-7fe37f85c000 r--p 00015000 07:0d 8948                       /usr/lib/x86_64-linux-gnu/libgcc_s.so.1
7fe37f85c000-7fe37f85d000 r--p 00018000 07:0d 8948                       /usr/lib/x86_64-linux-gnu/libgcc_s.so.1
7fe37f85d000-7fe37f85e000 rw-p 00019000 07:0d 8948                       /usr/lib/x86_64-linux-gnu/libgcc_s.so.1
7fe37f85e000-7fe37f86b000 r--p 00000000 07:0d 9062                       /usr/lib/x86_64-linux-gnu/libm-2.31.so
7fe37f86b000-7fe37f912000 r-xp 0000d000 07:0d 9062                       /usr/lib/x86_64-linux-gnu/libm-2.31.so
7fe37f912000-7fe37f9ab000 r--p 000b4000 07:0d 9062                       /usr/lib/x86_64-linux-gnu/libm-2.31.so
7fe37f9ab000-7fe37f9ac000 r--p 0014c000 07:0d 9062                       /usr/lib/x86_64-linux-gnu/libm-2.31.so
7fe37f9ac000-7fe37f9ad000 rw-p 0014d000 07:0d 9062                       /usr/lib/x86_64-linux-gnu/libm-2.31.so
7fe37f9ad000-7fe37fa43000 r--p 00000000 07:0d 9213                       /usr/lib/x86_64-linux-gnu/libstdc++.so.6.0.28
7fe37fa43000-7fe37fb34000 r-xp 00096000 07:0d 9213                       /usr/lib/x86_64-linux-gnu/libstdc++.so.6.0.28
7fe37fb34000-7fe37fb7d000 r--p 00187000 07:0d 9213                       /usr/lib/x86_64-linux-gnu/libstdc++.so.6.0.28
7fe37fb7d000-7fe37fb7e000 ---p 001d0000 07:0d 9213                       /usr/lib/x86_64-linux-gnu/libstdc++.so.6.0.28
7fe37fb7e000-7fe37fb89000 r--p 001d0000 07:0d 9213                       /usr/lib/x86_64-linux-gnu/libstdc++.so.6.0.28
7fe37fb89000-7fe37fb8c000 rw-p 001db000 07:0d 9213                       /usr/lib/x86_64-linux-gnu/libstdc++.so.6.0.28
7fe37fb8c000-7fe37fb8f000 rw-p 00000000 00:00 0 
7fe37fb8f000-7fe37fe15000 r--p 00000000 07:0d 5226                       /usr/lib/jvm/java-13-openjdk-amd64/lib/server/libjvm.so
7fe37fe15000-7fe380b92000 r-xp 00286000 07:0d 5226                       /usr/lib/jvm/java-13-openjdk-amd64/lib/server/libjvm.so
7fe380b92000-7fe380e0d000 r--p 01003000 07:0d 5226                       /usr/lib/jvm/java-13-openjdk-amd64/lib/server/libjvm.so
7fe380e0d000-7fe380ed2000 r--p 0127d000 07:0d 5226                       /usr/lib/jvm/java-13-openjdk-amd64/lib/server/libjvm.so
7fe380ed2000-7fe380f0d000 rw-p 01342000 07:0d 5226                       /usr/lib/jvm/java-13-openjdk-amd64/lib/server/libjvm.so
7fe380f0d000-7fe380f93000 rw-p 00000000 00:00 0 
7fe380f93000-7fe380f99000 r--p 00000000 07:0d 9166                       /usr/lib/x86_64-linux-gnu/libpthread-2.31.so
7fe380f99000-7fe380faa000 r-xp 00006000 07:0d 9166                       /usr/lib/x86_64-linux-gnu/libpthread-2.31.so
7fe380faa000-7fe380fb0000 r--p 00017000 07:0d 9166                       /usr/lib/x86_64-linux-gnu/libpthread-2.31.so
7fe380fb0000-7fe380fb1000 r--p 0001c000 07:0d 9166                       /usr/lib/x86_64-linux-gnu/libpthread-2.31.so
7fe380fb1000-7fe380fb2000 rw-p 0001d000 07:0d 9166                       /usr/lib/x86_64-linux-gnu/libpthread-2.31.so
7fe380fb2000-7fe380fb6000 rw-p 00000000 00:00 0 
7fe380fb6000-7fe380fb7000 r--p 00000000 07:0d 8893                       /usr/lib/x86_64-linux-gnu/libdl-2.31.so
7fe380fb7000-7fe380fb9000 r-xp 00001000 07:0d 8893                       /usr/lib/x86_64-linux-gnu/libdl-2.31.so
7fe380fb9000-7fe380fba000 r--p 00003000 07:0d 8893                       /usr/lib/x86_64-linux-gnu/libdl-2.31.so
7fe380fba000-7fe380fbb000 r--p 00003000 07:0d 8893                       /usr/lib/x86_64-linux-gnu/libdl-2.31.so
7fe380fbb000-7fe380fbc000 rw-p 00004000 07:0d 8893                       /usr/lib/x86_64-linux-gnu/libdl-2.31.so
7fe380fbc000-7fe380fbe000 r--p 00000000 07:0d 9290                       /usr/lib/x86_64-linux-gnu/libz.so.1.2.11
7fe380fbe000-7fe380fcf000 r-xp 00002000 07:0d 9290                       /usr/lib/x86_64-linux-gnu/libz.so.1.2.11
7fe380fcf000-7fe380fd5000 r--p 00013000 07:0d 9290                       /usr/lib/x86_64-linux-gnu/libz.so.1.2.11
7fe380fd5000-7fe380fd6000 ---p 00019000 07:0d 9290                       /usr/lib/x86_64-linux-gnu/libz.so.1.2.11
7fe380fd6000-7fe380fd7000 r--p 00019000 07:0d 9290                       /usr/lib/x86_64-linux-gnu/libz.so.1.2.11
7fe380fd7000-7fe380fd8000 rw-p 0001a000 07:0d 9290                       /usr/lib/x86_64-linux-gnu/libz.so.1.2.11
7fe380fd8000-7fe380ffa000 r--p 00000000 07:0d 8851                       /usr/lib/x86_64-linux-gnu/libc-2.31.so
7fe380ffa000-7fe381172000 r-xp 00022000 07:0d 8851                       /usr/lib/x86_64-linux-gnu/libc-2.31.so
7fe381172000-7fe3811c0000 r--p 0019a000 07:0d 8851                       /usr/lib/x86_64-linux-gnu/libc-2.31.so
7fe3811c0000-7fe3811c4000 r--p 001e7000 07:0d 8851                       /usr/lib/x86_64-linux-gnu/libc-2.31.so
7fe3811c4000-7fe3811c6000 rw-p 001eb000 07:0d 8851                       /usr/lib/x86_64-linux-gnu/libc-2.31.so
7fe3811c6000-7fe3811ca000 rw-p 00000000 00:00 0 
7fe3811cc000-7fe3811ce000 r--s 0000c000 07:0d 20930                      /usr/share/java/java-atk-wrapper.jar
7fe3811ce000-7fe3811cf000 ---p 00000000 00:00 0 
7fe3811cf000-7fe3811d0000 r--p 00000000 00:00 0 
7fe3811d0000-7fe3811d3000 r--p 00000000 07:0d 5196                       /usr/lib/jvm/java-13-openjdk-amd64/lib/libjli.so
7fe3811d3000-7fe3811dd000 r-xp 00003000 07:0d 5196                       /usr/lib/jvm/java-13-openjdk-amd64/lib/libjli.so
7fe3811dd000-7fe3811e0000 r--p 0000d000 07:0d 5196                       /usr/lib/jvm/java-13-openjdk-amd64/lib/libjli.so
7fe3811e0000-7fe3811e1000 r--p 0000f000 07:0d 5196                       /usr/lib/jvm/java-13-openjdk-amd64/lib/libjli.so
7fe3811e1000-7fe3811e2000 rw-p 00010000 07:0d 5196                       /usr/lib/jvm/java-13-openjdk-amd64/lib/libjli.so
7fe3811e2000-7fe3811e4000 rw-p 00000000 00:00 0 
7fe3811e4000-7fe3811e5000 r--p 00000000 07:0d 8572                       /usr/lib/x86_64-linux-gnu/ld-2.31.so
7fe3811e5000-7fe381208000 r-xp 00001000 07:0d 8572                       /usr/lib/x86_64-linux-gnu/ld-2.31.so
7fe381208000-7fe381210000 r--p 00024000 07:0d 8572                       /usr/lib/x86_64-linux-gnu/ld-2.31.so
7fe381210000-7fe381211000 ---p 00000000 00:00 0 
7fe381211000-7fe381212000 r--p 0002c000 07:0d 8572                       /usr/lib/x86_64-linux-gnu/ld-2.31.so
7fe381212000-7fe381213000 rw-p 0002d000 07:0d 8572                       /usr/lib/x86_64-linux-gnu/ld-2.31.so
7fe381213000-7fe381214000 rw-p 00000000 00:00 0 
7ffec2013000-7ffec2034000 rw-p 00000000 00:00 0                          [stack]
7ffec21b8000-7ffec21ba000 r-xp 00000000 00:00 0                          [vdso]
ffffffffff600000-ffffffffff601000 r-xp 00000000 00:00 0                  [vsyscall]


VM Arguments:
jvm_args: -Xmx128g --add-modules=ALL-DEFAULT 
java_command: jdk.compiler/com.sun.tools.javac.launcher.Main /mnt/beegfs/rcabanas/dev/credici/papers/journalPGM/code/LearnMultiStudy.java -w -x 300 -m 500 -sc KL -th 0.0 --seed 0 --output /mnt/beegfs/rcabanas/dev/credici/papers/journalPGM/output/hybrid/synthetic/s12b -tps 0.75 /mnt/beegfs/rcabanas/dev/credici/papers/journalPGM/models/synthetic/s12/random_mc2_n5_mid3_d1000_05_mr098_r10_44.uai
java_class_path (initial): /mnt/beegfs/rcabanas/dev/credici/target/credici-0.1.5-dev-SNAPSHOT-jar-with-dependencies.jar
Launcher Type: SUN_STANDARD

[Global flags]
     intx CICompilerCount                          = 2                                         {product} {ergonomic}
   size_t InitialHeapSize                          = 2147483648                                {product} {ergonomic}
   size_t MaxHeapSize                              = 137438953472                              {product} {command line}
   size_t MaxNewSize                               = 45812940800                               {product} {ergonomic}
   size_t MinHeapDeltaBytes                        = 196608                                    {product} {ergonomic}
   size_t MinHeapSize                              = 8388608                                   {product} {ergonomic}
   size_t NewSize                                  = 715784192                                 {product} {ergonomic}
    uintx NonNMethodCodeHeapSize                   = 5826188                                {pd product} {ergonomic}
    uintx NonProfiledCodeHeapSize                  = 122916026                              {pd product} {ergonomic}
   size_t OldSize                                  = 1431699456                                {product} {ergonomic}
    uintx ProfiledCodeHeapSize                     = 122916026                              {pd product} {ergonomic}
    uintx ReservedCodeCacheSize                    = 251658240                              {pd product} {ergonomic}
     bool SegmentedCodeCache                       = true                                      {product} {ergonomic}
   size_t SoftMaxHeapSize                          = 137438953472                           {manageable} {ergonomic}
     bool UseSerialGC                              = true                                      {product} {ergonomic}

Logging:
Log output configuration:
 #0: stdout all=warning uptime,level,tags
 #1: stderr all=off uptime,level,tags

Environment Variables:
PATH=/usr/local/sbin:/usr/local/bin:/usr/sbin:/usr/bin:/sbin:/bin
LD_LIBRARY_PATH=/.singularity.d/libs

Signal Handlers:
SIGSEGV: [libjvm.so+0xf8fcf0], sa_mask[0]=11111111011111111101111111111110, sa_flags=SA_RESTART|SA_SIGINFO
SIGBUS: [libjvm.so+0xf8fcf0], sa_mask[0]=11111111011111111101111111111110, sa_flags=SA_RESTART|SA_SIGINFO
SIGFPE: [libjvm.so+0xf8fcf0], sa_mask[0]=11111111011111111101111111111110, sa_flags=SA_RESTART|SA_SIGINFO
SIGPIPE: [libjvm.so+0xc3ffa0], sa_mask[0]=11111111011111111101111111111110, sa_flags=SA_RESTART|SA_SIGINFO
SIGXFSZ: [libjvm.so+0xc3ffa0], sa_mask[0]=11111111011111111101111111111110, sa_flags=SA_RESTART|SA_SIGINFO
SIGILL: [libjvm.so+0xf8fcf0], sa_mask[0]=11111111011111111101111111111110, sa_flags=SA_RESTART|SA_SIGINFO
SIGUSR2: [libjvm.so+0xc3fe40], sa_mask[0]=00000000000000000000000000000000, sa_flags=SA_RESTART|SA_SIGINFO
SIGHUP: [libjvm.so+0xc40580], sa_mask[0]=11111111011111111101111111111110, sa_flags=SA_RESTART|SA_SIGINFO
SIGINT: [libjvm.so+0xc40580], sa_mask[0]=11111111011111111101111111111110, sa_flags=SA_RESTART|SA_SIGINFO
SIGTERM: [libjvm.so+0xc40580], sa_mask[0]=11111111011111111101111111111110, sa_flags=SA_RESTART|SA_SIGINFO
SIGQUIT: [libjvm.so+0xc40580], sa_mask[0]=11111111011111111101111111111110, sa_flags=SA_RESTART|SA_SIGINFO


---------------  S Y S T E M  ---------------

OS:DISTRIB_ID=Ubuntu
DISTRIB_RELEASE=20.04
DISTRIB_CODENAME=focal
DISTRIB_DESCRIPTION="Ubuntu 20.04.4 LTS"
uname:Linux 3.10.0-1160.15.2.el7.x86_64 #1 SMP Wed Feb 3 15:06:38 UTC 2021 x86_64
OS uptime: 605 days 20:32 hours
libc:glibc 2.31 NPTL 2.31 
rlimit (soft/hard): STACK 8192k/infinity , CORE 0k/infinity , NPROC 4096/1030220 , NOFILE 131072/131072 , AS infinity/infinity , CPU infinity/infinity , DATA infinity/infinity , FSIZE infinity/infinity , MEMLOCK infinity/infinity
load average:4.46 4.83 7.29

/proc/meminfo:
MemTotal:       263895972 kB
MemFree:        213000380 kB
MemAvailable:   217246792 kB
Buffers:         1112272 kB
Cached:          8000636 kB
SwapCached:          836 kB
Active:         36929920 kB
Inactive:        4600752 kB
Active(anon):   35092384 kB
Inactive(anon):  1656016 kB
Active(file):    1837536 kB
Inactive(file):  2944736 kB
Unevictable:       17532 kB
Mlocked:           17532 kB
SwapTotal:       4194300 kB
SwapFree:        4151600 kB
Dirty:              2876 kB
Writeback:             0 kB
AnonPages:      31669388 kB
Mapped:          1311756 kB
Shmem:           4318732 kB
Slab:             977920 kB
SReclaimable:     348252 kB
SUnreclaim:       629668 kB
KernelStack:       61616 kB
PageTables:       200628 kB
NFS_Unstable:          0 kB
Bounce:                0 kB
WritebackTmp:          0 kB
CommitLimit:    136142284 kB
Committed_AS:   148223532 kB
VmallocTotal:   34359738367 kB
VmallocUsed:      862160 kB
VmallocChunk:   34222416268 kB
Percpu:            18176 kB
HardwareCorrupted:     0 kB
AnonHugePages:  27054080 kB
CmaTotal:              0 kB
CmaFree:               0 kB
HugePages_Total:       0
HugePages_Free:        0
HugePages_Rsvd:        0
HugePages_Surp:        0
Hugepagesize:       2048 kB
DirectMap4k:      587976 kB
DirectMap2M:    24440832 kB
DirectMap1G:    243269632 kB

/sys/kernel/mm/transparent_hugepage/enabled:
[always] madvise never

/sys/kernel/mm/transparent_hugepage/defrag (defrag/compaction efforts parameter):
[always] madvise never


/proc/sys/kernel/threads-max (system-wide limit on the number of threads):
2060440


/proc/sys/vm/max_map_count (maximum number of memory map areas a process may have):
65530


/proc/sys/kernel/pid_max (system-wide limit on number of process identifiers):
65536



Steal ticks since vm start: 0
Steal ticks percentage since vm start:  0.000

CPU:total 64 (initial active 1) (32 cores per cpu, 1 threads per core) family 23 model 49 stepping 0, cmov, cx8, fxsr, mmx, sse, sse2, sse3, ssse3, sse4.1, sse4.2, popcnt, avx, avx2, aes, clmul, mmxext, 3dnowpref, lzcnt, sse4a, tsc, tscinvbit, tscinv, bmi1, bmi2, adx, sha, fma
CPU Model and flags from /proc/cpuinfo:
model name	: AMD EPYC 7542 32-Core Processor
flags		: fpu vme de pse tsc msr pae mce cx8 apic sep mtrr pge mca cmov pat pse36 clflush mmx fxsr sse sse2 ht syscall nx mmxext fxsr_opt pdpe1gb rdtscp lm constant_tsc art rep_good nopl nonstop_tsc extd_apicid aperfmperf eagerfpu pni pclmulqdq monitor ssse3 fma cx16 sse4_1 sse4_2 movbe popcnt aes xsave avx f16c rdrand lahf_lm cmp_legacy svm extapic cr8_legacy abm sse4a misalignsse 3dnowprefetch osvw ibs skinit wdt tce topoext perfctr_core perfctr_nb bpext perfctr_l2 cpb cat_l3 cdp_l3 hw_pstate sme retpoline_amd ssbd ibrs ibpb stibp vmmcall fsgsbase bmi1 avx2 smep bmi2 cqm rdt_a rdseed adx smap clflushopt clwb sha_ni xsaveopt xsavec xgetbv1 cqm_llc cqm_occup_llc cqm_mbm_total cqm_mbm_local clzero irperf xsaveerptr arat npt lbrv svm_lock nrip_save tsc_scale vmcb_clean flushbyasid decodeassists pausefilter pfthreshold avic v_vmsave_vmload vgif umip overflow_recov succor smca
Online cpus:0-63
Offline cpus:
BIOS frequency limitation:2900000
Frequency switch latency (ns):0
Available cpu frequencies:2900000 2400000 1500000 
Current governor:conservative
Core performance/turbo boost:1

Memory: 4k page, physical 263895972k(212996424k free), swap 4194300k(4151600k free)

vm_info: OpenJDK 64-Bit Server VM (13.0.7+5-Ubuntu-0ubuntu120.04) for linux-amd64 JRE (13.0.7+5-Ubuntu-0ubuntu120.04), built on Apr 21 2021 05:36:19 by "unknown" with gcc 9.3.0

END.
