#
# There is insufficient memory for the Java Runtime Environment to continue.
# Native memory allocation (mmap) failed to map 1591234560 bytes for committing reserved memory.
# Possible reasons:
#   The system is out of physical RAM or swap space
# Possible solutions:
#   Reduce memory load on the system
#   Increase physical memory or swap space
#   Check if swap backing store is full
#   Decrease Java heap size (-Xmx/-Xms)
#   Decrease number of Java threads
#   Decrease Java thread stack sizes (-Xss)
#   Set larger code cache with -XX:ReservedCodeCacheSize=
# This output file may be truncated or incomplete.
#
#  Out of Memory Error (os_linux.cpp:2899), pid=21945, tid=21947
#
# JRE version: OpenJDK Runtime Environment (13.0.7+5) (build 13.0.7+5-Ubuntu-0ubuntu120.04)
# Java VM: OpenJDK 64-Bit Server VM (13.0.7+5-Ubuntu-0ubuntu120.04, mixed mode, tiered, serial gc, linux-amd64)
# No core dump will be written. Core dumps have been disabled. To enable core dumping, try "ulimit -c unlimited" before starting Java again
#

---------------  S U M M A R Y ------------

Command Line: -Xmx64g --add-modules=ALL-DEFAULT jdk.compiler/com.sun.tools.javac.launcher.Main /mnt/beegfs/rcabanas/dev/credici/papers/journalPGM/code/LearnSelectBias.java -w -o /mnt/beegfs/rcabanas/dev/credici/papers/journalPGM/output/biased/synthetic/s12 -m 500 -x 300 -s 0 /mnt/beegfs/rcabanas/dev/credici/papers/journalPGM/models/synthetic/s12/random_mc2_n8_mid3_d1000_05_mr098_r10_5.uai

Host: AMD EPYC 7542 32-Core Processor, 64 cores, 251G, Ubuntu 20.04.4 LTS
Time: Fri Feb  3 19:49:34 2023 CET elapsed time: 1378.043227 seconds (0d 0h 22m 58s)

---------------  T H R E A D  ---------------

Current thread (0x00007fb9dc097800):  VMThread "VM Thread" [stack: 0x00007fb9e2119000,0x00007fb9e2219000] [id=21947]

Stack: [0x00007fb9e2119000,0x00007fb9e2219000],  sp=0x00007fb9e2217160,  free space=1016k
Native frames: (J=compiled Java code, A=aot compiled Java code, j=interpreted, Vv=VM code, C=native code)
V  [libjvm.so+0xf8f092]
V  [libjvm.so+0xf8fc91]
V  [libjvm.so+0x66ee5a]
V  [libjvm.so+0xc44a41]
V  [libjvm.so+0xc3b263]
V  [libjvm.so+0xf87f4b]
V  [libjvm.so+0x557506]
V  [libjvm.so+0x557723]
V  [libjvm.so+0xf18b0c]
V  [libjvm.so+0x557e65]
V  [libjvm.so+0x7e2edb]
V  [libjvm.so+0x7e39bd]
V  [libjvm.so+0x7d8b48]
V  [libjvm.so+0xf90940]
V  [libjvm.so+0xf96657]
V  [libjvm.so+0xf96d2b]
V  [libjvm.so+0xf9706a]
V  [libjvm.so+0xf2208f]
V  [libjvm.so+0xc493ff]

VM_Operation (0x00007fb9e2e89370): GenCollectForAllocation, mode: safepoint, requested by thread 0x00007fb9dc018000


---------------  P R O C E S S  ---------------

Threads class SMR info:
_java_thread_list=0x00007fb9dc135f20, length=9, elements={
0x00007fb9dc018000, 0x00007fb9dc0a3800, 0x00007fb9dc0a7000, 0x00007fb9dc0cb800,
0x00007fb9dc0cd000, 0x00007fb9dc0cf000, 0x00007fb9dc0d1000, 0x00007fb9dc0d3000,
0x00007fb9dc134800
}

Java Threads: ( => current thread )
  0x00007fb9dc018000 JavaThread "main" [_thread_blocked, id=21946, stack(0x00007fb9e2d8b000,0x00007fb9e2e8c000)]
  0x00007fb9dc0a3800 JavaThread "Reference Handler" daemon [_thread_blocked, id=21948, stack(0x00007fb9e2016000,0x00007fb9e2117000)]
  0x00007fb9dc0a7000 JavaThread "Finalizer" daemon [_thread_blocked, id=21949, stack(0x00007fb9e1f15000,0x00007fb9e2016000)]
  0x00007fb9dc0cb800 JavaThread "Signal Dispatcher" daemon [_thread_blocked, id=21950, stack(0x00007fb9e1ddb000,0x00007fb9e1edc000)]
  0x00007fb9dc0cd000 JavaThread "Service Thread" daemon [_thread_blocked, id=21951, stack(0x00007fb9e1cda000,0x00007fb9e1ddb000)]
  0x00007fb9dc0cf000 JavaThread "C2 CompilerThread0" daemon [_thread_blocked, id=21952, stack(0x00007fb9e1bd9000,0x00007fb9e1cda000)]
  0x00007fb9dc0d1000 JavaThread "C1 CompilerThread0" daemon [_thread_blocked, id=21953, stack(0x00007fb9e1ad8000,0x00007fb9e1bd9000)]
  0x00007fb9dc0d3000 JavaThread "Sweeper thread" daemon [_thread_blocked, id=21954, stack(0x00007fb9e19d7000,0x00007fb9e1ad8000)]
  0x00007fb9dc134800 JavaThread "Common-Cleaner" daemon [_thread_blocked, id=21955, stack(0x00007fb9e18d6000,0x00007fb9e19d7000)]

Other Threads:
=>0x00007fb9dc097800 VMThread "VM Thread" [stack: 0x00007fb9e2119000,0x00007fb9e2219000] [id=21947]
  0x00007fb9dc181800 WatcherThread [stack: 0x00007fb9e17d6000,0x00007fb9e18d6000] [id=21956]

Threads with active compile tasks:

VM state:at safepoint (normal execution)

VM Mutex/Monitor currently owned by a thread:  ([mutex/lock_event])
[0x00007fb9dc0141b0] Threads_lock - owner thread: 0x00007fb9dc097800
[0x00007fb9dc014db0] Heap_lock - owner thread: 0x00007fb9dc018000

Heap:
 def new generation   total 1048832K, used 22441K [0x00007fa9c4600000, 0x00007faa0b800000, 0x00007faf19b50000)
  eden space 932352K,   2% used [0x00007fa9c4600000, 0x00007fa9c5bea740, 0x00007fa9fd480000)
  from space 116480K,   0% used [0x00007faa04640000, 0x00007faa04640000, 0x00007faa0b800000)
  to   space 116480K,   0% used [0x00007fa9fd480000, 0x00007fa9fd480000, 0x00007faa04640000)
 tenured generation   total 2330908K, used 2330907K [0x00007faf19b50000, 0x00007fafa7f97000, 0x00007fb9c4600000)
   the space 2330908K,  99% used [0x00007faf19b50000, 0x00007fafa7f96fc8, 0x00007fafa7f97000, 0x00007fafa7f97000)
 Metaspace       used 24870K, capacity 25326K, committed 25344K, reserved 26624K

Card table byte_map: [0x00007fa9bc5ff000,0x00007fa9c4600000] _byte_map_base: 0x00007f69e77dc000

Polling page: 0x00007fb9e4817000

Metaspace:

Usage:
   24.73 MB capacity,    24.29 MB ( 98%) used,   353.94 KB (  1%) free+waste,   101.81 KB ( <1%) overhead. 

Virtual space:
     26.00 MB reserved,      24.75 MB ( 95%) committed 

Chunk freelists:
0 bytes

MaxMetaspaceSize: unlimited


CodeHeap 'non-profiled nmethods': size=120036Kb used=2523Kb max_used=2740Kb free=117513Kb
 bounds [0x00007fb9cc251000, 0x00007fb9cc501000, 0x00007fb9d378a000]
CodeHeap 'profiled nmethods': size=120032Kb used=5187Kb max_used=7588Kb free=114844Kb
 bounds [0x00007fb9c4d19000, 0x00007fb9c5489000, 0x00007fb9cc251000]
CodeHeap 'non-nmethods': size=5692Kb used=1215Kb max_used=1281Kb free=4476Kb
 bounds [0x00007fb9c478a000, 0x00007fb9c49fa000, 0x00007fb9c4d19000]
 total_blobs=3738 nmethods=3249 adapters=404
 compilation: enabled
              stopped_count=0, restarted_count=0
 full_count=0

Compilation events (20 events):
Event: 848.809 Thread 0x00007fb9dc0d1000 4309       1       ch.idsia.crema.utility.VertexPair::getSecond (5 bytes)
Event: 848.809 Thread 0x00007fb9dc0d1000 nmethod 4309 0x00007fb9cc3a4a90 code [0x00007fb9cc3a4c20, 0x00007fb9cc3a4cd0]
Event: 1014.140 Thread 0x00007fb9dc0cf000 4310       4       java.util.stream.SpinedBuffer$OfPrimitive::asPrimitiveArray (38 bytes)
Event: 1014.144 Thread 0x00007fb9dc0cf000 nmethod 4310 0x00007fb9cc2c7c10 code [0x00007fb9cc2c7da0, 0x00007fb9cc2c80f8]
Event: 1014.157 Thread 0x00007fb9dc0cf000 4311       4       java.util.stream.Nodes$IntSpinedNodeBuilder::copyInto (10 bytes)
Event: 1014.158 Thread 0x00007fb9dc0cf000 nmethod 4311 0x00007fb9cc2d9b90 code [0x00007fb9cc2d9d20, 0x00007fb9cc2d9f18]
Event: 1014.158 Thread 0x00007fb9dc0cf000 4312       4       java.util.stream.SpinedBuffer$OfPrimitive::copyInto (138 bytes)
Event: 1014.160 Thread 0x00007fb9dc0cf000 nmethod 4312 0x00007fb9cc2c8910 code [0x00007fb9cc2c8aa0, 0x00007fb9cc2c8cb8]
Event: 1028.141 Thread 0x00007fb9dc0cf000 4313       4       java.util.HashSet::<init> (16 bytes)
Event: 1028.144 Thread 0x00007fb9dc0cf000 nmethod 4313 0x00007fb9cc3c0a90 code [0x00007fb9cc3c0c00, 0x00007fb9cc3c0cf8]
Event: 1068.370 Thread 0x00007fb9dc0d1000 4314       3       java.util.Arrays::copyOfRange (64 bytes)
Event: 1068.372 Thread 0x00007fb9dc0d1000 nmethod 4314 0x00007fb9c4ebae90 code [0x00007fb9c4ebb100, 0x00007fb9c4ebbb70]
Event: 1124.728 Thread 0x00007fb9dc0cf000 4315       4       java.lang.Long::valueOf (40 bytes)
Event: 1124.730 Thread 0x00007fb9dc0cf000 nmethod 4315 0x00007fb9cc32c990 code [0x00007fb9cc32cb00, 0x00007fb9cc32cbf8]
Event: 1277.339 Thread 0x00007fb9dc0cf000 4316       4       gnu.trove.impl.hash.TIntHash::insertKeyAt (15 bytes)
Event: 1277.351 Thread 0x00007fb9dc0cf000 nmethod 4316 0x00007fb9cc3e1190 code [0x00007fb9cc3e1300, 0x00007fb9cc3e13b8]
Event: 1277.398 Thread 0x00007fb9dc0cf000 4317       4       java.util.Arrays::stream (8 bytes)
Event: 1277.402 Thread 0x00007fb9dc0cf000 nmethod 4317 0x00007fb9cc32f090 code [0x00007fb9cc32f220, 0x00007fb9cc32f478]
Event: 1360.434 Thread 0x00007fb9dc0cf000 4318 %     4       ch.idsia.crema.utility.RandomUtil::sampleNormalized @ 29 (170 bytes)
Event: 1360.587 Thread 0x00007fb9dc0cf000 nmethod 4318% 0x00007fb9cc355990 code [0x00007fb9cc355b80, 0x00007fb9cc356668]

GC Heap History (20 events):
Event: 1367.420 GC heap after
{Heap after GC invocations=2169 (full 2):
 def new generation   total 1048832K, used 22653K [0x00007fa9c4600000, 0x00007faa0b800000, 0x00007faf19b50000)
  eden space 932352K,   0% used [0x00007fa9c4600000, 0x00007fa9c4600000, 0x00007fa9fd480000)
  from space 116480K,  19% used [0x00007fa9fd480000, 0x00007fa9fea9f6d8, 0x00007faa04640000)
  to   space 116480K,   0% used [0x00007faa04640000, 0x00007faa04640000, 0x00007faa0b800000)
 tenured generation   total 2330524K, used 2317299K [0x00007faf19b50000, 0x00007fafa7f37000, 0x00007fb9c4600000)
   the space 2330524K,  99% used [0x00007faf19b50000, 0x00007fafa724cc40, 0x00007fafa724ce00, 0x00007fafa7f37000)
 Metaspace       used 24870K, capacity 25326K, committed 25344K, reserved 26624K
}
Event: 1368.219 GC heap before
{Heap before GC invocations=2169 (full 2):
 def new generation   total 1048832K, used 955005K [0x00007fa9c4600000, 0x00007faa0b800000, 0x00007faf19b50000)
  eden space 932352K, 100% used [0x00007fa9c4600000, 0x00007fa9fd480000, 0x00007fa9fd480000)
  from space 116480K,  19% used [0x00007fa9fd480000, 0x00007fa9fea9f6d8, 0x00007faa04640000)
  to   space 116480K,   0% used [0x00007faa04640000, 0x00007faa04640000, 0x00007faa0b800000)
 tenured generation   total 2330524K, used 2317299K [0x00007faf19b50000, 0x00007fafa7f37000, 0x00007fb9c4600000)
   the space 2330524K,  99% used [0x00007faf19b50000, 0x00007fafa724cc40, 0x00007fafa724ce00, 0x00007fafa7f37000)
 Metaspace       used 24870K, capacity 25326K, committed 25344K, reserved 26624K
}
Event: 1368.262 GC heap after
{Heap after GC invocations=2170 (full 2):
 def new generation   total 1048832K, used 22588K [0x00007fa9c4600000, 0x00007faa0b800000, 0x00007faf19b50000)
  eden space 932352K,   0% used [0x00007fa9c4600000, 0x00007fa9c4600000, 0x00007fa9fd480000)
  from space 116480K,  19% used [0x00007faa04640000, 0x00007faa05c4f1e8, 0x00007faa0b800000)
  to   space 116480K,   0% used [0x00007fa9fd480000, 0x00007fa9fd480000, 0x00007faa04640000)
 tenured generation   total 2330524K, used 2318826K [0x00007faf19b50000, 0x00007fafa7f37000, 0x00007fb9c4600000)
   the space 2330524K,  99% used [0x00007faf19b50000, 0x00007fafa73cab20, 0x00007fafa73cac00, 0x00007fafa7f37000)
 Metaspace       used 24870K, capacity 25326K, committed 25344K, reserved 26624K
}
Event: 1369.056 GC heap before
{Heap before GC invocations=2170 (full 2):
 def new generation   total 1048832K, used 954940K [0x00007fa9c4600000, 0x00007faa0b800000, 0x00007faf19b50000)
  eden space 932352K, 100% used [0x00007fa9c4600000, 0x00007fa9fd480000, 0x00007fa9fd480000)
  from space 116480K,  19% used [0x00007faa04640000, 0x00007faa05c4f1e8, 0x00007faa0b800000)
  to   space 116480K,   0% used [0x00007fa9fd480000, 0x00007fa9fd480000, 0x00007faa04640000)
 tenured generation   total 2330524K, used 2318826K [0x00007faf19b50000, 0x00007fafa7f37000, 0x00007fb9c4600000)
   the space 2330524K,  99% used [0x00007faf19b50000, 0x00007fafa73cab20, 0x00007fafa73cac00, 0x00007fafa7f37000)
 Metaspace       used 24870K, capacity 25326K, committed 25344K, reserved 26624K
}
Event: 1369.093 GC heap after
{Heap after GC invocations=2171 (full 2):
 def new generation   total 1048832K, used 22621K [0x00007fa9c4600000, 0x00007faa0b800000, 0x00007faf19b50000)
  eden space 932352K,   0% used [0x00007fa9c4600000, 0x00007fa9c4600000, 0x00007fa9fd480000)
  from space 116480K,  19% used [0x00007fa9fd480000, 0x00007fa9fea97660, 0x00007faa04640000)
  to   space 116480K,   0% used [0x00007faa04640000, 0x00007faa04640000, 0x00007faa0b800000)
 tenured generation   total 2330524K, used 2320305K [0x00007faf19b50000, 0x00007fafa7f37000, 0x00007fb9c4600000)
   the space 2330524K,  99% used [0x00007faf19b50000, 0x00007fafa753c4e0, 0x00007fafa753c600, 0x00007fafa7f37000)
 Metaspace       used 24870K, capacity 25326K, committed 25344K, reserved 26624K
}
Event: 1369.906 GC heap before
{Heap before GC invocations=2171 (full 2):
 def new generation   total 1048832K, used 954973K [0x00007fa9c4600000, 0x00007faa0b800000, 0x00007faf19b50000)
  eden space 932352K, 100% used [0x00007fa9c4600000, 0x00007fa9fd480000, 0x00007fa9fd480000)
  from space 116480K,  19% used [0x00007fa9fd480000, 0x00007fa9fea97660, 0x00007faa04640000)
  to   space 116480K,   0% used [0x00007faa04640000, 0x00007faa04640000, 0x00007faa0b800000)
 tenured generation   total 2330524K, used 2320305K [0x00007faf19b50000, 0x00007fafa7f37000, 0x00007fb9c4600000)
   the space 2330524K,  99% used [0x00007faf19b50000, 0x00007fafa753c4e0, 0x00007fafa753c600, 0x00007fafa7f37000)
 Metaspace       used 24870K, capacity 25326K, committed 25344K, reserved 26624K
}
Event: 1369.945 GC heap after
{Heap after GC invocations=2172 (full 2):
 def new generation   total 1048832K, used 22583K [0x00007fa9c4600000, 0x00007faa0b800000, 0x00007faf19b50000)
  eden space 932352K,   0% used [0x00007fa9c4600000, 0x00007fa9c4600000, 0x00007fa9fd480000)
  from space 116480K,  19% used [0x00007faa04640000, 0x00007faa05c4dc60, 0x00007faa0b800000)
  to   space 116480K,   0% used [0x00007fa9fd480000, 0x00007fa9fd480000, 0x00007faa04640000)
 tenured generation   total 2330524K, used 2321837K [0x00007faf19b50000, 0x00007fafa7f37000, 0x00007fb9c4600000)
   the space 2330524K,  99% used [0x00007faf19b50000, 0x00007fafa76bb500, 0x00007fafa76bb600, 0x00007fafa7f37000)
 Metaspace       used 24870K, capacity 25326K, committed 25344K, reserved 26624K
}
Event: 1370.797 GC heap before
{Heap before GC invocations=2172 (full 2):
 def new generation   total 1048832K, used 954935K [0x00007fa9c4600000, 0x00007faa0b800000, 0x00007faf19b50000)
  eden space 932352K, 100% used [0x00007fa9c4600000, 0x00007fa9fd480000, 0x00007fa9fd480000)
  from space 116480K,  19% used [0x00007faa04640000, 0x00007faa05c4dc60, 0x00007faa0b800000)
  to   space 116480K,   0% used [0x00007fa9fd480000, 0x00007fa9fd480000, 0x00007faa04640000)
 tenured generation   total 2330524K, used 2321837K [0x00007faf19b50000, 0x00007fafa7f37000, 0x00007fb9c4600000)
   the space 2330524K,  99% used [0x00007faf19b50000, 0x00007fafa76bb500, 0x00007fafa76bb600, 0x00007fafa7f37000)
 Metaspace       used 24870K, capacity 25326K, committed 25344K, reserved 26624K
}
Event: 1370.841 GC heap after
{Heap after GC invocations=2173 (full 2):
 def new generation   total 1048832K, used 22660K [0x00007fa9c4600000, 0x00007faa0b800000, 0x00007faf19b50000)
  eden space 932352K,   0% used [0x00007fa9c4600000, 0x00007fa9c4600000, 0x00007fa9fd480000)
  from space 116480K,  19% used [0x00007fa9fd480000, 0x00007fa9feaa1210, 0x00007faa04640000)
  to   space 116480K,   0% used [0x00007faa04640000, 0x00007faa04640000, 0x00007faa0b800000)
 tenured generation   total 2330524K, used 2323315K [0x00007faf19b50000, 0x00007fafa7f37000, 0x00007fb9c4600000)
   the space 2330524K,  99% used [0x00007faf19b50000, 0x00007fafa782cec0, 0x00007fafa782d000, 0x00007fafa7f37000)
 Metaspace       used 24870K, capacity 25326K, committed 25344K, reserved 26624K
}
Event: 1371.661 GC heap before
{Heap before GC invocations=2173 (full 2):
 def new generation   total 1048832K, used 955012K [0x00007fa9c4600000, 0x00007faa0b800000, 0x00007faf19b50000)
  eden space 932352K, 100% used [0x00007fa9c4600000, 0x00007fa9fd480000, 0x00007fa9fd480000)
  from space 116480K,  19% used [0x00007fa9fd480000, 0x00007fa9feaa1210, 0x00007faa04640000)
  to   space 116480K,   0% used [0x00007faa04640000, 0x00007faa04640000, 0x00007faa0b800000)
 tenured generation   total 2330524K, used 2323315K [0x00007faf19b50000, 0x00007fafa7f37000, 0x00007fb9c4600000)
   the space 2330524K,  99% used [0x00007faf19b50000, 0x00007fafa782cec0, 0x00007fafa782d000, 0x00007fafa7f37000)
 Metaspace       used 24870K, capacity 25326K, committed 25344K, reserved 26624K
}
Event: 1371.698 GC heap after
{Heap after GC invocations=2174 (full 2):
 def new generation   total 1048832K, used 22589K [0x00007fa9c4600000, 0x00007faa0b800000, 0x00007faf19b50000)
  eden space 932352K,   0% used [0x00007fa9c4600000, 0x00007fa9c4600000, 0x00007fa9fd480000)
  from space 116480K,  19% used [0x00007faa04640000, 0x00007faa05c4f6f0, 0x00007faa0b800000)
  to   space 116480K,   0% used [0x00007fa9fd480000, 0x00007fa9fd480000, 0x00007faa04640000)
 tenured generation   total 2330524K, used 2324843K [0x00007faf19b50000, 0x00007fafa7f37000, 0x00007fb9c4600000)
   the space 2330524K,  99% used [0x00007faf19b50000, 0x00007fafa79aada0, 0x00007fafa79aae00, 0x00007fafa7f37000)
 Metaspace       used 24870K, capacity 25326K, committed 25344K, reserved 26624K
}
Event: 1372.519 GC heap before
{Heap before GC invocations=2174 (full 2):
 def new generation   total 1048832K, used 954941K [0x00007fa9c4600000, 0x00007faa0b800000, 0x00007faf19b50000)
  eden space 932352K, 100% used [0x00007fa9c4600000, 0x00007fa9fd480000, 0x00007fa9fd480000)
  from space 116480K,  19% used [0x00007faa04640000, 0x00007faa05c4f6f0, 0x00007faa0b800000)
  to   space 116480K,   0% used [0x00007fa9fd480000, 0x00007fa9fd480000, 0x00007faa04640000)
 tenured generation   total 2330524K, used 2324843K [0x00007faf19b50000, 0x00007fafa7f37000, 0x00007fb9c4600000)
   the space 2330524K,  99% used [0x00007faf19b50000, 0x00007fafa79aada0, 0x00007fafa79aae00, 0x00007fafa7f37000)
 Metaspace       used 24870K, capacity 25326K, committed 25344K, reserved 26624K
}
Event: 1372.556 GC heap after
{Heap after GC invocations=2175 (full 2):
 def new generation   total 1048832K, used 22666K [0x00007fa9c4600000, 0x00007faa0b800000, 0x00007faf19b50000)
  eden space 932352K,   0% used [0x00007fa9c4600000, 0x00007fa9c4600000, 0x00007fa9fd480000)
  from space 116480K,  19% used [0x00007fa9fd480000, 0x00007fa9feaa2978, 0x00007faa04640000)
  to   space 116480K,   0% used [0x00007faa04640000, 0x00007faa04640000, 0x00007faa0b800000)
 tenured generation   total 2330524K, used 2326321K [0x00007faf19b50000, 0x00007fafa7f37000, 0x00007fb9c4600000)
   the space 2330524K,  99% used [0x00007faf19b50000, 0x00007fafa7b1c760, 0x00007fafa7b1c800, 0x00007fafa7f37000)
 Metaspace       used 24870K, capacity 25326K, committed 25344K, reserved 26624K
}
Event: 1373.351 GC heap before
{Heap before GC invocations=2175 (full 2):
 def new generation   total 1048832K, used 955018K [0x00007fa9c4600000, 0x00007faa0b800000, 0x00007faf19b50000)
  eden space 932352K, 100% used [0x00007fa9c4600000, 0x00007fa9fd480000, 0x00007fa9fd480000)
  from space 116480K,  19% used [0x00007fa9fd480000, 0x00007fa9feaa2978, 0x00007faa04640000)
  to   space 116480K,   0% used [0x00007faa04640000, 0x00007faa04640000, 0x00007faa0b800000)
 tenured generation   total 2330524K, used 2326321K [0x00007faf19b50000, 0x00007fafa7f37000, 0x00007fb9c4600000)
   the space 2330524K,  99% used [0x00007faf19b50000, 0x00007fafa7b1c760, 0x00007fafa7b1c800, 0x00007fafa7f37000)
 Metaspace       used 24870K, capacity 25326K, committed 25344K, reserved 26624K
}
Event: 1373.394 GC heap after
{Heap after GC invocations=2176 (full 2):
 def new generation   total 1048832K, used 22630K [0x00007fa9c4600000, 0x00007faa0b800000, 0x00007faf19b50000)
  eden space 932352K,   0% used [0x00007fa9c4600000, 0x00007fa9c4600000, 0x00007fa9fd480000)
  from space 116480K,  19% used [0x00007faa04640000, 0x00007faa05c59850, 0x00007faa0b800000)
  to   space 116480K,   0% used [0x00007fa9fd480000, 0x00007fa9fd480000, 0x00007faa04640000)
 tenured generation   total 2330524K, used 2327821K [0x00007faf19b50000, 0x00007fafa7f37000, 0x00007fb9c4600000)
   the space 2330524K,  99% used [0x00007faf19b50000, 0x00007fafa7c93540, 0x00007fafa7c93600, 0x00007fafa7f37000)
 Metaspace       used 24870K, capacity 25326K, committed 25344K, reserved 26624K
}
Event: 1374.205 GC heap before
{Heap before GC invocations=2176 (full 2):
 def new generation   total 1048832K, used 954982K [0x00007fa9c4600000, 0x00007faa0b800000, 0x00007faf19b50000)
  eden space 932352K, 100% used [0x00007fa9c4600000, 0x00007fa9fd480000, 0x00007fa9fd480000)
  from space 116480K,  19% used [0x00007faa04640000, 0x00007faa05c59850, 0x00007faa0b800000)
  to   space 116480K,   0% used [0x00007fa9fd480000, 0x00007fa9fd480000, 0x00007faa04640000)
 tenured generation   total 2330524K, used 2327821K [0x00007faf19b50000, 0x00007fafa7f37000, 0x00007fb9c4600000)
   the space 2330524K,  99% used [0x00007faf19b50000, 0x00007fafa7c93540, 0x00007fafa7c93600, 0x00007fafa7f37000)
 Metaspace       used 24870K, capacity 25326K, committed 25344K, reserved 26624K
}
Event: 1374.244 GC heap after
{Heap after GC invocations=2177 (full 2):
 def new generation   total 1048832K, used 22661K [0x00007fa9c4600000, 0x00007faa0b800000, 0x00007faf19b50000)
  eden space 932352K,   0% used [0x00007fa9c4600000, 0x00007fa9c4600000, 0x00007fa9fd480000)
  from space 116480K,  19% used [0x00007fa9fd480000, 0x00007fa9feaa1450, 0x00007faa04640000)
  to   space 116480K,   0% used [0x00007faa04640000, 0x00007faa04640000, 0x00007faa0b800000)
 tenured generation   total 2330524K, used 2329297K [0x00007faf19b50000, 0x00007fafa7f37000, 0x00007fb9c4600000)
   the space 2330524K,  99% used [0x00007faf19b50000, 0x00007fafa7e046b0, 0x00007fafa7e04800, 0x00007fafa7f37000)
 Metaspace       used 24870K, capacity 25326K, committed 25344K, reserved 26624K
}
Event: 1375.025 GC heap before
{Heap before GC invocations=2177 (full 2):
 def new generation   total 1048832K, used 955013K [0x00007fa9c4600000, 0x00007faa0b800000, 0x00007faf19b50000)
  eden space 932352K, 100% used [0x00007fa9c4600000, 0x00007fa9fd480000, 0x00007fa9fd480000)
  from space 116480K,  19% used [0x00007fa9fd480000, 0x00007fa9feaa1450, 0x00007faa04640000)
  to   space 116480K,   0% used [0x00007faa04640000, 0x00007faa04640000, 0x00007faa0b800000)
 tenured generation   total 2330524K, used 2329297K [0x00007faf19b50000, 0x00007fafa7f37000, 0x00007fb9c4600000)
   the space 2330524K,  99% used [0x00007faf19b50000, 0x00007fafa7e046b0, 0x00007fafa7e04800, 0x00007fafa7f37000)
 Metaspace       used 24870K, capacity 25326K, committed 25344K, reserved 26624K
}
Event: 1375.063 GC heap after
{Heap after GC invocations=2178 (full 2):
 def new generation   total 1048832K, used 22626K [0x00007fa9c4600000, 0x00007faa0b800000, 0x00007faf19b50000)
  eden space 932352K,   0% used [0x00007fa9c4600000, 0x00007fa9c4600000, 0x00007fa9fd480000)
  from space 116480K,  19% used [0x00007faa04640000, 0x00007faa05c58b78, 0x00007faa0b800000)
  to   space 116480K,   0% used [0x00007fa9fd480000, 0x00007fa9fd480000, 0x00007faa04640000)
 tenured generation   total 2330908K, used 2330776K [0x00007faf19b50000, 0x00007fafa7f97000, 0x00007fb9c4600000)
   the space 2330908K,  99% used [0x00007faf19b50000, 0x00007fafa7f76070, 0x00007fafa7f76200, 0x00007fafa7f97000)
 Metaspace       used 24870K, capacity 25326K, committed 25344K, reserved 26624K
}
Event: 1375.063 GC heap before
{Heap before GC invocations=2178 (full 2):
 def new generation   total 1048832K, used 22626K [0x00007fa9c4600000, 0x00007faa0b800000, 0x00007faf19b50000)
  eden space 932352K,   0% used [0x00007fa9c4600000, 0x00007fa9c4600000, 0x00007fa9fd480000)
  from space 116480K,  19% used [0x00007faa04640000, 0x00007faa05c58b78, 0x00007faa0b800000)
  to   space 116480K,   0% used [0x00007fa9fd480000, 0x00007fa9fd480000, 0x00007faa04640000)
 tenured generation   total 2330908K, used 2330776K [0x00007faf19b50000, 0x00007fafa7f97000, 0x00007fb9c4600000)
   the space 2330908K,  99% used [0x00007faf19b50000, 0x00007fafa7f76070, 0x00007fafa7f76200, 0x00007fafa7f97000)
 Metaspace       used 24870K, capacity 25326K, committed 25344K, reserved 26624K
}

Deoptimization events (20 events):
Event: 507.402 Thread 0x00007fb9dc018000 DEOPT PACKING pc=0x00007fb9c53783bb sp=0x00007fb9e2e89900
Event: 507.402 Thread 0x00007fb9dc018000 DEOPT UNPACKING pc=0x00007fb9c47d333a sp=0x00007fb9e2e88eb0 mode 0
Event: 564.627 Thread 0x00007fb9dc018000 DEOPT PACKING pc=0x00007fb9c53783bb sp=0x00007fb9e2e89900
Event: 564.627 Thread 0x00007fb9dc018000 DEOPT UNPACKING pc=0x00007fb9c47d333a sp=0x00007fb9e2e88eb0 mode 0
Event: 623.035 Thread 0x00007fb9dc018000 DEOPT PACKING pc=0x00007fb9c53783bb sp=0x00007fb9e2e89900
Event: 623.035 Thread 0x00007fb9dc018000 DEOPT UNPACKING pc=0x00007fb9c47d333a sp=0x00007fb9e2e88eb0 mode 0
Event: 638.011 Thread 0x00007fb9dc018000 Uncommon trap: trap_request=0xffffff45 fr.pc=0x00007fb9cc3e1454 relative=0x0000000000000134
Event: 638.011 Thread 0x00007fb9dc018000 Uncommon trap: reason=unstable_if action=reinterpret pc=0x00007fb9cc3e1454 method=gnu.trove.impl.hash.TIntHash.insertKey(I)I @ 60 c2
Event: 638.011 Thread 0x00007fb9dc018000 DEOPT PACKING pc=0x00007fb9cc3e1454 sp=0x00007fb9e2e89920
Event: 638.011 Thread 0x00007fb9dc018000 DEOPT UNPACKING pc=0x00007fb9c47d2e25 sp=0x00007fb9e2e898c0 mode 2
Event: 682.385 Thread 0x00007fb9dc018000 DEOPT PACKING pc=0x00007fb9c53783bb sp=0x00007fb9e2e89900
Event: 682.385 Thread 0x00007fb9dc018000 DEOPT UNPACKING pc=0x00007fb9c47d333a sp=0x00007fb9e2e88eb0 mode 0
Event: 690.323 Thread 0x00007fb9dc018000 Uncommon trap: trap_request=0xffffffc6 fr.pc=0x00007fb9cc36177c relative=0x0000000000000adc
Event: 690.323 Thread 0x00007fb9dc018000 Uncommon trap: reason=bimorphic_or_optimized_type_check action=maybe_recompile pc=0x00007fb9cc36177c method=java.util.HashMap.removeNode(ILjava/lang/Object;Ljava/lang/Object;ZZ)Ljava/util/HashMap$Node; @ 68 c2
Event: 690.323 Thread 0x00007fb9dc018000 DEOPT PACKING pc=0x00007fb9cc36177c sp=0x00007fb9e2e894e0
Event: 690.324 Thread 0x00007fb9dc018000 DEOPT UNPACKING pc=0x00007fb9c47d2e25 sp=0x00007fb9e2e89478 mode 2
Event: 742.674 Thread 0x00007fb9dc018000 DEOPT PACKING pc=0x00007fb9c53783bb sp=0x00007fb9e2e89900
Event: 742.674 Thread 0x00007fb9dc018000 DEOPT UNPACKING pc=0x00007fb9c47d333a sp=0x00007fb9e2e88eb0 mode 0
Event: 801.653 Thread 0x00007fb9dc018000 DEOPT PACKING pc=0x00007fb9c53783bb sp=0x00007fb9e2e89900
Event: 801.653 Thread 0x00007fb9dc018000 DEOPT UNPACKING pc=0x00007fb9c47d333a sp=0x00007fb9e2e88eb0 mode 0

Classes unloaded (0 events):
No events

Classes redefined (0 events):
No events

Internal exceptions (20 events):
Event: 2.418 Thread 0x00007fb9dc018000 Exception <a 'java/lang/NoSuchMethodError'{0x00007fa9c9e09328}: 'int java.lang.invoke.DirectMethodHandle$Holder.invokeVirtual(java.lang.Object, java.lang.Object, java.lang.Object, java.lang.Object)'> (0x00007fa9c9e09328) 
thrown [src/hotspot/share/interpreter/linkResolver.cpp, line 766]
Event: 2.421 Thread 0x00007fb9dc018000 Exception <a 'java/lang/NoSuchMethodError'{0x00007fa9c9e17470}: 'java.lang.Object java.lang.invoke.DirectMethodHandle$Holder.invokeStatic(java.lang.Object, java.lang.Object, int, java.lang.Object)'> (0x00007fa9c9e17470) 
thrown [src/hotspot/share/interpreter/linkResolver.cpp, line 766]
Event: 2.422 Thread 0x00007fb9dc018000 Exception <a 'java/lang/NoSuchMethodError'{0x00007fa9c9e1fd88}: 'java.lang.Object java.lang.invoke.Invokers$Holder.linkToTargetMethod(java.lang.Object, int, java.lang.Object, java.lang.Object)'> (0x00007fa9c9e1fd88) 
thrown [src/hotspot/share/interpreter/linkResolver.cpp, line 766]
Event: 2.888 Thread 0x00007fb9dc018000 Exception <a 'java/lang/NoSuchMethodError'{0x00007fa9ca74b6b8}: 'java.lang.Object java.lang.invoke.DirectMethodHandle$Holder.invokeSpecial(java.lang.Object, java.lang.Object, java.lang.Object, java.lang.Object, java.lang.Object, java.lang.Object, java.lang.Object, java.lang.Object, java.lang.Object)'> (0x00007fa9ca74b6b8) 
thrown [src/hotspot/share/interpreter/linkResolver.cpp, line 766]
Event: 2.890 Thread 0x00007fb9dc018000 Exception <a 'java/lang/NoSuchMethodError'{0x00007fa9ca7503e0}: 'java.lang.Object java.lang.invoke.Invokers$Holder.linkToTargetMethod(java.lang.Object, java.lang.Object, java.lang.Object, java.lang.Object, java.lang.Object, java.lang.Object, java.lang.Object, java.lang.Object)'> (0x00007fa9ca7503e0) 
thrown [src/hotspot/share/interpreter/linkResolver.cpp, line 766]
Event: 2.897 Thread 0x00007fb9dc018000 Exception <a 'java/lang/NoSuchMethodError'{0x00007fa9ca76b2c0}: 'java.lang.Object java.lang.invoke.Invokers$Holder.linkToTargetMethod(java.lang.Object, java.lang.Object, java.lang.Object, java.lang.Object, java.lang.Object, java.lang.Object, java.lang.Object)'> (0x00007fa9ca76b2c0) 
thrown [src/hotspot/share/interpreter/linkResolver.cpp, line 766]
Event: 3.754 Thread 0x00007fb9dc0a7000 Implicit null exception at 0x00007fb9cc2a674c to 0x00007fb9cc2a6800
Event: 3.849 Thread 0x00007fb9dc018000 Exception <a 'java/lang/NoSuchMethodError'{0x00007fa9c4727a50}: 'java.lang.Object java.lang.invoke.Invokers$Holder.linkToTargetMethod(java.lang.Object, int, java.lang.Object)'> (0x00007fa9c4727a50) 
thrown [src/hotspot/share/interpreter/linkResolver.cpp, line 766]
Event: 3.852 Thread 0x00007fb9dc018000 Exception <a 'java/lang/NoSuchMethodError'{0x00007fa9c4751bd0}: 'java.lang.Object java.lang.invoke.Invokers$Holder.linkToTargetMethod(java.lang.Object, long, java.lang.Object)'> (0x00007fa9c4751bd0) 
thrown [src/hotspot/share/interpreter/linkResolver.cpp, line 766]
Event: 3.919 Thread 0x00007fb9dc018000 Exception <a 'java/lang/NoSuchMethodError'{0x00007fa9c4886720}: 'java.lang.Object java.lang.invoke.Invokers$Holder.invokeExact_MT(java.lang.Object, java.lang.Object, java.lang.Object, java.lang.Object, java.lang.Object, java.lang.Object)'> (0x00007fa9c4886720) 
thrown [src/hotspot/share/interpreter/linkResolver.cpp, line 766]
Event: 4.018 Thread 0x00007fb9dc018000 Exception <a 'java/lang/NoSuchMethodError'{0x00007fa9c4a752f0}: 'java.lang.Object java.lang.invoke.DirectMethodHandle$Holder.invokeInterface(java.lang.Object, java.lang.Object, java.lang.Object)'> (0x00007fa9c4a752f0) 
thrown [src/hotspot/share/interpreter/linkResolver.cpp, line 766]
Event: 4.023 Thread 0x00007fb9dc018000 Exception <a 'java/lang/NullPointerException'{0x00007fa9c4a8ef40}> (0x00007fa9c4a8ef40) 
thrown [src/hotspot/share/interpreter/linkResolver.cpp, line 1431]
Event: 4.103 Thread 0x00007fb9dc018000 Exception <a 'java/lang/NoSuchMethodError'{0x00007fa9c4cebce0}: 'double java.lang.invoke.DirectMethodHandle$Holder.invokeStatic(java.lang.Object, java.lang.Object)'> (0x00007fa9c4cebce0) 
thrown [src/hotspot/share/interpreter/linkResolver.cpp, line 766]
Event: 4.149 Thread 0x00007fb9dc018000 Exception <a 'java/lang/NoSuchMethodError'{0x00007fa9c4ea1f28}: 'int java.lang.invoke.DirectMethodHandle$Holder.invokeStatic(java.lang.Object, java.lang.Object, java.lang.Object, int)'> (0x00007fa9c4ea1f28) 
thrown [src/hotspot/share/interpreter/linkResolver.cpp, line 766]
Event: 4.168 Thread 0x00007fb9dc018000 Exception <a 'java/lang/NoSuchMethodError'{0x00007fa9c4eae088}: 'int java.lang.invoke.DirectMethodHandle$Holder.invokeStatic(java.lang.Object, java.lang.Object, int)'> (0x00007fa9c4eae088) 
thrown [src/hotspot/share/interpreter/linkResolver.cpp, line 766]
Event: 4.292 Thread 0x00007fb9dc018000 Exception <a 'java/lang/IncompatibleClassChangeError'{0x00007fa9c6a48f78}: Found class java.lang.Object, but interface was expected> (0x00007fa9c6a48f78) 
thrown [src/hotspot/share/interpreter/linkResolver.cpp, line 833]
Event: 4.615 Thread 0x00007fb9dc018000 Exception <a 'java/lang/NoSuchMethodError'{0x00007fa9ca9afcb0}: 'void java.lang.invoke.DirectMethodHandle$Holder.invokeStatic(java.lang.Object, java.lang.Object, int)'> (0x00007fa9ca9afcb0) 
thrown [src/hotspot/share/interpreter/linkResolver.cpp, line 766]
Event: 4.855 Thread 0x00007fb9dc018000 Exception <a 'java/lang/NoSuchMethodError'{0x00007fa9cc743280}: 'java.lang.Object java.lang.invoke.Invokers$Holder.linkToTargetMethod(double, java.lang.Object)'> (0x00007fa9cc743280) 
thrown [src/hotspot/share/interpreter/linkResolver.cpp, line 766]
Event: 27.150 Thread 0x00007fb9dc018000 Implicit null exception at 0x00007fb9cc4c1f26 to 0x00007fb9cc4c2020
Event: 27.150 Thread 0x00007fb9dc018000 Implicit null exception at 0x00007fb9cc39a687 to 0x00007fb9cc39e3e8

Events (20 events):
Event: 1366.568 Executing VM operation: GenCollectForAllocation done
Event: 1367.381 Executing VM operation: GenCollectForAllocation
Event: 1367.420 Executing VM operation: GenCollectForAllocation done
Event: 1368.219 Executing VM operation: GenCollectForAllocation
Event: 1368.262 Executing VM operation: GenCollectForAllocation done
Event: 1369.055 Executing VM operation: GenCollectForAllocation
Event: 1369.093 Executing VM operation: GenCollectForAllocation done
Event: 1369.906 Executing VM operation: GenCollectForAllocation
Event: 1369.945 Executing VM operation: GenCollectForAllocation done
Event: 1370.797 Executing VM operation: GenCollectForAllocation
Event: 1370.841 Executing VM operation: GenCollectForAllocation done
Event: 1371.661 Executing VM operation: GenCollectForAllocation
Event: 1371.698 Executing VM operation: GenCollectForAllocation done
Event: 1372.518 Executing VM operation: GenCollectForAllocation
Event: 1372.556 Executing VM operation: GenCollectForAllocation done
Event: 1373.351 Executing VM operation: GenCollectForAllocation
Event: 1373.394 Executing VM operation: GenCollectForAllocation done
Event: 1374.205 Executing VM operation: GenCollectForAllocation
Event: 1374.244 Executing VM operation: GenCollectForAllocation done
Event: 1375.025 Executing VM operation: GenCollectForAllocation


Dynamic libraries:
55d8303a2000-55d8303a3000 r--p 00000000 07:17 4860                       /usr/lib/jvm/java-13-openjdk-amd64/bin/java
55d8303a3000-55d8303a4000 r-xp 00001000 07:17 4860                       /usr/lib/jvm/java-13-openjdk-amd64/bin/java
55d8303a4000-55d8303a5000 r--p 00002000 07:17 4860                       /usr/lib/jvm/java-13-openjdk-amd64/bin/java
55d8303a5000-55d8303a6000 r--p 00002000 07:17 4860                       /usr/lib/jvm/java-13-openjdk-amd64/bin/java
55d8303a6000-55d8303a7000 rw-p 00003000 07:17 4860                       /usr/lib/jvm/java-13-openjdk-amd64/bin/java
55d83197f000-55d8319a0000 rw-p 00000000 00:00 0                          [heap]
7fa988000000-7fa988021000 rw-p 00000000 00:00 0 
7fa988021000-7fa98c000000 ---p 00000000 00:00 0 
7fa990000000-7fa990021000 rw-p 00000000 00:00 0 
7fa990021000-7fa994000000 ---p 00000000 00:00 0 
7fa994000000-7fa994021000 rw-p 00000000 00:00 0 
7fa994021000-7fa998000000 ---p 00000000 00:00 0 
7fa998000000-7fa99a2ed000 rw-p 00000000 00:00 0 
7fa99a2ed000-7fa99c000000 ---p 00000000 00:00 0 
7fa99c000000-7fa99cb5c000 rw-p 00000000 00:00 0 
7fa99cb5c000-7fa9a0000000 ---p 00000000 00:00 0 
7fa9a0000000-7fa9a0021000 rw-p 00000000 00:00 0 
7fa9a0021000-7fa9a4000000 ---p 00000000 00:00 0 
7fa9a4000000-7fa9a4021000 rw-p 00000000 00:00 0 
7fa9a4021000-7fa9a8000000 ---p 00000000 00:00 0 
7fa9a8000000-7fa9a8021000 rw-p 00000000 00:00 0 
7fa9a8021000-7fa9ac000000 ---p 00000000 00:00 0 
7fa9ac000000-7fa9ac021000 rw-p 00000000 00:00 0 
7fa9ac021000-7fa9b0000000 ---p 00000000 00:00 0 
7fa9b0000000-7fa9b0073000 rw-p 00000000 00:00 0 
7fa9b0073000-7fa9b4000000 ---p 00000000 00:00 0 
7fa9b70a9000-7fa9b751c000 rw-p 00000000 00:00 0 
7fa9b751c000-7fa9bc5ff000 ---p 00000000 00:00 0 
7fa9bc5ff000-7fa9bc838000 rw-p 00000000 00:00 0 
7fa9bc838000-7fa9bf0a9000 ---p 00000000 00:00 0 
7fa9bf0a9000-7fa9bf51c000 rw-p 00000000 00:00 0 
7fa9bf51c000-7fa9c45ff000 ---p 00000000 00:00 0 
7fa9c45ff000-7faa0b800000 rw-p 00000000 00:00 0 
7faa0b800000-7faf19b50000 ---p 00000000 00:00 0 
7faf19b50000-7fafa7f97000 rw-p 00000000 00:00 0 
7fb006d1c000-7fb9c4600000 ---p 00000000 00:00 0 
7fb9c478a000-7fb9c49fa000 rwxp 00000000 00:00 0 
7fb9c49fa000-7fb9c4d19000 ---p 00000000 00:00 0 
7fb9c4d19000-7fb9c5489000 rwxp 00000000 00:00 0 
7fb9c5489000-7fb9cc251000 ---p 00000000 00:00 0 
7fb9cc251000-7fb9cc501000 rwxp 00000000 00:00 0 
7fb9cc501000-7fb9d378a000 ---p 00000000 00:00 0 
7fb9d378a000-7fb9dc000000 r--s 00000000 07:17 5215                       /usr/lib/jvm/java-13-openjdk-amd64/lib/modules
7fb9dc000000-7fb9dc6c3000 rw-p 00000000 00:00 0 
7fb9dc6c3000-7fb9e0000000 ---p 00000000 00:00 0 
7fb9e03d5000-7fb9e0495000 rw-p 00000000 00:00 0 
7fb9e0495000-7fb9e05d5000 ---p 00000000 00:00 0 
7fb9e05d5000-7fb9e07d5000 rw-p 00000000 00:00 0 
7fb9e07d5000-7fb9e09d5000 rw-p 00000000 00:00 0 
7fb9e09d5000-7fb9e0bd5000 rw-p 00000000 00:00 0 
7fb9e0bd5000-7fb9e0dd5000 rw-p 00000000 00:00 0 
7fb9e0dd5000-7fb9e1175000 rw-p 00000000 00:00 0 
7fb9e1175000-7fb9e1375000 rw-p 00000000 00:00 0 
7fb9e1375000-7fb9e1575000 rw-p 00000000 00:00 0 
7fb9e1575000-7fb9e1775000 rw-p 00000000 00:00 0 
7fb9e1775000-7fb9e17a6000 rw-p 00000000 00:00 0 
7fb9e17a6000-7fb9e17aa000 r--p 00000000 07:17 5204                       /usr/lib/jvm/java-13-openjdk-amd64/lib/libnet.so
7fb9e17aa000-7fb9e17b8000 r-xp 00004000 07:17 5204                       /usr/lib/jvm/java-13-openjdk-amd64/lib/libnet.so
7fb9e17b8000-7fb9e17bc000 r--p 00012000 07:17 5204                       /usr/lib/jvm/java-13-openjdk-amd64/lib/libnet.so
7fb9e17bc000-7fb9e17bd000 r--p 00015000 07:17 5204                       /usr/lib/jvm/java-13-openjdk-amd64/lib/libnet.so
7fb9e17bd000-7fb9e17be000 rw-p 00016000 07:17 5204                       /usr/lib/jvm/java-13-openjdk-amd64/lib/libnet.so
7fb9e17be000-7fb9e17c5000 r--p 00000000 07:17 5205                       /usr/lib/jvm/java-13-openjdk-amd64/lib/libnio.so
7fb9e17c5000-7fb9e17ce000 r-xp 00007000 07:17 5205                       /usr/lib/jvm/java-13-openjdk-amd64/lib/libnio.so
7fb9e17ce000-7fb9e17d2000 r--p 00010000 07:17 5205                       /usr/lib/jvm/java-13-openjdk-amd64/lib/libnio.so
7fb9e17d2000-7fb9e17d3000 r--p 00013000 07:17 5205                       /usr/lib/jvm/java-13-openjdk-amd64/lib/libnio.so
7fb9e17d3000-7fb9e17d4000 rw-p 00014000 07:17 5205                       /usr/lib/jvm/java-13-openjdk-amd64/lib/libnio.so
7fb9e17d4000-7fb9e17d5000 ---p 00000000 00:00 0 
7fb9e17d5000-7fb9e18d6000 rw-p 00000000 00:00 0 
7fb9e18d6000-7fb9e18da000 ---p 00000000 00:00 0 
7fb9e18da000-7fb9e19d7000 rw-p 00000000 00:00 0 
7fb9e19d7000-7fb9e19db000 ---p 00000000 00:00 0 
7fb9e19db000-7fb9e1ad8000 rw-p 00000000 00:00 0 
7fb9e1ad8000-7fb9e1adc000 ---p 00000000 00:00 0 
7fb9e1adc000-7fb9e1bd9000 rw-p 00000000 00:00 0 
7fb9e1bd9000-7fb9e1bdd000 ---p 00000000 00:00 0 
7fb9e1bdd000-7fb9e1cda000 rw-p 00000000 00:00 0 
7fb9e1cda000-7fb9e1cde000 ---p 00000000 00:00 0 
7fb9e1cde000-7fb9e1ddb000 rw-p 00000000 00:00 0 
7fb9e1ddb000-7fb9e1ddf000 ---p 00000000 00:00 0 
7fb9e1ddf000-7fb9e1edc000 rw-p 00000000 00:00 0 
7fb9e1edc000-7fb9e1ee3000 r--s 00000000 07:17 8532                       /usr/lib/x86_64-linux-gnu/gconv/gconv-modules.cache
7fb9e1ee3000-7fb9e1f15000 r--p 00000000 07:17 5276                       /usr/lib/locale/C.UTF-8/LC_CTYPE
7fb9e1f15000-7fb9e1f19000 ---p 00000000 00:00 0 
7fb9e1f19000-7fb9e2016000 rw-p 00000000 00:00 0 
7fb9e2016000-7fb9e201a000 ---p 00000000 00:00 0 
7fb9e201a000-7fb9e2117000 rw-p 00000000 00:00 0 
7fb9e2117000-7fb9e2118000 ---p 00000000 00:00 0 
7fb9e2118000-7fb9e2b36000 rw-p 00000000 00:00 0 
7fb9e2b36000-7fb9e2b3c000 rw-p 00000000 00:00 0 
7fb9e2b3c000-7fb9e2c21000 ---p 00000000 00:00 0 
7fb9e2c21000-7fb9e2c30000 rw-p 00000000 00:00 0 
7fb9e2c30000-7fb9e2d0c000 ---p 00000000 00:00 0 
7fb9e2d0c000-7fb9e2d11000 rw-p 00000000 00:00 0 
7fb9e2d11000-7fb9e2d18000 ---p 00000000 00:00 0 
7fb9e2d18000-7fb9e2d1a000 r--p 00000000 07:17 5214                       /usr/lib/jvm/java-13-openjdk-amd64/lib/libzip.so
7fb9e2d1a000-7fb9e2d1e000 r-xp 00002000 07:17 5214                       /usr/lib/jvm/java-13-openjdk-amd64/lib/libzip.so
7fb9e2d1e000-7fb9e2d20000 r--p 00006000 07:17 5214                       /usr/lib/jvm/java-13-openjdk-amd64/lib/libzip.so
7fb9e2d20000-7fb9e2d21000 r--p 00007000 07:17 5214                       /usr/lib/jvm/java-13-openjdk-amd64/lib/libzip.so
7fb9e2d21000-7fb9e2d22000 rw-p 00008000 07:17 5214                       /usr/lib/jvm/java-13-openjdk-amd64/lib/libzip.so
7fb9e2d22000-7fb9e2d2a000 rw-s 00000000 08:03 34981469                   /tmp/hsperfdata_rcabanas/21945
7fb9e2d2a000-7fb9e2d2d000 r--p 00000000 07:17 9108                       /usr/lib/x86_64-linux-gnu/libnss_files-2.31.so
7fb9e2d2d000-7fb9e2d34000 r-xp 00003000 07:17 9108                       /usr/lib/x86_64-linux-gnu/libnss_files-2.31.so
7fb9e2d34000-7fb9e2d36000 r--p 0000a000 07:17 9108                       /usr/lib/x86_64-linux-gnu/libnss_files-2.31.so
7fb9e2d36000-7fb9e2d37000 r--p 0000b000 07:17 9108                       /usr/lib/x86_64-linux-gnu/libnss_files-2.31.so
7fb9e2d37000-7fb9e2d38000 rw-p 0000c000 07:17 9108                       /usr/lib/x86_64-linux-gnu/libnss_files-2.31.so
7fb9e2d38000-7fb9e2d3e000 rw-p 00000000 00:00 0 
7fb9e2d44000-7fb9e2d46000 r--p 00000000 07:17 5195                       /usr/lib/jvm/java-13-openjdk-amd64/lib/libjimage.so
7fb9e2d46000-7fb9e2d49000 r-xp 00002000 07:17 5195                       /usr/lib/jvm/java-13-openjdk-amd64/lib/libjimage.so
7fb9e2d49000-7fb9e2d4a000 r--p 00005000 07:17 5195                       /usr/lib/jvm/java-13-openjdk-amd64/lib/libjimage.so
7fb9e2d4a000-7fb9e2d4b000 ---p 00006000 07:17 5195                       /usr/lib/jvm/java-13-openjdk-amd64/lib/libjimage.so
7fb9e2d4b000-7fb9e2d4c000 r--p 00006000 07:17 5195                       /usr/lib/jvm/java-13-openjdk-amd64/lib/libjimage.so
7fb9e2d4c000-7fb9e2d4d000 rw-p 00007000 07:17 5195                       /usr/lib/jvm/java-13-openjdk-amd64/lib/libjimage.so
7fb9e2d4d000-7fb9e2d5a000 r--p 00000000 07:17 5191                       /usr/lib/jvm/java-13-openjdk-amd64/lib/libjava.so
7fb9e2d5a000-7fb9e2d6f000 r-xp 0000d000 07:17 5191                       /usr/lib/jvm/java-13-openjdk-amd64/lib/libjava.so
7fb9e2d6f000-7fb9e2d75000 r--p 00022000 07:17 5191                       /usr/lib/jvm/java-13-openjdk-amd64/lib/libjava.so
7fb9e2d75000-7fb9e2d76000 ---p 00028000 07:17 5191                       /usr/lib/jvm/java-13-openjdk-amd64/lib/libjava.so
7fb9e2d76000-7fb9e2d77000 r--p 00028000 07:17 5191                       /usr/lib/jvm/java-13-openjdk-amd64/lib/libjava.so
7fb9e2d77000-7fb9e2d79000 rw-p 00029000 07:17 5191                       /usr/lib/jvm/java-13-openjdk-amd64/lib/libjava.so
7fb9e2d79000-7fb9e2d7e000 r--p 00000000 07:17 5213                       /usr/lib/jvm/java-13-openjdk-amd64/lib/libverify.so
7fb9e2d7e000-7fb9e2d85000 r-xp 00005000 07:17 5213                       /usr/lib/jvm/java-13-openjdk-amd64/lib/libverify.so
7fb9e2d85000-7fb9e2d87000 r--p 0000c000 07:17 5213                       /usr/lib/jvm/java-13-openjdk-amd64/lib/libverify.so
7fb9e2d87000-7fb9e2d88000 ---p 0000e000 07:17 5213                       /usr/lib/jvm/java-13-openjdk-amd64/lib/libverify.so
7fb9e2d88000-7fb9e2d8a000 r--p 0000e000 07:17 5213                       /usr/lib/jvm/java-13-openjdk-amd64/lib/libverify.so
7fb9e2d8a000-7fb9e2d8b000 rw-p 00010000 07:17 5213                       /usr/lib/jvm/java-13-openjdk-amd64/lib/libverify.so
7fb9e2d8b000-7fb9e2d8f000 ---p 00000000 00:00 0 
7fb9e2d8f000-7fb9e2e8c000 rw-p 00000000 00:00 0 
7fb9e2e8c000-7fb9e2e8f000 r--p 00000000 07:17 8948                       /usr/lib/x86_64-linux-gnu/libgcc_s.so.1
7fb9e2e8f000-7fb9e2ea1000 r-xp 00003000 07:17 8948                       /usr/lib/x86_64-linux-gnu/libgcc_s.so.1
7fb9e2ea1000-7fb9e2ea5000 r--p 00015000 07:17 8948                       /usr/lib/x86_64-linux-gnu/libgcc_s.so.1
7fb9e2ea5000-7fb9e2ea6000 r--p 00018000 07:17 8948                       /usr/lib/x86_64-linux-gnu/libgcc_s.so.1
7fb9e2ea6000-7fb9e2ea7000 rw-p 00019000 07:17 8948                       /usr/lib/x86_64-linux-gnu/libgcc_s.so.1
7fb9e2ea7000-7fb9e2eb4000 r--p 00000000 07:17 9062                       /usr/lib/x86_64-linux-gnu/libm-2.31.so
7fb9e2eb4000-7fb9e2f5b000 r-xp 0000d000 07:17 9062                       /usr/lib/x86_64-linux-gnu/libm-2.31.so
7fb9e2f5b000-7fb9e2ff4000 r--p 000b4000 07:17 9062                       /usr/lib/x86_64-linux-gnu/libm-2.31.so
7fb9e2ff4000-7fb9e2ff5000 r--p 0014c000 07:17 9062                       /usr/lib/x86_64-linux-gnu/libm-2.31.so
7fb9e2ff5000-7fb9e2ff6000 rw-p 0014d000 07:17 9062                       /usr/lib/x86_64-linux-gnu/libm-2.31.so
7fb9e2ff6000-7fb9e308c000 r--p 00000000 07:17 9213                       /usr/lib/x86_64-linux-gnu/libstdc++.so.6.0.28
7fb9e308c000-7fb9e317d000 r-xp 00096000 07:17 9213                       /usr/lib/x86_64-linux-gnu/libstdc++.so.6.0.28
7fb9e317d000-7fb9e31c6000 r--p 00187000 07:17 9213                       /usr/lib/x86_64-linux-gnu/libstdc++.so.6.0.28
7fb9e31c6000-7fb9e31c7000 ---p 001d0000 07:17 9213                       /usr/lib/x86_64-linux-gnu/libstdc++.so.6.0.28
7fb9e31c7000-7fb9e31d2000 r--p 001d0000 07:17 9213                       /usr/lib/x86_64-linux-gnu/libstdc++.so.6.0.28
7fb9e31d2000-7fb9e31d5000 rw-p 001db000 07:17 9213                       /usr/lib/x86_64-linux-gnu/libstdc++.so.6.0.28
7fb9e31d5000-7fb9e31d8000 rw-p 00000000 00:00 0 
7fb9e31d8000-7fb9e345e000 r--p 00000000 07:17 5226                       /usr/lib/jvm/java-13-openjdk-amd64/lib/server/libjvm.so
7fb9e345e000-7fb9e41db000 r-xp 00286000 07:17 5226                       /usr/lib/jvm/java-13-openjdk-amd64/lib/server/libjvm.so
7fb9e41db000-7fb9e4456000 r--p 01003000 07:17 5226                       /usr/lib/jvm/java-13-openjdk-amd64/lib/server/libjvm.so
7fb9e4456000-7fb9e451b000 r--p 0127d000 07:17 5226                       /usr/lib/jvm/java-13-openjdk-amd64/lib/server/libjvm.so
7fb9e451b000-7fb9e4556000 rw-p 01342000 07:17 5226                       /usr/lib/jvm/java-13-openjdk-amd64/lib/server/libjvm.so
7fb9e4556000-7fb9e45dc000 rw-p 00000000 00:00 0 
7fb9e45dc000-7fb9e45e2000 r--p 00000000 07:17 9166                       /usr/lib/x86_64-linux-gnu/libpthread-2.31.so
7fb9e45e2000-7fb9e45f3000 r-xp 00006000 07:17 9166                       /usr/lib/x86_64-linux-gnu/libpthread-2.31.so
7fb9e45f3000-7fb9e45f9000 r--p 00017000 07:17 9166                       /usr/lib/x86_64-linux-gnu/libpthread-2.31.so
7fb9e45f9000-7fb9e45fa000 r--p 0001c000 07:17 9166                       /usr/lib/x86_64-linux-gnu/libpthread-2.31.so
7fb9e45fa000-7fb9e45fb000 rw-p 0001d000 07:17 9166                       /usr/lib/x86_64-linux-gnu/libpthread-2.31.so
7fb9e45fb000-7fb9e45ff000 rw-p 00000000 00:00 0 
7fb9e45ff000-7fb9e4600000 r--p 00000000 07:17 8893                       /usr/lib/x86_64-linux-gnu/libdl-2.31.so
7fb9e4600000-7fb9e4602000 r-xp 00001000 07:17 8893                       /usr/lib/x86_64-linux-gnu/libdl-2.31.so
7fb9e4602000-7fb9e4603000 r--p 00003000 07:17 8893                       /usr/lib/x86_64-linux-gnu/libdl-2.31.so
7fb9e4603000-7fb9e4604000 r--p 00003000 07:17 8893                       /usr/lib/x86_64-linux-gnu/libdl-2.31.so
7fb9e4604000-7fb9e4605000 rw-p 00004000 07:17 8893                       /usr/lib/x86_64-linux-gnu/libdl-2.31.so
7fb9e4605000-7fb9e4607000 r--p 00000000 07:17 9290                       /usr/lib/x86_64-linux-gnu/libz.so.1.2.11
7fb9e4607000-7fb9e4618000 r-xp 00002000 07:17 9290                       /usr/lib/x86_64-linux-gnu/libz.so.1.2.11
7fb9e4618000-7fb9e461e000 r--p 00013000 07:17 9290                       /usr/lib/x86_64-linux-gnu/libz.so.1.2.11
7fb9e461e000-7fb9e461f000 ---p 00019000 07:17 9290                       /usr/lib/x86_64-linux-gnu/libz.so.1.2.11
7fb9e461f000-7fb9e4620000 r--p 00019000 07:17 9290                       /usr/lib/x86_64-linux-gnu/libz.so.1.2.11
7fb9e4620000-7fb9e4621000 rw-p 0001a000 07:17 9290                       /usr/lib/x86_64-linux-gnu/libz.so.1.2.11
7fb9e4621000-7fb9e4643000 r--p 00000000 07:17 8851                       /usr/lib/x86_64-linux-gnu/libc-2.31.so
7fb9e4643000-7fb9e47bb000 r-xp 00022000 07:17 8851                       /usr/lib/x86_64-linux-gnu/libc-2.31.so
7fb9e47bb000-7fb9e4809000 r--p 0019a000 07:17 8851                       /usr/lib/x86_64-linux-gnu/libc-2.31.so
7fb9e4809000-7fb9e480d000 r--p 001e7000 07:17 8851                       /usr/lib/x86_64-linux-gnu/libc-2.31.so
7fb9e480d000-7fb9e480f000 rw-p 001eb000 07:17 8851                       /usr/lib/x86_64-linux-gnu/libc-2.31.so
7fb9e480f000-7fb9e4813000 rw-p 00000000 00:00 0 
7fb9e4815000-7fb9e4817000 r--s 0000c000 07:17 20930                      /usr/share/java/java-atk-wrapper.jar
7fb9e4817000-7fb9e4818000 ---p 00000000 00:00 0 
7fb9e4818000-7fb9e4819000 r--p 00000000 00:00 0 
7fb9e4819000-7fb9e481c000 r--p 00000000 07:17 5196                       /usr/lib/jvm/java-13-openjdk-amd64/lib/libjli.so
7fb9e481c000-7fb9e4826000 r-xp 00003000 07:17 5196                       /usr/lib/jvm/java-13-openjdk-amd64/lib/libjli.so
7fb9e4826000-7fb9e4829000 r--p 0000d000 07:17 5196                       /usr/lib/jvm/java-13-openjdk-amd64/lib/libjli.so
7fb9e4829000-7fb9e482a000 r--p 0000f000 07:17 5196                       /usr/lib/jvm/java-13-openjdk-amd64/lib/libjli.so
7fb9e482a000-7fb9e482b000 rw-p 00010000 07:17 5196                       /usr/lib/jvm/java-13-openjdk-amd64/lib/libjli.so
7fb9e482b000-7fb9e482d000 rw-p 00000000 00:00 0 
7fb9e482d000-7fb9e482e000 r--p 00000000 07:17 8572                       /usr/lib/x86_64-linux-gnu/ld-2.31.so
7fb9e482e000-7fb9e4851000 r-xp 00001000 07:17 8572                       /usr/lib/x86_64-linux-gnu/ld-2.31.so
7fb9e4851000-7fb9e4859000 r--p 00024000 07:17 8572                       /usr/lib/x86_64-linux-gnu/ld-2.31.so
7fb9e4859000-7fb9e485a000 ---p 00000000 00:00 0 
7fb9e485a000-7fb9e485b000 r--p 0002c000 07:17 8572                       /usr/lib/x86_64-linux-gnu/ld-2.31.so
7fb9e485b000-7fb9e485c000 rw-p 0002d000 07:17 8572                       /usr/lib/x86_64-linux-gnu/ld-2.31.so
7fb9e485c000-7fb9e485d000 rw-p 00000000 00:00 0 
7ffcb0026000-7ffcb0047000 rw-p 00000000 00:00 0                          [stack]
7ffcb00b4000-7ffcb00b6000 r-xp 00000000 00:00 0                          [vdso]
ffffffffff600000-ffffffffff601000 r-xp 00000000 00:00 0                  [vsyscall]


VM Arguments:
jvm_args: -Xmx64g --add-modules=ALL-DEFAULT 
java_command: jdk.compiler/com.sun.tools.javac.launcher.Main /mnt/beegfs/rcabanas/dev/credici/papers/journalPGM/code/LearnSelectBias.java -w -o /mnt/beegfs/rcabanas/dev/credici/papers/journalPGM/output/biased/synthetic/s12 -m 500 -x 300 -s 0 /mnt/beegfs/rcabanas/dev/credici/papers/journalPGM/models/synthetic/s12/random_mc2_n8_mid3_d1000_05_mr098_r10_5.uai
java_class_path (initial): /mnt/beegfs/rcabanas/dev/credici/target/credici-0.1.5-dev-SNAPSHOT-jar-with-dependencies.jar
Launcher Type: SUN_STANDARD

[Global flags]
     intx CICompilerCount                          = 2                                         {product} {ergonomic}
   size_t InitialHeapSize                          = 2147483648                                {product} {ergonomic}
   size_t MaxHeapSize                              = 68719476736                               {product} {command line}
   size_t MaxNewSize                               = 22906470400                               {product} {ergonomic}
   size_t MinHeapDeltaBytes                        = 196608                                    {product} {ergonomic}
   size_t MinHeapSize                              = 8388608                                   {product} {ergonomic}
   size_t NewSize                                  = 715784192                                 {product} {ergonomic}
    uintx NonNMethodCodeHeapSize                   = 5826188                                {pd product} {ergonomic}
    uintx NonProfiledCodeHeapSize                  = 122916026                              {pd product} {ergonomic}
   size_t OldSize                                  = 1431699456                                {product} {ergonomic}
    uintx ProfiledCodeHeapSize                     = 122916026                              {pd product} {ergonomic}
    uintx ReservedCodeCacheSize                    = 251658240                              {pd product} {ergonomic}
     bool SegmentedCodeCache                       = true                                      {product} {ergonomic}
   size_t SoftMaxHeapSize                          = 68719476736                            {manageable} {ergonomic}
     bool UseSerialGC                              = true                                      {product} {ergonomic}

Logging:
Log output configuration:
 #0: stdout all=warning uptime,level,tags
 #1: stderr all=off uptime,level,tags

Environment Variables:
PATH=/usr/local/sbin:/usr/local/bin:/usr/sbin:/usr/bin:/sbin:/bin
LD_LIBRARY_PATH=/.singularity.d/libs

Signal Handlers:
SIGSEGV: [libjvm.so+0xf8fcf0], sa_mask[0]=11111111011111111101111111111110, sa_flags=SA_RESTART|SA_SIGINFO
SIGBUS: [libjvm.so+0xf8fcf0], sa_mask[0]=11111111011111111101111111111110, sa_flags=SA_RESTART|SA_SIGINFO
SIGFPE: [libjvm.so+0xf8fcf0], sa_mask[0]=11111111011111111101111111111110, sa_flags=SA_RESTART|SA_SIGINFO
SIGPIPE: [libjvm.so+0xc3ffa0], sa_mask[0]=11111111011111111101111111111110, sa_flags=SA_RESTART|SA_SIGINFO
SIGXFSZ: [libjvm.so+0xc3ffa0], sa_mask[0]=11111111011111111101111111111110, sa_flags=SA_RESTART|SA_SIGINFO
SIGILL: [libjvm.so+0xf8fcf0], sa_mask[0]=11111111011111111101111111111110, sa_flags=SA_RESTART|SA_SIGINFO
SIGUSR2: [libjvm.so+0xc3fe40], sa_mask[0]=00000000000000000000000000000000, sa_flags=SA_RESTART|SA_SIGINFO
SIGHUP: [libjvm.so+0xc40580], sa_mask[0]=11111111011111111101111111111110, sa_flags=SA_RESTART|SA_SIGINFO
SIGINT: [libjvm.so+0xc40580], sa_mask[0]=11111111011111111101111111111110, sa_flags=SA_RESTART|SA_SIGINFO
SIGTERM: [libjvm.so+0xc40580], sa_mask[0]=11111111011111111101111111111110, sa_flags=SA_RESTART|SA_SIGINFO
SIGQUIT: [libjvm.so+0xc40580], sa_mask[0]=11111111011111111101111111111110, sa_flags=SA_RESTART|SA_SIGINFO


---------------  S Y S T E M  ---------------

OS:DISTRIB_ID=Ubuntu
DISTRIB_RELEASE=20.04
DISTRIB_CODENAME=focal
DISTRIB_DESCRIPTION="Ubuntu 20.04.4 LTS"
uname:Linux 3.10.0-1160.15.2.el7.x86_64 #1 SMP Wed Feb 3 15:06:38 UTC 2021 x86_64
OS uptime: 588 days 2:28 hours
libc:glibc 2.31 NPTL 2.31 
rlimit (soft/hard): STACK 8192k/infinity , CORE 0k/infinity , NPROC 4096/1030217 , NOFILE 131072/131072 , AS infinity/infinity , CPU infinity/infinity , DATA infinity/infinity , FSIZE infinity/infinity , MEMLOCK infinity/infinity
load average:57.68 57.88 57.85

/proc/meminfo:
MemTotal:       263895364 kB
MemFree:          711788 kB
MemAvailable:     240116 kB
Buffers:           32188 kB
Cached:           184308 kB
SwapCached:       107620 kB
Active:         245991480 kB
Inactive:        7726048 kB
Active(anon):   245895356 kB
Inactive(anon):  7626472 kB
Active(file):      96124 kB
Inactive(file):    99576 kB
Unevictable:       14904 kB
Mlocked:           14904 kB
SwapTotal:       4194300 kB
SwapFree:              0 kB
Dirty:               816 kB
Writeback:             0 kB
AnonPages:      253411904 kB
Mapped:            93016 kB
Shmem:             14884 kB
Slab:             788220 kB
SReclaimable:     176664 kB
SUnreclaim:       611556 kB
KernelStack:       46992 kB
PageTables:       597092 kB
NFS_Unstable:          0 kB
Bounce:                0 kB
WritebackTmp:          0 kB
CommitLimit:    136141980 kB
Committed_AS:   299748580 kB
VmallocTotal:   34359738367 kB
VmallocUsed:      862608 kB
VmallocChunk:   34222409240 kB
Percpu:            22016 kB
HardwareCorrupted:     0 kB
AnonHugePages:  109471744 kB
CmaTotal:              0 kB
CmaFree:               0 kB
HugePages_Total:       0
HugePages_Free:        0
HugePages_Rsvd:        0
HugePages_Surp:        0
Hugepagesize:       2048 kB
DirectMap4k:      505448 kB
DirectMap2M:    20328448 kB
DirectMap1G:    247463936 kB

/sys/kernel/mm/transparent_hugepage/enabled:
[always] madvise never

/sys/kernel/mm/transparent_hugepage/defrag (defrag/compaction efforts parameter):
[always] madvise never


/proc/sys/kernel/threads-max (system-wide limit on the number of threads):
2060435


/proc/sys/vm/max_map_count (maximum number of memory map areas a process may have):
65530


/proc/sys/kernel/pid_max (system-wide limit on number of process identifiers):
65536



Steal ticks since vm start: 0
Steal ticks percentage since vm start:  0.000

CPU:total 64 (initial active 1) (32 cores per cpu, 1 threads per core) family 23 model 49 stepping 0, cmov, cx8, fxsr, mmx, sse, sse2, sse3, ssse3, sse4.1, sse4.2, popcnt, avx, avx2, aes, clmul, mmxext, 3dnowpref, lzcnt, sse4a, tsc, tscinvbit, tscinv, bmi1, bmi2, adx, sha, fma
CPU Model and flags from /proc/cpuinfo:
model name	: AMD EPYC 7542 32-Core Processor
flags		: fpu vme de pse tsc msr pae mce cx8 apic sep mtrr pge mca cmov pat pse36 clflush mmx fxsr sse sse2 ht syscall nx mmxext fxsr_opt pdpe1gb rdtscp lm constant_tsc art rep_good nopl nonstop_tsc extd_apicid aperfmperf eagerfpu pni pclmulqdq monitor ssse3 fma cx16 sse4_1 sse4_2 movbe popcnt aes xsave avx f16c rdrand lahf_lm cmp_legacy svm extapic cr8_legacy abm sse4a misalignsse 3dnowprefetch osvw ibs skinit wdt tce topoext perfctr_core perfctr_nb bpext perfctr_l2 cpb cat_l3 cdp_l3 hw_pstate sme retpoline_amd ssbd ibrs ibpb stibp vmmcall fsgsbase bmi1 avx2 smep bmi2 cqm rdt_a rdseed adx smap clflushopt clwb sha_ni xsaveopt xsavec xgetbv1 cqm_llc cqm_occup_llc cqm_mbm_total cqm_mbm_local clzero irperf xsaveerptr arat npt lbrv svm_lock nrip_save tsc_scale vmcb_clean flushbyasid decodeassists pausefilter pfthreshold avic v_vmsave_vmload vgif umip overflow_recov succor smca
Online cpus:0-63
Offline cpus:
BIOS frequency limitation:2900000
Frequency switch latency (ns):0
Available cpu frequencies:2900000 2400000 1500000 
Current governor:conservative
Core performance/turbo boost:1

Memory: 4k page, physical 263895364k(711260k free), swap 4194300k(0k free)

vm_info: OpenJDK 64-Bit Server VM (13.0.7+5-Ubuntu-0ubuntu120.04) for linux-amd64 JRE (13.0.7+5-Ubuntu-0ubuntu120.04), built on Apr 21 2021 05:36:19 by "unknown" with gcc 9.3.0

END.
