#
# There is insufficient memory for the Java Runtime Environment to continue.
# Native memory allocation (mmap) failed to map 12761636864 bytes for committing reserved memory.
# Possible reasons:
#   The system is out of physical RAM or swap space
# Possible solutions:
#   Reduce memory load on the system
#   Increase physical memory or swap space
#   Check if swap backing store is full
#   Decrease Java heap size (-Xmx/-Xms)
#   Decrease number of Java threads
#   Decrease Java thread stack sizes (-Xss)
#   Set larger code cache with -XX:ReservedCodeCacheSize=
# This output file may be truncated or incomplete.
#
#  Out of Memory Error (os_linux.cpp:2899), pid=14577, tid=14579
#
# JRE version: OpenJDK Runtime Environment (13.0.7+5) (build 13.0.7+5-Ubuntu-0ubuntu120.04)
# Java VM: OpenJDK 64-Bit Server VM (13.0.7+5-Ubuntu-0ubuntu120.04, mixed mode, tiered, serial gc, linux-amd64)
# No core dump will be written. Core dumps have been disabled. To enable core dumping, try "ulimit -c unlimited" before starting Java again
#

---------------  S U M M A R Y ------------

Command Line: -Xmx64g --add-modules=ALL-DEFAULT jdk.compiler/com.sun.tools.javac.launcher.Main /mnt/beegfs/rcabanas/dev/credici/papers/journalPGM/code/LearnSelectBias.java -w -o /mnt/beegfs/rcabanas/dev/credici/papers/journalPGM/output/biased/synthetic/s12 -m 500 -x 300 -s 0 /mnt/beegfs/rcabanas/dev/credici/papers/journalPGM/models/synthetic/s12/random_mc2_n8_mid3_d1000_05_mr098_r10_46.uai

Host: AMD EPYC 7542 32-Core Processor, 64 cores, 251G, Ubuntu 20.04.4 LTS
Time: Sat Feb  4 00:42:38 2023 CET elapsed time: 49.819920 seconds (0d 0h 0m 49s)

---------------  T H R E A D  ---------------

Current thread (0x00007f2f24097800):  VMThread "VM Thread" [stack: 0x00007f2f2808b000,0x00007f2f2818b000] [id=14579]

Stack: [0x00007f2f2808b000,0x00007f2f2818b000],  sp=0x00007f2f28189160,  free space=1016k
Native frames: (J=compiled Java code, A=aot compiled Java code, j=interpreted, Vv=VM code, C=native code)
V  [libjvm.so+0xf8f092]
V  [libjvm.so+0xf8fc91]
V  [libjvm.so+0x66ee5a]
V  [libjvm.so+0xc44a41]
V  [libjvm.so+0xc3b263]
V  [libjvm.so+0xf87f4b]
V  [libjvm.so+0x557506]
V  [libjvm.so+0x557723]
V  [libjvm.so+0xf18b0c]
V  [libjvm.so+0x557e65]
V  [libjvm.so+0x7e2edb]
V  [libjvm.so+0x7e39bd]
V  [libjvm.so+0x7d8b48]
V  [libjvm.so+0xf90940]
V  [libjvm.so+0xf96657]
V  [libjvm.so+0xf96d2b]
V  [libjvm.so+0xf9706a]
V  [libjvm.so+0xf2208f]
V  [libjvm.so+0xc493ff]

VM_Operation (0x00007f1efcefddd0): GenCollectForAllocation, mode: safepoint, requested by thread 0x00007f2f247ee800


---------------  P R O C E S S  ---------------

Threads class SMR info:
_java_thread_list=0x00007f2f247efa60, length=10, elements={
0x00007f2f24018000, 0x00007f2f240a3800, 0x00007f2f240a7000, 0x00007f2f240cb800,
0x00007f2f240cd000, 0x00007f2f240cf000, 0x00007f2f240d1000, 0x00007f2f240d3000,
0x00007f2f24135000, 0x00007f2f247ee800
}

Java Threads: ( => current thread )
  0x00007f2f24018000 JavaThread "main" [_thread_blocked, id=14578, stack(0x00007f2f28cfd000,0x00007f2f28dfe000)]
  0x00007f2f240a3800 JavaThread "Reference Handler" daemon [_thread_blocked, id=14580, stack(0x00007f2f0c689000,0x00007f2f0c78a000)]
  0x00007f2f240a7000 JavaThread "Finalizer" daemon [_thread_blocked, id=14581, stack(0x00007f1efefa8000,0x00007f1eff0a9000)]
  0x00007f2f240cb800 JavaThread "Signal Dispatcher" daemon [_thread_blocked, id=14582, stack(0x00007f1efeea7000,0x00007f1efefa8000)]
  0x00007f2f240cd000 JavaThread "Service Thread" daemon [_thread_blocked, id=14583, stack(0x00007f1efeda6000,0x00007f1efeea7000)]
  0x00007f2f240cf000 JavaThread "C2 CompilerThread0" daemon [_thread_blocked, id=14584, stack(0x00007f1efeca5000,0x00007f1efeda6000)]
  0x00007f2f240d1000 JavaThread "C1 CompilerThread0" daemon [_thread_blocked, id=14585, stack(0x00007f1efeba4000,0x00007f1efeca5000)]
  0x00007f2f240d3000 JavaThread "Sweeper thread" daemon [_thread_blocked, id=14586, stack(0x00007f1efeaa3000,0x00007f1efeba4000)]
  0x00007f2f24135000 JavaThread "Common-Cleaner" daemon [_thread_blocked, id=14587, stack(0x00007f1efe9a2000,0x00007f1efeaa3000)]
  0x00007f2f247ee800 JavaThread "pool-1-thread-1" [_thread_blocked, id=14596, stack(0x00007f1efcdff000,0x00007f1efcf00000)]

Other Threads:
=>0x00007f2f24097800 VMThread "VM Thread" [stack: 0x00007f2f2808b000,0x00007f2f2818b000] [id=14579]
  0x00007f2f24182000 WatcherThread [stack: 0x00007f1efe8a2000,0x00007f1efe9a2000] [id=14588]

Threads with active compile tasks:

VM state:at safepoint (normal execution)

VM Mutex/Monitor currently owned by a thread:  ([mutex/lock_event])
[0x00007f2f240141d0] Threads_lock - owner thread: 0x00007f2f24097800
[0x00007f2f24014dd0] Heap_lock - owner thread: 0x00007f2f247ee800

Heap:
 def new generation   total 6231296K, used 692228K [0x00007f1f0c600000, 0x00007f20b2f60000, 0x00007f2461b50000)
  eden space 5538944K,  12% used [0x00007f1f0c600000, 0x00007f1f36a01240, 0x00007f205e720000)
  from space 692352K,   0% used [0x00007f205e720000, 0x00007f205e720000, 0x00007f2088b40000)
  to   space 692352K,   0% used [0x00007f2088b40000, 0x00007f2088b40000, 0x00007f20b2f60000)
 tenured generation   total 18693804K, used 18693803K [0x00007f2461b50000, 0x00007f28d6afb000, 0x00007f2f0c600000)
   the space 18693804K,  99% used [0x00007f2461b50000, 0x00007f28d6afade0, 0x00007f28d6afae00, 0x00007f28d6afb000)
 Metaspace       used 31840K, capacity 32333K, committed 32512K, reserved 32768K

Card table byte_map: [0x00007f1f045ff000,0x00007f1f0c600000] _byte_map_base: 0x00007edf74d9c000

Polling page: 0x00007f2f2a789000

Metaspace:

Usage:
   31.58 MB capacity,    31.09 MB ( 98%) used,   377.41 KB (  1%) free+waste,   114.69 KB ( <1%) overhead. 

Virtual space:
     32.00 MB reserved,      31.75 MB (>99%) committed 

Chunk freelists:
51.00 KB

MaxMetaspaceSize: unlimited


CodeHeap 'non-profiled nmethods': size=120036Kb used=1546Kb max_used=1546Kb free=118489Kb
 bounds [0x00007f2f14251000, 0x00007f2f144c1000, 0x00007f2f1b78a000]
CodeHeap 'profiled nmethods': size=120032Kb used=9376Kb max_used=9376Kb free=110656Kb
 bounds [0x00007f2f0cd19000, 0x00007f2f0d649000, 0x00007f2f14251000]
CodeHeap 'non-nmethods': size=5692Kb used=1257Kb max_used=1311Kb free=4434Kb
 bounds [0x00007f2f0c78a000, 0x00007f2f0c9fa000, 0x00007f2f0cd19000]
 total_blobs=5221 nmethods=4680 adapters=456
 compilation: enabled
              stopped_count=0, restarted_count=0
 full_count=0

Compilation events (20 events):
Event: 7.167 Thread 0x00007f2f240cf000 4637       4       org.apache.commons.math3.util.Incrementor::resetCount (6 bytes)
Event: 7.167 Thread 0x00007f2f240cf000 nmethod 4637 0x00007f2f143cd410 code [0x00007f2f143cd580, 0x00007f2f143cd5d8]
Event: 7.167 Thread 0x00007f2f240cf000 4687       4       java.util.TreeSet::size (10 bytes)
Event: 7.167 Thread 0x00007f2f240cf000 nmethod 4687 0x00007f2f143cd710 code [0x00007f2f143cd880, 0x00007f2f143cd8f8]
Event: 7.300 Thread 0x00007f2f240cf000 4709       4       java.util.stream.Nodes$IntFixedNodeBuilder::build (52 bytes)
Event: 7.300 Thread 0x00007f2f240cf000 nmethod 4709 0x00007f2f143cda10 code [0x00007f2f143cdb80, 0x00007f2f143cdbf8]
Event: 7.301 Thread 0x00007f2f240cf000 4710       4       java.util.stream.Nodes$IntFixedNodeBuilder::begin (52 bytes)
Event: 7.301 Thread 0x00007f2f240cf000 nmethod 4710 0x00007f2f143cdd10 code [0x00007f2f143cde80, 0x00007f2f143cdf18]
Event: 7.301 Thread 0x00007f2f240cf000 4711       4       java.util.stream.Nodes$IntFixedNodeBuilder::end (51 bytes)
Event: 7.301 Thread 0x00007f2f240cf000 nmethod 4711 0x00007f2f143ce010 code [0x00007f2f143ce180, 0x00007f2f143ce1f8]
Event: 7.301 Thread 0x00007f2f240cf000 4712       4       java.util.stream.Nodes$IntFixedNodeBuilder::build (5 bytes)
Event: 7.302 Thread 0x00007f2f240cf000 nmethod 4712 0x00007f2f143ce310 code [0x00007f2f143ce480, 0x00007f2f143ce4f8]
Event: 8.246 Thread 0x00007f2f240cf000 4713 %     4       java.util.stream.Streams$RangeIntSpliterator::forEachRemaining @ 34 (65 bytes)
Event: 8.247 Thread 0x00007f2f240cf000 nmethod 4713% 0x00007f2f143ce610 code [0x00007f2f143ce780, 0x00007f2f143ce8b8]
Event: 8.247 Thread 0x00007f2f240cf000 4714       4       java.util.stream.Streams$RangeIntSpliterator::forEachRemaining (65 bytes)
Event: 8.248 Thread 0x00007f2f240cf000 nmethod 4714 0x00007f2f143ce990 code [0x00007f2f143ceb00, 0x00007f2f143cebf8]
Event: 8.283 Thread 0x00007f2f240cf000 4715 %     4       ch.idsia.crema.factor.credal.vertex.VertexFactor::combine @ 268 (347 bytes)
Event: 8.339 Thread 0x00007f2f240cf000 nmethod 4715% 0x00007f2f143ced10 code [0x00007f2f143cef40, 0x00007f2f143d0518]
Event: 8.339 Thread 0x00007f2f240cf000 4716       4       ch.idsia.crema.factor.credal.vertex.VertexFactor::combine (347 bytes)
Event: 8.421 Thread 0x00007f2f240cf000 nmethod 4716 0x00007f2f143d1210 code [0x00007f2f143d14a0, 0x00007f2f143d2ba8]

GC Heap History (20 events):
Event: 10.180 GC heap after
{Heap after GC invocations=6 (full 1):
 def new generation   total 629248K, used 69887K [0x00007f1f0c600000, 0x00007f1f370c0000, 0x00007f2461b50000)
  eden space 559360K,   0% used [0x00007f1f0c600000, 0x00007f1f0c600000, 0x00007f1f2e840000)
  from space 69888K,  99% used [0x00007f1f32c80000, 0x00007f1f370bfde8, 0x00007f1f370c0000)
  to   space 69888K,   0% used [0x00007f1f2e840000, 0x00007f1f2e840000, 0x00007f1f32c80000)
 tenured generation   total 1641024K, used 1640912K [0x00007f2461b50000, 0x00007f24c5de0000, 0x00007f2f0c600000)
   the space 1641024K,  99% used [0x00007f2461b50000, 0x00007f24c5dc40b8, 0x00007f24c5dc4200, 0x00007f24c5de0000)
 Metaspace       used 31840K, capacity 32333K, committed 32512K, reserved 32768K
}
Event: 10.180 GC heap before
{Heap before GC invocations=6 (full 1):
 def new generation   total 629248K, used 69887K [0x00007f1f0c600000, 0x00007f1f370c0000, 0x00007f2461b50000)
  eden space 559360K,   0% used [0x00007f1f0c600000, 0x00007f1f0c600000, 0x00007f1f2e840000)
  from space 69888K,  99% used [0x00007f1f32c80000, 0x00007f1f370bfde8, 0x00007f1f370c0000)
  to   space 69888K,   0% used [0x00007f1f2e840000, 0x00007f1f2e840000, 0x00007f1f32c80000)
 tenured generation   total 1641024K, used 1640912K [0x00007f2461b50000, 0x00007f24c5de0000, 0x00007f2f0c600000)
   the space 1641024K,  99% used [0x00007f2461b50000, 0x00007f24c5dc40b8, 0x00007f24c5dc4200, 0x00007f24c5de0000)
 Metaspace       used 31840K, capacity 32333K, committed 32512K, reserved 32768K
}
Event: 10.783 GC heap after
{Heap after GC invocations=6 (full 2):
 def new generation   total 1230848K, used 69775K [0x00007f1f0c600000, 0x00007f1f5fd80000, 0x00007f2461b50000)
  eden space 1094144K,   6% used [0x00007f1f0c600000, 0x00007f1f10a23fb0, 0x00007f1f4f280000)
  from space 136704K,   0% used [0x00007f1f4f280000, 0x00007f1f4f280000, 0x00007f1f57800000)
  to   space 136704K,   0% used [0x00007f1f57800000, 0x00007f1f57800000, 0x00007f1f5fd80000)
 tenured generation   total 2735040K, used 1641023K [0x00007f2461b50000, 0x00007f2508a40000, 0x00007f2f0c600000)
   the space 2735040K,  59% used [0x00007f2461b50000, 0x00007f24c5ddfef0, 0x00007f24c5de0000, 0x00007f2508a40000)
 Metaspace       used 31840K, capacity 32333K, committed 32512K, reserved 32768K
}
Event: 11.067 GC heap before
{Heap before GC invocations=6 (full 2):
 def new generation   total 1230848K, used 1094144K [0x00007f1f0c600000, 0x00007f1f5fd80000, 0x00007f2461b50000)
  eden space 1094144K, 100% used [0x00007f1f0c600000, 0x00007f1f4f280000, 0x00007f1f4f280000)
  from space 136704K,   0% used [0x00007f1f4f280000, 0x00007f1f4f280000, 0x00007f1f57800000)
  to   space 136704K,   0% used [0x00007f1f57800000, 0x00007f1f57800000, 0x00007f1f5fd80000)
 tenured generation   total 2735040K, used 1641023K [0x00007f2461b50000, 0x00007f2508a40000, 0x00007f2f0c600000)
   the space 2735040K,  59% used [0x00007f2461b50000, 0x00007f24c5ddfef0, 0x00007f24c5de0000, 0x00007f2508a40000)
 Metaspace       used 31840K, capacity 32333K, committed 32512K, reserved 32768K
}
Event: 11.962 GC heap after
{Heap after GC invocations=7 (full 2):
 def new generation   total 1230848K, used 136703K [0x00007f1f0c600000, 0x00007f1f5fd80000, 0x00007f2461b50000)
  eden space 1094144K,   0% used [0x00007f1f0c600000, 0x00007f1f0c600000, 0x00007f1f4f280000)
  from space 136704K,  99% used [0x00007f1f57800000, 0x00007f1f5fd7fe78, 0x00007f1f5fd80000)
  to   space 136704K,   0% used [0x00007f1f4f280000, 0x00007f1f4f280000, 0x00007f1f57800000)
 tenured generation   total 2735040K, used 2598412K [0x00007f2461b50000, 0x00007f2508a40000, 0x00007f2f0c600000)
   the space 2735040K,  95% used [0x00007f2461b50000, 0x00007f25004d32b0, 0x00007f25004d3400, 0x00007f2508a40000)
 Metaspace       used 31840K, capacity 32333K, committed 32512K, reserved 32768K
}
Event: 12.265 GC heap before
{Heap before GC invocations=7 (full 2):
 def new generation   total 1230848K, used 1230847K [0x00007f1f0c600000, 0x00007f1f5fd80000, 0x00007f2461b50000)
  eden space 1094144K, 100% used [0x00007f1f0c600000, 0x00007f1f4f280000, 0x00007f1f4f280000)
  from space 136704K,  99% used [0x00007f1f57800000, 0x00007f1f5fd7fe78, 0x00007f1f5fd80000)
  to   space 136704K,   0% used [0x00007f1f4f280000, 0x00007f1f4f280000, 0x00007f1f57800000)
 tenured generation   total 2735040K, used 2598412K [0x00007f2461b50000, 0x00007f2508a40000, 0x00007f2f0c600000)
   the space 2735040K,  95% used [0x00007f2461b50000, 0x00007f25004d32b0, 0x00007f25004d3400, 0x00007f2508a40000)
 Metaspace       used 31840K, capacity 32333K, committed 32512K, reserved 32768K
}
Event: 13.451 GC heap after
{Heap after GC invocations=8 (full 2):
 def new generation   total 1230848K, used 136703K [0x00007f1f0c600000, 0x00007f1f5fd80000, 0x00007f2461b50000)
  eden space 1094144K,   0% used [0x00007f1f0c600000, 0x00007f1f0c600000, 0x00007f1f4f280000)
  from space 136704K,  99% used [0x00007f1f4f280000, 0x00007f1f577ffe78, 0x00007f1f57800000)
  to   space 136704K,   0% used [0x00007f1f57800000, 0x00007f1f57800000, 0x00007f1f5fd80000)
 tenured generation   total 3692544K, used 3692472K [0x00007f2461b50000, 0x00007f2543150000, 0x00007f2f0c600000)
   the space 3692544K,  99% used [0x00007f2461b50000, 0x00007f254313e1e8, 0x00007f254313e200, 0x00007f2543150000)
 Metaspace       used 31840K, capacity 32333K, committed 32512K, reserved 32768K
}
Event: 13.451 GC heap before
{Heap before GC invocations=8 (full 2):
 def new generation   total 1230848K, used 136703K [0x00007f1f0c600000, 0x00007f1f5fd80000, 0x00007f2461b50000)
  eden space 1094144K,   0% used [0x00007f1f0c600000, 0x00007f1f0c600000, 0x00007f1f4f280000)
  from space 136704K,  99% used [0x00007f1f4f280000, 0x00007f1f577ffe78, 0x00007f1f57800000)
  to   space 136704K,   0% used [0x00007f1f57800000, 0x00007f1f57800000, 0x00007f1f5fd80000)
 tenured generation   total 3692544K, used 3692472K [0x00007f2461b50000, 0x00007f2543150000, 0x00007f2f0c600000)
   the space 3692544K,  99% used [0x00007f2461b50000, 0x00007f254313e1e8, 0x00007f254313e200, 0x00007f2543150000)
 Metaspace       used 31840K, capacity 32333K, committed 32512K, reserved 32768K
}
Event: 14.510 GC heap after
{Heap after GC invocations=8 (full 3):
 def new generation   total 2769472K, used 136633K [0x00007f1f0c600000, 0x00007f1fc8310000, 0x00007f2461b50000)
  eden space 2461760K,   5% used [0x00007f1f0c600000, 0x00007f1f14b6e400, 0x00007f1fa2a10000)
  from space 307712K,   0% used [0x00007f1fa2a10000, 0x00007f1fa2a10000, 0x00007f1fb5690000)
  to   space 307712K,   0% used [0x00007f1fb5690000, 0x00007f1fb5690000, 0x00007f1fc8310000)
 tenured generation   total 6154240K, used 3692543K [0x00007f2461b50000, 0x00007f25d9550000, 0x00007f2f0c600000)
   the space 6154240K,  59% used [0x00007f2461b50000, 0x00007f254314fc60, 0x00007f254314fe00, 0x00007f25d9550000)
 Metaspace       used 31840K, capacity 32333K, committed 32512K, reserved 32768K
}
Event: 15.158 GC heap before
{Heap before GC invocations=8 (full 3):
 def new generation   total 2769472K, used 2461760K [0x00007f1f0c600000, 0x00007f1fc8310000, 0x00007f2461b50000)
  eden space 2461760K, 100% used [0x00007f1f0c600000, 0x00007f1fa2a10000, 0x00007f1fa2a10000)
  from space 307712K,   0% used [0x00007f1fa2a10000, 0x00007f1fa2a10000, 0x00007f1fb5690000)
  to   space 307712K,   0% used [0x00007f1fb5690000, 0x00007f1fb5690000, 0x00007f1fc8310000)
 tenured generation   total 6154240K, used 3692543K [0x00007f2461b50000, 0x00007f25d9550000, 0x00007f2f0c600000)
   the space 6154240K,  59% used [0x00007f2461b50000, 0x00007f254314fc60, 0x00007f254314fe00, 0x00007f25d9550000)
 Metaspace       used 31840K, capacity 32333K, committed 32512K, reserved 32768K
}
Event: 17.923 GC heap after
{Heap after GC invocations=9 (full 3):
 def new generation   total 2769472K, used 307711K [0x00007f1f0c600000, 0x00007f1fc8310000, 0x00007f2461b50000)
  eden space 2461760K,   0% used [0x00007f1f0c600000, 0x00007f1f0c600000, 0x00007f1fa2a10000)
  from space 307712K,  99% used [0x00007f1fb5690000, 0x00007f1fc830ff58, 0x00007f1fc8310000)
  to   space 307712K,   0% used [0x00007f1fa2a10000, 0x00007f1fa2a10000, 0x00007f1fb5690000)
 tenured generation   total 6154240K, used 5846560K [0x00007f2461b50000, 0x00007f25d9550000, 0x00007f2f0c600000)
   the space 6154240K,  95% used [0x00007f2461b50000, 0x00007f25c68d82f8, 0x00007f25c68d8400, 0x00007f25d9550000)
 Metaspace       used 31840K, capacity 32333K, committed 32512K, reserved 32768K
}
Event: 18.631 GC heap before
{Heap before GC invocations=9 (full 3):
 def new generation   total 2769472K, used 2769471K [0x00007f1f0c600000, 0x00007f1fc8310000, 0x00007f2461b50000)
  eden space 2461760K, 100% used [0x00007f1f0c600000, 0x00007f1fa2a10000, 0x00007f1fa2a10000)
  from space 307712K,  99% used [0x00007f1fb5690000, 0x00007f1fc830ff58, 0x00007f1fc8310000)
  to   space 307712K,   0% used [0x00007f1fa2a10000, 0x00007f1fa2a10000, 0x00007f1fb5690000)
 tenured generation   total 6154240K, used 5846560K [0x00007f2461b50000, 0x00007f25d9550000, 0x00007f2f0c600000)
   the space 6154240K,  95% used [0x00007f2461b50000, 0x00007f25c68d82f8, 0x00007f25c68d8400, 0x00007f25d9550000)
 Metaspace       used 31840K, capacity 32333K, committed 32512K, reserved 32768K
}
Event: 21.472 GC heap after
{Heap after GC invocations=10 (full 3):
 def new generation   total 2769472K, used 307711K [0x00007f1f0c600000, 0x00007f1fc8310000, 0x00007f2461b50000)
  eden space 2461760K,   0% used [0x00007f1f0c600000, 0x00007f1f0c600000, 0x00007f1fa2a10000)
  from space 307712K,  99% used [0x00007f1fa2a10000, 0x00007f1fb568ff58, 0x00007f1fb5690000)
  to   space 307712K,   0% used [0x00007f1fb5690000, 0x00007f1fb5690000, 0x00007f1fc8310000)
 tenured generation   total 8308288K, used 8308275K [0x00007f2461b50000, 0x00007f265cce0000, 0x00007f2f0c600000)
   the space 8308288K,  99% used [0x00007f2461b50000, 0x00007f265ccdcf98, 0x00007f265ccdd000, 0x00007f265cce0000)
 Metaspace       used 31840K, capacity 32333K, committed 32512K, reserved 32768K
}
Event: 21.472 GC heap before
{Heap before GC invocations=10 (full 3):
 def new generation   total 2769472K, used 307711K [0x00007f1f0c600000, 0x00007f1fc8310000, 0x00007f2461b50000)
  eden space 2461760K,   0% used [0x00007f1f0c600000, 0x00007f1f0c600000, 0x00007f1fa2a10000)
  from space 307712K,  99% used [0x00007f1fa2a10000, 0x00007f1fb568ff58, 0x00007f1fb5690000)
  to   space 307712K,   0% used [0x00007f1fb5690000, 0x00007f1fb5690000, 0x00007f1fc8310000)
 tenured generation   total 8308288K, used 8308275K [0x00007f2461b50000, 0x00007f265cce0000, 0x00007f2f0c600000)
   the space 8308288K,  99% used [0x00007f2461b50000, 0x00007f265ccdcf98, 0x00007f265ccdd000, 0x00007f265cce0000)
 Metaspace       used 31840K, capacity 32333K, committed 32512K, reserved 32768K
}
Event: 26.478 GC heap after
{Heap after GC invocations=10 (full 4):
 def new generation   total 6231296K, used 302318K [0x00007f1f0c600000, 0x00007f20b2f60000, 0x00007f2461b50000)
  eden space 5538944K,   5% used [0x00007f1f0c600000, 0x00007f1f1ed3b948, 0x00007f205e720000)
  from space 692352K,   0% used [0x00007f205e720000, 0x00007f205e720000, 0x00007f2088b40000)
  to   space 692352K,   0% used [0x00007f2088b40000, 0x00007f2088b40000, 0x00007f20b2f60000)
 tenured generation   total 13847148K, used 8308287K [0x00007f2461b50000, 0x00007f27aedeb000, 0x00007f2f0c600000)
   the space 13847148K,  59% used [0x00007f2461b50000, 0x00007f265ccdfce0, 0x00007f265ccdfe00, 0x00007f27aedeb000)
 Metaspace       used 31840K, capacity 32333K, committed 32512K, reserved 32768K
}
Event: 28.450 GC heap before
{Heap before GC invocations=10 (full 4):
 def new generation   total 6231296K, used 5538944K [0x00007f1f0c600000, 0x00007f20b2f60000, 0x00007f2461b50000)
  eden space 5538944K, 100% used [0x00007f1f0c600000, 0x00007f205e720000, 0x00007f205e720000)
  from space 692352K,   0% used [0x00007f205e720000, 0x00007f205e720000, 0x00007f2088b40000)
  to   space 692352K,   0% used [0x00007f2088b40000, 0x00007f2088b40000, 0x00007f20b2f60000)
 tenured generation   total 13847148K, used 8308287K [0x00007f2461b50000, 0x00007f27aedeb000, 0x00007f2f0c600000)
   the space 13847148K,  59% used [0x00007f2461b50000, 0x00007f265ccdfce0, 0x00007f265ccdfe00, 0x00007f27aedeb000)
 Metaspace       used 31840K, capacity 32333K, committed 32512K, reserved 32768K
}
Event: 35.361 GC heap after
{Heap after GC invocations=11 (full 4):
 def new generation   total 6231296K, used 692351K [0x00007f1f0c600000, 0x00007f20b2f60000, 0x00007f2461b50000)
  eden space 5538944K,   0% used [0x00007f1f0c600000, 0x00007f1f0c600000, 0x00007f205e720000)
  from space 692352K,  99% used [0x00007f2088b40000, 0x00007f20b2f5fd80, 0x00007f20b2f60000)
  to   space 692352K,   0% used [0x00007f205e720000, 0x00007f205e720000, 0x00007f2088b40000)
 tenured generation   total 13847148K, used 13154809K [0x00007f2461b50000, 0x00007f27aedeb000, 0x00007f2f0c600000)
   the space 13847148K,  95% used [0x00007f2461b50000, 0x00007f27849ce518, 0x00007f27849ce600, 0x00007f27aedeb000)
 Metaspace       used 31840K, capacity 32333K, committed 32512K, reserved 32768K
}
Event: 36.946 GC heap before
{Heap before GC invocations=11 (full 4):
 def new generation   total 6231296K, used 6231295K [0x00007f1f0c600000, 0x00007f20b2f60000, 0x00007f2461b50000)
  eden space 5538944K, 100% used [0x00007f1f0c600000, 0x00007f205e720000, 0x00007f205e720000)
  from space 692352K,  99% used [0x00007f2088b40000, 0x00007f20b2f5fd80, 0x00007f20b2f60000)
  to   space 692352K,   0% used [0x00007f205e720000, 0x00007f205e720000, 0x00007f2088b40000)
 tenured generation   total 13847148K, used 13154809K [0x00007f2461b50000, 0x00007f27aedeb000, 0x00007f2f0c600000)
   the space 13847148K,  95% used [0x00007f2461b50000, 0x00007f27849ce518, 0x00007f27849ce600, 0x00007f27aedeb000)
 Metaspace       used 31840K, capacity 32333K, committed 32512K, reserved 32768K
}
Event: 43.532 GC heap after
{Heap after GC invocations=12 (full 4):
 def new generation   total 6231296K, used 692351K [0x00007f1f0c600000, 0x00007f20b2f60000, 0x00007f2461b50000)
  eden space 5538944K,   0% used [0x00007f1f0c600000, 0x00007f1f0c600000, 0x00007f205e720000)
  from space 692352K,  99% used [0x00007f205e720000, 0x00007f2088b3fd80, 0x00007f2088b40000)
  to   space 692352K,   0% used [0x00007f2088b40000, 0x00007f2088b40000, 0x00007f20b2f60000)
 tenured generation   total 18693804K, used 18693680K [0x00007f2461b50000, 0x00007f28d6afb000, 0x00007f2f0c600000)
   the space 18693804K,  99% used [0x00007f2461b50000, 0x00007f28d6adc2a0, 0x00007f28d6adc400, 0x00007f28d6afb000)
 Metaspace       used 31840K, capacity 32333K, committed 32512K, reserved 32768K
}
Event: 43.532 GC heap before
{Heap before GC invocations=12 (full 4):
 def new generation   total 6231296K, used 692351K [0x00007f1f0c600000, 0x00007f20b2f60000, 0x00007f2461b50000)
  eden space 5538944K,   0% used [0x00007f1f0c600000, 0x00007f1f0c600000, 0x00007f205e720000)
  from space 692352K,  99% used [0x00007f205e720000, 0x00007f2088b3fd80, 0x00007f2088b40000)
  to   space 692352K,   0% used [0x00007f2088b40000, 0x00007f2088b40000, 0x00007f20b2f60000)
 tenured generation   total 18693804K, used 18693680K [0x00007f2461b50000, 0x00007f28d6afb000, 0x00007f2f0c600000)
   the space 18693804K,  99% used [0x00007f2461b50000, 0x00007f28d6adc2a0, 0x00007f28d6adc400, 0x00007f28d6afb000)
 Metaspace       used 31840K, capacity 32333K, committed 32512K, reserved 32768K
}

Deoptimization events (20 events):
Event: 8.334 Thread 0x00007f2f247ee800 DEOPT PACKING pc=0x00007f2f0d603a0a sp=0x00007f1efcefdff0
Event: 8.334 Thread 0x00007f2f247ee800 DEOPT UNPACKING pc=0x00007f2f0c7d333a sp=0x00007f1efcefd608 mode 0
Event: 8.334 Thread 0x00007f2f247ee800 DEOPT PACKING pc=0x00007f2f0d603a0a sp=0x00007f1efcefdff0
Event: 8.334 Thread 0x00007f2f247ee800 DEOPT UNPACKING pc=0x00007f2f0c7d333a sp=0x00007f1efcefd608 mode 0
Event: 8.334 Thread 0x00007f2f247ee800 DEOPT PACKING pc=0x00007f2f0d603a0a sp=0x00007f1efcefdff0
Event: 8.334 Thread 0x00007f2f247ee800 DEOPT UNPACKING pc=0x00007f2f0c7d333a sp=0x00007f1efcefd608 mode 0
Event: 8.334 Thread 0x00007f2f247ee800 DEOPT PACKING pc=0x00007f2f0d62d1f1 sp=0x00007f1efcefe040
Event: 8.334 Thread 0x00007f2f247ee800 DEOPT UNPACKING pc=0x00007f2f0c7d333a sp=0x00007f1efcefd608 mode 0
Event: 8.335 Thread 0x00007f2f247ee800 DEOPT PACKING pc=0x00007f2f0d5b04d6 sp=0x00007f1efcefe050
Event: 8.335 Thread 0x00007f2f247ee800 DEOPT UNPACKING pc=0x00007f2f0c7d333a sp=0x00007f1efcefd608 mode 0
Event: 8.335 Thread 0x00007f2f247ee800 DEOPT PACKING pc=0x00007f2f0d603a0a sp=0x00007f1efcefdff0
Event: 8.335 Thread 0x00007f2f247ee800 DEOPT UNPACKING pc=0x00007f2f0c7d333a sp=0x00007f1efcefd608 mode 0
Event: 8.335 Thread 0x00007f2f247ee800 DEOPT PACKING pc=0x00007f2f0d603a0a sp=0x00007f1efcefdff0
Event: 8.335 Thread 0x00007f2f247ee800 DEOPT UNPACKING pc=0x00007f2f0c7d333a sp=0x00007f1efcefd608 mode 0
Event: 8.335 Thread 0x00007f2f247ee800 DEOPT PACKING pc=0x00007f2f0d603a0a sp=0x00007f1efcefdff0
Event: 8.335 Thread 0x00007f2f247ee800 DEOPT UNPACKING pc=0x00007f2f0c7d333a sp=0x00007f1efcefd608 mode 0
Event: 8.336 Thread 0x00007f2f247ee800 DEOPT PACKING pc=0x00007f2f0d603a0a sp=0x00007f1efcefdff0
Event: 8.336 Thread 0x00007f2f247ee800 DEOPT UNPACKING pc=0x00007f2f0c7d333a sp=0x00007f1efcefd608 mode 0
Event: 8.356 Thread 0x00007f2f247ee800 DEOPT PACKING pc=0x00007f2f0d603a0a sp=0x00007f1efcefdff0
Event: 8.356 Thread 0x00007f2f247ee800 DEOPT UNPACKING pc=0x00007f2f0c7d333a sp=0x00007f1efcefd608 mode 0

Classes unloaded (0 events):
No events

Classes redefined (0 events):
No events

Internal exceptions (20 events):
Event: 2.827 Thread 0x00007f2f24018000 Exception <a 'java/lang/NoSuchMethodError'{0x00007f1f0c6fc200}: 'java.lang.Object java.lang.invoke.Invokers$Holder.linkToTargetMethod(java.lang.Object, long, java.lang.Object)'> (0x00007f1f0c6fc200) 
thrown [src/hotspot/share/interpreter/linkResolver.cpp, line 766]
Event: 2.883 Thread 0x00007f2f24018000 Exception <a 'java/lang/NoSuchMethodError'{0x00007f1f0c7d8560}: 'java.lang.Object java.lang.invoke.Invokers$Holder.invokeExact_MT(java.lang.Object, java.lang.Object, java.lang.Object, java.lang.Object, java.lang.Object, java.lang.Object)'> (0x00007f1f0c7d8560) 
thrown [src/hotspot/share/interpreter/linkResolver.cpp, line 766]
Event: 2.967 Thread 0x00007f2f24018000 Exception <a 'java/lang/NoSuchMethodError'{0x00007f1f0c9c0a50}: 'java.lang.Object java.lang.invoke.DirectMethodHandle$Holder.invokeInterface(java.lang.Object, java.lang.Object, java.lang.Object)'> (0x00007f1f0c9c0a50) 
thrown [src/hotspot/share/interpreter/linkResolver.cpp, line 766]
Event: 2.968 Thread 0x00007f2f24018000 Exception <a 'java/lang/NoSuchMethodError'{0x00007f1f0c9cf9c0}: 'void java.lang.invoke.DirectMethodHandle$Holder.invokeStatic(java.lang.Object, java.lang.Object, java.lang.Object, java.lang.Object)'> (0x00007f1f0c9cf9c0) 
thrown [src/hotspot/share/interpreter/linkResolver.cpp, line 766]
Event: 3.011 Thread 0x00007f2f24018000 Exception <a 'java/lang/NoSuchMethodError'{0x00007f1f0cb7fa98}: 'double java.lang.invoke.DirectMethodHandle$Holder.invokeStatic(java.lang.Object, java.lang.Object)'> (0x00007f1f0cb7fa98) 
thrown [src/hotspot/share/interpreter/linkResolver.cpp, line 766]
Event: 3.039 Thread 0x00007f2f24018000 Exception <a 'java/lang/NoSuchMethodError'{0x00007f1f0cc7e468}: 'int java.lang.invoke.DirectMethodHandle$Holder.invokeStatic(java.lang.Object, java.lang.Object, java.lang.Object, int)'> (0x00007f1f0cc7e468) 
thrown [src/hotspot/share/interpreter/linkResolver.cpp, line 766]
Event: 3.060 Thread 0x00007f2f24018000 Exception <a 'java/lang/NoSuchMethodError'{0x00007f1f0cc8a070}: 'int java.lang.invoke.DirectMethodHandle$Holder.invokeStatic(java.lang.Object, java.lang.Object, int)'> (0x00007f1f0cc8a070) 
thrown [src/hotspot/share/interpreter/linkResolver.cpp, line 766]
Event: 3.192 Thread 0x00007f2f24018000 Exception <a 'java/lang/IncompatibleClassChangeError'{0x00007f1f0d00fb20}: Found class java.lang.Object, but interface was expected> (0x00007f1f0d00fb20) 
thrown [src/hotspot/share/interpreter/linkResolver.cpp, line 833]
Event: 3.430 Thread 0x00007f2f24018000 Exception <a 'java/lang/NoSuchMethodError'{0x00007f1f10befd68}: 'void java.lang.invoke.DirectMethodHandle$Holder.invokeStatic(java.lang.Object, java.lang.Object, int)'> (0x00007f1f10befd68) 
thrown [src/hotspot/share/interpreter/linkResolver.cpp, line 766]
Event: 3.524 Thread 0x00007f2f24018000 Exception <a 'java/lang/NoSuchMethodError'{0x00007f1f11248df0}: 'java.lang.Object java.lang.invoke.Invokers$Holder.linkToTargetMethod(double, java.lang.Object)'> (0x00007f1f11248df0) 
thrown [src/hotspot/share/interpreter/linkResolver.cpp, line 766]
Event: 3.771 Thread 0x00007f2f24018000 Exception <a 'java/lang/ClassNotFoundException'{0x00007f1f12b7f0d8}: com/sun/org/apache/xerces/internal/impl/msg/spi/SAXMessagesProvider> (0x00007f1f12b7f0d8) 
thrown [src/hotspot/share/classfile/systemDictionary.cpp, line 232]
Event: 4.217 Thread 0x00007f2f24018000 Exception <a 'java/lang/NoSuchMethodError'{0x00007f1f13cbe2f8}: 'java.lang.Object java.lang.invoke.DirectMethodHandle$Holder.invokeStaticInit(java.lang.Object, java.lang.Object, java.lang.Object)'> (0x00007f1f13cbe2f8) 
thrown [src/hotspot/share/interpreter/linkResolver.cpp, line 766]
Event: 4.218 Thread 0x00007f2f24018000 Exception <a 'java/lang/NoSuchMethodError'{0x00007f1f13cc92c0}: 'void java.lang.invoke.DirectMethodHandle$Holder.invokeStatic(java.lang.Object, java.lang.Object, java.lang.Object, java.lang.Object, java.lang.Object, java.lang.Object)'> (0x00007f1f13cc92c0) 
thrown [src/hotspot/share/interpreter/linkResolver.cpp, line 766]
Event: 4.225 Thread 0x00007f2f24018000 Exception <a 'java/lang/NoSuchMethodError'{0x00007f1f13d00be0}: 'void java.lang.invoke.DirectMethodHandle$Holder.invokeStaticInit(java.lang.Object, java.lang.Object, java.lang.Object)'> (0x00007f1f13d00be0) 
thrown [src/hotspot/share/interpreter/linkResolver.cpp, line 766]
Event: 4.247 Thread 0x00007f2f24018000 Exception <a 'java/net/UnknownHostException'{0x00007f1f13d22400}> (0x00007f1f13d22400) 
thrown [src/hotspot/share/prims/jni.cpp, line 598]
Event: 4.470 Thread 0x00007f2f24018000 Exception <a 'java/net/UnknownHostException'{0x00007f1f150db750}> (0x00007f1f150db750) 
thrown [src/hotspot/share/prims/jni.cpp, line 598]
Event: 4.841 Thread 0x00007f2f24018000 Exception <a 'java/net/UnknownHostException'{0x00007f1f16ed0148}> (0x00007f1f16ed0148) 
thrown [src/hotspot/share/prims/jni.cpp, line 598]
Event: 4.916 Thread 0x00007f2f24018000 Exception <a 'java/net/UnknownHostException'{0x00007f1f17a68260}> (0x00007f1f17a68260) 
thrown [src/hotspot/share/prims/jni.cpp, line 598]
Event: 5.131 Thread 0x00007f2f24018000 Exception <a 'java/net/UnknownHostException'{0x00007f1f19e22180}> (0x00007f1f19e22180) 
thrown [src/hotspot/share/prims/jni.cpp, line 598]
Event: 5.283 Thread 0x00007f2f24018000 Exception <a 'java/net/UnknownHostException'{0x00007f1f1b6393c0}> (0x00007f1f1b6393c0) 
thrown [src/hotspot/share/prims/jni.cpp, line 598]

Events (20 events):
Event: 6.764 Executing VM operation: RevokeBias done
Event: 7.637 Executing VM operation: GenCollectForAllocation
Event: 7.895 Executing VM operation: GenCollectForAllocation done
Event: 8.512 Executing VM operation: GenCollectForAllocation
Event: 8.865 Executing VM operation: GenCollectForAllocation done
Event: 9.107 Executing VM operation: GenCollectForAllocation
Event: 9.505 Executing VM operation: GenCollectForAllocation done
Event: 9.667 Executing VM operation: GenCollectForAllocation
Event: 10.783 Executing VM operation: GenCollectForAllocation done
Event: 11.066 Executing VM operation: GenCollectForAllocation
Event: 11.962 Executing VM operation: GenCollectForAllocation done
Event: 12.265 Executing VM operation: GenCollectForAllocation
Event: 14.510 Executing VM operation: GenCollectForAllocation done
Event: 15.158 Executing VM operation: GenCollectForAllocation
Event: 17.923 Executing VM operation: GenCollectForAllocation done
Event: 18.631 Executing VM operation: GenCollectForAllocation
Event: 26.478 Executing VM operation: GenCollectForAllocation done
Event: 28.450 Executing VM operation: GenCollectForAllocation
Event: 35.361 Executing VM operation: GenCollectForAllocation done
Event: 36.946 Executing VM operation: GenCollectForAllocation


Dynamic libraries:
562a2ec2a000-562a2ec2b000 r--p 00000000 07:26 4860                       /usr/lib/jvm/java-13-openjdk-amd64/bin/java
562a2ec2b000-562a2ec2c000 r-xp 00001000 07:26 4860                       /usr/lib/jvm/java-13-openjdk-amd64/bin/java
562a2ec2c000-562a2ec2d000 r--p 00002000 07:26 4860                       /usr/lib/jvm/java-13-openjdk-amd64/bin/java
562a2ec2d000-562a2ec2e000 r--p 00002000 07:26 4860                       /usr/lib/jvm/java-13-openjdk-amd64/bin/java
562a2ec2e000-562a2ec2f000 rw-p 00003000 07:26 4860                       /usr/lib/jvm/java-13-openjdk-amd64/bin/java
562a30264000-562a30285000 rw-p 00000000 00:00 0                          [heap]
7f1ed0000000-7f1ed0021000 rw-p 00000000 00:00 0 
7f1ed0021000-7f1ed4000000 ---p 00000000 00:00 0 
7f1ed4000000-7f1ed404e000 rw-p 00000000 00:00 0 
7f1ed404e000-7f1ed8000000 ---p 00000000 00:00 0 
7f1ed8000000-7f1ed8021000 rw-p 00000000 00:00 0 
7f1ed8021000-7f1edc000000 ---p 00000000 00:00 0 
7f1edc000000-7f1edc021000 rw-p 00000000 00:00 0 
7f1edc021000-7f1ee0000000 ---p 00000000 00:00 0 
7f1ee0000000-7f1ee15ce000 rw-p 00000000 00:00 0 
7f1ee15ce000-7f1ee4000000 ---p 00000000 00:00 0 
7f1ee4000000-7f1ee4c2b000 rw-p 00000000 00:00 0 
7f1ee4c2b000-7f1ee8000000 ---p 00000000 00:00 0 
7f1ee8000000-7f1ee8021000 rw-p 00000000 00:00 0 
7f1ee8021000-7f1eec000000 ---p 00000000 00:00 0 
7f1eec000000-7f1eec021000 rw-p 00000000 00:00 0 
7f1eec021000-7f1ef0000000 ---p 00000000 00:00 0 
7f1ef0000000-7f1ef0021000 rw-p 00000000 00:00 0 
7f1ef0021000-7f1ef4000000 ---p 00000000 00:00 0 
7f1ef4000000-7f1ef4021000 rw-p 00000000 00:00 0 
7f1ef4021000-7f1ef8000000 ---p 00000000 00:00 0 
7f1ef8000000-7f1ef8069000 rw-p 00000000 00:00 0 
7f1ef8069000-7f1efc000000 ---p 00000000 00:00 0 
7f1efcdff000-7f1efce03000 ---p 00000000 00:00 0 
7f1efce03000-7f1efd0c0000 rw-p 00000000 00:00 0 
7f1efd0c0000-7f1efd100000 ---p 00000000 00:00 0 
7f1efd100000-7f1efd300000 rw-p 00000000 00:00 0 
7f1efd300000-7f1efd500000 rw-p 00000000 00:00 0 
7f1efd500000-7f1efd700000 rw-p 00000000 00:00 0 
7f1efd700000-7f1efd900000 rw-p 00000000 00:00 0 
7f1efd900000-7f1efdb00000 rw-p 00000000 00:00 0 
7f1efdb00000-7f1efdd00000 rw-p 00000000 00:00 0 
7f1efdd00000-7f1efdf00000 rw-p 00000000 00:00 0 
7f1efdf00000-7f1efe2a0000 rw-p 00000000 00:00 0 
7f1efe2a0000-7f1efe4a0000 rw-p 00000000 00:00 0 
7f1efe4a0000-7f1efe6a0000 rw-p 00000000 00:00 0 
7f1efe6a0000-7f1efe8a0000 rw-p 00000000 00:00 0 
7f1efe8a0000-7f1efe8a1000 ---p 00000000 00:00 0 
7f1efe8a1000-7f1efe9a2000 rw-p 00000000 00:00 0 
7f1efe9a2000-7f1efe9a6000 ---p 00000000 00:00 0 
7f1efe9a6000-7f1efeaa3000 rw-p 00000000 00:00 0 
7f1efeaa3000-7f1efeaa7000 ---p 00000000 00:00 0 
7f1efeaa7000-7f1efeba4000 rw-p 00000000 00:00 0 
7f1efeba4000-7f1efeba8000 ---p 00000000 00:00 0 
7f1efeba8000-7f1efeca5000 rw-p 00000000 00:00 0 
7f1efeca5000-7f1efeca9000 ---p 00000000 00:00 0 
7f1efeca9000-7f1efeda6000 rw-p 00000000 00:00 0 
7f1efeda6000-7f1efedaa000 ---p 00000000 00:00 0 
7f1efedaa000-7f1efeea7000 rw-p 00000000 00:00 0 
7f1efeea7000-7f1efeeab000 ---p 00000000 00:00 0 
7f1efeeab000-7f1efefa8000 rw-p 00000000 00:00 0 
7f1efefa8000-7f1efefac000 ---p 00000000 00:00 0 
7f1efefac000-7f1f01451000 rw-p 00000000 00:00 0 
7f1f01451000-7f1f045ff000 ---p 00000000 00:00 0 
7f1f045ff000-7f1f05334000 rw-p 00000000 00:00 0 
7f1f05334000-7f1f070a9000 ---p 00000000 00:00 0 
7f1f070a9000-7f1f09452000 rw-p 00000000 00:00 0 
7f1f09452000-7f1f0c5ff000 ---p 00000000 00:00 0 
7f1f0c5ff000-7f20b2f60000 rw-p 00000000 00:00 0 
7f20b2f60000-7f2461b50000 ---p 00000000 00:00 0 
7f2461b50000-7f28d6afb000 rw-p 00000000 00:00 0 
7f2bcf56d000-7f2f0c600000 ---p 00000000 00:00 0 
7f2f0c63c000-7f2f0c640000 r--p 00000000 07:26 9178                       /usr/lib/x86_64-linux-gnu/libresolv-2.31.so
7f2f0c640000-7f2f0c650000 r-xp 00004000 07:26 9178                       /usr/lib/x86_64-linux-gnu/libresolv-2.31.so
7f2f0c650000-7f2f0c654000 r--p 00014000 07:26 9178                       /usr/lib/x86_64-linux-gnu/libresolv-2.31.so
7f2f0c654000-7f2f0c655000 r--p 00017000 07:26 9178                       /usr/lib/x86_64-linux-gnu/libresolv-2.31.so
7f2f0c655000-7f2f0c656000 rw-p 00018000 07:26 9178                       /usr/lib/x86_64-linux-gnu/libresolv-2.31.so
7f2f0c656000-7f2f0c689000 rw-p 00000000 00:00 0 
7f2f0c689000-7f2f0c68d000 ---p 00000000 00:00 0 
7f2f0c68d000-7f2f0c78a000 rw-p 00000000 00:00 0 
7f2f0c78a000-7f2f0c9fa000 rwxp 00000000 00:00 0 
7f2f0c9fa000-7f2f0cd19000 ---p 00000000 00:00 0 
7f2f0cd19000-7f2f0d649000 rwxp 00000000 00:00 0 
7f2f0d649000-7f2f14251000 ---p 00000000 00:00 0 
7f2f14251000-7f2f144c1000 rwxp 00000000 00:00 0 
7f2f144c1000-7f2f1b78a000 ---p 00000000 00:00 0 
7f2f1b78a000-7f2f24000000 r--s 00000000 07:26 5215                       /usr/lib/jvm/java-13-openjdk-amd64/lib/modules
7f2f24000000-7f2f2480a000 rw-p 00000000 00:00 0 
7f2f2480a000-7f2f28000000 ---p 00000000 00:00 0 
7f2f2800a000-7f2f2800b000 r--p 00000000 07:26 9105                       /usr/lib/x86_64-linux-gnu/libnss_dns-2.31.so
7f2f2800b000-7f2f2800f000 r-xp 00001000 07:26 9105                       /usr/lib/x86_64-linux-gnu/libnss_dns-2.31.so
7f2f2800f000-7f2f28010000 r--p 00005000 07:26 9105                       /usr/lib/x86_64-linux-gnu/libnss_dns-2.31.so
7f2f28010000-7f2f28011000 r--p 00005000 07:26 9105                       /usr/lib/x86_64-linux-gnu/libnss_dns-2.31.so
7f2f28011000-7f2f28012000 rw-p 00006000 07:26 9105                       /usr/lib/x86_64-linux-gnu/libnss_dns-2.31.so
7f2f28012000-7f2f28014000 r--p 00000000 07:26 5202                       /usr/lib/jvm/java-13-openjdk-amd64/lib/libmanagement_ext.so
7f2f28014000-7f2f28017000 r-xp 00002000 07:26 5202                       /usr/lib/jvm/java-13-openjdk-amd64/lib/libmanagement_ext.so
7f2f28017000-7f2f28018000 r--p 00005000 07:26 5202                       /usr/lib/jvm/java-13-openjdk-amd64/lib/libmanagement_ext.so
7f2f28018000-7f2f28019000 ---p 00006000 07:26 5202                       /usr/lib/jvm/java-13-openjdk-amd64/lib/libmanagement_ext.so
7f2f28019000-7f2f2801a000 r--p 00006000 07:26 5202                       /usr/lib/jvm/java-13-openjdk-amd64/lib/libmanagement_ext.so
7f2f2801a000-7f2f2801b000 rw-p 00007000 07:26 5202                       /usr/lib/jvm/java-13-openjdk-amd64/lib/libmanagement_ext.so
7f2f2801b000-7f2f2801e000 r--p 00000000 07:26 5200                       /usr/lib/jvm/java-13-openjdk-amd64/lib/libmanagement.so
7f2f2801e000-7f2f2801f000 r-xp 00003000 07:26 5200                       /usr/lib/jvm/java-13-openjdk-amd64/lib/libmanagement.so
7f2f2801f000-7f2f28020000 r--p 00004000 07:26 5200                       /usr/lib/jvm/java-13-openjdk-amd64/lib/libmanagement.so
7f2f28020000-7f2f28021000 r--p 00004000 07:26 5200                       /usr/lib/jvm/java-13-openjdk-amd64/lib/libmanagement.so
7f2f28021000-7f2f28022000 rw-p 00005000 07:26 5200                       /usr/lib/jvm/java-13-openjdk-amd64/lib/libmanagement.so
7f2f28022000-7f2f28026000 r--p 00000000 07:26 5204                       /usr/lib/jvm/java-13-openjdk-amd64/lib/libnet.so
7f2f28026000-7f2f28034000 r-xp 00004000 07:26 5204                       /usr/lib/jvm/java-13-openjdk-amd64/lib/libnet.so
7f2f28034000-7f2f28038000 r--p 00012000 07:26 5204                       /usr/lib/jvm/java-13-openjdk-amd64/lib/libnet.so
7f2f28038000-7f2f28039000 r--p 00015000 07:26 5204                       /usr/lib/jvm/java-13-openjdk-amd64/lib/libnet.so
7f2f28039000-7f2f2803a000 rw-p 00016000 07:26 5204                       /usr/lib/jvm/java-13-openjdk-amd64/lib/libnet.so
7f2f2803a000-7f2f28041000 r--p 00000000 07:26 5205                       /usr/lib/jvm/java-13-openjdk-amd64/lib/libnio.so
7f2f28041000-7f2f2804a000 r-xp 00007000 07:26 5205                       /usr/lib/jvm/java-13-openjdk-amd64/lib/libnio.so
7f2f2804a000-7f2f2804e000 r--p 00010000 07:26 5205                       /usr/lib/jvm/java-13-openjdk-amd64/lib/libnio.so
7f2f2804e000-7f2f2804f000 r--p 00013000 07:26 5205                       /usr/lib/jvm/java-13-openjdk-amd64/lib/libnio.so
7f2f2804f000-7f2f28050000 rw-p 00014000 07:26 5205                       /usr/lib/jvm/java-13-openjdk-amd64/lib/libnio.so
7f2f28050000-7f2f28057000 r--s 00000000 07:26 8532                       /usr/lib/x86_64-linux-gnu/gconv/gconv-modules.cache
7f2f28057000-7f2f28089000 r--p 00000000 07:26 5276                       /usr/lib/locale/C.UTF-8/LC_CTYPE
7f2f28089000-7f2f2808a000 ---p 00000000 00:00 0 
7f2f2808a000-7f2f28aa8000 rw-p 00000000 00:00 0 
7f2f28aa8000-7f2f28aad000 rw-p 00000000 00:00 0 
7f2f28aad000-7f2f28b93000 ---p 00000000 00:00 0 
7f2f28b93000-7f2f28ba6000 rw-p 00000000 00:00 0 
7f2f28ba6000-7f2f28c7e000 ---p 00000000 00:00 0 
7f2f28c7e000-7f2f28c83000 rw-p 00000000 00:00 0 
7f2f28c83000-7f2f28c8a000 ---p 00000000 00:00 0 
7f2f28c8a000-7f2f28c8c000 r--p 00000000 07:26 5214                       /usr/lib/jvm/java-13-openjdk-amd64/lib/libzip.so
7f2f28c8c000-7f2f28c90000 r-xp 00002000 07:26 5214                       /usr/lib/jvm/java-13-openjdk-amd64/lib/libzip.so
7f2f28c90000-7f2f28c92000 r--p 00006000 07:26 5214                       /usr/lib/jvm/java-13-openjdk-amd64/lib/libzip.so
7f2f28c92000-7f2f28c93000 r--p 00007000 07:26 5214                       /usr/lib/jvm/java-13-openjdk-amd64/lib/libzip.so
7f2f28c93000-7f2f28c94000 rw-p 00008000 07:26 5214                       /usr/lib/jvm/java-13-openjdk-amd64/lib/libzip.so
7f2f28c94000-7f2f28c9c000 rw-s 00000000 08:03 33623086                   /tmp/hsperfdata_rcabanas/14577
7f2f28c9c000-7f2f28c9f000 r--p 00000000 07:26 9108                       /usr/lib/x86_64-linux-gnu/libnss_files-2.31.so
7f2f28c9f000-7f2f28ca6000 r-xp 00003000 07:26 9108                       /usr/lib/x86_64-linux-gnu/libnss_files-2.31.so
7f2f28ca6000-7f2f28ca8000 r--p 0000a000 07:26 9108                       /usr/lib/x86_64-linux-gnu/libnss_files-2.31.so
7f2f28ca8000-7f2f28ca9000 r--p 0000b000 07:26 9108                       /usr/lib/x86_64-linux-gnu/libnss_files-2.31.so
7f2f28ca9000-7f2f28caa000 rw-p 0000c000 07:26 9108                       /usr/lib/x86_64-linux-gnu/libnss_files-2.31.so
7f2f28caa000-7f2f28cb0000 rw-p 00000000 00:00 0 
7f2f28cb6000-7f2f28cb8000 r--p 00000000 07:26 5195                       /usr/lib/jvm/java-13-openjdk-amd64/lib/libjimage.so
7f2f28cb8000-7f2f28cbb000 r-xp 00002000 07:26 5195                       /usr/lib/jvm/java-13-openjdk-amd64/lib/libjimage.so
7f2f28cbb000-7f2f28cbc000 r--p 00005000 07:26 5195                       /usr/lib/jvm/java-13-openjdk-amd64/lib/libjimage.so
7f2f28cbc000-7f2f28cbd000 ---p 00006000 07:26 5195                       /usr/lib/jvm/java-13-openjdk-amd64/lib/libjimage.so
7f2f28cbd000-7f2f28cbe000 r--p 00006000 07:26 5195                       /usr/lib/jvm/java-13-openjdk-amd64/lib/libjimage.so
7f2f28cbe000-7f2f28cbf000 rw-p 00007000 07:26 5195                       /usr/lib/jvm/java-13-openjdk-amd64/lib/libjimage.so
7f2f28cbf000-7f2f28ccc000 r--p 00000000 07:26 5191                       /usr/lib/jvm/java-13-openjdk-amd64/lib/libjava.so
7f2f28ccc000-7f2f28ce1000 r-xp 0000d000 07:26 5191                       /usr/lib/jvm/java-13-openjdk-amd64/lib/libjava.so
7f2f28ce1000-7f2f28ce7000 r--p 00022000 07:26 5191                       /usr/lib/jvm/java-13-openjdk-amd64/lib/libjava.so
7f2f28ce7000-7f2f28ce8000 ---p 00028000 07:26 5191                       /usr/lib/jvm/java-13-openjdk-amd64/lib/libjava.so
7f2f28ce8000-7f2f28ce9000 r--p 00028000 07:26 5191                       /usr/lib/jvm/java-13-openjdk-amd64/lib/libjava.so
7f2f28ce9000-7f2f28ceb000 rw-p 00029000 07:26 5191                       /usr/lib/jvm/java-13-openjdk-amd64/lib/libjava.so
7f2f28ceb000-7f2f28cf0000 r--p 00000000 07:26 5213                       /usr/lib/jvm/java-13-openjdk-amd64/lib/libverify.so
7f2f28cf0000-7f2f28cf7000 r-xp 00005000 07:26 5213                       /usr/lib/jvm/java-13-openjdk-amd64/lib/libverify.so
7f2f28cf7000-7f2f28cf9000 r--p 0000c000 07:26 5213                       /usr/lib/jvm/java-13-openjdk-amd64/lib/libverify.so
7f2f28cf9000-7f2f28cfa000 ---p 0000e000 07:26 5213                       /usr/lib/jvm/java-13-openjdk-amd64/lib/libverify.so
7f2f28cfa000-7f2f28cfc000 r--p 0000e000 07:26 5213                       /usr/lib/jvm/java-13-openjdk-amd64/lib/libverify.so
7f2f28cfc000-7f2f28cfd000 rw-p 00010000 07:26 5213                       /usr/lib/jvm/java-13-openjdk-amd64/lib/libverify.so
7f2f28cfd000-7f2f28d01000 ---p 00000000 00:00 0 
7f2f28d01000-7f2f28dfe000 rw-p 00000000 00:00 0 
7f2f28dfe000-7f2f28e01000 r--p 00000000 07:26 8948                       /usr/lib/x86_64-linux-gnu/libgcc_s.so.1
7f2f28e01000-7f2f28e13000 r-xp 00003000 07:26 8948                       /usr/lib/x86_64-linux-gnu/libgcc_s.so.1
7f2f28e13000-7f2f28e17000 r--p 00015000 07:26 8948                       /usr/lib/x86_64-linux-gnu/libgcc_s.so.1
7f2f28e17000-7f2f28e18000 r--p 00018000 07:26 8948                       /usr/lib/x86_64-linux-gnu/libgcc_s.so.1
7f2f28e18000-7f2f28e19000 rw-p 00019000 07:26 8948                       /usr/lib/x86_64-linux-gnu/libgcc_s.so.1
7f2f28e19000-7f2f28e26000 r--p 00000000 07:26 9062                       /usr/lib/x86_64-linux-gnu/libm-2.31.so
7f2f28e26000-7f2f28ecd000 r-xp 0000d000 07:26 9062                       /usr/lib/x86_64-linux-gnu/libm-2.31.so
7f2f28ecd000-7f2f28f66000 r--p 000b4000 07:26 9062                       /usr/lib/x86_64-linux-gnu/libm-2.31.so
7f2f28f66000-7f2f28f67000 r--p 0014c000 07:26 9062                       /usr/lib/x86_64-linux-gnu/libm-2.31.so
7f2f28f67000-7f2f28f68000 rw-p 0014d000 07:26 9062                       /usr/lib/x86_64-linux-gnu/libm-2.31.so
7f2f28f68000-7f2f28ffe000 r--p 00000000 07:26 9213                       /usr/lib/x86_64-linux-gnu/libstdc++.so.6.0.28
7f2f28ffe000-7f2f290ef000 r-xp 00096000 07:26 9213                       /usr/lib/x86_64-linux-gnu/libstdc++.so.6.0.28
7f2f290ef000-7f2f29138000 r--p 00187000 07:26 9213                       /usr/lib/x86_64-linux-gnu/libstdc++.so.6.0.28
7f2f29138000-7f2f29139000 ---p 001d0000 07:26 9213                       /usr/lib/x86_64-linux-gnu/libstdc++.so.6.0.28
7f2f29139000-7f2f29144000 r--p 001d0000 07:26 9213                       /usr/lib/x86_64-linux-gnu/libstdc++.so.6.0.28
7f2f29144000-7f2f29147000 rw-p 001db000 07:26 9213                       /usr/lib/x86_64-linux-gnu/libstdc++.so.6.0.28
7f2f29147000-7f2f2914a000 rw-p 00000000 00:00 0 
7f2f2914a000-7f2f293d0000 r--p 00000000 07:26 5226                       /usr/lib/jvm/java-13-openjdk-amd64/lib/server/libjvm.so
7f2f293d0000-7f2f2a14d000 r-xp 00286000 07:26 5226                       /usr/lib/jvm/java-13-openjdk-amd64/lib/server/libjvm.so
7f2f2a14d000-7f2f2a3c8000 r--p 01003000 07:26 5226                       /usr/lib/jvm/java-13-openjdk-amd64/lib/server/libjvm.so
7f2f2a3c8000-7f2f2a48d000 r--p 0127d000 07:26 5226                       /usr/lib/jvm/java-13-openjdk-amd64/lib/server/libjvm.so
7f2f2a48d000-7f2f2a4c8000 rw-p 01342000 07:26 5226                       /usr/lib/jvm/java-13-openjdk-amd64/lib/server/libjvm.so
7f2f2a4c8000-7f2f2a54e000 rw-p 00000000 00:00 0 
7f2f2a54e000-7f2f2a554000 r--p 00000000 07:26 9166                       /usr/lib/x86_64-linux-gnu/libpthread-2.31.so
7f2f2a554000-7f2f2a565000 r-xp 00006000 07:26 9166                       /usr/lib/x86_64-linux-gnu/libpthread-2.31.so
7f2f2a565000-7f2f2a56b000 r--p 00017000 07:26 9166                       /usr/lib/x86_64-linux-gnu/libpthread-2.31.so
7f2f2a56b000-7f2f2a56c000 r--p 0001c000 07:26 9166                       /usr/lib/x86_64-linux-gnu/libpthread-2.31.so
7f2f2a56c000-7f2f2a56d000 rw-p 0001d000 07:26 9166                       /usr/lib/x86_64-linux-gnu/libpthread-2.31.so
7f2f2a56d000-7f2f2a571000 rw-p 00000000 00:00 0 
7f2f2a571000-7f2f2a572000 r--p 00000000 07:26 8893                       /usr/lib/x86_64-linux-gnu/libdl-2.31.so
7f2f2a572000-7f2f2a574000 r-xp 00001000 07:26 8893                       /usr/lib/x86_64-linux-gnu/libdl-2.31.so
7f2f2a574000-7f2f2a575000 r--p 00003000 07:26 8893                       /usr/lib/x86_64-linux-gnu/libdl-2.31.so
7f2f2a575000-7f2f2a576000 r--p 00003000 07:26 8893                       /usr/lib/x86_64-linux-gnu/libdl-2.31.so
7f2f2a576000-7f2f2a577000 rw-p 00004000 07:26 8893                       /usr/lib/x86_64-linux-gnu/libdl-2.31.so
7f2f2a577000-7f2f2a579000 r--p 00000000 07:26 9290                       /usr/lib/x86_64-linux-gnu/libz.so.1.2.11
7f2f2a579000-7f2f2a58a000 r-xp 00002000 07:26 9290                       /usr/lib/x86_64-linux-gnu/libz.so.1.2.11
7f2f2a58a000-7f2f2a590000 r--p 00013000 07:26 9290                       /usr/lib/x86_64-linux-gnu/libz.so.1.2.11
7f2f2a590000-7f2f2a591000 ---p 00019000 07:26 9290                       /usr/lib/x86_64-linux-gnu/libz.so.1.2.11
7f2f2a591000-7f2f2a592000 r--p 00019000 07:26 9290                       /usr/lib/x86_64-linux-gnu/libz.so.1.2.11
7f2f2a592000-7f2f2a593000 rw-p 0001a000 07:26 9290                       /usr/lib/x86_64-linux-gnu/libz.so.1.2.11
7f2f2a593000-7f2f2a5b5000 r--p 00000000 07:26 8851                       /usr/lib/x86_64-linux-gnu/libc-2.31.so
7f2f2a5b5000-7f2f2a72d000 r-xp 00022000 07:26 8851                       /usr/lib/x86_64-linux-gnu/libc-2.31.so
7f2f2a72d000-7f2f2a77b000 r--p 0019a000 07:26 8851                       /usr/lib/x86_64-linux-gnu/libc-2.31.so
7f2f2a77b000-7f2f2a77f000 r--p 001e7000 07:26 8851                       /usr/lib/x86_64-linux-gnu/libc-2.31.so
7f2f2a77f000-7f2f2a781000 rw-p 001eb000 07:26 8851                       /usr/lib/x86_64-linux-gnu/libc-2.31.so
7f2f2a781000-7f2f2a785000 rw-p 00000000 00:00 0 
7f2f2a787000-7f2f2a789000 r--s 0000c000 07:26 20930                      /usr/share/java/java-atk-wrapper.jar
7f2f2a789000-7f2f2a78a000 ---p 00000000 00:00 0 
7f2f2a78a000-7f2f2a78b000 r--p 00000000 00:00 0 
7f2f2a78b000-7f2f2a78e000 r--p 00000000 07:26 5196                       /usr/lib/jvm/java-13-openjdk-amd64/lib/libjli.so
7f2f2a78e000-7f2f2a798000 r-xp 00003000 07:26 5196                       /usr/lib/jvm/java-13-openjdk-amd64/lib/libjli.so
7f2f2a798000-7f2f2a79b000 r--p 0000d000 07:26 5196                       /usr/lib/jvm/java-13-openjdk-amd64/lib/libjli.so
7f2f2a79b000-7f2f2a79c000 r--p 0000f000 07:26 5196                       /usr/lib/jvm/java-13-openjdk-amd64/lib/libjli.so
7f2f2a79c000-7f2f2a79d000 rw-p 00010000 07:26 5196                       /usr/lib/jvm/java-13-openjdk-amd64/lib/libjli.so
7f2f2a79d000-7f2f2a79f000 rw-p 00000000 00:00 0 
7f2f2a79f000-7f2f2a7a0000 r--p 00000000 07:26 8572                       /usr/lib/x86_64-linux-gnu/ld-2.31.so
7f2f2a7a0000-7f2f2a7c3000 r-xp 00001000 07:26 8572                       /usr/lib/x86_64-linux-gnu/ld-2.31.so
7f2f2a7c3000-7f2f2a7cb000 r--p 00024000 07:26 8572                       /usr/lib/x86_64-linux-gnu/ld-2.31.so
7f2f2a7cb000-7f2f2a7cc000 ---p 00000000 00:00 0 
7f2f2a7cc000-7f2f2a7cd000 r--p 0002c000 07:26 8572                       /usr/lib/x86_64-linux-gnu/ld-2.31.so
7f2f2a7cd000-7f2f2a7ce000 rw-p 0002d000 07:26 8572                       /usr/lib/x86_64-linux-gnu/ld-2.31.so
7f2f2a7ce000-7f2f2a7cf000 rw-p 00000000 00:00 0 
7fff1ccfe000-7fff1cd1f000 rw-p 00000000 00:00 0                          [stack]
7fff1cdb9000-7fff1cdbb000 r-xp 00000000 00:00 0                          [vdso]
ffffffffff600000-ffffffffff601000 r-xp 00000000 00:00 0                  [vsyscall]


VM Arguments:
jvm_args: -Xmx64g --add-modules=ALL-DEFAULT 
java_command: jdk.compiler/com.sun.tools.javac.launcher.Main /mnt/beegfs/rcabanas/dev/credici/papers/journalPGM/code/LearnSelectBias.java -w -o /mnt/beegfs/rcabanas/dev/credici/papers/journalPGM/output/biased/synthetic/s12 -m 500 -x 300 -s 0 /mnt/beegfs/rcabanas/dev/credici/papers/journalPGM/models/synthetic/s12/random_mc2_n8_mid3_d1000_05_mr098_r10_46.uai
java_class_path (initial): /mnt/beegfs/rcabanas/dev/credici/target/credici-0.1.5-dev-SNAPSHOT-jar-with-dependencies.jar
Launcher Type: SUN_STANDARD

[Global flags]
     intx CICompilerCount                          = 2                                         {product} {ergonomic}
   size_t InitialHeapSize                          = 2147483648                                {product} {ergonomic}
   size_t MaxHeapSize                              = 68719476736                               {product} {command line}
   size_t MaxNewSize                               = 22906470400                               {product} {ergonomic}
   size_t MinHeapDeltaBytes                        = 196608                                    {product} {ergonomic}
   size_t MinHeapSize                              = 8388608                                   {product} {ergonomic}
   size_t NewSize                                  = 715784192                                 {product} {ergonomic}
    uintx NonNMethodCodeHeapSize                   = 5826188                                {pd product} {ergonomic}
    uintx NonProfiledCodeHeapSize                  = 122916026                              {pd product} {ergonomic}
   size_t OldSize                                  = 1431699456                                {product} {ergonomic}
    uintx ProfiledCodeHeapSize                     = 122916026                              {pd product} {ergonomic}
    uintx ReservedCodeCacheSize                    = 251658240                              {pd product} {ergonomic}
     bool SegmentedCodeCache                       = true                                      {product} {ergonomic}
   size_t SoftMaxHeapSize                          = 68719476736                            {manageable} {ergonomic}
     bool UseSerialGC                              = true                                      {product} {ergonomic}

Logging:
Log output configuration:
 #0: stdout all=warning uptime,level,tags
 #1: stderr all=off uptime,level,tags

Environment Variables:
PATH=/usr/local/sbin:/usr/local/bin:/usr/sbin:/usr/bin:/sbin:/bin
LD_LIBRARY_PATH=/.singularity.d/libs

Signal Handlers:
SIGSEGV: [libjvm.so+0xf8fcf0], sa_mask[0]=11111111011111111101111111111110, sa_flags=SA_RESTART|SA_SIGINFO
SIGBUS: [libjvm.so+0xf8fcf0], sa_mask[0]=11111111011111111101111111111110, sa_flags=SA_RESTART|SA_SIGINFO
SIGFPE: [libjvm.so+0xf8fcf0], sa_mask[0]=11111111011111111101111111111110, sa_flags=SA_RESTART|SA_SIGINFO
SIGPIPE: [libjvm.so+0xc3ffa0], sa_mask[0]=11111111011111111101111111111110, sa_flags=SA_RESTART|SA_SIGINFO
SIGXFSZ: [libjvm.so+0xc3ffa0], sa_mask[0]=11111111011111111101111111111110, sa_flags=SA_RESTART|SA_SIGINFO
SIGILL: [libjvm.so+0xf8fcf0], sa_mask[0]=11111111011111111101111111111110, sa_flags=SA_RESTART|SA_SIGINFO
SIGUSR2: [libjvm.so+0xc3fe40], sa_mask[0]=00000000000000000000000000000000, sa_flags=SA_RESTART|SA_SIGINFO
SIGHUP: [libjvm.so+0xc40580], sa_mask[0]=11111111011111111101111111111110, sa_flags=SA_RESTART|SA_SIGINFO
SIGINT: [libjvm.so+0xc40580], sa_mask[0]=11111111011111111101111111111110, sa_flags=SA_RESTART|SA_SIGINFO
SIGTERM: [libjvm.so+0xc40580], sa_mask[0]=11111111011111111101111111111110, sa_flags=SA_RESTART|SA_SIGINFO
SIGQUIT: [libjvm.so+0xc40580], sa_mask[0]=11111111011111111101111111111110, sa_flags=SA_RESTART|SA_SIGINFO


---------------  S Y S T E M  ---------------

OS:DISTRIB_ID=Ubuntu
DISTRIB_RELEASE=20.04
DISTRIB_CODENAME=focal
DISTRIB_DESCRIPTION="Ubuntu 20.04.4 LTS"
uname:Linux 3.10.0-1160.15.2.el7.x86_64 #1 SMP Wed Feb 3 15:06:38 UTC 2021 x86_64
OS uptime: 588 days 7:21 hours
libc:glibc 2.31 NPTL 2.31 
rlimit (soft/hard): STACK 8192k/infinity , CORE 0k/infinity , NPROC 4096/1030217 , NOFILE 131072/131072 , AS infinity/infinity , CPU infinity/infinity , DATA infinity/infinity , FSIZE infinity/infinity , MEMLOCK infinity/infinity
load average:59.23 59.14 59.44

/proc/meminfo:
MemTotal:       263895364 kB
MemFree:         5561328 kB
MemAvailable:    6201316 kB
Buffers:          327384 kB
Cached:           990680 kB
SwapCached:        56468 kB
Active:         241019252 kB
Inactive:        7876552 kB
Active(anon):   240639408 kB
Inactive(anon):  6953036 kB
Active(file):     379844 kB
Inactive(file):   923516 kB
Unevictable:       27064 kB
Mlocked:           27064 kB
SwapTotal:       4194300 kB
SwapFree:          40900 kB
Dirty:               820 kB
Writeback:             0 kB
AnonPages:      247551656 kB
Mapped:           228080 kB
Shmem:             10780 kB
Slab:             816040 kB
SReclaimable:     214216 kB
SUnreclaim:       601824 kB
KernelStack:       42352 kB
PageTables:       548508 kB
NFS_Unstable:          0 kB
Bounce:                0 kB
WritebackTmp:          0 kB
CommitLimit:    136141980 kB
Committed_AS:   287086676 kB
VmallocTotal:   34359738367 kB
VmallocUsed:      862608 kB
VmallocChunk:   34222409240 kB
Percpu:            22016 kB
HardwareCorrupted:     0 kB
AnonHugePages:  97445888 kB
CmaTotal:              0 kB
CmaFree:               0 kB
HugePages_Total:       0
HugePages_Free:        0
HugePages_Rsvd:        0
HugePages_Surp:        0
Hugepagesize:       2048 kB
DirectMap4k:      505448 kB
DirectMap2M:    20328448 kB
DirectMap1G:    247463936 kB

/sys/kernel/mm/transparent_hugepage/enabled:
[always] madvise never

/sys/kernel/mm/transparent_hugepage/defrag (defrag/compaction efforts parameter):
[always] madvise never


/proc/sys/kernel/threads-max (system-wide limit on the number of threads):
2060435


/proc/sys/vm/max_map_count (maximum number of memory map areas a process may have):
65530


/proc/sys/kernel/pid_max (system-wide limit on number of process identifiers):
65536



Steal ticks since vm start: 0
Steal ticks percentage since vm start:  0.000

CPU:total 64 (initial active 1) (32 cores per cpu, 1 threads per core) family 23 model 49 stepping 0, cmov, cx8, fxsr, mmx, sse, sse2, sse3, ssse3, sse4.1, sse4.2, popcnt, avx, avx2, aes, clmul, mmxext, 3dnowpref, lzcnt, sse4a, tsc, tscinvbit, tscinv, bmi1, bmi2, adx, sha, fma
CPU Model and flags from /proc/cpuinfo:
model name	: AMD EPYC 7542 32-Core Processor
flags		: fpu vme de pse tsc msr pae mce cx8 apic sep mtrr pge mca cmov pat pse36 clflush mmx fxsr sse sse2 ht syscall nx mmxext fxsr_opt pdpe1gb rdtscp lm constant_tsc art rep_good nopl nonstop_tsc extd_apicid aperfmperf eagerfpu pni pclmulqdq monitor ssse3 fma cx16 sse4_1 sse4_2 movbe popcnt aes xsave avx f16c rdrand lahf_lm cmp_legacy svm extapic cr8_legacy abm sse4a misalignsse 3dnowprefetch osvw ibs skinit wdt tce topoext perfctr_core perfctr_nb bpext perfctr_l2 cpb cat_l3 cdp_l3 hw_pstate sme retpoline_amd ssbd ibrs ibpb stibp vmmcall fsgsbase bmi1 avx2 smep bmi2 cqm rdt_a rdseed adx smap clflushopt clwb sha_ni xsaveopt xsavec xgetbv1 cqm_llc cqm_occup_llc cqm_mbm_total cqm_mbm_local clzero irperf xsaveerptr arat npt lbrv svm_lock nrip_save tsc_scale vmcb_clean flushbyasid decodeassists pausefilter pfthreshold avic v_vmsave_vmload vgif umip overflow_recov succor smca
Online cpus:0-63
Offline cpus:
BIOS frequency limitation:2900000
Frequency switch latency (ns):0
Available cpu frequencies:2900000 2400000 1500000 
Current governor:conservative
Core performance/turbo boost:1

Memory: 4k page, physical 263895364k(5561328k free), swap 4194300k(40900k free)

vm_info: OpenJDK 64-Bit Server VM (13.0.7+5-Ubuntu-0ubuntu120.04) for linux-amd64 JRE (13.0.7+5-Ubuntu-0ubuntu120.04), built on Apr 21 2021 05:36:19 by "unknown" with gcc 9.3.0

END.
