90
0
['learn_multi_study2.py', '90', '0', '0', '100', '0.25']
['learn_multi_study2.py', '95', '0', '2', '100', '0.75']
id=90
seed=0
/mnt/beegfs/rcabanas/dev/credici
/mnt/beegfs/rcabanas/dev/credici/papers/journalPGM
['learn_multi_study2.py', '94', '0', '0', '100', '0.75']
/mnt/beegfs/rcabanas/dev/credici/papers/journalPGM/output/hybrid
/mnt/beegfs/rcabanas/dev/credici/papers/journalPGM/models
/mnt/beegfs/rcabanas/dev/credici/target/credici-0.1.5-dev-SNAPSHOT-jar-with-dependencies.jar
['random_mc2_n6_mid3_d1000_05_mr098_r10_90.uai', 'random_mc2_n8_mid3_d1000_05_mr098_r10_90.uai', 'random_mc2_n5_mid3_d1000_05_mr098_r10_90.uai', 'random_mc2_n11_mid3_d1000_05_mr098_r10_90.uai', 'random_mc2_n7_mid3_d1000_05_mr098_r10_90.uai', 'random_mc2_n9_mid3_d1000_05_mr098_r10_90.uai']
6 models
/mnt/beegfs/rcabanas/dev/credici/papers/journalPGM/code/LearnMultiStudy.java
run java
java -Xmx128g -cp /mnt/beegfs/rcabanas/dev/credici/target/credici-0.1.5-dev-SNAPSHOT-jar-with-dependencies.jar /mnt/beegfs/rcabanas/dev/credici/papers/journalPGM/code/LearnMultiStudy.java -w -lp -x 300 -m 500 -sc KL -th 0.0 --seed 0 --output /mnt/beegfs/rcabanas/dev/credici/papers/journalPGM/output/hybrid/synthetic/s12c -tps 0.25 /mnt/beegfs/rcabanas/dev/credici/papers/journalPGM/models/synthetic/s12/random_mc2_n6_mid3_d1000_05_mr098_r10_90.uai
id=95
seed=0
/mnt/beegfs/rcabanas/dev/credici
/mnt/beegfs/rcabanas/dev/credici/papers/journalPGM
/mnt/beegfs/rcabanas/dev/credici/papers/journalPGM/output/hybrid
/mnt/beegfs/rcabanas/dev/credici/papers/journalPGM/models
/mnt/beegfs/rcabanas/dev/credici/target/credici-0.1.5-dev-SNAPSHOT-jar-with-dependencies.jar
id=94
seed=0
/mnt/beegfs/rcabanas/dev/credici
/mnt/beegfs/rcabanas/dev/credici/papers/journalPGM
/mnt/beegfs/rcabanas/dev/credici/papers/journalPGM/output/hybrid
/mnt/beegfs/rcabanas/dev/credici/papers/journalPGM/models
/mnt/beegfs/rcabanas/dev/credici/target/credici-0.1.5-dev-SNAPSHOT-jar-with-dependencies.jar
['random_mc2_n6_mid3_d1000_05_mr098_r10_95.uai', 'random_mc2_n5_mid3_d1000_05_mr098_r10_95.uai', 'random_mc2_n7_mid3_d1000_05_mr098_r10_95.uai', 'random_mc2_n8_mid3_d1000_05_mr098_r10_95.uai']
4 models
/mnt/beegfs/rcabanas/dev/credici/papers/journalPGM/code/LearnMultiStudy.java
run java
java -Xmx128g -cp /mnt/beegfs/rcabanas/dev/credici/target/credici-0.1.5-dev-SNAPSHOT-jar-with-dependencies.jar /mnt/beegfs/rcabanas/dev/credici/papers/journalPGM/code/LearnMultiStudy.java -w -lp -x 300 -m 500 -sc KL -th 0.0 --seed 0 --output /mnt/beegfs/rcabanas/dev/credici/papers/journalPGM/output/hybrid/synthetic/s12c -tps 0.75 /mnt/beegfs/rcabanas/dev/credici/papers/journalPGM/models/synthetic/s12/random_mc2_n7_mid3_d1000_05_mr098_r10_95.uai
['random_mc2_n6_mid3_d1000_05_mr098_r10_94.uai', 'random_mc2_n5_mid3_d1000_05_mr098_r10_94.uai', 'random_mc2_n9_mid3_d1000_05_mr098_r10_94.uai']
3 models
/mnt/beegfs/rcabanas/dev/credici/papers/journalPGM/code/LearnMultiStudy.java
run java
java -Xmx128g -cp /mnt/beegfs/rcabanas/dev/credici/target/credici-0.1.5-dev-SNAPSHOT-jar-with-dependencies.jar /mnt/beegfs/rcabanas/dev/credici/papers/journalPGM/code/LearnMultiStudy.java -w -lp -x 300 -m 500 -sc KL -th 0.0 --seed 0 --output /mnt/beegfs/rcabanas/dev/credici/papers/journalPGM/output/hybrid/synthetic/s12c -tps 0.75 /mnt/beegfs/rcabanas/dev/credici/papers/journalPGM/models/synthetic/s12/random_mc2_n6_mid3_d1000_05_mr098_r10_94.uai
['learn_multi_study2.py', '97', '0', '0', '100', '0.75']
/var/spool/slurmd/job85287/slurm_script: fork: retry: Recurso no disponible temporalmente
id=97
seed=0
/mnt/beegfs/rcabanas/dev/credici
/mnt/beegfs/rcabanas/dev/credici/papers/journalPGM
/mnt/beegfs/rcabanas/dev/credici/papers/journalPGM/output/hybrid
/mnt/beegfs/rcabanas/dev/credici/papers/journalPGM/models
/mnt/beegfs/rcabanas/dev/credici/target/credici-0.1.5-dev-SNAPSHOT-jar-with-dependencies.jar
['random_mc2_n8_mid3_d1000_05_mr098_r10_97.uai', 'random_mc2_n5_mid3_d1000_05_mr098_r10_97.uai', 'random_mc2_n9_mid3_d1000_05_mr098_r10_97.uai', 'random_mc2_n6_mid3_d1000_05_mr098_r10_97.uai', 'random_mc2_n7_mid3_d1000_05_mr098_r10_97.uai']
5 models
/mnt/beegfs/rcabanas/dev/credici/papers/journalPGM/code/LearnMultiStudy.java
run java
java -Xmx128g -cp /mnt/beegfs/rcabanas/dev/credici/target/credici-0.1.5-dev-SNAPSHOT-jar-with-dependencies.jar /mnt/beegfs/rcabanas/dev/credici/papers/journalPGM/code/LearnMultiStudy.java -w -lp -x 300 -m 500 -sc KL -th 0.0 --seed 0 --output /mnt/beegfs/rcabanas/dev/credici/papers/journalPGM/output/hybrid/synthetic/s12c -tps 0.75 /mnt/beegfs/rcabanas/dev/credici/papers/journalPGM/models/synthetic/s12/random_mc2_n8_mid3_d1000_05_mr098_r10_97.uai
[0.158s][warning][os,thread] Failed to start thread - pthread_create failed (EAGAIN) for attributes: stacksize: 1024k, guardsize: 4k, detached.
Error occurred during initialization of VM
Cannot create VM thread. Out of system resources.
/mnt/beegfs/rcabanas/dev/credici/papers/journalPGM/code/LearnMultiStudy.java
run java
java -Xmx128g -cp /mnt/beegfs/rcabanas/dev/credici/target/credici-0.1.5-dev-SNAPSHOT-jar-with-dependencies.jar /mnt/beegfs/rcabanas/dev/credici/papers/journalPGM/code/LearnMultiStudy.java -w -x 300 -m 500 -sc KL -th 0.0 --seed 0 --output /mnt/beegfs/rcabanas/dev/credici/papers/journalPGM/output/hybrid/synthetic/s12c -tps 0.25 /mnt/beegfs/rcabanas/dev/credici/papers/journalPGM/models/synthetic/s12/random_mc2_n6_mid3_d1000_05_mr098_r10_90.uai
[0.018s][warning][os,thread] Failed to start thread - pthread_create failed (EAGAIN) for attributes: stacksize: 1024k, guardsize: 4k, detached.
Error occurred during initialization of VM
Cannot create VM thread. Out of system resources.
[0.134s][warning][os,thread] Failed to start thread - pthread_create failed (EAGAIN) for attributes: stacksize: 1024k, guardsize: 0k, detached.
Error occurred during initialization of VM
java.lang.OutOfMemoryError: unable to create native thread: possibly out of memory or process/resource limits reached
[0.140s][warning][os,thread] Failed to start thread - pthread_create failed (EAGAIN) for attributes: stacksize: 1024k, guardsize: 0k, detached.
Error occurred during initialization of VM
java.lang.OutOfMemoryError: unable to create native thread: possibly out of memory or process/resource limits reached
/mnt/beegfs/rcabanas/dev/credici/papers/journalPGM/code/LearnMultiStudy.java
run java
java -Xmx128g -cp /mnt/beegfs/rcabanas/dev/credici/target/credici-0.1.5-dev-SNAPSHOT-jar-with-dependencies.jar /mnt/beegfs/rcabanas/dev/credici/papers/journalPGM/code/LearnMultiStudy.java -w -x 300 -m 500 -sc KL -th 0.0 --seed 0 --output /mnt/beegfs/rcabanas/dev/credici/papers/journalPGM/output/hybrid/synthetic/s12c -tps 0.75 /mnt/beegfs/rcabanas/dev/credici/papers/journalPGM/models/synthetic/s12/random_mc2_n7_mid3_d1000_05_mr098_r10_95.uai
/mnt/beegfs/rcabanas/dev/credici/papers/journalPGM/code/LearnMultiStudy.java
run java
java -Xmx128g -cp /mnt/beegfs/rcabanas/dev/credici/target/credici-0.1.5-dev-SNAPSHOT-jar-with-dependencies.jar /mnt/beegfs/rcabanas/dev/credici/papers/journalPGM/code/LearnMultiStudy.java -w -x 300 -m 500 -sc KL -th 0.0 --seed 0 --output /mnt/beegfs/rcabanas/dev/credici/papers/journalPGM/output/hybrid/synthetic/s12c -tps 0.75 /mnt/beegfs/rcabanas/dev/credici/papers/journalPGM/models/synthetic/s12/random_mc2_n6_mid3_d1000_05_mr098_r10_94.uai
['learn_multi_study2.py', '90', '0', '0', '100', '0.75']
['learn_multi_study2.py', '98', '0', '0', '100', '0.75']
['learn_multi_study2.py', '92', '0', '1', '100', '0.75']
['learn_multi_study2.py', '95', '0', '1', '100', '0.25']
id=90
seed=0
/mnt/beegfs/rcabanas/dev/credici
/mnt/beegfs/rcabanas/dev/credici/papers/journalPGM
/mnt/beegfs/rcabanas/dev/credici/papers/journalPGM/output/hybrid
/mnt/beegfs/rcabanas/dev/credici/papers/journalPGM/models
/mnt/beegfs/rcabanas/dev/credici/target/credici-0.1.5-dev-SNAPSHOT-jar-with-dependencies.jar
[0.122s][warning][os,thread] Failed to start thread - pthread_create failed (EAGAIN) for attributes: stacksize: 1024k, guardsize: 4k, detached.
Error occurred during initialization of VM
Cannot create VM thread. Out of system resources.
/mnt/beegfs/rcabanas/dev/credici/papers/journalPGM/code/LearnMultiStudy.java
run java
java -Xmx128g -cp /mnt/beegfs/rcabanas/dev/credici/target/credici-0.1.5-dev-SNAPSHOT-jar-with-dependencies.jar /mnt/beegfs/rcabanas/dev/credici/papers/journalPGM/code/LearnMultiStudy.java -w -x 300 -m 500 -sc KL -th 0.0 --seed 0 --output /mnt/beegfs/rcabanas/dev/credici/papers/journalPGM/output/hybrid/synthetic/s12c -tps 0.75 /mnt/beegfs/rcabanas/dev/credici/papers/journalPGM/models/synthetic/s12/random_mc2_n8_mid3_d1000_05_mr098_r10_97.uai
[0.095s][warning][os,thread] Failed to start thread - pthread_create failed (EAGAIN) for attributes: stacksize: 1024k, guardsize: 0k, detached.
Error occurred during initialization of boot layer
java.lang.OutOfMemoryError: unable to create native thread: possibly out of memory or process/resource limits reached
id=98
seed=0
/mnt/beegfs/rcabanas/dev/credici
/mnt/beegfs/rcabanas/dev/credici/papers/journalPGM
/mnt/beegfs/rcabanas/dev/credici/papers/journalPGM/output/hybrid
/mnt/beegfs/rcabanas/dev/credici/papers/journalPGM/models
/mnt/beegfs/rcabanas/dev/credici/target/credici-0.1.5-dev-SNAPSHOT-jar-with-dependencies.jar
id=92
seed=0
/mnt/beegfs/rcabanas/dev/credici
/mnt/beegfs/rcabanas/dev/credici/papers/journalPGM
/mnt/beegfs/rcabanas/dev/credici/papers/journalPGM/output/hybrid
id=95
seed=0
/mnt/beegfs/rcabanas/dev/credici
/mnt/beegfs/rcabanas/dev/credici/papers/journalPGM
/mnt/beegfs/rcabanas/dev/credici/papers/journalPGM/output/hybrid
/mnt/beegfs/rcabanas/dev/credici/papers/journalPGM/models
/mnt/beegfs/rcabanas/dev/credici/target/credici-0.1.5-dev-SNAPSHOT-jar-with-dependencies.jar
/mnt/beegfs/rcabanas/dev/credici/papers/journalPGM/models
/mnt/beegfs/rcabanas/dev/credici/target/credici-0.1.5-dev-SNAPSHOT-jar-with-dependencies.jar
['learn_multi_study2.py', '93', '0', '0', '100', '0.75']
[0.035s][warning][os,thread] Failed to start thread - pthread_create failed (EAGAIN) for attributes: stacksize: 1024k, guardsize: 0k, detached.
Error occurred during initialization of VM
java.lang.OutOfMemoryError: unable to create native thread: possibly out of memory or process/resource limits reached
id=93
seed=0
/mnt/beegfs/rcabanas/dev/credici
/mnt/beegfs/rcabanas/dev/credici/papers/journalPGM
/mnt/beegfs/rcabanas/dev/credici/papers/journalPGM/output/hybrid
/mnt/beegfs/rcabanas/dev/credici/papers/journalPGM/models
/mnt/beegfs/rcabanas/dev/credici/target/credici-0.1.5-dev-SNAPSHOT-jar-with-dependencies.jar
[0.180s][warning][os,thread] Failed to start thread - pthread_create failed (EAGAIN) for attributes: stacksize: 1024k, guardsize: 4k, detached.
['random_mc2_n6_mid3_d1000_05_mr098_r10_90.uai', 'random_mc2_n8_mid3_d1000_05_mr098_r10_90.uai', 'random_mc2_n5_mid3_d1000_05_mr098_r10_90.uai', 'random_mc2_n11_mid3_d1000_05_mr098_r10_90.uai', 'random_mc2_n7_mid3_d1000_05_mr098_r10_90.uai', 'random_mc2_n9_mid3_d1000_05_mr098_r10_90.uai']
6 models
/mnt/beegfs/rcabanas/dev/credici/papers/journalPGM/code/LearnMultiStudy.java
run java
java -Xmx128g -cp /mnt/beegfs/rcabanas/dev/credici/target/credici-0.1.5-dev-SNAPSHOT-jar-with-dependencies.jar /mnt/beegfs/rcabanas/dev/credici/papers/journalPGM/code/LearnMultiStudy.java -w -lp -x 300 -m 500 -sc KL -th 0.0 --seed 0 --output /mnt/beegfs/rcabanas/dev/credici/papers/journalPGM/output/hybrid/synthetic/s12c -tps 0.75 /mnt/beegfs/rcabanas/dev/credici/papers/journalPGM/models/synthetic/s12/random_mc2_n6_mid3_d1000_05_mr098_r10_90.uai
['learn_multi_study2.py', '92', '0', '1', '100', '0.25']
['random_mc2_n8_mid3_d1000_05_mr098_r10_98.uai', 'random_mc2_n6_mid3_d1000_05_mr098_r10_98.uai', 'random_mc2_n7_mid3_d1000_05_mr098_r10_98.uai']
3 models
/mnt/beegfs/rcabanas/dev/credici/papers/journalPGM/code/LearnMultiStudy.java
run java
java -Xmx128g -cp /mnt/beegfs/rcabanas/dev/credici/target/credici-0.1.5-dev-SNAPSHOT-jar-with-dependencies.jar /mnt/beegfs/rcabanas/dev/credici/papers/journalPGM/code/LearnMultiStudy.java -w -lp -x 300 -m 500 -sc KL -th 0.0 --seed 0 --output /mnt/beegfs/rcabanas/dev/credici/papers/journalPGM/output/hybrid/synthetic/s12c -tps 0.75 /mnt/beegfs/rcabanas/dev/credici/papers/journalPGM/models/synthetic/s12/random_mc2_n8_mid3_d1000_05_mr098_r10_98.uai
id=92
seed=0
/mnt/beegfs/rcabanas/dev/credici
/mnt/beegfs/rcabanas/dev/credici/papers/journalPGM
/mnt/beegfs/rcabanas/dev/credici/papers/journalPGM/output/hybrid
/mnt/beegfs/rcabanas/dev/credici/papers/journalPGM/models
/mnt/beegfs/rcabanas/dev/credici/target/credici-0.1.5-dev-SNAPSHOT-jar-with-dependencies.jar
['random_mc2_n9_mid3_d1000_05_mr098_r10_92.uai', 'random_mc2_n5_mid3_d1000_05_mr098_r10_92.uai', 'random_mc2_n7_mid3_d1000_05_mr098_r10_92.uai', 'random_mc2_n6_mid3_d1000_05_mr098_r10_92.uai']
4 models
/mnt/beegfs/rcabanas/dev/credici/papers/journalPGM/code/LearnMultiStudy.java
run java
java -Xmx128g -cp /mnt/beegfs/rcabanas/dev/credici/target/credici-0.1.5-dev-SNAPSHOT-jar-with-dependencies.jar /mnt/beegfs/rcabanas/dev/credici/papers/journalPGM/code/LearnMultiStudy.java -w -lp -x 300 -m 500 -sc KL -th 0.0 --seed 0 --output /mnt/beegfs/rcabanas/dev/credici/papers/journalPGM/output/hybrid/synthetic/s12c -tps 0.75 /mnt/beegfs/rcabanas/dev/credici/papers/journalPGM/models/synthetic/s12/random_mc2_n5_mid3_d1000_05_mr098_r10_92.uai
['random_mc2_n6_mid3_d1000_05_mr098_r10_95.uai', 'random_mc2_n5_mid3_d1000_05_mr098_r10_95.uai', 'random_mc2_n7_mid3_d1000_05_mr098_r10_95.uai', 'random_mc2_n8_mid3_d1000_05_mr098_r10_95.uai']
4 models
/mnt/beegfs/rcabanas/dev/credici/papers/journalPGM/code/LearnMultiStudy.java
run java
java -Xmx128g -cp /mnt/beegfs/rcabanas/dev/credici/target/credici-0.1.5-dev-SNAPSHOT-jar-with-dependencies.jar /mnt/beegfs/rcabanas/dev/credici/papers/journalPGM/code/LearnMultiStudy.java -w -lp -x 300 -m 500 -sc KL -th 0.0 --seed 0 --output /mnt/beegfs/rcabanas/dev/credici/papers/journalPGM/output/hybrid/synthetic/s12c -tps 0.25 /mnt/beegfs/rcabanas/dev/credici/papers/journalPGM/models/synthetic/s12/random_mc2_n5_mid3_d1000_05_mr098_r10_95.uai
['random_mc2_n6_mid3_d1000_05_mr098_r10_93.uai', 'random_mc2_n5_mid3_d1000_05_mr098_r10_93.uai', 'random_mc2_n7_mid3_d1000_05_mr098_r10_93.uai', 'random_mc2_n10_mid3_d1000_05_mr098_r10_93.uai']
4 models
/mnt/beegfs/rcabanas/dev/credici/papers/journalPGM/code/LearnMultiStudy.java
run java
java -Xmx128g -cp /mnt/beegfs/rcabanas/dev/credici/target/credici-0.1.5-dev-SNAPSHOT-jar-with-dependencies.jar /mnt/beegfs/rcabanas/dev/credici/papers/journalPGM/code/LearnMultiStudy.java -w -lp -x 300 -m 500 -sc KL -th 0.0 --seed 0 --output /mnt/beegfs/rcabanas/dev/credici/papers/journalPGM/output/hybrid/synthetic/s12c -tps 0.75 /mnt/beegfs/rcabanas/dev/credici/papers/journalPGM/models/synthetic/s12/random_mc2_n6_mid3_d1000_05_mr098_r10_93.uai
[0.082s][warning][os,thread] Failed to start thread - pthread_create failed (EAGAIN) for attributes: stacksize: 1024k, guardsize: 4k, detached.
Error occurred during initialization of VM
Cannot create VM thread. Out of system resources.
/mnt/beegfs/rcabanas/dev/credici/papers/journalPGM/code/LearnMultiStudy.java
run java
java -Xmx128g -cp /mnt/beegfs/rcabanas/dev/credici/target/credici-0.1.5-dev-SNAPSHOT-jar-with-dependencies.jar /mnt/beegfs/rcabanas/dev/credici/papers/journalPGM/code/LearnMultiStudy.java -w -x 300 -m 500 -sc KL -th 0.0 --seed 0 --output /mnt/beegfs/rcabanas/dev/credici/papers/journalPGM/output/hybrid/synthetic/s12c -tps 0.75 /mnt/beegfs/rcabanas/dev/credici/papers/journalPGM/models/synthetic/s12/random_mc2_n5_mid3_d1000_05_mr098_r10_92.uai
['random_mc2_n9_mid3_d1000_05_mr098_r10_92.uai', 'random_mc2_n5_mid3_d1000_05_mr098_r10_92.uai', 'random_mc2_n7_mid3_d1000_05_mr098_r10_92.uai', 'random_mc2_n6_mid3_d1000_05_mr098_r10_92.uai']
4 models
/mnt/beegfs/rcabanas/dev/credici/papers/journalPGM/code/LearnMultiStudy.java
run java
java -Xmx128g -cp /mnt/beegfs/rcabanas/dev/credici/target/credici-0.1.5-dev-SNAPSHOT-jar-with-dependencies.jar /mnt/beegfs/rcabanas/dev/credici/papers/journalPGM/code/LearnMultiStudy.java -w -lp -x 300 -m 500 -sc KL -th 0.0 --seed 0 --output /mnt/beegfs/rcabanas/dev/credici/papers/journalPGM/output/hybrid/synthetic/s12c -tps 0.25 /mnt/beegfs/rcabanas/dev/credici/papers/journalPGM/models/synthetic/s12/random_mc2_n5_mid3_d1000_05_mr098_r10_92.uai
['learn_multi_study2.py', '93', '0', '0', '100', '0.25']
id=93
seed=0
/mnt/beegfs/rcabanas/dev/credici
/mnt/beegfs/rcabanas/dev/credici/papers/journalPGM
/mnt/beegfs/rcabanas/dev/credici/papers/journalPGM/output/hybrid
/mnt/beegfs/rcabanas/dev/credici/papers/journalPGM/models
/mnt/beegfs/rcabanas/dev/credici/target/credici-0.1.5-dev-SNAPSHOT-jar-with-dependencies.jar
[0.178s][warning][os,thread] Failed to start thread - pthread_create failed (EAGAIN) for attributes: stacksize: 1024k, guardsize: 0k, detached.
Error occurred during initialization of boot layer
java.lang.OutOfMemoryError: unable to create native thread: possibly out of memory or process/resource limits reached
/mnt/beegfs/rcabanas/dev/credici/papers/journalPGM/code/LearnMultiStudy.java
run java
java -Xmx128g -cp /mnt/beegfs/rcabanas/dev/credici/target/credici-0.1.5-dev-SNAPSHOT-jar-with-dependencies.jar /mnt/beegfs/rcabanas/dev/credici/papers/journalPGM/code/LearnMultiStudy.java -w -x 300 -m 500 -sc KL -th 0.0 --seed 0 --output /mnt/beegfs/rcabanas/dev/credici/papers/journalPGM/output/hybrid/synthetic/s12c -tps 0.25 /mnt/beegfs/rcabanas/dev/credici/papers/journalPGM/models/synthetic/s12/random_mc2_n5_mid3_d1000_05_mr098_r10_95.uai
['learn_multi_study2.py', '95', '0', '34', '100', '0.75']
[0.016s][warning][os,thread] Failed to start thread - pthread_create failed (EAGAIN) for attributes: stacksize: 1024k, guardsize: 0k, detached.
Error occurred during initialization of VM
java.lang.OutOfMemoryError: unable to create native thread: possibly out of memory or process/resource limits reached
	at java.lang.Thread.start0(java.base/Native Method)
	at java.lang.Thread.start(java.base/Thread.java:799)
	at java.lang.ref.Reference.<clinit>(java.base/Reference.java:303)
	at java.security.AccessController.doPrivileged(java.base/AccessController.java:312)
	at java.lang.reflect.AccessibleObject.<clinit>(java.base/AccessibleObject.java:503)

id=95
seed=0
/mnt/beegfs/rcabanas/dev/credici
/mnt/beegfs/rcabanas/dev/credici/papers/journalPGM
/mnt/beegfs/rcabanas/dev/credici/papers/journalPGM/output/hybrid
/mnt/beegfs/rcabanas/dev/credici/papers/journalPGM/models
/mnt/beegfs/rcabanas/dev/credici/target/credici-0.1.5-dev-SNAPSHOT-jar-with-dependencies.jar
/var/spool/slurmd/job85287/slurm_script: fork: retry: Recurso no disponible temporalmente
['random_mc2_n6_mid3_d1000_05_mr098_r10_93.uai', 'random_mc2_n5_mid3_d1000_05_mr098_r10_93.uai', 'random_mc2_n7_mid3_d1000_05_mr098_r10_93.uai', 'random_mc2_n10_mid3_d1000_05_mr098_r10_93.uai']
4 models
/mnt/beegfs/rcabanas/dev/credici/papers/journalPGM/code/LearnMultiStudy.java
run java
java -Xmx128g -cp /mnt/beegfs/rcabanas/dev/credici/target/credici-0.1.5-dev-SNAPSHOT-jar-with-dependencies.jar /mnt/beegfs/rcabanas/dev/credici/papers/journalPGM/code/LearnMultiStudy.java -w -lp -x 300 -m 500 -sc KL -th 0.0 --seed 0 --output /mnt/beegfs/rcabanas/dev/credici/papers/journalPGM/output/hybrid/synthetic/s12c -tps 0.25 /mnt/beegfs/rcabanas/dev/credici/papers/journalPGM/models/synthetic/s12/random_mc2_n6_mid3_d1000_05_mr098_r10_93.uai
['random_mc2_n6_mid3_d1000_05_mr098_r10_95.uai', 'random_mc2_n5_mid3_d1000_05_mr098_r10_95.uai', 'random_mc2_n7_mid3_d1000_05_mr098_r10_95.uai', 'random_mc2_n8_mid3_d1000_05_mr098_r10_95.uai']
4 models
['learn_multi_study2.py', '90', '0', '1', '100', '0.75']
['learn_multi_study2.py', '91', '0', '1', '100', '0.75']
id=90
seed=0
/mnt/beegfs/rcabanas/dev/credici
/mnt/beegfs/rcabanas/dev/credici/papers/journalPGM
/mnt/beegfs/rcabanas/dev/credici/papers/journalPGM/output/hybrid
/mnt/beegfs/rcabanas/dev/credici/papers/journalPGM/models
/mnt/beegfs/rcabanas/dev/credici/target/credici-0.1.5-dev-SNAPSHOT-jar-with-dependencies.jar
id=91
seed=0
/mnt/beegfs/rcabanas/dev/credici
/mnt/beegfs/rcabanas/dev/credici/papers/journalPGM
/mnt/beegfs/rcabanas/dev/credici/papers/journalPGM/output/hybrid
/mnt/beegfs/rcabanas/dev/credici/papers/journalPGM/models
/mnt/beegfs/rcabanas/dev/credici/target/credici-0.1.5-dev-SNAPSHOT-jar-with-dependencies.jar
['random_mc2_n6_mid3_d1000_05_mr098_r10_90.uai', 'random_mc2_n8_mid3_d1000_05_mr098_r10_90.uai', 'random_mc2_n5_mid3_d1000_05_mr098_r10_90.uai', 'random_mc2_n11_mid3_d1000_05_mr098_r10_90.uai', 'random_mc2_n7_mid3_d1000_05_mr098_r10_90.uai', 'random_mc2_n9_mid3_d1000_05_mr098_r10_90.uai']
6 models
/mnt/beegfs/rcabanas/dev/credici/papers/journalPGM/code/LearnMultiStudy.java
run java
java -Xmx128g -cp /mnt/beegfs/rcabanas/dev/credici/target/credici-0.1.5-dev-SNAPSHOT-jar-with-dependencies.jar /mnt/beegfs/rcabanas/dev/credici/papers/journalPGM/code/LearnMultiStudy.java -w -lp -x 300 -m 500 -sc KL -th 0.0 --seed 0 --output /mnt/beegfs/rcabanas/dev/credici/papers/journalPGM/output/hybrid/synthetic/s12c -tps 0.75 /mnt/beegfs/rcabanas/dev/credici/papers/journalPGM/models/synthetic/s12/random_mc2_n8_mid3_d1000_05_mr098_r10_90.uai
['random_mc2_n6_mid3_d1000_05_mr098_r10_91.uai', 'random_mc2_n9_mid3_d1000_05_mr098_r10_91.uai', 'random_mc2_n12_mid3_d1000_05_mr098_r10_91.uai', 'random_mc2_n5_mid3_d1000_05_mr098_r10_91.uai', 'random_mc2_n7_mid3_d1000_05_mr098_r10_91.uai', 'random_mc2_n8_mid3_d1000_05_mr098_r10_91.uai']
6 models
/mnt/beegfs/rcabanas/dev/credici/papers/journalPGM/code/LearnMultiStudy.java
run java
java -Xmx128g -cp /mnt/beegfs/rcabanas/dev/credici/target/credici-0.1.5-dev-SNAPSHOT-jar-with-dependencies.jar /mnt/beegfs/rcabanas/dev/credici/papers/journalPGM/code/LearnMultiStudy.java -w -lp -x 300 -m 500 -sc KL -th 0.0 --seed 0 --output /mnt/beegfs/rcabanas/dev/credici/papers/journalPGM/output/hybrid/synthetic/s12c -tps 0.75 /mnt/beegfs/rcabanas/dev/credici/papers/journalPGM/models/synthetic/s12/random_mc2_n9_mid3_d1000_05_mr098_r10_91.uai
[0.081s][warning][os,thread] Failed to start thread - pthread_create failed (EAGAIN) for attributes: stacksize: 1024k, guardsize: 0k, detached.
Error occurred during initialization of VM
java.lang.OutOfMemoryError: unable to create native thread: possibly out of memory or process/resource limits reached
	at java.lang.Thread.start0(java.base/Native Method)
	at java.lang.Thread.start(java.base/Thread.java:799)
	at java.lang.ref.Reference.<clinit>(java.base/Reference.java:303)
	at java.security.AccessController.doPrivileged(java.base/AccessController.java:312)
	at java.lang.reflect.AccessibleObject.<clinit>(java.base/AccessibleObject.java:503)

/mnt/beegfs/rcabanas/dev/credici/papers/journalPGM/code/LearnMultiStudy.java
run java
java -Xmx128g -cp /mnt/beegfs/rcabanas/dev/credici/target/credici-0.1.5-dev-SNAPSHOT-jar-with-dependencies.jar /mnt/beegfs/rcabanas/dev/credici/papers/journalPGM/code/LearnMultiStudy.java -w -x 300 -m 500 -sc KL -th 0.0 --seed 0 --output /mnt/beegfs/rcabanas/dev/credici/papers/journalPGM/output/hybrid/synthetic/s12c -tps 0.25 /mnt/beegfs/rcabanas/dev/credici/papers/journalPGM/models/synthetic/s12/random_mc2_n6_mid3_d1000_05_mr098_r10_93.uai
[0.012s][warning][os,thread] Failed to start thread - pthread_create failed (EAGAIN) for attributes: stacksize: 1024k, guardsize: 4k, detached.
Error occurred during initialization of VM
Cannot create VM thread. Out of system resources.
['learn_multi_study2.py', '95', '0', '38', '100', '0.25']
id=95
seed=0
/mnt/beegfs/rcabanas/dev/credici
/mnt/beegfs/rcabanas/dev/credici/papers/journalPGM
/mnt/beegfs/rcabanas/dev/credici/papers/journalPGM/output/hybrid
/mnt/beegfs/rcabanas/dev/credici/papers/journalPGM/models
/mnt/beegfs/rcabanas/dev/credici/target/credici-0.1.5-dev-SNAPSHOT-jar-with-dependencies.jar
['random_mc2_n6_mid3_d1000_05_mr098_r10_95.uai', 'random_mc2_n5_mid3_d1000_05_mr098_r10_95.uai', 'random_mc2_n7_mid3_d1000_05_mr098_r10_95.uai', 'random_mc2_n8_mid3_d1000_05_mr098_r10_95.uai']
4 models
['learn_multi_study2.py', '94', '0', '4', '100', '0.25']
[0.202s][warning][os,thread] Failed to start thread - pthread_create failed (EAGAIN) for attributes: stacksize: 1024k, guardsize: 4k, detached.
id=94
seed=0
/mnt/beegfs/rcabanas/dev/credici
/mnt/beegfs/rcabanas/dev/credici/papers/journalPGM
/mnt/beegfs/rcabanas/dev/credici/papers/journalPGM/output/hybrid
/mnt/beegfs/rcabanas/dev/credici/papers/journalPGM/models
/mnt/beegfs/rcabanas/dev/credici/target/credici-0.1.5-dev-SNAPSHOT-jar-with-dependencies.jar
['random_mc2_n6_mid3_d1000_05_mr098_r10_94.uai', 'random_mc2_n5_mid3_d1000_05_mr098_r10_94.uai', 'random_mc2_n9_mid3_d1000_05_mr098_r10_94.uai']
3 models
['learn_multi_study2.py', '100', '0', '3', '100', '0.75']
id=100
seed=0
/mnt/beegfs/rcabanas/dev/credici
/mnt/beegfs/rcabanas/dev/credici/papers/journalPGM
/mnt/beegfs/rcabanas/dev/credici/papers/journalPGM/output/hybrid
/mnt/beegfs/rcabanas/dev/credici/papers/journalPGM/models
/mnt/beegfs/rcabanas/dev/credici/target/credici-0.1.5-dev-SNAPSHOT-jar-with-dependencies.jar
['random_mc2_n6_mid3_d1000_05_mr098_r10_100.uai', 'random_mc2_n7_mid3_d1000_05_mr098_r10_100.uai', 'random_mc2_n5_mid3_d1000_05_mr098_r10_100.uai']
3 models
['learn_multi_study2.py', '90', '0', '3', '100', '0.25']
/var/spool/slurmd/job85287/slurm_script: fork: retry: Recurso no disponible temporalmente
id=90
seed=0
/mnt/beegfs/rcabanas/dev/credici
/mnt/beegfs/rcabanas/dev/credici/papers/journalPGM
/mnt/beegfs/rcabanas/dev/credici/papers/journalPGM/output/hybrid
/mnt/beegfs/rcabanas/dev/credici/papers/journalPGM/models
/mnt/beegfs/rcabanas/dev/credici/target/credici-0.1.5-dev-SNAPSHOT-jar-with-dependencies.jar
['random_mc2_n6_mid3_d1000_05_mr098_r10_90.uai', 'random_mc2_n8_mid3_d1000_05_mr098_r10_90.uai', 'random_mc2_n5_mid3_d1000_05_mr098_r10_90.uai', 'random_mc2_n11_mid3_d1000_05_mr098_r10_90.uai', 'random_mc2_n7_mid3_d1000_05_mr098_r10_90.uai', 'random_mc2_n9_mid3_d1000_05_mr098_r10_90.uai']
6 models
/mnt/beegfs/rcabanas/dev/credici/papers/journalPGM/code/LearnMultiStudy.java
run java
java -Xmx128g -cp /mnt/beegfs/rcabanas/dev/credici/target/credici-0.1.5-dev-SNAPSHOT-jar-with-dependencies.jar /mnt/beegfs/rcabanas/dev/credici/papers/journalPGM/code/LearnMultiStudy.java -w -lp -x 300 -m 500 -sc KL -th 0.0 --seed 0 --output /mnt/beegfs/rcabanas/dev/credici/papers/journalPGM/output/hybrid/synthetic/s12c -tps 0.25 /mnt/beegfs/rcabanas/dev/credici/papers/journalPGM/models/synthetic/s12/random_mc2_n11_mid3_d1000_05_mr098_r10_90.uai
['learn_multi_study2.py', '100', '0', '5', '100', '0.75']
['learn_multi_study2.py', '90', '0', '4', '100', '0.75']
id=100
seed=0
/mnt/beegfs/rcabanas/dev/credici
/mnt/beegfs/rcabanas/dev/credici/papers/journalPGM
/mnt/beegfs/rcabanas/dev/credici/papers/journalPGM/output/hybrid
/mnt/beegfs/rcabanas/dev/credici/papers/journalPGM/models
/mnt/beegfs/rcabanas/dev/credici/target/credici-0.1.5-dev-SNAPSHOT-jar-with-dependencies.jar
id=90
seed=0
/mnt/beegfs/rcabanas/dev/credici
/mnt/beegfs/rcabanas/dev/credici/papers/journalPGM
/mnt/beegfs/rcabanas/dev/credici/papers/journalPGM/output/hybrid
/mnt/beegfs/rcabanas/dev/credici/papers/journalPGM/models
/mnt/beegfs/rcabanas/dev/credici/target/credici-0.1.5-dev-SNAPSHOT-jar-with-dependencies.jar
['random_mc2_n6_mid3_d1000_05_mr098_r10_100.uai', 'random_mc2_n7_mid3_d1000_05_mr098_r10_100.uai', 'random_mc2_n5_mid3_d1000_05_mr098_r10_100.uai']
3 models
['random_mc2_n6_mid3_d1000_05_mr098_r10_90.uai', 'random_mc2_n8_mid3_d1000_05_mr098_r10_90.uai', 'random_mc2_n5_mid3_d1000_05_mr098_r10_90.uai', 'random_mc2_n11_mid3_d1000_05_mr098_r10_90.uai', 'random_mc2_n7_mid3_d1000_05_mr098_r10_90.uai', 'random_mc2_n9_mid3_d1000_05_mr098_r10_90.uai']
6 models
/mnt/beegfs/rcabanas/dev/credici/papers/journalPGM/code/LearnMultiStudy.java
[2023-02-21T12:58:39.443066][INFO][random_mc2_n6_mid3_d1000_05_mr098_r10_94_uai_kl_th00_mIter500_wtrue_x300_lpfalse_tps075_0] Set up logging
[2023-02-21T12:58:39.456730][INFO][random_mc2_n6_mid3_d1000_05_mr098_r10_94_uai_kl_th00_mIter500_wtrue_x300_lpfalse_tps075_0] args: -w;-x;300;-m;500;-sc;KL;-th;0.0;--seed;0;--output;/mnt/beegfs/rcabanas/dev/credici/papers/journalPGM/output/hybrid/synthetic/s12c;-tps;0.75;/mnt/beegfs/rcabanas/dev/credici/papers/journalPGM/models/synthetic/s12/random_mc2_n6_mid3_d1000_05_mr098_r10_94.uai
[2023-02-21T12:58:39.456874][INFO][random_mc2_n6_mid3_d1000_05_mr098_r10_94_uai_kl_th00_mIter500_wtrue_x300_lpfalse_tps075_0] Checking arguments
run java
java -Xmx128g -cp /mnt/beegfs/rcabanas/dev/credici/target/credici-0.1.5-dev-SNAPSHOT-jar-with-dependencies.jar /mnt/beegfs/rcabanas/dev/credici/papers/journalPGM/code/LearnMultiStudy.java -w -lp -x 300 -m 500 -sc KL -th 0.0 --seed 0 --output /mnt/beegfs/rcabanas/dev/credici/papers/journalPGM/output/hybrid/synthetic/s12c -tps 0.75 /mnt/beegfs/rcabanas/dev/credici/papers/journalPGM/models/synthetic/s12/random_mc2_n7_mid3_d1000_05_mr098_r10_90.uai
[2023-02-21T12:58:39.463581][INFO][random_mc2_n6_mid3_d1000_05_mr098_r10_94_uai_kl_th00_mIter500_wtrue_x300_lpfalse_tps075_0] Starting logger with seed 0
[2023-02-21T12:58:39.523461][INFO][random_mc2_n6_mid3_d1000_05_mr098_r10_94_uai_kl_th00_mIter500_wtrue_x300_lpfalse_tps075_0] Loaded model from: /mnt/beegfs/rcabanas/dev/credici/papers/journalPGM/models/synthetic/s12/random_mc2_n6_mid3_d1000_05_mr098_r10_94.uai
[2023-02-21T12:58:39.723115][INFO][random_mc2_n6_mid3_d1000_05_mr098_r10_94_uai_kl_th00_mIter500_wtrue_x300_lpfalse_tps075_0] Loaded 3000 data instances from: /mnt/beegfs/rcabanas/dev/credici/papers/journalPGM/models/synthetic/s12/random_mc2_n6_mid3_d1000_05_mr098_r10_94.csv
[2023-02-21T12:58:39.730588][INFO][random_mc2_n6_mid3_d1000_05_mr098_r10_94_uai_kl_th00_mIter500_wtrue_x300_lpfalse_tps075_0] Loaded model information from: /mnt/beegfs/rcabanas/dev/credici/papers/journalPGM/models/synthetic/s12/random_mc2_n6_mid3_d1000_05_mr098_r10_94_info.csv
[2023-02-21T12:58:39.746559][INFO][random_mc2_n6_mid3_d1000_05_mr098_r10_94_uai_kl_th00_mIter500_wtrue_x300_lpfalse_tps075_0] Set cause=0 effect=5 Z=1 W=3
['learn_multi_study2.py', '93', '0', '5', '100', '0.75']
id=93
seed=0
/mnt/beegfs/rcabanas/dev/credici
/mnt/beegfs/rcabanas/dev/credici/papers/journalPGM
/mnt/beegfs/rcabanas/dev/credici/papers/journalPGM/output/hybrid
/mnt/beegfs/rcabanas/dev/credici/papers/journalPGM/models
/mnt/beegfs/rcabanas/dev/credici/target/credici-0.1.5-dev-SNAPSHOT-jar-with-dependencies.jar
['random_mc2_n6_mid3_d1000_05_mr098_r10_93.uai', 'random_mc2_n5_mid3_d1000_05_mr098_r10_93.uai', 'random_mc2_n7_mid3_d1000_05_mr098_r10_93.uai', 'random_mc2_n10_mid3_d1000_05_mr098_r10_93.uai']
4 models
[2023-02-21T12:58:40.435583][INFO][random_mc2_n5_mid3_d1000_05_mr098_r10_92_uai_kl_th00_mIter500_wtrue_x300_lptrue_tps025_0] Set up logging
[2023-02-21T12:58:40.441378][INFO][random_mc2_n5_mid3_d1000_05_mr098_r10_92_uai_kl_th00_mIter500_wtrue_x300_lptrue_tps025_0] args: -w;-lp;-x;300;-m;500;-sc;KL;-th;0.0;--seed;0;--output;/mnt/beegfs/rcabanas/dev/credici/papers/journalPGM/output/hybrid/synthetic/s12c;-tps;0.25;/mnt/beegfs/rcabanas/dev/credici/papers/journalPGM/models/synthetic/s12/random_mc2_n5_mid3_d1000_05_mr098_r10_92.uai
[2023-02-21T12:58:40.442349][INFO][random_mc2_n5_mid3_d1000_05_mr098_r10_92_uai_kl_th00_mIter500_wtrue_x300_lptrue_tps025_0] Checking arguments
[2023-02-21T12:58:40.450834][INFO][random_mc2_n5_mid3_d1000_05_mr098_r10_92_uai_kl_th00_mIter500_wtrue_x300_lptrue_tps025_0] Starting logger with seed 0
[2023-02-21T12:58:40.505920][INFO][random_mc2_n5_mid3_d1000_05_mr098_r10_92_uai_kl_th00_mIter500_wtrue_x300_lptrue_tps025_0] Loaded model from: /mnt/beegfs/rcabanas/dev/credici/papers/journalPGM/models/synthetic/s12/random_mc2_n5_mid3_d1000_05_mr098_r10_92.uai
[2023-02-21T12:58:40.634977][INFO][random_mc2_n5_mid3_d1000_05_mr098_r10_92_uai_kl_th00_mIter500_wtrue_x300_lptrue_tps025_0] Loaded 1500 data instances from: /mnt/beegfs/rcabanas/dev/credici/papers/journalPGM/models/synthetic/s12/random_mc2_n5_mid3_d1000_05_mr098_r10_92.csv
[2023-02-21T12:58:40.636364][INFO][random_mc2_n5_mid3_d1000_05_mr098_r10_92_uai_kl_th00_mIter500_wtrue_x300_lptrue_tps025_0] Loaded model information from: /mnt/beegfs/rcabanas/dev/credici/papers/journalPGM/models/synthetic/s12/random_mc2_n5_mid3_d1000_05_mr098_r10_92_info.csv
[2023-02-21T12:58:40.658554][INFO][random_mc2_n5_mid3_d1000_05_mr098_r10_92_uai_kl_th00_mIter500_wtrue_x300_lptrue_tps025_0] Set cause=1 effect=4 Z=0 W=2
[2023-02-21T12:58:40.718452][INFO][random_mc2_n8_mid3_d1000_05_mr098_r10_90_uai_kl_th00_mIter500_wtrue_x300_lptrue_tps075_0] Set up logging
[2023-02-21T12:58:40.731730][INFO][random_mc2_n8_mid3_d1000_05_mr098_r10_90_uai_kl_th00_mIter500_wtrue_x300_lptrue_tps075_0] args: -w;-lp;-x;300;-m;500;-sc;KL;-th;0.0;--seed;0;--output;/mnt/beegfs/rcabanas/dev/credici/papers/journalPGM/output/hybrid/synthetic/s12c;-tps;0.75;/mnt/beegfs/rcabanas/dev/credici/papers/journalPGM/models/synthetic/s12/random_mc2_n8_mid3_d1000_05_mr098_r10_90.uai
[2023-02-21T12:58:40.731873][INFO][random_mc2_n8_mid3_d1000_05_mr098_r10_90_uai_kl_th00_mIter500_wtrue_x300_lptrue_tps075_0] Checking arguments
[2023-02-21T12:58:40.735361][INFO][random_mc2_n8_mid3_d1000_05_mr098_r10_90_uai_kl_th00_mIter500_wtrue_x300_lptrue_tps075_0] Starting logger with seed 0
[2023-02-21T12:58:40.725329][INFO][random_mc2_n9_mid3_d1000_05_mr098_r10_91_uai_kl_th00_mIter500_wtrue_x300_lptrue_tps075_0] Set up logging
[2023-02-21T12:58:40.736470][INFO][random_mc2_n9_mid3_d1000_05_mr098_r10_91_uai_kl_th00_mIter500_wtrue_x300_lptrue_tps075_0] args: -w;-lp;-x;300;-m;500;-sc;KL;-th;0.0;--seed;0;--output;/mnt/beegfs/rcabanas/dev/credici/papers/journalPGM/output/hybrid/synthetic/s12c;-tps;0.75;/mnt/beegfs/rcabanas/dev/credici/papers/journalPGM/models/synthetic/s12/random_mc2_n9_mid3_d1000_05_mr098_r10_91.uai
[2023-02-21T12:58:40.736983][INFO][random_mc2_n9_mid3_d1000_05_mr098_r10_91_uai_kl_th00_mIter500_wtrue_x300_lptrue_tps075_0] Checking arguments
[2023-02-21T12:58:40.741377][INFO][random_mc2_n9_mid3_d1000_05_mr098_r10_91_uai_kl_th00_mIter500_wtrue_x300_lptrue_tps075_0] Starting logger with seed 0
[2023-02-21T12:58:40.756817][INFO][random_mc2_n6_mid3_d1000_05_mr098_r10_94_uai_kl_th00_mIter500_wtrue_x300_lpfalse_tps075_0] Preparing model: Dobs+Dx+Dzb 
[2023-02-21T12:58:40.796211][INFO][random_mc2_n8_mid3_d1000_05_mr098_r10_90_uai_kl_th00_mIter500_wtrue_x300_lptrue_tps075_0] Loaded model from: /mnt/beegfs/rcabanas/dev/credici/papers/journalPGM/models/synthetic/s12/random_mc2_n8_mid3_d1000_05_mr098_r10_90.uai
[2023-02-21T12:58:40.801763][INFO][random_mc2_n9_mid3_d1000_05_mr098_r10_91_uai_kl_th00_mIter500_wtrue_x300_lptrue_tps075_0] Loaded model from: /mnt/beegfs/rcabanas/dev/credici/papers/journalPGM/models/synthetic/s12/random_mc2_n9_mid3_d1000_05_mr098_r10_91.uai
[2023-02-21T12:58:40.929298][INFO][random_mc2_n8_mid3_d1000_05_mr098_r10_90_uai_kl_th00_mIter500_wtrue_x300_lptrue_tps075_0] Loaded 1000 data instances from: /mnt/beegfs/rcabanas/dev/credici/papers/journalPGM/models/synthetic/s12/random_mc2_n8_mid3_d1000_05_mr098_r10_90.csv
[2023-02-21T12:58:40.934356][INFO][random_mc2_n8_mid3_d1000_05_mr098_r10_90_uai_kl_th00_mIter500_wtrue_x300_lptrue_tps075_0] Loaded model information from: /mnt/beegfs/rcabanas/dev/credici/papers/journalPGM/models/synthetic/s12/random_mc2_n8_mid3_d1000_05_mr098_r10_90_info.csv
/var/spool/slurmd/job85287/slurm_script: fork: retry: Recurso no disponible temporalmente
[2023-02-21T12:58:40.956152][INFO][random_mc2_n8_mid3_d1000_05_mr098_r10_90_uai_kl_th00_mIter500_wtrue_x300_lptrue_tps075_0] Set cause=5 effect=7 Z=6 W=4
[2023-02-21T12:58:41.014612][INFO][random_mc2_n9_mid3_d1000_05_mr098_r10_91_uai_kl_th00_mIter500_wtrue_x300_lptrue_tps075_0] Loaded 4000 data instances from: /mnt/beegfs/rcabanas/dev/credici/papers/journalPGM/models/synthetic/s12/random_mc2_n9_mid3_d1000_05_mr098_r10_91.csv
[2023-02-21T12:58:41.021508][INFO][random_mc2_n9_mid3_d1000_05_mr098_r10_91_uai_kl_th00_mIter500_wtrue_x300_lptrue_tps075_0] Loaded model information from: /mnt/beegfs/rcabanas/dev/credici/papers/journalPGM/models/synthetic/s12/random_mc2_n9_mid3_d1000_05_mr098_r10_91_info.csv
[2023-02-21T12:58:41.027518][INFO][random_mc2_n5_mid3_d1000_05_mr098_r10_92_uai_kl_th00_mIter500_wtrue_x300_lptrue_tps025_0] Preparing model: Dobs+Dx+Dzb 
[2023-02-21T12:58:41.041173][INFO][random_mc2_n9_mid3_d1000_05_mr098_r10_91_uai_kl_th00_mIter500_wtrue_x300_lptrue_tps075_0] Set cause=2 effect=3 Z=8 W=6
[2023-02-21T12:58:41.374505][SEVERE][random_mc2_n6_mid3_d1000_05_mr098_r10_94_uai_kl_th00_mIter500_wtrue_x300_lpfalse_tps075_0] java.lang.ArrayIndexOutOfBoundsException: Index 5 out of bounds for length 5
[2023-02-21T12:58:41.374778][INFO][random_mc2_n6_mid3_d1000_05_mr098_r10_94_uai_kl_th00_mIter500_wtrue_x300_lpfalse_tps075_0] Closing log file
[2023-02-21T12:58:41.374872][INFO][random_mc2_n6_mid3_d1000_05_mr098_r10_94_uai_kl_th00_mIter500_wtrue_x300_lpfalse_tps075_0] Closed log file
[2023-02-21T12:58:41.403494][SEVERE][random_mc2_n5_mid3_d1000_05_mr098_r10_92_uai_kl_th00_mIter500_wtrue_x300_lptrue_tps025_0] java.lang.ArrayIndexOutOfBoundsException: Index 4 out of bounds for length 4
[2023-02-21T12:58:41.403855][INFO][random_mc2_n5_mid3_d1000_05_mr098_r10_92_uai_kl_th00_mIter500_wtrue_x300_lptrue_tps025_0] Closing log file
[2023-02-21T12:58:41.403945][INFO][random_mc2_n5_mid3_d1000_05_mr098_r10_92_uai_kl_th00_mIter500_wtrue_x300_lptrue_tps025_0] Closed log file
/mnt/beegfs/rcabanas/dev/credici/papers/journalPGM/code/LearnMultiStudy.java
run java
java -Xmx128g -cp /mnt/beegfs/rcabanas/dev/credici/target/credici-0.1.5-dev-SNAPSHOT-jar-with-dependencies.jar /mnt/beegfs/rcabanas/dev/credici/papers/journalPGM/code/LearnMultiStudy.java -w -x 300 -m 500 -sc KL -th 0.0 --seed 0 --output /mnt/beegfs/rcabanas/dev/credici/papers/journalPGM/output/hybrid/synthetic/s12c -tps 0.25 /mnt/beegfs/rcabanas/dev/credici/papers/journalPGM/models/synthetic/s12/random_mc2_n5_mid3_d1000_05_mr098_r10_92.uai
[2023-02-21T12:58:41.589949][INFO][random_mc2_n8_mid3_d1000_05_mr098_r10_90_uai_kl_th00_mIter500_wtrue_x300_lptrue_tps075_0] Preparing model: Dobs+Dx+Dzb 
['learn_multi_study2.py', '93', '0', '5', '100', '0.25']
id=93
seed=0
/mnt/beegfs/rcabanas/dev/credici
/mnt/beegfs/rcabanas/dev/credici/papers/journalPGM
/mnt/beegfs/rcabanas/dev/credici/papers/journalPGM/output/hybrid
/mnt/beegfs/rcabanas/dev/credici/papers/journalPGM/models
/mnt/beegfs/rcabanas/dev/credici/target/credici-0.1.5-dev-SNAPSHOT-jar-with-dependencies.jar
['random_mc2_n6_mid3_d1000_05_mr098_r10_93.uai', 'random_mc2_n5_mid3_d1000_05_mr098_r10_93.uai', 'random_mc2_n7_mid3_d1000_05_mr098_r10_93.uai', 'random_mc2_n10_mid3_d1000_05_mr098_r10_93.uai']
4 models
[2023-02-21T12:58:41.809665][INFO][random_mc2_n7_mid3_d1000_05_mr098_r10_90_uai_kl_th00_mIter500_wtrue_x300_lptrue_tps075_0] Set up logging
[2023-02-21T12:58:41.822834][INFO][random_mc2_n7_mid3_d1000_05_mr098_r10_90_uai_kl_th00_mIter500_wtrue_x300_lptrue_tps075_0] args: -w;-lp;-x;300;-m;500;-sc;KL;-th;0.0;--seed;0;--output;/mnt/beegfs/rcabanas/dev/credici/papers/journalPGM/output/hybrid/synthetic/s12c;-tps;0.75;/mnt/beegfs/rcabanas/dev/credici/papers/journalPGM/models/synthetic/s12/random_mc2_n7_mid3_d1000_05_mr098_r10_90.uai
[2023-02-21T12:58:41.822965][INFO][random_mc2_n7_mid3_d1000_05_mr098_r10_90_uai_kl_th00_mIter500_wtrue_x300_lptrue_tps075_0] Checking arguments
[2023-02-21T12:58:41.827181][INFO][random_mc2_n7_mid3_d1000_05_mr098_r10_90_uai_kl_th00_mIter500_wtrue_x300_lptrue_tps075_0] Starting logger with seed 0
[2023-02-21T12:58:41.878350][INFO][random_mc2_n7_mid3_d1000_05_mr098_r10_90_uai_kl_th00_mIter500_wtrue_x300_lptrue_tps075_0] Loaded model from: /mnt/beegfs/rcabanas/dev/credici/papers/journalPGM/models/synthetic/s12/random_mc2_n7_mid3_d1000_05_mr098_r10_90.uai
[2023-02-21T12:58:42.061232][INFO][random_mc2_n7_mid3_d1000_05_mr098_r10_90_uai_kl_th00_mIter500_wtrue_x300_lptrue_tps075_0] Loaded 2000 data instances from: /mnt/beegfs/rcabanas/dev/credici/papers/journalPGM/models/synthetic/s12/random_mc2_n7_mid3_d1000_05_mr098_r10_90.csv
[2023-02-21T12:58:42.066302][SEVERE][random_mc2_n8_mid3_d1000_05_mr098_r10_90_uai_kl_th00_mIter500_wtrue_x300_lptrue_tps075_0] java.lang.ArrayIndexOutOfBoundsException: Index 7 out of bounds for length 6
[2023-02-21T12:58:42.066545][INFO][random_mc2_n8_mid3_d1000_05_mr098_r10_90_uai_kl_th00_mIter500_wtrue_x300_lptrue_tps075_0] Closing log file
[2023-02-21T12:58:42.066637][INFO][random_mc2_n8_mid3_d1000_05_mr098_r10_90_uai_kl_th00_mIter500_wtrue_x300_lptrue_tps075_0] Closed log file
[2023-02-21T12:58:42.069502][INFO][random_mc2_n7_mid3_d1000_05_mr098_r10_90_uai_kl_th00_mIter500_wtrue_x300_lptrue_tps075_0] Loaded model information from: /mnt/beegfs/rcabanas/dev/credici/papers/journalPGM/models/synthetic/s12/random_mc2_n7_mid3_d1000_05_mr098_r10_90_info.csv
[2023-02-21T12:58:42.082008][INFO][random_mc2_n7_mid3_d1000_05_mr098_r10_90_uai_kl_th00_mIter500_wtrue_x300_lptrue_tps075_0] Set cause=2 effect=5 Z=1 W=6
/mnt/beegfs/rcabanas/dev/credici/papers/journalPGM/code/LearnMultiStudy.java
run java
java -Xmx128g -cp /mnt/beegfs/rcabanas/dev/credici/target/credici-0.1.5-dev-SNAPSHOT-jar-with-dependencies.jar /mnt/beegfs/rcabanas/dev/credici/papers/journalPGM/code/LearnMultiStudy.java -w -x 300 -m 500 -sc KL -th 0.0 --seed 0 --output /mnt/beegfs/rcabanas/dev/credici/papers/journalPGM/output/hybrid/synthetic/s12c -tps 0.75 /mnt/beegfs/rcabanas/dev/credici/papers/journalPGM/models/synthetic/s12/random_mc2_n8_mid3_d1000_05_mr098_r10_90.uai
['learn_multi_study2.py', '98', '0', '5', '100', '0.25']
id=98
seed=0
/mnt/beegfs/rcabanas/dev/credici
/mnt/beegfs/rcabanas/dev/credici/papers/journalPGM
/mnt/beegfs/rcabanas/dev/credici/papers/journalPGM/output/hybrid
/mnt/beegfs/rcabanas/dev/credici/papers/journalPGM/models
/mnt/beegfs/rcabanas/dev/credici/target/credici-0.1.5-dev-SNAPSHOT-jar-with-dependencies.jar
['random_mc2_n8_mid3_d1000_05_mr098_r10_98.uai', 'random_mc2_n6_mid3_d1000_05_mr098_r10_98.uai', 'random_mc2_n7_mid3_d1000_05_mr098_r10_98.uai']
3 models
[2023-02-21T12:58:42.271046][INFO][random_mc2_n9_mid3_d1000_05_mr098_r10_91_uai_kl_th00_mIter500_wtrue_x300_lptrue_tps075_0] Preparing model: Dobs+Dx+Dzb 
['learn_multi_study2.py', '98', '0', '6', '100', '0.75']
id=98
seed=0
/mnt/beegfs/rcabanas/dev/credici
/mnt/beegfs/rcabanas/dev/credici/papers/journalPGM
/mnt/beegfs/rcabanas/dev/credici/papers/journalPGM/output/hybrid
/mnt/beegfs/rcabanas/dev/credici/papers/journalPGM/models
/mnt/beegfs/rcabanas/dev/credici/target/credici-0.1.5-dev-SNAPSHOT-jar-with-dependencies.jar
['random_mc2_n8_mid3_d1000_05_mr098_r10_98.uai', 'random_mc2_n6_mid3_d1000_05_mr098_r10_98.uai', 'random_mc2_n7_mid3_d1000_05_mr098_r10_98.uai']
3 models
[2023-02-21T12:58:42.768148][INFO][random_mc2_n7_mid3_d1000_05_mr098_r10_90_uai_kl_th00_mIter500_wtrue_x300_lptrue_tps075_0] Preparing model: Dobs+Dx+Dzb 
['learn_multi_study2.py', '97', '0', '6', '100', '0.75']
id=97
seed=0
/mnt/beegfs/rcabanas/dev/credici
/mnt/beegfs/rcabanas/dev/credici/papers/journalPGM
/mnt/beegfs/rcabanas/dev/credici/papers/journalPGM/output/hybrid
/mnt/beegfs/rcabanas/dev/credici/papers/journalPGM/models
/mnt/beegfs/rcabanas/dev/credici/target/credici-0.1.5-dev-SNAPSHOT-jar-with-dependencies.jar
['random_mc2_n8_mid3_d1000_05_mr098_r10_97.uai', 'random_mc2_n5_mid3_d1000_05_mr098_r10_97.uai', 'random_mc2_n9_mid3_d1000_05_mr098_r10_97.uai', 'random_mc2_n6_mid3_d1000_05_mr098_r10_97.uai', 'random_mc2_n7_mid3_d1000_05_mr098_r10_97.uai']
5 models
['learn_multi_study2.py', '92', '0', '9', '100', '0.25']
id=92
seed=0
/mnt/beegfs/rcabanas/dev/credici
/mnt/beegfs/rcabanas/dev/credici/papers/journalPGM
/mnt/beegfs/rcabanas/dev/credici/papers/journalPGM/output/hybrid
/mnt/beegfs/rcabanas/dev/credici/papers/journalPGM/models
/mnt/beegfs/rcabanas/dev/credici/target/credici-0.1.5-dev-SNAPSHOT-jar-with-dependencies.jar
['random_mc2_n9_mid3_d1000_05_mr098_r10_92.uai', 'random_mc2_n5_mid3_d1000_05_mr098_r10_92.uai', 'random_mc2_n7_mid3_d1000_05_mr098_r10_92.uai', 'random_mc2_n6_mid3_d1000_05_mr098_r10_92.uai']
4 models
['learn_multi_study2.py', '96', '0', '7', '100', '0.75']
[2023-02-21T12:58:43.730720][INFO][random_mc2_n5_mid3_d1000_05_mr098_r10_92_uai_kl_th00_mIter500_wtrue_x300_lpfalse_tps025_0] Set up logging
[2023-02-21T12:58:43.745514][INFO][random_mc2_n5_mid3_d1000_05_mr098_r10_92_uai_kl_th00_mIter500_wtrue_x300_lpfalse_tps025_0] args: -w;-x;300;-m;500;-sc;KL;-th;0.0;--seed;0;--output;/mnt/beegfs/rcabanas/dev/credici/papers/journalPGM/output/hybrid/synthetic/s12c;-tps;0.25;/mnt/beegfs/rcabanas/dev/credici/papers/journalPGM/models/synthetic/s12/random_mc2_n5_mid3_d1000_05_mr098_r10_92.uai
[2023-02-21T12:58:43.745688][INFO][random_mc2_n5_mid3_d1000_05_mr098_r10_92_uai_kl_th00_mIter500_wtrue_x300_lpfalse_tps025_0] Checking arguments
[2023-02-21T12:58:43.749442][INFO][random_mc2_n5_mid3_d1000_05_mr098_r10_92_uai_kl_th00_mIter500_wtrue_x300_lpfalse_tps025_0] Starting logger with seed 0
id=96
seed=0
/mnt/beegfs/rcabanas/dev/credici
/mnt/beegfs/rcabanas/dev/credici/papers/journalPGM
/mnt/beegfs/rcabanas/dev/credici/papers/journalPGM/output/hybrid
/mnt/beegfs/rcabanas/dev/credici/papers/journalPGM/models
/mnt/beegfs/rcabanas/dev/credici/target/credici-0.1.5-dev-SNAPSHOT-jar-with-dependencies.jar
['random_mc2_n7_mid3_d1000_05_mr098_r10_96.uai', 'random_mc2_n5_mid3_d1000_05_mr098_r10_96.uai', 'random_mc2_n6_mid3_d1000_05_mr098_r10_96.uai']
3 models
[2023-02-21T12:58:43.805242][INFO][random_mc2_n5_mid3_d1000_05_mr098_r10_92_uai_kl_th00_mIter500_wtrue_x300_lpfalse_tps025_0] Loaded model from: /mnt/beegfs/rcabanas/dev/credici/papers/journalPGM/models/synthetic/s12/random_mc2_n5_mid3_d1000_05_mr098_r10_92.uai
[2023-02-21T12:58:43.854931][SEVERE][random_mc2_n7_mid3_d1000_05_mr098_r10_90_uai_kl_th00_mIter500_wtrue_x300_lptrue_tps075_0] java.lang.ArrayIndexOutOfBoundsException: Index 6 out of bounds for length 6
[2023-02-21T12:58:43.855149][INFO][random_mc2_n7_mid3_d1000_05_mr098_r10_90_uai_kl_th00_mIter500_wtrue_x300_lptrue_tps075_0] Closing log file
[2023-02-21T12:58:43.855242][INFO][random_mc2_n7_mid3_d1000_05_mr098_r10_90_uai_kl_th00_mIter500_wtrue_x300_lptrue_tps075_0] Closed log file
/mnt/beegfs/rcabanas/dev/credici/papers/journalPGM/code/LearnMultiStudy.java
run java
java -Xmx128g -cp /mnt/beegfs/rcabanas/dev/credici/target/credici-0.1.5-dev-SNAPSHOT-jar-with-dependencies.jar /mnt/beegfs/rcabanas/dev/credici/papers/journalPGM/code/LearnMultiStudy.java -w -x 300 -m 500 -sc KL -th 0.0 --seed 0 --output /mnt/beegfs/rcabanas/dev/credici/papers/journalPGM/output/hybrid/synthetic/s12c -tps 0.75 /mnt/beegfs/rcabanas/dev/credici/papers/journalPGM/models/synthetic/s12/random_mc2_n7_mid3_d1000_05_mr098_r10_90.uai
[2023-02-21T12:58:43.986563][INFO][random_mc2_n5_mid3_d1000_05_mr098_r10_92_uai_kl_th00_mIter500_wtrue_x300_lpfalse_tps025_0] Loaded 1500 data instances from: /mnt/beegfs/rcabanas/dev/credici/papers/journalPGM/models/synthetic/s12/random_mc2_n5_mid3_d1000_05_mr098_r10_92.csv
[2023-02-21T12:58:43.992298][INFO][random_mc2_n5_mid3_d1000_05_mr098_r10_92_uai_kl_th00_mIter500_wtrue_x300_lpfalse_tps025_0] Loaded model information from: /mnt/beegfs/rcabanas/dev/credici/papers/journalPGM/models/synthetic/s12/random_mc2_n5_mid3_d1000_05_mr098_r10_92_info.csv
[2023-02-21T12:58:44.005838][INFO][random_mc2_n5_mid3_d1000_05_mr098_r10_92_uai_kl_th00_mIter500_wtrue_x300_lpfalse_tps025_0] Set cause=1 effect=4 Z=0 W=2
['learn_multi_study2.py', '100', '0', '6', '100', '0.75']
id=100
seed=0
/mnt/beegfs/rcabanas/dev/credici
/mnt/beegfs/rcabanas/dev/credici/papers/journalPGM
/mnt/beegfs/rcabanas/dev/credici/papers/journalPGM/output/hybrid
/mnt/beegfs/rcabanas/dev/credici/papers/journalPGM/models
/mnt/beegfs/rcabanas/dev/credici/target/credici-0.1.5-dev-SNAPSHOT-jar-with-dependencies.jar
['random_mc2_n6_mid3_d1000_05_mr098_r10_100.uai', 'random_mc2_n7_mid3_d1000_05_mr098_r10_100.uai', 'random_mc2_n5_mid3_d1000_05_mr098_r10_100.uai']
3 models
[2023-02-21T12:58:44.237837][INFO][random_mc2_n8_mid3_d1000_05_mr098_r10_90_uai_kl_th00_mIter500_wtrue_x300_lpfalse_tps075_0] Set up logging
[2023-02-21T12:58:44.250335][INFO][random_mc2_n8_mid3_d1000_05_mr098_r10_90_uai_kl_th00_mIter500_wtrue_x300_lpfalse_tps075_0] args: -w;-x;300;-m;500;-sc;KL;-th;0.0;--seed;0;--output;/mnt/beegfs/rcabanas/dev/credici/papers/journalPGM/output/hybrid/synthetic/s12c;-tps;0.75;/mnt/beegfs/rcabanas/dev/credici/papers/journalPGM/models/synthetic/s12/random_mc2_n8_mid3_d1000_05_mr098_r10_90.uai
[2023-02-21T12:58:44.250510][INFO][random_mc2_n8_mid3_d1000_05_mr098_r10_90_uai_kl_th00_mIter500_wtrue_x300_lpfalse_tps075_0] Checking arguments
[2023-02-21T12:58:44.253580][INFO][random_mc2_n8_mid3_d1000_05_mr098_r10_90_uai_kl_th00_mIter500_wtrue_x300_lpfalse_tps075_0] Starting logger with seed 0
[2023-02-21T12:58:44.317917][INFO][random_mc2_n8_mid3_d1000_05_mr098_r10_90_uai_kl_th00_mIter500_wtrue_x300_lpfalse_tps075_0] Loaded model from: /mnt/beegfs/rcabanas/dev/credici/papers/journalPGM/models/synthetic/s12/random_mc2_n8_mid3_d1000_05_mr098_r10_90.uai
[2023-02-21T12:58:44.421754][INFO][random_mc2_n5_mid3_d1000_05_mr098_r10_92_uai_kl_th00_mIter500_wtrue_x300_lpfalse_tps025_0] Preparing model: Dobs+Dx+Dzb 
[2023-02-21T12:58:44.445526][INFO][random_mc2_n8_mid3_d1000_05_mr098_r10_90_uai_kl_th00_mIter500_wtrue_x300_lpfalse_tps075_0] Loaded 1000 data instances from: /mnt/beegfs/rcabanas/dev/credici/papers/journalPGM/models/synthetic/s12/random_mc2_n8_mid3_d1000_05_mr098_r10_90.csv
[2023-02-21T12:58:44.446868][INFO][random_mc2_n8_mid3_d1000_05_mr098_r10_90_uai_kl_th00_mIter500_wtrue_x300_lpfalse_tps075_0] Loaded model information from: /mnt/beegfs/rcabanas/dev/credici/papers/journalPGM/models/synthetic/s12/random_mc2_n8_mid3_d1000_05_mr098_r10_90_info.csv
[2023-02-21T12:58:44.465309][INFO][random_mc2_n8_mid3_d1000_05_mr098_r10_90_uai_kl_th00_mIter500_wtrue_x300_lpfalse_tps075_0] Set cause=5 effect=7 Z=6 W=4
['learn_multi_study2.py', '100', '0', '8', '100', '0.75']
id=100
seed=0
/mnt/beegfs/rcabanas/dev/credici
/mnt/beegfs/rcabanas/dev/credici/papers/journalPGM
/mnt/beegfs/rcabanas/dev/credici/papers/journalPGM/output/hybrid
/mnt/beegfs/rcabanas/dev/credici/papers/journalPGM/models
/mnt/beegfs/rcabanas/dev/credici/target/credici-0.1.5-dev-SNAPSHOT-jar-with-dependencies.jar
['random_mc2_n6_mid3_d1000_05_mr098_r10_100.uai', 'random_mc2_n7_mid3_d1000_05_mr098_r10_100.uai', 'random_mc2_n5_mid3_d1000_05_mr098_r10_100.uai']
3 models
[2023-02-21T12:58:44.798452][SEVERE][random_mc2_n5_mid3_d1000_05_mr098_r10_92_uai_kl_th00_mIter500_wtrue_x300_lpfalse_tps025_0] java.lang.ArrayIndexOutOfBoundsException: Index 4 out of bounds for length 4
[2023-02-21T12:58:44.798832][INFO][random_mc2_n5_mid3_d1000_05_mr098_r10_92_uai_kl_th00_mIter500_wtrue_x300_lpfalse_tps025_0] Closing log file
[2023-02-21T12:58:44.798925][INFO][random_mc2_n5_mid3_d1000_05_mr098_r10_92_uai_kl_th00_mIter500_wtrue_x300_lpfalse_tps025_0] Closed log file
/var/spool/slurmd/job85287/slurm_script: fork: retry: Recurso no disponible temporalmente
[2023-02-21T12:58:45.120371][INFO][random_mc2_n8_mid3_d1000_05_mr098_r10_90_uai_kl_th00_mIter500_wtrue_x300_lpfalse_tps075_0] Preparing model: Dobs+Dx+Dzb 
['learn_multi_study2.py', '100', '0', '9', '100', '0.75']
['learn_multi_study2.py', '95', '0', '9', '100', '0.25']
id=100
seed=0
/mnt/beegfs/rcabanas/dev/credici
/mnt/beegfs/rcabanas/dev/credici/papers/journalPGM
/mnt/beegfs/rcabanas/dev/credici/papers/journalPGM/output/hybrid
/mnt/beegfs/rcabanas/dev/credici/papers/journalPGM/models
/mnt/beegfs/rcabanas/dev/credici/target/credici-0.1.5-dev-SNAPSHOT-jar-with-dependencies.jar
id=95
seed=0
/mnt/beegfs/rcabanas/dev/credici
/mnt/beegfs/rcabanas/dev/credici/papers/journalPGM
/mnt/beegfs/rcabanas/dev/credici/papers/journalPGM/output/hybrid
/mnt/beegfs/rcabanas/dev/credici/papers/journalPGM/models
/mnt/beegfs/rcabanas/dev/credici/target/credici-0.1.5-dev-SNAPSHOT-jar-with-dependencies.jar
['random_mc2_n6_mid3_d1000_05_mr098_r10_100.uai', 'random_mc2_n7_mid3_d1000_05_mr098_r10_100.uai', 'random_mc2_n5_mid3_d1000_05_mr098_r10_100.uai']
['random_mc2_n6_mid3_d1000_05_mr098_r10_95.uai', 'random_mc2_n5_mid3_d1000_05_mr098_r10_95.uai', 'random_mc2_n7_mid3_d1000_05_mr098_r10_95.uai', 'random_mc2_n8_mid3_d1000_05_mr098_r10_95.uai']
3 models
4 models
[2023-02-21T12:58:45.489074][INFO][random_mc2_n9_mid3_d1000_05_mr098_r10_91_uai_kl_th00_mIter500_wtrue_x300_lptrue_tps075_0] Built biased dataset with P(S=1)=0.537
[2023-02-21T12:58:45.643505][SEVERE][random_mc2_n8_mid3_d1000_05_mr098_r10_90_uai_kl_th00_mIter500_wtrue_x300_lpfalse_tps075_0] java.lang.ArrayIndexOutOfBoundsException: Index 7 out of bounds for length 6
[2023-02-21T12:58:45.643769][INFO][random_mc2_n8_mid3_d1000_05_mr098_r10_90_uai_kl_th00_mIter500_wtrue_x300_lpfalse_tps075_0] Closing log file
[2023-02-21T12:58:45.643867][INFO][random_mc2_n8_mid3_d1000_05_mr098_r10_90_uai_kl_th00_mIter500_wtrue_x300_lpfalse_tps075_0] Closed log file
['learn_multi_study2.py', '90', '0', '8', '100', '0.25']
id=90
seed=0
/mnt/beegfs/rcabanas/dev/credici
/mnt/beegfs/rcabanas/dev/credici/papers/journalPGM
/mnt/beegfs/rcabanas/dev/credici/papers/journalPGM/output/hybrid
/mnt/beegfs/rcabanas/dev/credici/papers/journalPGM/models
/mnt/beegfs/rcabanas/dev/credici/target/credici-0.1.5-dev-SNAPSHOT-jar-with-dependencies.jar
['random_mc2_n6_mid3_d1000_05_mr098_r10_90.uai', 'random_mc2_n8_mid3_d1000_05_mr098_r10_90.uai', 'random_mc2_n5_mid3_d1000_05_mr098_r10_90.uai', 'random_mc2_n11_mid3_d1000_05_mr098_r10_90.uai', 'random_mc2_n7_mid3_d1000_05_mr098_r10_90.uai', 'random_mc2_n9_mid3_d1000_05_mr098_r10_90.uai']
6 models
['learn_multi_study2.py', '91', '0', '10', '100', '0.25']
id=91
seed=0
/mnt/beegfs/rcabanas/dev/credici
/mnt/beegfs/rcabanas/dev/credici/papers/journalPGM
/mnt/beegfs/rcabanas/dev/credici/papers/journalPGM/output/hybrid
/mnt/beegfs/rcabanas/dev/credici/papers/journalPGM/models
/mnt/beegfs/rcabanas/dev/credici/target/credici-0.1.5-dev-SNAPSHOT-jar-with-dependencies.jar
['random_mc2_n6_mid3_d1000_05_mr098_r10_91.uai', 'random_mc2_n9_mid3_d1000_05_mr098_r10_91.uai', 'random_mc2_n12_mid3_d1000_05_mr098_r10_91.uai', 'random_mc2_n5_mid3_d1000_05_mr098_r10_91.uai', 'random_mc2_n7_mid3_d1000_05_mr098_r10_91.uai', 'random_mc2_n8_mid3_d1000_05_mr098_r10_91.uai']
6 models
/var/spool/slurmd/job85287/slurm_script: fork: retry: Recurso no disponible temporalmente
[2023-02-21T12:58:45.998911][INFO][random_mc2_n7_mid3_d1000_05_mr098_r10_90_uai_kl_th00_mIter500_wtrue_x300_lpfalse_tps075_0] Set up logging
[2023-02-21T12:58:46.008197][INFO][random_mc2_n7_mid3_d1000_05_mr098_r10_90_uai_kl_th00_mIter500_wtrue_x300_lpfalse_tps075_0] args: -w;-x;300;-m;500;-sc;KL;-th;0.0;--seed;0;--output;/mnt/beegfs/rcabanas/dev/credici/papers/journalPGM/output/hybrid/synthetic/s12c;-tps;0.75;/mnt/beegfs/rcabanas/dev/credici/papers/journalPGM/models/synthetic/s12/random_mc2_n7_mid3_d1000_05_mr098_r10_90.uai
[2023-02-21T12:58:46.008335][INFO][random_mc2_n7_mid3_d1000_05_mr098_r10_90_uai_kl_th00_mIter500_wtrue_x300_lpfalse_tps075_0] Checking arguments
[2023-02-21T12:58:46.017983][INFO][random_mc2_n7_mid3_d1000_05_mr098_r10_90_uai_kl_th00_mIter500_wtrue_x300_lpfalse_tps075_0] Starting logger with seed 0
['learn_multi_study2.py', '91', '0', '11', '100', '0.25']
[2023-02-21T12:58:46.071146][INFO][random_mc2_n7_mid3_d1000_05_mr098_r10_90_uai_kl_th00_mIter500_wtrue_x300_lpfalse_tps075_0] Loaded model from: /mnt/beegfs/rcabanas/dev/credici/papers/journalPGM/models/synthetic/s12/random_mc2_n7_mid3_d1000_05_mr098_r10_90.uai
['learn_multi_study2.py', '95', '0', '11', '100', '0.75']
id=91
seed=0
/mnt/beegfs/rcabanas/dev/credici
/mnt/beegfs/rcabanas/dev/credici/papers/journalPGM
/mnt/beegfs/rcabanas/dev/credici/papers/journalPGM/output/hybrid
/mnt/beegfs/rcabanas/dev/credici/papers/journalPGM/models
/mnt/beegfs/rcabanas/dev/credici/target/credici-0.1.5-dev-SNAPSHOT-jar-with-dependencies.jar
['random_mc2_n6_mid3_d1000_05_mr098_r10_91.uai', 'random_mc2_n9_mid3_d1000_05_mr098_r10_91.uai', 'random_mc2_n12_mid3_d1000_05_mr098_r10_91.uai', 'random_mc2_n5_mid3_d1000_05_mr098_r10_91.uai', 'random_mc2_n7_mid3_d1000_05_mr098_r10_91.uai', 'random_mc2_n8_mid3_d1000_05_mr098_r10_91.uai']
6 models
id=95
seed=0
/mnt/beegfs/rcabanas/dev/credici
/mnt/beegfs/rcabanas/dev/credici/papers/journalPGM
/mnt/beegfs/rcabanas/dev/credici/papers/journalPGM/output/hybrid
/mnt/beegfs/rcabanas/dev/credici/papers/journalPGM/models
/mnt/beegfs/rcabanas/dev/credici/target/credici-0.1.5-dev-SNAPSHOT-jar-with-dependencies.jar
['random_mc2_n6_mid3_d1000_05_mr098_r10_95.uai', 'random_mc2_n5_mid3_d1000_05_mr098_r10_95.uai', 'random_mc2_n7_mid3_d1000_05_mr098_r10_95.uai', 'random_mc2_n8_mid3_d1000_05_mr098_r10_95.uai']
4 models
[2023-02-21T12:58:46.256853][INFO][random_mc2_n7_mid3_d1000_05_mr098_r10_90_uai_kl_th00_mIter500_wtrue_x300_lpfalse_tps075_0] Loaded 2000 data instances from: /mnt/beegfs/rcabanas/dev/credici/papers/journalPGM/models/synthetic/s12/random_mc2_n7_mid3_d1000_05_mr098_r10_90.csv
[2023-02-21T12:58:46.258122][INFO][random_mc2_n7_mid3_d1000_05_mr098_r10_90_uai_kl_th00_mIter500_wtrue_x300_lpfalse_tps075_0] Loaded model information from: /mnt/beegfs/rcabanas/dev/credici/papers/journalPGM/models/synthetic/s12/random_mc2_n7_mid3_d1000_05_mr098_r10_90_info.csv
[2023-02-21T12:58:46.273195][INFO][random_mc2_n7_mid3_d1000_05_mr098_r10_90_uai_kl_th00_mIter500_wtrue_x300_lpfalse_tps075_0] Set cause=2 effect=5 Z=1 W=6
['learn_multi_study2.py', '93', '0', '11', '100', '0.75']
id=93
seed=0
/mnt/beegfs/rcabanas/dev/credici
/mnt/beegfs/rcabanas/dev/credici/papers/journalPGM
/mnt/beegfs/rcabanas/dev/credici/papers/journalPGM/output/hybrid
/mnt/beegfs/rcabanas/dev/credici/papers/journalPGM/models
/mnt/beegfs/rcabanas/dev/credici/target/credici-0.1.5-dev-SNAPSHOT-jar-with-dependencies.jar
['random_mc2_n6_mid3_d1000_05_mr098_r10_93.uai', 'random_mc2_n5_mid3_d1000_05_mr098_r10_93.uai', 'random_mc2_n7_mid3_d1000_05_mr098_r10_93.uai', 'random_mc2_n10_mid3_d1000_05_mr098_r10_93.uai']
4 models
['learn_multi_study2.py', '96', '0', '14', '100', '0.75']
id=96
seed=0
/mnt/beegfs/rcabanas/dev/credici
/mnt/beegfs/rcabanas/dev/credici/papers/journalPGM
/mnt/beegfs/rcabanas/dev/credici/papers/journalPGM/output/hybrid
/mnt/beegfs/rcabanas/dev/credici/papers/journalPGM/models
/mnt/beegfs/rcabanas/dev/credici/target/credici-0.1.5-dev-SNAPSHOT-jar-with-dependencies.jar
[2023-02-21T12:58:46.956019][INFO][random_mc2_n7_mid3_d1000_05_mr098_r10_90_uai_kl_th00_mIter500_wtrue_x300_lpfalse_tps075_0] Preparing model: Dobs+Dx+Dzb 
/var/spool/slurmd/job85287/slurm_script: fork: retry: Recurso no disponible temporalmente
['random_mc2_n7_mid3_d1000_05_mr098_r10_96.uai', 'random_mc2_n5_mid3_d1000_05_mr098_r10_96.uai', 'random_mc2_n6_mid3_d1000_05_mr098_r10_96.uai']
3 models
['learn_multi_study2.py', '97', '0', '11', '100', '0.25']
id=97
seed=0
/mnt/beegfs/rcabanas/dev/credici
/mnt/beegfs/rcabanas/dev/credici/papers/journalPGM
/mnt/beegfs/rcabanas/dev/credici/papers/journalPGM/output/hybrid
/mnt/beegfs/rcabanas/dev/credici/papers/journalPGM/models
/mnt/beegfs/rcabanas/dev/credici/target/credici-0.1.5-dev-SNAPSHOT-jar-with-dependencies.jar
['random_mc2_n8_mid3_d1000_05_mr098_r10_97.uai', 'random_mc2_n5_mid3_d1000_05_mr098_r10_97.uai', 'random_mc2_n9_mid3_d1000_05_mr098_r10_97.uai', 'random_mc2_n6_mid3_d1000_05_mr098_r10_97.uai', 'random_mc2_n7_mid3_d1000_05_mr098_r10_97.uai']
5 models
[2023-02-21T12:58:47.640088][SEVERE][random_mc2_n7_mid3_d1000_05_mr098_r10_90_uai_kl_th00_mIter500_wtrue_x300_lpfalse_tps075_0] java.lang.ArrayIndexOutOfBoundsException: Index 6 out of bounds for length 6
[2023-02-21T12:58:47.640345][INFO][random_mc2_n7_mid3_d1000_05_mr098_r10_90_uai_kl_th00_mIter500_wtrue_x300_lpfalse_tps075_0] Closing log file
[2023-02-21T12:58:47.640438][INFO][random_mc2_n7_mid3_d1000_05_mr098_r10_90_uai_kl_th00_mIter500_wtrue_x300_lpfalse_tps075_0] Closed log file
['learn_multi_study2.py', '98', '0', '12', '100', '0.25']
id=98
seed=0
/mnt/beegfs/rcabanas/dev/credici
/mnt/beegfs/rcabanas/dev/credici/papers/journalPGM
/mnt/beegfs/rcabanas/dev/credici/papers/journalPGM/output/hybrid
/mnt/beegfs/rcabanas/dev/credici/papers/journalPGM/models
/mnt/beegfs/rcabanas/dev/credici/target/credici-0.1.5-dev-SNAPSHOT-jar-with-dependencies.jar
['random_mc2_n8_mid3_d1000_05_mr098_r10_98.uai', 'random_mc2_n6_mid3_d1000_05_mr098_r10_98.uai', 'random_mc2_n7_mid3_d1000_05_mr098_r10_98.uai']
3 models
['learn_multi_study2.py', '98', '0', '16', '100', '0.75']
/var/spool/slurmd/job85287/slurm_script: fork: retry: Recurso no disponible temporalmente
id=98
seed=0
/mnt/beegfs/rcabanas/dev/credici
/mnt/beegfs/rcabanas/dev/credici/papers/journalPGM
/mnt/beegfs/rcabanas/dev/credici/papers/journalPGM/output/hybrid
/mnt/beegfs/rcabanas/dev/credici/papers/journalPGM/models
/mnt/beegfs/rcabanas/dev/credici/target/credici-0.1.5-dev-SNAPSHOT-jar-with-dependencies.jar
['random_mc2_n8_mid3_d1000_05_mr098_r10_98.uai', 'random_mc2_n6_mid3_d1000_05_mr098_r10_98.uai', 'random_mc2_n7_mid3_d1000_05_mr098_r10_98.uai']
3 models
['learn_multi_study2.py', '97', '0', '14', '100', '0.75']
id=97
seed=0
/mnt/beegfs/rcabanas/dev/credici
/mnt/beegfs/rcabanas/dev/credici/papers/journalPGM
/mnt/beegfs/rcabanas/dev/credici/papers/journalPGM/output/hybrid
/mnt/beegfs/rcabanas/dev/credici/papers/journalPGM/models
/mnt/beegfs/rcabanas/dev/credici/target/credici-0.1.5-dev-SNAPSHOT-jar-with-dependencies.jar
['random_mc2_n8_mid3_d1000_05_mr098_r10_97.uai', 'random_mc2_n5_mid3_d1000_05_mr098_r10_97.uai', 'random_mc2_n9_mid3_d1000_05_mr098_r10_97.uai', 'random_mc2_n6_mid3_d1000_05_mr098_r10_97.uai', 'random_mc2_n7_mid3_d1000_05_mr098_r10_97.uai']
5 models
/var/spool/slurmd/job85287/slurm_script: fork: retry: Recurso no disponible temporalmente
/var/spool/slurmd/job85287/slurm_script: fork: retry: Recurso no disponible temporalmente
/var/spool/slurmd/job85287/slurm_script: fork: retry: Recurso no disponible temporalmente
/var/spool/slurmd/job85287/slurm_script: fork: retry: Recurso no disponible temporalmente
/var/spool/slurmd/job85287/slurm_script: fork: Recurso no disponible temporalmente
