Note: /root/dev/credici/papers/clear22/Experiments.java uses unchecked or unsafe operations.
Note: Recompile with -Xlint:unchecked for details.
java.util.concurrent.TimeoutException
	at ch.idsia.crema.utility.InvokerWithTimeout.run(InvokerWithTimeout.java:36)
	at Experiments.run(Experiments.java:155)
	at picocli.CommandLine.execute(CommandLine.java:1160)
	at picocli.CommandLine.access$800(CommandLine.java:141)
	at picocli.CommandLine$RunLast.handle(CommandLine.java:1367)
	at picocli.CommandLine$RunLast.handle(CommandLine.java:1335)
	at picocli.CommandLine$AbstractParseResultHandler.handleParseResult(CommandLine.java:1243)
	at picocli.CommandLine.parseWithHandlers(CommandLine.java:1526)
	at picocli.CommandLine.run(CommandLine.java:1974)
	at picocli.CommandLine.run(CommandLine.java:1904)
	at Experiments.main(Experiments.java:118)
	at java.base/jdk.internal.reflect.NativeMethodAccessorImpl.invoke0(Native Method)
	at java.base/jdk.internal.reflect.NativeMethodAccessorImpl.invoke(NativeMethodAccessorImpl.java:62)
	at java.base/jdk.internal.reflect.DelegatingMethodAccessorImpl.invoke(DelegatingMethodAccessorImpl.java:43)
	at java.base/java.lang.reflect.Method.invoke(Method.java:567)
	at jdk.compiler/com.sun.tools.javac.launcher.Main.execute(Main.java:415)
	at jdk.compiler/com.sun.tools.javac.launcher.Main.run(Main.java:192)
	at jdk.compiler/com.sun.tools.javac.launcher.Main.main(Main.java:132)
Note: /root/dev/credici/papers/clear22/Experiments.java uses unchecked or unsafe operations.
Note: Recompile with -Xlint:unchecked for details.
java.util.concurrent.TimeoutException
	at ch.idsia.crema.utility.InvokerWithTimeout.run(InvokerWithTimeout.java:36)
	at Experiments.run(Experiments.java:155)
	at picocli.CommandLine.execute(CommandLine.java:1160)
	at picocli.CommandLine.access$800(CommandLine.java:141)
	at picocli.CommandLine$RunLast.handle(CommandLine.java:1367)
	at picocli.CommandLine$RunLast.handle(CommandLine.java:1335)
	at picocli.CommandLine$AbstractParseResultHandler.handleParseResult(CommandLine.java:1243)
	at picocli.CommandLine.parseWithHandlers(CommandLine.java:1526)
	at picocli.CommandLine.run(CommandLine.java:1974)
	at picocli.CommandLine.run(CommandLine.java:1904)
	at Experiments.main(Experiments.java:118)
	at java.base/jdk.internal.reflect.NativeMethodAccessorImpl.invoke0(Native Method)
	at java.base/jdk.internal.reflect.NativeMethodAccessorImpl.invoke(NativeMethodAccessorImpl.java:62)
	at java.base/jdk.internal.reflect.DelegatingMethodAccessorImpl.invoke(DelegatingMethodAccessorImpl.java:43)
	at java.base/java.lang.reflect.Method.invoke(Method.java:567)
	at jdk.compiler/com.sun.tools.javac.launcher.Main.execute(Main.java:415)
	at jdk.compiler/com.sun.tools.javac.launcher.Main.run(Main.java:192)
	at jdk.compiler/com.sun.tools.javac.launcher.Main.main(Main.java:132)
Note: /root/dev/credici/papers/clear22/Experiments.java uses unchecked or unsafe operations.
Note: Recompile with -Xlint:unchecked for details.
java.util.concurrent.TimeoutException
	at ch.idsia.crema.utility.InvokerWithTimeout.run(InvokerWithTimeout.java:36)
	at Experiments.run(Experiments.java:155)
	at picocli.CommandLine.execute(CommandLine.java:1160)
	at picocli.CommandLine.access$800(CommandLine.java:141)
	at picocli.CommandLine$RunLast.handle(CommandLine.java:1367)
	at picocli.CommandLine$RunLast.handle(CommandLine.java:1335)
	at picocli.CommandLine$AbstractParseResultHandler.handleParseResult(CommandLine.java:1243)
	at picocli.CommandLine.parseWithHandlers(CommandLine.java:1526)
	at picocli.CommandLine.run(CommandLine.java:1974)
	at picocli.CommandLine.run(CommandLine.java:1904)
	at Experiments.main(Experiments.java:118)
	at java.base/jdk.internal.reflect.NativeMethodAccessorImpl.invoke0(Native Method)
	at java.base/jdk.internal.reflect.NativeMethodAccessorImpl.invoke(NativeMethodAccessorImpl.java:62)
	at java.base/jdk.internal.reflect.DelegatingMethodAccessorImpl.invoke(DelegatingMethodAccessorImpl.java:43)
	at java.base/java.lang.reflect.Method.invoke(Method.java:567)
	at jdk.compiler/com.sun.tools.javac.launcher.Main.execute(Main.java:415)
	at jdk.compiler/com.sun.tools.javac.launcher.Main.run(Main.java:192)
	at jdk.compiler/com.sun.tools.javac.launcher.Main.main(Main.java:132)
Note: /root/dev/credici/papers/clear22/Experiments.java uses unchecked or unsafe operations.
Note: Recompile with -Xlint:unchecked for details.
java.util.concurrent.TimeoutException
	at ch.idsia.crema.utility.InvokerWithTimeout.run(InvokerWithTimeout.java:36)
	at Experiments.run(Experiments.java:155)
	at picocli.CommandLine.execute(CommandLine.java:1160)
	at picocli.CommandLine.access$800(CommandLine.java:141)
	at picocli.CommandLine$RunLast.handle(CommandLine.java:1367)
	at picocli.CommandLine$RunLast.handle(CommandLine.java:1335)
	at picocli.CommandLine$AbstractParseResultHandler.handleParseResult(CommandLine.java:1243)
	at picocli.CommandLine.parseWithHandlers(CommandLine.java:1526)
	at picocli.CommandLine.run(CommandLine.java:1974)
	at picocli.CommandLine.run(CommandLine.java:1904)
	at Experiments.main(Experiments.java:118)
	at java.base/jdk.internal.reflect.NativeMethodAccessorImpl.invoke0(Native Method)
	at java.base/jdk.internal.reflect.NativeMethodAccessorImpl.invoke(NativeMethodAccessorImpl.java:62)
	at java.base/jdk.internal.reflect.DelegatingMethodAccessorImpl.invoke(DelegatingMethodAccessorImpl.java:43)
	at java.base/java.lang.reflect.Method.invoke(Method.java:567)
	at jdk.compiler/com.sun.tools.javac.launcher.Main.execute(Main.java:415)
	at jdk.compiler/com.sun.tools.javac.launcher.Main.run(Main.java:192)
	at jdk.compiler/com.sun.tools.javac.launcher.Main.main(Main.java:132)
Note: /root/dev/credici/papers/clear22/Experiments.java uses unchecked or unsafe operations.
Note: Recompile with -Xlint:unchecked for details.
java.util.concurrent.TimeoutException
	at ch.idsia.crema.utility.InvokerWithTimeout.run(InvokerWithTimeout.java:36)
	at Experiments.run(Experiments.java:155)
	at picocli.CommandLine.execute(CommandLine.java:1160)
	at picocli.CommandLine.access$800(CommandLine.java:141)
	at picocli.CommandLine$RunLast.handle(CommandLine.java:1367)
	at picocli.CommandLine$RunLast.handle(CommandLine.java:1335)
	at picocli.CommandLine$AbstractParseResultHandler.handleParseResult(CommandLine.java:1243)
	at picocli.CommandLine.parseWithHandlers(CommandLine.java:1526)
	at picocli.CommandLine.run(CommandLine.java:1974)
	at picocli.CommandLine.run(CommandLine.java:1904)
	at Experiments.main(Experiments.java:118)
	at java.base/jdk.internal.reflect.NativeMethodAccessorImpl.invoke0(Native Method)
	at java.base/jdk.internal.reflect.NativeMethodAccessorImpl.invoke(NativeMethodAccessorImpl.java:62)
	at java.base/jdk.internal.reflect.DelegatingMethodAccessorImpl.invoke(DelegatingMethodAccessorImpl.java:43)
	at java.base/java.lang.reflect.Method.invoke(Method.java:567)
	at jdk.compiler/com.sun.tools.javac.launcher.Main.execute(Main.java:415)
	at jdk.compiler/com.sun.tools.javac.launcher.Main.run(Main.java:192)
	at jdk.compiler/com.sun.tools.javac.launcher.Main.main(Main.java:132)
Note: /root/dev/credici/papers/clear22/Experiments.java uses unchecked or unsafe operations.
Note: Recompile with -Xlint:unchecked for details.
java.util.concurrent.TimeoutException
	at ch.idsia.crema.utility.InvokerWithTimeout.run(InvokerWithTimeout.java:36)
	at Experiments.run(Experiments.java:155)
	at picocli.CommandLine.execute(CommandLine.java:1160)
	at picocli.CommandLine.access$800(CommandLine.java:141)
	at picocli.CommandLine$RunLast.handle(CommandLine.java:1367)
	at picocli.CommandLine$RunLast.handle(CommandLine.java:1335)
	at picocli.CommandLine$AbstractParseResultHandler.handleParseResult(CommandLine.java:1243)
	at picocli.CommandLine.parseWithHandlers(CommandLine.java:1526)
	at picocli.CommandLine.run(CommandLine.java:1974)
	at picocli.CommandLine.run(CommandLine.java:1904)
	at Experiments.main(Experiments.java:118)
	at java.base/jdk.internal.reflect.NativeMethodAccessorImpl.invoke0(Native Method)
	at java.base/jdk.internal.reflect.NativeMethodAccessorImpl.invoke(NativeMethodAccessorImpl.java:62)
	at java.base/jdk.internal.reflect.DelegatingMethodAccessorImpl.invoke(DelegatingMethodAccessorImpl.java:43)
	at java.base/java.lang.reflect.Method.invoke(Method.java:567)
	at jdk.compiler/com.sun.tools.javac.launcher.Main.execute(Main.java:415)
	at jdk.compiler/com.sun.tools.javac.launcher.Main.run(Main.java:192)
	at jdk.compiler/com.sun.tools.javac.launcher.Main.main(Main.java:132)
Note: /root/dev/credici/papers/clear22/Experiments.java uses unchecked or unsafe operations.
Note: Recompile with -Xlint:unchecked for details.
0s1b
/root/dev/credici
/root/dev/credici/papers/clear22
/root/dev/credici/papers/clear22/output
/root/dev/credici/papers/clear22/models
/root/dev/credici/target/credici-0.1.3-jar-with-dependencies.jar
/root/dev/credici/papers/clear22/output/211017_202430_log.txt
/root/dev/credici/papers/clear22/output/211017_202430
61
0
0/61: s1b/chain_twExo1_nEndo15_15.uai
--executions 50 --datasize 1000 --output /root/dev/credici/papers/clear22/output/211017_202430 --logfile /root/dev/credici/papers/clear22/output/211017_202430_log.txt --timeout 1800 -q --seed 0 --simpleOutput /root/dev/credici/papers/clear22/models/s1b/chain_twExo1_nEndo15_15.uai
java -cp /root/dev/credici/target/credici-0.1.3-jar-with-dependencies.jar /root/dev/credici/papers/clear22/Experiments.java --executions 50 --datasize 1000 --output /root/dev/credici/papers/clear22/output/211017_202430 --logfile /root/dev/credici/papers/clear22/output/211017_202430_log.txt --timeout 1800 -q --seed 0 --simpleOutput /root/dev/credici/papers/clear22/models/s1b/chain_twExo1_nEndo15_15.uai
["results=dict(file='chain_twExo1_nEndo15_15.uai', folder='s1b', seed=0, markovian=False, exoTW=1, error=True, nExo=8, nEndo=15, errorMsg='java.util.concurrent.TimeoutException')\n", '\n']
1/61: s1b/chain_twExo0_nEndo15_17.uai
--executions 50 --datasize 1000 --output /root/dev/credici/papers/clear22/output/211017_202430 --logfile /root/dev/credici/papers/clear22/output/211017_202430_log.txt --timeout 1800 -q --seed 0 --simpleOutput /root/dev/credici/papers/clear22/models/s1b/chain_twExo0_nEndo15_17.uai
java -cp /root/dev/credici/target/credici-0.1.3-jar-with-dependencies.jar /root/dev/credici/papers/clear22/Experiments.java --executions 50 --datasize 1000 --output /root/dev/credici/papers/clear22/output/211017_202430 --logfile /root/dev/credici/papers/clear22/output/211017_202430_log.txt --timeout 1800 -q --seed 0 --simpleOutput /root/dev/credici/papers/clear22/models/s1b/chain_twExo0_nEndo15_17.uai
["results=dict(file='chain_twExo0_nEndo15_17.uai', folder='s1b', seed=0, markovian=True, exoTW=1, error=True, nExo=15, nEndo=15, errorMsg='java.util.concurrent.TimeoutException')\n", '\n']
2/61: s1b/chain_twExo0_nEndo15_18.uai
--executions 50 --datasize 1000 --output /root/dev/credici/papers/clear22/output/211017_202430 --logfile /root/dev/credici/papers/clear22/output/211017_202430_log.txt --timeout 1800 -q --seed 0 --simpleOutput /root/dev/credici/papers/clear22/models/s1b/chain_twExo0_nEndo15_18.uai
java -cp /root/dev/credici/target/credici-0.1.3-jar-with-dependencies.jar /root/dev/credici/papers/clear22/Experiments.java --executions 50 --datasize 1000 --output /root/dev/credici/papers/clear22/output/211017_202430 --logfile /root/dev/credici/papers/clear22/output/211017_202430_log.txt --timeout 1800 -q --seed 0 --simpleOutput /root/dev/credici/papers/clear22/models/s1b/chain_twExo0_nEndo15_18.uai
["results=dict(file='chain_twExo0_nEndo15_18.uai', folder='s1b', seed=0, markovian=True, exoTW=1, error=True, nExo=15, nEndo=15, errorMsg='java.util.concurrent.TimeoutException')\n", '\n']
3/61: s1b/chain_twExo0_nEndo10_19.uai
--executions 50 --datasize 1000 --output /root/dev/credici/papers/clear22/output/211017_202430 --logfile /root/dev/credici/papers/clear22/output/211017_202430_log.txt --timeout 1800 -q --seed 0 --simpleOutput /root/dev/credici/papers/clear22/models/s1b/chain_twExo0_nEndo10_19.uai
java -cp /root/dev/credici/target/credici-0.1.3-jar-with-dependencies.jar /root/dev/credici/papers/clear22/Experiments.java --executions 50 --datasize 1000 --output /root/dev/credici/papers/clear22/output/211017_202430 --logfile /root/dev/credici/papers/clear22/output/211017_202430_log.txt --timeout 1800 -q --seed 0 --simpleOutput /root/dev/credici/papers/clear22/models/s1b/chain_twExo0_nEndo10_19.uai
["results=dict(file='chain_twExo0_nEndo10_19.uai', folder='s1b', seed=0, markovian=True, exoTW=1, error=True, nExo=10, nEndo=10, errorMsg='java.util.concurrent.TimeoutException')\n", '\n']
4/61: s1b/chain_twExo1_nEndo15_17.uai
--executions 50 --datasize 1000 --output /root/dev/credici/papers/clear22/output/211017_202430 --logfile /root/dev/credici/papers/clear22/output/211017_202430_log.txt --timeout 1800 -q --seed 0 --simpleOutput /root/dev/credici/papers/clear22/models/s1b/chain_twExo1_nEndo15_17.uai
java -cp /root/dev/credici/target/credici-0.1.3-jar-with-dependencies.jar /root/dev/credici/papers/clear22/Experiments.java --executions 50 --datasize 1000 --output /root/dev/credici/papers/clear22/output/211017_202430 --logfile /root/dev/credici/papers/clear22/output/211017_202430_log.txt --timeout 1800 -q --seed 0 --simpleOutput /root/dev/credici/papers/clear22/models/s1b/chain_twExo1_nEndo15_17.uai
["results=dict(file='chain_twExo1_nEndo15_17.uai', folder='s1b', seed=0, markovian=False, exoTW=1, error=True, nExo=9, nEndo=15, errorMsg='java.util.concurrent.TimeoutException')\n", '\n']
5/61: s1b/chain_twExo0_nEndo10_10.uai
--executions 50 --datasize 1000 --output /root/dev/credici/papers/clear22/output/211017_202430 --logfile /root/dev/credici/papers/clear22/output/211017_202430_log.txt --timeout 1800 -q --seed 0 --simpleOutput /root/dev/credici/papers/clear22/models/s1b/chain_twExo0_nEndo10_10.uai
java -cp /root/dev/credici/target/credici-0.1.3-jar-with-dependencies.jar /root/dev/credici/papers/clear22/Experiments.java --executions 50 --datasize 1000 --output /root/dev/credici/papers/clear22/output/211017_202430 --logfile /root/dev/credici/papers/clear22/output/211017_202430_log.txt --timeout 1800 -q --seed 0 --simpleOutput /root/dev/credici/papers/clear22/models/s1b/chain_twExo0_nEndo10_10.uai
["results=dict(file='chain_twExo0_nEndo10_10.uai', folder='s1b', seed=0, markovian=True, exoTW=1, error=True, nExo=10, nEndo=10, errorMsg='java.util.concurrent.TimeoutException')\n", '\n']
6/61: s1b/chain_twExo1_nEndo5_15.uai
--executions 50 --datasize 1000 --output /root/dev/credici/papers/clear22/output/211017_202430 --logfile /root/dev/credici/papers/clear22/output/211017_202430_log.txt --timeout 1800 -q --seed 0 --simpleOutput /root/dev/credici/papers/clear22/models/s1b/chain_twExo1_nEndo5_15.uai
java -cp /root/dev/credici/target/credici-0.1.3-jar-with-dependencies.jar /root/dev/credici/papers/clear22/Experiments.java --executions 50 --datasize 1000 --output /root/dev/credici/papers/clear22/output/211017_202430 --logfile /root/dev/credici/papers/clear22/output/211017_202430_log.txt --timeout 1800 -q --seed 0 --simpleOutput /root/dev/credici/papers/clear22/models/s1b/chain_twExo1_nEndo5_15.uai
["results=dict(partitions=9, seed=0, aceEM_l=[-0.8989197238539861, -0.8953942292466651, -0.9220270824822772, -0.016854135704480133, -0.03330287758295958, -0.006030816780374648, -0.006804854849694397, -0.004795518227632245, -0.005494899187478586], maxiter=200, markovian=False, aceExact_u=0.02302743149025388, pnsExact_u=0.0285270229834761, error=False, nEndo=5, pnsEM_l=[3.6693636E-7, 4.884050339346762E-7, 6.301993714001368E-7, 1.1136642827875785E-5, 4.085586626777801E-5, 1.6017484919623286E-6, 1.5839178257590654E-6, 1.4825917030506934E-4, 8.553528447183673E-5], errorMsg='', timeExact=54654, file='chain_twExo1_nEndo5_15.uai', folder='s1b', aceExact_l=-0.0054080914738996455, convPoints=[8.0, 33.0, 49.0, 6.0, 5.0, 22.0, 22.0, 9.0, 9.0], executions=50, pnsEM_u=[0.05957984807611201, 0.12865784253916082, 0.02699154017526493, 0.008284103015686979, 0.02109823418350139, 0.017685434153685745, 0.01773280005426447, 0.02541949140651688, 0.028240299400864734], exoTW=1, timeEM=[231.0, 24588.0, 42697.0, 56196.0, 69082.0, 83276.0, 97097.0, 110945.0, 125088.0], datasize=1000, nExo=3, aceEM_u=[0.8989909792489402, 0.8884273584900098, 0.9204648882504344, 0.015429278890841558, 0.049308128289208164, 0.020004029015495806, 0.019885819563310814, 0.020488996473707166, 0.02273831579658947], pnsExact_l=1.7652465506265872E-4)\n", '\n']
7/61: s1b/chain_twExo0_nEndo5_17.uai
--executions 50 --datasize 1000 --output /root/dev/credici/papers/clear22/output/211017_202430 --logfile /root/dev/credici/papers/clear22/output/211017_202430_log.txt --timeout 1800 -q --seed 0 --simpleOutput /root/dev/credici/papers/clear22/models/s1b/chain_twExo0_nEndo5_17.uai
java -cp /root/dev/credici/target/credici-0.1.3-jar-with-dependencies.jar /root/dev/credici/papers/clear22/Experiments.java --executions 50 --datasize 1000 --output /root/dev/credici/papers/clear22/output/211017_202430 --logfile /root/dev/credici/papers/clear22/output/211017_202430_log.txt --timeout 1800 -q --seed 0 --simpleOutput /root/dev/credici/papers/clear22/models/s1b/chain_twExo0_nEndo5_17.uaiNote: /root/dev/credici/papers/clear22/Experiments.java uses unchecked or unsafe operations.
Note: Recompile with -Xlint:unchecked for details.
Note: /root/dev/credici/papers/clear22/Experiments.java uses unchecked or unsafe operations.
Note: Recompile with -Xlint:unchecked for details.
java.util.concurrent.TimeoutException
	at ch.idsia.crema.utility.InvokerWithTimeout.run(InvokerWithTimeout.java:36)
	at Experiments.run(Experiments.java:155)
	at picocli.CommandLine.execute(CommandLine.java:1160)
	at picocli.CommandLine.access$800(CommandLine.java:141)
	at picocli.CommandLine$RunLast.handle(CommandLine.java:1367)
	at picocli.CommandLine$RunLast.handle(CommandLine.java:1335)
	at picocli.CommandLine$AbstractParseResultHandler.handleParseResult(CommandLine.java:1243)
	at picocli.CommandLine.parseWithHandlers(CommandLine.java:1526)
	at picocli.CommandLine.run(CommandLine.java:1974)
	at picocli.CommandLine.run(CommandLine.java:1904)
	at Experiments.main(Experiments.java:118)
	at java.base/jdk.internal.reflect.NativeMethodAccessorImpl.invoke0(Native Method)
	at java.base/jdk.internal.reflect.NativeMethodAccessorImpl.invoke(NativeMethodAccessorImpl.java:62)
	at java.base/jdk.internal.reflect.DelegatingMethodAccessorImpl.invoke(DelegatingMethodAccessorImpl.java:43)
	at java.base/java.lang.reflect.Method.invoke(Method.java:567)
	at jdk.compiler/com.sun.tools.javac.launcher.Main.execute(Main.java:415)
	at jdk.compiler/com.sun.tools.javac.launcher.Main.run(Main.java:192)
	at jdk.compiler/com.sun.tools.javac.launcher.Main.main(Main.java:132)
Note: /root/dev/credici/papers/clear22/Experiments.java uses unchecked or unsafe operations.
Note: Recompile with -Xlint:unchecked for details.
java.util.concurrent.TimeoutException
	at ch.idsia.crema.utility.InvokerWithTimeout.run(InvokerWithTimeout.java:36)
	at Experiments.run(Experiments.java:155)
	at picocli.CommandLine.execute(CommandLine.java:1160)
	at picocli.CommandLine.access$800(CommandLine.java:141)
	at picocli.CommandLine$RunLast.handle(CommandLine.java:1367)
	at picocli.CommandLine$RunLast.handle(CommandLine.java:1335)
	at picocli.CommandLine$AbstractParseResultHandler.handleParseResult(CommandLine.java:1243)
	at picocli.CommandLine.parseWithHandlers(CommandLine.java:1526)
	at picocli.CommandLine.run(CommandLine.java:1974)
	at picocli.CommandLine.run(CommandLine.java:1904)
	at Experiments.main(Experiments.java:118)
	at java.base/jdk.internal.reflect.NativeMethodAccessorImpl.invoke0(Native Method)
	at java.base/jdk.internal.reflect.NativeMethodAccessorImpl.invoke(NativeMethodAccessorImpl.java:62)
	at java.base/jdk.internal.reflect.DelegatingMethodAccessorImpl.invoke(DelegatingMethodAccessorImpl.java:43)
	at java.base/java.lang.reflect.Method.invoke(Method.java:567)
	at jdk.compiler/com.sun.tools.javac.launcher.Main.execute(Main.java:415)
	at jdk.compiler/com.sun.tools.javac.launcher.Main.run(Main.java:192)
	at jdk.compiler/com.sun.tools.javac.launcher.Main.main(Main.java:132)
Note: /root/dev/credici/papers/clear22/Experiments.java uses unchecked or unsafe operations.
Note: Recompile with -Xlint:unchecked for details.
java.util.concurrent.TimeoutException
	at ch.idsia.crema.utility.InvokerWithTimeout.run(InvokerWithTimeout.java:36)
	at Experiments.run(Experiments.java:155)
	at picocli.CommandLine.execute(CommandLine.java:1160)
	at picocli.CommandLine.access$800(CommandLine.java:141)
	at picocli.CommandLine$RunLast.handle(CommandLine.java:1367)
	at picocli.CommandLine$RunLast.handle(CommandLine.java:1335)
	at picocli.CommandLine$AbstractParseResultHandler.handleParseResult(CommandLine.java:1243)
	at picocli.CommandLine.parseWithHandlers(CommandLine.java:1526)
	at picocli.CommandLine.run(CommandLine.java:1974)
	at picocli.CommandLine.run(CommandLine.java:1904)
	at Experiments.main(Experiments.java:118)
	at java.base/jdk.internal.reflect.NativeMethodAccessorImpl.invoke0(Native Method)
	at java.base/jdk.internal.reflect.NativeMethodAccessorImpl.invoke(NativeMethodAccessorImpl.java:62)
	at java.base/jdk.internal.reflect.DelegatingMethodAccessorImpl.invoke(DelegatingMethodAccessorImpl.java:43)
	at java.base/java.lang.reflect.Method.invoke(Method.java:567)
	at jdk.compiler/com.sun.tools.javac.launcher.Main.execute(Main.java:415)
	at jdk.compiler/com.sun.tools.javac.launcher.Main.run(Main.java:192)
	at jdk.compiler/com.sun.tools.javac.launcher.Main.main(Main.java:132)
Note: /root/dev/credici/papers/clear22/Experiments.java uses unchecked or unsafe operations.
Note: Recompile with -Xlint:unchecked for details.
java.util.concurrent.TimeoutException
	at ch.idsia.crema.utility.InvokerWithTimeout.run(InvokerWithTimeout.java:36)
	at Experiments.run(Experiments.java:155)
	at picocli.CommandLine.execute(CommandLine.java:1160)
	at picocli.CommandLine.access$800(CommandLine.java:141)
	at picocli.CommandLine$RunLast.handle(CommandLine.java:1367)
	at picocli.CommandLine$RunLast.handle(CommandLine.java:1335)
	at picocli.CommandLine$AbstractParseResultHandler.handleParseResult(CommandLine.java:1243)
	at picocli.CommandLine.parseWithHandlers(CommandLine.java:1526)
	at picocli.CommandLine.run(CommandLine.java:1974)
	at picocli.CommandLine.run(CommandLine.java:1904)
	at Experiments.main(Experiments.java:118)
	at java.base/jdk.internal.reflect.NativeMethodAccessorImpl.invoke0(Native Method)
	at java.base/jdk.internal.reflect.NativeMethodAccessorImpl.invoke(NativeMethodAccessorImpl.java:62)
	at java.base/jdk.internal.reflect.DelegatingMethodAccessorImpl.invoke(DelegatingMethodAccessorImpl.java:43)
	at java.base/java.lang.reflect.Method.invoke(Method.java:567)
	at jdk.compiler/com.sun.tools.javac.launcher.Main.execute(Main.java:415)
	at jdk.compiler/com.sun.tools.javac.launcher.Main.run(Main.java:192)
	at jdk.compiler/com.sun.tools.javac.launcher.Main.main(Main.java:132)
Note: /root/dev/credici/papers/clear22/Experiments.java uses unchecked or unsafe operations.
Note: Recompile with -Xlint:unchecked for details.
java.util.concurrent.TimeoutException
	at ch.idsia.crema.utility.InvokerWithTimeout.run(InvokerWithTimeout.java:36)
	at Experiments.run(Experiments.java:155)
	at picocli.CommandLine.execute(CommandLine.java:1160)
	at picocli.CommandLine.access$800(CommandLine.java:141)
	at picocli.CommandLine$RunLast.handle(CommandLine.java:1367)
	at picocli.CommandLine$RunLast.handle(CommandLine.java:1335)
	at picocli.CommandLine$AbstractParseResultHandler.handleParseResult(CommandLine.java:1243)
	at picocli.CommandLine.parseWithHandlers(CommandLine.java:1526)
	at picocli.CommandLine.run(CommandLine.java:1974)
	at picocli.CommandLine.run(CommandLine.java:1904)
	at Experiments.main(Experiments.java:118)
	at java.base/jdk.internal.reflect.NativeMethodAccessorImpl.invoke0(Native Method)
	at java.base/jdk.internal.reflect.NativeMethodAccessorImpl.invoke(NativeMethodAccessorImpl.java:62)
	at java.base/jdk.internal.reflect.DelegatingMethodAccessorImpl.invoke(DelegatingMethodAccessorImpl.java:43)
	at java.base/java.lang.reflect.Method.invoke(Method.java:567)
	at jdk.compiler/com.sun.tools.javac.launcher.Main.execute(Main.java:415)
	at jdk.compiler/com.sun.tools.javac.launcher.Main.run(Main.java:192)
	at jdk.compiler/com.sun.tools.javac.launcher.Main.main(Main.java:132)
Note: /root/dev/credici/papers/clear22/Experiments.java uses unchecked or unsafe operations.
Note: Recompile with -Xlint:unchecked for details.
java.util.concurrent.TimeoutException
	at ch.idsia.crema.utility.InvokerWithTimeout.run(InvokerWithTimeout.java:36)
	at Experiments.run(Experiments.java:155)
	at picocli.CommandLine.execute(CommandLine.java:1160)
	at picocli.CommandLine.access$800(CommandLine.java:141)
	at picocli.CommandLine$RunLast.handle(CommandLine.java:1367)
	at picocli.CommandLine$RunLast.handle(CommandLine.java:1335)
	at picocli.CommandLine$AbstractParseResultHandler.handleParseResult(CommandLine.java:1243)
	at picocli.CommandLine.parseWithHandlers(CommandLine.java:1526)
	at picocli.CommandLine.run(CommandLine.java:1974)
	at picocli.CommandLine.run(CommandLine.java:1904)
	at Experiments.main(Experiments.java:118)
	at java.base/jdk.internal.reflect.NativeMethodAccessorImpl.invoke0(Native Method)
	at java.base/jdk.internal.reflect.NativeMethodAccessorImpl.invoke(NativeMethodAccessorImpl.java:62)
	at java.base/jdk.internal.reflect.DelegatingMethodAccessorImpl.invoke(DelegatingMethodAccessorImpl.java:43)
	at java.base/java.lang.reflect.Method.invoke(Method.java:567)
	at jdk.compiler/com.sun.tools.javac.launcher.Main.execute(Main.java:415)
	at jdk.compiler/com.sun.tools.javac.launcher.Main.run(Main.java:192)
	at jdk.compiler/com.sun.tools.javac.launcher.Main.main(Main.java:132)
Note: /root/dev/credici/papers/clear22/Experiments.java uses unchecked or unsafe operations.
Note: Recompile with -Xlint:unchecked for details.

["results=dict(partitions=9, seed=0, aceEM_l=[-0.895597997288478, -0.5422507051909657, -0.54792287588995, -0.35082546902070044, -0.06715512489633313, -0.004470589027174676, -0.004824620134496915, -0.005050735061692846, -0.004942033304994431], maxiter=200, markovian=True, aceExact_u=-0.004941500189034831, pnsExact_u=0.034591252004418704, error=False, nEndo=5, pnsEM_l=[1.5218896133551197E-6, 6.030207333004008E-6, 5.027682309720265E-4, 0.009512547938542015, 0.006057172093181884, 0.0038886208954847165, 0.003929332507990147, 0.005004996586599884, 0.004363673859183793], errorMsg='', timeExact=51716, file='chain_twExo0_nEndo5_17.uai', folder='s1b', aceExact_l=-0.004941500189034831, convPoints=[6.0, 48.0, 30.0, 16.0, 9.0, 11.0, 22.0, 3.0, 3.0], executions=50, pnsEM_u=[0.20850788261886616, 0.08284264760005088, 0.14245717176114944, 0.07025869357245913, 0.05046008609311469, 0.03539466142883886, 0.035374872208314194, 0.034998134254794186, 0.034564699601611015], exoTW=1, timeEM=[282.0, 35030.0, 48610.0, 103994.0, 131348.0, 114101.0, 96638.0, 113748.0, 109761.0], datasize=1000, nExo=5, aceEM_u=[0.8955345842828623, 0.5494073564790198, 0.6058573660962984, 0.34689312977721143, 0.0583077618079777, -0.004463151756346706, -0.004813252188407224, -0.005050148737838489, -0.0049410794764727095], pnsExact_l=0.0038822583827551977)\n", '\n']
8/61: s1b/chain_twExo1_nEndo15_18.uai
--executions 50 --datasize 1000 --output /root/dev/credici/papers/clear22/output/211017_202430 --logfile /root/dev/credici/papers/clear22/output/211017_202430_log.txt --timeout 1800 -q --seed 0 --simpleOutput /root/dev/credici/papers/clear22/models/s1b/chain_twExo1_nEndo15_18.uai
java -cp /root/dev/credici/target/credici-0.1.3-jar-with-dependencies.jar /root/dev/credici/papers/clear22/Experiments.java --executions 50 --datasize 1000 --output /root/dev/credici/papers/clear22/output/211017_202430 --logfile /root/dev/credici/papers/clear22/output/211017_202430_log.txt --timeout 1800 -q --seed 0 --simpleOutput /root/dev/credici/papers/clear22/models/s1b/chain_twExo1_nEndo15_18.uai
["results=dict(file='chain_twExo1_nEndo15_18.uai', folder='s1b', seed=0, markovian=False, exoTW=1, error=True, nExo=8, nEndo=15, errorMsg='java.util.concurrent.TimeoutException')\n", '\n']
9/61: s1b/chain_twExo0_nEndo10_14.uai
--executions 50 --datasize 1000 --output /root/dev/credici/papers/clear22/output/211017_202430 --logfile /root/dev/credici/papers/clear22/output/211017_202430_log.txt --timeout 1800 -q --seed 0 --simpleOutput /root/dev/credici/papers/clear22/models/s1b/chain_twExo0_nEndo10_14.uai
java -cp /root/dev/credici/target/credici-0.1.3-jar-with-dependencies.jar /root/dev/credici/papers/clear22/Experiments.java --executions 50 --datasize 1000 --output /root/dev/credici/papers/clear22/output/211017_202430 --logfile /root/dev/credici/papers/clear22/output/211017_202430_log.txt --timeout 1800 -q --seed 0 --simpleOutput /root/dev/credici/papers/clear22/models/s1b/chain_twExo0_nEndo10_14.uai
["results=dict(file='chain_twExo0_nEndo10_14.uai', folder='s1b', seed=0, markovian=True, exoTW=1, error=True, nExo=10, nEndo=10, errorMsg='java.util.concurrent.TimeoutException')\n", '\n']
10/61: s1b/chain_twExo1_nEndo15_16.uai
--executions 50 --datasize 1000 --output /root/dev/credici/papers/clear22/output/211017_202430 --logfile /root/dev/credici/papers/clear22/output/211017_202430_log.txt --timeout 1800 -q --seed 0 --simpleOutput /root/dev/credici/papers/clear22/models/s1b/chain_twExo1_nEndo15_16.uai
java -cp /root/dev/credici/target/credici-0.1.3-jar-with-dependencies.jar /root/dev/credici/papers/clear22/Experiments.java --executions 50 --datasize 1000 --output /root/dev/credici/papers/clear22/output/211017_202430 --logfile /root/dev/credici/papers/clear22/output/211017_202430_log.txt --timeout 1800 -q --seed 0 --simpleOutput /root/dev/credici/papers/clear22/models/s1b/chain_twExo1_nEndo15_16.uai
["results=dict(file='chain_twExo1_nEndo15_16.uai', folder='s1b', seed=0, markovian=False, exoTW=1, error=True, nExo=9, nEndo=15, errorMsg='java.util.concurrent.TimeoutException')\n", '\n']
11/61: s1b/chain_twExo0_nEndo10_13.uai
--executions 50 --datasize 1000 --output /root/dev/credici/papers/clear22/output/211017_202430 --logfile /root/dev/credici/papers/clear22/output/211017_202430_log.txt --timeout 1800 -q --seed 0 --simpleOutput /root/dev/credici/papers/clear22/models/s1b/chain_twExo0_nEndo10_13.uai
java -cp /root/dev/credici/target/credici-0.1.3-jar-with-dependencies.jar /root/dev/credici/papers/clear22/Experiments.java --executions 50 --datasize 1000 --output /root/dev/credici/papers/clear22/output/211017_202430 --logfile /root/dev/credici/papers/clear22/output/211017_202430_log.txt --timeout 1800 -q --seed 0 --simpleOutput /root/dev/credici/papers/clear22/models/s1b/chain_twExo0_nEndo10_13.uai
["results=dict(file='chain_twExo0_nEndo10_13.uai', folder='s1b', seed=0, markovian=True, exoTW=1, error=True, nExo=10, nEndo=10, errorMsg='java.util.concurrent.TimeoutException')\n", '\n']
12/61: s1b/chain_twExo1_nEndo15_19.uai
--executions 50 --datasize 1000 --output /root/dev/credici/papers/clear22/output/211017_202430 --logfile /root/dev/credici/papers/clear22/output/211017_202430_log.txt --timeout 1800 -q --seed 0 --simpleOutput /root/dev/credici/papers/clear22/models/s1b/chain_twExo1_nEndo15_19.uai
java -cp /root/dev/credici/target/credici-0.1.3-jar-with-dependencies.jar /root/dev/credici/papers/clear22/Experiments.java --executions 50 --datasize 1000 --output /root/dev/credici/papers/clear22/output/211017_202430 --logfile /root/dev/credici/papers/clear22/output/211017_202430_log.txt --timeout 1800 -q --seed 0 --simpleOutput /root/dev/credici/papers/clear22/models/s1b/chain_twExo1_nEndo15_19.uai
["results=dict(file='chain_twExo1_nEndo15_19.uai', folder='s1b', seed=0, markovian=False, exoTW=1, error=True, nExo=9, nEndo=15, errorMsg='java.util.concurrent.TimeoutException')\n", '\n']
13/61: s1b/chain_twExo1_nEndo15_1.uai
--executions 50 --datasize 1000 --output /root/dev/credici/papers/clear22/output/211017_202430 --logfile /root/dev/credici/papers/clear22/output/211017_202430_log.txt --timeout 1800 -q --seed 0 --simpleOutput /root/dev/credici/papers/clear22/models/s1b/chain_twExo1_nEndo15_1.uai
java -cp /root/dev/credici/target/credici-0.1.3-jar-with-dependencies.jar /root/dev/credici/papers/clear22/Experiments.java --executions 50 --datasize 1000 --output /root/dev/credici/papers/clear22/output/211017_202430 --logfile /root/dev/credici/papers/clear22/output/211017_202430_log.txt --timeout 1800 -q --seed 0 --simpleOutput /root/dev/credici/papers/clear22/models/s1b/chain_twExo1_nEndo15_1.uai
["results=dict(file='chain_twExo1_nEndo15_1.uai', folder='s1b', seed=0, markovian=False, exoTW=1, error=True, nExo=9, nEndo=15, errorMsg='java.util.concurrent.TimeoutException')\n", '\n']
14/61: s1b/chain_twExo1_nEndo5_12.uai
--executions 50 --datasize 1000 --output /root/dev/credici/papers/clear22/output/211017_202430 --logfile /root/dev/credici/papers/clear22/output/211017_202430_log.txt --timeout 1800 -q --seed 0 --simpleOutput /root/dev/credici/papers/clear22/models/s1b/chain_twExo1_nEndo5_12.uai
java -cp /root/dev/credici/target/credici-0.1.3-jar-with-dependencies.jar /root/dev/credici/papers/clear22/Experiments.java --executions 50 --datasize 1000 --output /root/dev/credici/papers/clear22/output/211017_202430 --logfile /root/dev/credici/papers/clear22/output/211017_202430_log.txt --timeout 1800 -q --seed 0 --simpleOutput /root/dev/credici/papers/clear22/models/s1b/chain_twExo1_nEndo5_12.uai
["results=dict(partitions=9, seed=0, aceEM_l=[-0.7907728341468718, -0.4147097023898558, -0.5150645784524848, -0.4651015303328781, -0.014680926909493297, -0.011490088416868938, -0.018704026935652096, -0.12157253896659703, -0.08655237377842173], maxiter=200, markovian=False, aceExact_u=-1.971607289730226E-5, pnsExact_u=0.10352185373030995, error=False, nEndo=5, pnsEM_l=[8.522148800000003E-8, 3.5292776136984685E-5, 0.003969509293665531, 5.957838316861485E-4, 0.001367869283360768, 6.6777880180797E-4, 0.004276361996742308, 0.0017196250824137848, 3.095544182840248E-4], errorMsg='', timeExact=14917, file='chain_twExo1_nEndo5_12.uai', folder='s1b', aceExact_l=-0.08796411742138055, convPoints=[31.0, 10.0, 20.0, 39.0, 31.0, 20.0, 44.0, 30.0, 7.0], executions=50, pnsEM_u=[0.398259337761804, 0.21994861018532225, 0.2726714791450197, 0.11267102376792863, 0.12544136472223727, 0.11970794684845198, 0.1384941818423894, 0.10562515250511742, 0.09543623184724553], exoTW=1, timeEM=[226.0, 23503.0, 32683.0, 41089.0, 45378.0, 45259.0, 45205.0, 49253.0, 30890.0], datasize=1000, nExo=3, aceEM_u=[0.774561676949992, 0.41600290389253336, 0.34055727192200147, 0.08144211638614496, 0.09585290270840519, 0.04079032599964294, 0.09606499560660997, -2.432017056833713E-4, -3.588070155791101E-5], pnsExact_l=0.0013601399832722351)\n", '\n']Note: /root/dev/credici/papers/clear22/Experiments.java uses unchecked or unsafe operations.
Note: Recompile with -Xlint:unchecked for details.
Note: /root/dev/credici/papers/clear22/Experiments.java uses unchecked or unsafe operations.
Note: Recompile with -Xlint:unchecked for details.
java.util.concurrent.TimeoutException
	at ch.idsia.crema.utility.InvokerWithTimeout.run(InvokerWithTimeout.java:36)
	at Experiments.run(Experiments.java:155)
	at picocli.CommandLine.execute(CommandLine.java:1160)
	at picocli.CommandLine.access$800(CommandLine.java:141)
	at picocli.CommandLine$RunLast.handle(CommandLine.java:1367)
	at picocli.CommandLine$RunLast.handle(CommandLine.java:1335)
	at picocli.CommandLine$AbstractParseResultHandler.handleParseResult(CommandLine.java:1243)
	at picocli.CommandLine.parseWithHandlers(CommandLine.java:1526)
	at picocli.CommandLine.run(CommandLine.java:1974)
	at picocli.CommandLine.run(CommandLine.java:1904)
	at Experiments.main(Experiments.java:118)
	at java.base/jdk.internal.reflect.NativeMethodAccessorImpl.invoke0(Native Method)
	at java.base/jdk.internal.reflect.NativeMethodAccessorImpl.invoke(NativeMethodAccessorImpl.java:62)
	at java.base/jdk.internal.reflect.DelegatingMethodAccessorImpl.invoke(DelegatingMethodAccessorImpl.java:43)
	at java.base/java.lang.reflect.Method.invoke(Method.java:567)
	at jdk.compiler/com.sun.tools.javac.launcher.Main.execute(Main.java:415)
	at jdk.compiler/com.sun.tools.javac.launcher.Main.run(Main.java:192)
	at jdk.compiler/com.sun.tools.javac.launcher.Main.main(Main.java:132)
Note: /root/dev/credici/papers/clear22/Experiments.java uses unchecked or unsafe operations.
Note: Recompile with -Xlint:unchecked for details.
Note: /root/dev/credici/papers/clear22/Experiments.java uses unchecked or unsafe operations.
Note: Recompile with -Xlint:unchecked for details.
java.util.concurrent.TimeoutException
	at ch.idsia.crema.utility.InvokerWithTimeout.run(InvokerWithTimeout.java:36)
	at Experiments.run(Experiments.java:155)
	at picocli.CommandLine.execute(CommandLine.java:1160)
	at picocli.CommandLine.access$800(CommandLine.java:141)
	at picocli.CommandLine$RunLast.handle(CommandLine.java:1367)
	at picocli.CommandLine$RunLast.handle(CommandLine.java:1335)
	at picocli.CommandLine$AbstractParseResultHandler.handleParseResult(CommandLine.java:1243)
	at picocli.CommandLine.parseWithHandlers(CommandLine.java:1526)
	at picocli.CommandLine.run(CommandLine.java:1974)
	at picocli.CommandLine.run(CommandLine.java:1904)
	at Experiments.main(Experiments.java:118)
	at java.base/jdk.internal.reflect.NativeMethodAccessorImpl.invoke0(Native Method)
	at java.base/jdk.internal.reflect.NativeMethodAccessorImpl.invoke(NativeMethodAccessorImpl.java:62)
	at java.base/jdk.internal.reflect.DelegatingMethodAccessorImpl.invoke(DelegatingMethodAccessorImpl.java:43)
	at java.base/java.lang.reflect.Method.invoke(Method.java:567)
	at jdk.compiler/com.sun.tools.javac.launcher.Main.execute(Main.java:415)
	at jdk.compiler/com.sun.tools.javac.launcher.Main.run(Main.java:192)
	at jdk.compiler/com.sun.tools.javac.launcher.Main.main(Main.java:132)
Note: /root/dev/credici/papers/clear22/Experiments.java uses unchecked or unsafe operations.
Note: Recompile with -Xlint:unchecked for details.

15/61: s1b/chain_twExo0_nEndo5_13.uai
--executions 50 --datasize 1000 --output /root/dev/credici/papers/clear22/output/211017_202430 --logfile /root/dev/credici/papers/clear22/output/211017_202430_log.txt --timeout 1800 -q --seed 0 --simpleOutput /root/dev/credici/papers/clear22/models/s1b/chain_twExo0_nEndo5_13.uai
java -cp /root/dev/credici/target/credici-0.1.3-jar-with-dependencies.jar /root/dev/credici/papers/clear22/Experiments.java --executions 50 --datasize 1000 --output /root/dev/credici/papers/clear22/output/211017_202430 --logfile /root/dev/credici/papers/clear22/output/211017_202430_log.txt --timeout 1800 -q --seed 0 --simpleOutput /root/dev/credici/papers/clear22/models/s1b/chain_twExo0_nEndo5_13.uai
["results=dict(partitions=9, seed=0, aceEM_l=[-0.9158543097538596, -0.6741019551050129, -0.2769772877364291, -0.1043552593843442, -0.14039454107931698, -0.028145614532284424, 0.004029518674066257, 0.014340216351969914, 0.01507174450065979], maxiter=200, markovian=True, aceExact_u=0.01507163027411823, pnsExact_u=0.10179747128477744, error=False, nEndo=5, pnsEM_l=[5.2785165816355215E-6, 3.178651076058078E-5, 3.531946110597327E-4, 0.01053489241721602, 0.009430173302695199, 0.0012276710939611354, 0.008420866139127691, 0.023816991135932355, 0.023876009384254767], errorMsg='', timeExact=90331, file='chain_twExo0_nEndo5_13.uai', folder='s1b', aceExact_l=0.01507163027411823, convPoints=[17.0, 19.0, 17.0, 42.0, 14.0, 22.0, 21.0, 2.0, 34.0], executions=50, pnsEM_u=[0.25177286141843125, 0.2641131535078629, 0.25398795818581, 0.1472863567980581, 0.10651199252739366, 0.10625073237447827, 0.10356994127583424, 0.10119110814558593, 0.10179003328510848], exoTW=1, timeEM=[279.0, 28527.0, 21177.0, 77508.0, 103765.0, 112479.0, 139269.0, 159163.0, 178974.0], datasize=1000, nExo=5, aceEM_u=[0.9231052254372132, 0.5239443109359776, 0.26767091807831583, 0.0901552631607101, 0.13498969797079308, 0.023542416249719866, 0.014262292786653585, 0.015167995652031696, 0.01507174450065979], pnsExact_l=0.023972440048216078)\n", '\n']
16/61: s1b/chain_twExo1_nEndo10_14.uai
--executions 50 --datasize 1000 --output /root/dev/credici/papers/clear22/output/211017_202430 --logfile /root/dev/credici/papers/clear22/output/211017_202430_log.txt --timeout 1800 -q --seed 0 --simpleOutput /root/dev/credici/papers/clear22/models/s1b/chain_twExo1_nEndo10_14.uai
java -cp /root/dev/credici/target/credici-0.1.3-jar-with-dependencies.jar /root/dev/credici/papers/clear22/Experiments.java --executions 50 --datasize 1000 --output /root/dev/credici/papers/clear22/output/211017_202430 --logfile /root/dev/credici/papers/clear22/output/211017_202430_log.txt --timeout 1800 -q --seed 0 --simpleOutput /root/dev/credici/papers/clear22/models/s1b/chain_twExo1_nEndo10_14.uai
["results=dict(file='chain_twExo1_nEndo10_14.uai', folder='s1b', seed=0, markovian=False, exoTW=1, error=True, nExo=6, nEndo=10, errorMsg='java.util.concurrent.TimeoutException')\n", '\n']
17/61: s1b/chain_twExo0_nEndo5_16.uai
--executions 50 --datasize 1000 --output /root/dev/credici/papers/clear22/output/211017_202430 --logfile /root/dev/credici/papers/clear22/output/211017_202430_log.txt --timeout 1800 -q --seed 0 --simpleOutput /root/dev/credici/papers/clear22/models/s1b/chain_twExo0_nEndo5_16.uai
java -cp /root/dev/credici/target/credici-0.1.3-jar-with-dependencies.jar /root/dev/credici/papers/clear22/Experiments.java --executions 50 --datasize 1000 --output /root/dev/credici/papers/clear22/output/211017_202430 --logfile /root/dev/credici/papers/clear22/output/211017_202430_log.txt --timeout 1800 -q --seed 0 --simpleOutput /root/dev/credici/papers/clear22/models/s1b/chain_twExo0_nEndo5_16.uai
["results=dict(partitions=9, seed=0, aceEM_l=[-0.8990726780449625, -0.9147587380103124, -0.9052740624983471, -0.18312719004562783, -0.10139410545182947, -0.07390064900093885, -0.007242226667493745, -0.0022354345702459977, -0.004888284708104762], maxiter=200, markovian=True, aceExact_u=9.728764110792376E-4, pnsExact_u=0.0017229955466850854, error=False, nEndo=5, pnsEM_l=[9.752962143070084E-6, 1.0427755893748801E-4, 6.133933757641351E-5, 1.848387135497749E-5, 3.7002125116448334E-6, 3.085052200927555E-5, 7.831744537988947E-6, 8.254835270536349E-5, 8.778651615347667E-5], errorMsg='', timeExact=95309, file='chain_twExo0_nEndo5_16.uai', folder='s1b', aceExact_l=-9.908266370255436E-4, convPoints=[34.0, 45.0, 47.0, 15.0, 31.0, 5.0, 25.0, 22.0, 7.0], executions=50, pnsEM_u=[0.17083710697227283, 0.13311241845608993, 0.08325630857459702, 0.02863793738246578, 0.01650428781789256, 0.012487660325393567, 0.00107764532012101, 0.001971564466151389, 0.0017070603559144028], exoTW=1, timeEM=[274.0, 31402.0, 55862.0, 81775.0, 89419.0, 98025.0, 131957.0, 156780.0, 185240.0], datasize=1000, nExo=5, aceEM_u=[0.8987639443033248, 0.9031517205774604, 0.9052704346731006, 0.18279336203525376, 0.10049269932038007, 0.07616927344844582, 0.007225560173200751, 0.002174151331668761, 0.004881049717062824], pnsExact_l=5.3180213596240036E-5)\n", '\n']
18/61: s1b/chain_twExo1_nEndo10_12.uai
--executions 50 --datasize 1000 --output /root/dev/credici/papers/clear22/output/211017_202430 --logfile /root/dev/credici/papers/clear22/output/211017_202430_log.txt --timeout 1800 -q --seed 0 --simpleOutput /root/dev/credici/papers/clear22/models/s1b/chain_twExo1_nEndo10_12.uai
java -cp /root/dev/credici/target/credici-0.1.3-jar-with-dependencies.jar /root/dev/credici/papers/clear22/Experiments.java --executions 50 --datasize 1000 --output /root/dev/credici/papers/clear22/output/211017_202430 --logfile /root/dev/credici/papers/clear22/output/211017_202430_log.txt --timeout 1800 -q --seed 0 --simpleOutput /root/dev/credici/papers/clear22/models/s1b/chain_twExo1_nEndo10_12.uai
["results=dict(seed=0, markovian=False, aceExact_u=0.04958780278585778, pnsExact_u=0.0635748001853931, error=True, nEndo=10, errorMsg='java.util.concurrent.TimeoutException', timeExact=1285679, file='chain_twExo1_nEndo10_12.uai', folder='s1b', aceExact_l=-5.971430279377854E-5, exoTW=1, nExo=6, pnsExact_l=4.375558410185016E-5)\n", '\n']
19/61: s1b/chain_twExo1_nEndo5_19.uai
--executions 50 --datasize 1000 --output /root/dev/credici/papers/clear22/output/211017_202430 --logfile /root/dev/credici/papers/clear22/output/211017_202430_log.txt --timeout 1800 -q --seed 0 --simpleOutput /root/dev/credici/papers/clear22/models/s1b/chain_twExo1_nEndo5_19.uai
java -cp /root/dev/credici/target/credici-0.1.3-jar-with-dependencies.jar /root/dev/credici/papers/clear22/Experiments.java --executions 50 --datasize 1000 --output /root/dev/credici/papers/clear22/output/211017_202430 --logfile /root/dev/credici/papers/clear22/output/211017_202430_log.txt --timeout 1800 -q --seed 0 --simpleOutput /root/dev/credici/papers/clear22/models/s1b/chain_twExo1_nEndo5_19.uai
["results=dict(partitions=9, seed=0, aceEM_l=[-0.8751968882981619, -0.9099296761362168, -0.37128746833099735, -0.005224867852486437, -0.0034031528580658055, -0.0054646159888702694, -0.0021100050182928376, -8.683672875950954E-4, -4.308260356693516E-4], maxiter=200, markovian=False, aceExact_u=9.433026416069135E-4, pnsExact_u=9.560256193929272E-4, error=False, nEndo=5, pnsEM_l=[3.1976262E-7, 1.419179338962018E-7, 5.361164868476459E-4, 0.0030896487551853374, 0.0032339164912090386, 6.365846079046399E-4, 8.41508130591209E-4, 8.728774240340302E-4, 9.229147669747122E-4], errorMsg='', timeExact=45466, file='chain_twExo1_nEndo5_19.uai', folder='s1b', aceExact_l=-6.491489769179237E-4, convPoints=[19.0, 23.0, 24.0, 9.0, 3.0, 32.0, 16.0, 6.0, 29.0], executions=50, pnsEM_u=[0.12362258990594702, 0.09568162222614612, 0.25658848341582235, 0.009666032680577571, 0.008754446638264043, 0.0023821590763268338, 9.497333504641589E-4, 9.560300809261285E-4, 9.560179670914763E-4], exoTW=1, timeEM=[236.0, 18992.0, 28360.0, 46864.0, 56237.0, 70134.0, 80310.0, 90099.0, 102827.0], datasize=1000, nExo=3, aceEM_u=[0.8709825069850542, 0.9217212708690393, 0.5184954984616217, 0.006110328924241681, 0.004371545963763213, 0.005742852042882052, 0.00292650022720653, 0.0016529085055062565, 9.844277395205658E-4], pnsExact_l=9.238654638904498E-4)\n", '\n']
20/61: s1b/chain_twExo0_nEndo15_15.uai
--executions 50 --datasize 1000 --output /root/dev/credici/papers/clear22/output/211017_202430 --logfile /root/dev/credici/papers/clear22/output/211017_202430_log.txt --timeout 1800 -q --seed 0 --simpleOutput /root/dev/credici/papers/clear22/models/s1b/chain_twExo0_nEndo15_15.uaiNote: /root/dev/credici/papers/clear22/Experiments.java uses unchecked or unsafe operations.
Note: Recompile with -Xlint:unchecked for details.
java.util.concurrent.TimeoutException
	at ch.idsia.crema.utility.InvokerWithTimeout.run(InvokerWithTimeout.java:36)
	at Experiments.run(Experiments.java:155)
	at picocli.CommandLine.execute(CommandLine.java:1160)
	at picocli.CommandLine.access$800(CommandLine.java:141)
	at picocli.CommandLine$RunLast.handle(CommandLine.java:1367)
	at picocli.CommandLine$RunLast.handle(CommandLine.java:1335)
	at picocli.CommandLine$AbstractParseResultHandler.handleParseResult(CommandLine.java:1243)
	at picocli.CommandLine.parseWithHandlers(CommandLine.java:1526)
	at picocli.CommandLine.run(CommandLine.java:1974)
	at picocli.CommandLine.run(CommandLine.java:1904)
	at Experiments.main(Experiments.java:118)
	at java.base/jdk.internal.reflect.NativeMethodAccessorImpl.invoke0(Native Method)
	at java.base/jdk.internal.reflect.NativeMethodAccessorImpl.invoke(NativeMethodAccessorImpl.java:62)
	at java.base/jdk.internal.reflect.DelegatingMethodAccessorImpl.invoke(DelegatingMethodAccessorImpl.java:43)
	at java.base/java.lang.reflect.Method.invoke(Method.java:567)
	at jdk.compiler/com.sun.tools.javac.launcher.Main.execute(Main.java:415)
	at jdk.compiler/com.sun.tools.javac.launcher.Main.run(Main.java:192)
	at jdk.compiler/com.sun.tools.javac.launcher.Main.main(Main.java:132)
Note: /root/dev/credici/papers/clear22/Experiments.java uses unchecked or unsafe operations.
Note: Recompile with -Xlint:unchecked for details.
java.util.concurrent.TimeoutException
	at ch.idsia.crema.utility.InvokerWithTimeout.run(InvokerWithTimeout.java:36)
	at Experiments.run(Experiments.java:155)
	at picocli.CommandLine.execute(CommandLine.java:1160)
	at picocli.CommandLine.access$800(CommandLine.java:141)
	at picocli.CommandLine$RunLast.handle(CommandLine.java:1367)
	at picocli.CommandLine$RunLast.handle(CommandLine.java:1335)
	at picocli.CommandLine$AbstractParseResultHandler.handleParseResult(CommandLine.java:1243)
	at picocli.CommandLine.parseWithHandlers(CommandLine.java:1526)
	at picocli.CommandLine.run(CommandLine.java:1974)
	at picocli.CommandLine.run(CommandLine.java:1904)
	at Experiments.main(Experiments.java:118)
	at java.base/jdk.internal.reflect.NativeMethodAccessorImpl.invoke0(Native Method)
	at java.base/jdk.internal.reflect.NativeMethodAccessorImpl.invoke(NativeMethodAccessorImpl.java:62)
	at java.base/jdk.internal.reflect.DelegatingMethodAccessorImpl.invoke(DelegatingMethodAccessorImpl.java:43)
	at java.base/java.lang.reflect.Method.invoke(Method.java:567)
	at jdk.compiler/com.sun.tools.javac.launcher.Main.execute(Main.java:415)
	at jdk.compiler/com.sun.tools.javac.launcher.Main.run(Main.java:192)
	at jdk.compiler/com.sun.tools.javac.launcher.Main.main(Main.java:132)
Note: /root/dev/credici/papers/clear22/Experiments.java uses unchecked or unsafe operations.
Note: Recompile with -Xlint:unchecked for details.
Note: /root/dev/credici/papers/clear22/Experiments.java uses unchecked or unsafe operations.
Note: Recompile with -Xlint:unchecked for details.
java.util.concurrent.TimeoutException
	at ch.idsia.crema.utility.InvokerWithTimeout.run(InvokerWithTimeout.java:36)
	at Experiments.run(Experiments.java:155)
	at picocli.CommandLine.execute(CommandLine.java:1160)
	at picocli.CommandLine.access$800(CommandLine.java:141)
	at picocli.CommandLine$RunLast.handle(CommandLine.java:1367)
	at picocli.CommandLine$RunLast.handle(CommandLine.java:1335)
	at picocli.CommandLine$AbstractParseResultHandler.handleParseResult(CommandLine.java:1243)
	at picocli.CommandLine.parseWithHandlers(CommandLine.java:1526)
	at picocli.CommandLine.run(CommandLine.java:1974)
	at picocli.CommandLine.run(CommandLine.java:1904)
	at Experiments.main(Experiments.java:118)
	at java.base/jdk.internal.reflect.NativeMethodAccessorImpl.invoke0(Native Method)
	at java.base/jdk.internal.reflect.NativeMethodAccessorImpl.invoke(NativeMethodAccessorImpl.java:62)
	at java.base/jdk.internal.reflect.DelegatingMethodAccessorImpl.invoke(DelegatingMethodAccessorImpl.java:43)
	at java.base/java.lang.reflect.Method.invoke(Method.java:567)
	at jdk.compiler/com.sun.tools.javac.launcher.Main.execute(Main.java:415)
	at jdk.compiler/com.sun.tools.javac.launcher.Main.run(Main.java:192)
	at jdk.compiler/com.sun.tools.javac.launcher.Main.main(Main.java:132)
Note: /root/dev/credici/papers/clear22/Experiments.java uses unchecked or unsafe operations.
Note: Recompile with -Xlint:unchecked for details.
java.util.concurrent.TimeoutException
	at ch.idsia.crema.utility.InvokerWithTimeout.run(InvokerWithTimeout.java:36)
	at Experiments.run(Experiments.java:155)
	at picocli.CommandLine.execute(CommandLine.java:1160)
	at picocli.CommandLine.access$800(CommandLine.java:141)
	at picocli.CommandLine$RunLast.handle(CommandLine.java:1367)
	at picocli.CommandLine$RunLast.handle(CommandLine.java:1335)
	at picocli.CommandLine$AbstractParseResultHandler.handleParseResult(CommandLine.java:1243)
	at picocli.CommandLine.parseWithHandlers(CommandLine.java:1526)
	at picocli.CommandLine.run(CommandLine.java:1974)
	at picocli.CommandLine.run(CommandLine.java:1904)
	at Experiments.main(Experiments.java:118)
	at java.base/jdk.internal.reflect.NativeMethodAccessorImpl.invoke0(Native Method)
	at java.base/jdk.internal.reflect.NativeMethodAccessorImpl.invoke(NativeMethodAccessorImpl.java:62)
	at java.base/jdk.internal.reflect.DelegatingMethodAccessorImpl.invoke(DelegatingMethodAccessorImpl.java:43)
	at java.base/java.lang.reflect.Method.invoke(Method.java:567)
	at jdk.compiler/com.sun.tools.javac.launcher.Main.execute(Main.java:415)
	at jdk.compiler/com.sun.tools.javac.launcher.Main.run(Main.java:192)
	at jdk.compiler/com.sun.tools.javac.launcher.Main.main(Main.java:132)
Note: /root/dev/credici/papers/clear22/Experiments.java uses unchecked or unsafe operations.
Note: Recompile with -Xlint:unchecked for details.
java.util.concurrent.TimeoutException
	at ch.idsia.crema.utility.InvokerWithTimeout.run(InvokerWithTimeout.java:36)
	at Experiments.run(Experiments.java:155)
	at picocli.CommandLine.execute(CommandLine.java:1160)
	at picocli.CommandLine.access$800(CommandLine.java:141)
	at picocli.CommandLine$RunLast.handle(CommandLine.java:1367)
	at picocli.CommandLine$RunLast.handle(CommandLine.java:1335)
	at picocli.CommandLine$AbstractParseResultHandler.handleParseResult(CommandLine.java:1243)
	at picocli.CommandLine.parseWithHandlers(CommandLine.java:1526)
	at picocli.CommandLine.run(CommandLine.java:1974)
	at picocli.CommandLine.run(CommandLine.java:1904)
	at Experiments.main(Experiments.java:118)
	at java.base/jdk.internal.reflect.NativeMethodAccessorImpl.invoke0(Native Method)
	at java.base/jdk.internal.reflect.NativeMethodAccessorImpl.invoke(NativeMethodAccessorImpl.java:62)
	at java.base/jdk.internal.reflect.DelegatingMethodAccessorImpl.invoke(DelegatingMethodAccessorImpl.java:43)
	at java.base/java.lang.reflect.Method.invoke(Method.java:567)
	at jdk.compiler/com.sun.tools.javac.launcher.Main.execute(Main.java:415)
	at jdk.compiler/com.sun.tools.javac.launcher.Main.run(Main.java:192)
	at jdk.compiler/com.sun.tools.javac.launcher.Main.main(Main.java:132)
Note: /root/dev/credici/papers/clear22/Experiments.java uses unchecked or unsafe operations.
Note: Recompile with -Xlint:unchecked for details.

java -cp /root/dev/credici/target/credici-0.1.3-jar-with-dependencies.jar /root/dev/credici/papers/clear22/Experiments.java --executions 50 --datasize 1000 --output /root/dev/credici/papers/clear22/output/211017_202430 --logfile /root/dev/credici/papers/clear22/output/211017_202430_log.txt --timeout 1800 -q --seed 0 --simpleOutput /root/dev/credici/papers/clear22/models/s1b/chain_twExo0_nEndo15_15.uai
["results=dict(file='chain_twExo0_nEndo15_15.uai', folder='s1b', seed=0, markovian=True, exoTW=1, error=True, nExo=15, nEndo=15, errorMsg='java.util.concurrent.TimeoutException')\n", '\n']
21/61: s1b/chain_twExo1_nEndo10_16.uai
--executions 50 --datasize 1000 --output /root/dev/credici/papers/clear22/output/211017_202430 --logfile /root/dev/credici/papers/clear22/output/211017_202430_log.txt --timeout 1800 -q --seed 0 --simpleOutput /root/dev/credici/papers/clear22/models/s1b/chain_twExo1_nEndo10_16.uai
java -cp /root/dev/credici/target/credici-0.1.3-jar-with-dependencies.jar /root/dev/credici/papers/clear22/Experiments.java --executions 50 --datasize 1000 --output /root/dev/credici/papers/clear22/output/211017_202430 --logfile /root/dev/credici/papers/clear22/output/211017_202430_log.txt --timeout 1800 -q --seed 0 --simpleOutput /root/dev/credici/papers/clear22/models/s1b/chain_twExo1_nEndo10_16.uai
["results=dict(seed=0, markovian=False, aceExact_u=0.9829339918704464, pnsExact_u=2.251934458417504E-8, error=True, nEndo=10, errorMsg='java.util.concurrent.TimeoutException', timeExact=1725357, file='chain_twExo1_nEndo10_16.uai', folder='s1b', aceExact_l=-0.9829339827994211, exoTW=1, nExo=6, pnsExact_l=7.775757460533006E-12)\n", '\n']
22/61: s1b/chain_twExo1_nEndo5_10.uai
--executions 50 --datasize 1000 --output /root/dev/credici/papers/clear22/output/211017_202430 --logfile /root/dev/credici/papers/clear22/output/211017_202430_log.txt --timeout 1800 -q --seed 0 --simpleOutput /root/dev/credici/papers/clear22/models/s1b/chain_twExo1_nEndo5_10.uai
java -cp /root/dev/credici/target/credici-0.1.3-jar-with-dependencies.jar /root/dev/credici/papers/clear22/Experiments.java --executions 50 --datasize 1000 --output /root/dev/credici/papers/clear22/output/211017_202430 --logfile /root/dev/credici/papers/clear22/output/211017_202430_log.txt --timeout 1800 -q --seed 0 --simpleOutput /root/dev/credici/papers/clear22/models/s1b/chain_twExo1_nEndo5_10.uai
["results=dict(partitions=9, seed=0, aceEM_l=[-0.9243559610445412, -0.5721337358139114, -0.5685263616660796, -0.24926790775348173, -0.0035511885374621688, -0.0022939543441935495, -0.0021481397630238597, -0.008433676102335252, -0.011618717875766849], maxiter=200, markovian=False, aceExact_u=0.002180758553874451, pnsExact_u=0.09321162477183764, error=False, nEndo=5, pnsEM_l=[4.885510066000001E-5, 4.3680833047019034E-4, 1.0568275376143304E-4, 5.99644992467084E-4, 0.001102460124908143, 0.0018071241713248263, 0.0023488796866401904, 0.004120737032605355, 8.412987561033808E-4], errorMsg='', timeExact=45468, file='chain_twExo1_nEndo5_10.uai', folder='s1b', aceExact_l=-0.010774960280552248, convPoints=[26.0, 4.0, 28.0, 12.0, 7.0, 13.0, 27.0, 13.0, 49.0], executions=50, pnsEM_u=[0.5154642575873762, 0.21447485827206905, 0.2014162082898817, 0.16383128422094517, 0.11287992367361324, 0.10346744207430351, 0.10170684315113801, 0.10385461800481681, 0.09805219202982086], exoTW=1, timeEM=[228.0, 3626.0, 32590.0, 46173.0, 60259.0, 65013.0, 78889.0, 93113.0, 104381.0], datasize=1000, nExo=3, aceEM_u=[0.8835855884729091, 0.28018202189127517, 0.25884724779038926, 0.08606765232933311, 0.016122998438923064, 0.021617161768437088, 0.0062430230709282775, 0.0017795173430258382, 0.002250798103175855], pnsExact_l=9.401079770139739E-4)\n", '\n']
23/61: s1b/chain_twExo0_nEndo15_13.uai
--executions 50 --datasize 1000 --output /root/dev/credici/papers/clear22/output/211017_202430 --logfile /root/dev/credici/papers/clear22/output/211017_202430_log.txt --timeout 1800 -q --seed 0 --simpleOutput /root/dev/credici/papers/clear22/models/s1b/chain_twExo0_nEndo15_13.uai
java -cp /root/dev/credici/target/credici-0.1.3-jar-with-dependencies.jar /root/dev/credici/papers/clear22/Experiments.java --executions 50 --datasize 1000 --output /root/dev/credici/papers/clear22/output/211017_202430 --logfile /root/dev/credici/papers/clear22/output/211017_202430_log.txt --timeout 1800 -q --seed 0 --simpleOutput /root/dev/credici/papers/clear22/models/s1b/chain_twExo0_nEndo15_13.uai
["results=dict(file='chain_twExo0_nEndo15_13.uai', folder='s1b', seed=0, markovian=True, exoTW=1, error=True, nExo=15, nEndo=15, errorMsg='java.util.concurrent.TimeoutException')\n", '\n']
24/61: s1b/chain_twExo0_nEndo15_11.uai
--executions 50 --datasize 1000 --output /root/dev/credici/papers/clear22/output/211017_202430 --logfile /root/dev/credici/papers/clear22/output/211017_202430_log.txt --timeout 1800 -q --seed 0 --simpleOutput /root/dev/credici/papers/clear22/models/s1b/chain_twExo0_nEndo15_11.uai
java -cp /root/dev/credici/target/credici-0.1.3-jar-with-dependencies.jar /root/dev/credici/papers/clear22/Experiments.java --executions 50 --datasize 1000 --output /root/dev/credici/papers/clear22/output/211017_202430 --logfile /root/dev/credici/papers/clear22/output/211017_202430_log.txt --timeout 1800 -q --seed 0 --simpleOutput /root/dev/credici/papers/clear22/models/s1b/chain_twExo0_nEndo15_11.uai
["results=dict(file='chain_twExo0_nEndo15_11.uai', folder='s1b', seed=0, markovian=True, exoTW=1, error=True, nExo=15, nEndo=15, errorMsg='java.util.concurrent.TimeoutException')\n", '\n']
25/61: s1b/chain_twExo1_nEndo10_17.uai
--executions 50 --datasize 1000 --output /root/dev/credici/papers/clear22/output/211017_202430 --logfile /root/dev/credici/papers/clear22/output/211017_202430_log.txt --timeout 1800 -q --seed 0 --simpleOutput /root/dev/credici/papers/clear22/models/s1b/chain_twExo1_nEndo10_17.uai
java -cp /root/dev/credici/target/credici-0.1.3-jar-with-dependencies.jar /root/dev/credici/papers/clear22/Experiments.java --executions 50 --datasize 1000 --output /root/dev/credici/papers/clear22/output/211017_202430 --logfile /root/dev/credici/papers/clear22/output/211017_202430_log.txt --timeout 1800 -q --seed 0 --simpleOutput /root/dev/credici/papers/clear22/models/s1b/chain_twExo1_nEndo10_17.uai
["results=dict(seed=0, markovian=False, aceExact_u=6.873341830165858E-6, pnsExact_u=1.9438201440957612E-10, error=True, nEndo=10, errorMsg='java.util.concurrent.TimeoutException', timeExact=1256591, file='chain_twExo1_nEndo10_17.uai', folder='s1b', aceExact_l=-6.873177912064543E-6, exoTW=1, nExo=5, pnsExact_l=1.9564940949856021E-16)\n", '\n']
26/61: s1b/chain_twExo0_nEndo5_12.uai
--executions 50 --datasize 1000 --output /root/dev/credici/papers/clear22/output/211017_202430 --logfile /root/dev/credici/papers/clear22/output/211017_202430_log.txt --timeout 1800 -q --seed 0 --simpleOutput /root/dev/credici/papers/clear22/models/s1b/chain_twExo0_nEndo5_12.uai
java -cp /root/dev/credici/target/credici-0.1.3-jar-with-dependencies.jar /root/dev/credici/papers/clear22/Experiments.java --executions 50 --datasize 1000 --output /root/dev/credici/papers/clear22/output/211017_202430 --logfile /root/dev/credici/papers/clear22/output/211017_202430_log.txt --timeout 1800 -q --seed 0 --simpleOutput /root/dev/credici/papers/clear22/models/s1b/chain_twExo0_nEndo5_12.uai
["results=dict(partitions=9, seed=0, aceEM_l=[-0.9547118548155256, -0.6033129128264201, -0.7550931113451443, -0.5408893875830351, -0.19055861557657244, -0.029146560662959453, -0.03191679477758752, -0.026258055484935927, -0.025402265326644247], maxiter=200, markovian=True, aceExact_u=-0.02540226936203338, pnsExact_u=0.2977856539388065, error=False, nEndo=5, pnsEM_l=[3.7231430301250186E-4, 4.7426324122078905E-4, 4.470571739668084E-5, 0.03564966936169077, 0.051375092779907136, 0.06822506680287914, 0.05628284481873701, 0.04601947631660745, 0.045430398800140034], errorMsg='', timeExact=63649, file='chain_twExo0_nEndo5_12.uai', folder='s1b', aceExact_l=-0.02540226936203338, convPoints=[22.0, 10.0, 25.0, 27.0, 30.0, 16.0, 2.0, 4.0, 12.0], executions=50, pnsEM_u=[0.4330739512681647, 0.3335684114280993, 0.21936984114471936, 0.39416486342879353, 0.29674942144014416, 0.28547984819107053, 0.2991794903151908, 0.2918592816721405, 0.29413125312727917], exoTW=1, timeEM=[265.0, 33246.0, 49211.0, 83578.0, 118445.0, 135855.0, 170691.0, 119821.0, 119448.0], datasize=1000, nExo=5, aceEM_u=[0.9550240947113097, 0.8196648107917937, 0.7702160485637631, 0.6098551124424315, 0.19658584649323285, -0.029121206558611612, -0.031912416477981875, -0.026258055484935927, -0.025402265326644247], pnsExact_l=0.045430450153994675)\n", '\n']Note: /root/dev/credici/papers/clear22/Experiments.java uses unchecked or unsafe operations.
Note: Recompile with -Xlint:unchecked for details.
Note: /root/dev/credici/papers/clear22/Experiments.java uses unchecked or unsafe operations.
Note: Recompile with -Xlint:unchecked for details.
Note: /root/dev/credici/papers/clear22/Experiments.java uses unchecked or unsafe operations.
Note: Recompile with -Xlint:unchecked for details.
