#
# There is insufficient memory for the Java Runtime Environment to continue.
# Native memory allocation (mmap) failed to map 4388421632 bytes for committing reserved memory.
# Possible reasons:
#   The system is out of physical RAM or swap space
# Possible solutions:
#   Reduce memory load on the system
#   Increase physical memory or swap space
#   Check if swap backing store is full
#   Decrease Java heap size (-Xmx/-Xms)
#   Decrease number of Java threads
#   Decrease Java thread stack sizes (-Xss)
#   Set larger code cache with -XX:ReservedCodeCacheSize=
# This output file may be truncated or incomplete.
#
#  Out of Memory Error (os_linux.cpp:2899), pid=54980, tid=54982
#
# JRE version: OpenJDK Runtime Environment (13.0.7+5) (build 13.0.7+5-Ubuntu-0ubuntu120.04)
# Java VM: OpenJDK 64-Bit Server VM (13.0.7+5-Ubuntu-0ubuntu120.04, mixed mode, tiered, serial gc, linux-amd64)
# No core dump will be written. Core dumps have been disabled. To enable core dumping, try "ulimit -c unlimited" before starting Java again
#

---------------  S U M M A R Y ------------

Command Line: -Xmx64g --add-modules=ALL-DEFAULT jdk.compiler/com.sun.tools.javac.launcher.Main /mnt/beegfs/rcabanas/dev/credici/papers/JoCI/code/LearnMultiStudy.java -w -x 300 -m 500 -sc KL -th 0.0 --seed 0 --output /mnt/beegfs/rcabanas/dev/credici/papers/JoCI/output/synthetic/s1 -nh 4 /mnt/beegfs/rcabanas/dev/credici/papers/JoCI/models/synthetic/s1/random_mc2_n7_mid3_d1000_05_mr098_r10_84.uai

Host: AMD EPYC 7542 32-Core Processor, 64 cores, 251G, Ubuntu 20.04.4 LTS
Time: Mon Dec 12 08:41:33 2022 CET elapsed time: 20312.581487 seconds (0d 5h 38m 32s)

---------------  T H R E A D  ---------------

Current thread (0x00007f457c097800):  VMThread "VM Thread" [stack: 0x00007f4581ead000,0x00007f4581fad000] [id=54982]

Stack: [0x00007f4581ead000,0x00007f4581fad000],  sp=0x00007f4581fab160,  free space=1016k
Native frames: (J=compiled Java code, A=aot compiled Java code, j=interpreted, Vv=VM code, C=native code)
V  [libjvm.so+0xf8f092]
V  [libjvm.so+0xf8fc91]
V  [libjvm.so+0x66ee5a]
V  [libjvm.so+0xc44a41]
V  [libjvm.so+0xc3b263]
V  [libjvm.so+0xf87f4b]
V  [libjvm.so+0x557506]
V  [libjvm.so+0x557723]
V  [libjvm.so+0xf18b0c]
V  [libjvm.so+0x557e65]
V  [libjvm.so+0x7e2edb]
V  [libjvm.so+0x7e39bd]
V  [libjvm.so+0x7d8b48]
V  [libjvm.so+0xf90940]
V  [libjvm.so+0xf96657]
V  [libjvm.so+0xf96d2b]
V  [libjvm.so+0xf9706a]
V  [libjvm.so+0xf2208f]
V  [libjvm.so+0xc493ff]

VM_Operation (0x00007f4582c1d270): GenCollectForAllocation, mode: safepoint, requested by thread 0x00007f457c018000


---------------  P R O C E S S  ---------------

Threads class SMR info:
_java_thread_list=0x00007f457c1364c0, length=9, elements={
0x00007f457c018000, 0x00007f457c0a3800, 0x00007f457c0a7000, 0x00007f457c0cb800,
0x00007f457c0cd000, 0x00007f457c0cf000, 0x00007f457c0d1000, 0x00007f457c0d3000,
0x00007f457c135000
}

Java Threads: ( => current thread )
  0x00007f457c018000 JavaThread "main" [_thread_blocked, id=54981, stack(0x00007f4582b1f000,0x00007f4582c20000)]
  0x00007f457c0a3800 JavaThread "Reference Handler" daemon [_thread_blocked, id=54983, stack(0x00007f4581daa000,0x00007f4581eab000)]
  0x00007f457c0a7000 JavaThread "Finalizer" daemon [_thread_blocked, id=54984, stack(0x00007f4581ca9000,0x00007f4581daa000)]
  0x00007f457c0cb800 JavaThread "Signal Dispatcher" daemon [_thread_blocked, id=54985, stack(0x00007f4581b6f000,0x00007f4581c70000)]
  0x00007f457c0cd000 JavaThread "Service Thread" daemon [_thread_blocked, id=54986, stack(0x00007f4581a6e000,0x00007f4581b6f000)]
  0x00007f457c0cf000 JavaThread "C2 CompilerThread0" daemon [_thread_blocked, id=54987, stack(0x00007f458196d000,0x00007f4581a6e000)]
  0x00007f457c0d1000 JavaThread "C1 CompilerThread0" daemon [_thread_blocked, id=54988, stack(0x00007f458186c000,0x00007f458196d000)]
  0x00007f457c0d3000 JavaThread "Sweeper thread" daemon [_thread_blocked, id=54989, stack(0x00007f458176b000,0x00007f458186c000)]
  0x00007f457c135000 JavaThread "Common-Cleaner" daemon [_thread_blocked, id=54990, stack(0x00007f458166a000,0x00007f458176b000)]

Other Threads:
=>0x00007f457c097800 VMThread "VM Thread" [stack: 0x00007f4581ead000,0x00007f4581fad000] [id=54982]
  0x00007f457c181800 WatcherThread [stack: 0x00007f458156a000,0x00007f458166a000] [id=54991]

Threads with active compile tasks:

VM state:at safepoint (normal execution)

VM Mutex/Monitor currently owned by a thread:  ([mutex/lock_event])
[0x00007f457c0141d0] Threads_lock - owner thread: 0x00007f457c097800
[0x00007f457c014dd0] Heap_lock - owner thread: 0x00007f457c018000

Heap:
 def new generation   total 2892800K, used 3391K [0x00007f3564600000, 0x00007f36288e0000, 0x00007f3ab9b50000)
  eden space 2571392K,   0% used [0x00007f3564600000, 0x00007f356494fea8, 0x00007f3601520000)
  from space 321408K,   0% used [0x00007f3614f00000, 0x00007f3614f00000, 0x00007f36288e0000)
  to   space 321408K,   0% used [0x00007f3601520000, 0x00007f3601520000, 0x00007f3614f00000)
 tenured generation   total 6428352K, used 6428351K [0x00007f3ab9b50000, 0x00007f3c42100000, 0x00007f4564600000)
   the space 6428352K,  99% used [0x00007f3ab9b50000, 0x00007f3c420fffe8, 0x00007f3c42100000, 0x00007f3c42100000)
 Metaspace       used 25046K, capacity 25479K, committed 25600K, reserved 26624K

Card table byte_map: [0x00007f355c5ff000,0x00007f3564600000] _byte_map_base: 0x00007ef5c1adc000

Polling page: 0x00007f45845ab000

Metaspace:

Usage:
   24.88 MB capacity,    24.46 MB ( 98%) used,   317.48 KB (  1%) free+waste,   115.31 KB ( <1%) overhead. 

Virtual space:
     26.00 MB reserved,      25.00 MB ( 96%) committed 

Chunk freelists:
21.00 KB

MaxMetaspaceSize: unlimited


CodeHeap 'non-profiled nmethods': size=120036Kb used=2614Kb max_used=2614Kb free=117421Kb
 bounds [0x00007f456c251000, 0x00007f456c4e1000, 0x00007f457378a000]
CodeHeap 'profiled nmethods': size=120032Kb used=5872Kb max_used=7858Kb free=114159Kb
 bounds [0x00007f4564d19000, 0x00007f45654c9000, 0x00007f456c251000]
CodeHeap 'non-nmethods': size=5692Kb used=1204Kb max_used=1233Kb free=4487Kb
 bounds [0x00007f456478a000, 0x00007f45649fa000, 0x00007f4564d19000]
 total_blobs=4122 nmethods=3649 adapters=388
 compilation: enabled
              stopped_count=0, restarted_count=0
 full_count=0

Compilation events (20 events):
Event: 14783.312 Thread 0x00007f457c0cf000 4796       4       org.jgrapht.graph.specifics.FastLookupUndirectedSpecifics::getEdge (49 bytes)
Event: 14783.335 Thread 0x00007f457c0cf000 nmethod 4796 0x00007f456c4d3190 code [0x00007f456c4d3380, 0x00007f456c4d3bf8]
Event: 14783.342 Thread 0x00007f457c0d1000 4797       3       org.jgrapht.alg.util.Pair::equals (55 bytes)
Event: 14783.342 Thread 0x00007f457c0d1000 nmethod 4797 0x00007f45653a1090 code [0x00007f45653a1280, 0x00007f45653a1a70]
Event: 14783.351 Thread 0x00007f457c0cf000 4798       4       ch.idsia.crema.model.Strides::intersection (157 bytes)
Event: 14783.360 Thread 0x00007f457c0cf000 nmethod 4798 0x00007f456c4d4510 code [0x00007f456c4d46c0, 0x00007f456c4d5418]
Event: 14783.513 Thread 0x00007f457c0cf000 4799       4       ch.idsia.crema.factor.bayesian.BayesianFactor::filter (7 bytes)
Event: 14783.516 Thread 0x00007f457c0cf000 nmethod 4799 0x00007f456c4d5890 code [0x00007f456c4d5a20, 0x00007f456c4d5bc8]
Event: 14783.559 Thread 0x00007f457c0cf000 4800       4       ch.idsia.crema.inference.ve.VariableElimination::run (190 bytes)
Event: 14783.635 Thread 0x00007f457c0cf000 nmethod 4800 0x00007f456c4d5e10 code [0x00007f456c4d6100, 0x00007f456c4d7ed0]
Event: 14784.965 Thread 0x00007f457c0cf000 4801       4       com.google.common.collect.ImmutableSet::copyOf (76 bytes)
Event: 14785.035 Thread 0x00007f457c0cf000 nmethod 4801 0x00007f456c4d9b10 code [0x00007f456c4d9da0, 0x00007f456c4db938]
Event: 14785.640 Thread 0x00007f457c0cf000 4802       4       org.jgrapht.alg.util.Pair::equals (55 bytes)
Event: 14785.642 Thread 0x00007f457c0cf000 nmethod 4802 0x00007f456c4dc910 code [0x00007f456c4dcaa0, 0x00007f456c4dcbf8]
Event: 18833.735 Thread 0x00007f457c0cf000 4803       4       java.util.LinkedHashMap::linkNodeLast (33 bytes)
Event: 18833.780 Thread 0x00007f457c0cf000 nmethod 4803 0x00007f456c4dcd90 code [0x00007f456c4dcf00, 0x00007f456c4dcfb8]
Event: 19270.647 Thread 0x00007f457c0cf000 4804       4       ch.idsia.crema.model.graphical.GenericSparseModel::getSizes (57 bytes)
Event: 19270.677 Thread 0x00007f457c0cf000 nmethod 4804 0x00007f456c4dd090 code [0x00007f456c4dd220, 0x00007f456c4dd758]
Event: 19270.677 Thread 0x00007f457c0cf000 4805       4       ch.idsia.crema.model.graphical.GenericSparseModel::getDomain (14 bytes)
Event: 19270.705 Thread 0x00007f457c0cf000 nmethod 4805 0x00007f456c4ddb10 code [0x00007f456c4ddcc0, 0x00007f456c4de598]

GC Heap History (20 events):
Event: 20288.982 GC heap after
{Heap after GC invocations=26025 (full 4):
 def new generation   total 2892800K, used 3362K [0x00007f3564600000, 0x00007f36288e0000, 0x00007f3ab9b50000)
  eden space 2571392K,   0% used [0x00007f3564600000, 0x00007f3564600000, 0x00007f3601520000)
  from space 321408K,   1% used [0x00007f3601520000, 0x00007f3601868ad8, 0x00007f3614f00000)
  to   space 321408K,   0% used [0x00007f3614f00000, 0x00007f3614f00000, 0x00007f36288e0000)
 tenured generation   total 6428352K, used 6426363K [0x00007f3ab9b50000, 0x00007f3c42100000, 0x00007f4564600000)
   the space 6428352K,  99% used [0x00007f3ab9b50000, 0x00007f3c41f0ef18, 0x00007f3c41f0f000, 0x00007f3c42100000)
 Metaspace       used 25046K, capacity 25479K, committed 25600K, reserved 26624K
}
Event: 20290.413 GC heap before
{Heap before GC invocations=26025 (full 4):
 def new generation   total 2892800K, used 2574754K [0x00007f3564600000, 0x00007f36288e0000, 0x00007f3ab9b50000)
  eden space 2571392K, 100% used [0x00007f3564600000, 0x00007f3601520000, 0x00007f3601520000)
  from space 321408K,   1% used [0x00007f3601520000, 0x00007f3601868ad8, 0x00007f3614f00000)
  to   space 321408K,   0% used [0x00007f3614f00000, 0x00007f3614f00000, 0x00007f36288e0000)
 tenured generation   total 6428352K, used 6426363K [0x00007f3ab9b50000, 0x00007f3c42100000, 0x00007f4564600000)
   the space 6428352K,  99% used [0x00007f3ab9b50000, 0x00007f3c41f0ef18, 0x00007f3c41f0f000, 0x00007f3c42100000)
 Metaspace       used 25046K, capacity 25479K, committed 25600K, reserved 26624K
}
Event: 20290.422 GC heap after
{Heap after GC invocations=26026 (full 4):
 def new generation   total 2892800K, used 3433K [0x00007f3564600000, 0x00007f36288e0000, 0x00007f3ab9b50000)
  eden space 2571392K,   0% used [0x00007f3564600000, 0x00007f3564600000, 0x00007f3601520000)
  from space 321408K,   1% used [0x00007f3614f00000, 0x00007f361525a520, 0x00007f36288e0000)
  to   space 321408K,   0% used [0x00007f3601520000, 0x00007f3601520000, 0x00007f3614f00000)
 tenured generation   total 6428352K, used 6426573K [0x00007f3ab9b50000, 0x00007f3c42100000, 0x00007f4564600000)
   the space 6428352K,  99% used [0x00007f3ab9b50000, 0x00007f3c41f43418, 0x00007f3c41f43600, 0x00007f3c42100000)
 Metaspace       used 25046K, capacity 25479K, committed 25600K, reserved 26624K
}
Event: 20291.849 GC heap before
{Heap before GC invocations=26026 (full 4):
 def new generation   total 2892800K, used 2574825K [0x00007f3564600000, 0x00007f36288e0000, 0x00007f3ab9b50000)
  eden space 2571392K, 100% used [0x00007f3564600000, 0x00007f3601520000, 0x00007f3601520000)
  from space 321408K,   1% used [0x00007f3614f00000, 0x00007f361525a520, 0x00007f36288e0000)
  to   space 321408K,   0% used [0x00007f3601520000, 0x00007f3601520000, 0x00007f3614f00000)
 tenured generation   total 6428352K, used 6426573K [0x00007f3ab9b50000, 0x00007f3c42100000, 0x00007f4564600000)
   the space 6428352K,  99% used [0x00007f3ab9b50000, 0x00007f3c41f43418, 0x00007f3c41f43600, 0x00007f3c42100000)
 Metaspace       used 25046K, capacity 25479K, committed 25600K, reserved 26624K
}
Event: 20291.854 GC heap after
{Heap after GC invocations=26027 (full 4):
 def new generation   total 2892800K, used 3353K [0x00007f3564600000, 0x00007f36288e0000, 0x00007f3ab9b50000)
  eden space 2571392K,   0% used [0x00007f3564600000, 0x00007f3564600000, 0x00007f3601520000)
  from space 321408K,   1% used [0x00007f3601520000, 0x00007f36018664c8, 0x00007f3614f00000)
  to   space 321408K,   0% used [0x00007f3614f00000, 0x00007f3614f00000, 0x00007f36288e0000)
 tenured generation   total 6428352K, used 6426808K [0x00007f3ab9b50000, 0x00007f3c42100000, 0x00007f4564600000)
   the space 6428352K,  99% used [0x00007f3ab9b50000, 0x00007f3c41f7e1b8, 0x00007f3c41f7e200, 0x00007f3c42100000)
 Metaspace       used 25046K, capacity 25479K, committed 25600K, reserved 26624K
}
Event: 20293.271 GC heap before
{Heap before GC invocations=26027 (full 4):
 def new generation   total 2892800K, used 2574745K [0x00007f3564600000, 0x00007f36288e0000, 0x00007f3ab9b50000)
  eden space 2571392K, 100% used [0x00007f3564600000, 0x00007f3601520000, 0x00007f3601520000)
  from space 321408K,   1% used [0x00007f3601520000, 0x00007f36018664c8, 0x00007f3614f00000)
  to   space 321408K,   0% used [0x00007f3614f00000, 0x00007f3614f00000, 0x00007f36288e0000)
 tenured generation   total 6428352K, used 6426808K [0x00007f3ab9b50000, 0x00007f3c42100000, 0x00007f4564600000)
   the space 6428352K,  99% used [0x00007f3ab9b50000, 0x00007f3c41f7e1b8, 0x00007f3c41f7e200, 0x00007f3c42100000)
 Metaspace       used 25046K, capacity 25479K, committed 25600K, reserved 26624K
}
Event: 20293.278 GC heap after
{Heap after GC invocations=26028 (full 4):
 def new generation   total 2892800K, used 3422K [0x00007f3564600000, 0x00007f36288e0000, 0x00007f3ab9b50000)
  eden space 2571392K,   0% used [0x00007f3564600000, 0x00007f3564600000, 0x00007f3601520000)
  from space 321408K,   1% used [0x00007f3614f00000, 0x00007f3615257b38, 0x00007f36288e0000)
  to   space 321408K,   0% used [0x00007f3601520000, 0x00007f3601520000, 0x00007f3614f00000)
 tenured generation   total 6428352K, used 6427017K [0x00007f3ab9b50000, 0x00007f3c42100000, 0x00007f4564600000)
   the space 6428352K,  99% used [0x00007f3ab9b50000, 0x00007f3c41fb26b8, 0x00007f3c41fb2800, 0x00007f3c42100000)
 Metaspace       used 25046K, capacity 25479K, committed 25600K, reserved 26624K
}
Event: 20294.748 GC heap before
{Heap before GC invocations=26028 (full 4):
 def new generation   total 2892800K, used 2574814K [0x00007f3564600000, 0x00007f36288e0000, 0x00007f3ab9b50000)
  eden space 2571392K, 100% used [0x00007f3564600000, 0x00007f3601520000, 0x00007f3601520000)
  from space 321408K,   1% used [0x00007f3614f00000, 0x00007f3615257b38, 0x00007f36288e0000)
  to   space 321408K,   0% used [0x00007f3601520000, 0x00007f3601520000, 0x00007f3614f00000)
 tenured generation   total 6428352K, used 6427017K [0x00007f3ab9b50000, 0x00007f3c42100000, 0x00007f4564600000)
   the space 6428352K,  99% used [0x00007f3ab9b50000, 0x00007f3c41fb26b8, 0x00007f3c41fb2800, 0x00007f3c42100000)
 Metaspace       used 25046K, capacity 25479K, committed 25600K, reserved 26624K
}
Event: 20294.754 GC heap after
{Heap after GC invocations=26029 (full 4):
 def new generation   total 2892800K, used 3509K [0x00007f3564600000, 0x00007f36288e0000, 0x00007f3ab9b50000)
  eden space 2571392K,   0% used [0x00007f3564600000, 0x00007f3564600000, 0x00007f3601520000)
  from space 321408K,   1% used [0x00007f3601520000, 0x00007f360188d6c8, 0x00007f3614f00000)
  to   space 321408K,   0% used [0x00007f3614f00000, 0x00007f3614f00000, 0x00007f36288e0000)
 tenured generation   total 6428352K, used 6427226K [0x00007f3ab9b50000, 0x00007f3c42100000, 0x00007f4564600000)
   the space 6428352K,  99% used [0x00007f3ab9b50000, 0x00007f3c41fe6bb8, 0x00007f3c41fe6c00, 0x00007f3c42100000)
 Metaspace       used 25046K, capacity 25479K, committed 25600K, reserved 26624K
}
Event: 20296.225 GC heap before
{Heap before GC invocations=26029 (full 4):
 def new generation   total 2892800K, used 2574901K [0x00007f3564600000, 0x00007f36288e0000, 0x00007f3ab9b50000)
  eden space 2571392K, 100% used [0x00007f3564600000, 0x00007f3601520000, 0x00007f3601520000)
  from space 321408K,   1% used [0x00007f3601520000, 0x00007f360188d6c8, 0x00007f3614f00000)
  to   space 321408K,   0% used [0x00007f3614f00000, 0x00007f3614f00000, 0x00007f36288e0000)
 tenured generation   total 6428352K, used 6427226K [0x00007f3ab9b50000, 0x00007f3c42100000, 0x00007f4564600000)
   the space 6428352K,  99% used [0x00007f3ab9b50000, 0x00007f3c41fe6bb8, 0x00007f3c41fe6c00, 0x00007f3c42100000)
 Metaspace       used 25046K, capacity 25479K, committed 25600K, reserved 26624K
}
Event: 20296.232 GC heap after
{Heap after GC invocations=26030 (full 4):
 def new generation   total 2892800K, used 3416K [0x00007f3564600000, 0x00007f36288e0000, 0x00007f3ab9b50000)
  eden space 2571392K,   0% used [0x00007f3564600000, 0x00007f3564600000, 0x00007f3601520000)
  from space 321408K,   1% used [0x00007f3614f00000, 0x00007f3615256358, 0x00007f36288e0000)
  to   space 321408K,   0% used [0x00007f3601520000, 0x00007f3601520000, 0x00007f3614f00000)
 tenured generation   total 6428352K, used 6427462K [0x00007f3ab9b50000, 0x00007f3c42100000, 0x00007f4564600000)
   the space 6428352K,  99% used [0x00007f3ab9b50000, 0x00007f3c42021958, 0x00007f3c42021a00, 0x00007f3c42100000)
 Metaspace       used 25046K, capacity 25479K, committed 25600K, reserved 26624K
}
Event: 20297.660 GC heap before
{Heap before GC invocations=26030 (full 4):
 def new generation   total 2892800K, used 2574808K [0x00007f3564600000, 0x00007f36288e0000, 0x00007f3ab9b50000)
  eden space 2571392K, 100% used [0x00007f3564600000, 0x00007f3601520000, 0x00007f3601520000)
  from space 321408K,   1% used [0x00007f3614f00000, 0x00007f3615256358, 0x00007f36288e0000)
  to   space 321408K,   0% used [0x00007f3601520000, 0x00007f3601520000, 0x00007f3614f00000)
 tenured generation   total 6428352K, used 6427462K [0x00007f3ab9b50000, 0x00007f3c42100000, 0x00007f4564600000)
   the space 6428352K,  99% used [0x00007f3ab9b50000, 0x00007f3c42021958, 0x00007f3c42021a00, 0x00007f3c42100000)
 Metaspace       used 25046K, capacity 25479K, committed 25600K, reserved 26624K
}
Event: 20297.666 GC heap after
{Heap after GC invocations=26031 (full 4):
 def new generation   total 2892800K, used 3488K [0x00007f3564600000, 0x00007f36288e0000, 0x00007f3ab9b50000)
  eden space 2571392K,   0% used [0x00007f3564600000, 0x00007f3564600000, 0x00007f3601520000)
  from space 321408K,   1% used [0x00007f3601520000, 0x00007f36018883d8, 0x00007f3614f00000)
  to   space 321408K,   0% used [0x00007f3614f00000, 0x00007f3614f00000, 0x00007f36288e0000)
 tenured generation   total 6428352K, used 6427671K [0x00007f3ab9b50000, 0x00007f3c42100000, 0x00007f4564600000)
   the space 6428352K,  99% used [0x00007f3ab9b50000, 0x00007f3c42055e58, 0x00007f3c42056000, 0x00007f3c42100000)
 Metaspace       used 25046K, capacity 25479K, committed 25600K, reserved 26624K
}
Event: 20299.092 GC heap before
{Heap before GC invocations=26031 (full 4):
 def new generation   total 2892800K, used 2574880K [0x00007f3564600000, 0x00007f36288e0000, 0x00007f3ab9b50000)
  eden space 2571392K, 100% used [0x00007f3564600000, 0x00007f3601520000, 0x00007f3601520000)
  from space 321408K,   1% used [0x00007f3601520000, 0x00007f36018883d8, 0x00007f3614f00000)
  to   space 321408K,   0% used [0x00007f3614f00000, 0x00007f3614f00000, 0x00007f36288e0000)
 tenured generation   total 6428352K, used 6427671K [0x00007f3ab9b50000, 0x00007f3c42100000, 0x00007f4564600000)
   the space 6428352K,  99% used [0x00007f3ab9b50000, 0x00007f3c42055e58, 0x00007f3c42056000, 0x00007f3c42100000)
 Metaspace       used 25046K, capacity 25479K, committed 25600K, reserved 26624K
}
Event: 20299.098 GC heap after
{Heap after GC invocations=26032 (full 4):
 def new generation   total 2892800K, used 3403K [0x00007f3564600000, 0x00007f36288e0000, 0x00007f3ab9b50000)
  eden space 2571392K,   0% used [0x00007f3564600000, 0x00007f3564600000, 0x00007f3601520000)
  from space 321408K,   1% used [0x00007f3614f00000, 0x00007f3615252c48, 0x00007f36288e0000)
  to   space 321408K,   0% used [0x00007f3601520000, 0x00007f3601520000, 0x00007f3614f00000)
 tenured generation   total 6428352K, used 6427906K [0x00007f3ab9b50000, 0x00007f3c42100000, 0x00007f4564600000)
   the space 6428352K,  99% used [0x00007f3ab9b50000, 0x00007f3c42090bf8, 0x00007f3c42090c00, 0x00007f3c42100000)
 Metaspace       used 25046K, capacity 25479K, committed 25600K, reserved 26624K
}
Event: 20300.564 GC heap before
{Heap before GC invocations=26032 (full 4):
 def new generation   total 2892800K, used 2574795K [0x00007f3564600000, 0x00007f36288e0000, 0x00007f3ab9b50000)
  eden space 2571392K, 100% used [0x00007f3564600000, 0x00007f3601520000, 0x00007f3601520000)
  from space 321408K,   1% used [0x00007f3614f00000, 0x00007f3615252c48, 0x00007f36288e0000)
  to   space 321408K,   0% used [0x00007f3601520000, 0x00007f3601520000, 0x00007f3614f00000)
 tenured generation   total 6428352K, used 6427906K [0x00007f3ab9b50000, 0x00007f3c42100000, 0x00007f4564600000)
   the space 6428352K,  99% used [0x00007f3ab9b50000, 0x00007f3c42090bf8, 0x00007f3c42090c00, 0x00007f3c42100000)
 Metaspace       used 25046K, capacity 25479K, committed 25600K, reserved 26624K
}
Event: 20300.571 GC heap after
{Heap after GC invocations=26033 (full 4):
 def new generation   total 2892800K, used 3477K [0x00007f3564600000, 0x00007f36288e0000, 0x00007f3ab9b50000)
  eden space 2571392K,   0% used [0x00007f3564600000, 0x00007f3564600000, 0x00007f3601520000)
  from space 321408K,   1% used [0x00007f3601520000, 0x00007f3601885418, 0x00007f3614f00000)
  to   space 321408K,   0% used [0x00007f3614f00000, 0x00007f3614f00000, 0x00007f36288e0000)
 tenured generation   total 6428352K, used 6428116K [0x00007f3ab9b50000, 0x00007f3c42100000, 0x00007f4564600000)
   the space 6428352K,  99% used [0x00007f3ab9b50000, 0x00007f3c420c50f8, 0x00007f3c420c5200, 0x00007f3c42100000)
 Metaspace       used 25046K, capacity 25479K, committed 25600K, reserved 26624K
}
Event: 20302.023 GC heap before
{Heap before GC invocations=26033 (full 4):
 def new generation   total 2892800K, used 2574869K [0x00007f3564600000, 0x00007f36288e0000, 0x00007f3ab9b50000)
  eden space 2571392K, 100% used [0x00007f3564600000, 0x00007f3601520000, 0x00007f3601520000)
  from space 321408K,   1% used [0x00007f3601520000, 0x00007f3601885418, 0x00007f3614f00000)
  to   space 321408K,   0% used [0x00007f3614f00000, 0x00007f3614f00000, 0x00007f36288e0000)
 tenured generation   total 6428352K, used 6428116K [0x00007f3ab9b50000, 0x00007f3c42100000, 0x00007f4564600000)
   the space 6428352K,  99% used [0x00007f3ab9b50000, 0x00007f3c420c50f8, 0x00007f3c420c5200, 0x00007f3c42100000)
 Metaspace       used 25046K, capacity 25479K, committed 25600K, reserved 26624K
}
Event: 20302.029 GC heap after
{Heap after GC invocations=26034 (full 4):
 def new generation   total 2892800K, used 3391K [0x00007f3564600000, 0x00007f36288e0000, 0x00007f3ab9b50000)
  eden space 2571392K,   0% used [0x00007f3564600000, 0x00007f3564600000, 0x00007f3601520000)
  from space 321408K,   1% used [0x00007f3614f00000, 0x00007f361524fff8, 0x00007f36288e0000)
  to   space 321408K,   0% used [0x00007f3601520000, 0x00007f3601520000, 0x00007f3614f00000)
 tenured generation   total 6428352K, used 6428351K [0x00007f3ab9b50000, 0x00007f3c42100000, 0x00007f4564600000)
   the space 6428352K,  99% used [0x00007f3ab9b50000, 0x00007f3c420ffe98, 0x00007f3c42100000, 0x00007f3c42100000)
 Metaspace       used 25046K, capacity 25479K, committed 25600K, reserved 26624K
}
Event: 20302.029 GC heap before
{Heap before GC invocations=26034 (full 4):
 def new generation   total 2892800K, used 3391K [0x00007f3564600000, 0x00007f36288e0000, 0x00007f3ab9b50000)
  eden space 2571392K,   0% used [0x00007f3564600000, 0x00007f3564600000, 0x00007f3601520000)
  from space 321408K,   1% used [0x00007f3614f00000, 0x00007f361524fff8, 0x00007f36288e0000)
  to   space 321408K,   0% used [0x00007f3601520000, 0x00007f3601520000, 0x00007f3614f00000)
 tenured generation   total 6428352K, used 6428351K [0x00007f3ab9b50000, 0x00007f3c42100000, 0x00007f4564600000)
   the space 6428352K,  99% used [0x00007f3ab9b50000, 0x00007f3c420ffe98, 0x00007f3c42100000, 0x00007f3c42100000)
 Metaspace       used 25046K, capacity 25479K, committed 25600K, reserved 26624K
}

Deoptimization events (20 events):
Event: 14782.990 Thread 0x00007f457c018000 Uncommon trap: trap_request=0xffffff66 fr.pc=0x00007f456c36d53c relative=0x00000000000003fc
Event: 14782.990 Thread 0x00007f457c018000 Uncommon trap: reason=speculate_class_check action=maybe_recompile pc=0x00007f456c36d53c method=java.util.stream.SpinedBuffer$OfPrimitive.asPrimitiveArray()Ljava/lang/Object; @ 33 c2
Event: 14782.990 Thread 0x00007f457c018000 DEOPT PACKING pc=0x00007f456c36d53c sp=0x00007f4582c1d950
Event: 14782.990 Thread 0x00007f457c018000 DEOPT UNPACKING pc=0x00007f45647d2e25 sp=0x00007f4582c1d918 mode 2
Event: 14782.990 Thread 0x00007f457c018000 Uncommon trap: trap_request=0xffffff76 fr.pc=0x00007f456c4a02d4 relative=0x00000000000013f4
Event: 14782.990 Thread 0x00007f457c018000 Uncommon trap: reason=predicate action=maybe_recompile pc=0x00007f456c4a02d4 method=com.google.common.collect.ImmutableSet.construct(II[Ljava/lang/Object;)Lcom/google/common/collect/ImmutableSet; @ 57 c2
Event: 14782.990 Thread 0x00007f457c018000 DEOPT PACKING pc=0x00007f456c4a02d4 sp=0x00007f4582c1da20
Event: 14782.990 Thread 0x00007f457c018000 DEOPT UNPACKING pc=0x00007f45647d2e25 sp=0x00007f4582c1d910 mode 2
Event: 14782.992 Thread 0x00007f457c018000 Uncommon trap: trap_request=0xffffff66 fr.pc=0x00007f456c36d53c relative=0x00000000000003fc
Event: 14782.992 Thread 0x00007f457c018000 Uncommon trap: reason=speculate_class_check action=maybe_recompile pc=0x00007f456c36d53c method=java.util.stream.SpinedBuffer$OfPrimitive.asPrimitiveArray()Ljava/lang/Object; @ 33 c2
Event: 14782.992 Thread 0x00007f457c018000 DEOPT PACKING pc=0x00007f456c36d53c sp=0x00007f4582c1d9b0
Event: 14782.992 Thread 0x00007f457c018000 DEOPT UNPACKING pc=0x00007f45647d2e25 sp=0x00007f4582c1d978 mode 2
Event: 14783.009 Thread 0x00007f457c018000 Uncommon trap: trap_request=0xffffff45 fr.pc=0x00007f456c397160 relative=0x0000000000000700
Event: 14783.009 Thread 0x00007f457c018000 Uncommon trap: reason=unstable_if action=reinterpret pc=0x00007f456c397160 method=org.jgrapht.alg.util.UnorderedPair.equals(Ljava/lang/Object;)Z @ 60 c2
Event: 14783.009 Thread 0x00007f457c018000 DEOPT PACKING pc=0x00007f456c397160 sp=0x00007f4582c1d870
Event: 14783.009 Thread 0x00007f457c018000 DEOPT UNPACKING pc=0x00007f45647d2e25 sp=0x00007f4582c1d6c8 mode 2
Event: 14783.304 Thread 0x00007f457c018000 Uncommon trap: trap_request=0xffffff45 fr.pc=0x00007f456c41a380 relative=0x00000000000000e0
Event: 14783.304 Thread 0x00007f457c018000 Uncommon trap: reason=unstable_if action=reinterpret pc=0x00007f456c41a380 method=org.jgrapht.alg.util.Pair.equals(Ljava/lang/Object;)Z @ 32 c2
Event: 14783.304 Thread 0x00007f457c018000 DEOPT PACKING pc=0x00007f456c41a380 sp=0x00007f4582c1d4d0
Event: 14783.304 Thread 0x00007f457c018000 DEOPT UNPACKING pc=0x00007f45647d2e25 sp=0x00007f4582c1d488 mode 2

Classes unloaded (0 events):
No events

Classes redefined (0 events):
No events

Internal exceptions (20 events):
Event: 3.209 Thread 0x00007f457c018000 Exception <a 'java/lang/NoSuchMethodError'{0x00007f3564b90250}: 'int java.lang.invoke.DirectMethodHandle$Holder.invokeStatic(java.lang.Object, java.lang.Object, java.lang.Object, int)'> (0x00007f3564b90250) 
thrown [src/hotspot/share/interpreter/linkResolver.cpp, line 766]
Event: 4.030 Thread 0x00007f457c018000 Exception <a 'java/lang/ArrayIndexOutOfBoundsException'{0x00007f356dc659b0}> (0x00007f356dc659b0) 
thrown [src/hotspot/share/runtime/sharedRuntime.cpp, line 585]
Event: 4.128 Thread 0x00007f457c018000 Exception <a 'java/lang/NoSuchMethodError'{0x00007f356ec9f118}: 'void java.lang.invoke.DirectMethodHandle$Holder.invokeStatic(java.lang.Object, java.lang.Object, int)'> (0x00007f356ec9f118) 
thrown [src/hotspot/share/interpreter/linkResolver.cpp, line 766]
Event: 4.257 Thread 0x00007f457c018000 Exception <a 'java/lang/NoSuchMethodError'{0x00007f3570c30660}: 'java.lang.Object java.lang.invoke.DirectMethodHandle$Holder.invokeStatic(java.lang.Object, java.lang.Object, java.lang.Object, java.lang.Object, java.lang.Object, java.lang.Object, java.lang.Object, java.lang.Object, java.lang.Object, java.lang.Object, java.lang.Object, java.lang.Object, java.lang.Object, java.lang.Object, java.lang.Object)'> (0x00007f3570c30660) 
thrown [src/hotspot/share/interpreter/linkResolver.cpp, line 766]
Event: 4.258 Thread 0x00007f457c018000 Exception <a 'java/lang/NoSuchMethodError'{0x00007f3570c41260}: 'java.lang.Object java.lang.invoke.DirectMethodHandle$Holder.invokeStatic(java.lang.Object, java.lang.Object, java.lang.Object, java.lang.Object, java.lang.Object, java.lang.Object, java.lang.Object, java.lang.Object, java.lang.Object, java.lang.Object, java.lang.Object, java.lang.Object, java.lang.Object, java.lang.Object, java.lang.Object, java.lang.Object)'> (0x00007f3570c41260) 
thrown [src/hotspot/share/interpreter/linkResolver.cpp, line 
Event: 4.259 Thread 0x00007f457c018000 Exception <a 'java/lang/NoSuchMethodError'{0x00007f3570c52018}: 'java.lang.Object java.lang.invoke.DirectMethodHandle$Holder.invokeSpecial(java.lang.Object, java.lang.Object, long, java.lang.Object, int, java.lang.Object, int, int, int)'> (0x00007f3570c52018) 
thrown [src/hotspot/share/interpreter/linkResolver.cpp, line 766]
Event: 4.259 Thread 0x00007f457c018000 Exception <a 'java/lang/NoSuchMethodError'{0x00007f3570c56210}: 'java.lang.Object java.lang.invoke.DelegatingMethodHandle$Holder.reinvoke_L(java.lang.Object, long, java.lang.Object, int, java.lang.Object, int, int, int)'> (0x00007f3570c56210) 
thrown [src/hotspot/share/interpreter/linkResolver.cpp, line 766]
Event: 4.266 Thread 0x00007f457c018000 Exception <a 'java/lang/NoSuchMethodError'{0x00007f3570c81598}: 'java.lang.Object java.lang.invoke.DirectMethodHandle$Holder.invokeStatic(java.lang.Object, int, java.lang.Object, java.lang.Object)'> (0x00007f3570c81598) 
thrown [src/hotspot/share/interpreter/linkResolver.cpp, line 766]
Event: 4.266 Thread 0x00007f457c018000 Exception <a 'java/lang/NoSuchMethodError'{0x00007f3570c898d8}: 'java.lang.Object java.lang.invoke.DirectMethodHandle$Holder.invokeStatic(java.lang.Object, int, java.lang.Object)'> (0x00007f3570c898d8) 
thrown [src/hotspot/share/interpreter/linkResolver.cpp, line 766]
Event: 5.158 Thread 0x00007f457c018000 Exception <a 'java/lang/NoSuchMethodError'{0x00007f356b35b6a8}: 'void java.lang.invoke.DirectMethodHandle$Holder.invokeInterface(java.lang.Object, java.lang.Object, int)'> (0x00007f356b35b6a8) 
thrown [src/hotspot/share/interpreter/linkResolver.cpp, line 766]
Event: 5.159 Thread 0x00007f457c018000 Exception <a 'java/lang/IncompatibleClassChangeError'{0x00007f356b35f170}: Found class java.lang.Object, but interface was expected> (0x00007f356b35f170) 
thrown [src/hotspot/share/interpreter/linkResolver.cpp, line 833]
Event: 7.203 Thread 0x00007f457c018000 Implicit null exception at 0x00007f456c3b54ff to 0x00007f456c3b5a2c
Event: 7.318 Thread 0x00007f457c018000 Implicit null exception at 0x00007f456c3b9f3c to 0x00007f456c3bbbb4
Event: 7.330 Thread 0x00007f457c018000 Implicit null exception at 0x00007f456c3ae97c to 0x00007f456c3afde8
Event: 7.614 Thread 0x00007f457c018000 Implicit null exception at 0x00007f456c3cafec to 0x00007f456c3cb590
Event: 8.543 Thread 0x00007f457c018000 Implicit null exception at 0x00007f456c401413 to 0x00007f456c401e28
Event: 8.543 Thread 0x00007f457c018000 Implicit null exception at 0x00007f456c3d4817 to 0x00007f456c3d4954
Event: 61.158 Thread 0x00007f457c018000 Implicit null exception at 0x00007f456c4792a6 to 0x00007f456c4793a0
Event: 14782.353 Thread 0x00007f457c018000 Exception <a 'java/lang/NoSuchMethodError'{0x00007f356acd0cd8}: 'java.lang.Object java.lang.invoke.DirectMethodHandle$Holder.invokeStatic(java.lang.Object, int, int, int, int)'> (0x00007f356acd0cd8) 
thrown [src/hotspot/share/interpreter/linkResolver.cpp, line 766]
Event: 14782.359 Thread 0x00007f457c018000 Implicit null exception at 0x00007f456c41ce34 to 0x00007f456c41f18c

Events (20 events):
Event: 20287.549 Executing VM operation: GenCollectForAllocation done
Event: 20288.976 Executing VM operation: GenCollectForAllocation
Event: 20288.982 Executing VM operation: GenCollectForAllocation done
Event: 20290.413 Executing VM operation: GenCollectForAllocation
Event: 20290.422 Executing VM operation: GenCollectForAllocation done
Event: 20291.849 Executing VM operation: GenCollectForAllocation
Event: 20291.854 Executing VM operation: GenCollectForAllocation done
Event: 20293.271 Executing VM operation: GenCollectForAllocation
Event: 20293.278 Executing VM operation: GenCollectForAllocation done
Event: 20294.748 Executing VM operation: GenCollectForAllocation
Event: 20294.754 Executing VM operation: GenCollectForAllocation done
Event: 20296.225 Executing VM operation: GenCollectForAllocation
Event: 20296.232 Executing VM operation: GenCollectForAllocation done
Event: 20297.659 Executing VM operation: GenCollectForAllocation
Event: 20297.666 Executing VM operation: GenCollectForAllocation done
Event: 20299.092 Executing VM operation: GenCollectForAllocation
Event: 20299.098 Executing VM operation: GenCollectForAllocation done
Event: 20300.563 Executing VM operation: GenCollectForAllocation
Event: 20300.571 Executing VM operation: GenCollectForAllocation done
Event: 20302.023 Executing VM operation: GenCollectForAllocation


Dynamic libraries:
555ea373f000-555ea3740000 r--p 00000000 07:03 4860                       /usr/lib/jvm/java-13-openjdk-amd64/bin/java
555ea3740000-555ea3741000 r-xp 00001000 07:03 4860                       /usr/lib/jvm/java-13-openjdk-amd64/bin/java
555ea3741000-555ea3742000 r--p 00002000 07:03 4860                       /usr/lib/jvm/java-13-openjdk-amd64/bin/java
555ea3742000-555ea3743000 r--p 00002000 07:03 4860                       /usr/lib/jvm/java-13-openjdk-amd64/bin/java
555ea3743000-555ea3744000 rw-p 00003000 07:03 4860                       /usr/lib/jvm/java-13-openjdk-amd64/bin/java
555ea40cb000-555ea40ec000 rw-p 00000000 00:00 0                          [heap]
7f3528000000-7f3528021000 rw-p 00000000 00:00 0 
7f3528021000-7f352c000000 ---p 00000000 00:00 0 
7f3530000000-7f3530021000 rw-p 00000000 00:00 0 
7f3530021000-7f3534000000 ---p 00000000 00:00 0 
7f3534000000-7f3534021000 rw-p 00000000 00:00 0 
7f3534021000-7f3538000000 ---p 00000000 00:00 0 
7f3538000000-7f35396ad000 rw-p 00000000 00:00 0 
7f35396ad000-7f353c000000 ---p 00000000 00:00 0 
7f353c000000-7f353cb1f000 rw-p 00000000 00:00 0 
7f353cb1f000-7f3540000000 ---p 00000000 00:00 0 
7f3540000000-7f3540021000 rw-p 00000000 00:00 0 
7f3540021000-7f3544000000 ---p 00000000 00:00 0 
7f3544000000-7f3544021000 rw-p 00000000 00:00 0 
7f3544021000-7f3548000000 ---p 00000000 00:00 0 
7f3548000000-7f3548021000 rw-p 00000000 00:00 0 
7f3548021000-7f354c000000 ---p 00000000 00:00 0 
7f354c000000-7f354c021000 rw-p 00000000 00:00 0 
7f354c021000-7f3550000000 ---p 00000000 00:00 0 
7f3550000000-7f35500ad000 rw-p 00000000 00:00 0 
7f35500ad000-7f3554000000 ---p 00000000 00:00 0 
7f35570a9000-7f3557cec000 rw-p 00000000 00:00 0 
7f3557cec000-7f355c5ff000 ---p 00000000 00:00 0 
7f355c5ff000-7f355cc21000 rw-p 00000000 00:00 0 
7f355cc21000-7f355f0a9000 ---p 00000000 00:00 0 
7f355f0a9000-7f355fced000 rw-p 00000000 00:00 0 
7f355fced000-7f35645ff000 ---p 00000000 00:00 0 
7f35645ff000-7f36288e0000 rw-p 00000000 00:00 0 
7f36288e0000-7f3ab9b50000 ---p 00000000 00:00 0 
7f3ab9b50000-7f3c42100000 rw-p 00000000 00:00 0 
7f3d47a20000-7f4564600000 ---p 00000000 00:00 0 
7f456478a000-7f45649fa000 rwxp 00000000 00:00 0 
7f45649fa000-7f4564d19000 ---p 00000000 00:00 0 
7f4564d19000-7f45654c9000 rwxp 00000000 00:00 0 
7f45654c9000-7f456c251000 ---p 00000000 00:00 0 
7f456c251000-7f456c4e1000 rwxp 00000000 00:00 0 
7f456c4e1000-7f457378a000 ---p 00000000 00:00 0 
7f457378a000-7f457c000000 r--s 00000000 07:03 5215                       /usr/lib/jvm/java-13-openjdk-amd64/lib/modules
7f457c000000-7f457c6fb000 rw-p 00000000 00:00 0 
7f457c6fb000-7f4580000000 ---p 00000000 00:00 0 
7f4580169000-7f4580269000 rw-p 00000000 00:00 0 
7f4580269000-7f4580369000 ---p 00000000 00:00 0 
7f4580369000-7f4580569000 rw-p 00000000 00:00 0 
7f4580569000-7f4580769000 rw-p 00000000 00:00 0 
7f4580769000-7f4580969000 rw-p 00000000 00:00 0 
7f4580969000-7f4580b69000 rw-p 00000000 00:00 0 
7f4580b69000-7f4580f09000 rw-p 00000000 00:00 0 
7f4580f09000-7f4581109000 rw-p 00000000 00:00 0 
7f4581109000-7f4581309000 rw-p 00000000 00:00 0 
7f4581309000-7f4581509000 rw-p 00000000 00:00 0 
7f4581509000-7f458153a000 rw-p 00000000 00:00 0 
7f458153a000-7f458153e000 r--p 00000000 07:03 5204                       /usr/lib/jvm/java-13-openjdk-amd64/lib/libnet.so
7f458153e000-7f458154c000 r-xp 00004000 07:03 5204                       /usr/lib/jvm/java-13-openjdk-amd64/lib/libnet.so
7f458154c000-7f4581550000 r--p 00012000 07:03 5204                       /usr/lib/jvm/java-13-openjdk-amd64/lib/libnet.so
7f4581550000-7f4581551000 r--p 00015000 07:03 5204                       /usr/lib/jvm/java-13-openjdk-amd64/lib/libnet.so
7f4581551000-7f4581552000 rw-p 00016000 07:03 5204                       /usr/lib/jvm/java-13-openjdk-amd64/lib/libnet.so
7f4581552000-7f4581559000 r--p 00000000 07:03 5205                       /usr/lib/jvm/java-13-openjdk-amd64/lib/libnio.so
7f4581559000-7f4581562000 r-xp 00007000 07:03 5205                       /usr/lib/jvm/java-13-openjdk-amd64/lib/libnio.so
7f4581562000-7f4581566000 r--p 00010000 07:03 5205                       /usr/lib/jvm/java-13-openjdk-amd64/lib/libnio.so
7f4581566000-7f4581567000 r--p 00013000 07:03 5205                       /usr/lib/jvm/java-13-openjdk-amd64/lib/libnio.so
7f4581567000-7f4581568000 rw-p 00014000 07:03 5205                       /usr/lib/jvm/java-13-openjdk-amd64/lib/libnio.so
7f4581568000-7f4581569000 ---p 00000000 00:00 0 
7f4581569000-7f458166a000 rw-p 00000000 00:00 0 
7f458166a000-7f458166e000 ---p 00000000 00:00 0 
7f458166e000-7f458176b000 rw-p 00000000 00:00 0 
7f458176b000-7f458176f000 ---p 00000000 00:00 0 
7f458176f000-7f458186c000 rw-p 00000000 00:00 0 
7f458186c000-7f4581870000 ---p 00000000 00:00 0 
7f4581870000-7f458196d000 rw-p 00000000 00:00 0 
7f458196d000-7f4581971000 ---p 00000000 00:00 0 
7f4581971000-7f4581a6e000 rw-p 00000000 00:00 0 
7f4581a6e000-7f4581a72000 ---p 00000000 00:00 0 
7f4581a72000-7f4581b6f000 rw-p 00000000 00:00 0 
7f4581b6f000-7f4581b73000 ---p 00000000 00:00 0 
7f4581b73000-7f4581c70000 rw-p 00000000 00:00 0 
7f4581c70000-7f4581c77000 r--s 00000000 07:03 8532                       /usr/lib/x86_64-linux-gnu/gconv/gconv-modules.cache
7f4581c77000-7f4581ca9000 r--p 00000000 07:03 5276                       /usr/lib/locale/C.UTF-8/LC_CTYPE
7f4581ca9000-7f4581cad000 ---p 00000000 00:00 0 
7f4581cad000-7f4581daa000 rw-p 00000000 00:00 0 
7f4581daa000-7f4581dae000 ---p 00000000 00:00 0 
7f4581dae000-7f4581eab000 rw-p 00000000 00:00 0 
7f4581eab000-7f4581eac000 ---p 00000000 00:00 0 
7f4581eac000-7f45828ca000 rw-p 00000000 00:00 0 
7f45828ca000-7f45828d0000 rw-p 00000000 00:00 0 
7f45828d0000-7f45829b5000 ---p 00000000 00:00 0 
7f45829b5000-7f45829c5000 rw-p 00000000 00:00 0 
7f45829c5000-7f4582aa0000 ---p 00000000 00:00 0 
7f4582aa0000-7f4582aa5000 rw-p 00000000 00:00 0 
7f4582aa5000-7f4582aac000 ---p 00000000 00:00 0 
7f4582aac000-7f4582aae000 r--p 00000000 07:03 5214                       /usr/lib/jvm/java-13-openjdk-amd64/lib/libzip.so
7f4582aae000-7f4582ab2000 r-xp 00002000 07:03 5214                       /usr/lib/jvm/java-13-openjdk-amd64/lib/libzip.so
7f4582ab2000-7f4582ab4000 r--p 00006000 07:03 5214                       /usr/lib/jvm/java-13-openjdk-amd64/lib/libzip.so
7f4582ab4000-7f4582ab5000 r--p 00007000 07:03 5214                       /usr/lib/jvm/java-13-openjdk-amd64/lib/libzip.so
7f4582ab5000-7f4582ab6000 rw-p 00008000 07:03 5214                       /usr/lib/jvm/java-13-openjdk-amd64/lib/libzip.so
7f4582ab6000-7f4582abe000 rw-s 00000000 08:03 101505205                  /tmp/hsperfdata_rcabanas/54980
7f4582abe000-7f4582ac1000 r--p 00000000 07:03 9108                       /usr/lib/x86_64-linux-gnu/libnss_files-2.31.so
7f4582ac1000-7f4582ac8000 r-xp 00003000 07:03 9108                       /usr/lib/x86_64-linux-gnu/libnss_files-2.31.so
7f4582ac8000-7f4582aca000 r--p 0000a000 07:03 9108                       /usr/lib/x86_64-linux-gnu/libnss_files-2.31.so
7f4582aca000-7f4582acb000 r--p 0000b000 07:03 9108                       /usr/lib/x86_64-linux-gnu/libnss_files-2.31.so
7f4582acb000-7f4582acc000 rw-p 0000c000 07:03 9108                       /usr/lib/x86_64-linux-gnu/libnss_files-2.31.so
7f4582acc000-7f4582ad2000 rw-p 00000000 00:00 0 
7f4582ad8000-7f4582ada000 r--p 00000000 07:03 5195                       /usr/lib/jvm/java-13-openjdk-amd64/lib/libjimage.so
7f4582ada000-7f4582add000 r-xp 00002000 07:03 5195                       /usr/lib/jvm/java-13-openjdk-amd64/lib/libjimage.so
7f4582add000-7f4582ade000 r--p 00005000 07:03 5195                       /usr/lib/jvm/java-13-openjdk-amd64/lib/libjimage.so
7f4582ade000-7f4582adf000 ---p 00006000 07:03 5195                       /usr/lib/jvm/java-13-openjdk-amd64/lib/libjimage.so
7f4582adf000-7f4582ae0000 r--p 00006000 07:03 5195                       /usr/lib/jvm/java-13-openjdk-amd64/lib/libjimage.so
7f4582ae0000-7f4582ae1000 rw-p 00007000 07:03 5195                       /usr/lib/jvm/java-13-openjdk-amd64/lib/libjimage.so
7f4582ae1000-7f4582aee000 r--p 00000000 07:03 5191                       /usr/lib/jvm/java-13-openjdk-amd64/lib/libjava.so
7f4582aee000-7f4582b03000 r-xp 0000d000 07:03 5191                       /usr/lib/jvm/java-13-openjdk-amd64/lib/libjava.so
7f4582b03000-7f4582b09000 r--p 00022000 07:03 5191                       /usr/lib/jvm/java-13-openjdk-amd64/lib/libjava.so
7f4582b09000-7f4582b0a000 ---p 00028000 07:03 5191                       /usr/lib/jvm/java-13-openjdk-amd64/lib/libjava.so
7f4582b0a000-7f4582b0b000 r--p 00028000 07:03 5191                       /usr/lib/jvm/java-13-openjdk-amd64/lib/libjava.so
7f4582b0b000-7f4582b0d000 rw-p 00029000 07:03 5191                       /usr/lib/jvm/java-13-openjdk-amd64/lib/libjava.so
7f4582b0d000-7f4582b12000 r--p 00000000 07:03 5213                       /usr/lib/jvm/java-13-openjdk-amd64/lib/libverify.so
7f4582b12000-7f4582b19000 r-xp 00005000 07:03 5213                       /usr/lib/jvm/java-13-openjdk-amd64/lib/libverify.so
7f4582b19000-7f4582b1b000 r--p 0000c000 07:03 5213                       /usr/lib/jvm/java-13-openjdk-amd64/lib/libverify.so
7f4582b1b000-7f4582b1c000 ---p 0000e000 07:03 5213                       /usr/lib/jvm/java-13-openjdk-amd64/lib/libverify.so
7f4582b1c000-7f4582b1e000 r--p 0000e000 07:03 5213                       /usr/lib/jvm/java-13-openjdk-amd64/lib/libverify.so
7f4582b1e000-7f4582b1f000 rw-p 00010000 07:03 5213                       /usr/lib/jvm/java-13-openjdk-amd64/lib/libverify.so
7f4582b1f000-7f4582b23000 ---p 00000000 00:00 0 
7f4582b23000-7f4582c20000 rw-p 00000000 00:00 0 
7f4582c20000-7f4582c23000 r--p 00000000 07:03 8948                       /usr/lib/x86_64-linux-gnu/libgcc_s.so.1
7f4582c23000-7f4582c35000 r-xp 00003000 07:03 8948                       /usr/lib/x86_64-linux-gnu/libgcc_s.so.1
7f4582c35000-7f4582c39000 r--p 00015000 07:03 8948                       /usr/lib/x86_64-linux-gnu/libgcc_s.so.1
7f4582c39000-7f4582c3a000 r--p 00018000 07:03 8948                       /usr/lib/x86_64-linux-gnu/libgcc_s.so.1
7f4582c3a000-7f4582c3b000 rw-p 00019000 07:03 8948                       /usr/lib/x86_64-linux-gnu/libgcc_s.so.1
7f4582c3b000-7f4582c48000 r--p 00000000 07:03 9062                       /usr/lib/x86_64-linux-gnu/libm-2.31.so
7f4582c48000-7f4582cef000 r-xp 0000d000 07:03 9062                       /usr/lib/x86_64-linux-gnu/libm-2.31.so
7f4582cef000-7f4582d88000 r--p 000b4000 07:03 9062                       /usr/lib/x86_64-linux-gnu/libm-2.31.so
7f4582d88000-7f4582d89000 r--p 0014c000 07:03 9062                       /usr/lib/x86_64-linux-gnu/libm-2.31.so
7f4582d89000-7f4582d8a000 rw-p 0014d000 07:03 9062                       /usr/lib/x86_64-linux-gnu/libm-2.31.so
7f4582d8a000-7f4582e20000 r--p 00000000 07:03 9213                       /usr/lib/x86_64-linux-gnu/libstdc++.so.6.0.28
7f4582e20000-7f4582f11000 r-xp 00096000 07:03 9213                       /usr/lib/x86_64-linux-gnu/libstdc++.so.6.0.28
7f4582f11000-7f4582f5a000 r--p 00187000 07:03 9213                       /usr/lib/x86_64-linux-gnu/libstdc++.so.6.0.28
7f4582f5a000-7f4582f5b000 ---p 001d0000 07:03 9213                       /usr/lib/x86_64-linux-gnu/libstdc++.so.6.0.28
7f4582f5b000-7f4582f66000 r--p 001d0000 07:03 9213                       /usr/lib/x86_64-linux-gnu/libstdc++.so.6.0.28
7f4582f66000-7f4582f69000 rw-p 001db000 07:03 9213                       /usr/lib/x86_64-linux-gnu/libstdc++.so.6.0.28
7f4582f69000-7f4582f6c000 rw-p 00000000 00:00 0 
7f4582f6c000-7f45831f2000 r--p 00000000 07:03 5226                       /usr/lib/jvm/java-13-openjdk-amd64/lib/server/libjvm.so
7f45831f2000-7f4583f6f000 r-xp 00286000 07:03 5226                       /usr/lib/jvm/java-13-openjdk-amd64/lib/server/libjvm.so
7f4583f6f000-7f45841ea000 r--p 01003000 07:03 5226                       /usr/lib/jvm/java-13-openjdk-amd64/lib/server/libjvm.so
7f45841ea000-7f45842af000 r--p 0127d000 07:03 5226                       /usr/lib/jvm/java-13-openjdk-amd64/lib/server/libjvm.so
7f45842af000-7f45842ea000 rw-p 01342000 07:03 5226                       /usr/lib/jvm/java-13-openjdk-amd64/lib/server/libjvm.so
7f45842ea000-7f4584370000 rw-p 00000000 00:00 0 
7f4584370000-7f4584376000 r--p 00000000 07:03 9166                       /usr/lib/x86_64-linux-gnu/libpthread-2.31.so
7f4584376000-7f4584387000 r-xp 00006000 07:03 9166                       /usr/lib/x86_64-linux-gnu/libpthread-2.31.so
7f4584387000-7f458438d000 r--p 00017000 07:03 9166                       /usr/lib/x86_64-linux-gnu/libpthread-2.31.so
7f458438d000-7f458438e000 r--p 0001c000 07:03 9166                       /usr/lib/x86_64-linux-gnu/libpthread-2.31.so
7f458438e000-7f458438f000 rw-p 0001d000 07:03 9166                       /usr/lib/x86_64-linux-gnu/libpthread-2.31.so
7f458438f000-7f4584393000 rw-p 00000000 00:00 0 
7f4584393000-7f4584394000 r--p 00000000 07:03 8893                       /usr/lib/x86_64-linux-gnu/libdl-2.31.so
7f4584394000-7f4584396000 r-xp 00001000 07:03 8893                       /usr/lib/x86_64-linux-gnu/libdl-2.31.so
7f4584396000-7f4584397000 r--p 00003000 07:03 8893                       /usr/lib/x86_64-linux-gnu/libdl-2.31.so
7f4584397000-7f4584398000 r--p 00003000 07:03 8893                       /usr/lib/x86_64-linux-gnu/libdl-2.31.so
7f4584398000-7f4584399000 rw-p 00004000 07:03 8893                       /usr/lib/x86_64-linux-gnu/libdl-2.31.so
7f4584399000-7f458439b000 r--p 00000000 07:03 9290                       /usr/lib/x86_64-linux-gnu/libz.so.1.2.11
7f458439b000-7f45843ac000 r-xp 00002000 07:03 9290                       /usr/lib/x86_64-linux-gnu/libz.so.1.2.11
7f45843ac000-7f45843b2000 r--p 00013000 07:03 9290                       /usr/lib/x86_64-linux-gnu/libz.so.1.2.11
7f45843b2000-7f45843b3000 ---p 00019000 07:03 9290                       /usr/lib/x86_64-linux-gnu/libz.so.1.2.11
7f45843b3000-7f45843b4000 r--p 00019000 07:03 9290                       /usr/lib/x86_64-linux-gnu/libz.so.1.2.11
7f45843b4000-7f45843b5000 rw-p 0001a000 07:03 9290                       /usr/lib/x86_64-linux-gnu/libz.so.1.2.11
7f45843b5000-7f45843d7000 r--p 00000000 07:03 8851                       /usr/lib/x86_64-linux-gnu/libc-2.31.so
7f45843d7000-7f458454f000 r-xp 00022000 07:03 8851                       /usr/lib/x86_64-linux-gnu/libc-2.31.so
7f458454f000-7f458459d000 r--p 0019a000 07:03 8851                       /usr/lib/x86_64-linux-gnu/libc-2.31.so
7f458459d000-7f45845a1000 r--p 001e7000 07:03 8851                       /usr/lib/x86_64-linux-gnu/libc-2.31.so
7f45845a1000-7f45845a3000 rw-p 001eb000 07:03 8851                       /usr/lib/x86_64-linux-gnu/libc-2.31.so
7f45845a3000-7f45845a7000 rw-p 00000000 00:00 0 
7f45845a9000-7f45845ab000 r--s 0000c000 07:03 20930                      /usr/share/java/java-atk-wrapper.jar
7f45845ab000-7f45845ac000 ---p 00000000 00:00 0 
7f45845ac000-7f45845ad000 r--p 00000000 00:00 0 
7f45845ad000-7f45845b0000 r--p 00000000 07:03 5196                       /usr/lib/jvm/java-13-openjdk-amd64/lib/libjli.so
7f45845b0000-7f45845ba000 r-xp 00003000 07:03 5196                       /usr/lib/jvm/java-13-openjdk-amd64/lib/libjli.so
7f45845ba000-7f45845bd000 r--p 0000d000 07:03 5196                       /usr/lib/jvm/java-13-openjdk-amd64/lib/libjli.so
7f45845bd000-7f45845be000 r--p 0000f000 07:03 5196                       /usr/lib/jvm/java-13-openjdk-amd64/lib/libjli.so
7f45845be000-7f45845bf000 rw-p 00010000 07:03 5196                       /usr/lib/jvm/java-13-openjdk-amd64/lib/libjli.so
7f45845bf000-7f45845c1000 rw-p 00000000 00:00 0 
7f45845c1000-7f45845c2000 r--p 00000000 07:03 8572                       /usr/lib/x86_64-linux-gnu/ld-2.31.so
7f45845c2000-7f45845e5000 r-xp 00001000 07:03 8572                       /usr/lib/x86_64-linux-gnu/ld-2.31.so
7f45845e5000-7f45845ed000 r--p 00024000 07:03 8572                       /usr/lib/x86_64-linux-gnu/ld-2.31.so
7f45845ed000-7f45845ee000 ---p 00000000 00:00 0 
7f45845ee000-7f45845ef000 r--p 0002c000 07:03 8572                       /usr/lib/x86_64-linux-gnu/ld-2.31.so
7f45845ef000-7f45845f0000 rw-p 0002d000 07:03 8572                       /usr/lib/x86_64-linux-gnu/ld-2.31.so
7f45845f0000-7f45845f1000 rw-p 00000000 00:00 0 
7ffee1a19000-7ffee1a3a000 rw-p 00000000 00:00 0                          [stack]
7ffee1b10000-7ffee1b12000 r-xp 00000000 00:00 0                          [vdso]
ffffffffff600000-ffffffffff601000 r-xp 00000000 00:00 0                  [vsyscall]


VM Arguments:
jvm_args: -Xmx64g --add-modules=ALL-DEFAULT 
java_command: jdk.compiler/com.sun.tools.javac.launcher.Main /mnt/beegfs/rcabanas/dev/credici/papers/JoCI/code/LearnMultiStudy.java -w -x 300 -m 500 -sc KL -th 0.0 --seed 0 --output /mnt/beegfs/rcabanas/dev/credici/papers/JoCI/output/synthetic/s1 -nh 4 /mnt/beegfs/rcabanas/dev/credici/papers/JoCI/models/synthetic/s1/random_mc2_n7_mid3_d1000_05_mr098_r10_84.uai
java_class_path (initial): /mnt/beegfs/rcabanas/dev/credici/target/credici-0.1.5-dev-SNAPSHOT-jar-with-dependencies.jar
Launcher Type: SUN_STANDARD

[Global flags]
     intx CICompilerCount                          = 2                                         {product} {ergonomic}
   size_t InitialHeapSize                          = 2147483648                                {product} {ergonomic}
   size_t MaxHeapSize                              = 68719476736                               {product} {command line}
   size_t MaxNewSize                               = 22906470400                               {product} {ergonomic}
   size_t MinHeapDeltaBytes                        = 196608                                    {product} {ergonomic}
   size_t MinHeapSize                              = 8388608                                   {product} {ergonomic}
   size_t NewSize                                  = 715784192                                 {product} {ergonomic}
    uintx NonNMethodCodeHeapSize                   = 5826188                                {pd product} {ergonomic}
    uintx NonProfiledCodeHeapSize                  = 122916026                              {pd product} {ergonomic}
   size_t OldSize                                  = 1431699456                                {product} {ergonomic}
    uintx ProfiledCodeHeapSize                     = 122916026                              {pd product} {ergonomic}
    uintx ReservedCodeCacheSize                    = 251658240                              {pd product} {ergonomic}
     bool SegmentedCodeCache                       = true                                      {product} {ergonomic}
   size_t SoftMaxHeapSize                          = 68719476736                            {manageable} {ergonomic}
     bool UseSerialGC                              = true                                      {product} {ergonomic}

Logging:
Log output configuration:
 #0: stdout all=warning uptime,level,tags
 #1: stderr all=off uptime,level,tags

Environment Variables:
PATH=/usr/local/sbin:/usr/local/bin:/usr/sbin:/usr/bin:/sbin:/bin
LD_LIBRARY_PATH=/.singularity.d/libs

Signal Handlers:
SIGSEGV: [libjvm.so+0xf8fcf0], sa_mask[0]=11111111011111111101111111111110, sa_flags=SA_RESTART|SA_SIGINFO
SIGBUS: [libjvm.so+0xf8fcf0], sa_mask[0]=11111111011111111101111111111110, sa_flags=SA_RESTART|SA_SIGINFO
SIGFPE: [libjvm.so+0xf8fcf0], sa_mask[0]=11111111011111111101111111111110, sa_flags=SA_RESTART|SA_SIGINFO
SIGPIPE: [libjvm.so+0xc3ffa0], sa_mask[0]=11111111011111111101111111111110, sa_flags=SA_RESTART|SA_SIGINFO
SIGXFSZ: [libjvm.so+0xc3ffa0], sa_mask[0]=11111111011111111101111111111110, sa_flags=SA_RESTART|SA_SIGINFO
SIGILL: [libjvm.so+0xf8fcf0], sa_mask[0]=11111111011111111101111111111110, sa_flags=SA_RESTART|SA_SIGINFO
SIGUSR2: [libjvm.so+0xc3fe40], sa_mask[0]=00000000000000000000000000000000, sa_flags=SA_RESTART|SA_SIGINFO
SIGHUP: [libjvm.so+0xc40580], sa_mask[0]=11111111011111111101111111111110, sa_flags=SA_RESTART|SA_SIGINFO
SIGINT: [libjvm.so+0xc40580], sa_mask[0]=11111111011111111101111111111110, sa_flags=SA_RESTART|SA_SIGINFO
SIGTERM: [libjvm.so+0xc40580], sa_mask[0]=11111111011111111101111111111110, sa_flags=SA_RESTART|SA_SIGINFO
SIGQUIT: [libjvm.so+0xc40580], sa_mask[0]=11111111011111111101111111111110, sa_flags=SA_RESTART|SA_SIGINFO


---------------  S Y S T E M  ---------------

OS:DISTRIB_ID=Ubuntu
DISTRIB_RELEASE=20.04
DISTRIB_CODENAME=focal
DISTRIB_DESCRIPTION="Ubuntu 20.04.4 LTS"
uname:Linux 3.10.0-1160.15.2.el7.x86_64 #1 SMP Wed Feb 3 15:06:38 UTC 2021 x86_64
OS uptime: 534 days 15:20 hours
libc:glibc 2.31 NPTL 2.31 
rlimit (soft/hard): STACK 8192k/infinity , CORE 0k/infinity , NPROC 4096/1030217 , NOFILE 131072/131072 , AS infinity/infinity , CPU infinity/infinity , DATA infinity/infinity , FSIZE infinity/infinity , MEMLOCK infinity/infinity
load average:47.11 47.13 47.14

/proc/meminfo:
MemTotal:       263895364 kB
MemFree:         2507780 kB
MemAvailable:    2822584 kB
Buffers:          269036 kB
Cached:           738440 kB
SwapCached:        46288 kB
Active:         245057468 kB
Inactive:        6934608 kB
Active(anon):   244773256 kB
Inactive(anon):  6235380 kB
Active(file):     284212 kB
Inactive(file):   699228 kB
Unevictable:       19276 kB
Mlocked:           19276 kB
SwapTotal:       4194300 kB
SwapFree:         310264 kB
Dirty:               776 kB
Writeback:             0 kB
AnonPages:      250958800 kB
Mapped:           227848 kB
Shmem:             20340 kB
Slab:             787300 kB
SReclaimable:     203684 kB
SUnreclaim:       583616 kB
KernelStack:       37920 kB
PageTables:       542240 kB
NFS_Unstable:          0 kB
Bounce:                0 kB
WritebackTmp:          0 kB
CommitLimit:    136141980 kB
Committed_AS:   329087948 kB
VmallocTotal:   34359738367 kB
VmallocUsed:      862368 kB
VmallocChunk:   34222409240 kB
Percpu:            22016 kB
HardwareCorrupted:     0 kB
AnonHugePages:  114675712 kB
CmaTotal:              0 kB
CmaFree:               0 kB
HugePages_Total:       0
HugePages_Free:        0
HugePages_Rsvd:        0
HugePages_Surp:        0
Hugepagesize:       2048 kB
DirectMap4k:      505448 kB
DirectMap2M:    20328448 kB
DirectMap1G:    247463936 kB

/sys/kernel/mm/transparent_hugepage/enabled:
[always] madvise never

/sys/kernel/mm/transparent_hugepage/defrag (defrag/compaction efforts parameter):
[always] madvise never


/proc/sys/kernel/threads-max (system-wide limit on the number of threads):
2060435


/proc/sys/vm/max_map_count (maximum number of memory map areas a process may have):
65530


/proc/sys/kernel/pid_max (system-wide limit on number of process identifiers):
65536



Steal ticks since vm start: 0
Steal ticks percentage since vm start:  0.000

CPU:total 64 (initial active 1) (32 cores per cpu, 1 threads per core) family 23 model 49 stepping 0, cmov, cx8, fxsr, mmx, sse, sse2, sse3, ssse3, sse4.1, sse4.2, popcnt, avx, avx2, aes, clmul, mmxext, 3dnowpref, lzcnt, sse4a, tsc, tscinvbit, tscinv, bmi1, bmi2, adx, sha, fma
CPU Model and flags from /proc/cpuinfo:
model name	: AMD EPYC 7542 32-Core Processor
flags		: fpu vme de pse tsc msr pae mce cx8 apic sep mtrr pge mca cmov pat pse36 clflush mmx fxsr sse sse2 ht syscall nx mmxext fxsr_opt pdpe1gb rdtscp lm constant_tsc art rep_good nopl nonstop_tsc extd_apicid aperfmperf eagerfpu pni pclmulqdq monitor ssse3 fma cx16 sse4_1 sse4_2 movbe popcnt aes xsave avx f16c rdrand lahf_lm cmp_legacy svm extapic cr8_legacy abm sse4a misalignsse 3dnowprefetch osvw ibs skinit wdt tce topoext perfctr_core perfctr_nb bpext perfctr_l2 cpb cat_l3 cdp_l3 hw_pstate sme retpoline_amd ssbd ibrs ibpb stibp vmmcall fsgsbase bmi1 avx2 smep bmi2 cqm rdt_a rdseed adx smap clflushopt clwb sha_ni xsaveopt xsavec xgetbv1 cqm_llc cqm_occup_llc cqm_mbm_total cqm_mbm_local clzero irperf xsaveerptr arat npt lbrv svm_lock nrip_save tsc_scale vmcb_clean flushbyasid decodeassists pausefilter pfthreshold avic v_vmsave_vmload vgif umip overflow_recov succor smca
Online cpus:0-63
Offline cpus:
BIOS frequency limitation:2900000
Frequency switch latency (ns):0
Available cpu frequencies:2900000 2400000 1500000 
Current governor:conservative
Core performance/turbo boost:1

Memory: 4k page, physical 263895364k(2507252k free), swap 4194300k(310264k free)

vm_info: OpenJDK 64-Bit Server VM (13.0.7+5-Ubuntu-0ubuntu120.04) for linux-amd64 JRE (13.0.7+5-Ubuntu-0ubuntu120.04), built on Apr 21 2021 05:36:19 by "unknown" with gcc 9.3.0

END.
