#
# There is insufficient memory for the Java Runtime Environment to continue.
# Native memory allocation (mmap) failed to map 4288503808 bytes for committing reserved memory.
# Possible reasons:
#   The system is out of physical RAM or swap space
# Possible solutions:
#   Reduce memory load on the system
#   Increase physical memory or swap space
#   Check if swap backing store is full
#   Decrease Java heap size (-Xmx/-Xms)
#   Decrease number of Java threads
#   Decrease Java thread stack sizes (-Xss)
#   Set larger code cache with -XX:ReservedCodeCacheSize=
# This output file may be truncated or incomplete.
#
#  Out of Memory Error (os_linux.cpp:2899), pid=51092, tid=51765
#
# JRE version: OpenJDK Runtime Environment (13.0.7+5) (build 13.0.7+5-Ubuntu-0ubuntu120.04)
# Java VM: OpenJDK 64-Bit Server VM (13.0.7+5-Ubuntu-0ubuntu120.04, mixed mode, tiered, serial gc, linux-amd64)
# No core dump will be written. Core dumps have been disabled. To enable core dumping, try "ulimit -c unlimited" before starting Java again
#

---------------  S U M M A R Y ------------

Command Line: -Xmx64g --add-modules=ALL-DEFAULT jdk.compiler/com.sun.tools.javac.launcher.Main /mnt/beegfs/rcabanas/dev/credici/papers/JoCI/code/LearnMultiStudy.java -w -x 300 -m 500 -sc KL -th 0.0 --seed 0 --output /mnt/beegfs/rcabanas/dev/credici/papers/JoCI/output/synthetic/s1 -nh 0 /mnt/beegfs/rcabanas/dev/credici/papers/JoCI/models/synthetic/s1/random_mc2_n9_mid3_d1000_05_mr098_r10_74.uai

Host: AMD EPYC 7542 32-Core Processor, 64 cores, 251G, Ubuntu 20.04.4 LTS
Time: Mon Dec 12 08:14:45 2022 CET elapsed time: 223971.465080 seconds (2d 14h 12m 51s)

---------------  T H R E A D  ---------------

Current thread (0x00007f016c097800):  VMThread "VM Thread" [stack: 0x00007f01709fd000,0x00007f0170afd000] [id=51765]

Stack: [0x00007f01709fd000,0x00007f0170afd000],  sp=0x00007f0170afb160,  free space=1016k
Native frames: (J=compiled Java code, A=aot compiled Java code, j=interpreted, Vv=VM code, C=native code)
V  [libjvm.so+0xf8f092]
V  [libjvm.so+0xf8fc91]
V  [libjvm.so+0x66ee5a]
V  [libjvm.so+0xc44a41]
V  [libjvm.so+0xc3b263]
V  [libjvm.so+0xf87f4b]
V  [libjvm.so+0x557506]
V  [libjvm.so+0x557723]
V  [libjvm.so+0xf18b0c]
V  [libjvm.so+0x557e65]
V  [libjvm.so+0x7e2edb]
V  [libjvm.so+0x7e39bd]
V  [libjvm.so+0x7d8b48]
V  [libjvm.so+0xf90940]
V  [libjvm.so+0xf96657]
V  [libjvm.so+0xf96d2b]
V  [libjvm.so+0xf9706a]
V  [libjvm.so+0xf2208f]
V  [libjvm.so+0xc493ff]

VM_Operation (0x00007f017176d320): GenCollectForAllocation, mode: safepoint, requested by thread 0x00007f016c018000


---------------  P R O C E S S  ---------------

Threads class SMR info:
_java_thread_list=0x00007f016c136b90, length=9, elements={
0x00007f016c018000, 0x00007f016c0a3800, 0x00007f016c0a7000, 0x00007f016c0cb800,
0x00007f016c0cd000, 0x00007f016c0cf000, 0x00007f016c0d1000, 0x00007f016c0d3000,
0x00007f016c135800
}

Java Threads: ( => current thread )
  0x00007f016c018000 JavaThread "main" [_thread_blocked, id=51526, stack(0x00007f017166f000,0x00007f0171770000)]
  0x00007f016c0a3800 JavaThread "Reference Handler" daemon [_thread_blocked, id=51771, stack(0x00007f01708fa000,0x00007f01709fb000)]
  0x00007f016c0a7000 JavaThread "Finalizer" daemon [_thread_blocked, id=51773, stack(0x00007f01707f9000,0x00007f01708fa000)]
  0x00007f016c0cb800 JavaThread "Signal Dispatcher" daemon [_thread_blocked, id=51811, stack(0x00007f01706bf000,0x00007f01707c0000)]
  0x00007f016c0cd000 JavaThread "Service Thread" daemon [_thread_blocked, id=51813, stack(0x00007f01705be000,0x00007f01706bf000)]
  0x00007f016c0cf000 JavaThread "C2 CompilerThread0" daemon [_thread_blocked, id=51815, stack(0x00007f01704bd000,0x00007f01705be000)]
  0x00007f016c0d1000 JavaThread "C1 CompilerThread0" daemon [_thread_blocked, id=51816, stack(0x00007f01703bc000,0x00007f01704bd000)]
  0x00007f016c0d3000 JavaThread "Sweeper thread" daemon [_thread_blocked, id=51836, stack(0x00007f01702bb000,0x00007f01703bc000)]
  0x00007f016c135800 JavaThread "Common-Cleaner" daemon [_thread_blocked, id=52136, stack(0x00007f01701ba000,0x00007f01702bb000)]

Other Threads:
=>0x00007f016c097800 VMThread "VM Thread" [stack: 0x00007f01709fd000,0x00007f0170afd000] [id=51765]
  0x00007f016c17e800 WatcherThread [stack: 0x00007f01700ba000,0x00007f01701ba000] [id=52302]

Threads with active compile tasks:

VM state:at safepoint (normal execution)

VM Mutex/Monitor currently owned by a thread:  ([mutex/lock_event])
[0x00007f016c0141d0] Threads_lock - owner thread: 0x00007f016c097800
[0x00007f016c014dd0] Heap_lock - owner thread: 0x00007f016c018000

Heap:
 def new generation   total 2827008K, used 1178K [0x00007ef154600000, 0x00007ef214170000, 0x00007ef6a9b50000)
  eden space 2512960K,   0% used [0x00007ef154600000, 0x00007ef154726ac0, 0x00007ef1edc10000)
  from space 314048K,   0% used [0x00007ef200ec0000, 0x00007ef200ec0000, 0x00007ef214170000)
  to   space 314048K,   0% used [0x00007ef1edc10000, 0x00007ef1edc10000, 0x00007ef200ec0000)
 tenured generation   total 6281988K, used 6281987K [0x00007ef6a9b50000, 0x00007ef829211000, 0x00007f0154600000)
   the space 6281988K,  99% used [0x00007ef6a9b50000, 0x00007ef829210fd8, 0x00007ef829211000, 0x00007ef829211000)
 Metaspace       used 24627K, capacity 25032K, committed 25344K, reserved 26624K

Card table byte_map: [0x00007ef14c5ff000,0x00007ef154600000] _byte_map_base: 0x00007eb1d3b5c000

Polling page: 0x00007f01730fb000

Metaspace:

Usage:
   24.45 MB capacity,    24.05 MB ( 98%) used,   305.00 KB (  1%) free+waste,    99.38 KB ( <1%) overhead. 

Virtual space:
     26.00 MB reserved,      24.75 MB ( 95%) committed 

Chunk freelists:
148.00 KB

MaxMetaspaceSize: unlimited


CodeHeap 'non-profiled nmethods': size=120036Kb used=2579Kb max_used=2603Kb free=117457Kb
 bounds [0x00007f015c251000, 0x00007f015c4f1000, 0x00007f016378a000]
CodeHeap 'profiled nmethods': size=120032Kb used=5385Kb max_used=7828Kb free=114646Kb
 bounds [0x00007f0154d19000, 0x00007f01554c9000, 0x00007f015c251000]
CodeHeap 'non-nmethods': size=5692Kb used=1201Kb max_used=1237Kb free=4491Kb
 bounds [0x00007f015478a000, 0x00007f01549fa000, 0x00007f0154d19000]
 total_blobs=3851 nmethods=3382 adapters=384
 compilation: enabled
              stopped_count=0, restarted_count=0
 full_count=0

Compilation events (20 events):
Event: 138004.046 Thread 0x00007f016c0cf000 4571 %     4       ch.idsia.crema.inference.ve.order.MinFillOrdering::triangulate @ 226 (420 bytes)
Event: 138004.346 Thread 0x00007f016c0cf000 nmethod 4571% 0x00007f015c47d110 code [0x00007f015c47d4c0, 0x00007f015c480838]
Event: 149430.440 Thread 0x00007f016c0cf000 4572       4       ch.idsia.crema.inference.ve.order.MinFillOrdering::triangulate (420 bytes)
Event: 149430.749 Thread 0x00007f016c0cf000 nmethod 4572 0x00007f015c3cfb90 code [0x00007f015c3cff40, 0x00007f015c3d3848]
Event: 150704.636 Thread 0x00007f016c0cf000 4573 %     4       ch.idsia.crema.inference.ve.order.MinFillOrdering::triangulate @ 70 (420 bytes)
Event: 150704.932 Thread 0x00007f016c0cf000 nmethod 4573% 0x00007f015c4cd690 code [0x00007f015c4cda20, 0x00007f015c4d1358]
Event: 154466.056 Thread 0x00007f016c0cf000 4574 %     4       ch.idsia.crema.inference.ve.order.MinFillOrdering::triangulate @ 143 (420 bytes)
Event: 154466.318 Thread 0x00007f016c0cf000 nmethod 4574% 0x00007f015c4d4410 code [0x00007f015c4d47c0, 0x00007f015c4d7a58]
Event: 155410.969 Thread 0x00007f016c0cf000 4575       4       java.util.HashMap$TreeNode::getTreeNode (22 bytes)
Event: 155410.973 Thread 0x00007f016c0cf000 nmethod 4575 0x00007f015c325e90 code [0x00007f015c326040, 0x00007f015c326310]
Event: 155755.842 Thread 0x00007f016c0cf000 4576       4       ch.idsia.crema.inference.ve.order.MinFillOrdering::triangulate (420 bytes)
Event: 155756.035 Thread 0x00007f016c0cf000 nmethod 4576 0x00007f015c4da510 code [0x00007f015c4da8c0, 0x00007f015c4de248]
Event: 163534.920 Thread 0x00007f016c0cf000 4577       4       ch.idsia.credici.model.tools.CausalInfo::isExogenous (40 bytes)
Event: 163534.929 Thread 0x00007f016c0d1000 4578       1       ch.idsia.credici.learning.FrequentistCausalEM::setData (6 bytes)
Event: 163534.934 Thread 0x00007f016c0d1000 nmethod 4578 0x00007f015c47ce10 code [0x00007f015c47cfa0, 0x00007f015c47d070]
Event: 163534.977 Thread 0x00007f016c0cf000 nmethod 4577 0x00007f015c47c610 code [0x00007f015c47c7c0, 0x00007f015c47cac8]
Event: 164828.065 Thread 0x00007f016c0d1000 4579       1       ch.idsia.crema.learning.ExpectationMaximization::getIntermediateModels (5 bytes)
Event: 164828.066 Thread 0x00007f016c0d1000 nmethod 4579 0x00007f015c47c110 code [0x00007f015c47c2a0, 0x00007f015c47c350]
Event: 208981.139 Thread 0x00007f016c0cf000 4580       4       ch.idsia.credici.model.tools.CausalInfo$$Lambda$365/0x00007ef145d0fc58::test (9 bytes)
Event: 208981.282 Thread 0x00007f016c0cf000 nmethod 4580 0x00007f015c3aa890 code [0x00007f015c3aaa40, 0x00007f015c3aad68]

GC Heap History (20 events):
Event: 223929.065 GC heap after
{Heap after GC invocations=198399 (full 4):
 def new generation   total 2827008K, used 1558K [0x00007ef154600000, 0x00007ef214170000, 0x00007ef6a9b50000)
  eden space 2512960K,   0% used [0x00007ef154600000, 0x00007ef154600000, 0x00007ef1edc10000)
  from space 314048K,   0% used [0x00007ef1edc10000, 0x00007ef1edd95818, 0x00007ef200ec0000)
  to   space 314048K,   0% used [0x00007ef200ec0000, 0x00007ef200ec0000, 0x00007ef214170000)
 tenured generation   total 6281988K, used 6281412K [0x00007ef6a9b50000, 0x00007ef829211000, 0x00007f0154600000)
   the space 6281988K,  99% used [0x00007ef6a9b50000, 0x00007ef829181180, 0x00007ef829181200, 0x00007ef829211000)
 Metaspace       used 24627K, capacity 25032K, committed 25344K, reserved 26624K
}
Event: 223931.733 GC heap before
{Heap before GC invocations=198399 (full 4):
 def new generation   total 2827008K, used 2514518K [0x00007ef154600000, 0x00007ef214170000, 0x00007ef6a9b50000)
  eden space 2512960K, 100% used [0x00007ef154600000, 0x00007ef1edc10000, 0x00007ef1edc10000)
  from space 314048K,   0% used [0x00007ef1edc10000, 0x00007ef1edd95818, 0x00007ef200ec0000)
  to   space 314048K,   0% used [0x00007ef200ec0000, 0x00007ef200ec0000, 0x00007ef214170000)
 tenured generation   total 6281988K, used 6281412K [0x00007ef6a9b50000, 0x00007ef829211000, 0x00007f0154600000)
   the space 6281988K,  99% used [0x00007ef6a9b50000, 0x00007ef829181180, 0x00007ef829181200, 0x00007ef829211000)
 Metaspace       used 24627K, capacity 25032K, committed 25344K, reserved 26624K
}
Event: 223931.747 GC heap after
{Heap after GC invocations=198400 (full 4):
 def new generation   total 2827008K, used 1503K [0x00007ef154600000, 0x00007ef214170000, 0x00007ef6a9b50000)
  eden space 2512960K,   0% used [0x00007ef154600000, 0x00007ef154600000, 0x00007ef1edc10000)
  from space 314048K,   0% used [0x00007ef200ec0000, 0x00007ef201037dd0, 0x00007ef214170000)
  to   space 314048K,   0% used [0x00007ef1edc10000, 0x00007ef1edc10000, 0x00007ef200ec0000)
 tenured generation   total 6281988K, used 6281483K [0x00007ef6a9b50000, 0x00007ef829211000, 0x00007f0154600000)
   the space 6281988K,  99% used [0x00007ef6a9b50000, 0x00007ef829192e08, 0x00007ef829193000, 0x00007ef829211000)
 Metaspace       used 24627K, capacity 25032K, committed 25344K, reserved 26624K
}
Event: 223934.276 GC heap before
{Heap before GC invocations=198400 (full 4):
 def new generation   total 2827008K, used 2514463K [0x00007ef154600000, 0x00007ef214170000, 0x00007ef6a9b50000)
  eden space 2512960K, 100% used [0x00007ef154600000, 0x00007ef1edc10000, 0x00007ef1edc10000)
  from space 314048K,   0% used [0x00007ef200ec0000, 0x00007ef201037dd0, 0x00007ef214170000)
  to   space 314048K,   0% used [0x00007ef1edc10000, 0x00007ef1edc10000, 0x00007ef200ec0000)
 tenured generation   total 6281988K, used 6281483K [0x00007ef6a9b50000, 0x00007ef829211000, 0x00007f0154600000)
   the space 6281988K,  99% used [0x00007ef6a9b50000, 0x00007ef829192e08, 0x00007ef829193000, 0x00007ef829211000)
 Metaspace       used 24627K, capacity 25032K, committed 25344K, reserved 26624K
}
Event: 223934.291 GC heap after
{Heap after GC invocations=198401 (full 4):
 def new generation   total 2827008K, used 1454K [0x00007ef154600000, 0x00007ef214170000, 0x00007ef6a9b50000)
  eden space 2512960K,   0% used [0x00007ef154600000, 0x00007ef154600000, 0x00007ef1edc10000)
  from space 314048K,   0% used [0x00007ef1edc10000, 0x00007ef1edd7b968, 0x00007ef200ec0000)
  to   space 314048K,   0% used [0x00007ef200ec0000, 0x00007ef200ec0000, 0x00007ef214170000)
 tenured generation   total 6281988K, used 6281554K [0x00007ef6a9b50000, 0x00007ef829211000, 0x00007f0154600000)
   the space 6281988K,  99% used [0x00007ef6a9b50000, 0x00007ef8291a4a90, 0x00007ef8291a4c00, 0x00007ef829211000)
 Metaspace       used 24627K, capacity 25032K, committed 25344K, reserved 26624K
}
Event: 223936.812 GC heap before
{Heap before GC invocations=198401 (full 4):
 def new generation   total 2827008K, used 2514414K [0x00007ef154600000, 0x00007ef214170000, 0x00007ef6a9b50000)
  eden space 2512960K, 100% used [0x00007ef154600000, 0x00007ef1edc10000, 0x00007ef1edc10000)
  from space 314048K,   0% used [0x00007ef1edc10000, 0x00007ef1edd7b968, 0x00007ef200ec0000)
  to   space 314048K,   0% used [0x00007ef200ec0000, 0x00007ef200ec0000, 0x00007ef214170000)
 tenured generation   total 6281988K, used 6281554K [0x00007ef6a9b50000, 0x00007ef829211000, 0x00007f0154600000)
   the space 6281988K,  99% used [0x00007ef6a9b50000, 0x00007ef8291a4a90, 0x00007ef8291a4c00, 0x00007ef829211000)
 Metaspace       used 24627K, capacity 25032K, committed 25344K, reserved 26624K
}
Event: 223936.826 GC heap after
{Heap after GC invocations=198402 (full 4):
 def new generation   total 2827008K, used 1500K [0x00007ef154600000, 0x00007ef214170000, 0x00007ef6a9b50000)
  eden space 2512960K,   0% used [0x00007ef154600000, 0x00007ef154600000, 0x00007ef1edc10000)
  from space 314048K,   0% used [0x00007ef200ec0000, 0x00007ef2010371b8, 0x00007ef214170000)
  to   space 314048K,   0% used [0x00007ef1edc10000, 0x00007ef1edc10000, 0x00007ef200ec0000)
 tenured generation   total 6281988K, used 6281625K [0x00007ef6a9b50000, 0x00007ef829211000, 0x00007f0154600000)
   the space 6281988K,  99% used [0x00007ef6a9b50000, 0x00007ef8291b6718, 0x00007ef8291b6800, 0x00007ef829211000)
 Metaspace       used 24627K, capacity 25032K, committed 25344K, reserved 26624K
}
Event: 223939.373 GC heap before
{Heap before GC invocations=198402 (full 4):
 def new generation   total 2827008K, used 2514460K [0x00007ef154600000, 0x00007ef214170000, 0x00007ef6a9b50000)
  eden space 2512960K, 100% used [0x00007ef154600000, 0x00007ef1edc10000, 0x00007ef1edc10000)
  from space 314048K,   0% used [0x00007ef200ec0000, 0x00007ef2010371b8, 0x00007ef214170000)
  to   space 314048K,   0% used [0x00007ef1edc10000, 0x00007ef1edc10000, 0x00007ef200ec0000)
 tenured generation   total 6281988K, used 6281625K [0x00007ef6a9b50000, 0x00007ef829211000, 0x00007f0154600000)
   the space 6281988K,  99% used [0x00007ef6a9b50000, 0x00007ef8291b6718, 0x00007ef8291b6800, 0x00007ef829211000)
 Metaspace       used 24627K, capacity 25032K, committed 25344K, reserved 26624K
}
Event: 223939.385 GC heap after
{Heap after GC invocations=198403 (full 4):
 def new generation   total 2827008K, used 1364K [0x00007ef154600000, 0x00007ef214170000, 0x00007ef6a9b50000)
  eden space 2512960K,   0% used [0x00007ef154600000, 0x00007ef154600000, 0x00007ef1edc10000)
  from space 314048K,   0% used [0x00007ef1edc10000, 0x00007ef1edd65240, 0x00007ef200ec0000)
  to   space 314048K,   0% used [0x00007ef200ec0000, 0x00007ef200ec0000, 0x00007ef214170000)
 tenured generation   total 6281988K, used 6281696K [0x00007ef6a9b50000, 0x00007ef829211000, 0x00007f0154600000)
   the space 6281988K,  99% used [0x00007ef6a9b50000, 0x00007ef8291c83a0, 0x00007ef8291c8400, 0x00007ef829211000)
 Metaspace       used 24627K, capacity 25032K, committed 25344K, reserved 26624K
}
Event: 223941.901 GC heap before
{Heap before GC invocations=198403 (full 4):
 def new generation   total 2827008K, used 2514324K [0x00007ef154600000, 0x00007ef214170000, 0x00007ef6a9b50000)
  eden space 2512960K, 100% used [0x00007ef154600000, 0x00007ef1edc10000, 0x00007ef1edc10000)
  from space 314048K,   0% used [0x00007ef1edc10000, 0x00007ef1edd65240, 0x00007ef200ec0000)
  to   space 314048K,   0% used [0x00007ef200ec0000, 0x00007ef200ec0000, 0x00007ef214170000)
 tenured generation   total 6281988K, used 6281696K [0x00007ef6a9b50000, 0x00007ef829211000, 0x00007f0154600000)
   the space 6281988K,  99% used [0x00007ef6a9b50000, 0x00007ef8291c83a0, 0x00007ef8291c8400, 0x00007ef829211000)
 Metaspace       used 24627K, capacity 25032K, committed 25344K, reserved 26624K
}
Event: 223941.914 GC heap after
{Heap after GC invocations=198404 (full 4):
 def new generation   total 2827008K, used 1316K [0x00007ef154600000, 0x00007ef214170000, 0x00007ef6a9b50000)
  eden space 2512960K,   0% used [0x00007ef154600000, 0x00007ef154600000, 0x00007ef1edc10000)
  from space 314048K,   0% used [0x00007ef200ec0000, 0x00007ef201009288, 0x00007ef214170000)
  to   space 314048K,   0% used [0x00007ef1edc10000, 0x00007ef1edc10000, 0x00007ef200ec0000)
 tenured generation   total 6281988K, used 6281768K [0x00007ef6a9b50000, 0x00007ef829211000, 0x00007f0154600000)
   the space 6281988K,  99% used [0x00007ef6a9b50000, 0x00007ef8291da028, 0x00007ef8291da200, 0x00007ef829211000)
 Metaspace       used 24627K, capacity 25032K, committed 25344K, reserved 26624K
}
Event: 223944.474 GC heap before
{Heap before GC invocations=198404 (full 4):
 def new generation   total 2827008K, used 2514276K [0x00007ef154600000, 0x00007ef214170000, 0x00007ef6a9b50000)
  eden space 2512960K, 100% used [0x00007ef154600000, 0x00007ef1edc10000, 0x00007ef1edc10000)
  from space 314048K,   0% used [0x00007ef200ec0000, 0x00007ef201009288, 0x00007ef214170000)
  to   space 314048K,   0% used [0x00007ef1edc10000, 0x00007ef1edc10000, 0x00007ef200ec0000)
 tenured generation   total 6281988K, used 6281768K [0x00007ef6a9b50000, 0x00007ef829211000, 0x00007f0154600000)
   the space 6281988K,  99% used [0x00007ef6a9b50000, 0x00007ef8291da028, 0x00007ef8291da200, 0x00007ef829211000)
 Metaspace       used 24627K, capacity 25032K, committed 25344K, reserved 26624K
}
Event: 223944.488 GC heap after
{Heap after GC invocations=198405 (full 4):
 def new generation   total 2827008K, used 1264K [0x00007ef154600000, 0x00007ef214170000, 0x00007ef6a9b50000)
  eden space 2512960K,   0% used [0x00007ef154600000, 0x00007ef154600000, 0x00007ef1edc10000)
  from space 314048K,   0% used [0x00007ef1edc10000, 0x00007ef1edd4c028, 0x00007ef200ec0000)
  to   space 314048K,   0% used [0x00007ef200ec0000, 0x00007ef200ec0000, 0x00007ef214170000)
 tenured generation   total 6281988K, used 6281839K [0x00007ef6a9b50000, 0x00007ef829211000, 0x00007f0154600000)
   the space 6281988K,  99% used [0x00007ef6a9b50000, 0x00007ef8291ebcb0, 0x00007ef8291ebe00, 0x00007ef829211000)
 Metaspace       used 24627K, capacity 25032K, committed 25344K, reserved 26624K
}
Event: 223946.960 GC heap before
{Heap before GC invocations=198405 (full 4):
 def new generation   total 2827008K, used 2514224K [0x00007ef154600000, 0x00007ef214170000, 0x00007ef6a9b50000)
  eden space 2512960K, 100% used [0x00007ef154600000, 0x00007ef1edc10000, 0x00007ef1edc10000)
  from space 314048K,   0% used [0x00007ef1edc10000, 0x00007ef1edd4c028, 0x00007ef200ec0000)
  to   space 314048K,   0% used [0x00007ef200ec0000, 0x00007ef200ec0000, 0x00007ef214170000)
 tenured generation   total 6281988K, used 6281839K [0x00007ef6a9b50000, 0x00007ef829211000, 0x00007f0154600000)
   the space 6281988K,  99% used [0x00007ef6a9b50000, 0x00007ef8291ebcb0, 0x00007ef8291ebe00, 0x00007ef829211000)
 Metaspace       used 24627K, capacity 25032K, committed 25344K, reserved 26624K
}
Event: 223946.975 GC heap after
{Heap after GC invocations=198406 (full 4):
 def new generation   total 2827008K, used 1205K [0x00007ef154600000, 0x00007ef214170000, 0x00007ef6a9b50000)
  eden space 2512960K,   0% used [0x00007ef154600000, 0x00007ef154600000, 0x00007ef1edc10000)
  from space 314048K,   0% used [0x00007ef200ec0000, 0x00007ef200fed518, 0x00007ef214170000)
  to   space 314048K,   0% used [0x00007ef1edc10000, 0x00007ef1edc10000, 0x00007ef200ec0000)
 tenured generation   total 6281988K, used 6281910K [0x00007ef6a9b50000, 0x00007ef829211000, 0x00007f0154600000)
   the space 6281988K,  99% used [0x00007ef6a9b50000, 0x00007ef8291fd938, 0x00007ef8291fda00, 0x00007ef829211000)
 Metaspace       used 24627K, capacity 25032K, committed 25344K, reserved 26624K
}
Event: 223949.508 GC heap before
{Heap before GC invocations=198406 (full 4):
 def new generation   total 2827008K, used 2514165K [0x00007ef154600000, 0x00007ef214170000, 0x00007ef6a9b50000)
  eden space 2512960K, 100% used [0x00007ef154600000, 0x00007ef1edc10000, 0x00007ef1edc10000)
  from space 314048K,   0% used [0x00007ef200ec0000, 0x00007ef200fed518, 0x00007ef214170000)
  to   space 314048K,   0% used [0x00007ef1edc10000, 0x00007ef1edc10000, 0x00007ef200ec0000)
 tenured generation   total 6281988K, used 6281910K [0x00007ef6a9b50000, 0x00007ef829211000, 0x00007f0154600000)
   the space 6281988K,  99% used [0x00007ef6a9b50000, 0x00007ef8291fd938, 0x00007ef8291fda00, 0x00007ef829211000)
 Metaspace       used 24627K, capacity 25032K, committed 25344K, reserved 26624K
}
Event: 223949.519 GC heap after
{Heap after GC invocations=198407 (full 4):
 def new generation   total 2827008K, used 1223K [0x00007ef154600000, 0x00007ef214170000, 0x00007ef6a9b50000)
  eden space 2512960K,   0% used [0x00007ef154600000, 0x00007ef154600000, 0x00007ef1edc10000)
  from space 314048K,   0% used [0x00007ef1edc10000, 0x00007ef1edd41fa8, 0x00007ef200ec0000)
  to   space 314048K,   0% used [0x00007ef200ec0000, 0x00007ef200ec0000, 0x00007ef214170000)
 tenured generation   total 6281988K, used 6281910K [0x00007ef6a9b50000, 0x00007ef829211000, 0x00007f0154600000)
   the space 6281988K,  99% used [0x00007ef6a9b50000, 0x00007ef8291fd938, 0x00007ef8291fda00, 0x00007ef829211000)
 Metaspace       used 24627K, capacity 25032K, committed 25344K, reserved 26624K
}
Event: 223952.076 GC heap before
{Heap before GC invocations=198407 (full 4):
 def new generation   total 2827008K, used 2514183K [0x00007ef154600000, 0x00007ef214170000, 0x00007ef6a9b50000)
  eden space 2512960K, 100% used [0x00007ef154600000, 0x00007ef1edc10000, 0x00007ef1edc10000)
  from space 314048K,   0% used [0x00007ef1edc10000, 0x00007ef1edd41fa8, 0x00007ef200ec0000)
  to   space 314048K,   0% used [0x00007ef200ec0000, 0x00007ef200ec0000, 0x00007ef214170000)
 tenured generation   total 6281988K, used 6281910K [0x00007ef6a9b50000, 0x00007ef829211000, 0x00007f0154600000)
   the space 6281988K,  99% used [0x00007ef6a9b50000, 0x00007ef8291fd938, 0x00007ef8291fda00, 0x00007ef829211000)
 Metaspace       used 24627K, capacity 25032K, committed 25344K, reserved 26624K
}
Event: 223952.089 GC heap after
{Heap after GC invocations=198408 (full 4):
 def new generation   total 2827008K, used 1185K [0x00007ef154600000, 0x00007ef214170000, 0x00007ef6a9b50000)
  eden space 2512960K,   0% used [0x00007ef154600000, 0x00007ef154600000, 0x00007ef1edc10000)
  from space 314048K,   0% used [0x00007ef200ec0000, 0x00007ef200fe84d8, 0x00007ef214170000)
  to   space 314048K,   0% used [0x00007ef1edc10000, 0x00007ef1edc10000, 0x00007ef200ec0000)
 tenured generation   total 6281988K, used 6281981K [0x00007ef6a9b50000, 0x00007ef829211000, 0x00007f0154600000)
   the space 6281988K,  99% used [0x00007ef6a9b50000, 0x00007ef82920f5c0, 0x00007ef82920f600, 0x00007ef829211000)
 Metaspace       used 24627K, capacity 25032K, committed 25344K, reserved 26624K
}
Event: 223952.089 GC heap before
{Heap before GC invocations=198408 (full 4):
 def new generation   total 2827008K, used 1185K [0x00007ef154600000, 0x00007ef214170000, 0x00007ef6a9b50000)
  eden space 2512960K,   0% used [0x00007ef154600000, 0x00007ef154600000, 0x00007ef1edc10000)
  from space 314048K,   0% used [0x00007ef200ec0000, 0x00007ef200fe84d8, 0x00007ef214170000)
  to   space 314048K,   0% used [0x00007ef1edc10000, 0x00007ef1edc10000, 0x00007ef200ec0000)
 tenured generation   total 6281988K, used 6281981K [0x00007ef6a9b50000, 0x00007ef829211000, 0x00007f0154600000)
   the space 6281988K,  99% used [0x00007ef6a9b50000, 0x00007ef82920f5c0, 0x00007ef82920f600, 0x00007ef829211000)
 Metaspace       used 24627K, capacity 25032K, committed 25344K, reserved 26624K
}

Deoptimization events (20 events):
Event: 127879.644 Thread 0x00007f016c018000 DEOPT PACKING pc=0x00007f015529dfcf sp=0x00007f017176d840
Event: 127879.646 Thread 0x00007f016c018000 DEOPT UNPACKING pc=0x00007f01547d333a sp=0x00007f017176cdc0 mode 0
Event: 149430.459 Thread 0x00007f016c018000 DEOPT PACKING pc=0x00007f015529defe sp=0x00007f017176d840
Event: 149430.465 Thread 0x00007f016c018000 DEOPT UNPACKING pc=0x00007f01547d333a sp=0x00007f017176cdc0 mode 0
Event: 150704.612 Thread 0x00007f016c018000 Uncommon trap: trap_request=0xffffffbe fr.pc=0x00007f015c3d257c relative=0x000000000000263c
Event: 150704.619 Thread 0x00007f016c018000 Uncommon trap: reason=profile_predicate action=maybe_recompile pc=0x00007f015c3d257c method=ch.idsia.crema.inference.ve.order.MinFillOrdering.triangulate(Lorg/jgrapht/graph/SimpleGraph;)Ljava/util/Collection; @ 150 c2
Event: 150704.626 Thread 0x00007f016c018000 DEOPT PACKING pc=0x00007f015c3d257c sp=0x00007f017176d8c0
Event: 150704.629 Thread 0x00007f016c018000 DEOPT UNPACKING pc=0x00007f01547d2e25 sp=0x00007f017176d8c8 mode 2
Event: 151947.835 Thread 0x00007f016c018000 Uncommon trap: trap_request=0xffffffbe fr.pc=0x00007f015c3d257c relative=0x000000000000263c
Event: 151947.836 Thread 0x00007f016c018000 Uncommon trap: reason=profile_predicate action=maybe_recompile pc=0x00007f015c3d257c method=ch.idsia.crema.inference.ve.order.MinFillOrdering.triangulate(Lorg/jgrapht/graph/SimpleGraph;)Ljava/util/Collection; @ 150 c2
Event: 151947.836 Thread 0x00007f016c018000 DEOPT PACKING pc=0x00007f015c3d257c sp=0x00007f017176d8c0
Event: 151947.838 Thread 0x00007f016c018000 DEOPT UNPACKING pc=0x00007f01547d2e25 sp=0x00007f017176d8c8 mode 2
Event: 153224.889 Thread 0x00007f016c018000 Uncommon trap: trap_request=0xffffffbe fr.pc=0x00007f015c3d257c relative=0x000000000000263c
Event: 153224.889 Thread 0x00007f016c018000 Uncommon trap: reason=profile_predicate action=maybe_recompile pc=0x00007f015c3d257c method=ch.idsia.crema.inference.ve.order.MinFillOrdering.triangulate(Lorg/jgrapht/graph/SimpleGraph;)Ljava/util/Collection; @ 150 c2
Event: 153224.889 Thread 0x00007f016c018000 DEOPT PACKING pc=0x00007f015c3d257c sp=0x00007f017176d8c0
Event: 153224.889 Thread 0x00007f016c018000 DEOPT UNPACKING pc=0x00007f01547d2e25 sp=0x00007f017176d8c8 mode 2
Event: 154466.052 Thread 0x00007f016c018000 Uncommon trap: trap_request=0xffffffbe fr.pc=0x00007f015c3d257c relative=0x000000000000263c
Event: 154466.053 Thread 0x00007f016c018000 Uncommon trap: reason=profile_predicate action=maybe_recompile pc=0x00007f015c3d257c method=ch.idsia.crema.inference.ve.order.MinFillOrdering.triangulate(Lorg/jgrapht/graph/SimpleGraph;)Ljava/util/Collection; @ 150 c2
Event: 154466.053 Thread 0x00007f016c018000 DEOPT PACKING pc=0x00007f015c3d257c sp=0x00007f017176d8c0
Event: 154466.055 Thread 0x00007f016c018000 DEOPT UNPACKING pc=0x00007f01547d2e25 sp=0x00007f017176d8c8 mode 2

Classes unloaded (20 events):
Event: 81177.585 Thread 0x00007f016c097800 Unloading class 0x00007ef1461d1040 'java/lang/invoke/LambdaForm$MH'
Event: 81177.585 Thread 0x00007f016c097800 Unloading class 0x00007ef1461d0840 'java/lang/invoke/LambdaForm$MH'
Event: 81177.585 Thread 0x00007f016c097800 Unloading class 0x00007ef1461d0040 'java/lang/invoke/LambdaForm$MH'
Event: 81177.585 Thread 0x00007f016c097800 Unloading class 0x00007ef146501058 'java/lang/invoke/LambdaForm$MH'
Event: 81177.585 Thread 0x00007f016c097800 Unloading class 0x00007ef146502840 'java/lang/invoke/LambdaForm$MH'
Event: 81177.585 Thread 0x00007f016c097800 Unloading class 0x00007ef146502040 'java/lang/invoke/LambdaForm$MH'
Event: 81177.585 Thread 0x00007f016c097800 Unloading class 0x00007ef146503840 'java/lang/invoke/LambdaForm$MH'
Event: 81177.585 Thread 0x00007f016c097800 Unloading class 0x00007ef146503040 'java/lang/invoke/LambdaForm$MH'
Event: 81177.585 Thread 0x00007f016c097800 Unloading class 0x00007ef146504840 'java/lang/invoke/LambdaForm$MH'
Event: 81177.585 Thread 0x00007f016c097800 Unloading class 0x00007ef146505c40 'java/lang/invoke/LambdaForm$MH'
Event: 81177.585 Thread 0x00007f016c097800 Unloading class 0x00007ef146506c40 'java/lang/invoke/LambdaForm$MH'
Event: 81177.585 Thread 0x00007f016c097800 Unloading class 0x00007ef146507440 'java/lang/invoke/LambdaForm$MH'
Event: 81177.585 Thread 0x00007f016c097800 Unloading class 0x00007ef146507c40 'java/lang/invoke/LambdaForm$MH'
Event: 81177.585 Thread 0x00007f016c097800 Unloading class 0x00007ef146508440 'java/lang/invoke/LambdaForm$MH'
Event: 81177.585 Thread 0x00007f016c097800 Unloading class 0x00007ef146109440 'java/lang/invoke/LambdaForm$MH'
Event: 81177.585 Thread 0x00007f016c097800 Unloading class 0x00007ef146109c40 'java/lang/invoke/LambdaForm$MH'
Event: 81177.585 Thread 0x00007f016c097800 Unloading class 0x00007f0171415c40 'java/lang/invoke/LambdaForm$MH'
Event: 81177.585 Thread 0x00007f016c097800 Unloading class 0x00007f0171416440 'java/lang/invoke/LambdaForm$MH'
Event: 81177.585 Thread 0x00007f016c097800 Unloading class 0x00007f0171417440 'java/lang/invoke/LambdaForm$MH'
Event: 81177.585 Thread 0x00007f016c097800 Unloading class 0x00007f0171417c40 'java/lang/invoke/LambdaForm$MH'

Classes redefined (0 events):
No events

Internal exceptions (20 events):
Event: 3.985 Thread 0x00007f016c018000 Exception <a 'java/lang/ArrayIndexOutOfBoundsException'{0x00007ef1639c0078}> (0x00007ef1639c0078) 
thrown [src/hotspot/share/runtime/sharedRuntime.cpp, line 585]
Event: 3.998 Thread 0x00007f016c018000 Exception <a 'java/lang/ArrayIndexOutOfBoundsException'{0x00007ef163ccaf20}> (0x00007ef163ccaf20) 
thrown [src/hotspot/share/runtime/sharedRuntime.cpp, line 585]
Event: 4.015 Thread 0x00007f016c018000 Exception <a 'java/lang/ArrayIndexOutOfBoundsException'{0x00007ef164a83c38}> (0x00007ef164a83c38) 
thrown [src/hotspot/share/runtime/sharedRuntime.cpp, line 585]
Event: 4.023 Thread 0x00007f016c018000 Exception <a 'java/lang/ArrayIndexOutOfBoundsException'{0x00007ef164e02a18}> (0x00007ef164e02a18) 
thrown [src/hotspot/share/runtime/sharedRuntime.cpp, line 585]
Event: 4.046 Thread 0x00007f016c018000 Exception <a 'java/lang/ArrayIndexOutOfBoundsException'{0x00007ef165825770}> (0x00007ef165825770) 
thrown [src/hotspot/share/runtime/sharedRuntime.cpp, line 585]
Event: 4.049 Thread 0x00007f016c018000 Exception <a 'java/lang/ArrayIndexOutOfBoundsException'{0x00007ef165cda6e8}> (0x00007ef165cda6e8) 
thrown [src/hotspot/share/runtime/sharedRuntime.cpp, line 585]
Event: 4.049 Thread 0x00007f016c018000 Exception <a 'java/lang/ArrayIndexOutOfBoundsException'{0x00007ef165cf9f08}> (0x00007ef165cf9f08) 
thrown [src/hotspot/share/runtime/sharedRuntime.cpp, line 585]
Event: 4.092 Thread 0x00007f016c018000 Exception <a 'java/lang/ArrayIndexOutOfBoundsException'{0x00007ef167d6d240}> (0x00007ef167d6d240) 
thrown [src/hotspot/share/runtime/sharedRuntime.cpp, line 585]
Event: 4.134 Thread 0x00007f016c018000 Exception <a 'java/lang/NoSuchMethodError'{0x00007ef168219e80}: 'void java.lang.invoke.DirectMethodHandle$Holder.invokeStatic(java.lang.Object, java.lang.Object, int)'> (0x00007ef168219e80) 
thrown [src/hotspot/share/interpreter/linkResolver.cpp, line 766]
Event: 4.275 Thread 0x00007f016c018000 Exception <a 'java/lang/NoSuchMethodError'{0x00007ef16c5301e8}: 'java.lang.Object java.lang.invoke.DirectMethodHandle$Holder.invokeStatic(java.lang.Object, java.lang.Object, java.lang.Object, java.lang.Object, java.lang.Object, java.lang.Object, java.lang.Object, java.lang.Object, java.lang.Object, java.lang.Object, java.lang.Object, java.lang.Object, java.lang.Object, java.lang.Object, java.lang.Object)'> (0x00007ef16c5301e8) 
thrown [src/hotspot/share/interpreter/linkResolver.cpp, line 766]
Event: 4.276 Thread 0x00007f016c018000 Exception <a 'java/lang/NoSuchMethodError'{0x00007ef16c540de8}: 'java.lang.Object java.lang.invoke.DirectMethodHandle$Holder.invokeStatic(java.lang.Object, java.lang.Object, java.lang.Object, java.lang.Object, java.lang.Object, java.lang.Object, java.lang.Object, java.lang.Object, java.lang.Object, java.lang.Object, java.lang.Object, java.lang.Object, java.lang.Object, java.lang.Object, java.lang.Object, java.lang.Object)'> (0x00007ef16c540de8) 
thrown [src/hotspot/share/interpreter/linkResolver.cpp, line 
Event: 4.277 Thread 0x00007f016c018000 Exception <a 'java/lang/NoSuchMethodError'{0x00007ef16c551ba0}: 'java.lang.Object java.lang.invoke.DirectMethodHandle$Holder.invokeSpecial(java.lang.Object, java.lang.Object, long, java.lang.Object, int, java.lang.Object, int, int, int)'> (0x00007ef16c551ba0) 
thrown [src/hotspot/share/interpreter/linkResolver.cpp, line 766]
Event: 4.277 Thread 0x00007f016c018000 Exception <a 'java/lang/NoSuchMethodError'{0x00007ef16c555d98}: 'java.lang.Object java.lang.invoke.DelegatingMethodHandle$Holder.reinvoke_L(java.lang.Object, long, java.lang.Object, int, java.lang.Object, int, int, int)'> (0x00007ef16c555d98) 
thrown [src/hotspot/share/interpreter/linkResolver.cpp, line 766]
Event: 4.282 Thread 0x00007f016c018000 Exception <a 'java/lang/NoSuchMethodError'{0x00007ef16c581068}: 'java.lang.Object java.lang.invoke.DirectMethodHandle$Holder.invokeStatic(java.lang.Object, int, java.lang.Object, java.lang.Object)'> (0x00007ef16c581068) 
thrown [src/hotspot/share/interpreter/linkResolver.cpp, line 766]
Event: 4.282 Thread 0x00007f016c018000 Exception <a 'java/lang/NoSuchMethodError'{0x00007ef16c5893a8}: 'java.lang.Object java.lang.invoke.DirectMethodHandle$Holder.invokeStatic(java.lang.Object, int, java.lang.Object)'> (0x00007ef16c5893a8) 
thrown [src/hotspot/share/interpreter/linkResolver.cpp, line 766]
Event: 5.422 Thread 0x00007f016c018000 Exception <a 'java/lang/NoSuchMethodError'{0x00007ef15af9b2a8}: 'void java.lang.invoke.DirectMethodHandle$Holder.invokeInterface(java.lang.Object, java.lang.Object, int)'> (0x00007ef15af9b2a8) 
thrown [src/hotspot/share/interpreter/linkResolver.cpp, line 766]
Event: 5.422 Thread 0x00007f016c018000 Exception <a 'java/lang/IncompatibleClassChangeError'{0x00007ef15af9ed70}: Found class java.lang.Object, but interface was expected> (0x00007ef15af9ed70) 
thrown [src/hotspot/share/interpreter/linkResolver.cpp, line 833]
Event: 8.726 Thread 0x00007f016c018000 Implicit null exception at 0x00007f015c3ea178 to 0x00007f015c3eaf5c
Event: 9.424 Thread 0x00007f016c018000 Implicit null exception at 0x00007f015c40daef to 0x00007f015c40f240
Event: 1340.544 Thread 0x00007f016c018000 Implicit null exception at 0x00007f015c47cb12 to 0x00007f015c4816a8

Events (20 events):
Event: 223926.465 Executing VM operation: GenCollectForAllocation done
Event: 223929.049 Executing VM operation: GenCollectForAllocation
Event: 223929.065 Executing VM operation: GenCollectForAllocation done
Event: 223931.733 Executing VM operation: GenCollectForAllocation
Event: 223931.747 Executing VM operation: GenCollectForAllocation done
Event: 223934.276 Executing VM operation: GenCollectForAllocation
Event: 223934.291 Executing VM operation: GenCollectForAllocation done
Event: 223936.812 Executing VM operation: GenCollectForAllocation
Event: 223936.826 Executing VM operation: GenCollectForAllocation done
Event: 223939.373 Executing VM operation: GenCollectForAllocation
Event: 223939.385 Executing VM operation: GenCollectForAllocation done
Event: 223941.900 Executing VM operation: GenCollectForAllocation
Event: 223941.915 Executing VM operation: GenCollectForAllocation done
Event: 223944.474 Executing VM operation: GenCollectForAllocation
Event: 223944.488 Executing VM operation: GenCollectForAllocation done
Event: 223946.960 Executing VM operation: GenCollectForAllocation
Event: 223946.975 Executing VM operation: GenCollectForAllocation done
Event: 223949.508 Executing VM operation: GenCollectForAllocation
Event: 223949.519 Executing VM operation: GenCollectForAllocation done
Event: 223952.075 Executing VM operation: GenCollectForAllocation


Dynamic libraries:
5644cd8d3000-5644cd8d4000 r--p 00000000 07:07 4860                       /usr/lib/jvm/java-13-openjdk-amd64/bin/java
5644cd8d4000-5644cd8d5000 r-xp 00001000 07:07 4860                       /usr/lib/jvm/java-13-openjdk-amd64/bin/java
5644cd8d5000-5644cd8d6000 r--p 00002000 07:07 4860                       /usr/lib/jvm/java-13-openjdk-amd64/bin/java
5644cd8d6000-5644cd8d7000 r--p 00002000 07:07 4860                       /usr/lib/jvm/java-13-openjdk-amd64/bin/java
5644cd8d7000-5644cd8d8000 rw-p 00003000 07:07 4860                       /usr/lib/jvm/java-13-openjdk-amd64/bin/java
5644ce89a000-5644ce8bb000 rw-p 00000000 00:00 0                          [heap]
7ef118000000-7ef118021000 rw-p 00000000 00:00 0 
7ef118021000-7ef11c000000 ---p 00000000 00:00 0 
7ef120000000-7ef120021000 rw-p 00000000 00:00 0 
7ef120021000-7ef124000000 ---p 00000000 00:00 0 
7ef124000000-7ef124021000 rw-p 00000000 00:00 0 
7ef124021000-7ef128000000 ---p 00000000 00:00 0 
7ef128000000-7ef1296bc000 rw-p 00000000 00:00 0 
7ef1296bc000-7ef12c000000 ---p 00000000 00:00 0 
7ef12c000000-7ef12cb6c000 rw-p 00000000 00:00 0 
7ef12cb6c000-7ef130000000 ---p 00000000 00:00 0 
7ef130000000-7ef130021000 rw-p 00000000 00:00 0 
7ef130021000-7ef134000000 ---p 00000000 00:00 0 
7ef134000000-7ef134021000 rw-p 00000000 00:00 0 
7ef134021000-7ef138000000 ---p 00000000 00:00 0 
7ef138000000-7ef138021000 rw-p 00000000 00:00 0 
7ef138021000-7ef13c000000 ---p 00000000 00:00 0 
7ef13c000000-7ef13c021000 rw-p 00000000 00:00 0 
7ef13c021000-7ef140000000 ---p 00000000 00:00 0 
7ef140000000-7ef1400ca000 rw-p 00000000 00:00 0 
7ef1400ca000-7ef144000000 ---p 00000000 00:00 0 
7ef145d09000-7ef145dc9000 rw-p 00000000 00:00 0 
7ef145dc9000-7ef145f09000 ---p 00000000 00:00 0 
7ef145f09000-7ef146109000 rw-p 00000000 00:00 0 
7ef146109000-7ef146309000 rw-p 00000000 00:00 0 
7ef146309000-7ef146509000 rw-p 00000000 00:00 0 
7ef146509000-7ef146709000 rw-p 00000000 00:00 0 
7ef146709000-7ef146aa9000 rw-p 00000000 00:00 0 
7ef146aa9000-7ef146ca9000 rw-p 00000000 00:00 0 
7ef146ca9000-7ef146ea9000 rw-p 00000000 00:00 0 
7ef146ea9000-7ef147ca5000 rw-p 00000000 00:00 0 
7ef147ca5000-7ef14c5ff000 ---p 00000000 00:00 0 
7ef14c5ff000-7ef14cbfd000 rw-p 00000000 00:00 0 
7ef14cbfd000-7ef14f0a9000 ---p 00000000 00:00 0 
7ef14f0a9000-7ef14fca6000 rw-p 00000000 00:00 0 
7ef14fca6000-7ef1545ff000 ---p 00000000 00:00 0 
7ef1545ff000-7ef214170000 rw-p 00000000 00:00 0 
7ef214170000-7ef6a9b50000 ---p 00000000 00:00 0 
7ef6a9b50000-7ef829211000 rw-p 00000000 00:00 0 
7ef928be7000-7f0154600000 ---p 00000000 00:00 0 
7f015478a000-7f01549fa000 rwxp 00000000 00:00 0 
7f01549fa000-7f0154d19000 ---p 00000000 00:00 0 
7f0154d19000-7f01554c9000 rwxp 00000000 00:00 0 
7f01554c9000-7f015c251000 ---p 00000000 00:00 0 
7f015c251000-7f015c4f1000 rwxp 00000000 00:00 0 
7f015c4f1000-7f016378a000 ---p 00000000 00:00 0 
7f016378a000-7f016c000000 r--s 00000000 07:07 5215                       /usr/lib/jvm/java-13-openjdk-amd64/lib/modules
7f016c000000-7f016c72b000 rw-p 00000000 00:00 0 
7f016c72b000-7f0170000000 ---p 00000000 00:00 0 
7f0170059000-7f017008a000 rw-p 00000000 00:00 0 
7f017008a000-7f017008e000 r--p 00000000 07:07 5204                       /usr/lib/jvm/java-13-openjdk-amd64/lib/libnet.so
7f017008e000-7f017009c000 r-xp 00004000 07:07 5204                       /usr/lib/jvm/java-13-openjdk-amd64/lib/libnet.so
7f017009c000-7f01700a0000 r--p 00012000 07:07 5204                       /usr/lib/jvm/java-13-openjdk-amd64/lib/libnet.so
7f01700a0000-7f01700a1000 r--p 00015000 07:07 5204                       /usr/lib/jvm/java-13-openjdk-amd64/lib/libnet.so
7f01700a1000-7f01700a2000 rw-p 00016000 07:07 5204                       /usr/lib/jvm/java-13-openjdk-amd64/lib/libnet.so
7f01700a2000-7f01700a9000 r--p 00000000 07:07 5205                       /usr/lib/jvm/java-13-openjdk-amd64/lib/libnio.so
7f01700a9000-7f01700b2000 r-xp 00007000 07:07 5205                       /usr/lib/jvm/java-13-openjdk-amd64/lib/libnio.so
7f01700b2000-7f01700b6000 r--p 00010000 07:07 5205                       /usr/lib/jvm/java-13-openjdk-amd64/lib/libnio.so
7f01700b6000-7f01700b7000 r--p 00013000 07:07 5205                       /usr/lib/jvm/java-13-openjdk-amd64/lib/libnio.so
7f01700b7000-7f01700b8000 rw-p 00014000 07:07 5205                       /usr/lib/jvm/java-13-openjdk-amd64/lib/libnio.so
7f01700b8000-7f01700b9000 ---p 00000000 00:00 0 
7f01700b9000-7f01701ba000 rw-p 00000000 00:00 0 
7f01701ba000-7f01701be000 ---p 00000000 00:00 0 
7f01701be000-7f01702bb000 rw-p 00000000 00:00 0 
7f01702bb000-7f01702bf000 ---p 00000000 00:00 0 
7f01702bf000-7f01703bc000 rw-p 00000000 00:00 0 
7f01703bc000-7f01703c0000 ---p 00000000 00:00 0 
7f01703c0000-7f01704bd000 rw-p 00000000 00:00 0 
7f01704bd000-7f01704c1000 ---p 00000000 00:00 0 
7f01704c1000-7f01705be000 rw-p 00000000 00:00 0 
7f01705be000-7f01705c2000 ---p 00000000 00:00 0 
7f01705c2000-7f01706bf000 rw-p 00000000 00:00 0 
7f01706bf000-7f01706c3000 ---p 00000000 00:00 0 
7f01706c3000-7f01707c0000 rw-p 00000000 00:00 0 
7f01707c0000-7f01707c7000 r--s 00000000 07:07 8532                       /usr/lib/x86_64-linux-gnu/gconv/gconv-modules.cache
7f01707c7000-7f01707f9000 r--p 00000000 07:07 5276                       /usr/lib/locale/C.UTF-8/LC_CTYPE
7f01707f9000-7f01707fd000 ---p 00000000 00:00 0 
7f01707fd000-7f01708fa000 rw-p 00000000 00:00 0 
7f01708fa000-7f01708fe000 ---p 00000000 00:00 0 
7f01708fe000-7f01709fb000 rw-p 00000000 00:00 0 
7f01709fb000-7f01709fc000 ---p 00000000 00:00 0 
7f01709fc000-7f017141a000 rw-p 00000000 00:00 0 
7f017141a000-7f0171420000 rw-p 00000000 00:00 0 
7f0171420000-7f0171505000 ---p 00000000 00:00 0 
7f0171505000-7f0171515000 rw-p 00000000 00:00 0 
7f0171515000-7f01715f0000 ---p 00000000 00:00 0 
7f01715f0000-7f01715f5000 rw-p 00000000 00:00 0 
7f01715f5000-7f01715fc000 ---p 00000000 00:00 0 
7f01715fc000-7f01715fe000 r--p 00000000 07:07 5214                       /usr/lib/jvm/java-13-openjdk-amd64/lib/libzip.so
7f01715fe000-7f0171602000 r-xp 00002000 07:07 5214                       /usr/lib/jvm/java-13-openjdk-amd64/lib/libzip.so
7f0171602000-7f0171604000 r--p 00006000 07:07 5214                       /usr/lib/jvm/java-13-openjdk-amd64/lib/libzip.so
7f0171604000-7f0171605000 r--p 00007000 07:07 5214                       /usr/lib/jvm/java-13-openjdk-amd64/lib/libzip.so
7f0171605000-7f0171606000 rw-p 00008000 07:07 5214                       /usr/lib/jvm/java-13-openjdk-amd64/lib/libzip.so
7f0171606000-7f017160e000 rw-s 00000000 08:03 101505181                  /tmp/hsperfdata_rcabanas/51092
7f017160e000-7f0171611000 r--p 00000000 07:07 9108                       /usr/lib/x86_64-linux-gnu/libnss_files-2.31.so
7f0171611000-7f0171618000 r-xp 00003000 07:07 9108                       /usr/lib/x86_64-linux-gnu/libnss_files-2.31.so
7f0171618000-7f017161a000 r--p 0000a000 07:07 9108                       /usr/lib/x86_64-linux-gnu/libnss_files-2.31.so
7f017161a000-7f017161b000 r--p 0000b000 07:07 9108                       /usr/lib/x86_64-linux-gnu/libnss_files-2.31.so
7f017161b000-7f017161c000 rw-p 0000c000 07:07 9108                       /usr/lib/x86_64-linux-gnu/libnss_files-2.31.so
7f017161c000-7f0171622000 rw-p 00000000 00:00 0 
7f0171628000-7f017162a000 r--p 00000000 07:07 5195                       /usr/lib/jvm/java-13-openjdk-amd64/lib/libjimage.so
7f017162a000-7f017162d000 r-xp 00002000 07:07 5195                       /usr/lib/jvm/java-13-openjdk-amd64/lib/libjimage.so
7f017162d000-7f017162e000 r--p 00005000 07:07 5195                       /usr/lib/jvm/java-13-openjdk-amd64/lib/libjimage.so
7f017162e000-7f017162f000 ---p 00006000 07:07 5195                       /usr/lib/jvm/java-13-openjdk-amd64/lib/libjimage.so
7f017162f000-7f0171630000 r--p 00006000 07:07 5195                       /usr/lib/jvm/java-13-openjdk-amd64/lib/libjimage.so
7f0171630000-7f0171631000 rw-p 00007000 07:07 5195                       /usr/lib/jvm/java-13-openjdk-amd64/lib/libjimage.so
7f0171631000-7f017163e000 r--p 00000000 07:07 5191                       /usr/lib/jvm/java-13-openjdk-amd64/lib/libjava.so
7f017163e000-7f0171653000 r-xp 0000d000 07:07 5191                       /usr/lib/jvm/java-13-openjdk-amd64/lib/libjava.so
7f0171653000-7f0171659000 r--p 00022000 07:07 5191                       /usr/lib/jvm/java-13-openjdk-amd64/lib/libjava.so
7f0171659000-7f017165a000 ---p 00028000 07:07 5191                       /usr/lib/jvm/java-13-openjdk-amd64/lib/libjava.so
7f017165a000-7f017165b000 r--p 00028000 07:07 5191                       /usr/lib/jvm/java-13-openjdk-amd64/lib/libjava.so
7f017165b000-7f017165d000 rw-p 00029000 07:07 5191                       /usr/lib/jvm/java-13-openjdk-amd64/lib/libjava.so
7f017165d000-7f0171662000 r--p 00000000 07:07 5213                       /usr/lib/jvm/java-13-openjdk-amd64/lib/libverify.so
7f0171662000-7f0171669000 r-xp 00005000 07:07 5213                       /usr/lib/jvm/java-13-openjdk-amd64/lib/libverify.so
7f0171669000-7f017166b000 r--p 0000c000 07:07 5213                       /usr/lib/jvm/java-13-openjdk-amd64/lib/libverify.so
7f017166b000-7f017166c000 ---p 0000e000 07:07 5213                       /usr/lib/jvm/java-13-openjdk-amd64/lib/libverify.so
7f017166c000-7f017166e000 r--p 0000e000 07:07 5213                       /usr/lib/jvm/java-13-openjdk-amd64/lib/libverify.so
7f017166e000-7f017166f000 rw-p 00010000 07:07 5213                       /usr/lib/jvm/java-13-openjdk-amd64/lib/libverify.so
7f017166f000-7f0171673000 ---p 00000000 00:00 0 
7f0171673000-7f0171770000 rw-p 00000000 00:00 0 
7f0171770000-7f0171773000 r--p 00000000 07:07 8948                       /usr/lib/x86_64-linux-gnu/libgcc_s.so.1
7f0171773000-7f0171785000 r-xp 00003000 07:07 8948                       /usr/lib/x86_64-linux-gnu/libgcc_s.so.1
7f0171785000-7f0171789000 r--p 00015000 07:07 8948                       /usr/lib/x86_64-linux-gnu/libgcc_s.so.1
7f0171789000-7f017178a000 r--p 00018000 07:07 8948                       /usr/lib/x86_64-linux-gnu/libgcc_s.so.1
7f017178a000-7f017178b000 rw-p 00019000 07:07 8948                       /usr/lib/x86_64-linux-gnu/libgcc_s.so.1
7f017178b000-7f0171798000 r--p 00000000 07:07 9062                       /usr/lib/x86_64-linux-gnu/libm-2.31.so
7f0171798000-7f017183f000 r-xp 0000d000 07:07 9062                       /usr/lib/x86_64-linux-gnu/libm-2.31.so
7f017183f000-7f01718d8000 r--p 000b4000 07:07 9062                       /usr/lib/x86_64-linux-gnu/libm-2.31.so
7f01718d8000-7f01718d9000 r--p 0014c000 07:07 9062                       /usr/lib/x86_64-linux-gnu/libm-2.31.so
7f01718d9000-7f01718da000 rw-p 0014d000 07:07 9062                       /usr/lib/x86_64-linux-gnu/libm-2.31.so
7f01718da000-7f0171970000 r--p 00000000 07:07 9213                       /usr/lib/x86_64-linux-gnu/libstdc++.so.6.0.28
7f0171970000-7f0171a61000 r-xp 00096000 07:07 9213                       /usr/lib/x86_64-linux-gnu/libstdc++.so.6.0.28
7f0171a61000-7f0171aaa000 r--p 00187000 07:07 9213                       /usr/lib/x86_64-linux-gnu/libstdc++.so.6.0.28
7f0171aaa000-7f0171aab000 ---p 001d0000 07:07 9213                       /usr/lib/x86_64-linux-gnu/libstdc++.so.6.0.28
7f0171aab000-7f0171ab6000 r--p 001d0000 07:07 9213                       /usr/lib/x86_64-linux-gnu/libstdc++.so.6.0.28
7f0171ab6000-7f0171ab9000 rw-p 001db000 07:07 9213                       /usr/lib/x86_64-linux-gnu/libstdc++.so.6.0.28
7f0171ab9000-7f0171abc000 rw-p 00000000 00:00 0 
7f0171abc000-7f0171d42000 r--p 00000000 07:07 5226                       /usr/lib/jvm/java-13-openjdk-amd64/lib/server/libjvm.so
7f0171d42000-7f0172abf000 r-xp 00286000 07:07 5226                       /usr/lib/jvm/java-13-openjdk-amd64/lib/server/libjvm.so
7f0172abf000-7f0172d3a000 r--p 01003000 07:07 5226                       /usr/lib/jvm/java-13-openjdk-amd64/lib/server/libjvm.so
7f0172d3a000-7f0172dff000 r--p 0127d000 07:07 5226                       /usr/lib/jvm/java-13-openjdk-amd64/lib/server/libjvm.so
7f0172dff000-7f0172e3a000 rw-p 01342000 07:07 5226                       /usr/lib/jvm/java-13-openjdk-amd64/lib/server/libjvm.so
7f0172e3a000-7f0172ec0000 rw-p 00000000 00:00 0 
7f0172ec0000-7f0172ec6000 r--p 00000000 07:07 9166                       /usr/lib/x86_64-linux-gnu/libpthread-2.31.so
7f0172ec6000-7f0172ed7000 r-xp 00006000 07:07 9166                       /usr/lib/x86_64-linux-gnu/libpthread-2.31.so
7f0172ed7000-7f0172edd000 r--p 00017000 07:07 9166                       /usr/lib/x86_64-linux-gnu/libpthread-2.31.so
7f0172edd000-7f0172ede000 r--p 0001c000 07:07 9166                       /usr/lib/x86_64-linux-gnu/libpthread-2.31.so
7f0172ede000-7f0172edf000 rw-p 0001d000 07:07 9166                       /usr/lib/x86_64-linux-gnu/libpthread-2.31.so
7f0172edf000-7f0172ee3000 rw-p 00000000 00:00 0 
7f0172ee3000-7f0172ee4000 r--p 00000000 07:07 8893                       /usr/lib/x86_64-linux-gnu/libdl-2.31.so
7f0172ee4000-7f0172ee6000 r-xp 00001000 07:07 8893                       /usr/lib/x86_64-linux-gnu/libdl-2.31.so
7f0172ee6000-7f0172ee7000 r--p 00003000 07:07 8893                       /usr/lib/x86_64-linux-gnu/libdl-2.31.so
7f0172ee7000-7f0172ee8000 r--p 00003000 07:07 8893                       /usr/lib/x86_64-linux-gnu/libdl-2.31.so
7f0172ee8000-7f0172ee9000 rw-p 00004000 07:07 8893                       /usr/lib/x86_64-linux-gnu/libdl-2.31.so
7f0172ee9000-7f0172eeb000 r--p 00000000 07:07 9290                       /usr/lib/x86_64-linux-gnu/libz.so.1.2.11
7f0172eeb000-7f0172efc000 r-xp 00002000 07:07 9290                       /usr/lib/x86_64-linux-gnu/libz.so.1.2.11
7f0172efc000-7f0172f02000 r--p 00013000 07:07 9290                       /usr/lib/x86_64-linux-gnu/libz.so.1.2.11
7f0172f02000-7f0172f03000 ---p 00019000 07:07 9290                       /usr/lib/x86_64-linux-gnu/libz.so.1.2.11
7f0172f03000-7f0172f04000 r--p 00019000 07:07 9290                       /usr/lib/x86_64-linux-gnu/libz.so.1.2.11
7f0172f04000-7f0172f05000 rw-p 0001a000 07:07 9290                       /usr/lib/x86_64-linux-gnu/libz.so.1.2.11
7f0172f05000-7f0172f27000 r--p 00000000 07:07 8851                       /usr/lib/x86_64-linux-gnu/libc-2.31.so
7f0172f27000-7f017309f000 r-xp 00022000 07:07 8851                       /usr/lib/x86_64-linux-gnu/libc-2.31.so
7f017309f000-7f01730ed000 r--p 0019a000 07:07 8851                       /usr/lib/x86_64-linux-gnu/libc-2.31.so
7f01730ed000-7f01730f1000 r--p 001e7000 07:07 8851                       /usr/lib/x86_64-linux-gnu/libc-2.31.so
7f01730f1000-7f01730f3000 rw-p 001eb000 07:07 8851                       /usr/lib/x86_64-linux-gnu/libc-2.31.so
7f01730f3000-7f01730f7000 rw-p 00000000 00:00 0 
7f01730f9000-7f01730fb000 r--s 0000c000 07:07 20930                      /usr/share/java/java-atk-wrapper.jar
7f01730fb000-7f01730fc000 ---p 00000000 00:00 0 
7f01730fc000-7f01730fd000 r--p 00000000 00:00 0 
7f01730fd000-7f0173100000 r--p 00000000 07:07 5196                       /usr/lib/jvm/java-13-openjdk-amd64/lib/libjli.so
7f0173100000-7f017310a000 r-xp 00003000 07:07 5196                       /usr/lib/jvm/java-13-openjdk-amd64/lib/libjli.so
7f017310a000-7f017310d000 r--p 0000d000 07:07 5196                       /usr/lib/jvm/java-13-openjdk-amd64/lib/libjli.so
7f017310d000-7f017310e000 r--p 0000f000 07:07 5196                       /usr/lib/jvm/java-13-openjdk-amd64/lib/libjli.so
7f017310e000-7f017310f000 rw-p 00010000 07:07 5196                       /usr/lib/jvm/java-13-openjdk-amd64/lib/libjli.so
7f017310f000-7f0173111000 rw-p 00000000 00:00 0 
7f0173111000-7f0173112000 r--p 00000000 07:07 8572                       /usr/lib/x86_64-linux-gnu/ld-2.31.so
7f0173112000-7f0173135000 r-xp 00001000 07:07 8572                       /usr/lib/x86_64-linux-gnu/ld-2.31.so
7f0173135000-7f017313d000 r--p 00024000 07:07 8572                       /usr/lib/x86_64-linux-gnu/ld-2.31.so
7f017313d000-7f017313e000 ---p 00000000 00:00 0 
7f017313e000-7f017313f000 r--p 0002c000 07:07 8572                       /usr/lib/x86_64-linux-gnu/ld-2.31.so
7f017313f000-7f0173140000 rw-p 0002d000 07:07 8572                       /usr/lib/x86_64-linux-gnu/ld-2.31.so
7f0173140000-7f0173141000 rw-p 00000000 00:00 0 
7ffea1171000-7ffea1192000 rw-p 00000000 00:00 0                          [stack]
7ffea11d7000-7ffea11d9000 r-xp 00000000 00:00 0                          [vdso]
ffffffffff600000-ffffffffff601000 r-xp 00000000 00:00 0                  [vsyscall]


VM Arguments:
jvm_args: -Xmx64g --add-modules=ALL-DEFAULT 
java_command: jdk.compiler/com.sun.tools.javac.launcher.Main /mnt/beegfs/rcabanas/dev/credici/papers/JoCI/code/LearnMultiStudy.java -w -x 300 -m 500 -sc KL -th 0.0 --seed 0 --output /mnt/beegfs/rcabanas/dev/credici/papers/JoCI/output/synthetic/s1 -nh 0 /mnt/beegfs/rcabanas/dev/credici/papers/JoCI/models/synthetic/s1/random_mc2_n9_mid3_d1000_05_mr098_r10_74.uai
java_class_path (initial): /mnt/beegfs/rcabanas/dev/credici/target/credici-0.1.5-dev-SNAPSHOT-jar-with-dependencies.jar
Launcher Type: SUN_STANDARD

[Global flags]
     intx CICompilerCount                          = 2                                         {product} {ergonomic}
   size_t InitialHeapSize                          = 2147483648                                {product} {ergonomic}
   size_t MaxHeapSize                              = 68719476736                               {product} {command line}
   size_t MaxNewSize                               = 22906470400                               {product} {ergonomic}
   size_t MinHeapDeltaBytes                        = 196608                                    {product} {ergonomic}
   size_t MinHeapSize                              = 8388608                                   {product} {ergonomic}
   size_t NewSize                                  = 715784192                                 {product} {ergonomic}
    uintx NonNMethodCodeHeapSize                   = 5826188                                {pd product} {ergonomic}
    uintx NonProfiledCodeHeapSize                  = 122916026                              {pd product} {ergonomic}
   size_t OldSize                                  = 1431699456                                {product} {ergonomic}
    uintx ProfiledCodeHeapSize                     = 122916026                              {pd product} {ergonomic}
    uintx ReservedCodeCacheSize                    = 251658240                              {pd product} {ergonomic}
     bool SegmentedCodeCache                       = true                                      {product} {ergonomic}
   size_t SoftMaxHeapSize                          = 68719476736                            {manageable} {ergonomic}
     bool UseSerialGC                              = true                                      {product} {ergonomic}

Logging:
Log output configuration:
 #0: stdout all=warning uptime,level,tags
 #1: stderr all=off uptime,level,tags

Environment Variables:
PATH=/usr/local/sbin:/usr/local/bin:/usr/sbin:/usr/bin:/sbin:/bin
LD_LIBRARY_PATH=/.singularity.d/libs

Signal Handlers:
SIGSEGV: [libjvm.so+0xf8fcf0], sa_mask[0]=11111111011111111101111111111110, sa_flags=SA_RESTART|SA_SIGINFO
SIGBUS: [libjvm.so+0xf8fcf0], sa_mask[0]=11111111011111111101111111111110, sa_flags=SA_RESTART|SA_SIGINFO
SIGFPE: [libjvm.so+0xf8fcf0], sa_mask[0]=11111111011111111101111111111110, sa_flags=SA_RESTART|SA_SIGINFO
SIGPIPE: [libjvm.so+0xc3ffa0], sa_mask[0]=11111111011111111101111111111110, sa_flags=SA_RESTART|SA_SIGINFO
SIGXFSZ: [libjvm.so+0xc3ffa0], sa_mask[0]=11111111011111111101111111111110, sa_flags=SA_RESTART|SA_SIGINFO
SIGILL: [libjvm.so+0xf8fcf0], sa_mask[0]=11111111011111111101111111111110, sa_flags=SA_RESTART|SA_SIGINFO
SIGUSR2: [libjvm.so+0xc3fe40], sa_mask[0]=00000000000000000000000000000000, sa_flags=SA_RESTART|SA_SIGINFO
SIGHUP: [libjvm.so+0xc40580], sa_mask[0]=11111111011111111101111111111110, sa_flags=SA_RESTART|SA_SIGINFO
SIGINT: [libjvm.so+0xc40580], sa_mask[0]=11111111011111111101111111111110, sa_flags=SA_RESTART|SA_SIGINFO
SIGTERM: [libjvm.so+0xc40580], sa_mask[0]=11111111011111111101111111111110, sa_flags=SA_RESTART|SA_SIGINFO
SIGQUIT: [libjvm.so+0xc40580], sa_mask[0]=11111111011111111101111111111110, sa_flags=SA_RESTART|SA_SIGINFO


---------------  S Y S T E M  ---------------

OS:DISTRIB_ID=Ubuntu
DISTRIB_RELEASE=20.04
DISTRIB_CODENAME=focal
DISTRIB_DESCRIPTION="Ubuntu 20.04.4 LTS"
uname:Linux 3.10.0-1160.15.2.el7.x86_64 #1 SMP Wed Feb 3 15:06:38 UTC 2021 x86_64
OS uptime: 534 days 14:53 hours
libc:glibc 2.31 NPTL 2.31 
rlimit (soft/hard): STACK 8192k/infinity , CORE 0k/infinity , NPROC 4096/1030217 , NOFILE 131072/131072 , AS infinity/infinity , CPU infinity/infinity , DATA infinity/infinity , FSIZE infinity/infinity , MEMLOCK infinity/infinity
load average:47.30 47.16 47.15

/proc/meminfo:
MemTotal:       263895364 kB
MemFree:         3197500 kB
MemAvailable:    3374304 kB
Buffers:          235168 kB
Cached:           636664 kB
SwapCached:        85580 kB
Active:         242919828 kB
Inactive:        8388096 kB
Active(anon):   242672276 kB
Inactive(anon):  7788348 kB
Active(file):     247552 kB
Inactive(file):   599748 kB
Unevictable:       20092 kB
Mlocked:           20092 kB
SwapTotal:       4194300 kB
SwapFree:         237388 kB
Dirty:               744 kB
Writeback:             0 kB
AnonPages:      250370352 kB
Mapped:           158248 kB
Shmem:             20228 kB
Slab:             783412 kB
SReclaimable:     199964 kB
SUnreclaim:       583448 kB
KernelStack:       37936 kB
PageTables:       541388 kB
NFS_Unstable:          0 kB
Bounce:                0 kB
WritebackTmp:          0 kB
CommitLimit:    136141980 kB
Committed_AS:   327726336 kB
VmallocTotal:   34359738367 kB
VmallocUsed:      862368 kB
VmallocChunk:   34222409240 kB
Percpu:            22016 kB
HardwareCorrupted:     0 kB
AnonHugePages:  113346560 kB
CmaTotal:              0 kB
CmaFree:               0 kB
HugePages_Total:       0
HugePages_Free:        0
HugePages_Rsvd:        0
HugePages_Surp:        0
Hugepagesize:       2048 kB
DirectMap4k:      505448 kB
DirectMap2M:    20328448 kB
DirectMap1G:    247463936 kB

/sys/kernel/mm/transparent_hugepage/enabled:
[always] madvise never

/sys/kernel/mm/transparent_hugepage/defrag (defrag/compaction efforts parameter):
[always] madvise never


/proc/sys/kernel/threads-max (system-wide limit on the number of threads):
2060435


/proc/sys/vm/max_map_count (maximum number of memory map areas a process may have):
65530


/proc/sys/kernel/pid_max (system-wide limit on number of process identifiers):
65536



Steal ticks since vm start: 0
Steal ticks percentage since vm start:  0.000

CPU:total 64 (initial active 1) (32 cores per cpu, 1 threads per core) family 23 model 49 stepping 0, cmov, cx8, fxsr, mmx, sse, sse2, sse3, ssse3, sse4.1, sse4.2, popcnt, avx, avx2, aes, clmul, mmxext, 3dnowpref, lzcnt, sse4a, tsc, tscinvbit, tscinv, bmi1, bmi2, adx, sha, fma
CPU Model and flags from /proc/cpuinfo:
model name	: AMD EPYC 7542 32-Core Processor
flags		: fpu vme de pse tsc msr pae mce cx8 apic sep mtrr pge mca cmov pat pse36 clflush mmx fxsr sse sse2 ht syscall nx mmxext fxsr_opt pdpe1gb rdtscp lm constant_tsc art rep_good nopl nonstop_tsc extd_apicid aperfmperf eagerfpu pni pclmulqdq monitor ssse3 fma cx16 sse4_1 sse4_2 movbe popcnt aes xsave avx f16c rdrand lahf_lm cmp_legacy svm extapic cr8_legacy abm sse4a misalignsse 3dnowprefetch osvw ibs skinit wdt tce topoext perfctr_core perfctr_nb bpext perfctr_l2 cpb cat_l3 cdp_l3 hw_pstate sme retpoline_amd ssbd ibrs ibpb stibp vmmcall fsgsbase bmi1 avx2 smep bmi2 cqm rdt_a rdseed adx smap clflushopt clwb sha_ni xsaveopt xsavec xgetbv1 cqm_llc cqm_occup_llc cqm_mbm_total cqm_mbm_local clzero irperf xsaveerptr arat npt lbrv svm_lock nrip_save tsc_scale vmcb_clean flushbyasid decodeassists pausefilter pfthreshold avic v_vmsave_vmload vgif umip overflow_recov succor smca
Online cpus:0-63
Offline cpus:
BIOS frequency limitation:2900000
Frequency switch latency (ns):0
Available cpu frequencies:2900000 2400000 1500000 
Current governor:conservative
Core performance/turbo boost:1

Memory: 4k page, physical 263895364k(3197500k free), swap 4194300k(237416k free)

vm_info: OpenJDK 64-Bit Server VM (13.0.7+5-Ubuntu-0ubuntu120.04) for linux-amd64 JRE (13.0.7+5-Ubuntu-0ubuntu120.04), built on Apr 21 2021 05:36:19 by "unknown" with gcc 9.3.0

END.
