#
# There is insufficient memory for the Java Runtime Environment to continue.
# Native memory allocation (mmap) failed to map 1591128064 bytes for committing reserved memory.
# Possible reasons:
#   The system is out of physical RAM or swap space
# Possible solutions:
#   Reduce memory load on the system
#   Increase physical memory or swap space
#   Check if swap backing store is full
#   Decrease Java heap size (-Xmx/-Xms)
#   Decrease number of Java threads
#   Decrease Java thread stack sizes (-Xss)
#   Set larger code cache with -XX:ReservedCodeCacheSize=
# This output file may be truncated or incomplete.
#
#  Out of Memory Error (os_linux.cpp:2899), pid=62003, tid=62005
#
# JRE version: OpenJDK Runtime Environment (13.0.7+5) (build 13.0.7+5-Ubuntu-0ubuntu120.04)
# Java VM: OpenJDK 64-Bit Server VM (13.0.7+5-Ubuntu-0ubuntu120.04, mixed mode, tiered, serial gc, linux-amd64)
# No core dump will be written. Core dumps have been disabled. To enable core dumping, try "ulimit -c unlimited" before starting Java again
#

---------------  S U M M A R Y ------------

Command Line: -Xmx64g --add-modules=ALL-DEFAULT jdk.compiler/com.sun.tools.javac.launcher.Main /mnt/beegfs/rcabanas/dev/credici/papers/JoCI/code/LearnMultiStudy.java -w -x 300 -m 500 -sc KL -th 0.0 --seed 0 --output /mnt/beegfs/rcabanas/dev/credici/papers/JoCI/output/synthetic/s1 -nh 2 /mnt/beegfs/rcabanas/dev/credici/papers/JoCI/models/synthetic/s1/random_mc2_n7_mid3_d1000_05_mr098_r10_0.uai

Host: AMD EPYC 7542 32-Core Processor, 64 cores, 251G, Ubuntu 20.04.4 LTS
Time: Mon Dec 12 06:09:05 2022 CET elapsed time: 47081.776097 seconds (0d 13h 4m 41s)

---------------  T H R E A D  ---------------

Current thread (0x00007f7b14097800):  VMThread "VM Thread" [stack: 0x00007f7b1852a000,0x00007f7b1862a000] [id=62005]

Stack: [0x00007f7b1852a000,0x00007f7b1862a000],  sp=0x00007f7b18628160,  free space=1016k
Native frames: (J=compiled Java code, A=aot compiled Java code, j=interpreted, Vv=VM code, C=native code)
V  [libjvm.so+0xf8f092]
V  [libjvm.so+0xf8fc91]
V  [libjvm.so+0x66ee5a]
V  [libjvm.so+0xc44a41]
V  [libjvm.so+0xc3b263]
V  [libjvm.so+0xf87f4b]
V  [libjvm.so+0x557506]
V  [libjvm.so+0x557723]
V  [libjvm.so+0xf18b0c]
V  [libjvm.so+0x557e65]
V  [libjvm.so+0x7e2edb]
V  [libjvm.so+0x7e39bd]
V  [libjvm.so+0x7d8b48]
V  [libjvm.so+0xf90940]
V  [libjvm.so+0xf96657]
V  [libjvm.so+0xf96d2b]
V  [libjvm.so+0xf9706a]
V  [libjvm.so+0xf2208f]
V  [libjvm.so+0xc493ff]

VM_Operation (0x00007f7b18a9a1d0): GenCollectForAllocation, mode: safepoint, requested by thread 0x00007f7b14018000


---------------  P R O C E S S  ---------------

Threads class SMR info:
_java_thread_list=0x00007f7b141369d0, length=9, elements={
0x00007f7b14018000, 0x00007f7b140a3800, 0x00007f7b140a7000, 0x00007f7b140cb800,
0x00007f7b140cd000, 0x00007f7b140cf000, 0x00007f7b140d1000, 0x00007f7b140d3000,
0x00007f7b14135000
}

Java Threads: ( => current thread )
  0x00007f7b14018000 JavaThread "main" [_thread_blocked, id=62004, stack(0x00007f7b1899c000,0x00007f7b18a9d000)]
  0x00007f7b140a3800 JavaThread "Reference Handler" daemon [_thread_blocked, id=62006, stack(0x00007f7b18427000,0x00007f7b18528000)]
  0x00007f7b140a7000 JavaThread "Finalizer" daemon [_thread_blocked, id=62007, stack(0x00007f7b18326000,0x00007f7b18427000)]
  0x00007f7b140cb800 JavaThread "Signal Dispatcher" daemon [_thread_blocked, id=62008, stack(0x00007f7b181ec000,0x00007f7b182ed000)]
  0x00007f7b140cd000 JavaThread "Service Thread" daemon [_thread_blocked, id=62009, stack(0x00007f7b180eb000,0x00007f7b181ec000)]
  0x00007f7b140cf000 JavaThread "C2 CompilerThread0" daemon [_thread_blocked, id=62010, stack(0x00007f7afc689000,0x00007f7afc78a000)]
  0x00007f7b140d1000 JavaThread "C1 CompilerThread0" daemon [_thread_blocked, id=62011, stack(0x00007f6aee7a8000,0x00007f6aee8a9000)]
  0x00007f7b140d3000 JavaThread "Sweeper thread" daemon [_thread_blocked, id=62012, stack(0x00007f6aee6a7000,0x00007f6aee7a8000)]
  0x00007f7b14135000 JavaThread "Common-Cleaner" daemon [_thread_blocked, id=62013, stack(0x00007f6aee5a6000,0x00007f6aee6a7000)]

Other Threads:
=>0x00007f7b14097800 VMThread "VM Thread" [stack: 0x00007f7b1852a000,0x00007f7b1862a000] [id=62005]
  0x00007f7b14182000 WatcherThread [stack: 0x00007f6aee4a6000,0x00007f6aee5a6000] [id=62014]

Threads with active compile tasks:

VM state:at safepoint (normal execution)

VM Mutex/Monitor currently owned by a thread:  ([mutex/lock_event])
[0x00007f7b140141d0] Threads_lock - owner thread: 0x00007f7b14097800
[0x00007f7b14014dd0] Heap_lock - owner thread: 0x00007f7b14018000

Heap:
 def new generation   total 1048832K, used 633K [0x00007f6afc600000, 0x00007f6b43800000, 0x00007f7051b50000)
  eden space 932352K,   0% used [0x00007f6afc600000, 0x00007f6afc69e590, 0x00007f6b35480000)
  from space 116480K,   0% used [0x00007f6b3c640000, 0x00007f6b3c640000, 0x00007f6b43800000)
  to   space 116480K,   0% used [0x00007f6b35480000, 0x00007f6b35480000, 0x00007f6b3c640000)
 tenured generation   total 2330752K, used 2330751K [0x00007f7051b50000, 0x00007f70dff70000, 0x00007f7afc600000)
   the space 2330752K,  99% used [0x00007f7051b50000, 0x00007f70dff6ffc8, 0x00007f70dff70000, 0x00007f70dff70000)
 Metaspace       used 24818K, capacity 25244K, committed 25344K, reserved 26624K

Card table byte_map: [0x00007f6af45ff000,0x00007f6afc600000] _byte_map_base: 0x00007f2b3ee1c000

Polling page: 0x00007f7b1a428000

Metaspace:

Usage:
   24.65 MB capacity,    24.24 MB ( 98%) used,   313.34 KB (  1%) free+waste,   111.88 KB ( <1%) overhead. 

Virtual space:
     26.00 MB reserved,      24.75 MB ( 95%) committed 

Chunk freelists:
20.00 KB

MaxMetaspaceSize: unlimited


CodeHeap 'non-profiled nmethods': size=120036Kb used=2787Kb max_used=2864Kb free=117248Kb
 bounds [0x00007f7b04251000, 0x00007f7b04521000, 0x00007f7b0b78a000]
CodeHeap 'profiled nmethods': size=120032Kb used=5580Kb max_used=8062Kb free=114451Kb
 bounds [0x00007f7afcd19000, 0x00007f7afd4f9000, 0x00007f7b04251000]
CodeHeap 'non-nmethods': size=5692Kb used=1201Kb max_used=1259Kb free=4490Kb
 bounds [0x00007f7afc78a000, 0x00007f7afc9fa000, 0x00007f7afcd19000]
 total_blobs=3883 nmethods=3413 adapters=385
 compilation: enabled
              stopped_count=0, restarted_count=0
 full_count=0

Compilation events (20 events):
Event: 18780.692 Thread 0x00007f7b140cf000 4777       4       java.util.LinkedHashMap::replacementNode (37 bytes)
Event: 18780.695 Thread 0x00007f7b140cf000 nmethod 4777 0x00007f7b04451f10 code [0x00007f7b04452080, 0x00007f7b04452238]
Event: 23031.661 Thread 0x00007f7b140d1000 4778       3       java.util.Arrays::copyOfRange (64 bytes)
Event: 23031.755 Thread 0x00007f7b140d1000 nmethod 4778 0x00007f7afce76910 code [0x00007f7afce76b80, 0x00007f7afce775f0]
Event: 23474.021 Thread 0x00007f7b140d1000 4779       3       com.google.common.primitives.Doubles::concat (90 bytes)
Event: 23474.033 Thread 0x00007f7b140d1000 nmethod 4779 0x00007f7afce30f10 code [0x00007f7afce310c0, 0x00007f7afce31480]
Event: 23540.130 Thread 0x00007f7b140cf000 4780       4       java.util.LinkedHashMap::linkNodeLast (33 bytes)
Event: 23540.169 Thread 0x00007f7b140cf000 nmethod 4780 0x00007f7b04451c10 code [0x00007f7b04451d80, 0x00007f7b04451e38]
Event: 34890.370 Thread 0x00007f7b140d1000 4781 %     3       ch.idsia.crema.inference.ve.order.MinFillOrdering::triangulate @ 226 (420 bytes)
Event: 34890.399 Thread 0x00007f7b140d1000 nmethod 4781% 0x00007f7afcd54f10 code [0x00007f7afcd554c0, 0x00007f7afcd59750]
Event: 35336.939 Thread 0x00007f7b140d1000 4782       3       ch.idsia.crema.inference.ve.order.MinFillOrdering::triangulate (420 bytes)
Event: 35336.944 Thread 0x00007f7b140d1000 nmethod 4782 0x00007f7afd424610 code [0x00007f7afd424ba0, 0x00007f7afd428a30]
Event: 43496.565 Thread 0x00007f7b140d1000 4783       3       ch.idsia.credici.utility.DataUtil::getCounts (88 bytes)
Event: 43496.594 Thread 0x00007f7b140d1000 nmethod 4783 0x00007f7afd0c3810 code [0x00007f7afd0c3be0, 0x00007f7afd0c5a30]
Event: 44059.240 Thread 0x00007f7b140d1000 4784       3       ch.idsia.credici.learning.FrequentistCausalEM::run (148 bytes)
Event: 44059.242 Thread 0x00007f7b140d1000 nmethod 4784 0x00007f7afcdf1510 code [0x00007f7afcdf17e0, 0x00007f7afcdf2650]
Event: 46373.454 Thread 0x00007f7b140cf000 4785       4       java.util.HashMap::treeifyBin (110 bytes)
Event: 46373.518 Thread 0x00007f7b140cf000 nmethod 4785 0x00007f7b04450710 code [0x00007f7b044508e0, 0x00007f7b044514a8]
Event: 46411.345 Thread 0x00007f7b140d1000 4786       3       ch.idsia.crema.inference.ve.order.MinFillOrdering::loadMoralized (193 bytes)
Event: 46411.349 Thread 0x00007f7b140d1000 nmethod 4786 0x00007f7afd30a390 code [0x00007f7afd30a780, 0x00007f7afd30c810]

GC Heap History (20 events):
Event: 47068.568 GC heap after
{Heap after GC invocations=78105 (full 2):
 def new generation   total 1048832K, used 909K [0x00007f6afc600000, 0x00007f6b43800000, 0x00007f7051b50000)
  eden space 932352K,   0% used [0x00007f6afc600000, 0x00007f6afc600000, 0x00007f6b35480000)
  from space 116480K,   0% used [0x00007f6b35480000, 0x00007f6b35563770, 0x00007f6b3c640000)
  to   space 116480K,   0% used [0x00007f6b3c640000, 0x00007f6b3c640000, 0x00007f6b43800000)
 tenured generation   total 2330560K, used 2330207K [0x00007f7051b50000, 0x00007f70dff40000, 0x00007f7afc600000)
   the space 2330560K,  99% used [0x00007f7051b50000, 0x00007f70dfee7da8, 0x00007f70dfee7e00, 0x00007f70dff40000)
 Metaspace       used 24818K, capacity 25244K, committed 25344K, reserved 26624K
}
Event: 47069.352 GC heap before
{Heap before GC invocations=78105 (full 2):
 def new generation   total 1048832K, used 933261K [0x00007f6afc600000, 0x00007f6b43800000, 0x00007f7051b50000)
  eden space 932352K, 100% used [0x00007f6afc600000, 0x00007f6b35480000, 0x00007f6b35480000)
  from space 116480K,   0% used [0x00007f6b35480000, 0x00007f6b35563770, 0x00007f6b3c640000)
  to   space 116480K,   0% used [0x00007f6b3c640000, 0x00007f6b3c640000, 0x00007f6b43800000)
 tenured generation   total 2330560K, used 2330207K [0x00007f7051b50000, 0x00007f70dff40000, 0x00007f7afc600000)
   the space 2330560K,  99% used [0x00007f7051b50000, 0x00007f70dfee7da8, 0x00007f70dfee7e00, 0x00007f70dff40000)
 Metaspace       used 24818K, capacity 25244K, committed 25344K, reserved 26624K
}
Event: 47069.358 GC heap after
{Heap after GC invocations=78106 (full 2):
 def new generation   total 1048832K, used 880K [0x00007f6afc600000, 0x00007f6b43800000, 0x00007f7051b50000)
  eden space 932352K,   0% used [0x00007f6afc600000, 0x00007f6afc600000, 0x00007f6b35480000)
  from space 116480K,   0% used [0x00007f6b3c640000, 0x00007f6b3c71c2f8, 0x00007f6b43800000)
  to   space 116480K,   0% used [0x00007f6b35480000, 0x00007f6b35480000, 0x00007f6b3c640000)
 tenured generation   total 2330560K, used 2330248K [0x00007f7051b50000, 0x00007f70dff40000, 0x00007f7afc600000)
   the space 2330560K,  99% used [0x00007f7051b50000, 0x00007f70dfef2168, 0x00007f70dfef2200, 0x00007f70dff40000)
 Metaspace       used 24818K, capacity 25244K, committed 25344K, reserved 26624K
}
Event: 47070.166 GC heap before
{Heap before GC invocations=78106 (full 2):
 def new generation   total 1048832K, used 933231K [0x00007f6afc600000, 0x00007f6b43800000, 0x00007f7051b50000)
  eden space 932352K,  99% used [0x00007f6afc600000, 0x00007f6b3547fbb8, 0x00007f6b35480000)
  from space 116480K,   0% used [0x00007f6b3c640000, 0x00007f6b3c71c2f8, 0x00007f6b43800000)
  to   space 116480K,   0% used [0x00007f6b35480000, 0x00007f6b35480000, 0x00007f6b3c640000)
 tenured generation   total 2330560K, used 2330248K [0x00007f7051b50000, 0x00007f70dff40000, 0x00007f7afc600000)
   the space 2330560K,  99% used [0x00007f7051b50000, 0x00007f70dfef2168, 0x00007f70dfef2200, 0x00007f70dff40000)
 Metaspace       used 24818K, capacity 25244K, committed 25344K, reserved 26624K
}
Event: 47070.173 GC heap after
{Heap after GC invocations=78107 (full 2):
 def new generation   total 1048832K, used 870K [0x00007f6afc600000, 0x00007f6b43800000, 0x00007f7051b50000)
  eden space 932352K,   0% used [0x00007f6afc600000, 0x00007f6afc600000, 0x00007f6b35480000)
  from space 116480K,   0% used [0x00007f6b35480000, 0x00007f6b35559820, 0x00007f6b3c640000)
  to   space 116480K,   0% used [0x00007f6b3c640000, 0x00007f6b3c640000, 0x00007f6b43800000)
 tenured generation   total 2330560K, used 2330289K [0x00007f7051b50000, 0x00007f70dff40000, 0x00007f7afc600000)
   the space 2330560K,  99% used [0x00007f7051b50000, 0x00007f70dfefc528, 0x00007f70dfefc600, 0x00007f70dff40000)
 Metaspace       used 24818K, capacity 25244K, committed 25344K, reserved 26624K
}
Event: 47070.993 GC heap before
{Heap before GC invocations=78107 (full 2):
 def new generation   total 1048832K, used 933222K [0x00007f6afc600000, 0x00007f6b43800000, 0x00007f7051b50000)
  eden space 932352K, 100% used [0x00007f6afc600000, 0x00007f6b35480000, 0x00007f6b35480000)
  from space 116480K,   0% used [0x00007f6b35480000, 0x00007f6b35559820, 0x00007f6b3c640000)
  to   space 116480K,   0% used [0x00007f6b3c640000, 0x00007f6b3c640000, 0x00007f6b43800000)
 tenured generation   total 2330560K, used 2330289K [0x00007f7051b50000, 0x00007f70dff40000, 0x00007f7afc600000)
   the space 2330560K,  99% used [0x00007f7051b50000, 0x00007f70dfefc528, 0x00007f70dfefc600, 0x00007f70dff40000)
 Metaspace       used 24818K, capacity 25244K, committed 25344K, reserved 26624K
}
Event: 47070.998 GC heap after
{Heap after GC invocations=78108 (full 2):
 def new generation   total 1048832K, used 854K [0x00007f6afc600000, 0x00007f6b43800000, 0x00007f7051b50000)
  eden space 932352K,   0% used [0x00007f6afc600000, 0x00007f6afc600000, 0x00007f6b35480000)
  from space 116480K,   0% used [0x00007f6b3c640000, 0x00007f6b3c715ba0, 0x00007f6b43800000)
  to   space 116480K,   0% used [0x00007f6b35480000, 0x00007f6b35480000, 0x00007f6b3c640000)
 tenured generation   total 2330560K, used 2330330K [0x00007f7051b50000, 0x00007f70dff40000, 0x00007f7afc600000)
   the space 2330560K,  99% used [0x00007f7051b50000, 0x00007f70dff068e8, 0x00007f70dff06a00, 0x00007f70dff40000)
 Metaspace       used 24818K, capacity 25244K, committed 25344K, reserved 26624K
}
Event: 47071.807 GC heap before
{Heap before GC invocations=78108 (full 2):
 def new generation   total 1048832K, used 933206K [0x00007f6afc600000, 0x00007f6b43800000, 0x00007f7051b50000)
  eden space 932352K, 100% used [0x00007f6afc600000, 0x00007f6b35480000, 0x00007f6b35480000)
  from space 116480K,   0% used [0x00007f6b3c640000, 0x00007f6b3c715ba0, 0x00007f6b43800000)
  to   space 116480K,   0% used [0x00007f6b35480000, 0x00007f6b35480000, 0x00007f6b3c640000)
 tenured generation   total 2330560K, used 2330330K [0x00007f7051b50000, 0x00007f70dff40000, 0x00007f7afc600000)
   the space 2330560K,  99% used [0x00007f7051b50000, 0x00007f70dff068e8, 0x00007f70dff06a00, 0x00007f70dff40000)
 Metaspace       used 24818K, capacity 25244K, committed 25344K, reserved 26624K
}
Event: 47071.813 GC heap after
{Heap after GC invocations=78109 (full 2):
 def new generation   total 1048832K, used 878K [0x00007f6afc600000, 0x00007f6b43800000, 0x00007f7051b50000)
  eden space 932352K,   0% used [0x00007f6afc600000, 0x00007f6afc600000, 0x00007f6b35480000)
  from space 116480K,   0% used [0x00007f6b35480000, 0x00007f6b3555b860, 0x00007f6b3c640000)
  to   space 116480K,   0% used [0x00007f6b3c640000, 0x00007f6b3c640000, 0x00007f6b43800000)
 tenured generation   total 2330560K, used 2330371K [0x00007f7051b50000, 0x00007f70dff40000, 0x00007f7afc600000)
   the space 2330560K,  99% used [0x00007f7051b50000, 0x00007f70dff10ca8, 0x00007f70dff10e00, 0x00007f70dff40000)
 Metaspace       used 24818K, capacity 25244K, committed 25344K, reserved 26624K
}
Event: 47072.634 GC heap before
{Heap before GC invocations=78109 (full 2):
 def new generation   total 1048832K, used 933230K [0x00007f6afc600000, 0x00007f6b43800000, 0x00007f7051b50000)
  eden space 932352K, 100% used [0x00007f6afc600000, 0x00007f6b35480000, 0x00007f6b35480000)
  from space 116480K,   0% used [0x00007f6b35480000, 0x00007f6b3555b860, 0x00007f6b3c640000)
  to   space 116480K,   0% used [0x00007f6b3c640000, 0x00007f6b3c640000, 0x00007f6b43800000)
 tenured generation   total 2330560K, used 2330371K [0x00007f7051b50000, 0x00007f70dff40000, 0x00007f7afc600000)
   the space 2330560K,  99% used [0x00007f7051b50000, 0x00007f70dff10ca8, 0x00007f70dff10e00, 0x00007f70dff40000)
 Metaspace       used 24818K, capacity 25244K, committed 25344K, reserved 26624K
}
Event: 47072.639 GC heap after
{Heap after GC invocations=78110 (full 2):
 def new generation   total 1048832K, used 845K [0x00007f6afc600000, 0x00007f6b43800000, 0x00007f7051b50000)
  eden space 932352K,   0% used [0x00007f6afc600000, 0x00007f6afc600000, 0x00007f6b35480000)
  from space 116480K,   0% used [0x00007f6b3c640000, 0x00007f6b3c713778, 0x00007f6b43800000)
  to   space 116480K,   0% used [0x00007f6b35480000, 0x00007f6b35480000, 0x00007f6b3c640000)
 tenured generation   total 2330560K, used 2330412K [0x00007f7051b50000, 0x00007f70dff40000, 0x00007f7afc600000)
   the space 2330560K,  99% used [0x00007f7051b50000, 0x00007f70dff1b068, 0x00007f70dff1b200, 0x00007f70dff40000)
 Metaspace       used 24818K, capacity 25244K, committed 25344K, reserved 26624K
}
Event: 47073.413 GC heap before
{Heap before GC invocations=78110 (full 2):
 def new generation   total 1048832K, used 933197K [0x00007f6afc600000, 0x00007f6b43800000, 0x00007f7051b50000)
  eden space 932352K, 100% used [0x00007f6afc600000, 0x00007f6b35480000, 0x00007f6b35480000)
  from space 116480K,   0% used [0x00007f6b3c640000, 0x00007f6b3c713778, 0x00007f6b43800000)
  to   space 116480K,   0% used [0x00007f6b35480000, 0x00007f6b35480000, 0x00007f6b3c640000)
 tenured generation   total 2330560K, used 2330412K [0x00007f7051b50000, 0x00007f70dff40000, 0x00007f7afc600000)
   the space 2330560K,  99% used [0x00007f7051b50000, 0x00007f70dff1b068, 0x00007f70dff1b200, 0x00007f70dff40000)
 Metaspace       used 24818K, capacity 25244K, committed 25344K, reserved 26624K
}
Event: 47073.417 GC heap after
{Heap after GC invocations=78111 (full 2):
 def new generation   total 1048832K, used 830K [0x00007f6afc600000, 0x00007f6b43800000, 0x00007f7051b50000)
  eden space 932352K,   0% used [0x00007f6afc600000, 0x00007f6afc600000, 0x00007f6b35480000)
  from space 116480K,   0% used [0x00007f6b35480000, 0x00007f6b3554f8a0, 0x00007f6b3c640000)
  to   space 116480K,   0% used [0x00007f6b3c640000, 0x00007f6b3c640000, 0x00007f6b43800000)
 tenured generation   total 2330560K, used 2330453K [0x00007f7051b50000, 0x00007f70dff40000, 0x00007f7afc600000)
   the space 2330560K,  99% used [0x00007f7051b50000, 0x00007f70dff25428, 0x00007f70dff25600, 0x00007f70dff40000)
 Metaspace       used 24818K, capacity 25244K, committed 25344K, reserved 26624K
}
Event: 47074.187 GC heap before
{Heap before GC invocations=78111 (full 2):
 def new generation   total 1048832K, used 933182K [0x00007f6afc600000, 0x00007f6b43800000, 0x00007f7051b50000)
  eden space 932352K, 100% used [0x00007f6afc600000, 0x00007f6b35480000, 0x00007f6b35480000)
  from space 116480K,   0% used [0x00007f6b35480000, 0x00007f6b3554f8a0, 0x00007f6b3c640000)
  to   space 116480K,   0% used [0x00007f6b3c640000, 0x00007f6b3c640000, 0x00007f6b43800000)
 tenured generation   total 2330560K, used 2330453K [0x00007f7051b50000, 0x00007f70dff40000, 0x00007f7afc600000)
   the space 2330560K,  99% used [0x00007f7051b50000, 0x00007f70dff25428, 0x00007f70dff25600, 0x00007f70dff40000)
 Metaspace       used 24818K, capacity 25244K, committed 25344K, reserved 26624K
}
Event: 47074.192 GC heap after
{Heap after GC invocations=78112 (full 2):
 def new generation   total 1048832K, used 819K [0x00007f6afc600000, 0x00007f6b43800000, 0x00007f7051b50000)
  eden space 932352K,   0% used [0x00007f6afc600000, 0x00007f6afc600000, 0x00007f6b35480000)
  from space 116480K,   0% used [0x00007f6b3c640000, 0x00007f6b3c70ce38, 0x00007f6b43800000)
  to   space 116480K,   0% used [0x00007f6b35480000, 0x00007f6b35480000, 0x00007f6b3c640000)
 tenured generation   total 2330560K, used 2330493K [0x00007f7051b50000, 0x00007f70dff40000, 0x00007f7afc600000)
   the space 2330560K,  99% used [0x00007f7051b50000, 0x00007f70dff2f7e8, 0x00007f70dff2f800, 0x00007f70dff40000)
 Metaspace       used 24818K, capacity 25244K, committed 25344K, reserved 26624K
}
Event: 47074.997 GC heap before
{Heap before GC invocations=78112 (full 2):
 def new generation   total 1048832K, used 933171K [0x00007f6afc600000, 0x00007f6b43800000, 0x00007f7051b50000)
  eden space 932352K, 100% used [0x00007f6afc600000, 0x00007f6b35480000, 0x00007f6b35480000)
  from space 116480K,   0% used [0x00007f6b3c640000, 0x00007f6b3c70ce38, 0x00007f6b43800000)
  to   space 116480K,   0% used [0x00007f6b35480000, 0x00007f6b35480000, 0x00007f6b3c640000)
 tenured generation   total 2330560K, used 2330493K [0x00007f7051b50000, 0x00007f70dff40000, 0x00007f7afc600000)
   the space 2330560K,  99% used [0x00007f7051b50000, 0x00007f70dff2f7e8, 0x00007f70dff2f800, 0x00007f70dff40000)
 Metaspace       used 24818K, capacity 25244K, committed 25344K, reserved 26624K
}
Event: 47075.002 GC heap after
{Heap after GC invocations=78113 (full 2):
 def new generation   total 1048832K, used 825K [0x00007f6afc600000, 0x00007f6b43800000, 0x00007f7051b50000)
  eden space 932352K,   0% used [0x00007f6afc600000, 0x00007f6afc600000, 0x00007f6b35480000)
  from space 116480K,   0% used [0x00007f6b35480000, 0x00007f6b3554e4e0, 0x00007f6b3c640000)
  to   space 116480K,   0% used [0x00007f6b3c640000, 0x00007f6b3c640000, 0x00007f6b43800000)
 tenured generation   total 2330560K, used 2330534K [0x00007f7051b50000, 0x00007f70dff40000, 0x00007f7afc600000)
   the space 2330560K,  99% used [0x00007f7051b50000, 0x00007f70dff39ba8, 0x00007f70dff39c00, 0x00007f70dff40000)
 Metaspace       used 24818K, capacity 25244K, committed 25344K, reserved 26624K
}
Event: 47075.787 GC heap before
{Heap before GC invocations=78113 (full 2):
 def new generation   total 1048832K, used 933177K [0x00007f6afc600000, 0x00007f6b43800000, 0x00007f7051b50000)
  eden space 932352K, 100% used [0x00007f6afc600000, 0x00007f6b35480000, 0x00007f6b35480000)
  from space 116480K,   0% used [0x00007f6b35480000, 0x00007f6b3554e4e0, 0x00007f6b3c640000)
  to   space 116480K,   0% used [0x00007f6b3c640000, 0x00007f6b3c640000, 0x00007f6b43800000)
 tenured generation   total 2330560K, used 2330534K [0x00007f7051b50000, 0x00007f70dff40000, 0x00007f7afc600000)
   the space 2330560K,  99% used [0x00007f7051b50000, 0x00007f70dff39ba8, 0x00007f70dff39c00, 0x00007f70dff40000)
 Metaspace       used 24818K, capacity 25244K, committed 25344K, reserved 26624K
}
Event: 47075.795 GC heap after
{Heap after GC invocations=78114 (full 2):
 def new generation   total 1048832K, used 809K [0x00007f6afc600000, 0x00007f6b43800000, 0x00007f7051b50000)
  eden space 932352K,   0% used [0x00007f6afc600000, 0x00007f6afc600000, 0x00007f6b35480000)
  from space 116480K,   0% used [0x00007f6b3c640000, 0x00007f6b3c70a5f0, 0x00007f6b43800000)
  to   space 116480K,   0% used [0x00007f6b35480000, 0x00007f6b35480000, 0x00007f6b3c640000)
 tenured generation   total 2330752K, used 2330575K [0x00007f7051b50000, 0x00007f70dff70000, 0x00007f7afc600000)
   the space 2330752K,  99% used [0x00007f7051b50000, 0x00007f70dff43f68, 0x00007f70dff44000, 0x00007f70dff70000)
 Metaspace       used 24818K, capacity 25244K, committed 25344K, reserved 26624K
}
Event: 47075.795 GC heap before
{Heap before GC invocations=78114 (full 2):
 def new generation   total 1048832K, used 809K [0x00007f6afc600000, 0x00007f6b43800000, 0x00007f7051b50000)
  eden space 932352K,   0% used [0x00007f6afc600000, 0x00007f6afc600000, 0x00007f6b35480000)
  from space 116480K,   0% used [0x00007f6b3c640000, 0x00007f6b3c70a5f0, 0x00007f6b43800000)
  to   space 116480K,   0% used [0x00007f6b35480000, 0x00007f6b35480000, 0x00007f6b3c640000)
 tenured generation   total 2330752K, used 2330575K [0x00007f7051b50000, 0x00007f70dff70000, 0x00007f7afc600000)
   the space 2330752K,  99% used [0x00007f7051b50000, 0x00007f70dff43f68, 0x00007f70dff44000, 0x00007f70dff70000)
 Metaspace       used 24818K, capacity 25244K, committed 25344K, reserved 26624K
}

Deoptimization events (20 events):
Event: 1815.495 Thread 0x00007f7b14018000 DEOPT PACKING pc=0x00007f7afcd27b57 sp=0x00007f7b18a9a8c0
Event: 1815.495 Thread 0x00007f7b14018000 DEOPT UNPACKING pc=0x00007f7afc7d333a sp=0x00007f7b18a99e70 mode 0
Event: 2260.799 Thread 0x00007f7b14018000 DEOPT PACKING pc=0x00007f7afd0c593b sp=0x00007f7b18a9a8c0
Event: 2260.799 Thread 0x00007f7b14018000 DEOPT UNPACKING pc=0x00007f7afc7d333a sp=0x00007f7b18a99e70 mode 0
Event: 2261.520 Thread 0x00007f7b14018000 DEOPT PACKING pc=0x00007f7afcd27b57 sp=0x00007f7b18a9a8c0
Event: 2261.520 Thread 0x00007f7b14018000 DEOPT UNPACKING pc=0x00007f7afc7d333a sp=0x00007f7b18a99e70 mode 0
Event: 2703.087 Thread 0x00007f7b14018000 DEOPT PACKING pc=0x00007f7afd0c593b sp=0x00007f7b18a9a8c0
Event: 2703.087 Thread 0x00007f7b14018000 DEOPT UNPACKING pc=0x00007f7afc7d333a sp=0x00007f7b18a99e70 mode 0
Event: 4522.859 Thread 0x00007f7b14018000 Uncommon trap: trap_request=0xffffffc6 fr.pc=0x00007f7b044590e4 relative=0x00000000000009e4
Event: 4522.859 Thread 0x00007f7b14018000 Uncommon trap: reason=bimorphic_or_optimized_type_check action=maybe_recompile pc=0x00007f7b044590e4 method=java.util.HashMap.removeNode(ILjava/lang/Object;Ljava/lang/Object;ZZ)Ljava/util/HashMap$Node; @ 143 c2
Event: 4522.859 Thread 0x00007f7b14018000 DEOPT PACKING pc=0x00007f7b044590e4 sp=0x00007f7b18a9a490
Event: 4522.859 Thread 0x00007f7b14018000 DEOPT UNPACKING pc=0x00007f7afc7d2e25 sp=0x00007f7b18a9a428 mode 2
Event: 5901.352 Thread 0x00007f7b14018000 Uncommon trap: trap_request=0xffffffc6 fr.pc=0x00007f7b044590e4 relative=0x00000000000009e4
Event: 5901.352 Thread 0x00007f7b14018000 Uncommon trap: reason=bimorphic_or_optimized_type_check action=maybe_recompile pc=0x00007f7b044590e4 method=java.util.HashMap.removeNode(ILjava/lang/Object;Ljava/lang/Object;ZZ)Ljava/util/HashMap$Node; @ 143 c2
Event: 5901.352 Thread 0x00007f7b14018000 DEOPT PACKING pc=0x00007f7b044590e4 sp=0x00007f7b18a9a4c0
Event: 5901.352 Thread 0x00007f7b14018000 DEOPT UNPACKING pc=0x00007f7afc7d2e25 sp=0x00007f7b18a9a458 mode 2
Event: 39648.038 Thread 0x00007f7b14018000 DEOPT PACKING pc=0x00007f7afd42867e sp=0x00007f7b18a9a840
Event: 39648.045 Thread 0x00007f7b14018000 DEOPT UNPACKING pc=0x00007f7afc7d333a sp=0x00007f7b18a99dc0 mode 0
Event: 43908.091 Thread 0x00007f7b14018000 DEOPT PACKING pc=0x00007f7afd42867e sp=0x00007f7b18a9a840
Event: 43908.091 Thread 0x00007f7b14018000 DEOPT UNPACKING pc=0x00007f7afc7d333a sp=0x00007f7b18a99dc0 mode 0

Classes unloaded (0 events):
No events

Classes redefined (0 events):
No events

Internal exceptions (20 events):
Event: 2.589 Thread 0x00007f7b14018000 Implicit null exception at 0x00007f7b042e6343 to 0x00007f7b042e6868
Event: 2.589 Thread 0x00007f7b14018000 Implicit null exception at 0x00007f7b0427e60f to 0x00007f7b0427e679
Event: 3.179 Thread 0x00007f7b14018000 Exception <a 'java/lang/NoSuchMethodError'{0x00007f6afc647238}: 'java.lang.Object java.lang.invoke.Invokers$Holder.linkToTargetMethod(java.lang.Object, int, java.lang.Object)'> (0x00007f6afc647238) 
thrown [src/hotspot/share/interpreter/linkResolver.cpp, line 766]
Event: 3.189 Thread 0x00007f7b14018000 Exception <a 'java/lang/NoSuchMethodError'{0x00007f6afc6829e0}: 'java.lang.Object java.lang.invoke.Invokers$Holder.linkToTargetMethod(java.lang.Object, long, java.lang.Object)'> (0x00007f6afc6829e0) 
thrown [src/hotspot/share/interpreter/linkResolver.cpp, line 766]
Event: 3.196 Thread 0x00007f7b140a7000 Implicit null exception at 0x00007f7b042a6e4c to 0x00007f7b042a6f00
Event: 3.250 Thread 0x00007f7b14018000 Exception <a 'java/lang/NoSuchMethodError'{0x00007f6afc771700}: 'java.lang.Object java.lang.invoke.Invokers$Holder.invokeExact_MT(java.lang.Object, java.lang.Object, java.lang.Object, java.lang.Object, java.lang.Object, java.lang.Object)'> (0x00007f6afc771700) 
thrown [src/hotspot/share/interpreter/linkResolver.cpp, line 766]
Event: 3.307 Thread 0x00007f7b14018000 Exception <a 'java/lang/NoSuchMethodError'{0x00007f6afc8f5108}: 'int java.lang.invoke.DirectMethodHandle$Holder.invokeStatic(java.lang.Object, java.lang.Object, int)'> (0x00007f6afc8f5108) 
thrown [src/hotspot/share/interpreter/linkResolver.cpp, line 766]
Event: 3.413 Thread 0x00007f7b14018000 Exception <a 'java/lang/NoSuchMethodError'{0x00007f6afced57e8}: 'double java.lang.invoke.DirectMethodHandle$Holder.invokeStatic(java.lang.Object, java.lang.Object)'> (0x00007f6afced57e8) 
thrown [src/hotspot/share/interpreter/linkResolver.cpp, line 766]
Event: 3.490 Thread 0x00007f7b14018000 Exception <a 'java/lang/NoSuchMethodError'{0x00007f6afe9aeeb0}: 'int java.lang.invoke.DirectMethodHandle$Holder.invokeStatic(java.lang.Object, java.lang.Object, java.lang.Object, int)'> (0x00007f6afe9aeeb0) 
thrown [src/hotspot/share/interpreter/linkResolver.cpp, line 766]
Event: 6.069 Thread 0x00007f7b14018000 Exception <a 'java/lang/NoSuchMethodError'{0x00007f6b0de2cbe0}: 'void java.lang.invoke.DirectMethodHandle$Holder.invokeStatic(java.lang.Object, java.lang.Object, int)'> (0x00007f6b0de2cbe0) 
thrown [src/hotspot/share/interpreter/linkResolver.cpp, line 766]
Event: 6.335 Thread 0x00007f7b14018000 Exception <a 'java/lang/NoSuchMethodError'{0x00007f6b11e3f808}: 'java.lang.Object java.lang.invoke.DirectMethodHandle$Holder.invokeStatic(java.lang.Object, java.lang.Object, java.lang.Object, java.lang.Object, java.lang.Object, java.lang.Object, java.lang.Object, java.lang.Object, java.lang.Object, java.lang.Object, java.lang.Object, java.lang.Object, java.lang.Object, java.lang.Object, java.lang.Object)'> (0x00007f6b11e3f808) 
thrown [src/hotspot/share/interpreter/linkResolver.cpp, line 766]
Event: 6.336 Thread 0x00007f7b14018000 Exception <a 'java/lang/NoSuchMethodError'{0x00007f6b11e50408}: 'java.lang.Object java.lang.invoke.DirectMethodHandle$Holder.invokeStatic(java.lang.Object, java.lang.Object, java.lang.Object, java.lang.Object, java.lang.Object, java.lang.Object, java.lang.Object, java.lang.Object, java.lang.Object, java.lang.Object, java.lang.Object, java.lang.Object, java.lang.Object, java.lang.Object, java.lang.Object, java.lang.Object)'> (0x00007f6b11e50408) 
thrown [src/hotspot/share/interpreter/linkResolver.cpp, line 
Event: 6.349 Thread 0x00007f7b14018000 Exception <a 'java/lang/NoSuchMethodError'{0x00007f6b11e611c0}: 'java.lang.Object java.lang.invoke.DirectMethodHandle$Holder.invokeSpecial(java.lang.Object, java.lang.Object, long, java.lang.Object, int, java.lang.Object, int, int, int)'> (0x00007f6b11e611c0) 
thrown [src/hotspot/share/interpreter/linkResolver.cpp, line 766]
Event: 6.350 Thread 0x00007f7b14018000 Exception <a 'java/lang/NoSuchMethodError'{0x00007f6b11e653b8}: 'java.lang.Object java.lang.invoke.DelegatingMethodHandle$Holder.reinvoke_L(java.lang.Object, long, java.lang.Object, int, java.lang.Object, int, int, int)'> (0x00007f6b11e653b8) 
thrown [src/hotspot/share/interpreter/linkResolver.cpp, line 766]
Event: 6.359 Thread 0x00007f7b14018000 Exception <a 'java/lang/NoSuchMethodError'{0x00007f6b11ebc5a8}: 'java.lang.Object java.lang.invoke.DirectMethodHandle$Holder.invokeStatic(java.lang.Object, int, java.lang.Object, java.lang.Object)'> (0x00007f6b11ebc5a8) 
thrown [src/hotspot/share/interpreter/linkResolver.cpp, line 766]
Event: 6.359 Thread 0x00007f7b14018000 Exception <a 'java/lang/NoSuchMethodError'{0x00007f6b11ec48e8}: 'java.lang.Object java.lang.invoke.DirectMethodHandle$Holder.invokeStatic(java.lang.Object, int, java.lang.Object)'> (0x00007f6b11ec48e8) 
thrown [src/hotspot/share/interpreter/linkResolver.cpp, line 766]
Event: 12.745 Thread 0x00007f7b14018000 Exception <a 'java/lang/NoSuchMethodError'{0x00007f6b0380c9a8}: 'void java.lang.invoke.DirectMethodHandle$Holder.invokeInterface(java.lang.Object, java.lang.Object, int)'> (0x00007f6b0380c9a8) 
thrown [src/hotspot/share/interpreter/linkResolver.cpp, line 766]
Event: 12.745 Thread 0x00007f7b14018000 Exception <a 'java/lang/IncompatibleClassChangeError'{0x00007f6b03810470}: Found class java.lang.Object, but interface was expected> (0x00007f6b03810470) 
thrown [src/hotspot/share/interpreter/linkResolver.cpp, line 833]
Event: 24.020 Thread 0x00007f7b14018000 Implicit null exception at 0x00007f7b0448106c to 0x00007f7b04483868
Event: 27.524 Thread 0x00007f7b14018000 Implicit null exception at 0x00007f7b044eb064 to 0x00007f7b044eb410

Events (20 events):
Event: 47067.766 Executing VM operation: GenCollectForAllocation done
Event: 47068.562 Executing VM operation: GenCollectForAllocation
Event: 47068.568 Executing VM operation: GenCollectForAllocation done
Event: 47069.352 Executing VM operation: GenCollectForAllocation
Event: 47069.358 Executing VM operation: GenCollectForAllocation done
Event: 47070.165 Executing VM operation: GenCollectForAllocation
Event: 47070.173 Executing VM operation: GenCollectForAllocation done
Event: 47070.993 Executing VM operation: GenCollectForAllocation
Event: 47070.998 Executing VM operation: GenCollectForAllocation done
Event: 47071.806 Executing VM operation: GenCollectForAllocation
Event: 47071.813 Executing VM operation: GenCollectForAllocation done
Event: 47072.634 Executing VM operation: GenCollectForAllocation
Event: 47072.639 Executing VM operation: GenCollectForAllocation done
Event: 47073.413 Executing VM operation: GenCollectForAllocation
Event: 47073.417 Executing VM operation: GenCollectForAllocation done
Event: 47074.187 Executing VM operation: GenCollectForAllocation
Event: 47074.192 Executing VM operation: GenCollectForAllocation done
Event: 47074.997 Executing VM operation: GenCollectForAllocation
Event: 47075.002 Executing VM operation: GenCollectForAllocation done
Event: 47075.787 Executing VM operation: GenCollectForAllocation


Dynamic libraries:
55cbc150e000-55cbc150f000 r--p 00000000 07:14 4860                       /usr/lib/jvm/java-13-openjdk-amd64/bin/java
55cbc150f000-55cbc1510000 r-xp 00001000 07:14 4860                       /usr/lib/jvm/java-13-openjdk-amd64/bin/java
55cbc1510000-55cbc1511000 r--p 00002000 07:14 4860                       /usr/lib/jvm/java-13-openjdk-amd64/bin/java
55cbc1511000-55cbc1512000 r--p 00002000 07:14 4860                       /usr/lib/jvm/java-13-openjdk-amd64/bin/java
55cbc1512000-55cbc1513000 rw-p 00003000 07:14 4860                       /usr/lib/jvm/java-13-openjdk-amd64/bin/java
55cbc1771000-55cbc1792000 rw-p 00000000 00:00 0                          [heap]
7f6ac0000000-7f6ac0021000 rw-p 00000000 00:00 0 
7f6ac0021000-7f6ac4000000 ---p 00000000 00:00 0 
7f6ac8000000-7f6ac8021000 rw-p 00000000 00:00 0 
7f6ac8021000-7f6acc000000 ---p 00000000 00:00 0 
7f6acc000000-7f6acc021000 rw-p 00000000 00:00 0 
7f6acc021000-7f6ad0000000 ---p 00000000 00:00 0 
7f6ad0000000-7f6ad25b0000 rw-p 00000000 00:00 0 
7f6ad25b0000-7f6ad4000000 ---p 00000000 00:00 0 
7f6ad4000000-7f6ad48a8000 rw-p 00000000 00:00 0 
7f6ad48a8000-7f6ad8000000 ---p 00000000 00:00 0 
7f6ad8000000-7f6ad8021000 rw-p 00000000 00:00 0 
7f6ad8021000-7f6adc000000 ---p 00000000 00:00 0 
7f6adc000000-7f6adc021000 rw-p 00000000 00:00 0 
7f6adc021000-7f6ae0000000 ---p 00000000 00:00 0 
7f6ae0000000-7f6ae0021000 rw-p 00000000 00:00 0 
7f6ae0021000-7f6ae4000000 ---p 00000000 00:00 0 
7f6ae4000000-7f6ae4021000 rw-p 00000000 00:00 0 
7f6ae4021000-7f6ae8000000 ---p 00000000 00:00 0 
7f6ae8000000-7f6ae80ac000 rw-p 00000000 00:00 0 
7f6ae80ac000-7f6aec000000 ---p 00000000 00:00 0 
7f6aed104000-7f6aed1c4000 rw-p 00000000 00:00 0 
7f6aed1c4000-7f6aed304000 ---p 00000000 00:00 0 
7f6aed304000-7f6aed504000 rw-p 00000000 00:00 0 
7f6aed504000-7f6aed704000 rw-p 00000000 00:00 0 
7f6aed704000-7f6aed904000 rw-p 00000000 00:00 0 
7f6aed904000-7f6aedb04000 rw-p 00000000 00:00 0 
7f6aedb04000-7f6aedea4000 rw-p 00000000 00:00 0 
7f6aedea4000-7f6aee0a4000 rw-p 00000000 00:00 0 
7f6aee0a4000-7f6aee2a4000 rw-p 00000000 00:00 0 
7f6aee2a4000-7f6aee4a4000 rw-p 00000000 00:00 0 
7f6aee4a4000-7f6aee4a5000 ---p 00000000 00:00 0 
7f6aee4a5000-7f6aee5a6000 rw-p 00000000 00:00 0 
7f6aee5a6000-7f6aee5aa000 ---p 00000000 00:00 0 
7f6aee5aa000-7f6aee6a7000 rw-p 00000000 00:00 0 
7f6aee6a7000-7f6aee6ab000 ---p 00000000 00:00 0 
7f6aee6ab000-7f6aee7a8000 rw-p 00000000 00:00 0 
7f6aee7a8000-7f6aee7ac000 ---p 00000000 00:00 0 
7f6aee7ac000-7f6aef51c000 rw-p 00000000 00:00 0 
7f6aef51c000-7f6af45ff000 ---p 00000000 00:00 0 
7f6af45ff000-7f6af4838000 rw-p 00000000 00:00 0 
7f6af4838000-7f6af70a9000 ---p 00000000 00:00 0 
7f6af70a9000-7f6af751c000 rw-p 00000000 00:00 0 
7f6af751c000-7f6afc5ff000 ---p 00000000 00:00 0 
7f6afc5ff000-7f6b43800000 rw-p 00000000 00:00 0 
7f6b43800000-7f7051b50000 ---p 00000000 00:00 0 
7f7051b50000-7f70dff70000 rw-p 00000000 00:00 0 
7f713ecdb000-7f7afc600000 ---p 00000000 00:00 0 
7f7afc689000-7f7afc68d000 ---p 00000000 00:00 0 
7f7afc68d000-7f7afc78a000 rw-p 00000000 00:00 0 
7f7afc78a000-7f7afc9fa000 rwxp 00000000 00:00 0 
7f7afc9fa000-7f7afcd19000 ---p 00000000 00:00 0 
7f7afcd19000-7f7afd4f9000 rwxp 00000000 00:00 0 
7f7afd4f9000-7f7b04251000 ---p 00000000 00:00 0 
7f7b04251000-7f7b04521000 rwxp 00000000 00:00 0 
7f7b04521000-7f7b0b78a000 ---p 00000000 00:00 0 
7f7b0b78a000-7f7b14000000 r--s 00000000 07:14 5215                       /usr/lib/jvm/java-13-openjdk-amd64/lib/modules
7f7b14000000-7f7b146e3000 rw-p 00000000 00:00 0 
7f7b146e3000-7f7b18000000 ---p 00000000 00:00 0 
7f7b1808c000-7f7b180bd000 rw-p 00000000 00:00 0 
7f7b180bd000-7f7b180c1000 r--p 00000000 07:14 5204                       /usr/lib/jvm/java-13-openjdk-amd64/lib/libnet.so
7f7b180c1000-7f7b180cf000 r-xp 00004000 07:14 5204                       /usr/lib/jvm/java-13-openjdk-amd64/lib/libnet.so
7f7b180cf000-7f7b180d3000 r--p 00012000 07:14 5204                       /usr/lib/jvm/java-13-openjdk-amd64/lib/libnet.so
7f7b180d3000-7f7b180d4000 r--p 00015000 07:14 5204                       /usr/lib/jvm/java-13-openjdk-amd64/lib/libnet.so
7f7b180d4000-7f7b180d5000 rw-p 00016000 07:14 5204                       /usr/lib/jvm/java-13-openjdk-amd64/lib/libnet.so
7f7b180d5000-7f7b180dc000 r--p 00000000 07:14 5205                       /usr/lib/jvm/java-13-openjdk-amd64/lib/libnio.so
7f7b180dc000-7f7b180e5000 r-xp 00007000 07:14 5205                       /usr/lib/jvm/java-13-openjdk-amd64/lib/libnio.so
7f7b180e5000-7f7b180e9000 r--p 00010000 07:14 5205                       /usr/lib/jvm/java-13-openjdk-amd64/lib/libnio.so
7f7b180e9000-7f7b180ea000 r--p 00013000 07:14 5205                       /usr/lib/jvm/java-13-openjdk-amd64/lib/libnio.so
7f7b180ea000-7f7b180eb000 rw-p 00014000 07:14 5205                       /usr/lib/jvm/java-13-openjdk-amd64/lib/libnio.so
7f7b180eb000-7f7b180ef000 ---p 00000000 00:00 0 
7f7b180ef000-7f7b181ec000 rw-p 00000000 00:00 0 
7f7b181ec000-7f7b181f0000 ---p 00000000 00:00 0 
7f7b181f0000-7f7b182ed000 rw-p 00000000 00:00 0 
7f7b182ed000-7f7b182f4000 r--s 00000000 07:14 8532                       /usr/lib/x86_64-linux-gnu/gconv/gconv-modules.cache
7f7b182f4000-7f7b18326000 r--p 00000000 07:14 5276                       /usr/lib/locale/C.UTF-8/LC_CTYPE
7f7b18326000-7f7b1832a000 ---p 00000000 00:00 0 
7f7b1832a000-7f7b18427000 rw-p 00000000 00:00 0 
7f7b18427000-7f7b1842b000 ---p 00000000 00:00 0 
7f7b1842b000-7f7b18528000 rw-p 00000000 00:00 0 
7f7b18528000-7f7b18529000 ---p 00000000 00:00 0 
7f7b18529000-7f7b1874d000 rw-p 00000000 00:00 0 
7f7b1874d000-7f7b18832000 ---p 00000000 00:00 0 
7f7b18832000-7f7b18842000 rw-p 00000000 00:00 0 
7f7b18842000-7f7b1891d000 ---p 00000000 00:00 0 
7f7b1891d000-7f7b18922000 rw-p 00000000 00:00 0 
7f7b18922000-7f7b18929000 ---p 00000000 00:00 0 
7f7b18929000-7f7b1892b000 r--p 00000000 07:14 5214                       /usr/lib/jvm/java-13-openjdk-amd64/lib/libzip.so
7f7b1892b000-7f7b1892f000 r-xp 00002000 07:14 5214                       /usr/lib/jvm/java-13-openjdk-amd64/lib/libzip.so
7f7b1892f000-7f7b18931000 r--p 00006000 07:14 5214                       /usr/lib/jvm/java-13-openjdk-amd64/lib/libzip.so
7f7b18931000-7f7b18932000 r--p 00007000 07:14 5214                       /usr/lib/jvm/java-13-openjdk-amd64/lib/libzip.so
7f7b18932000-7f7b18933000 rw-p 00008000 07:14 5214                       /usr/lib/jvm/java-13-openjdk-amd64/lib/libzip.so
7f7b18933000-7f7b1893b000 rw-s 00000000 08:03 34424188                   /tmp/hsperfdata_rcabanas/62003
7f7b1893b000-7f7b1893e000 r--p 00000000 07:14 9108                       /usr/lib/x86_64-linux-gnu/libnss_files-2.31.so
7f7b1893e000-7f7b18945000 r-xp 00003000 07:14 9108                       /usr/lib/x86_64-linux-gnu/libnss_files-2.31.so
7f7b18945000-7f7b18947000 r--p 0000a000 07:14 9108                       /usr/lib/x86_64-linux-gnu/libnss_files-2.31.so
7f7b18947000-7f7b18948000 r--p 0000b000 07:14 9108                       /usr/lib/x86_64-linux-gnu/libnss_files-2.31.so
7f7b18948000-7f7b18949000 rw-p 0000c000 07:14 9108                       /usr/lib/x86_64-linux-gnu/libnss_files-2.31.so
7f7b18949000-7f7b1894f000 rw-p 00000000 00:00 0 
7f7b18955000-7f7b18957000 r--p 00000000 07:14 5195                       /usr/lib/jvm/java-13-openjdk-amd64/lib/libjimage.so
7f7b18957000-7f7b1895a000 r-xp 00002000 07:14 5195                       /usr/lib/jvm/java-13-openjdk-amd64/lib/libjimage.so
7f7b1895a000-7f7b1895b000 r--p 00005000 07:14 5195                       /usr/lib/jvm/java-13-openjdk-amd64/lib/libjimage.so
7f7b1895b000-7f7b1895c000 ---p 00006000 07:14 5195                       /usr/lib/jvm/java-13-openjdk-amd64/lib/libjimage.so
7f7b1895c000-7f7b1895d000 r--p 00006000 07:14 5195                       /usr/lib/jvm/java-13-openjdk-amd64/lib/libjimage.so
7f7b1895d000-7f7b1895e000 rw-p 00007000 07:14 5195                       /usr/lib/jvm/java-13-openjdk-amd64/lib/libjimage.so
7f7b1895e000-7f7b1896b000 r--p 00000000 07:14 5191                       /usr/lib/jvm/java-13-openjdk-amd64/lib/libjava.so
7f7b1896b000-7f7b18980000 r-xp 0000d000 07:14 5191                       /usr/lib/jvm/java-13-openjdk-amd64/lib/libjava.so
7f7b18980000-7f7b18986000 r--p 00022000 07:14 5191                       /usr/lib/jvm/java-13-openjdk-amd64/lib/libjava.so
7f7b18986000-7f7b18987000 ---p 00028000 07:14 5191                       /usr/lib/jvm/java-13-openjdk-amd64/lib/libjava.so
7f7b18987000-7f7b18988000 r--p 00028000 07:14 5191                       /usr/lib/jvm/java-13-openjdk-amd64/lib/libjava.so
7f7b18988000-7f7b1898a000 rw-p 00029000 07:14 5191                       /usr/lib/jvm/java-13-openjdk-amd64/lib/libjava.so
7f7b1898a000-7f7b1898f000 r--p 00000000 07:14 5213                       /usr/lib/jvm/java-13-openjdk-amd64/lib/libverify.so
7f7b1898f000-7f7b18996000 r-xp 00005000 07:14 5213                       /usr/lib/jvm/java-13-openjdk-amd64/lib/libverify.so
7f7b18996000-7f7b18998000 r--p 0000c000 07:14 5213                       /usr/lib/jvm/java-13-openjdk-amd64/lib/libverify.so
7f7b18998000-7f7b18999000 ---p 0000e000 07:14 5213                       /usr/lib/jvm/java-13-openjdk-amd64/lib/libverify.so
7f7b18999000-7f7b1899b000 r--p 0000e000 07:14 5213                       /usr/lib/jvm/java-13-openjdk-amd64/lib/libverify.so
7f7b1899b000-7f7b1899c000 rw-p 00010000 07:14 5213                       /usr/lib/jvm/java-13-openjdk-amd64/lib/libverify.so
7f7b1899c000-7f7b189a0000 ---p 00000000 00:00 0 
7f7b189a0000-7f7b18a9d000 rw-p 00000000 00:00 0 
7f7b18a9d000-7f7b18aa0000 r--p 00000000 07:14 8948                       /usr/lib/x86_64-linux-gnu/libgcc_s.so.1
7f7b18aa0000-7f7b18ab2000 r-xp 00003000 07:14 8948                       /usr/lib/x86_64-linux-gnu/libgcc_s.so.1
7f7b18ab2000-7f7b18ab6000 r--p 00015000 07:14 8948                       /usr/lib/x86_64-linux-gnu/libgcc_s.so.1
7f7b18ab6000-7f7b18ab7000 r--p 00018000 07:14 8948                       /usr/lib/x86_64-linux-gnu/libgcc_s.so.1
7f7b18ab7000-7f7b18ab8000 rw-p 00019000 07:14 8948                       /usr/lib/x86_64-linux-gnu/libgcc_s.so.1
7f7b18ab8000-7f7b18ac5000 r--p 00000000 07:14 9062                       /usr/lib/x86_64-linux-gnu/libm-2.31.so
7f7b18ac5000-7f7b18b6c000 r-xp 0000d000 07:14 9062                       /usr/lib/x86_64-linux-gnu/libm-2.31.so
7f7b18b6c000-7f7b18c05000 r--p 000b4000 07:14 9062                       /usr/lib/x86_64-linux-gnu/libm-2.31.so
7f7b18c05000-7f7b18c06000 r--p 0014c000 07:14 9062                       /usr/lib/x86_64-linux-gnu/libm-2.31.so
7f7b18c06000-7f7b18c07000 rw-p 0014d000 07:14 9062                       /usr/lib/x86_64-linux-gnu/libm-2.31.so
7f7b18c07000-7f7b18c9d000 r--p 00000000 07:14 9213                       /usr/lib/x86_64-linux-gnu/libstdc++.so.6.0.28
7f7b18c9d000-7f7b18d8e000 r-xp 00096000 07:14 9213                       /usr/lib/x86_64-linux-gnu/libstdc++.so.6.0.28
7f7b18d8e000-7f7b18dd7000 r--p 00187000 07:14 9213                       /usr/lib/x86_64-linux-gnu/libstdc++.so.6.0.28
7f7b18dd7000-7f7b18dd8000 ---p 001d0000 07:14 9213                       /usr/lib/x86_64-linux-gnu/libstdc++.so.6.0.28
7f7b18dd8000-7f7b18de3000 r--p 001d0000 07:14 9213                       /usr/lib/x86_64-linux-gnu/libstdc++.so.6.0.28
7f7b18de3000-7f7b18de6000 rw-p 001db000 07:14 9213                       /usr/lib/x86_64-linux-gnu/libstdc++.so.6.0.28
7f7b18de6000-7f7b18de9000 rw-p 00000000 00:00 0 
7f7b18de9000-7f7b1906f000 r--p 00000000 07:14 5226                       /usr/lib/jvm/java-13-openjdk-amd64/lib/server/libjvm.so
7f7b1906f000-7f7b19dec000 r-xp 00286000 07:14 5226                       /usr/lib/jvm/java-13-openjdk-amd64/lib/server/libjvm.so
7f7b19dec000-7f7b1a067000 r--p 01003000 07:14 5226                       /usr/lib/jvm/java-13-openjdk-amd64/lib/server/libjvm.so
7f7b1a067000-7f7b1a12c000 r--p 0127d000 07:14 5226                       /usr/lib/jvm/java-13-openjdk-amd64/lib/server/libjvm.so
7f7b1a12c000-7f7b1a167000 rw-p 01342000 07:14 5226                       /usr/lib/jvm/java-13-openjdk-amd64/lib/server/libjvm.so
7f7b1a167000-7f7b1a1ed000 rw-p 00000000 00:00 0 
7f7b1a1ed000-7f7b1a1f3000 r--p 00000000 07:14 9166                       /usr/lib/x86_64-linux-gnu/libpthread-2.31.so
7f7b1a1f3000-7f7b1a204000 r-xp 00006000 07:14 9166                       /usr/lib/x86_64-linux-gnu/libpthread-2.31.so
7f7b1a204000-7f7b1a20a000 r--p 00017000 07:14 9166                       /usr/lib/x86_64-linux-gnu/libpthread-2.31.so
7f7b1a20a000-7f7b1a20b000 r--p 0001c000 07:14 9166                       /usr/lib/x86_64-linux-gnu/libpthread-2.31.so
7f7b1a20b000-7f7b1a20c000 rw-p 0001d000 07:14 9166                       /usr/lib/x86_64-linux-gnu/libpthread-2.31.so
7f7b1a20c000-7f7b1a210000 rw-p 00000000 00:00 0 
7f7b1a210000-7f7b1a211000 r--p 00000000 07:14 8893                       /usr/lib/x86_64-linux-gnu/libdl-2.31.so
7f7b1a211000-7f7b1a213000 r-xp 00001000 07:14 8893                       /usr/lib/x86_64-linux-gnu/libdl-2.31.so
7f7b1a213000-7f7b1a214000 r--p 00003000 07:14 8893                       /usr/lib/x86_64-linux-gnu/libdl-2.31.so
7f7b1a214000-7f7b1a215000 r--p 00003000 07:14 8893                       /usr/lib/x86_64-linux-gnu/libdl-2.31.so
7f7b1a215000-7f7b1a216000 rw-p 00004000 07:14 8893                       /usr/lib/x86_64-linux-gnu/libdl-2.31.so
7f7b1a216000-7f7b1a218000 r--p 00000000 07:14 9290                       /usr/lib/x86_64-linux-gnu/libz.so.1.2.11
7f7b1a218000-7f7b1a229000 r-xp 00002000 07:14 9290                       /usr/lib/x86_64-linux-gnu/libz.so.1.2.11
7f7b1a229000-7f7b1a22f000 r--p 00013000 07:14 9290                       /usr/lib/x86_64-linux-gnu/libz.so.1.2.11
7f7b1a22f000-7f7b1a230000 ---p 00019000 07:14 9290                       /usr/lib/x86_64-linux-gnu/libz.so.1.2.11
7f7b1a230000-7f7b1a231000 r--p 00019000 07:14 9290                       /usr/lib/x86_64-linux-gnu/libz.so.1.2.11
7f7b1a231000-7f7b1a232000 rw-p 0001a000 07:14 9290                       /usr/lib/x86_64-linux-gnu/libz.so.1.2.11
7f7b1a232000-7f7b1a254000 r--p 00000000 07:14 8851                       /usr/lib/x86_64-linux-gnu/libc-2.31.so
7f7b1a254000-7f7b1a3cc000 r-xp 00022000 07:14 8851                       /usr/lib/x86_64-linux-gnu/libc-2.31.so
7f7b1a3cc000-7f7b1a41a000 r--p 0019a000 07:14 8851                       /usr/lib/x86_64-linux-gnu/libc-2.31.so
7f7b1a41a000-7f7b1a41e000 r--p 001e7000 07:14 8851                       /usr/lib/x86_64-linux-gnu/libc-2.31.so
7f7b1a41e000-7f7b1a420000 rw-p 001eb000 07:14 8851                       /usr/lib/x86_64-linux-gnu/libc-2.31.so
7f7b1a420000-7f7b1a424000 rw-p 00000000 00:00 0 
7f7b1a426000-7f7b1a428000 r--s 0000c000 07:14 20930                      /usr/share/java/java-atk-wrapper.jar
7f7b1a428000-7f7b1a429000 ---p 00000000 00:00 0 
7f7b1a429000-7f7b1a42a000 r--p 00000000 00:00 0 
7f7b1a42a000-7f7b1a42d000 r--p 00000000 07:14 5196                       /usr/lib/jvm/java-13-openjdk-amd64/lib/libjli.so
7f7b1a42d000-7f7b1a437000 r-xp 00003000 07:14 5196                       /usr/lib/jvm/java-13-openjdk-amd64/lib/libjli.so
7f7b1a437000-7f7b1a43a000 r--p 0000d000 07:14 5196                       /usr/lib/jvm/java-13-openjdk-amd64/lib/libjli.so
7f7b1a43a000-7f7b1a43b000 r--p 0000f000 07:14 5196                       /usr/lib/jvm/java-13-openjdk-amd64/lib/libjli.so
7f7b1a43b000-7f7b1a43c000 rw-p 00010000 07:14 5196                       /usr/lib/jvm/java-13-openjdk-amd64/lib/libjli.so
7f7b1a43c000-7f7b1a43e000 rw-p 00000000 00:00 0 
7f7b1a43e000-7f7b1a43f000 r--p 00000000 07:14 8572                       /usr/lib/x86_64-linux-gnu/ld-2.31.so
7f7b1a43f000-7f7b1a462000 r-xp 00001000 07:14 8572                       /usr/lib/x86_64-linux-gnu/ld-2.31.so
7f7b1a462000-7f7b1a46a000 r--p 00024000 07:14 8572                       /usr/lib/x86_64-linux-gnu/ld-2.31.so
7f7b1a46a000-7f7b1a46b000 ---p 00000000 00:00 0 
7f7b1a46b000-7f7b1a46c000 r--p 0002c000 07:14 8572                       /usr/lib/x86_64-linux-gnu/ld-2.31.so
7f7b1a46c000-7f7b1a46d000 rw-p 0002d000 07:14 8572                       /usr/lib/x86_64-linux-gnu/ld-2.31.so
7f7b1a46d000-7f7b1a46e000 rw-p 00000000 00:00 0 
7fffbe51b000-7fffbe53c000 rw-p 00000000 00:00 0                          [stack]
7fffbe5eb000-7fffbe5ed000 r-xp 00000000 00:00 0                          [vdso]
ffffffffff600000-ffffffffff601000 r-xp 00000000 00:00 0                  [vsyscall]


VM Arguments:
jvm_args: -Xmx64g --add-modules=ALL-DEFAULT 
java_command: jdk.compiler/com.sun.tools.javac.launcher.Main /mnt/beegfs/rcabanas/dev/credici/papers/JoCI/code/LearnMultiStudy.java -w -x 300 -m 500 -sc KL -th 0.0 --seed 0 --output /mnt/beegfs/rcabanas/dev/credici/papers/JoCI/output/synthetic/s1 -nh 2 /mnt/beegfs/rcabanas/dev/credici/papers/JoCI/models/synthetic/s1/random_mc2_n7_mid3_d1000_05_mr098_r10_0.uai
java_class_path (initial): /mnt/beegfs/rcabanas/dev/credici/target/credici-0.1.5-dev-SNAPSHOT-jar-with-dependencies.jar
Launcher Type: SUN_STANDARD

[Global flags]
     intx CICompilerCount                          = 2                                         {product} {ergonomic}
   size_t InitialHeapSize                          = 2147483648                                {product} {ergonomic}
   size_t MaxHeapSize                              = 68719476736                               {product} {command line}
   size_t MaxNewSize                               = 22906470400                               {product} {ergonomic}
   size_t MinHeapDeltaBytes                        = 196608                                    {product} {ergonomic}
   size_t MinHeapSize                              = 8388608                                   {product} {ergonomic}
   size_t NewSize                                  = 715784192                                 {product} {ergonomic}
    uintx NonNMethodCodeHeapSize                   = 5826188                                {pd product} {ergonomic}
    uintx NonProfiledCodeHeapSize                  = 122916026                              {pd product} {ergonomic}
   size_t OldSize                                  = 1431699456                                {product} {ergonomic}
    uintx ProfiledCodeHeapSize                     = 122916026                              {pd product} {ergonomic}
    uintx ReservedCodeCacheSize                    = 251658240                              {pd product} {ergonomic}
     bool SegmentedCodeCache                       = true                                      {product} {ergonomic}
   size_t SoftMaxHeapSize                          = 68719476736                            {manageable} {ergonomic}
     bool UseSerialGC                              = true                                      {product} {ergonomic}

Logging:
Log output configuration:
 #0: stdout all=warning uptime,level,tags
 #1: stderr all=off uptime,level,tags

Environment Variables:
PATH=/usr/local/sbin:/usr/local/bin:/usr/sbin:/usr/bin:/sbin:/bin
LD_LIBRARY_PATH=/.singularity.d/libs

Signal Handlers:
SIGSEGV: [libjvm.so+0xf8fcf0], sa_mask[0]=11111111011111111101111111111110, sa_flags=SA_RESTART|SA_SIGINFO
SIGBUS: [libjvm.so+0xf8fcf0], sa_mask[0]=11111111011111111101111111111110, sa_flags=SA_RESTART|SA_SIGINFO
SIGFPE: [libjvm.so+0xf8fcf0], sa_mask[0]=11111111011111111101111111111110, sa_flags=SA_RESTART|SA_SIGINFO
SIGPIPE: [libjvm.so+0xc3ffa0], sa_mask[0]=11111111011111111101111111111110, sa_flags=SA_RESTART|SA_SIGINFO
SIGXFSZ: [libjvm.so+0xc3ffa0], sa_mask[0]=11111111011111111101111111111110, sa_flags=SA_RESTART|SA_SIGINFO
SIGILL: [libjvm.so+0xf8fcf0], sa_mask[0]=11111111011111111101111111111110, sa_flags=SA_RESTART|SA_SIGINFO
SIGUSR2: [libjvm.so+0xc3fe40], sa_mask[0]=00000000000000000000000000000000, sa_flags=SA_RESTART|SA_SIGINFO
SIGHUP: [libjvm.so+0xc40580], sa_mask[0]=11111111011111111101111111111110, sa_flags=SA_RESTART|SA_SIGINFO
SIGINT: [libjvm.so+0xc40580], sa_mask[0]=11111111011111111101111111111110, sa_flags=SA_RESTART|SA_SIGINFO
SIGTERM: [libjvm.so+0xc40580], sa_mask[0]=11111111011111111101111111111110, sa_flags=SA_RESTART|SA_SIGINFO
SIGQUIT: [libjvm.so+0xc40580], sa_mask[0]=11111111011111111101111111111110, sa_flags=SA_RESTART|SA_SIGINFO


---------------  S Y S T E M  ---------------

OS:DISTRIB_ID=Ubuntu
DISTRIB_RELEASE=20.04
DISTRIB_CODENAME=focal
DISTRIB_DESCRIPTION="Ubuntu 20.04.4 LTS"
uname:Linux 3.10.0-1160.15.2.el7.x86_64 #1 SMP Wed Feb 3 15:06:38 UTC 2021 x86_64
OS uptime: 534 days 12:46 hours
libc:glibc 2.31 NPTL 2.31 
rlimit (soft/hard): STACK 8192k/infinity , CORE 0k/infinity , NPROC 4096/1030220 , NOFILE 131072/131072 , AS infinity/infinity , CPU infinity/infinity , DATA infinity/infinity , FSIZE infinity/infinity , MEMLOCK infinity/infinity
load average:55.09 55.18 55.34

/proc/meminfo:
MemTotal:       263895972 kB
MemFree:          655576 kB
MemAvailable:     168652 kB
Buffers:           11328 kB
Cached:          1450056 kB
SwapCached:       203940 kB
Active:         246134396 kB
Inactive:        7749008 kB
Active(anon):   246028824 kB
Inactive(anon):  7680160 kB
Active(file):     105572 kB
Inactive(file):    68848 kB
Unevictable:       20404 kB
Mlocked:           20404 kB
SwapTotal:       4194300 kB
SwapFree:              0 kB
Dirty:               796 kB
Writeback:             0 kB
AnonPages:      252241056 kB
Mapped:           158924 kB
Shmem:           1282400 kB
Slab:             741308 kB
SReclaimable:     166732 kB
SUnreclaim:       574576 kB
KernelStack:       41552 kB
PageTables:       559652 kB
NFS_Unstable:          0 kB
Bounce:                0 kB
WritebackTmp:          0 kB
CommitLimit:    136142284 kB
Committed_AS:   339111180 kB
VmallocTotal:   34359738367 kB
VmallocUsed:      861440 kB
VmallocChunk:   34222527672 kB
Percpu:            18176 kB
HardwareCorrupted:     0 kB
AnonHugePages:  105228288 kB
CmaTotal:              0 kB
CmaFree:               0 kB
HugePages_Total:       0
HugePages_Free:        0
HugePages_Rsvd:        0
HugePages_Surp:        0
Hugepagesize:       2048 kB
DirectMap4k:      587976 kB
DirectMap2M:    24440832 kB
DirectMap1G:    243269632 kB

/sys/kernel/mm/transparent_hugepage/enabled:
[always] madvise never

/sys/kernel/mm/transparent_hugepage/defrag (defrag/compaction efforts parameter):
[always] madvise never


/proc/sys/kernel/threads-max (system-wide limit on the number of threads):
2060440


/proc/sys/vm/max_map_count (maximum number of memory map areas a process may have):
65530


/proc/sys/kernel/pid_max (system-wide limit on number of process identifiers):
65536



Steal ticks since vm start: 0
Steal ticks percentage since vm start:  0.000

CPU:total 64 (initial active 1) (32 cores per cpu, 1 threads per core) family 23 model 49 stepping 0, cmov, cx8, fxsr, mmx, sse, sse2, sse3, ssse3, sse4.1, sse4.2, popcnt, avx, avx2, aes, clmul, mmxext, 3dnowpref, lzcnt, sse4a, tsc, tscinvbit, tscinv, bmi1, bmi2, adx, sha, fma
CPU Model and flags from /proc/cpuinfo:
model name	: AMD EPYC 7542 32-Core Processor
flags		: fpu vme de pse tsc msr pae mce cx8 apic sep mtrr pge mca cmov pat pse36 clflush mmx fxsr sse sse2 ht syscall nx mmxext fxsr_opt pdpe1gb rdtscp lm constant_tsc art rep_good nopl nonstop_tsc extd_apicid aperfmperf eagerfpu pni pclmulqdq monitor ssse3 fma cx16 sse4_1 sse4_2 movbe popcnt aes xsave avx f16c rdrand lahf_lm cmp_legacy svm extapic cr8_legacy abm sse4a misalignsse 3dnowprefetch osvw ibs skinit wdt tce topoext perfctr_core perfctr_nb bpext perfctr_l2 cpb cat_l3 cdp_l3 hw_pstate sme retpoline_amd ssbd ibrs ibpb stibp vmmcall fsgsbase bmi1 avx2 smep bmi2 cqm rdt_a rdseed adx smap clflushopt clwb sha_ni xsaveopt xsavec xgetbv1 cqm_llc cqm_occup_llc cqm_mbm_total cqm_mbm_local clzero irperf xsaveerptr arat npt lbrv svm_lock nrip_save tsc_scale vmcb_clean flushbyasid decodeassists pausefilter pfthreshold avic v_vmsave_vmload vgif umip overflow_recov succor smca
Online cpus:0-63
Offline cpus:
BIOS frequency limitation:2900000
Frequency switch latency (ns):0
Available cpu frequencies:2900000 2400000 1500000 
Current governor:conservative
Core performance/turbo boost:1

Memory: 4k page, physical 263895972k(656740k free), swap 4194300k(0k free)

vm_info: OpenJDK 64-Bit Server VM (13.0.7+5-Ubuntu-0ubuntu120.04) for linux-amd64 JRE (13.0.7+5-Ubuntu-0ubuntu120.04), built on Apr 21 2021 05:36:19 by "unknown" with gcc 9.3.0

END.
