#
# There is insufficient memory for the Java Runtime Environment to continue.
# Native memory allocation (mmap) failed to map 4381450240 bytes for committing reserved memory.
# Possible reasons:
#   The system is out of physical RAM or swap space
# Possible solutions:
#   Reduce memory load on the system
#   Increase physical memory or swap space
#   Check if swap backing store is full
#   Decrease Java heap size (-Xmx/-Xms)
#   Decrease number of Java threads
#   Decrease Java thread stack sizes (-Xss)
#   Set larger code cache with -XX:ReservedCodeCacheSize=
# This output file may be truncated or incomplete.
#
#  Out of Memory Error (os_linux.cpp:2899), pid=40075, tid=40085
#
# JRE version: OpenJDK Runtime Environment (13.0.7+5) (build 13.0.7+5-Ubuntu-0ubuntu120.04)
# Java VM: OpenJDK 64-Bit Server VM (13.0.7+5-Ubuntu-0ubuntu120.04, mixed mode, tiered, serial gc, linux-amd64)
# No core dump will be written. Core dumps have been disabled. To enable core dumping, try "ulimit -c unlimited" before starting Java again
#

---------------  S U M M A R Y ------------

Command Line: -Xmx64g --add-modules=ALL-DEFAULT jdk.compiler/com.sun.tools.javac.launcher.Main /mnt/beegfs/rcabanas/dev/credici/papers/JoCI/code/LearnMultiStudy.java -w -x 300 -m 500 -sc KL -th 0.0 --seed 0 --output /mnt/beegfs/rcabanas/dev/credici/papers/JoCI/output/synthetic/s1 -nh 1 /mnt/beegfs/rcabanas/dev/credici/papers/JoCI/models/synthetic/s1/random_mc2_n7_mid3_d1000_05_mr098_r10_25.uai

Host: AMD EPYC 7542 32-Core Processor, 64 cores, 251G, Ubuntu 20.04.4 LTS
Time: Sat Dec 10 21:55:19 2022 CET elapsed time: 25261.898754 seconds (0d 7h 1m 1s)

---------------  T H R E A D  ---------------

Current thread (0x00007f077c097800):  VMThread "VM Thread" [stack: 0x00007f0780cfe000,0x00007f0780dfe000] [id=40085]

Stack: [0x00007f0780cfe000,0x00007f0780dfe000],  sp=0x00007f0780dfc160,  free space=1016k
Native frames: (J=compiled Java code, A=aot compiled Java code, j=interpreted, Vv=VM code, C=native code)
V  [libjvm.so+0xf8f092]
V  [libjvm.so+0xf8fc91]
V  [libjvm.so+0x66ee5a]
V  [libjvm.so+0xc44a41]
V  [libjvm.so+0xc3b263]
V  [libjvm.so+0xf87f4b]
V  [libjvm.so+0x557506]
V  [libjvm.so+0x557723]
V  [libjvm.so+0xf18b0c]
V  [libjvm.so+0x557e65]
V  [libjvm.so+0x7e2edb]
V  [libjvm.so+0x7e39bd]
V  [libjvm.so+0x7d8b48]
V  [libjvm.so+0xf90940]
V  [libjvm.so+0xf96657]
V  [libjvm.so+0xf96d2b]
V  [libjvm.so+0xf9706a]
V  [libjvm.so+0xf2208f]
V  [libjvm.so+0xc493ff]

VM_Operation (0x00007f0781a6e150): GenCollectForAllocation, mode: safepoint, requested by thread 0x00007f077c018000


---------------  P R O C E S S  ---------------

Threads class SMR info:
_java_thread_list=0x00007f077c136500, length=9, elements={
0x00007f077c018000, 0x00007f077c0a3800, 0x00007f077c0a7000, 0x00007f077c0cb800,
0x00007f077c0cd000, 0x00007f077c0cf000, 0x00007f077c0d1000, 0x00007f077c0d3000,
0x00007f077c135000
}

Java Threads: ( => current thread )
  0x00007f077c018000 JavaThread "main" [_thread_blocked, id=40076, stack(0x00007f0781970000,0x00007f0781a71000)]
  0x00007f077c0a3800 JavaThread "Reference Handler" daemon [_thread_blocked, id=40087, stack(0x00007f0780bfb000,0x00007f0780cfc000)]
  0x00007f077c0a7000 JavaThread "Finalizer" daemon [_thread_blocked, id=40088, stack(0x00007f0780afa000,0x00007f0780bfb000)]
  0x00007f077c0cb800 JavaThread "Signal Dispatcher" daemon [_thread_blocked, id=40090, stack(0x00007f07809c0000,0x00007f0780ac1000)]
  0x00007f077c0cd000 JavaThread "Service Thread" daemon [_thread_blocked, id=40091, stack(0x00007f07808bf000,0x00007f07809c0000)]
  0x00007f077c0cf000 JavaThread "C2 CompilerThread0" daemon [_thread_blocked, id=40092, stack(0x00007f07807be000,0x00007f07808bf000)]
  0x00007f077c0d1000 JavaThread "C1 CompilerThread0" daemon [_thread_blocked, id=40093, stack(0x00007f07806bd000,0x00007f07807be000)]
  0x00007f077c0d3000 JavaThread "Sweeper thread" daemon [_thread_blocked, id=40094, stack(0x00007f07805bc000,0x00007f07806bd000)]
  0x00007f077c135000 JavaThread "Common-Cleaner" daemon [_thread_blocked, id=40095, stack(0x00007f07804bb000,0x00007f07805bc000)]

Other Threads:
=>0x00007f077c097800 VMThread "VM Thread" [stack: 0x00007f0780cfe000,0x00007f0780dfe000] [id=40085]
  0x00007f077c181800 WatcherThread [stack: 0x00007f07803bb000,0x00007f07804bb000] [id=40105]

Threads with active compile tasks:

VM state:at safepoint (normal execution)

VM Mutex/Monitor currently owned by a thread:  ([mutex/lock_event])
[0x00007f077c0141d0] Threads_lock - owner thread: 0x00007f077c097800
[0x00007f077c014dd0] Heap_lock - owner thread: 0x00007f077c018000

Heap:
 def new generation   total 2888192K, used 2978K [0x00007ef764600000, 0x00007ef8283e0000, 0x00007efcb9b50000)
  eden space 2567296K,   0% used [0x00007ef764600000, 0x00007ef7648e8ad8, 0x00007ef801120000)
  from space 320896K,   0% used [0x00007ef801120000, 0x00007ef801120000, 0x00007ef814a80000)
  to   space 320896K,   0% used [0x00007ef814a80000, 0x00007ef814a80000, 0x00007ef8283e0000)
 tenured generation   total 6418136K, used 6418135K [0x00007efcb9b50000, 0x00007efe41706000, 0x00007f0764600000)
   the space 6418136K,  99% used [0x00007efcb9b50000, 0x00007efe41705ff8, 0x00007efe41706000, 0x00007efe41706000)
 Metaspace       used 25062K, capacity 25486K, committed 25600K, reserved 26624K

Card table byte_map: [0x00007ef75c5ff000,0x00007ef764600000] _byte_map_base: 0x00007eb7e0adc000

Polling page: 0x00007f07833fc000

Metaspace:

Usage:
   24.89 MB capacity,    24.48 MB ( 98%) used,   308.00 KB (  1%) free+waste,   115.56 KB ( <1%) overhead. 

Virtual space:
     26.00 MB reserved,      25.00 MB ( 96%) committed 

Chunk freelists:
14.00 KB

MaxMetaspaceSize: unlimited


CodeHeap 'non-profiled nmethods': size=120036Kb used=2858Kb max_used=2858Kb free=117177Kb
 bounds [0x00007f076c251000, 0x00007f076c521000, 0x00007f077378a000]
CodeHeap 'profiled nmethods': size=120032Kb used=5793Kb max_used=7936Kb free=114239Kb
 bounds [0x00007f0764d19000, 0x00007f07654e9000, 0x00007f076c251000]
CodeHeap 'non-nmethods': size=5692Kb used=1204Kb max_used=1245Kb free=4487Kb
 bounds [0x00007f076478a000, 0x00007f07649fa000, 0x00007f0764d19000]
 total_blobs=4123 nmethods=3650 adapters=388
 compilation: enabled
              stopped_count=0, restarted_count=0
 full_count=0

Compilation events (20 events):
Event: 20697.120 Thread 0x00007f077c0d1000 nmethod 4814 0x00007f0765395b10 code [0x00007f0765395cc0, 0x00007f0765395ec0]
Event: 20697.120 Thread 0x00007f077c0cf000 nmethod 4813 0x00007f076c50ff90 code [0x00007f076c510140, 0x00007f076c510748]
Event: 20697.240 Thread 0x00007f077c0cf000 4815       4       ch.idsia.crema.model.Strides::intersection (157 bytes)
Event: 20697.250 Thread 0x00007f077c0cf000 nmethod 4815 0x00007f076c510c90 code [0x00007f076c510e40, 0x00007f076c511bb8]
Event: 20697.449 Thread 0x00007f077c0cf000 4816       4       ch.idsia.crema.inference.ve.VariableElimination::run (190 bytes)
Event: 20697.533 Thread 0x00007f077c0cf000 nmethod 4816 0x00007f076c512090 code [0x00007f076c512380, 0x00007f076c514270]
Event: 20699.330 Thread 0x00007f077c0d1000 4817       3       com.google.common.collect.ImmutableSet::copyOf (76 bytes)
Event: 20699.331 Thread 0x00007f077c0d1000 nmethod 4817 0x00007f0764e6e790 code [0x00007f0764e6ea00, 0x00007f0764e6f6c0]
Event: 20699.587 Thread 0x00007f077c0d1000 4818       3       com.google.common.collect.ImmutableSet$RegularSetBuilderImpl::add (122 bytes)
Event: 20699.588 Thread 0x00007f077c0d1000 nmethod 4818 0x00007f07650cbe90 code [0x00007f07650cc100, 0x00007f07650cccc0]
Event: 20699.588 Thread 0x00007f077c0d1000 4819       3       com.google.common.collect.ImmutableSet$RegularSetBuilderImpl::ensureTableCapacity (62 bytes)
Event: 20699.589 Thread 0x00007f077c0d1000 nmethod 4819 0x00007f07651dc710 code [0x00007f07651dc900, 0x00007f07651dcc30]
Event: 20709.920 Thread 0x00007f077c0cf000 4820       4       java.util.AbstractList::iterator (9 bytes)
Event: 20709.922 Thread 0x00007f077c0cf000 nmethod 4820 0x00007f076c516010 code [0x00007f076c516180, 0x00007f076c516258]
Event: 20730.729 Thread 0x00007f077c0cf000 4821       4       java.util.Collections$EmptyList::toArray (5 bytes)
Event: 20730.730 Thread 0x00007f077c0cf000 nmethod 4821 0x00007f076c516310 code [0x00007f076c516480, 0x00007f076c516538]
Event: 20788.284 Thread 0x00007f077c0cf000 4822       4       com.google.common.collect.ImmutableSet::copyOf (76 bytes)
Event: 20788.366 Thread 0x00007f077c0cf000 nmethod 4822 0x00007f076c516610 code [0x00007f076c5168a0, 0x00007f076c518398]
Event: 20788.366 Thread 0x00007f077c0cf000 4823       4       com.google.common.collect.ImmutableSet::construct (93 bytes)
Event: 20788.445 Thread 0x00007f077c0cf000 nmethod 4823 0x00007f076c519310 code [0x00007f076c519560, 0x00007f076c51ac18]

GC Heap History (20 events):
Event: 25235.898 GC heap after
{Heap after GC invocations=32972 (full 4):
 def new generation   total 2888192K, used 2903K [0x00007ef764600000, 0x00007ef8283e0000, 0x00007efcb9b50000)
  eden space 2567296K,   0% used [0x00007ef764600000, 0x00007ef764600000, 0x00007ef801120000)
  from space 320896K,   0% used [0x00007ef814a80000, 0x00007ef814d55fc8, 0x00007ef8283e0000)
  to   space 320896K,   0% used [0x00007ef801120000, 0x00007ef801120000, 0x00007ef814a80000)
 tenured generation   total 6418136K, used 6416498K [0x00007efcb9b50000, 0x00007efe41706000, 0x00007f0764600000)
   the space 6418136K,  99% used [0x00007efcb9b50000, 0x00007efe4156cb70, 0x00007efe4156cc00, 0x00007efe41706000)
 Metaspace       used 25062K, capacity 25486K, committed 25600K, reserved 26624K
}
Event: 25237.478 GC heap before
{Heap before GC invocations=32972 (full 4):
 def new generation   total 2888192K, used 2570199K [0x00007ef764600000, 0x00007ef8283e0000, 0x00007efcb9b50000)
  eden space 2567296K, 100% used [0x00007ef764600000, 0x00007ef801120000, 0x00007ef801120000)
  from space 320896K,   0% used [0x00007ef814a80000, 0x00007ef814d55fc8, 0x00007ef8283e0000)
  to   space 320896K,   0% used [0x00007ef801120000, 0x00007ef801120000, 0x00007ef814a80000)
 tenured generation   total 6418136K, used 6416498K [0x00007efcb9b50000, 0x00007efe41706000, 0x00007f0764600000)
   the space 6418136K,  99% used [0x00007efcb9b50000, 0x00007efe4156cb70, 0x00007efe4156cc00, 0x00007efe41706000)
 Metaspace       used 25062K, capacity 25486K, committed 25600K, reserved 26624K
}
Event: 25237.485 GC heap after
{Heap after GC invocations=32973 (full 4):
 def new generation   total 2888192K, used 2891K [0x00007ef764600000, 0x00007ef8283e0000, 0x00007efcb9b50000)
  eden space 2567296K,   0% used [0x00007ef764600000, 0x00007ef764600000, 0x00007ef801120000)
  from space 320896K,   0% used [0x00007ef801120000, 0x00007ef8013f2d40, 0x00007ef814a80000)
  to   space 320896K,   0% used [0x00007ef814a80000, 0x00007ef814a80000, 0x00007ef8283e0000)
 tenured generation   total 6418136K, used 6416685K [0x00007efcb9b50000, 0x00007efe41706000, 0x00007f0764600000)
   the space 6418136K,  99% used [0x00007efcb9b50000, 0x00007efe4159b678, 0x00007efe4159b800, 0x00007efe41706000)
 Metaspace       used 25062K, capacity 25486K, committed 25600K, reserved 26624K
}
Event: 25239.066 GC heap before
{Heap before GC invocations=32973 (full 4):
 def new generation   total 2888192K, used 2570187K [0x00007ef764600000, 0x00007ef8283e0000, 0x00007efcb9b50000)
  eden space 2567296K, 100% used [0x00007ef764600000, 0x00007ef801120000, 0x00007ef801120000)
  from space 320896K,   0% used [0x00007ef801120000, 0x00007ef8013f2d40, 0x00007ef814a80000)
  to   space 320896K,   0% used [0x00007ef814a80000, 0x00007ef814a80000, 0x00007ef8283e0000)
 tenured generation   total 6418136K, used 6416685K [0x00007efcb9b50000, 0x00007efe41706000, 0x00007f0764600000)
   the space 6418136K,  99% used [0x00007efcb9b50000, 0x00007efe4159b678, 0x00007efe4159b800, 0x00007efe41706000)
 Metaspace       used 25062K, capacity 25486K, committed 25600K, reserved 26624K
}
Event: 25239.073 GC heap after
{Heap after GC invocations=32974 (full 4):
 def new generation   total 2888192K, used 2819K [0x00007ef764600000, 0x00007ef8283e0000, 0x00007efcb9b50000)
  eden space 2567296K,   0% used [0x00007ef764600000, 0x00007ef764600000, 0x00007ef801120000)
  from space 320896K,   0% used [0x00007ef814a80000, 0x00007ef814d40e20, 0x00007ef8283e0000)
  to   space 320896K,   0% used [0x00007ef801120000, 0x00007ef801120000, 0x00007ef814a80000)
 tenured generation   total 6418136K, used 6416872K [0x00007efcb9b50000, 0x00007efe41706000, 0x00007f0764600000)
   the space 6418136K,  99% used [0x00007efcb9b50000, 0x00007efe415ca180, 0x00007efe415ca200, 0x00007efe41706000)
 Metaspace       used 25062K, capacity 25486K, committed 25600K, reserved 26624K
}
Event: 25240.628 GC heap before
{Heap before GC invocations=32974 (full 4):
 def new generation   total 2888192K, used 2570115K [0x00007ef764600000, 0x00007ef8283e0000, 0x00007efcb9b50000)
  eden space 2567296K, 100% used [0x00007ef764600000, 0x00007ef801120000, 0x00007ef801120000)
  from space 320896K,   0% used [0x00007ef814a80000, 0x00007ef814d40e20, 0x00007ef8283e0000)
  to   space 320896K,   0% used [0x00007ef801120000, 0x00007ef801120000, 0x00007ef814a80000)
 tenured generation   total 6418136K, used 6416872K [0x00007efcb9b50000, 0x00007efe41706000, 0x00007f0764600000)
   the space 6418136K,  99% used [0x00007efcb9b50000, 0x00007efe415ca180, 0x00007efe415ca200, 0x00007efe41706000)
 Metaspace       used 25062K, capacity 25486K, committed 25600K, reserved 26624K
}
Event: 25240.634 GC heap after
{Heap after GC invocations=32975 (full 4):
 def new generation   total 2888192K, used 2791K [0x00007ef764600000, 0x00007ef8283e0000, 0x00007efcb9b50000)
  eden space 2567296K,   0% used [0x00007ef764600000, 0x00007ef764600000, 0x00007ef801120000)
  from space 320896K,   0% used [0x00007ef801120000, 0x00007ef8013d9da0, 0x00007ef814a80000)
  to   space 320896K,   0% used [0x00007ef814a80000, 0x00007ef814a80000, 0x00007ef8283e0000)
 tenured generation   total 6418136K, used 6417032K [0x00007efcb9b50000, 0x00007efe41706000, 0x00007f0764600000)
   the space 6418136K,  99% used [0x00007efcb9b50000, 0x00007efe415f21d0, 0x00007efe415f2200, 0x00007efe41706000)
 Metaspace       used 25062K, capacity 25486K, committed 25600K, reserved 26624K
}
Event: 25242.213 GC heap before
{Heap before GC invocations=32975 (full 4):
 def new generation   total 2888192K, used 2570087K [0x00007ef764600000, 0x00007ef8283e0000, 0x00007efcb9b50000)
  eden space 2567296K, 100% used [0x00007ef764600000, 0x00007ef801120000, 0x00007ef801120000)
  from space 320896K,   0% used [0x00007ef801120000, 0x00007ef8013d9da0, 0x00007ef814a80000)
  to   space 320896K,   0% used [0x00007ef814a80000, 0x00007ef814a80000, 0x00007ef8283e0000)
 tenured generation   total 6418136K, used 6417032K [0x00007efcb9b50000, 0x00007efe41706000, 0x00007f0764600000)
   the space 6418136K,  99% used [0x00007efcb9b50000, 0x00007efe415f21d0, 0x00007efe415f2200, 0x00007efe41706000)
 Metaspace       used 25062K, capacity 25486K, committed 25600K, reserved 26624K
}
Event: 25242.221 GC heap after
{Heap after GC invocations=32976 (full 4):
 def new generation   total 2888192K, used 2967K [0x00007ef764600000, 0x00007ef8283e0000, 0x00007efcb9b50000)
  eden space 2567296K,   0% used [0x00007ef764600000, 0x00007ef764600000, 0x00007ef801120000)
  from space 320896K,   0% used [0x00007ef814a80000, 0x00007ef814d65d90, 0x00007ef8283e0000)
  to   space 320896K,   0% used [0x00007ef801120000, 0x00007ef801120000, 0x00007ef814a80000)
 tenured generation   total 6418136K, used 6417219K [0x00007efcb9b50000, 0x00007efe41706000, 0x00007f0764600000)
   the space 6418136K,  99% used [0x00007efcb9b50000, 0x00007efe41620cd8, 0x00007efe41620e00, 0x00007efe41706000)
 Metaspace       used 25062K, capacity 25486K, committed 25600K, reserved 26624K
}
Event: 25243.789 GC heap before
{Heap before GC invocations=32976 (full 4):
 def new generation   total 2888192K, used 2570263K [0x00007ef764600000, 0x00007ef8283e0000, 0x00007efcb9b50000)
  eden space 2567296K, 100% used [0x00007ef764600000, 0x00007ef801120000, 0x00007ef801120000)
  from space 320896K,   0% used [0x00007ef814a80000, 0x00007ef814d65d90, 0x00007ef8283e0000)
  to   space 320896K,   0% used [0x00007ef801120000, 0x00007ef801120000, 0x00007ef814a80000)
 tenured generation   total 6418136K, used 6417219K [0x00007efcb9b50000, 0x00007efe41706000, 0x00007f0764600000)
   the space 6418136K,  99% used [0x00007efcb9b50000, 0x00007efe41620cd8, 0x00007efe41620e00, 0x00007efe41706000)
 Metaspace       used 25062K, capacity 25486K, committed 25600K, reserved 26624K
}
Event: 25243.796 GC heap after
{Heap after GC invocations=32977 (full 4):
 def new generation   total 2888192K, used 2913K [0x00007ef764600000, 0x00007ef8283e0000, 0x00007efcb9b50000)
  eden space 2567296K,   0% used [0x00007ef764600000, 0x00007ef764600000, 0x00007ef801120000)
  from space 320896K,   0% used [0x00007ef801120000, 0x00007ef8013f8460, 0x00007ef814a80000)
  to   space 320896K,   0% used [0x00007ef814a80000, 0x00007ef814a80000, 0x00007ef8283e0000)
 tenured generation   total 6418136K, used 6417405K [0x00007efcb9b50000, 0x00007efe41706000, 0x00007f0764600000)
   the space 6418136K,  99% used [0x00007efcb9b50000, 0x00007efe4164f7e0, 0x00007efe4164f800, 0x00007efe41706000)
 Metaspace       used 25062K, capacity 25486K, committed 25600K, reserved 26624K
}
Event: 25245.362 GC heap before
{Heap before GC invocations=32977 (full 4):
 def new generation   total 2888192K, used 2570209K [0x00007ef764600000, 0x00007ef8283e0000, 0x00007efcb9b50000)
  eden space 2567296K, 100% used [0x00007ef764600000, 0x00007ef801120000, 0x00007ef801120000)
  from space 320896K,   0% used [0x00007ef801120000, 0x00007ef8013f8460, 0x00007ef814a80000)
  to   space 320896K,   0% used [0x00007ef814a80000, 0x00007ef814a80000, 0x00007ef8283e0000)
 tenured generation   total 6418136K, used 6417405K [0x00007efcb9b50000, 0x00007efe41706000, 0x00007f0764600000)
   the space 6418136K,  99% used [0x00007efcb9b50000, 0x00007efe4164f7e0, 0x00007efe4164f800, 0x00007efe41706000)
 Metaspace       used 25062K, capacity 25486K, committed 25600K, reserved 26624K
}
Event: 25245.372 GC heap after
{Heap after GC invocations=32978 (full 4):
 def new generation   total 2888192K, used 2866K [0x00007ef764600000, 0x00007ef8283e0000, 0x00007efcb9b50000)
  eden space 2567296K,   0% used [0x00007ef764600000, 0x00007ef764600000, 0x00007ef801120000)
  from space 320896K,   0% used [0x00007ef814a80000, 0x00007ef814d4cb28, 0x00007ef8283e0000)
  to   space 320896K,   0% used [0x00007ef801120000, 0x00007ef801120000, 0x00007ef814a80000)
 tenured generation   total 6418136K, used 6417592K [0x00007efcb9b50000, 0x00007efe41706000, 0x00007f0764600000)
   the space 6418136K,  99% used [0x00007efcb9b50000, 0x00007efe4167e2e8, 0x00007efe4167e400, 0x00007efe41706000)
 Metaspace       used 25062K, capacity 25486K, committed 25600K, reserved 26624K
}
Event: 25246.931 GC heap before
{Heap before GC invocations=32978 (full 4):
 def new generation   total 2888192K, used 2570162K [0x00007ef764600000, 0x00007ef8283e0000, 0x00007efcb9b50000)
  eden space 2567296K, 100% used [0x00007ef764600000, 0x00007ef801120000, 0x00007ef801120000)
  from space 320896K,   0% used [0x00007ef814a80000, 0x00007ef814d4cb28, 0x00007ef8283e0000)
  to   space 320896K,   0% used [0x00007ef801120000, 0x00007ef801120000, 0x00007ef814a80000)
 tenured generation   total 6418136K, used 6417592K [0x00007efcb9b50000, 0x00007efe41706000, 0x00007f0764600000)
   the space 6418136K,  99% used [0x00007efcb9b50000, 0x00007efe4167e2e8, 0x00007efe4167e400, 0x00007efe41706000)
 Metaspace       used 25062K, capacity 25486K, committed 25600K, reserved 26624K
}
Event: 25246.937 GC heap after
{Heap after GC invocations=32979 (full 4):
 def new generation   total 2888192K, used 2852K [0x00007ef764600000, 0x00007ef8283e0000, 0x00007efcb9b50000)
  eden space 2567296K,   0% used [0x00007ef764600000, 0x00007ef764600000, 0x00007ef801120000)
  from space 320896K,   0% used [0x00007ef801120000, 0x00007ef8013e9308, 0x00007ef814a80000)
  to   space 320896K,   0% used [0x00007ef814a80000, 0x00007ef814a80000, 0x00007ef8283e0000)
 tenured generation   total 6418136K, used 6417779K [0x00007efcb9b50000, 0x00007efe41706000, 0x00007f0764600000)
   the space 6418136K,  99% used [0x00007efcb9b50000, 0x00007efe416acdf0, 0x00007efe416ace00, 0x00007efe41706000)
 Metaspace       used 25062K, capacity 25486K, committed 25600K, reserved 26624K
}
Event: 25248.493 GC heap before
{Heap before GC invocations=32979 (full 4):
 def new generation   total 2888192K, used 2570148K [0x00007ef764600000, 0x00007ef8283e0000, 0x00007efcb9b50000)
  eden space 2567296K, 100% used [0x00007ef764600000, 0x00007ef801120000, 0x00007ef801120000)
  from space 320896K,   0% used [0x00007ef801120000, 0x00007ef8013e9308, 0x00007ef814a80000)
  to   space 320896K,   0% used [0x00007ef814a80000, 0x00007ef814a80000, 0x00007ef8283e0000)
 tenured generation   total 6418136K, used 6417779K [0x00007efcb9b50000, 0x00007efe41706000, 0x00007f0764600000)
   the space 6418136K,  99% used [0x00007efcb9b50000, 0x00007efe416acdf0, 0x00007efe416ace00, 0x00007efe41706000)
 Metaspace       used 25062K, capacity 25486K, committed 25600K, reserved 26624K
}
Event: 25248.500 GC heap after
{Heap after GC invocations=32980 (full 4):
 def new generation   total 2888192K, used 2831K [0x00007ef764600000, 0x00007ef8283e0000, 0x00007efcb9b50000)
  eden space 2567296K,   0% used [0x00007ef764600000, 0x00007ef764600000, 0x00007ef801120000)
  from space 320896K,   0% used [0x00007ef814a80000, 0x00007ef814d43cb8, 0x00007ef8283e0000)
  to   space 320896K,   0% used [0x00007ef801120000, 0x00007ef801120000, 0x00007ef814a80000)
 tenured generation   total 6418136K, used 6417939K [0x00007efcb9b50000, 0x00007efe41706000, 0x00007f0764600000)
   the space 6418136K,  99% used [0x00007efcb9b50000, 0x00007efe416d4e40, 0x00007efe416d5000, 0x00007efe41706000)
 Metaspace       used 25062K, capacity 25486K, committed 25600K, reserved 26624K
}
Event: 25250.098 GC heap before
{Heap before GC invocations=32980 (full 4):
 def new generation   total 2888192K, used 2570127K [0x00007ef764600000, 0x00007ef8283e0000, 0x00007efcb9b50000)
  eden space 2567296K, 100% used [0x00007ef764600000, 0x00007ef801120000, 0x00007ef801120000)
  from space 320896K,   0% used [0x00007ef814a80000, 0x00007ef814d43cb8, 0x00007ef8283e0000)
  to   space 320896K,   0% used [0x00007ef801120000, 0x00007ef801120000, 0x00007ef814a80000)
 tenured generation   total 6418136K, used 6417939K [0x00007efcb9b50000, 0x00007efe41706000, 0x00007f0764600000)
   the space 6418136K,  99% used [0x00007efcb9b50000, 0x00007efe416d4e40, 0x00007efe416d5000, 0x00007efe41706000)
 Metaspace       used 25062K, capacity 25486K, committed 25600K, reserved 26624K
}
Event: 25250.106 GC heap after
{Heap after GC invocations=32981 (full 4):
 def new generation   total 2888192K, used 2988K [0x00007ef764600000, 0x00007ef8283e0000, 0x00007efcb9b50000)
  eden space 2567296K,   0% used [0x00007ef764600000, 0x00007ef764600000, 0x00007ef801120000)
  from space 320896K,   0% used [0x00007ef801120000, 0x00007ef80140b188, 0x00007ef814a80000)
  to   space 320896K,   0% used [0x00007ef814a80000, 0x00007ef814a80000, 0x00007ef8283e0000)
 tenured generation   total 6418136K, used 6418126K [0x00007efcb9b50000, 0x00007efe41706000, 0x00007f0764600000)
   the space 6418136K,  99% used [0x00007efcb9b50000, 0x00007efe41703948, 0x00007efe41703a00, 0x00007efe41706000)
 Metaspace       used 25062K, capacity 25486K, committed 25600K, reserved 26624K
}
Event: 25250.106 GC heap before
{Heap before GC invocations=32981 (full 4):
 def new generation   total 2888192K, used 2988K [0x00007ef764600000, 0x00007ef8283e0000, 0x00007efcb9b50000)
  eden space 2567296K,   0% used [0x00007ef764600000, 0x00007ef764600000, 0x00007ef801120000)
  from space 320896K,   0% used [0x00007ef801120000, 0x00007ef80140b188, 0x00007ef814a80000)
  to   space 320896K,   0% used [0x00007ef814a80000, 0x00007ef814a80000, 0x00007ef8283e0000)
 tenured generation   total 6418136K, used 6418126K [0x00007efcb9b50000, 0x00007efe41706000, 0x00007f0764600000)
   the space 6418136K,  99% used [0x00007efcb9b50000, 0x00007efe41703948, 0x00007efe41703a00, 0x00007efe41706000)
 Metaspace       used 25062K, capacity 25486K, committed 25600K, reserved 26624K
}

Deoptimization events (20 events):
Event: 20696.639 Thread 0x00007f077c018000 Uncommon trap: trap_request=0xffffff45 fr.pc=0x00007f076c4c1e4c relative=0x000000000000004c
Event: 20696.639 Thread 0x00007f077c018000 Uncommon trap: reason=unstable_if action=reinterpret pc=0x00007f076c4c1e4c method=com.google.common.collect.ImmutableSet$RegularSetBuilderImpl.ensureTableCapacity(I)V @ 5 c2
Event: 20696.639 Thread 0x00007f077c018000 DEOPT PACKING pc=0x00007f076c4c1e4c sp=0x00007f0781a6e850
Event: 20696.639 Thread 0x00007f077c018000 DEOPT UNPACKING pc=0x00007f07647d2e25 sp=0x00007f0781a6e800 mode 2
Event: 20696.640 Thread 0x00007f077c018000 Uncommon trap: trap_request=0xffffff66 fr.pc=0x00007f076c349744 relative=0x0000000000000404
Event: 20696.640 Thread 0x00007f077c018000 Uncommon trap: reason=speculate_class_check action=maybe_recompile pc=0x00007f076c349744 method=java.util.stream.SpinedBuffer$OfPrimitive.asPrimitiveArray()Ljava/lang/Object; @ 33 c2
Event: 20696.640 Thread 0x00007f077c018000 DEOPT PACKING pc=0x00007f076c349744 sp=0x00007f0781a6e9b0
Event: 20696.640 Thread 0x00007f077c018000 DEOPT UNPACKING pc=0x00007f07647d2e25 sp=0x00007f0781a6e978 mode 2
Event: 20696.663 Thread 0x00007f077c018000 Uncommon trap: trap_request=0xffffff45 fr.pc=0x00007f076c4d6d3c relative=0x00000000000004fc
Event: 20696.663 Thread 0x00007f077c018000 Uncommon trap: reason=unstable_if action=reinterpret pc=0x00007f076c4d6d3c method=java.util.HashMap.removeNode(ILjava/lang/Object;Ljava/lang/Object;ZZ)Ljava/util/HashMap$Node; @ 146 c2
Event: 20696.663 Thread 0x00007f077c018000 DEOPT PACKING pc=0x00007f076c4d6d3c sp=0x00007f0781a6e820
Event: 20696.663 Thread 0x00007f077c018000 DEOPT UNPACKING pc=0x00007f07647d2e25 sp=0x00007f0781a6e730 mode 2
Event: 20697.091 Thread 0x00007f077c018000 DEOPT PACKING pc=0x00007f07650d850e sp=0x00007f0781a6e570
Event: 20697.091 Thread 0x00007f077c018000 DEOPT UNPACKING pc=0x00007f07647d333a sp=0x00007f0781a6daa8 mode 0
Event: 20697.103 Thread 0x00007f077c018000 DEOPT PACKING pc=0x00007f076541d216 sp=0x00007f0781a6e490
Event: 20697.103 Thread 0x00007f077c018000 DEOPT UNPACKING pc=0x00007f07647d333a sp=0x00007f0781a6d9c8 mode 0
Event: 20697.286 Thread 0x00007f077c018000 DEOPT PACKING pc=0x00007f07650d850e sp=0x00007f0781a6e570
Event: 20697.286 Thread 0x00007f077c018000 DEOPT UNPACKING pc=0x00007f07647d333a sp=0x00007f0781a6daa8 mode 0
Event: 20697.464 Thread 0x00007f077c018000 DEOPT PACKING pc=0x00007f07650d850e sp=0x00007f0781a6e570
Event: 20697.464 Thread 0x00007f077c018000 DEOPT UNPACKING pc=0x00007f07647d333a sp=0x00007f0781a6daa8 mode 0

Classes unloaded (0 events):
No events

Classes redefined (0 events):
No events

Internal exceptions (20 events):
Event: 3.775 Thread 0x00007f077c018000 Exception <a 'java/lang/ArrayIndexOutOfBoundsException'{0x00007ef76b44f490}> (0x00007ef76b44f490) 
thrown [src/hotspot/share/runtime/sharedRuntime.cpp, line 585]
Event: 3.858 Thread 0x00007f077c018000 Exception <a 'java/lang/ArrayIndexOutOfBoundsException'{0x00007ef76cbd2f20}> (0x00007ef76cbd2f20) 
thrown [src/hotspot/share/runtime/sharedRuntime.cpp, line 585]
Event: 3.859 Thread 0x00007f077c018000 Exception <a 'java/lang/ArrayIndexOutOfBoundsException'{0x00007ef76cc6b288}> (0x00007ef76cc6b288) 
thrown [src/hotspot/share/runtime/sharedRuntime.cpp, line 585]
Event: 3.913 Thread 0x00007f077c018000 Exception <a 'java/lang/ArrayIndexOutOfBoundsException'{0x00007ef76dd1a9f0}> (0x00007ef76dd1a9f0) 
thrown [src/hotspot/share/runtime/sharedRuntime.cpp, line 585]
Event: 3.918 Thread 0x00007f077c018000 Exception <a 'java/lang/ArrayIndexOutOfBoundsException'{0x00007ef76e02f1c0}> (0x00007ef76e02f1c0) 
thrown [src/hotspot/share/runtime/sharedRuntime.cpp, line 585]
Event: 3.919 Thread 0x00007f077c018000 Exception <a 'java/lang/ArrayIndexOutOfBoundsException'{0x00007ef76e14d3e8}> (0x00007ef76e14d3e8) 
thrown [src/hotspot/share/runtime/sharedRuntime.cpp, line 585]
Event: 3.939 Thread 0x00007f077c018000 Exception <a 'java/lang/ArrayIndexOutOfBoundsException'{0x00007ef76e8b2710}> (0x00007ef76e8b2710) 
thrown [src/hotspot/share/runtime/sharedRuntime.cpp, line 585]
Event: 3.995 Thread 0x00007f077c018000 Exception <a 'java/lang/NoSuchMethodError'{0x00007ef76ed64498}: 'void java.lang.invoke.DirectMethodHandle$Holder.invokeStatic(java.lang.Object, java.lang.Object, int)'> (0x00007ef76ed64498) 
thrown [src/hotspot/share/interpreter/linkResolver.cpp, line 766]
Event: 4.122 Thread 0x00007f077c018000 Exception <a 'java/lang/NoSuchMethodError'{0x00007ef770e4a898}: 'java.lang.Object java.lang.invoke.DirectMethodHandle$Holder.invokeStatic(java.lang.Object, java.lang.Object, java.lang.Object, java.lang.Object, java.lang.Object, java.lang.Object, java.lang.Object, java.lang.Object, java.lang.Object, java.lang.Object, java.lang.Object, java.lang.Object, java.lang.Object, java.lang.Object, java.lang.Object)'> (0x00007ef770e4a898) 
thrown [src/hotspot/share/interpreter/linkResolver.cpp, line 766]
Event: 4.124 Thread 0x00007f077c018000 Exception <a 'java/lang/NoSuchMethodError'{0x00007ef770e5b498}: 'java.lang.Object java.lang.invoke.DirectMethodHandle$Holder.invokeStatic(java.lang.Object, java.lang.Object, java.lang.Object, java.lang.Object, java.lang.Object, java.lang.Object, java.lang.Object, java.lang.Object, java.lang.Object, java.lang.Object, java.lang.Object, java.lang.Object, java.lang.Object, java.lang.Object, java.lang.Object, java.lang.Object)'> (0x00007ef770e5b498) 
thrown [src/hotspot/share/interpreter/linkResolver.cpp, line 
Event: 4.127 Thread 0x00007f077c018000 Exception <a 'java/lang/NoSuchMethodError'{0x00007ef770e6c250}: 'java.lang.Object java.lang.invoke.DirectMethodHandle$Holder.invokeSpecial(java.lang.Object, java.lang.Object, long, java.lang.Object, int, java.lang.Object, int, int, int)'> (0x00007ef770e6c250) 
thrown [src/hotspot/share/interpreter/linkResolver.cpp, line 766]
Event: 4.127 Thread 0x00007f077c018000 Exception <a 'java/lang/NoSuchMethodError'{0x00007ef770e70448}: 'java.lang.Object java.lang.invoke.DelegatingMethodHandle$Holder.reinvoke_L(java.lang.Object, long, java.lang.Object, int, java.lang.Object, int, int, int)'> (0x00007ef770e70448) 
thrown [src/hotspot/share/interpreter/linkResolver.cpp, line 766]
Event: 4.135 Thread 0x00007f077c018000 Exception <a 'java/lang/NoSuchMethodError'{0x00007ef770e9b7d0}: 'java.lang.Object java.lang.invoke.DirectMethodHandle$Holder.invokeStatic(java.lang.Object, int, java.lang.Object, java.lang.Object)'> (0x00007ef770e9b7d0) 
thrown [src/hotspot/share/interpreter/linkResolver.cpp, line 766]
Event: 4.135 Thread 0x00007f077c018000 Exception <a 'java/lang/NoSuchMethodError'{0x00007ef770ea3b10}: 'java.lang.Object java.lang.invoke.DirectMethodHandle$Holder.invokeStatic(java.lang.Object, int, java.lang.Object)'> (0x00007ef770ea3b10) 
thrown [src/hotspot/share/interpreter/linkResolver.cpp, line 766]
Event: 4.980 Thread 0x00007f077c018000 Exception <a 'java/lang/NoSuchMethodError'{0x00007ef769749c90}: 'void java.lang.invoke.DirectMethodHandle$Holder.invokeInterface(java.lang.Object, java.lang.Object, int)'> (0x00007ef769749c90) 
thrown [src/hotspot/share/interpreter/linkResolver.cpp, line 766]
Event: 4.981 Thread 0x00007f077c018000 Exception <a 'java/lang/IncompatibleClassChangeError'{0x00007ef76974d758}: Found class java.lang.Object, but interface was expected> (0x00007ef76974d758) 
thrown [src/hotspot/share/interpreter/linkResolver.cpp, line 833]
Event: 6.425 Thread 0x00007f077c018000 Implicit null exception at 0x00007f076c384e6b to 0x00007f076c38723c
Event: 7.083 Thread 0x00007f077c018000 Implicit null exception at 0x00007f076c3aa860 to 0x00007f076c3ac5c4
Event: 20695.749 Thread 0x00007f077c018000 Exception <a 'java/lang/NoSuchMethodError'{0x00007ef7e0421768}: 'java.lang.Object java.lang.invoke.DirectMethodHandle$Holder.invokeStatic(java.lang.Object, int, int, int, int)'> (0x00007ef7e0421768) 
thrown [src/hotspot/share/interpreter/linkResolver.cpp, line 766]
Event: 20695.754 Thread 0x00007f077c018000 Implicit null exception at 0x00007f076c4681cd to 0x00007f076c46a69c

Events (20 events):
Event: 25234.336 Executing VM operation: GenCollectForAllocation done
Event: 25235.890 Executing VM operation: GenCollectForAllocation
Event: 25235.898 Executing VM operation: GenCollectForAllocation done
Event: 25237.477 Executing VM operation: GenCollectForAllocation
Event: 25237.485 Executing VM operation: GenCollectForAllocation done
Event: 25239.066 Executing VM operation: GenCollectForAllocation
Event: 25239.073 Executing VM operation: GenCollectForAllocation done
Event: 25240.628 Executing VM operation: GenCollectForAllocation
Event: 25240.634 Executing VM operation: GenCollectForAllocation done
Event: 25242.213 Executing VM operation: GenCollectForAllocation
Event: 25242.221 Executing VM operation: GenCollectForAllocation done
Event: 25243.788 Executing VM operation: GenCollectForAllocation
Event: 25243.796 Executing VM operation: GenCollectForAllocation done
Event: 25245.362 Executing VM operation: GenCollectForAllocation
Event: 25245.372 Executing VM operation: GenCollectForAllocation done
Event: 25246.930 Executing VM operation: GenCollectForAllocation
Event: 25246.937 Executing VM operation: GenCollectForAllocation done
Event: 25248.493 Executing VM operation: GenCollectForAllocation
Event: 25248.500 Executing VM operation: GenCollectForAllocation done
Event: 25250.098 Executing VM operation: GenCollectForAllocation


Dynamic libraries:
5575aad15000-5575aad16000 r--p 00000000 07:0e 4860                       /usr/lib/jvm/java-13-openjdk-amd64/bin/java
5575aad16000-5575aad17000 r-xp 00001000 07:0e 4860                       /usr/lib/jvm/java-13-openjdk-amd64/bin/java
5575aad17000-5575aad18000 r--p 00002000 07:0e 4860                       /usr/lib/jvm/java-13-openjdk-amd64/bin/java
5575aad18000-5575aad19000 r--p 00002000 07:0e 4860                       /usr/lib/jvm/java-13-openjdk-amd64/bin/java
5575aad19000-5575aad1a000 rw-p 00003000 07:0e 4860                       /usr/lib/jvm/java-13-openjdk-amd64/bin/java
5575ab289000-5575ab2aa000 rw-p 00000000 00:00 0                          [heap]
7ef728000000-7ef728021000 rw-p 00000000 00:00 0 
7ef728021000-7ef72c000000 ---p 00000000 00:00 0 
7ef730000000-7ef730021000 rw-p 00000000 00:00 0 
7ef730021000-7ef734000000 ---p 00000000 00:00 0 
7ef734000000-7ef734021000 rw-p 00000000 00:00 0 
7ef734021000-7ef738000000 ---p 00000000 00:00 0 
7ef738000000-7ef739c5c000 rw-p 00000000 00:00 0 
7ef739c5c000-7ef73c000000 ---p 00000000 00:00 0 
7ef73c000000-7ef73cc3e000 rw-p 00000000 00:00 0 
7ef73cc3e000-7ef740000000 ---p 00000000 00:00 0 
7ef740000000-7ef740021000 rw-p 00000000 00:00 0 
7ef740021000-7ef744000000 ---p 00000000 00:00 0 
7ef744000000-7ef744021000 rw-p 00000000 00:00 0 
7ef744021000-7ef748000000 ---p 00000000 00:00 0 
7ef748000000-7ef748021000 rw-p 00000000 00:00 0 
7ef748021000-7ef74c000000 ---p 00000000 00:00 0 
7ef74c000000-7ef74c021000 rw-p 00000000 00:00 0 
7ef74c021000-7ef750000000 ---p 00000000 00:00 0 
7ef750000000-7ef7500ab000 rw-p 00000000 00:00 0 
7ef7500ab000-7ef754000000 ---p 00000000 00:00 0 
7ef755f09000-7ef756009000 rw-p 00000000 00:00 0 
7ef756009000-7ef756109000 ---p 00000000 00:00 0 
7ef756109000-7ef756309000 rw-p 00000000 00:00 0 
7ef756309000-7ef756509000 rw-p 00000000 00:00 0 
7ef756509000-7ef756709000 rw-p 00000000 00:00 0 
7ef756709000-7ef756909000 rw-p 00000000 00:00 0 
7ef756909000-7ef756ca9000 rw-p 00000000 00:00 0 
7ef756ca9000-7ef756ea9000 rw-p 00000000 00:00 0 
7ef756ea9000-7ef757ce7000 rw-p 00000000 00:00 0 
7ef757ce7000-7ef75c5ff000 ---p 00000000 00:00 0 
7ef75c5ff000-7ef75cc1e000 rw-p 00000000 00:00 0 
7ef75cc1e000-7ef75f0a9000 ---p 00000000 00:00 0 
7ef75f0a9000-7ef75fce8000 rw-p 00000000 00:00 0 
7ef75fce8000-7ef7645ff000 ---p 00000000 00:00 0 
7ef7645ff000-7ef8283e0000 rw-p 00000000 00:00 0 
7ef8283e0000-7efcb9b50000 ---p 00000000 00:00 0 
7efcb9b50000-7efe41706000 rw-p 00000000 00:00 0 
7eff46980000-7f0764600000 ---p 00000000 00:00 0 
7f076478a000-7f07649fa000 rwxp 00000000 00:00 0 
7f07649fa000-7f0764d19000 ---p 00000000 00:00 0 
7f0764d19000-7f07654e9000 rwxp 00000000 00:00 0 
7f07654e9000-7f076c251000 ---p 00000000 00:00 0 
7f076c251000-7f076c521000 rwxp 00000000 00:00 0 
7f076c521000-7f077378a000 ---p 00000000 00:00 0 
7f077378a000-7f077c000000 r--s 00000000 07:0e 5215                       /usr/lib/jvm/java-13-openjdk-amd64/lib/modules
7f077c000000-7f077c6d3000 rw-p 00000000 00:00 0 
7f077c6d3000-7f0780000000 ---p 00000000 00:00 0 
7f078015a000-7f078035a000 rw-p 00000000 00:00 0 
7f078035a000-7f078038b000 rw-p 00000000 00:00 0 
7f078038b000-7f078038f000 r--p 00000000 07:0e 5204                       /usr/lib/jvm/java-13-openjdk-amd64/lib/libnet.so
7f078038f000-7f078039d000 r-xp 00004000 07:0e 5204                       /usr/lib/jvm/java-13-openjdk-amd64/lib/libnet.so
7f078039d000-7f07803a1000 r--p 00012000 07:0e 5204                       /usr/lib/jvm/java-13-openjdk-amd64/lib/libnet.so
7f07803a1000-7f07803a2000 r--p 00015000 07:0e 5204                       /usr/lib/jvm/java-13-openjdk-amd64/lib/libnet.so
7f07803a2000-7f07803a3000 rw-p 00016000 07:0e 5204                       /usr/lib/jvm/java-13-openjdk-amd64/lib/libnet.so
7f07803a3000-7f07803aa000 r--p 00000000 07:0e 5205                       /usr/lib/jvm/java-13-openjdk-amd64/lib/libnio.so
7f07803aa000-7f07803b3000 r-xp 00007000 07:0e 5205                       /usr/lib/jvm/java-13-openjdk-amd64/lib/libnio.so
7f07803b3000-7f07803b7000 r--p 00010000 07:0e 5205                       /usr/lib/jvm/java-13-openjdk-amd64/lib/libnio.so
7f07803b7000-7f07803b8000 r--p 00013000 07:0e 5205                       /usr/lib/jvm/java-13-openjdk-amd64/lib/libnio.so
7f07803b8000-7f07803b9000 rw-p 00014000 07:0e 5205                       /usr/lib/jvm/java-13-openjdk-amd64/lib/libnio.so
7f07803b9000-7f07803ba000 ---p 00000000 00:00 0 
7f07803ba000-7f07804bb000 rw-p 00000000 00:00 0 
7f07804bb000-7f07804bf000 ---p 00000000 00:00 0 
7f07804bf000-7f07805bc000 rw-p 00000000 00:00 0 
7f07805bc000-7f07805c0000 ---p 00000000 00:00 0 
7f07805c0000-7f07806bd000 rw-p 00000000 00:00 0 
7f07806bd000-7f07806c1000 ---p 00000000 00:00 0 
7f07806c1000-7f07807be000 rw-p 00000000 00:00 0 
7f07807be000-7f07807c2000 ---p 00000000 00:00 0 
7f07807c2000-7f07808bf000 rw-p 00000000 00:00 0 
7f07808bf000-7f07808c3000 ---p 00000000 00:00 0 
7f07808c3000-7f07809c0000 rw-p 00000000 00:00 0 
7f07809c0000-7f07809c4000 ---p 00000000 00:00 0 
7f07809c4000-7f0780ac1000 rw-p 00000000 00:00 0 
7f0780ac1000-7f0780ac8000 r--s 00000000 07:0e 8532                       /usr/lib/x86_64-linux-gnu/gconv/gconv-modules.cache
7f0780ac8000-7f0780afa000 r--p 00000000 07:0e 5276                       /usr/lib/locale/C.UTF-8/LC_CTYPE
7f0780afa000-7f0780afe000 ---p 00000000 00:00 0 
7f0780afe000-7f0780bfb000 rw-p 00000000 00:00 0 
7f0780bfb000-7f0780bff000 ---p 00000000 00:00 0 
7f0780bff000-7f0780cfc000 rw-p 00000000 00:00 0 
7f0780cfc000-7f0780cfd000 ---p 00000000 00:00 0 
7f0780cfd000-7f078171b000 rw-p 00000000 00:00 0 
7f078171b000-7f0781721000 rw-p 00000000 00:00 0 
7f0781721000-7f0781806000 ---p 00000000 00:00 0 
7f0781806000-7f0781816000 rw-p 00000000 00:00 0 
7f0781816000-7f07818f1000 ---p 00000000 00:00 0 
7f07818f1000-7f07818f6000 rw-p 00000000 00:00 0 
7f07818f6000-7f07818fd000 ---p 00000000 00:00 0 
7f07818fd000-7f07818ff000 r--p 00000000 07:0e 5214                       /usr/lib/jvm/java-13-openjdk-amd64/lib/libzip.so
7f07818ff000-7f0781903000 r-xp 00002000 07:0e 5214                       /usr/lib/jvm/java-13-openjdk-amd64/lib/libzip.so
7f0781903000-7f0781905000 r--p 00006000 07:0e 5214                       /usr/lib/jvm/java-13-openjdk-amd64/lib/libzip.so
7f0781905000-7f0781906000 r--p 00007000 07:0e 5214                       /usr/lib/jvm/java-13-openjdk-amd64/lib/libzip.so
7f0781906000-7f0781907000 rw-p 00008000 07:0e 5214                       /usr/lib/jvm/java-13-openjdk-amd64/lib/libzip.so
7f0781907000-7f078190f000 rw-s 00000000 08:03 34424209                   /tmp/hsperfdata_rcabanas/40075
7f078190f000-7f0781912000 r--p 00000000 07:0e 9108                       /usr/lib/x86_64-linux-gnu/libnss_files-2.31.so
7f0781912000-7f0781919000 r-xp 00003000 07:0e 9108                       /usr/lib/x86_64-linux-gnu/libnss_files-2.31.so
7f0781919000-7f078191b000 r--p 0000a000 07:0e 9108                       /usr/lib/x86_64-linux-gnu/libnss_files-2.31.so
7f078191b000-7f078191c000 r--p 0000b000 07:0e 9108                       /usr/lib/x86_64-linux-gnu/libnss_files-2.31.so
7f078191c000-7f078191d000 rw-p 0000c000 07:0e 9108                       /usr/lib/x86_64-linux-gnu/libnss_files-2.31.so
7f078191d000-7f0781923000 rw-p 00000000 00:00 0 
7f0781929000-7f078192b000 r--p 00000000 07:0e 5195                       /usr/lib/jvm/java-13-openjdk-amd64/lib/libjimage.so
7f078192b000-7f078192e000 r-xp 00002000 07:0e 5195                       /usr/lib/jvm/java-13-openjdk-amd64/lib/libjimage.so
7f078192e000-7f078192f000 r--p 00005000 07:0e 5195                       /usr/lib/jvm/java-13-openjdk-amd64/lib/libjimage.so
7f078192f000-7f0781930000 ---p 00006000 07:0e 5195                       /usr/lib/jvm/java-13-openjdk-amd64/lib/libjimage.so
7f0781930000-7f0781931000 r--p 00006000 07:0e 5195                       /usr/lib/jvm/java-13-openjdk-amd64/lib/libjimage.so
7f0781931000-7f0781932000 rw-p 00007000 07:0e 5195                       /usr/lib/jvm/java-13-openjdk-amd64/lib/libjimage.so
7f0781932000-7f078193f000 r--p 00000000 07:0e 5191                       /usr/lib/jvm/java-13-openjdk-amd64/lib/libjava.so
7f078193f000-7f0781954000 r-xp 0000d000 07:0e 5191                       /usr/lib/jvm/java-13-openjdk-amd64/lib/libjava.so
7f0781954000-7f078195a000 r--p 00022000 07:0e 5191                       /usr/lib/jvm/java-13-openjdk-amd64/lib/libjava.so
7f078195a000-7f078195b000 ---p 00028000 07:0e 5191                       /usr/lib/jvm/java-13-openjdk-amd64/lib/libjava.so
7f078195b000-7f078195c000 r--p 00028000 07:0e 5191                       /usr/lib/jvm/java-13-openjdk-amd64/lib/libjava.so
7f078195c000-7f078195e000 rw-p 00029000 07:0e 5191                       /usr/lib/jvm/java-13-openjdk-amd64/lib/libjava.so
7f078195e000-7f0781963000 r--p 00000000 07:0e 5213                       /usr/lib/jvm/java-13-openjdk-amd64/lib/libverify.so
7f0781963000-7f078196a000 r-xp 00005000 07:0e 5213                       /usr/lib/jvm/java-13-openjdk-amd64/lib/libverify.so
7f078196a000-7f078196c000 r--p 0000c000 07:0e 5213                       /usr/lib/jvm/java-13-openjdk-amd64/lib/libverify.so
7f078196c000-7f078196d000 ---p 0000e000 07:0e 5213                       /usr/lib/jvm/java-13-openjdk-amd64/lib/libverify.so
7f078196d000-7f078196f000 r--p 0000e000 07:0e 5213                       /usr/lib/jvm/java-13-openjdk-amd64/lib/libverify.so
7f078196f000-7f0781970000 rw-p 00010000 07:0e 5213                       /usr/lib/jvm/java-13-openjdk-amd64/lib/libverify.so
7f0781970000-7f0781974000 ---p 00000000 00:00 0 
7f0781974000-7f0781a71000 rw-p 00000000 00:00 0 
7f0781a71000-7f0781a74000 r--p 00000000 07:0e 8948                       /usr/lib/x86_64-linux-gnu/libgcc_s.so.1
7f0781a74000-7f0781a86000 r-xp 00003000 07:0e 8948                       /usr/lib/x86_64-linux-gnu/libgcc_s.so.1
7f0781a86000-7f0781a8a000 r--p 00015000 07:0e 8948                       /usr/lib/x86_64-linux-gnu/libgcc_s.so.1
7f0781a8a000-7f0781a8b000 r--p 00018000 07:0e 8948                       /usr/lib/x86_64-linux-gnu/libgcc_s.so.1
7f0781a8b000-7f0781a8c000 rw-p 00019000 07:0e 8948                       /usr/lib/x86_64-linux-gnu/libgcc_s.so.1
7f0781a8c000-7f0781a99000 r--p 00000000 07:0e 9062                       /usr/lib/x86_64-linux-gnu/libm-2.31.so
7f0781a99000-7f0781b40000 r-xp 0000d000 07:0e 9062                       /usr/lib/x86_64-linux-gnu/libm-2.31.so
7f0781b40000-7f0781bd9000 r--p 000b4000 07:0e 9062                       /usr/lib/x86_64-linux-gnu/libm-2.31.so
7f0781bd9000-7f0781bda000 r--p 0014c000 07:0e 9062                       /usr/lib/x86_64-linux-gnu/libm-2.31.so
7f0781bda000-7f0781bdb000 rw-p 0014d000 07:0e 9062                       /usr/lib/x86_64-linux-gnu/libm-2.31.so
7f0781bdb000-7f0781c71000 r--p 00000000 07:0e 9213                       /usr/lib/x86_64-linux-gnu/libstdc++.so.6.0.28
7f0781c71000-7f0781d62000 r-xp 00096000 07:0e 9213                       /usr/lib/x86_64-linux-gnu/libstdc++.so.6.0.28
7f0781d62000-7f0781dab000 r--p 00187000 07:0e 9213                       /usr/lib/x86_64-linux-gnu/libstdc++.so.6.0.28
7f0781dab000-7f0781dac000 ---p 001d0000 07:0e 9213                       /usr/lib/x86_64-linux-gnu/libstdc++.so.6.0.28
7f0781dac000-7f0781db7000 r--p 001d0000 07:0e 9213                       /usr/lib/x86_64-linux-gnu/libstdc++.so.6.0.28
7f0781db7000-7f0781dba000 rw-p 001db000 07:0e 9213                       /usr/lib/x86_64-linux-gnu/libstdc++.so.6.0.28
7f0781dba000-7f0781dbd000 rw-p 00000000 00:00 0 
7f0781dbd000-7f0782043000 r--p 00000000 07:0e 5226                       /usr/lib/jvm/java-13-openjdk-amd64/lib/server/libjvm.so
7f0782043000-7f0782dc0000 r-xp 00286000 07:0e 5226                       /usr/lib/jvm/java-13-openjdk-amd64/lib/server/libjvm.so
7f0782dc0000-7f078303b000 r--p 01003000 07:0e 5226                       /usr/lib/jvm/java-13-openjdk-amd64/lib/server/libjvm.so
7f078303b000-7f0783100000 r--p 0127d000 07:0e 5226                       /usr/lib/jvm/java-13-openjdk-amd64/lib/server/libjvm.so
7f0783100000-7f078313b000 rw-p 01342000 07:0e 5226                       /usr/lib/jvm/java-13-openjdk-amd64/lib/server/libjvm.so
7f078313b000-7f07831c1000 rw-p 00000000 00:00 0 
7f07831c1000-7f07831c7000 r--p 00000000 07:0e 9166                       /usr/lib/x86_64-linux-gnu/libpthread-2.31.so
7f07831c7000-7f07831d8000 r-xp 00006000 07:0e 9166                       /usr/lib/x86_64-linux-gnu/libpthread-2.31.so
7f07831d8000-7f07831de000 r--p 00017000 07:0e 9166                       /usr/lib/x86_64-linux-gnu/libpthread-2.31.so
7f07831de000-7f07831df000 r--p 0001c000 07:0e 9166                       /usr/lib/x86_64-linux-gnu/libpthread-2.31.so
7f07831df000-7f07831e0000 rw-p 0001d000 07:0e 9166                       /usr/lib/x86_64-linux-gnu/libpthread-2.31.so
7f07831e0000-7f07831e4000 rw-p 00000000 00:00 0 
7f07831e4000-7f07831e5000 r--p 00000000 07:0e 8893                       /usr/lib/x86_64-linux-gnu/libdl-2.31.so
7f07831e5000-7f07831e7000 r-xp 00001000 07:0e 8893                       /usr/lib/x86_64-linux-gnu/libdl-2.31.so
7f07831e7000-7f07831e8000 r--p 00003000 07:0e 8893                       /usr/lib/x86_64-linux-gnu/libdl-2.31.so
7f07831e8000-7f07831e9000 r--p 00003000 07:0e 8893                       /usr/lib/x86_64-linux-gnu/libdl-2.31.so
7f07831e9000-7f07831ea000 rw-p 00004000 07:0e 8893                       /usr/lib/x86_64-linux-gnu/libdl-2.31.so
7f07831ea000-7f07831ec000 r--p 00000000 07:0e 9290                       /usr/lib/x86_64-linux-gnu/libz.so.1.2.11
7f07831ec000-7f07831fd000 r-xp 00002000 07:0e 9290                       /usr/lib/x86_64-linux-gnu/libz.so.1.2.11
7f07831fd000-7f0783203000 r--p 00013000 07:0e 9290                       /usr/lib/x86_64-linux-gnu/libz.so.1.2.11
7f0783203000-7f0783204000 ---p 00019000 07:0e 9290                       /usr/lib/x86_64-linux-gnu/libz.so.1.2.11
7f0783204000-7f0783205000 r--p 00019000 07:0e 9290                       /usr/lib/x86_64-linux-gnu/libz.so.1.2.11
7f0783205000-7f0783206000 rw-p 0001a000 07:0e 9290                       /usr/lib/x86_64-linux-gnu/libz.so.1.2.11
7f0783206000-7f0783228000 r--p 00000000 07:0e 8851                       /usr/lib/x86_64-linux-gnu/libc-2.31.so
7f0783228000-7f07833a0000 r-xp 00022000 07:0e 8851                       /usr/lib/x86_64-linux-gnu/libc-2.31.so
7f07833a0000-7f07833ee000 r--p 0019a000 07:0e 8851                       /usr/lib/x86_64-linux-gnu/libc-2.31.so
7f07833ee000-7f07833f2000 r--p 001e7000 07:0e 8851                       /usr/lib/x86_64-linux-gnu/libc-2.31.so
7f07833f2000-7f07833f4000 rw-p 001eb000 07:0e 8851                       /usr/lib/x86_64-linux-gnu/libc-2.31.so
7f07833f4000-7f07833f8000 rw-p 00000000 00:00 0 
7f07833fa000-7f07833fc000 r--s 0000c000 07:0e 20930                      /usr/share/java/java-atk-wrapper.jar
7f07833fc000-7f07833fd000 ---p 00000000 00:00 0 
7f07833fd000-7f07833fe000 r--p 00000000 00:00 0 
7f07833fe000-7f0783401000 r--p 00000000 07:0e 5196                       /usr/lib/jvm/java-13-openjdk-amd64/lib/libjli.so
7f0783401000-7f078340b000 r-xp 00003000 07:0e 5196                       /usr/lib/jvm/java-13-openjdk-amd64/lib/libjli.so
7f078340b000-7f078340e000 r--p 0000d000 07:0e 5196                       /usr/lib/jvm/java-13-openjdk-amd64/lib/libjli.so
7f078340e000-7f078340f000 r--p 0000f000 07:0e 5196                       /usr/lib/jvm/java-13-openjdk-amd64/lib/libjli.so
7f078340f000-7f0783410000 rw-p 00010000 07:0e 5196                       /usr/lib/jvm/java-13-openjdk-amd64/lib/libjli.so
7f0783410000-7f0783412000 rw-p 00000000 00:00 0 
7f0783412000-7f0783413000 r--p 00000000 07:0e 8572                       /usr/lib/x86_64-linux-gnu/ld-2.31.so
7f0783413000-7f0783436000 r-xp 00001000 07:0e 8572                       /usr/lib/x86_64-linux-gnu/ld-2.31.so
7f0783436000-7f078343e000 r--p 00024000 07:0e 8572                       /usr/lib/x86_64-linux-gnu/ld-2.31.so
7f078343e000-7f078343f000 ---p 00000000 00:00 0 
7f078343f000-7f0783440000 r--p 0002c000 07:0e 8572                       /usr/lib/x86_64-linux-gnu/ld-2.31.so
7f0783440000-7f0783441000 rw-p 0002d000 07:0e 8572                       /usr/lib/x86_64-linux-gnu/ld-2.31.so
7f0783441000-7f0783442000 rw-p 00000000 00:00 0 
7ffe9375d000-7ffe9377e000 rw-p 00000000 00:00 0                          [stack]
7ffe937b1000-7ffe937b3000 r-xp 00000000 00:00 0                          [vdso]
ffffffffff600000-ffffffffff601000 r-xp 00000000 00:00 0                  [vsyscall]


VM Arguments:
jvm_args: -Xmx64g --add-modules=ALL-DEFAULT 
java_command: jdk.compiler/com.sun.tools.javac.launcher.Main /mnt/beegfs/rcabanas/dev/credici/papers/JoCI/code/LearnMultiStudy.java -w -x 300 -m 500 -sc KL -th 0.0 --seed 0 --output /mnt/beegfs/rcabanas/dev/credici/papers/JoCI/output/synthetic/s1 -nh 1 /mnt/beegfs/rcabanas/dev/credici/papers/JoCI/models/synthetic/s1/random_mc2_n7_mid3_d1000_05_mr098_r10_25.uai
java_class_path (initial): /mnt/beegfs/rcabanas/dev/credici/target/credici-0.1.5-dev-SNAPSHOT-jar-with-dependencies.jar
Launcher Type: SUN_STANDARD

[Global flags]
     intx CICompilerCount                          = 2                                         {product} {ergonomic}
   size_t InitialHeapSize                          = 2147483648                                {product} {ergonomic}
   size_t MaxHeapSize                              = 68719476736                               {product} {command line}
   size_t MaxNewSize                               = 22906470400                               {product} {ergonomic}
   size_t MinHeapDeltaBytes                        = 196608                                    {product} {ergonomic}
   size_t MinHeapSize                              = 8388608                                   {product} {ergonomic}
   size_t NewSize                                  = 715784192                                 {product} {ergonomic}
    uintx NonNMethodCodeHeapSize                   = 5826188                                {pd product} {ergonomic}
    uintx NonProfiledCodeHeapSize                  = 122916026                              {pd product} {ergonomic}
   size_t OldSize                                  = 1431699456                                {product} {ergonomic}
    uintx ProfiledCodeHeapSize                     = 122916026                              {pd product} {ergonomic}
    uintx ReservedCodeCacheSize                    = 251658240                              {pd product} {ergonomic}
     bool SegmentedCodeCache                       = true                                      {product} {ergonomic}
   size_t SoftMaxHeapSize                          = 68719476736                            {manageable} {ergonomic}
     bool UseSerialGC                              = true                                      {product} {ergonomic}

Logging:
Log output configuration:
 #0: stdout all=warning uptime,level,tags
 #1: stderr all=off uptime,level,tags

Environment Variables:
PATH=/usr/local/sbin:/usr/local/bin:/usr/sbin:/usr/bin:/sbin:/bin
LD_LIBRARY_PATH=/.singularity.d/libs

Signal Handlers:
SIGSEGV: [libjvm.so+0xf8fcf0], sa_mask[0]=11111111011111111101111111111110, sa_flags=SA_RESTART|SA_SIGINFO
SIGBUS: [libjvm.so+0xf8fcf0], sa_mask[0]=11111111011111111101111111111110, sa_flags=SA_RESTART|SA_SIGINFO
SIGFPE: [libjvm.so+0xf8fcf0], sa_mask[0]=11111111011111111101111111111110, sa_flags=SA_RESTART|SA_SIGINFO
SIGPIPE: [libjvm.so+0xc3ffa0], sa_mask[0]=11111111011111111101111111111110, sa_flags=SA_RESTART|SA_SIGINFO
SIGXFSZ: [libjvm.so+0xc3ffa0], sa_mask[0]=11111111011111111101111111111110, sa_flags=SA_RESTART|SA_SIGINFO
SIGILL: [libjvm.so+0xf8fcf0], sa_mask[0]=11111111011111111101111111111110, sa_flags=SA_RESTART|SA_SIGINFO
SIGUSR2: [libjvm.so+0xc3fe40], sa_mask[0]=00000000000000000000000000000000, sa_flags=SA_RESTART|SA_SIGINFO
SIGHUP: [libjvm.so+0xc40580], sa_mask[0]=11111111011111111101111111111110, sa_flags=SA_RESTART|SA_SIGINFO
SIGINT: [libjvm.so+0xc40580], sa_mask[0]=11111111011111111101111111111110, sa_flags=SA_RESTART|SA_SIGINFO
SIGTERM: [libjvm.so+0xc40580], sa_mask[0]=11111111011111111101111111111110, sa_flags=SA_RESTART|SA_SIGINFO
SIGQUIT: [libjvm.so+0xc40580], sa_mask[0]=11111111011111111101111111111110, sa_flags=SA_RESTART|SA_SIGINFO


---------------  S Y S T E M  ---------------

OS:DISTRIB_ID=Ubuntu
DISTRIB_RELEASE=20.04
DISTRIB_CODENAME=focal
DISTRIB_DESCRIPTION="Ubuntu 20.04.4 LTS"
uname:Linux 3.10.0-1160.15.2.el7.x86_64 #1 SMP Wed Feb 3 15:06:38 UTC 2021 x86_64
OS uptime: 533 days 4:32 hours
libc:glibc 2.31 NPTL 2.31 
rlimit (soft/hard): STACK 8192k/infinity , CORE 0k/infinity , NPROC 4096/1030220 , NOFILE 131072/131072 , AS infinity/infinity , CPU infinity/infinity , DATA infinity/infinity , FSIZE infinity/infinity , MEMLOCK infinity/infinity
load average:64.42 64.38 64.38

/proc/meminfo:
MemTotal:       263895972 kB
MemFree:          652228 kB
MemAvailable:     321860 kB
Buffers:           83592 kB
Cached:          2013416 kB
SwapCached:        83624 kB
Active:         245639768 kB
Inactive:        8189600 kB
Active(anon):   245462116 kB
Inactive(anon):  8013604 kB
Active(file):     177652 kB
Inactive(file):   175996 kB
Unevictable:       21760 kB
Mlocked:           21760 kB
SwapTotal:       4194300 kB
SwapFree:              0 kB
Dirty:               832 kB
Writeback:             0 kB
AnonPages:      251672532 kB
Mapped:           268880 kB
Shmem:           1739360 kB
Slab:             759964 kB
SReclaimable:     172924 kB
SUnreclaim:       587040 kB
KernelStack:       46944 kB
PageTables:       588292 kB
NFS_Unstable:          0 kB
Bounce:                0 kB
WritebackTmp:          0 kB
CommitLimit:    136142284 kB
Committed_AS:   343881832 kB
VmallocTotal:   34359738367 kB
VmallocUsed:      861488 kB
VmallocChunk:   34222537772 kB
Percpu:            18176 kB
HardwareCorrupted:     0 kB
AnonHugePages:  128296960 kB
CmaTotal:              0 kB
CmaFree:               0 kB
HugePages_Total:       0
HugePages_Free:        0
HugePages_Rsvd:        0
HugePages_Surp:        0
Hugepagesize:       2048 kB
DirectMap4k:      587976 kB
DirectMap2M:    24440832 kB
DirectMap1G:    243269632 kB

/sys/kernel/mm/transparent_hugepage/enabled:
[always] madvise never

/sys/kernel/mm/transparent_hugepage/defrag (defrag/compaction efforts parameter):
[always] madvise never


/proc/sys/kernel/threads-max (system-wide limit on the number of threads):
2060440


/proc/sys/vm/max_map_count (maximum number of memory map areas a process may have):
65530


/proc/sys/kernel/pid_max (system-wide limit on number of process identifiers):
65536



Steal ticks since vm start: 0
Steal ticks percentage since vm start:  0.000

CPU:total 64 (initial active 1) (32 cores per cpu, 1 threads per core) family 23 model 49 stepping 0, cmov, cx8, fxsr, mmx, sse, sse2, sse3, ssse3, sse4.1, sse4.2, popcnt, avx, avx2, aes, clmul, mmxext, 3dnowpref, lzcnt, sse4a, tsc, tscinvbit, tscinv, bmi1, bmi2, adx, sha, fma
CPU Model and flags from /proc/cpuinfo:
model name	: AMD EPYC 7542 32-Core Processor
flags		: fpu vme de pse tsc msr pae mce cx8 apic sep mtrr pge mca cmov pat pse36 clflush mmx fxsr sse sse2 ht syscall nx mmxext fxsr_opt pdpe1gb rdtscp lm constant_tsc art rep_good nopl nonstop_tsc extd_apicid aperfmperf eagerfpu pni pclmulqdq monitor ssse3 fma cx16 sse4_1 sse4_2 movbe popcnt aes xsave avx f16c rdrand lahf_lm cmp_legacy svm extapic cr8_legacy abm sse4a misalignsse 3dnowprefetch osvw ibs skinit wdt tce topoext perfctr_core perfctr_nb bpext perfctr_l2 cpb cat_l3 cdp_l3 hw_pstate sme retpoline_amd ssbd ibrs ibpb stibp vmmcall fsgsbase bmi1 avx2 smep bmi2 cqm rdt_a rdseed adx smap clflushopt clwb sha_ni xsaveopt xsavec xgetbv1 cqm_llc cqm_occup_llc cqm_mbm_total cqm_mbm_local clzero irperf xsaveerptr arat npt lbrv svm_lock nrip_save tsc_scale vmcb_clean flushbyasid decodeassists pausefilter pfthreshold avic v_vmsave_vmload vgif umip overflow_recov succor smca
Online cpus:0-63
Offline cpus:
BIOS frequency limitation:2900000
Frequency switch latency (ns):0
Available cpu frequencies:2900000 2400000 1500000 
Current governor:conservative
Core performance/turbo boost:1

Memory: 4k page, physical 263895972k(651948k free), swap 4194300k(0k free)

vm_info: OpenJDK 64-Bit Server VM (13.0.7+5-Ubuntu-0ubuntu120.04) for linux-amd64 JRE (13.0.7+5-Ubuntu-0ubuntu120.04), built on Apr 21 2021 05:36:19 by "unknown" with gcc 9.3.0

END.
