#
# There is insufficient memory for the Java Runtime Environment to continue.
# Native memory allocation (mmap) failed to map 2558996480 bytes for committing reserved memory.
# Possible reasons:
#   The system is out of physical RAM or swap space
# Possible solutions:
#   Reduce memory load on the system
#   Increase physical memory or swap space
#   Check if swap backing store is full
#   Decrease Java heap size (-Xmx/-Xms)
#   Decrease number of Java threads
#   Decrease Java thread stack sizes (-Xss)
#   Set larger code cache with -XX:ReservedCodeCacheSize=
# This output file may be truncated or incomplete.
#
#  Out of Memory Error (os_linux.cpp:2899), pid=33282, tid=33284
#
# JRE version: OpenJDK Runtime Environment (13.0.7+5) (build 13.0.7+5-Ubuntu-0ubuntu120.04)
# Java VM: OpenJDK 64-Bit Server VM (13.0.7+5-Ubuntu-0ubuntu120.04, mixed mode, tiered, serial gc, linux-amd64)
# No core dump will be written. Core dumps have been disabled. To enable core dumping, try "ulimit -c unlimited" before starting Java again
#

---------------  S U M M A R Y ------------

Command Line: -Xmx64g --add-modules=ALL-DEFAULT jdk.compiler/com.sun.tools.javac.launcher.Main /mnt/beegfs/rcabanas/dev/credici/papers/JoCI/code/LearnMultiStudy.java -w -x 300 -m 500 -sc KL -th 0.0 --seed 0 --output /mnt/beegfs/rcabanas/dev/credici/papers/JoCI/output/synthetic/s1 -nh 3 /mnt/beegfs/rcabanas/dev/credici/papers/JoCI/models/synthetic/s1/random_mc2_n6_mid3_d1000_05_mr098_r10_54.uai

Host: AMD EPYC 7542 32-Core Processor, 64 cores, 251G, Ubuntu 20.04.4 LTS
Time: Sun Dec 11 04:52:05 2022 CET elapsed time: 22572.798642 seconds (0d 6h 16m 12s)

---------------  T H R E A D  ---------------

Current thread (0x00007f07f0097800):  VMThread "VM Thread" [stack: 0x00007f07f5c8d000,0x00007f07f5d8d000] [id=33284]

Stack: [0x00007f07f5c8d000,0x00007f07f5d8d000],  sp=0x00007f07f5d8b160,  free space=1016k
Native frames: (J=compiled Java code, A=aot compiled Java code, j=interpreted, Vv=VM code, C=native code)
V  [libjvm.so+0xf8f092]
V  [libjvm.so+0xf8fc91]
V  [libjvm.so+0x66ee5a]
V  [libjvm.so+0xc44a41]
V  [libjvm.so+0xc3b263]
V  [libjvm.so+0xf87f4b]
V  [libjvm.so+0x557506]
V  [libjvm.so+0x557723]
V  [libjvm.so+0xf18b0c]
V  [libjvm.so+0x557e65]
V  [libjvm.so+0x7e2edb]
V  [libjvm.so+0x7e39bd]
V  [libjvm.so+0x7d8b48]
V  [libjvm.so+0xf90940]
V  [libjvm.so+0xf96657]
V  [libjvm.so+0xf96d2b]
V  [libjvm.so+0xf9706a]
V  [libjvm.so+0xf2208f]
V  [libjvm.so+0xc493ff]

VM_Operation (0x00007f07f69fd220): GenCollectForAllocation, mode: safepoint, requested by thread 0x00007f07f0018000


---------------  P R O C E S S  ---------------

Threads class SMR info:
_java_thread_list=0x00007f07f01364e0, length=9, elements={
0x00007f07f0018000, 0x00007f07f00a3800, 0x00007f07f00a7000, 0x00007f07f00cb800,
0x00007f07f00cd000, 0x00007f07f00cf000, 0x00007f07f00d1000, 0x00007f07f00d3000,
0x00007f07f0135000
}

Java Threads: ( => current thread )
  0x00007f07f0018000 JavaThread "main" [_thread_blocked, id=33283, stack(0x00007f07f68ff000,0x00007f07f6a00000)]
  0x00007f07f00a3800 JavaThread "Reference Handler" daemon [_thread_blocked, id=33285, stack(0x00007f07f5b8a000,0x00007f07f5c8b000)]
  0x00007f07f00a7000 JavaThread "Finalizer" daemon [_thread_blocked, id=33286, stack(0x00007f07f5a89000,0x00007f07f5b8a000)]
  0x00007f07f00cb800 JavaThread "Signal Dispatcher" daemon [_thread_blocked, id=33287, stack(0x00007f07f594f000,0x00007f07f5a50000)]
  0x00007f07f00cd000 JavaThread "Service Thread" daemon [_thread_blocked, id=33288, stack(0x00007f07f584e000,0x00007f07f594f000)]
  0x00007f07f00cf000 JavaThread "C2 CompilerThread0" daemon [_thread_blocked, id=33289, stack(0x00007f07f574d000,0x00007f07f584e000)]
  0x00007f07f00d1000 JavaThread "C1 CompilerThread0" daemon [_thread_blocked, id=33290, stack(0x00007f07f564c000,0x00007f07f574d000)]
  0x00007f07f00d3000 JavaThread "Sweeper thread" daemon [_thread_blocked, id=33291, stack(0x00007f07f554b000,0x00007f07f564c000)]
  0x00007f07f0135000 JavaThread "Common-Cleaner" daemon [_thread_blocked, id=33292, stack(0x00007f07f544a000,0x00007f07f554b000)]

Other Threads:
=>0x00007f07f0097800 VMThread "VM Thread" [stack: 0x00007f07f5c8d000,0x00007f07f5d8d000] [id=33284]
  0x00007f07f0181800 WatcherThread [stack: 0x00007f07f534a000,0x00007f07f544a000] [id=33293]

Threads with active compile tasks:

VM state:at safepoint (normal execution)

VM Mutex/Monitor currently owned by a thread:  ([mutex/lock_event])
[0x00007f07f00141d0] Threads_lock - owner thread: 0x00007f07f0097800
[0x00007f07f0014dd0] Heap_lock - owner thread: 0x00007f07f0018000

Heap:
 def new generation   total 1747904K, used 0K [0x00007ef7d8600000, 0x00007ef84ee90000, 0x00007efd2db50000)
  eden space 1553728K,   0% used [0x00007ef7d8600000, 0x00007ef7d8600000, 0x00007ef837350000)
  from space 194176K,   0% used [0x00007ef8430f0000, 0x00007ef8430f0000, 0x00007ef84ee90000)
  to   space 194176K,   0% used [0x00007ef837350000, 0x00007ef837350000, 0x00007ef8430f0000)
 tenured generation   total 3884440K, used 3830075K [0x00007efd2db50000, 0x00007efe1acb6000, 0x00007f07d8600000)
   the space 3884440K,  98% used [0x00007efd2db50000, 0x00007efe1779ed28, 0x00007efe1779ee00, 0x00007efe1acb6000)
 Metaspace       used 24882K, capacity 25367K, committed 25600K, reserved 26624K

Card table byte_map: [0x00007ef7d05ff000,0x00007ef7d8600000] _byte_map_base: 0x00007eb85473c000

Polling page: 0x00007f07f838b000

Metaspace:

Usage:
   24.77 MB capacity,    24.30 MB ( 98%) used,   372.75 KB (  1%) free+waste,   112.06 KB ( <1%) overhead. 

Virtual space:
     26.00 MB reserved,      25.00 MB ( 96%) committed 

Chunk freelists:
5.00 KB

MaxMetaspaceSize: unlimited


CodeHeap 'non-profiled nmethods': size=120036Kb used=2657Kb max_used=2689Kb free=117379Kb
 bounds [0x00007f07e0251000, 0x00007f07e0511000, 0x00007f07e778a000]
CodeHeap 'profiled nmethods': size=120032Kb used=5690Kb max_used=8441Kb free=114341Kb
 bounds [0x00007f07d8d19000, 0x00007f07d9559000, 0x00007f07e0251000]
CodeHeap 'non-nmethods': size=5692Kb used=1201Kb max_used=1249Kb free=4490Kb
 bounds [0x00007f07d878a000, 0x00007f07d89fa000, 0x00007f07d8d19000]
 total_blobs=3902 nmethods=3432 adapters=385
 compilation: enabled
              stopped_count=0, restarted_count=0
 full_count=0

Compilation events (20 events):
Event: 19369.952 Thread 0x00007f07f00d1000 4690       3       ch.idsia.crema.learning.DiscreteEM::<init> (5 bytes)
Event: 19369.952 Thread 0x00007f07f00d1000 nmethod 4690 0x00007f07d8d9de10 code [0x00007f07d8d9dfa0, 0x00007f07d8d9e0c0]
Event: 19369.953 Thread 0x00007f07f00d1000 4691       3       ch.idsia.crema.learning.DiscreteEM::getDefaultInference (7 bytes)
Event: 19369.953 Thread 0x00007f07f00d1000 nmethod 4691 0x00007f07d8d5d510 code [0x00007f07d8d5d6e0, 0x00007f07d8d5dbf0]
Event: 19369.953 Thread 0x00007f07f00d1000 4692       3       ch.idsia.credici.model.tools.CausalInfo::getExogenousVars (27 bytes)
Event: 19369.954 Thread 0x00007f07f00d1000 nmethod 4692 0x00007f07d8d26e10 code [0x00007f07d8d27120, 0x00007f07d8d283c0]
Event: 19369.954 Thread 0x00007f07f00d1000 4693       3       ch.idsia.credici.learning.FrequentistCausalEM::setTrainableVars (6 bytes)
Event: 19369.954 Thread 0x00007f07f00d1000 nmethod 4693 0x00007f07d8d40790 code [0x00007f07d8d40920, 0x00007f07d8d40ac0]
Event: 19369.954 Thread 0x00007f07f00d1000 4694       3       ch.idsia.crema.learning.ExpectationMaximization::setTrainableVars (7 bytes)
Event: 19369.954 Thread 0x00007f07f00d1000 nmethod 4694 0x00007f07d8da0490 code [0x00007f07d8da0620, 0x00007f07d8da0730]
Event: 19369.954 Thread 0x00007f07f00d1000 4695       3       ch.idsia.credici.learning.WeightedCausalEM::run (36 bytes)
Event: 19369.955 Thread 0x00007f07f00d1000 nmethod 4695 0x00007f07d8d64a90 code [0x00007f07d8d64cc0, 0x00007f07d8d655d0]
Event: 19369.955 Thread 0x00007f07f00d1000 4696       3       ch.idsia.credici.learning.WeightedCausalEM$$Lambda$379/0x00007ef7caeaec40::apply (5 bytes)
Event: 19369.955 Thread 0x00007f07f00d1000 nmethod 4696 0x00007f07d8d19010 code [0x00007f07d8d191a0, 0x00007f07d8d19390]
Event: 20125.846 Thread 0x00007f07f00d1000 4697       3       ch.idsia.credici.utility.DataUtil$$Lambda$382/0x00007ef7caeab840::apply (5 bytes)
Event: 20125.847 Thread 0x00007f07f00d1000 nmethod 4697 0x00007f07d8e5ad90 code [0x00007f07d8e5af20, 0x00007f07d8e5b110]
Event: 20125.847 Thread 0x00007f07f00d1000 4698       3       ch.idsia.credici.utility.DataUtil::lambda$unique$11 (5 bytes)
Event: 20125.847 Thread 0x00007f07f00d1000 nmethod 4698 0x00007f07d8ec0490 code [0x00007f07d8ec0620, 0x00007f07d8ec0790]
Event: 21979.541 Thread 0x00007f07f00cf000 4699       4       java.util.HashMap$TreeNode::treeify (221 bytes)
Event: 21979.613 Thread 0x00007f07f00cf000 nmethod 4699 0x00007f07e0394c10 code [0x00007f07e0394dc0, 0x00007f07e0395558]

GC Heap History (20 events):
Event: 22543.661 GC heap after
{Heap after GC invocations=29648 (full 3):
 def new generation   total 1747904K, used 3557K [0x00007ef7d8600000, 0x00007ef84ee90000, 0x00007efd2db50000)
  eden space 1553728K,   0% used [0x00007ef7d8600000, 0x00007ef7d8600000, 0x00007ef837350000)
  from space 194176K,   1% used [0x00007ef837350000, 0x00007ef8376c9540, 0x00007ef8430f0000)
  to   space 194176K,   0% used [0x00007ef8430f0000, 0x00007ef8430f0000, 0x00007ef84ee90000)
 tenured generation   total 3884056K, used 3882165K [0x00007efd2db50000, 0x00007efe1ac56000, 0x00007f07d8600000)
   the space 3884056K,  99% used [0x00007efd2db50000, 0x00007efe1aa7d6d8, 0x00007efe1aa7d800, 0x00007efe1ac56000)
 Metaspace       used 24882K, capacity 25367K, committed 25600K, reserved 26624K
}
Event: 22545.009 GC heap before
{Heap before GC invocations=29648 (full 3):
 def new generation   total 1747904K, used 1557285K [0x00007ef7d8600000, 0x00007ef84ee90000, 0x00007efd2db50000)
  eden space 1553728K, 100% used [0x00007ef7d8600000, 0x00007ef837350000, 0x00007ef837350000)
  from space 194176K,   1% used [0x00007ef837350000, 0x00007ef8376c9540, 0x00007ef8430f0000)
  to   space 194176K,   0% used [0x00007ef8430f0000, 0x00007ef8430f0000, 0x00007ef84ee90000)
 tenured generation   total 3884056K, used 3882165K [0x00007efd2db50000, 0x00007efe1ac56000, 0x00007f07d8600000)
   the space 3884056K,  99% used [0x00007efd2db50000, 0x00007efe1aa7d6d8, 0x00007efe1aa7d800, 0x00007efe1ac56000)
 Metaspace       used 24882K, capacity 25367K, committed 25600K, reserved 26624K
}
Event: 22545.017 GC heap after
{Heap after GC invocations=29649 (full 3):
 def new generation   total 1747904K, used 3583K [0x00007ef7d8600000, 0x00007ef84ee90000, 0x00007efd2db50000)
  eden space 1553728K,   0% used [0x00007ef7d8600000, 0x00007ef7d8600000, 0x00007ef837350000)
  from space 194176K,   1% used [0x00007ef8430f0000, 0x00007ef84346fc10, 0x00007ef84ee90000)
  to   space 194176K,   0% used [0x00007ef837350000, 0x00007ef837350000, 0x00007ef8430f0000)
 tenured generation   total 3884056K, used 3882394K [0x00007efd2db50000, 0x00007efe1ac56000, 0x00007f07d8600000)
   the space 3884056K,  99% used [0x00007efd2db50000, 0x00007efe1aab6ae0, 0x00007efe1aab6c00, 0x00007efe1ac56000)
 Metaspace       used 24882K, capacity 25367K, committed 25600K, reserved 26624K
}
Event: 22546.323 GC heap before
{Heap before GC invocations=29649 (full 3):
 def new generation   total 1747904K, used 1557311K [0x00007ef7d8600000, 0x00007ef84ee90000, 0x00007efd2db50000)
  eden space 1553728K, 100% used [0x00007ef7d8600000, 0x00007ef837350000, 0x00007ef837350000)
  from space 194176K,   1% used [0x00007ef8430f0000, 0x00007ef84346fc10, 0x00007ef84ee90000)
  to   space 194176K,   0% used [0x00007ef837350000, 0x00007ef837350000, 0x00007ef8430f0000)
 tenured generation   total 3884056K, used 3882394K [0x00007efd2db50000, 0x00007efe1ac56000, 0x00007f07d8600000)
   the space 3884056K,  99% used [0x00007efd2db50000, 0x00007efe1aab6ae0, 0x00007efe1aab6c00, 0x00007efe1ac56000)
 Metaspace       used 24882K, capacity 25367K, committed 25600K, reserved 26624K
}
Event: 22546.337 GC heap after
{Heap after GC invocations=29650 (full 3):
 def new generation   total 1747904K, used 3597K [0x00007ef7d8600000, 0x00007ef84ee90000, 0x00007efd2db50000)
  eden space 1553728K,   0% used [0x00007ef7d8600000, 0x00007ef7d8600000, 0x00007ef837350000)
  from space 194176K,   1% used [0x00007ef837350000, 0x00007ef8376d3438, 0x00007ef8430f0000)
  to   space 194176K,   0% used [0x00007ef8430f0000, 0x00007ef8430f0000, 0x00007ef84ee90000)
 tenured generation   total 3884056K, used 3882623K [0x00007efd2db50000, 0x00007efe1ac56000, 0x00007f07d8600000)
   the space 3884056K,  99% used [0x00007efd2db50000, 0x00007efe1aaefee8, 0x00007efe1aaf0000, 0x00007efe1ac56000)
 Metaspace       used 24882K, capacity 25367K, committed 25600K, reserved 26624K
}
Event: 22547.612 GC heap before
{Heap before GC invocations=29650 (full 3):
 def new generation   total 1747904K, used 1557325K [0x00007ef7d8600000, 0x00007ef84ee90000, 0x00007efd2db50000)
  eden space 1553728K, 100% used [0x00007ef7d8600000, 0x00007ef837350000, 0x00007ef837350000)
  from space 194176K,   1% used [0x00007ef837350000, 0x00007ef8376d3438, 0x00007ef8430f0000)
  to   space 194176K,   0% used [0x00007ef8430f0000, 0x00007ef8430f0000, 0x00007ef84ee90000)
 tenured generation   total 3884056K, used 3882623K [0x00007efd2db50000, 0x00007efe1ac56000, 0x00007f07d8600000)
   the space 3884056K,  99% used [0x00007efd2db50000, 0x00007efe1aaefee8, 0x00007efe1aaf0000, 0x00007efe1ac56000)
 Metaspace       used 24882K, capacity 25367K, committed 25600K, reserved 26624K
}
Event: 22547.624 GC heap after
{Heap after GC invocations=29651 (full 3):
 def new generation   total 1747904K, used 3572K [0x00007ef7d8600000, 0x00007ef84ee90000, 0x00007efd2db50000)
  eden space 1553728K,   0% used [0x00007ef7d8600000, 0x00007ef7d8600000, 0x00007ef837350000)
  from space 194176K,   1% used [0x00007ef8430f0000, 0x00007ef84346d288, 0x00007ef84ee90000)
  to   space 194176K,   0% used [0x00007ef837350000, 0x00007ef837350000, 0x00007ef8430f0000)
 tenured generation   total 3884056K, used 3882878K [0x00007efd2db50000, 0x00007efe1ac56000, 0x00007f07d8600000)
   the space 3884056K,  99% used [0x00007efd2db50000, 0x00007efe1ab2f8b8, 0x00007efe1ab2fa00, 0x00007efe1ac56000)
 Metaspace       used 24882K, capacity 25367K, committed 25600K, reserved 26624K
}
Event: 22548.934 GC heap before
{Heap before GC invocations=29651 (full 3):
 def new generation   total 1747904K, used 1557300K [0x00007ef7d8600000, 0x00007ef84ee90000, 0x00007efd2db50000)
  eden space 1553728K, 100% used [0x00007ef7d8600000, 0x00007ef837350000, 0x00007ef837350000)
  from space 194176K,   1% used [0x00007ef8430f0000, 0x00007ef84346d288, 0x00007ef84ee90000)
  to   space 194176K,   0% used [0x00007ef837350000, 0x00007ef837350000, 0x00007ef8430f0000)
 tenured generation   total 3884056K, used 3882878K [0x00007efd2db50000, 0x00007efe1ac56000, 0x00007f07d8600000)
   the space 3884056K,  99% used [0x00007efd2db50000, 0x00007efe1ab2f8b8, 0x00007efe1ab2fa00, 0x00007efe1ac56000)
 Metaspace       used 24882K, capacity 25367K, committed 25600K, reserved 26624K
}
Event: 22548.948 GC heap after
{Heap after GC invocations=29652 (full 3):
 def new generation   total 1747904K, used 3553K [0x00007ef7d8600000, 0x00007ef84ee90000, 0x00007efd2db50000)
  eden space 1553728K,   0% used [0x00007ef7d8600000, 0x00007ef7d8600000, 0x00007ef837350000)
  from space 194176K,   1% used [0x00007ef837350000, 0x00007ef8376c8470, 0x00007ef8430f0000)
  to   space 194176K,   0% used [0x00007ef8430f0000, 0x00007ef8430f0000, 0x00007ef84ee90000)
 tenured generation   total 3884056K, used 3883107K [0x00007efd2db50000, 0x00007efe1ac56000, 0x00007f07d8600000)
   the space 3884056K,  99% used [0x00007efd2db50000, 0x00007efe1ab68cc0, 0x00007efe1ab68e00, 0x00007efe1ac56000)
 Metaspace       used 24882K, capacity 25367K, committed 25600K, reserved 26624K
}
Event: 22550.144 GC heap before
{Heap before GC invocations=29652 (full 3):
 def new generation   total 1747904K, used 1557281K [0x00007ef7d8600000, 0x00007ef84ee90000, 0x00007efd2db50000)
  eden space 1553728K, 100% used [0x00007ef7d8600000, 0x00007ef837350000, 0x00007ef837350000)
  from space 194176K,   1% used [0x00007ef837350000, 0x00007ef8376c8470, 0x00007ef8430f0000)
  to   space 194176K,   0% used [0x00007ef8430f0000, 0x00007ef8430f0000, 0x00007ef84ee90000)
 tenured generation   total 3884056K, used 3883107K [0x00007efd2db50000, 0x00007efe1ac56000, 0x00007f07d8600000)
   the space 3884056K,  99% used [0x00007efd2db50000, 0x00007efe1ab68cc0, 0x00007efe1ab68e00, 0x00007efe1ac56000)
 Metaspace       used 24882K, capacity 25367K, committed 25600K, reserved 26624K
}
Event: 22550.156 GC heap after
{Heap after GC invocations=29653 (full 3):
 def new generation   total 1747904K, used 3578K [0x00007ef7d8600000, 0x00007ef84ee90000, 0x00007efd2db50000)
  eden space 1553728K,   0% used [0x00007ef7d8600000, 0x00007ef7d8600000, 0x00007ef837350000)
  from space 194176K,   1% used [0x00007ef8430f0000, 0x00007ef84346eba0, 0x00007ef84ee90000)
  to   space 194176K,   0% used [0x00007ef837350000, 0x00007ef837350000, 0x00007ef8430f0000)
 tenured generation   total 3884056K, used 3883340K [0x00007efd2db50000, 0x00007efe1ac56000, 0x00007f07d8600000)
   the space 3884056K,  99% used [0x00007efd2db50000, 0x00007efe1aba3208, 0x00007efe1aba3400, 0x00007efe1ac56000)
 Metaspace       used 24882K, capacity 25367K, committed 25600K, reserved 26624K
}
Event: 22551.335 GC heap before
{Heap before GC invocations=29653 (full 3):
 def new generation   total 1747904K, used 1557306K [0x00007ef7d8600000, 0x00007ef84ee90000, 0x00007efd2db50000)
  eden space 1553728K, 100% used [0x00007ef7d8600000, 0x00007ef837350000, 0x00007ef837350000)
  from space 194176K,   1% used [0x00007ef8430f0000, 0x00007ef84346eba0, 0x00007ef84ee90000)
  to   space 194176K,   0% used [0x00007ef837350000, 0x00007ef837350000, 0x00007ef8430f0000)
 tenured generation   total 3884056K, used 3883340K [0x00007efd2db50000, 0x00007efe1ac56000, 0x00007f07d8600000)
   the space 3884056K,  99% used [0x00007efd2db50000, 0x00007efe1aba3208, 0x00007efe1aba3400, 0x00007efe1ac56000)
 Metaspace       used 24882K, capacity 25367K, committed 25600K, reserved 26624K
}
Event: 22551.348 GC heap after
{Heap after GC invocations=29654 (full 3):
 def new generation   total 1747904K, used 3634K [0x00007ef7d8600000, 0x00007ef84ee90000, 0x00007efd2db50000)
  eden space 1553728K,   0% used [0x00007ef7d8600000, 0x00007ef7d8600000, 0x00007ef837350000)
  from space 194176K,   1% used [0x00007ef837350000, 0x00007ef8376dcb10, 0x00007ef8430f0000)
  to   space 194176K,   0% used [0x00007ef8430f0000, 0x00007ef8430f0000, 0x00007ef84ee90000)
 tenured generation   total 3884056K, used 3883569K [0x00007efd2db50000, 0x00007efe1ac56000, 0x00007f07d8600000)
   the space 3884056K,  99% used [0x00007efd2db50000, 0x00007efe1abdc610, 0x00007efe1abdc800, 0x00007efe1ac56000)
 Metaspace       used 24882K, capacity 25367K, committed 25600K, reserved 26624K
}
Event: 22552.669 GC heap before
{Heap before GC invocations=29654 (full 3):
 def new generation   total 1747904K, used 1557362K [0x00007ef7d8600000, 0x00007ef84ee90000, 0x00007efd2db50000)
  eden space 1553728K, 100% used [0x00007ef7d8600000, 0x00007ef837350000, 0x00007ef837350000)
  from space 194176K,   1% used [0x00007ef837350000, 0x00007ef8376dcb10, 0x00007ef8430f0000)
  to   space 194176K,   0% used [0x00007ef8430f0000, 0x00007ef8430f0000, 0x00007ef84ee90000)
 tenured generation   total 3884056K, used 3883569K [0x00007efd2db50000, 0x00007efe1ac56000, 0x00007f07d8600000)
   the space 3884056K,  99% used [0x00007efd2db50000, 0x00007efe1abdc610, 0x00007efe1abdc800, 0x00007efe1ac56000)
 Metaspace       used 24882K, capacity 25367K, committed 25600K, reserved 26624K
}
Event: 22552.684 GC heap after
{Heap after GC invocations=29655 (full 3):
 def new generation   total 1747904K, used 3675K [0x00007ef7d8600000, 0x00007ef84ee90000, 0x00007efd2db50000)
  eden space 1553728K,   0% used [0x00007ef7d8600000, 0x00007ef7d8600000, 0x00007ef837350000)
  from space 194176K,   1% used [0x00007ef8430f0000, 0x00007ef843486c48, 0x00007ef84ee90000)
  to   space 194176K,   0% used [0x00007ef837350000, 0x00007ef837350000, 0x00007ef8430f0000)
 tenured generation   total 3884056K, used 3883798K [0x00007efd2db50000, 0x00007efe1ac56000, 0x00007f07d8600000)
   the space 3884056K,  99% used [0x00007efd2db50000, 0x00007efe1ac15a18, 0x00007efe1ac15c00, 0x00007efe1ac56000)
 Metaspace       used 24882K, capacity 25367K, committed 25600K, reserved 26624K
}
Event: 22553.994 GC heap before
{Heap before GC invocations=29655 (full 3):
 def new generation   total 1747904K, used 1557403K [0x00007ef7d8600000, 0x00007ef84ee90000, 0x00007efd2db50000)
  eden space 1553728K, 100% used [0x00007ef7d8600000, 0x00007ef837350000, 0x00007ef837350000)
  from space 194176K,   1% used [0x00007ef8430f0000, 0x00007ef843486c48, 0x00007ef84ee90000)
  to   space 194176K,   0% used [0x00007ef837350000, 0x00007ef837350000, 0x00007ef8430f0000)
 tenured generation   total 3884056K, used 3883798K [0x00007efd2db50000, 0x00007efe1ac56000, 0x00007f07d8600000)
   the space 3884056K,  99% used [0x00007efd2db50000, 0x00007efe1ac15a18, 0x00007efe1ac15c00, 0x00007efe1ac56000)
 Metaspace       used 24882K, capacity 25367K, committed 25600K, reserved 26624K
}
Event: 22554.004 GC heap after
{Heap after GC invocations=29656 (full 3):
 def new generation   total 1747904K, used 3589K [0x00007ef7d8600000, 0x00007ef84ee90000, 0x00007efd2db50000)
  eden space 1553728K,   0% used [0x00007ef7d8600000, 0x00007ef7d8600000, 0x00007ef837350000)
  from space 194176K,   1% used [0x00007ef837350000, 0x00007ef8376d1558, 0x00007ef8430f0000)
  to   space 194176K,   0% used [0x00007ef8430f0000, 0x00007ef8430f0000, 0x00007ef84ee90000)
 tenured generation   total 3884056K, used 3884027K [0x00007efd2db50000, 0x00007efe1ac56000, 0x00007f07d8600000)
   the space 3884056K,  99% used [0x00007efd2db50000, 0x00007efe1ac4ee20, 0x00007efe1ac4f000, 0x00007efe1ac56000)
 Metaspace       used 24882K, capacity 25367K, committed 25600K, reserved 26624K
}
Event: 22555.311 GC heap before
{Heap before GC invocations=29656 (full 3):
 def new generation   total 1747904K, used 1557317K [0x00007ef7d8600000, 0x00007ef84ee90000, 0x00007efd2db50000)
  eden space 1553728K, 100% used [0x00007ef7d8600000, 0x00007ef837350000, 0x00007ef837350000)
  from space 194176K,   1% used [0x00007ef837350000, 0x00007ef8376d1558, 0x00007ef8430f0000)
  to   space 194176K,   0% used [0x00007ef8430f0000, 0x00007ef8430f0000, 0x00007ef84ee90000)
 tenured generation   total 3884056K, used 3884027K [0x00007efd2db50000, 0x00007efe1ac56000, 0x00007f07d8600000)
   the space 3884056K,  99% used [0x00007efd2db50000, 0x00007efe1ac4ee20, 0x00007efe1ac4f000, 0x00007efe1ac56000)
 Metaspace       used 24882K, capacity 25367K, committed 25600K, reserved 26624K
}
Event: 22555.326 GC heap after
{Heap after GC invocations=29657 (full 3):
 def new generation   total 1747904K, used 3597K [0x00007ef7d8600000, 0x00007ef84ee90000, 0x00007efd2db50000)
  eden space 1553728K,   0% used [0x00007ef7d8600000, 0x00007ef7d8600000, 0x00007ef837350000)
  from space 194176K,   1% used [0x00007ef8430f0000, 0x00007ef843473600, 0x00007ef84ee90000)
  to   space 194176K,   0% used [0x00007ef837350000, 0x00007ef837350000, 0x00007ef8430f0000)
 tenured generation   total 3884440K, used 3884256K [0x00007efd2db50000, 0x00007efe1acb6000, 0x00007f07d8600000)
   the space 3884440K,  99% used [0x00007efd2db50000, 0x00007efe1ac88228, 0x00007efe1ac88400, 0x00007efe1acb6000)
 Metaspace       used 24882K, capacity 25367K, committed 25600K, reserved 26624K
}
Event: 22555.326 GC heap before
{Heap before GC invocations=29657 (full 3):
 def new generation   total 1747904K, used 3597K [0x00007ef7d8600000, 0x00007ef84ee90000, 0x00007efd2db50000)
  eden space 1553728K,   0% used [0x00007ef7d8600000, 0x00007ef7d8600000, 0x00007ef837350000)
  from space 194176K,   1% used [0x00007ef8430f0000, 0x00007ef843473600, 0x00007ef84ee90000)
  to   space 194176K,   0% used [0x00007ef837350000, 0x00007ef837350000, 0x00007ef8430f0000)
 tenured generation   total 3884440K, used 3884256K [0x00007efd2db50000, 0x00007efe1acb6000, 0x00007f07d8600000)
   the space 3884440K,  99% used [0x00007efd2db50000, 0x00007efe1ac88228, 0x00007efe1ac88400, 0x00007efe1acb6000)
 Metaspace       used 24882K, capacity 25367K, committed 25600K, reserved 26624K
}

Deoptimization events (20 events):
Event: 15068.385 Thread 0x00007f07f0018000 DEOPT PACKING pc=0x00007f07d8ee93e9 sp=0x00007f07f69fd9e0
Event: 15068.385 Thread 0x00007f07f0018000 DEOPT UNPACKING pc=0x00007f07d87d333a sp=0x00007f07f69fcee8 mode 0
Event: 17993.510 Thread 0x00007f07f0018000 DEOPT PACKING pc=0x00007f07d8eb44ef sp=0x00007f07f69fd840
Event: 17993.510 Thread 0x00007f07f0018000 DEOPT UNPACKING pc=0x00007f07d87d333a sp=0x00007f07f69fcdc0 mode 0
Event: 18070.229 Thread 0x00007f07f0018000 Uncommon trap: trap_request=0xffffffbe fr.pc=0x00007f07e035b6a0 relative=0x00000000000026c0
Event: 18070.229 Thread 0x00007f07f0018000 Uncommon trap: reason=profile_predicate action=maybe_recompile pc=0x00007f07e035b6a0 method=ch.idsia.crema.inference.ve.order.MinFillOrdering.triangulate(Lorg/jgrapht/graph/SimpleGraph;)Ljava/util/Collection; @ 150 c2
Event: 18070.229 Thread 0x00007f07f0018000 DEOPT PACKING pc=0x00007f07e035b6a0 sp=0x00007f07f69fd8d0
Event: 18070.229 Thread 0x00007f07f0018000 DEOPT UNPACKING pc=0x00007f07d87d2e25 sp=0x00007f07f69fd8c8 mode 2
Event: 18146.594 Thread 0x00007f07f0018000 Uncommon trap: trap_request=0xffffffbe fr.pc=0x00007f07e035b6a0 relative=0x00000000000026c0
Event: 18146.607 Thread 0x00007f07f0018000 Uncommon trap: reason=profile_predicate action=maybe_recompile pc=0x00007f07e035b6a0 method=ch.idsia.crema.inference.ve.order.MinFillOrdering.triangulate(Lorg/jgrapht/graph/SimpleGraph;)Ljava/util/Collection; @ 150 c2
Event: 18146.615 Thread 0x00007f07f0018000 DEOPT PACKING pc=0x00007f07e035b6a0 sp=0x00007f07f69fd8d0
Event: 18146.617 Thread 0x00007f07f0018000 DEOPT UNPACKING pc=0x00007f07d87d2e25 sp=0x00007f07f69fd8c8 mode 2
Event: 18223.087 Thread 0x00007f07f0018000 Uncommon trap: trap_request=0xffffffbe fr.pc=0x00007f07e035b6a0 relative=0x00000000000026c0
Event: 18223.087 Thread 0x00007f07f0018000 Uncommon trap: reason=profile_predicate action=maybe_recompile pc=0x00007f07e035b6a0 method=ch.idsia.crema.inference.ve.order.MinFillOrdering.triangulate(Lorg/jgrapht/graph/SimpleGraph;)Ljava/util/Collection; @ 150 c2
Event: 18223.087 Thread 0x00007f07f0018000 DEOPT PACKING pc=0x00007f07e035b6a0 sp=0x00007f07f69fd8d0
Event: 18223.087 Thread 0x00007f07f0018000 DEOPT UNPACKING pc=0x00007f07d87d2e25 sp=0x00007f07f69fd8c8 mode 2
Event: 18299.803 Thread 0x00007f07f0018000 Uncommon trap: trap_request=0xffffffbe fr.pc=0x00007f07e035b6a0 relative=0x00000000000026c0
Event: 18299.803 Thread 0x00007f07f0018000 Uncommon trap: reason=profile_predicate action=maybe_recompile pc=0x00007f07e035b6a0 method=ch.idsia.crema.inference.ve.order.MinFillOrdering.triangulate(Lorg/jgrapht/graph/SimpleGraph;)Ljava/util/Collection; @ 150 c2
Event: 18299.803 Thread 0x00007f07f0018000 DEOPT PACKING pc=0x00007f07e035b6a0 sp=0x00007f07f69fd8d0
Event: 18299.803 Thread 0x00007f07f0018000 DEOPT UNPACKING pc=0x00007f07d87d2e25 sp=0x00007f07f69fd8c8 mode 2

Classes unloaded (0 events):
No events

Classes redefined (0 events):
No events

Internal exceptions (20 events):
Event: 2.963 Thread 0x00007f07f0018000 Implicit null exception at 0x00007f07e0292148 to 0x00007f07e02921ca
Event: 3.233 Thread 0x00007f07f00a7000 Implicit null exception at 0x00007f07e02a604c to 0x00007f07e02a6100
Event: 3.287 Thread 0x00007f07f0018000 Exception <a 'java/lang/NoSuchMethodError'{0x00007ef7d86cc3d0}: 'java.lang.Object java.lang.invoke.Invokers$Holder.linkToTargetMethod(java.lang.Object, int, java.lang.Object)'> (0x00007ef7d86cc3d0) 
thrown [src/hotspot/share/interpreter/linkResolver.cpp, line 766]
Event: 3.300 Thread 0x00007f07f0018000 Exception <a 'java/lang/NoSuchMethodError'{0x00007ef7d8707b28}: 'java.lang.Object java.lang.invoke.Invokers$Holder.linkToTargetMethod(java.lang.Object, long, java.lang.Object)'> (0x00007ef7d8707b28) 
thrown [src/hotspot/share/interpreter/linkResolver.cpp, line 766]
Event: 3.340 Thread 0x00007f07f0018000 Exception <a 'java/lang/NoSuchMethodError'{0x00007ef7d87ed548}: 'java.lang.Object java.lang.invoke.Invokers$Holder.invokeExact_MT(java.lang.Object, java.lang.Object, java.lang.Object, java.lang.Object, java.lang.Object, java.lang.Object)'> (0x00007ef7d87ed548) 
thrown [src/hotspot/share/interpreter/linkResolver.cpp, line 766]
Event: 3.401 Thread 0x00007f07f0018000 Exception <a 'java/lang/NoSuchMethodError'{0x00007ef7d896c8e8}: 'int java.lang.invoke.DirectMethodHandle$Holder.invokeStatic(java.lang.Object, java.lang.Object, int)'> (0x00007ef7d896c8e8) 
thrown [src/hotspot/share/interpreter/linkResolver.cpp, line 766]
Event: 3.476 Thread 0x00007f07f0018000 Exception <a 'java/lang/NoSuchMethodError'{0x00007ef7d8bc31a8}: 'double java.lang.invoke.DirectMethodHandle$Holder.invokeStatic(java.lang.Object, java.lang.Object)'> (0x00007ef7d8bc31a8) 
thrown [src/hotspot/share/interpreter/linkResolver.cpp, line 766]
Event: 3.537 Thread 0x00007f07f0018000 Exception <a 'java/lang/NoSuchMethodError'{0x00007ef7d8d442e0}: 'int java.lang.invoke.DirectMethodHandle$Holder.invokeStatic(java.lang.Object, java.lang.Object, java.lang.Object, int)'> (0x00007ef7d8d442e0) 
thrown [src/hotspot/share/interpreter/linkResolver.cpp, line 766]
Event: 4.726 Thread 0x00007f07f0018000 Exception <a 'java/lang/NoSuchMethodError'{0x00007ef7e4fabad0}: 'void java.lang.invoke.DirectMethodHandle$Holder.invokeStatic(java.lang.Object, java.lang.Object, int)'> (0x00007ef7e4fabad0) 
thrown [src/hotspot/share/interpreter/linkResolver.cpp, line 766]
Event: 4.910 Thread 0x00007f07f0018000 Exception <a 'java/lang/NoSuchMethodError'{0x00007ef7e6b0fd78}: 'java.lang.Object java.lang.invoke.DirectMethodHandle$Holder.invokeStatic(java.lang.Object, java.lang.Object, java.lang.Object, java.lang.Object, java.lang.Object, java.lang.Object, java.lang.Object, java.lang.Object, java.lang.Object, java.lang.Object, java.lang.Object, java.lang.Object, java.lang.Object, java.lang.Object, java.lang.Object)'> (0x00007ef7e6b0fd78) 
thrown [src/hotspot/share/interpreter/linkResolver.cpp, line 766]
Event: 4.912 Thread 0x00007f07f0018000 Exception <a 'java/lang/NoSuchMethodError'{0x00007ef7e6b20978}: 'java.lang.Object java.lang.invoke.DirectMethodHandle$Holder.invokeStatic(java.lang.Object, java.lang.Object, java.lang.Object, java.lang.Object, java.lang.Object, java.lang.Object, java.lang.Object, java.lang.Object, java.lang.Object, java.lang.Object, java.lang.Object, java.lang.Object, java.lang.Object, java.lang.Object, java.lang.Object, java.lang.Object)'> (0x00007ef7e6b20978) 
thrown [src/hotspot/share/interpreter/linkResolver.cpp, line 
Event: 4.912 Thread 0x00007f07f0018000 Exception <a 'java/lang/NoSuchMethodError'{0x00007ef7e6b31730}: 'java.lang.Object java.lang.invoke.DirectMethodHandle$Holder.invokeSpecial(java.lang.Object, java.lang.Object, long, java.lang.Object, int, java.lang.Object, int, int, int)'> (0x00007ef7e6b31730) 
thrown [src/hotspot/share/interpreter/linkResolver.cpp, line 766]
Event: 4.913 Thread 0x00007f07f0018000 Exception <a 'java/lang/NoSuchMethodError'{0x00007ef7e6b35928}: 'java.lang.Object java.lang.invoke.DelegatingMethodHandle$Holder.reinvoke_L(java.lang.Object, long, java.lang.Object, int, java.lang.Object, int, int, int)'> (0x00007ef7e6b35928) 
thrown [src/hotspot/share/interpreter/linkResolver.cpp, line 766]
Event: 4.936 Thread 0x00007f07f0018000 Exception <a 'java/lang/NoSuchMethodError'{0x00007ef7e6b6a888}: 'java.lang.Object java.lang.invoke.DirectMethodHandle$Holder.invokeStatic(java.lang.Object, int, java.lang.Object, java.lang.Object)'> (0x00007ef7e6b6a888) 
thrown [src/hotspot/share/interpreter/linkResolver.cpp, line 766]
Event: 4.937 Thread 0x00007f07f0018000 Exception <a 'java/lang/NoSuchMethodError'{0x00007ef7e6b72ea0}: 'java.lang.Object java.lang.invoke.DirectMethodHandle$Holder.invokeStatic(java.lang.Object, int, java.lang.Object)'> (0x00007ef7e6b72ea0) 
thrown [src/hotspot/share/interpreter/linkResolver.cpp, line 766]
Event: 7.274 Thread 0x00007f07f0018000 Exception <a 'java/lang/NoSuchMethodError'{0x00007ef7f7730be0}: 'void java.lang.invoke.DirectMethodHandle$Holder.invokeInterface(java.lang.Object, java.lang.Object, int)'> (0x00007ef7f7730be0) 
thrown [src/hotspot/share/interpreter/linkResolver.cpp, line 766]
Event: 7.275 Thread 0x00007f07f0018000 Exception <a 'java/lang/IncompatibleClassChangeError'{0x00007ef7f77346a8}: Found class java.lang.Object, but interface was expected> (0x00007ef7f77346a8) 
thrown [src/hotspot/share/interpreter/linkResolver.cpp, line 833]
Event: 9.077 Thread 0x00007f07f0018000 Implicit null exception at 0x00007f07e03d2fc3 to 0x00007f07e03d3ddc
Event: 9.922 Thread 0x00007f07f0018000 Implicit null exception at 0x00007f07e03ff6e0 to 0x00007f07e0401268
Event: 89.048 Thread 0x00007f07f0018000 Implicit null exception at 0x00007f07e04d6926 to 0x00007f07e04d6a20

Events (20 events):
Event: 22542.347 Executing VM operation: GenCollectForAllocation done
Event: 22543.652 Executing VM operation: GenCollectForAllocation
Event: 22543.661 Executing VM operation: GenCollectForAllocation done
Event: 22545.009 Executing VM operation: GenCollectForAllocation
Event: 22545.017 Executing VM operation: GenCollectForAllocation done
Event: 22546.323 Executing VM operation: GenCollectForAllocation
Event: 22546.337 Executing VM operation: GenCollectForAllocation done
Event: 22547.612 Executing VM operation: GenCollectForAllocation
Event: 22547.624 Executing VM operation: GenCollectForAllocation done
Event: 22548.934 Executing VM operation: GenCollectForAllocation
Event: 22548.948 Executing VM operation: GenCollectForAllocation done
Event: 22550.144 Executing VM operation: GenCollectForAllocation
Event: 22550.156 Executing VM operation: GenCollectForAllocation done
Event: 22551.335 Executing VM operation: GenCollectForAllocation
Event: 22551.348 Executing VM operation: GenCollectForAllocation done
Event: 22552.669 Executing VM operation: GenCollectForAllocation
Event: 22552.684 Executing VM operation: GenCollectForAllocation done
Event: 22553.994 Executing VM operation: GenCollectForAllocation
Event: 22554.004 Executing VM operation: GenCollectForAllocation done
Event: 22555.311 Executing VM operation: GenCollectForAllocation


Dynamic libraries:
55bbdaf9f000-55bbdafa0000 r--p 00000000 07:0f 4860                       /usr/lib/jvm/java-13-openjdk-amd64/bin/java
55bbdafa0000-55bbdafa1000 r-xp 00001000 07:0f 4860                       /usr/lib/jvm/java-13-openjdk-amd64/bin/java
55bbdafa1000-55bbdafa2000 r--p 00002000 07:0f 4860                       /usr/lib/jvm/java-13-openjdk-amd64/bin/java
55bbdafa2000-55bbdafa3000 r--p 00002000 07:0f 4860                       /usr/lib/jvm/java-13-openjdk-amd64/bin/java
55bbdafa3000-55bbdafa4000 rw-p 00003000 07:0f 4860                       /usr/lib/jvm/java-13-openjdk-amd64/bin/java
55bbdbda2000-55bbdbdc3000 rw-p 00000000 00:00 0                          [heap]
7ef79c000000-7ef79c021000 rw-p 00000000 00:00 0 
7ef79c021000-7ef7a0000000 ---p 00000000 00:00 0 
7ef7a4000000-7ef7a4021000 rw-p 00000000 00:00 0 
7ef7a4021000-7ef7a8000000 ---p 00000000 00:00 0 
7ef7a8000000-7ef7a8021000 rw-p 00000000 00:00 0 
7ef7a8021000-7ef7ac000000 ---p 00000000 00:00 0 
7ef7ac000000-7ef7add4f000 rw-p 00000000 00:00 0 
7ef7add4f000-7ef7b0000000 ---p 00000000 00:00 0 
7ef7b0000000-7ef7b0a9a000 rw-p 00000000 00:00 0 
7ef7b0a9a000-7ef7b4000000 ---p 00000000 00:00 0 
7ef7b4000000-7ef7b4021000 rw-p 00000000 00:00 0 
7ef7b4021000-7ef7b8000000 ---p 00000000 00:00 0 
7ef7b8000000-7ef7b8021000 rw-p 00000000 00:00 0 
7ef7b8021000-7ef7bc000000 ---p 00000000 00:00 0 
7ef7bc000000-7ef7bc021000 rw-p 00000000 00:00 0 
7ef7bc021000-7ef7c0000000 ---p 00000000 00:00 0 
7ef7c0000000-7ef7c0021000 rw-p 00000000 00:00 0 
7ef7c0021000-7ef7c4000000 ---p 00000000 00:00 0 
7ef7c4000000-7ef7c409d000 rw-p 00000000 00:00 0 
7ef7c409d000-7ef7c8000000 ---p 00000000 00:00 0 
7ef7caea9000-7ef7cafa9000 rw-p 00000000 00:00 0 
7ef7cafa9000-7ef7cb0a9000 ---p 00000000 00:00 0 
7ef7cb0a9000-7ef7cb812000 rw-p 00000000 00:00 0 
7ef7cb812000-7ef7d05ff000 ---p 00000000 00:00 0 
7ef7d05ff000-7ef7d09b4000 rw-p 00000000 00:00 0 
7ef7d09b4000-7ef7d30a9000 ---p 00000000 00:00 0 
7ef7d30a9000-7ef7d3813000 rw-p 00000000 00:00 0 
7ef7d3813000-7ef7d85ff000 ---p 00000000 00:00 0 
7ef7d85ff000-7ef84ee90000 rw-p 00000000 00:00 0 
7ef84ee90000-7efd2db50000 ---p 00000000 00:00 0 
7efd2db50000-7efe1acb6000 rw-p 00000000 00:00 0 
7efeb3529000-7f07d8600000 ---p 00000000 00:00 0 
7f07d878a000-7f07d89fa000 rwxp 00000000 00:00 0 
7f07d89fa000-7f07d8d19000 ---p 00000000 00:00 0 
7f07d8d19000-7f07d9559000 rwxp 00000000 00:00 0 
7f07d9559000-7f07e0251000 ---p 00000000 00:00 0 
7f07e0251000-7f07e0511000 rwxp 00000000 00:00 0 
7f07e0511000-7f07e778a000 ---p 00000000 00:00 0 
7f07e778a000-7f07f0000000 r--s 00000000 07:0f 5215                       /usr/lib/jvm/java-13-openjdk-amd64/lib/modules
7f07f0000000-7f07f06c3000 rw-p 00000000 00:00 0 
7f07f06c3000-7f07f4000000 ---p 00000000 00:00 0 
7f07f4149000-7f07f4349000 rw-p 00000000 00:00 0 
7f07f4349000-7f07f4549000 rw-p 00000000 00:00 0 
7f07f4549000-7f07f4749000 rw-p 00000000 00:00 0 
7f07f4749000-7f07f4949000 rw-p 00000000 00:00 0 
7f07f4949000-7f07f4ce9000 rw-p 00000000 00:00 0 
7f07f4ce9000-7f07f4ee9000 rw-p 00000000 00:00 0 
7f07f4ee9000-7f07f50e9000 rw-p 00000000 00:00 0 
7f07f50e9000-7f07f52e9000 rw-p 00000000 00:00 0 
7f07f52e9000-7f07f531a000 rw-p 00000000 00:00 0 
7f07f531a000-7f07f531e000 r--p 00000000 07:0f 5204                       /usr/lib/jvm/java-13-openjdk-amd64/lib/libnet.so
7f07f531e000-7f07f532c000 r-xp 00004000 07:0f 5204                       /usr/lib/jvm/java-13-openjdk-amd64/lib/libnet.so
7f07f532c000-7f07f5330000 r--p 00012000 07:0f 5204                       /usr/lib/jvm/java-13-openjdk-amd64/lib/libnet.so
7f07f5330000-7f07f5331000 r--p 00015000 07:0f 5204                       /usr/lib/jvm/java-13-openjdk-amd64/lib/libnet.so
7f07f5331000-7f07f5332000 rw-p 00016000 07:0f 5204                       /usr/lib/jvm/java-13-openjdk-amd64/lib/libnet.so
7f07f5332000-7f07f5339000 r--p 00000000 07:0f 5205                       /usr/lib/jvm/java-13-openjdk-amd64/lib/libnio.so
7f07f5339000-7f07f5342000 r-xp 00007000 07:0f 5205                       /usr/lib/jvm/java-13-openjdk-amd64/lib/libnio.so
7f07f5342000-7f07f5346000 r--p 00010000 07:0f 5205                       /usr/lib/jvm/java-13-openjdk-amd64/lib/libnio.so
7f07f5346000-7f07f5347000 r--p 00013000 07:0f 5205                       /usr/lib/jvm/java-13-openjdk-amd64/lib/libnio.so
7f07f5347000-7f07f5348000 rw-p 00014000 07:0f 5205                       /usr/lib/jvm/java-13-openjdk-amd64/lib/libnio.so
7f07f5348000-7f07f5349000 ---p 00000000 00:00 0 
7f07f5349000-7f07f544a000 rw-p 00000000 00:00 0 
7f07f544a000-7f07f544e000 ---p 00000000 00:00 0 
7f07f544e000-7f07f554b000 rw-p 00000000 00:00 0 
7f07f554b000-7f07f554f000 ---p 00000000 00:00 0 
7f07f554f000-7f07f564c000 rw-p 00000000 00:00 0 
7f07f564c000-7f07f5650000 ---p 00000000 00:00 0 
7f07f5650000-7f07f574d000 rw-p 00000000 00:00 0 
7f07f574d000-7f07f5751000 ---p 00000000 00:00 0 
7f07f5751000-7f07f584e000 rw-p 00000000 00:00 0 
7f07f584e000-7f07f5852000 ---p 00000000 00:00 0 
7f07f5852000-7f07f594f000 rw-p 00000000 00:00 0 
7f07f594f000-7f07f5953000 ---p 00000000 00:00 0 
7f07f5953000-7f07f5a50000 rw-p 00000000 00:00 0 
7f07f5a50000-7f07f5a57000 r--s 00000000 07:0f 8532                       /usr/lib/x86_64-linux-gnu/gconv/gconv-modules.cache
7f07f5a57000-7f07f5a89000 r--p 00000000 07:0f 5276                       /usr/lib/locale/C.UTF-8/LC_CTYPE
7f07f5a89000-7f07f5a8d000 ---p 00000000 00:00 0 
7f07f5a8d000-7f07f5b8a000 rw-p 00000000 00:00 0 
7f07f5b8a000-7f07f5b8e000 ---p 00000000 00:00 0 
7f07f5b8e000-7f07f5c8b000 rw-p 00000000 00:00 0 
7f07f5c8b000-7f07f5c8c000 ---p 00000000 00:00 0 
7f07f5c8c000-7f07f66aa000 rw-p 00000000 00:00 0 
7f07f66aa000-7f07f66b0000 rw-p 00000000 00:00 0 
7f07f66b0000-7f07f6795000 ---p 00000000 00:00 0 
7f07f6795000-7f07f67a6000 rw-p 00000000 00:00 0 
7f07f67a6000-7f07f6880000 ---p 00000000 00:00 0 
7f07f6880000-7f07f6885000 rw-p 00000000 00:00 0 
7f07f6885000-7f07f688c000 ---p 00000000 00:00 0 
7f07f688c000-7f07f688e000 r--p 00000000 07:0f 5214                       /usr/lib/jvm/java-13-openjdk-amd64/lib/libzip.so
7f07f688e000-7f07f6892000 r-xp 00002000 07:0f 5214                       /usr/lib/jvm/java-13-openjdk-amd64/lib/libzip.so
7f07f6892000-7f07f6894000 r--p 00006000 07:0f 5214                       /usr/lib/jvm/java-13-openjdk-amd64/lib/libzip.so
7f07f6894000-7f07f6895000 r--p 00007000 07:0f 5214                       /usr/lib/jvm/java-13-openjdk-amd64/lib/libzip.so
7f07f6895000-7f07f6896000 rw-p 00008000 07:0f 5214                       /usr/lib/jvm/java-13-openjdk-amd64/lib/libzip.so
7f07f6896000-7f07f689e000 rw-s 00000000 08:03 101505206                  /tmp/hsperfdata_rcabanas/33282
7f07f689e000-7f07f68a1000 r--p 00000000 07:0f 9108                       /usr/lib/x86_64-linux-gnu/libnss_files-2.31.so
7f07f68a1000-7f07f68a8000 r-xp 00003000 07:0f 9108                       /usr/lib/x86_64-linux-gnu/libnss_files-2.31.so
7f07f68a8000-7f07f68aa000 r--p 0000a000 07:0f 9108                       /usr/lib/x86_64-linux-gnu/libnss_files-2.31.so
7f07f68aa000-7f07f68ab000 r--p 0000b000 07:0f 9108                       /usr/lib/x86_64-linux-gnu/libnss_files-2.31.so
7f07f68ab000-7f07f68ac000 rw-p 0000c000 07:0f 9108                       /usr/lib/x86_64-linux-gnu/libnss_files-2.31.so
7f07f68ac000-7f07f68b2000 rw-p 00000000 00:00 0 
7f07f68b8000-7f07f68ba000 r--p 00000000 07:0f 5195                       /usr/lib/jvm/java-13-openjdk-amd64/lib/libjimage.so
7f07f68ba000-7f07f68bd000 r-xp 00002000 07:0f 5195                       /usr/lib/jvm/java-13-openjdk-amd64/lib/libjimage.so
7f07f68bd000-7f07f68be000 r--p 00005000 07:0f 5195                       /usr/lib/jvm/java-13-openjdk-amd64/lib/libjimage.so
7f07f68be000-7f07f68bf000 ---p 00006000 07:0f 5195                       /usr/lib/jvm/java-13-openjdk-amd64/lib/libjimage.so
7f07f68bf000-7f07f68c0000 r--p 00006000 07:0f 5195                       /usr/lib/jvm/java-13-openjdk-amd64/lib/libjimage.so
7f07f68c0000-7f07f68c1000 rw-p 00007000 07:0f 5195                       /usr/lib/jvm/java-13-openjdk-amd64/lib/libjimage.so
7f07f68c1000-7f07f68ce000 r--p 00000000 07:0f 5191                       /usr/lib/jvm/java-13-openjdk-amd64/lib/libjava.so
7f07f68ce000-7f07f68e3000 r-xp 0000d000 07:0f 5191                       /usr/lib/jvm/java-13-openjdk-amd64/lib/libjava.so
7f07f68e3000-7f07f68e9000 r--p 00022000 07:0f 5191                       /usr/lib/jvm/java-13-openjdk-amd64/lib/libjava.so
7f07f68e9000-7f07f68ea000 ---p 00028000 07:0f 5191                       /usr/lib/jvm/java-13-openjdk-amd64/lib/libjava.so
7f07f68ea000-7f07f68eb000 r--p 00028000 07:0f 5191                       /usr/lib/jvm/java-13-openjdk-amd64/lib/libjava.so
7f07f68eb000-7f07f68ed000 rw-p 00029000 07:0f 5191                       /usr/lib/jvm/java-13-openjdk-amd64/lib/libjava.so
7f07f68ed000-7f07f68f2000 r--p 00000000 07:0f 5213                       /usr/lib/jvm/java-13-openjdk-amd64/lib/libverify.so
7f07f68f2000-7f07f68f9000 r-xp 00005000 07:0f 5213                       /usr/lib/jvm/java-13-openjdk-amd64/lib/libverify.so
7f07f68f9000-7f07f68fb000 r--p 0000c000 07:0f 5213                       /usr/lib/jvm/java-13-openjdk-amd64/lib/libverify.so
7f07f68fb000-7f07f68fc000 ---p 0000e000 07:0f 5213                       /usr/lib/jvm/java-13-openjdk-amd64/lib/libverify.so
7f07f68fc000-7f07f68fe000 r--p 0000e000 07:0f 5213                       /usr/lib/jvm/java-13-openjdk-amd64/lib/libverify.so
7f07f68fe000-7f07f68ff000 rw-p 00010000 07:0f 5213                       /usr/lib/jvm/java-13-openjdk-amd64/lib/libverify.so
7f07f68ff000-7f07f6903000 ---p 00000000 00:00 0 
7f07f6903000-7f07f6a00000 rw-p 00000000 00:00 0 
7f07f6a00000-7f07f6a03000 r--p 00000000 07:0f 8948                       /usr/lib/x86_64-linux-gnu/libgcc_s.so.1
7f07f6a03000-7f07f6a15000 r-xp 00003000 07:0f 8948                       /usr/lib/x86_64-linux-gnu/libgcc_s.so.1
7f07f6a15000-7f07f6a19000 r--p 00015000 07:0f 8948                       /usr/lib/x86_64-linux-gnu/libgcc_s.so.1
7f07f6a19000-7f07f6a1a000 r--p 00018000 07:0f 8948                       /usr/lib/x86_64-linux-gnu/libgcc_s.so.1
7f07f6a1a000-7f07f6a1b000 rw-p 00019000 07:0f 8948                       /usr/lib/x86_64-linux-gnu/libgcc_s.so.1
7f07f6a1b000-7f07f6a28000 r--p 00000000 07:0f 9062                       /usr/lib/x86_64-linux-gnu/libm-2.31.so
7f07f6a28000-7f07f6acf000 r-xp 0000d000 07:0f 9062                       /usr/lib/x86_64-linux-gnu/libm-2.31.so
7f07f6acf000-7f07f6b68000 r--p 000b4000 07:0f 9062                       /usr/lib/x86_64-linux-gnu/libm-2.31.so
7f07f6b68000-7f07f6b69000 r--p 0014c000 07:0f 9062                       /usr/lib/x86_64-linux-gnu/libm-2.31.so
7f07f6b69000-7f07f6b6a000 rw-p 0014d000 07:0f 9062                       /usr/lib/x86_64-linux-gnu/libm-2.31.so
7f07f6b6a000-7f07f6c00000 r--p 00000000 07:0f 9213                       /usr/lib/x86_64-linux-gnu/libstdc++.so.6.0.28
7f07f6c00000-7f07f6cf1000 r-xp 00096000 07:0f 9213                       /usr/lib/x86_64-linux-gnu/libstdc++.so.6.0.28
7f07f6cf1000-7f07f6d3a000 r--p 00187000 07:0f 9213                       /usr/lib/x86_64-linux-gnu/libstdc++.so.6.0.28
7f07f6d3a000-7f07f6d3b000 ---p 001d0000 07:0f 9213                       /usr/lib/x86_64-linux-gnu/libstdc++.so.6.0.28
7f07f6d3b000-7f07f6d46000 r--p 001d0000 07:0f 9213                       /usr/lib/x86_64-linux-gnu/libstdc++.so.6.0.28
7f07f6d46000-7f07f6d49000 rw-p 001db000 07:0f 9213                       /usr/lib/x86_64-linux-gnu/libstdc++.so.6.0.28
7f07f6d49000-7f07f6d4c000 rw-p 00000000 00:00 0 
7f07f6d4c000-7f07f6fd2000 r--p 00000000 07:0f 5226                       /usr/lib/jvm/java-13-openjdk-amd64/lib/server/libjvm.so
7f07f6fd2000-7f07f7d4f000 r-xp 00286000 07:0f 5226                       /usr/lib/jvm/java-13-openjdk-amd64/lib/server/libjvm.so
7f07f7d4f000-7f07f7fca000 r--p 01003000 07:0f 5226                       /usr/lib/jvm/java-13-openjdk-amd64/lib/server/libjvm.so
7f07f7fca000-7f07f808f000 r--p 0127d000 07:0f 5226                       /usr/lib/jvm/java-13-openjdk-amd64/lib/server/libjvm.so
7f07f808f000-7f07f80ca000 rw-p 01342000 07:0f 5226                       /usr/lib/jvm/java-13-openjdk-amd64/lib/server/libjvm.so
7f07f80ca000-7f07f8150000 rw-p 00000000 00:00 0 
7f07f8150000-7f07f8156000 r--p 00000000 07:0f 9166                       /usr/lib/x86_64-linux-gnu/libpthread-2.31.so
7f07f8156000-7f07f8167000 r-xp 00006000 07:0f 9166                       /usr/lib/x86_64-linux-gnu/libpthread-2.31.so
7f07f8167000-7f07f816d000 r--p 00017000 07:0f 9166                       /usr/lib/x86_64-linux-gnu/libpthread-2.31.so
7f07f816d000-7f07f816e000 r--p 0001c000 07:0f 9166                       /usr/lib/x86_64-linux-gnu/libpthread-2.31.so
7f07f816e000-7f07f816f000 rw-p 0001d000 07:0f 9166                       /usr/lib/x86_64-linux-gnu/libpthread-2.31.so
7f07f816f000-7f07f8173000 rw-p 00000000 00:00 0 
7f07f8173000-7f07f8174000 r--p 00000000 07:0f 8893                       /usr/lib/x86_64-linux-gnu/libdl-2.31.so
7f07f8174000-7f07f8176000 r-xp 00001000 07:0f 8893                       /usr/lib/x86_64-linux-gnu/libdl-2.31.so
7f07f8176000-7f07f8177000 r--p 00003000 07:0f 8893                       /usr/lib/x86_64-linux-gnu/libdl-2.31.so
7f07f8177000-7f07f8178000 r--p 00003000 07:0f 8893                       /usr/lib/x86_64-linux-gnu/libdl-2.31.so
7f07f8178000-7f07f8179000 rw-p 00004000 07:0f 8893                       /usr/lib/x86_64-linux-gnu/libdl-2.31.so
7f07f8179000-7f07f817b000 r--p 00000000 07:0f 9290                       /usr/lib/x86_64-linux-gnu/libz.so.1.2.11
7f07f817b000-7f07f818c000 r-xp 00002000 07:0f 9290                       /usr/lib/x86_64-linux-gnu/libz.so.1.2.11
7f07f818c000-7f07f8192000 r--p 00013000 07:0f 9290                       /usr/lib/x86_64-linux-gnu/libz.so.1.2.11
7f07f8192000-7f07f8193000 ---p 00019000 07:0f 9290                       /usr/lib/x86_64-linux-gnu/libz.so.1.2.11
7f07f8193000-7f07f8194000 r--p 00019000 07:0f 9290                       /usr/lib/x86_64-linux-gnu/libz.so.1.2.11
7f07f8194000-7f07f8195000 rw-p 0001a000 07:0f 9290                       /usr/lib/x86_64-linux-gnu/libz.so.1.2.11
7f07f8195000-7f07f81b7000 r--p 00000000 07:0f 8851                       /usr/lib/x86_64-linux-gnu/libc-2.31.so
7f07f81b7000-7f07f832f000 r-xp 00022000 07:0f 8851                       /usr/lib/x86_64-linux-gnu/libc-2.31.so
7f07f832f000-7f07f837d000 r--p 0019a000 07:0f 8851                       /usr/lib/x86_64-linux-gnu/libc-2.31.so
7f07f837d000-7f07f8381000 r--p 001e7000 07:0f 8851                       /usr/lib/x86_64-linux-gnu/libc-2.31.so
7f07f8381000-7f07f8383000 rw-p 001eb000 07:0f 8851                       /usr/lib/x86_64-linux-gnu/libc-2.31.so
7f07f8383000-7f07f8387000 rw-p 00000000 00:00 0 
7f07f8389000-7f07f838b000 r--s 0000c000 07:0f 20930                      /usr/share/java/java-atk-wrapper.jar
7f07f838b000-7f07f838c000 ---p 00000000 00:00 0 
7f07f838c000-7f07f838d000 r--p 00000000 00:00 0 
7f07f838d000-7f07f8390000 r--p 00000000 07:0f 5196                       /usr/lib/jvm/java-13-openjdk-amd64/lib/libjli.so
7f07f8390000-7f07f839a000 r-xp 00003000 07:0f 5196                       /usr/lib/jvm/java-13-openjdk-amd64/lib/libjli.so
7f07f839a000-7f07f839d000 r--p 0000d000 07:0f 5196                       /usr/lib/jvm/java-13-openjdk-amd64/lib/libjli.so
7f07f839d000-7f07f839e000 r--p 0000f000 07:0f 5196                       /usr/lib/jvm/java-13-openjdk-amd64/lib/libjli.so
7f07f839e000-7f07f839f000 rw-p 00010000 07:0f 5196                       /usr/lib/jvm/java-13-openjdk-amd64/lib/libjli.so
7f07f839f000-7f07f83a1000 rw-p 00000000 00:00 0 
7f07f83a1000-7f07f83a2000 r--p 00000000 07:0f 8572                       /usr/lib/x86_64-linux-gnu/ld-2.31.so
7f07f83a2000-7f07f83c5000 r-xp 00001000 07:0f 8572                       /usr/lib/x86_64-linux-gnu/ld-2.31.so
7f07f83c5000-7f07f83cd000 r--p 00024000 07:0f 8572                       /usr/lib/x86_64-linux-gnu/ld-2.31.so
7f07f83cd000-7f07f83ce000 ---p 00000000 00:00 0 
7f07f83ce000-7f07f83cf000 r--p 0002c000 07:0f 8572                       /usr/lib/x86_64-linux-gnu/ld-2.31.so
7f07f83cf000-7f07f83d0000 rw-p 0002d000 07:0f 8572                       /usr/lib/x86_64-linux-gnu/ld-2.31.so
7f07f83d0000-7f07f83d1000 rw-p 00000000 00:00 0 
7ffd3cd86000-7ffd3cda7000 rw-p 00000000 00:00 0                          [stack]
7ffd3cded000-7ffd3cdef000 r-xp 00000000 00:00 0                          [vdso]
ffffffffff600000-ffffffffff601000 r-xp 00000000 00:00 0                  [vsyscall]


VM Arguments:
jvm_args: -Xmx64g --add-modules=ALL-DEFAULT 
java_command: jdk.compiler/com.sun.tools.javac.launcher.Main /mnt/beegfs/rcabanas/dev/credici/papers/JoCI/code/LearnMultiStudy.java -w -x 300 -m 500 -sc KL -th 0.0 --seed 0 --output /mnt/beegfs/rcabanas/dev/credici/papers/JoCI/output/synthetic/s1 -nh 3 /mnt/beegfs/rcabanas/dev/credici/papers/JoCI/models/synthetic/s1/random_mc2_n6_mid3_d1000_05_mr098_r10_54.uai
java_class_path (initial): /mnt/beegfs/rcabanas/dev/credici/target/credici-0.1.5-dev-SNAPSHOT-jar-with-dependencies.jar
Launcher Type: SUN_STANDARD

[Global flags]
     intx CICompilerCount                          = 2                                         {product} {ergonomic}
   size_t InitialHeapSize                          = 2147483648                                {product} {ergonomic}
   size_t MaxHeapSize                              = 68719476736                               {product} {command line}
   size_t MaxNewSize                               = 22906470400                               {product} {ergonomic}
   size_t MinHeapDeltaBytes                        = 196608                                    {product} {ergonomic}
   size_t MinHeapSize                              = 8388608                                   {product} {ergonomic}
   size_t NewSize                                  = 715784192                                 {product} {ergonomic}
    uintx NonNMethodCodeHeapSize                   = 5826188                                {pd product} {ergonomic}
    uintx NonProfiledCodeHeapSize                  = 122916026                              {pd product} {ergonomic}
   size_t OldSize                                  = 1431699456                                {product} {ergonomic}
    uintx ProfiledCodeHeapSize                     = 122916026                              {pd product} {ergonomic}
    uintx ReservedCodeCacheSize                    = 251658240                              {pd product} {ergonomic}
     bool SegmentedCodeCache                       = true                                      {product} {ergonomic}
   size_t SoftMaxHeapSize                          = 68719476736                            {manageable} {ergonomic}
     bool UseSerialGC                              = true                                      {product} {ergonomic}

Logging:
Log output configuration:
 #0: stdout all=warning uptime,level,tags
 #1: stderr all=off uptime,level,tags

Environment Variables:
PATH=/usr/local/sbin:/usr/local/bin:/usr/sbin:/usr/bin:/sbin:/bin
LD_LIBRARY_PATH=/.singularity.d/libs

Signal Handlers:
SIGSEGV: [libjvm.so+0xf8fcf0], sa_mask[0]=11111111011111111101111111111110, sa_flags=SA_RESTART|SA_SIGINFO
SIGBUS: [libjvm.so+0xf8fcf0], sa_mask[0]=11111111011111111101111111111110, sa_flags=SA_RESTART|SA_SIGINFO
SIGFPE: [libjvm.so+0xf8fcf0], sa_mask[0]=11111111011111111101111111111110, sa_flags=SA_RESTART|SA_SIGINFO
SIGPIPE: [libjvm.so+0xc3ffa0], sa_mask[0]=11111111011111111101111111111110, sa_flags=SA_RESTART|SA_SIGINFO
SIGXFSZ: [libjvm.so+0xc3ffa0], sa_mask[0]=11111111011111111101111111111110, sa_flags=SA_RESTART|SA_SIGINFO
SIGILL: [libjvm.so+0xf8fcf0], sa_mask[0]=11111111011111111101111111111110, sa_flags=SA_RESTART|SA_SIGINFO
SIGUSR2: [libjvm.so+0xc3fe40], sa_mask[0]=00000000000000000000000000000000, sa_flags=SA_RESTART|SA_SIGINFO
SIGHUP: [libjvm.so+0xc40580], sa_mask[0]=11111111011111111101111111111110, sa_flags=SA_RESTART|SA_SIGINFO
SIGINT: [libjvm.so+0xc40580], sa_mask[0]=11111111011111111101111111111110, sa_flags=SA_RESTART|SA_SIGINFO
SIGTERM: [libjvm.so+0xc40580], sa_mask[0]=11111111011111111101111111111110, sa_flags=SA_RESTART|SA_SIGINFO
SIGQUIT: [libjvm.so+0xc40580], sa_mask[0]=11111111011111111101111111111110, sa_flags=SA_RESTART|SA_SIGINFO


---------------  S Y S T E M  ---------------

OS:DISTRIB_ID=Ubuntu
DISTRIB_RELEASE=20.04
DISTRIB_CODENAME=focal
DISTRIB_DESCRIPTION="Ubuntu 20.04.4 LTS"
uname:Linux 3.10.0-1160.15.2.el7.x86_64 #1 SMP Wed Feb 3 15:06:38 UTC 2021 x86_64
OS uptime: 533 days 11:30 hours
libc:glibc 2.31 NPTL 2.31 
rlimit (soft/hard): STACK 8192k/infinity , CORE 0k/infinity , NPROC 4096/1030217 , NOFILE 131072/131072 , AS infinity/infinity , CPU infinity/infinity , DATA infinity/infinity , FSIZE infinity/infinity , MEMLOCK infinity/infinity
load average:50.08 50.14 50.19

/proc/meminfo:
MemTotal:       263895364 kB
MemFree:          632036 kB
MemAvailable:     145724 kB
Buffers:           10380 kB
Cached:           193892 kB
SwapCached:       222716 kB
Active:         246092576 kB
Inactive:        7803780 kB
Active(anon):   246009188 kB
Inactive(anon):  7716488 kB
Active(file):      83388 kB
Inactive(file):    87292 kB
Unevictable:       21852 kB
Mlocked:           21852 kB
SwapTotal:       4194300 kB
SwapFree:              8 kB
Dirty:               804 kB
Writeback:             0 kB
AnonPages:      253493436 kB
Mapped:           145040 kB
Shmem:             29692 kB
Slab:             765092 kB
SReclaimable:     172404 kB
SUnreclaim:       592688 kB
KernelStack:       40448 kB
PageTables:       555892 kB
NFS_Unstable:          0 kB
Bounce:                0 kB
WritebackTmp:          0 kB
CommitLimit:    136141980 kB
Committed_AS:   331671940 kB
VmallocTotal:   34359738367 kB
VmallocUsed:      862512 kB
VmallocChunk:   34222409240 kB
Percpu:            22016 kB
HardwareCorrupted:     0 kB
AnonHugePages:  140120064 kB
CmaTotal:              0 kB
CmaFree:               0 kB
HugePages_Total:       0
HugePages_Free:        0
HugePages_Rsvd:        0
HugePages_Surp:        0
Hugepagesize:       2048 kB
DirectMap4k:      505448 kB
DirectMap2M:    20328448 kB
DirectMap1G:    247463936 kB

/sys/kernel/mm/transparent_hugepage/enabled:
[always] madvise never

/sys/kernel/mm/transparent_hugepage/defrag (defrag/compaction efforts parameter):
[always] madvise never


/proc/sys/kernel/threads-max (system-wide limit on the number of threads):
2060435


/proc/sys/vm/max_map_count (maximum number of memory map areas a process may have):
65530


/proc/sys/kernel/pid_max (system-wide limit on number of process identifiers):
65536



Steal ticks since vm start: 0
Steal ticks percentage since vm start:  0.000

CPU:total 64 (initial active 1) (32 cores per cpu, 1 threads per core) family 23 model 49 stepping 0, cmov, cx8, fxsr, mmx, sse, sse2, sse3, ssse3, sse4.1, sse4.2, popcnt, avx, avx2, aes, clmul, mmxext, 3dnowpref, lzcnt, sse4a, tsc, tscinvbit, tscinv, bmi1, bmi2, adx, sha, fma
CPU Model and flags from /proc/cpuinfo:
model name	: AMD EPYC 7542 32-Core Processor
flags		: fpu vme de pse tsc msr pae mce cx8 apic sep mtrr pge mca cmov pat pse36 clflush mmx fxsr sse sse2 ht syscall nx mmxext fxsr_opt pdpe1gb rdtscp lm constant_tsc art rep_good nopl nonstop_tsc extd_apicid aperfmperf eagerfpu pni pclmulqdq monitor ssse3 fma cx16 sse4_1 sse4_2 movbe popcnt aes xsave avx f16c rdrand lahf_lm cmp_legacy svm extapic cr8_legacy abm sse4a misalignsse 3dnowprefetch osvw ibs skinit wdt tce topoext perfctr_core perfctr_nb bpext perfctr_l2 cpb cat_l3 cdp_l3 hw_pstate sme retpoline_amd ssbd ibrs ibpb stibp vmmcall fsgsbase bmi1 avx2 smep bmi2 cqm rdt_a rdseed adx smap clflushopt clwb sha_ni xsaveopt xsavec xgetbv1 cqm_llc cqm_occup_llc cqm_mbm_total cqm_mbm_local clzero irperf xsaveerptr arat npt lbrv svm_lock nrip_save tsc_scale vmcb_clean flushbyasid decodeassists pausefilter pfthreshold avic v_vmsave_vmload vgif umip overflow_recov succor smca
Online cpus:0-63
Offline cpus:
BIOS frequency limitation:2900000
Frequency switch latency (ns):0
Available cpu frequencies:2900000 2400000 1500000 
Current governor:conservative
Core performance/turbo boost:1

Memory: 4k page, physical 263895364k(633228k free), swap 4194300k(0k free)

vm_info: OpenJDK 64-Bit Server VM (13.0.7+5-Ubuntu-0ubuntu120.04) for linux-amd64 JRE (13.0.7+5-Ubuntu-0ubuntu120.04), built on Apr 21 2021 05:36:19 by "unknown" with gcc 9.3.0

END.
