#
# There is insufficient memory for the Java Runtime Environment to continue.
# Native memory allocation (mmap) failed to map 4384444416 bytes for committing reserved memory.
# Possible reasons:
#   The system is out of physical RAM or swap space
# Possible solutions:
#   Reduce memory load on the system
#   Increase physical memory or swap space
#   Check if swap backing store is full
#   Decrease Java heap size (-Xmx/-Xms)
#   Decrease number of Java threads
#   Decrease Java thread stack sizes (-Xss)
#   Set larger code cache with -XX:ReservedCodeCacheSize=
# This output file may be truncated or incomplete.
#
#  Out of Memory Error (os_linux.cpp:2899), pid=64592, tid=64594
#
# JRE version: OpenJDK Runtime Environment (13.0.7+5) (build 13.0.7+5-Ubuntu-0ubuntu120.04)
# Java VM: OpenJDK 64-Bit Server VM (13.0.7+5-Ubuntu-0ubuntu120.04, mixed mode, tiered, serial gc, linux-amd64)
# No core dump will be written. Core dumps have been disabled. To enable core dumping, try "ulimit -c unlimited" before starting Java again
#

---------------  S U M M A R Y ------------

Command Line: -Xmx64g --add-modules=ALL-DEFAULT jdk.compiler/com.sun.tools.javac.launcher.Main /mnt/beegfs/rcabanas/dev/credici/papers/JoCI/code/LearnMultiStudy.java -w -x 300 -m 500 -sc KL -th 0.0 --seed 0 --output /mnt/beegfs/rcabanas/dev/credici/papers/JoCI/output/synthetic/s1 -nh 3 /mnt/beegfs/rcabanas/dev/credici/papers/JoCI/models/synthetic/s1/random_mc2_n7_mid3_d1000_05_mr098_r10_25.uai

Host: AMD EPYC 7542 32-Core Processor, 64 cores, 251G, Ubuntu 20.04.4 LTS
Time: Sun Dec 11 07:45:47 2022 CET elapsed time: 22752.082786 seconds (0d 6h 19m 12s)

---------------  T H R E A D  ---------------

Current thread (0x00007f6e50097800):  VMThread "VM Thread" [stack: 0x00007f6e54479000,0x00007f6e54579000] [id=64594]

Stack: [0x00007f6e54479000,0x00007f6e54579000],  sp=0x00007f6e54577160,  free space=1016k
Native frames: (J=compiled Java code, A=aot compiled Java code, j=interpreted, Vv=VM code, C=native code)
V  [libjvm.so+0xf8f092]
V  [libjvm.so+0xf8fc91]
V  [libjvm.so+0x66ee5a]
V  [libjvm.so+0xc44a41]
V  [libjvm.so+0xc3b263]
V  [libjvm.so+0xf87f4b]
V  [libjvm.so+0x557506]
V  [libjvm.so+0x557723]
V  [libjvm.so+0xf18b0c]
V  [libjvm.so+0x557e65]
V  [libjvm.so+0x7e2edb]
V  [libjvm.so+0x7e39bd]
V  [libjvm.so+0x7d8b48]
V  [libjvm.so+0xf90940]
V  [libjvm.so+0xf96657]
V  [libjvm.so+0xf96d2b]
V  [libjvm.so+0xf9706a]
V  [libjvm.so+0xf2208f]
V  [libjvm.so+0xc493ff]

VM_Operation (0x00007f6e549e9270): GenCollectForAllocation, mode: safepoint, requested by thread 0x00007f6e50018000


---------------  P R O C E S S  ---------------

Threads class SMR info:
_java_thread_list=0x00007f6e501365a0, length=9, elements={
0x00007f6e50018000, 0x00007f6e500a3800, 0x00007f6e500a7000, 0x00007f6e500cb800,
0x00007f6e500cd000, 0x00007f6e500cf000, 0x00007f6e500d1000, 0x00007f6e500d3000,
0x00007f6e50135000
}

Java Threads: ( => current thread )
  0x00007f6e50018000 JavaThread "main" [_thread_blocked, id=64593, stack(0x00007f6e548eb000,0x00007f6e549ec000)]
  0x00007f6e500a3800 JavaThread "Reference Handler" daemon [_thread_blocked, id=64595, stack(0x00007f6e54376000,0x00007f6e54477000)]
  0x00007f6e500a7000 JavaThread "Finalizer" daemon [_thread_blocked, id=64596, stack(0x00007f6e54275000,0x00007f6e54376000)]
  0x00007f6e500cb800 JavaThread "Signal Dispatcher" daemon [_thread_blocked, id=64597, stack(0x00007f6e5413b000,0x00007f6e5423c000)]
  0x00007f6e500cd000 JavaThread "Service Thread" daemon [_thread_blocked, id=64598, stack(0x00007f6e5403a000,0x00007f6e5413b000)]
  0x00007f6e500cf000 JavaThread "C2 CompilerThread0" daemon [_thread_blocked, id=64599, stack(0x00007f6e38689000,0x00007f6e3878a000)]
  0x00007f6e500d1000 JavaThread "C1 CompilerThread0" daemon [_thread_blocked, id=64600, stack(0x00007f5e2a7a8000,0x00007f5e2a8a9000)]
  0x00007f6e500d3000 JavaThread "Sweeper thread" daemon [_thread_blocked, id=64601, stack(0x00007f5e2a6a7000,0x00007f5e2a7a8000)]
  0x00007f6e50135000 JavaThread "Common-Cleaner" daemon [_thread_blocked, id=64602, stack(0x00007f5e2a5a6000,0x00007f5e2a6a7000)]

Other Threads:
=>0x00007f6e50097800 VMThread "VM Thread" [stack: 0x00007f6e54479000,0x00007f6e54579000] [id=64594]
  0x00007f6e50182000 WatcherThread [stack: 0x00007f5e2a4a6000,0x00007f5e2a5a6000] [id=64603]

Threads with active compile tasks:

VM state:at safepoint (normal execution)

VM Mutex/Monitor currently owned by a thread:  ([mutex/lock_event])
[0x00007f6e500141d0] Threads_lock - owner thread: 0x00007f6e50097800
[0x00007f6e50014dd0] Heap_lock - owner thread: 0x00007f6e50018000

Heap:
 def new generation   total 2890048K, used 3025K [0x00007f5e38600000, 0x00007f5efc5e0000, 0x00007f638db50000)
  eden space 2568960K,   0% used [0x00007f5e38600000, 0x00007f5e388f4470, 0x00007f5ed52c0000)
  from space 321088K,   0% used [0x00007f5ee8c50000, 0x00007f5ee8c50000, 0x00007f5efc5e0000)
  to   space 321088K,   0% used [0x00007f5ed52c0000, 0x00007f5ed52c0000, 0x00007f5ee8c50000)
 tenured generation   total 6422524K, used 6422523K [0x00007f638db50000, 0x00007f6515b4f000, 0x00007f6e38600000)
   the space 6422524K,  99% used [0x00007f638db50000, 0x00007f6515b4efa0, 0x00007f6515b4f000, 0x00007f6515b4f000)
 Metaspace       used 25078K, capacity 25565K, committed 25600K, reserved 26624K

Card table byte_map: [0x00007f5e305ff000,0x00007f5e38600000] _byte_map_base: 0x00007f1e8143c000

Polling page: 0x00007f6e56377000

Metaspace:

Usage:
   24.97 MB capacity,    24.49 MB ( 98%) used,   370.16 KB (  1%) free+waste,   116.00 KB ( <1%) overhead. 

Virtual space:
     26.00 MB reserved,      25.00 MB ( 96%) committed 

Chunk freelists:
19.00 KB

MaxMetaspaceSize: unlimited


CodeHeap 'non-profiled nmethods': size=120036Kb used=2925Kb max_used=2925Kb free=117110Kb
 bounds [0x00007f6e40251000, 0x00007f6e40531000, 0x00007f6e4778a000]
CodeHeap 'profiled nmethods': size=120032Kb used=5812Kb max_used=8031Kb free=114219Kb
 bounds [0x00007f6e38d19000, 0x00007f6e394f9000, 0x00007f6e40251000]
CodeHeap 'non-nmethods': size=5692Kb used=1203Kb max_used=1249Kb free=4488Kb
 bounds [0x00007f6e3878a000, 0x00007f6e389fa000, 0x00007f6e38d19000]
 total_blobs=4107 nmethods=3634 adapters=388
 compilation: enabled
              stopped_count=0, restarted_count=0
 full_count=0

Compilation events (20 events):
Event: 18549.774 Thread 0x00007f6e500d1000 nmethod 4840 0x00007f6e38d81310 code [0x00007f6e38d81520, 0x00007f6e38d81de0]
Event: 18549.774 Thread 0x00007f6e500d1000 4841       3       code.LearnMultiStudy$$Lambda$376/0x00007f5e294d70b0::test (12 bytes)
Event: 18549.774 Thread 0x00007f6e500d1000 nmethod 4841 0x00007f6e392b9290 code [0x00007f6e392b9460, 0x00007f6e392b9960]
Event: 18549.779 Thread 0x00007f6e500cf000 nmethod 4831% 0x00007f6e40523110 code [0x00007f6e405232e0, 0x00007f6e40523d08]
Event: 18549.779 Thread 0x00007f6e500cf000 4835       4       gnu.trove.map.hash.TIntIntHashMap::iterator (10 bytes)
Event: 18549.791 Thread 0x00007f6e500cf000 nmethod 4835 0x00007f6e40524790 code [0x00007f6e40524900, 0x00007f6e405249f8]
Event: 18550.192 Thread 0x00007f6e500cf000 4842       4       ch.idsia.crema.factor.FactorUtil::combine (48 bytes)
Event: 18550.197 Thread 0x00007f6e500cf000 nmethod 4842 0x00007f6e40524b10 code [0x00007f6e40524cc0, 0x00007f6e40525068]
Event: 18550.213 Thread 0x00007f6e500cf000 4843       4       ch.idsia.crema.inference.ve.FactorQueue::next (57 bytes)
Event: 18550.224 Thread 0x00007f6e500cf000 nmethod 4843 0x00007f6e40525590 code [0x00007f6e405257a0, 0x00007f6e40526328]
Event: 18550.248 Thread 0x00007f6e500d1000 4844       3       ch.idsia.crema.factor.bayesian.BayesianFactor::divide (9 bytes)
Event: 18550.248 Thread 0x00007f6e500d1000 nmethod 4844 0x00007f6e39359110 code [0x00007f6e393592c0, 0x00007f6e393594c0]
Event: 18550.261 Thread 0x00007f6e500d1000 4845       3       ch.idsia.crema.factor.bayesian.BayesianFactor::filter (7 bytes)
Event: 18550.261 Thread 0x00007f6e500d1000 nmethod 4845 0x00007f6e38f39810 code [0x00007f6e38f399e0, 0x00007f6e38f39dd0]
Event: 18550.319 Thread 0x00007f6e500cf000 4846       4       ch.idsia.crema.model.Strides::intersection (157 bytes)
Event: 18550.330 Thread 0x00007f6e500cf000 nmethod 4846 0x00007f6e40526d10 code [0x00007f6e40526ec0, 0x00007f6e40527c38]
Event: 18550.358 Thread 0x00007f6e500cf000 4847       4       ch.idsia.crema.factor.bayesian.BayesianFactor::filter (7 bytes)
Event: 18550.360 Thread 0x00007f6e500cf000 nmethod 4847 0x00007f6e40528110 code [0x00007f6e405282a0, 0x00007f6e40528448]
Event: 18550.485 Thread 0x00007f6e500cf000 4848       4       ch.idsia.crema.inference.ve.VariableElimination::run (190 bytes)
Event: 18550.571 Thread 0x00007f6e500cf000 nmethod 4848 0x00007f6e40528690 code [0x00007f6e40528980, 0x00007f6e4052a870]

GC Heap History (20 events):
Event: 22726.303 GC heap after
{Heap after GC invocations=29217 (full 4):
 def new generation   total 2890048K, used 3281K [0x00007f5e38600000, 0x00007f5efc5e0000, 0x00007f638db50000)
  eden space 2568960K,   0% used [0x00007f5e38600000, 0x00007f5e38600000, 0x00007f5ed52c0000)
  from space 321088K,   1% used [0x00007f5ed52c0000, 0x00007f5ed55f45b0, 0x00007f5ee8c50000)
  to   space 321088K,   0% used [0x00007f5ee8c50000, 0x00007f5ee8c50000, 0x00007f5efc5e0000)
 tenured generation   total 6422140K, used 6420494K [0x00007f638db50000, 0x00007f6515aef000, 0x00007f6e38600000)
   the space 6422140K,  99% used [0x00007f638db50000, 0x00007f65159538e0, 0x00007f6515953a00, 0x00007f6515aef000)
 Metaspace       used 25078K, capacity 25565K, committed 25600K, reserved 26624K
}
Event: 22727.895 GC heap before
{Heap before GC invocations=29217 (full 4):
 def new generation   total 2890048K, used 2572241K [0x00007f5e38600000, 0x00007f5efc5e0000, 0x00007f638db50000)
  eden space 2568960K, 100% used [0x00007f5e38600000, 0x00007f5ed52c0000, 0x00007f5ed52c0000)
  from space 321088K,   1% used [0x00007f5ed52c0000, 0x00007f5ed55f45b0, 0x00007f5ee8c50000)
  to   space 321088K,   0% used [0x00007f5ee8c50000, 0x00007f5ee8c50000, 0x00007f5efc5e0000)
 tenured generation   total 6422140K, used 6420494K [0x00007f638db50000, 0x00007f6515aef000, 0x00007f6e38600000)
   the space 6422140K,  99% used [0x00007f638db50000, 0x00007f65159538e0, 0x00007f6515953a00, 0x00007f6515aef000)
 Metaspace       used 25078K, capacity 25565K, committed 25600K, reserved 26624K
}
Event: 22727.902 GC heap after
{Heap after GC invocations=29218 (full 4):
 def new generation   total 2890048K, used 3253K [0x00007f5e38600000, 0x00007f5efc5e0000, 0x00007f638db50000)
  eden space 2568960K,   0% used [0x00007f5e38600000, 0x00007f5e38600000, 0x00007f5ed52c0000)
  from space 321088K,   1% used [0x00007f5ee8c50000, 0x00007f5ee8f7d668, 0x00007f5efc5e0000)
  to   space 321088K,   0% used [0x00007f5ed52c0000, 0x00007f5ed52c0000, 0x00007f5ee8c50000)
 tenured generation   total 6422140K, used 6420680K [0x00007f638db50000, 0x00007f6515aef000, 0x00007f6e38600000)
   the space 6422140K,  99% used [0x00007f638db50000, 0x00007f65159823e8, 0x00007f6515982400, 0x00007f6515aef000)
 Metaspace       used 25078K, capacity 25565K, committed 25600K, reserved 26624K
}
Event: 22729.491 GC heap before
{Heap before GC invocations=29218 (full 4):
 def new generation   total 2890048K, used 2572213K [0x00007f5e38600000, 0x00007f5efc5e0000, 0x00007f638db50000)
  eden space 2568960K, 100% used [0x00007f5e38600000, 0x00007f5ed52c0000, 0x00007f5ed52c0000)
  from space 321088K,   1% used [0x00007f5ee8c50000, 0x00007f5ee8f7d668, 0x00007f5efc5e0000)
  to   space 321088K,   0% used [0x00007f5ed52c0000, 0x00007f5ed52c0000, 0x00007f5ee8c50000)
 tenured generation   total 6422140K, used 6420680K [0x00007f638db50000, 0x00007f6515aef000, 0x00007f6e38600000)
   the space 6422140K,  99% used [0x00007f638db50000, 0x00007f65159823e8, 0x00007f6515982400, 0x00007f6515aef000)
 Metaspace       used 25078K, capacity 25565K, committed 25600K, reserved 26624K
}
Event: 22729.497 GC heap after
{Heap after GC invocations=29219 (full 4):
 def new generation   total 2890048K, used 3216K [0x00007f5e38600000, 0x00007f5efc5e0000, 0x00007f638db50000)
  eden space 2568960K,   0% used [0x00007f5e38600000, 0x00007f5e38600000, 0x00007f5ed52c0000)
  from space 321088K,   1% used [0x00007f5ed52c0000, 0x00007f5ed55e43e8, 0x00007f5ee8c50000)
  to   space 321088K,   0% used [0x00007f5ee8c50000, 0x00007f5ee8c50000, 0x00007f5efc5e0000)
 tenured generation   total 6422140K, used 6420894K [0x00007f638db50000, 0x00007f6515aef000, 0x00007f6e38600000)
   the space 6422140K,  99% used [0x00007f638db50000, 0x00007f65159b79a8, 0x00007f65159b7a00, 0x00007f6515aef000)
 Metaspace       used 25078K, capacity 25565K, committed 25600K, reserved 26624K
}
Event: 22731.072 GC heap before
{Heap before GC invocations=29219 (full 4):
 def new generation   total 2890048K, used 2572176K [0x00007f5e38600000, 0x00007f5efc5e0000, 0x00007f638db50000)
  eden space 2568960K, 100% used [0x00007f5e38600000, 0x00007f5ed52c0000, 0x00007f5ed52c0000)
  from space 321088K,   1% used [0x00007f5ed52c0000, 0x00007f5ed55e43e8, 0x00007f5ee8c50000)
  to   space 321088K,   0% used [0x00007f5ee8c50000, 0x00007f5ee8c50000, 0x00007f5efc5e0000)
 tenured generation   total 6422140K, used 6420894K [0x00007f638db50000, 0x00007f6515aef000, 0x00007f6e38600000)
   the space 6422140K,  99% used [0x00007f638db50000, 0x00007f65159b79a8, 0x00007f65159b7a00, 0x00007f6515aef000)
 Metaspace       used 25078K, capacity 25565K, committed 25600K, reserved 26624K
}
Event: 22731.078 GC heap after
{Heap after GC invocations=29220 (full 4):
 def new generation   total 2890048K, used 3157K [0x00007f5e38600000, 0x00007f5efc5e0000, 0x00007f638db50000)
  eden space 2568960K,   0% used [0x00007f5e38600000, 0x00007f5e38600000, 0x00007f5ed52c0000)
  from space 321088K,   0% used [0x00007f5ee8c50000, 0x00007f5ee8f654a0, 0x00007f5efc5e0000)
  to   space 321088K,   0% used [0x00007f5ed52c0000, 0x00007f5ed52c0000, 0x00007f5ee8c50000)
 tenured generation   total 6422140K, used 6421107K [0x00007f638db50000, 0x00007f6515aef000, 0x00007f6e38600000)
   the space 6422140K,  99% used [0x00007f638db50000, 0x00007f65159ecf68, 0x00007f65159ed000, 0x00007f6515aef000)
 Metaspace       used 25078K, capacity 25565K, committed 25600K, reserved 26624K
}
Event: 22732.648 GC heap before
{Heap before GC invocations=29220 (full 4):
 def new generation   total 2890048K, used 2572117K [0x00007f5e38600000, 0x00007f5efc5e0000, 0x00007f638db50000)
  eden space 2568960K, 100% used [0x00007f5e38600000, 0x00007f5ed52c0000, 0x00007f5ed52c0000)
  from space 321088K,   0% used [0x00007f5ee8c50000, 0x00007f5ee8f654a0, 0x00007f5efc5e0000)
  to   space 321088K,   0% used [0x00007f5ed52c0000, 0x00007f5ed52c0000, 0x00007f5ee8c50000)
 tenured generation   total 6422140K, used 6421107K [0x00007f638db50000, 0x00007f6515aef000, 0x00007f6e38600000)
   the space 6422140K,  99% used [0x00007f638db50000, 0x00007f65159ecf68, 0x00007f65159ed000, 0x00007f6515aef000)
 Metaspace       used 25078K, capacity 25565K, committed 25600K, reserved 26624K
}
Event: 22732.655 GC heap after
{Heap after GC invocations=29221 (full 4):
 def new generation   total 2890048K, used 3269K [0x00007f5e38600000, 0x00007f5efc5e0000, 0x00007f638db50000)
  eden space 2568960K,   0% used [0x00007f5e38600000, 0x00007f5e38600000, 0x00007f5ed52c0000)
  from space 321088K,   1% used [0x00007f5ed52c0000, 0x00007f5ed55f17d8, 0x00007f5ee8c50000)
  to   space 321088K,   0% used [0x00007f5ee8c50000, 0x00007f5ee8c50000, 0x00007f5efc5e0000)
 tenured generation   total 6422140K, used 6421321K [0x00007f638db50000, 0x00007f6515aef000, 0x00007f6e38600000)
   the space 6422140K,  99% used [0x00007f638db50000, 0x00007f6515a22528, 0x00007f6515a22600, 0x00007f6515aef000)
 Metaspace       used 25078K, capacity 25565K, committed 25600K, reserved 26624K
}
Event: 22734.228 GC heap before
{Heap before GC invocations=29221 (full 4):
 def new generation   total 2890048K, used 2572229K [0x00007f5e38600000, 0x00007f5efc5e0000, 0x00007f638db50000)
  eden space 2568960K, 100% used [0x00007f5e38600000, 0x00007f5ed52c0000, 0x00007f5ed52c0000)
  from space 321088K,   1% used [0x00007f5ed52c0000, 0x00007f5ed55f17d8, 0x00007f5ee8c50000)
  to   space 321088K,   0% used [0x00007f5ee8c50000, 0x00007f5ee8c50000, 0x00007f5efc5e0000)
 tenured generation   total 6422140K, used 6421321K [0x00007f638db50000, 0x00007f6515aef000, 0x00007f6e38600000)
   the space 6422140K,  99% used [0x00007f638db50000, 0x00007f6515a22528, 0x00007f6515a22600, 0x00007f6515aef000)
 Metaspace       used 25078K, capacity 25565K, committed 25600K, reserved 26624K
}
Event: 22734.238 GC heap after
{Heap after GC invocations=29222 (full 4):
 def new generation   total 2890048K, used 3226K [0x00007f5e38600000, 0x00007f5efc5e0000, 0x00007f638db50000)
  eden space 2568960K,   0% used [0x00007f5e38600000, 0x00007f5e38600000, 0x00007f5ed52c0000)
  from space 321088K,   1% used [0x00007f5ee8c50000, 0x00007f5ee8f769c0, 0x00007f5efc5e0000)
  to   space 321088K,   0% used [0x00007f5ed52c0000, 0x00007f5ed52c0000, 0x00007f5ee8c50000)
 tenured generation   total 6422140K, used 6421508K [0x00007f638db50000, 0x00007f6515aef000, 0x00007f6e38600000)
   the space 6422140K,  99% used [0x00007f638db50000, 0x00007f6515a51030, 0x00007f6515a51200, 0x00007f6515aef000)
 Metaspace       used 25078K, capacity 25565K, committed 25600K, reserved 26624K
}
Event: 22735.810 GC heap before
{Heap before GC invocations=29222 (full 4):
 def new generation   total 2890048K, used 2572186K [0x00007f5e38600000, 0x00007f5efc5e0000, 0x00007f638db50000)
  eden space 2568960K, 100% used [0x00007f5e38600000, 0x00007f5ed52c0000, 0x00007f5ed52c0000)
  from space 321088K,   1% used [0x00007f5ee8c50000, 0x00007f5ee8f769c0, 0x00007f5efc5e0000)
  to   space 321088K,   0% used [0x00007f5ed52c0000, 0x00007f5ed52c0000, 0x00007f5ee8c50000)
 tenured generation   total 6422140K, used 6421508K [0x00007f638db50000, 0x00007f6515aef000, 0x00007f6e38600000)
   the space 6422140K,  99% used [0x00007f638db50000, 0x00007f6515a51030, 0x00007f6515a51200, 0x00007f6515aef000)
 Metaspace       used 25078K, capacity 25565K, committed 25600K, reserved 26624K
}
Event: 22735.817 GC heap after
{Heap after GC invocations=29223 (full 4):
 def new generation   total 2890048K, used 3175K [0x00007f5e38600000, 0x00007f5efc5e0000, 0x00007f638db50000)
  eden space 2568960K,   0% used [0x00007f5e38600000, 0x00007f5e38600000, 0x00007f5ed52c0000)
  from space 321088K,   0% used [0x00007f5ed52c0000, 0x00007f5ed55d9f90, 0x00007f5ee8c50000)
  to   space 321088K,   0% used [0x00007f5ee8c50000, 0x00007f5ee8c50000, 0x00007f5efc5e0000)
 tenured generation   total 6422140K, used 6421721K [0x00007f638db50000, 0x00007f6515aef000, 0x00007f6e38600000)
   the space 6422140K,  99% used [0x00007f638db50000, 0x00007f6515a865f0, 0x00007f6515a86600, 0x00007f6515aef000)
 Metaspace       used 25078K, capacity 25565K, committed 25600K, reserved 26624K
}
Event: 22737.389 GC heap before
{Heap before GC invocations=29223 (full 4):
 def new generation   total 2890048K, used 2572135K [0x00007f5e38600000, 0x00007f5efc5e0000, 0x00007f638db50000)
  eden space 2568960K, 100% used [0x00007f5e38600000, 0x00007f5ed52c0000, 0x00007f5ed52c0000)
  from space 321088K,   0% used [0x00007f5ed52c0000, 0x00007f5ed55d9f90, 0x00007f5ee8c50000)
  to   space 321088K,   0% used [0x00007f5ee8c50000, 0x00007f5ee8c50000, 0x00007f5efc5e0000)
 tenured generation   total 6422140K, used 6421721K [0x00007f638db50000, 0x00007f6515aef000, 0x00007f6e38600000)
   the space 6422140K,  99% used [0x00007f638db50000, 0x00007f6515a865f0, 0x00007f6515a86600, 0x00007f6515aef000)
 Metaspace       used 25078K, capacity 25565K, committed 25600K, reserved 26624K
}
Event: 22737.397 GC heap after
{Heap after GC invocations=29224 (full 4):
 def new generation   total 2890048K, used 3300K [0x00007f5e38600000, 0x00007f5efc5e0000, 0x00007f638db50000)
  eden space 2568960K,   0% used [0x00007f5e38600000, 0x00007f5e38600000, 0x00007f5ed52c0000)
  from space 321088K,   1% used [0x00007f5ee8c50000, 0x00007f5ee8f892a8, 0x00007f5efc5e0000)
  to   space 321088K,   0% used [0x00007f5ed52c0000, 0x00007f5ed52c0000, 0x00007f5ee8c50000)
 tenured generation   total 6422140K, used 6421934K [0x00007f638db50000, 0x00007f6515aef000, 0x00007f6e38600000)
   the space 6422140K,  99% used [0x00007f638db50000, 0x00007f6515abbbb0, 0x00007f6515abbc00, 0x00007f6515aef000)
 Metaspace       used 25078K, capacity 25565K, committed 25600K, reserved 26624K
}
Event: 22739.002 GC heap before
{Heap before GC invocations=29224 (full 4):
 def new generation   total 2890048K, used 2572260K [0x00007f5e38600000, 0x00007f5efc5e0000, 0x00007f638db50000)
  eden space 2568960K, 100% used [0x00007f5e38600000, 0x00007f5ed52c0000, 0x00007f5ed52c0000)
  from space 321088K,   1% used [0x00007f5ee8c50000, 0x00007f5ee8f892a8, 0x00007f5efc5e0000)
  to   space 321088K,   0% used [0x00007f5ed52c0000, 0x00007f5ed52c0000, 0x00007f5ee8c50000)
 tenured generation   total 6422140K, used 6421934K [0x00007f638db50000, 0x00007f6515aef000, 0x00007f6e38600000)
   the space 6422140K,  99% used [0x00007f638db50000, 0x00007f6515abbbb0, 0x00007f6515abbc00, 0x00007f6515aef000)
 Metaspace       used 25078K, capacity 25565K, committed 25600K, reserved 26624K
}
Event: 22739.008 GC heap after
{Heap after GC invocations=29225 (full 4):
 def new generation   total 2890048K, used 3260K [0x00007f5e38600000, 0x00007f5efc5e0000, 0x00007f638db50000)
  eden space 2568960K,   0% used [0x00007f5e38600000, 0x00007f5e38600000, 0x00007f5ed52c0000)
  from space 321088K,   1% used [0x00007f5ed52c0000, 0x00007f5ed55ef090, 0x00007f5ee8c50000)
  to   space 321088K,   0% used [0x00007f5ee8c50000, 0x00007f5ee8c50000, 0x00007f5efc5e0000)
 tenured generation   total 6422140K, used 6422121K [0x00007f638db50000, 0x00007f6515aef000, 0x00007f6e38600000)
   the space 6422140K,  99% used [0x00007f638db50000, 0x00007f6515aea6b8, 0x00007f6515aea800, 0x00007f6515aef000)
 Metaspace       used 25078K, capacity 25565K, committed 25600K, reserved 26624K
}
Event: 22740.651 GC heap before
{Heap before GC invocations=29225 (full 4):
 def new generation   total 2890048K, used 2572220K [0x00007f5e38600000, 0x00007f5efc5e0000, 0x00007f638db50000)
  eden space 2568960K, 100% used [0x00007f5e38600000, 0x00007f5ed52c0000, 0x00007f5ed52c0000)
  from space 321088K,   1% used [0x00007f5ed52c0000, 0x00007f5ed55ef090, 0x00007f5ee8c50000)
  to   space 321088K,   0% used [0x00007f5ee8c50000, 0x00007f5ee8c50000, 0x00007f5efc5e0000)
 tenured generation   total 6422140K, used 6422121K [0x00007f638db50000, 0x00007f6515aef000, 0x00007f6e38600000)
   the space 6422140K,  99% used [0x00007f638db50000, 0x00007f6515aea6b8, 0x00007f6515aea800, 0x00007f6515aef000)
 Metaspace       used 25078K, capacity 25565K, committed 25600K, reserved 26624K
}
Event: 22740.660 GC heap after
{Heap after GC invocations=29226 (full 4):
 def new generation   total 2890048K, used 3213K [0x00007f5e38600000, 0x00007f5efc5e0000, 0x00007f638db50000)
  eden space 2568960K,   0% used [0x00007f5e38600000, 0x00007f5e38600000, 0x00007f5ed52c0000)
  from space 321088K,   1% used [0x00007f5ee8c50000, 0x00007f5ee8f73798, 0x00007f5efc5e0000)
  to   space 321088K,   0% used [0x00007f5ed52c0000, 0x00007f5ed52c0000, 0x00007f5ee8c50000)
 tenured generation   total 6422524K, used 6422335K [0x00007f638db50000, 0x00007f6515b4f000, 0x00007f6e38600000)
   the space 6422524K,  99% used [0x00007f638db50000, 0x00007f6515b1fc78, 0x00007f6515b1fe00, 0x00007f6515b4f000)
 Metaspace       used 25078K, capacity 25565K, committed 25600K, reserved 26624K
}
Event: 22740.660 GC heap before
{Heap before GC invocations=29226 (full 4):
 def new generation   total 2890048K, used 3213K [0x00007f5e38600000, 0x00007f5efc5e0000, 0x00007f638db50000)
  eden space 2568960K,   0% used [0x00007f5e38600000, 0x00007f5e38600000, 0x00007f5ed52c0000)
  from space 321088K,   1% used [0x00007f5ee8c50000, 0x00007f5ee8f73798, 0x00007f5efc5e0000)
  to   space 321088K,   0% used [0x00007f5ed52c0000, 0x00007f5ed52c0000, 0x00007f5ee8c50000)
 tenured generation   total 6422524K, used 6422335K [0x00007f638db50000, 0x00007f6515b4f000, 0x00007f6e38600000)
   the space 6422524K,  99% used [0x00007f638db50000, 0x00007f6515b1fc78, 0x00007f6515b1fe00, 0x00007f6515b4f000)
 Metaspace       used 25078K, capacity 25565K, committed 25600K, reserved 26624K
}

Deoptimization events (20 events):
Event: 18549.751 Thread 0x00007f6e50018000 Uncommon trap: trap_request=0xffffff66 fr.pc=0x00007f6e40353c48 relative=0x0000000000000408
Event: 18549.751 Thread 0x00007f6e50018000 Uncommon trap: reason=speculate_class_check action=maybe_recompile pc=0x00007f6e40353c48 method=java.util.stream.SpinedBuffer$OfPrimitive.asPrimitiveArray()Ljava/lang/Object; @ 33 c2
Event: 18549.751 Thread 0x00007f6e50018000 DEOPT PACKING pc=0x00007f6e40353c48 sp=0x00007f6e549e9950
Event: 18549.751 Thread 0x00007f6e50018000 DEOPT UNPACKING pc=0x00007f6e387d2e25 sp=0x00007f6e549e9918 mode 2
Event: 18549.751 Thread 0x00007f6e50018000 Uncommon trap: trap_request=0xffffff45 fr.pc=0x00007f6e404e3708 relative=0x0000000000000268
Event: 18549.751 Thread 0x00007f6e50018000 Uncommon trap: reason=unstable_if action=reinterpret pc=0x00007f6e404e3708 method=com.google.common.collect.ImmutableSet$SetBuilderImpl.ensureCapacity(I)V @ 6 c2
Event: 18549.751 Thread 0x00007f6e50018000 DEOPT PACKING pc=0x00007f6e404e3708 sp=0x00007f6e549e98b0
Event: 18549.751 Thread 0x00007f6e50018000 DEOPT UNPACKING pc=0x00007f6e387d2e25 sp=0x00007f6e549e9780 mode 2
Event: 18549.751 Thread 0x00007f6e50018000 Uncommon trap: trap_request=0xffffff45 fr.pc=0x00007f6e404e31cc relative=0x000000000000004c
Event: 18549.751 Thread 0x00007f6e50018000 Uncommon trap: reason=unstable_if action=reinterpret pc=0x00007f6e404e31cc method=com.google.common.collect.ImmutableSet$RegularSetBuilderImpl.ensureTableCapacity(I)V @ 5 c2
Event: 18549.751 Thread 0x00007f6e50018000 DEOPT PACKING pc=0x00007f6e404e31cc sp=0x00007f6e549e9820
Event: 18549.751 Thread 0x00007f6e50018000 DEOPT UNPACKING pc=0x00007f6e387d2e25 sp=0x00007f6e549e97d0 mode 2
Event: 18549.752 Thread 0x00007f6e50018000 Uncommon trap: trap_request=0xffffff66 fr.pc=0x00007f6e40353c48 relative=0x0000000000000408
Event: 18549.752 Thread 0x00007f6e50018000 Uncommon trap: reason=speculate_class_check action=maybe_recompile pc=0x00007f6e40353c48 method=java.util.stream.SpinedBuffer$OfPrimitive.asPrimitiveArray()Ljava/lang/Object; @ 33 c2
Event: 18549.752 Thread 0x00007f6e50018000 DEOPT PACKING pc=0x00007f6e40353c48 sp=0x00007f6e549e99b0
Event: 18549.752 Thread 0x00007f6e50018000 DEOPT UNPACKING pc=0x00007f6e387d2e25 sp=0x00007f6e549e9978 mode 2
Event: 18550.284 Thread 0x00007f6e50018000 DEOPT PACKING pc=0x00007f6e38f0420e sp=0x00007f6e549e9560
Event: 18550.284 Thread 0x00007f6e50018000 DEOPT UNPACKING pc=0x00007f6e387d333a sp=0x00007f6e549e8a98 mode 0
Event: 18550.504 Thread 0x00007f6e50018000 DEOPT PACKING pc=0x00007f6e38f0420e sp=0x00007f6e549e9560
Event: 18550.504 Thread 0x00007f6e50018000 DEOPT UNPACKING pc=0x00007f6e387d333a sp=0x00007f6e549e8a98 mode 0

Classes unloaded (0 events):
No events

Classes redefined (0 events):
No events

Internal exceptions (20 events):
Event: 3.600 Thread 0x00007f6e50018000 Exception <a 'java/lang/ArrayIndexOutOfBoundsException'{0x00007f5e3f42d338}> (0x00007f5e3f42d338) 
thrown [src/hotspot/share/runtime/sharedRuntime.cpp, line 585]
Event: 3.686 Thread 0x00007f6e50018000 Exception <a 'java/lang/ArrayIndexOutOfBoundsException'{0x00007f5e40bb4a90}> (0x00007f5e40bb4a90) 
thrown [src/hotspot/share/runtime/sharedRuntime.cpp, line 585]
Event: 3.687 Thread 0x00007f6e50018000 Exception <a 'java/lang/ArrayIndexOutOfBoundsException'{0x00007f5e40c4d3c0}> (0x00007f5e40c4d3c0) 
thrown [src/hotspot/share/runtime/sharedRuntime.cpp, line 585]
Event: 3.736 Thread 0x00007f6e50018000 Exception <a 'java/lang/ArrayIndexOutOfBoundsException'{0x00007f5e41cfd698}> (0x00007f5e41cfd698) 
thrown [src/hotspot/share/runtime/sharedRuntime.cpp, line 585]
Event: 3.741 Thread 0x00007f6e50018000 Exception <a 'java/lang/ArrayIndexOutOfBoundsException'{0x00007f5e42011e50}> (0x00007f5e42011e50) 
thrown [src/hotspot/share/runtime/sharedRuntime.cpp, line 585]
Event: 3.742 Thread 0x00007f6e50018000 Exception <a 'java/lang/ArrayIndexOutOfBoundsException'{0x00007f5e42130078}> (0x00007f5e42130078) 
thrown [src/hotspot/share/runtime/sharedRuntime.cpp, line 585]
Event: 3.773 Thread 0x00007f6e50018000 Exception <a 'java/lang/ArrayIndexOutOfBoundsException'{0x00007f5e428953a0}> (0x00007f5e428953a0) 
thrown [src/hotspot/share/runtime/sharedRuntime.cpp, line 585]
Event: 3.813 Thread 0x00007f6e50018000 Exception <a 'java/lang/NoSuchMethodError'{0x00007f5e42d470e0}: 'void java.lang.invoke.DirectMethodHandle$Holder.invokeStatic(java.lang.Object, java.lang.Object, int)'> (0x00007f5e42d470e0) 
thrown [src/hotspot/share/interpreter/linkResolver.cpp, line 766]
Event: 3.933 Thread 0x00007f6e50018000 Exception <a 'java/lang/NoSuchMethodError'{0x00007f5e44e2d738}: 'java.lang.Object java.lang.invoke.DirectMethodHandle$Holder.invokeStatic(java.lang.Object, java.lang.Object, java.lang.Object, java.lang.Object, java.lang.Object, java.lang.Object, java.lang.Object, java.lang.Object, java.lang.Object, java.lang.Object, java.lang.Object, java.lang.Object, java.lang.Object, java.lang.Object, java.lang.Object)'> (0x00007f5e44e2d738) 
thrown [src/hotspot/share/interpreter/linkResolver.cpp, line 766]
Event: 3.934 Thread 0x00007f6e50018000 Exception <a 'java/lang/NoSuchMethodError'{0x00007f5e44e3e338}: 'java.lang.Object java.lang.invoke.DirectMethodHandle$Holder.invokeStatic(java.lang.Object, java.lang.Object, java.lang.Object, java.lang.Object, java.lang.Object, java.lang.Object, java.lang.Object, java.lang.Object, java.lang.Object, java.lang.Object, java.lang.Object, java.lang.Object, java.lang.Object, java.lang.Object, java.lang.Object, java.lang.Object)'> (0x00007f5e44e3e338) 
thrown [src/hotspot/share/interpreter/linkResolver.cpp, line 
Event: 3.935 Thread 0x00007f6e50018000 Exception <a 'java/lang/NoSuchMethodError'{0x00007f5e44e4f0f0}: 'java.lang.Object java.lang.invoke.DirectMethodHandle$Holder.invokeSpecial(java.lang.Object, java.lang.Object, long, java.lang.Object, int, java.lang.Object, int, int, int)'> (0x00007f5e44e4f0f0) 
thrown [src/hotspot/share/interpreter/linkResolver.cpp, line 766]
Event: 3.935 Thread 0x00007f6e50018000 Exception <a 'java/lang/NoSuchMethodError'{0x00007f5e44e532e8}: 'java.lang.Object java.lang.invoke.DelegatingMethodHandle$Holder.reinvoke_L(java.lang.Object, long, java.lang.Object, int, java.lang.Object, int, int, int)'> (0x00007f5e44e532e8) 
thrown [src/hotspot/share/interpreter/linkResolver.cpp, line 766]
Event: 3.944 Thread 0x00007f6e50018000 Exception <a 'java/lang/NoSuchMethodError'{0x00007f5e44e7e670}: 'java.lang.Object java.lang.invoke.DirectMethodHandle$Holder.invokeStatic(java.lang.Object, int, java.lang.Object, java.lang.Object)'> (0x00007f5e44e7e670) 
thrown [src/hotspot/share/interpreter/linkResolver.cpp, line 766]
Event: 3.944 Thread 0x00007f6e50018000 Exception <a 'java/lang/NoSuchMethodError'{0x00007f5e44e869b0}: 'java.lang.Object java.lang.invoke.DirectMethodHandle$Holder.invokeStatic(java.lang.Object, int, java.lang.Object)'> (0x00007f5e44e869b0) 
thrown [src/hotspot/share/interpreter/linkResolver.cpp, line 766]
Event: 4.745 Thread 0x00007f6e50018000 Exception <a 'java/lang/NoSuchMethodError'{0x00007f5e3d5f4190}: 'void java.lang.invoke.DirectMethodHandle$Holder.invokeInterface(java.lang.Object, java.lang.Object, int)'> (0x00007f5e3d5f4190) 
thrown [src/hotspot/share/interpreter/linkResolver.cpp, line 766]
Event: 4.745 Thread 0x00007f6e50018000 Exception <a 'java/lang/IncompatibleClassChangeError'{0x00007f5e3d5f7c58}: Found class java.lang.Object, but interface was expected> (0x00007f5e3d5f7c58) 
thrown [src/hotspot/share/interpreter/linkResolver.cpp, line 833]
Event: 6.261 Thread 0x00007f6e50018000 Implicit null exception at 0x00007f6e403a5b4b to 0x00007f6e403a74e4
Event: 6.651 Thread 0x00007f6e50018000 Implicit null exception at 0x00007f6e403bbe1c to 0x00007f6e403bdc60
Event: 18548.873 Thread 0x00007f6e50018000 Exception <a 'java/lang/NoSuchMethodError'{0x00007f5eba98d6b0}: 'java.lang.Object java.lang.invoke.DirectMethodHandle$Holder.invokeStatic(java.lang.Object, int, int, int, int)'> (0x00007f5eba98d6b0) 
thrown [src/hotspot/share/interpreter/linkResolver.cpp, line 766]
Event: 18548.877 Thread 0x00007f6e50018000 Implicit null exception at 0x00007f6e4048b92b to 0x00007f6e4048d810

Events (20 events):
Event: 22724.723 Executing VM operation: GenCollectForAllocation done
Event: 22726.296 Executing VM operation: GenCollectForAllocation
Event: 22726.303 Executing VM operation: GenCollectForAllocation done
Event: 22727.894 Executing VM operation: GenCollectForAllocation
Event: 22727.902 Executing VM operation: GenCollectForAllocation done
Event: 22729.490 Executing VM operation: GenCollectForAllocation
Event: 22729.497 Executing VM operation: GenCollectForAllocation done
Event: 22731.072 Executing VM operation: GenCollectForAllocation
Event: 22731.078 Executing VM operation: GenCollectForAllocation done
Event: 22732.648 Executing VM operation: GenCollectForAllocation
Event: 22732.655 Executing VM operation: GenCollectForAllocation done
Event: 22734.228 Executing VM operation: GenCollectForAllocation
Event: 22734.238 Executing VM operation: GenCollectForAllocation done
Event: 22735.810 Executing VM operation: GenCollectForAllocation
Event: 22735.817 Executing VM operation: GenCollectForAllocation done
Event: 22737.389 Executing VM operation: GenCollectForAllocation
Event: 22737.397 Executing VM operation: GenCollectForAllocation done
Event: 22739.001 Executing VM operation: GenCollectForAllocation
Event: 22739.008 Executing VM operation: GenCollectForAllocation done
Event: 22740.651 Executing VM operation: GenCollectForAllocation


Dynamic libraries:
55ba11963000-55ba11964000 r--p 00000000 07:0e 4860                       /usr/lib/jvm/java-13-openjdk-amd64/bin/java
55ba11964000-55ba11965000 r-xp 00001000 07:0e 4860                       /usr/lib/jvm/java-13-openjdk-amd64/bin/java
55ba11965000-55ba11966000 r--p 00002000 07:0e 4860                       /usr/lib/jvm/java-13-openjdk-amd64/bin/java
55ba11966000-55ba11967000 r--p 00002000 07:0e 4860                       /usr/lib/jvm/java-13-openjdk-amd64/bin/java
55ba11967000-55ba11968000 rw-p 00003000 07:0e 4860                       /usr/lib/jvm/java-13-openjdk-amd64/bin/java
55ba1218b000-55ba121ac000 rw-p 00000000 00:00 0                          [heap]
7f5dfc000000-7f5dfc021000 rw-p 00000000 00:00 0 
7f5dfc021000-7f5e00000000 ---p 00000000 00:00 0 
7f5e04000000-7f5e04021000 rw-p 00000000 00:00 0 
7f5e04021000-7f5e08000000 ---p 00000000 00:00 0 
7f5e08000000-7f5e08021000 rw-p 00000000 00:00 0 
7f5e08021000-7f5e0c000000 ---p 00000000 00:00 0 
7f5e0c000000-7f5e0dce4000 rw-p 00000000 00:00 0 
7f5e0dce4000-7f5e10000000 ---p 00000000 00:00 0 
7f5e10000000-7f5e10842000 rw-p 00000000 00:00 0 
7f5e10842000-7f5e14000000 ---p 00000000 00:00 0 
7f5e14000000-7f5e14021000 rw-p 00000000 00:00 0 
7f5e14021000-7f5e18000000 ---p 00000000 00:00 0 
7f5e18000000-7f5e18021000 rw-p 00000000 00:00 0 
7f5e18021000-7f5e1c000000 ---p 00000000 00:00 0 
7f5e1c000000-7f5e1c021000 rw-p 00000000 00:00 0 
7f5e1c021000-7f5e20000000 ---p 00000000 00:00 0 
7f5e20000000-7f5e20021000 rw-p 00000000 00:00 0 
7f5e20021000-7f5e24000000 ---p 00000000 00:00 0 
7f5e24000000-7f5e240ab000 rw-p 00000000 00:00 0 
7f5e240ab000-7f5e28000000 ---p 00000000 00:00 0 
7f5e29104000-7f5e29204000 rw-p 00000000 00:00 0 
7f5e29204000-7f5e29304000 ---p 00000000 00:00 0 
7f5e29304000-7f5e29504000 rw-p 00000000 00:00 0 
7f5e29504000-7f5e29704000 rw-p 00000000 00:00 0 
7f5e29704000-7f5e29904000 rw-p 00000000 00:00 0 
7f5e29904000-7f5e29b04000 rw-p 00000000 00:00 0 
7f5e29b04000-7f5e29ea4000 rw-p 00000000 00:00 0 
7f5e29ea4000-7f5e2a0a4000 rw-p 00000000 00:00 0 
7f5e2a0a4000-7f5e2a2a4000 rw-p 00000000 00:00 0 
7f5e2a2a4000-7f5e2a4a4000 rw-p 00000000 00:00 0 
7f5e2a4a4000-7f5e2a4a5000 ---p 00000000 00:00 0 
7f5e2a4a5000-7f5e2a5a6000 rw-p 00000000 00:00 0 
7f5e2a5a6000-7f5e2a5aa000 ---p 00000000 00:00 0 
7f5e2a5aa000-7f5e2a6a7000 rw-p 00000000 00:00 0 
7f5e2a6a7000-7f5e2a6ab000 ---p 00000000 00:00 0 
7f5e2a6ab000-7f5e2a7a8000 rw-p 00000000 00:00 0 
7f5e2a7a8000-7f5e2a7ac000 ---p 00000000 00:00 0 
7f5e2a7ac000-7f5e2bce9000 rw-p 00000000 00:00 0 
7f5e2bce9000-7f5e305ff000 ---p 00000000 00:00 0 
7f5e305ff000-7f5e30c1f000 rw-p 00000000 00:00 0 
7f5e30c1f000-7f5e330a9000 ---p 00000000 00:00 0 
7f5e330a9000-7f5e33cea000 rw-p 00000000 00:00 0 
7f5e33cea000-7f5e385ff000 ---p 00000000 00:00 0 
7f5e385ff000-7f5efc5e0000 rw-p 00000000 00:00 0 
7f5efc5e0000-7f638db50000 ---p 00000000 00:00 0 
7f638db50000-7f6515b4f000 rw-p 00000000 00:00 0 
7f661b0a4000-7f6e38600000 ---p 00000000 00:00 0 
7f6e38658000-7f6e38689000 rw-p 00000000 00:00 0 
7f6e38689000-7f6e3868d000 ---p 00000000 00:00 0 
7f6e3868d000-7f6e3878a000 rw-p 00000000 00:00 0 
7f6e3878a000-7f6e389fa000 rwxp 00000000 00:00 0 
7f6e389fa000-7f6e38d19000 ---p 00000000 00:00 0 
7f6e38d19000-7f6e394f9000 rwxp 00000000 00:00 0 
7f6e394f9000-7f6e40251000 ---p 00000000 00:00 0 
7f6e40251000-7f6e40531000 rwxp 00000000 00:00 0 
7f6e40531000-7f6e4778a000 ---p 00000000 00:00 0 
7f6e4778a000-7f6e50000000 r--s 00000000 07:0e 5215                       /usr/lib/jvm/java-13-openjdk-amd64/lib/modules
7f6e50000000-7f6e506b0000 rw-p 00000000 00:00 0 
7f6e506b0000-7f6e54000000 ---p 00000000 00:00 0 
7f6e5400c000-7f6e54010000 r--p 00000000 07:0e 5204                       /usr/lib/jvm/java-13-openjdk-amd64/lib/libnet.so
7f6e54010000-7f6e5401e000 r-xp 00004000 07:0e 5204                       /usr/lib/jvm/java-13-openjdk-amd64/lib/libnet.so
7f6e5401e000-7f6e54022000 r--p 00012000 07:0e 5204                       /usr/lib/jvm/java-13-openjdk-amd64/lib/libnet.so
7f6e54022000-7f6e54023000 r--p 00015000 07:0e 5204                       /usr/lib/jvm/java-13-openjdk-amd64/lib/libnet.so
7f6e54023000-7f6e54024000 rw-p 00016000 07:0e 5204                       /usr/lib/jvm/java-13-openjdk-amd64/lib/libnet.so
7f6e54024000-7f6e5402b000 r--p 00000000 07:0e 5205                       /usr/lib/jvm/java-13-openjdk-amd64/lib/libnio.so
7f6e5402b000-7f6e54034000 r-xp 00007000 07:0e 5205                       /usr/lib/jvm/java-13-openjdk-amd64/lib/libnio.so
7f6e54034000-7f6e54038000 r--p 00010000 07:0e 5205                       /usr/lib/jvm/java-13-openjdk-amd64/lib/libnio.so
7f6e54038000-7f6e54039000 r--p 00013000 07:0e 5205                       /usr/lib/jvm/java-13-openjdk-amd64/lib/libnio.so
7f6e54039000-7f6e5403a000 rw-p 00014000 07:0e 5205                       /usr/lib/jvm/java-13-openjdk-amd64/lib/libnio.so
7f6e5403a000-7f6e5403e000 ---p 00000000 00:00 0 
7f6e5403e000-7f6e5413b000 rw-p 00000000 00:00 0 
7f6e5413b000-7f6e5413f000 ---p 00000000 00:00 0 
7f6e5413f000-7f6e5423c000 rw-p 00000000 00:00 0 
7f6e5423c000-7f6e54243000 r--s 00000000 07:0e 8532                       /usr/lib/x86_64-linux-gnu/gconv/gconv-modules.cache
7f6e54243000-7f6e54275000 r--p 00000000 07:0e 5276                       /usr/lib/locale/C.UTF-8/LC_CTYPE
7f6e54275000-7f6e54279000 ---p 00000000 00:00 0 
7f6e54279000-7f6e54376000 rw-p 00000000 00:00 0 
7f6e54376000-7f6e5437a000 ---p 00000000 00:00 0 
7f6e5437a000-7f6e54477000 rw-p 00000000 00:00 0 
7f6e54477000-7f6e54478000 ---p 00000000 00:00 0 
7f6e54478000-7f6e5469c000 rw-p 00000000 00:00 0 
7f6e5469c000-7f6e54781000 ---p 00000000 00:00 0 
7f6e54781000-7f6e54791000 rw-p 00000000 00:00 0 
7f6e54791000-7f6e5486c000 ---p 00000000 00:00 0 
7f6e5486c000-7f6e54871000 rw-p 00000000 00:00 0 
7f6e54871000-7f6e54878000 ---p 00000000 00:00 0 
7f6e54878000-7f6e5487a000 r--p 00000000 07:0e 5214                       /usr/lib/jvm/java-13-openjdk-amd64/lib/libzip.so
7f6e5487a000-7f6e5487e000 r-xp 00002000 07:0e 5214                       /usr/lib/jvm/java-13-openjdk-amd64/lib/libzip.so
7f6e5487e000-7f6e54880000 r--p 00006000 07:0e 5214                       /usr/lib/jvm/java-13-openjdk-amd64/lib/libzip.so
7f6e54880000-7f6e54881000 r--p 00007000 07:0e 5214                       /usr/lib/jvm/java-13-openjdk-amd64/lib/libzip.so
7f6e54881000-7f6e54882000 rw-p 00008000 07:0e 5214                       /usr/lib/jvm/java-13-openjdk-amd64/lib/libzip.so
7f6e54882000-7f6e5488a000 rw-s 00000000 08:03 34424209                   /tmp/hsperfdata_rcabanas/64592
7f6e5488a000-7f6e5488d000 r--p 00000000 07:0e 9108                       /usr/lib/x86_64-linux-gnu/libnss_files-2.31.so
7f6e5488d000-7f6e54894000 r-xp 00003000 07:0e 9108                       /usr/lib/x86_64-linux-gnu/libnss_files-2.31.so
7f6e54894000-7f6e54896000 r--p 0000a000 07:0e 9108                       /usr/lib/x86_64-linux-gnu/libnss_files-2.31.so
7f6e54896000-7f6e54897000 r--p 0000b000 07:0e 9108                       /usr/lib/x86_64-linux-gnu/libnss_files-2.31.so
7f6e54897000-7f6e54898000 rw-p 0000c000 07:0e 9108                       /usr/lib/x86_64-linux-gnu/libnss_files-2.31.so
7f6e54898000-7f6e5489e000 rw-p 00000000 00:00 0 
7f6e548a4000-7f6e548a6000 r--p 00000000 07:0e 5195                       /usr/lib/jvm/java-13-openjdk-amd64/lib/libjimage.so
7f6e548a6000-7f6e548a9000 r-xp 00002000 07:0e 5195                       /usr/lib/jvm/java-13-openjdk-amd64/lib/libjimage.so
7f6e548a9000-7f6e548aa000 r--p 00005000 07:0e 5195                       /usr/lib/jvm/java-13-openjdk-amd64/lib/libjimage.so
7f6e548aa000-7f6e548ab000 ---p 00006000 07:0e 5195                       /usr/lib/jvm/java-13-openjdk-amd64/lib/libjimage.so
7f6e548ab000-7f6e548ac000 r--p 00006000 07:0e 5195                       /usr/lib/jvm/java-13-openjdk-amd64/lib/libjimage.so
7f6e548ac000-7f6e548ad000 rw-p 00007000 07:0e 5195                       /usr/lib/jvm/java-13-openjdk-amd64/lib/libjimage.so
7f6e548ad000-7f6e548ba000 r--p 00000000 07:0e 5191                       /usr/lib/jvm/java-13-openjdk-amd64/lib/libjava.so
7f6e548ba000-7f6e548cf000 r-xp 0000d000 07:0e 5191                       /usr/lib/jvm/java-13-openjdk-amd64/lib/libjava.so
7f6e548cf000-7f6e548d5000 r--p 00022000 07:0e 5191                       /usr/lib/jvm/java-13-openjdk-amd64/lib/libjava.so
7f6e548d5000-7f6e548d6000 ---p 00028000 07:0e 5191                       /usr/lib/jvm/java-13-openjdk-amd64/lib/libjava.so
7f6e548d6000-7f6e548d7000 r--p 00028000 07:0e 5191                       /usr/lib/jvm/java-13-openjdk-amd64/lib/libjava.so
7f6e548d7000-7f6e548d9000 rw-p 00029000 07:0e 5191                       /usr/lib/jvm/java-13-openjdk-amd64/lib/libjava.so
7f6e548d9000-7f6e548de000 r--p 00000000 07:0e 5213                       /usr/lib/jvm/java-13-openjdk-amd64/lib/libverify.so
7f6e548de000-7f6e548e5000 r-xp 00005000 07:0e 5213                       /usr/lib/jvm/java-13-openjdk-amd64/lib/libverify.so
7f6e548e5000-7f6e548e7000 r--p 0000c000 07:0e 5213                       /usr/lib/jvm/java-13-openjdk-amd64/lib/libverify.so
7f6e548e7000-7f6e548e8000 ---p 0000e000 07:0e 5213                       /usr/lib/jvm/java-13-openjdk-amd64/lib/libverify.so
7f6e548e8000-7f6e548ea000 r--p 0000e000 07:0e 5213                       /usr/lib/jvm/java-13-openjdk-amd64/lib/libverify.so
7f6e548ea000-7f6e548eb000 rw-p 00010000 07:0e 5213                       /usr/lib/jvm/java-13-openjdk-amd64/lib/libverify.so
7f6e548eb000-7f6e548ef000 ---p 00000000 00:00 0 
7f6e548ef000-7f6e549ec000 rw-p 00000000 00:00 0 
7f6e549ec000-7f6e549ef000 r--p 00000000 07:0e 8948                       /usr/lib/x86_64-linux-gnu/libgcc_s.so.1
7f6e549ef000-7f6e54a01000 r-xp 00003000 07:0e 8948                       /usr/lib/x86_64-linux-gnu/libgcc_s.so.1
7f6e54a01000-7f6e54a05000 r--p 00015000 07:0e 8948                       /usr/lib/x86_64-linux-gnu/libgcc_s.so.1
7f6e54a05000-7f6e54a06000 r--p 00018000 07:0e 8948                       /usr/lib/x86_64-linux-gnu/libgcc_s.so.1
7f6e54a06000-7f6e54a07000 rw-p 00019000 07:0e 8948                       /usr/lib/x86_64-linux-gnu/libgcc_s.so.1
7f6e54a07000-7f6e54a14000 r--p 00000000 07:0e 9062                       /usr/lib/x86_64-linux-gnu/libm-2.31.so
7f6e54a14000-7f6e54abb000 r-xp 0000d000 07:0e 9062                       /usr/lib/x86_64-linux-gnu/libm-2.31.so
7f6e54abb000-7f6e54b54000 r--p 000b4000 07:0e 9062                       /usr/lib/x86_64-linux-gnu/libm-2.31.so
7f6e54b54000-7f6e54b55000 r--p 0014c000 07:0e 9062                       /usr/lib/x86_64-linux-gnu/libm-2.31.so
7f6e54b55000-7f6e54b56000 rw-p 0014d000 07:0e 9062                       /usr/lib/x86_64-linux-gnu/libm-2.31.so
7f6e54b56000-7f6e54bec000 r--p 00000000 07:0e 9213                       /usr/lib/x86_64-linux-gnu/libstdc++.so.6.0.28
7f6e54bec000-7f6e54cdd000 r-xp 00096000 07:0e 9213                       /usr/lib/x86_64-linux-gnu/libstdc++.so.6.0.28
7f6e54cdd000-7f6e54d26000 r--p 00187000 07:0e 9213                       /usr/lib/x86_64-linux-gnu/libstdc++.so.6.0.28
7f6e54d26000-7f6e54d27000 ---p 001d0000 07:0e 9213                       /usr/lib/x86_64-linux-gnu/libstdc++.so.6.0.28
7f6e54d27000-7f6e54d32000 r--p 001d0000 07:0e 9213                       /usr/lib/x86_64-linux-gnu/libstdc++.so.6.0.28
7f6e54d32000-7f6e54d35000 rw-p 001db000 07:0e 9213                       /usr/lib/x86_64-linux-gnu/libstdc++.so.6.0.28
7f6e54d35000-7f6e54d38000 rw-p 00000000 00:00 0 
7f6e54d38000-7f6e54fbe000 r--p 00000000 07:0e 5226                       /usr/lib/jvm/java-13-openjdk-amd64/lib/server/libjvm.so
7f6e54fbe000-7f6e55d3b000 r-xp 00286000 07:0e 5226                       /usr/lib/jvm/java-13-openjdk-amd64/lib/server/libjvm.so
7f6e55d3b000-7f6e55fb6000 r--p 01003000 07:0e 5226                       /usr/lib/jvm/java-13-openjdk-amd64/lib/server/libjvm.so
7f6e55fb6000-7f6e5607b000 r--p 0127d000 07:0e 5226                       /usr/lib/jvm/java-13-openjdk-amd64/lib/server/libjvm.so
7f6e5607b000-7f6e560b6000 rw-p 01342000 07:0e 5226                       /usr/lib/jvm/java-13-openjdk-amd64/lib/server/libjvm.so
7f6e560b6000-7f6e5613c000 rw-p 00000000 00:00 0 
7f6e5613c000-7f6e56142000 r--p 00000000 07:0e 9166                       /usr/lib/x86_64-linux-gnu/libpthread-2.31.so
7f6e56142000-7f6e56153000 r-xp 00006000 07:0e 9166                       /usr/lib/x86_64-linux-gnu/libpthread-2.31.so
7f6e56153000-7f6e56159000 r--p 00017000 07:0e 9166                       /usr/lib/x86_64-linux-gnu/libpthread-2.31.so
7f6e56159000-7f6e5615a000 r--p 0001c000 07:0e 9166                       /usr/lib/x86_64-linux-gnu/libpthread-2.31.so
7f6e5615a000-7f6e5615b000 rw-p 0001d000 07:0e 9166                       /usr/lib/x86_64-linux-gnu/libpthread-2.31.so
7f6e5615b000-7f6e5615f000 rw-p 00000000 00:00 0 
7f6e5615f000-7f6e56160000 r--p 00000000 07:0e 8893                       /usr/lib/x86_64-linux-gnu/libdl-2.31.so
7f6e56160000-7f6e56162000 r-xp 00001000 07:0e 8893                       /usr/lib/x86_64-linux-gnu/libdl-2.31.so
7f6e56162000-7f6e56163000 r--p 00003000 07:0e 8893                       /usr/lib/x86_64-linux-gnu/libdl-2.31.so
7f6e56163000-7f6e56164000 r--p 00003000 07:0e 8893                       /usr/lib/x86_64-linux-gnu/libdl-2.31.so
7f6e56164000-7f6e56165000 rw-p 00004000 07:0e 8893                       /usr/lib/x86_64-linux-gnu/libdl-2.31.so
7f6e56165000-7f6e56167000 r--p 00000000 07:0e 9290                       /usr/lib/x86_64-linux-gnu/libz.so.1.2.11
7f6e56167000-7f6e56178000 r-xp 00002000 07:0e 9290                       /usr/lib/x86_64-linux-gnu/libz.so.1.2.11
7f6e56178000-7f6e5617e000 r--p 00013000 07:0e 9290                       /usr/lib/x86_64-linux-gnu/libz.so.1.2.11
7f6e5617e000-7f6e5617f000 ---p 00019000 07:0e 9290                       /usr/lib/x86_64-linux-gnu/libz.so.1.2.11
7f6e5617f000-7f6e56180000 r--p 00019000 07:0e 9290                       /usr/lib/x86_64-linux-gnu/libz.so.1.2.11
7f6e56180000-7f6e56181000 rw-p 0001a000 07:0e 9290                       /usr/lib/x86_64-linux-gnu/libz.so.1.2.11
7f6e56181000-7f6e561a3000 r--p 00000000 07:0e 8851                       /usr/lib/x86_64-linux-gnu/libc-2.31.so
7f6e561a3000-7f6e5631b000 r-xp 00022000 07:0e 8851                       /usr/lib/x86_64-linux-gnu/libc-2.31.so
7f6e5631b000-7f6e56369000 r--p 0019a000 07:0e 8851                       /usr/lib/x86_64-linux-gnu/libc-2.31.so
7f6e56369000-7f6e5636d000 r--p 001e7000 07:0e 8851                       /usr/lib/x86_64-linux-gnu/libc-2.31.so
7f6e5636d000-7f6e5636f000 rw-p 001eb000 07:0e 8851                       /usr/lib/x86_64-linux-gnu/libc-2.31.so
7f6e5636f000-7f6e56373000 rw-p 00000000 00:00 0 
7f6e56375000-7f6e56377000 r--s 0000c000 07:0e 20930                      /usr/share/java/java-atk-wrapper.jar
7f6e56377000-7f6e56378000 ---p 00000000 00:00 0 
7f6e56378000-7f6e56379000 r--p 00000000 00:00 0 
7f6e56379000-7f6e5637c000 r--p 00000000 07:0e 5196                       /usr/lib/jvm/java-13-openjdk-amd64/lib/libjli.so
7f6e5637c000-7f6e56386000 r-xp 00003000 07:0e 5196                       /usr/lib/jvm/java-13-openjdk-amd64/lib/libjli.so
7f6e56386000-7f6e56389000 r--p 0000d000 07:0e 5196                       /usr/lib/jvm/java-13-openjdk-amd64/lib/libjli.so
7f6e56389000-7f6e5638a000 r--p 0000f000 07:0e 5196                       /usr/lib/jvm/java-13-openjdk-amd64/lib/libjli.so
7f6e5638a000-7f6e5638b000 rw-p 00010000 07:0e 5196                       /usr/lib/jvm/java-13-openjdk-amd64/lib/libjli.so
7f6e5638b000-7f6e5638d000 rw-p 00000000 00:00 0 
7f6e5638d000-7f6e5638e000 r--p 00000000 07:0e 8572                       /usr/lib/x86_64-linux-gnu/ld-2.31.so
7f6e5638e000-7f6e563b1000 r-xp 00001000 07:0e 8572                       /usr/lib/x86_64-linux-gnu/ld-2.31.so
7f6e563b1000-7f6e563b9000 r--p 00024000 07:0e 8572                       /usr/lib/x86_64-linux-gnu/ld-2.31.so
7f6e563b9000-7f6e563ba000 ---p 00000000 00:00 0 
7f6e563ba000-7f6e563bb000 r--p 0002c000 07:0e 8572                       /usr/lib/x86_64-linux-gnu/ld-2.31.so
7f6e563bb000-7f6e563bc000 rw-p 0002d000 07:0e 8572                       /usr/lib/x86_64-linux-gnu/ld-2.31.so
7f6e563bc000-7f6e563bd000 rw-p 00000000 00:00 0 
7fff87598000-7fff875b9000 rw-p 00000000 00:00 0                          [stack]
7fff875e2000-7fff875e4000 r-xp 00000000 00:00 0                          [vdso]
ffffffffff600000-ffffffffff601000 r-xp 00000000 00:00 0                  [vsyscall]


VM Arguments:
jvm_args: -Xmx64g --add-modules=ALL-DEFAULT 
java_command: jdk.compiler/com.sun.tools.javac.launcher.Main /mnt/beegfs/rcabanas/dev/credici/papers/JoCI/code/LearnMultiStudy.java -w -x 300 -m 500 -sc KL -th 0.0 --seed 0 --output /mnt/beegfs/rcabanas/dev/credici/papers/JoCI/output/synthetic/s1 -nh 3 /mnt/beegfs/rcabanas/dev/credici/papers/JoCI/models/synthetic/s1/random_mc2_n7_mid3_d1000_05_mr098_r10_25.uai
java_class_path (initial): /mnt/beegfs/rcabanas/dev/credici/target/credici-0.1.5-dev-SNAPSHOT-jar-with-dependencies.jar
Launcher Type: SUN_STANDARD

[Global flags]
     intx CICompilerCount                          = 2                                         {product} {ergonomic}
   size_t InitialHeapSize                          = 2147483648                                {product} {ergonomic}
   size_t MaxHeapSize                              = 68719476736                               {product} {command line}
   size_t MaxNewSize                               = 22906470400                               {product} {ergonomic}
   size_t MinHeapDeltaBytes                        = 196608                                    {product} {ergonomic}
   size_t MinHeapSize                              = 8388608                                   {product} {ergonomic}
   size_t NewSize                                  = 715784192                                 {product} {ergonomic}
    uintx NonNMethodCodeHeapSize                   = 5826188                                {pd product} {ergonomic}
    uintx NonProfiledCodeHeapSize                  = 122916026                              {pd product} {ergonomic}
   size_t OldSize                                  = 1431699456                                {product} {ergonomic}
    uintx ProfiledCodeHeapSize                     = 122916026                              {pd product} {ergonomic}
    uintx ReservedCodeCacheSize                    = 251658240                              {pd product} {ergonomic}
     bool SegmentedCodeCache                       = true                                      {product} {ergonomic}
   size_t SoftMaxHeapSize                          = 68719476736                            {manageable} {ergonomic}
     bool UseSerialGC                              = true                                      {product} {ergonomic}

Logging:
Log output configuration:
 #0: stdout all=warning uptime,level,tags
 #1: stderr all=off uptime,level,tags

Environment Variables:
PATH=/usr/local/sbin:/usr/local/bin:/usr/sbin:/usr/bin:/sbin:/bin
LD_LIBRARY_PATH=/.singularity.d/libs

Signal Handlers:
SIGSEGV: [libjvm.so+0xf8fcf0], sa_mask[0]=11111111011111111101111111111110, sa_flags=SA_RESTART|SA_SIGINFO
SIGBUS: [libjvm.so+0xf8fcf0], sa_mask[0]=11111111011111111101111111111110, sa_flags=SA_RESTART|SA_SIGINFO
SIGFPE: [libjvm.so+0xf8fcf0], sa_mask[0]=11111111011111111101111111111110, sa_flags=SA_RESTART|SA_SIGINFO
SIGPIPE: [libjvm.so+0xc3ffa0], sa_mask[0]=11111111011111111101111111111110, sa_flags=SA_RESTART|SA_SIGINFO
SIGXFSZ: [libjvm.so+0xc3ffa0], sa_mask[0]=11111111011111111101111111111110, sa_flags=SA_RESTART|SA_SIGINFO
SIGILL: [libjvm.so+0xf8fcf0], sa_mask[0]=11111111011111111101111111111110, sa_flags=SA_RESTART|SA_SIGINFO
SIGUSR2: [libjvm.so+0xc3fe40], sa_mask[0]=00000000000000000000000000000000, sa_flags=SA_RESTART|SA_SIGINFO
SIGHUP: [libjvm.so+0xc40580], sa_mask[0]=11111111011111111101111111111110, sa_flags=SA_RESTART|SA_SIGINFO
SIGINT: [libjvm.so+0xc40580], sa_mask[0]=11111111011111111101111111111110, sa_flags=SA_RESTART|SA_SIGINFO
SIGTERM: [libjvm.so+0xc40580], sa_mask[0]=11111111011111111101111111111110, sa_flags=SA_RESTART|SA_SIGINFO
SIGQUIT: [libjvm.so+0xc40580], sa_mask[0]=11111111011111111101111111111110, sa_flags=SA_RESTART|SA_SIGINFO


---------------  S Y S T E M  ---------------

OS:DISTRIB_ID=Ubuntu
DISTRIB_RELEASE=20.04
DISTRIB_CODENAME=focal
DISTRIB_DESCRIPTION="Ubuntu 20.04.4 LTS"
uname:Linux 3.10.0-1160.15.2.el7.x86_64 #1 SMP Wed Feb 3 15:06:38 UTC 2021 x86_64
OS uptime: 533 days 14:23 hours
libc:glibc 2.31 NPTL 2.31 
rlimit (soft/hard): STACK 8192k/infinity , CORE 0k/infinity , NPROC 4096/1030220 , NOFILE 131072/131072 , AS infinity/infinity , CPU infinity/infinity , DATA infinity/infinity , FSIZE infinity/infinity , MEMLOCK infinity/infinity
load average:64.33 64.58 64.80

/proc/meminfo:
MemTotal:       263895972 kB
MemFree:         3467676 kB
MemAvailable:    3734620 kB
Buffers:          255168 kB
Cached:          2353860 kB
SwapCached:       155668 kB
Active:         242214016 kB
Inactive:        8780960 kB
Active(anon):   241912560 kB
Inactive(anon):  8141208 kB
Active(file):     301456 kB
Inactive(file):   639752 kB
Unevictable:       24872 kB
Mlocked:           24872 kB
SwapTotal:       4194300 kB
SwapFree:            252 kB
Dirty:               824 kB
Writeback:             0 kB
AnonPages:      248257660 kB
Mapped:           215160 kB
Shmem:           1663644 kB
Slab:             774768 kB
SReclaimable:     192428 kB
SUnreclaim:       582340 kB
KernelStack:       46448 kB
PageTables:       577776 kB
NFS_Unstable:          0 kB
Bounce:                0 kB
WritebackTmp:          0 kB
CommitLimit:    136142284 kB
Committed_AS:   341206032 kB
VmallocTotal:   34359738367 kB
VmallocUsed:      861488 kB
VmallocChunk:   34222533880 kB
Percpu:            18176 kB
HardwareCorrupted:     0 kB
AnonHugePages:  118652928 kB
CmaTotal:              0 kB
CmaFree:               0 kB
HugePages_Total:       0
HugePages_Free:        0
HugePages_Rsvd:        0
HugePages_Surp:        0
Hugepagesize:       2048 kB
DirectMap4k:      587976 kB
DirectMap2M:    24440832 kB
DirectMap1G:    243269632 kB

/sys/kernel/mm/transparent_hugepage/enabled:
[always] madvise never

/sys/kernel/mm/transparent_hugepage/defrag (defrag/compaction efforts parameter):
[always] madvise never


/proc/sys/kernel/threads-max (system-wide limit on the number of threads):
2060440


/proc/sys/vm/max_map_count (maximum number of memory map areas a process may have):
65530


/proc/sys/kernel/pid_max (system-wide limit on number of process identifiers):
65536



Steal ticks since vm start: 0
Steal ticks percentage since vm start:  0.000

CPU:total 64 (initial active 1) (32 cores per cpu, 1 threads per core) family 23 model 49 stepping 0, cmov, cx8, fxsr, mmx, sse, sse2, sse3, ssse3, sse4.1, sse4.2, popcnt, avx, avx2, aes, clmul, mmxext, 3dnowpref, lzcnt, sse4a, tsc, tscinvbit, tscinv, bmi1, bmi2, adx, sha, fma
CPU Model and flags from /proc/cpuinfo:
model name	: AMD EPYC 7542 32-Core Processor
flags		: fpu vme de pse tsc msr pae mce cx8 apic sep mtrr pge mca cmov pat pse36 clflush mmx fxsr sse sse2 ht syscall nx mmxext fxsr_opt pdpe1gb rdtscp lm constant_tsc art rep_good nopl nonstop_tsc extd_apicid aperfmperf eagerfpu pni pclmulqdq monitor ssse3 fma cx16 sse4_1 sse4_2 movbe popcnt aes xsave avx f16c rdrand lahf_lm cmp_legacy svm extapic cr8_legacy abm sse4a misalignsse 3dnowprefetch osvw ibs skinit wdt tce topoext perfctr_core perfctr_nb bpext perfctr_l2 cpb cat_l3 cdp_l3 hw_pstate sme retpoline_amd ssbd ibrs ibpb stibp vmmcall fsgsbase bmi1 avx2 smep bmi2 cqm rdt_a rdseed adx smap clflushopt clwb sha_ni xsaveopt xsavec xgetbv1 cqm_llc cqm_occup_llc cqm_mbm_total cqm_mbm_local clzero irperf xsaveerptr arat npt lbrv svm_lock nrip_save tsc_scale vmcb_clean flushbyasid decodeassists pausefilter pfthreshold avic v_vmsave_vmload vgif umip overflow_recov succor smca
Online cpus:0-63
Offline cpus:
BIOS frequency limitation:2900000
Frequency switch latency (ns):0
Available cpu frequencies:2900000 2400000 1500000 
Current governor:conservative
Core performance/turbo boost:1

Memory: 4k page, physical 263895972k(3467676k free), swap 4194300k(256k free)

vm_info: OpenJDK 64-Bit Server VM (13.0.7+5-Ubuntu-0ubuntu120.04) for linux-amd64 JRE (13.0.7+5-Ubuntu-0ubuntu120.04), built on Apr 21 2021 05:36:19 by "unknown" with gcc 9.3.0

END.
