Note: /root/dev/credici/papers/neurips21/Experiments.java uses unchecked or unsafe operations.
Note: Recompile with -Xlint:unchecked for details.
Note: /root/dev/credici/papers/neurips21/Experiments.java uses unchecked or unsafe operations.
Note: Recompile with -Xlint:unchecked for details.
Note: /root/dev/credici/papers/neurips21/Experiments.java uses unchecked or unsafe operations.
Note: Recompile with -Xlint:unchecked for details.
Note: /root/dev/credici/papers/neurips21/Experiments.java uses unchecked or unsafe operations.
Note: Recompile with -Xlint:unchecked for details.
Note: /root/dev/credici/papers/neurips21/Experiments.java uses unchecked or unsafe operations.
Note: Recompile with -Xlint:unchecked for details.
Note: /root/dev/credici/papers/neurips21/Experiments.java uses unchecked or unsafe operations.
Note: Recompile with -Xlint:unchecked for details.
Note: /root/dev/credici/papers/neurips21/Experiments.java uses unchecked or unsafe operations.
Note: Recompile with -Xlint:unchecked for details.
Note: /root/dev/credici/papers/neurips21/Experiments.java uses unchecked or unsafe operations.
Note: Recompile with -Xlint:unchecked for details.
Note: /root/dev/credici/papers/neurips21/Experiments.java uses unchecked or unsafe operations.
Note: Recompile with -Xlint:unchecked for details.
Note: /root/dev/credici/papers/neurips21/Experiments.java uses unchecked or unsafe operations.
Note: Recompile with -Xlint:unchecked for details.
Note: /root/dev/credici/papers/neurips21/Experiments.java uses unchecked or unsafe operations.
Note: Recompile with -Xlint:unchecked for details.
Note: /root/dev/credici/papers/neurips21/Experiments.java uses unchecked or unsafe operations.
Note: Recompile with -Xlint:unchecked for details.
Note: /root/dev/credici/papers/neurips21/Experiments.java uses unchecked or unsafe operations.
Note: Recompile with -Xlint:unchecked for details.
0s1b
/root/dev/credici
/root/dev/credici/papers/neurips21
/root/dev/credici/papers/neurips21/output
/root/dev/credici/papers/neurips21/models
/root/dev/credici/target/credici-0.1.3-SNAPSHOT-jar-with-dependencies.jar
/root/dev/credici/papers/neurips21/output/210521_184137_log.txt
/root/dev/credici/papers/neurips21/output/210521_184137
61
0
0/61: s1b/chain_twExo1_nEndo15_15.uai
1/61: s1b/chain_twExo0_nEndo15_17.uai
2/61: s1b/chain_twExo0_nEndo15_18.uai
3/61: s1b/chain_twExo0_nEndo10_19.uai
4/61: s1b/chain_twExo1_nEndo15_17.uai
5/61: s1b/chain_twExo0_nEndo10_10.uai
6/61: s1b/chain_twExo1_nEndo5_15.uai
7/61: s1b/chain_twExo0_nEndo5_17.uai
8/61: s1b/chain_twExo1_nEndo15_18.uai
9/61: s1b/chain_twExo0_nEndo10_14.uai
10/61: s1b/chain_twExo1_nEndo15_16.uai
11/61: s1b/chain_twExo0_nEndo10_13.uai
12/61: s1b/chain_twExo1_nEndo15_19.uai
Traceback (most recent call last):
  File "./experiments.py", line 120, in <module>
    res_dicts.append(run(**kwargs))
  File "./experiments.py", line 85, in run
    exec(output[0])
  File "<string>", line 1, in <module>
NameError: name 'NaN' is not defined
